2024-10-11 00:24:55 开始第 9045 次操作

2024-10-11 00:24:55 开始操作号码 【1359044】
2024-10-11 00:24:56 GSD getOne 第 1 次 等待 3 秒
2024-10-11 00:25:00 GSD getOne 第 2 次 等待 3 秒
2024-10-11 00:25:03 查询号码 【1359044】，返回信息 {"status":"ok","msg":"广东-深圳","gid":"309094","time_insert":"2021-07-18 01:19"}
2024-10-11 00:25:03 查询号码 【1359044】，GSD为【"广东-深圳"】

2024-10-11 00:25:04 开始第 9046 次操作

2024-10-11 00:25:04 开始操作号码 【1359045】
2024-10-11 00:25:06 GSD getOne 第 1 次 等待 3 秒
2024-10-11 00:25:09 查询号码 【1359045】，返回信息 {"status":"ok","msg":"广东-深圳","gid":"309087","time_insert":"2021-07-18 01:19"}
2024-10-11 00:25:09 查询号码 【1359045】，GSD为【"广东-深圳"】

2024-10-11 00:25:10 开始第 9047 次操作

2024-10-11 00:25:10 开始操作号码 【1359046】
2024-10-11 00:25:13 GSD getOne 第 1 次 等待 3 秒
2024-10-11 00:25:16 查询号码 【1359046】，返回信息 {"status":"ok","msg":"广东-深圳","gid":"309076","time_insert":"2021-07-18 01:18"}
2024-10-11 00:25:16 查询号码 【1359046】，GSD为【"广东-深圳"】

2024-10-11 00:25:17 开始第 9048 次操作

2024-10-11 00:25:17 开始操作号码 【1359047】
2024-10-11 00:25:19 GSD getOne 第 1 次 等待 3 秒
2024-10-11 00:25:22 查询号码 【1359047】，返回信息 {"status":"ok","msg":"广东-深圳","gid":"7043","time_insert":"2017-05-02 16:18","time_update":"2020-09-26 20:40"}
2024-10-11 00:25:22 查询号码 【1359047】，GSD为【"广东-深圳"】

2024-10-11 00:43:10 开始第 9049 次操作

2024-10-11 00:43:10 开始操作号码 【1359048】
2024-10-11 00:43:12 GSD getOne 第 1 次 等待 3 秒
2024-10-11 00:43:15 查询号码 【1359048】，返回信息 {"status":"ok","msg":"广东-深圳","gid":"309066","time_insert":"2021-07-18 01:17"}
2024-10-11 00:43:15 查询号码 【1359048】，GSD为【"广东-深圳"】

2024-10-11 00:43:16 开始第 9050 次操作

2024-10-11 00:43:16 开始操作号码 【1359049】
2024-10-11 00:43:18 GSD getOne 第 1 次 等待 3 秒
2024-10-11 00:43:21 查询号码 【1359049】，返回信息 {"status":"ok","msg":"广东-深圳","gid":"309057","time_insert":"2021-07-18 01:17"}
2024-10-11 00:43:21 查询号码 【1359049】，GSD为【"广东-深圳"】

2024-10-11 00:43:22 开始第 9051 次操作

2024-10-11 00:43:22 开始操作号码 【1359050】
2024-10-11 00:43:25 GSD getOne 第 1 次 等待 3 秒
2024-10-11 00:43:28 查询号码 【1359050】，返回信息 {"status":"ok","msg":"广东-佛山","gid":"7044","time_insert":"2017-05-21 18:05","time_update":"2020-09-26 20:44"}
2024-10-11 00:43:28 查询号码 【1359050】，GSD为【"广东-佛山"】

2024-10-11 00:43:29 开始第 9052 次操作

2024-10-11 00:43:29 开始操作号码 【1359051】
2024-10-11 00:43:34 GSD getOne 第 1 次 等待 3 秒
2024-10-11 00:43:37 查询号码 【1359051】，返回信息 {"status":"ok","msg":"广东-佛山","gid":"309048","time_insert":"2021-07-18 01:16"}
2024-10-11 00:43:37 查询号码 【1359051】，GSD为【"广东-佛山"】

2024-10-11 01:18:10 开始第 9053 次操作

2024-10-11 01:18:10 开始操作号码 【1359052】
2024-10-11 01:18:13 GSD getOne 第 1 次 等待 3 秒
2024-10-11 01:18:16 查询号码 【1359052】，返回信息 {"status":"ok","msg":"广东-佛山","gid":"309040","time_insert":"2021-07-18 01:15"}
2024-10-11 01:18:16 查询号码 【1359052】，GSD为【"广东-佛山"】

2024-10-11 01:18:17 开始第 9054 次操作

2024-10-11 01:18:17 开始操作号码 【1359053】
2024-10-11 01:18:19 GSD getOne 第 1 次 等待 3 秒
2024-10-11 01:18:22 查询号码 【1359053】，返回信息 {"status":"ok","msg":"广东-佛山","gid":"7045","time_insert":"2018-05-08 10:03","time_update":"2020-09-26 20:49"}
2024-10-11 01:18:22 查询号码 【1359053】，GSD为【"广东-佛山"】

2024-10-11 01:18:23 开始第 9055 次操作

2024-10-11 01:18:23 开始操作号码 【1359054】
2024-10-11 01:18:25 GSD getOne 第 1 次 等待 3 秒
2024-10-11 01:18:28 查询号码 【1359054】，返回信息 {"status":"ok","msg":"广东-佛山","gid":"309029","time_insert":"2021-07-18 01:15"}
2024-10-11 01:18:29 查询号码 【1359054】，GSD为【"广东-佛山"】

2024-10-11 01:18:30 开始第 9056 次操作

2024-10-11 01:18:30 开始操作号码 【1359055】
2024-10-11 01:18:31 GSD getOne 第 1 次 等待 3 秒
2024-10-11 01:18:34 查询号码 【1359055】，返回信息 {"status":"ok","msg":"广东-佛山","gid":"309017","time_insert":"2021-07-18 01:14"}
2024-10-11 01:18:34 查询号码 【1359055】，GSD为【"广东-佛山"】

