2024-09-25 00:25:34 开始第 6313 次操作

2024-09-25 00:25:34 开始操作号码 【1356312】
2024-09-25 00:25:37 GSD getOne 第 1 次 等待 3 秒
2024-09-25 00:25:40 查询号码 【1356312】，返回信息 {"status":"ok","msg":"山东-威海","gid":"262618","time_insert":"2021-07-13 05:08"}
2024-09-25 00:25:41 查询号码 【1356312】，GSD为【"山东-威海"】

2024-09-25 00:25:42 开始第 6314 次操作

2024-09-25 00:25:42 开始操作号码 【1356313】
2024-09-25 00:25:45 GSD getOne 第 1 次 等待 3 秒
2024-09-25 00:25:48 查询号码 【1356313】，返回信息 {"status":"ok","msg":"山东-威海","gid":"262646","time_insert":"2021-07-13 05:22"}
2024-09-25 00:25:48 查询号码 【1356313】，GSD为【"山东-威海"】

2024-09-25 00:25:49 开始第 6315 次操作

2024-09-25 00:25:49 开始操作号码 【1356314】
2024-09-25 00:25:52 GSD getOne 第 1 次 等待 3 秒
2024-09-25 00:25:55 查询号码 【1356314】，返回信息 {"status":"ok","msg":"山东-威海","gid":"262685","time_insert":"2021-07-13 05:35"}
2024-09-25 00:25:55 查询号码 【1356314】，GSD为【"山东-威海"】

2024-09-25 00:25:56 开始第 6316 次操作

2024-09-25 00:25:56 开始操作号码 【1356315】
2024-09-25 00:25:58 GSD getOne 第 1 次 等待 3 秒
2024-09-25 00:26:01 查询号码 【1356315】，返回信息 {"status":"ok","msg":"山东-威海","gid":"262911","time_insert":"2021-07-13 05:46"}
2024-09-25 00:26:01 查询号码 【1356315】，GSD为【"山东-威海"】

2024-09-25 00:45:36 开始第 6317 次操作

2024-09-25 00:45:36 开始操作号码 【1356316】
2024-09-25 00:45:38 GSD getOne 第 1 次 等待 3 秒
2024-09-25 00:45:41 查询号码 【1356316】，返回信息 {"status":"ok","msg":"山东-威海","gid":"262975","time_insert":"2021-07-13 05:58"}
2024-09-25 00:45:41 查询号码 【1356316】，GSD为【"山东-威海"】

2024-09-25 00:45:42 开始第 6318 次操作

2024-09-25 00:45:42 开始操作号码 【1356317】
2024-09-25 00:45:44 GSD getOne 第 1 次 等待 3 秒
2024-09-25 00:45:47 查询号码 【1356317】，返回信息 {"status":"ok","msg":"山东-威海","gid":"263008","time_insert":"2021-07-13 06:13"}
2024-09-25 00:45:47 查询号码 【1356317】，GSD为【"山东-威海"】

2024-09-25 00:45:48 开始第 6319 次操作

2024-09-25 00:45:48 开始操作号码 【1356318】
2024-09-25 00:45:50 GSD getOne 第 1 次 等待 3 秒
2024-09-25 00:45:53 查询号码 【1356318】，返回信息 {"status":"ok","msg":"山东-威海","gid":"263034","time_insert":"2021-07-13 06:25"}
2024-09-25 00:45:53 查询号码 【1356318】，GSD为【"山东-威海"】

2024-09-25 00:45:54 开始第 6320 次操作

2024-09-25 00:45:54 开始操作号码 【1356319】
2024-09-25 00:45:55 GSD getOne 第 1 次 等待 3 秒
2024-09-25 00:45:58 查询号码 【1356319】，返回信息 {"status":"ok","msg":"山东-威海","gid":"263111","time_insert":"2021-07-13 06:38"}
2024-09-25 00:45:58 查询号码 【1356319】，GSD为【"山东-威海"】

