2024-01-31 00:20:47 开始第 1029 次操作

2024-01-31 00:20:47 开始操作号码 【1680941】
2024-01-31 00:20:52 GSD getOne 第 1 次 等待 3 秒
2024-01-31 00:20:55 查询号码 【1680941】，返回信息 {"status":"ok","msg":"-","gid":"532054","time_insert":"2023-02-15 08:37"}
2024-01-31 00:20:55 查询号码 【1680941】，GSD为【"-"】
2024-01-31 00:20:55 ok && -
2024-01-31 00:20:57 CHB 1680941?1706631655 第 1 次 等待 3 秒
2024-01-31 00:21:00 CHB 1680941?1706631655 第 1 次 获取到号码【1680941】GSD
2024-01-31 00:21:00 未获取到号码【1680941】GSD，可能号码格式错误
2024-01-31 00:21:00 获取到号码【1680941】的GSD为【-】
2024-01-31 00:21:05 GSD insert 第 1 次 等待 3 秒
2024-01-31 00:21:08 {"status":"bad","gid":"532054","msg":"添加失败！号码【1680941(-|-)】已存在！"}
2024-01-31 00:21:08 随机等待 130 秒，约 2 分钟
2024-01-31 00:21:08 下次操作: 2024-01-31 00:23:18

2024-01-31 00:23:18 开始第 1030 次操作

2024-01-31 00:23:18 开始操作号码 【1680942】
2024-01-31 00:23:22 GSD getOne 第 1 次 等待 3 秒
2024-01-31 00:23:25 查询号码 【1680942】，返回信息 {"status":"ok","msg":"-","gid":"532068","time_insert":"2023-02-15 08:48"}
2024-01-31 00:23:25 查询号码 【1680942】，GSD为【"-"】
2024-01-31 00:23:25 ok && -
2024-01-31 00:23:28 CHB 1680942?1706631805 第 1 次 等待 3 秒
2024-01-31 00:23:31 CHB 1680942?1706631805 第 1 次 获取到号码【1680942】GSD
2024-01-31 00:23:31 未获取到号码【1680942】GSD，可能号码格式错误
2024-01-31 00:23:31 获取到号码【1680942】的GSD为【-】
2024-01-31 00:23:37 GSD insert 第 1 次 等待 3 秒
2024-01-31 00:23:40 {"status":"bad","gid":"532068","msg":"添加失败！号码【1680942(-|-)】已存在！"}
2024-01-31 00:23:40 随机等待 183 秒，约 3 分钟
2024-01-31 00:23:40 下次操作: 2024-01-31 00:26:43

2024-01-31 00:26:43 开始第 1031 次操作

2024-01-31 00:26:43 开始操作号码 【1680943】
2024-01-31 00:26:47 GSD getOne 第 1 次 等待 3 秒
2024-01-31 00:26:50 查询号码 【1680943】，返回信息 {"status":"ok","msg":"-","gid":"532080","time_insert":"2023-02-15 08:58"}
2024-01-31 00:26:50 查询号码 【1680943】，GSD为【"-"】
2024-01-31 00:26:50 ok && -
2024-01-31 00:26:52 CHB 1680943?1706632010 第 1 次 等待 3 秒
2024-01-31 00:26:55 CHB 1680943?1706632010 第 1 次 获取到号码【1680943】GSD
2024-01-31 00:26:55 未获取到号码【1680943】GSD，可能号码格式错误
2024-01-31 00:26:55 获取到号码【1680943】的GSD为【-】
2024-01-31 00:26:59 GSD insert 第 1 次 等待 3 秒
2024-01-31 00:27:02 {"status":"bad","gid":"532080","msg":"添加失败！号码【1680943(-|-)】已存在！"}
2024-01-31 00:27:02 随机等待 162 秒，约 2 分钟
2024-01-31 00:27:02 下次操作: 2024-01-31 00:29:44

2024-01-31 00:29:44 开始第 1032 次操作

2024-01-31 00:29:44 开始操作号码 【1680944】
2024-01-31 00:29:48 GSD getOne 第 1 次 等待 3 秒
2024-01-31 00:29:51 查询号码 【1680944】，返回信息 {"status":"ok","msg":"-","gid":"532091","time_insert":"2023-02-15 09:07"}
2024-01-31 00:29:51 查询号码 【1680944】，GSD为【"-"】
2024-01-31 00:29:51 ok && -
2024-01-31 00:29:53 CHB 1680944?1706632191 第 1 次 等待 3 秒
2024-01-31 00:29:56 CHB 1680944?1706632191 第 1 次 获取到号码【1680944】GSD
2024-01-31 00:29:56 未获取到号码【1680944】GSD，可能号码格式错误
2024-01-31 00:29:56 获取到号码【1680944】的GSD为【-】
2024-01-31 00:30:00 GSD insert 第 1 次 等待 3 秒
2024-01-31 00:30:03 {"status":"bad","gid":"532091","msg":"添加失败！号码【1680944(-|-)】已存在！"}

