2021-07-24 00:00:29 开始第 23 次操作

2021-07-24 00:00:29 开始操作号码 【1579637】
2021-07-24 00:00:31 GSD getOne 第 1 次 等待 3 秒
2021-07-24 00:00:34 查询号码 【1579637】，返回信息 {"status":"bad","msg":""}
2021-07-24 00:00:34 查询号码 【1579637】，GSD为【""】
2021-07-24 00:00:34 bad
2021-07-24 00:00:36 CHB 1579637?1627056034 第 1 次 等待 3 秒
2021-07-24 00:00:39 CHB 1579637?1627056034 第 1 次 获取到号码【1579637】GSD
2021-07-24 00:00:39 未获取到号码【1579637】GSD，可能号码格式错误
2021-07-24 00:00:39 获取到号码【1579637】的GSD为【-】
2021-07-24 00:00:42 GSD insert 第 1 次 等待 3 秒
2021-07-24 00:00:45 {"status":"ok","gid":371208,"msg":"添加成功！"}
2021-07-24 00:00:45 下次操作: 2021-07-24 00:00:58

2021-07-24 00:00:58 开始第 24 次操作

2021-07-24 00:00:58 开始操作号码 【1579636】
2021-07-24 00:01:01 GSD getOne 第 1 次 等待 3 秒
2021-07-24 00:01:04 查询号码 【1579636】，返回信息 {"status":"bad","msg":""}
2021-07-24 00:01:04 查询号码 【1579636】，GSD为【""】
2021-07-24 00:01:04 bad
2021-07-24 00:01:06 CHB 1579636?1627056064 第 1 次 等待 3 秒
2021-07-24 00:01:09 CHB 1579636?1627056064 第 1 次 获取到号码【1579636】GSD
2021-07-24 00:01:09 未获取到号码【1579636】GSD，可能号码格式错误
2021-07-24 00:01:09 获取到号码【1579636】的GSD为【-】
2021-07-24 00:01:15 GSD insert 第 1 次 等待 3 秒
2021-07-24 00:01:18 {"status":"ok","gid":371216,"msg":"添加成功！"}
2021-07-24 00:01:18 下次操作: 2021-07-24 00:01:37

2021-07-24 00:01:37 开始第 25 次操作

2021-07-24 00:01:37 开始操作号码 【1579635】
2021-07-24 00:01:51 GSD getOne 第 1 次 等待 3 秒
2021-07-24 00:01:54 查询号码 【1579635】，返回信息 {"status":"bad","msg":""}
2021-07-24 00:01:54 查询号码 【1579635】，GSD为【""】
2021-07-24 00:01:54 bad
2021-07-24 00:01:56 CHB 1579635?1627056114 第 1 次 等待 3 秒
2021-07-24 00:01:59 CHB 1579635?1627056114 第 1 次 获取到号码【1579635】GSD
2021-07-24 00:01:59 未获取到号码【1579635】GSD，可能号码格式错误
2021-07-24 00:01:59 获取到号码【1579635】的GSD为【-】
2021-07-24 00:02:05 GSD insert 第 1 次 等待 3 秒
2021-07-24 00:02:08 {"status":"ok","gid":371225,"msg":"添加成功！"}
2021-07-24 00:02:08 下次操作: 2021-07-24 00:02:30

2021-07-24 00:02:30 开始第 26 次操作

2021-07-24 00:02:30 开始操作号码 【1579634】
2021-07-24 00:02:33 GSD getOne 第 1 次 等待 3 秒
2021-07-24 00:02:36 查询号码 【1579634】，返回信息 {"status":"bad","msg":""}
2021-07-24 00:02:36 查询号码 【1579634】，GSD为【""】
2021-07-24 00:02:36 bad
2021-07-24 00:02:38 CHB 1579634?1627056156 第 1 次 等待 3 秒
2021-07-24 00:02:41 CHB 1579634?1627056156 第 1 次 获取到号码【1579634】GSD
2021-07-24 00:02:41 未获取到号码【1579634】GSD，可能号码格式错误
2021-07-24 00:02:41 获取到号码【1579634】的GSD为【-】
2021-07-24 00:02:43 GSD insert 第 1 次 等待 3 秒
2021-07-24 00:02:46 {"status":"ok","gid":371235,"msg":"添加成功！"}
2021-07-24 00:02:46 下次操作: 2021-07-24 00:03:08

2021-07-24 00:03:08 开始第 27 次操作

2021-07-24 00:03:08 开始操作号码 【1579633】
2021-07-24 00:03:11 GSD getOne 第 1 次 等待 3 秒
2021-07-24 00:03:14 查询号码 【1579633】，返回信息 {"status":"bad","msg":""}
2021-07-24 00:03:14 查询号码 【1579633】，GSD为【""】
2021-07-24 00:03:14 bad
2021-07-24 00:03:16 CHB 1579633?1627056194 第 1 次 等待 3 秒
2021-07-24 00:03:19 CHB 1579633?1627056194 第 1 次 获取到号码【1579633】GSD
2021-07-24 00:03:19 未获取到号码【1579633】GSD，可能号码格式错误
2021-07-24 00:03:19 获取到号码【1579633】的GSD为【-】
2021-07-24 00:03:22 GSD insert 第 1 次 等待 3 秒
2021-07-24 00:03:25 {"status":"ok","gid":371243,"msg":"添加成功！"}
2021-07-24 00:03:25 下次操作: 2021-07-24 00:03:39

2021-07-24 00:03:39 开始第 28 次操作

2021-07-24 00:03:39 开始操作号码 【1579632】
2021-07-24 00:03:42 GSD getOne 第 1 次 等待 3 秒
2021-07-24 00:03:45 查询号码 【1579632】，返回信息 {"status":"bad","msg":""}
2021-07-24 00:03:45 查询号码 【1579632】，GSD为【""】
2021-07-24 00:03:45 bad
2021-07-24 00:03:46 CHB 1579632?1627056225 第 1 次 等待 3 秒
2021-07-24 00:03:49 CHB 1579632?1627056225 第 1 次 获取到号码【1579632】GSD
2021-07-24 00:03:49 未获取到号码【1579632】GSD，可能号码格式错误
2021-07-24 00:03:49 获取到号码【1579632】的GSD为【-】
2021-07-24 00:03:53 GSD insert 第 1 次 等待 3 秒
2021-07-24 00:03:56 {"status":"ok","gid":371252,"msg":"添加成功！"}
2021-07-24 00:03:56 下次操作: 2021-07-24 00:04:16

2021-07-24 00:04:16 开始第 29 次操作

2021-07-24 00:04:16 开始操作号码 【1579631】
2021-07-24 00:04:23 GSD getOne 第 1 次 等待 3 秒
2021-07-24 00:04:26 查询号码 【1579631】，返回信息 {"status":"bad","msg":""}
2021-07-24 00:04:26 查询号码 【1579631】，GSD为【""】
2021-07-24 00:04:26 bad
2021-07-24 00:04:27 CHB 1579631?1627056266 第 1 次 等待 3 秒
2021-07-24 00:04:30 CHB 1579631?1627056266 第 1 次 获取到号码【1579631】GSD
2021-07-24 00:04:30 未获取到号码【1579631】GSD，可能号码格式错误
2021-07-24 00:04:30 获取到号码【1579631】的GSD为【-】
2021-07-24 00:04:37 GSD insert 第 1 次 等待 3 秒
2021-07-24 00:04:40 {"status":"ok","gid":371261,"msg":"添加成功！"}
2021-07-24 00:04:40 下次操作: 2021-07-24 00:04:52

2021-07-24 00:04:52 开始第 30 次操作

2021-07-24 00:04:52 开始操作号码 【1579630】
2021-07-24 00:04:56 GSD getOne 第 1 次 等待 3 秒
2021-07-24 00:04:59 查询号码 【1579630】，返回信息 {"status":"bad","msg":""}
2021-07-24 00:04:59 查询号码 【1579630】，GSD为【""】
2021-07-24 00:04:59 bad
2021-07-24 00:05:01 CHB 1579630?1627056299 第 1 次 等待 3 秒
2021-07-24 00:05:04 CHB 1579630?1627056299 第 1 次 获取到号码【1579630】GSD
2021-07-24 00:05:04 未获取到号码【1579630】GSD，可能号码格式错误
2021-07-24 00:05:04 获取到号码【1579630】的GSD为【-】
2021-07-24 00:05:07 GSD insert 第 1 次 等待 3 秒
2021-07-24 00:05:10 {"status":"ok","gid":371268,"msg":"添加成功！"}
2021-07-24 00:05:10 下次操作: 2021-07-24 00:05:34

2021-07-24 00:05:34 开始第 31 次操作

2021-07-24 00:05:34 开始操作号码 【1579629】
2021-07-24 00:05:36 GSD getOne 第 1 次 等待 3 秒
2021-07-24 00:05:39 查询号码 【1579629】，返回信息 {"status":"bad","msg":""}
2021-07-24 00:05:39 查询号码 【1579629】，GSD为【""】
2021-07-24 00:05:39 bad
2021-07-24 00:05:41 CHB 1579629?1627056339 第 1 次 等待 3 秒
2021-07-24 00:05:44 CHB 1579629?1627056339 第 1 次 获取到号码【1579629】GSD
2021-07-24 00:05:44 未获取到号码【1579629】GSD，可能号码格式错误
2021-07-24 00:05:44 获取到号码【1579629】的GSD为【-】
2021-07-24 00:05:49 GSD insert 第 1 次 等待 3 秒
2021-07-24 00:05:52 {"status":"ok","gid":371281,"msg":"添加成功！"}
2021-07-24 00:05:52 下次操作: 2021-07-24 00:06:12

2021-07-24 00:06:12 开始第 32 次操作

2021-07-24 00:06:12 开始操作号码 【1579628】
2021-07-24 00:06:19 GSD getOne 第 1 次 等待 3 秒
2021-07-24 00:06:22 查询号码 【1579628】，返回信息 {"status":"bad","msg":""}
2021-07-24 00:06:22 查询号码 【1579628】，GSD为【""】
2021-07-24 00:06:22 bad
2021-07-24 00:06:24 CHB 1579628?1627056382 第 1 次 等待 3 秒
2021-07-24 00:06:27 CHB 1579628?1627056382 第 1 次 获取到号码【1579628】GSD
2021-07-24 00:06:27 未获取到号码【1579628】GSD，可能号码格式错误
2021-07-24 00:06:27 获取到号码【1579628】的GSD为【-】
2021-07-24 00:06:29 GSD insert 第 1 次 等待 3 秒
2021-07-24 00:06:32 {"status":"ok","gid":371292,"msg":"添加成功！"}
2021-07-24 00:06:32 下次操作: 2021-07-24 00:06:55

2021-07-24 00:06:55 开始第 33 次操作

2021-07-24 00:06:55 开始操作号码 【1579627】
2021-07-24 00:07:01 GSD getOne 第 1 次 等待 3 秒
2021-07-24 00:07:04 查询号码 【1579627】，返回信息 {"status":"bad","msg":""}
2021-07-24 00:07:04 查询号码 【1579627】，GSD为【""】
2021-07-24 00:07:04 bad
2021-07-24 00:07:06 CHB 1579627?1627056424 第 1 次 等待 3 秒
2021-07-24 00:07:09 CHB 1579627?1627056424 第 1 次 获取到号码【1579627】GSD
2021-07-24 00:07:09 未获取到号码【1579627】GSD，可能号码格式错误
2021-07-24 00:07:09 获取到号码【1579627】的GSD为【-】
2021-07-24 00:07:12 GSD insert 第 1 次 等待 3 秒
2021-07-24 00:07:15 {"status":"ok","gid":371299,"msg":"添加成功！"}
2021-07-24 00:07:15 下次操作: 2021-07-24 00:07:39

2021-07-24 00:07:39 开始第 34 次操作

2021-07-24 00:07:39 开始操作号码 【1579626】
2021-07-24 00:07:42 GSD getOne 第 1 次 等待 3 秒
2021-07-24 00:07:45 查询号码 【1579626】，返回信息 {"status":"bad","msg":""}
2021-07-24 00:07:45 查询号码 【1579626】，GSD为【""】
2021-07-24 00:07:45 bad
2021-07-24 00:07:46 CHB 1579626?1627056465 第 1 次 等待 3 秒
2021-07-24 00:07:49 CHB 1579626?1627056465 第 1 次 获取到号码【1579626】GSD
2021-07-24 00:07:49 未获取到号码【1579626】GSD，可能号码格式错误
2021-07-24 00:07:49 获取到号码【1579626】的GSD为【-】
2021-07-24 00:07:52 GSD insert 第 1 次 等待 3 秒
2021-07-24 00:07:55 {"status":"ok","gid":371308,"msg":"添加成功！"}
2021-07-24 00:07:55 下次操作: 2021-07-24 00:08:19

2021-07-24 00:08:19 开始第 35 次操作

2021-07-24 00:08:19 开始操作号码 【1579625】
2021-07-24 00:08:23 GSD getOne 第 1 次 等待 3 秒
2021-07-24 00:08:26 查询号码 【1579625】，返回信息 {"status":"bad","msg":""}
2021-07-24 00:08:26 查询号码 【1579625】，GSD为【""】
2021-07-24 00:08:26 bad
2021-07-24 00:08:27 CHB 1579625?1627056506 第 1 次 等待 3 秒
2021-07-24 00:08:30 CHB 1579625?1627056506 第 1 次 获取到号码【1579625】GSD
2021-07-24 00:08:30 未获取到号码【1579625】GSD，可能号码格式错误
2021-07-24 00:08:30 获取到号码【1579625】的GSD为【-】
2021-07-24 00:08:37 GSD insert 第 1 次 等待 3 秒
2021-07-24 00:08:41 {"status":"ok","gid":371315,"msg":"添加成功！"}
2021-07-24 00:08:41 下次操作: 2021-07-24 00:09:03

2021-07-24 00:09:03 开始第 36 次操作

2021-07-24 00:09:03 开始操作号码 【1579624】
2021-07-24 00:09:09 GSD getOne 第 1 次 等待 3 秒
2021-07-24 00:09:12 查询号码 【1579624】，返回信息 {"status":"bad","msg":""}
2021-07-24 00:09:12 查询号码 【1579624】，GSD为【""】
2021-07-24 00:09:12 bad
2021-07-24 00:09:13 CHB 1579624?1627056552 第 1 次 等待 3 秒
2021-07-24 00:09:16 CHB 1579624?1627056552 第 1 次 获取到号码【1579624】GSD
2021-07-24 00:09:16 未获取到号码【1579624】GSD，可能号码格式错误
2021-07-24 00:09:16 获取到号码【1579624】的GSD为【-】
2021-07-24 00:09:19 GSD insert 第 1 次 等待 3 秒
2021-07-24 00:09:22 {"status":"ok","gid":371326,"msg":"添加成功！"}
2021-07-24 00:09:22 下次操作: 2021-07-24 00:09:36

2021-07-24 00:09:36 开始第 37 次操作

2021-07-24 00:09:36 开始操作号码 【1579623】
2021-07-24 00:09:42 GSD getOne 第 1 次 等待 3 秒
2021-07-24 00:09:45 查询号码 【1579623】，返回信息 {"status":"bad","msg":""}
2021-07-24 00:09:45 查询号码 【1579623】，GSD为【""】
2021-07-24 00:09:45 bad
2021-07-24 00:09:47 CHB 1579623?1627056585 第 1 次 等待 3 秒
2021-07-24 00:09:50 CHB 1579623?1627056585 第 1 次 获取到号码【1579623】GSD
2021-07-24 00:09:50 未获取到号码【1579623】GSD，可能号码格式错误
2021-07-24 00:09:50 获取到号码【1579623】的GSD为【-】
2021-07-24 00:09:55 GSD insert 第 1 次 等待 3 秒
2021-07-24 00:09:58 {"status":"ok","gid":371333,"msg":"添加成功！"}
2021-07-24 00:09:58 下次操作: 2021-07-24 00:10:20

2021-07-24 00:10:20 开始第 38 次操作

2021-07-24 00:10:20 开始操作号码 【1579622】
2021-07-24 00:10:23 GSD getOne 第 1 次 等待 3 秒
2021-07-24 00:10:26 查询号码 【1579622】，返回信息 {"status":"bad","msg":""}
2021-07-24 00:10:27 查询号码 【1579622】，GSD为【""】
2021-07-24 00:10:27 bad
2021-07-24 00:10:28 CHB 1579622?1627056627 第 1 次 等待 3 秒
2021-07-24 00:10:31 CHB 1579622?1627056627 第 1 次 获取到号码【1579622】GSD
2021-07-24 00:10:31 未获取到号码【1579622】GSD，可能号码格式错误
2021-07-24 00:10:31 获取到号码【1579622】的GSD为【-】
2021-07-24 00:10:34 GSD insert 第 1 次 等待 3 秒
2021-07-24 00:10:37 {"status":"ok","gid":371342,"msg":"添加成功！"}
2021-07-24 00:10:37 下次操作: 2021-07-24 00:10:50

2021-07-24 00:10:50 开始第 39 次操作

2021-07-24 00:10:50 开始操作号码 【1579621】
2021-07-24 00:10:53 GSD getOne 第 1 次 等待 3 秒
2021-07-24 00:10:56 查询号码 【1579621】，返回信息 {"status":"bad","msg":""}
2021-07-24 00:10:56 查询号码 【1579621】，GSD为【""】
2021-07-24 00:10:56 bad
2021-07-24 00:10:57 CHB 1579621?1627056656 第 1 次 等待 3 秒
2021-07-24 00:11:00 CHB 1579621?1627056656 第 1 次 获取到号码【1579621】GSD
2021-07-24 00:11:00 未获取到号码【1579621】GSD，可能号码格式错误
2021-07-24 00:11:00 获取到号码【1579621】的GSD为【-】
2021-07-24 00:11:03 GSD insert 第 1 次 等待 3 秒
2021-07-24 00:11:06 {"status":"ok","gid":371346,"msg":"添加成功！"}
2021-07-24 00:11:06 下次操作: 2021-07-24 00:11:23

2021-07-24 00:11:23 开始第 40 次操作

2021-07-24 00:11:23 开始操作号码 【1579620】
2021-07-24 00:11:27 GSD getOne 第 1 次 等待 3 秒
2021-07-24 00:11:30 查询号码 【1579620】，返回信息 {"status":"bad","msg":""}
2021-07-24 00:11:30 查询号码 【1579620】，GSD为【""】
2021-07-24 00:11:30 bad
2021-07-24 00:11:31 CHB 1579620?1627056690 第 1 次 等待 3 秒
2021-07-24 00:11:34 CHB 1579620?1627056690 第 1 次 获取到号码【1579620】GSD
2021-07-24 00:11:34 未获取到号码【1579620】GSD，可能号码格式错误
2021-07-24 00:11:34 获取到号码【1579620】的GSD为【-】
2021-07-24 00:11:38 GSD insert 第 1 次 等待 3 秒
2021-07-24 00:11:41 {"status":"ok","gid":371352,"msg":"添加成功！"}

2021-07-24 01:03:08 开始第 1 次操作

2021-07-24 01:03:08 开始操作号码 【1579619】
2021-07-24 01:03:11 GSD getOne 第 1 次 等待 3 秒
2021-07-24 01:03:14 查询号码 【1579619】，返回信息 {"status":"bad","msg":""}
2021-07-24 01:03:14 查询号码 【1579619】，GSD为【""】
2021-07-24 01:03:14 bad
2021-07-24 01:03:16 CHB 1579619?1627059794 第 1 次 等待 3 秒
2021-07-24 01:03:19 CHB 1579619?1627059794 第 1 次 获取到号码【1579619】GSD
2021-07-24 01:03:19 未获取到号码【1579619】GSD，可能号码格式错误
2021-07-24 01:03:19 获取到号码【1579619】的GSD为【-】
2021-07-24 01:03:37 GSD insert 第 1 次 等待 3 秒
2021-07-24 01:03:40 {"status":"ok","gid":371524,"msg":"添加成功！"}
2021-07-24 01:03:40 下次操作: 2021-07-24 01:03:55

2021-07-24 01:03:55 开始第 2 次操作

2021-07-24 01:03:55 开始操作号码 【1579618】
2021-07-24 01:04:04 GSD getOne 第 1 次 等待 3 秒
2021-07-24 01:04:07 查询号码 【1579618】，返回信息 {"status":"bad","msg":""}
2021-07-24 01:04:07 查询号码 【1579618】，GSD为【""】
2021-07-24 01:04:07 bad
2021-07-24 01:04:09 CHB 1579618?1627059847 第 1 次 等待 3 秒
2021-07-24 01:04:12 CHB 1579618?1627059847 第 1 次 获取到号码【1579618】GSD
2021-07-24 01:04:12 未获取到号码【1579618】GSD，可能号码格式错误
2021-07-24 01:04:12 获取到号码【1579618】的GSD为【-】
2021-07-24 01:04:34 GSD insert 第 1 次 等待 3 秒
2021-07-24 01:04:37 {"status":"ok","gid":371534,"msg":"添加成功！"}
2021-07-24 01:04:37 下次操作: 2021-07-24 01:04:56

2021-07-24 01:04:56 开始第 3 次操作

2021-07-24 01:04:56 开始操作号码 【1579617】
2021-07-24 01:05:00 GSD getOne 第 1 次 等待 3 秒
2021-07-24 01:05:03 查询号码 【1579617】，返回信息 {"status":"bad","msg":""}
2021-07-24 01:05:03 查询号码 【1579617】，GSD为【""】
2021-07-24 01:05:03 bad
2021-07-24 01:05:05 CHB 1579617?1627059903 第 1 次 等待 3 秒
2021-07-24 01:05:08 CHB 1579617?1627059903 第 1 次 获取到号码【1579617】GSD
2021-07-24 01:05:08 未获取到号码【1579617】GSD，可能号码格式错误
2021-07-24 01:05:08 获取到号码【1579617】的GSD为【-】
2021-07-24 01:05:31 GSD insert 第 1 次 等待 3 秒
2021-07-24 01:05:34 {"status":"ok","gid":371545,"msg":"添加成功！"}
2021-07-24 01:05:34 下次操作: 2021-07-24 01:05:53

2021-07-24 01:05:53 开始第 4 次操作

2021-07-24 01:05:53 开始操作号码 【1579616】
2021-07-24 01:05:57 GSD getOne 第 1 次 等待 3 秒
2021-07-24 01:06:00 查询号码 【1579616】，返回信息 {"status":"bad","msg":""}
2021-07-24 01:06:01 查询号码 【1579616】，GSD为【""】
2021-07-24 01:06:01 bad
2021-07-24 01:06:02 CHB 1579616?1627059961 第 1 次 等待 3 秒
2021-07-24 01:06:05 CHB 1579616?1627059961 第 1 次 获取到号码【1579616】GSD
2021-07-24 01:06:05 未获取到号码【1579616】GSD，可能号码格式错误
2021-07-24 01:06:05 获取到号码【1579616】的GSD为【-】
2021-07-24 01:06:27 GSD insert 第 1 次 等待 3 秒
2021-07-24 01:06:30 {"status":"ok","gid":371553,"msg":"添加成功！"}
2021-07-24 01:06:30 下次操作: 2021-07-24 01:06:52

2021-07-24 01:06:52 开始第 5 次操作

2021-07-24 01:06:52 开始操作号码 【1579615】
2021-07-24 01:06:58 GSD getOne 第 1 次 等待 3 秒
2021-07-24 01:07:01 查询号码 【1579615】，返回信息 {"status":"bad","msg":""}
2021-07-24 01:07:01 查询号码 【1579615】，GSD为【""】
2021-07-24 01:07:01 bad
2021-07-24 01:07:03 CHB 1579615?1627060021 第 1 次 等待 3 秒
2021-07-24 01:07:06 CHB 1579615?1627060021 第 1 次 获取到号码【1579615】GSD
2021-07-24 01:07:06 未获取到号码【1579615】GSD，可能号码格式错误
2021-07-24 01:07:06 获取到号码【1579615】的GSD为【-】
2021-07-24 01:07:24 GSD insert 第 1 次 等待 3 秒
2021-07-24 01:07:27 {"status":"ok","gid":371562,"msg":"添加成功！"}
2021-07-24 01:07:27 下次操作: 2021-07-24 01:07:43

2021-07-24 01:07:43 开始第 6 次操作

2021-07-24 01:07:43 开始操作号码 【1579614】
2021-07-24 01:07:46 GSD getOne 第 1 次 等待 3 秒
2021-07-24 01:07:49 查询号码 【1579614】，返回信息 {"status":"bad","msg":""}
2021-07-24 01:07:49 查询号码 【1579614】，GSD为【""】
2021-07-24 01:07:49 bad
2021-07-24 01:07:51 CHB 1579614?1627060069 第 1 次 等待 3 秒
2021-07-24 01:07:54 CHB 1579614?1627060069 第 1 次 获取到号码【1579614】GSD
2021-07-24 01:07:54 未获取到号码【1579614】GSD，可能号码格式错误
2021-07-24 01:07:54 获取到号码【1579614】的GSD为【-】
2021-07-24 01:08:12 GSD insert 第 1 次 等待 3 秒
2021-07-24 01:08:15 {"status":"ok","gid":371572,"msg":"添加成功！"}
2021-07-24 01:08:15 下次操作: 2021-07-24 01:08:27

2021-07-24 01:08:27 开始第 7 次操作

2021-07-24 01:08:27 开始操作号码 【1579613】
2021-07-24 01:08:37 GSD getOne 第 1 次 等待 3 秒
2021-07-24 01:08:40 查询号码 【1579613】，返回信息 {"status":"bad","msg":""}
2021-07-24 01:08:41 查询号码 【1579613】，GSD为【""】
2021-07-24 01:08:41 bad
2021-07-24 01:08:42 CHB 1579613?1627060121 第 1 次 等待 3 秒
2021-07-24 01:08:45 CHB 1579613?1627060121 第 1 次 获取到号码【1579613】GSD
2021-07-24 01:08:45 未获取到号码【1579613】GSD，可能号码格式错误
2021-07-24 01:08:45 获取到号码【1579613】的GSD为【-】
2021-07-24 01:09:03 GSD insert 第 1 次 等待 3 秒
2021-07-24 01:09:06 {"status":"ok","gid":371579,"msg":"添加成功！"}
2021-07-24 01:09:06 下次操作: 2021-07-24 01:09:19

2021-07-24 01:09:19 开始第 8 次操作

2021-07-24 01:09:19 开始操作号码 【1579612】
2021-07-24 01:09:29 GSD getOne 第 1 次 等待 3 秒
2021-07-24 01:09:32 查询号码 【1579612】，返回信息 {"status":"bad","msg":""}
2021-07-24 01:09:32 查询号码 【1579612】，GSD为【""】
2021-07-24 01:09:32 bad
2021-07-24 01:09:33 CHB 1579612?1627060172 第 1 次 等待 3 秒
2021-07-24 01:09:36 CHB 1579612?1627060172 第 1 次 获取到号码【1579612】GSD
2021-07-24 01:09:37 未获取到号码【1579612】GSD，可能号码格式错误
2021-07-24 01:09:37 获取到号码【1579612】的GSD为【-】
2021-07-24 01:10:00 GSD insert 第 1 次 等待 3 秒
2021-07-24 01:10:03 {"status":"ok","gid":371587,"msg":"添加成功！"}
2021-07-24 01:10:03 下次操作: 2021-07-24 01:10:23

2021-07-24 01:10:23 开始第 9 次操作

2021-07-24 01:10:23 开始操作号码 【1579611】
2021-07-24 01:10:28 GSD getOne 第 1 次 等待 3 秒
2021-07-24 01:10:31 查询号码 【1579611】，返回信息 {"status":"bad","msg":""}
2021-07-24 01:10:31 查询号码 【1579611】，GSD为【""】
2021-07-24 01:10:31 bad
2021-07-24 01:10:32 CHB 1579611?1627060231 第 1 次 等待 3 秒
2021-07-24 01:10:35 CHB 1579611?1627060231 第 1 次 获取到号码【1579611】GSD
2021-07-24 01:10:35 未获取到号码【1579611】GSD，可能号码格式错误
2021-07-24 01:10:35 获取到号码【1579611】的GSD为【-】
2021-07-24 01:10:54 GSD insert 第 1 次 等待 3 秒
2021-07-24 01:10:57 {"status":"ok","gid":371596,"msg":"添加成功！"}
2021-07-24 01:10:57 下次操作: 2021-07-24 01:11:17

2021-07-24 01:11:17 开始第 10 次操作

2021-07-24 01:11:17 开始操作号码 【1579610】
2021-07-24 01:11:24 GSD getOne 第 1 次 等待 3 秒
2021-07-24 01:11:27 查询号码 【1579610】，返回信息 {"status":"bad","msg":""}
2021-07-24 01:11:27 查询号码 【1579610】，GSD为【""】
2021-07-24 01:11:27 bad
2021-07-24 01:11:29 CHB 1579610?1627060287 第 1 次 等待 3 秒
2021-07-24 01:11:32 CHB 1579610?1627060287 第 1 次 获取到号码【1579610】GSD
2021-07-24 01:11:32 未获取到号码【1579610】GSD，可能号码格式错误
2021-07-24 01:11:32 获取到号码【1579610】的GSD为【-】
2021-07-24 01:12:08 GSD insert 第 1 次 等待 3 秒
2021-07-24 01:12:11 {"status":"ok","gid":371608,"msg":"添加成功！"}
2021-07-24 01:12:11 下次操作: 2021-07-24 01:12:24

2021-07-24 01:12:24 开始第 11 次操作

2021-07-24 01:12:24 开始操作号码 【1579609】
2021-07-24 01:12:29 GSD getOne 第 1 次 等待 3 秒
2021-07-24 01:12:32 查询号码 【1579609】，返回信息 {"status":"bad","msg":""}
2021-07-24 01:12:32 查询号码 【1579609】，GSD为【""】
2021-07-24 01:12:32 bad
2021-07-24 01:12:34 CHB 1579609?1627060352 第 1 次 等待 3 秒
2021-07-24 01:12:37 CHB 1579609?1627060352 第 1 次 获取到号码【1579609】GSD
2021-07-24 01:12:37 未获取到号码【1579609】GSD，可能号码格式错误
2021-07-24 01:12:37 获取到号码【1579609】的GSD为【-】
2021-07-24 01:12:56 GSD insert 第 1 次 等待 3 秒
2021-07-24 01:12:59 {"status":"ok","gid":371616,"msg":"添加成功！"}
2021-07-24 01:12:59 下次操作: 2021-07-24 01:13:20

2021-07-24 01:13:20 开始第 12 次操作

2021-07-24 01:13:20 开始操作号码 【1579608】
2021-07-24 01:13:25 GSD getOne 第 1 次 等待 3 秒
2021-07-24 01:13:28 查询号码 【1579608】，返回信息 {"status":"bad","msg":""}
2021-07-24 01:13:28 查询号码 【1579608】，GSD为【""】
2021-07-24 01:13:28 bad
2021-07-24 01:13:30 CHB 1579608?1627060408 第 1 次 等待 3 秒
2021-07-24 01:13:33 CHB 1579608?1627060408 第 1 次 获取到号码【1579608】GSD
2021-07-24 01:13:33 未获取到号码【1579608】GSD，可能号码格式错误
2021-07-24 01:13:33 获取到号码【1579608】的GSD为【-】
2021-07-24 01:13:52 GSD insert 第 1 次 等待 3 秒
2021-07-24 01:13:55 {"status":"ok","gid":371625,"msg":"添加成功！"}
2021-07-24 01:13:55 下次操作: 2021-07-24 01:14:14

2021-07-24 01:14:14 开始第 13 次操作

2021-07-24 01:14:14 开始操作号码 【1579607】
2021-07-24 01:14:18 GSD getOne 第 1 次 等待 3 秒
2021-07-24 01:14:21 查询号码 【1579607】，返回信息 {"status":"bad","msg":""}
2021-07-24 01:14:21 查询号码 【1579607】，GSD为【""】
2021-07-24 01:14:21 bad
2021-07-24 01:14:22 CHB 1579607?1627060461 第 1 次 等待 3 秒
2021-07-24 01:14:25 CHB 1579607?1627060461 第 1 次 获取到号码【1579607】GSD
2021-07-24 01:14:25 未获取到号码【1579607】GSD，可能号码格式错误
2021-07-24 01:14:25 获取到号码【1579607】的GSD为【-】
2021-07-24 01:14:44 GSD insert 第 1 次 等待 3 秒
2021-07-24 01:14:47 {"status":"ok","gid":371637,"msg":"添加成功！"}
2021-07-24 01:14:47 下次操作: 2021-07-24 01:15:02

2021-07-24 01:15:02 开始第 14 次操作

2021-07-24 01:15:02 开始操作号码 【1579606】
2021-07-24 01:15:06 GSD getOne 第 1 次 等待 3 秒
2021-07-24 01:15:09 查询号码 【1579606】，返回信息 {"status":"bad","msg":""}
2021-07-24 01:15:09 查询号码 【1579606】，GSD为【""】
2021-07-24 01:15:09 bad
2021-07-24 01:15:11 CHB 1579606?1627060509 第 1 次 等待 3 秒
2021-07-24 01:15:14 CHB 1579606?1627060509 第 1 次 获取到号码【1579606】GSD
2021-07-24 01:15:14 未获取到号码【1579606】GSD，可能号码格式错误
2021-07-24 01:15:14 获取到号码【1579606】的GSD为【-】
2021-07-24 01:15:33 GSD insert 第 1 次 等待 3 秒
2021-07-24 01:15:36 {"status":"ok","gid":371648,"msg":"添加成功！"}
2021-07-24 01:15:36 下次操作: 2021-07-24 01:15:55

2021-07-24 01:15:55 开始第 15 次操作

2021-07-24 01:15:55 开始操作号码 【1579605】
2021-07-24 01:15:58 GSD getOne 第 1 次 等待 3 秒
2021-07-24 01:16:01 查询号码 【1579605】，返回信息 {"status":"bad","msg":""}
2021-07-24 01:16:01 查询号码 【1579605】，GSD为【""】
2021-07-24 01:16:01 bad
2021-07-24 01:16:03 CHB 1579605?1627060561 第 1 次 等待 3 秒
2021-07-24 01:16:06 CHB 1579605?1627060561 第 1 次 获取到号码【1579605】GSD
2021-07-24 01:16:06 未获取到号码【1579605】GSD，可能号码格式错误
2021-07-24 01:16:06 获取到号码【1579605】的GSD为【-】
2021-07-24 01:16:24 GSD insert 第 1 次 等待 3 秒
2021-07-24 01:16:28 {"status":"ok","gid":371656,"msg":"添加成功！"}
2021-07-24 01:16:28 下次操作: 2021-07-24 01:16:49

2021-07-24 01:16:49 开始第 16 次操作

2021-07-24 01:16:49 开始操作号码 【1579604】
2021-07-24 01:16:55 GSD getOne 第 1 次 等待 3 秒
2021-07-24 01:16:58 查询号码 【1579604】，返回信息 {"status":"bad","msg":""}
2021-07-24 01:16:58 查询号码 【1579604】，GSD为【""】
2021-07-24 01:16:58 bad
2021-07-24 01:17:00 CHB 1579604?1627060618 第 1 次 等待 3 秒
2021-07-24 01:17:03 CHB 1579604?1627060618 第 1 次 获取到号码【1579604】GSD
2021-07-24 01:17:03 未获取到号码【1579604】GSD，可能号码格式错误
2021-07-24 01:17:03 获取到号码【1579604】的GSD为【-】
2021-07-24 01:17:21 GSD insert 第 1 次 等待 3 秒
2021-07-24 01:17:24 {"status":"ok","gid":371669,"msg":"添加成功！"}
2021-07-24 01:17:24 下次操作: 2021-07-24 01:17:45

2021-07-24 01:17:45 开始第 17 次操作

2021-07-24 01:17:45 开始操作号码 【1579603】
2021-07-24 01:17:50 GSD getOne 第 1 次 等待 3 秒
2021-07-24 01:17:53 查询号码 【1579603】，返回信息 {"status":"bad","msg":""}
2021-07-24 01:17:53 查询号码 【1579603】，GSD为【""】
2021-07-24 01:17:53 bad
2021-07-24 01:17:55 CHB 1579603?1627060673 第 1 次 等待 3 秒
2021-07-24 01:17:58 CHB 1579603?1627060673 第 1 次 获取到号码【1579603】GSD
2021-07-24 01:17:58 未获取到号码【1579603】GSD，可能号码格式错误
2021-07-24 01:17:58 获取到号码【1579603】的GSD为【-】
2021-07-24 01:18:18 GSD insert 第 1 次 等待 3 秒
2021-07-24 01:18:21 {"status":"ok","gid":371678,"msg":"添加成功！"}
2021-07-24 01:18:21 下次操作: 2021-07-24 01:18:37

2021-07-24 01:18:37 开始第 18 次操作

2021-07-24 01:18:37 开始操作号码 【1579602】
2021-07-24 01:18:42 GSD getOne 第 1 次 等待 3 秒
2021-07-24 01:18:45 查询号码 【1579602】，返回信息 {"status":"bad","msg":""}
2021-07-24 01:18:45 查询号码 【1579602】，GSD为【""】
2021-07-24 01:18:45 bad
2021-07-24 01:18:47 CHB 1579602?1627060725 第 1 次 等待 3 秒
2021-07-24 01:18:50 CHB 1579602?1627060725 第 1 次 获取到号码【1579602】GSD
2021-07-24 01:18:50 未获取到号码【1579602】GSD，可能号码格式错误
2021-07-24 01:18:50 获取到号码【1579602】的GSD为【-】
2021-07-24 01:19:08 GSD insert 第 1 次 等待 3 秒
2021-07-24 01:19:11 {"status":"ok","gid":371688,"msg":"添加成功！"}
2021-07-24 01:19:11 下次操作: 2021-07-24 01:19:31

2021-07-24 01:19:31 开始第 19 次操作

2021-07-24 01:19:31 开始操作号码 【1579601】
2021-07-24 01:19:33 GSD getOne 第 1 次 等待 3 秒
2021-07-24 01:19:36 查询号码 【1579601】，返回信息 {"status":"bad","msg":""}
2021-07-24 01:19:37 查询号码 【1579601】，GSD为【""】
2021-07-24 01:19:37 bad
2021-07-24 01:19:38 CHB 1579601?1627060777 第 1 次 等待 3 秒
2021-07-24 01:19:41 CHB 1579601?1627060777 第 1 次 获取到号码【1579601】GSD
2021-07-24 01:19:41 未获取到号码【1579601】GSD，可能号码格式错误
2021-07-24 01:19:41 获取到号码【1579601】的GSD为【-】
2021-07-24 01:19:59 GSD insert 第 1 次 等待 3 秒
2021-07-24 01:20:02 {"status":"ok","gid":371701,"msg":"添加成功！"}
2021-07-24 01:20:02 下次操作: 2021-07-24 01:20:19

2021-07-24 01:20:19 开始第 20 次操作

2021-07-24 01:20:19 开始操作号码 【1579600】
2021-07-24 01:20:24 GSD getOne 第 1 次 等待 3 秒
2021-07-24 01:20:27 查询号码 【1579600】，返回信息 {"status":"bad","msg":""}
2021-07-24 01:20:27 查询号码 【1579600】，GSD为【""】
2021-07-24 01:20:27 bad
2021-07-24 01:20:28 CHB 1579600?1627060827 第 1 次 等待 3 秒
2021-07-24 01:20:31 CHB 1579600?1627060827 第 1 次 获取到号码【1579600】GSD
2021-07-24 01:20:31 未获取到号码【1579600】GSD，可能号码格式错误
2021-07-24 01:20:31 获取到号码【1579600】的GSD为【-】
2021-07-24 01:20:50 GSD insert 第 1 次 等待 3 秒
2021-07-24 01:20:53 {"status":"ok","gid":371712,"msg":"添加成功！"}
2021-07-24 01:20:53 下次操作: 2021-07-24 01:21:14

2021-07-24 01:21:14 开始第 21 次操作

2021-07-24 01:21:14 开始操作号码 【1579599】
2021-07-24 01:21:20 GSD getOne 第 1 次 等待 3 秒
2021-07-24 01:21:23 查询号码 【1579599】，返回信息 {"status":"bad","msg":""}
2021-07-24 01:21:23 查询号码 【1579599】，GSD为【""】
2021-07-24 01:21:23 bad
2021-07-24 01:21:26 CHB 1579599?1627060883 第 1 次 等待 3 秒
2021-07-24 01:21:29 CHB 1579599?1627060883 第 1 次 获取到号码【1579599】GSD
2021-07-24 01:21:29 未获取到号码【1579599】GSD，可能号码格式错误
2021-07-24 01:21:29 获取到号码【1579599】的GSD为【-】
2021-07-24 01:22:04 GSD insert 第 1 次 等待 3 秒
2021-07-24 01:22:07 {"status":"ok","gid":371729,"msg":"添加成功！"}
2021-07-24 01:22:07 下次操作: 2021-07-24 01:22:23

2021-07-24 01:22:23 开始第 22 次操作

2021-07-24 01:22:23 开始操作号码 【1579598】
2021-07-24 01:22:26 GSD getOne 第 1 次 等待 3 秒
2021-07-24 01:22:29 查询号码 【1579598】，返回信息 {"status":"bad","msg":""}
2021-07-24 01:22:29 查询号码 【1579598】，GSD为【""】
2021-07-24 01:22:29 bad
2021-07-24 01:22:31 CHB 1579598?1627060949 第 1 次 等待 3 秒
2021-07-24 01:22:34 CHB 1579598?1627060949 第 1 次 获取到号码【1579598】GSD
2021-07-24 01:22:34 未获取到号码【1579598】GSD，可能号码格式错误
2021-07-24 01:22:34 获取到号码【1579598】的GSD为【-】
2021-07-24 01:22:52 GSD insert 第 1 次 等待 3 秒
2021-07-24 01:22:55 {"status":"ok","gid":371736,"msg":"添加成功！"}
2021-07-24 01:22:55 下次操作: 2021-07-24 01:23:17

2021-07-24 01:23:17 开始第 23 次操作

2021-07-24 01:23:17 开始操作号码 【1579597】
2021-07-24 01:23:21 GSD getOne 第 1 次 等待 3 秒
2021-07-24 01:23:24 查询号码 【1579597】，返回信息 {"status":"bad","msg":""}
2021-07-24 01:23:25 查询号码 【1579597】，GSD为【""】
2021-07-24 01:23:25 bad
2021-07-24 01:23:26 CHB 1579597?1627061005 第 1 次 等待 3 秒
2021-07-24 01:23:29 CHB 1579597?1627061005 第 1 次 获取到号码【1579597】GSD
2021-07-24 01:23:29 未获取到号码【1579597】GSD，可能号码格式错误
2021-07-24 01:23:29 获取到号码【1579597】的GSD为【-】
2021-07-24 01:23:47 GSD insert 第 1 次 等待 3 秒
2021-07-24 01:23:50 {"status":"ok","gid":371748,"msg":"添加成功！"}
2021-07-24 01:23:50 下次操作: 2021-07-24 01:24:04

2021-07-24 01:24:04 开始第 24 次操作

2021-07-24 01:24:04 开始操作号码 【1579596】
2021-07-24 01:24:15 GSD getOne 第 1 次 等待 3 秒
2021-07-24 01:24:18 查询号码 【1579596】，返回信息 {"status":"bad","msg":""}
2021-07-24 01:24:18 查询号码 【1579596】，GSD为【""】
2021-07-24 01:24:18 bad
2021-07-24 01:24:19 CHB 1579596?1627061058 第 1 次 等待 3 秒
2021-07-24 01:24:22 CHB 1579596?1627061058 第 1 次 获取到号码【1579596】GSD
2021-07-24 01:24:22 未获取到号码【1579596】GSD，可能号码格式错误
2021-07-24 01:24:22 获取到号码【1579596】的GSD为【-】
2021-07-24 01:24:40 GSD insert 第 1 次 等待 3 秒
2021-07-24 01:24:43 {"status":"ok","gid":371756,"msg":"添加成功！"}
2021-07-24 01:24:43 下次操作: 2021-07-24 01:25:01

2021-07-24 01:25:01 开始第 25 次操作

2021-07-24 01:25:01 开始操作号码 【1579595】
2021-07-24 01:25:04 GSD getOne 第 1 次 等待 3 秒
2021-07-24 01:25:07 查询号码 【1579595】，返回信息 {"status":"bad","msg":""}
2021-07-24 01:25:07 查询号码 【1579595】，GSD为【""】
2021-07-24 01:25:07 bad
2021-07-24 01:25:09 CHB 1579595?1627061107 第 1 次 等待 3 秒
2021-07-24 01:25:12 CHB 1579595?1627061107 第 1 次 获取到号码【1579595】GSD
2021-07-24 01:25:12 未获取到号码【1579595】GSD，可能号码格式错误
2021-07-24 01:25:12 获取到号码【1579595】的GSD为【-】
2021-07-24 01:25:30 GSD insert 第 1 次 等待 3 秒
2021-07-24 01:25:33 {"status":"ok","gid":371764,"msg":"添加成功！"}
2021-07-24 01:25:33 下次操作: 2021-07-24 01:25:55

2021-07-24 01:25:55 开始第 26 次操作

2021-07-24 01:25:55 开始操作号码 【1579594】
2021-07-24 01:26:00 GSD getOne 第 1 次 等待 3 秒
2021-07-24 01:26:03 查询号码 【1579594】，返回信息 {"status":"bad","msg":""}
2021-07-24 01:26:03 查询号码 【1579594】，GSD为【""】
2021-07-24 01:26:03 bad
2021-07-24 01:26:05 CHB 1579594?1627061163 第 1 次 等待 3 秒
2021-07-24 01:26:08 CHB 1579594?1627061163 第 1 次 获取到号码【1579594】GSD
2021-07-24 01:26:08 未获取到号码【1579594】GSD，可能号码格式错误
2021-07-24 01:26:08 获取到号码【1579594】的GSD为【-】
2021-07-24 01:26:26 GSD insert 第 1 次 等待 3 秒
2021-07-24 01:26:29 {"status":"ok","gid":371772,"msg":"添加成功！"}
2021-07-24 01:26:29 下次操作: 2021-07-24 01:26:46

2021-07-24 01:26:46 开始第 27 次操作

2021-07-24 01:26:46 开始操作号码 【1579593】
2021-07-24 01:26:49 GSD getOne 第 1 次 等待 3 秒
2021-07-24 01:26:52 查询号码 【1579593】，返回信息 {"status":"bad","msg":""}
2021-07-24 01:26:52 查询号码 【1579593】，GSD为【""】
2021-07-24 01:26:52 bad
2021-07-24 01:26:54 CHB 1579593?1627061212 第 1 次 等待 3 秒
2021-07-24 01:26:57 CHB 1579593?1627061212 第 1 次 获取到号码【1579593】GSD
2021-07-24 01:26:57 未获取到号码【1579593】GSD，可能号码格式错误
2021-07-24 01:26:57 获取到号码【1579593】的GSD为【-】
2021-07-24 01:27:15 GSD insert 第 1 次 等待 3 秒
2021-07-24 01:27:18 {"status":"ok","gid":371787,"msg":"添加成功！"}
2021-07-24 01:27:18 下次操作: 2021-07-24 01:27:41

2021-07-24 01:27:41 开始第 28 次操作

2021-07-24 01:27:41 开始操作号码 【1579592】
2021-07-24 01:27:43 GSD getOne 第 1 次 等待 3 秒
2021-07-24 01:27:46 查询号码 【1579592】，返回信息 {"status":"bad","msg":""}
2021-07-24 01:27:47 查询号码 【1579592】，GSD为【""】
2021-07-24 01:27:47 bad
2021-07-24 01:27:48 CHB 1579592?1627061267 第 1 次 等待 3 秒
2021-07-24 01:27:51 CHB 1579592?1627061267 第 1 次 获取到号码【1579592】GSD
2021-07-24 01:27:51 未获取到号码【1579592】GSD，可能号码格式错误
2021-07-24 01:27:51 获取到号码【1579592】的GSD为【-】
2021-07-24 01:28:09 GSD insert 第 1 次 等待 3 秒
2021-07-24 01:28:12 {"status":"ok","gid":371796,"msg":"添加成功！"}
2021-07-24 01:28:12 下次操作: 2021-07-24 01:28:30

2021-07-24 01:28:30 开始第 29 次操作

2021-07-24 01:28:30 开始操作号码 【1579591】
2021-07-24 01:28:35 GSD getOne 第 1 次 等待 3 秒
2021-07-24 01:28:38 查询号码 【1579591】，返回信息 {"status":"bad","msg":""}
2021-07-24 01:28:38 查询号码 【1579591】，GSD为【""】
2021-07-24 01:28:38 bad
2021-07-24 01:28:40 CHB 1579591?1627061318 第 1 次 等待 3 秒
2021-07-24 01:28:43 CHB 1579591?1627061318 第 1 次 获取到号码【1579591】GSD
2021-07-24 01:28:43 未获取到号码【1579591】GSD，可能号码格式错误
2021-07-24 01:28:43 获取到号码【1579591】的GSD为【-】
2021-07-24 01:29:02 GSD insert 第 1 次 等待 3 秒
2021-07-24 01:29:05 {"status":"ok","gid":371807,"msg":"添加成功！"}
2021-07-24 01:29:05 下次操作: 2021-07-24 01:29:25

2021-07-24 01:29:25 开始第 30 次操作

2021-07-24 01:29:25 开始操作号码 【1579590】
2021-07-24 01:29:28 GSD getOne 第 1 次 等待 3 秒
2021-07-24 01:29:31 查询号码 【1579590】，返回信息 {"status":"bad","msg":""}
2021-07-24 01:29:31 查询号码 【1579590】，GSD为【""】
2021-07-24 01:29:31 bad
2021-07-24 01:29:33 CHB 1579590?1627061371 第 1 次 等待 3 秒
2021-07-24 01:29:36 CHB 1579590?1627061371 第 1 次 获取到号码【1579590】GSD
2021-07-24 01:29:36 未获取到号码【1579590】GSD，可能号码格式错误
2021-07-24 01:29:36 获取到号码【1579590】的GSD为【-】
2021-07-24 01:29:54 GSD insert 第 1 次 等待 3 秒
2021-07-24 01:29:57 {"status":"ok","gid":371815,"msg":"添加成功！"}
2021-07-24 01:29:57 下次操作: 2021-07-24 01:30:21

2021-07-24 01:30:21 开始第 31 次操作

2021-07-24 01:30:21 开始操作号码 【1579589】
2021-07-24 01:30:30 GSD getOne 第 1 次 等待 3 秒
2021-07-24 01:30:33 查询号码 【1579589】，返回信息 {"status":"bad","msg":""}
2021-07-24 01:30:33 查询号码 【1579589】，GSD为【""】
2021-07-24 01:30:33 bad
2021-07-24 01:30:35 CHB 1579589?1627061433 第 1 次 等待 3 秒
2021-07-24 01:30:38 CHB 1579589?1627061433 第 1 次 获取到号码【1579589】GSD
2021-07-24 01:30:38 未获取到号码【1579589】GSD，可能号码格式错误
2021-07-24 01:30:38 获取到号码【1579589】的GSD为【-】
2021-07-24 01:30:56 GSD insert 第 1 次 等待 3 秒
2021-07-24 01:30:59 {"status":"ok","gid":371824,"msg":"添加成功！"}
2021-07-24 01:30:59 下次操作: 2021-07-24 01:31:22

2021-07-24 01:31:22 开始第 32 次操作

2021-07-24 01:31:22 开始操作号码 【1579588】
2021-07-24 01:31:25 GSD getOne 第 1 次 等待 3 秒
2021-07-24 01:31:28 查询号码 【1579588】，返回信息 {"status":"bad","msg":""}
2021-07-24 01:31:28 查询号码 【1579588】，GSD为【""】
2021-07-24 01:31:28 bad
2021-07-24 01:31:30 CHB 1579588?1627061488 第 1 次 等待 3 秒
2021-07-24 01:31:33 CHB 1579588?1627061488 第 1 次 获取到号码【1579588】GSD
2021-07-24 01:31:33 未获取到号码【1579588】GSD，可能号码格式错误
2021-07-24 01:31:33 获取到号码【1579588】的GSD为【-】
2021-07-24 01:31:51 GSD insert 第 1 次 等待 3 秒
2021-07-24 01:31:54 {"status":"ok","gid":371831,"msg":"添加成功！"}
2021-07-24 01:31:54 下次操作: 2021-07-24 01:32:10

2021-07-24 01:32:10 开始第 33 次操作

2021-07-24 01:32:10 开始操作号码 【1579587】
2021-07-24 01:32:17 GSD getOne 第 1 次 等待 3 秒
2021-07-24 01:32:20 查询号码 【1579587】，返回信息 {"status":"bad","msg":""}
2021-07-24 01:32:20 查询号码 【1579587】，GSD为【""】
2021-07-24 01:32:20 bad
2021-07-24 01:32:21 CHB 1579587?1627061540 第 1 次 等待 3 秒
2021-07-24 01:32:24 CHB 1579587?1627061540 第 1 次 获取到号码【1579587】GSD
2021-07-24 01:32:24 未获取到号码【1579587】GSD，可能号码格式错误
2021-07-24 01:32:24 获取到号码【1579587】的GSD为【-】
2021-07-24 01:32:58 GSD insert 第 1 次 等待 3 秒
2021-07-24 01:33:01 {"status":"ok","gid":371841,"msg":"添加成功！"}
2021-07-24 01:33:01 下次操作: 2021-07-24 01:33:13

2021-07-24 01:33:13 开始第 34 次操作

2021-07-24 01:33:13 开始操作号码 【1579586】
2021-07-24 01:33:25 GSD getOne 第 1 次 等待 3 秒
2021-07-24 01:33:28 查询号码 【1579586】，返回信息 {"status":"bad","msg":""}
2021-07-24 01:33:28 查询号码 【1579586】，GSD为【""】
2021-07-24 01:33:28 bad
2021-07-24 01:33:30 CHB 1579586?1627061608 第 1 次 等待 3 秒
2021-07-24 01:33:33 CHB 1579586?1627061608 第 1 次 获取到号码【1579586】GSD
2021-07-24 01:33:33 未获取到号码【1579586】GSD，可能号码格式错误
2021-07-24 01:33:33 获取到号码【1579586】的GSD为【-】
2021-07-24 01:33:51 GSD insert 第 1 次 等待 3 秒
2021-07-24 01:33:54 {"status":"ok","gid":371849,"msg":"添加成功！"}
2021-07-24 01:33:54 下次操作: 2021-07-24 01:34:10

2021-07-24 01:34:10 开始第 35 次操作

2021-07-24 01:34:10 开始操作号码 【1579585】
2021-07-24 01:34:14 GSD getOne 第 1 次 等待 3 秒
2021-07-24 01:34:17 查询号码 【1579585】，返回信息 {"status":"bad","msg":""}
2021-07-24 01:34:17 查询号码 【1579585】，GSD为【""】
2021-07-24 01:34:17 bad
2021-07-24 01:34:19 CHB 1579585?1627061657 第 1 次 等待 3 秒
2021-07-24 01:34:22 CHB 1579585?1627061657 第 1 次 获取到号码【1579585】GSD
2021-07-24 01:34:22 未获取到号码【1579585】GSD，可能号码格式错误
2021-07-24 01:34:22 获取到号码【1579585】的GSD为【-】
2021-07-24 01:34:41 GSD insert 第 1 次 等待 3 秒
2021-07-24 01:34:44 {"status":"ok","gid":371857,"msg":"添加成功！"}
2021-07-24 01:34:44 下次操作: 2021-07-24 01:34:56

2021-07-24 01:34:56 开始第 36 次操作

2021-07-24 01:34:56 开始操作号码 【1579584】
2021-07-24 01:35:06 GSD getOne 第 1 次 等待 3 秒
2021-07-24 01:35:09 查询号码 【1579584】，返回信息 {"status":"bad","msg":""}
2021-07-24 01:35:09 查询号码 【1579584】，GSD为【""】
2021-07-24 01:35:09 bad
2021-07-24 01:35:10 CHB 1579584?1627061709 第 1 次 等待 3 秒
2021-07-24 01:35:13 CHB 1579584?1627061709 第 1 次 获取到号码【1579584】GSD
2021-07-24 01:35:13 未获取到号码【1579584】GSD，可能号码格式错误
2021-07-24 01:35:13 获取到号码【1579584】的GSD为【-】
2021-07-24 01:35:31 GSD insert 第 1 次 等待 3 秒
2021-07-24 01:35:34 {"status":"ok","gid":371864,"msg":"添加成功！"}
2021-07-24 01:35:34 下次操作: 2021-07-24 01:35:48

2021-07-24 01:35:49 开始第 37 次操作

2021-07-24 01:35:49 开始操作号码 【1579583】
2021-07-24 01:35:55 GSD getOne 第 1 次 等待 3 秒
2021-07-24 01:35:58 查询号码 【1579583】，返回信息 {"status":"bad","msg":""}
2021-07-24 01:35:58 查询号码 【1579583】，GSD为【""】
2021-07-24 01:35:58 bad
2021-07-24 01:36:00 CHB 1579583?1627061758 第 1 次 等待 3 秒
2021-07-24 01:36:03 CHB 1579583?1627061758 第 1 次 获取到号码【1579583】GSD
2021-07-24 01:36:03 未获取到号码【1579583】GSD，可能号码格式错误
2021-07-24 01:36:03 获取到号码【1579583】的GSD为【-】
2021-07-24 01:36:21 GSD insert 第 1 次 等待 3 秒
2021-07-24 01:36:24 {"status":"ok","gid":371873,"msg":"添加成功！"}
2021-07-24 01:36:24 下次操作: 2021-07-24 01:36:47

2021-07-24 01:36:47 开始第 38 次操作

2021-07-24 01:36:47 开始操作号码 【1579582】
2021-07-24 01:36:51 GSD getOne 第 1 次 等待 3 秒
2021-07-24 01:36:54 查询号码 【1579582】，返回信息 {"status":"bad","msg":""}
2021-07-24 01:36:54 查询号码 【1579582】，GSD为【""】
2021-07-24 01:36:54 bad
2021-07-24 01:36:55 CHB 1579582?1627061814 第 1 次 等待 3 秒
2021-07-24 01:36:58 CHB 1579582?1627061814 第 1 次 获取到号码【1579582】GSD
2021-07-24 01:36:58 未获取到号码【1579582】GSD，可能号码格式错误
2021-07-24 01:36:58 获取到号码【1579582】的GSD为【-】
2021-07-24 01:37:17 GSD insert 第 1 次 等待 3 秒
2021-07-24 01:37:20 {"status":"ok","gid":371880,"msg":"添加成功！"}
2021-07-24 01:37:20 下次操作: 2021-07-24 01:37:39

2021-07-24 01:37:39 开始第 39 次操作

2021-07-24 01:37:39 开始操作号码 【1579581】
2021-07-24 01:37:43 GSD getOne 第 1 次 等待 3 秒
2021-07-24 01:37:46 查询号码 【1579581】，返回信息 {"status":"bad","msg":""}
2021-07-24 01:37:46 查询号码 【1579581】，GSD为【""】
2021-07-24 01:37:46 bad
2021-07-24 01:37:48 CHB 1579581?1627061866 第 1 次 等待 3 秒
2021-07-24 01:37:51 CHB 1579581?1627061866 第 1 次 获取到号码【1579581】GSD
2021-07-24 01:37:51 未获取到号码【1579581】GSD，可能号码格式错误
2021-07-24 01:37:51 获取到号码【1579581】的GSD为【-】
2021-07-24 01:38:27 GSD insert 第 1 次 等待 3 秒
2021-07-24 01:38:30 {"status":"ok","gid":371893,"msg":"添加成功！"}
2021-07-24 01:38:30 下次操作: 2021-07-24 01:38:52

2021-07-24 01:38:52 开始第 40 次操作

2021-07-24 01:38:52 开始操作号码 【1579580】
2021-07-24 01:39:01 GSD getOne 第 1 次 等待 3 秒
2021-07-24 01:39:04 查询号码 【1579580】，返回信息 {"status":"bad","msg":""}
2021-07-24 01:39:04 查询号码 【1579580】，GSD为【""】
2021-07-24 01:39:04 bad
2021-07-24 01:39:05 CHB 1579580?1627061944 第 1 次 等待 3 秒
2021-07-24 01:39:08 CHB 1579580?1627061944 第 1 次 获取到号码【1579580】GSD
2021-07-24 01:39:08 未获取到号码【1579580】GSD，可能号码格式错误
2021-07-24 01:39:08 获取到号码【1579580】的GSD为【-】
2021-07-24 01:39:27 GSD insert 第 1 次 等待 3 秒
2021-07-24 01:39:30 {"status":"ok","gid":371901,"msg":"添加成功！"}

2021-07-24 01:43:37 开始第 1 次操作

2021-07-24 01:43:37 开始操作号码 【1579579】
2021-07-24 01:43:41 GSD getOne 第 1 次 等待 3 秒
2021-07-24 01:43:44 查询号码 【1579579】，返回信息 {"status":"bad","msg":""}
2021-07-24 01:43:44 查询号码 【1579579】，GSD为【""】
2021-07-24 01:43:44 bad
2021-07-24 01:43:47 CHB 1579579?1627062224 第 1 次 等待 3 秒
2021-07-24 01:43:50 CHB 1579579?1627062224 第 1 次 获取到号码【1579579】GSD
2021-07-24 01:43:50 未获取到号码【1579579】GSD，可能号码格式错误
2021-07-24 01:43:50 获取到号码【1579579】的GSD为【-】
2021-07-24 01:44:00 GSD insert 第 1 次 等待 3 秒
2021-07-24 01:44:03 {"status":"ok","gid":371948,"msg":"添加成功！"}
2021-07-24 01:44:03 下次操作: 2021-07-24 01:44:25

2021-07-24 01:44:25 开始第 2 次操作

2021-07-24 01:44:25 开始操作号码 【1579578】
2021-07-24 01:44:28 GSD getOne 第 1 次 等待 3 秒
2021-07-24 01:44:31 查询号码 【1579578】，返回信息 {"status":"bad","msg":""}
2021-07-24 01:44:31 查询号码 【1579578】，GSD为【""】
2021-07-24 01:44:31 bad
2021-07-24 01:44:32 CHB 1579578?1627062271 第 1 次 等待 3 秒
2021-07-24 01:44:35 CHB 1579578?1627062271 第 1 次 获取到号码【1579578】GSD
2021-07-24 01:44:36 未获取到号码【1579578】GSD，可能号码格式错误
2021-07-24 01:44:36 获取到号码【1579578】的GSD为【-】
2021-07-24 01:44:53 GSD insert 第 1 次 等待 3 秒
2021-07-24 01:44:56 {"status":"ok","gid":371960,"msg":"添加成功！"}
2021-07-24 01:44:57 下次操作: 2021-07-24 01:45:19

2021-07-24 01:45:19 开始第 3 次操作

2021-07-24 01:45:19 开始操作号码 【1579577】
2021-07-24 01:45:21 GSD getOne 第 1 次 等待 3 秒
2021-07-24 01:45:24 查询号码 【1579577】，返回信息 {"status":"bad","msg":""}
2021-07-24 01:45:24 查询号码 【1579577】，GSD为【""】
2021-07-24 01:45:24 bad
2021-07-24 01:45:26 CHB 1579577?1627062324 第 1 次 等待 3 秒
2021-07-24 01:45:29 CHB 1579577?1627062324 第 1 次 获取到号码【1579577】GSD
2021-07-24 01:45:29 未获取到号码【1579577】GSD，查号吧 400 错误
2021-07-24 01:45:29 获取到号码【1579577】的GSD为【-】
2021-07-24 01:45:48 GSD insert 第 1 次 等待 3 秒
2021-07-24 01:45:51 {"status":"ok","gid":371975,"msg":"添加成功！"}
2021-07-24 01:45:51 下次操作: 2021-07-24 01:46:10

2021-07-24 01:46:10 开始第 4 次操作

2021-07-24 01:46:10 开始操作号码 【1579576】
2021-07-24 01:46:15 GSD getOne 第 1 次 等待 3 秒
2021-07-24 01:46:18 查询号码 【1579576】，返回信息 {"status":"bad","msg":""}
2021-07-24 01:46:18 查询号码 【1579576】，GSD为【""】
2021-07-24 01:46:18 bad
2021-07-24 01:46:23 CHB 1579576?1627062378 第 1 次 等待 3 秒
2021-07-24 01:46:26 CHB 1579576?1627062378 第 1 次 获取到号码【1579576】GSD
2021-07-24 01:46:26 未获取到号码【1579576】GSD，可能号码格式错误
2021-07-24 01:46:26 获取到号码【1579576】的GSD为【-】
2021-07-24 01:46:35 GSD insert 第 1 次 等待 3 秒
2021-07-24 01:46:38 {"status":"ok","gid":371989,"msg":"添加成功！"}
2021-07-24 01:46:38 下次操作: 2021-07-24 01:46:55

2021-07-24 01:46:56 开始第 5 次操作

2021-07-24 01:46:56 开始操作号码 【1579575】
2021-07-24 01:47:00 GSD getOne 第 1 次 等待 3 秒
2021-07-24 01:47:03 查询号码 【1579575】，返回信息 {"status":"bad","msg":""}
2021-07-24 01:47:03 查询号码 【1579575】，GSD为【""】
2021-07-24 01:47:03 bad
2021-07-24 01:47:05 CHB 1579575?1627062423 第 1 次 等待 3 秒
2021-07-24 01:47:08 CHB 1579575?1627062423 第 1 次 获取到号码【1579575】GSD
2021-07-24 01:47:08 未获取到号码【1579575】GSD，可能号码格式错误
2021-07-24 01:47:08 获取到号码【1579575】的GSD为【-】
2021-07-24 01:47:26 GSD insert 第 1 次 等待 3 秒
2021-07-24 01:47:29 {"status":"ok","gid":372004,"msg":"添加成功！"}
2021-07-24 01:47:29 下次操作: 2021-07-24 01:47:43

2021-07-24 01:47:43 开始第 6 次操作

2021-07-24 01:47:43 开始操作号码 【1579574】
2021-07-24 01:47:46 GSD getOne 第 1 次 等待 3 秒
2021-07-24 01:47:49 查询号码 【1579574】，返回信息 {"status":"bad","msg":""}
2021-07-24 01:47:49 查询号码 【1579574】，GSD为【""】
2021-07-24 01:47:49 bad
2021-07-24 01:47:51 CHB 1579574?1627062469 第 1 次 等待 3 秒
2021-07-24 01:47:54 CHB 1579574?1627062469 第 1 次 获取到号码【1579574】GSD
2021-07-24 01:47:54 未获取到号码【1579574】GSD，可能号码格式错误
2021-07-24 01:47:54 获取到号码【1579574】的GSD为【-】
2021-07-24 01:48:12 GSD insert 第 1 次 等待 3 秒
2021-07-24 01:48:15 {"status":"ok","gid":372015,"msg":"添加成功！"}
2021-07-24 01:48:15 下次操作: 2021-07-24 01:48:36

2021-07-24 01:48:36 开始第 7 次操作

2021-07-24 01:48:36 开始操作号码 【1579573】
2021-07-24 01:48:41 GSD getOne 第 1 次 等待 3 秒
2021-07-24 01:48:44 查询号码 【1579573】，返回信息 {"status":"bad","msg":""}
2021-07-24 01:48:44 查询号码 【1579573】，GSD为【""】
2021-07-24 01:48:44 bad
2021-07-24 01:48:47 CHB 1579573?1627062524 第 1 次 等待 3 秒
2021-07-24 01:48:50 CHB 1579573?1627062524 第 1 次 获取到号码【1579573】GSD
2021-07-24 01:48:50 未获取到号码【1579573】GSD，可能号码格式错误
2021-07-24 01:48:50 获取到号码【1579573】的GSD为【-】
2021-07-24 01:49:00 GSD insert 第 1 次 等待 3 秒
2021-07-24 01:49:03 {"status":"ok","gid":372027,"msg":"添加成功！"}
2021-07-24 01:49:03 下次操作: 2021-07-24 01:49:23

2021-07-24 01:49:23 开始第 8 次操作

2021-07-24 01:49:23 开始操作号码 【1579572】
2021-07-24 01:49:26 GSD getOne 第 1 次 等待 3 秒
2021-07-24 01:49:29 查询号码 【1579572】，返回信息 {"status":"bad","msg":""}
2021-07-24 01:49:29 查询号码 【1579572】，GSD为【""】
2021-07-24 01:49:29 bad
2021-07-24 01:49:31 CHB 1579572?1627062569 第 1 次 等待 3 秒
2021-07-24 01:49:34 CHB 1579572?1627062569 第 1 次 获取到号码【1579572】GSD
2021-07-24 01:49:34 未获取到号码【1579572】GSD，可能号码格式错误
2021-07-24 01:49:34 获取到号码【1579572】的GSD为【-】
2021-07-24 01:49:45 GSD insert 第 1 次 等待 3 秒
2021-07-24 01:49:48 {"status":"ok","gid":372041,"msg":"添加成功！"}
2021-07-24 01:49:48 下次操作: 2021-07-24 01:50:12

2021-07-24 01:50:12 开始第 9 次操作

2021-07-24 01:50:12 开始操作号码 【1579571】
2021-07-24 01:50:16 GSD getOne 第 1 次 等待 3 秒
2021-07-24 01:50:19 查询号码 【1579571】，返回信息 {"status":"bad","msg":""}
2021-07-24 01:50:19 查询号码 【1579571】，GSD为【""】
2021-07-24 01:50:19 bad
2021-07-24 01:55:20 CHB 1579571?1627062619 第 1 次 等待 3 秒
2021-07-24 01:55:23 CHB 1579571?1627062619 第 1 次 未获取到 等待 13 秒 下次操作: 2021-07-24 01:55:36
2021-07-24 01:55:38 CHB 1579571?1627062936 第 2 次 等待 3 秒
2021-07-24 01:55:41 CHB 1579571?1627062936 第 2 次 获取到号码【1579571】GSD
2021-07-24 01:55:41 未获取到号码【1579571】GSD，可能号码格式错误
2021-07-24 01:55:41 获取到号码【1579571】的GSD为【-】
2021-07-24 01:55:46 GSD insert 第 1 次 等待 3 秒
2021-07-24 01:55:49 {"status":"ok","gid":372063,"msg":"添加成功！"}
2021-07-24 01:55:49 下次操作: 2021-07-24 01:56:10

2021-07-24 01:56:10 开始第 10 次操作

2021-07-24 01:56:10 开始操作号码 【1579570】
2021-07-24 01:56:13 GSD getOne 第 1 次 等待 3 秒
2021-07-24 01:56:16 查询号码 【1579570】，返回信息 {"status":"bad","msg":""}
2021-07-24 01:56:16 查询号码 【1579570】，GSD为【""】
2021-07-24 01:56:16 bad
2021-07-24 01:56:18 CHB 1579570?1627062976 第 1 次 等待 3 秒
2021-07-24 01:56:21 CHB 1579570?1627062976 第 1 次 获取到号码【1579570】GSD
2021-07-24 01:56:21 未获取到号码【1579570】GSD，可能号码格式错误
2021-07-24 01:56:21 获取到号码【1579570】的GSD为【-】
2021-07-24 01:56:42 GSD insert 第 1 次 等待 3 秒
2021-07-24 01:56:45 {"status":"ok","gid":372079,"msg":"添加成功！"}
2021-07-24 01:56:45 下次操作: 2021-07-24 01:57:04

2021-07-24 01:57:04 开始第 11 次操作

2021-07-24 01:57:04 开始操作号码 【1579569】
2021-07-24 01:57:07 GSD getOne 第 1 次 等待 3 秒
2021-07-24 01:57:10 查询号码 【1579569】，返回信息 {"status":"bad","msg":""}
2021-07-24 01:57:10 查询号码 【1579569】，GSD为【""】
2021-07-24 01:57:10 bad
2021-07-24 01:57:12 CHB 1579569?1627063030 第 1 次 等待 3 秒
2021-07-24 01:57:15 CHB 1579569?1627063030 第 1 次 获取到号码【1579569】GSD
2021-07-24 01:57:15 未获取到号码【1579569】GSD，可能号码格式错误
2021-07-24 01:57:15 获取到号码【1579569】的GSD为【-】
2021-07-24 01:57:33 GSD insert 第 1 次 等待 3 秒
2021-07-24 01:57:36 {"status":"ok","gid":372093,"msg":"添加成功！"}
2021-07-24 01:57:36 下次操作: 2021-07-24 01:57:58

2021-07-24 01:57:58 开始第 12 次操作

2021-07-24 01:57:58 开始操作号码 【1579568】
2021-07-24 01:58:03 GSD getOne 第 1 次 等待 3 秒
2021-07-24 01:58:06 查询号码 【1579568】，返回信息 {"status":"bad","msg":""}
2021-07-24 01:58:06 查询号码 【1579568】，GSD为【""】
2021-07-24 01:58:06 bad
2021-07-24 01:58:08 CHB 1579568?1627063086 第 1 次 等待 3 秒
2021-07-24 01:58:11 CHB 1579568?1627063086 第 1 次 获取到号码【1579568】GSD
2021-07-24 01:58:11 未获取到号码【1579568】GSD，可能号码格式错误
2021-07-24 01:58:11 获取到号码【1579568】的GSD为【-】
2021-07-24 01:58:29 GSD insert 第 1 次 等待 3 秒
2021-07-24 01:58:32 {"status":"ok","gid":372108,"msg":"添加成功！"}
2021-07-24 01:58:32 下次操作: 2021-07-24 01:58:52

2021-07-24 01:58:52 开始第 13 次操作

2021-07-24 01:58:52 开始操作号码 【1579567】
2021-07-24 01:58:55 GSD getOne 第 1 次 等待 3 秒
2021-07-24 01:58:58 查询号码 【1579567】，返回信息 {"status":"bad","msg":""}
2021-07-24 01:58:58 查询号码 【1579567】，GSD为【""】
2021-07-24 01:58:58 bad
2021-07-24 01:59:00 CHB 1579567?1627063138 第 1 次 等待 3 秒
2021-07-24 01:59:03 CHB 1579567?1627063138 第 1 次 获取到号码【1579567】GSD
2021-07-24 01:59:03 未获取到号码【1579567】GSD，可能号码格式错误
2021-07-24 01:59:03 获取到号码【1579567】的GSD为【-】
2021-07-24 01:59:21 GSD insert 第 1 次 等待 3 秒
2021-07-24 01:59:24 {"status":"ok","gid":372124,"msg":"添加成功！"}
2021-07-24 01:59:24 下次操作: 2021-07-24 01:59:36

2021-07-24 01:59:36 开始第 14 次操作

2021-07-24 01:59:36 开始操作号码 【1579566】
2021-07-24 01:59:40 GSD getOne 第 1 次 等待 3 秒
2021-07-24 01:59:43 查询号码 【1579566】，返回信息 {"status":"bad","msg":""}
2021-07-24 01:59:43 查询号码 【1579566】，GSD为【""】
2021-07-24 01:59:43 bad
2021-07-24 01:59:48 CHB 1579566?1627063183 第 1 次 等待 3 秒
2021-07-24 01:59:51 CHB 1579566?1627063183 第 1 次 获取到号码【1579566】GSD
2021-07-24 01:59:51 未获取到号码【1579566】GSD，可能号码格式错误
2021-07-24 01:59:51 获取到号码【1579566】的GSD为【-】
2021-07-24 02:00:04 GSD insert 第 1 次 等待 3 秒
2021-07-24 02:00:07 {"status":"ok","gid":372137,"msg":"添加成功！"}
2021-07-24 02:00:07 下次操作: 2021-07-24 02:00:20

2021-07-24 02:00:20 开始第 15 次操作

2021-07-24 02:00:20 开始操作号码 【1579565】
2021-07-24 02:00:24 GSD getOne 第 1 次 等待 3 秒
2021-07-24 02:00:27 查询号码 【1579565】，返回信息 {"status":"bad","msg":""}
2021-07-24 02:00:27 查询号码 【1579565】，GSD为【""】
2021-07-24 02:00:27 bad
2021-07-24 02:00:29 CHB 1579565?1627063227 第 1 次 等待 3 秒
2021-07-24 02:00:32 CHB 1579565?1627063227 第 1 次 获取到号码【1579565】GSD
2021-07-24 02:00:32 未获取到号码【1579565】GSD，可能号码格式错误
2021-07-24 02:00:32 获取到号码【1579565】的GSD为【-】
2021-07-24 02:00:50 GSD insert 第 1 次 等待 3 秒
2021-07-24 02:00:53 {"status":"ok","gid":372147,"msg":"添加成功！"}
2021-07-24 02:00:53 下次操作: 2021-07-24 02:01:17

2021-07-24 02:01:17 开始第 16 次操作

2021-07-24 02:01:17 开始操作号码 【1579564】
2021-07-24 02:01:20 GSD getOne 第 1 次 等待 3 秒
2021-07-24 02:01:23 查询号码 【1579564】，返回信息 {"status":"bad","msg":""}
2021-07-24 02:01:23 查询号码 【1579564】，GSD为【""】
2021-07-24 02:01:23 bad
2021-07-24 02:01:25 CHB 1579564?1627063283 第 1 次 等待 3 秒
2021-07-24 02:01:28 CHB 1579564?1627063283 第 1 次 获取到号码【1579564】GSD
2021-07-24 02:01:28 未获取到号码【1579564】GSD，可能号码格式错误
2021-07-24 02:01:28 获取到号码【1579564】的GSD为【-】
2021-07-24 02:01:48 GSD insert 第 1 次 等待 3 秒
2021-07-24 02:01:51 {"status":"ok","gid":372165,"msg":"添加成功！"}
2021-07-24 02:01:51 下次操作: 2021-07-24 02:02:15

2021-07-24 02:02:15 开始第 17 次操作

2021-07-24 02:02:15 开始操作号码 【1579563】
2021-07-24 02:02:18 GSD getOne 第 1 次 等待 3 秒
2021-07-24 02:02:21 查询号码 【1579563】，返回信息 {"status":"bad","msg":""}
2021-07-24 02:02:21 查询号码 【1579563】，GSD为【""】
2021-07-24 02:02:21 bad
2021-07-24 02:02:23 CHB 1579563?1627063341 第 1 次 等待 3 秒
2021-07-24 02:02:26 CHB 1579563?1627063341 第 1 次 获取到号码【1579563】GSD
2021-07-24 02:02:26 未获取到号码【1579563】GSD，可能号码格式错误
2021-07-24 02:02:26 获取到号码【1579563】的GSD为【-】
2021-07-24 02:02:44 GSD insert 第 1 次 等待 3 秒
2021-07-24 02:02:47 {"status":"ok","gid":372178,"msg":"添加成功！"}
2021-07-24 02:02:47 下次操作: 2021-07-24 02:03:07

2021-07-24 02:03:07 开始第 18 次操作

2021-07-24 02:03:07 开始操作号码 【1579562】
2021-07-24 02:03:10 GSD getOne 第 1 次 等待 3 秒
2021-07-24 02:03:13 查询号码 【1579562】，返回信息 {"status":"bad","msg":""}
2021-07-24 02:03:13 查询号码 【1579562】，GSD为【""】
2021-07-24 02:03:13 bad
2021-07-24 02:03:15 CHB 1579562?1627063393 第 1 次 等待 3 秒
2021-07-24 02:03:18 CHB 1579562?1627063393 第 1 次 获取到号码【1579562】GSD
2021-07-24 02:03:18 未获取到号码【1579562】GSD，可能号码格式错误
2021-07-24 02:03:18 获取到号码【1579562】的GSD为【-】
2021-07-24 02:03:36 GSD insert 第 1 次 等待 3 秒
2021-07-24 02:03:39 {"status":"ok","gid":372192,"msg":"添加成功！"}
2021-07-24 02:03:39 下次操作: 2021-07-24 02:03:55

2021-07-24 02:03:55 开始第 19 次操作

2021-07-24 02:03:55 开始操作号码 【1579561】
2021-07-24 02:03:58 GSD getOne 第 1 次 等待 3 秒
2021-07-24 02:04:01 查询号码 【1579561】，返回信息 {"status":"bad","msg":""}
2021-07-24 02:04:01 查询号码 【1579561】，GSD为【""】
2021-07-24 02:04:01 bad
2021-07-24 02:04:04 CHB 1579561?1627063441 第 1 次 等待 3 秒
2021-07-24 02:04:07 CHB 1579561?1627063441 第 1 次 获取到号码【1579561】GSD
2021-07-24 02:04:07 未获取到号码【1579561】GSD，可能号码格式错误
2021-07-24 02:04:07 获取到号码【1579561】的GSD为【-】
2021-07-24 02:04:17 GSD insert 第 1 次 等待 3 秒
2021-07-24 02:04:20 {"status":"ok","gid":372201,"msg":"添加成功！"}
2021-07-24 02:04:20 下次操作: 2021-07-24 02:04:40

2021-07-24 02:04:40 开始第 20 次操作

2021-07-24 02:04:40 开始操作号码 【1579560】
2021-07-24 02:04:42 GSD getOne 第 1 次 等待 3 秒
2021-07-24 02:04:45 查询号码 【1579560】，返回信息 {"status":"bad","msg":""}
2021-07-24 02:04:46 查询号码 【1579560】，GSD为【""】
2021-07-24 02:04:46 bad
2021-07-24 02:04:47 CHB 1579560?1627063486 第 1 次 等待 3 秒
2021-07-24 02:04:50 CHB 1579560?1627063486 第 1 次 获取到号码【1579560】GSD
2021-07-24 02:04:51 未获取到号码【1579560】GSD，可能号码格式错误
2021-07-24 02:04:51 获取到号码【1579560】的GSD为【-】
2021-07-24 02:05:09 GSD insert 第 1 次 等待 3 秒
2021-07-24 02:05:12 {"status":"ok","gid":372216,"msg":"添加成功！"}
2021-07-24 02:05:12 下次操作: 2021-07-24 02:05:31

2021-07-24 02:05:31 开始第 21 次操作

2021-07-24 02:05:31 开始操作号码 【1579559】
2021-07-24 02:05:37 GSD getOne 第 1 次 等待 3 秒
2021-07-24 02:05:40 查询号码 【1579559】，返回信息 {"status":"bad","msg":""}
2021-07-24 02:05:40 查询号码 【1579559】，GSD为【""】
2021-07-24 02:05:40 bad
2021-07-24 02:05:42 CHB 1579559?1627063540 第 1 次 等待 3 秒
2021-07-24 02:05:45 CHB 1579559?1627063540 第 1 次 获取到号码【1579559】GSD
2021-07-24 02:05:45 未获取到号码【1579559】GSD，可能号码格式错误
2021-07-24 02:05:45 获取到号码【1579559】的GSD为【-】
2021-07-24 02:05:56 GSD insert 第 1 次 等待 3 秒
2021-07-24 02:05:59 {"status":"ok","gid":372227,"msg":"添加成功！"}
2021-07-24 02:05:59 下次操作: 2021-07-24 02:06:14

2021-07-24 02:06:14 开始第 22 次操作

2021-07-24 02:06:14 开始操作号码 【1579558】
2021-07-24 02:06:16 GSD getOne 第 1 次 等待 3 秒
2021-07-24 02:06:19 查询号码 【1579558】，返回信息 {"status":"bad","msg":""}
2021-07-24 02:06:20 查询号码 【1579558】，GSD为【""】
2021-07-24 02:06:20 bad
2021-07-24 02:06:26 CHB 1579558?1627063580 第 1 次 等待 3 秒
2021-07-24 02:06:29 CHB 1579558?1627063580 第 1 次 获取到号码【1579558】GSD
2021-07-24 02:06:29 未获取到号码【1579558】GSD，可能号码格式错误
2021-07-24 02:06:29 获取到号码【1579558】的GSD为【-】
2021-07-24 02:06:39 GSD insert 第 1 次 等待 3 秒
2021-07-24 02:06:42 {"status":"ok","gid":372239,"msg":"添加成功！"}
2021-07-24 02:06:42 下次操作: 2021-07-24 02:07:05

2021-07-24 02:07:05 开始第 23 次操作

2021-07-24 02:07:05 开始操作号码 【1579557】
2021-07-24 02:07:07 GSD getOne 第 1 次 等待 3 秒
2021-07-24 02:07:10 查询号码 【1579557】，返回信息 {"status":"bad","msg":""}
2021-07-24 02:07:10 查询号码 【1579557】，GSD为【""】
2021-07-24 02:07:10 bad
2021-07-24 02:07:13 CHB 1579557?1627063630 第 1 次 等待 3 秒
2021-07-24 02:07:16 CHB 1579557?1627063630 第 1 次 获取到号码【1579557】GSD
2021-07-24 02:07:16 未获取到号码【1579557】GSD，可能号码格式错误
2021-07-24 02:07:16 获取到号码【1579557】的GSD为【-】
2021-07-24 02:07:26 GSD insert 第 1 次 等待 3 秒
2021-07-24 02:07:29 {"status":"ok","gid":372252,"msg":"添加成功！"}
2021-07-24 02:07:29 下次操作: 2021-07-24 02:07:48

2021-07-24 02:07:48 开始第 24 次操作

2021-07-24 02:07:48 开始操作号码 【1579556】
2021-07-24 02:07:51 GSD getOne 第 1 次 等待 3 秒
2021-07-24 02:07:54 查询号码 【1579556】，返回信息 {"status":"bad","msg":""}
2021-07-24 02:07:54 查询号码 【1579556】，GSD为【""】
2021-07-24 02:07:54 bad
2021-07-24 02:07:56 CHB 1579556?1627063674 第 1 次 等待 3 秒
2021-07-24 02:07:59 CHB 1579556?1627063674 第 1 次 获取到号码【1579556】GSD
2021-07-24 02:07:59 未获取到号码【1579556】GSD，可能号码格式错误
2021-07-24 02:07:59 获取到号码【1579556】的GSD为【-】
2021-07-24 02:08:19 GSD insert 第 1 次 等待 3 秒
2021-07-24 02:08:22 {"status":"ok","gid":372264,"msg":"添加成功！"}
2021-07-24 02:08:22 下次操作: 2021-07-24 02:08:45

2021-07-24 02:08:45 开始第 25 次操作

2021-07-24 02:08:45 开始操作号码 【1579555】
2021-07-24 02:08:47 GSD getOne 第 1 次 等待 3 秒
2021-07-24 02:08:50 查询号码 【1579555】，返回信息 {"status":"bad","msg":""}
2021-07-24 02:08:51 查询号码 【1579555】，GSD为【""】
2021-07-24 02:08:51 bad
2021-07-24 02:08:52 CHB 1579555?1627063731 第 1 次 等待 3 秒
2021-07-24 02:08:55 CHB 1579555?1627063731 第 1 次 获取到号码【1579555】GSD
2021-07-24 02:08:55 未获取到号码【1579555】GSD，可能号码格式错误
2021-07-24 02:08:55 获取到号码【1579555】的GSD为【-】
2021-07-24 02:09:14 GSD insert 第 1 次 等待 3 秒
2021-07-24 02:09:17 {"status":"ok","gid":372277,"msg":"添加成功！"}
2021-07-24 02:09:17 下次操作: 2021-07-24 02:09:35

2021-07-24 02:09:35 开始第 26 次操作

2021-07-24 02:09:35 开始操作号码 【1579554】
2021-07-24 02:09:38 GSD getOne 第 1 次 等待 3 秒
2021-07-24 02:09:41 查询号码 【1579554】，返回信息 {"status":"bad","msg":""}
2021-07-24 02:09:41 查询号码 【1579554】，GSD为【""】
2021-07-24 02:09:41 bad
2021-07-24 02:09:44 CHB 1579554?1627063781 第 1 次 等待 3 秒
2021-07-24 02:09:47 CHB 1579554?1627063781 第 1 次 获取到号码【1579554】GSD
2021-07-24 02:09:47 未获取到号码【1579554】GSD，可能号码格式错误
2021-07-24 02:09:47 获取到号码【1579554】的GSD为【-】
2021-07-24 02:09:57 GSD insert 第 1 次 等待 3 秒
2021-07-24 02:10:00 {"status":"ok","gid":372286,"msg":"添加成功！"}
2021-07-24 02:10:00 下次操作: 2021-07-24 02:10:18

2021-07-24 02:10:18 开始第 27 次操作

2021-07-24 02:10:18 开始操作号码 【1579553】
2021-07-24 02:10:21 GSD getOne 第 1 次 等待 3 秒
2021-07-24 02:10:24 查询号码 【1579553】，返回信息 {"status":"bad","msg":""}
2021-07-24 02:10:24 查询号码 【1579553】，GSD为【""】
2021-07-24 02:10:24 bad
2021-07-24 02:10:26 CHB 1579553?1627063824 第 1 次 等待 3 秒
2021-07-24 02:10:29 CHB 1579553?1627063824 第 1 次 获取到号码【1579553】GSD
2021-07-24 02:10:29 未获取到号码【1579553】GSD，可能号码格式错误
2021-07-24 02:10:29 获取到号码【1579553】的GSD为【-】
2021-07-24 02:10:40 GSD insert 第 1 次 等待 3 秒
2021-07-24 02:10:43 {"status":"ok","gid":372294,"msg":"添加成功！"}
2021-07-24 02:10:43 下次操作: 2021-07-24 02:11:03

2021-07-24 02:11:03 开始第 28 次操作

2021-07-24 02:11:03 开始操作号码 【1579552】
2021-07-24 02:11:09 GSD getOne 第 1 次 等待 3 秒
2021-07-24 02:11:12 查询号码 【1579552】，返回信息 {"status":"bad","msg":""}
2021-07-24 02:11:12 查询号码 【1579552】，GSD为【""】
2021-07-24 02:11:12 bad
2021-07-24 02:11:14 CHB 1579552?1627063872 第 1 次 等待 3 秒
2021-07-24 02:11:17 CHB 1579552?1627063872 第 1 次 获取到号码【1579552】GSD
2021-07-24 02:11:17 未获取到号码【1579552】GSD，可能号码格式错误
2021-07-24 02:11:17 获取到号码【1579552】的GSD为【-】
2021-07-24 02:11:36 GSD insert 第 1 次 等待 3 秒
2021-07-24 02:11:39 {"status":"ok","gid":372309,"msg":"添加成功！"}
2021-07-24 02:11:39 下次操作: 2021-07-24 02:11:51

2021-07-24 02:11:51 开始第 29 次操作

2021-07-24 02:11:51 开始操作号码 【1579551】
2021-07-24 02:11:55 GSD getOne 第 1 次 等待 3 秒
2021-07-24 02:11:58 查询号码 【1579551】，返回信息 {"status":"bad","msg":""}
2021-07-24 02:11:58 查询号码 【1579551】，GSD为【""】
2021-07-24 02:11:58 bad
2021-07-24 02:12:00 CHB 1579551?1627063918 第 1 次 等待 3 秒
2021-07-24 02:12:03 CHB 1579551?1627063918 第 1 次 获取到号码【1579551】GSD
2021-07-24 02:12:03 未获取到号码【1579551】GSD，可能号码格式错误
2021-07-24 02:12:03 获取到号码【1579551】的GSD为【-】
2021-07-24 02:12:24 GSD insert 第 1 次 等待 3 秒
2021-07-24 02:12:27 {"status":"ok","gid":372317,"msg":"添加成功！"}
2021-07-24 02:12:27 下次操作: 2021-07-24 02:12:44

2021-07-24 02:12:44 开始第 30 次操作

2021-07-24 02:12:44 开始操作号码 【1579550】
2021-07-24 02:12:47 GSD getOne 第 1 次 等待 3 秒
2021-07-24 02:12:50 查询号码 【1579550】，返回信息 {"status":"bad","msg":""}
2021-07-24 02:12:50 查询号码 【1579550】，GSD为【""】
2021-07-24 02:12:50 bad
2021-07-24 02:12:55 CHB 1579550?1627063970 第 1 次 等待 3 秒
2021-07-24 02:12:58 CHB 1579550?1627063970 第 1 次 获取到号码【1579550】GSD
2021-07-24 02:12:58 未获取到号码【1579550】GSD，可能号码格式错误
2021-07-24 02:12:58 获取到号码【1579550】的GSD为【-】
2021-07-24 02:13:08 GSD insert 第 1 次 等待 3 秒
2021-07-24 02:13:11 {"status":"ok","gid":372324,"msg":"添加成功！"}
2021-07-24 02:13:11 下次操作: 2021-07-24 02:13:34

2021-07-24 02:13:34 开始第 31 次操作

2021-07-24 02:13:34 开始操作号码 【1579549】
2021-07-24 02:13:37 GSD getOne 第 1 次 等待 3 秒
2021-07-24 02:13:40 查询号码 【1579549】，返回信息 {"status":"bad","msg":""}
2021-07-24 02:13:40 查询号码 【1579549】，GSD为【""】
2021-07-24 02:13:40 bad
2021-07-24 02:13:43 CHB 1579549?1627064020 第 1 次 等待 3 秒
2021-07-24 02:13:46 CHB 1579549?1627064020 第 1 次 获取到号码【1579549】GSD
2021-07-24 02:13:46 未获取到号码【1579549】GSD，可能号码格式错误
2021-07-24 02:13:46 获取到号码【1579549】的GSD为【-】
2021-07-24 02:13:56 GSD insert 第 1 次 等待 3 秒
2021-07-24 02:13:59 {"status":"ok","gid":372332,"msg":"添加成功！"}
2021-07-24 02:13:59 下次操作: 2021-07-24 02:14:16

2021-07-24 02:14:17 开始第 32 次操作

2021-07-24 02:14:17 开始操作号码 【1579548】
2021-07-24 02:14:20 GSD getOne 第 1 次 等待 3 秒
2021-07-24 02:14:23 查询号码 【1579548】，返回信息 {"status":"bad","msg":""}
2021-07-24 02:14:23 查询号码 【1579548】，GSD为【""】
2021-07-24 02:14:23 bad
2021-07-24 02:14:25 CHB 1579548?1627064063 第 1 次 等待 3 秒
2021-07-24 02:14:28 CHB 1579548?1627064063 第 1 次 获取到号码【1579548】GSD
2021-07-24 02:14:28 未获取到号码【1579548】GSD，可能号码格式错误
2021-07-24 02:14:28 获取到号码【1579548】的GSD为【-】
2021-07-24 02:14:46 GSD insert 第 1 次 等待 3 秒
2021-07-24 02:14:49 {"status":"ok","gid":372338,"msg":"添加成功！"}
2021-07-24 02:14:49 下次操作: 2021-07-24 02:15:10

2021-07-24 02:15:10 开始第 33 次操作

2021-07-24 02:15:10 开始操作号码 【1579547】
2021-07-24 02:15:12 GSD getOne 第 1 次 等待 3 秒
2021-07-24 02:15:15 查询号码 【1579547】，返回信息 {"status":"bad","msg":""}
2021-07-24 02:15:15 查询号码 【1579547】，GSD为【""】
2021-07-24 02:15:15 bad
2021-07-24 02:15:17 CHB 1579547?1627064115 第 1 次 等待 3 秒
2021-07-24 02:15:20 CHB 1579547?1627064115 第 1 次 获取到号码【1579547】GSD
2021-07-24 02:15:21 未获取到号码【1579547】GSD，可能号码格式错误
2021-07-24 02:15:21 获取到号码【1579547】的GSD为【-】
2021-07-24 02:15:39 GSD insert 第 1 次 等待 3 秒
2021-07-24 02:15:42 {"status":"ok","gid":372346,"msg":"添加成功！"}
2021-07-24 02:15:42 下次操作: 2021-07-24 02:16:01

2021-07-24 02:16:01 开始第 34 次操作

2021-07-24 02:16:01 开始操作号码 【1579546】
2021-07-24 02:16:04 GSD getOne 第 1 次 等待 3 秒
2021-07-24 02:16:07 查询号码 【1579546】，返回信息 {"status":"bad","msg":""}
2021-07-24 02:16:07 查询号码 【1579546】，GSD为【""】
2021-07-24 02:16:07 bad
2021-07-24 02:16:09 CHB 1579546?1627064167 第 1 次 等待 3 秒
2021-07-24 02:16:12 CHB 1579546?1627064167 第 1 次 获取到号码【1579546】GSD
2021-07-24 02:16:12 未获取到号码【1579546】GSD，可能号码格式错误
2021-07-24 02:16:12 获取到号码【1579546】的GSD为【-】
2021-07-24 02:16:30 GSD insert 第 1 次 等待 3 秒
2021-07-24 02:16:33 {"status":"ok","gid":372352,"msg":"添加成功！"}
2021-07-24 02:16:33 下次操作: 2021-07-24 02:16:53

2021-07-24 02:16:53 开始第 35 次操作

2021-07-24 02:16:53 开始操作号码 【1579545】
2021-07-24 02:16:56 GSD getOne 第 1 次 等待 3 秒
2021-07-24 02:16:59 查询号码 【1579545】，返回信息 {"status":"bad","msg":""}
2021-07-24 02:16:59 查询号码 【1579545】，GSD为【""】
2021-07-24 02:16:59 bad
2021-07-24 02:17:02 CHB 1579545?1627064219 第 1 次 等待 3 秒
2021-07-24 02:17:05 CHB 1579545?1627064219 第 1 次 获取到号码【1579545】GSD
2021-07-24 02:17:05 未获取到号码【1579545】GSD，可能号码格式错误
2021-07-24 02:17:05 获取到号码【1579545】的GSD为【-】
2021-07-24 02:17:17 GSD insert 第 1 次 等待 3 秒
2021-07-24 02:17:20 {"status":"ok","gid":372358,"msg":"添加成功！"}
2021-07-24 02:17:20 下次操作: 2021-07-24 02:17:44

2021-07-24 02:17:44 开始第 36 次操作

2021-07-24 02:17:44 开始操作号码 【1579544】
2021-07-24 02:17:47 GSD getOne 第 1 次 等待 3 秒
2021-07-24 02:17:50 查询号码 【1579544】，返回信息 {"status":"bad","msg":""}
2021-07-24 02:17:50 查询号码 【1579544】，GSD为【""】
2021-07-24 02:17:50 bad
2021-07-24 02:17:52 CHB 1579544?1627064270 第 1 次 等待 3 秒
2021-07-24 02:17:55 CHB 1579544?1627064270 第 1 次 获取到号码【1579544】GSD
2021-07-24 02:17:55 未获取到号码【1579544】GSD，可能号码格式错误
2021-07-24 02:17:55 获取到号码【1579544】的GSD为【-】
2021-07-24 02:18:13 GSD insert 第 1 次 等待 3 秒
2021-07-24 02:18:16 {"status":"ok","gid":372364,"msg":"添加成功！"}
2021-07-24 02:18:16 下次操作: 2021-07-24 02:18:32

2021-07-24 02:18:32 开始第 37 次操作

2021-07-24 02:18:32 开始操作号码 【1579543】
2021-07-24 02:18:34 GSD getOne 第 1 次 等待 3 秒
2021-07-24 02:18:37 查询号码 【1579543】，返回信息 {"status":"bad","msg":""}
2021-07-24 02:18:38 查询号码 【1579543】，GSD为【""】
2021-07-24 02:18:38 bad
2021-07-24 02:18:40 CHB 1579543?1627064318 第 1 次 等待 3 秒
2021-07-24 02:18:43 CHB 1579543?1627064318 第 1 次 获取到号码【1579543】GSD
2021-07-24 02:18:43 未获取到号码【1579543】GSD，可能号码格式错误
2021-07-24 02:18:43 获取到号码【1579543】的GSD为【-】
2021-07-24 02:19:01 GSD insert 第 1 次 等待 3 秒
2021-07-24 02:19:04 {"status":"ok","gid":372371,"msg":"添加成功！"}
2021-07-24 02:19:04 下次操作: 2021-07-24 02:19:28

2021-07-24 02:19:28 开始第 38 次操作

2021-07-24 02:19:28 开始操作号码 【1579542】
2021-07-24 02:19:32 GSD getOne 第 1 次 等待 3 秒
2021-07-24 02:19:35 查询号码 【1579542】，返回信息 {"status":"bad","msg":""}
2021-07-24 02:19:35 查询号码 【1579542】，GSD为【""】
2021-07-24 02:19:35 bad
2021-07-24 02:19:37 CHB 1579542?1627064375 第 1 次 等待 3 秒
2021-07-24 02:19:40 CHB 1579542?1627064375 第 1 次 获取到号码【1579542】GSD
2021-07-24 02:19:40 未获取到号码【1579542】GSD，可能号码格式错误
2021-07-24 02:19:40 获取到号码【1579542】的GSD为【-】
2021-07-24 02:19:58 GSD insert 第 1 次 等待 3 秒
2021-07-24 02:20:01 {"status":"ok","gid":372377,"msg":"添加成功！"}
2021-07-24 02:20:01 下次操作: 2021-07-24 02:20:15

2021-07-24 02:20:15 开始第 39 次操作

2021-07-24 02:20:15 开始操作号码 【1579541】
2021-07-24 02:20:19 GSD getOne 第 1 次 等待 3 秒
2021-07-24 02:20:22 查询号码 【1579541】，返回信息 {"status":"bad","msg":""}
2021-07-24 02:20:22 查询号码 【1579541】，GSD为【""】
2021-07-24 02:20:22 bad
2021-07-24 02:20:24 CHB 1579541?1627064422 第 1 次 等待 3 秒
2021-07-24 02:20:27 CHB 1579541?1627064422 第 1 次 获取到号码【1579541】GSD
2021-07-24 02:20:27 未获取到号码【1579541】GSD，可能号码格式错误
2021-07-24 02:20:27 获取到号码【1579541】的GSD为【-】
2021-07-24 02:20:45 GSD insert 第 1 次 等待 3 秒
2021-07-24 02:20:48 {"status":"ok","gid":372381,"msg":"添加成功！"}
2021-07-24 02:20:48 下次操作: 2021-07-24 02:21:07

2021-07-24 02:21:07 开始第 40 次操作

2021-07-24 02:21:07 开始操作号码 【1579540】
2021-07-24 02:21:09 GSD getOne 第 1 次 等待 3 秒
2021-07-24 02:21:12 查询号码 【1579540】，返回信息 {"status":"bad","msg":""}
2021-07-24 02:21:12 查询号码 【1579540】，GSD为【""】
2021-07-24 02:21:12 bad
2021-07-24 02:21:14 CHB 1579540?1627064472 第 1 次 等待 3 秒
2021-07-24 02:21:17 CHB 1579540?1627064472 第 1 次 获取到号码【1579540】GSD
2021-07-24 02:21:17 未获取到号码【1579540】GSD，可能号码格式错误
2021-07-24 02:21:17 获取到号码【1579540】的GSD为【-】
2021-07-24 02:21:36 GSD insert 第 1 次 等待 3 秒
2021-07-24 02:21:39 {"status":"ok","gid":372393,"msg":"添加成功！"}

