2024-08-02 00:24:41 开始第 9137 次操作

2024-08-02 00:24:41 开始操作号码 【1469039】
2024-08-02 00:25:22 GSD getOne 第 1 次 等待 3 秒
2024-08-02 00:25:25 查询号码 【1469039】，返回信息 {"status":"ok","msg":"广东-广州","gid":"364194","time_insert":"2021-07-23 09:41","time_update":"2023-05-23 21:46"}
2024-08-02 00:25:25 查询号码 【1469039】，GSD为【"广东-广州"】

2024-08-02 00:25:26 开始第 9138 次操作

2024-08-02 00:25:26 开始操作号码 【1469040】
2024-08-02 00:25:34 GSD getOne 第 1 次 等待 3 秒
2024-08-02 00:25:37 查询号码 【1469040】，返回信息 {"status":"ok","msg":"广东-广州","gid":"363928","time_insert":"2021-07-23 08:00","time_update":"2023-05-23 21:49"}
2024-08-02 00:25:37 查询号码 【1469040】，GSD为【"广东-广州"】

2024-08-02 00:25:38 开始第 9139 次操作

2024-08-02 00:25:38 开始操作号码 【1469041】
2024-08-02 00:25:46 GSD getOne 第 1 次 等待 3 秒
2024-08-02 00:25:49 查询号码 【1469041】，返回信息 {"status":"ok","msg":"广东-广州","gid":"363921","time_insert":"2021-07-23 07:59","time_update":"2023-05-23 21:53"}
2024-08-02 00:25:49 查询号码 【1469041】，GSD为【"广东-广州"】

2024-08-02 00:25:50 开始第 9140 次操作

2024-08-02 00:25:50 开始操作号码 【1469042】
2024-08-02 00:25:58 GSD getOne 第 1 次 等待 3 秒
2024-08-02 00:26:01 查询号码 【1469042】，返回信息 {"status":"ok","msg":"广东-广州","gid":"363910","time_insert":"2021-07-23 07:59","time_update":"2023-05-23 21:54"}
2024-08-02 00:26:01 查询号码 【1469042】，GSD为【"广东-广州"】

