2023-12-07 00:24:13 开始第 1773 次操作

2023-12-07 00:24:13 开始操作号码 【1791688】
2023-12-07 00:24:17 GSD getOne 第 1 次 等待 3 秒
2023-12-07 00:24:20 查询号码 【1791688】，返回信息 {"status":"ok","msg":"-","gid":"580257","time_insert":"2023-03-09 19:37"}
2023-12-07 00:24:20 查询号码 【1791688】，GSD为【"-"】
2023-12-07 00:24:20 ok && -
2023-12-07 00:24:23 CHB 1791688?1701879860 第 1 次 等待 3 秒
2023-12-07 00:24:26 CHB 1791688?1701879860 第 1 次 获取到号码【1791688】GSD
2023-12-07 00:24:26 未获取到号码【1791688】GSD，可能号码格式错误
2023-12-07 00:24:26 获取到号码【1791688】的GSD为【-】
2023-12-07 00:24:29 GSD insert 第 1 次 等待 3 秒
2023-12-07 00:24:32 {"status":"bad","gid":"580257","msg":"添加失败！号码【1791688(-|-)】已存在！"}
2023-12-07 00:24:32 随机等待 220 秒，约 3 分钟
2023-12-07 00:24:32 下次操作: 2023-12-07 00:28:12

2023-12-07 00:28:12 开始第 1774 次操作

2023-12-07 00:28:12 开始操作号码 【1791689】
2023-12-07 00:28:16 GSD getOne 第 1 次 等待 3 秒
2023-12-07 00:28:19 查询号码 【1791689】，返回信息 {"status":"ok","msg":"-","gid":"580290","time_insert":"2023-03-09 19:55"}
2023-12-07 00:28:19 查询号码 【1791689】，GSD为【"-"】
2023-12-07 00:28:19 ok && -
2023-12-07 00:28:21 CHB 1791689?1701880099 第 1 次 等待 3 秒
2023-12-07 00:28:24 CHB 1791689?1701880099 第 1 次 获取到号码【1791689】GSD
2023-12-07 00:28:24 未获取到号码【1791689】GSD，可能号码格式错误
2023-12-07 00:28:24 获取到号码【1791689】的GSD为【-】
2023-12-07 00:28:27 GSD insert 第 1 次 等待 3 秒
2023-12-07 00:28:30 {"status":"bad","gid":"580290","msg":"添加失败！号码【1791689(-|-)】已存在！"}
2023-12-07 00:28:30 随机等待 172 秒，约 2 分钟
2023-12-07 00:28:30 下次操作: 2023-12-07 00:31:22

2023-12-07 00:31:22 开始第 1775 次操作

2023-12-07 00:31:22 开始操作号码 【1791690】
2023-12-07 00:31:26 GSD getOne 第 1 次 等待 3 秒
2023-12-07 00:31:29 查询号码 【1791690】，返回信息 {"status":"ok","msg":"-","gid":"580315","time_insert":"2023-03-09 20:15"}
2023-12-07 00:31:29 查询号码 【1791690】，GSD为【"-"】
2023-12-07 00:31:29 ok && -
2023-12-07 00:31:39 CHB 1791690?1701880289 第 1 次 等待 3 秒
2023-12-07 00:31:42 CHB 1791690?1701880289 第 1 次 获取到号码【1791690】GSD
2023-12-07 00:31:43 未获取到号码【1791690】GSD，可能号码格式错误
2023-12-07 00:31:43 获取到号码【1791690】的GSD为【-】
2023-12-07 00:31:47 GSD insert 第 1 次 等待 3 秒
2023-12-07 00:31:50 {"status":"bad","gid":"580315","msg":"添加失败！号码【1791690(-|-)】已存在！"}
2023-12-07 00:31:50 随机等待 161 秒，约 2 分钟
2023-12-07 00:31:50 下次操作: 2023-12-07 00:34:31

2023-12-07 00:34:31 开始第 1776 次操作

2023-12-07 00:34:31 开始操作号码 【1791691】
2023-12-07 00:34:35 GSD getOne 第 1 次 等待 3 秒
2023-12-07 00:34:38 查询号码 【1791691】，返回信息 {"status":"ok","msg":"-","gid":"580341","time_insert":"2023-03-09 20:33"}
2023-12-07 00:34:38 查询号码 【1791691】，GSD为【"-"】
2023-12-07 00:34:38 ok && -
2023-12-07 00:34:41 CHB 1791691?1701880478 第 1 次 等待 3 秒
2023-12-07 00:34:44 CHB 1791691?1701880478 第 1 次 获取到号码【1791691】GSD
2023-12-07 00:34:44 未获取到号码【1791691】GSD，可能号码格式错误
2023-12-07 00:34:44 获取到号码【1791691】的GSD为【-】
2023-12-07 00:34:48 GSD insert 第 1 次 等待 3 秒
2023-12-07 00:34:51 {"status":"bad","gid":"580341","msg":"添加失败！号码【1791691(-|-)】已存在！"}

