2023-10-21 00:21:51 开始第 4141 次操作

2023-10-21 00:21:51 开始操作号码 【1894055】
2023-10-21 00:21:55 GSD getOne 第 1 次 等待 3 秒
2023-10-21 00:21:58 查询号码 【1894055】，返回信息 {"status":"ok","msg":"辽宁-朝阳","gid":"490393","time_insert":"2021-08-03 13:45"}
2023-10-21 00:21:58 查询号码 【1894055】，GSD为【"辽宁-朝阳"】

2023-10-21 00:21:59 开始第 4142 次操作

2023-10-21 00:21:59 开始操作号码 【1894056】
2023-10-21 00:22:02 GSD getOne 第 1 次 等待 3 秒
2023-10-21 00:22:05 查询号码 【1894056】，返回信息 {"status":"ok","msg":"辽宁-朝阳","gid":"490387","time_insert":"2021-08-03 13:45"}
2023-10-21 00:22:05 查询号码 【1894056】，GSD为【"辽宁-朝阳"】

2023-10-21 00:22:06 开始第 4143 次操作

2023-10-21 00:22:06 开始操作号码 【1894057】
2023-10-21 00:22:09 GSD getOne 第 1 次 等待 3 秒
2023-10-21 00:22:12 查询号码 【1894057】，返回信息 {"status":"ok","msg":"辽宁-朝阳","gid":"490379","time_insert":"2021-08-03 13:44"}
2023-10-21 00:22:12 查询号码 【1894057】，GSD为【"辽宁-朝阳"】

2023-10-21 00:22:13 开始第 4144 次操作

2023-10-21 00:22:13 开始操作号码 【1894058】
2023-10-21 00:22:17 GSD getOne 第 1 次 等待 3 秒
2023-10-21 00:22:20 查询号码 【1894058】，返回信息 {"status":"ok","msg":"辽宁-朝阳","gid":"490371","time_insert":"2021-08-03 13:43"}
2023-10-21 00:22:20 查询号码 【1894058】，GSD为【"辽宁-朝阳"】

2023-10-21 00:40:19 开始第 4145 次操作

2023-10-21 00:40:19 开始操作号码 【1894059】
2023-10-21 00:40:23 GSD getOne 第 1 次 等待 3 秒
2023-10-21 00:40:27 查询号码 【1894059】，返回信息 {"status":"ok","msg":"辽宁-朝阳","gid":"490363","time_insert":"2021-08-03 13:42"}
2023-10-21 00:40:27 查询号码 【1894059】，GSD为【"辽宁-朝阳"】

2023-10-21 00:40:28 开始第 4146 次操作

2023-10-21 00:40:28 开始操作号码 【1894060】
2023-10-21 00:40:30 GSD getOne 第 1 次 等待 3 秒
2023-10-21 00:40:34 查询号码 【1894060】，返回信息 {"status":"ok","msg":"辽宁-锦州","gid":"490357","time_insert":"2021-08-03 13:42"}
2023-10-21 00:40:34 查询号码 【1894060】，GSD为【"辽宁-锦州"】

2023-10-21 00:40:35 开始第 4147 次操作

2023-10-21 00:40:35 开始操作号码 【1894061】
2023-10-21 00:40:47 GSD getOne 第 1 次 等待 3 秒
2023-10-21 00:40:50 查询号码 【1894061】，返回信息 {"status":"ok","msg":"辽宁-锦州","gid":"490349","time_insert":"2021-08-03 13:41"}
2023-10-21 00:40:50 查询号码 【1894061】，GSD为【"辽宁-锦州"】

2023-10-21 00:40:51 开始第 4148 次操作

2023-10-21 00:40:51 开始操作号码 【1894062】
2023-10-21 00:41:00 GSD getOne 第 1 次 等待 3 秒
2023-10-21 00:41:03 查询号码 【1894062】，返回信息 {"status":"ok","msg":"辽宁-锦州","gid":"490343","time_insert":"2021-08-03 13:40"}
2023-10-21 00:41:03 查询号码 【1894062】，GSD为【"辽宁-锦州"】

