2024-09-10 00:23:43 开始第 3741 次操作

2024-09-10 00:23:43 开始操作号码 【1353740】
2024-09-10 00:23:51 GSD getOne 第 1 次 等待 3 秒
2024-09-10 00:23:54 查询号码 【1353740】，返回信息 {"status":"ok","msg":"广东-东莞","gid":"5654","time_insert":"2017-04-21 16:48","time_update":"2020-09-26 09:05"}
2024-09-10 00:23:54 查询号码 【1353740】，GSD为【"广东-东莞"】

2024-09-10 00:23:55 开始第 3742 次操作

2024-09-10 00:23:55 开始操作号码 【1353741】
2024-09-10 00:24:03 GSD getOne 第 1 次 等待 3 秒
2024-09-10 00:24:06 查询号码 【1353741】，返回信息 {"status":"ok","msg":"广东-东莞","gid":"5655","time_insert":"2017-04-16 17:27","time_update":"2020-09-26 09:08"}
2024-09-10 00:24:06 查询号码 【1353741】，GSD为【"广东-东莞"】

2024-09-10 00:24:07 开始第 3743 次操作

2024-09-10 00:24:07 开始操作号码 【1353742】
2024-09-10 00:24:15 GSD getOne 第 1 次 等待 3 秒
2024-09-10 00:24:18 查询号码 【1353742】，返回信息 {"status":"ok","msg":"广东-东莞","gid":"117308","time_insert":"2021-06-23 10:16"}
2024-09-10 00:24:18 查询号码 【1353742】，GSD为【"广东-东莞"】

2024-09-10 00:24:19 开始第 3744 次操作

2024-09-10 00:24:19 开始操作号码 【1353743】
2024-09-10 00:24:28 GSD getOne 第 1 次 等待 3 秒
2024-09-10 00:24:31 查询号码 【1353743】，返回信息 {"status":"ok","msg":"广东-东莞","gid":"117411","time_insert":"2021-06-23 10:32"}
2024-09-10 00:24:31 查询号码 【1353743】，GSD为【"广东-东莞"】

2024-09-10 00:43:14 开始第 3745 次操作

2024-09-10 00:43:14 开始操作号码 【1353744】
2024-09-10 00:43:23 GSD getOne 第 1 次 等待 3 秒
2024-09-10 00:43:26 查询号码 【1353744】，返回信息 {"status":"ok","msg":"广东-东莞","gid":"117472","time_insert":"2021-06-23 10:53"}
2024-09-10 00:43:27 查询号码 【1353744】，GSD为【"广东-东莞"】

2024-09-10 00:43:28 开始第 3746 次操作

2024-09-10 00:43:28 开始操作号码 【1353745】
2024-09-10 00:43:36 GSD getOne 第 1 次 等待 3 秒
2024-09-10 00:43:39 查询号码 【1353745】，返回信息 {"status":"ok","msg":"广东-东莞","gid":"117614","time_insert":"2021-06-23 11:16"}
2024-09-10 00:43:39 查询号码 【1353745】，GSD为【"广东-东莞"】

2024-09-10 00:43:40 开始第 3747 次操作

2024-09-10 00:43:40 开始操作号码 【1353746】
2024-09-10 00:43:49 GSD getOne 第 1 次 等待 3 秒
2024-09-10 00:43:52 查询号码 【1353746】，返回信息 {"status":"ok","msg":"广东-东莞","gid":"117645","time_insert":"2021-06-23 11:38"}
2024-09-10 00:43:52 查询号码 【1353746】，GSD为【"广东-东莞"】

2024-09-10 00:43:53 开始第 3748 次操作

2024-09-10 00:43:53 开始操作号码 【1353747】
2024-09-10 00:44:01 GSD getOne 第 1 次 等待 3 秒
2024-09-10 00:44:04 查询号码 【1353747】，返回信息 {"status":"ok","msg":"广东-东莞","gid":"117689","time_insert":"2021-06-23 11:56"}
2024-09-10 00:44:04 查询号码 【1353747】，GSD为【"广东-东莞"】

