2024-07-10 00:24:19 开始第 5121 次操作

2024-07-10 00:24:19 开始操作号码 【1465023】
2024-07-10 00:24:28 GSD getOne 第 1 次 等待 3 秒
2024-07-10 00:24:31 查询号码 【1465023】，返回信息 {"status":"ok","msg":"广东-东莞","gid":"368990","time_insert":"2021-07-23 19:00"}
2024-07-10 00:24:31 查询号码 【1465023】，GSD为【"广东-东莞"】

2024-07-10 00:24:32 开始第 5122 次操作

2024-07-10 00:24:32 开始操作号码 【1465024】
2024-07-10 00:24:40 GSD getOne 第 1 次 等待 3 秒
2024-07-10 00:24:43 查询号码 【1465024】，返回信息 {"status":"ok","msg":"广东-东莞","gid":"369099","time_insert":"2021-07-23 19:12"}
2024-07-10 00:24:43 查询号码 【1465024】，GSD为【"广东-东莞"】

2024-07-10 00:24:44 开始第 5123 次操作

2024-07-10 00:24:44 开始操作号码 【1465025】
2024-07-10 00:24:52 GSD getOne 第 1 次 等待 3 秒
2024-07-10 00:24:55 查询号码 【1465025】，返回信息 {"status":"ok","msg":"广东-东莞","gid":"369143","time_insert":"2021-07-23 19:23"}
2024-07-10 00:24:55 查询号码 【1465025】，GSD为【"广东-东莞"】

2024-07-10 00:24:56 开始第 5124 次操作

2024-07-10 00:24:56 开始操作号码 【1465026】
2024-07-10 00:25:05 GSD getOne 第 1 次 等待 3 秒
2024-07-10 00:25:08 查询号码 【1465026】，返回信息 {"status":"ok","msg":"广东-东莞","gid":"369199","time_insert":"2021-07-23 19:37"}
2024-07-10 00:25:08 查询号码 【1465026】，GSD为【"广东-东莞"】

