2024-03-22 00:22:53 开始第 45 次操作

2024-03-22 00:22:53 开始操作号码 【1689957】
2024-03-22 00:22:58 GSD getOne 第 1 次 等待 3 秒
2024-03-22 00:23:01 查询号码 【1689957】，返回信息 {"status":"ok","msg":"-","gid":"658191","time_insert":"2023-04-16 16:32"}
2024-03-22 00:23:01 查询号码 【1689957】，GSD为【"-"】
2024-03-22 00:23:01 ok && -
2024-03-22 00:23:04 CHB 1689957?1711038181 第 1 次 等待 3 秒
2024-03-22 00:23:07 CHB 1689957?1711038181 第 1 次 获取到号码【1689957】GSD
2024-03-22 00:23:07 未获取到号码【1689957】GSD，可能号码格式错误
2024-03-22 00:23:07 获取到号码【1689957】的GSD为【-】
2024-03-22 00:23:12 GSD insert 第 1 次 等待 3 秒
2024-03-22 00:23:15 {"status":"bad","gid":"658191","msg":"添加失败！号码【1689957(-|-)】已存在！"}
2024-03-22 00:23:15 随机等待 119 秒，约 1 分钟
2024-03-22 00:23:15 下次操作: 2024-03-22 00:25:14

2024-03-22 00:25:14 开始第 46 次操作

2024-03-22 00:25:14 开始操作号码 【1689958】
2024-03-22 00:25:21 GSD getOne 第 1 次 等待 3 秒
2024-03-22 00:25:24 查询号码 【1689958】，返回信息 {"status":"ok","msg":"-","gid":"658186","time_insert":"2023-04-16 16:30"}
2024-03-22 00:25:24 查询号码 【1689958】，GSD为【"-"】
2024-03-22 00:25:24 ok && -
2024-03-22 00:25:30 CHB 1689958?1711038324 第 1 次 等待 3 秒
2024-03-22 00:25:33 CHB 1689958?1711038324 第 1 次 获取到号码【1689958】GSD
2024-03-22 00:25:33 未获取到号码【1689958】GSD，可能号码格式错误
2024-03-22 00:25:33 获取到号码【1689958】的GSD为【-】
2024-03-22 00:25:39 GSD insert 第 1 次 等待 3 秒
2024-03-22 00:25:42 {"status":"bad","gid":"658186","msg":"添加失败！号码【1689958(-|-)】已存在！"}
2024-03-22 00:25:42 随机等待 122 秒，约 2 分钟
2024-03-22 00:25:42 下次操作: 2024-03-22 00:27:44

2024-03-22 00:27:44 开始第 47 次操作

2024-03-22 00:27:44 开始操作号码 【1689959】
2024-03-22 00:27:51 GSD getOne 第 1 次 等待 3 秒
2024-03-22 00:27:54 查询号码 【1689959】，返回信息 {"status":"ok","msg":"-","gid":"658184","time_insert":"2023-04-16 16:28"}
2024-03-22 00:27:54 查询号码 【1689959】，GSD为【"-"】
2024-03-22 00:27:54 ok && -
2024-03-22 00:27:57 CHB 1689959?1711038474 第 1 次 等待 3 秒
2024-03-22 00:28:00 CHB 1689959?1711038474 第 1 次 获取到号码【1689959】GSD
2024-03-22 00:28:00 未获取到号码【1689959】GSD，可能号码格式错误
2024-03-22 00:28:00 获取到号码【1689959】的GSD为【-】
2024-03-22 00:28:05 GSD insert 第 1 次 等待 3 秒
2024-03-22 00:28:08 {"status":"bad","gid":"658184","msg":"添加失败！号码【1689959(-|-)】已存在！"}
2024-03-22 00:28:08 随机等待 134 秒，约 2 分钟
2024-03-22 00:28:08 下次操作: 2024-03-22 00:30:22

2024-03-22 00:30:22 开始第 48 次操作

2024-03-22 00:30:22 开始操作号码 【1689960】
2024-03-22 00:30:28 GSD getOne 第 1 次 等待 3 秒
2024-03-22 00:30:31 查询号码 【1689960】，返回信息 {"status":"ok","msg":"-","gid":"658177","time_insert":"2023-04-16 16:21"}
2024-03-22 00:30:31 查询号码 【1689960】，GSD为【"-"】
2024-03-22 00:30:31 ok && -
2024-03-22 00:30:34 CHB 1689960?1711038631 第 1 次 等待 3 秒
2024-03-22 00:30:37 CHB 1689960?1711038631 第 1 次 获取到号码【1689960】GSD
2024-03-22 00:30:37 未获取到号码【1689960】GSD，可能号码格式错误
2024-03-22 00:30:37 获取到号码【1689960】的GSD为【-】
2024-03-22 00:30:41 GSD insert 第 1 次 等待 3 秒
2024-03-22 00:30:44 {"status":"bad","gid":"658177","msg":"添加失败！号码【1689960(-|-)】已存在！"}

