2024-10-04 00:25:32 开始第 7845 次操作

2024-10-04 00:25:32 开始操作号码 【1357844】
2024-10-04 00:25:35 GSD getOne 第 1 次 等待 3 秒
2024-10-04 00:25:38 查询号码 【1357844】，返回信息 {"status":"ok","msg":"云南-临沧","gid":"322564","time_insert":"2021-07-19 04:43"}
2024-10-04 00:25:38 查询号码 【1357844】，GSD为【"云南-临沧"】

2024-10-04 00:25:39 开始第 7846 次操作

2024-10-04 00:25:39 开始操作号码 【1357845】
2024-10-04 00:25:41 GSD getOne 第 1 次 等待 3 秒
2024-10-04 00:25:44 查询号码 【1357845】，返回信息 {"status":"ok","msg":"云南-楚雄","gid":"6918","time_insert":"2017-11-21 19:34","time_update":"2020-11-26 01:36"}
2024-10-04 00:25:44 查询号码 【1357845】，GSD为【"云南-楚雄"】

2024-10-04 00:25:45 开始第 7847 次操作

2024-10-04 00:25:45 开始操作号码 【1357846】
2024-10-04 00:25:47 GSD getOne 第 1 次 等待 3 秒
2024-10-04 00:25:50 查询号码 【1357846】，返回信息 {"status":"ok","msg":"云南-怒江","gid":"6919","time_insert":"2017-02-27 08:57","time_update":"2020-11-26 01:41"}
2024-10-04 00:25:50 查询号码 【1357846】，GSD为【"云南-怒江"】

2024-10-04 00:25:51 开始第 7848 次操作

2024-10-04 00:25:51 开始操作号码 【1357847】
2024-10-04 00:25:53 GSD getOne 第 1 次 等待 3 秒
2024-10-04 00:25:56 查询号码 【1357847】，返回信息 {"status":"ok","msg":"云南-迪庆","gid":"6920","time_insert":"2018-03-13 15:17","time_update":"2020-11-26 01:45"}
2024-10-04 00:25:56 查询号码 【1357847】，GSD为【"云南-迪庆"】

2024-10-04 00:45:31 开始第 7849 次操作

2024-10-04 00:45:31 开始操作号码 【1357848】
2024-10-04 00:45:33 GSD getOne 第 1 次 等待 3 秒
2024-10-04 00:45:36 查询号码 【1357848】，返回信息 {"status":"ok","msg":"云南-丽江","gid":"6921","time_insert":"2017-08-03 17:45","time_update":"2020-11-26 01:50"}
2024-10-04 00:45:36 查询号码 【1357848】，GSD为【"云南-丽江"】

2024-10-04 00:45:37 开始第 7850 次操作

2024-10-04 00:45:37 开始操作号码 【1357849】
2024-10-04 00:45:39 GSD getOne 第 1 次 等待 3 秒
2024-10-04 00:45:42 查询号码 【1357849】，返回信息 {"status":"ok","msg":"云南-楚雄","gid":"6922","time_insert":"2017-11-10 00:50","time_update":"2020-11-26 01:55"}
2024-10-04 00:45:42 查询号码 【1357849】，GSD为【"云南-楚雄"】

2024-10-04 00:45:43 开始第 7851 次操作

2024-10-04 00:45:43 开始操作号码 【1357850】
2024-10-04 00:45:45 GSD getOne 第 1 次 等待 3 秒
2024-10-04 00:45:48 查询号码 【1357850】，返回信息 {"status":"ok","msg":"吉林-吉林","gid":"322541","time_insert":"2021-07-19 04:40"}
2024-10-04 00:45:48 查询号码 【1357850】，GSD为【"吉林-吉林"】

2024-10-04 00:45:49 开始第 7852 次操作

2024-10-04 00:45:49 开始操作号码 【1357851】
2024-10-04 00:45:51 GSD getOne 第 1 次 等待 3 秒
2024-10-04 00:45:54 查询号码 【1357851】，返回信息 {"status":"ok","msg":"吉林-吉林","gid":"322532","time_insert":"2021-07-19 04:39"}
2024-10-04 00:45:54 查询号码 【1357851】，GSD为【"吉林-吉林"】

