2023-10-09 00:19:39 开始第 2233 次操作

2023-10-09 00:19:39 开始操作号码 【1892232】
2023-10-09 00:19:43 GSD getOne 第 1 次 等待 3 秒
2023-10-09 00:19:46 查询号码 【1892232】，返回信息 {"status":"ok","msg":"广东-广州","gid":"498599","time_insert":"2021-08-07 11:08"}
2023-10-09 00:19:46 查询号码 【1892232】，GSD为【"广东-广州"】

2023-10-09 00:19:47 开始第 2234 次操作

2023-10-09 00:19:47 开始操作号码 【1892233】
2023-10-09 00:19:56 GSD getOne 第 1 次 等待 3 秒
2023-10-09 00:19:59 查询号码 【1892233】，返回信息 {"status":"ok","msg":"广东-广州","gid":"498601","time_insert":"2021-08-07 11:12"}
2023-10-09 00:19:59 查询号码 【1892233】，GSD为【"广东-广州"】

2023-10-09 00:20:00 开始第 2235 次操作

2023-10-09 00:20:00 开始操作号码 【1892234】
2023-10-09 00:20:04 GSD getOne 第 1 次 等待 3 秒
2023-10-09 00:20:07 查询号码 【1892234】，返回信息 {"status":"ok","msg":"广东-广州","gid":"498607","time_insert":"2021-08-07 11:20"}
2023-10-09 00:20:07 查询号码 【1892234】，GSD为【"广东-广州"】

2023-10-09 00:20:08 开始第 2236 次操作

2023-10-09 00:20:08 开始操作号码 【1892235】
2023-10-09 00:20:18 GSD getOne 第 1 次 等待 3 秒
2023-10-09 00:20:21 查询号码 【1892235】，返回信息 {"status":"ok","msg":"广东-广州","gid":"498609","time_insert":"2021-08-07 11:22"}
2023-10-09 00:20:21 查询号码 【1892235】，GSD为【"广东-广州"】

