2023-11-16 00:23:26 开始第 8721 次操作

2023-11-16 00:23:26 开始操作号码 【1898635】
2023-11-16 00:23:30 GSD getOne 第 1 次 等待 3 秒
2023-11-16 00:23:33 查询号码 【1898635】，返回信息 {"status":"ok","msg":"湖北-襄阳","gid":"441866","time_insert":"2021-07-30 06:58"}
2023-11-16 00:23:33 查询号码 【1898635】，GSD为【"湖北-襄阳"】

2023-11-16 00:23:34 开始第 8722 次操作

2023-11-16 00:23:34 开始操作号码 【1898636】
2023-11-16 00:23:46 GSD getOne 第 1 次 等待 3 秒
2023-11-16 00:23:49 查询号码 【1898636】，返回信息 {"status":"ok","msg":"湖北-襄阳","gid":"441853","time_insert":"2021-07-30 06:57","time_update":"2021-08-10 13:26"}
2023-11-16 00:23:49 查询号码 【1898636】，GSD为【"湖北-襄阳"】

2023-11-16 00:23:50 开始第 8723 次操作

2023-11-16 00:23:50 开始操作号码 【1898637】
2023-11-16 00:23:58 GSD getOne 第 1 次 等待 3 秒
2023-11-16 00:24:01 查询号码 【1898637】，返回信息 {"status":"ok","msg":"湖北-襄阳","gid":"441841","time_insert":"2021-07-30 06:56"}
2023-11-16 00:24:01 查询号码 【1898637】，GSD为【"湖北-襄阳"】

2023-11-16 00:24:02 开始第 8724 次操作

2023-11-16 00:24:02 开始操作号码 【1898638】
2023-11-16 00:24:05 GSD getOne 第 1 次 等待 3 秒
2023-11-16 00:24:08 查询号码 【1898638】，返回信息 {"status":"ok","msg":"湖北-襄阳","gid":"441828","time_insert":"2021-07-30 06:55"}
2023-11-16 00:24:08 查询号码 【1898638】，GSD为【"湖北-襄阳"】

2023-11-16 00:42:50 开始第 8725 次操作

2023-11-16 00:42:50 开始操作号码 【1898639】
2023-11-16 00:42:54 GSD getOne 第 1 次 等待 3 秒
2023-11-16 00:42:57 查询号码 【1898639】，返回信息 {"status":"ok","msg":"湖北-襄阳","gid":"441817","time_insert":"2021-07-30 06:54"}
2023-11-16 00:42:57 查询号码 【1898639】，GSD为【"湖北-襄阳"】

2023-11-16 00:42:58 开始第 8726 次操作

2023-11-16 00:42:58 开始操作号码 【1898640】
2023-11-16 00:43:02 GSD getOne 第 1 次 等待 3 秒
2023-11-16 00:43:05 查询号码 【1898640】，返回信息 {"status":"ok","msg":"湖北-鄂州","gid":"441802","time_insert":"2021-07-30 06:54"}
2023-11-16 00:43:05 查询号码 【1898640】，GSD为【"湖北-鄂州"】

2023-11-16 00:43:06 开始第 8727 次操作

2023-11-16 00:43:06 开始操作号码 【1898641】
2023-11-16 00:43:09 GSD getOne 第 1 次 等待 3 秒
2023-11-16 00:43:12 查询号码 【1898641】，返回信息 {"status":"ok","msg":"湖北-鄂州","gid":"441792","time_insert":"2021-07-30 06:53"}
2023-11-16 00:43:12 查询号码 【1898641】，GSD为【"湖北-鄂州"】

2023-11-16 00:43:13 开始第 8728 次操作

2023-11-16 00:43:13 开始操作号码 【1898642】
2023-11-16 00:43:16 GSD getOne 第 1 次 等待 3 秒
2023-11-16 00:43:19 查询号码 【1898642】，返回信息 {"status":"ok","msg":"湖北-鄂州","gid":"441775","time_insert":"2021-07-30 06:52"}
2023-11-16 00:43:19 查询号码 【1898642】，GSD为【"湖北-鄂州"】

2023-11-16 01:16:01 开始第 8729 次操作

2023-11-16 01:16:01 开始操作号码 【1898643】
2023-11-16 01:16:05 GSD getOne 第 1 次 等待 3 秒
2023-11-16 01:16:08 查询号码 【1898643】，返回信息 {"status":"ok","msg":"湖北-随州","gid":"441764","time_insert":"2021-07-30 06:51"}
2023-11-16 01:16:08 查询号码 【1898643】，GSD为【"湖北-随州"】

2023-11-16 01:16:09 开始第 8730 次操作

2023-11-16 01:16:09 开始操作号码 【1898644】
2023-11-16 01:16:13 GSD getOne 第 1 次 等待 3 秒
2023-11-16 01:16:16 查询号码 【1898644】，返回信息 {"status":"ok","msg":"湖北-随州","gid":"441748","time_insert":"2021-07-30 06:50"}
2023-11-16 01:16:16 查询号码 【1898644】，GSD为【"湖北-随州"】

2023-11-16 01:16:17 开始第 8731 次操作

2023-11-16 01:16:17 开始操作号码 【1898645】
2023-11-16 01:16:20 GSD getOne 第 1 次 等待 3 秒
2023-11-16 01:16:23 查询号码 【1898645】，返回信息 {"status":"ok","msg":"湖北-孝感","gid":"441731","time_insert":"2021-07-30 06:49"}
2023-11-16 01:16:23 查询号码 【1898645】，GSD为【"湖北-孝感"】

2023-11-16 01:16:24 开始第 8732 次操作

2023-11-16 01:16:24 开始操作号码 【1898646】
2023-11-16 01:16:31 GSD getOne 第 1 次 等待 3 秒
2023-11-16 01:16:35 查询号码 【1898646】，返回信息 {"status":"ok","msg":"湖北-孝感","gid":"441722","time_insert":"2021-07-30 06:48"}
2023-11-16 01:16:35 查询号码 【1898646】，GSD为【"湖北-孝感"】

