2024-01-20 00:23:23 开始第 9533 次操作

2024-01-20 00:23:23 开始操作号码 【1799445】
2024-01-20 00:23:27 GSD getOne 第 1 次 等待 3 秒
2024-01-20 00:23:30 查询号码 【1799445】，返回信息 {"status":"ok","msg":"-","gid":"639213","time_insert":"2023-04-07 12:51"}
2024-01-20 00:23:30 查询号码 【1799445】，GSD为【"-"】
2024-01-20 00:23:30 ok && -
2024-01-20 00:23:32 CHB 1799445?1705681410 第 1 次 等待 3 秒
2024-01-20 00:23:35 CHB 1799445?1705681410 第 1 次 获取到号码【1799445】GSD
2024-01-20 00:23:36 未获取到号码【1799445】GSD，可能号码格式错误
2024-01-20 00:23:36 获取到号码【1799445】的GSD为【-】
2024-01-20 00:23:48 GSD insert 第 1 次 等待 3 秒
2024-01-20 00:23:51 {"status":"bad","gid":"639213","msg":"添加失败！号码【1799445(-|-)】已存在！"}
2024-01-20 00:23:51 随机等待 74 秒，约 1 分钟
2024-01-20 00:23:51 下次操作: 2024-01-20 00:25:05

2024-01-20 00:25:05 开始第 9534 次操作

2024-01-20 00:25:05 开始操作号码 【1799446】
2024-01-20 00:25:09 GSD getOne 第 1 次 等待 3 秒
2024-01-20 00:25:12 查询号码 【1799446】，返回信息 {"status":"ok","msg":"-","gid":"639217","time_insert":"2023-04-07 12:53"}
2024-01-20 00:25:12 查询号码 【1799446】，GSD为【"-"】
2024-01-20 00:25:12 ok && -
2024-01-20 00:25:14 CHB 1799446?1705681512 第 1 次 等待 3 秒
2024-01-20 00:25:17 CHB 1799446?1705681512 第 1 次 获取到号码【1799446】GSD
2024-01-20 00:25:17 未获取到号码【1799446】GSD，可能号码格式错误
2024-01-20 00:25:17 获取到号码【1799446】的GSD为【-】
2024-01-20 00:25:21 GSD insert 第 1 次 等待 3 秒
2024-01-20 00:25:24 {"status":"bad","gid":"639217","msg":"添加失败！号码【1799446(-|-)】已存在！"}
2024-01-20 00:25:24 随机等待 146 秒，约 2 分钟
2024-01-20 00:25:24 下次操作: 2024-01-20 00:27:50

2024-01-20 00:27:50 开始第 9535 次操作

2024-01-20 00:27:50 开始操作号码 【1799447】
2024-01-20 00:27:57 GSD getOne 第 1 次 等待 3 秒
2024-01-20 00:28:00 查询号码 【1799447】，返回信息 {"status":"ok","msg":"-","gid":"639220","time_insert":"2023-04-07 12:55"}
2024-01-20 00:28:00 查询号码 【1799447】，GSD为【"-"】
2024-01-20 00:28:00 ok && -
2024-01-20 00:28:03 CHB 1799447?1705681680 第 1 次 等待 3 秒
2024-01-20 00:28:06 CHB 1799447?1705681680 第 1 次 获取到号码【1799447】GSD
2024-01-20 00:28:06 未获取到号码【1799447】GSD，可能号码格式错误
2024-01-20 00:28:06 获取到号码【1799447】的GSD为【-】
2024-01-20 00:28:09 GSD insert 第 1 次 等待 3 秒
2024-01-20 00:28:12 {"status":"bad","gid":"639220","msg":"添加失败！号码【1799447(-|-)】已存在！"}
2024-01-20 00:28:12 随机等待 116 秒，约 1 分钟
2024-01-20 00:28:12 下次操作: 2024-01-20 00:30:08

2024-01-20 00:30:08 开始第 9536 次操作

2024-01-20 00:30:08 开始操作号码 【1799448】
2024-01-20 00:30:12 GSD getOne 第 1 次 等待 3 秒
2024-01-20 00:30:15 查询号码 【1799448】，返回信息 {"status":"ok","msg":"-","gid":"639223","time_insert":"2023-04-07 12:58"}
2024-01-20 00:30:15 查询号码 【1799448】，GSD为【"-"】
2024-01-20 00:30:15 ok && -
2024-01-20 00:30:18 CHB 1799448?1705681815 第 1 次 等待 3 秒
2024-01-20 00:30:21 CHB 1799448?1705681815 第 1 次 获取到号码【1799448】GSD
2024-01-20 00:30:21 未获取到号码【1799448】GSD，可能号码格式错误
2024-01-20 00:30:21 获取到号码【1799448】的GSD为【-】
2024-01-20 00:30:26 GSD insert 第 1 次 等待 3 秒
2024-01-20 00:30:29 {"status":"bad","gid":"639223","msg":"添加失败！号码【1799448(-|-)】已存在！"}

