2024-01-09 00:22:57 开始第 7601 次操作

2024-01-09 00:22:57 开始操作号码 【1797513】
2024-01-09 00:23:01 GSD getOne 第 1 次 等待 3 秒
2024-01-09 00:23:04 查询号码 【1797513】，返回信息 {"status":"ok","msg":"-","gid":"639449","time_insert":"2023-04-07 15:37"}
2024-01-09 00:23:04 查询号码 【1797513】，GSD为【"-"】
2024-01-09 00:23:04 ok && -
2024-01-09 00:23:08 CHB 1797513?1704730984 第 1 次 等待 3 秒
2024-01-09 00:23:11 CHB 1797513?1704730984 第 1 次 获取到号码【1797513】GSD
2024-01-09 00:23:11 未获取到号码【1797513】GSD，可能号码格式错误
2024-01-09 00:23:11 获取到号码【1797513】的GSD为【-】
2024-01-09 00:23:14 GSD insert 第 1 次 等待 3 秒
2024-01-09 00:23:17 {"status":"bad","gid":"639449","msg":"添加失败！号码【1797513(-|-)】已存在！"}
2024-01-09 00:23:17 随机等待 232 秒，约 3 分钟
2024-01-09 00:23:17 下次操作: 2024-01-09 00:27:09

2024-01-09 00:27:09 开始第 7602 次操作

2024-01-09 00:27:09 开始操作号码 【1797514】
2024-01-09 00:27:14 GSD getOne 第 1 次 等待 3 秒
2024-01-09 00:27:17 查询号码 【1797514】，返回信息 {"status":"ok","msg":"-","gid":"639453","time_insert":"2023-04-07 15:40"}
2024-01-09 00:27:17 查询号码 【1797514】，GSD为【"-"】
2024-01-09 00:27:17 ok && -
2024-01-09 00:27:20 CHB 1797514?1704731237 第 1 次 等待 3 秒
2024-01-09 00:27:23 CHB 1797514?1704731237 第 1 次 获取到号码【1797514】GSD
2024-01-09 00:27:23 未获取到号码【1797514】GSD，可能号码格式错误
2024-01-09 00:27:23 获取到号码【1797514】的GSD为【-】
2024-01-09 00:27:26 GSD insert 第 1 次 等待 3 秒
2024-01-09 00:27:29 {"status":"bad","gid":"639453","msg":"添加失败！号码【1797514(-|-)】已存在！"}
2024-01-09 00:27:29 随机等待 128 秒，约 2 分钟
2024-01-09 00:27:29 下次操作: 2024-01-09 00:29:37

2024-01-09 00:29:37 开始第 7603 次操作

2024-01-09 00:29:37 开始操作号码 【1797515】
2024-01-09 00:29:40 GSD getOne 第 1 次 等待 3 秒
2024-01-09 00:29:43 查询号码 【1797515】，返回信息 {"status":"ok","msg":"-","gid":"639456","time_insert":"2023-04-07 15:43"}
2024-01-09 00:29:43 查询号码 【1797515】，GSD为【"-"】
2024-01-09 00:29:43 ok && -
2024-01-09 00:29:46 CHB 1797515?1704731383 第 1 次 等待 3 秒
2024-01-09 00:29:49 CHB 1797515?1704731383 第 1 次 获取到号码【1797515】GSD
2024-01-09 00:29:49 未获取到号码【1797515】GSD，可能号码格式错误
2024-01-09 00:29:49 获取到号码【1797515】的GSD为【-】
2024-01-09 00:29:52 GSD insert 第 1 次 等待 3 秒
2024-01-09 00:29:55 {"status":"bad","gid":"639456","msg":"添加失败！号码【1797515(-|-)】已存在！"}
2024-01-09 00:29:55 随机等待 211 秒，约 3 分钟
2024-01-09 00:29:55 下次操作: 2024-01-09 00:33:26

2024-01-09 00:33:26 开始第 7604 次操作

2024-01-09 00:33:26 开始操作号码 【1797516】
2024-01-09 00:33:29 GSD getOne 第 1 次 等待 3 秒
2024-01-09 00:33:32 查询号码 【1797516】，返回信息 {"status":"ok","msg":"-","gid":"639470","time_insert":"2023-04-07 15:52"}
2024-01-09 00:33:32 查询号码 【1797516】，GSD为【"-"】
2024-01-09 00:33:32 ok && -
2024-01-09 00:33:36 CHB 1797516?1704731612 第 1 次 等待 3 秒
2024-01-09 00:33:39 CHB 1797516?1704731612 第 1 次 获取到号码【1797516】GSD
2024-01-09 00:33:39 未获取到号码【1797516】GSD，可能号码格式错误
2024-01-09 00:33:39 获取到号码【1797516】的GSD为【-】
2024-01-09 00:33:42 GSD insert 第 1 次 等待 3 秒
2024-01-09 00:33:45 {"status":"bad","gid":"639470","msg":"添加失败！号码【1797516(-|-)】已存在！"}

