2023-12-27 00:21:51 开始第 5309 次操作

2023-12-27 00:21:51 开始操作号码 【1795223】
2023-12-27 00:21:55 GSD getOne 第 1 次 等待 3 秒
2023-12-27 00:21:58 查询号码 【1795223】，返回信息 {"status":"ok","msg":"-","gid":"646090","time_insert":"2023-04-11 01:02"}
2023-12-27 00:21:58 查询号码 【1795223】，GSD为【"-"】
2023-12-27 00:21:58 ok && -
2023-12-27 00:22:01 CHB 1795223?1703607718 第 1 次 等待 3 秒
2023-12-27 00:22:04 CHB 1795223?1703607718 第 1 次 获取到号码【1795223】GSD
2023-12-27 00:22:04 未获取到号码【1795223】GSD，可能号码格式错误
2023-12-27 00:22:04 获取到号码【1795223】的GSD为【-】
2023-12-27 00:22:08 GSD insert 第 1 次 等待 3 秒
2023-12-27 00:22:11 {"status":"bad","gid":"646090","msg":"添加失败！号码【1795223(-|-)】已存在！"}
2023-12-27 00:22:11 随机等待 74 秒，约 1 分钟
2023-12-27 00:22:11 下次操作: 2023-12-27 00:23:25

2023-12-27 00:23:25 开始第 5310 次操作

2023-12-27 00:23:25 开始操作号码 【1795224】
2023-12-27 00:23:29 GSD getOne 第 1 次 等待 3 秒
2023-12-27 00:23:32 查询号码 【1795224】，返回信息 {"status":"ok","msg":"-","gid":"646121","time_insert":"2023-04-11 01:22"}
2023-12-27 00:23:32 查询号码 【1795224】，GSD为【"-"】
2023-12-27 00:23:32 ok && -
2023-12-27 00:23:35 CHB 1795224?1703607812 第 1 次 等待 3 秒
2023-12-27 00:23:38 CHB 1795224?1703607812 第 1 次 获取到号码【1795224】GSD
2023-12-27 00:23:38 未获取到号码【1795224】GSD，可能号码格式错误
2023-12-27 00:23:38 获取到号码【1795224】的GSD为【-】
2023-12-27 00:23:42 GSD insert 第 1 次 等待 3 秒
2023-12-27 00:23:45 {"status":"bad","gid":"646121","msg":"添加失败！号码【1795224(-|-)】已存在！"}
2023-12-27 00:23:45 随机等待 70 秒，约 1 分钟
2023-12-27 00:23:45 下次操作: 2023-12-27 00:24:55

2023-12-27 00:24:55 开始第 5311 次操作

2023-12-27 00:24:55 开始操作号码 【1795225】
2023-12-27 00:24:59 GSD getOne 第 1 次 等待 3 秒
2023-12-27 00:25:02 查询号码 【1795225】，返回信息 {"status":"ok","msg":"-","gid":"646152","time_insert":"2023-04-11 01:40"}
2023-12-27 00:25:02 查询号码 【1795225】，GSD为【"-"】
2023-12-27 00:25:02 ok && -
2023-12-27 00:25:04 CHB 1795225?1703607902 第 1 次 等待 3 秒
2023-12-27 00:25:07 CHB 1795225?1703607902 第 1 次 获取到号码【1795225】GSD
2023-12-27 00:25:07 未获取到号码【1795225】GSD，可能号码格式错误
2023-12-27 00:25:07 获取到号码【1795225】的GSD为【-】
2023-12-27 00:25:11 GSD insert 第 1 次 等待 3 秒
2023-12-27 00:25:14 {"status":"bad","gid":"646152","msg":"添加失败！号码【1795225(-|-)】已存在！"}
2023-12-27 00:25:14 随机等待 199 秒，约 3 分钟
2023-12-27 00:25:14 下次操作: 2023-12-27 00:28:33

2023-12-27 00:28:33 开始第 5312 次操作

2023-12-27 00:28:33 开始操作号码 【1795226】
2023-12-27 00:28:37 GSD getOne 第 1 次 等待 3 秒
2023-12-27 00:28:40 查询号码 【1795226】，返回信息 {"status":"ok","msg":"-","gid":"646179","time_insert":"2023-04-11 01:56"}
2023-12-27 00:28:40 查询号码 【1795226】，GSD为【"-"】
2023-12-27 00:28:40 ok && -
2023-12-27 00:28:42 CHB 1795226?1703608120 第 1 次 等待 3 秒
2023-12-27 00:28:45 CHB 1795226?1703608120 第 1 次 获取到号码【1795226】GSD
2023-12-27 00:28:45 未获取到号码【1795226】GSD，可能号码格式错误
2023-12-27 00:28:45 获取到号码【1795226】的GSD为【-】
2023-12-27 00:28:49 GSD insert 第 1 次 等待 3 秒
2023-12-27 00:28:52 {"status":"bad","gid":"646179","msg":"添加失败！号码【1795226(-|-)】已存在！"}

