2024-06-23 00:23:32 开始第 2141 次操作

2024-06-23 00:23:32 开始操作号码 【1462045】
2024-06-23 00:23:54 GSD getOne 第 1 次 等待 3 秒
2024-06-23 00:23:57 查询号码 【1462045】，返回信息 {"status":"ok","msg":"广东-东莞","gid":"121670","time_insert":"2021-06-24 07:58"}
2024-06-23 00:23:57 查询号码 【1462045】，GSD为【"广东-东莞"】

2024-06-23 00:23:58 开始第 2142 次操作

2024-06-23 00:23:58 开始操作号码 【1462046】
2024-06-23 00:24:24 GSD getOne 第 1 次 等待 3 秒
2024-06-23 00:24:27 查询号码 【1462046】，返回信息 {"status":"ok","msg":"广东-东莞","gid":"121717","time_insert":"2021-06-24 08:21"}
2024-06-23 00:24:27 查询号码 【1462046】，GSD为【"广东-东莞"】

2024-06-23 00:24:28 开始第 2143 次操作

2024-06-23 00:24:28 开始操作号码 【1462047】
2024-06-23 00:24:42 GSD getOne 第 1 次 等待 3 秒
2024-06-23 00:24:45 查询号码 【1462047】，返回信息 {"status":"ok","msg":"广东-东莞","gid":"121744","time_insert":"2021-06-24 08:43"}
2024-06-23 00:24:45 查询号码 【1462047】，GSD为【"广东-东莞"】

2024-06-23 00:24:46 开始第 2144 次操作

2024-06-23 00:24:46 开始操作号码 【1462048】
2024-06-23 00:25:02 GSD getOne 第 1 次 等待 3 秒
2024-06-23 00:25:05 查询号码 【1462048】，返回信息 {"status":"ok","msg":"广东-东莞","gid":"121765","time_insert":"2021-06-24 09:02"}
2024-06-23 00:25:05 查询号码 【1462048】，GSD为【"广东-东莞"】

2024-06-23 00:40:23 开始第 2145 次操作

2024-06-23 00:40:23 开始操作号码 【1462049】
2024-06-23 00:40:52 GSD getOne 第 1 次 等待 3 秒
2024-06-23 00:40:55 查询号码 【1462049】，返回信息 {"status":"ok","msg":"广东-东莞","gid":"121793","time_insert":"2021-06-24 09:21"}
2024-06-23 00:40:55 查询号码 【1462049】，GSD为【"广东-东莞"】

2024-06-23 00:40:56 开始第 2146 次操作

2024-06-23 00:40:56 开始操作号码 【1462050】
2024-06-23 00:41:21 GSD getOne 第 1 次 等待 3 秒
2024-06-23 00:41:24 查询号码 【1462050】，返回信息 {"status":"ok","msg":"广东-东莞","gid":"121824","time_insert":"2021-06-24 09:46"}
2024-06-23 00:41:24 查询号码 【1462050】，GSD为【"广东-东莞"】

2024-06-23 00:41:25 开始第 2147 次操作

2024-06-23 00:41:25 开始操作号码 【1462051】
2024-06-23 00:41:49 GSD getOne 第 1 次 等待 3 秒
2024-06-23 00:41:52 查询号码 【1462051】，返回信息 {"status":"ok","msg":"广东-东莞","gid":"121850","time_insert":"2021-06-24 10:05"}
2024-06-23 00:41:52 查询号码 【1462051】，GSD为【"广东-东莞"】

2024-06-23 00:41:53 开始第 2148 次操作

2024-06-23 00:41:53 开始操作号码 【1462052】
2024-06-23 00:42:16 GSD getOne 第 1 次 等待 3 秒
2024-06-23 00:42:19 查询号码 【1462052】，返回信息 {"status":"ok","msg":"广东-东莞","gid":"121955","time_insert":"2021-06-24 10:26"}
2024-06-23 00:42:19 查询号码 【1462052】，GSD为【"广东-东莞"】

