2024-07-09 00:24:16 开始第 4945 次操作

2024-07-09 00:24:16 开始操作号码 【1464847】
2024-07-09 00:24:24 GSD getOne 第 1 次 等待 3 秒
2024-07-09 00:24:27 查询号码 【1464847】，返回信息 {"status":"ok","msg":"江苏-南京","gid":"352498","time_insert":"2021-07-22 05:42"}
2024-07-09 00:24:27 查询号码 【1464847】，GSD为【"江苏-南京"】

2024-07-09 00:24:29 开始第 4946 次操作

2024-07-09 00:24:29 开始操作号码 【1464848】
2024-07-09 00:24:39 GSD getOne 第 1 次 等待 3 秒
2024-07-09 00:24:42 查询号码 【1464848】，返回信息 {"status":"ok","msg":"江苏-南京","gid":"352661","time_insert":"2021-07-22 05:55"}
2024-07-09 00:24:43 查询号码 【1464848】，GSD为【"江苏-南京"】

2024-07-09 00:24:44 开始第 4947 次操作

2024-07-09 00:24:44 开始操作号码 【1464849】
2024-07-09 00:24:52 GSD getOne 第 1 次 等待 3 秒
2024-07-09 00:24:55 查询号码 【1464849】，返回信息 {"status":"ok","msg":"江苏-南京","gid":"352786","time_insert":"2021-07-22 06:07"}
2024-07-09 00:24:55 查询号码 【1464849】，GSD为【"江苏-南京"】

2024-07-09 00:24:56 开始第 4948 次操作

2024-07-09 00:24:56 开始操作号码 【1464850】
2024-07-09 00:25:04 GSD getOne 第 1 次 等待 3 秒
2024-07-09 00:25:07 查询号码 【1464850】，返回信息 {"status":"ok","msg":"江苏-南京","gid":"352842","time_insert":"2021-07-22 06:21"}
2024-07-09 00:25:07 查询号码 【1464850】，GSD为【"江苏-南京"】

2024-07-09 00:41:53 开始第 4949 次操作

2024-07-09 00:41:53 开始操作号码 【1464851】
2024-07-09 00:42:02 GSD getOne 第 1 次 等待 3 秒
2024-07-09 00:42:05 查询号码 【1464851】，返回信息 {"status":"ok","msg":"江苏-南京","gid":"352886","time_insert":"2021-07-22 06:34"}
2024-07-09 00:42:05 查询号码 【1464851】，GSD为【"江苏-南京"】

2024-07-09 00:42:06 开始第 4950 次操作

2024-07-09 00:42:06 开始操作号码 【1464852】
2024-07-09 00:42:14 GSD getOne 第 1 次 等待 3 秒
2024-07-09 00:42:17 查询号码 【1464852】，返回信息 {"status":"ok","msg":"江苏-南京","gid":"352995","time_insert":"2021-07-22 06:48"}
2024-07-09 00:42:17 查询号码 【1464852】，GSD为【"江苏-南京"】

2024-07-09 00:42:18 开始第 4951 次操作

2024-07-09 00:42:18 开始操作号码 【1464853】
2024-07-09 00:42:26 GSD getOne 第 1 次 等待 3 秒
2024-07-09 00:42:29 查询号码 【1464853】，返回信息 {"status":"ok","msg":"江苏-南京","gid":"353164","time_insert":"2021-07-22 07:03"}
2024-07-09 00:42:29 查询号码 【1464853】，GSD为【"江苏-南京"】

2024-07-09 00:42:30 开始第 4952 次操作

2024-07-09 00:42:30 开始操作号码 【1464854】
2024-07-09 00:42:39 GSD getOne 第 1 次 等待 3 秒
2024-07-09 00:42:42 查询号码 【1464854】，返回信息 {"status":"ok","msg":"江苏-南京","gid":"353223","time_insert":"2021-07-22 07:15","time_update":"2021-07-27 12:58"}
2024-07-09 00:42:42 查询号码 【1464854】，GSD为【"江苏-南京"】

