2024-07-04 00:24:11 开始第 4069 次操作

2024-07-04 00:24:11 开始操作号码 【1463971】
2024-07-04 00:24:19 GSD getOne 第 1 次 等待 3 秒
2024-07-04 00:24:22 查询号码 【1463971】，返回信息 {"status":"ok","msg":"广东-东莞","gid":"274515","time_insert":"2021-07-14 13:46"}
2024-07-04 00:24:22 查询号码 【1463971】，GSD为【"广东-东莞"】

2024-07-04 00:24:23 开始第 4070 次操作

2024-07-04 00:24:23 开始操作号码 【1463972】
2024-07-04 00:24:31 GSD getOne 第 1 次 等待 3 秒
2024-07-04 00:24:34 查询号码 【1463972】，返回信息 {"status":"ok","msg":"广东-东莞","gid":"274575","time_insert":"2021-07-14 13:58"}
2024-07-04 00:24:34 查询号码 【1463972】，GSD为【"广东-东莞"】

2024-07-04 00:24:35 开始第 4071 次操作

2024-07-04 00:24:35 开始操作号码 【1463973】
2024-07-04 00:24:44 GSD getOne 第 1 次 等待 3 秒
2024-07-04 00:24:47 查询号码 【1463973】，返回信息 {"status":"ok","msg":"广东-东莞","gid":"274614","time_insert":"2021-07-14 14:10"}
2024-07-04 00:24:47 查询号码 【1463973】，GSD为【"广东-东莞"】

2024-07-04 00:24:48 开始第 4072 次操作

2024-07-04 00:24:48 开始操作号码 【1463974】
2024-07-04 00:24:56 GSD getOne 第 1 次 等待 3 秒
2024-07-04 00:24:59 查询号码 【1463974】，返回信息 {"status":"ok","msg":"广东-东莞","gid":"274655","time_insert":"2021-07-14 14:24"}
2024-07-04 00:24:59 查询号码 【1463974】，GSD为【"广东-东莞"】

2024-07-04 00:43:00 开始第 4073 次操作

2024-07-04 00:43:00 开始操作号码 【1463975】
2024-07-04 00:43:10 GSD getOne 第 1 次 等待 3 秒
2024-07-04 00:43:13 查询号码 【1463975】，返回信息 {"status":"ok","msg":"广东-东莞","gid":"274682","time_insert":"2021-07-14 14:37"}
2024-07-04 00:43:13 查询号码 【1463975】，GSD为【"广东-东莞"】

2024-07-04 00:43:14 开始第 4074 次操作

2024-07-04 00:43:14 开始操作号码 【1463976】
2024-07-04 00:43:23 GSD getOne 第 1 次 等待 3 秒
2024-07-04 00:43:26 查询号码 【1463976】，返回信息 {"status":"ok","msg":"广东-东莞","gid":"274777","time_insert":"2021-07-14 14:52"}
2024-07-04 00:43:27 查询号码 【1463976】，GSD为【"广东-东莞"】

2024-07-04 00:43:28 开始第 4075 次操作

2024-07-04 00:43:28 开始操作号码 【1463977】
2024-07-04 00:43:36 GSD getOne 第 1 次 等待 3 秒
2024-07-04 00:43:39 查询号码 【1463977】，返回信息 {"status":"ok","msg":"广东-东莞","gid":"274961","time_insert":"2021-07-14 15:06"}
2024-07-04 00:43:39 查询号码 【1463977】，GSD为【"广东-东莞"】

2024-07-04 00:43:40 开始第 4076 次操作

2024-07-04 00:43:40 开始操作号码 【1463978】
2024-07-04 00:43:49 GSD getOne 第 1 次 等待 3 秒
2024-07-04 00:43:52 查询号码 【1463978】，返回信息 {"status":"ok","msg":"广东-东莞","gid":"274997","time_insert":"2021-07-14 15:19"}
2024-07-04 00:43:52 查询号码 【1463978】，GSD为【"广东-东莞"】

2024-07-04 01:16:26 开始第 4077 次操作

2024-07-04 01:16:26 开始操作号码 【1463979】
2024-07-04 01:16:34 GSD getOne 第 1 次 等待 3 秒
2024-07-04 01:16:37 查询号码 【1463979】，返回信息 {"status":"ok","msg":"广东-东莞","gid":"275024","time_insert":"2021-07-14 15:33"}
2024-07-04 01:16:37 查询号码 【1463979】，GSD为【"广东-东莞"】

2024-07-04 01:16:38 开始第 4078 次操作

2024-07-04 01:16:38 开始操作号码 【1463980】
2024-07-04 01:16:45 GSD getOne 第 1 次 等待 3 秒
2024-07-04 01:16:48 查询号码 【1463980】，返回信息 {"status":"ok","msg":"广东-东莞","gid":"275236","time_insert":"2021-07-14 15:45"}
2024-07-04 01:16:48 查询号码 【1463980】，GSD为【"广东-东莞"】

2024-07-04 01:16:50 开始第 4079 次操作

2024-07-04 01:16:50 开始操作号码 【1463981】
2024-07-04 01:16:57 GSD getOne 第 1 次 等待 3 秒
2024-07-04 01:17:00 查询号码 【1463981】，返回信息 {"status":"ok","msg":"广东-东莞","gid":"275324","time_insert":"2021-07-14 15:55"}
2024-07-04 01:17:00 查询号码 【1463981】，GSD为【"广东-东莞"】

2024-07-04 01:17:01 开始第 4080 次操作

2024-07-04 01:17:01 开始操作号码 【1463982】
2024-07-04 01:17:09 GSD getOne 第 1 次 等待 3 秒
2024-07-04 01:17:12 查询号码 【1463982】，返回信息 {"status":"ok","msg":"广东-东莞","gid":"275359","time_insert":"2021-07-14 16:06"}
2024-07-04 01:17:12 查询号码 【1463982】，GSD为【"广东-东莞"】

