2024-10-14 00:23:13 开始第 9557 次操作

2024-10-14 00:23:13 开始操作号码 【1359556】
2024-10-14 00:23:15 GSD getOne 第 1 次 等待 3 秒
2024-10-14 00:23:18 查询号码 【1359556】，返回信息 {"status":"ok","msg":"贵州-凯里","gid":"305192","time_insert":"2021-07-17 17:00"}
2024-10-14 00:23:18 查询号码 【1359556】，GSD为【"贵州-凯里"】

2024-10-14 00:23:19 开始第 9558 次操作

2024-10-14 00:23:19 开始操作号码 【1359557】
2024-10-14 00:23:21 GSD getOne 第 1 次 等待 3 秒
2024-10-14 00:23:25 查询号码 【1359557】，返回信息 {"status":"ok","msg":"贵州-凯里","gid":"305184","time_insert":"2021-07-17 17:00"}
2024-10-14 00:23:25 查询号码 【1359557】，GSD为【"贵州-凯里"】

2024-10-14 00:23:26 开始第 9559 次操作

2024-10-14 00:23:26 开始操作号码 【1359558】
2024-10-14 00:23:28 GSD getOne 第 1 次 等待 3 秒
2024-10-14 00:23:31 查询号码 【1359558】，返回信息 {"status":"ok","msg":"贵州-凯里","gid":"305175","time_insert":"2021-07-17 16:59"}
2024-10-14 00:23:31 查询号码 【1359558】，GSD为【"贵州-凯里"】

2024-10-14 00:23:32 开始第 9560 次操作

2024-10-14 00:23:32 开始操作号码 【1359559】
2024-10-14 00:23:34 GSD getOne 第 1 次 等待 3 秒
2024-10-14 00:23:38 查询号码 【1359559】，返回信息 {"status":"ok","msg":"贵州-凯里","gid":"7206","time_insert":"2017-07-15 13:37","time_update":"2020-11-17 21:12"}
2024-10-14 00:23:38 查询号码 【1359559】，GSD为【"贵州-凯里"】

