2024-02-04 00:20:36 开始第 1741 次操作

2024-02-04 00:20:36 开始操作号码 【1681653】
2024-02-04 00:20:40 GSD getOne 第 1 次 等待 3 秒
2024-02-04 00:20:43 查询号码 【1681653】，返回信息 {"status":"ok","msg":"-","gid":"546394","time_insert":"2023-02-22 04:20"}
2024-02-04 00:20:43 查询号码 【1681653】，GSD为【"-"】
2024-02-04 00:20:43 ok && -
2024-02-04 00:20:46 CHB 1681653?1706977243 第 1 次 等待 3 秒
2024-02-04 00:20:49 CHB 1681653?1706977243 第 1 次 获取到号码【1681653】GSD
2024-02-04 00:20:49 未获取到号码【1681653】GSD，可能号码格式错误
2024-02-04 00:20:49 获取到号码【1681653】的GSD为【-】
2024-02-04 00:20:53 GSD insert 第 1 次 等待 3 秒
2024-02-04 00:20:56 {"status":"bad","gid":"546394","msg":"添加失败！号码【1681653(-|-)】已存在！"}
2024-02-04 00:20:56 随机等待 122 秒，约 2 分钟
2024-02-04 00:20:56 下次操作: 2024-02-04 00:22:58

2024-02-04 00:22:58 开始第 1742 次操作

2024-02-04 00:22:58 开始操作号码 【1681654】
2024-02-04 00:23:03 GSD getOne 第 1 次 等待 3 秒
2024-02-04 00:23:06 查询号码 【1681654】，返回信息 {"status":"ok","msg":"-","gid":"546422","time_insert":"2023-02-22 04:38"}
2024-02-04 00:23:06 查询号码 【1681654】，GSD为【"-"】
2024-02-04 00:23:06 ok && -
2024-02-04 00:23:12 CHB 1681654?1706977386 第 1 次 等待 3 秒
2024-02-04 00:23:15 CHB 1681654?1706977386 第 1 次 获取到号码【1681654】GSD
2024-02-04 00:23:15 未获取到号码【1681654】GSD，可能号码格式错误
2024-02-04 00:23:15 获取到号码【1681654】的GSD为【-】
2024-02-04 00:23:27 GSD insert 第 1 次 等待 3 秒
2024-02-04 00:23:30 {"status":"bad","gid":"546422","msg":"添加失败！号码【1681654(-|-)】已存在！"}
2024-02-04 00:23:30 随机等待 86 秒，约 1 分钟
2024-02-04 00:23:30 下次操作: 2024-02-04 00:24:56

2024-02-04 00:24:56 开始第 1743 次操作

2024-02-04 00:24:56 开始操作号码 【1681655】
2024-02-04 00:25:00 GSD getOne 第 1 次 等待 3 秒
2024-02-04 00:25:03 查询号码 【1681655】，返回信息 {"status":"ok","msg":"-","gid":"546451","time_insert":"2023-02-22 04:56"}
2024-02-04 00:25:03 查询号码 【1681655】，GSD为【"-"】
2024-02-04 00:25:03 ok && -
2024-02-04 00:25:44 CHB 1681655?1706977503 第 1 次 等待 3 秒
2024-02-04 00:25:47 CHB 1681655?1706977503 第 1 次 获取到号码【1681655】GSD
2024-02-04 00:25:47 未获取到号码【1681655】GSD，可能号码格式错误
2024-02-04 00:25:47 获取到号码【1681655】的GSD为【-】
2024-02-04 00:25:51 GSD insert 第 1 次 等待 3 秒
2024-02-04 00:25:54 {"status":"bad","gid":"546451","msg":"添加失败！号码【1681655(-|-)】已存在！"}
2024-02-04 00:25:54 随机等待 169 秒，约 2 分钟
2024-02-04 00:25:54 下次操作: 2024-02-04 00:28:43

2024-02-04 00:28:43 开始第 1744 次操作

2024-02-04 00:28:43 开始操作号码 【1681656】
2024-02-04 00:28:52 GSD getOne 第 1 次 等待 3 秒
2024-02-04 00:28:55 查询号码 【1681656】，返回信息 {"status":"ok","msg":"-","gid":"546479","time_insert":"2023-02-22 05:16"}
2024-02-04 00:28:55 查询号码 【1681656】，GSD为【"-"】
2024-02-04 00:28:55 ok && -
2024-02-04 00:28:58 CHB 1681656?1706977735 第 1 次 等待 3 秒
2024-02-04 00:29:01 CHB 1681656?1706977735 第 1 次 获取到号码【1681656】GSD
2024-02-04 00:29:01 未获取到号码【1681656】GSD，可能号码格式错误
2024-02-04 00:29:01 获取到号码【1681656】的GSD为【-】
2024-02-04 00:29:05 GSD insert 第 1 次 等待 3 秒
2024-02-04 00:29:08 {"status":"bad","gid":"546479","msg":"添加失败！号码【1681656(-|-)】已存在！"}

