2021-07-15 01:02:25 开始第 1 次操作

2021-07-15 01:02:25 开始操作号码 【1492195】
2021-07-15 01:02:29 GSD getOne 第 1 次 等待 1 秒
2021-07-15 01:02:30 查询号码 【1492195】，返回信息 {"status":"bad","msg":""}
2021-07-15 01:02:30 查询号码 【1492195】，GSD为【""】
2021-07-15 01:02:30 bad
2021-07-15 01:02:32 CHB 1492195?1626282150 第 1 次 等待 1 秒
2021-07-15 01:02:33 CHB 1492195?1626282150 第 1 次 获取到号码【1492195】GSD
2021-07-15 01:02:33 获取到号码【1492195】的GSD为【江苏-南京】
2021-07-15 01:02:54 GSD insert 第 1 次 等待 1 秒
2021-07-15 01:02:55 {"status":"ok","gid":278689,"msg":"添加成功！"}
2021-07-15 01:02:55 下次操作: 2021-07-15 01:03:06

2021-07-15 01:03:06 开始第 2 次操作

2021-07-15 01:03:06 开始操作号码 【1492196】
2021-07-15 01:03:16 GSD getOne 第 1 次 等待 1 秒
2021-07-15 01:03:17 查询号码 【1492196】，返回信息 {"status":"bad","msg":""}
2021-07-15 01:03:17 查询号码 【1492196】，GSD为【""】
2021-07-15 01:03:17 bad
2021-07-15 01:03:19 CHB 1492196?1626282197 第 1 次 等待 1 秒
2021-07-15 01:03:20 CHB 1492196?1626282197 第 1 次 获取到号码【1492196】GSD
2021-07-15 01:03:20 获取到号码【1492196】的GSD为【江苏-南京】
2021-07-15 01:03:37 GSD insert 第 1 次 等待 1 秒
2021-07-15 01:03:38 {"status":"ok","gid":278697,"msg":"添加成功！"}
2021-07-15 01:03:38 下次操作: 2021-07-15 01:03:45

2021-07-15 01:03:45 开始第 3 次操作

2021-07-15 01:03:45 开始操作号码 【1492197】
2021-07-15 01:04:02 GSD getOne 第 1 次 等待 1 秒
2021-07-15 01:04:03 查询号码 【1492197】，返回信息 {"status":"bad","msg":""}
2021-07-15 01:04:03 查询号码 【1492197】，GSD为【""】
2021-07-15 01:04:03 bad
2021-07-15 01:04:07 CHB 1492197?1626282243 第 1 次 等待 1 秒
2021-07-15 01:04:08 CHB 1492197?1626282243 第 1 次 获取到号码【1492197】GSD
2021-07-15 01:04:08 获取到号码【1492197】的GSD为【江苏-南京】
2021-07-15 01:04:24 GSD insert 第 1 次 等待 1 秒
2021-07-15 01:04:25 {"status":"ok","gid":278716,"msg":"添加成功！"}
2021-07-15 01:04:26 下次操作: 2021-07-15 01:04:32

2021-07-15 01:04:32 开始第 4 次操作

2021-07-15 01:04:32 开始操作号码 【1492198】
2021-07-15 01:05:09 GSD getOne 第 1 次 等待 1 秒
2021-07-15 01:05:10 查询号码 【1492198】，返回信息 {"status":"bad","msg":""}
2021-07-15 01:05:11 查询号码 【1492198】，GSD为【""】
2021-07-15 01:05:11 bad
2021-07-15 01:05:14 CHB 1492198?1626282311 第 1 次 等待 1 秒
2021-07-15 01:05:15 CHB 1492198?1626282311 第 1 次 获取到号码【1492198】GSD
2021-07-15 01:05:15 获取到号码【1492198】的GSD为【江苏-南京】
2021-07-15 01:05:32 GSD insert 第 1 次 等待 1 秒
2021-07-15 01:05:33 {"status":"ok","gid":278734,"msg":"添加成功！"}
2021-07-15 01:05:33 下次操作: 2021-07-15 01:05:42

2021-07-15 01:05:42 开始第 5 次操作

2021-07-15 01:05:42 开始操作号码 【1492199】
2021-07-15 01:05:51 GSD getOne 第 1 次 等待 1 秒
2021-07-15 01:05:52 查询号码 【1492199】，返回信息 {"status":"bad","msg":""}
2021-07-15 01:05:52 查询号码 【1492199】，GSD为【""】
2021-07-15 01:05:52 bad
2021-07-15 01:05:54 CHB 1492199?1626282352 第 1 次 等待 1 秒
2021-07-15 01:05:55 CHB 1492199?1626282352 第 1 次 获取到号码【1492199】GSD
2021-07-15 01:05:55 获取到号码【1492199】的GSD为【江苏-南京】
2021-07-15 01:06:13 GSD insert 第 1 次 等待 1 秒
2021-07-15 01:06:14 {"status":"ok","gid":278743,"msg":"添加成功！"}
2021-07-15 01:06:14 下次操作: 2021-07-15 01:06:29

2021-07-15 01:06:29 开始第 6 次操作

2021-07-15 01:06:29 开始操作号码 【1492200】
2021-07-15 01:06:33 GSD getOne 第 1 次 等待 1 秒
2021-07-15 01:06:34 查询号码 【1492200】，返回信息 {"status":"bad","msg":""}
2021-07-15 01:06:34 查询号码 【1492200】，GSD为【""】
2021-07-15 01:06:34 bad
2021-07-15 01:06:36 CHB 1492200?1626282394 第 1 次 等待 1 秒
2021-07-15 01:06:37 CHB 1492200?1626282394 第 1 次 获取到号码【1492200】GSD
2021-07-15 01:06:37 获取到号码【1492200】的GSD为【江苏-南京】
2021-07-15 01:06:54 GSD insert 第 1 次 等待 1 秒
2021-07-15 01:06:55 {"status":"ok","gid":278756,"msg":"添加成功！"}
2021-07-15 01:06:55 下次操作: 2021-07-15 01:07:06

2021-07-15 01:07:06 开始第 7 次操作

2021-07-15 01:07:06 开始操作号码 【1492201】
2021-07-15 01:07:16 GSD getOne 第 1 次 等待 1 秒
2021-07-15 01:07:17 查询号码 【1492201】，返回信息 {"status":"bad","msg":""}
2021-07-15 01:07:17 查询号码 【1492201】，GSD为【""】
2021-07-15 01:07:17 bad
2021-07-15 01:07:19 CHB 1492201?1626282437 第 1 次 等待 1 秒
2021-07-15 01:07:20 CHB 1492201?1626282437 第 1 次 获取到号码【1492201】GSD
2021-07-15 01:07:20 获取到号码【1492201】的GSD为【江苏-南京】
2021-07-15 01:07:39 GSD insert 第 1 次 等待 1 秒
2021-07-15 01:07:40 {"status":"ok","gid":278769,"msg":"添加成功！"}
2021-07-15 01:07:40 下次操作: 2021-07-15 01:07:56

2021-07-15 01:07:56 开始第 8 次操作

2021-07-15 01:07:56 开始操作号码 【1492202】
2021-07-15 01:07:59 GSD getOne 第 1 次 等待 1 秒
2021-07-15 01:08:00 查询号码 【1492202】，返回信息 {"status":"bad","msg":""}
2021-07-15 01:08:00 查询号码 【1492202】，GSD为【""】
2021-07-15 01:08:00 bad
2021-07-15 01:08:03 CHB 1492202?1626282480 第 1 次 等待 1 秒
2021-07-15 01:08:04 CHB 1492202?1626282480 第 1 次 获取到号码【1492202】GSD
2021-07-15 01:08:04 获取到号码【1492202】的GSD为【江苏-南京】
2021-07-15 01:08:21 GSD insert 第 1 次 等待 1 秒
2021-07-15 01:08:22 {"status":"ok","gid":278784,"msg":"添加成功！"}
2021-07-15 01:08:22 下次操作: 2021-07-15 01:08:33

2021-07-15 01:08:33 开始第 9 次操作

2021-07-15 01:08:33 开始操作号码 【1492203】
2021-07-15 01:08:41 GSD getOne 第 1 次 等待 1 秒
2021-07-15 01:08:42 查询号码 【1492203】，返回信息 {"status":"bad","msg":""}
2021-07-15 01:08:42 查询号码 【1492203】，GSD为【""】
2021-07-15 01:08:42 bad
2021-07-15 01:08:44 CHB 1492203?1626282522 第 1 次 等待 1 秒
2021-07-15 01:08:45 CHB 1492203?1626282522 第 1 次 获取到号码【1492203】GSD
2021-07-15 01:08:45 获取到号码【1492203】的GSD为【江苏-南京】
2021-07-15 01:09:02 GSD insert 第 1 次 等待 1 秒
2021-07-15 01:09:03 {"status":"ok","gid":278796,"msg":"添加成功！"}
2021-07-15 01:09:03 下次操作: 2021-07-15 01:09:13

2021-07-15 01:09:13 开始第 10 次操作

2021-07-15 01:09:13 开始操作号码 【1492204】
2021-07-15 01:09:22 GSD getOne 第 1 次 等待 1 秒
2021-07-15 01:09:23 查询号码 【1492204】，返回信息 {"status":"bad","msg":""}
2021-07-15 01:09:23 查询号码 【1492204】，GSD为【""】
2021-07-15 01:09:23 bad
2021-07-15 01:09:24 CHB 1492204?1626282563 第 1 次 等待 1 秒
2021-07-15 01:09:25 CHB 1492204?1626282563 第 1 次 获取到号码【1492204】GSD
2021-07-15 01:09:25 获取到号码【1492204】的GSD为【江苏-南京】
2021-07-15 01:09:42 GSD insert 第 1 次 等待 1 秒
2021-07-15 01:09:43 {"status":"ok","gid":278808,"msg":"添加成功！"}
2021-07-15 01:09:43 下次操作: 2021-07-15 01:10:01

2021-07-15 01:10:01 开始第 11 次操作

2021-07-15 01:10:01 开始操作号码 【1492205】
2021-07-15 01:10:06 GSD getOne 第 1 次 等待 1 秒
2021-07-15 01:10:07 查询号码 【1492205】，返回信息 {"status":"bad","msg":""}
2021-07-15 01:10:07 查询号码 【1492205】，GSD为【""】
2021-07-15 01:10:07 bad
2021-07-15 01:10:09 CHB 1492205?1626282607 第 1 次 等待 1 秒
2021-07-15 01:10:10 CHB 1492205?1626282607 第 1 次 获取到号码【1492205】GSD
2021-07-15 01:10:10 获取到号码【1492205】的GSD为【江苏-南京】
2021-07-15 01:10:28 GSD insert 第 1 次 等待 1 秒
2021-07-15 01:10:29 {"status":"ok","gid":278817,"msg":"添加成功！"}
2021-07-15 01:10:29 下次操作: 2021-07-15 01:10:38

2021-07-15 01:10:38 开始第 12 次操作

2021-07-15 01:10:38 开始操作号码 【1492206】
2021-07-15 01:10:48 GSD getOne 第 1 次 等待 1 秒
2021-07-15 01:10:49 查询号码 【1492206】，返回信息 {"status":"bad","msg":""}
2021-07-15 01:10:49 查询号码 【1492206】，GSD为【""】
2021-07-15 01:10:49 bad
2021-07-15 01:10:53 CHB 1492206?1626282649 第 1 次 等待 1 秒
2021-07-15 01:10:54 CHB 1492206?1626282649 第 1 次 获取到号码【1492206】GSD
2021-07-15 01:10:54 获取到号码【1492206】的GSD为【江苏-南京】
2021-07-15 01:11:52 GSD insert 第 1 次 等待 1 秒
2021-07-15 01:11:53 {"status":"ok","gid":278834,"msg":"添加成功！"}
2021-07-15 01:11:53 下次操作: 2021-07-15 01:12:06

2021-07-15 01:12:06 开始第 13 次操作

2021-07-15 01:12:06 开始操作号码 【1492207】
2021-07-15 01:12:20 GSD getOne 第 1 次 等待 1 秒
2021-07-15 01:12:21 查询号码 【1492207】，返回信息 {"status":"bad","msg":""}
2021-07-15 01:12:21 查询号码 【1492207】，GSD为【""】
2021-07-15 01:12:21 bad
2021-07-15 01:12:24 CHB 1492207?1626282741 第 1 次 等待 1 秒
2021-07-15 01:12:25 CHB 1492207?1626282741 第 1 次 获取到号码【1492207】GSD
2021-07-15 01:12:25 获取到号码【1492207】的GSD为【江苏-南京】
2021-07-15 01:12:45 GSD insert 第 1 次 等待 1 秒
2021-07-15 01:12:46 {"status":"ok","gid":278844,"msg":"添加成功！"}
2021-07-15 01:12:46 下次操作: 2021-07-15 01:12:56

2021-07-15 01:12:56 开始第 14 次操作

2021-07-15 01:12:56 开始操作号码 【1492208】
2021-07-15 01:13:50 GSD getOne 第 1 次 等待 1 秒
2021-07-15 01:13:51 查询号码 【1492208】，返回信息 {"status":"bad","msg":""}
2021-07-15 01:13:52 查询号码 【1492208】，GSD为【""】
2021-07-15 01:13:52 bad
2021-07-15 01:13:55 CHB 1492208?1626282832 第 1 次 等待 1 秒
2021-07-15 01:13:56 CHB 1492208?1626282832 第 1 次 获取到号码【1492208】GSD
2021-07-15 01:13:56 获取到号码【1492208】的GSD为【江苏-南京】
2021-07-15 01:14:37 GSD insert 第 1 次 等待 1 秒
2021-07-15 01:14:38 {"status":"ok","gid":278869,"msg":"添加成功！"}
2021-07-15 01:14:38 下次操作: 2021-07-15 01:14:53

2021-07-15 01:14:53 开始第 15 次操作

2021-07-15 01:14:53 开始操作号码 【1492209】
2021-07-15 01:15:16 GSD getOne 第 1 次 等待 1 秒
2021-07-15 01:15:17 查询号码 【1492209】，返回信息 {"status":"bad","msg":""}
2021-07-15 01:15:17 查询号码 【1492209】，GSD为【""】
2021-07-15 01:15:17 bad
2021-07-15 01:15:20 CHB 1492209?1626282917 第 1 次 等待 1 秒
2021-07-15 01:15:21 CHB 1492209?1626282917 第 1 次 获取到号码【1492209】GSD
2021-07-15 01:15:21 获取到号码【1492209】的GSD为【江苏-南京】
2021-07-15 01:15:53 GSD insert 第 1 次 等待 1 秒
2021-07-15 01:15:54 {"status":"ok","gid":278880,"msg":"添加成功！"}
2021-07-15 01:15:54 下次操作: 2021-07-15 01:16:06

2021-07-15 01:16:06 开始第 16 次操作

2021-07-15 01:16:06 开始操作号码 【1492210】
2021-07-15 01:16:11 GSD getOne 第 1 次 等待 1 秒
2021-07-15 01:16:12 查询号码 【1492210】，返回信息 {"status":"bad","msg":""}
2021-07-15 01:16:12 查询号码 【1492210】，GSD为【""】
2021-07-15 01:16:12 bad
2021-07-15 01:16:14 CHB 1492210?1626282972 第 1 次 等待 1 秒
2021-07-15 01:16:15 CHB 1492210?1626282972 第 1 次 获取到号码【1492210】GSD
2021-07-15 01:16:15 获取到号码【1492210】的GSD为【江苏-南京】
2021-07-15 01:16:32 GSD insert 第 1 次 等待 1 秒
2021-07-15 01:16:33 {"status":"ok","gid":278887,"msg":"添加成功！"}
2021-07-15 01:16:33 下次操作: 2021-07-15 01:16:42

2021-07-15 01:16:42 开始第 17 次操作

2021-07-15 01:16:42 开始操作号码 【1492211】
2021-07-15 01:16:50 GSD getOne 第 1 次 等待 1 秒
2021-07-15 01:16:51 查询号码 【1492211】，返回信息 {"status":"bad","msg":""}
2021-07-15 01:16:51 查询号码 【1492211】，GSD为【""】
2021-07-15 01:16:51 bad
2021-07-15 01:16:53 CHB 1492211?1626283011 第 1 次 等待 1 秒
2021-07-15 01:16:54 CHB 1492211?1626283011 第 1 次 获取到号码【1492211】GSD
2021-07-15 01:16:54 获取到号码【1492211】的GSD为【江苏-南京】
2021-07-15 01:17:14 GSD insert 第 1 次 等待 1 秒
2021-07-15 01:17:15 {"status":"ok","gid":278892,"msg":"添加成功！"}
2021-07-15 01:17:15 下次操作: 2021-07-15 01:17:24

2021-07-15 01:17:24 开始第 18 次操作

2021-07-15 01:17:24 开始操作号码 【1492212】
2021-07-15 01:17:51 GSD getOne 第 1 次 等待 1 秒
2021-07-15 01:17:52 查询号码 【1492212】，返回信息 {"status":"bad","msg":""}
2021-07-15 01:17:52 查询号码 【1492212】，GSD为【""】
2021-07-15 01:17:52 bad
2021-07-15 01:17:55 CHB 1492212?1626283072 第 1 次 等待 1 秒
2021-07-15 01:17:56 CHB 1492212?1626283072 第 1 次 获取到号码【1492212】GSD
2021-07-15 01:17:56 获取到号码【1492212】的GSD为【江苏-南京】
2021-07-15 01:18:15 GSD insert 第 1 次 等待 1 秒
2021-07-15 01:18:16 {"status":"ok","gid":278898,"msg":"添加成功！"}
2021-07-15 01:18:16 下次操作: 2021-07-15 01:18:23

2021-07-15 01:18:23 开始第 19 次操作

2021-07-15 01:18:23 开始操作号码 【1492213】
2021-07-15 01:18:39 GSD getOne 第 1 次 等待 1 秒
2021-07-15 01:18:40 查询号码 【1492213】，返回信息 {"status":"bad","msg":""}
2021-07-15 01:18:40 查询号码 【1492213】，GSD为【""】
2021-07-15 01:18:40 bad
2021-07-15 01:18:42 CHB 1492213?1626283120 第 1 次 等待 1 秒
2021-07-15 01:18:43 CHB 1492213?1626283120 第 1 次 获取到号码【1492213】GSD
2021-07-15 01:18:43 获取到号码【1492213】的GSD为【江苏-南京】
2021-07-15 01:19:06 GSD insert 第 1 次 等待 1 秒
2021-07-15 01:19:07 {"status":"ok","gid":278906,"msg":"添加成功！"}
2021-07-15 01:19:07 下次操作: 2021-07-15 01:19:14

2021-07-15 01:19:14 开始第 20 次操作

2021-07-15 01:19:14 开始操作号码 【1492214】
2021-07-15 01:19:40 GSD getOne 第 1 次 等待 1 秒
2021-07-15 01:19:41 查询号码 【1492214】，返回信息 {"status":"bad","msg":""}
2021-07-15 01:19:41 查询号码 【1492214】，GSD为【""】
2021-07-15 01:19:41 bad
2021-07-15 01:19:49 CHB 1492214?1626283181 第 1 次 等待 1 秒
2021-07-15 01:19:50 CHB 1492214?1626283181 第 1 次 获取到号码【1492214】GSD
2021-07-15 01:19:50 获取到号码【1492214】的GSD为【江苏-南京】
2021-07-15 01:20:18 GSD insert 第 1 次 等待 1 秒
2021-07-15 01:20:19 {"status":"ok","gid":278913,"msg":"添加成功！"}
2021-07-15 01:20:19 下次操作: 2021-07-15 01:20:37

2021-07-15 01:20:37 开始第 21 次操作

2021-07-15 01:20:37 开始操作号码 【1492215】
2021-07-15 01:20:40 GSD getOne 第 1 次 等待 1 秒
2021-07-15 01:20:41 查询号码 【1492215】，返回信息 {"status":"bad","msg":""}
2021-07-15 01:20:41 查询号码 【1492215】，GSD为【""】
2021-07-15 01:20:41 bad
2021-07-15 01:20:43 CHB 1492215?1626283241 第 1 次 等待 1 秒
2021-07-15 01:20:44 CHB 1492215?1626283241 第 1 次 获取到号码【1492215】GSD
2021-07-15 01:20:44 获取到号码【1492215】的GSD为【江苏-南京】
2021-07-15 01:21:03 GSD insert 第 1 次 等待 1 秒
2021-07-15 01:21:04 {"status":"ok","gid":278916,"msg":"添加成功！"}
2021-07-15 01:21:04 下次操作: 2021-07-15 01:21:10

2021-07-15 01:21:10 开始第 22 次操作

2021-07-15 01:21:10 开始操作号码 【1492216】
2021-07-15 01:21:27 GSD getOne 第 1 次 等待 1 秒
2021-07-15 01:21:28 查询号码 【1492216】，返回信息 {"status":"bad","msg":""}
2021-07-15 01:21:28 查询号码 【1492216】，GSD为【""】
2021-07-15 01:21:28 bad
2021-07-15 01:21:32 CHB 1492216?1626283288 第 1 次 等待 1 秒
2021-07-15 01:21:33 CHB 1492216?1626283288 第 1 次 获取到号码【1492216】GSD
2021-07-15 01:21:33 获取到号码【1492216】的GSD为【江苏-南京】
2021-07-15 01:22:09 GSD insert 第 1 次 等待 1 秒
2021-07-15 01:22:10 {"status":"ok","gid":278918,"msg":"添加成功！"}
2021-07-15 01:22:10 下次操作: 2021-07-15 01:22:24

2021-07-15 01:22:24 开始第 23 次操作

2021-07-15 01:22:24 开始操作号码 【1492217】
2021-07-15 01:22:28 GSD getOne 第 1 次 等待 1 秒
2021-07-15 01:22:29 查询号码 【1492217】，返回信息 {"status":"bad","msg":""}
2021-07-15 01:22:29 查询号码 【1492217】，GSD为【""】
2021-07-15 01:22:29 bad
2021-07-15 01:22:32 CHB 1492217?1626283349 第 1 次 等待 1 秒
2021-07-15 01:22:33 CHB 1492217?1626283349 第 1 次 获取到号码【1492217】GSD
2021-07-15 01:22:33 获取到号码【1492217】的GSD为【江苏-南京】
2021-07-15 01:23:17 GSD insert 第 1 次 等待 1 秒
2021-07-15 01:23:18 {"status":"ok","gid":278926,"msg":"添加成功！"}
2021-07-15 01:23:18 下次操作: 2021-07-15 01:23:33

2021-07-15 01:23:33 开始第 24 次操作

2021-07-15 01:23:33 开始操作号码 【1492218】
2021-07-15 01:23:34 GSD getOne 第 1 次 等待 1 秒
2021-07-15 01:23:35 查询号码 【1492218】，返回信息 {"status":"bad","msg":""}
2021-07-15 01:23:35 查询号码 【1492218】，GSD为【""】
2021-07-15 01:23:35 bad
2021-07-15 01:23:38 CHB 1492218?1626283415 第 1 次 等待 1 秒
2021-07-15 01:23:39 CHB 1492218?1626283415 第 1 次 获取到号码【1492218】GSD
2021-07-15 01:23:39 获取到号码【1492218】的GSD为【江苏-南京】
2021-07-15 01:24:01 GSD insert 第 1 次 等待 1 秒
2021-07-15 01:24:02 {"status":"ok","gid":278930,"msg":"添加成功！"}
2021-07-15 01:24:02 下次操作: 2021-07-15 01:24:11

2021-07-15 01:24:11 开始第 25 次操作

2021-07-15 01:24:11 开始操作号码 【1492219】
2021-07-15 01:24:20 GSD getOne 第 1 次 等待 1 秒
2021-07-15 01:24:21 查询号码 【1492219】，返回信息 {"status":"bad","msg":""}
2021-07-15 01:24:21 查询号码 【1492219】，GSD为【""】
2021-07-15 01:24:21 bad
2021-07-15 01:24:23 CHB 1492219?1626283461 第 1 次 等待 1 秒
2021-07-15 01:24:24 CHB 1492219?1626283461 第 1 次 获取到号码【1492219】GSD
2021-07-15 01:24:24 获取到号码【1492219】的GSD为【江苏-南京】
2021-07-15 01:24:47 GSD insert 第 1 次 等待 1 秒
2021-07-15 01:24:48 {"status":"ok","gid":278935,"msg":"添加成功！"}
2021-07-15 01:24:48 下次操作: 2021-07-15 01:24:56

2021-07-15 01:24:56 开始第 26 次操作

2021-07-15 01:24:56 开始操作号码 【1492220】
2021-07-15 01:25:14 GSD getOne 第 1 次 等待 1 秒
2021-07-15 01:25:15 查询号码 【1492220】，返回信息 {"status":"bad","msg":""}
2021-07-15 01:25:15 查询号码 【1492220】，GSD为【""】
2021-07-15 01:25:15 bad
2021-07-15 01:25:17 CHB 1492220?1626283515 第 1 次 等待 1 秒
2021-07-15 01:25:18 CHB 1492220?1626283515 第 1 次 获取到号码【1492220】GSD
2021-07-15 01:25:18 获取到号码【1492220】的GSD为【江苏-南京】
2021-07-15 01:25:52 GSD insert 第 1 次 等待 1 秒
2021-07-15 01:25:53 {"status":"ok","gid":278943,"msg":"添加成功！"}
2021-07-15 01:25:53 下次操作: 2021-07-15 01:26:01

2021-07-15 01:26:01 开始第 27 次操作

2021-07-15 01:26:01 开始操作号码 【1492221】
2021-07-15 01:26:13 GSD getOne 第 1 次 等待 1 秒
2021-07-15 01:26:14 查询号码 【1492221】，返回信息 {"status":"bad","msg":""}
2021-07-15 01:26:14 查询号码 【1492221】，GSD为【""】
2021-07-15 01:26:14 bad
2021-07-15 01:26:17 CHB 1492221?1626283574 第 1 次 等待 1 秒
2021-07-15 01:26:18 CHB 1492221?1626283574 第 1 次 获取到号码【1492221】GSD
2021-07-15 01:26:18 获取到号码【1492221】的GSD为【江苏-南京】
2021-07-15 01:26:43 GSD insert 第 1 次 等待 1 秒
2021-07-15 01:26:44 {"status":"ok","gid":278946,"msg":"添加成功！"}
2021-07-15 01:26:44 下次操作: 2021-07-15 01:26:53

2021-07-15 01:26:53 开始第 28 次操作

2021-07-15 01:26:53 开始操作号码 【1492222】
2021-07-15 01:27:09 GSD getOne 第 1 次 等待 1 秒
2021-07-15 01:27:10 查询号码 【1492222】，返回信息 {"status":"bad","msg":""}
2021-07-15 01:27:10 查询号码 【1492222】，GSD为【""】
2021-07-15 01:27:10 bad
2021-07-15 01:27:12 CHB 1492222?1626283630 第 1 次 等待 1 秒
2021-07-15 01:27:13 CHB 1492222?1626283630 第 1 次 获取到号码【1492222】GSD
2021-07-15 01:27:13 获取到号码【1492222】的GSD为【江苏-南京】
2021-07-15 01:27:35 GSD insert 第 1 次 等待 1 秒
2021-07-15 01:27:36 {"status":"ok","gid":278947,"msg":"添加成功！"}
2021-07-15 01:27:36 下次操作: 2021-07-15 01:27:51

2021-07-15 01:27:52 开始第 29 次操作

2021-07-15 01:27:52 开始操作号码 【1492223】
2021-07-15 01:27:58 GSD getOne 第 1 次 等待 1 秒
2021-07-15 01:27:59 查询号码 【1492223】，返回信息 {"status":"bad","msg":""}
2021-07-15 01:27:59 查询号码 【1492223】，GSD为【""】
2021-07-15 01:27:59 bad
2021-07-15 01:28:01 CHB 1492223?1626283679 第 1 次 等待 1 秒
2021-07-15 01:28:02 CHB 1492223?1626283679 第 1 次 获取到号码【1492223】GSD
2021-07-15 01:28:02 获取到号码【1492223】的GSD为【江苏-南京】
2021-07-15 01:28:19 GSD insert 第 1 次 等待 1 秒
2021-07-15 01:28:20 {"status":"ok","gid":278951,"msg":"添加成功！"}
2021-07-15 01:28:20 下次操作: 2021-07-15 01:28:35

2021-07-15 01:28:35 开始第 30 次操作

2021-07-15 01:28:35 开始操作号码 【1492224】
2021-07-15 01:28:36 GSD getOne 第 1 次 等待 1 秒
2021-07-15 01:28:37 查询号码 【1492224】，返回信息 {"status":"bad","msg":""}
2021-07-15 01:28:38 查询号码 【1492224】，GSD为【""】
2021-07-15 01:28:38 bad
2021-07-15 01:28:40 CHB 1492224?1626283718 第 1 次 等待 1 秒
2021-07-15 01:28:41 CHB 1492224?1626283718 第 1 次 获取到号码【1492224】GSD
2021-07-15 01:28:41 获取到号码【1492224】的GSD为【江苏-南京】
2021-07-15 01:28:58 GSD insert 第 1 次 等待 1 秒
2021-07-15 01:28:59 {"status":"ok","gid":278955,"msg":"添加成功！"}

2021-07-15 01:45:16 开始第 1 次操作

2021-07-15 01:45:16 开始操作号码 【1492225】
2021-07-15 01:45:18 GSD getOne 第 1 次 等待 1 秒
2021-07-15 01:45:19 查询号码 【1492225】，返回信息 {"status":"bad","msg":""}
2021-07-15 01:45:19 查询号码 【1492225】，GSD为【""】
2021-07-15 01:45:19 bad
2021-07-15 01:45:21 CHB 1492225?1626284719 第 1 次 等待 1 秒
2021-07-15 01:45:22 CHB 1492225?1626284719 第 1 次 获取到号码【1492225】GSD
2021-07-15 01:45:22 获取到号码【1492225】的GSD为【江苏-南京】
2021-07-15 01:45:24 GSD insert 第 1 次 等待 1 秒
2021-07-15 01:45:25 {"status":"ok","gid":279023,"msg":"添加成功！"}
2021-07-15 01:45:25 下次操作: 2021-07-15 01:45:32

2021-07-15 01:45:32 开始第 2 次操作

2021-07-15 01:45:32 开始操作号码 【1492226】
2021-07-15 01:45:34 GSD getOne 第 1 次 等待 1 秒
2021-07-15 01:45:35 查询号码 【1492226】，返回信息 {"status":"bad","msg":""}
2021-07-15 01:45:35 查询号码 【1492226】，GSD为【""】
2021-07-15 01:45:35 bad
2021-07-15 01:45:37 CHB 1492226?1626284735 第 1 次 等待 1 秒
2021-07-15 01:45:38 CHB 1492226?1626284735 第 1 次 获取到号码【1492226】GSD
2021-07-15 01:45:39 获取到号码【1492226】的GSD为【江苏-南京】
2021-07-15 01:45:41 GSD insert 第 1 次 等待 1 秒
2021-07-15 01:45:42 {"status":"ok","gid":279026,"msg":"添加成功！"}
2021-07-15 01:45:42 下次操作: 2021-07-15 01:45:52

2021-07-15 01:45:52 开始第 3 次操作

2021-07-15 01:45:52 开始操作号码 【1492227】
2021-07-15 01:45:54 GSD getOne 第 1 次 等待 1 秒
2021-07-15 01:45:55 查询号码 【1492227】，返回信息 {"status":"bad","msg":""}
2021-07-15 01:45:55 查询号码 【1492227】，GSD为【""】
2021-07-15 01:45:55 bad
2021-07-15 01:45:56 CHB 1492227?1626284755 第 1 次 等待 1 秒
2021-07-15 01:45:57 CHB 1492227?1626284755 第 1 次 获取到号码【1492227】GSD
2021-07-15 01:45:57 获取到号码【1492227】的GSD为【江苏-南京】
2021-07-15 01:46:00 GSD insert 第 1 次 等待 1 秒
2021-07-15 01:46:01 {"status":"ok","gid":279031,"msg":"添加成功！"}
2021-07-15 01:46:01 下次操作: 2021-07-15 01:46:10

2021-07-15 01:46:10 开始第 4 次操作

2021-07-15 01:46:10 开始操作号码 【1492228】
2021-07-15 01:46:15 GSD getOne 第 1 次 等待 1 秒
2021-07-15 01:46:16 查询号码 【1492228】，返回信息 {"status":"bad","msg":""}
2021-07-15 01:46:16 查询号码 【1492228】，GSD为【""】
2021-07-15 01:46:16 bad
2021-07-15 01:46:19 CHB 1492228?1626284776 第 1 次 等待 1 秒
2021-07-15 01:46:20 CHB 1492228?1626284776 第 1 次 获取到号码【1492228】GSD
2021-07-15 01:46:20 获取到号码【1492228】的GSD为【江苏-南京】
2021-07-15 01:46:22 GSD insert 第 1 次 等待 1 秒
2021-07-15 01:46:23 {"status":"ok","gid":279040,"msg":"添加成功！"}
2021-07-15 01:46:23 下次操作: 2021-07-15 01:46:40

2021-07-15 01:46:40 开始第 5 次操作

2021-07-15 01:46:40 开始操作号码 【1492229】
2021-07-15 01:46:48 GSD getOne 第 1 次 等待 1 秒
2021-07-15 01:46:49 查询号码 【1492229】，返回信息 {"status":"bad","msg":""}
2021-07-15 01:46:49 查询号码 【1492229】，GSD为【""】
2021-07-15 01:46:49 bad
2021-07-15 01:46:51 CHB 1492229?1626284809 第 1 次 等待 1 秒
2021-07-15 01:46:52 CHB 1492229?1626284809 第 1 次 获取到号码【1492229】GSD
2021-07-15 01:46:52 获取到号码【1492229】的GSD为【江苏-南京】
2021-07-15 01:46:54 GSD insert 第 1 次 等待 1 秒
2021-07-15 01:46:55 {"status":"ok","gid":279051,"msg":"添加成功！"}
2021-07-15 01:46:55 下次操作: 2021-07-15 01:47:04

2021-07-15 01:47:04 开始第 6 次操作

2021-07-15 01:47:04 开始操作号码 【1492230】
2021-07-15 01:47:05 GSD getOne 第 1 次 等待 1 秒
2021-07-15 01:47:06 查询号码 【1492230】，返回信息 {"status":"bad","msg":""}
2021-07-15 01:47:06 查询号码 【1492230】，GSD为【""】
2021-07-15 01:47:06 bad
2021-07-15 01:47:08 CHB 1492230?1626284826 第 1 次 等待 1 秒
2021-07-15 01:47:09 CHB 1492230?1626284826 第 1 次 获取到号码【1492230】GSD
2021-07-15 01:47:09 获取到号码【1492230】的GSD为【江苏-南京】
2021-07-15 01:47:15 GSD insert 第 1 次 等待 1 秒
2021-07-15 01:47:16 {"status":"ok","gid":279055,"msg":"添加成功！"}
2021-07-15 01:47:16 下次操作: 2021-07-15 01:47:22

2021-07-15 01:47:22 开始第 7 次操作

2021-07-15 01:47:22 开始操作号码 【1492231】
2021-07-15 01:47:23 GSD getOne 第 1 次 等待 1 秒
2021-07-15 01:47:24 查询号码 【1492231】，返回信息 {"status":"bad","msg":""}
2021-07-15 01:47:24 查询号码 【1492231】，GSD为【""】
2021-07-15 01:47:24 bad
2021-07-15 01:47:27 CHB 1492231?1626284844 第 1 次 等待 1 秒
2021-07-15 01:47:28 CHB 1492231?1626284844 第 1 次 获取到号码【1492231】GSD
2021-07-15 01:47:28 获取到号码【1492231】的GSD为【江苏-南京】
2021-07-15 01:47:40 GSD insert 第 1 次 等待 1 秒
2021-07-15 01:47:41 {"status":"ok","gid":279061,"msg":"添加成功！"}
2021-07-15 01:47:41 下次操作: 2021-07-15 01:47:58

2021-07-15 01:47:58 开始第 8 次操作

2021-07-15 01:47:58 开始操作号码 【1492232】
2021-07-15 01:48:00 GSD getOne 第 1 次 等待 1 秒
2021-07-15 01:48:01 查询号码 【1492232】，返回信息 {"status":"bad","msg":""}
2021-07-15 01:48:01 查询号码 【1492232】，GSD为【""】
2021-07-15 01:48:01 bad
2021-07-15 01:48:03 CHB 1492232?1626284881 第 1 次 等待 1 秒
2021-07-15 01:48:04 CHB 1492232?1626284881 第 1 次 获取到号码【1492232】GSD
2021-07-15 01:48:04 获取到号码【1492232】的GSD为【江苏-南京】
2021-07-15 01:48:05 GSD insert 第 1 次 等待 1 秒
2021-07-15 01:48:06 {"status":"ok","gid":279065,"msg":"添加成功！"}
2021-07-15 01:48:06 下次操作: 2021-07-15 01:48:14

2021-07-15 01:48:14 开始第 9 次操作

2021-07-15 01:48:14 开始操作号码 【1492233】
2021-07-15 01:48:19 GSD getOne 第 1 次 等待 1 秒
2021-07-15 01:48:20 查询号码 【1492233】，返回信息 {"status":"bad","msg":""}
2021-07-15 01:48:20 查询号码 【1492233】，GSD为【""】
2021-07-15 01:48:20 bad
2021-07-15 01:48:21 CHB 1492233?1626284900 第 1 次 等待 1 秒
2021-07-15 01:48:22 CHB 1492233?1626284900 第 1 次 获取到号码【1492233】GSD
2021-07-15 01:48:23 获取到号码【1492233】的GSD为【江苏-南京】
2021-07-15 01:48:25 GSD insert 第 1 次 等待 1 秒
2021-07-15 01:48:26 {"status":"ok","gid":279071,"msg":"添加成功！"}
2021-07-15 01:48:26 下次操作: 2021-07-15 01:48:43

2021-07-15 01:48:43 开始第 10 次操作

2021-07-15 01:48:43 开始操作号码 【1492234】
2021-07-15 01:48:47 GSD getOne 第 1 次 等待 1 秒
2021-07-15 01:48:48 查询号码 【1492234】，返回信息 {"status":"bad","msg":""}
2021-07-15 01:48:48 查询号码 【1492234】，GSD为【""】
2021-07-15 01:48:48 bad
2021-07-15 01:48:50 CHB 1492234?1626284928 第 1 次 等待 1 秒
2021-07-15 01:48:51 CHB 1492234?1626284928 第 1 次 获取到号码【1492234】GSD
2021-07-15 01:48:51 获取到号码【1492234】的GSD为【江苏-南京】
2021-07-15 01:48:55 GSD insert 第 1 次 等待 1 秒
2021-07-15 01:48:56 {"status":"ok","gid":279081,"msg":"添加成功！"}
2021-07-15 01:48:56 下次操作: 2021-07-15 01:49:07

2021-07-15 01:49:07 开始第 11 次操作

2021-07-15 01:49:07 开始操作号码 【1492235】
2021-07-15 01:49:08 GSD getOne 第 1 次 等待 1 秒
2021-07-15 01:49:09 查询号码 【1492235】，返回信息 {"status":"bad","msg":""}
2021-07-15 01:49:10 查询号码 【1492235】，GSD为【""】
2021-07-15 01:49:10 bad
2021-07-15 01:49:11 CHB 1492235?1626284950 第 1 次 等待 1 秒
2021-07-15 01:49:12 CHB 1492235?1626284950 第 1 次 获取到号码【1492235】GSD
2021-07-15 01:49:12 获取到号码【1492235】的GSD为【江苏-南京】
2021-07-15 01:49:14 GSD insert 第 1 次 等待 1 秒
2021-07-15 01:49:15 {"status":"ok","gid":279084,"msg":"添加成功！"}
2021-07-15 01:49:15 下次操作: 2021-07-15 01:49:28

2021-07-15 01:49:28 开始第 12 次操作

2021-07-15 01:49:28 开始操作号码 【1492236】
2021-07-15 01:49:40 GSD getOne 第 1 次 等待 1 秒
2021-07-15 01:49:41 查询号码 【1492236】，返回信息 {"status":"bad","msg":""}
2021-07-15 01:49:41 查询号码 【1492236】，GSD为【""】
2021-07-15 01:49:41 bad
2021-07-15 01:49:42 CHB 1492236?1626284981 第 1 次 等待 1 秒
2021-07-15 01:49:43 CHB 1492236?1626284981 第 1 次 获取到号码【1492236】GSD
2021-07-15 01:49:43 未获取到号码【1492236】GSD，查号吧 400 错误
2021-07-15 01:49:43 获取到号码【1492236】的GSD为【-】
2021-07-15 01:49:46 GSD insert 第 1 次 等待 1 秒
2021-07-15 01:49:47 {"status":"ok","gid":279093,"msg":"添加成功！"}
2021-07-15 01:49:47 下次操作: 2021-07-15 01:50:05

2021-07-15 01:50:05 开始第 13 次操作

2021-07-15 01:50:05 开始操作号码 【1492237】
2021-07-15 01:50:06 GSD getOne 第 1 次 等待 1 秒
2021-07-15 01:50:07 查询号码 【1492237】，返回信息 {"status":"bad","msg":""}
2021-07-15 01:50:07 查询号码 【1492237】，GSD为【""】
2021-07-15 01:50:07 bad
2021-07-15 01:50:09 CHB 1492237?1626285007 第 1 次 等待 1 秒
2021-07-15 01:50:10 CHB 1492237?1626285007 第 1 次 获取到号码【1492237】GSD
2021-07-15 01:50:10 获取到号码【1492237】的GSD为【江苏-南京】
2021-07-15 01:50:14 GSD insert 第 1 次 等待 1 秒
2021-07-15 01:50:15 {"status":"ok","gid":279101,"msg":"添加成功！"}
2021-07-15 01:50:15 下次操作: 2021-07-15 01:50:22

2021-07-15 01:50:22 开始第 14 次操作

2021-07-15 01:50:22 开始操作号码 【1492238】
2021-07-15 01:50:24 GSD getOne 第 1 次 等待 1 秒
2021-07-15 01:50:25 查询号码 【1492238】，返回信息 {"status":"bad","msg":""}
2021-07-15 01:50:25 查询号码 【1492238】，GSD为【""】
2021-07-15 01:50:25 bad
2021-07-15 01:50:26 CHB 1492238?1626285025 第 1 次 等待 1 秒
2021-07-15 01:50:27 CHB 1492238?1626285025 第 1 次 获取到号码【1492238】GSD
2021-07-15 01:50:27 获取到号码【1492238】的GSD为【江苏-南京】
2021-07-15 01:50:29 GSD insert 第 1 次 等待 1 秒
2021-07-15 01:50:30 {"status":"ok","gid":279105,"msg":"添加成功！"}
2021-07-15 01:50:30 下次操作: 2021-07-15 01:50:44

2021-07-15 01:50:44 开始第 15 次操作

2021-07-15 01:50:44 开始操作号码 【1492239】
2021-07-15 01:50:45 GSD getOne 第 1 次 等待 1 秒
2021-07-15 01:50:46 查询号码 【1492239】，返回信息 {"status":"bad","msg":""}
2021-07-15 01:50:46 查询号码 【1492239】，GSD为【""】
2021-07-15 01:50:46 bad
2021-07-15 01:50:48 CHB 1492239?1626285046 第 1 次 等待 1 秒
2021-07-15 01:50:49 CHB 1492239?1626285046 第 1 次 获取到号码【1492239】GSD
2021-07-15 01:50:49 获取到号码【1492239】的GSD为【江苏-南京】
2021-07-15 01:50:58 GSD insert 第 1 次 等待 1 秒
2021-07-15 01:50:59 {"status":"ok","gid":279111,"msg":"添加成功！"}
2021-07-15 01:50:59 下次操作: 2021-07-15 01:51:06

2021-07-15 01:51:06 开始第 16 次操作

2021-07-15 01:51:06 开始操作号码 【1492240】
2021-07-15 01:51:08 GSD getOne 第 1 次 等待 1 秒
2021-07-15 01:51:09 查询号码 【1492240】，返回信息 {"status":"bad","msg":""}
2021-07-15 01:51:09 查询号码 【1492240】，GSD为【""】
2021-07-15 01:51:09 bad
2021-07-15 01:51:11 CHB 1492240?1626285069 第 1 次 等待 1 秒
2021-07-15 01:51:12 CHB 1492240?1626285069 第 1 次 获取到号码【1492240】GSD
2021-07-15 01:51:12 获取到号码【1492240】的GSD为【江苏-南京】
2021-07-15 01:51:54 GSD insert 第 1 次 等待 1 秒
2021-07-15 01:51:55 {"status":"ok","gid":279128,"msg":"添加成功！"}
2021-07-15 01:51:55 下次操作: 2021-07-15 01:52:03

2021-07-15 01:52:03 开始第 17 次操作

2021-07-15 01:52:03 开始操作号码 【1492241】
2021-07-15 01:52:05 GSD getOne 第 1 次 等待 1 秒
2021-07-15 01:52:06 查询号码 【1492241】，返回信息 {"status":"bad","msg":""}
2021-07-15 01:52:06 查询号码 【1492241】，GSD为【""】
2021-07-15 01:52:06 bad
2021-07-15 01:52:08 CHB 1492241?1626285126 第 1 次 等待 1 秒
2021-07-15 01:52:09 CHB 1492241?1626285126 第 1 次 获取到号码【1492241】GSD
2021-07-15 01:52:09 获取到号码【1492241】的GSD为【江苏-南京】
2021-07-15 01:52:15 GSD insert 第 1 次 等待 1 秒
2021-07-15 01:52:16 {"status":"ok","gid":279133,"msg":"添加成功！"}
2021-07-15 01:52:16 下次操作: 2021-07-15 01:52:32

2021-07-15 01:52:32 开始第 18 次操作

2021-07-15 01:52:32 开始操作号码 【1492242】
2021-07-15 01:52:37 GSD getOne 第 1 次 等待 1 秒
2021-07-15 01:52:38 查询号码 【1492242】，返回信息 {"status":"bad","msg":""}
2021-07-15 01:52:38 查询号码 【1492242】，GSD为【""】
2021-07-15 01:52:38 bad
2021-07-15 01:52:40 CHB 1492242?1626285158 第 1 次 等待 1 秒
2021-07-15 01:52:41 CHB 1492242?1626285158 第 1 次 获取到号码【1492242】GSD
2021-07-15 01:52:41 获取到号码【1492242】的GSD为【江苏-南京】
2021-07-15 01:52:43 GSD insert 第 1 次 等待 1 秒
2021-07-15 01:52:44 {"status":"ok","gid":279141,"msg":"添加成功！"}
2021-07-15 01:52:44 下次操作: 2021-07-15 01:53:00

2021-07-15 01:53:00 开始第 19 次操作

2021-07-15 01:53:00 开始操作号码 【1492243】
2021-07-15 01:53:04 GSD getOne 第 1 次 等待 1 秒
2021-07-15 01:53:05 查询号码 【1492243】，返回信息 {"status":"bad","msg":""}
2021-07-15 01:53:05 查询号码 【1492243】，GSD为【""】
2021-07-15 01:53:05 bad
2021-07-15 01:53:07 CHB 1492243?1626285185 第 1 次 等待 1 秒
2021-07-15 01:53:08 CHB 1492243?1626285185 第 1 次 获取到号码【1492243】GSD
2021-07-15 01:53:08 获取到号码【1492243】的GSD为【江苏-南京】
2021-07-15 01:53:13 GSD insert 第 1 次 等待 1 秒
2021-07-15 01:53:14 {"status":"ok","gid":279148,"msg":"添加成功！"}
2021-07-15 01:53:14 下次操作: 2021-07-15 01:53:26

2021-07-15 01:53:26 开始第 20 次操作

2021-07-15 01:53:26 开始操作号码 【1492244】
2021-07-15 01:53:28 GSD getOne 第 1 次 等待 1 秒
2021-07-15 01:53:29 查询号码 【1492244】，返回信息 {"status":"bad","msg":""}
2021-07-15 01:53:29 查询号码 【1492244】，GSD为【""】
2021-07-15 01:53:29 bad
2021-07-15 01:53:30 CHB 1492244?1626285209 第 1 次 等待 1 秒
2021-07-15 01:53:31 CHB 1492244?1626285209 第 1 次 获取到号码【1492244】GSD
2021-07-15 01:53:31 获取到号码【1492244】的GSD为【江苏-南京】
2021-07-15 01:53:36 GSD insert 第 1 次 等待 1 秒
2021-07-15 01:53:37 {"status":"ok","gid":279157,"msg":"添加成功！"}
2021-07-15 01:53:37 下次操作: 2021-07-15 01:53:44

2021-07-15 01:53:44 开始第 21 次操作

2021-07-15 01:53:44 开始操作号码 【1492245】
2021-07-15 01:53:47 GSD getOne 第 1 次 等待 1 秒
2021-07-15 01:53:48 查询号码 【1492245】，返回信息 {"status":"bad","msg":""}
2021-07-15 01:53:48 查询号码 【1492245】，GSD为【""】
2021-07-15 01:53:48 bad
2021-07-15 01:53:49 CHB 1492245?1626285228 第 1 次 等待 1 秒
2021-07-15 01:53:50 CHB 1492245?1626285228 第 1 次 获取到号码【1492245】GSD
2021-07-15 01:53:50 获取到号码【1492245】的GSD为【江苏-南京】
2021-07-15 01:53:51 GSD insert 第 1 次 等待 1 秒
2021-07-15 01:53:52 {"status":"ok","gid":279162,"msg":"添加成功！"}
2021-07-15 01:53:52 下次操作: 2021-07-15 01:54:02

2021-07-15 01:54:02 开始第 22 次操作

2021-07-15 01:54:02 开始操作号码 【1492246】
2021-07-15 01:54:04 GSD getOne 第 1 次 等待 1 秒
2021-07-15 01:54:05 查询号码 【1492246】，返回信息 {"status":"bad","msg":""}
2021-07-15 01:54:05 查询号码 【1492246】，GSD为【""】
2021-07-15 01:54:05 bad
2021-07-15 01:54:07 CHB 1492246?1626285245 第 1 次 等待 1 秒
2021-07-15 01:54:08 CHB 1492246?1626285245 第 1 次 获取到号码【1492246】GSD
2021-07-15 01:54:08 获取到号码【1492246】的GSD为【江苏-南京】
2021-07-15 01:54:12 GSD insert 第 1 次 等待 1 秒
2021-07-15 01:54:13 {"status":"ok","gid":279169,"msg":"添加成功！"}
2021-07-15 01:54:13 下次操作: 2021-07-15 01:54:23

2021-07-15 01:54:23 开始第 23 次操作

2021-07-15 01:54:23 开始操作号码 【1492247】
2021-07-15 01:54:24 GSD getOne 第 1 次 等待 1 秒
2021-07-15 01:54:25 查询号码 【1492247】，返回信息 {"status":"bad","msg":""}
2021-07-15 01:54:26 查询号码 【1492247】，GSD为【""】
2021-07-15 01:54:26 bad
2021-07-15 01:54:27 CHB 1492247?1626285266 第 1 次 等待 1 秒
2021-07-15 01:54:28 CHB 1492247?1626285266 第 1 次 获取到号码【1492247】GSD
2021-07-15 01:54:28 获取到号码【1492247】的GSD为【江苏-南京】
2021-07-15 01:54:33 GSD insert 第 1 次 等待 1 秒
2021-07-15 01:54:34 {"status":"ok","gid":279175,"msg":"添加成功！"}
2021-07-15 01:54:34 下次操作: 2021-07-15 01:54:50

2021-07-15 01:54:50 开始第 24 次操作

2021-07-15 01:54:50 开始操作号码 【1492248】
2021-07-15 01:54:52 GSD getOne 第 1 次 等待 1 秒
2021-07-15 01:54:53 查询号码 【1492248】，返回信息 {"status":"bad","msg":""}
2021-07-15 01:54:53 查询号码 【1492248】，GSD为【""】
2021-07-15 01:54:53 bad
2021-07-15 01:54:55 CHB 1492248?1626285293 第 1 次 等待 1 秒
2021-07-15 01:54:56 CHB 1492248?1626285293 第 1 次 获取到号码【1492248】GSD
2021-07-15 01:54:56 获取到号码【1492248】的GSD为【江苏-南京】
2021-07-15 01:55:00 GSD insert 第 1 次 等待 1 秒
2021-07-15 01:55:01 {"status":"ok","gid":279187,"msg":"添加成功！"}
2021-07-15 01:55:01 下次操作: 2021-07-15 01:55:08

2021-07-15 01:55:08 开始第 25 次操作

2021-07-15 01:55:08 开始操作号码 【1492249】
2021-07-15 01:55:11 GSD getOne 第 1 次 等待 1 秒
2021-07-15 01:55:12 查询号码 【1492249】，返回信息 {"status":"bad","msg":""}
2021-07-15 01:55:12 查询号码 【1492249】，GSD为【""】
2021-07-15 01:55:12 bad
2021-07-15 01:55:14 CHB 1492249?1626285312 第 1 次 等待 1 秒
2021-07-15 01:55:15 CHB 1492249?1626285312 第 1 次 获取到号码【1492249】GSD
2021-07-15 01:55:15 获取到号码【1492249】的GSD为【江苏-南京】
2021-07-15 01:55:16 GSD insert 第 1 次 等待 1 秒
2021-07-15 01:55:17 {"status":"ok","gid":279190,"msg":"添加成功！"}
2021-07-15 01:55:17 下次操作: 2021-07-15 01:55:33

2021-07-15 01:55:33 开始第 26 次操作

2021-07-15 01:55:33 开始操作号码 【1492250】
2021-07-15 01:55:38 GSD getOne 第 1 次 等待 1 秒
2021-07-15 01:55:39 查询号码 【1492250】，返回信息 {"status":"bad","msg":""}
2021-07-15 01:55:39 查询号码 【1492250】，GSD为【""】
2021-07-15 01:55:39 bad
2021-07-15 01:55:41 CHB 1492250?1626285339 第 1 次 等待 1 秒
2021-07-15 01:55:42 CHB 1492250?1626285339 第 1 次 获取到号码【1492250】GSD
2021-07-15 01:55:42 获取到号码【1492250】的GSD为【江苏-南京】
2021-07-15 01:55:45 GSD insert 第 1 次 等待 1 秒
2021-07-15 01:55:46 {"status":"ok","gid":279199,"msg":"添加成功！"}
2021-07-15 01:55:46 下次操作: 2021-07-15 01:56:04

2021-07-15 01:56:04 开始第 27 次操作

2021-07-15 01:56:04 开始操作号码 【1492251】
2021-07-15 01:56:05 GSD getOne 第 1 次 等待 1 秒
2021-07-15 01:56:06 查询号码 【1492251】，返回信息 {"status":"bad","msg":""}
2021-07-15 01:56:06 查询号码 【1492251】，GSD为【""】
2021-07-15 01:56:06 bad
2021-07-15 01:56:08 CHB 1492251?1626285366 第 1 次 等待 1 秒
2021-07-15 01:56:09 CHB 1492251?1626285366 第 1 次 获取到号码【1492251】GSD
2021-07-15 01:56:09 获取到号码【1492251】的GSD为【江苏-南京】
2021-07-15 01:56:11 GSD insert 第 1 次 等待 1 秒
2021-07-15 01:56:12 {"status":"ok","gid":279205,"msg":"添加成功！"}
2021-07-15 01:56:12 下次操作: 2021-07-15 01:56:20

2021-07-15 01:56:20 开始第 28 次操作

2021-07-15 01:56:20 开始操作号码 【1492252】
2021-07-15 01:56:24 GSD getOne 第 1 次 等待 1 秒
2021-07-15 01:56:25 查询号码 【1492252】，返回信息 {"status":"bad","msg":""}
2021-07-15 01:56:25 查询号码 【1492252】，GSD为【""】
2021-07-15 01:56:25 bad
2021-07-15 01:56:27 CHB 1492252?1626285385 第 1 次 等待 1 秒
2021-07-15 01:56:28 CHB 1492252?1626285385 第 1 次 获取到号码【1492252】GSD
2021-07-15 01:56:28 获取到号码【1492252】的GSD为【江苏-南京】
2021-07-15 01:56:32 GSD insert 第 1 次 等待 1 秒
2021-07-15 01:56:33 {"status":"ok","gid":279211,"msg":"添加成功！"}
2021-07-15 01:56:33 下次操作: 2021-07-15 01:56:49

2021-07-15 01:56:49 开始第 29 次操作

2021-07-15 01:56:50 开始操作号码 【1492253】
2021-07-15 01:56:51 GSD getOne 第 1 次 等待 1 秒
2021-07-15 01:56:52 查询号码 【1492253】，返回信息 {"status":"bad","msg":""}
2021-07-15 01:56:52 查询号码 【1492253】，GSD为【""】
2021-07-15 01:56:52 bad
2021-07-15 01:56:54 CHB 1492253?1626285412 第 1 次 等待 1 秒
2021-07-15 01:56:55 CHB 1492253?1626285412 第 1 次 获取到号码【1492253】GSD
2021-07-15 01:56:55 获取到号码【1492253】的GSD为【江苏-南京】
2021-07-15 01:56:58 GSD insert 第 1 次 等待 1 秒
2021-07-15 01:56:59 {"status":"ok","gid":279217,"msg":"添加成功！"}
2021-07-15 01:56:59 下次操作: 2021-07-15 01:57:05

2021-07-15 01:57:05 开始第 30 次操作

2021-07-15 01:57:05 开始操作号码 【1492254】
2021-07-15 01:57:08 GSD getOne 第 1 次 等待 1 秒
2021-07-15 01:57:09 查询号码 【1492254】，返回信息 {"status":"bad","msg":""}
2021-07-15 01:57:09 查询号码 【1492254】，GSD为【""】
2021-07-15 01:57:09 bad
2021-07-15 01:57:10 CHB 1492254?1626285429 第 1 次 等待 1 秒
2021-07-15 01:57:11 CHB 1492254?1626285429 第 1 次 获取到号码【1492254】GSD
2021-07-15 01:57:11 获取到号码【1492254】的GSD为【江苏-南京】
2021-07-15 01:57:16 GSD insert 第 1 次 等待 1 秒
2021-07-15 01:57:17 {"status":"ok","gid":279223,"msg":"添加成功！"}

