2024-07-08 00:21:28 开始第 4769 次操作

2024-07-08 00:21:28 开始操作号码 【1464671】
2024-07-08 00:21:38 GSD getOne 第 1 次 等待 3 秒
2024-07-08 00:21:41 查询号码 【1464671】，返回信息 {"status":"ok","msg":"江苏-南京","gid":"338380","time_insert":"2021-07-20 16:34"}
2024-07-08 00:21:41 查询号码 【1464671】，GSD为【"江苏-南京"】

2024-07-08 00:21:42 开始第 4770 次操作

2024-07-08 00:21:42 开始操作号码 【1464672】
2024-07-08 00:21:53 GSD getOne 第 1 次 等待 3 秒
2024-07-08 00:21:56 查询号码 【1464672】，返回信息 {"status":"ok","msg":"江苏-南京","gid":"338438","time_insert":"2021-07-20 16:44"}
2024-07-08 00:21:56 查询号码 【1464672】，GSD为【"江苏-南京"】

2024-07-08 00:21:57 开始第 4771 次操作

2024-07-08 00:21:57 开始操作号码 【1464673】
2024-07-08 00:22:05 GSD getOne 第 1 次 等待 3 秒
2024-07-08 00:22:08 查询号码 【1464673】，返回信息 {"status":"ok","msg":"江苏-南京","gid":"338604","time_insert":"2021-07-20 16:57"}
2024-07-08 00:22:08 查询号码 【1464673】，GSD为【"江苏-南京"】

2024-07-08 00:22:09 开始第 4772 次操作

2024-07-08 00:22:09 开始操作号码 【1464674】
2024-07-08 00:22:17 GSD getOne 第 1 次 等待 3 秒
2024-07-08 00:22:20 查询号码 【1464674】，返回信息 {"status":"ok","msg":"江苏-南京","gid":"338754","time_insert":"2021-07-20 17:09"}
2024-07-08 00:22:20 查询号码 【1464674】，GSD为【"江苏-南京"】

2024-07-08 00:39:12 开始第 4773 次操作

2024-07-08 00:39:12 开始操作号码 【1464675】
2024-07-08 00:39:25 GSD getOne 第 1 次 等待 3 秒
2024-07-08 00:39:28 查询号码 【1464675】，返回信息 {"status":"ok","msg":"江苏-南京","gid":"338826","time_insert":"2021-07-20 17:24"}
2024-07-08 00:39:28 查询号码 【1464675】，GSD为【"江苏-南京"】

2024-07-08 00:39:29 开始第 4774 次操作

2024-07-08 00:39:29 开始操作号码 【1464676】
2024-07-08 00:39:38 GSD getOne 第 1 次 等待 3 秒
2024-07-08 00:39:41 查询号码 【1464676】，返回信息 {"status":"ok","msg":"江苏-南京","gid":"338852","time_insert":"2021-07-20 17:34"}
2024-07-08 00:39:41 查询号码 【1464676】，GSD为【"江苏-南京"】

2024-07-08 00:39:42 开始第 4775 次操作

2024-07-08 00:39:42 开始操作号码 【1464677】
2024-07-08 00:39:53 GSD getOne 第 1 次 等待 3 秒
2024-07-08 00:39:56 查询号码 【1464677】，返回信息 {"status":"ok","msg":"江苏-南京","gid":"338949","time_insert":"2021-07-20 17:49"}
2024-07-08 00:39:56 查询号码 【1464677】，GSD为【"江苏-南京"】

2024-07-08 00:39:57 开始第 4776 次操作

2024-07-08 00:39:57 开始操作号码 【1464678】
2024-07-08 00:40:06 GSD getOne 第 1 次 等待 3 秒
2024-07-08 00:40:09 查询号码 【1464678】，返回信息 {"status":"ok","msg":"江苏-南京","gid":"339068","time_insert":"2021-07-20 17:59"}
2024-07-08 00:40:09 查询号码 【1464678】，GSD为【"江苏-南京"】

