2024-02-10 00:20:28 开始第 2809 次操作

2024-02-10 00:20:28 开始操作号码 【1682721】
2024-02-10 00:20:32 GSD getOne 第 1 次 等待 3 秒
2024-02-10 00:20:35 查询号码 【1682721】，返回信息 {"status":"ok","msg":"-","gid":"569736","time_insert":"2023-03-04 18:31"}
2024-02-10 00:20:35 查询号码 【1682721】，GSD为【"-"】
2024-02-10 00:20:35 ok && -
2024-02-10 00:20:37 CHB 1682721?1707495635 第 1 次 等待 3 秒
2024-02-10 00:20:40 CHB 1682721?1707495635 第 1 次 获取到号码【1682721】GSD
2024-02-10 00:20:40 未获取到号码【1682721】GSD，可能号码格式错误
2024-02-10 00:20:40 获取到号码【1682721】的GSD为【-】
2024-02-10 00:20:44 GSD insert 第 1 次 等待 3 秒
2024-02-10 00:20:47 {"status":"bad","gid":"569736","msg":"添加失败！号码【1682721(-|-)】已存在！"}
2024-02-10 00:20:47 随机等待 144 秒，约 2 分钟
2024-02-10 00:20:47 下次操作: 2024-02-10 00:23:11

2024-02-10 00:23:11 开始第 2810 次操作

2024-02-10 00:23:11 开始操作号码 【1682722】
2024-02-10 00:23:16 GSD getOne 第 1 次 等待 3 秒
2024-02-10 00:23:19 查询号码 【1682722】，返回信息 {"status":"ok","msg":"-","gid":"569760","time_insert":"2023-03-04 18:44"}
2024-02-10 00:23:19 查询号码 【1682722】，GSD为【"-"】
2024-02-10 00:23:19 ok && -
2024-02-10 00:23:20 CHB 1682722?1707495799 第 1 次 等待 3 秒
2024-02-10 00:23:23 CHB 1682722?1707495799 第 1 次 获取到号码【1682722】GSD
2024-02-10 00:23:23 未获取到号码【1682722】GSD，可能号码格式错误
2024-02-10 00:23:23 获取到号码【1682722】的GSD为【-】
2024-02-10 00:23:28 GSD insert 第 1 次 等待 3 秒
2024-02-10 00:23:31 {"status":"bad","gid":"569760","msg":"添加失败！号码【1682722(-|-)】已存在！"}
2024-02-10 00:23:31 随机等待 198 秒，约 3 分钟
2024-02-10 00:23:31 下次操作: 2024-02-10 00:26:49

2024-02-10 00:26:49 开始第 2811 次操作

2024-02-10 00:26:49 开始操作号码 【1682723】
2024-02-10 00:26:53 GSD getOne 第 1 次 等待 3 秒
2024-02-10 00:26:56 查询号码 【1682723】，返回信息 {"status":"ok","msg":"-","gid":"569772","time_insert":"2023-03-04 18:53"}
2024-02-10 00:26:56 查询号码 【1682723】，GSD为【"-"】
2024-02-10 00:26:56 ok && -
2024-02-10 00:26:59 CHB 1682723?1707496016 第 1 次 等待 3 秒
2024-02-10 00:27:02 CHB 1682723?1707496016 第 1 次 获取到号码【1682723】GSD
2024-02-10 00:27:02 未获取到号码【1682723】GSD，可能号码格式错误
2024-02-10 00:27:02 获取到号码【1682723】的GSD为【-】
2024-02-10 00:27:06 GSD insert 第 1 次 等待 3 秒
2024-02-10 00:27:09 {"status":"bad","gid":"569772","msg":"添加失败！号码【1682723(-|-)】已存在！"}
2024-02-10 00:27:09 随机等待 110 秒，约 1 分钟
2024-02-10 00:27:09 下次操作: 2024-02-10 00:28:59

2024-02-10 00:28:59 开始第 2812 次操作

2024-02-10 00:28:59 开始操作号码 【1682724】
2024-02-10 00:29:03 GSD getOne 第 1 次 等待 3 秒
2024-02-10 00:29:06 查询号码 【1682724】，返回信息 {"status":"ok","msg":"-","gid":"569799","time_insert":"2023-03-04 19:11"}
2024-02-10 00:29:06 查询号码 【1682724】，GSD为【"-"】
2024-02-10 00:29:06 ok && -
2024-02-10 00:29:08 CHB 1682724?1707496146 第 1 次 等待 3 秒
2024-02-10 00:29:11 CHB 1682724?1707496146 第 1 次 获取到号码【1682724】GSD
2024-02-10 00:29:11 未获取到号码【1682724】GSD，可能号码格式错误
2024-02-10 00:29:11 获取到号码【1682724】的GSD为【-】
2024-02-10 00:29:15 GSD insert 第 1 次 等待 3 秒
2024-02-10 00:29:18 {"status":"bad","gid":"569799","msg":"添加失败！号码【1682724(-|-)】已存在！"}

2024-02-10 00:38:29 开始第 2813 次操作

2024-02-10 00:38:29 开始操作号码 【1682725】
2024-02-10 00:38:33 GSD getOne 第 1 次 等待 3 秒
2024-02-10 00:38:36 查询号码 【1682725】，返回信息 {"status":"ok","msg":"-","gid":"569821","time_insert":"2023-03-04 19:25"}
2024-02-10 00:38:36 查询号码 【1682725】，GSD为【"-"】
2024-02-10 00:38:36 ok && -
2024-02-10 00:38:38 CHB 1682725?1707496716 第 1 次 等待 3 秒
2024-02-10 00:38:41 CHB 1682725?1707496716 第 1 次 获取到号码【1682725】GSD
2024-02-10 00:38:41 未获取到号码【1682725】GSD，可能号码格式错误
2024-02-10 00:38:41 获取到号码【1682725】的GSD为【-】
2024-02-10 00:38:45 GSD insert 第 1 次 等待 3 秒
2024-02-10 00:38:48 {"status":"bad","gid":"569821","msg":"添加失败！号码【1682725(-|-)】已存在！"}
2024-02-10 00:38:48 随机等待 203 秒，约 3 分钟
2024-02-10 00:38:48 下次操作: 2024-02-10 00:42:11

2024-02-10 00:42:11 开始第 2814 次操作

2024-02-10 00:42:11 开始操作号码 【1682726】
2024-02-10 00:42:15 GSD getOne 第 1 次 等待 3 秒
2024-02-10 00:42:18 查询号码 【1682726】，返回信息 {"status":"ok","msg":"-","gid":"569866","time_insert":"2023-03-04 19:48"}
2024-02-10 00:42:18 查询号码 【1682726】，GSD为【"-"】
2024-02-10 00:42:18 ok && -
2024-02-10 00:42:21 CHB 1682726?1707496938 第 1 次 等待 3 秒
2024-02-10 00:42:24 CHB 1682726?1707496938 第 1 次 获取到号码【1682726】GSD
2024-02-10 00:42:24 未获取到号码【1682726】GSD，可能号码格式错误
2024-02-10 00:42:24 获取到号码【1682726】的GSD为【-】
2024-02-10 00:42:28 GSD insert 第 1 次 等待 3 秒
2024-02-10 00:42:31 {"status":"bad","gid":"569866","msg":"添加失败！号码【1682726(-|-)】已存在！"}
2024-02-10 00:42:31 随机等待 133 秒，约 2 分钟
2024-02-10 00:42:31 下次操作: 2024-02-10 00:44:44

2024-02-10 00:44:44 开始第 2815 次操作

2024-02-10 00:44:44 开始操作号码 【1682727】
2024-02-10 00:44:47 GSD getOne 第 1 次 等待 3 秒
2024-02-10 00:44:50 查询号码 【1682727】，返回信息 {"status":"ok","msg":"-","gid":"569883","time_insert":"2023-03-04 20:00"}
2024-02-10 00:44:50 查询号码 【1682727】，GSD为【"-"】
2024-02-10 00:44:50 ok && -
2024-02-10 00:45:05 CHB 1682727?1707497090 第 1 次 等待 3 秒
2024-02-10 00:45:08 CHB 1682727?1707497090 第 1 次 获取到号码【1682727】GSD
2024-02-10 00:45:08 未获取到号码【1682727】GSD，可能号码格式错误
2024-02-10 00:45:08 获取到号码【1682727】的GSD为【-】
2024-02-10 00:45:11 GSD insert 第 1 次 等待 3 秒
2024-02-10 00:45:14 {"status":"bad","gid":"569883","msg":"添加失败！号码【1682727(-|-)】已存在！"}
2024-02-10 00:45:14 随机等待 104 秒，约 1 分钟
2024-02-10 00:45:14 下次操作: 2024-02-10 00:46:58

2024-02-10 00:46:58 开始第 2816 次操作

2024-02-10 00:46:58 开始操作号码 【1682728】
2024-02-10 00:47:02 GSD getOne 第 1 次 等待 3 秒
2024-02-10 00:47:05 查询号码 【1682728】，返回信息 {"status":"ok","msg":"-","gid":"569900","time_insert":"2023-03-04 20:17"}
2024-02-10 00:47:05 查询号码 【1682728】，GSD为【"-"】
2024-02-10 00:47:05 ok && -
2024-02-10 00:47:08 CHB 1682728?1707497225 第 1 次 等待 3 秒
2024-02-10 00:47:11 CHB 1682728?1707497225 第 1 次 获取到号码【1682728】GSD
2024-02-10 00:47:11 未获取到号码【1682728】GSD，可能号码格式错误
2024-02-10 00:47:11 获取到号码【1682728】的GSD为【-】
2024-02-10 00:47:15 GSD insert 第 1 次 等待 3 秒
2024-02-10 00:47:18 {"status":"bad","gid":"569900","msg":"添加失败！号码【1682728(-|-)】已存在！"}

2024-02-10 01:14:33 开始第 2817 次操作

2024-02-10 01:14:33 开始操作号码 【1682729】
2024-02-10 01:14:38 GSD getOne 第 1 次 等待 3 秒
2024-02-10 01:14:41 查询号码 【1682729】，返回信息 {"status":"ok","msg":"-","gid":"569924","time_insert":"2023-03-04 20:34"}
2024-02-10 01:14:41 查询号码 【1682729】，GSD为【"-"】
2024-02-10 01:14:41 ok && -
2024-02-10 01:14:43 CHB 1682729?1707498881 第 1 次 等待 3 秒
2024-02-10 01:14:46 CHB 1682729?1707498881 第 1 次 获取到号码【1682729】GSD
2024-02-10 01:14:46 未获取到号码【1682729】GSD，可能号码格式错误
2024-02-10 01:14:46 获取到号码【1682729】的GSD为【-】
2024-02-10 01:14:50 GSD insert 第 1 次 等待 3 秒
2024-02-10 01:14:53 {"status":"bad","gid":"569924","msg":"添加失败！号码【1682729(-|-)】已存在！"}
2024-02-10 01:14:53 随机等待 216 秒，约 3 分钟
2024-02-10 01:14:53 下次操作: 2024-02-10 01:18:29

2024-02-10 01:18:29 开始第 2818 次操作

2024-02-10 01:18:29 开始操作号码 【1682730】
2024-02-10 01:18:33 GSD getOne 第 1 次 等待 3 秒
2024-02-10 01:18:36 查询号码 【1682730】，返回信息 {"status":"ok","msg":"-","gid":"569952","time_insert":"2023-03-04 20:58"}
2024-02-10 01:18:36 查询号码 【1682730】，GSD为【"-"】
2024-02-10 01:18:36 ok && -
2024-02-10 01:18:40 CHB 1682730?1707499116 第 1 次 等待 3 秒
2024-02-10 01:18:43 CHB 1682730?1707499116 第 1 次 获取到号码【1682730】GSD
2024-02-10 01:18:43 未获取到号码【1682730】GSD，可能号码格式错误
2024-02-10 01:18:43 获取到号码【1682730】的GSD为【-】
2024-02-10 01:18:47 GSD insert 第 1 次 等待 3 秒
2024-02-10 01:18:50 {"status":"bad","gid":"569952","msg":"添加失败！号码【1682730(-|-)】已存在！"}
2024-02-10 01:18:50 随机等待 174 秒，约 2 分钟
2024-02-10 01:18:50 下次操作: 2024-02-10 01:21:44

2024-02-10 01:21:44 开始第 2819 次操作

2024-02-10 01:21:44 开始操作号码 【1682731】
2024-02-10 01:21:48 GSD getOne 第 1 次 等待 3 秒
2024-02-10 01:21:51 查询号码 【1682731】，返回信息 {"status":"ok","msg":"-","gid":"569964","time_insert":"2023-03-04 21:07"}
2024-02-10 01:21:51 查询号码 【1682731】，GSD为【"-"】
2024-02-10 01:21:51 ok && -
2024-02-10 01:21:54 CHB 1682731?1707499311 第 1 次 等待 3 秒
2024-02-10 01:21:57 CHB 1682731?1707499311 第 1 次 获取到号码【1682731】GSD
2024-02-10 01:21:57 未获取到号码【1682731】GSD，可能号码格式错误
2024-02-10 01:21:57 获取到号码【1682731】的GSD为【-】
2024-02-10 01:22:01 GSD insert 第 1 次 等待 3 秒
2024-02-10 01:22:04 {"status":"bad","gid":"569964","msg":"添加失败！号码【1682731(-|-)】已存在！"}
2024-02-10 01:22:04 随机等待 149 秒，约 2 分钟
2024-02-10 01:22:04 下次操作: 2024-02-10 01:24:33

2024-02-10 01:24:33 开始第 2820 次操作

2024-02-10 01:24:33 开始操作号码 【1682732】
2024-02-10 01:24:37 GSD getOne 第 1 次 等待 3 秒
2024-02-10 01:24:40 查询号码 【1682732】，返回信息 {"status":"ok","msg":"-","gid":"569986","time_insert":"2023-03-04 21:25"}
2024-02-10 01:24:40 查询号码 【1682732】，GSD为【"-"】
2024-02-10 01:24:40 ok && -
2024-02-10 01:24:42 CHB 1682732?1707499480 第 1 次 等待 3 秒
2024-02-10 01:24:45 CHB 1682732?1707499480 第 1 次 获取到号码【1682732】GSD
2024-02-10 01:24:46 未获取到号码【1682732】GSD，可能号码格式错误
2024-02-10 01:24:46 获取到号码【1682732】的GSD为【-】
2024-02-10 01:24:50 GSD insert 第 1 次 等待 3 秒
2024-02-10 01:24:53 {"status":"bad","gid":"569986","msg":"添加失败！号码【1682732(-|-)】已存在！"}

2024-02-10 01:37:47 开始第 2821 次操作

2024-02-10 01:37:47 开始操作号码 【1682733】
2024-02-10 01:37:54 GSD getOne 第 1 次 等待 3 秒
2024-02-10 01:37:57 查询号码 【1682733】，返回信息 {"status":"ok","msg":"-","gid":"570011","time_insert":"2023-03-04 21:41"}
2024-02-10 01:37:57 查询号码 【1682733】，GSD为【"-"】
2024-02-10 01:37:57 ok && -
2024-02-10 01:38:00 CHB 1682733?1707500277 第 1 次 等待 3 秒
2024-02-10 01:38:03 CHB 1682733?1707500277 第 1 次 获取到号码【1682733】GSD
2024-02-10 01:38:03 未获取到号码【1682733】GSD，可能号码格式错误
2024-02-10 01:38:03 获取到号码【1682733】的GSD为【-】
2024-02-10 01:38:08 GSD insert 第 1 次 等待 3 秒
2024-02-10 01:38:11 {"status":"bad","gid":"570011","msg":"添加失败！号码【1682733(-|-)】已存在！"}
2024-02-10 01:38:11 随机等待 173 秒，约 2 分钟
2024-02-10 01:38:11 下次操作: 2024-02-10 01:41:04

2024-02-10 01:41:04 开始第 2822 次操作

2024-02-10 01:41:04 开始操作号码 【1682734】
2024-02-10 01:41:08 GSD getOne 第 1 次 等待 3 秒
2024-02-10 01:41:11 查询号码 【1682734】，返回信息 {"status":"ok","msg":"-","gid":"570032","time_insert":"2023-03-04 21:56"}
2024-02-10 01:41:11 查询号码 【1682734】，GSD为【"-"】
2024-02-10 01:41:11 ok && -
2024-02-10 01:41:14 CHB 1682734?1707500471 第 1 次 等待 3 秒
2024-02-10 01:41:17 CHB 1682734?1707500471 第 1 次 获取到号码【1682734】GSD
2024-02-10 01:41:17 未获取到号码【1682734】GSD，可能号码格式错误
2024-02-10 01:41:17 获取到号码【1682734】的GSD为【-】
2024-02-10 01:41:21 GSD insert 第 1 次 等待 3 秒
2024-02-10 01:41:24 {"status":"bad","gid":"570032","msg":"添加失败！号码【1682734(-|-)】已存在！"}
2024-02-10 01:41:24 随机等待 143 秒，约 2 分钟
2024-02-10 01:41:24 下次操作: 2024-02-10 01:43:47

2024-02-10 01:43:47 开始第 2823 次操作

2024-02-10 01:43:47 开始操作号码 【1682735】
2024-02-10 01:43:51 GSD getOne 第 1 次 等待 3 秒
2024-02-10 01:43:54 查询号码 【1682735】，返回信息 {"status":"ok","msg":"-","gid":"570053","time_insert":"2023-03-04 22:10"}
2024-02-10 01:43:54 查询号码 【1682735】，GSD为【"-"】
2024-02-10 01:43:54 ok && -
2024-02-10 01:43:57 CHB 1682735?1707500634 第 1 次 等待 3 秒
2024-02-10 01:44:00 CHB 1682735?1707500634 第 1 次 获取到号码【1682735】GSD
2024-02-10 01:44:00 未获取到号码【1682735】GSD，可能号码格式错误
2024-02-10 01:44:00 获取到号码【1682735】的GSD为【-】
2024-02-10 01:44:04 GSD insert 第 1 次 等待 3 秒
2024-02-10 01:44:07 {"status":"bad","gid":"570053","msg":"添加失败！号码【1682735(-|-)】已存在！"}
2024-02-10 01:44:07 随机等待 136 秒，约 2 分钟
2024-02-10 01:44:07 下次操作: 2024-02-10 01:46:23

2024-02-10 01:46:23 开始第 2824 次操作

2024-02-10 01:46:23 开始操作号码 【1682736】
2024-02-10 01:46:27 GSD getOne 第 1 次 等待 3 秒
2024-02-10 01:46:30 查询号码 【1682736】，返回信息 {"status":"ok","msg":"-","gid":"570085","time_insert":"2023-03-04 22:30"}
2024-02-10 01:46:30 查询号码 【1682736】，GSD为【"-"】
2024-02-10 01:46:30 ok && -
2024-02-10 01:46:33 CHB 1682736?1707500790 第 1 次 等待 3 秒
2024-02-10 01:46:36 CHB 1682736?1707500790 第 1 次 获取到号码【1682736】GSD
2024-02-10 01:46:36 未获取到号码【1682736】GSD，可能号码格式错误
2024-02-10 01:46:36 获取到号码【1682736】的GSD为【-】
2024-02-10 01:46:40 GSD insert 第 1 次 等待 3 秒
2024-02-10 01:46:43 {"status":"bad","gid":"570085","msg":"添加失败！号码【1682736(-|-)】已存在！"}

