2024-02-09 00:21:12 开始第 2629 次操作

2024-02-09 00:21:12 开始操作号码 【1682541】
2024-02-09 00:21:17 GSD getOne 第 1 次 等待 3 秒
2024-02-09 00:21:20 查询号码 【1682541】，返回信息 {"status":"ok","msg":"-","gid":"565607","time_insert":"2023-03-02 18:31"}
2024-02-09 00:21:20 查询号码 【1682541】，GSD为【"-"】
2024-02-09 00:21:20 ok && -
2024-02-09 00:21:23 CHB 1682541?1707409280 第 1 次 等待 3 秒
2024-02-09 00:21:26 CHB 1682541?1707409280 第 1 次 获取到号码【1682541】GSD
2024-02-09 00:21:26 未获取到号码【1682541】GSD，可能号码格式错误
2024-02-09 00:21:26 获取到号码【1682541】的GSD为【-】
2024-02-09 00:21:32 GSD insert 第 1 次 等待 3 秒
2024-02-09 00:21:35 {"status":"bad","gid":"565607","msg":"添加失败！号码【1682541(-|-)】已存在！"}
2024-02-09 00:21:35 随机等待 111 秒，约 1 分钟
2024-02-09 00:21:35 下次操作: 2024-02-09 00:23:26

2024-02-09 00:23:26 开始第 2630 次操作

2024-02-09 00:23:26 开始操作号码 【1682542】
2024-02-09 00:23:30 GSD getOne 第 1 次 等待 3 秒
2024-02-09 00:23:33 查询号码 【1682542】，返回信息 {"status":"ok","msg":"-","gid":"565627","time_insert":"2023-03-02 18:43"}
2024-02-09 00:23:33 查询号码 【1682542】，GSD为【"-"】
2024-02-09 00:23:33 ok && -
2024-02-09 00:23:35 CHB 1682542?1707409413 第 1 次 等待 3 秒
2024-02-09 00:23:38 CHB 1682542?1707409413 第 1 次 获取到号码【1682542】GSD
2024-02-09 00:23:38 未获取到号码【1682542】GSD，可能号码格式错误
2024-02-09 00:23:38 获取到号码【1682542】的GSD为【-】
2024-02-09 00:23:42 GSD insert 第 1 次 等待 3 秒
2024-02-09 00:23:45 {"status":"bad","gid":"565627","msg":"添加失败！号码【1682542(-|-)】已存在！"}
2024-02-09 00:23:45 随机等待 95 秒，约 1 分钟
2024-02-09 00:23:45 下次操作: 2024-02-09 00:25:20

2024-02-09 00:25:20 开始第 2631 次操作

2024-02-09 00:25:20 开始操作号码 【1682543】
2024-02-09 00:25:24 GSD getOne 第 1 次 等待 3 秒
2024-02-09 00:25:27 查询号码 【1682543】，返回信息 {"status":"ok","msg":"-","gid":"565649","time_insert":"2023-03-02 18:54"}
2024-02-09 00:25:27 查询号码 【1682543】，GSD为【"-"】
2024-02-09 00:25:27 ok && -
2024-02-09 00:25:42 CHB 1682543?1707409527 第 1 次 等待 3 秒
2024-02-09 00:25:45 CHB 1682543?1707409527 第 1 次 获取到号码【1682543】GSD
2024-02-09 00:25:45 未获取到号码【1682543】GSD，可能号码格式错误
2024-02-09 00:25:45 获取到号码【1682543】的GSD为【-】
2024-02-09 00:25:49 GSD insert 第 1 次 等待 3 秒
2024-02-09 00:25:52 {"status":"bad","gid":"565649","msg":"添加失败！号码【1682543(-|-)】已存在！"}
2024-02-09 00:25:52 随机等待 127 秒，约 2 分钟
2024-02-09 00:25:52 下次操作: 2024-02-09 00:27:59

2024-02-09 00:27:59 开始第 2632 次操作

2024-02-09 00:27:59 开始操作号码 【1682544】
2024-02-09 00:28:04 GSD getOne 第 1 次 等待 3 秒
2024-02-09 00:28:07 查询号码 【1682544】，返回信息 {"status":"ok","msg":"-","gid":"565672","time_insert":"2023-03-02 19:07"}
2024-02-09 00:28:07 查询号码 【1682544】，GSD为【"-"】
2024-02-09 00:28:07 ok && -
2024-02-09 00:28:09 CHB 1682544?1707409687 第 1 次 等待 3 秒
2024-02-09 00:28:12 CHB 1682544?1707409687 第 1 次 获取到号码【1682544】GSD
2024-02-09 00:28:12 未获取到号码【1682544】GSD，可能号码格式错误
2024-02-09 00:28:12 获取到号码【1682544】的GSD为【-】
2024-02-09 00:28:18 GSD insert 第 1 次 等待 3 秒
2024-02-09 00:28:21 {"status":"bad","gid":"565672","msg":"添加失败！号码【1682544(-|-)】已存在！"}

2024-02-09 00:38:23 开始第 2633 次操作

2024-02-09 00:38:23 开始操作号码 【1682545】
2024-02-09 00:38:28 GSD getOne 第 1 次 等待 3 秒
2024-02-09 00:38:31 查询号码 【1682545】，返回信息 {"status":"ok","msg":"-","gid":"565696","time_insert":"2023-03-02 19:24"}
2024-02-09 00:38:31 查询号码 【1682545】，GSD为【"-"】
2024-02-09 00:38:31 ok && -
2024-02-09 00:38:34 CHB 1682545?1707410311 第 1 次 等待 3 秒
2024-02-09 00:38:37 CHB 1682545?1707410311 第 1 次 获取到号码【1682545】GSD
2024-02-09 00:38:37 未获取到号码【1682545】GSD，可能号码格式错误
2024-02-09 00:38:37 获取到号码【1682545】的GSD为【-】
2024-02-09 00:38:42 GSD insert 第 1 次 等待 3 秒
2024-02-09 00:38:45 {"status":"bad","gid":"565696","msg":"添加失败！号码【1682545(-|-)】已存在！"}
2024-02-09 00:38:45 随机等待 198 秒，约 3 分钟
2024-02-09 00:38:45 下次操作: 2024-02-09 00:42:03

2024-02-09 00:42:03 开始第 2634 次操作

2024-02-09 00:42:03 开始操作号码 【1682546】
2024-02-09 00:42:08 GSD getOne 第 1 次 等待 3 秒
2024-02-09 00:42:11 查询号码 【1682546】，返回信息 {"status":"ok","msg":"-","gid":"565730","time_insert":"2023-03-02 19:43"}
2024-02-09 00:42:11 查询号码 【1682546】，GSD为【"-"】
2024-02-09 00:42:11 ok && -
2024-02-09 00:42:14 CHB 1682546?1707410531 第 1 次 等待 3 秒
2024-02-09 00:42:17 CHB 1682546?1707410531 第 1 次 获取到号码【1682546】GSD
2024-02-09 00:42:17 未获取到号码【1682546】GSD，可能号码格式错误
2024-02-09 00:42:17 获取到号码【1682546】的GSD为【-】
2024-02-09 00:42:24 GSD insert 第 1 次 等待 3 秒
2024-02-09 00:42:27 {"status":"bad","gid":"565730","msg":"添加失败！号码【1682546(-|-)】已存在！"}
2024-02-09 00:42:27 随机等待 94 秒，约 1 分钟
2024-02-09 00:42:27 下次操作: 2024-02-09 00:44:01

2024-02-09 00:44:01 开始第 2635 次操作

2024-02-09 00:44:01 开始操作号码 【1682547】
2024-02-09 00:44:05 GSD getOne 第 1 次 等待 3 秒
2024-02-09 00:44:08 查询号码 【1682547】，返回信息 {"status":"ok","msg":"-","gid":"565759","time_insert":"2023-03-02 20:00"}
2024-02-09 00:44:08 查询号码 【1682547】，GSD为【"-"】
2024-02-09 00:44:08 ok && -
2024-02-09 00:44:11 CHB 1682547?1707410648 第 1 次 等待 3 秒
2024-02-09 00:44:14 CHB 1682547?1707410648 第 1 次 获取到号码【1682547】GSD
2024-02-09 00:44:14 未获取到号码【1682547】GSD，可能号码格式错误
2024-02-09 00:44:14 获取到号码【1682547】的GSD为【-】
2024-02-09 00:44:18 GSD insert 第 1 次 等待 3 秒
2024-02-09 00:44:21 {"status":"bad","gid":"565759","msg":"添加失败！号码【1682547(-|-)】已存在！"}
2024-02-09 00:44:21 随机等待 228 秒，约 3 分钟
2024-02-09 00:44:21 下次操作: 2024-02-09 00:48:09

2024-02-09 00:48:09 开始第 2636 次操作

2024-02-09 00:48:09 开始操作号码 【1682548】
2024-02-09 00:48:14 GSD getOne 第 1 次 等待 3 秒
2024-02-09 00:48:17 查询号码 【1682548】，返回信息 {"status":"ok","msg":"-","gid":"565777","time_insert":"2023-03-02 20:13"}
2024-02-09 00:48:17 查询号码 【1682548】，GSD为【"-"】
2024-02-09 00:48:17 ok && -
2024-02-09 00:48:20 CHB 1682548?1707410897 第 1 次 等待 3 秒
2024-02-09 00:48:23 CHB 1682548?1707410897 第 1 次 获取到号码【1682548】GSD
2024-02-09 00:48:23 未获取到号码【1682548】GSD，可能号码格式错误
2024-02-09 00:48:23 获取到号码【1682548】的GSD为【-】
2024-02-09 00:48:27 GSD insert 第 1 次 等待 3 秒
2024-02-09 00:48:30 {"status":"bad","gid":"565777","msg":"添加失败！号码【1682548(-|-)】已存在！"}

