2024-08-06 00:23:56 开始第 9833 次操作

2024-08-06 00:23:56 开始操作号码 【1469735】
2024-08-06 00:24:04 GSD getOne 第 1 次 等待 3 秒
2024-08-06 00:24:07 查询号码 【1469735】，返回信息 {"status":"ok","msg":"江苏-南京","gid":"356158","time_insert":"2021-07-22 15:06","time_update":"2023-09-23 22:45"}
2024-08-06 00:24:08 查询号码 【1469735】，GSD为【"江苏-南京"】

2024-08-06 00:24:09 开始第 9834 次操作

2024-08-06 00:24:09 开始操作号码 【1469736】
2024-08-06 00:24:17 GSD getOne 第 1 次 等待 3 秒
2024-08-06 00:24:20 查询号码 【1469736】，返回信息 {"status":"ok","msg":"江苏-南京","gid":"356151","time_insert":"2021-07-22 15:06","time_update":"2023-09-23 23:15"}
2024-08-06 00:24:20 查询号码 【1469736】，GSD为【"江苏-南京"】

2024-08-06 00:24:21 开始第 9835 次操作

2024-08-06 00:24:21 开始操作号码 【1469737】
2024-08-06 00:24:30 GSD getOne 第 1 次 等待 3 秒
2024-08-06 00:24:33 查询号码 【1469737】，返回信息 {"status":"ok","msg":"江苏-南京","gid":"356145","time_insert":"2021-07-22 15:05","time_update":"2023-09-23 23:17"}
2024-08-06 00:24:33 查询号码 【1469737】，GSD为【"江苏-南京"】

2024-08-06 00:24:34 开始第 9836 次操作

2024-08-06 00:24:34 开始操作号码 【1469738】
2024-08-06 00:24:42 GSD getOne 第 1 次 等待 3 秒
2024-08-06 00:24:45 查询号码 【1469738】，返回信息 {"status":"ok","msg":"江苏-南京","gid":"356135","time_insert":"2021-07-22 15:04","time_update":"2023-09-23 23:19"}
2024-08-06 00:24:45 查询号码 【1469738】，GSD为【"江苏-南京"】

2024-08-06 00:42:04 开始第 9837 次操作

2024-08-06 00:42:04 开始操作号码 【1469739】
2024-08-06 00:42:13 GSD getOne 第 1 次 等待 3 秒
2024-08-06 00:42:16 查询号码 【1469739】，返回信息 {"status":"ok","msg":"江苏-南京","gid":"356130","time_insert":"2021-07-22 15:04","time_update":"2023-09-23 23:22"}
2024-08-06 00:42:16 查询号码 【1469739】，GSD为【"江苏-南京"】

2024-08-06 00:42:17 开始第 9838 次操作

2024-08-06 00:42:17 开始操作号码 【1469740】
2024-08-06 00:42:26 GSD getOne 第 1 次 等待 3 秒
2024-08-06 00:42:29 查询号码 【1469740】，返回信息 {"status":"ok","msg":"江苏-南京","gid":"356124","time_insert":"2021-07-22 15:03","time_update":"2023-09-23 23:38"}
2024-08-06 00:42:29 查询号码 【1469740】，GSD为【"江苏-南京"】

2024-08-06 00:42:30 开始第 9839 次操作

2024-08-06 00:42:30 开始操作号码 【1469741】
2024-08-06 00:42:38 GSD getOne 第 1 次 等待 3 秒
2024-08-06 00:42:41 查询号码 【1469741】，返回信息 {"status":"ok","msg":"江苏-南京","gid":"356117","time_insert":"2021-07-22 15:03","time_update":"2023-09-23 23:40"}
2024-08-06 00:42:41 查询号码 【1469741】，GSD为【"江苏-南京"】

2024-08-06 00:42:42 开始第 9840 次操作

2024-08-06 00:42:42 开始操作号码 【1469742】
2024-08-06 00:42:50 GSD getOne 第 1 次 等待 3 秒
2024-08-06 00:42:53 查询号码 【1469742】，返回信息 {"status":"ok","msg":"江苏-南京","gid":"356110","time_insert":"2021-07-22 15:02","time_update":"2023-09-23 23:42"}
2024-08-06 00:42:53 查询号码 【1469742】，GSD为【"江苏-南京"】

2024-08-06 01:18:56 开始第 9841 次操作

2024-08-06 01:18:56 开始操作号码 【1469743】
2024-08-06 01:19:05 GSD getOne 第 1 次 等待 3 秒
2024-08-06 01:19:08 查询号码 【1469743】，返回信息 {"status":"ok","msg":"江苏-南京","gid":"356105","time_insert":"2021-07-22 15:02","time_update":"2023-09-23 23:46"}
2024-08-06 01:19:08 查询号码 【1469743】，GSD为【"江苏-南京"】

2024-08-06 01:19:09 开始第 9842 次操作

2024-08-06 01:19:09 开始操作号码 【1469744】
2024-08-06 01:19:17 GSD getOne 第 1 次 等待 3 秒
2024-08-06 01:19:20 查询号码 【1469744】，返回信息 {"status":"ok","msg":"江苏-南京","gid":"356099","time_insert":"2021-07-22 15:01","time_update":"2023-09-24 00:20"}
2024-08-06 01:19:20 查询号码 【1469744】，GSD为【"江苏-南京"】

2024-08-06 01:19:21 开始第 9843 次操作

2024-08-06 01:19:21 开始操作号码 【1469745】
2024-08-06 01:19:29 GSD getOne 第 1 次 等待 3 秒
2024-08-06 01:19:32 查询号码 【1469745】，返回信息 {"status":"ok","msg":"江苏-南京","gid":"356092","time_insert":"2021-07-22 15:00","time_update":"2023-09-24 00:21"}
2024-08-06 01:19:32 查询号码 【1469745】，GSD为【"江苏-南京"】

2024-08-06 01:19:33 开始第 9844 次操作

2024-08-06 01:19:33 开始操作号码 【1469746】
2024-08-06 01:19:41 GSD getOne 第 1 次 等待 3 秒
2024-08-06 01:19:44 查询号码 【1469746】，返回信息 {"status":"ok","msg":"江苏-南京","gid":"356085","time_insert":"2021-07-22 15:00","time_update":"2023-09-24 00:25"}
2024-08-06 01:19:44 查询号码 【1469746】，GSD为【"江苏-南京"】

2024-08-06 01:38:41 开始第 9845 次操作

2024-08-06 01:38:41 开始操作号码 【1469747】
2024-08-06 01:38:49 GSD getOne 第 1 次 等待 3 秒
2024-08-06 01:38:52 查询号码 【1469747】，返回信息 {"status":"ok","msg":"江苏-南京","gid":"356077","time_insert":"2021-07-22 14:59","time_update":"2023-09-24 00:29"}
2024-08-06 01:38:52 查询号码 【1469747】，GSD为【"江苏-南京"】

2024-08-06 01:38:53 开始第 9846 次操作

2024-08-06 01:38:53 开始操作号码 【1469748】
2024-08-06 01:39:00 GSD getOne 第 1 次 等待 3 秒
2024-08-06 01:39:03 查询号码 【1469748】，返回信息 {"status":"ok","msg":"江苏-南京","gid":"356072","time_insert":"2021-07-22 14:59","time_update":"2023-09-24 00:37"}
2024-08-06 01:39:03 查询号码 【1469748】，GSD为【"江苏-南京"】

2024-08-06 01:39:04 开始第 9847 次操作

2024-08-06 01:39:04 开始操作号码 【1469749】
2024-08-06 01:39:12 GSD getOne 第 1 次 等待 3 秒
2024-08-06 01:39:15 查询号码 【1469749】，返回信息 {"status":"ok","msg":"江苏-南京","gid":"356065","time_insert":"2021-07-22 14:58","time_update":"2023-09-24 00:39"}
2024-08-06 01:39:15 查询号码 【1469749】，GSD为【"江苏-南京"】

2024-08-06 01:39:16 开始第 9848 次操作

2024-08-06 01:39:16 开始操作号码 【1469750】
2024-08-06 01:39:24 GSD getOne 第 1 次 等待 3 秒
2024-08-06 01:39:27 查询号码 【1469750】，返回信息 {"status":"ok","msg":"广东-广州","gid":"356058","time_insert":"2021-07-22 14:57","time_update":"2023-09-24 00:43"}
2024-08-06 01:39:27 查询号码 【1469750】，GSD为【"广东-广州"】

2024-08-06 02:26:54 开始第 9849 次操作

2024-08-06 02:26:54 开始操作号码 【1469751】
2024-08-06 02:27:02 GSD getOne 第 1 次 等待 3 秒
2024-08-06 02:27:05 查询号码 【1469751】，返回信息 {"status":"ok","msg":"广东-广州","gid":"356050","time_insert":"2021-07-22 14:57","time_update":"2023-09-24 00:47"}
2024-08-06 02:27:05 查询号码 【1469751】，GSD为【"广东-广州"】

2024-08-06 02:27:06 开始第 9850 次操作

2024-08-06 02:27:06 开始操作号码 【1469752】
2024-08-06 02:27:15 GSD getOne 第 1 次 等待 3 秒
2024-08-06 02:27:18 查询号码 【1469752】，返回信息 {"status":"ok","msg":"广东-广州","gid":"356042","time_insert":"2021-07-22 14:56","time_update":"2023-09-24 01:13"}
2024-08-06 02:27:18 查询号码 【1469752】，GSD为【"广东-广州"】

2024-08-06 02:27:19 开始第 9851 次操作

2024-08-06 02:27:19 开始操作号码 【1469753】
2024-08-06 02:27:27 GSD getOne 第 1 次 等待 3 秒
2024-08-06 02:27:30 查询号码 【1469753】，返回信息 {"status":"ok","msg":"广东-广州","gid":"356034","time_insert":"2021-07-22 14:55","time_update":"2023-09-24 01:17"}
2024-08-06 02:27:30 查询号码 【1469753】，GSD为【"广东-广州"】

2024-08-06 02:27:31 开始第 9852 次操作

2024-08-06 02:27:31 开始操作号码 【1469754】
2024-08-06 02:27:40 GSD getOne 第 1 次 等待 3 秒
2024-08-06 02:27:43 查询号码 【1469754】，返回信息 {"status":"ok","msg":"广东-广州","gid":"356028","time_insert":"2021-07-22 14:55","time_update":"2023-09-24 01:19"}
2024-08-06 02:27:43 查询号码 【1469754】，GSD为【"广东-广州"】

