2024-07-12 00:23:17 开始第 5473 次操作

2024-07-12 00:23:17 开始操作号码 【1465375】
2024-07-12 00:23:27 GSD getOne 第 1 次 等待 3 秒
2024-07-12 00:23:30 查询号码 【1465375】，返回信息 {"status":"ok","msg":"广东-东莞","gid":"405659","time_insert":"2021-07-26 21:21"}
2024-07-12 00:23:30 查询号码 【1465375】，GSD为【"广东-东莞"】

2024-07-12 00:23:31 开始第 5474 次操作

2024-07-12 00:23:31 开始操作号码 【1465376】
2024-07-12 00:23:39 GSD getOne 第 1 次 等待 3 秒
2024-07-12 00:23:42 查询号码 【1465376】，返回信息 {"status":"ok","msg":"广东-东莞","gid":"405738","time_insert":"2021-07-26 21:33"}
2024-07-12 00:23:42 查询号码 【1465376】，GSD为【"广东-东莞"】

2024-07-12 00:23:43 开始第 5475 次操作

2024-07-12 00:23:43 开始操作号码 【1465377】
2024-07-12 00:23:51 GSD getOne 第 1 次 等待 3 秒
2024-07-12 00:23:54 查询号码 【1465377】，返回信息 {"status":"ok","msg":"广东-东莞","gid":"405869","time_insert":"2021-07-26 21:45"}
2024-07-12 00:23:54 查询号码 【1465377】，GSD为【"广东-东莞"】

2024-07-12 00:23:55 开始第 5476 次操作

2024-07-12 00:23:55 开始操作号码 【1465378】
2024-07-12 00:24:03 GSD getOne 第 1 次 等待 3 秒
2024-07-12 00:24:06 查询号码 【1465378】，返回信息 {"status":"ok","msg":"广东-东莞","gid":"406121","time_insert":"2021-07-26 21:59"}
2024-07-12 00:24:06 查询号码 【1465378】，GSD为【"广东-东莞"】

