2023-12-19 00:22:42 开始第 3885 次操作

2023-12-19 00:22:42 开始操作号码 【1793799】
2023-12-19 00:22:47 GSD getOne 第 1 次 等待 3 秒
2023-12-19 00:22:50 查询号码 【1793799】，返回信息 {"status":"ok","msg":"-","gid":"634722","time_insert":"2023-04-04 20:49"}
2023-12-19 00:22:50 查询号码 【1793799】，GSD为【"-"】
2023-12-19 00:22:50 ok && -
2023-12-19 00:22:52 CHB 1793799?1702916570 第 1 次 等待 3 秒
2023-12-19 00:22:55 CHB 1793799?1702916570 第 1 次 获取到号码【1793799】GSD
2023-12-19 00:22:55 未获取到号码【1793799】GSD，可能号码格式错误
2023-12-19 00:22:55 获取到号码【1793799】的GSD为【-】
2023-12-19 00:23:00 GSD insert 第 1 次 等待 3 秒
2023-12-19 00:23:03 {"status":"bad","gid":"634722","msg":"添加失败！号码【1793799(-|-)】已存在！"}
2023-12-19 00:23:03 随机等待 143 秒，约 2 分钟
2023-12-19 00:23:03 下次操作: 2023-12-19 00:25:26

2023-12-19 00:25:26 开始第 3886 次操作

2023-12-19 00:25:26 开始操作号码 【1793800】
2023-12-19 00:25:34 GSD getOne 第 1 次 等待 3 秒
2023-12-19 00:25:37 查询号码 【1793800】，返回信息 {"status":"ok","msg":"-","gid":"634747","time_insert":"2023-04-04 21:07"}
2023-12-19 00:25:37 查询号码 【1793800】，GSD为【"-"】
2023-12-19 00:25:37 ok && -
2023-12-19 00:25:39 CHB 1793800?1702916737 第 1 次 等待 3 秒
2023-12-19 00:25:42 CHB 1793800?1702916737 第 1 次 获取到号码【1793800】GSD
2023-12-19 00:25:43 未获取到号码【1793800】GSD，可能号码格式错误
2023-12-19 00:25:43 获取到号码【1793800】的GSD为【-】
2023-12-19 00:25:47 GSD insert 第 1 次 等待 3 秒
2023-12-19 00:25:50 {"status":"bad","gid":"634747","msg":"添加失败！号码【1793800(-|-)】已存在！"}
2023-12-19 00:25:50 随机等待 89 秒，约 1 分钟
2023-12-19 00:25:50 下次操作: 2023-12-19 00:27:19

2023-12-19 00:27:19 开始第 3887 次操作

2023-12-19 00:27:19 开始操作号码 【1793801】
2023-12-19 00:27:24 GSD getOne 第 1 次 等待 3 秒
2023-12-19 00:27:27 查询号码 【1793801】，返回信息 {"status":"ok","msg":"-","gid":"634773","time_insert":"2023-04-04 21:27"}
2023-12-19 00:27:27 查询号码 【1793801】，GSD为【"-"】
2023-12-19 00:27:27 ok && -
2023-12-19 00:27:29 CHB 1793801?1702916847 第 1 次 等待 3 秒
2023-12-19 00:27:32 CHB 1793801?1702916847 第 1 次 获取到号码【1793801】GSD
2023-12-19 00:27:32 未获取到号码【1793801】GSD，可能号码格式错误
2023-12-19 00:27:32 获取到号码【1793801】的GSD为【-】
2023-12-19 00:27:35 GSD insert 第 1 次 等待 3 秒
2023-12-19 00:27:38 {"status":"bad","gid":"634773","msg":"添加失败！号码【1793801(-|-)】已存在！"}
2023-12-19 00:27:38 随机等待 118 秒，约 1 分钟
2023-12-19 00:27:38 下次操作: 2023-12-19 00:29:36

2023-12-19 00:29:37 开始第 3888 次操作

2023-12-19 00:29:37 开始操作号码 【1793802】
2023-12-19 00:29:40 GSD getOne 第 1 次 等待 3 秒
2023-12-19 00:29:43 查询号码 【1793802】，返回信息 {"status":"ok","msg":"-","gid":"634806","time_insert":"2023-04-04 21:46"}
2023-12-19 00:29:43 查询号码 【1793802】，GSD为【"-"】
2023-12-19 00:29:43 ok && -
2023-12-19 00:29:46 CHB 1793802?1702916983 第 1 次 等待 3 秒
2023-12-19 00:29:49 CHB 1793802?1702916983 第 1 次 获取到号码【1793802】GSD
2023-12-19 00:29:49 未获取到号码【1793802】GSD，可能号码格式错误
2023-12-19 00:29:49 获取到号码【1793802】的GSD为【-】
2023-12-19 00:29:52 GSD insert 第 1 次 等待 3 秒
2023-12-19 00:29:55 {"status":"bad","gid":"634806","msg":"添加失败！号码【1793802(-|-)】已存在！"}

