2024-05-03 00:21:37 开始第 6725 次操作

2024-05-03 00:21:37 开始操作号码 【1576638】
2024-05-03 00:21:44 GSD getOne 第 1 次 等待 3 秒
2024-05-03 00:21:47 查询号码 【1576638】，返回信息 {"status":"ok","msg":"广东-湛江","gid":"406942","time_insert":"2021-07-26 23:53"}
2024-05-03 00:21:47 查询号码 【1576638】，GSD为【"广东-湛江"】

2024-05-03 00:21:48 开始第 6726 次操作

2024-05-03 00:21:48 开始操作号码 【1576639】
2024-05-03 00:21:57 GSD getOne 第 1 次 等待 3 秒
2024-05-03 00:22:00 查询号码 【1576639】，返回信息 {"status":"ok","msg":"广东-湛江","gid":"406930","time_insert":"2021-07-26 23:53"}
2024-05-03 00:22:00 查询号码 【1576639】，GSD为【"广东-湛江"】

2024-05-03 00:22:01 开始第 6727 次操作

2024-05-03 00:22:01 开始操作号码 【1576640】
2024-05-03 00:22:08 GSD getOne 第 1 次 等待 3 秒
2024-05-03 00:22:11 查询号码 【1576640】，返回信息 {"status":"ok","msg":"广东-湛江","gid":"406921","time_insert":"2021-07-26 23:52"}
2024-05-03 00:22:11 查询号码 【1576640】，GSD为【"广东-湛江"】

2024-05-03 00:22:12 开始第 6728 次操作

2024-05-03 00:22:12 开始操作号码 【1576641】
2024-05-03 00:22:18 GSD getOne 第 1 次 等待 3 秒
2024-05-03 00:22:21 查询号码 【1576641】，返回信息 {"status":"ok","msg":"广东-惠州","gid":"406910","time_insert":"2021-07-26 23:51"}
2024-05-03 00:22:21 查询号码 【1576641】，GSD为【"广东-惠州"】

