2023-12-08 00:23:47 开始第 1949 次操作

2023-12-08 00:23:47 开始操作号码 【1791864】
2023-12-08 00:23:51 GSD getOne 第 1 次 等待 3 秒
2023-12-08 00:23:54 查询号码 【1791864】，返回信息 {"status":"ok","msg":"-","gid":"584612","time_insert":"2023-03-11 23:05"}
2023-12-08 00:23:54 查询号码 【1791864】，GSD为【"-"】
2023-12-08 00:23:54 ok && -
2023-12-08 00:23:57 CHB 1791864?1701966234 第 1 次 等待 3 秒
2023-12-08 00:24:00 CHB 1791864?1701966234 第 1 次 获取到号码【1791864】GSD
2023-12-08 00:24:00 未获取到号码【1791864】GSD，可能号码格式错误
2023-12-08 00:24:00 获取到号码【1791864】的GSD为【-】
2023-12-08 00:24:04 GSD insert 第 1 次 等待 3 秒
2023-12-08 00:24:07 {"status":"bad","gid":"584612","msg":"添加失败！号码【1791864(-|-)】已存在！"}
2023-12-08 00:24:07 随机等待 146 秒，约 2 分钟
2023-12-08 00:24:07 下次操作: 2023-12-08 00:26:33

2023-12-08 00:26:33 开始第 1950 次操作

2023-12-08 00:26:33 开始操作号码 【1791865】
2023-12-08 00:26:37 GSD getOne 第 1 次 等待 3 秒
2023-12-08 00:26:40 查询号码 【1791865】，返回信息 {"status":"ok","msg":"-","gid":"584635","time_insert":"2023-03-11 23:22"}
2023-12-08 00:26:40 查询号码 【1791865】，GSD为【"-"】
2023-12-08 00:26:40 ok && -
2023-12-08 00:26:43 CHB 1791865?1701966400 第 1 次 等待 3 秒
2023-12-08 00:26:46 CHB 1791865?1701966400 第 1 次 获取到号码【1791865】GSD
2023-12-08 00:26:46 未获取到号码【1791865】GSD，可能号码格式错误
2023-12-08 00:26:46 获取到号码【1791865】的GSD为【-】
2023-12-08 00:26:50 GSD insert 第 1 次 等待 3 秒
2023-12-08 00:26:53 {"status":"bad","gid":"584635","msg":"添加失败！号码【1791865(-|-)】已存在！"}
2023-12-08 00:26:53 随机等待 88 秒，约 1 分钟
2023-12-08 00:26:53 下次操作: 2023-12-08 00:28:21

2023-12-08 00:28:21 开始第 1951 次操作

2023-12-08 00:28:21 开始操作号码 【1791866】
2023-12-08 00:28:25 GSD getOne 第 1 次 等待 3 秒
2023-12-08 00:28:28 查询号码 【1791866】，返回信息 {"status":"ok","msg":"-","gid":"584668","time_insert":"2023-03-11 23:41"}
2023-12-08 00:28:28 查询号码 【1791866】，GSD为【"-"】
2023-12-08 00:28:28 ok && -
2023-12-08 00:28:31 CHB 1791866?1701966508 第 1 次 等待 3 秒
2023-12-08 00:28:34 CHB 1791866?1701966508 第 1 次 获取到号码【1791866】GSD
2023-12-08 00:28:34 未获取到号码【1791866】GSD，可能号码格式错误
2023-12-08 00:28:34 获取到号码【1791866】的GSD为【-】
2023-12-08 00:28:39 GSD insert 第 1 次 等待 3 秒
2023-12-08 00:28:42 {"status":"bad","gid":"584668","msg":"添加失败！号码【1791866(-|-)】已存在！"}
2023-12-08 00:28:42 随机等待 113 秒，约 1 分钟
2023-12-08 00:28:42 下次操作: 2023-12-08 00:30:35

2023-12-08 00:30:35 开始第 1952 次操作

2023-12-08 00:30:35 开始操作号码 【1791867】
2023-12-08 00:30:39 GSD getOne 第 1 次 等待 3 秒
2023-12-08 00:30:42 查询号码 【1791867】，返回信息 {"status":"ok","msg":"-","gid":"584698","time_insert":"2023-03-11 23:57"}
2023-12-08 00:30:42 查询号码 【1791867】，GSD为【"-"】
2023-12-08 00:30:42 ok && -
2023-12-08 00:30:44 CHB 1791867?1701966642 第 1 次 等待 3 秒
2023-12-08 00:30:47 CHB 1791867?1701966642 第 1 次 获取到号码【1791867】GSD
2023-12-08 00:30:47 未获取到号码【1791867】GSD，可能号码格式错误
2023-12-08 00:30:47 获取到号码【1791867】的GSD为【-】
2023-12-08 00:30:51 GSD insert 第 1 次 等待 3 秒
2023-12-08 00:30:54 {"status":"bad","gid":"584698","msg":"添加失败！号码【1791867(-|-)】已存在！"}

2023-12-08 00:42:20 开始第 1953 次操作

2023-12-08 00:42:20 开始操作号码 【1791868】
2023-12-08 00:42:26 GSD getOne 第 1 次 等待 3 秒
2023-12-08 00:42:29 查询号码 【1791868】，返回信息 {"status":"ok","msg":"-","gid":"584721","time_insert":"2023-03-12 00:17"}
2023-12-08 00:42:29 查询号码 【1791868】，GSD为【"-"】
2023-12-08 00:42:29 ok && -
2023-12-08 00:42:31 CHB 1791868?1701967349 第 1 次 等待 3 秒
2023-12-08 00:42:34 CHB 1791868?1701967349 第 1 次 获取到号码【1791868】GSD
2023-12-08 00:42:34 未获取到号码【1791868】GSD，可能号码格式错误
2023-12-08 00:42:34 获取到号码【1791868】的GSD为【-】
2023-12-08 00:42:41 GSD insert 第 1 次 等待 3 秒
2023-12-08 00:42:44 {"status":"bad","gid":"584721","msg":"添加失败！号码【1791868(-|-)】已存在！"}
2023-12-08 00:42:44 随机等待 201 秒，约 3 分钟
2023-12-08 00:42:44 下次操作: 2023-12-08 00:46:05

2023-12-08 00:46:05 开始第 1954 次操作

2023-12-08 00:46:05 开始操作号码 【1791869】
2023-12-08 00:46:09 GSD getOne 第 1 次 等待 3 秒
2023-12-08 00:46:12 查询号码 【1791869】，返回信息 {"status":"ok","msg":"-","gid":"584743","time_insert":"2023-03-12 00:35"}
2023-12-08 00:46:12 查询号码 【1791869】，GSD为【"-"】
2023-12-08 00:46:12 ok && -
2023-12-08 00:46:15 CHB 1791869?1701967572 第 1 次 等待 3 秒
2023-12-08 00:46:18 CHB 1791869?1701967572 第 1 次 获取到号码【1791869】GSD
2023-12-08 00:46:18 未获取到号码【1791869】GSD，可能号码格式错误
2023-12-08 00:46:18 获取到号码【1791869】的GSD为【-】
2023-12-08 00:46:21 GSD insert 第 1 次 等待 3 秒
2023-12-08 00:46:24 {"status":"bad","gid":"584743","msg":"添加失败！号码【1791869(-|-)】已存在！"}
2023-12-08 00:46:24 随机等待 181 秒，约 3 分钟
2023-12-08 00:46:24 下次操作: 2023-12-08 00:49:25

2023-12-08 00:49:26 开始第 1955 次操作

2023-12-08 00:49:26 开始操作号码 【1791870】
2023-12-08 00:49:29 GSD getOne 第 1 次 等待 3 秒
2023-12-08 00:49:32 查询号码 【1791870】，返回信息 {"status":"ok","msg":"-","gid":"584781","time_insert":"2023-03-12 00:54"}
2023-12-08 00:49:32 查询号码 【1791870】，GSD为【"-"】
2023-12-08 00:49:32 ok && -
2023-12-08 00:49:34 CHB 1791870?1701967772 第 1 次 等待 3 秒
2023-12-08 00:49:37 CHB 1791870?1701967772 第 1 次 获取到号码【1791870】GSD
2023-12-08 00:49:37 未获取到号码【1791870】GSD，可能号码格式错误
2023-12-08 00:49:37 获取到号码【1791870】的GSD为【-】
2023-12-08 00:49:41 GSD insert 第 1 次 等待 3 秒
2023-12-08 00:49:44 {"status":"bad","gid":"584781","msg":"添加失败！号码【1791870(-|-)】已存在！"}
2023-12-08 00:49:44 随机等待 229 秒，约 3 分钟
2023-12-08 00:49:44 下次操作: 2023-12-08 00:53:33

2023-12-08 00:53:33 开始第 1956 次操作

2023-12-08 00:53:33 开始操作号码 【1791871】
2023-12-08 00:53:38 GSD getOne 第 1 次 等待 3 秒
2023-12-08 00:53:41 查询号码 【1791871】，返回信息 {"status":"ok","msg":"-","gid":"584808","time_insert":"2023-03-12 01:13"}
2023-12-08 00:53:41 查询号码 【1791871】，GSD为【"-"】
2023-12-08 00:53:41 ok && -
2023-12-08 00:53:43 CHB 1791871?1701968021 第 1 次 等待 3 秒
2023-12-08 00:53:46 CHB 1791871?1701968021 第 1 次 获取到号码【1791871】GSD
2023-12-08 00:53:46 未获取到号码【1791871】GSD，可能号码格式错误
2023-12-08 00:53:46 获取到号码【1791871】的GSD为【-】
2023-12-08 00:53:50 GSD insert 第 1 次 等待 3 秒
2023-12-08 00:53:53 {"status":"bad","gid":"584808","msg":"添加失败！号码【1791871(-|-)】已存在！"}

