2023-10-23 00:20:04 开始第 4501 次操作

2023-10-23 00:20:04 开始操作号码 【1894415】
2023-10-23 00:20:08 GSD getOne 第 1 次 等待 3 秒
2023-10-23 00:20:11 查询号码 【1894415】，返回信息 {"status":"ok","msg":"江苏-无锡","gid":"486525","time_insert":"2021-08-03 04:00"}
2023-10-23 00:20:11 查询号码 【1894415】，GSD为【"江苏-无锡"】

2023-10-23 00:20:12 开始第 4502 次操作

2023-10-23 00:20:12 开始操作号码 【1894416】
2023-10-23 00:20:17 GSD getOne 第 1 次 等待 3 秒
2023-10-23 00:20:20 查询号码 【1894416】，返回信息 {"status":"ok","msg":"江苏-无锡","gid":"486514","time_insert":"2021-08-03 03:59"}
2023-10-23 00:20:20 查询号码 【1894416】，GSD为【"江苏-无锡"】

2023-10-23 00:20:21 开始第 4503 次操作

2023-10-23 00:20:21 开始操作号码 【1894417】
2023-10-23 00:20:32 GSD getOne 第 1 次 等待 3 秒
2023-10-23 00:20:35 查询号码 【1894417】，返回信息 {"status":"ok","msg":"江苏-无锡","gid":"486505","time_insert":"2021-08-03 03:59"}
2023-10-23 00:20:35 查询号码 【1894417】，GSD为【"江苏-无锡"】

2023-10-23 00:20:36 开始第 4504 次操作

2023-10-23 00:20:36 开始操作号码 【1894418】
2023-10-23 00:20:45 GSD getOne 第 1 次 等待 3 秒
2023-10-23 00:20:48 查询号码 【1894418】，返回信息 {"status":"ok","msg":"江苏-无锡","gid":"486496","time_insert":"2021-08-03 03:58"}
2023-10-23 00:20:48 查询号码 【1894418】，GSD为【"江苏-无锡"】

2023-10-23 00:38:09 开始第 4505 次操作

2023-10-23 00:38:09 开始操作号码 【1894419】
2023-10-23 00:38:12 GSD getOne 第 1 次 等待 3 秒
2023-10-23 00:38:15 查询号码 【1894419】，返回信息 {"status":"ok","msg":"江苏-无锡","gid":"486488","time_insert":"2021-08-03 03:57"}
2023-10-23 00:38:15 查询号码 【1894419】，GSD为【"江苏-无锡"】

2023-10-23 00:38:16 开始第 4506 次操作

2023-10-23 00:38:16 开始操作号码 【1894420】
2023-10-23 00:38:22 GSD getOne 第 1 次 等待 3 秒
2023-10-23 00:38:25 查询号码 【1894420】，返回信息 {"status":"ok","msg":"江苏-苏州","gid":"486478","time_insert":"2021-08-03 03:56"}
2023-10-23 00:38:25 查询号码 【1894420】，GSD为【"江苏-苏州"】

2023-10-23 00:38:26 开始第 4507 次操作

2023-10-23 00:38:26 开始操作号码 【1894421】
2023-10-23 00:38:29 GSD getOne 第 1 次 等待 3 秒
2023-10-23 00:38:32 查询号码 【1894421】，返回信息 {"status":"ok","msg":"江苏-苏州","gid":"486468","time_insert":"2021-08-03 03:56"}
2023-10-23 00:38:32 查询号码 【1894421】，GSD为【"江苏-苏州"】

2023-10-23 00:38:33 开始第 4508 次操作

2023-10-23 00:38:33 开始操作号码 【1894422】
2023-10-23 00:38:39 GSD getOne 第 1 次 等待 3 秒
2023-10-23 00:38:42 查询号码 【1894422】，返回信息 {"status":"ok","msg":"江苏-苏州","gid":"486460","time_insert":"2021-08-03 03:55"}
2023-10-23 00:38:42 查询号码 【1894422】，GSD为【"江苏-苏州"】

2023-10-23 01:14:59 开始第 4509 次操作

2023-10-23 01:14:59 开始操作号码 【1894423】
2023-10-23 01:15:02 GSD getOne 第 1 次 等待 3 秒
2023-10-23 01:15:05 查询号码 【1894423】，返回信息 {"status":"ok","msg":"江苏-苏州","gid":"486452","time_insert":"2021-08-03 03:54"}
2023-10-23 01:15:05 查询号码 【1894423】，GSD为【"江苏-苏州"】

2023-10-23 01:15:06 开始第 4510 次操作

2023-10-23 01:15:06 开始操作号码 【1894424】
2023-10-23 01:15:10 GSD getOne 第 1 次 等待 3 秒
2023-10-23 01:15:13 查询号码 【1894424】，返回信息 {"status":"ok","msg":"江苏-苏州","gid":"486444","time_insert":"2021-08-03 03:54"}
2023-10-23 01:15:13 查询号码 【1894424】，GSD为【"江苏-苏州"】

2023-10-23 01:15:14 开始第 4511 次操作

2023-10-23 01:15:14 开始操作号码 【1894425】
2023-10-23 01:15:21 GSD getOne 第 1 次 等待 3 秒
2023-10-23 01:15:24 查询号码 【1894425】，返回信息 {"status":"ok","msg":"江苏-苏州","gid":"486435","time_insert":"2021-08-03 03:53"}
2023-10-23 01:15:24 查询号码 【1894425】，GSD为【"江苏-苏州"】

2023-10-23 01:15:25 开始第 4512 次操作

2023-10-23 01:15:25 开始操作号码 【1894426】
2023-10-23 01:15:29 GSD getOne 第 1 次 等待 3 秒
2023-10-23 01:15:32 查询号码 【1894426】，返回信息 {"status":"ok","msg":"江苏-苏州","gid":"486426","time_insert":"2021-08-03 03:52"}
2023-10-23 01:15:32 查询号码 【1894426】，GSD为【"江苏-苏州"】

2023-10-23 01:37:30 开始第 4513 次操作

2023-10-23 01:37:30 开始操作号码 【1894427】
2023-10-23 01:37:33 GSD getOne 第 1 次 等待 3 秒
2023-10-23 01:37:36 查询号码 【1894427】，返回信息 {"status":"ok","msg":"江苏-苏州","gid":"486415","time_insert":"2021-08-03 03:52"}
2023-10-23 01:37:36 查询号码 【1894427】，GSD为【"江苏-苏州"】

2023-10-23 01:37:37 开始第 4514 次操作

2023-10-23 01:37:37 开始操作号码 【1894428】
2023-10-23 01:37:40 GSD getOne 第 1 次 等待 3 秒
2023-10-23 01:37:43 查询号码 【1894428】，返回信息 {"status":"ok","msg":"江苏-苏州","gid":"486408","time_insert":"2021-08-03 03:51"}
2023-10-23 01:37:43 查询号码 【1894428】，GSD为【"江苏-苏州"】

2023-10-23 01:37:44 开始第 4515 次操作

2023-10-23 01:37:44 开始操作号码 【1894429】
2023-10-23 01:37:47 GSD getOne 第 1 次 等待 3 秒
2023-10-23 01:37:50 查询号码 【1894429】，返回信息 {"status":"ok","msg":"江苏-苏州","gid":"486397","time_insert":"2021-08-03 03:50"}
2023-10-23 01:37:50 查询号码 【1894429】，GSD为【"江苏-苏州"】

2023-10-23 01:37:51 开始第 4516 次操作

2023-10-23 01:37:51 开始操作号码 【1894430】
2023-10-23 01:37:54 GSD getOne 第 1 次 等待 3 秒
2023-10-23 01:37:57 查询号码 【1894430】，返回信息 {"status":"ok","msg":"江苏-南通","gid":"486387","time_insert":"2021-08-03 03:49"}
2023-10-23 01:37:57 查询号码 【1894430】，GSD为【"江苏-南通"】

