2024-05-18 00:22:00 开始第 9373 次操作

2024-05-18 00:22:00 开始操作号码 【1579279】
2024-05-18 00:22:09 GSD getOne 第 1 次 等待 3 秒
2024-05-18 00:22:12 查询号码 【1579279】，返回信息 {"status":"ok","msg":"贵州-六盘水","gid":"375781","time_insert":"2021-07-24 09:49","time_update":"2023-09-19 10:29"}
2024-05-18 00:22:12 查询号码 【1579279】，GSD为【"贵州-六盘水"】

2024-05-18 00:22:13 开始第 9374 次操作

2024-05-18 00:22:13 开始操作号码 【1579280】
2024-05-18 00:22:20 GSD getOne 第 1 次 等待 3 秒
2024-05-18 00:22:23 查询号码 【1579280】，返回信息 {"status":"ok","msg":"河南-周口","gid":"375771","time_insert":"2021-07-24 09:48","time_update":"2023-09-19 10:35"}
2024-05-18 00:22:23 查询号码 【1579280】，GSD为【"河南-周口"】

2024-05-18 00:22:24 开始第 9375 次操作

2024-05-18 00:22:24 开始操作号码 【1579281】
2024-05-18 00:22:33 GSD getOne 第 1 次 等待 3 秒
2024-05-18 00:22:36 查询号码 【1579281】，返回信息 {"status":"ok","msg":"河北-秦皇岛","gid":"375763","time_insert":"2021-07-24 09:48","time_update":"2023-09-19 10:39"}
2024-05-18 00:22:36 查询号码 【1579281】，GSD为【"河北-秦皇岛"】

2024-05-18 00:22:37 开始第 9376 次操作

2024-05-18 00:22:37 开始操作号码 【1579282】
2024-05-18 00:22:46 GSD getOne 第 1 次 等待 3 秒
2024-05-18 00:22:49 查询号码 【1579282】，返回信息 {"status":"ok","msg":"湖南-长沙","gid":"375757","time_insert":"2021-07-24 09:47","time_update":"2023-09-19 10:43"}
2024-05-18 00:22:49 查询号码 【1579282】，GSD为【"湖南-长沙"】

2024-05-18 00:40:37 开始第 9377 次操作

2024-05-18 00:40:37 开始操作号码 【1579283】
2024-05-18 00:40:44 GSD getOne 第 1 次 等待 3 秒
2024-05-18 00:40:47 查询号码 【1579283】，返回信息 {"status":"ok","msg":"河北-衡水","gid":"375748","time_insert":"2021-07-24 09:46","time_update":"2023-09-19 10:46"}
2024-05-18 00:40:47 查询号码 【1579283】，GSD为【"河北-衡水"】

2024-05-18 00:40:48 开始第 9378 次操作

2024-05-18 00:40:48 开始操作号码 【1579284】
2024-05-18 00:40:57 GSD getOne 第 1 次 等待 3 秒
2024-05-18 00:41:00 查询号码 【1579284】，返回信息 {"status":"ok","msg":"河北-石家庄","gid":"375739","time_insert":"2021-07-24 09:46","time_update":"2023-09-19 11:12"}
2024-05-18 00:41:00 查询号码 【1579284】，GSD为【"河北-石家庄"】

2024-05-18 00:41:01 开始第 9379 次操作

2024-05-18 00:41:01 开始操作号码 【1579285】
2024-05-18 00:41:07 GSD getOne 第 1 次 等待 3 秒
2024-05-18 00:41:10 查询号码 【1579285】，返回信息 {"status":"ok","msg":"河北-衡水","gid":"375732","time_insert":"2021-07-24 09:45","time_update":"2023-09-19 11:14"}
2024-05-18 00:41:10 查询号码 【1579285】，GSD为【"河北-衡水"】

2024-05-18 00:41:11 开始第 9380 次操作

2024-05-18 00:41:11 开始操作号码 【1579286】
2024-05-18 00:41:17 GSD getOne 第 1 次 等待 3 秒
2024-05-18 00:41:20 查询号码 【1579286】，返回信息 {"status":"ok","msg":"湖南-长沙","gid":"375722","time_insert":"2021-07-24 09:45","time_update":"2023-09-19 11:18"}
2024-05-18 00:41:20 查询号码 【1579286】，GSD为【"湖南-长沙"】

2024-05-18 01:17:03 开始第 9381 次操作

2024-05-18 01:17:03 开始操作号码 【1579287】
2024-05-18 01:17:10 GSD getOne 第 1 次 等待 3 秒
2024-05-18 01:17:13 查询号码 【1579287】，返回信息 {"status":"ok","msg":"河北-张家口","gid":"375712","time_insert":"2021-07-24 09:44","time_update":"2023-09-19 11:20"}
2024-05-18 01:17:13 查询号码 【1579287】，GSD为【"河北-张家口"】

2024-05-18 01:17:14 开始第 9382 次操作

2024-05-18 01:17:14 开始操作号码 【1579288】
2024-05-18 01:17:20 GSD getOne 第 1 次 等待 3 秒
2024-05-18 01:17:23 查询号码 【1579288】，返回信息 {"status":"ok","msg":"广东-广州","gid":"375707","time_insert":"2021-07-24 09:44","time_update":"2023-09-19 11:35"}
2024-05-18 01:17:23 查询号码 【1579288】，GSD为【"广东-广州"】

2024-05-18 01:17:24 开始第 9383 次操作

2024-05-18 01:17:24 开始操作号码 【1579289】
2024-05-18 01:17:30 GSD getOne 第 1 次 等待 3 秒
2024-05-18 01:17:33 查询号码 【1579289】，返回信息 {"status":"ok","msg":"河北-张家口","gid":"375696","time_insert":"2021-07-24 09:43","time_update":"2023-09-19 11:39"}
2024-05-18 01:17:33 查询号码 【1579289】，GSD为【"河北-张家口"】

2024-05-18 01:17:34 开始第 9384 次操作

2024-05-18 01:17:34 开始操作号码 【1579290】
2024-05-18 01:17:41 GSD getOne 第 1 次 等待 3 秒
2024-05-18 01:17:44 查询号码 【1579290】，返回信息 {"status":"ok","msg":"吉林-长春","gid":"375686","time_insert":"2021-07-24 09:42","time_update":"2023-09-19 11:42"}
2024-05-18 01:17:44 查询号码 【1579290】，GSD为【"吉林-长春"】

