2024-08-03 00:24:52 开始第 9313 次操作

2024-08-03 00:24:52 开始操作号码 【1469215】
2024-08-03 00:25:00 GSD getOne 第 1 次 等待 3 秒
2024-08-03 00:25:03 查询号码 【1469215】，返回信息 {"status":"ok","msg":"广东-广州","gid":"362076","time_insert":"2021-07-23 03:50","time_update":"2023-05-24 07:45"}
2024-08-03 00:25:03 查询号码 【1469215】，GSD为【"广东-广州"】

2024-08-03 00:25:04 开始第 9314 次操作

2024-08-03 00:25:04 开始操作号码 【1469216】
2024-08-03 00:25:12 GSD getOne 第 1 次 等待 3 秒
2024-08-03 00:25:15 查询号码 【1469216】，返回信息 {"status":"ok","msg":"广东-广州","gid":"362067","time_insert":"2021-07-23 03:50","time_update":"2023-05-24 07:47"}
2024-08-03 00:25:15 查询号码 【1469216】，GSD为【"广东-广州"】

2024-08-03 00:25:16 开始第 9315 次操作

2024-08-03 00:25:16 开始操作号码 【1469217】
2024-08-03 00:25:24 GSD getOne 第 1 次 等待 3 秒
2024-08-03 00:25:27 查询号码 【1469217】，返回信息 {"status":"ok","msg":"广东-广州","gid":"362057","time_insert":"2021-07-23 03:49","time_update":"2023-05-24 07:54"}
2024-08-03 00:25:27 查询号码 【1469217】，GSD为【"广东-广州"】

2024-08-03 00:25:28 开始第 9316 次操作

2024-08-03 00:25:28 开始操作号码 【1469218】
2024-08-03 00:25:40 GSD getOne 第 1 次 等待 3 秒
2024-08-03 00:25:43 查询号码 【1469218】，返回信息 {"status":"ok","msg":"广东-广州","gid":"362048","time_insert":"2021-07-23 03:49","time_update":"2023-05-24 07:57"}
2024-08-03 00:25:43 查询号码 【1469218】，GSD为【"广东-广州"】

