2023-12-10 00:20:30 开始第 2301 次操作

2023-12-10 00:20:30 开始操作号码 【1792215】
2023-12-10 00:20:34 GSD getOne 第 1 次 等待 3 秒
2023-12-10 00:20:37 查询号码 【1792215】，返回信息 {"status":"ok","msg":"-","gid":"593934","time_insert":"2023-03-16 06:53"}
2023-12-10 00:20:37 查询号码 【1792215】，GSD为【"-"】
2023-12-10 00:20:37 ok && -
2023-12-10 00:21:32 CHB 1792215?1702138837 第 1 次 等待 3 秒
2023-12-10 00:21:35 CHB 1792215?1702138837 第 1 次 获取到号码【1792215】GSD
2023-12-10 00:21:36 未获取到号码【1792215】GSD，可能号码格式错误
2023-12-10 00:21:36 获取到号码【1792215】的GSD为【-】
2023-12-10 00:21:39 GSD insert 第 1 次 等待 3 秒
2023-12-10 00:21:42 {"status":"bad","gid":"593934","msg":"添加失败！号码【1792215(-|-)】已存在！"}
2023-12-10 00:21:42 随机等待 207 秒，约 3 分钟
2023-12-10 00:21:42 下次操作: 2023-12-10 00:25:09

2023-12-10 00:25:09 开始第 2302 次操作

2023-12-10 00:25:09 开始操作号码 【1792216】
2023-12-10 00:25:13 GSD getOne 第 1 次 等待 3 秒
2023-12-10 00:25:16 查询号码 【1792216】，返回信息 {"status":"ok","msg":"-","gid":"593959","time_insert":"2023-03-16 07:09"}
2023-12-10 00:25:16 查询号码 【1792216】，GSD为【"-"】
2023-12-10 00:25:16 ok && -
2023-12-10 00:25:22 CHB 1792216?1702139116 第 1 次 等待 3 秒
2023-12-10 00:25:25 CHB 1792216?1702139116 第 1 次 获取到号码【1792216】GSD
2023-12-10 00:25:25 未获取到号码【1792216】GSD，可能号码格式错误
2023-12-10 00:25:25 获取到号码【1792216】的GSD为【-】
2023-12-10 00:25:29 GSD insert 第 1 次 等待 3 秒
2023-12-10 00:25:32 {"status":"bad","gid":"593959","msg":"添加失败！号码【1792216(-|-)】已存在！"}
2023-12-10 00:25:32 随机等待 178 秒，约 2 分钟
2023-12-10 00:25:32 下次操作: 2023-12-10 00:28:30

2023-12-10 00:28:30 开始第 2303 次操作

2023-12-10 00:28:30 开始操作号码 【1792217】
2023-12-10 00:28:34 GSD getOne 第 1 次 等待 3 秒
2023-12-10 00:28:37 查询号码 【1792217】，返回信息 {"status":"ok","msg":"-","gid":"593991","time_insert":"2023-03-16 07:28"}
2023-12-10 00:28:37 查询号码 【1792217】，GSD为【"-"】
2023-12-10 00:28:37 ok && -
2023-12-10 00:28:41 CHB 1792217?1702139317 第 1 次 等待 3 秒
2023-12-10 00:28:44 CHB 1792217?1702139317 第 1 次 获取到号码【1792217】GSD
2023-12-10 00:28:44 未获取到号码【1792217】GSD，可能号码格式错误
2023-12-10 00:28:44 获取到号码【1792217】的GSD为【-】
2023-12-10 00:28:50 GSD insert 第 1 次 等待 3 秒
2023-12-10 00:28:53 {"status":"bad","gid":"593991","msg":"添加失败！号码【1792217(-|-)】已存在！"}
2023-12-10 00:28:53 随机等待 207 秒，约 3 分钟
2023-12-10 00:28:53 下次操作: 2023-12-10 00:32:20

2023-12-10 00:32:20 开始第 2304 次操作

2023-12-10 00:32:20 开始操作号码 【1792218】
2023-12-10 00:32:24 GSD getOne 第 1 次 等待 3 秒
2023-12-10 00:32:27 查询号码 【1792218】，返回信息 {"status":"ok","msg":"-","gid":"594021","time_insert":"2023-03-16 07:45"}
2023-12-10 00:32:27 查询号码 【1792218】，GSD为【"-"】
2023-12-10 00:32:27 ok && -
2023-12-10 00:32:30 CHB 1792218?1702139547 第 1 次 等待 3 秒
2023-12-10 00:32:33 CHB 1792218?1702139547 第 1 次 获取到号码【1792218】GSD
2023-12-10 00:32:33 未获取到号码【1792218】GSD，可能号码格式错误
2023-12-10 00:32:33 获取到号码【1792218】的GSD为【-】
2023-12-10 00:32:37 GSD insert 第 1 次 等待 3 秒
2023-12-10 00:32:40 {"status":"bad","gid":"594021","msg":"添加失败！号码【1792218(-|-)】已存在！"}

