2024-07-07 00:21:51 开始第 4597 次操作

2024-07-07 00:21:51 开始操作号码 【1464499】
2024-07-07 00:21:59 GSD getOne 第 1 次 等待 3 秒
2024-07-07 00:22:02 查询号码 【1464499】，返回信息 {"status":"ok","msg":"江苏-南京","gid":"322382","time_insert":"2021-07-19 04:09"}
2024-07-07 00:22:02 查询号码 【1464499】，GSD为【"江苏-南京"】

2024-07-07 00:22:03 开始第 4598 次操作

2024-07-07 00:22:03 开始操作号码 【1464500】
2024-07-07 00:22:12 GSD getOne 第 1 次 等待 3 秒
2024-07-07 00:22:15 查询号码 【1464500】，返回信息 {"status":"ok","msg":"江苏-南京","gid":"322447","time_insert":"2021-07-19 04:23"}
2024-07-07 00:22:15 查询号码 【1464500】，GSD为【"江苏-南京"】

2024-07-07 00:22:16 开始第 4599 次操作

2024-07-07 00:22:16 开始操作号码 【1464501】
2024-07-07 00:22:26 GSD getOne 第 1 次 等待 3 秒
2024-07-07 00:22:29 查询号码 【1464501】，返回信息 {"status":"ok","msg":"江苏-南京","gid":"322502","time_insert":"2021-07-19 04:36"}
2024-07-07 00:22:29 查询号码 【1464501】，GSD为【"江苏-南京"】

2024-07-07 00:22:30 开始第 4600 次操作

2024-07-07 00:22:30 开始操作号码 【1464502】
2024-07-07 00:22:38 GSD getOne 第 1 次 等待 3 秒
2024-07-07 00:22:41 查询号码 【1464502】，返回信息 {"status":"ok","msg":"江苏-南京","gid":"322649","time_insert":"2021-07-19 04:50"}
2024-07-07 00:22:41 查询号码 【1464502】，GSD为【"江苏-南京"】

