2024-09-30 00:23:56 开始第 7165 次操作

2024-09-30 00:23:56 开始操作号码 【1357164】
2024-09-30 00:23:59 GSD getOne 第 1 次 等待 3 秒
2024-09-30 00:24:02 查询号码 【1357164】，返回信息 {"status":"ok","msg":"陕西-汉中","gid":"6711","time_insert":"2019-09-13 13:50","time_update":"2020-12-10 14:57"}
2024-09-30 00:24:02 查询号码 【1357164】，GSD为【"陕西-汉中"】

2024-09-30 00:24:03 开始第 7166 次操作

2024-09-30 00:24:03 开始操作号码 【1357165】
2024-09-30 00:24:08 GSD getOne 第 1 次 等待 3 秒
2024-09-30 00:24:11 查询号码 【1357165】，返回信息 {"status":"ok","msg":"陕西-汉中","gid":"320152","time_insert":"2021-07-18 23:06"}
2024-09-30 00:24:12 查询号码 【1357165】，GSD为【"陕西-汉中"】

2024-09-30 00:24:13 开始第 7167 次操作

2024-09-30 00:24:13 开始操作号码 【1357166】
2024-09-30 00:24:16 GSD getOne 第 1 次 等待 3 秒
2024-09-30 00:24:19 查询号码 【1357166】，返回信息 {"status":"ok","msg":"陕西-汉中","gid":"320202","time_insert":"2021-07-18 23:18"}
2024-09-30 00:24:19 查询号码 【1357166】，GSD为【"陕西-汉中"】

2024-09-30 00:24:20 开始第 7168 次操作

2024-09-30 00:24:20 开始操作号码 【1357167】
2024-09-30 00:24:22 GSD getOne 第 1 次 等待 3 秒
2024-09-30 00:24:25 查询号码 【1357167】，返回信息 {"status":"ok","msg":"陕西-汉中","gid":"6712","time_insert":"2017-02-05 07:44","time_update":"2020-12-10 14:53"}
2024-09-30 00:24:25 查询号码 【1357167】，GSD为【"陕西-汉中"】

