2021-07-09 00:02:54 开始第 1 次操作

2021-07-09 00:02:54 开始操作号码 【1718073】
2021-07-09 00:02:59 GSD getOne 第 1 次 等待 1 秒
2021-07-09 00:03:00 查询号码 【1718073】，返回信息 {"status":"bad","msg":""}
2021-07-09 00:03:00 查询号码 【1718073】，GSD为【""】
2021-07-09 00:03:00 bad
2021-07-09 00:03:06 CHB 1718073?1625760180 第 1 次 等待 1 秒
2021-07-09 00:03:07 CHB 1718073?1625760180 第 1 次 获取到号码【1718073】GSD
2021-07-09 00:03:07 获取到号码【1718073】的GSD为【广西-南宁】
2021-07-09 00:03:29 GSD insert 第 1 次 等待 1 秒
2021-07-09 00:03:30 {"status":"ok","msg":"添加成功！226455"}
2021-07-09 00:03:30 下次操作: 2021-07-09 00:03:47

2021-07-09 00:03:47 开始第 2 次操作

2021-07-09 00:03:47 开始操作号码 【1718074】
2021-07-09 00:03:52 GSD getOne 第 1 次 等待 1 秒
2021-07-09 00:03:53 查询号码 【1718074】，返回信息 {"status":"bad","msg":""}
2021-07-09 00:03:53 查询号码 【1718074】，GSD为【""】
2021-07-09 00:03:53 bad
2021-07-09 00:03:56 CHB 1718074?1625760233 第 1 次 等待 1 秒
2021-07-09 00:03:57 CHB 1718074?1625760233 第 1 次 获取到号码【1718074】GSD
2021-07-09 00:03:57 获取到号码【1718074】的GSD为【广西-南宁】
2021-07-09 00:04:32 GSD insert 第 1 次 等待 1 秒
2021-07-09 00:04:33 {"status":"ok","msg":"添加成功！226471"}
2021-07-09 00:04:33 下次操作: 2021-07-09 00:04:48

2021-07-09 00:04:48 开始第 3 次操作

2021-07-09 00:04:48 开始操作号码 【1718075】
2021-07-09 00:04:53 GSD getOne 第 1 次 等待 1 秒
2021-07-09 00:04:54 查询号码 【1718075】，返回信息 {"status":"bad","msg":""}
2021-07-09 00:04:55 查询号码 【1718075】，GSD为【""】
2021-07-09 00:04:55 bad
2021-07-09 00:05:07 CHB 1718075?1625760295 第 1 次 等待 1 秒
2021-07-09 00:05:08 CHB 1718075?1625760295 第 1 次 获取到号码【1718075】GSD
2021-07-09 00:05:08 获取到号码【1718075】的GSD为【广西-南宁】
2021-07-09 00:05:15 GSD insert 第 1 次 等待 1 秒
2021-07-09 00:05:16 {"status":"ok","msg":"添加成功！226486"}
2021-07-09 00:05:16 下次操作: 2021-07-09 00:05:29

2021-07-09 00:05:29 开始第 4 次操作

2021-07-09 00:05:29 开始操作号码 【1718076】
2021-07-09 00:05:36 GSD getOne 第 1 次 等待 1 秒
2021-07-09 00:05:37 查询号码 【1718076】，返回信息 {"status":"bad","msg":""}
2021-07-09 00:05:37 查询号码 【1718076】，GSD为【""】
2021-07-09 00:05:37 bad
2021-07-09 00:05:41 CHB 1718076?1625760337 第 1 次 等待 1 秒
2021-07-09 00:05:42 CHB 1718076?1625760337 第 1 次 获取到号码【1718076】GSD
2021-07-09 00:05:42 获取到号码【1718076】的GSD为【广西-南宁】
2021-07-09 00:06:19 GSD insert 第 1 次 等待 1 秒
2021-07-09 00:06:20 {"status":"ok","msg":"添加成功！226499"}
2021-07-09 00:06:20 下次操作: 2021-07-09 00:06:30

2021-07-09 00:06:30 开始第 5 次操作

2021-07-09 00:06:30 开始操作号码 【1718077】
2021-07-09 00:06:44 GSD getOne 第 1 次 等待 1 秒
2021-07-09 00:06:45 查询号码 【1718077】，返回信息 {"status":"bad","msg":""}
2021-07-09 00:06:46 查询号码 【1718077】，GSD为【""】
2021-07-09 00:06:46 bad
2021-07-09 00:06:48 CHB 1718077?1625760406 第 1 次 等待 1 秒
2021-07-09 00:06:49 CHB 1718077?1625760406 第 1 次 获取到号码【1718077】GSD
2021-07-09 00:06:50 获取到号码【1718077】的GSD为【广西-南宁】
2021-07-09 00:07:14 GSD insert 第 1 次 等待 1 秒
2021-07-09 00:07:15 {"status":"ok","msg":"添加成功！226514"}
2021-07-09 00:07:15 下次操作: 2021-07-09 00:07:28

2021-07-09 00:07:28 开始第 6 次操作

2021-07-09 00:07:28 开始操作号码 【1718078】
2021-07-09 00:07:40 GSD getOne 第 1 次 等待 1 秒
2021-07-09 00:07:41 查询号码 【1718078】，返回信息 {"status":"bad","msg":""}
2021-07-09 00:07:41 查询号码 【1718078】，GSD为【""】
2021-07-09 00:07:41 bad
2021-07-09 00:07:43 CHB 1718078?1625760461 第 1 次 等待 1 秒
2021-07-09 00:07:44 CHB 1718078?1625760461 第 1 次 获取到号码【1718078】GSD
2021-07-09 00:07:44 获取到号码【1718078】的GSD为【广西-南宁】
2021-07-09 00:08:04 GSD insert 第 1 次 等待 1 秒
2021-07-09 00:08:05 {"status":"ok","msg":"添加成功！226524"}
2021-07-09 00:08:05 下次操作: 2021-07-09 00:08:11

2021-07-09 00:08:11 开始第 7 次操作

2021-07-09 00:08:11 开始操作号码 【1718079】
2021-07-09 00:08:41 GSD getOne 第 1 次 等待 1 秒
2021-07-09 00:08:42 查询号码 【1718079】，返回信息 {"status":"bad","msg":""}
2021-07-09 00:08:42 查询号码 【1718079】，GSD为【""】
2021-07-09 00:08:42 bad
2021-07-09 00:08:46 CHB 1718079?1625760522 第 1 次 等待 1 秒
2021-07-09 00:08:47 CHB 1718079?1625760522 第 1 次 获取到号码【1718079】GSD
2021-07-09 00:08:47 获取到号码【1718079】的GSD为【广西-南宁】
2021-07-09 00:09:12 GSD insert 第 1 次 等待 1 秒
2021-07-09 00:09:13 {"status":"ok","msg":"添加成功！226536"}
2021-07-09 00:09:13 下次操作: 2021-07-09 00:09:31

2021-07-09 00:09:31 开始第 8 次操作

2021-07-09 00:09:31 开始操作号码 【1718080】
2021-07-09 00:09:36 GSD getOne 第 1 次 等待 1 秒
2021-07-09 00:09:37 查询号码 【1718080】，返回信息 {"status":"bad","msg":""}
2021-07-09 00:09:37 查询号码 【1718080】，GSD为【""】
2021-07-09 00:09:37 bad
2021-07-09 00:09:40 CHB 1718080?1625760577 第 1 次 等待 1 秒
2021-07-09 00:09:41 CHB 1718080?1625760577 第 1 次 获取到号码【1718080】GSD
2021-07-09 00:09:41 获取到号码【1718080】的GSD为【广西-南宁】
2021-07-09 00:10:01 GSD insert 第 1 次 等待 1 秒
2021-07-09 00:10:02 {"status":"ok","msg":"添加成功！226543"}
2021-07-09 00:10:02 下次操作: 2021-07-09 00:10:11

2021-07-09 00:10:11 开始第 9 次操作

2021-07-09 00:10:11 开始操作号码 【1718081】
2021-07-09 00:10:28 GSD getOne 第 1 次 等待 1 秒
2021-07-09 00:10:29 查询号码 【1718081】，返回信息 {"status":"bad","msg":""}
2021-07-09 00:10:29 查询号码 【1718081】，GSD为【""】
2021-07-09 00:10:29 bad
2021-07-09 00:10:31 CHB 1718081?1625760629 第 1 次 等待 1 秒
2021-07-09 00:10:32 CHB 1718081?1625760629 第 1 次 获取到号码【1718081】GSD
2021-07-09 00:10:32 获取到号码【1718081】的GSD为【广西-南宁】
2021-07-09 00:10:53 GSD insert 第 1 次 等待 1 秒
2021-07-09 00:10:54 {"status":"ok","msg":"添加成功！226552"}
2021-07-09 00:10:54 下次操作: 2021-07-09 00:11:03

2021-07-09 00:11:03 开始第 10 次操作

2021-07-09 00:11:03 开始操作号码 【1718082】
2021-07-09 00:11:27 GSD getOne 第 1 次 等待 1 秒
2021-07-09 00:11:28 查询号码 【1718082】，返回信息 {"status":"bad","msg":""}
2021-07-09 00:11:28 查询号码 【1718082】，GSD为【""】
2021-07-09 00:11:28 bad
2021-07-09 00:11:33 CHB 1718082?1625760688 第 1 次 等待 1 秒
2021-07-09 00:11:34 CHB 1718082?1625760688 第 1 次 获取到号码【1718082】GSD
2021-07-09 00:11:34 获取到号码【1718082】的GSD为【广西-南宁】
2021-07-09 00:12:10 GSD insert 第 1 次 等待 1 秒
2021-07-09 00:12:11 {"status":"ok","msg":"添加成功！226563"}
2021-07-09 00:12:11 下次操作: 2021-07-09 00:12:28

2021-07-09 00:12:28 开始第 11 次操作

2021-07-09 00:12:28 开始操作号码 【1718083】
2021-07-09 00:12:35 GSD getOne 第 1 次 等待 1 秒
2021-07-09 00:12:36 查询号码 【1718083】，返回信息 {"status":"bad","msg":""}
2021-07-09 00:12:36 查询号码 【1718083】，GSD为【""】
2021-07-09 00:12:36 bad
2021-07-09 00:12:40 CHB 1718083?1625760756 第 1 次 等待 1 秒
2021-07-09 00:12:41 CHB 1718083?1625760756 第 1 次 获取到号码【1718083】GSD
2021-07-09 00:12:41 获取到号码【1718083】的GSD为【广西-南宁】
2021-07-09 00:13:01 GSD insert 第 1 次 等待 1 秒
2021-07-09 00:13:02 {"status":"ok","msg":"添加成功！226568"}
2021-07-09 00:13:02 下次操作: 2021-07-09 00:13:20

2021-07-09 00:13:20 开始第 12 次操作

2021-07-09 00:13:20 开始操作号码 【1718084】
2021-07-09 00:13:24 GSD getOne 第 1 次 等待 1 秒
2021-07-09 00:13:25 查询号码 【1718084】，返回信息 {"status":"bad","msg":""}
2021-07-09 00:13:25 查询号码 【1718084】，GSD为【""】
2021-07-09 00:13:25 bad
2021-07-09 00:13:27 CHB 1718084?1625760805 第 1 次 等待 1 秒
2021-07-09 00:13:28 CHB 1718084?1625760805 第 1 次 获取到号码【1718084】GSD
2021-07-09 00:13:28 获取到号码【1718084】的GSD为【广西-南宁】
2021-07-09 00:13:49 GSD insert 第 1 次 等待 1 秒
2021-07-09 00:13:50 {"status":"ok","msg":"添加成功！226573"}
2021-07-09 00:13:50 下次操作: 2021-07-09 00:14:08

2021-07-09 00:14:08 开始第 13 次操作

2021-07-09 00:14:08 开始操作号码 【1718085】
2021-07-09 00:15:13 GSD getOne 第 1 次 等待 1 秒
2021-07-09 00:15:14 查询号码 【1718085】，返回信息 {"status":"bad","msg":""}
2021-07-09 00:15:14 查询号码 【1718085】，GSD为【""】
2021-07-09 00:15:14 bad
2021-07-09 00:15:17 CHB 1718085?1625760914 第 1 次 等待 1 秒
2021-07-09 00:15:18 CHB 1718085?1625760914 第 1 次 获取到号码【1718085】GSD
2021-07-09 00:15:18 获取到号码【1718085】的GSD为【广西-南宁】
2021-07-09 00:15:41 GSD insert 第 1 次 等待 1 秒
2021-07-09 00:15:42 {"status":"ok","msg":"添加成功！226586"}
2021-07-09 00:15:42 下次操作: 2021-07-09 00:15:56

2021-07-09 00:15:56 开始第 14 次操作

2021-07-09 00:15:56 开始操作号码 【1718086】
2021-07-09 00:16:02 GSD getOne 第 1 次 等待 1 秒
2021-07-09 00:16:03 查询号码 【1718086】，返回信息 {"status":"bad","msg":""}
2021-07-09 00:16:04 查询号码 【1718086】，GSD为【""】
2021-07-09 00:16:04 bad
2021-07-09 00:16:11 CHB 1718086?1625760964 第 1 次 等待 1 秒
2021-07-09 00:16:12 CHB 1718086?1625760964 第 1 次 获取到号码【1718086】GSD
2021-07-09 00:16:12 获取到号码【1718086】的GSD为【广西-南宁】
2021-07-09 00:16:32 GSD insert 第 1 次 等待 1 秒
2021-07-09 00:16:33 {"status":"ok","msg":"添加成功！226595"}
2021-07-09 00:16:33 下次操作: 2021-07-09 00:16:41

2021-07-09 00:16:41 开始第 15 次操作

2021-07-09 00:16:41 开始操作号码 【1718087】
2021-07-09 00:17:03 GSD getOne 第 1 次 等待 1 秒
2021-07-09 00:17:04 查询号码 【1718087】，返回信息 {"status":"bad","msg":""}
2021-07-09 00:17:04 查询号码 【1718087】，GSD为【""】
2021-07-09 00:17:04 bad
2021-07-09 00:17:12 CHB 1718087?1625761024 第 1 次 等待 1 秒
2021-07-09 00:17:13 CHB 1718087?1625761024 第 1 次 获取到号码【1718087】GSD
2021-07-09 00:17:13 获取到号码【1718087】的GSD为【广西-南宁】
2021-07-09 00:17:24 GSD insert 第 1 次 等待 1 秒
2021-07-09 00:17:25 {"status":"ok","msg":"添加成功！226603"}
2021-07-09 00:17:25 下次操作: 2021-07-09 00:17:37

2021-07-09 00:17:37 开始第 16 次操作

2021-07-09 00:17:37 开始操作号码 【1718088】
2021-07-09 00:17:44 GSD getOne 第 1 次 等待 1 秒
2021-07-09 00:17:45 查询号码 【1718088】，返回信息 {"status":"bad","msg":""}
2021-07-09 00:17:45 查询号码 【1718088】，GSD为【""】
2021-07-09 00:17:45 bad
2021-07-09 00:17:48 CHB 1718088?1625761065 第 1 次 等待 1 秒
2021-07-09 00:17:49 CHB 1718088?1625761065 第 1 次 获取到号码【1718088】GSD
2021-07-09 00:17:49 获取到号码【1718088】的GSD为【广西-南宁】
2021-07-09 00:18:12 GSD insert 第 1 次 等待 1 秒
2021-07-09 00:18:13 {"status":"ok","msg":"添加成功！226610"}
2021-07-09 00:18:13 下次操作: 2021-07-09 00:18:26

2021-07-09 00:18:26 开始第 17 次操作

2021-07-09 00:18:26 开始操作号码 【1718089】
2021-07-09 00:18:48 GSD getOne 第 1 次 等待 1 秒
2021-07-09 00:18:49 查询号码 【1718089】，返回信息 {"status":"bad","msg":""}
2021-07-09 00:18:49 查询号码 【1718089】，GSD为【""】
2021-07-09 00:18:49 bad
2021-07-09 00:18:57 CHB 1718089?1625761129 第 1 次 等待 1 秒
2021-07-09 00:18:58 CHB 1718089?1625761129 第 1 次 获取到号码【1718089】GSD
2021-07-09 00:18:59 获取到号码【1718089】的GSD为【广西-南宁】
2021-07-09 00:19:19 GSD insert 第 1 次 等待 1 秒
2021-07-09 00:19:20 {"status":"ok","msg":"添加成功！226618"}
2021-07-09 00:19:20 下次操作: 2021-07-09 00:19:38

2021-07-09 00:19:38 开始第 18 次操作

2021-07-09 00:19:38 开始操作号码 【1718090】
2021-07-09 00:19:42 GSD getOne 第 1 次 等待 1 秒
2021-07-09 00:19:43 查询号码 【1718090】，返回信息 {"status":"bad","msg":""}
2021-07-09 00:19:43 查询号码 【1718090】，GSD为【""】
2021-07-09 00:19:43 bad
2021-07-09 00:19:47 CHB 1718090?1625761183 第 1 次 等待 1 秒
2021-07-09 00:19:48 CHB 1718090?1625761183 第 1 次 获取到号码【1718090】GSD
2021-07-09 00:19:48 获取到号码【1718090】的GSD为【广西-南宁】
2021-07-09 00:20:25 GSD insert 第 1 次 等待 1 秒
2021-07-09 00:20:26 {"status":"ok","msg":"添加成功！226623"}
2021-07-09 00:20:26 下次操作: 2021-07-09 00:20:42

2021-07-09 00:20:42 开始第 19 次操作

2021-07-09 00:20:42 开始操作号码 【1718091】
2021-07-09 00:20:47 GSD getOne 第 1 次 等待 1 秒
2021-07-09 00:20:48 查询号码 【1718091】，返回信息 {"status":"bad","msg":""}
2021-07-09 00:20:48 查询号码 【1718091】，GSD为【""】
2021-07-09 00:20:48 bad
2021-07-09 00:20:50 CHB 1718091?1625761248 第 1 次 等待 1 秒
2021-07-09 00:20:51 CHB 1718091?1625761248 第 1 次 获取到号码【1718091】GSD
2021-07-09 00:20:51 获取到号码【1718091】的GSD为【广西-南宁】
2021-07-09 00:21:10 GSD insert 第 1 次 等待 1 秒
2021-07-09 00:21:11 {"status":"ok","msg":"添加成功！226626"}
2021-07-09 00:21:11 下次操作: 2021-07-09 00:21:17

2021-07-09 00:21:17 开始第 20 次操作

2021-07-09 00:21:17 开始操作号码 【1718092】
2021-07-09 00:21:39 GSD getOne 第 1 次 等待 1 秒
2021-07-09 00:21:40 查询号码 【1718092】，返回信息 {"status":"bad","msg":""}
2021-07-09 00:21:40 查询号码 【1718092】，GSD为【""】
2021-07-09 00:21:40 bad
2021-07-09 00:21:43 CHB 1718092?1625761300 第 1 次 等待 1 秒
2021-07-09 00:21:44 CHB 1718092?1625761300 第 1 次 获取到号码【1718092】GSD
2021-07-09 00:21:44 获取到号码【1718092】的GSD为【广西-南宁】
2021-07-09 00:22:03 GSD insert 第 1 次 等待 1 秒
2021-07-09 00:22:04 {"status":"ok","msg":"添加成功！226629"}
2021-07-09 00:22:04 下次操作: 2021-07-09 00:22:15

2021-07-09 00:22:15 开始第 21 次操作

2021-07-09 00:22:15 开始操作号码 【1718093】
2021-07-09 00:22:39 GSD getOne 第 1 次 等待 1 秒
2021-07-09 00:22:40 查询号码 【1718093】，返回信息 {"status":"bad","msg":""}
2021-07-09 00:22:41 查询号码 【1718093】，GSD为【""】
2021-07-09 00:22:41 bad
2021-07-09 00:22:57 CHB 1718093?1625761361 第 1 次 等待 1 秒
2021-07-09 00:22:58 CHB 1718093?1625761361 第 1 次 获取到号码【1718093】GSD
2021-07-09 00:22:58 获取到号码【1718093】的GSD为【广西-南宁】
2021-07-09 00:23:03 GSD insert 第 1 次 等待 1 秒
2021-07-09 00:23:04 {"status":"ok","msg":"添加成功！226632"}
2021-07-09 00:23:04 下次操作: 2021-07-09 00:23:11

2021-07-09 00:23:11 开始第 22 次操作

2021-07-09 00:23:11 开始操作号码 【1718094】
2021-07-09 00:23:36 GSD getOne 第 1 次 等待 1 秒
2021-07-09 00:23:37 查询号码 【1718094】，返回信息 {"status":"bad","msg":""}
2021-07-09 00:23:38 查询号码 【1718094】，GSD为【""】
2021-07-09 00:23:38 bad
2021-07-09 00:23:45 CHB 1718094?1625761418 第 1 次 等待 1 秒
2021-07-09 00:23:46 CHB 1718094?1625761418 第 1 次 获取到号码【1718094】GSD
2021-07-09 00:23:46 获取到号码【1718094】的GSD为【广西-桂林】
2021-07-09 00:24:22 GSD insert 第 1 次 等待 1 秒
2021-07-09 00:24:23 {"status":"ok","msg":"添加成功！226635"}
2021-07-09 00:24:23 下次操作: 2021-07-09 00:24:39

2021-07-09 00:24:39 开始第 23 次操作

2021-07-09 00:24:39 开始操作号码 【1718095】
2021-07-09 00:24:54 GSD getOne 第 1 次 等待 1 秒
2021-07-09 00:24:55 查询号码 【1718095】，返回信息 {"status":"bad","msg":""}
2021-07-09 00:24:56 查询号码 【1718095】，GSD为【""】
2021-07-09 00:24:56 bad
2021-07-09 00:25:01 CHB 1718095?1625761496 第 1 次 等待 1 秒
2021-07-09 00:25:02 CHB 1718095?1625761496 第 1 次 获取到号码【1718095】GSD
2021-07-09 00:25:02 获取到号码【1718095】的GSD为【广西-桂林】
2021-07-09 00:25:21 GSD insert 第 1 次 等待 1 秒
2021-07-09 00:25:22 {"status":"ok","msg":"添加成功！226637"}
2021-07-09 00:25:22 下次操作: 2021-07-09 00:25:31

2021-07-09 00:25:31 开始第 24 次操作

2021-07-09 00:25:31 开始操作号码 【1718096】
2021-07-09 00:25:43 GSD getOne 第 1 次 等待 1 秒
2021-07-09 00:25:44 查询号码 【1718096】，返回信息 {"status":"bad","msg":""}
2021-07-09 00:25:44 查询号码 【1718096】，GSD为【""】
2021-07-09 00:25:44 bad
2021-07-09 00:27:14 CHB 1718096?1625761544 第 1 次 等待 1 秒
2021-07-09 00:27:15 CHB 1718096?1625761544 第 1 次 获取到号码【1718096】GSD
2021-07-09 00:27:15 获取到号码【1718096】的GSD为【广西-桂林】
2021-07-09 00:27:21 GSD insert 第 1 次 等待 1 秒
2021-07-09 00:27:22 {"status":"ok","msg":"添加成功！226644"}
2021-07-09 00:27:22 下次操作: 2021-07-09 00:27:33

2021-07-09 00:27:33 开始第 25 次操作

2021-07-09 00:27:33 开始操作号码 【1718097】
2021-07-09 00:27:46 GSD getOne 第 1 次 等待 1 秒
2021-07-09 00:27:47 查询号码 【1718097】，返回信息 {"status":"bad","msg":""}
2021-07-09 00:27:47 查询号码 【1718097】，GSD为【""】
2021-07-09 00:27:47 bad
2021-07-09 00:27:49 CHB 1718097?1625761667 第 1 次 等待 1 秒
2021-07-09 00:27:50 CHB 1718097?1625761667 第 1 次 获取到号码【1718097】GSD
2021-07-09 00:27:50 获取到号码【1718097】的GSD为【广西-桂林】
2021-07-09 00:28:09 GSD insert 第 1 次 等待 1 秒
2021-07-09 00:28:10 {"status":"ok","msg":"添加成功！226647"}
2021-07-09 00:28:10 下次操作: 2021-07-09 00:28:21

2021-07-09 00:28:21 开始第 26 次操作

2021-07-09 00:28:21 开始操作号码 【1718098】
2021-07-09 00:28:58 GSD getOne 第 1 次 等待 1 秒
2021-07-09 00:28:59 查询号码 【1718098】，返回信息 {"status":"bad","msg":""}
2021-07-09 00:28:59 查询号码 【1718098】，GSD为【""】
2021-07-09 00:28:59 bad
2021-07-09 00:29:04 CHB 1718098?1625761739 第 1 次 等待 1 秒
2021-07-09 00:29:05 CHB 1718098?1625761739 第 1 次 获取到号码【1718098】GSD
2021-07-09 00:29:05 获取到号码【1718098】的GSD为【广西-桂林】
2021-07-09 00:29:30 GSD insert 第 1 次 等待 1 秒
2021-07-09 00:29:31 {"status":"ok","msg":"添加成功！226651"}
2021-07-09 00:29:31 下次操作: 2021-07-09 00:29:49

2021-07-09 00:29:49 开始第 27 次操作

2021-07-09 00:29:49 开始操作号码 【1718099】
2021-07-09 00:29:55 GSD getOne 第 1 次 等待 1 秒
2021-07-09 00:29:56 查询号码 【1718099】，返回信息 {"status":"bad","msg":""}
2021-07-09 00:29:57 查询号码 【1718099】，GSD为【""】
2021-07-09 00:29:57 bad
2021-07-09 00:29:59 CHB 1718099?1625761797 第 1 次 等待 1 秒
2021-07-09 00:30:00 CHB 1718099?1625761797 第 1 次 获取到号码【1718099】GSD
2021-07-09 00:30:00 获取到号码【1718099】的GSD为【广西-桂林】
2021-07-09 00:30:20 GSD insert 第 1 次 等待 1 秒
2021-07-09 00:30:21 {"status":"ok","msg":"添加成功！226655"}
2021-07-09 00:30:21 下次操作: 2021-07-09 00:30:28

2021-07-09 00:30:28 开始第 28 次操作

2021-07-09 00:30:28 开始操作号码 【1718100】
2021-07-09 00:30:47 GSD getOne 第 1 次 等待 1 秒
2021-07-09 00:30:48 查询号码 【1718100】，返回信息 {"status":"bad","msg":""}
2021-07-09 00:30:48 查询号码 【1718100】，GSD为【""】
2021-07-09 00:30:48 bad
2021-07-09 00:30:50 CHB 1718100?1625761848 第 1 次 等待 1 秒
2021-07-09 00:30:51 CHB 1718100?1625761848 第 1 次 获取到号码【1718100】GSD
2021-07-09 00:30:51 获取到号码【1718100】的GSD为【北京-北京】
2021-07-09 00:31:13 GSD insert 第 1 次 等待 1 秒
2021-07-09 00:31:14 {"status":"ok","msg":"添加成功！226656"}
2021-07-09 00:31:14 下次操作: 2021-07-09 00:31:22

2021-07-09 00:31:22 开始第 29 次操作

2021-07-09 00:31:22 开始操作号码 【1718101】
2021-07-09 00:31:33 GSD getOne 第 1 次 等待 1 秒
2021-07-09 00:31:34 查询号码 【1718101】，返回信息 {"status":"bad","msg":""}
2021-07-09 00:31:34 查询号码 【1718101】，GSD为【""】
2021-07-09 00:31:34 bad
2021-07-09 00:31:44 CHB 1718101?1625761894 第 1 次 等待 1 秒
2021-07-09 00:31:45 CHB 1718101?1625761894 第 1 次 获取到号码【1718101】GSD
2021-07-09 00:31:45 获取到号码【1718101】的GSD为【北京-北京】
2021-07-09 00:31:57 GSD insert 第 1 次 等待 1 秒
2021-07-09 00:31:58 {"status":"ok","msg":"添加成功！226657"}
2021-07-09 00:31:58 下次操作: 2021-07-09 00:32:04

2021-07-09 00:32:04 开始第 30 次操作

2021-07-09 00:32:04 开始操作号码 【1718102】
2021-07-09 00:32:24 GSD getOne 第 1 次 等待 1 秒
2021-07-09 00:32:25 查询号码 【1718102】，返回信息 {"status":"bad","msg":""}
2021-07-09 00:32:25 查询号码 【1718102】，GSD为【""】
2021-07-09 00:32:25 bad
2021-07-09 00:32:30 CHB 1718102?1625761945 第 1 次 等待 1 秒
2021-07-09 00:32:31 CHB 1718102?1625761945 第 1 次 获取到号码【1718102】GSD
2021-07-09 00:32:31 获取到号码【1718102】的GSD为【北京-北京】
2021-07-09 00:32:51 GSD insert 第 1 次 等待 1 秒
2021-07-09 00:32:52 {"status":"ok","msg":"添加成功！226661"}

