2024-06-28 00:23:52 开始第 3021 次操作

2024-06-28 00:23:52 开始操作号码 【1462923】
2024-06-28 00:24:15 GSD getOne 第 1 次 等待 3 秒
2024-06-28 00:24:18 查询号码 【1462923】，返回信息 {"status":"ok","msg":"广东-东莞","gid":"196887","time_insert":"2021-07-05 10:21"}
2024-06-28 00:24:18 查询号码 【1462923】，GSD为【"广东-东莞"】

2024-06-28 00:24:19 开始第 3022 次操作

2024-06-28 00:24:19 开始操作号码 【1462924】
2024-06-28 00:24:47 GSD getOne 第 1 次 等待 3 秒
2024-06-28 00:24:50 查询号码 【1462924】，返回信息 {"status":"ok","msg":"广东-东莞","gid":"196982","time_insert":"2021-07-05 10:32"}
2024-06-28 00:24:50 查询号码 【1462924】，GSD为【"广东-东莞"】

2024-06-28 00:24:51 开始第 3023 次操作

2024-06-28 00:24:51 开始操作号码 【1462925】
2024-06-28 00:25:13 GSD getOne 第 1 次 等待 3 秒
2024-06-28 00:25:16 查询号码 【1462925】，返回信息 {"status":"ok","msg":"广东-东莞","gid":"197029","time_insert":"2021-07-05 10:43"}
2024-06-28 00:25:16 查询号码 【1462925】，GSD为【"广东-东莞"】

2024-06-28 00:25:17 开始第 3024 次操作

2024-06-28 00:25:17 开始操作号码 【1462926】
2024-06-28 00:25:37 GSD getOne 第 1 次 等待 3 秒
2024-06-28 00:25:40 查询号码 【1462926】，返回信息 {"status":"ok","msg":"广东-东莞","gid":"197147","time_insert":"2021-07-05 10:56"}
2024-06-28 00:25:40 查询号码 【1462926】，GSD为【"广东-东莞"】

2024-06-28 00:41:58 开始第 3025 次操作

2024-06-28 00:41:58 开始操作号码 【1462927】
2024-06-28 00:42:27 GSD getOne 第 1 次 等待 3 秒
2024-06-28 00:42:30 查询号码 【1462927】，返回信息 {"status":"ok","msg":"广东-东莞","gid":"197276","time_insert":"2021-07-05 11:08"}
2024-06-28 00:42:30 查询号码 【1462927】，GSD为【"广东-东莞"】

2024-06-28 00:42:31 开始第 3026 次操作

2024-06-28 00:42:31 开始操作号码 【1462928】
2024-06-28 00:42:51 GSD getOne 第 1 次 等待 3 秒
2024-06-28 00:42:54 查询号码 【1462928】，返回信息 {"status":"ok","msg":"广东-东莞","gid":"197306","time_insert":"2021-07-05 11:19"}
2024-06-28 00:42:54 查询号码 【1462928】，GSD为【"广东-东莞"】

2024-06-28 00:42:55 开始第 3027 次操作

2024-06-28 00:42:55 开始操作号码 【1462929】
2024-06-28 00:43:24 GSD getOne 第 1 次 等待 3 秒
2024-06-28 00:43:27 查询号码 【1462929】，返回信息 {"status":"ok","msg":"广东-东莞","gid":"197327","time_insert":"2021-07-05 11:30"}
2024-06-28 00:43:27 查询号码 【1462929】，GSD为【"广东-东莞"】

2024-06-28 00:43:28 开始第 3028 次操作

2024-06-28 00:43:28 开始操作号码 【1462930】
2024-06-28 00:43:53 GSD getOne 第 1 次 等待 3 秒
2024-06-28 00:43:56 查询号码 【1462930】，返回信息 {"status":"ok","msg":"广东-东莞","gid":"197347","time_insert":"2021-07-05 11:41"}
2024-06-28 00:43:56 查询号码 【1462930】，GSD为【"广东-东莞"】

2024-06-28 01:18:35 开始第 3029 次操作

2024-06-28 01:18:35 开始操作号码 【1462931】
2024-06-28 01:18:56 GSD getOne 第 1 次 等待 3 秒
2024-06-28 01:18:59 查询号码 【1462931】，返回信息 {"status":"ok","msg":"广东-东莞","gid":"197403","time_insert":"2021-07-05 11:52"}
2024-06-28 01:18:59 查询号码 【1462931】，GSD为【"广东-东莞"】

2024-06-28 01:19:00 开始第 3030 次操作

2024-06-28 01:19:00 开始操作号码 【1462932】
2024-06-28 01:19:20 GSD getOne 第 1 次 等待 3 秒
2024-06-28 01:19:23 查询号码 【1462932】，返回信息 {"status":"ok","msg":"广东-东莞","gid":"197531","time_insert":"2021-07-05 12:04"}
2024-06-28 01:19:23 查询号码 【1462932】，GSD为【"广东-东莞"】

2024-06-28 01:19:24 开始第 3031 次操作

2024-06-28 01:19:24 开始操作号码 【1462933】
2024-06-28 01:19:48 GSD getOne 第 1 次 等待 3 秒
2024-06-28 01:19:51 查询号码 【1462933】，返回信息 {"status":"ok","msg":"广东-东莞","gid":"197618","time_insert":"2021-07-05 12:16"}
2024-06-28 01:19:51 查询号码 【1462933】，GSD为【"广东-东莞"】

2024-06-28 01:19:52 开始第 3032 次操作

2024-06-28 01:19:52 开始操作号码 【1462934】
2024-06-28 01:20:08 GSD getOne 第 1 次 等待 3 秒
2024-06-28 01:20:11 查询号码 【1462934】，返回信息 {"status":"ok","msg":"广东-东莞","gid":"197644","time_insert":"2021-07-05 12:29"}
2024-06-28 01:20:11 查询号码 【1462934】，GSD为【"广东-东莞"】

2024-06-28 01:38:05 开始第 3033 次操作

2024-06-28 01:38:05 开始操作号码 【1462935】
2024-06-28 01:38:42 GSD getOne 第 1 次 等待 3 秒
2024-06-28 01:38:45 查询号码 【1462935】，返回信息 {"status":"ok","msg":"广东-东莞","gid":"197664","time_insert":"2021-07-05 12:41"}
2024-06-28 01:38:45 查询号码 【1462935】，GSD为【"广东-东莞"】

2024-06-28 01:38:46 开始第 3034 次操作

2024-06-28 01:38:46 开始操作号码 【1462936】
2024-06-28 01:39:11 GSD getOne 第 1 次 等待 3 秒
2024-06-28 01:39:14 查询号码 【1462936】，返回信息 {"status":"ok","msg":"广东-东莞","gid":"197691","time_insert":"2021-07-05 12:53"}
2024-06-28 01:39:14 查询号码 【1462936】，GSD为【"广东-东莞"】

2024-06-28 01:39:15 开始第 3035 次操作

2024-06-28 01:39:15 开始操作号码 【1462937】
2024-06-28 01:39:44 GSD getOne 第 1 次 等待 3 秒
2024-06-28 01:39:47 查询号码 【1462937】，返回信息 {"status":"ok","msg":"广东-东莞","gid":"197812","time_insert":"2021-07-05 13:06"}
2024-06-28 01:39:47 查询号码 【1462937】，GSD为【"广东-东莞"】

2024-06-28 01:39:48 开始第 3036 次操作

2024-06-28 01:39:48 开始操作号码 【1462938】
2024-06-28 01:41:03 GSD getOne 第 1 次 等待 3 秒
2024-06-28 01:41:06 查询号码 【1462938】，返回信息 {"status":"ok","msg":"广东-东莞","gid":"197931","time_insert":"2021-07-05 13:18"}
2024-06-28 01:41:06 查询号码 【1462938】，GSD为【"广东-东莞"】

2024-06-28 02:23:30 开始第 3037 次操作

2024-06-28 02:23:30 开始操作号码 【1462939】
2024-06-28 02:23:47 GSD getOne 第 1 次 等待 3 秒
2024-06-28 02:23:50 查询号码 【1462939】，返回信息 {"status":"ok","msg":"广东-东莞","gid":"197964","time_insert":"2021-07-05 13:33","time_update":"2021-07-27 19:00"}
2024-06-28 02:23:50 查询号码 【1462939】，GSD为【"广东-东莞"】

2024-06-28 02:23:51 开始第 3038 次操作

2024-06-28 02:23:51 开始操作号码 【1462940】
2024-06-28 02:24:06 GSD getOne 第 1 次 等待 3 秒
2024-06-28 02:24:09 查询号码 【1462940】，返回信息 {"status":"ok","msg":"广东-东莞","gid":"198064","time_insert":"2021-07-05 13:45"}
2024-06-28 02:24:09 查询号码 【1462940】，GSD为【"广东-东莞"】

2024-06-28 02:24:10 开始第 3039 次操作

2024-06-28 02:24:10 开始操作号码 【1462941】
2024-06-28 02:24:26 GSD getOne 第 1 次 等待 3 秒
2024-06-28 02:24:29 查询号码 【1462941】，返回信息 {"status":"ok","msg":"广东-东莞","gid":"198171","time_insert":"2021-07-05 13:56"}
2024-06-28 02:24:29 查询号码 【1462941】，GSD为【"广东-东莞"】

2024-06-28 02:24:30 开始第 3040 次操作

2024-06-28 02:24:30 开始操作号码 【1462942】
2024-06-28 02:24:45 GSD getOne 第 1 次 等待 3 秒
2024-06-28 02:24:48 查询号码 【1462942】，返回信息 {"status":"ok","msg":"广东-东莞","gid":"198244","time_insert":"2021-07-05 14:10"}
2024-06-28 02:24:48 查询号码 【1462942】，GSD为【"广东-东莞"】

2024-06-28 02:39:47 开始第 3041 次操作

2024-06-28 02:39:47 开始操作号码 【1462943】
2024-06-28 02:40:46 GSD getOne 第 1 次 等待 3 秒
2024-06-28 02:40:49 查询号码 【1462943】，返回信息 {"status":"ok","msg":"广东-东莞","gid":"198265","time_insert":"2021-07-05 14:22"}
2024-06-28 02:40:49 查询号码 【1462943】，GSD为【"广东-东莞"】

2024-06-28 02:40:50 开始第 3042 次操作

2024-06-28 02:40:50 开始操作号码 【1462944】
2024-06-28 02:41:33 GSD getOne 第 1 次 等待 3 秒
2024-06-28 02:41:36 查询号码 【1462944】，返回信息 {"status":"ok","msg":"广东-东莞","gid":"198287","time_insert":"2021-07-05 14:37"}
2024-06-28 02:41:36 查询号码 【1462944】，GSD为【"广东-东莞"】

2024-06-28 02:41:37 开始第 3043 次操作

2024-06-28 02:41:37 开始操作号码 【1462945】
2024-06-28 02:42:10 GSD getOne 第 1 次 等待 3 秒
2024-06-28 02:42:13 查询号码 【1462945】，返回信息 {"status":"ok","msg":"广东-东莞","gid":"198318","time_insert":"2021-07-05 14:52"}
2024-06-28 02:42:13 查询号码 【1462945】，GSD为【"广东-东莞"】

2024-06-28 02:42:14 开始第 3044 次操作

2024-06-28 02:42:14 开始操作号码 【1462946】
2024-06-28 02:43:09 GSD getOne 第 1 次 等待 3 秒
2024-06-28 02:43:12 查询号码 【1462946】，返回信息 {"status":"ok","msg":"广东-东莞","gid":"198438","time_insert":"2021-07-05 15:04"}
2024-06-28 02:43:12 查询号码 【1462946】，GSD为【"广东-东莞"】

2024-06-28 03:16:31 开始第 3045 次操作

2024-06-28 03:16:31 开始操作号码 【1462947】
2024-06-28 03:16:49 GSD getOne 第 1 次 等待 3 秒
2024-06-28 03:16:52 查询号码 【1462947】，返回信息 {"status":"ok","msg":"广东-东莞","gid":"198599","time_insert":"2021-07-05 15:19"}
2024-06-28 03:16:52 查询号码 【1462947】，GSD为【"广东-东莞"】

2024-06-28 03:16:53 开始第 3046 次操作

2024-06-28 03:16:53 开始操作号码 【1462948】
2024-06-28 03:17:16 GSD getOne 第 1 次 等待 3 秒
2024-06-28 03:17:19 查询号码 【1462948】，返回信息 {"status":"ok","msg":"广东-东莞","gid":"198658","time_insert":"2021-07-05 15:33"}
2024-06-28 03:17:19 查询号码 【1462948】，GSD为【"广东-东莞"】

2024-06-28 03:17:20 开始第 3047 次操作

2024-06-28 03:17:20 开始操作号码 【1462949】
2024-06-28 03:17:42 GSD getOne 第 1 次 等待 3 秒
2024-06-28 03:17:45 查询号码 【1462949】，返回信息 {"status":"ok","msg":"广东-东莞","gid":"198842","time_insert":"2021-07-05 15:48"}
2024-06-28 03:17:45 查询号码 【1462949】，GSD为【"广东-东莞"】

2024-06-28 03:17:46 开始第 3048 次操作

2024-06-28 03:17:46 开始操作号码 【1462950】
2024-06-28 03:18:04 GSD getOne 第 1 次 等待 3 秒
2024-06-28 03:18:07 查询号码 【1462950】，返回信息 {"status":"ok","msg":"广东-东莞","gid":"198961","time_insert":"2021-07-05 16:00"}
2024-06-28 03:18:07 查询号码 【1462950】，GSD为【"广东-东莞"】

