2024-03-19 00:21:36 开始第 9529 次操作

2024-03-19 00:21:36 开始操作号码 【1689441】
2024-03-19 00:21:41 GSD getOne 第 1 次 等待 3 秒
2024-03-19 00:21:44 查询号码 【1689441】，返回信息 {"status":"ok","msg":"-","gid":"660913","time_insert":"2023-04-17 22:34"}
2024-03-19 00:21:44 查询号码 【1689441】，GSD为【"-"】
2024-03-19 00:21:44 ok && -
2024-03-19 00:21:46 CHB 1689441?1710778904 第 1 次 等待 3 秒
2024-03-19 00:21:49 CHB 1689441?1710778904 第 1 次 获取到号码【1689441】GSD
2024-03-19 00:21:49 未获取到号码【1689441】GSD，可能号码格式错误
2024-03-19 00:21:49 获取到号码【1689441】的GSD为【-】
2024-03-19 00:21:55 GSD insert 第 1 次 等待 3 秒
2024-03-19 00:21:58 {"status":"bad","gid":"660913","msg":"添加失败！号码【1689441(-|-)】已存在！"}
2024-03-19 00:21:58 随机等待 171 秒，约 2 分钟
2024-03-19 00:21:58 下次操作: 2024-03-19 00:24:49

2024-03-19 00:24:49 开始第 9530 次操作

2024-03-19 00:24:49 开始操作号码 【1689442】
2024-03-19 00:24:54 GSD getOne 第 1 次 等待 3 秒
2024-03-19 00:24:57 查询号码 【1689442】，返回信息 {"status":"ok","msg":"-","gid":"660907","time_insert":"2023-04-17 22:31"}
2024-03-19 00:24:57 查询号码 【1689442】，GSD为【"-"】
2024-03-19 00:24:57 ok && -
2024-03-19 00:25:00 CHB 1689442?1710779097 第 1 次 等待 3 秒
2024-03-19 00:25:03 CHB 1689442?1710779097 第 1 次 获取到号码【1689442】GSD
2024-03-19 00:25:03 未获取到号码【1689442】GSD，可能号码格式错误
2024-03-19 00:25:03 获取到号码【1689442】的GSD为【-】
2024-03-19 00:25:08 GSD insert 第 1 次 等待 3 秒
2024-03-19 00:25:11 {"status":"bad","gid":"660907","msg":"添加失败！号码【1689442(-|-)】已存在！"}
2024-03-19 00:25:11 随机等待 120 秒，约 2 分钟
2024-03-19 00:25:11 下次操作: 2024-03-19 00:27:11

2024-03-19 00:27:11 开始第 9531 次操作

2024-03-19 00:27:11 开始操作号码 【1689443】
2024-03-19 00:27:15 GSD getOne 第 1 次 等待 3 秒
2024-03-19 00:27:18 查询号码 【1689443】，返回信息 {"status":"ok","msg":"-","gid":"660904","time_insert":"2023-04-17 22:28"}
2024-03-19 00:27:18 查询号码 【1689443】，GSD为【"-"】
2024-03-19 00:27:18 ok && -
2024-03-19 00:28:58 CHB 1689443?1710779238 第 1 次 等待 3 秒
2024-03-19 00:29:01 CHB 1689443?1710779238 第 1 次 获取到号码【1689443】GSD
2024-03-19 00:29:01 未获取到号码【1689443】GSD，可能号码格式错误
2024-03-19 00:29:01 获取到号码【1689443】的GSD为【-】
2024-03-19 00:29:05 GSD insert 第 1 次 等待 3 秒
2024-03-19 00:29:08 {"status":"bad","gid":"660904","msg":"添加失败！号码【1689443(-|-)】已存在！"}
2024-03-19 00:29:08 随机等待 203 秒，约 3 分钟
2024-03-19 00:29:08 下次操作: 2024-03-19 00:32:31

2024-03-19 00:32:31 开始第 9532 次操作

2024-03-19 00:32:31 开始操作号码 【1689444】
2024-03-19 00:32:36 GSD getOne 第 1 次 等待 3 秒
2024-03-19 00:32:39 查询号码 【1689444】，返回信息 {"status":"ok","msg":"-","gid":"660891","time_insert":"2023-04-17 22:21"}
2024-03-19 00:32:39 查询号码 【1689444】，GSD为【"-"】
2024-03-19 00:32:39 ok && -
2024-03-19 00:32:41 CHB 1689444?1710779559 第 1 次 等待 3 秒
2024-03-19 00:32:44 CHB 1689444?1710779559 第 1 次 获取到号码【1689444】GSD
2024-03-19 00:32:44 未获取到号码【1689444】GSD，可能号码格式错误
2024-03-19 00:32:44 获取到号码【1689444】的GSD为【-】
2024-03-19 00:32:49 GSD insert 第 1 次 等待 3 秒
2024-03-19 00:32:52 {"status":"bad","gid":"660891","msg":"添加失败！号码【1689444(-|-)】已存在！"}

