2023-11-30 00:24:01 开始第 549 次操作

2023-11-30 00:24:01 开始操作号码 【1790464】
2023-11-30 00:24:05 GSD getOne 第 1 次 等待 3 秒
2023-11-30 00:24:08 查询号码 【1790464】，返回信息 {"status":"ok","msg":"-","gid":"547319","time_insert":"2023-02-22 14:38"}
2023-11-30 00:24:08 查询号码 【1790464】，GSD为【"-"】
2023-11-30 00:24:08 ok && -
2023-11-30 00:24:10 CHB 1790464?1701275048 第 1 次 等待 3 秒
2023-11-30 00:24:14 CHB 1790464?1701275048 第 1 次 获取到号码【1790464】GSD
2023-11-30 00:24:14 未获取到号码【1790464】GSD，可能号码格式错误
2023-11-30 00:24:14 获取到号码【1790464】的GSD为【-】
2023-11-30 00:24:17 GSD insert 第 1 次 等待 3 秒
2023-11-30 00:24:20 {"status":"bad","gid":"547319","msg":"添加失败！号码【1790464(-|-)】已存在！"}
2023-11-30 00:24:20 随机等待 162 秒，约 2 分钟
2023-11-30 00:24:20 下次操作: 2023-11-30 00:27:02

2023-11-30 00:27:02 开始第 550 次操作

2023-11-30 00:27:02 开始操作号码 【1790465】
2023-11-30 00:27:06 GSD getOne 第 1 次 等待 3 秒
2023-11-30 00:27:09 查询号码 【1790465】，返回信息 {"status":"ok","msg":"-","gid":"547349","time_insert":"2023-02-22 14:55"}
2023-11-30 00:27:09 查询号码 【1790465】，GSD为【"-"】
2023-11-30 00:27:09 ok && -
2023-11-30 00:27:11 CHB 1790465?1701275229 第 1 次 等待 3 秒
2023-11-30 00:27:14 CHB 1790465?1701275229 第 1 次 获取到号码【1790465】GSD
2023-11-30 00:27:14 未获取到号码【1790465】GSD，可能号码格式错误
2023-11-30 00:27:14 获取到号码【1790465】的GSD为【-】
2023-11-30 00:27:22 GSD insert 第 1 次 等待 3 秒
2023-11-30 00:27:25 {"status":"bad","gid":"547349","msg":"添加失败！号码【1790465(-|-)】已存在！"}
2023-11-30 00:27:25 随机等待 226 秒，约 3 分钟
2023-11-30 00:27:25 下次操作: 2023-11-30 00:31:11

2023-11-30 00:31:11 开始第 551 次操作

2023-11-30 00:31:11 开始操作号码 【1790466】
2023-11-30 00:32:17 GSD getOne 第 1 次 等待 3 秒
2023-11-30 00:32:20 查询号码 【1790466】，返回信息 {"status":"ok","msg":"-","gid":"547372","time_insert":"2023-02-22 15:10"}
2023-11-30 00:32:20 查询号码 【1790466】，GSD为【"-"】
2023-11-30 00:32:20 ok && -
2023-11-30 00:32:21 CHB 1790466?1701275540 第 1 次 等待 3 秒
2023-11-30 00:32:24 CHB 1790466?1701275540 第 1 次 获取到号码【1790466】GSD
2023-11-30 00:32:24 未获取到号码【1790466】GSD，可能号码格式错误
2023-11-30 00:32:24 获取到号码【1790466】的GSD为【-】
2023-11-30 00:32:49 GSD insert 第 1 次 等待 3 秒
2023-11-30 00:32:52 {"status":"bad","gid":"547372","msg":"添加失败！号码【1790466(-|-)】已存在！"}
2023-11-30 00:32:52 随机等待 110 秒，约 1 分钟
2023-11-30 00:32:52 下次操作: 2023-11-30 00:34:42

2023-11-30 00:34:43 开始第 552 次操作

2023-11-30 00:34:43 开始操作号码 【1790467】
2023-11-30 00:34:54 GSD getOne 第 1 次 等待 3 秒
2023-11-30 00:34:57 查询号码 【1790467】，返回信息 {"status":"ok","msg":"-","gid":"547403","time_insert":"2023-02-22 15:27"}
2023-11-30 00:34:57 查询号码 【1790467】，GSD为【"-"】
2023-11-30 00:34:57 ok && -
2023-11-30 00:34:59 CHB 1790467?1701275697 第 1 次 等待 3 秒
2023-11-30 00:35:02 CHB 1790467?1701275697 第 1 次 获取到号码【1790467】GSD
2023-11-30 00:35:02 未获取到号码【1790467】GSD，可能号码格式错误
2023-11-30 00:35:02 获取到号码【1790467】的GSD为【-】
2023-11-30 00:36:14 GSD insert 第 1 次 等待 3 秒
2023-11-30 00:36:17 {"status":"bad","gid":"547403","msg":"添加失败！号码【1790467(-|-)】已存在！"}

2023-11-30 00:42:29 开始第 553 次操作

2023-11-30 00:42:29 开始操作号码 【1790468】
2023-11-30 00:42:33 GSD getOne 第 1 次 等待 3 秒
2023-11-30 00:42:36 查询号码 【1790468】，返回信息 {"status":"ok","msg":"-","gid":"547435","time_insert":"2023-02-22 15:43"}
2023-11-30 00:42:36 查询号码 【1790468】，GSD为【"-"】
2023-11-30 00:42:36 ok && -
2023-11-30 00:42:38 CHB 1790468?1701276156 第 1 次 等待 3 秒
2023-11-30 00:42:41 CHB 1790468?1701276156 第 1 次 获取到号码【1790468】GSD
2023-11-30 00:42:41 未获取到号码【1790468】GSD，可能号码格式错误
2023-11-30 00:42:41 获取到号码【1790468】的GSD为【-】
2023-11-30 00:42:45 GSD insert 第 1 次 等待 3 秒
2023-11-30 00:42:48 {"status":"bad","gid":"547435","msg":"添加失败！号码【1790468(-|-)】已存在！"}
2023-11-30 00:42:48 随机等待 208 秒，约 3 分钟
2023-11-30 00:42:48 下次操作: 2023-11-30 00:46:16

2023-11-30 00:46:16 开始第 554 次操作

2023-11-30 00:46:16 开始操作号码 【1790469】
2023-11-30 00:46:19 GSD getOne 第 1 次 等待 3 秒
2023-11-30 00:46:22 查询号码 【1790469】，返回信息 {"status":"ok","msg":"-","gid":"547467","time_insert":"2023-02-22 16:01"}
2023-11-30 00:46:23 查询号码 【1790469】，GSD为【"-"】
2023-11-30 00:46:23 ok && -
2023-11-30 00:46:25 CHB 1790469?1701276383 第 1 次 等待 3 秒
2023-11-30 00:46:28 CHB 1790469?1701276383 第 1 次 获取到号码【1790469】GSD
2023-11-30 00:46:28 未获取到号码【1790469】GSD，可能号码格式错误
2023-11-30 00:46:28 获取到号码【1790469】的GSD为【-】
2023-11-30 00:46:31 GSD insert 第 1 次 等待 3 秒
2023-11-30 00:46:34 {"status":"bad","gid":"547467","msg":"添加失败！号码【1790469(-|-)】已存在！"}
2023-11-30 00:46:34 随机等待 176 秒，约 2 分钟
2023-11-30 00:46:34 下次操作: 2023-11-30 00:49:30

2023-11-30 00:49:30 开始第 555 次操作

2023-11-30 00:49:30 开始操作号码 【1790470】
2023-11-30 00:49:34 GSD getOne 第 1 次 等待 3 秒
2023-11-30 00:49:37 查询号码 【1790470】，返回信息 {"status":"ok","msg":"-","gid":"547491","time_insert":"2023-02-22 16:18"}
2023-11-30 00:49:37 查询号码 【1790470】，GSD为【"-"】
2023-11-30 00:49:37 ok && -
2023-11-30 00:49:40 CHB 1790470?1701276577 第 1 次 等待 3 秒
2023-11-30 00:49:43 CHB 1790470?1701276577 第 1 次 获取到号码【1790470】GSD
2023-11-30 00:49:43 未获取到号码【1790470】GSD，可能号码格式错误
2023-11-30 00:49:43 获取到号码【1790470】的GSD为【-】
2023-11-30 00:49:46 GSD insert 第 1 次 等待 3 秒
2023-11-30 00:49:49 {"status":"bad","gid":"547491","msg":"添加失败！号码【1790470(-|-)】已存在！"}
2023-11-30 00:49:49 随机等待 107 秒，约 1 分钟
2023-11-30 00:49:49 下次操作: 2023-11-30 00:51:36

2023-11-30 00:51:36 开始第 556 次操作

2023-11-30 00:51:36 开始操作号码 【1790471】
2023-11-30 00:51:40 GSD getOne 第 1 次 等待 3 秒
2023-11-30 00:51:43 查询号码 【1790471】，返回信息 {"status":"ok","msg":"-","gid":"547520","time_insert":"2023-02-22 16:36"}
2023-11-30 00:51:43 查询号码 【1790471】，GSD为【"-"】
2023-11-30 00:51:43 ok && -
2023-11-30 00:51:50 CHB 1790471?1701276703 第 1 次 等待 3 秒
2023-11-30 00:51:53 CHB 1790471?1701276703 第 1 次 获取到号码【1790471】GSD
2023-11-30 00:51:53 未获取到号码【1790471】GSD，可能号码格式错误
2023-11-30 00:51:53 获取到号码【1790471】的GSD为【-】
2023-11-30 00:51:57 GSD insert 第 1 次 等待 3 秒
2023-11-30 00:52:00 {"status":"bad","gid":"547520","msg":"添加失败！号码【1790471(-|-)】已存在！"}

2023-11-30 01:15:59 开始第 557 次操作

2023-11-30 01:15:59 开始操作号码 【1790472】
2023-11-30 01:16:03 GSD getOne 第 1 次 等待 3 秒
2023-11-30 01:16:06 查询号码 【1790472】，返回信息 {"status":"ok","msg":"-","gid":"547546","time_insert":"2023-02-22 16:52"}
2023-11-30 01:16:07 查询号码 【1790472】，GSD为【"-"】
2023-11-30 01:16:07 ok && -
2023-11-30 01:16:11 CHB 1790472?1701278167 第 1 次 等待 3 秒
2023-11-30 01:16:14 CHB 1790472?1701278167 第 1 次 获取到号码【1790472】GSD
2023-11-30 01:16:14 未获取到号码【1790472】GSD，可能号码格式错误
2023-11-30 01:16:14 获取到号码【1790472】的GSD为【-】
2023-11-30 01:16:18 GSD insert 第 1 次 等待 3 秒
2023-11-30 01:16:21 {"status":"bad","gid":"547546","msg":"添加失败！号码【1790472(-|-)】已存在！"}
2023-11-30 01:16:21 随机等待 135 秒，约 2 分钟
2023-11-30 01:16:21 下次操作: 2023-11-30 01:18:36

2023-11-30 01:18:36 开始第 558 次操作

2023-11-30 01:18:36 开始操作号码 【1790473】
2023-11-30 01:18:41 GSD getOne 第 1 次 等待 3 秒
2023-11-30 01:18:44 查询号码 【1790473】，返回信息 {"status":"ok","msg":"-","gid":"547570","time_insert":"2023-02-22 17:08"}
2023-11-30 01:18:44 查询号码 【1790473】，GSD为【"-"】
2023-11-30 01:18:44 ok && -
2023-11-30 01:18:46 CHB 1790473?1701278324 第 1 次 等待 3 秒
2023-11-30 01:18:49 CHB 1790473?1701278324 第 1 次 获取到号码【1790473】GSD
2023-11-30 01:18:49 未获取到号码【1790473】GSD，可能号码格式错误
2023-11-30 01:18:49 获取到号码【1790473】的GSD为【-】
2023-11-30 01:18:53 GSD insert 第 1 次 等待 3 秒
2023-11-30 01:18:56 {"status":"bad","gid":"547570","msg":"添加失败！号码【1790473(-|-)】已存在！"}
2023-11-30 01:18:56 随机等待 150 秒，约 2 分钟
2023-11-30 01:18:56 下次操作: 2023-11-30 01:21:26

2023-11-30 01:21:26 开始第 559 次操作

2023-11-30 01:21:26 开始操作号码 【1790474】
2023-11-30 01:21:31 GSD getOne 第 1 次 等待 3 秒
2023-11-30 01:21:34 查询号码 【1790474】，返回信息 {"status":"ok","msg":"-","gid":"547599","time_insert":"2023-02-22 17:26"}
2023-11-30 01:21:34 查询号码 【1790474】，GSD为【"-"】
2023-11-30 01:21:34 ok && -
2023-11-30 01:21:36 CHB 1790474?1701278494 第 1 次 等待 3 秒
2023-11-30 01:21:39 CHB 1790474?1701278494 第 1 次 获取到号码【1790474】GSD
2023-11-30 01:21:39 未获取到号码【1790474】GSD，可能号码格式错误
2023-11-30 01:21:39 获取到号码【1790474】的GSD为【-】
2023-11-30 01:21:44 GSD insert 第 1 次 等待 3 秒
2023-11-30 01:21:47 {"status":"bad","gid":"547599","msg":"添加失败！号码【1790474(-|-)】已存在！"}
2023-11-30 01:21:47 随机等待 207 秒，约 3 分钟
2023-11-30 01:21:47 下次操作: 2023-11-30 01:25:14

2023-11-30 01:25:14 开始第 560 次操作

2023-11-30 01:25:14 开始操作号码 【1790475】
2023-11-30 01:25:19 GSD getOne 第 1 次 等待 3 秒
2023-11-30 01:25:22 查询号码 【1790475】，返回信息 {"status":"ok","msg":"-","gid":"547638","time_insert":"2023-02-22 17:45"}
2023-11-30 01:25:22 查询号码 【1790475】，GSD为【"-"】
2023-11-30 01:25:22 ok && -
2023-11-30 01:25:24 CHB 1790475?1701278722 第 1 次 等待 3 秒
2023-11-30 01:25:27 CHB 1790475?1701278722 第 1 次 获取到号码【1790475】GSD
2023-11-30 01:25:27 未获取到号码【1790475】GSD，可能号码格式错误
2023-11-30 01:25:27 获取到号码【1790475】的GSD为【-】
2023-11-30 01:25:33 GSD insert 第 1 次 等待 3 秒
2023-11-30 01:25:36 {"status":"bad","gid":"547638","msg":"添加失败！号码【1790475(-|-)】已存在！"}

2023-11-30 01:37:37 开始第 561 次操作

2023-11-30 01:37:37 开始操作号码 【1790476】
2023-11-30 01:37:41 GSD getOne 第 1 次 等待 3 秒
2023-11-30 01:37:44 查询号码 【1790476】，返回信息 {"status":"ok","msg":"-","gid":"547671","time_insert":"2023-02-22 18:04"}
2023-11-30 01:37:44 查询号码 【1790476】，GSD为【"-"】
2023-11-30 01:37:44 ok && -
2023-11-30 01:37:47 CHB 1790476?1701279464 第 1 次 等待 3 秒
2023-11-30 01:37:50 CHB 1790476?1701279464 第 1 次 获取到号码【1790476】GSD
2023-11-30 01:37:50 未获取到号码【1790476】GSD，可能号码格式错误
2023-11-30 01:37:50 获取到号码【1790476】的GSD为【-】
2023-11-30 01:37:57 GSD insert 第 1 次 等待 3 秒
2023-11-30 01:38:00 {"status":"bad","gid":"547671","msg":"添加失败！号码【1790476(-|-)】已存在！"}
2023-11-30 01:38:00 随机等待 170 秒，约 2 分钟
2023-11-30 01:38:00 下次操作: 2023-11-30 01:40:50

2023-11-30 01:40:50 开始第 562 次操作

2023-11-30 01:40:50 开始操作号码 【1790477】
2023-11-30 01:40:54 GSD getOne 第 1 次 等待 3 秒
2023-11-30 01:40:57 查询号码 【1790477】，返回信息 {"status":"ok","msg":"-","gid":"547702","time_insert":"2023-02-22 18:23"}
2023-11-30 01:40:57 查询号码 【1790477】，GSD为【"-"】
2023-11-30 01:40:57 ok && -
2023-11-30 01:40:59 CHB 1790477?1701279657 第 1 次 等待 3 秒
2023-11-30 01:41:02 CHB 1790477?1701279657 第 1 次 获取到号码【1790477】GSD
2023-11-30 01:41:03 未获取到号码【1790477】GSD，可能号码格式错误
2023-11-30 01:41:03 获取到号码【1790477】的GSD为【-】
2023-11-30 01:41:06 GSD insert 第 1 次 等待 3 秒
2023-11-30 01:41:09 {"status":"bad","gid":"547702","msg":"添加失败！号码【1790477(-|-)】已存在！"}
2023-11-30 01:41:09 随机等待 159 秒，约 2 分钟
2023-11-30 01:41:09 下次操作: 2023-11-30 01:43:48

2023-11-30 01:43:48 开始第 563 次操作

2023-11-30 01:43:48 开始操作号码 【1790478】
2023-11-30 01:43:52 GSD getOne 第 1 次 等待 3 秒
2023-11-30 01:43:55 查询号码 【1790478】，返回信息 {"status":"ok","msg":"-","gid":"547727","time_insert":"2023-02-22 18:38"}
2023-11-30 01:43:55 查询号码 【1790478】，GSD为【"-"】
2023-11-30 01:43:55 ok && -
2023-11-30 01:43:57 CHB 1790478?1701279835 第 1 次 等待 3 秒
2023-11-30 01:44:00 CHB 1790478?1701279835 第 1 次 获取到号码【1790478】GSD
2023-11-30 01:44:00 未获取到号码【1790478】GSD，可能号码格式错误
2023-11-30 01:44:00 获取到号码【1790478】的GSD为【-】
2023-11-30 01:44:04 GSD insert 第 1 次 等待 3 秒
2023-11-30 01:44:07 {"status":"bad","gid":"547727","msg":"添加失败！号码【1790478(-|-)】已存在！"}
2023-11-30 01:44:07 随机等待 133 秒，约 2 分钟
2023-11-30 01:44:07 下次操作: 2023-11-30 01:46:20

2023-11-30 01:46:20 开始第 564 次操作

2023-11-30 01:46:20 开始操作号码 【1790479】
2023-11-30 01:46:23 GSD getOne 第 1 次 等待 3 秒
2023-11-30 01:46:26 查询号码 【1790479】，返回信息 {"status":"ok","msg":"-","gid":"547758","time_insert":"2023-02-22 18:55"}
2023-11-30 01:46:27 查询号码 【1790479】，GSD为【"-"】
2023-11-30 01:46:27 ok && -
2023-11-30 01:46:29 CHB 1790479?1701279987 第 1 次 等待 3 秒
2023-11-30 01:46:32 CHB 1790479?1701279987 第 1 次 获取到号码【1790479】GSD
2023-11-30 01:46:32 未获取到号码【1790479】GSD，可能号码格式错误
2023-11-30 01:46:32 获取到号码【1790479】的GSD为【-】
2023-11-30 01:46:35 GSD insert 第 1 次 等待 3 秒
2023-11-30 01:46:38 {"status":"bad","gid":"547758","msg":"添加失败！号码【1790479(-|-)】已存在！"}

2023-11-30 02:22:10 开始第 565 次操作

2023-11-30 02:22:10 开始操作号码 【1790480】
2023-11-30 02:22:13 GSD getOne 第 1 次 等待 3 秒
2023-11-30 02:22:16 查询号码 【1790480】，返回信息 {"status":"ok","msg":"-","gid":"547790","time_insert":"2023-02-22 19:14"}
2023-11-30 02:22:16 查询号码 【1790480】，GSD为【"-"】
2023-11-30 02:22:16 ok && -
2023-11-30 02:22:19 CHB 1790480?1701282136 第 1 次 等待 3 秒
2023-11-30 02:22:22 CHB 1790480?1701282136 第 1 次 获取到号码【1790480】GSD
2023-11-30 02:22:22 未获取到号码【1790480】GSD，可能号码格式错误
2023-11-30 02:22:22 获取到号码【1790480】的GSD为【-】
2023-11-30 02:22:25 GSD insert 第 1 次 等待 3 秒
2023-11-30 02:22:28 {"status":"bad","gid":"547790","msg":"添加失败！号码【1790480(-|-)】已存在！"}
2023-11-30 02:22:28 随机等待 166 秒，约 2 分钟
2023-11-30 02:22:28 下次操作: 2023-11-30 02:25:14

2023-11-30 02:25:14 开始第 566 次操作

2023-11-30 02:25:14 开始操作号码 【1790481】
2023-11-30 02:25:18 GSD getOne 第 1 次 等待 3 秒
2023-11-30 02:25:21 查询号码 【1790481】，返回信息 {"status":"ok","msg":"-","gid":"547815","time_insert":"2023-02-22 19:30"}
2023-11-30 02:25:21 查询号码 【1790481】，GSD为【"-"】
2023-11-30 02:25:21 ok && -
2023-11-30 02:25:23 CHB 1790481?1701282321 第 1 次 等待 3 秒
2023-11-30 02:25:26 CHB 1790481?1701282321 第 1 次 获取到号码【1790481】GSD
2023-11-30 02:25:26 未获取到号码【1790481】GSD，可能号码格式错误
2023-11-30 02:25:26 获取到号码【1790481】的GSD为【-】
2023-11-30 02:25:30 GSD insert 第 1 次 等待 3 秒
2023-11-30 02:25:33 {"status":"bad","gid":"547815","msg":"添加失败！号码【1790481(-|-)】已存在！"}
2023-11-30 02:25:33 随机等待 75 秒，约 1 分钟
2023-11-30 02:25:33 下次操作: 2023-11-30 02:26:48

2023-11-30 02:26:48 开始第 567 次操作

2023-11-30 02:26:48 开始操作号码 【1790482】
2023-11-30 02:26:51 GSD getOne 第 1 次 等待 3 秒
2023-11-30 02:26:54 查询号码 【1790482】，返回信息 {"status":"ok","msg":"-","gid":"547836","time_insert":"2023-02-22 19:46"}
2023-11-30 02:26:54 查询号码 【1790482】，GSD为【"-"】
2023-11-30 02:26:54 ok && -
2023-11-30 02:26:56 CHB 1790482?1701282414 第 1 次 等待 3 秒
2023-11-30 02:26:59 CHB 1790482?1701282414 第 1 次 获取到号码【1790482】GSD
2023-11-30 02:26:59 未获取到号码【1790482】GSD，可能号码格式错误
2023-11-30 02:26:59 获取到号码【1790482】的GSD为【-】
2023-11-30 02:27:03 GSD insert 第 1 次 等待 3 秒
2023-11-30 02:27:06 {"status":"bad","gid":"547836","msg":"添加失败！号码【1790482(-|-)】已存在！"}
2023-11-30 02:27:06 随机等待 202 秒，约 3 分钟
2023-11-30 02:27:06 下次操作: 2023-11-30 02:30:28

2023-11-30 02:30:28 开始第 568 次操作

2023-11-30 02:30:28 开始操作号码 【1790483】
2023-11-30 02:30:32 GSD getOne 第 1 次 等待 3 秒
2023-11-30 02:30:35 查询号码 【1790483】，返回信息 {"status":"ok","msg":"-","gid":"547861","time_insert":"2023-02-22 20:03"}
2023-11-30 02:30:35 查询号码 【1790483】，GSD为【"-"】
2023-11-30 02:30:35 ok && -
2023-11-30 02:30:37 CHB 1790483?1701282635 第 1 次 等待 3 秒
2023-11-30 02:30:40 CHB 1790483?1701282635 第 1 次 获取到号码【1790483】GSD
2023-11-30 02:30:40 未获取到号码【1790483】GSD，可能号码格式错误
2023-11-30 02:30:40 获取到号码【1790483】的GSD为【-】
2023-11-30 02:30:43 GSD insert 第 1 次 等待 3 秒
2023-11-30 02:30:46 {"status":"bad","gid":"547861","msg":"添加失败！号码【1790483(-|-)】已存在！"}

