2024-05-12 00:20:45 开始第 8317 次操作

2024-05-12 00:20:45 开始操作号码 【1578229】
2024-05-12 00:20:51 GSD getOne 第 1 次 等待 3 秒
2024-05-12 00:20:54 查询号码 【1578229】，返回信息 {"status":"ok","msg":"-","gid":"389282","time_insert":"2021-07-25 13:06"}
2024-05-12 00:20:54 查询号码 【1578229】，GSD为【"-"】
2024-05-12 00:20:54 ok && -
2024-05-12 00:20:57 CHB 1578229?1715444454 第 1 次 等待 3 秒
2024-05-12 00:21:00 CHB 1578229?1715444454 第 1 次 获取到号码【1578229】GSD
2024-05-12 00:21:00 未获取到号码【1578229】GSD，可能号码格式错误
2024-05-12 00:21:00 获取到号码【1578229】的GSD为【-】
2024-05-12 00:21:06 GSD insert 第 1 次 等待 3 秒
2024-05-12 00:21:09 {"status":"bad","gid":"389282","msg":"添加失败！号码【1578229(-|-)】已存在！"}
2024-05-12 00:21:09 随机等待 141 秒，约 2 分钟
2024-05-12 00:21:09 下次操作: 2024-05-12 00:23:30

2024-05-12 00:23:30 开始第 8318 次操作

2024-05-12 00:23:30 开始操作号码 【1578230】
2024-05-12 00:23:38 GSD getOne 第 1 次 等待 3 秒
2024-05-12 00:23:41 查询号码 【1578230】，返回信息 {"status":"ok","msg":"-","gid":"55646","time_insert":"2021-04-30 08:47","time_update":"2021-04-30 13:28"}
2024-05-12 00:23:41 查询号码 【1578230】，GSD为【"-"】
2024-05-12 00:23:41 ok && -
2024-05-12 00:23:45 CHB 1578230?1715444621 第 1 次 等待 3 秒
2024-05-12 00:23:48 CHB 1578230?1715444621 第 1 次 获取到号码【1578230】GSD
2024-05-12 00:23:48 未获取到号码【1578230】GSD，可能号码格式错误
2024-05-12 00:23:48 获取到号码【1578230】的GSD为【-】
2024-05-12 00:23:57 GSD insert 第 1 次 等待 3 秒
2024-05-12 00:24:00 {"status":"bad","gid":"55646","msg":"添加失败！号码【1578230(-|-)】已存在！"}
2024-05-12 00:24:00 随机等待 200 秒，约 3 分钟
2024-05-12 00:24:00 下次操作: 2024-05-12 00:27:20

2024-05-12 00:27:20 开始第 8319 次操作

2024-05-12 00:27:20 开始操作号码 【1578231】
2024-05-12 00:27:29 GSD getOne 第 1 次 等待 3 秒
2024-05-12 00:27:32 查询号码 【1578231】，返回信息 {"status":"ok","msg":"-","gid":"55610","time_insert":"2021-04-29 23:05","time_update":"2021-04-30 12:40"}
2024-05-12 00:27:32 查询号码 【1578231】，GSD为【"-"】
2024-05-12 00:27:32 ok && -
2024-05-12 00:27:36 CHB 1578231?1715444852 第 1 次 等待 3 秒
2024-05-12 00:27:39 CHB 1578231?1715444852 第 1 次 获取到号码【1578231】GSD
2024-05-12 00:27:39 未获取到号码【1578231】GSD，可能号码格式错误
2024-05-12 00:27:39 获取到号码【1578231】的GSD为【-】
2024-05-12 00:27:52 GSD insert 第 1 次 等待 3 秒
2024-05-12 00:27:55 {"status":"bad","gid":"55610","msg":"添加失败！号码【1578231(-|-)】已存在！"}
2024-05-12 00:27:55 随机等待 221 秒，约 3 分钟
2024-05-12 00:27:55 下次操作: 2024-05-12 00:31:36

2024-05-12 00:31:36 开始第 8320 次操作

2024-05-12 00:31:36 开始操作号码 【1578232】
2024-05-12 00:31:42 GSD getOne 第 1 次 等待 3 秒
2024-05-12 00:31:45 查询号码 【1578232】，返回信息 {"status":"ok","msg":"-","gid":"55647","time_insert":"2021-04-30 08:47","time_update":"2021-04-30 08:49"}
2024-05-12 00:31:45 查询号码 【1578232】，GSD为【"-"】
2024-05-12 00:31:45 ok && -
2024-05-12 00:31:47 CHB 1578232?1715445105 第 1 次 等待 3 秒
2024-05-12 00:31:50 CHB 1578232?1715445105 第 1 次 获取到号码【1578232】GSD
2024-05-12 00:31:50 未获取到号码【1578232】GSD，可能号码格式错误
2024-05-12 00:31:50 获取到号码【1578232】的GSD为【-】
2024-05-12 00:32:03 GSD insert 第 1 次 等待 3 秒
2024-05-12 00:32:06 {"status":"bad","gid":"55647","msg":"添加失败！号码【1578232(-|-)】已存在！"}

