2024-06-17 00:21:29 开始第 1085 次操作

2024-06-17 00:21:29 开始操作号码 【1460992】
2024-06-17 00:21:36 GSD getOne 第 1 次 等待 3 秒
2024-06-17 00:21:39 查询号码 【1460992】，返回信息 {"status":"ok","msg":"江苏-南京","gid":"85919","time_insert":"2021-06-08 09:21"}
2024-06-17 00:21:39 查询号码 【1460992】，GSD为【"江苏-南京"】

2024-06-17 00:21:40 开始第 1086 次操作

2024-06-17 00:21:40 开始操作号码 【1460993】
2024-06-17 00:21:45 GSD getOne 第 1 次 等待 3 秒
2024-06-17 00:21:48 查询号码 【1460993】，返回信息 {"status":"ok","msg":"江苏-南京","gid":"85953","time_insert":"2021-06-08 09:40"}
2024-06-17 00:21:48 查询号码 【1460993】，GSD为【"江苏-南京"】

2024-06-17 00:21:49 开始第 1087 次操作

2024-06-17 00:21:49 开始操作号码 【1460994】
2024-06-17 00:21:55 GSD getOne 第 1 次 等待 3 秒
2024-06-17 00:21:58 查询号码 【1460994】，返回信息 {"status":"ok","msg":"江苏-南京","gid":"85980","time_insert":"2021-06-08 10:04"}
2024-06-17 00:21:58 查询号码 【1460994】，GSD为【"江苏-南京"】

2024-06-17 00:21:59 开始第 1088 次操作

2024-06-17 00:21:59 开始操作号码 【1460995】
2024-06-17 00:22:06 GSD getOne 第 1 次 等待 3 秒
2024-06-17 00:22:09 查询号码 【1460995】，返回信息 {"status":"ok","msg":"江苏-南京","gid":"86009","time_insert":"2021-06-08 10:21"}
2024-06-17 00:22:09 查询号码 【1460995】，GSD为【"江苏-南京"】

2024-06-17 00:40:42 开始第 1089 次操作

2024-06-17 00:40:42 开始操作号码 【1460996】
2024-06-17 00:41:04 GSD getOne 第 1 次 等待 3 秒
2024-06-17 00:41:07 查询号码 【1460996】，返回信息 {"status":"ok","msg":"江苏-南京","gid":"86033","time_insert":"2021-06-08 10:43"}
2024-06-17 00:41:07 查询号码 【1460996】，GSD为【"江苏-南京"】

2024-06-17 00:41:08 开始第 1090 次操作

2024-06-17 00:41:08 开始操作号码 【1460997】
2024-06-17 00:41:33 GSD getOne 第 1 次 等待 3 秒
2024-06-17 00:41:36 查询号码 【1460997】，返回信息 {"status":"ok","msg":"江苏-南京","gid":"86056","time_insert":"2021-06-08 11:02"}
2024-06-17 00:41:36 查询号码 【1460997】，GSD为【"江苏-南京"】

2024-06-17 00:41:37 开始第 1091 次操作

2024-06-17 00:41:37 开始操作号码 【1460998】
2024-06-17 00:41:50 GSD getOne 第 1 次 等待 3 秒
2024-06-17 00:41:53 查询号码 【1460998】，返回信息 {"status":"ok","msg":"江苏-南京","gid":"86083","time_insert":"2021-06-08 11:24"}
2024-06-17 00:41:54 查询号码 【1460998】，GSD为【"江苏-南京"】

2024-06-17 00:41:55 开始第 1092 次操作

2024-06-17 00:41:55 开始操作号码 【1460999】
2024-06-17 00:42:01 GSD getOne 第 1 次 等待 3 秒
2024-06-17 00:42:04 查询号码 【1460999】，返回信息 {"status":"ok","msg":"江苏-南京","gid":"86104","time_insert":"2021-06-08 11:43"}
2024-06-17 00:42:04 查询号码 【1460999】，GSD为【"江苏-南京"】

