2023-12-11 00:20:33 开始第 2477 次操作

2023-12-11 00:20:33 开始操作号码 【1792391】
2023-12-11 00:20:38 GSD getOne 第 1 次 等待 3 秒
2023-12-11 00:20:41 查询号码 【1792391】，返回信息 {"status":"ok","msg":"-","gid":"598253","time_insert":"2023-03-18 11:00"}
2023-12-11 00:20:41 查询号码 【1792391】，GSD为【"-"】
2023-12-11 00:20:41 ok && -
2023-12-11 00:20:44 CHB 1792391?1702225241 第 1 次 等待 3 秒
2023-12-11 00:20:47 CHB 1792391?1702225241 第 1 次 获取到号码【1792391】GSD
2023-12-11 00:20:47 未获取到号码【1792391】GSD，可能号码格式错误
2023-12-11 00:20:47 获取到号码【1792391】的GSD为【-】
2023-12-11 00:20:54 GSD insert 第 1 次 等待 3 秒
2023-12-11 00:20:57 {"status":"bad","gid":"598253","msg":"添加失败！号码【1792391(-|-)】已存在！"}
2023-12-11 00:20:57 随机等待 230 秒，约 3 分钟
2023-12-11 00:20:57 下次操作: 2023-12-11 00:24:47

2023-12-11 00:24:47 开始第 2478 次操作

2023-12-11 00:24:47 开始操作号码 【1792392】
2023-12-11 00:24:51 GSD getOne 第 1 次 等待 3 秒
2023-12-11 00:24:54 查询号码 【1792392】，返回信息 {"status":"ok","msg":"-","gid":"598277","time_insert":"2023-03-18 11:17"}
2023-12-11 00:24:54 查询号码 【1792392】，GSD为【"-"】
2023-12-11 00:24:54 ok && -
2023-12-11 00:24:58 CHB 1792392?1702225494 第 1 次 等待 3 秒
2023-12-11 00:25:01 CHB 1792392?1702225494 第 1 次 获取到号码【1792392】GSD
2023-12-11 00:25:01 未获取到号码【1792392】GSD，可能号码格式错误
2023-12-11 00:25:01 获取到号码【1792392】的GSD为【-】
2023-12-11 00:25:05 GSD insert 第 1 次 等待 3 秒
2023-12-11 00:25:08 {"status":"bad","gid":"598277","msg":"添加失败！号码【1792392(-|-)】已存在！"}
2023-12-11 00:25:08 随机等待 101 秒，约 1 分钟
2023-12-11 00:25:08 下次操作: 2023-12-11 00:26:49

2023-12-11 00:26:49 开始第 2479 次操作

2023-12-11 00:26:49 开始操作号码 【1792393】
2023-12-11 00:26:52 GSD getOne 第 1 次 等待 3 秒
2023-12-11 00:26:55 查询号码 【1792393】，返回信息 {"status":"ok","msg":"-","gid":"598301","time_insert":"2023-03-18 11:33"}
2023-12-11 00:26:55 查询号码 【1792393】，GSD为【"-"】
2023-12-11 00:26:55 ok && -
2023-12-11 00:26:58 CHB 1792393?1702225615 第 1 次 等待 3 秒
2023-12-11 00:27:01 CHB 1792393?1702225615 第 1 次 获取到号码【1792393】GSD
2023-12-11 00:27:01 未获取到号码【1792393】GSD，可能号码格式错误
2023-12-11 00:27:01 获取到号码【1792393】的GSD为【-】
2023-12-11 00:27:07 GSD insert 第 1 次 等待 3 秒
2023-12-11 00:27:10 {"status":"bad","gid":"598301","msg":"添加失败！号码【1792393(-|-)】已存在！"}
2023-12-11 00:27:10 随机等待 174 秒，约 2 分钟
2023-12-11 00:27:10 下次操作: 2023-12-11 00:30:04

2023-12-11 00:30:04 开始第 2480 次操作

2023-12-11 00:30:04 开始操作号码 【1792394】
2023-12-11 00:30:08 GSD getOne 第 1 次 等待 3 秒
2023-12-11 00:30:11 查询号码 【1792394】，返回信息 {"status":"ok","msg":"-","gid":"598331","time_insert":"2023-03-18 11:50"}
2023-12-11 00:30:11 查询号码 【1792394】，GSD为【"-"】
2023-12-11 00:30:11 ok && -
2023-12-11 00:30:14 CHB 1792394?1702225811 第 1 次 等待 3 秒
2023-12-11 00:30:17 CHB 1792394?1702225811 第 1 次 获取到号码【1792394】GSD
2023-12-11 00:30:17 未获取到号码【1792394】GSD，可能号码格式错误
2023-12-11 00:30:17 获取到号码【1792394】的GSD为【-】
2023-12-11 00:30:21 GSD insert 第 1 次 等待 3 秒
2023-12-11 00:30:24 {"status":"bad","gid":"598331","msg":"添加失败！号码【1792394(-|-)】已存在！"}

2023-12-11 00:38:42 开始第 2481 次操作

2023-12-11 00:38:42 开始操作号码 【1792395】
2023-12-11 00:38:47 GSD getOne 第 1 次 等待 3 秒
2023-12-11 00:38:50 查询号码 【1792395】，返回信息 {"status":"ok","msg":"-","gid":"598357","time_insert":"2023-03-18 12:06"}
2023-12-11 00:38:50 查询号码 【1792395】，GSD为【"-"】
2023-12-11 00:38:50 ok && -
2023-12-11 00:38:54 CHB 1792395?1702226330 第 1 次 等待 3 秒
2023-12-11 00:38:57 CHB 1792395?1702226330 第 1 次 获取到号码【1792395】GSD
2023-12-11 00:38:57 未获取到号码【1792395】GSD，可能号码格式错误
2023-12-11 00:38:57 获取到号码【1792395】的GSD为【-】
2023-12-11 00:39:01 GSD insert 第 1 次 等待 3 秒
2023-12-11 00:39:04 {"status":"bad","gid":"598357","msg":"添加失败！号码【1792395(-|-)】已存在！"}
2023-12-11 00:39:04 随机等待 176 秒，约 2 分钟
2023-12-11 00:39:04 下次操作: 2023-12-11 00:42:00

2023-12-11 00:42:00 开始第 2482 次操作

2023-12-11 00:42:00 开始操作号码 【1792396】
2023-12-11 00:42:04 GSD getOne 第 1 次 等待 3 秒
2023-12-11 00:42:07 查询号码 【1792396】，返回信息 {"status":"ok","msg":"-","gid":"598380","time_insert":"2023-03-18 12:23"}
2023-12-11 00:42:07 查询号码 【1792396】，GSD为【"-"】
2023-12-11 00:42:07 ok && -
2023-12-11 00:42:10 CHB 1792396?1702226527 第 1 次 等待 3 秒
2023-12-11 00:42:13 CHB 1792396?1702226527 第 1 次 获取到号码【1792396】GSD
2023-12-11 00:42:13 未获取到号码【1792396】GSD，可能号码格式错误
2023-12-11 00:42:13 获取到号码【1792396】的GSD为【-】
2023-12-11 00:42:17 GSD insert 第 1 次 等待 3 秒
2023-12-11 00:42:20 {"status":"bad","gid":"598380","msg":"添加失败！号码【1792396(-|-)】已存在！"}
2023-12-11 00:42:20 随机等待 127 秒，约 2 分钟
2023-12-11 00:42:20 下次操作: 2023-12-11 00:44:27

2023-12-11 00:44:27 开始第 2483 次操作

2023-12-11 00:44:27 开始操作号码 【1792397】
2023-12-11 00:44:39 GSD getOne 第 1 次 等待 3 秒
2023-12-11 00:44:42 查询号码 【1792397】，返回信息 {"status":"ok","msg":"-","gid":"598404","time_insert":"2023-03-18 12:42"}
2023-12-11 00:44:42 查询号码 【1792397】，GSD为【"-"】
2023-12-11 00:44:42 ok && -
2023-12-11 00:44:45 CHB 1792397?1702226682 第 1 次 等待 3 秒
2023-12-11 00:44:48 CHB 1792397?1702226682 第 1 次 获取到号码【1792397】GSD
2023-12-11 00:44:48 未获取到号码【1792397】GSD，可能号码格式错误
2023-12-11 00:44:48 获取到号码【1792397】的GSD为【-】
2023-12-11 00:45:06 GSD insert 第 1 次 等待 3 秒
2023-12-11 00:45:09 {"status":"bad","gid":"598404","msg":"添加失败！号码【1792397(-|-)】已存在！"}
2023-12-11 00:45:09 随机等待 95 秒，约 1 分钟
2023-12-11 00:45:09 下次操作: 2023-12-11 00:46:44

2023-12-11 00:46:44 开始第 2484 次操作

2023-12-11 00:46:44 开始操作号码 【1792398】
2023-12-11 00:46:48 GSD getOne 第 1 次 等待 3 秒
2023-12-11 00:46:51 查询号码 【1792398】，返回信息 {"status":"ok","msg":"-","gid":"598436","time_insert":"2023-03-18 12:59"}
2023-12-11 00:46:51 查询号码 【1792398】，GSD为【"-"】
2023-12-11 00:46:51 ok && -
2023-12-11 00:46:53 CHB 1792398?1702226811 第 1 次 等待 3 秒
2023-12-11 00:46:56 CHB 1792398?1702226811 第 1 次 获取到号码【1792398】GSD
2023-12-11 00:46:56 未获取到号码【1792398】GSD，可能号码格式错误
2023-12-11 00:46:56 获取到号码【1792398】的GSD为【-】
2023-12-11 00:47:02 GSD insert 第 1 次 等待 3 秒
2023-12-11 00:47:05 {"status":"bad","gid":"598436","msg":"添加失败！号码【1792398(-|-)】已存在！"}

2023-12-11 01:14:19 开始第 2485 次操作

2023-12-11 01:14:19 开始操作号码 【1792399】
2023-12-11 01:14:24 GSD getOne 第 1 次 等待 3 秒
2023-12-11 01:14:27 查询号码 【1792399】，返回信息 {"status":"ok","msg":"-","gid":"598455","time_insert":"2023-03-18 13:15"}
2023-12-11 01:14:27 查询号码 【1792399】，GSD为【"-"】
2023-12-11 01:14:27 ok && -
2023-12-11 01:14:29 CHB 1792399?1702228467 第 1 次 等待 3 秒
2023-12-11 01:14:32 CHB 1792399?1702228467 第 1 次 获取到号码【1792399】GSD
2023-12-11 01:14:32 未获取到号码【1792399】GSD，可能号码格式错误
2023-12-11 01:14:32 获取到号码【1792399】的GSD为【-】
2023-12-11 01:14:37 GSD insert 第 1 次 等待 3 秒
2023-12-11 01:14:40 {"status":"bad","gid":"598455","msg":"添加失败！号码【1792399(-|-)】已存在！"}
2023-12-11 01:14:40 随机等待 68 秒，约 1 分钟
2023-12-11 01:14:40 下次操作: 2023-12-11 01:15:48

2023-12-11 01:15:48 开始第 2486 次操作

2023-12-11 01:15:48 开始操作号码 【1792400】
2023-12-11 01:15:54 GSD getOne 第 1 次 等待 3 秒
2023-12-11 01:15:57 查询号码 【1792400】，返回信息 {"status":"ok","msg":"-","gid":"598480","time_insert":"2023-03-18 13:30"}
2023-12-11 01:15:57 查询号码 【1792400】，GSD为【"-"】
2023-12-11 01:15:57 ok && -
2023-12-11 01:15:59 CHB 1792400?1702228557 第 1 次 等待 3 秒
2023-12-11 01:16:02 CHB 1792400?1702228557 第 1 次 获取到号码【1792400】GSD
2023-12-11 01:16:02 未获取到号码【1792400】GSD，可能号码格式错误
2023-12-11 01:16:02 获取到号码【1792400】的GSD为【-】
2023-12-11 01:16:07 GSD insert 第 1 次 等待 3 秒
2023-12-11 01:16:10 {"status":"bad","gid":"598480","msg":"添加失败！号码【1792400(-|-)】已存在！"}
2023-12-11 01:16:10 随机等待 109 秒，约 1 分钟
2023-12-11 01:16:10 下次操作: 2023-12-11 01:17:59

2023-12-11 01:17:59 开始第 2487 次操作

2023-12-11 01:17:59 开始操作号码 【1792401】
2023-12-11 01:18:07 GSD getOne 第 1 次 等待 3 秒
2023-12-11 01:18:10 查询号码 【1792401】，返回信息 {"status":"ok","msg":"-","gid":"598516","time_insert":"2023-03-18 13:50"}
2023-12-11 01:18:10 查询号码 【1792401】，GSD为【"-"】
2023-12-11 01:18:10 ok && -
2023-12-11 01:18:12 CHB 1792401?1702228690 第 1 次 等待 3 秒
2023-12-11 01:18:15 CHB 1792401?1702228690 第 1 次 获取到号码【1792401】GSD
2023-12-11 01:18:15 未获取到号码【1792401】GSD，可能号码格式错误
2023-12-11 01:18:15 获取到号码【1792401】的GSD为【-】
2023-12-11 01:18:19 GSD insert 第 1 次 等待 3 秒
2023-12-11 01:18:22 {"status":"bad","gid":"598516","msg":"添加失败！号码【1792401(-|-)】已存在！"}
2023-12-11 01:18:22 随机等待 130 秒，约 2 分钟
2023-12-11 01:18:22 下次操作: 2023-12-11 01:20:32

2023-12-11 01:20:32 开始第 2488 次操作

2023-12-11 01:20:32 开始操作号码 【1792402】
2023-12-11 01:20:40 GSD getOne 第 1 次 等待 3 秒
2023-12-11 01:20:43 查询号码 【1792402】，返回信息 {"status":"ok","msg":"-","gid":"598546","time_insert":"2023-03-18 14:08"}
2023-12-11 01:20:43 查询号码 【1792402】，GSD为【"-"】
2023-12-11 01:20:43 ok && -
2023-12-11 01:20:45 CHB 1792402?1702228843 第 1 次 等待 3 秒
2023-12-11 01:20:48 CHB 1792402?1702228843 第 1 次 获取到号码【1792402】GSD
2023-12-11 01:20:48 未获取到号码【1792402】GSD，可能号码格式错误
2023-12-11 01:20:48 获取到号码【1792402】的GSD为【-】
2023-12-11 01:20:53 GSD insert 第 1 次 等待 3 秒
2023-12-11 01:20:56 {"status":"bad","gid":"598546","msg":"添加失败！号码【1792402(-|-)】已存在！"}

