2024-05-05 00:20:51 开始第 7081 次操作

2024-05-05 00:20:51 开始操作号码 【1576994】
2024-05-05 00:20:58 GSD getOne 第 1 次 等待 3 秒
2024-05-05 00:21:01 查询号码 【1576994】，返回信息 {"status":"ok","msg":"云南-临沧","gid":"23984","time_insert":"2017-03-16 00:49","time_update":"2020-12-01 11:14"}
2024-05-05 00:21:01 查询号码 【1576994】，GSD为【"云南-临沧"】

2024-05-05 00:21:02 开始第 7082 次操作

2024-05-05 00:21:02 开始操作号码 【1576995】
2024-05-05 00:21:08 GSD getOne 第 1 次 等待 3 秒
2024-05-05 00:21:11 查询号码 【1576995】，返回信息 {"status":"ok","msg":"云南-临沧","gid":"23985","time_insert":"2017-07-03 02:06","time_update":"2020-12-01 11:18"}
2024-05-05 00:21:11 查询号码 【1576995】，GSD为【"云南-临沧"】

2024-05-05 00:21:12 开始第 7083 次操作

2024-05-05 00:21:12 开始操作号码 【1576996】
2024-05-05 00:21:18 GSD getOne 第 1 次 等待 3 秒
2024-05-05 00:21:21 查询号码 【1576996】，返回信息 {"status":"ok","msg":"云南-临沧","gid":"23986","time_insert":"2018-08-20 16:25","time_update":"2020-12-01 11:23"}
2024-05-05 00:21:21 查询号码 【1576996】，GSD为【"云南-临沧"】

2024-05-05 00:21:22 开始第 7084 次操作

2024-05-05 00:21:22 开始操作号码 【1576997】
2024-05-05 00:21:28 GSD getOne 第 1 次 等待 3 秒
2024-05-05 00:21:31 查询号码 【1576997】，返回信息 {"status":"ok","msg":"云南-保山","gid":"23987","time_insert":"2017-06-06 05:00","time_update":"2020-12-01 11:27"}
2024-05-05 00:21:31 查询号码 【1576997】，GSD为【"云南-保山"】

2024-05-05 00:38:09 开始第 7085 次操作

2024-05-05 00:38:09 开始操作号码 【1576998】
2024-05-05 00:38:21 GSD getOne 第 1 次 等待 3 秒
2024-05-05 00:38:24 查询号码 【1576998】，返回信息 {"status":"ok","msg":"云南-保山","gid":"23988","time_insert":"2017-05-09 16:42","time_update":"2021-06-06 15:01"}
2024-05-05 00:38:24 查询号码 【1576998】，GSD为【"云南-保山"】

2024-05-05 00:38:25 开始第 7086 次操作

2024-05-05 00:38:25 开始操作号码 【1576999】
2024-05-05 00:38:37 GSD getOne 第 1 次 等待 3 秒
2024-05-05 00:38:40 查询号码 【1576999】，返回信息 {"status":"ok","msg":"云南-保山","gid":"23989","time_insert":"2018-02-09 22:46","time_update":"2021-05-08 20:33"}
2024-05-05 00:38:40 查询号码 【1576999】，GSD为【"云南-保山"】

2024-05-05 00:38:41 开始第 7087 次操作

2024-05-05 00:38:41 开始操作号码 【1577000】
2024-05-05 00:38:47 GSD getOne 第 1 次 等待 3 秒
2024-05-05 00:38:50 查询号码 【1577000】，返回信息 {"status":"ok","msg":"新疆-阿克苏","gid":"23990","time_insert":"2017-07-22 11:31","time_update":"2020-12-22 17:17"}
2024-05-05 00:38:51 查询号码 【1577000】，GSD为【"新疆-阿克苏"】

2024-05-05 00:38:52 开始第 7088 次操作

2024-05-05 00:38:52 开始操作号码 【1577001】
2024-05-05 00:38:59 GSD getOne 第 1 次 等待 3 秒
2024-05-05 00:39:02 查询号码 【1577001】，返回信息 {"status":"ok","msg":"新疆-阿克苏","gid":"403247","time_insert":"2021-07-26 16:44"}
2024-05-05 00:39:02 查询号码 【1577001】，GSD为【"新疆-阿克苏"】

2024-05-05 01:14:31 开始第 7089 次操作

2024-05-05 01:14:31 开始操作号码 【1577002】
2024-05-05 01:14:38 GSD getOne 第 1 次 等待 3 秒
2024-05-05 01:14:41 查询号码 【1577002】，返回信息 {"status":"ok","msg":"新疆-阿克苏","gid":"403236","time_insert":"2021-07-26 16:43"}
2024-05-05 01:14:41 查询号码 【1577002】，GSD为【"新疆-阿克苏"】

2024-05-05 01:14:42 开始第 7090 次操作

2024-05-05 01:14:42 开始操作号码 【1577003】
2024-05-05 01:14:52 GSD getOne 第 1 次 等待 3 秒
2024-05-05 01:14:55 查询号码 【1577003】，返回信息 {"status":"ok","msg":"新疆-阿克苏","gid":"403228","time_insert":"2021-07-26 16:43"}
2024-05-05 01:14:55 查询号码 【1577003】，GSD为【"新疆-阿克苏"】

2024-05-05 01:14:56 开始第 7091 次操作

2024-05-05 01:14:56 开始操作号码 【1577004】
2024-05-05 01:15:04 GSD getOne 第 1 次 等待 3 秒
2024-05-05 01:15:07 查询号码 【1577004】，返回信息 {"status":"ok","msg":"新疆-阿克苏","gid":"403223","time_insert":"2021-07-26 16:42"}
2024-05-05 01:15:07 查询号码 【1577004】，GSD为【"新疆-阿克苏"】

2024-05-05 01:15:08 开始第 7092 次操作

2024-05-05 01:15:08 开始操作号码 【1577005】
2024-05-05 01:15:15 GSD getOne 第 1 次 等待 3 秒
2024-05-05 01:15:18 查询号码 【1577005】，返回信息 {"status":"ok","msg":"新疆-阿克苏","gid":"23991","time_insert":"2014-07-21 10:58","time_update":"2020-12-22 17:11"}
2024-05-05 01:15:18 查询号码 【1577005】，GSD为【"新疆-阿克苏"】

2024-05-05 01:37:34 开始第 7093 次操作

2024-05-05 01:37:34 开始操作号码 【1577006】
2024-05-05 01:37:40 GSD getOne 第 1 次 等待 3 秒
2024-05-05 01:37:43 查询号码 【1577006】，返回信息 {"status":"ok","msg":"新疆-阿克苏","gid":"403217","time_insert":"2021-07-26 16:42"}
2024-05-05 01:37:43 查询号码 【1577006】，GSD为【"新疆-阿克苏"】

2024-05-05 01:37:44 开始第 7094 次操作

2024-05-05 01:37:44 开始操作号码 【1577007】
2024-05-05 01:37:53 GSD getOne 第 1 次 等待 3 秒
2024-05-05 01:37:56 查询号码 【1577007】，返回信息 {"status":"ok","msg":"新疆-阿克苏","gid":"403214","time_insert":"2021-07-26 16:41"}
2024-05-05 01:37:56 查询号码 【1577007】，GSD为【"新疆-阿克苏"】

2024-05-05 01:37:57 开始第 7095 次操作

2024-05-05 01:37:57 开始操作号码 【1577008】
2024-05-05 01:39:05 GSD getOne 第 1 次 等待 3 秒
2024-05-05 01:39:08 查询号码 【1577008】，返回信息 {"status":"ok","msg":"新疆-阿克苏","gid":"403149","time_insert":"2021-07-26 16:06"}
2024-05-05 01:39:08 查询号码 【1577008】，GSD为【"新疆-阿克苏"】

2024-05-05 01:39:09 开始第 7096 次操作

2024-05-05 01:39:09 开始操作号码 【1577009】
2024-05-05 01:39:31 GSD getOne 第 1 次 等待 3 秒
2024-05-05 01:39:34 查询号码 【1577009】，返回信息 {"status":"ok","msg":"新疆-阿克苏","gid":"403145","time_insert":"2021-07-26 16:05"}
2024-05-05 01:39:35 查询号码 【1577009】，GSD为【"新疆-阿克苏"】

2024-05-05 02:20:46 开始第 7097 次操作

2024-05-05 02:20:46 开始操作号码 【1577010】
2024-05-05 02:20:53 GSD getOne 第 1 次 等待 3 秒
2024-05-05 02:20:56 查询号码 【1577010】，返回信息 {"status":"ok","msg":"新疆-喀什","gid":"403140","time_insert":"2021-07-26 16:04"}
2024-05-05 02:20:56 查询号码 【1577010】，GSD为【"新疆-喀什"】

2024-05-05 02:20:57 开始第 7098 次操作

2024-05-05 02:20:57 开始操作号码 【1577011】
2024-05-05 02:21:04 GSD getOne 第 1 次 等待 3 秒
2024-05-05 02:21:07 查询号码 【1577011】，返回信息 {"status":"ok","msg":"新疆-喀什","gid":"403135","time_insert":"2021-07-26 16:04"}
2024-05-05 02:21:07 查询号码 【1577011】，GSD为【"新疆-喀什"】

2024-05-05 02:21:08 开始第 7099 次操作

2024-05-05 02:21:08 开始操作号码 【1577012】
2024-05-05 02:21:14 GSD getOne 第 1 次 等待 3 秒
2024-05-05 02:21:17 查询号码 【1577012】，返回信息 {"status":"ok","msg":"新疆-喀什","gid":"403132","time_insert":"2021-07-26 16:03"}
2024-05-05 02:21:17 查询号码 【1577012】，GSD为【"新疆-喀什"】

2024-05-05 02:21:18 开始第 7100 次操作

2024-05-05 02:21:18 开始操作号码 【1577013】
2024-05-05 02:21:24 GSD getOne 第 1 次 等待 3 秒
2024-05-05 02:21:27 查询号码 【1577013】，返回信息 {"status":"ok","msg":"新疆-喀什","gid":"403128","time_insert":"2021-07-26 16:03"}
2024-05-05 02:21:27 查询号码 【1577013】，GSD为【"新疆-喀什"】

2024-05-05 02:37:39 开始第 7101 次操作

2024-05-05 02:37:39 开始操作号码 【1577014】
2024-05-05 02:37:45 GSD getOne 第 1 次 等待 3 秒
2024-05-05 02:37:48 查询号码 【1577014】，返回信息 {"status":"ok","msg":"新疆-喀什","gid":"403119","time_insert":"2021-07-26 16:02"}
2024-05-05 02:37:48 查询号码 【1577014】，GSD为【"新疆-喀什"】

2024-05-05 02:37:49 开始第 7102 次操作

2024-05-05 02:37:49 开始操作号码 【1577015】
2024-05-05 02:37:55 GSD getOne 第 1 次 等待 3 秒
2024-05-05 02:37:58 查询号码 【1577015】，返回信息 {"status":"ok","msg":"新疆-喀什","gid":"403113","time_insert":"2021-07-26 16:01"}
2024-05-05 02:37:59 查询号码 【1577015】，GSD为【"新疆-喀什"】

2024-05-05 02:38:00 开始第 7103 次操作

2024-05-05 02:38:00 开始操作号码 【1577016】
2024-05-05 02:38:05 GSD getOne 第 1 次 等待 3 秒
2024-05-05 02:38:08 查询号码 【1577016】，返回信息 {"status":"ok","msg":"新疆-喀什","gid":"403102","time_insert":"2021-07-26 16:01"}
2024-05-05 02:38:08 查询号码 【1577016】，GSD为【"新疆-喀什"】

2024-05-05 02:38:09 开始第 7104 次操作

2024-05-05 02:38:09 开始操作号码 【1577017】
2024-05-05 02:38:17 GSD getOne 第 1 次 等待 3 秒
2024-05-05 02:38:20 查询号码 【1577017】，返回信息 {"status":"ok","msg":"新疆-喀什","gid":"403093","time_insert":"2021-07-26 16:00"}
2024-05-05 02:38:20 查询号码 【1577017】，GSD为【"新疆-喀什"】

