2024-03-26 00:21:31 开始第 165 次操作

2024-03-26 00:21:31 开始操作号码 【1570078】
2024-03-26 00:21:37 GSD getOne 第 1 次 等待 3 秒
2024-03-26 00:21:40 查询号码 【1570078】，返回信息 {"status":"ok","msg":"湖南-长沙","gid":"82663","time_insert":"2021-06-06 11:30"}
2024-03-26 00:21:40 查询号码 【1570078】，GSD为【"湖南-长沙"】

2024-03-26 00:21:41 开始第 166 次操作

2024-03-26 00:21:41 开始操作号码 【1570079】
2024-03-26 00:21:45 GSD getOne 第 1 次 等待 3 秒
2024-03-26 00:21:48 查询号码 【1570079】，返回信息 {"status":"ok","msg":"湖南-长沙","gid":"82677","time_insert":"2021-06-06 11:47","time_update":"2021-06-06 12:04"}
2024-03-26 00:21:48 查询号码 【1570079】，GSD为【"湖南-长沙"】

2024-03-26 00:21:49 开始第 167 次操作

2024-03-26 00:21:49 开始操作号码 【1570080】
2024-03-26 00:21:55 GSD getOne 第 1 次 等待 3 秒
2024-03-26 00:21:58 查询号码 【1570080】，返回信息 {"status":"ok","msg":"湖南-岳阳","gid":"82697","time_insert":"2021-06-06 12:05"}
2024-03-26 00:21:58 查询号码 【1570080】，GSD为【"湖南-岳阳"】

2024-03-26 00:21:59 开始第 168 次操作

2024-03-26 00:21:59 开始操作号码 【1570081】
2024-03-26 00:22:04 GSD getOne 第 1 次 等待 3 秒
2024-03-26 00:22:07 查询号码 【1570081】，返回信息 {"status":"ok","msg":"湖南-岳阳","gid":"82721","time_insert":"2021-06-06 12:25"}
2024-03-26 00:22:07 查询号码 【1570081】，GSD为【"湖南-岳阳"】

