2024-01-04 00:20:58 开始第 6721 次操作

2024-01-04 00:20:58 开始操作号码 【1796634】
2024-01-04 00:21:01 GSD getOne 第 1 次 等待 3 秒
2024-01-04 00:21:04 查询号码 【1796634】，返回信息 {"status":"ok","msg":"-","gid":"634888","time_insert":"2023-04-04 22:38"}
2024-01-04 00:21:04 查询号码 【1796634】，GSD为【"-"】
2024-01-04 00:21:04 ok && -
2024-01-04 00:21:07 CHB 1796634?1704298864 第 1 次 等待 3 秒
2024-01-04 00:21:10 CHB 1796634?1704298864 第 1 次 获取到号码【1796634】GSD
2024-01-04 00:21:10 未获取到号码【1796634】GSD，可能号码格式错误
2024-01-04 00:21:10 获取到号码【1796634】的GSD为【-】
2024-01-04 00:21:15 GSD insert 第 1 次 等待 3 秒
2024-01-04 00:21:18 {"status":"bad","gid":"634888","msg":"添加失败！号码【1796634(-|-)】已存在！"}
2024-01-04 00:21:18 随机等待 210 秒，约 3 分钟
2024-01-04 00:21:18 下次操作: 2024-01-04 00:24:48

2024-01-04 00:24:48 开始第 6722 次操作

2024-01-04 00:24:48 开始操作号码 【1796635】
2024-01-04 00:24:51 GSD getOne 第 1 次 等待 3 秒
2024-01-04 00:24:54 查询号码 【1796635】，返回信息 {"status":"ok","msg":"-","gid":"634892","time_insert":"2023-04-04 22:40"}
2024-01-04 00:24:54 查询号码 【1796635】，GSD为【"-"】
2024-01-04 00:24:54 ok && -
2024-01-04 00:24:56 CHB 1796635?1704299094 第 1 次 等待 3 秒
2024-01-04 00:24:59 CHB 1796635?1704299094 第 1 次 获取到号码【1796635】GSD
2024-01-04 00:24:59 未获取到号码【1796635】GSD，可能号码格式错误
2024-01-04 00:24:59 获取到号码【1796635】的GSD为【-】
2024-01-04 00:25:02 GSD insert 第 1 次 等待 3 秒
2024-01-04 00:25:05 {"status":"bad","gid":"634892","msg":"添加失败！号码【1796635(-|-)】已存在！"}
2024-01-04 00:25:05 随机等待 223 秒，约 3 分钟
2024-01-04 00:25:05 下次操作: 2024-01-04 00:28:48

2024-01-04 00:28:48 开始第 6723 次操作

2024-01-04 00:28:48 开始操作号码 【1796636】
2024-01-04 00:28:51 GSD getOne 第 1 次 等待 3 秒
2024-01-04 00:28:54 查询号码 【1796636】，返回信息 {"status":"ok","msg":"-","gid":"634898","time_insert":"2023-04-04 22:43"}
2024-01-04 00:28:54 查询号码 【1796636】，GSD为【"-"】
2024-01-04 00:28:54 ok && -
2024-01-04 00:28:57 CHB 1796636?1704299335 第 1 次 等待 3 秒
2024-01-04 00:29:00 CHB 1796636?1704299335 第 1 次 获取到号码【1796636】GSD
2024-01-04 00:29:00 未获取到号码【1796636】GSD，可能号码格式错误
2024-01-04 00:29:00 获取到号码【1796636】的GSD为【-】
2024-01-04 00:29:03 GSD insert 第 1 次 等待 3 秒
2024-01-04 00:29:06 {"status":"bad","gid":"634898","msg":"添加失败！号码【1796636(-|-)】已存在！"}
2024-01-04 00:29:06 随机等待 166 秒，约 2 分钟
2024-01-04 00:29:06 下次操作: 2024-01-04 00:31:52

2024-01-04 00:31:52 开始第 6724 次操作

2024-01-04 00:31:52 开始操作号码 【1796637】
2024-01-04 00:31:56 GSD getOne 第 1 次 等待 3 秒
2024-01-04 00:31:59 查询号码 【1796637】，返回信息 {"status":"ok","msg":"-","gid":"634900","time_insert":"2023-04-04 22:45"}
2024-01-04 00:31:59 查询号码 【1796637】，GSD为【"-"】
2024-01-04 00:31:59 ok && -
2024-01-04 00:32:01 CHB 1796637?1704299519 第 1 次 等待 3 秒
2024-01-04 00:32:04 CHB 1796637?1704299519 第 1 次 获取到号码【1796637】GSD
2024-01-04 00:32:04 未获取到号码【1796637】GSD，可能号码格式错误
2024-01-04 00:32:04 获取到号码【1796637】的GSD为【-】
2024-01-04 00:32:07 GSD insert 第 1 次 等待 3 秒
2024-01-04 00:32:10 {"status":"bad","gid":"634900","msg":"添加失败！号码【1796637(-|-)】已存在！"}

2024-01-04 00:40:23 开始第 6725 次操作

2024-01-04 00:40:23 开始操作号码 【1796638】
2024-01-04 00:40:26 GSD getOne 第 1 次 等待 3 秒
2024-01-04 00:40:29 查询号码 【1796638】，返回信息 {"status":"ok","msg":"-","gid":"634906","time_insert":"2023-04-04 22:47"}
2024-01-04 00:40:29 查询号码 【1796638】，GSD为【"-"】
2024-01-04 00:40:29 ok && -
2024-01-04 00:40:32 CHB 1796638?1704300029 第 1 次 等待 3 秒
2024-01-04 00:40:35 CHB 1796638?1704300029 第 1 次 获取到号码【1796638】GSD
2024-01-04 00:40:35 未获取到号码【1796638】GSD，可能号码格式错误
2024-01-04 00:40:35 获取到号码【1796638】的GSD为【-】
2024-01-04 00:40:38 GSD insert 第 1 次 等待 3 秒
2024-01-04 00:40:41 {"status":"bad","gid":"634906","msg":"添加失败！号码【1796638(-|-)】已存在！"}
2024-01-04 00:40:41 随机等待 72 秒，约 1 分钟
2024-01-04 00:40:41 下次操作: 2024-01-04 00:41:53

2024-01-04 00:41:53 开始第 6726 次操作

2024-01-04 00:41:53 开始操作号码 【1796639】
2024-01-04 00:41:56 GSD getOne 第 1 次 等待 3 秒
2024-01-04 00:41:59 查询号码 【1796639】，返回信息 {"status":"ok","msg":"-","gid":"634911","time_insert":"2023-04-04 22:50"}
2024-01-04 00:41:59 查询号码 【1796639】，GSD为【"-"】
2024-01-04 00:41:59 ok && -
2024-01-04 00:42:02 CHB 1796639?1704300119 第 1 次 等待 3 秒
2024-01-04 00:42:05 CHB 1796639?1704300119 第 1 次 获取到号码【1796639】GSD
2024-01-04 00:42:05 未获取到号码【1796639】GSD，可能号码格式错误
2024-01-04 00:42:05 获取到号码【1796639】的GSD为【-】
2024-01-04 00:42:08 GSD insert 第 1 次 等待 3 秒
2024-01-04 00:42:11 {"status":"bad","gid":"634911","msg":"添加失败！号码【1796639(-|-)】已存在！"}
2024-01-04 00:42:11 随机等待 71 秒，约 1 分钟
2024-01-04 00:42:11 下次操作: 2024-01-04 00:43:22

2024-01-04 00:43:22 开始第 6727 次操作

2024-01-04 00:43:22 开始操作号码 【1796640】
2024-01-04 00:43:25 GSD getOne 第 1 次 等待 3 秒
2024-01-04 00:43:28 查询号码 【1796640】，返回信息 {"status":"ok","msg":"-","gid":"634915","time_insert":"2023-04-04 22:53"}
2024-01-04 00:43:28 查询号码 【1796640】，GSD为【"-"】
2024-01-04 00:43:28 ok && -
2024-01-04 00:43:31 CHB 1796640?1704300208 第 1 次 等待 3 秒
2024-01-04 00:43:34 CHB 1796640?1704300208 第 1 次 获取到号码【1796640】GSD
2024-01-04 00:43:34 未获取到号码【1796640】GSD，可能号码格式错误
2024-01-04 00:43:34 获取到号码【1796640】的GSD为【-】
2024-01-04 00:43:37 GSD insert 第 1 次 等待 3 秒
2024-01-04 00:43:40 {"status":"bad","gid":"634915","msg":"添加失败！号码【1796640(-|-)】已存在！"}
2024-01-04 00:43:40 随机等待 173 秒，约 2 分钟
2024-01-04 00:43:40 下次操作: 2024-01-04 00:46:33

2024-01-04 00:46:33 开始第 6728 次操作

2024-01-04 00:46:33 开始操作号码 【1796641】
2024-01-04 00:46:36 GSD getOne 第 1 次 等待 3 秒
2024-01-04 00:46:39 查询号码 【1796641】，返回信息 {"status":"ok","msg":"-","gid":"634919","time_insert":"2023-04-04 22:56"}
2024-01-04 00:46:39 查询号码 【1796641】，GSD为【"-"】
2024-01-04 00:46:39 ok && -
2024-01-04 00:46:42 CHB 1796641?1704300399 第 1 次 等待 3 秒
2024-01-04 00:46:45 CHB 1796641?1704300399 第 1 次 获取到号码【1796641】GSD
2024-01-04 00:46:45 未获取到号码【1796641】GSD，可能号码格式错误
2024-01-04 00:46:45 获取到号码【1796641】的GSD为【-】
2024-01-04 00:46:48 GSD insert 第 1 次 等待 3 秒
2024-01-04 00:46:51 {"status":"bad","gid":"634919","msg":"添加失败！号码【1796641(-|-)】已存在！"}

