2024-05-19 00:21:01 开始第 9545 次操作

2024-05-19 00:21:01 开始操作号码 【1579451】
2024-05-19 00:21:08 GSD getOne 第 1 次 等待 3 秒
2024-05-19 00:21:11 查询号码 【1579451】，返回信息 {"status":"ok","msg":"上海-上海","gid":"373563","time_insert":"2021-07-24 04:42"}
2024-05-19 00:21:11 查询号码 【1579451】，GSD为【"上海-上海"】

2024-05-19 00:21:12 开始第 9546 次操作

2024-05-19 00:21:12 开始操作号码 【1579452】
2024-05-19 00:21:23 GSD getOne 第 1 次 等待 3 秒
2024-05-19 00:21:26 查询号码 【1579452】，返回信息 {"status":"ok","msg":"上海-上海","gid":"373552","time_insert":"2021-07-24 04:42"}
2024-05-19 00:21:26 查询号码 【1579452】，GSD为【"上海-上海"】

2024-05-19 00:21:27 开始第 9547 次操作

2024-05-19 00:21:27 开始操作号码 【1579453】
2024-05-19 00:21:39 GSD getOne 第 1 次 等待 3 秒
2024-05-19 00:21:42 查询号码 【1579453】，返回信息 {"status":"ok","msg":"上海-上海","gid":"373543","time_insert":"2021-07-24 04:41"}
2024-05-19 00:21:42 查询号码 【1579453】，GSD为【"上海-上海"】

2024-05-19 00:21:43 开始第 9548 次操作

2024-05-19 00:21:43 开始操作号码 【1579454】
2024-05-19 00:21:58 GSD getOne 第 1 次 等待 3 秒
2024-05-19 00:22:01 查询号码 【1579454】，返回信息 {"status":"ok","msg":"上海-上海","gid":"373532","time_insert":"2021-07-24 04:40"}
2024-05-19 00:22:01 查询号码 【1579454】，GSD为【"上海-上海"】

