2023-11-13 00:20:13 开始第 8197 次操作

2023-11-13 00:20:13 开始操作号码 【1898111】
2023-11-13 00:20:17 GSD getOne 第 1 次 等待 3 秒
2023-11-13 00:20:20 查询号码 【1898111】，返回信息 {"status":"ok","msg":"四川-绵阳","gid":"45448","time_insert":"2019-04-23 17:03","time_update":"2020-11-14 14:28"}
2023-11-13 00:20:20 查询号码 【1898111】，GSD为【"四川-绵阳"】

2023-11-13 00:20:21 开始第 8198 次操作

2023-11-13 00:20:21 开始操作号码 【1898112】
2023-11-13 00:20:24 GSD getOne 第 1 次 等待 3 秒
2023-11-13 00:20:27 查询号码 【1898112】，返回信息 {"status":"ok","msg":"四川-绵阳","gid":"45449","time_insert":"2017-04-27 13:46","time_update":"2020-11-14 14:32"}
2023-11-13 00:20:27 查询号码 【1898112】，GSD为【"四川-绵阳"】

2023-11-13 00:20:28 开始第 8199 次操作

2023-11-13 00:20:28 开始操作号码 【1898113】
2023-11-13 00:20:31 GSD getOne 第 1 次 等待 3 秒
2023-11-13 00:20:34 查询号码 【1898113】，返回信息 {"status":"ok","msg":"四川-绵阳","gid":"45450","time_insert":"2017-04-16 17:27","time_update":"2020-11-14 14:35"}
2023-11-13 00:20:34 查询号码 【1898113】，GSD为【"四川-绵阳"】

2023-11-13 00:20:35 开始第 8200 次操作

2023-11-13 00:20:35 开始操作号码 【1898114】
2023-11-13 00:20:41 GSD getOne 第 1 次 等待 3 秒
2023-11-13 00:20:44 查询号码 【1898114】，返回信息 {"status":"ok","msg":"四川-绵阳","gid":"45451","time_insert":"2019-06-08 14:26","time_update":"2020-11-14 14:39"}
2023-11-13 00:20:44 查询号码 【1898114】，GSD为【"四川-绵阳"】

