2023-10-28 00:21:11 开始第 5381 次操作

2023-10-28 00:21:11 开始操作号码 【1895295】
2023-10-28 00:21:14 GSD getOne 第 1 次 等待 3 秒
2023-10-28 00:21:17 查询号码 【1895295】，返回信息 {"status":"ok","msg":"江苏-镇江","gid":"475972","time_insert":"2021-08-02 05:50"}
2023-10-28 00:21:17 查询号码 【1895295】，GSD为【"江苏-镇江"】

2023-10-28 00:21:18 开始第 5382 次操作

2023-10-28 00:21:18 开始操作号码 【1895296】
2023-10-28 00:21:23 GSD getOne 第 1 次 等待 3 秒
2023-10-28 00:21:26 查询号码 【1895296】，返回信息 {"status":"ok","msg":"江苏-镇江","gid":"475959","time_insert":"2021-08-02 05:49"}
2023-10-28 00:21:26 查询号码 【1895296】，GSD为【"江苏-镇江"】

2023-10-28 00:21:27 开始第 5383 次操作

2023-10-28 00:21:27 开始操作号码 【1895297】
2023-10-28 00:21:31 GSD getOne 第 1 次 等待 3 秒
2023-10-28 00:21:34 查询号码 【1895297】，返回信息 {"status":"ok","msg":"江苏-镇江","gid":"475947","time_insert":"2021-08-02 05:49"}
2023-10-28 00:21:34 查询号码 【1895297】，GSD为【"江苏-镇江"】

2023-10-28 00:21:35 开始第 5384 次操作

2023-10-28 00:21:35 开始操作号码 【1895298】
2023-10-28 00:21:41 GSD getOne 第 1 次 等待 3 秒
2023-10-28 00:21:44 查询号码 【1895298】，返回信息 {"status":"ok","msg":"江苏-镇江","gid":"475935","time_insert":"2021-08-02 05:48"}
2023-10-28 00:21:45 查询号码 【1895298】，GSD为【"江苏-镇江"】

2023-10-28 00:39:37 开始第 5385 次操作

2023-10-28 00:39:37 开始操作号码 【1895299】
2023-10-28 00:39:44 GSD getOne 第 1 次 等待 3 秒
2023-10-28 00:39:47 查询号码 【1895299】，返回信息 {"status":"ok","msg":"江苏-镇江","gid":"475926","time_insert":"2021-08-02 05:47"}
2023-10-28 00:39:47 查询号码 【1895299】，GSD为【"江苏-镇江"】

2023-10-28 00:39:48 开始第 5386 次操作

2023-10-28 00:39:48 开始操作号码 【1895300】
2023-10-28 00:39:52 GSD getOne 第 1 次 等待 3 秒
2023-10-28 00:39:55 查询号码 【1895300】，返回信息 {"status":"ok","msg":"山东-菏泽","gid":"475914","time_insert":"2021-08-02 05:47"}
2023-10-28 00:39:55 查询号码 【1895300】，GSD为【"山东-菏泽"】

2023-10-28 00:39:56 开始第 5387 次操作

2023-10-28 00:39:56 开始操作号码 【1895301】
2023-10-28 00:40:15 GSD getOne 第 1 次 等待 3 秒
2023-10-28 00:40:18 查询号码 【1895301】，返回信息 {"status":"ok","msg":"山东-菏泽","gid":"475905","time_insert":"2021-08-02 05:46"}
2023-10-28 00:40:18 查询号码 【1895301】，GSD为【"山东-菏泽"】

2023-10-28 00:40:19 开始第 5388 次操作

2023-10-28 00:40:19 开始操作号码 【1895302】
2023-10-28 00:41:09 GSD getOne 第 1 次 等待 3 秒
2023-10-28 00:41:12 查询号码 【1895302】，返回信息 {"status":"ok","msg":"山东-菏泽","gid":"475897","time_insert":"2021-08-02 05:46"}
2023-10-28 00:41:12 查询号码 【1895302】，GSD为【"山东-菏泽"】

