2021-07-19 00:01:59 开始第 16 次操作

2021-07-19 00:01:59 开始操作号码 【1495712】
2021-07-19 00:02:03 GSD getOne 第 1 次 等待 3 秒
2021-07-19 00:02:06 查询号码 【1495712】，返回信息 {"status":"bad","msg":""}
2021-07-19 00:02:06 查询号码 【1495712】，GSD为【""】
2021-07-19 00:02:06 bad
2021-07-19 00:02:08 CHB 1495712?1626624126 第 1 次 等待 3 秒
2021-07-19 00:02:11 CHB 1495712?1626624126 第 1 次 获取到号码【1495712】GSD
2021-07-19 00:02:11 未获取到号码【1495712】GSD，可能号码格式错误
2021-07-19 00:02:11 获取到号码【1495712】的GSD为【-】
2021-07-19 00:02:29 GSD insert 第 1 次 等待 3 秒
2021-07-19 00:02:32 {"status":"ok","gid":320490,"msg":"添加成功！"}
2021-07-19 00:02:32 下次操作: 2021-07-19 00:02:44

2021-07-19 00:02:44 开始第 17 次操作

2021-07-19 00:02:44 开始操作号码 【1495713】
2021-07-19 00:02:51 GSD getOne 第 1 次 等待 3 秒
2021-07-19 00:02:54 查询号码 【1495713】，返回信息 {"status":"bad","msg":""}
2021-07-19 00:02:54 查询号码 【1495713】，GSD为【""】
2021-07-19 00:02:54 bad
2021-07-19 00:02:56 CHB 1495713?1626624174 第 1 次 等待 3 秒
2021-07-19 00:02:59 CHB 1495713?1626624174 第 1 次 获取到号码【1495713】GSD
2021-07-19 00:03:00 未获取到号码【1495713】GSD，可能号码格式错误
2021-07-19 00:03:00 获取到号码【1495713】的GSD为【-】
2021-07-19 00:03:20 GSD insert 第 1 次 等待 3 秒
2021-07-19 00:03:23 {"status":"ok","gid":320497,"msg":"添加成功！"}
2021-07-19 00:03:23 下次操作: 2021-07-19 00:03:39

2021-07-19 00:03:39 开始第 18 次操作

2021-07-19 00:03:39 开始操作号码 【1495714】
2021-07-19 00:03:42 GSD getOne 第 1 次 等待 3 秒
2021-07-19 00:03:45 查询号码 【1495714】，返回信息 {"status":"bad","msg":""}
2021-07-19 00:03:45 查询号码 【1495714】，GSD为【""】
2021-07-19 00:03:45 bad
2021-07-19 00:03:48 CHB 1495714?1626624225 第 1 次 等待 3 秒
2021-07-19 00:03:51 CHB 1495714?1626624225 第 1 次 获取到号码【1495714】GSD
2021-07-19 00:03:51 未获取到号码【1495714】GSD，可能号码格式错误
2021-07-19 00:03:51 获取到号码【1495714】的GSD为【-】
2021-07-19 00:04:17 GSD insert 第 1 次 等待 3 秒
2021-07-19 00:04:20 {"status":"ok","gid":320507,"msg":"添加成功！"}
2021-07-19 00:04:20 下次操作: 2021-07-19 00:04:32

2021-07-19 00:04:32 开始第 19 次操作

2021-07-19 00:04:32 开始操作号码 【1495715】
2021-07-19 00:04:42 GSD getOne 第 1 次 等待 3 秒
2021-07-19 00:04:45 查询号码 【1495715】，返回信息 {"status":"bad","msg":""}
2021-07-19 00:04:45 查询号码 【1495715】，GSD为【""】
2021-07-19 00:04:45 bad
2021-07-19 00:04:50 CHB 1495715?1626624285 第 1 次 等待 3 秒
2021-07-19 00:04:53 CHB 1495715?1626624285 第 1 次 获取到号码【1495715】GSD
2021-07-19 00:04:53 未获取到号码【1495715】GSD，可能号码格式错误
2021-07-19 00:04:53 获取到号码【1495715】的GSD为【-】
2021-07-19 00:05:08 GSD insert 第 1 次 等待 3 秒
2021-07-19 00:05:11 {"status":"ok","gid":320516,"msg":"添加成功！"}
2021-07-19 00:05:11 下次操作: 2021-07-19 00:05:31

2021-07-19 00:05:31 开始第 20 次操作

2021-07-19 00:05:31 开始操作号码 【1495716】
2021-07-19 00:05:37 GSD getOne 第 1 次 等待 3 秒
2021-07-19 00:05:40 查询号码 【1495716】，返回信息 {"status":"bad","msg":""}
2021-07-19 00:05:40 查询号码 【1495716】，GSD为【""】
2021-07-19 00:05:40 bad
2021-07-19 00:05:42 CHB 1495716?1626624340 第 1 次 等待 3 秒
2021-07-19 00:05:45 CHB 1495716?1626624340 第 1 次 获取到号码【1495716】GSD
2021-07-19 00:05:45 未获取到号码【1495716】GSD，可能号码格式错误
2021-07-19 00:05:45 获取到号码【1495716】的GSD为【-】
2021-07-19 00:06:18 GSD insert 第 1 次 等待 3 秒
2021-07-19 00:06:21 {"status":"ok","gid":320527,"msg":"添加成功！"}
2021-07-19 00:06:21 下次操作: 2021-07-19 00:06:42

2021-07-19 00:06:42 开始第 21 次操作

2021-07-19 00:06:42 开始操作号码 【1495717】
2021-07-19 00:06:54 GSD getOne 第 1 次 等待 3 秒
2021-07-19 00:06:57 查询号码 【1495717】，返回信息 {"status":"bad","msg":""}
2021-07-19 00:06:57 查询号码 【1495717】，GSD为【""】
2021-07-19 00:06:57 bad
2021-07-19 00:06:59 CHB 1495717?1626624417 第 1 次 等待 3 秒
2021-07-19 00:07:02 CHB 1495717?1626624417 第 1 次 获取到号码【1495717】GSD
2021-07-19 00:07:02 未获取到号码【1495717】GSD，可能号码格式错误
2021-07-19 00:07:02 获取到号码【1495717】的GSD为【-】
2021-07-19 00:07:20 GSD insert 第 1 次 等待 3 秒
2021-07-19 00:07:23 {"status":"ok","gid":320537,"msg":"添加成功！"}
2021-07-19 00:07:23 下次操作: 2021-07-19 00:07:47

2021-07-19 00:07:47 开始第 22 次操作

2021-07-19 00:07:47 开始操作号码 【1495718】
2021-07-19 00:07:50 GSD getOne 第 1 次 等待 3 秒
2021-07-19 00:07:53 查询号码 【1495718】，返回信息 {"status":"bad","msg":""}
2021-07-19 00:07:53 查询号码 【1495718】，GSD为【""】
2021-07-19 00:07:53 bad
2021-07-19 00:07:54 CHB 1495718?1626624473 第 1 次 等待 3 秒
2021-07-19 00:07:57 CHB 1495718?1626624473 第 1 次 获取到号码【1495718】GSD
2021-07-19 00:07:57 未获取到号码【1495718】GSD，可能号码格式错误
2021-07-19 00:07:57 获取到号码【1495718】的GSD为【-】
2021-07-19 00:08:21 GSD insert 第 1 次 等待 3 秒
2021-07-19 00:08:24 {"status":"ok","gid":320549,"msg":"添加成功！"}
2021-07-19 00:08:24 下次操作: 2021-07-19 00:08:46

2021-07-19 00:08:46 开始第 23 次操作

2021-07-19 00:08:46 开始操作号码 【1495719】
2021-07-19 00:08:49 GSD getOne 第 1 次 等待 3 秒
2021-07-19 00:08:52 查询号码 【1495719】，返回信息 {"status":"bad","msg":""}
2021-07-19 00:08:52 查询号码 【1495719】，GSD为【""】
2021-07-19 00:08:52 bad
2021-07-19 00:08:54 CHB 1495719?1626624532 第 1 次 等待 3 秒
2021-07-19 00:08:57 CHB 1495719?1626624532 第 1 次 获取到号码【1495719】GSD
2021-07-19 00:08:57 未获取到号码【1495719】GSD，可能号码格式错误
2021-07-19 00:08:57 获取到号码【1495719】的GSD为【-】
2021-07-19 00:09:15 GSD insert 第 1 次 等待 3 秒
2021-07-19 00:09:18 {"status":"ok","gid":320558,"msg":"添加成功！"}
2021-07-19 00:09:18 下次操作: 2021-07-19 00:09:40

2021-07-19 00:09:41 开始第 24 次操作

2021-07-19 00:09:41 开始操作号码 【1495720】
2021-07-19 00:09:51 GSD getOne 第 1 次 等待 3 秒
2021-07-19 00:09:54 查询号码 【1495720】，返回信息 {"status":"bad","msg":""}
2021-07-19 00:09:54 查询号码 【1495720】，GSD为【""】
2021-07-19 00:09:54 bad
2021-07-19 00:09:55 CHB 1495720?1626624594 第 1 次 等待 3 秒
2021-07-19 00:09:58 CHB 1495720?1626624594 第 1 次 获取到号码【1495720】GSD
2021-07-19 00:09:58 未获取到号码【1495720】GSD，可能号码格式错误
2021-07-19 00:09:58 获取到号码【1495720】的GSD为【-】
2021-07-19 00:10:33 GSD insert 第 1 次 等待 3 秒
2021-07-19 00:10:36 {"status":"ok","gid":320577,"msg":"添加成功！"}
2021-07-19 00:10:36 下次操作: 2021-07-19 00:10:51

2021-07-19 00:10:51 开始第 25 次操作

2021-07-19 00:10:51 开始操作号码 【1495721】
2021-07-19 00:10:57 GSD getOne 第 1 次 等待 3 秒
2021-07-19 00:11:00 查询号码 【1495721】，返回信息 {"status":"bad","msg":""}
2021-07-19 00:11:01 查询号码 【1495721】，GSD为【""】
2021-07-19 00:11:01 bad
2021-07-19 00:11:04 CHB 1495721?1626624661 第 1 次 等待 3 秒
2021-07-19 00:11:07 CHB 1495721?1626624661 第 1 次 获取到号码【1495721】GSD
2021-07-19 00:11:07 未获取到号码【1495721】GSD，可能号码格式错误
2021-07-19 00:11:07 获取到号码【1495721】的GSD为【-】
2021-07-19 00:11:26 GSD insert 第 1 次 等待 3 秒
2021-07-19 00:11:30 {"status":"ok","gid":320587,"msg":"添加成功！"}
2021-07-19 00:11:30 下次操作: 2021-07-19 00:11:47

2021-07-19 00:11:47 开始第 26 次操作

2021-07-19 00:11:47 开始操作号码 【1495722】
2021-07-19 00:11:54 GSD getOne 第 1 次 等待 3 秒
2021-07-19 00:11:57 查询号码 【1495722】，返回信息 {"status":"bad","msg":""}
2021-07-19 00:11:57 查询号码 【1495722】，GSD为【""】
2021-07-19 00:11:57 bad
2021-07-19 00:12:01 CHB 1495722?1626624717 第 1 次 等待 3 秒
2021-07-19 00:12:04 CHB 1495722?1626624717 第 1 次 获取到号码【1495722】GSD
2021-07-19 00:12:04 未获取到号码【1495722】GSD，可能号码格式错误
2021-07-19 00:12:04 获取到号码【1495722】的GSD为【-】
2021-07-19 00:12:16 GSD insert 第 1 次 等待 3 秒
2021-07-19 00:12:19 {"status":"ok","gid":320593,"msg":"添加成功！"}
2021-07-19 00:12:19 下次操作: 2021-07-19 00:12:31

2021-07-19 00:12:31 开始第 27 次操作

2021-07-19 00:12:31 开始操作号码 【1495723】
2021-07-19 00:12:37 GSD getOne 第 1 次 等待 3 秒
2021-07-19 00:12:40 查询号码 【1495723】，返回信息 {"status":"bad","msg":""}
2021-07-19 00:12:40 查询号码 【1495723】，GSD为【""】
2021-07-19 00:12:40 bad
2021-07-19 00:12:41 CHB 1495723?1626624760 第 1 次 等待 3 秒
2021-07-19 00:12:44 CHB 1495723?1626624760 第 1 次 获取到号码【1495723】GSD
2021-07-19 00:12:44 未获取到号码【1495723】GSD，可能号码格式错误
2021-07-19 00:12:44 获取到号码【1495723】的GSD为【-】
2021-07-19 00:13:04 GSD insert 第 1 次 等待 3 秒
2021-07-19 00:13:07 {"status":"ok","gid":320601,"msg":"添加成功！"}
2021-07-19 00:13:07 下次操作: 2021-07-19 00:13:25

2021-07-19 00:13:25 开始第 28 次操作

2021-07-19 00:13:25 开始操作号码 【1495724】
2021-07-19 00:13:43 GSD getOne 第 1 次 等待 3 秒
2021-07-19 00:13:46 查询号码 【1495724】，返回信息 {"status":"bad","msg":""}
2021-07-19 00:13:46 查询号码 【1495724】，GSD为【""】
2021-07-19 00:13:46 bad
2021-07-19 00:13:47 CHB 1495724?1626624826 第 1 次 等待 3 秒
2021-07-19 00:13:50 CHB 1495724?1626624826 第 1 次 获取到号码【1495724】GSD
2021-07-19 00:13:50 未获取到号码【1495724】GSD，可能号码格式错误
2021-07-19 00:13:50 获取到号码【1495724】的GSD为【-】
2021-07-19 00:14:15 GSD insert 第 1 次 等待 3 秒
2021-07-19 00:14:18 {"status":"ok","gid":320614,"msg":"添加成功！"}
2021-07-19 00:14:18 下次操作: 2021-07-19 00:14:38

2021-07-19 00:14:38 开始第 29 次操作

2021-07-19 00:14:38 开始操作号码 【1495725】
2021-07-19 00:14:40 GSD getOne 第 1 次 等待 3 秒
2021-07-19 00:14:43 查询号码 【1495725】，返回信息 {"status":"bad","msg":""}
2021-07-19 00:14:44 查询号码 【1495725】，GSD为【""】
2021-07-19 00:14:44 bad
2021-07-19 00:14:47 CHB 1495725?1626624884 第 1 次 等待 3 秒
2021-07-19 00:14:50 CHB 1495725?1626624884 第 1 次 获取到号码【1495725】GSD
2021-07-19 00:14:50 未获取到号码【1495725】GSD，可能号码格式错误
2021-07-19 00:14:50 获取到号码【1495725】的GSD为【-】
2021-07-19 00:17:36 GSD insert 第 1 次 等待 3 秒
2021-07-19 00:17:39 {"status":"ok","gid":320641,"msg":"添加成功！"}
2021-07-19 00:17:39 下次操作: 2021-07-19 00:17:52

2021-07-19 00:17:52 开始第 30 次操作

2021-07-19 00:17:52 开始操作号码 【1495726】
2021-07-19 00:18:03 GSD getOne 第 1 次 等待 3 秒
2021-07-19 00:18:06 查询号码 【1495726】，返回信息 {"status":"bad","msg":""}
2021-07-19 00:18:06 查询号码 【1495726】，GSD为【""】
2021-07-19 00:18:06 bad
2021-07-19 00:18:08 CHB 1495726?1626625086 第 1 次 等待 3 秒
2021-07-19 00:18:11 CHB 1495726?1626625086 第 1 次 获取到号码【1495726】GSD
2021-07-19 00:18:11 未获取到号码【1495726】GSD，可能号码格式错误
2021-07-19 00:18:11 获取到号码【1495726】的GSD为【-】
2021-07-19 00:18:29 GSD insert 第 1 次 等待 3 秒
2021-07-19 00:18:32 {"status":"ok","gid":320649,"msg":"添加成功！"}
2021-07-19 00:18:32 下次操作: 2021-07-19 00:18:51

2021-07-19 00:18:51 开始第 31 次操作

2021-07-19 00:18:51 开始操作号码 【1495727】
2021-07-19 00:19:17 GSD getOne 第 1 次 等待 3 秒
2021-07-19 00:19:20 查询号码 【1495727】，返回信息 {"status":"bad","msg":""}
2021-07-19 00:19:20 查询号码 【1495727】，GSD为【""】
2021-07-19 00:19:20 bad
2021-07-19 00:19:23 CHB 1495727?1626625160 第 1 次 等待 3 秒
2021-07-19 00:19:26 CHB 1495727?1626625160 第 1 次 获取到号码【1495727】GSD
2021-07-19 00:19:26 未获取到号码【1495727】GSD，可能号码格式错误
2021-07-19 00:19:26 获取到号码【1495727】的GSD为【-】
2021-07-19 00:19:46 GSD insert 第 1 次 等待 3 秒
2021-07-19 00:19:49 {"status":"ok","gid":320665,"msg":"添加成功！"}
2021-07-19 00:19:49 下次操作: 2021-07-19 00:20:07

2021-07-19 00:20:07 开始第 32 次操作

2021-07-19 00:20:07 开始操作号码 【1495728】
2021-07-19 00:20:37 GSD getOne 第 1 次 等待 3 秒
2021-07-19 00:20:40 查询号码 【1495728】，返回信息 {"status":"bad","msg":""}
2021-07-19 00:20:40 查询号码 【1495728】，GSD为【""】
2021-07-19 00:20:40 bad
2021-07-19 00:20:42 CHB 1495728?1626625240 第 1 次 等待 3 秒
2021-07-19 00:20:45 CHB 1495728?1626625240 第 1 次 获取到号码【1495728】GSD
2021-07-19 00:20:45 未获取到号码【1495728】GSD，可能号码格式错误
2021-07-19 00:20:45 获取到号码【1495728】的GSD为【-】
2021-07-19 00:21:08 GSD insert 第 1 次 等待 3 秒
2021-07-19 00:21:11 {"status":"ok","gid":320678,"msg":"添加成功！"}
2021-07-19 00:21:11 下次操作: 2021-07-19 00:21:26

2021-07-19 00:21:26 开始第 33 次操作

2021-07-19 00:21:26 开始操作号码 【1495729】
2021-07-19 00:22:07 GSD getOne 第 1 次 等待 3 秒
2021-07-19 00:22:10 查询号码 【1495729】，返回信息 {"status":"bad","msg":""}
2021-07-19 00:22:10 查询号码 【1495729】，GSD为【""】
2021-07-19 00:22:10 bad
2021-07-19 00:22:13 CHB 1495729?1626625330 第 1 次 等待 3 秒
2021-07-19 00:22:16 CHB 1495729?1626625330 第 1 次 获取到号码【1495729】GSD
2021-07-19 00:22:16 未获取到号码【1495729】GSD，可能号码格式错误
2021-07-19 00:22:16 获取到号码【1495729】的GSD为【-】
2021-07-19 00:22:41 GSD insert 第 1 次 等待 3 秒
2021-07-19 00:22:44 {"status":"ok","gid":320693,"msg":"添加成功！"}
2021-07-19 00:22:44 下次操作: 2021-07-19 00:23:07

2021-07-19 00:23:07 开始第 34 次操作

2021-07-19 00:23:07 开始操作号码 【1495730】
2021-07-19 00:23:13 GSD getOne 第 1 次 等待 3 秒
2021-07-19 00:23:16 查询号码 【1495730】，返回信息 {"status":"bad","msg":""}
2021-07-19 00:23:17 查询号码 【1495730】，GSD为【""】
2021-07-19 00:23:17 bad
2021-07-19 00:23:19 CHB 1495730?1626625397 第 1 次 等待 3 秒
2021-07-19 00:23:22 CHB 1495730?1626625397 第 1 次 获取到号码【1495730】GSD
2021-07-19 00:23:22 未获取到号码【1495730】GSD，可能号码格式错误
2021-07-19 00:23:22 获取到号码【1495730】的GSD为【-】
2021-07-19 00:23:40 GSD insert 第 1 次 等待 3 秒
2021-07-19 00:23:43 {"status":"ok","gid":320699,"msg":"添加成功！"}
2021-07-19 00:23:43 下次操作: 2021-07-19 00:24:00

2021-07-19 00:24:00 开始第 35 次操作

2021-07-19 00:24:00 开始操作号码 【1495731】
2021-07-19 00:24:07 GSD getOne 第 1 次 等待 3 秒
2021-07-19 00:24:10 查询号码 【1495731】，返回信息 {"status":"bad","msg":""}
2021-07-19 00:24:10 查询号码 【1495731】，GSD为【""】
2021-07-19 00:24:10 bad
2021-07-19 00:24:12 CHB 1495731?1626625450 第 1 次 等待 3 秒
2021-07-19 00:24:15 CHB 1495731?1626625450 第 1 次 获取到号码【1495731】GSD
2021-07-19 00:24:15 未获取到号码【1495731】GSD，可能号码格式错误
2021-07-19 00:24:15 获取到号码【1495731】的GSD为【-】
2021-07-19 00:24:50 GSD insert 第 1 次 等待 3 秒
2021-07-19 00:24:53 {"status":"ok","gid":320710,"msg":"添加成功！"}
2021-07-19 00:24:53 下次操作: 2021-07-19 00:25:10

2021-07-19 00:25:10 开始第 36 次操作

2021-07-19 00:25:10 开始操作号码 【1495732】
2021-07-19 00:25:13 GSD getOne 第 1 次 等待 3 秒
2021-07-19 00:25:16 查询号码 【1495732】，返回信息 {"status":"bad","msg":""}
2021-07-19 00:25:16 查询号码 【1495732】，GSD为【""】
2021-07-19 00:25:16 bad
2021-07-19 00:25:18 CHB 1495732?1626625516 第 1 次 等待 3 秒
2021-07-19 00:25:21 CHB 1495732?1626625516 第 1 次 获取到号码【1495732】GSD
2021-07-19 00:25:21 未获取到号码【1495732】GSD，可能号码格式错误
2021-07-19 00:25:21 获取到号码【1495732】的GSD为【-】
2021-07-19 00:26:06 GSD insert 第 1 次 等待 3 秒
2021-07-19 00:26:09 {"status":"ok","gid":320723,"msg":"添加成功！"}
2021-07-19 00:26:09 下次操作: 2021-07-19 00:26:25

2021-07-19 00:26:25 开始第 37 次操作

2021-07-19 00:26:25 开始操作号码 【1495733】
2021-07-19 00:26:30 GSD getOne 第 1 次 等待 3 秒
2021-07-19 00:26:33 查询号码 【1495733】，返回信息 {"status":"bad","msg":""}
2021-07-19 00:26:33 查询号码 【1495733】，GSD为【""】
2021-07-19 00:26:33 bad
2021-07-19 00:26:35 CHB 1495733?1626625593 第 1 次 等待 3 秒
2021-07-19 00:26:38 CHB 1495733?1626625593 第 1 次 获取到号码【1495733】GSD
2021-07-19 00:26:38 未获取到号码【1495733】GSD，可能号码格式错误
2021-07-19 00:26:38 获取到号码【1495733】的GSD为【-】
2021-07-19 00:27:07 GSD insert 第 1 次 等待 3 秒
2021-07-19 00:27:10 {"status":"ok","gid":320729,"msg":"添加成功！"}
2021-07-19 00:27:10 下次操作: 2021-07-19 00:27:25

2021-07-19 00:27:25 开始第 38 次操作

2021-07-19 00:27:25 开始操作号码 【1495734】
2021-07-19 00:27:29 GSD getOne 第 1 次 等待 3 秒
2021-07-19 00:27:32 查询号码 【1495734】，返回信息 {"status":"bad","msg":""}
2021-07-19 00:27:32 查询号码 【1495734】，GSD为【""】
2021-07-19 00:27:32 bad
2021-07-19 00:27:34 CHB 1495734?1626625652 第 1 次 等待 3 秒
2021-07-19 00:27:37 CHB 1495734?1626625652 第 1 次 获取到号码【1495734】GSD
2021-07-19 00:27:37 未获取到号码【1495734】GSD，可能号码格式错误
2021-07-19 00:27:37 获取到号码【1495734】的GSD为【-】
2021-07-19 00:27:55 GSD insert 第 1 次 等待 3 秒
2021-07-19 00:27:58 {"status":"ok","gid":320733,"msg":"添加成功！"}
2021-07-19 00:27:58 下次操作: 2021-07-19 00:28:15

2021-07-19 00:28:15 开始第 39 次操作

2021-07-19 00:28:15 开始操作号码 【1495735】
2021-07-19 00:28:38 GSD getOne 第 1 次 等待 3 秒
2021-07-19 00:28:41 查询号码 【1495735】，返回信息 {"status":"bad","msg":""}
2021-07-19 00:28:41 查询号码 【1495735】，GSD为【""】
2021-07-19 00:28:41 bad
2021-07-19 00:28:43 CHB 1495735?1626625721 第 1 次 等待 3 秒
2021-07-19 00:28:46 CHB 1495735?1626625721 第 1 次 获取到号码【1495735】GSD
2021-07-19 00:28:46 未获取到号码【1495735】GSD，可能号码格式错误
2021-07-19 00:28:46 获取到号码【1495735】的GSD为【-】
2021-07-19 00:29:23 GSD insert 第 1 次 等待 3 秒
2021-07-19 00:29:26 {"status":"ok","gid":320743,"msg":"添加成功！"}
2021-07-19 00:29:26 下次操作: 2021-07-19 00:29:43

2021-07-19 00:29:43 开始第 40 次操作

2021-07-19 00:29:43 开始操作号码 【1495736】
2021-07-19 00:29:50 GSD getOne 第 1 次 等待 3 秒
2021-07-19 00:29:53 查询号码 【1495736】，返回信息 {"status":"bad","msg":""}
2021-07-19 00:29:53 查询号码 【1495736】，GSD为【""】
2021-07-19 00:29:53 bad
2021-07-19 00:29:55 CHB 1495736?1626625793 第 1 次 等待 3 秒
2021-07-19 00:29:58 CHB 1495736?1626625793 第 1 次 获取到号码【1495736】GSD
2021-07-19 00:29:58 未获取到号码【1495736】GSD，可能号码格式错误
2021-07-19 00:29:58 获取到号码【1495736】的GSD为【-】
2021-07-19 00:30:18 GSD insert 第 1 次 等待 3 秒
2021-07-19 00:30:21 {"status":"ok","gid":320747,"msg":"添加成功！"}

