2023-12-24 00:20:10 开始第 4777 次操作

2023-12-24 00:20:10 开始操作号码 【1794691】
2023-12-24 00:20:18 GSD getOne 第 1 次 等待 3 秒
2023-12-24 00:20:21 查询号码 【1794691】，返回信息 {"status":"ok","msg":"-","gid":"657626","time_insert":"2023-04-16 07:49"}
2023-12-24 00:20:21 查询号码 【1794691】，GSD为【"-"】
2023-12-24 00:20:21 ok && -
2023-12-24 00:20:23 CHB 1794691?1703348421 第 1 次 等待 3 秒
2023-12-24 00:20:26 CHB 1794691?1703348421 第 1 次 获取到号码【1794691】GSD
2023-12-24 00:20:26 未获取到号码【1794691】GSD，可能号码格式错误
2023-12-24 00:20:27 获取到号码【1794691】的GSD为【-】
2023-12-24 00:20:34 GSD insert 第 1 次 等待 3 秒
2023-12-24 00:20:37 {"status":"bad","gid":"657626","msg":"添加失败！号码【1794691(-|-)】已存在！"}
2023-12-24 00:20:38 随机等待 122 秒，约 2 分钟
2023-12-24 00:20:38 下次操作: 2023-12-24 00:22:40

2023-12-24 00:22:40 开始第 4778 次操作

2023-12-24 00:22:40 开始操作号码 【1794692】
2023-12-24 00:22:46 GSD getOne 第 1 次 等待 3 秒
2023-12-24 00:22:49 查询号码 【1794692】，返回信息 {"status":"ok","msg":"-","gid":"657641","time_insert":"2023-04-16 08:07"}
2023-12-24 00:22:49 查询号码 【1794692】，GSD为【"-"】
2023-12-24 00:22:49 ok && -
2023-12-24 00:22:51 CHB 1794692?1703348569 第 1 次 等待 3 秒
2023-12-24 00:22:54 CHB 1794692?1703348569 第 1 次 获取到号码【1794692】GSD
2023-12-24 00:22:54 未获取到号码【1794692】GSD，可能号码格式错误
2023-12-24 00:22:54 获取到号码【1794692】的GSD为【-】
2023-12-24 00:22:58 GSD insert 第 1 次 等待 3 秒
2023-12-24 00:23:01 {"status":"bad","gid":"657641","msg":"添加失败！号码【1794692(-|-)】已存在！"}
2023-12-24 00:23:01 随机等待 93 秒，约 1 分钟
2023-12-24 00:23:01 下次操作: 2023-12-24 00:24:34

2023-12-24 00:24:34 开始第 4779 次操作

2023-12-24 00:24:34 开始操作号码 【1794693】
2023-12-24 00:24:38 GSD getOne 第 1 次 等待 3 秒
2023-12-24 00:24:41 查询号码 【1794693】，返回信息 {"status":"ok","msg":"-","gid":"657657","time_insert":"2023-04-16 08:26"}
2023-12-24 00:24:41 查询号码 【1794693】，GSD为【"-"】
2023-12-24 00:24:41 ok && -
2023-12-24 00:24:44 CHB 1794693?1703348681 第 1 次 等待 3 秒
2023-12-24 00:24:47 CHB 1794693?1703348681 第 1 次 获取到号码【1794693】GSD
2023-12-24 00:24:47 未获取到号码【1794693】GSD，可能号码格式错误
2023-12-24 00:24:47 获取到号码【1794693】的GSD为【-】
2023-12-24 00:24:51 GSD insert 第 1 次 等待 3 秒
2023-12-24 00:24:54 {"status":"bad","gid":"657657","msg":"添加失败！号码【1794693(-|-)】已存在！"}
2023-12-24 00:24:54 随机等待 153 秒，约 2 分钟
2023-12-24 00:24:54 下次操作: 2023-12-24 00:27:27

2023-12-24 00:27:27 开始第 4780 次操作

2023-12-24 00:27:27 开始操作号码 【1794694】
2023-12-24 00:27:34 GSD getOne 第 1 次 等待 3 秒
2023-12-24 00:27:37 查询号码 【1794694】，返回信息 {"status":"ok","msg":"-","gid":"657677","time_insert":"2023-04-16 08:46"}
2023-12-24 00:27:37 查询号码 【1794694】，GSD为【"-"】
2023-12-24 00:27:37 ok && -
2023-12-24 00:27:39 CHB 1794694?1703348857 第 1 次 等待 3 秒
2023-12-24 00:27:42 CHB 1794694?1703348857 第 1 次 获取到号码【1794694】GSD
2023-12-24 00:27:42 未获取到号码【1794694】GSD，可能号码格式错误
2023-12-24 00:27:42 获取到号码【1794694】的GSD为【-】
2023-12-24 00:27:46 GSD insert 第 1 次 等待 3 秒
2023-12-24 00:27:49 {"status":"bad","gid":"657677","msg":"添加失败！号码【1794694(-|-)】已存在！"}

2023-12-24 00:38:57 开始第 4781 次操作

2023-12-24 00:38:57 开始操作号码 【1794695】
2023-12-24 00:39:00 GSD getOne 第 1 次 等待 3 秒
2023-12-24 00:39:03 查询号码 【1794695】，返回信息 {"status":"ok","msg":"-","gid":"657691","time_insert":"2023-04-16 09:04"}
2023-12-24 00:39:03 查询号码 【1794695】，GSD为【"-"】
2023-12-24 00:39:03 ok && -
2023-12-24 00:39:06 CHB 1794695?1703349543 第 1 次 等待 3 秒
2023-12-24 00:39:09 CHB 1794695?1703349543 第 1 次 获取到号码【1794695】GSD
2023-12-24 00:39:09 未获取到号码【1794695】GSD，可能号码格式错误
2023-12-24 00:39:09 获取到号码【1794695】的GSD为【-】
2023-12-24 00:39:17 GSD insert 第 1 次 等待 3 秒
2023-12-24 00:39:20 {"status":"bad","gid":"657691","msg":"添加失败！号码【1794695(-|-)】已存在！"}
2023-12-24 00:39:20 随机等待 70 秒，约 1 分钟
2023-12-24 00:39:20 下次操作: 2023-12-24 00:40:30

2023-12-24 00:40:30 开始第 4782 次操作

2023-12-24 00:40:30 开始操作号码 【1794696】
2023-12-24 00:40:33 GSD getOne 第 1 次 等待 3 秒
2023-12-24 00:40:36 查询号码 【1794696】，返回信息 {"status":"ok","msg":"-","gid":"657704","time_insert":"2023-04-16 09:20"}
2023-12-24 00:40:36 查询号码 【1794696】，GSD为【"-"】
2023-12-24 00:40:36 ok && -
2023-12-24 00:40:38 CHB 1794696?1703349636 第 1 次 等待 3 秒
2023-12-24 00:40:41 CHB 1794696?1703349636 第 1 次 获取到号码【1794696】GSD
2023-12-24 00:40:41 未获取到号码【1794696】GSD，可能号码格式错误
2023-12-24 00:40:41 获取到号码【1794696】的GSD为【-】
2023-12-24 00:40:45 GSD insert 第 1 次 等待 3 秒
2023-12-24 00:40:48 {"status":"bad","gid":"657704","msg":"添加失败！号码【1794696(-|-)】已存在！"}
2023-12-24 00:40:48 随机等待 110 秒，约 1 分钟
2023-12-24 00:40:48 下次操作: 2023-12-24 00:42:38

2023-12-24 00:42:38 开始第 4783 次操作

2023-12-24 00:42:38 开始操作号码 【1794697】
2023-12-24 00:42:41 GSD getOne 第 1 次 等待 3 秒
2023-12-24 00:42:44 查询号码 【1794697】，返回信息 {"status":"ok","msg":"-","gid":"657724","time_insert":"2023-04-16 09:38"}
2023-12-24 00:42:44 查询号码 【1794697】，GSD为【"-"】
2023-12-24 00:42:44 ok && -
2023-12-24 00:42:46 CHB 1794697?1703349764 第 1 次 等待 3 秒
2023-12-24 00:42:49 CHB 1794697?1703349764 第 1 次 获取到号码【1794697】GSD
2023-12-24 00:42:49 未获取到号码【1794697】GSD，可能号码格式错误
2023-12-24 00:42:49 获取到号码【1794697】的GSD为【-】
2023-12-24 00:42:53 GSD insert 第 1 次 等待 3 秒
2023-12-24 00:42:56 {"status":"bad","gid":"657724","msg":"添加失败！号码【1794697(-|-)】已存在！"}
2023-12-24 00:42:56 随机等待 95 秒，约 1 分钟
2023-12-24 00:42:56 下次操作: 2023-12-24 00:44:31

2023-12-24 00:44:31 开始第 4784 次操作

2023-12-24 00:44:31 开始操作号码 【1794698】
2023-12-24 00:44:44 GSD getOne 第 1 次 等待 3 秒
2023-12-24 00:44:47 查询号码 【1794698】，返回信息 {"status":"ok","msg":"-","gid":"657740","time_insert":"2023-04-16 09:57"}
2023-12-24 00:44:47 查询号码 【1794698】，GSD为【"-"】
2023-12-24 00:44:47 ok && -
2023-12-24 00:44:49 CHB 1794698?1703349887 第 1 次 等待 3 秒
2023-12-24 00:44:52 CHB 1794698?1703349887 第 1 次 获取到号码【1794698】GSD
2023-12-24 00:44:52 未获取到号码【1794698】GSD，可能号码格式错误
2023-12-24 00:44:52 获取到号码【1794698】的GSD为【-】
2023-12-24 00:44:56 GSD insert 第 1 次 等待 3 秒
2023-12-24 00:44:59 {"status":"bad","gid":"657740","msg":"添加失败！号码【1794698(-|-)】已存在！"}

