2021-07-26 00:00:40 开始第 17 次操作

2021-07-26 00:00:40 开始操作号码 【1577782】
2021-07-26 00:00:45 GSD getOne 第 1 次 等待 3 秒
2021-07-26 00:00:48 查询号码 【1577782】，返回信息 {"status":"bad","msg":""}
2021-07-26 00:00:49 查询号码 【1577782】，GSD为【""】
2021-07-26 00:00:49 bad
2021-07-26 00:00:50 CHB 1577782?1627228849 第 1 次 等待 3 秒
2021-07-26 00:00:53 CHB 1577782?1627228849 第 1 次 获取到号码【1577782】GSD
2021-07-26 00:00:53 获取到号码【1577782】的GSD为【广西-河池】
2021-07-26 00:01:29 GSD insert 第 1 次 等待 3 秒
2021-07-26 00:01:32 {"status":"ok","gid":395144,"msg":"添加成功！"}
2021-07-26 00:01:32 下次操作: 2021-07-26 00:01:47

2021-07-26 00:01:47 开始第 18 次操作

2021-07-26 00:01:47 开始操作号码 【1577781】
2021-07-26 00:01:52 GSD getOne 第 1 次 等待 3 秒
2021-07-26 00:01:55 查询号码 【1577781】，返回信息 {"status":"bad","msg":""}
2021-07-26 00:01:55 查询号码 【1577781】，GSD为【""】
2021-07-26 00:01:55 bad
2021-07-26 00:02:02 CHB 1577781?1627228915 第 1 次 等待 3 秒
2021-07-26 00:02:05 CHB 1577781?1627228915 第 1 次 获取到号码【1577781】GSD
2021-07-26 00:02:05 获取到号码【1577781】的GSD为【广西-河池】
2021-07-26 00:02:21 GSD insert 第 1 次 等待 3 秒
2021-07-26 00:02:24 {"status":"ok","gid":395159,"msg":"添加成功！"}
2021-07-26 00:02:24 下次操作: 2021-07-26 00:02:39

2021-07-26 00:02:39 开始第 19 次操作

2021-07-26 00:02:39 开始操作号码 【1577780】
2021-07-26 00:02:42 GSD getOne 第 1 次 等待 3 秒
2021-07-26 00:02:45 查询号码 【1577780】，返回信息 {"status":"bad","msg":""}
2021-07-26 00:02:45 查询号码 【1577780】，GSD为【""】
2021-07-26 00:02:45 bad
2021-07-26 00:02:51 CHB 1577780?1627228965 第 1 次 等待 3 秒
2021-07-26 00:02:54 CHB 1577780?1627228965 第 1 次 获取到号码【1577780】GSD
2021-07-26 00:02:54 获取到号码【1577780】的GSD为【广西-河池】
2021-07-26 00:03:04 GSD insert 第 1 次 等待 3 秒
2021-07-26 00:03:07 {"status":"ok","gid":395169,"msg":"添加成功！"}
2021-07-26 00:03:07 下次操作: 2021-07-26 00:03:24

2021-07-26 00:03:24 开始第 20 次操作

2021-07-26 00:03:24 开始操作号码 【1577779】
2021-07-26 00:03:33 GSD getOne 第 1 次 等待 3 秒
2021-07-26 00:03:36 查询号码 【1577779】，返回信息 {"status":"bad","msg":""}
2021-07-26 00:03:36 查询号码 【1577779】，GSD为【""】
2021-07-26 00:03:36 bad
2021-07-26 00:03:42 CHB 1577779?1627229016 第 1 次 等待 3 秒
2021-07-26 00:03:45 CHB 1577779?1627229016 第 1 次 获取到号码【1577779】GSD
2021-07-26 00:03:45 获取到号码【1577779】的GSD为【广西-钦州】
2021-07-26 00:03:55 GSD insert 第 1 次 等待 3 秒
2021-07-26 00:03:58 {"status":"ok","gid":395180,"msg":"添加成功！"}
2021-07-26 00:03:58 下次操作: 2021-07-26 00:04:20

2021-07-26 00:04:20 开始第 21 次操作

2021-07-26 00:04:20 开始操作号码 【1577778】
2021-07-26 00:04:23 GSD getOne 第 1 次 等待 3 秒
2021-07-26 00:04:26 查询号码 【1577778】，返回信息 {"status":"bad","msg":""}
2021-07-26 00:04:26 查询号码 【1577778】，GSD为【""】
2021-07-26 00:04:26 bad
2021-07-26 00:04:28 CHB 1577778?1627229066 第 1 次 等待 3 秒
2021-07-26 00:04:31 CHB 1577778?1627229066 第 1 次 获取到号码【1577778】GSD
2021-07-26 00:04:32 获取到号码【1577778】的GSD为【广西-钦州】
2021-07-26 00:04:52 GSD insert 第 1 次 等待 3 秒
2021-07-26 00:04:55 {"status":"ok","gid":395193,"msg":"添加成功！"}
2021-07-26 00:04:55 下次操作: 2021-07-26 00:05:17

2021-07-26 00:05:17 开始第 22 次操作

2021-07-26 00:05:17 开始操作号码 【1577777】
2021-07-26 00:05:21 GSD getOne 第 1 次 等待 3 秒
2021-07-26 00:05:24 查询号码 【1577777】，返回信息 {"status":"ok","msg":"广西-钦州","gid":"24128","time_insert":"2018-10-16 17:22","time_update":"2020-12-17 18:48"}
2021-07-26 00:05:24 查询号码 【1577777】，GSD为【"广西-钦州"】

2021-07-26 00:05:24 开始第 22 次操作

2021-07-26 00:05:24 开始操作号码 【1577776】
2021-07-26 00:05:42 GSD getOne 第 1 次 等待 3 秒
2021-07-26 00:05:45 查询号码 【1577776】，返回信息 {"status":"bad","msg":""}
2021-07-26 00:05:45 查询号码 【1577776】，GSD为【""】
2021-07-26 00:05:45 bad
2021-07-26 00:05:46 CHB 1577776?1627229145 第 1 次 等待 3 秒
2021-07-26 00:05:49 CHB 1577776?1627229145 第 1 次 获取到号码【1577776】GSD
2021-07-26 00:05:49 未获取到号码【1577776】GSD，查号吧 400 错误
2021-07-26 00:05:49 获取到号码【1577776】的GSD为【-】
2021-07-26 00:06:07 GSD insert 第 1 次 等待 3 秒
2021-07-26 00:06:10 {"status":"ok","gid":395211,"msg":"添加成功！"}
2021-07-26 00:06:10 下次操作: 2021-07-26 00:06:28

2021-07-26 00:06:28 开始第 23 次操作

2021-07-26 00:06:28 开始操作号码 【1577775】
2021-07-26 00:06:34 GSD getOne 第 1 次 等待 3 秒
2021-07-26 00:06:37 查询号码 【1577775】，返回信息 {"status":"bad","msg":""}
2021-07-26 00:06:37 查询号码 【1577775】，GSD为【""】
2021-07-26 00:06:37 bad
2021-07-26 00:06:38 CHB 1577775?1627229197 第 1 次 等待 3 秒
2021-07-26 00:06:41 CHB 1577775?1627229197 第 1 次 获取到号码【1577775】GSD
2021-07-26 00:06:41 获取到号码【1577775】的GSD为【广西-钦州】
2021-07-26 00:07:00 GSD insert 第 1 次 等待 3 秒
2021-07-26 00:07:03 {"status":"ok","gid":395226,"msg":"添加成功！"}
2021-07-26 00:07:03 下次操作: 2021-07-26 00:07:15

2021-07-26 00:07:15 开始第 24 次操作

2021-07-26 00:07:15 开始操作号码 【1577774】
2021-07-26 00:07:23 GSD getOne 第 1 次 等待 3 秒
2021-07-26 00:07:26 查询号码 【1577774】，返回信息 {"status":"bad","msg":""}
2021-07-26 00:07:26 查询号码 【1577774】，GSD为【""】
2021-07-26 00:07:26 bad
2021-07-26 00:07:33 CHB 1577774?1627229246 第 1 次 等待 3 秒
2021-07-26 00:07:36 CHB 1577774?1627229246 第 1 次 获取到号码【1577774】GSD
2021-07-26 00:07:36 获取到号码【1577774】的GSD为【广西-钦州】
2021-07-26 00:07:46 GSD insert 第 1 次 等待 3 秒
2021-07-26 00:07:49 {"status":"ok","gid":395236,"msg":"添加成功！"}
2021-07-26 00:07:49 下次操作: 2021-07-26 00:08:10

2021-07-26 00:08:10 开始第 25 次操作

2021-07-26 00:08:10 开始操作号码 【1577773】
2021-07-26 00:08:14 GSD getOne 第 1 次 等待 3 秒
2021-07-26 00:08:17 查询号码 【1577773】，返回信息 {"status":"bad","msg":""}
2021-07-26 00:08:17 查询号码 【1577773】，GSD为【""】
2021-07-26 00:08:17 bad
2021-07-26 00:08:20 CHB 1577773?1627229297 第 1 次 等待 3 秒
2021-07-26 00:08:23 CHB 1577773?1627229297 第 1 次 获取到号码【1577773】GSD
2021-07-26 00:08:23 获取到号码【1577773】的GSD为【广西-钦州】
2021-07-26 00:08:41 GSD insert 第 1 次 等待 3 秒
2021-07-26 00:08:45 {"status":"ok","gid":395245,"msg":"添加成功！"}
2021-07-26 00:08:45 下次操作: 2021-07-26 00:08:59

2021-07-26 00:08:59 开始第 26 次操作

2021-07-26 00:08:59 开始操作号码 【1577772】
2021-07-26 00:09:03 GSD getOne 第 1 次 等待 3 秒
2021-07-26 00:09:06 查询号码 【1577772】，返回信息 {"status":"ok","msg":"广西-钦州","gid":"24127","time_insert":"2017-05-09 03:32","time_update":"2020-12-17 18:43"}
2021-07-26 00:09:07 查询号码 【1577772】，GSD为【"广西-钦州"】

2021-07-26 00:09:07 开始第 26 次操作

2021-07-26 00:09:07 开始操作号码 【1577771】
2021-07-26 00:09:25 GSD getOne 第 1 次 等待 3 秒
2021-07-26 00:09:28 查询号码 【1577771】，返回信息 {"status":"bad","msg":""}
2021-07-26 00:09:28 查询号码 【1577771】，GSD为【""】
2021-07-26 00:09:28 bad
2021-07-26 00:09:29 CHB 1577771?1627229368 第 1 次 等待 3 秒
2021-07-26 00:09:32 CHB 1577771?1627229368 第 1 次 获取到号码【1577771】GSD
2021-07-26 00:09:32 获取到号码【1577771】的GSD为【广西-钦州】
2021-07-26 00:09:51 GSD insert 第 1 次 等待 3 秒
2021-07-26 00:09:54 {"status":"ok","gid":395254,"msg":"添加成功！"}
2021-07-26 00:09:54 下次操作: 2021-07-26 00:10:09

2021-07-26 00:10:09 开始第 27 次操作

2021-07-26 00:10:09 开始操作号码 【1577770】
2021-07-26 00:10:27 GSD getOne 第 1 次 等待 3 秒
2021-07-26 00:10:30 查询号码 【1577770】，返回信息 {"status":"ok","msg":"广西-钦州","gid":"24126","time_insert":"2018-02-25 15:52","time_update":"2020-12-17 18:39"}
2021-07-26 00:10:30 查询号码 【1577770】，GSD为【"广西-钦州"】

2021-07-26 00:10:30 开始第 27 次操作

2021-07-26 00:10:30 开始操作号码 【1577769】
2021-07-26 00:10:48 GSD getOne 第 1 次 等待 3 秒
2021-07-26 00:10:51 查询号码 【1577769】，返回信息 {"status":"bad","msg":""}
2021-07-26 00:10:51 查询号码 【1577769】，GSD为【""】
2021-07-26 00:10:51 bad
2021-07-26 00:10:54 CHB 1577769?1627229451 第 1 次 等待 3 秒
2021-07-26 00:10:57 CHB 1577769?1627229451 第 1 次 获取到号码【1577769】GSD
2021-07-26 00:10:57 获取到号码【1577769】的GSD为【广西-百色】
2021-07-26 00:11:19 GSD insert 第 1 次 等待 3 秒
2021-07-26 00:11:22 {"status":"ok","gid":395271,"msg":"添加成功！"}
2021-07-26 00:11:22 下次操作: 2021-07-26 00:11:39

2021-07-26 00:11:39 开始第 28 次操作

2021-07-26 00:11:39 开始操作号码 【1577768】
2021-07-26 00:11:42 GSD getOne 第 1 次 等待 3 秒
2021-07-26 00:11:45 查询号码 【1577768】，返回信息 {"status":"bad","msg":""}
2021-07-26 00:11:45 查询号码 【1577768】，GSD为【""】
2021-07-26 00:11:45 bad
2021-07-26 00:11:46 CHB 1577768?1627229505 第 1 次 等待 3 秒
2021-07-26 00:11:49 CHB 1577768?1627229505 第 1 次 获取到号码【1577768】GSD
2021-07-26 00:11:49 获取到号码【1577768】的GSD为【广西-百色】
2021-07-26 00:12:13 GSD insert 第 1 次 等待 3 秒
2021-07-26 00:12:16 {"status":"ok","gid":395282,"msg":"添加成功！"}
2021-07-26 00:12:16 下次操作: 2021-07-26 00:12:36

2021-07-26 00:12:36 开始第 29 次操作

2021-07-26 00:12:36 开始操作号码 【1577767】
2021-07-26 00:12:39 GSD getOne 第 1 次 等待 3 秒
2021-07-26 00:12:42 查询号码 【1577767】，返回信息 {"status":"ok","msg":"广西-百色","gid":"49978","time_insert":"2021-04-21 14:46"}
2021-07-26 00:12:42 查询号码 【1577767】，GSD为【"广西-百色"】

2021-07-26 00:12:42 开始第 29 次操作

2021-07-26 00:12:42 开始操作号码 【1577766】
2021-07-26 00:13:00 GSD getOne 第 1 次 等待 3 秒
2021-07-26 00:13:03 查询号码 【1577766】，返回信息 {"status":"bad","msg":""}
2021-07-26 00:13:03 查询号码 【1577766】，GSD为【""】
2021-07-26 00:13:03 bad
2021-07-26 00:13:05 CHB 1577766?1627229583 第 1 次 等待 3 秒
2021-07-26 00:13:08 CHB 1577766?1627229583 第 1 次 获取到号码【1577766】GSD
2021-07-26 00:13:08 获取到号码【1577766】的GSD为【广西-百色】
2021-07-26 00:13:26 GSD insert 第 1 次 等待 3 秒
2021-07-26 00:13:29 {"status":"ok","gid":395298,"msg":"添加成功！"}
2021-07-26 00:13:29 下次操作: 2021-07-26 00:13:48

2021-07-26 00:13:48 开始第 30 次操作

2021-07-26 00:13:48 开始操作号码 【1577765】
2021-07-26 00:13:54 GSD getOne 第 1 次 等待 3 秒
2021-07-26 00:13:57 查询号码 【1577765】，返回信息 {"status":"bad","msg":""}
2021-07-26 00:13:57 查询号码 【1577765】，GSD为【""】
2021-07-26 00:13:57 bad
2021-07-26 00:13:59 CHB 1577765?1627229637 第 1 次 等待 3 秒
2021-07-26 00:14:02 CHB 1577765?1627229637 第 1 次 获取到号码【1577765】GSD
2021-07-26 00:14:02 获取到号码【1577765】的GSD为【广西-百色】
2021-07-26 00:14:20 GSD insert 第 1 次 等待 3 秒
2021-07-26 00:14:23 {"status":"ok","gid":395309,"msg":"添加成功！"}
2021-07-26 00:14:23 下次操作: 2021-07-26 00:14:40

2021-07-26 00:14:40 开始第 31 次操作

2021-07-26 00:14:40 开始操作号码 【1577764】
2021-07-26 00:14:44 GSD getOne 第 1 次 等待 3 秒
2021-07-26 00:14:47 查询号码 【1577764】，返回信息 {"status":"bad","msg":""}
2021-07-26 00:14:47 查询号码 【1577764】，GSD为【""】
2021-07-26 00:14:47 bad
2021-07-26 00:14:49 CHB 1577764?1627229687 第 1 次 等待 3 秒
2021-07-26 00:14:52 CHB 1577764?1627229687 第 1 次 获取到号码【1577764】GSD
2021-07-26 00:14:52 获取到号码【1577764】的GSD为【广西-百色】
2021-07-26 00:15:10 GSD insert 第 1 次 等待 3 秒
2021-07-26 00:15:13 {"status":"ok","gid":395317,"msg":"添加成功！"}
2021-07-26 00:15:13 下次操作: 2021-07-26 00:15:25

2021-07-26 00:15:25 开始第 32 次操作

2021-07-26 00:15:25 开始操作号码 【1577763】
2021-07-26 00:15:39 GSD getOne 第 1 次 等待 3 秒
2021-07-26 00:15:42 查询号码 【1577763】，返回信息 {"status":"bad","msg":""}
2021-07-26 00:15:42 查询号码 【1577763】，GSD为【""】
2021-07-26 00:15:42 bad
2021-07-26 00:15:44 CHB 1577763?1627229742 第 1 次 等待 3 秒
2021-07-26 00:15:47 CHB 1577763?1627229742 第 1 次 获取到号码【1577763】GSD
2021-07-26 00:15:47 获取到号码【1577763】的GSD为【广西-百色】
2021-07-26 00:16:06 GSD insert 第 1 次 等待 3 秒
2021-07-26 00:16:09 {"status":"ok","gid":395326,"msg":"添加成功！"}
2021-07-26 00:16:09 下次操作: 2021-07-26 00:16:31

2021-07-26 00:16:31 开始第 33 次操作

2021-07-26 00:16:31 开始操作号码 【1577762】
2021-07-26 00:16:40 GSD getOne 第 1 次 等待 3 秒
2021-07-26 00:16:43 查询号码 【1577762】，返回信息 {"status":"bad","msg":""}
2021-07-26 00:16:43 查询号码 【1577762】，GSD为【""】
2021-07-26 00:16:43 bad
2021-07-26 00:16:46 CHB 1577762?1627229803 第 1 次 等待 3 秒
2021-07-26 00:16:49 CHB 1577762?1627229803 第 1 次 获取到号码【1577762】GSD
2021-07-26 00:16:49 获取到号码【1577762】的GSD为【广西-百色】
2021-07-26 00:17:07 GSD insert 第 1 次 等待 3 秒
2021-07-26 00:17:10 {"status":"ok","gid":395338,"msg":"添加成功！"}
2021-07-26 00:17:10 下次操作: 2021-07-26 00:17:28

2021-07-26 00:17:28 开始第 34 次操作

2021-07-26 00:17:28 开始操作号码 【1577761】
2021-07-26 00:17:34 GSD getOne 第 1 次 等待 3 秒
2021-07-26 00:17:37 查询号码 【1577761】，返回信息 {"status":"bad","msg":""}
2021-07-26 00:17:37 查询号码 【1577761】，GSD为【""】
2021-07-26 00:17:37 bad
2021-07-26 00:17:40 CHB 1577761?1627229857 第 1 次 等待 3 秒
2021-07-26 00:17:43 CHB 1577761?1627229857 第 1 次 获取到号码【1577761】GSD
2021-07-26 00:17:43 获取到号码【1577761】的GSD为【广西-百色】
2021-07-26 00:18:02 GSD insert 第 1 次 等待 3 秒
2021-07-26 00:18:05 {"status":"ok","gid":395346,"msg":"添加成功！"}
2021-07-26 00:18:05 下次操作: 2021-07-26 00:18:17

2021-07-26 00:18:17 开始第 35 次操作

2021-07-26 00:18:17 开始操作号码 【1577760】
2021-07-26 00:18:25 GSD getOne 第 1 次 等待 3 秒
2021-07-26 00:18:28 查询号码 【1577760】，返回信息 {"status":"bad","msg":""}
2021-07-26 00:18:28 查询号码 【1577760】，GSD为【""】
2021-07-26 00:18:28 bad
2021-07-26 00:18:30 CHB 1577760?1627229908 第 1 次 等待 3 秒
2021-07-26 00:18:33 CHB 1577760?1627229908 第 1 次 获取到号码【1577760】GSD
2021-07-26 00:18:33 获取到号码【1577760】的GSD为【广西-百色】
2021-07-26 00:18:51 GSD insert 第 1 次 等待 3 秒
2021-07-26 00:18:54 {"status":"ok","gid":395351,"msg":"添加成功！"}
2021-07-26 00:18:54 下次操作: 2021-07-26 00:19:15

2021-07-26 00:19:15 开始第 36 次操作

2021-07-26 00:19:15 开始操作号码 【1577759】
2021-07-26 00:19:43 GSD getOne 第 1 次 等待 3 秒
2021-07-26 00:19:46 查询号码 【1577759】，返回信息 {"status":"bad","msg":""}
2021-07-26 00:19:46 查询号码 【1577759】，GSD为【""】
2021-07-26 00:19:46 bad
2021-07-26 00:19:49 CHB 1577759?1627229986 第 1 次 等待 3 秒
2021-07-26 00:19:52 CHB 1577759?1627229986 第 1 次 获取到号码【1577759】GSD
2021-07-26 00:19:52 获取到号码【1577759】的GSD为【广西-贵港】
2021-07-26 00:20:12 GSD insert 第 1 次 等待 3 秒
2021-07-26 00:20:15 {"status":"ok","gid":395359,"msg":"添加成功！"}
2021-07-26 00:20:15 下次操作: 2021-07-26 00:20:35

2021-07-26 00:20:35 开始第 37 次操作

2021-07-26 00:20:35 开始操作号码 【1577758】
2021-07-26 00:20:38 GSD getOne 第 1 次 等待 3 秒
2021-07-26 00:20:41 查询号码 【1577758】，返回信息 {"status":"bad","msg":""}
2021-07-26 00:20:41 查询号码 【1577758】，GSD为【""】
2021-07-26 00:20:41 bad
2021-07-26 00:20:44 CHB 1577758?1627230041 第 1 次 等待 3 秒
2021-07-26 00:20:47 CHB 1577758?1627230041 第 1 次 获取到号码【1577758】GSD
2021-07-26 00:20:47 获取到号码【1577758】的GSD为【广西-贵港】
2021-07-26 00:21:06 GSD insert 第 1 次 等待 3 秒
2021-07-26 00:21:09 {"status":"ok","gid":395364,"msg":"添加成功！"}
2021-07-26 00:21:09 下次操作: 2021-07-26 00:21:27

2021-07-26 00:21:27 开始第 38 次操作

2021-07-26 00:21:27 开始操作号码 【1577757】
2021-07-26 00:21:30 GSD getOne 第 1 次 等待 3 秒
2021-07-26 00:21:33 查询号码 【1577757】，返回信息 {"status":"bad","msg":""}
2021-07-26 00:21:33 查询号码 【1577757】，GSD为【""】
2021-07-26 00:21:33 bad
2021-07-26 00:21:35 CHB 1577757?1627230093 第 1 次 等待 3 秒
2021-07-26 00:21:38 CHB 1577757?1627230093 第 1 次 获取到号码【1577757】GSD
2021-07-26 00:21:38 获取到号码【1577757】的GSD为【广西-贵港】
2021-07-26 00:21:59 GSD insert 第 1 次 等待 3 秒
2021-07-26 00:22:02 {"status":"ok","gid":395367,"msg":"添加成功！"}
2021-07-26 00:22:02 下次操作: 2021-07-26 00:22:16

2021-07-26 00:22:16 开始第 39 次操作

2021-07-26 00:22:16 开始操作号码 【1577756】
2021-07-26 00:22:19 GSD getOne 第 1 次 等待 3 秒
2021-07-26 00:22:22 查询号码 【1577756】，返回信息 {"status":"ok","msg":"广西-玉林","gid":"24125","time_insert":"2019-01-06 16:21","time_update":"2020-12-17 18:35"}
2021-07-26 00:22:23 查询号码 【1577756】，GSD为【"广西-玉林"】

2021-07-26 00:22:23 开始第 39 次操作

2021-07-26 00:22:23 开始操作号码 【1577755】
2021-07-26 00:22:41 GSD getOne 第 1 次 等待 3 秒
2021-07-26 00:22:44 查询号码 【1577755】，返回信息 {"status":"bad","msg":""}
2021-07-26 00:22:44 查询号码 【1577755】，GSD为【""】
2021-07-26 00:22:44 bad
2021-07-26 00:22:46 CHB 1577755?1627230164 第 1 次 等待 3 秒
2021-07-26 00:22:49 CHB 1577755?1627230164 第 1 次 获取到号码【1577755】GSD
2021-07-26 00:22:49 获取到号码【1577755】的GSD为【广西-玉林】
2021-07-26 00:23:08 GSD insert 第 1 次 等待 3 秒
2021-07-26 00:23:11 {"status":"ok","gid":395375,"msg":"添加成功！"}
2021-07-26 00:23:11 下次操作: 2021-07-26 00:23:34

2021-07-26 00:23:34 开始第 40 次操作

2021-07-26 00:23:34 开始操作号码 【1577754】
2021-07-26 00:23:37 GSD getOne 第 1 次 等待 3 秒
2021-07-26 00:23:40 查询号码 【1577754】，返回信息 {"status":"bad","msg":""}
2021-07-26 00:23:40 查询号码 【1577754】，GSD为【""】
2021-07-26 00:23:40 bad
2021-07-26 00:23:42 CHB 1577754?1627230220 第 1 次 等待 3 秒
2021-07-26 00:23:45 CHB 1577754?1627230220 第 1 次 获取到号码【1577754】GSD
2021-07-26 00:23:45 获取到号码【1577754】的GSD为【广西-玉林】
2021-07-26 00:24:07 GSD insert 第 1 次 等待 3 秒
2021-07-26 00:24:10 {"status":"ok","gid":395379,"msg":"添加成功！"}

