2024-01-29 00:18:48 开始第 673 次操作

2024-01-29 00:18:48 开始操作号码 【1680585】
2024-01-29 00:18:57 GSD getOne 第 1 次 等待 3 秒
2024-01-29 00:19:00 查询号码 【1680585】，返回信息 {"status":"ok","msg":"-","gid":"527684","time_insert":"2023-02-12 16:59"}
2024-01-29 00:19:00 查询号码 【1680585】，GSD为【"-"】
2024-01-29 00:19:00 ok && -
2024-01-29 00:22:08 CHB 1680585?1706458740 第 1 次 等待 3 秒
2024-01-29 00:22:11 CHB 1680585?1706458740 第 1 次 未获取到 等待 158 秒 下次操作: 2024-01-29 00:24:49
2024-01-29 00:24:51 CHB 1680585?1706459089 第 2 次 等待 3 秒
2024-01-29 00:24:54 CHB 1680585?1706459089 第 2 次 获取到号码【1680585】GSD
2024-01-29 00:24:54 未获取到号码【1680585】GSD，可能号码格式错误
2024-01-29 00:24:54 获取到号码【1680585】的GSD为【-】
2024-01-29 00:24:59 GSD insert 第 1 次 等待 3 秒
2024-01-29 00:25:02 {"status":"bad","gid":"527684","msg":"添加失败！号码【1680585(-|-)】已存在！"}
2024-01-29 00:25:02 随机等待 172 秒，约 2 分钟
2024-01-29 00:25:02 下次操作: 2024-01-29 00:27:54

2024-01-29 00:27:54 开始第 674 次操作

2024-01-29 00:27:54 开始操作号码 【1680586】
2024-01-29 00:27:58 GSD getOne 第 1 次 等待 3 秒
2024-01-29 00:28:01 查询号码 【1680586】，返回信息 {"status":"ok","msg":"-","gid":"527696","time_insert":"2023-02-12 17:11"}
2024-01-29 00:28:01 查询号码 【1680586】，GSD为【"-"】
2024-01-29 00:28:01 ok && -
2024-01-29 00:28:04 CHB 1680586?1706459281 第 1 次 等待 3 秒
2024-01-29 00:28:07 CHB 1680586?1706459281 第 1 次 获取到号码【1680586】GSD
2024-01-29 00:28:07 未获取到号码【1680586】GSD，可能号码格式错误
2024-01-29 00:28:07 获取到号码【1680586】的GSD为【-】
2024-01-29 00:28:11 GSD insert 第 1 次 等待 3 秒
2024-01-29 00:28:14 {"status":"bad","gid":"527696","msg":"添加失败！号码【1680586(-|-)】已存在！"}
2024-01-29 00:28:14 随机等待 194 秒，约 3 分钟
2024-01-29 00:28:14 下次操作: 2024-01-29 00:31:28

2024-01-29 00:31:28 开始第 675 次操作

2024-01-29 00:31:28 开始操作号码 【1680587】
2024-01-29 00:31:33 GSD getOne 第 1 次 等待 3 秒
2024-01-29 00:31:36 查询号码 【1680587】，返回信息 {"status":"ok","msg":"-","gid":"527708","time_insert":"2023-02-12 17:23"}
2024-01-29 00:31:36 查询号码 【1680587】，GSD为【"-"】
2024-01-29 00:31:36 ok && -
2024-01-29 00:31:39 CHB 1680587?1706459496 第 1 次 等待 3 秒
2024-01-29 00:31:42 CHB 1680587?1706459496 第 1 次 获取到号码【1680587】GSD
2024-01-29 00:31:42 未获取到号码【1680587】GSD，可能号码格式错误
2024-01-29 00:31:42 获取到号码【1680587】的GSD为【-】
2024-01-29 00:31:46 GSD insert 第 1 次 等待 3 秒
2024-01-29 00:31:49 {"status":"bad","gid":"527708","msg":"添加失败！号码【1680587(-|-)】已存在！"}
2024-01-29 00:31:49 随机等待 161 秒，约 2 分钟
2024-01-29 00:31:49 下次操作: 2024-01-29 00:34:30

2024-01-29 00:34:30 开始第 676 次操作

2024-01-29 00:34:30 开始操作号码 【1680588】
2024-01-29 00:34:35 GSD getOne 第 1 次 等待 3 秒
2024-01-29 00:34:38 查询号码 【1680588】，返回信息 {"status":"ok","msg":"-","gid":"527720","time_insert":"2023-02-12 17:35"}
2024-01-29 00:34:38 查询号码 【1680588】，GSD为【"-"】
2024-01-29 00:34:38 ok && -
2024-01-29 00:34:40 CHB 1680588?1706459678 第 1 次 等待 3 秒
2024-01-29 00:34:43 CHB 1680588?1706459678 第 1 次 获取到号码【1680588】GSD
2024-01-29 00:34:43 未获取到号码【1680588】GSD，可能号码格式错误
2024-01-29 00:34:43 获取到号码【1680588】的GSD为【-】
2024-01-29 00:34:47 GSD insert 第 1 次 等待 3 秒
2024-01-29 00:34:50 {"status":"bad","gid":"527720","msg":"添加失败！号码【1680588(-|-)】已存在！"}

