2024-07-23 00:24:42 开始第 7385 次操作

2024-07-23 00:24:42 开始操作号码 【1467287】
2024-07-23 00:24:50 GSD getOne 第 1 次 等待 3 秒
2024-07-23 00:24:53 查询号码 【1467287】，返回信息 {"status":"ok","msg":"江苏-南京","gid":"386519","time_insert":"2021-07-25 06:58"}
2024-07-23 00:24:53 查询号码 【1467287】，GSD为【"江苏-南京"】

2024-07-23 00:24:54 开始第 7386 次操作

2024-07-23 00:24:54 开始操作号码 【1467288】
2024-07-23 00:25:02 GSD getOne 第 1 次 等待 3 秒
2024-07-23 00:25:05 查询号码 【1467288】，返回信息 {"status":"ok","msg":"江苏-南京","gid":"386510","time_insert":"2021-07-25 06:57"}
2024-07-23 00:25:05 查询号码 【1467288】，GSD为【"江苏-南京"】

2024-07-23 00:25:06 开始第 7387 次操作

2024-07-23 00:25:06 开始操作号码 【1467289】
2024-07-23 00:25:14 GSD getOne 第 1 次 等待 3 秒
2024-07-23 00:25:17 查询号码 【1467289】，返回信息 {"status":"ok","msg":"江苏-南京","gid":"386504","time_insert":"2021-07-25 06:57"}
2024-07-23 00:25:17 查询号码 【1467289】，GSD为【"江苏-南京"】

2024-07-23 00:25:18 开始第 7388 次操作

2024-07-23 00:25:18 开始操作号码 【1467290】
2024-07-23 00:25:26 GSD getOne 第 1 次 等待 3 秒
2024-07-23 00:25:29 查询号码 【1467290】，返回信息 {"status":"ok","msg":"江苏-南京","gid":"386495","time_insert":"2021-07-25 06:56"}
2024-07-23 00:25:29 查询号码 【1467290】，GSD为【"江苏-南京"】

2024-07-23 00:42:42 开始第 7389 次操作

2024-07-23 00:42:42 开始操作号码 【1467291】
2024-07-23 00:42:50 GSD getOne 第 1 次 等待 3 秒
2024-07-23 00:42:53 查询号码 【1467291】，返回信息 {"status":"ok","msg":"江苏-南京","gid":"386482","time_insert":"2021-07-25 06:56"}
2024-07-23 00:42:53 查询号码 【1467291】，GSD为【"江苏-南京"】

2024-07-23 00:42:54 开始第 7390 次操作

2024-07-23 00:42:54 开始操作号码 【1467292】
2024-07-23 00:43:01 GSD getOne 第 1 次 等待 3 秒
2024-07-23 00:43:04 查询号码 【1467292】，返回信息 {"status":"ok","msg":"江苏-南京","gid":"386474","time_insert":"2021-07-25 06:55"}
2024-07-23 00:43:05 查询号码 【1467292】，GSD为【"江苏-南京"】

2024-07-23 00:43:06 开始第 7391 次操作

2024-07-23 00:43:06 开始操作号码 【1467293】
2024-07-23 00:43:14 GSD getOne 第 1 次 等待 3 秒
2024-07-23 00:43:17 查询号码 【1467293】，返回信息 {"status":"ok","msg":"江苏-南京","gid":"386463","time_insert":"2021-07-25 06:55"}
2024-07-23 00:43:17 查询号码 【1467293】，GSD为【"江苏-南京"】

2024-07-23 00:43:18 开始第 7392 次操作

2024-07-23 00:43:18 开始操作号码 【1467294】
2024-07-23 00:43:26 GSD getOne 第 1 次 等待 3 秒
2024-07-23 00:43:29 查询号码 【1467294】，返回信息 {"status":"ok","msg":"江苏-南京","gid":"386454","time_insert":"2021-07-25 06:54"}
2024-07-23 00:43:29 查询号码 【1467294】，GSD为【"江苏-南京"】

2024-07-23 01:17:52 开始第 7393 次操作

2024-07-23 01:17:52 开始操作号码 【1467295】
2024-07-23 01:18:00 GSD getOne 第 1 次 等待 3 秒
2024-07-23 01:18:03 查询号码 【1467295】，返回信息 {"status":"ok","msg":"江苏-南京","gid":"386443","time_insert":"2021-07-25 06:54"}
2024-07-23 01:18:03 查询号码 【1467295】，GSD为【"江苏-南京"】

2024-07-23 01:18:04 开始第 7394 次操作

2024-07-23 01:18:04 开始操作号码 【1467296】
2024-07-23 01:18:12 GSD getOne 第 1 次 等待 3 秒
2024-07-23 01:18:15 查询号码 【1467296】，返回信息 {"status":"ok","msg":"江苏-南京","gid":"386434","time_insert":"2021-07-25 06:53"}
2024-07-23 01:18:15 查询号码 【1467296】，GSD为【"江苏-南京"】

2024-07-23 01:18:16 开始第 7395 次操作

2024-07-23 01:18:16 开始操作号码 【1467297】
2024-07-23 01:18:24 GSD getOne 第 1 次 等待 3 秒
2024-07-23 01:18:27 查询号码 【1467297】，返回信息 {"status":"ok","msg":"江苏-南京","gid":"386420","time_insert":"2021-07-25 06:52"}
2024-07-23 01:18:27 查询号码 【1467297】，GSD为【"江苏-南京"】

2024-07-23 01:18:28 开始第 7396 次操作

2024-07-23 01:18:28 开始操作号码 【1467298】
2024-07-23 01:18:36 GSD getOne 第 1 次 等待 3 秒
2024-07-23 01:18:39 查询号码 【1467298】，返回信息 {"status":"ok","msg":"江苏-南京","gid":"386411","time_insert":"2021-07-25 06:52"}
2024-07-23 01:18:39 查询号码 【1467298】，GSD为【"江苏-南京"】

2024-07-23 01:38:44 开始第 7397 次操作

2024-07-23 01:38:44 开始操作号码 【1467299】
2024-07-23 01:38:52 GSD getOne 第 1 次 等待 3 秒
2024-07-23 01:38:55 查询号码 【1467299】，返回信息 {"status":"ok","msg":"江苏-南京","gid":"386401","time_insert":"2021-07-25 06:51"}
2024-07-23 01:38:55 查询号码 【1467299】，GSD为【"江苏-南京"】

2024-07-23 01:38:56 开始第 7398 次操作

2024-07-23 01:38:56 开始操作号码 【1467300】
2024-07-23 01:39:05 GSD getOne 第 1 次 等待 3 秒
2024-07-23 01:39:08 查询号码 【1467300】，返回信息 {"status":"ok","msg":"江苏-南京","gid":"386391","time_insert":"2021-07-25 06:51"}
2024-07-23 01:39:08 查询号码 【1467300】，GSD为【"江苏-南京"】

2024-07-23 01:39:09 开始第 7399 次操作

2024-07-23 01:39:09 开始操作号码 【1467301】
2024-07-23 01:39:17 GSD getOne 第 1 次 等待 3 秒
2024-07-23 01:39:20 查询号码 【1467301】，返回信息 {"status":"ok","msg":"江苏-南京","gid":"386380","time_insert":"2021-07-25 06:50"}
2024-07-23 01:39:20 查询号码 【1467301】，GSD为【"江苏-南京"】

2024-07-23 01:39:21 开始第 7400 次操作

2024-07-23 01:39:21 开始操作号码 【1467302】
2024-07-23 01:39:29 GSD getOne 第 1 次 等待 3 秒
2024-07-23 01:39:32 查询号码 【1467302】，返回信息 {"status":"ok","msg":"江苏-南京","gid":"386371","time_insert":"2021-07-25 06:49"}
2024-07-23 01:39:32 查询号码 【1467302】，GSD为【"江苏-南京"】

2024-07-23 02:25:44 开始第 7401 次操作

2024-07-23 02:25:44 开始操作号码 【1467303】
2024-07-23 02:25:52 GSD getOne 第 1 次 等待 3 秒
2024-07-23 02:25:55 查询号码 【1467303】，返回信息 {"status":"ok","msg":"江苏-南京","gid":"386360","time_insert":"2021-07-25 06:49"}
2024-07-23 02:25:55 查询号码 【1467303】，GSD为【"江苏-南京"】

2024-07-23 02:25:56 开始第 7402 次操作

2024-07-23 02:25:56 开始操作号码 【1467304】
2024-07-23 02:26:05 GSD getOne 第 1 次 等待 3 秒
2024-07-23 02:26:08 查询号码 【1467304】，返回信息 {"status":"ok","msg":"江苏-南京","gid":"386351","time_insert":"2021-07-25 06:48"}
2024-07-23 02:26:08 查询号码 【1467304】，GSD为【"江苏-南京"】

2024-07-23 02:26:09 开始第 7403 次操作

2024-07-23 02:26:09 开始操作号码 【1467305】
2024-07-23 02:26:16 GSD getOne 第 1 次 等待 3 秒
2024-07-23 02:26:19 查询号码 【1467305】，返回信息 {"status":"ok","msg":"江苏-南京","gid":"386340","time_insert":"2021-07-25 06:47"}
2024-07-23 02:26:19 查询号码 【1467305】，GSD为【"江苏-南京"】

2024-07-23 02:26:20 开始第 7404 次操作

2024-07-23 02:26:20 开始操作号码 【1467306】
2024-07-23 02:26:28 GSD getOne 第 1 次 等待 3 秒
2024-07-23 02:26:31 查询号码 【1467306】，返回信息 {"status":"ok","msg":"江苏-南京","gid":"386330","time_insert":"2021-07-25 06:47"}
2024-07-23 02:26:31 查询号码 【1467306】，GSD为【"江苏-南京"】

2024-07-23 02:41:48 开始第 7405 次操作

2024-07-23 02:41:48 开始操作号码 【1467307】
2024-07-23 02:41:56 GSD getOne 第 1 次 等待 3 秒
2024-07-23 02:41:59 查询号码 【1467307】，返回信息 {"status":"ok","msg":"江苏-南京","gid":"386318","time_insert":"2021-07-25 06:46"}
2024-07-23 02:41:59 查询号码 【1467307】，GSD为【"江苏-南京"】

2024-07-23 02:42:00 开始第 7406 次操作

2024-07-23 02:42:00 开始操作号码 【1467308】
2024-07-23 02:42:09 GSD getOne 第 1 次 等待 3 秒
2024-07-23 02:42:12 查询号码 【1467308】，返回信息 {"status":"ok","msg":"江苏-南京","gid":"386306","time_insert":"2021-07-25 06:46"}
2024-07-23 02:42:12 查询号码 【1467308】，GSD为【"江苏-南京"】

2024-07-23 02:42:13 开始第 7407 次操作

2024-07-23 02:42:13 开始操作号码 【1467309】
2024-07-23 02:42:20 GSD getOne 第 1 次 等待 3 秒
2024-07-23 02:42:23 查询号码 【1467309】，返回信息 {"status":"ok","msg":"江苏-南京","gid":"386298","time_insert":"2021-07-25 06:45"}
2024-07-23 02:42:23 查询号码 【1467309】，GSD为【"江苏-南京"】

2024-07-23 02:42:24 开始第 7408 次操作

2024-07-23 02:42:24 开始操作号码 【1467310】
2024-07-23 02:42:32 GSD getOne 第 1 次 等待 3 秒
2024-07-23 02:42:35 查询号码 【1467310】，返回信息 {"status":"ok","msg":"江苏-南京","gid":"386287","time_insert":"2021-07-25 06:44"}
2024-07-23 02:42:35 查询号码 【1467310】，GSD为【"江苏-南京"】

2024-07-23 03:15:58 开始第 7409 次操作

2024-07-23 03:15:58 开始操作号码 【1467311】
2024-07-23 03:16:06 GSD getOne 第 1 次 等待 3 秒
2024-07-23 03:16:09 查询号码 【1467311】，返回信息 {"status":"ok","msg":"江苏-南京","gid":"386277","time_insert":"2021-07-25 06:44"}
2024-07-23 03:16:09 查询号码 【1467311】，GSD为【"江苏-南京"】

2024-07-23 03:16:10 开始第 7410 次操作

2024-07-23 03:16:10 开始操作号码 【1467312】
2024-07-23 03:16:18 GSD getOne 第 1 次 等待 3 秒
2024-07-23 03:16:21 查询号码 【1467312】，返回信息 {"status":"ok","msg":"江苏-南京","gid":"386265","time_insert":"2021-07-25 06:43"}
2024-07-23 03:16:21 查询号码 【1467312】，GSD为【"江苏-南京"】

2024-07-23 03:16:22 开始第 7411 次操作

2024-07-23 03:16:22 开始操作号码 【1467313】
2024-07-23 03:16:29 GSD getOne 第 1 次 等待 3 秒
2024-07-23 03:16:32 查询号码 【1467313】，返回信息 {"status":"ok","msg":"江苏-南京","gid":"386253","time_insert":"2021-07-25 06:43"}
2024-07-23 03:16:32 查询号码 【1467313】，GSD为【"江苏-南京"】

2024-07-23 03:16:33 开始第 7412 次操作

2024-07-23 03:16:33 开始操作号码 【1467314】
2024-07-23 03:16:42 GSD getOne 第 1 次 等待 3 秒
2024-07-23 03:16:45 查询号码 【1467314】，返回信息 {"status":"ok","msg":"江苏-南京","gid":"386244","time_insert":"2021-07-25 06:42"}
2024-07-23 03:16:46 查询号码 【1467314】，GSD为【"江苏-南京"】

