2024-02-20 00:22:54 开始第 4593 次操作

2024-02-20 00:22:54 开始操作号码 【1684505】
2024-02-20 00:23:02 GSD getOne 第 1 次 等待 3 秒
2024-02-20 00:23:05 查询号码 【1684505】，返回信息 {"status":"ok","msg":"-","gid":"612464","time_insert":"2023-03-24 23:07"}
2024-02-20 00:23:06 查询号码 【1684505】，GSD为【"-"】
2024-02-20 00:23:06 ok && -
2024-02-20 00:23:08 CHB 1684505?1708359786 第 1 次 等待 3 秒
2024-02-20 00:23:11 CHB 1684505?1708359786 第 1 次 获取到号码【1684505】GSD
2024-02-20 00:23:11 未获取到号码【1684505】GSD，可能号码格式错误
2024-02-20 00:23:11 获取到号码【1684505】的GSD为【-】
2024-02-20 00:23:17 GSD insert 第 1 次 等待 3 秒
2024-02-20 00:23:20 {"status":"bad","gid":"612464","msg":"添加失败！号码【1684505(-|-)】已存在！"}
2024-02-20 00:23:20 随机等待 102 秒，约 1 分钟
2024-02-20 00:23:20 下次操作: 2024-02-20 00:25:02

2024-02-20 00:25:02 开始第 4594 次操作

2024-02-20 00:25:02 开始操作号码 【1684506】
2024-02-20 00:25:08 GSD getOne 第 1 次 等待 3 秒
2024-02-20 00:25:11 查询号码 【1684506】，返回信息 {"status":"ok","msg":"-","gid":"612488","time_insert":"2023-03-24 23:26"}
2024-02-20 00:25:11 查询号码 【1684506】，GSD为【"-"】
2024-02-20 00:25:11 ok && -
2024-02-20 00:25:17 CHB 1684506?1708359911 第 1 次 等待 3 秒
2024-02-20 00:25:20 CHB 1684506?1708359911 第 1 次 获取到号码【1684506】GSD
2024-02-20 00:25:20 未获取到号码【1684506】GSD，可能号码格式错误
2024-02-20 00:25:20 获取到号码【1684506】的GSD为【-】
2024-02-20 00:25:24 GSD insert 第 1 次 等待 3 秒
2024-02-20 00:25:27 {"status":"bad","gid":"612488","msg":"添加失败！号码【1684506(-|-)】已存在！"}
2024-02-20 00:25:27 随机等待 133 秒，约 2 分钟
2024-02-20 00:25:27 下次操作: 2024-02-20 00:27:40

2024-02-20 00:27:40 开始第 4595 次操作

2024-02-20 00:27:40 开始操作号码 【1684507】
2024-02-20 00:27:46 GSD getOne 第 1 次 等待 3 秒
2024-02-20 00:27:49 查询号码 【1684507】，返回信息 {"status":"ok","msg":"-","gid":"612509","time_insert":"2023-03-24 23:38"}
2024-02-20 00:27:49 查询号码 【1684507】，GSD为【"-"】
2024-02-20 00:27:49 ok && -
2024-02-20 00:27:51 CHB 1684507?1708360069 第 1 次 等待 3 秒
2024-02-20 00:27:54 CHB 1684507?1708360069 第 1 次 获取到号码【1684507】GSD
2024-02-20 00:27:54 未获取到号码【1684507】GSD，可能号码格式错误
2024-02-20 00:27:54 获取到号码【1684507】的GSD为【-】
2024-02-20 00:27:58 GSD insert 第 1 次 等待 3 秒
2024-02-20 00:28:01 {"status":"bad","gid":"612509","msg":"添加失败！号码【1684507(-|-)】已存在！"}
2024-02-20 00:28:01 随机等待 123 秒，约 2 分钟
2024-02-20 00:28:01 下次操作: 2024-02-20 00:30:04

2024-02-20 00:30:04 开始第 4596 次操作

2024-02-20 00:30:04 开始操作号码 【1684508】
2024-02-20 00:30:09 GSD getOne 第 1 次 等待 3 秒
2024-02-20 00:30:12 查询号码 【1684508】，返回信息 {"status":"ok","msg":"-","gid":"612545","time_insert":"2023-03-25 00:00"}
2024-02-20 00:30:12 查询号码 【1684508】，GSD为【"-"】
2024-02-20 00:30:12 ok && -
2024-02-20 00:30:15 CHB 1684508?1708360212 第 1 次 等待 3 秒
2024-02-20 00:30:18 CHB 1684508?1708360212 第 1 次 获取到号码【1684508】GSD
2024-02-20 00:30:18 未获取到号码【1684508】GSD，可能号码格式错误
2024-02-20 00:30:18 获取到号码【1684508】的GSD为【-】
2024-02-20 00:30:22 GSD insert 第 1 次 等待 3 秒
2024-02-20 00:30:25 {"status":"bad","gid":"612545","msg":"添加失败！号码【1684508(-|-)】已存在！"}

