2024-04-27 00:23:07 开始第 5665 次操作

2024-04-27 00:23:07 开始操作号码 【1575578】
2024-04-27 00:23:18 GSD getOne 第 1 次 等待 3 秒
2024-04-27 00:23:21 查询号码 【1575578】，返回信息 {"status":"ok","msg":"安徽-宿州","gid":"417495","time_insert":"2021-07-27 21:47"}
2024-04-27 00:23:21 查询号码 【1575578】，GSD为【"安徽-宿州"】

2024-04-27 00:23:22 开始第 5666 次操作

2024-04-27 00:23:22 开始操作号码 【1575579】
2024-04-27 00:23:28 GSD getOne 第 1 次 等待 3 秒
2024-04-27 00:23:31 查询号码 【1575579】，返回信息 {"status":"ok","msg":"安徽-宿州","gid":"417484","time_insert":"2021-07-27 21:46"}
2024-04-27 00:23:31 查询号码 【1575579】，GSD为【"安徽-宿州"】

2024-04-27 00:23:32 开始第 5667 次操作

2024-04-27 00:23:32 开始操作号码 【1575580】
2024-04-27 00:23:39 GSD getOne 第 1 次 等待 3 秒
2024-04-27 00:23:42 查询号码 【1575580】，返回信息 {"status":"ok","msg":"安徽-阜阳","gid":"417474","time_insert":"2021-07-27 21:46"}
2024-04-27 00:23:42 查询号码 【1575580】，GSD为【"安徽-阜阳"】

2024-04-27 00:23:43 开始第 5668 次操作

2024-04-27 00:23:43 开始操作号码 【1575581】
2024-04-27 00:23:51 GSD getOne 第 1 次 等待 3 秒
2024-04-27 00:23:54 查询号码 【1575581】，返回信息 {"status":"ok","msg":"安徽-阜阳","gid":"417462","time_insert":"2021-07-27 21:45"}
2024-04-27 00:23:54 查询号码 【1575581】，GSD为【"安徽-阜阳"】

