2023-10-04 00:22:32 开始第 1349 次操作

2023-10-04 00:22:32 开始操作号码 【1891348】
2023-10-04 00:22:37 GSD getOne 第 1 次 等待 3 秒
2023-10-04 00:22:40 查询号码 【1891348】，返回信息 {"status":"ok","msg":"江苏-徐州","gid":"475863","time_insert":"2021-08-02 05:43"}
2023-10-04 00:22:40 查询号码 【1891348】，GSD为【"江苏-徐州"】

2023-10-04 00:22:41 开始第 1350 次操作

2023-10-04 00:22:41 开始操作号码 【1891349】
2023-10-04 00:22:48 GSD getOne 第 1 次 等待 3 秒
2023-10-04 00:22:51 查询号码 【1891349】，返回信息 {"status":"ok","msg":"江苏-徐州","gid":"476089","time_insert":"2021-08-02 05:56"}
2023-10-04 00:22:51 查询号码 【1891349】，GSD为【"江苏-徐州"】

2023-10-04 00:22:52 开始第 1351 次操作

2023-10-04 00:22:52 开始操作号码 【1891350】
2023-10-04 00:22:56 GSD getOne 第 1 次 等待 3 秒
2023-10-04 00:22:59 查询号码 【1891350】，返回信息 {"status":"ok","msg":"江苏-苏州","gid":"476272","time_insert":"2021-08-02 06:11"}
2023-10-04 00:23:00 查询号码 【1891350】，GSD为【"江苏-苏州"】

2023-10-04 00:23:01 开始第 1352 次操作

2023-10-04 00:23:01 开始操作号码 【1891351】
2023-10-04 00:23:04 GSD getOne 第 1 次 等待 3 秒
2023-10-04 00:23:07 查询号码 【1891351】，返回信息 {"status":"ok","msg":"江苏-苏州","gid":"476290","time_insert":"2021-08-02 06:26"}
2023-10-04 00:23:07 查询号码 【1891351】，GSD为【"江苏-苏州"】

