2024-09-18 00:24:43 开始第 5113 次操作

2024-09-18 00:24:43 开始操作号码 【1355112】
2024-09-18 00:24:51 GSD getOne 第 1 次 等待 3 秒
2024-09-18 00:24:54 查询号码 【1355112】，返回信息 {"status":"ok","msg":"四川-成都","gid":"6271","time_insert":"2016-01-21 10:56","time_update":"2020-10-12 09:55"}
2024-09-18 00:24:54 查询号码 【1355112】，GSD为【"四川-成都"】

2024-09-18 00:24:55 开始第 5114 次操作

2024-09-18 00:24:55 开始操作号码 【1355113】
2024-09-18 00:25:04 GSD getOne 第 1 次 等待 3 秒
2024-09-18 00:25:07 查询号码 【1355113】，返回信息 {"status":"ok","msg":"四川-成都","gid":"6272","time_insert":"2017-05-01 00:00","time_update":"2020-10-12 09:58"}
2024-09-18 00:25:07 查询号码 【1355113】，GSD为【"四川-成都"】

2024-09-18 00:25:08 开始第 5115 次操作

2024-09-18 00:25:08 开始操作号码 【1355114】
2024-09-18 00:25:16 GSD getOne 第 1 次 等待 3 秒
2024-09-18 00:25:19 查询号码 【1355114】，返回信息 {"status":"ok","msg":"四川-成都","gid":"6273","time_insert":"2019-03-14 16:05","time_update":"2020-10-12 10:03"}
2024-09-18 00:25:19 查询号码 【1355114】，GSD为【"四川-成都"】

2024-09-18 00:25:20 开始第 5116 次操作

2024-09-18 00:25:20 开始操作号码 【1355115】
2024-09-18 00:25:28 GSD getOne 第 1 次 等待 3 秒
2024-09-18 00:25:31 查询号码 【1355115】，返回信息 {"status":"ok","msg":"四川-成都","gid":"6274","time_insert":"2018-11-02 22:18","time_update":"2020-10-12 10:06"}
2024-09-18 00:25:31 查询号码 【1355115】，GSD为【"四川-成都"】

2024-09-18 00:44:08 开始第 5117 次操作

2024-09-18 00:44:08 开始操作号码 【1355116】
2024-09-18 00:44:16 GSD getOne 第 1 次 等待 3 秒
2024-09-18 00:44:19 查询号码 【1355116】，返回信息 {"status":"ok","msg":"四川-成都","gid":"6275","time_insert":"2017-05-01 00:00","time_update":"2020-10-12 10:10"}
2024-09-18 00:44:19 查询号码 【1355116】，GSD为【"四川-成都"】

2024-09-18 00:44:20 开始第 5118 次操作

2024-09-18 00:44:20 开始操作号码 【1355117】
2024-09-18 00:44:28 GSD getOne 第 1 次 等待 3 秒
2024-09-18 00:44:31 查询号码 【1355117】，返回信息 {"status":"ok","msg":"四川-成都","gid":"6276","time_insert":"2013-12-22 18:35","time_update":"2021-05-14 10:45"}
2024-09-18 00:44:31 查询号码 【1355117】，GSD为【"四川-成都"】

2024-09-18 00:44:32 开始第 5119 次操作

2024-09-18 00:44:32 开始操作号码 【1355118】
2024-09-18 00:44:42 GSD getOne 第 1 次 等待 3 秒
2024-09-18 00:44:45 查询号码 【1355118】，返回信息 {"status":"ok","msg":"四川-成都","gid":"6277","time_insert":"2014-08-22 15:10","time_update":"2021-05-14 12:23"}
2024-09-18 00:44:45 查询号码 【1355118】，GSD为【"四川-成都"】

2024-09-18 00:44:46 开始第 5120 次操作

2024-09-18 00:44:46 开始操作号码 【1355119】
2024-09-18 00:44:54 GSD getOne 第 1 次 等待 3 秒
2024-09-18 00:44:57 查询号码 【1355119】，返回信息 {"status":"ok","msg":"四川-成都","gid":"6278","time_insert":"2017-05-17 18:25","time_update":"2021-05-14 13:01"}
2024-09-18 00:44:57 查询号码 【1355119】，GSD为【"四川-成都"】

