2024-07-25 00:24:05 开始第 7737 次操作

2024-07-25 00:24:05 开始操作号码 【1467639】
2024-07-25 00:24:14 GSD getOne 第 1 次 等待 3 秒
2024-07-25 00:24:17 查询号码 【1467639】，返回信息 {"status":"ok","msg":"江苏-南京","gid":"382211","time_insert":"2021-07-24 22:36"}
2024-07-25 00:24:17 查询号码 【1467639】，GSD为【"江苏-南京"】

2024-07-25 00:24:18 开始第 7738 次操作

2024-07-25 00:24:18 开始操作号码 【1467640】
2024-07-25 00:24:27 GSD getOne 第 1 次 等待 3 秒
2024-07-25 00:24:30 查询号码 【1467640】，返回信息 {"status":"ok","msg":"江苏-南京","gid":"382042","time_insert":"2021-07-24 22:04"}
2024-07-25 00:24:30 查询号码 【1467640】，GSD为【"江苏-南京"】

2024-07-25 00:24:31 开始第 7739 次操作

2024-07-25 00:24:31 开始操作号码 【1467641】
2024-07-25 00:24:43 GSD getOne 第 1 次 等待 3 秒
2024-07-25 00:24:46 查询号码 【1467641】，返回信息 {"status":"ok","msg":"江苏-南京","gid":"382035","time_insert":"2021-07-24 22:03"}
2024-07-25 00:24:46 查询号码 【1467641】，GSD为【"江苏-南京"】

2024-07-25 00:24:47 开始第 7740 次操作

2024-07-25 00:24:47 开始操作号码 【1467642】
2024-07-25 00:24:57 GSD getOne 第 1 次 等待 3 秒
2024-07-25 00:25:00 查询号码 【1467642】，返回信息 {"status":"ok","msg":"江苏-南京","gid":"382029","time_insert":"2021-07-24 22:03"}
2024-07-25 00:25:00 查询号码 【1467642】，GSD为【"江苏-南京"】

2024-07-25 00:42:04 开始第 7741 次操作

2024-07-25 00:42:04 开始操作号码 【1467643】
2024-07-25 00:42:13 GSD getOne 第 1 次 等待 3 秒
2024-07-25 00:42:16 查询号码 【1467643】，返回信息 {"status":"ok","msg":"江苏-南京","gid":"382022","time_insert":"2021-07-24 22:02"}
2024-07-25 00:42:16 查询号码 【1467643】，GSD为【"江苏-南京"】

2024-07-25 00:42:17 开始第 7742 次操作

2024-07-25 00:42:17 开始操作号码 【1467644】
2024-07-25 00:42:24 GSD getOne 第 1 次 等待 3 秒
2024-07-25 00:42:27 查询号码 【1467644】，返回信息 {"status":"ok","msg":"江苏-南京","gid":"382011","time_insert":"2021-07-24 22:02"}
2024-07-25 00:42:27 查询号码 【1467644】，GSD为【"江苏-南京"】

2024-07-25 00:42:28 开始第 7743 次操作

2024-07-25 00:42:28 开始操作号码 【1467645】
2024-07-25 00:42:37 GSD getOne 第 1 次 等待 3 秒
2024-07-25 00:42:40 查询号码 【1467645】，返回信息 {"status":"ok","msg":"江苏-南京","gid":"382002","time_insert":"2021-07-24 22:01"}
2024-07-25 00:42:40 查询号码 【1467645】，GSD为【"江苏-南京"】

2024-07-25 00:42:41 开始第 7744 次操作

2024-07-25 00:42:41 开始操作号码 【1467646】
2024-07-25 00:42:49 GSD getOne 第 1 次 等待 3 秒
2024-07-25 00:42:52 查询号码 【1467646】，返回信息 {"status":"ok","msg":"江苏-南京","gid":"381994","time_insert":"2021-07-24 22:00"}
2024-07-25 00:42:52 查询号码 【1467646】，GSD为【"江苏-南京"】

