2024-03-09 00:19:00 开始第 7749 次操作

2024-03-09 00:19:00 开始操作号码 【1687661】
2024-03-09 00:19:04 GSD getOne 第 1 次 等待 3 秒
2024-03-09 00:19:07 查询号码 【1687661】，返回信息 {"status":"ok","msg":"-","gid":"670231","time_insert":"2023-04-22 05:59"}
2024-03-09 00:19:07 查询号码 【1687661】，GSD为【"-"】
2024-03-09 00:19:07 ok && -
2024-03-09 00:19:10 CHB 1687661?1709914747 第 1 次 等待 3 秒
2024-03-09 00:19:13 CHB 1687661?1709914747 第 1 次 获取到号码【1687661】GSD
2024-03-09 00:19:13 未获取到号码【1687661】GSD，可能号码格式错误
2024-03-09 00:19:13 获取到号码【1687661】的GSD为【-】
2024-03-09 00:19:17 GSD insert 第 1 次 等待 3 秒
2024-03-09 00:19:20 {"status":"bad","gid":"670231","msg":"添加失败！号码【1687661(-|-)】已存在！"}
2024-03-09 00:19:20 随机等待 111 秒，约 1 分钟
2024-03-09 00:19:20 下次操作: 2024-03-09 00:21:11

2024-03-09 00:21:11 开始第 7750 次操作

2024-03-09 00:21:11 开始操作号码 【1687662】
2024-03-09 00:21:16 GSD getOne 第 1 次 等待 3 秒
2024-03-09 00:21:19 查询号码 【1687662】，返回信息 {"status":"ok","msg":"-","gid":"670227","time_insert":"2023-04-22 05:57"}
2024-03-09 00:21:19 查询号码 【1687662】，GSD为【"-"】
2024-03-09 00:21:19 ok && -
2024-03-09 00:21:21 CHB 1687662?1709914879 第 1 次 等待 3 秒
2024-03-09 00:21:24 CHB 1687662?1709914879 第 1 次 获取到号码【1687662】GSD
2024-03-09 00:21:25 未获取到号码【1687662】GSD，可能号码格式错误
2024-03-09 00:21:25 获取到号码【1687662】的GSD为【-】
2024-03-09 00:21:29 GSD insert 第 1 次 等待 3 秒
2024-03-09 00:21:32 {"status":"bad","gid":"670227","msg":"添加失败！号码【1687662(-|-)】已存在！"}
2024-03-09 00:21:32 随机等待 222 秒，约 3 分钟
2024-03-09 00:21:32 下次操作: 2024-03-09 00:25:14

2024-03-09 00:25:14 开始第 7751 次操作

2024-03-09 00:25:14 开始操作号码 【1687663】
2024-03-09 00:25:21 GSD getOne 第 1 次 等待 3 秒
2024-03-09 00:25:24 查询号码 【1687663】，返回信息 {"status":"ok","msg":"-","gid":"670221","time_insert":"2023-04-22 05:54"}
2024-03-09 00:25:24 查询号码 【1687663】，GSD为【"-"】
2024-03-09 00:25:24 ok && -
2024-03-09 00:25:27 CHB 1687663?1709915124 第 1 次 等待 3 秒
2024-03-09 00:25:30 CHB 1687663?1709915124 第 1 次 获取到号码【1687663】GSD
2024-03-09 00:25:30 未获取到号码【1687663】GSD，可能号码格式错误
2024-03-09 00:25:30 获取到号码【1687663】的GSD为【-】
2024-03-09 00:25:34 GSD insert 第 1 次 等待 3 秒
2024-03-09 00:25:37 {"status":"bad","gid":"670221","msg":"添加失败！号码【1687663(-|-)】已存在！"}
2024-03-09 00:25:37 随机等待 87 秒，约 1 分钟
2024-03-09 00:25:37 下次操作: 2024-03-09 00:27:04

2024-03-09 00:27:04 开始第 7752 次操作

2024-03-09 00:27:04 开始操作号码 【1687664】
2024-03-09 00:27:10 GSD getOne 第 1 次 等待 3 秒
2024-03-09 00:27:13 查询号码 【1687664】，返回信息 {"status":"ok","msg":"-","gid":"670213","time_insert":"2023-04-22 05:50"}
2024-03-09 00:27:13 查询号码 【1687664】，GSD为【"-"】
2024-03-09 00:27:13 ok && -
2024-03-09 00:27:17 CHB 1687664?1709915233 第 1 次 等待 3 秒
2024-03-09 00:27:20 CHB 1687664?1709915233 第 1 次 获取到号码【1687664】GSD
2024-03-09 00:27:20 未获取到号码【1687664】GSD，可能号码格式错误
2024-03-09 00:27:20 获取到号码【1687664】的GSD为【-】
2024-03-09 00:27:25 GSD insert 第 1 次 等待 3 秒
2024-03-09 00:27:28 {"status":"bad","gid":"670213","msg":"添加失败！号码【1687664(-|-)】已存在！"}

