2024-05-11 00:23:07 开始第 8141 次操作

2024-05-11 00:23:07 开始操作号码 【1578054】
2024-05-11 00:23:16 GSD getOne 第 1 次 等待 3 秒
2024-05-11 00:23:19 查询号码 【1578054】，返回信息 {"status":"ok","msg":"-","gid":"391762","time_insert":"2021-07-25 17:44"}
2024-05-11 00:23:19 查询号码 【1578054】，GSD为【"-"】
2024-05-11 00:23:19 ok && -
2024-05-11 00:23:22 CHB 1578054?1715358199 第 1 次 等待 3 秒
2024-05-11 00:23:25 CHB 1578054?1715358199 第 1 次 获取到号码【1578054】GSD
2024-05-11 00:23:25 未获取到号码【1578054】GSD，可能号码格式错误
2024-05-11 00:23:25 获取到号码【1578054】的GSD为【-】
2024-05-11 00:23:30 GSD insert 第 1 次 等待 3 秒
2024-05-11 00:23:33 {"status":"bad","gid":"391762","msg":"添加失败！号码【1578054(-|-)】已存在！"}
2024-05-11 00:23:33 随机等待 166 秒，约 2 分钟
2024-05-11 00:23:33 下次操作: 2024-05-11 00:26:19

2024-05-11 00:26:19 开始第 8142 次操作

2024-05-11 00:26:19 开始操作号码 【1578055】
2024-05-11 00:26:31 GSD getOne 第 1 次 等待 3 秒
2024-05-11 00:26:34 查询号码 【1578055】，返回信息 {"status":"ok","msg":"河南-许昌","gid":"391754","time_insert":"2021-07-25 17:43","time_update":"2023-05-25 16:21"}
2024-05-11 00:26:34 查询号码 【1578055】，GSD为【"河南-许昌"】

2024-05-11 00:26:35 开始第 8143 次操作

2024-05-11 00:26:35 开始操作号码 【1578056】
2024-05-11 00:26:46 GSD getOne 第 1 次 等待 3 秒
2024-05-11 00:26:49 查询号码 【1578056】，返回信息 {"status":"ok","msg":"-","gid":"391744","time_insert":"2021-07-25 17:43"}
2024-05-11 00:26:49 查询号码 【1578056】，GSD为【"-"】
2024-05-11 00:26:49 ok && -
2024-05-11 00:26:52 CHB 1578056?1715358409 第 1 次 等待 3 秒
2024-05-11 00:26:55 CHB 1578056?1715358409 第 1 次 获取到号码【1578056】GSD
2024-05-11 00:26:55 未获取到号码【1578056】GSD，可能号码格式错误
2024-05-11 00:26:55 获取到号码【1578056】的GSD为【-】
2024-05-11 00:27:05 GSD insert 第 1 次 等待 3 秒
2024-05-11 00:27:08 {"status":"bad","gid":"391744","msg":"添加失败！号码【1578056(-|-)】已存在！"}
2024-05-11 00:27:08 随机等待 94 秒，约 1 分钟
2024-05-11 00:27:08 下次操作: 2024-05-11 00:28:42

2024-05-11 00:28:42 开始第 8144 次操作

2024-05-11 00:28:42 开始操作号码 【1578057】
2024-05-11 00:28:48 GSD getOne 第 1 次 等待 3 秒
2024-05-11 00:28:51 查询号码 【1578057】，返回信息 {"status":"ok","msg":"-","gid":"391736","time_insert":"2021-07-25 17:42"}
2024-05-11 00:28:51 查询号码 【1578057】，GSD为【"-"】
2024-05-11 00:28:51 ok && -
2024-05-11 00:28:54 CHB 1578057?1715358531 第 1 次 等待 3 秒
2024-05-11 00:28:57 CHB 1578057?1715358531 第 1 次 获取到号码【1578057】GSD
2024-05-11 00:28:57 未获取到号码【1578057】GSD，可能号码格式错误
2024-05-11 00:28:57 获取到号码【1578057】的GSD为【-】
2024-05-11 00:29:04 GSD insert 第 1 次 等待 3 秒
2024-05-11 00:29:07 {"status":"bad","gid":"391736","msg":"添加失败！号码【1578057(-|-)】已存在！"}

