2023-12-22 00:22:19 开始第 4421 次操作

2023-12-22 00:22:19 开始操作号码 【1794335】
2023-12-22 00:22:23 GSD getOne 第 1 次 等待 3 秒
2023-12-22 00:22:26 查询号码 【1794335】，返回信息 {"status":"ok","msg":"-","gid":"648129","time_insert":"2023-04-11 23:00"}
2023-12-22 00:22:26 查询号码 【1794335】，GSD为【"-"】
2023-12-22 00:22:26 ok && -
2023-12-22 00:22:28 CHB 1794335?1703175746 第 1 次 等待 3 秒
2023-12-22 00:22:31 CHB 1794335?1703175746 第 1 次 获取到号码【1794335】GSD
2023-12-22 00:22:31 未获取到号码【1794335】GSD，可能号码格式错误
2023-12-22 00:22:31 获取到号码【1794335】的GSD为【-】
2023-12-22 00:22:34 GSD insert 第 1 次 等待 3 秒
2023-12-22 00:22:37 {"status":"bad","gid":"648129","msg":"添加失败！号码【1794335(-|-)】已存在！"}
2023-12-22 00:22:37 随机等待 157 秒，约 2 分钟
2023-12-22 00:22:37 下次操作: 2023-12-22 00:25:14

2023-12-22 00:25:14 开始第 4422 次操作

2023-12-22 00:25:14 开始操作号码 【1794336】
2023-12-22 00:25:18 GSD getOne 第 1 次 等待 3 秒
2023-12-22 00:25:21 查询号码 【1794336】，返回信息 {"status":"ok","msg":"-","gid":"648149","time_insert":"2023-04-11 23:17"}
2023-12-22 00:25:21 查询号码 【1794336】，GSD为【"-"】
2023-12-22 00:25:21 ok && -
2023-12-22 00:25:23 CHB 1794336?1703175921 第 1 次 等待 3 秒
2023-12-22 00:25:26 CHB 1794336?1703175921 第 1 次 获取到号码【1794336】GSD
2023-12-22 00:25:26 未获取到号码【1794336】GSD，可能号码格式错误
2023-12-22 00:25:26 获取到号码【1794336】的GSD为【-】
2023-12-22 00:25:33 GSD insert 第 1 次 等待 3 秒
2023-12-22 00:25:36 {"status":"bad","gid":"648149","msg":"添加失败！号码【1794336(-|-)】已存在！"}
2023-12-22 00:25:36 随机等待 82 秒，约 1 分钟
2023-12-22 00:25:36 下次操作: 2023-12-22 00:26:58

2023-12-22 00:26:58 开始第 4423 次操作

2023-12-22 00:26:58 开始操作号码 【1794337】
2023-12-22 00:27:02 GSD getOne 第 1 次 等待 3 秒
2023-12-22 00:27:05 查询号码 【1794337】，返回信息 {"status":"ok","msg":"-","gid":"648168","time_insert":"2023-04-11 23:32"}
2023-12-22 00:27:05 查询号码 【1794337】，GSD为【"-"】
2023-12-22 00:27:05 ok && -
2023-12-22 00:27:07 CHB 1794337?1703176025 第 1 次 等待 3 秒
2023-12-22 00:27:10 CHB 1794337?1703176025 第 1 次 获取到号码【1794337】GSD
2023-12-22 00:27:10 未获取到号码【1794337】GSD，可能号码格式错误
2023-12-22 00:27:10 获取到号码【1794337】的GSD为【-】
2023-12-22 00:27:16 GSD insert 第 1 次 等待 3 秒
2023-12-22 00:27:19 {"status":"bad","gid":"648168","msg":"添加失败！号码【1794337(-|-)】已存在！"}
2023-12-22 00:27:19 随机等待 133 秒，约 2 分钟
2023-12-22 00:27:19 下次操作: 2023-12-22 00:29:32

2023-12-22 00:29:32 开始第 4424 次操作

2023-12-22 00:29:32 开始操作号码 【1794338】
2023-12-22 00:29:42 GSD getOne 第 1 次 等待 3 秒
2023-12-22 00:29:45 查询号码 【1794338】，返回信息 {"status":"ok","msg":"-","gid":"648200","time_insert":"2023-04-11 23:48"}
2023-12-22 00:29:45 查询号码 【1794338】，GSD为【"-"】
2023-12-22 00:29:45 ok && -
2023-12-22 00:29:47 CHB 1794338?1703176185 第 1 次 等待 3 秒
2023-12-22 00:29:50 CHB 1794338?1703176185 第 1 次 获取到号码【1794338】GSD
2023-12-22 00:29:50 未获取到号码【1794338】GSD，可能号码格式错误
2023-12-22 00:29:50 获取到号码【1794338】的GSD为【-】
2023-12-22 00:29:54 GSD insert 第 1 次 等待 3 秒
2023-12-22 00:29:57 {"status":"bad","gid":"648200","msg":"添加失败！号码【1794338(-|-)】已存在！"}

