2024-10-05 00:25:56 开始第 8017 次操作

2024-10-05 00:25:56 开始操作号码 【1358016】
2024-10-05 00:25:59 GSD getOne 第 1 次 等待 3 秒
2024-10-05 00:26:02 查询号码 【1358016】，返回信息 {"status":"ok","msg":"广东-揭阳","gid":"321137","time_insert":"2021-07-19 01:35"}
2024-10-05 00:26:02 查询号码 【1358016】，GSD为【"广东-揭阳"】

2024-10-05 00:26:03 开始第 8018 次操作

2024-10-05 00:26:03 开始操作号码 【1358017】
2024-10-05 00:26:07 GSD getOne 第 1 次 等待 3 秒
2024-10-05 00:26:10 查询号码 【1358017】，返回信息 {"status":"ok","msg":"广东-揭阳","gid":"321132","time_insert":"2021-07-19 01:34"}
2024-10-05 00:26:10 查询号码 【1358017】，GSD为【"广东-揭阳"】

2024-10-05 00:26:11 开始第 8019 次操作

2024-10-05 00:26:11 开始操作号码 【1358018】
2024-10-05 00:26:17 GSD getOne 第 1 次 等待 3 秒
2024-10-05 00:26:20 查询号码 【1358018】，返回信息 {"status":"ok","msg":"广东-揭阳","gid":"321122","time_insert":"2021-07-19 01:33"}
2024-10-05 00:26:20 查询号码 【1358018】，GSD为【"广东-揭阳"】

2024-10-05 00:26:21 开始第 8020 次操作

2024-10-05 00:26:21 开始操作号码 【1358019】
2024-10-05 00:26:22 GSD getOne 第 1 次 等待 3 秒
2024-10-05 00:26:25 查询号码 【1358019】，返回信息 {"status":"ok","msg":"广东-揭阳","gid":"321113","time_insert":"2021-07-19 01:32"}
2024-10-05 00:26:25 查询号码 【1358019】，GSD为【"广东-揭阳"】

2024-10-05 00:45:37 开始第 8021 次操作

2024-10-05 00:45:37 开始操作号码 【1358020】
2024-10-05 00:45:40 GSD getOne 第 1 次 等待 3 秒
2024-10-05 00:45:43 查询号码 【1358020】，返回信息 {"status":"ok","msg":"广东-揭阳","gid":"321109","time_insert":"2021-07-19 01:31"}
2024-10-05 00:45:43 查询号码 【1358020】，GSD为【"广东-揭阳"】

2024-10-05 00:45:44 开始第 8022 次操作

2024-10-05 00:45:44 开始操作号码 【1358021】
2024-10-05 00:45:45 GSD getOne 第 1 次 等待 3 秒
2024-10-05 00:45:48 查询号码 【1358021】，返回信息 {"status":"ok","msg":"广东-揭阳","gid":"321092","time_insert":"2021-07-19 01:30"}
2024-10-05 00:45:48 查询号码 【1358021】，GSD为【"广东-揭阳"】

2024-10-05 00:45:49 开始第 8023 次操作

2024-10-05 00:45:49 开始操作号码 【1358022】
2024-10-05 00:45:51 GSD getOne 第 1 次 等待 3 秒
2024-10-05 00:45:54 查询号码 【1358022】，返回信息 {"status":"ok","msg":"广东-揭阳","gid":"321081","time_insert":"2021-07-19 01:29"}
2024-10-05 00:45:54 查询号码 【1358022】，GSD为【"广东-揭阳"】

2024-10-05 00:45:55 开始第 8024 次操作

2024-10-05 00:45:55 开始操作号码 【1358023】
2024-10-05 00:45:57 GSD getOne 第 1 次 等待 3 秒
2024-10-05 00:46:00 查询号码 【1358023】，返回信息 {"status":"ok","msg":"广东-揭阳","gid":"321073","time_insert":"2021-07-19 01:28"}
2024-10-05 00:46:00 查询号码 【1358023】，GSD为【"广东-揭阳"】

