2021-08-04 00:05:45 开始第 14 次操作

2021-08-04 00:05:45 开始操作号码 【1893524】
2021-08-04 00:05:58 GSD getOne 第 1 次 等待 3 秒
2021-08-04 00:06:01 查询号码 【1893524】，返回信息 {"status":"bad","msg":""}
2021-08-04 00:06:01 查询号码 【1893524】，GSD为【""】
2021-08-04 00:06:01 bad
2021-08-04 00:06:03 CHB 1893524?1628006761 第 1 次 等待 3 秒
2021-08-04 00:06:06 CHB 1893524?1628006761 第 1 次 获取到号码【1893524】GSD
2021-08-04 00:06:06 获取到号码【1893524】的GSD为【山西-大同】
2021-08-04 00:06:21 GSD insert 第 1 次 等待 3 秒
2021-08-04 00:06:24 {"status":"ok","gid":493469,"msg":"添加成功！"}
2021-08-04 00:06:24 下次操作: 2021-08-04 00:06:44

2021-08-04 00:06:44 开始第 15 次操作

2021-08-04 00:06:44 开始操作号码 【1893523】
2021-08-04 00:07:06 GSD getOne 第 1 次 等待 3 秒
2021-08-04 00:07:09 查询号码 【1893523】，返回信息 {"status":"bad","msg":""}
2021-08-04 00:07:09 查询号码 【1893523】，GSD为【""】
2021-08-04 00:07:09 bad
2021-08-04 00:07:11 CHB 1893523?1628006829 第 1 次 等待 3 秒
2021-08-04 00:07:14 CHB 1893523?1628006829 第 1 次 获取到号码【1893523】GSD
2021-08-04 00:07:14 获取到号码【1893523】的GSD为【山西-大同】
2021-08-04 00:07:35 GSD insert 第 1 次 等待 3 秒
2021-08-04 00:07:38 {"status":"ok","gid":493477,"msg":"添加成功！"}
2021-08-04 00:07:38 下次操作: 2021-08-04 00:07:56

2021-08-04 00:07:56 开始第 16 次操作

2021-08-04 00:07:56 开始操作号码 【1893522】
2021-08-04 00:08:14 GSD getOne 第 1 次 等待 3 秒
2021-08-04 00:08:17 查询号码 【1893522】，返回信息 {"status":"bad","msg":""}
2021-08-04 00:08:17 查询号码 【1893522】，GSD为【""】
2021-08-04 00:08:17 bad
2021-08-04 00:08:18 CHB 1893522?1628006897 第 1 次 等待 3 秒
2021-08-04 00:08:21 CHB 1893522?1628006897 第 1 次 获取到号码【1893522】GSD
2021-08-04 00:08:22 获取到号码【1893522】的GSD为【山西-大同】
2021-08-04 00:08:42 GSD insert 第 1 次 等待 3 秒
2021-08-04 00:08:45 {"status":"ok","gid":493485,"msg":"添加成功！"}
2021-08-04 00:08:45 下次操作: 2021-08-04 00:09:02

2021-08-04 00:09:02 开始第 17 次操作

2021-08-04 00:09:02 开始操作号码 【1893521】
2021-08-04 00:09:21 GSD getOne 第 1 次 等待 3 秒
2021-08-04 00:09:24 查询号码 【1893521】，返回信息 {"status":"bad","msg":""}
2021-08-04 00:09:24 查询号码 【1893521】，GSD为【""】
2021-08-04 00:09:24 bad
2021-08-04 00:09:26 CHB 1893521?1628006964 第 1 次 等待 3 秒
2021-08-04 00:09:29 CHB 1893521?1628006964 第 1 次 获取到号码【1893521】GSD
2021-08-04 00:09:29 获取到号码【1893521】的GSD为【山西-大同】
2021-08-04 00:10:07 GSD insert 第 1 次 等待 3 秒
2021-08-04 00:10:11 {"status":"ok","gid":493491,"msg":"添加成功！"}
2021-08-04 00:10:11 下次操作: 2021-08-04 00:10:28

2021-08-04 00:10:28 开始第 18 次操作

2021-08-04 00:10:28 开始操作号码 【1893520】
2021-08-04 00:11:00 GSD getOne 第 1 次 等待 3 秒
2021-08-04 00:11:03 查询号码 【1893520】，返回信息 {"status":"ok","msg":"山西-大同","gid":"56743","time_insert":"2021-05-03 20:59","time_update":"2021-06-22 01:34"}
2021-08-04 00:11:03 查询号码 【1893520】，GSD为【"山西-大同"】

2021-08-04 00:11:03 开始第 18 次操作

2021-08-04 00:11:03 开始操作号码 【1893519】
2021-08-04 00:11:32 GSD getOne 第 1 次 等待 3 秒
2021-08-04 00:11:35 查询号码 【1893519】，返回信息 {"status":"bad","msg":""}
2021-08-04 00:11:35 查询号码 【1893519】，GSD为【""】
2021-08-04 00:11:35 bad
2021-08-04 00:11:37 CHB 1893519?1628007095 第 1 次 等待 3 秒
2021-08-04 00:11:40 CHB 1893519?1628007095 第 1 次 获取到号码【1893519】GSD
2021-08-04 00:11:40 获取到号码【1893519】的GSD为【山西-太原】
2021-08-04 00:12:36 GSD insert 第 1 次 等待 3 秒
2021-08-04 00:12:39 {"status":"ok","gid":493505,"msg":"添加成功！"}
2021-08-04 00:12:39 下次操作: 2021-08-04 00:12:54

2021-08-04 00:12:54 开始第 19 次操作

2021-08-04 00:12:54 开始操作号码 【1893518】
2021-08-04 00:13:33 GSD getOne 第 1 次 等待 3 秒
2021-08-04 00:13:36 查询号码 【1893518】，返回信息 {"status":"bad","msg":""}
2021-08-04 00:13:36 查询号码 【1893518】，GSD为【""】
2021-08-04 00:13:36 bad
2021-08-04 00:13:37 CHB 1893518?1628007216 第 1 次 等待 3 秒
2021-08-04 00:13:40 CHB 1893518?1628007216 第 1 次 获取到号码【1893518】GSD
2021-08-04 00:13:41 获取到号码【1893518】的GSD为【山西-太原】
2021-08-04 00:13:52 GSD insert 第 1 次 等待 3 秒
2021-08-04 00:13:55 {"status":"ok","gid":493511,"msg":"添加成功！"}
2021-08-04 00:13:55 下次操作: 2021-08-04 00:14:18

2021-08-04 00:14:18 开始第 20 次操作

2021-08-04 00:14:18 开始操作号码 【1893517】
2021-08-04 00:14:37 GSD getOne 第 1 次 等待 3 秒
2021-08-04 00:14:40 查询号码 【1893517】，返回信息 {"status":"bad","msg":""}
2021-08-04 00:14:40 查询号码 【1893517】，GSD为【""】
2021-08-04 00:14:40 bad
2021-08-04 00:14:42 CHB 1893517?1628007280 第 1 次 等待 3 秒
2021-08-04 00:14:45 CHB 1893517?1628007280 第 1 次 获取到号码【1893517】GSD
2021-08-04 00:14:45 获取到号码【1893517】的GSD为【山西-吕梁】
2021-08-04 00:14:56 GSD insert 第 1 次 等待 3 秒
2021-08-04 00:15:00 {"status":"ok","gid":493518,"msg":"添加成功！"}
2021-08-04 00:15:00 下次操作: 2021-08-04 00:15:16

2021-08-04 00:15:16 开始第 21 次操作

2021-08-04 00:15:16 开始操作号码 【1893516】
2021-08-04 00:15:26 GSD getOne 第 1 次 等待 3 秒
2021-08-04 00:15:29 查询号码 【1893516】，返回信息 {"status":"ok","msg":"山西-吕梁","gid":"45139","time_insert":"2017-07-11 08:26","time_update":"2020-08-19 15:40"}
2021-08-04 00:15:29 查询号码 【1893516】，GSD为【"山西-吕梁"】

2021-08-04 00:15:29 开始第 21 次操作

2021-08-04 00:15:29 开始操作号码 【1893515】
2021-08-04 00:15:46 GSD getOne 第 1 次 等待 3 秒
2021-08-04 00:15:49 查询号码 【1893515】，返回信息 {"status":"bad","msg":""}
2021-08-04 00:15:49 查询号码 【1893515】，GSD为【""】
2021-08-04 00:15:49 bad
2021-08-04 00:15:50 CHB 1893515?1628007349 第 1 次 等待 3 秒
2021-08-04 00:15:53 CHB 1893515?1628007349 第 1 次 获取到号码【1893515】GSD
2021-08-04 00:15:53 获取到号码【1893515】的GSD为【山西-太原】
2021-08-04 00:16:06 GSD insert 第 1 次 等待 3 秒
2021-08-04 00:16:09 {"status":"ok","gid":493525,"msg":"添加成功！"}
2021-08-04 00:16:09 下次操作: 2021-08-04 00:16:32

2021-08-04 00:16:32 开始第 22 次操作

2021-08-04 00:16:32 开始操作号码 【1893514】
2021-08-04 00:16:41 GSD getOne 第 1 次 等待 3 秒
2021-08-04 00:16:44 查询号码 【1893514】，返回信息 {"status":"bad","msg":""}
2021-08-04 00:16:44 查询号码 【1893514】，GSD为【""】
2021-08-04 00:16:44 bad
2021-08-04 00:16:46 CHB 1893514?1628007404 第 1 次 等待 3 秒
2021-08-04 00:16:49 CHB 1893514?1628007404 第 1 次 获取到号码【1893514】GSD
2021-08-04 00:16:49 获取到号码【1893514】的GSD为【山西-太原】
2021-08-04 00:17:04 GSD insert 第 1 次 等待 3 秒
2021-08-04 00:17:07 {"status":"ok","gid":493530,"msg":"添加成功！"}
2021-08-04 00:17:07 下次操作: 2021-08-04 00:17:28

2021-08-04 00:17:28 开始第 23 次操作

2021-08-04 00:17:28 开始操作号码 【1893513】
2021-08-04 00:17:37 GSD getOne 第 1 次 等待 3 秒
2021-08-04 00:17:40 查询号码 【1893513】，返回信息 {"status":"bad","msg":""}
2021-08-04 00:17:40 查询号码 【1893513】，GSD为【""】
2021-08-04 00:17:40 bad
2021-08-04 00:17:42 CHB 1893513?1628007460 第 1 次 等待 3 秒
2021-08-04 00:17:45 CHB 1893513?1628007460 第 1 次 获取到号码【1893513】GSD
2021-08-04 00:17:45 获取到号码【1893513】的GSD为【山西-太原】
2021-08-04 00:17:59 GSD insert 第 1 次 等待 3 秒
2021-08-04 00:18:02 {"status":"ok","gid":493537,"msg":"添加成功！"}
2021-08-04 00:18:02 下次操作: 2021-08-04 00:18:22

2021-08-04 00:18:22 开始第 24 次操作

2021-08-04 00:18:22 开始操作号码 【1893512】
2021-08-04 00:18:46 GSD getOne 第 1 次 等待 3 秒
2021-08-04 00:18:49 查询号码 【1893512】，返回信息 {"status":"bad","msg":""}
2021-08-04 00:18:49 查询号码 【1893512】，GSD为【""】
2021-08-04 00:18:49 bad
2021-08-04 00:18:51 CHB 1893512?1628007529 第 1 次 等待 3 秒
2021-08-04 00:18:54 CHB 1893512?1628007529 第 1 次 获取到号码【1893512】GSD
2021-08-04 00:18:54 获取到号码【1893512】的GSD为【山西-太原】
2021-08-04 00:19:16 GSD insert 第 1 次 等待 3 秒
2021-08-04 00:19:19 {"status":"ok","gid":493543,"msg":"添加成功！"}
2021-08-04 00:19:19 下次操作: 2021-08-04 00:19:35

2021-08-04 00:19:35 开始第 25 次操作

2021-08-04 00:19:35 开始操作号码 【1893511】
2021-08-04 00:19:48 GSD getOne 第 1 次 等待 3 秒
2021-08-04 00:19:51 查询号码 【1893511】，返回信息 {"status":"bad","msg":""}
2021-08-04 00:19:51 查询号码 【1893511】，GSD为【""】
2021-08-04 00:19:51 bad
2021-08-04 00:19:53 CHB 1893511?1628007591 第 1 次 等待 3 秒
2021-08-04 00:19:56 CHB 1893511?1628007591 第 1 次 获取到号码【1893511】GSD
2021-08-04 00:19:56 获取到号码【1893511】的GSD为【山西-太原】
2021-08-04 00:20:09 GSD insert 第 1 次 等待 3 秒
2021-08-04 00:20:12 {"status":"ok","gid":493547,"msg":"添加成功！"}
2021-08-04 00:20:12 下次操作: 2021-08-04 00:20:26

2021-08-04 00:20:26 开始第 26 次操作

2021-08-04 00:20:26 开始操作号码 【1893510】
2021-08-04 00:20:47 GSD getOne 第 1 次 等待 3 秒
2021-08-04 00:20:50 查询号码 【1893510】，返回信息 {"status":"bad","msg":""}
2021-08-04 00:20:50 查询号码 【1893510】，GSD为【""】
2021-08-04 00:20:50 bad
2021-08-04 00:20:51 CHB 1893510?1628007650 第 1 次 等待 3 秒
2021-08-04 00:20:54 CHB 1893510?1628007650 第 1 次 获取到号码【1893510】GSD
2021-08-04 00:20:54 获取到号码【1893510】的GSD为【山西-太原】
2021-08-04 00:21:17 GSD insert 第 1 次 等待 3 秒
2021-08-04 00:21:20 {"status":"ok","gid":493553,"msg":"添加成功！"}
2021-08-04 00:21:20 下次操作: 2021-08-04 00:21:38

2021-08-04 00:21:38 开始第 27 次操作

2021-08-04 00:21:38 开始操作号码 【1893509】
2021-08-04 00:21:49 GSD getOne 第 1 次 等待 3 秒
2021-08-04 00:21:52 查询号码 【1893509】，返回信息 {"status":"bad","msg":""}
2021-08-04 00:21:52 查询号码 【1893509】，GSD为【""】
2021-08-04 00:21:52 bad
2021-08-04 00:21:54 CHB 1893509?1628007712 第 1 次 等待 3 秒
2021-08-04 00:21:57 CHB 1893509?1628007712 第 1 次 获取到号码【1893509】GSD
2021-08-04 00:21:57 获取到号码【1893509】的GSD为【山西-运城】
2021-08-04 00:22:09 GSD insert 第 1 次 等待 3 秒
2021-08-04 00:22:12 {"status":"ok","gid":493556,"msg":"添加成功！"}
2021-08-04 00:22:12 下次操作: 2021-08-04 00:22:25

2021-08-04 00:22:25 开始第 28 次操作

2021-08-04 00:22:25 开始操作号码 【1893508】
2021-08-04 00:22:39 GSD getOne 第 1 次 等待 3 秒
2021-08-04 00:22:42 查询号码 【1893508】，返回信息 {"status":"bad","msg":""}
2021-08-04 00:22:42 查询号码 【1893508】，GSD为【""】
2021-08-04 00:22:42 bad
2021-08-04 00:22:44 CHB 1893508?1628007762 第 1 次 等待 3 秒
2021-08-04 00:22:47 CHB 1893508?1628007762 第 1 次 获取到号码【1893508】GSD
2021-08-04 00:22:47 获取到号码【1893508】的GSD为【山西-运城】
2021-08-04 00:24:14 GSD insert 第 1 次 等待 3 秒
2021-08-04 00:24:17 {"status":"ok","gid":493569,"msg":"添加成功！"}
2021-08-04 00:24:17 下次操作: 2021-08-04 00:24:39

2021-08-04 00:24:39 开始第 29 次操作

2021-08-04 00:24:39 开始操作号码 【1893507】
2021-08-04 00:24:53 GSD getOne 第 1 次 等待 3 秒
2021-08-04 00:24:56 查询号码 【1893507】，返回信息 {"status":"bad","msg":""}
2021-08-04 00:24:56 查询号码 【1893507】，GSD为【""】
2021-08-04 00:24:56 bad
2021-08-04 00:24:58 CHB 1893507?1628007896 第 1 次 等待 3 秒
2021-08-04 00:25:01 CHB 1893507?1628007896 第 1 次 获取到号码【1893507】GSD
2021-08-04 00:25:01 获取到号码【1893507】的GSD为【山西-运城】
2021-08-04 00:25:26 GSD insert 第 1 次 等待 3 秒
2021-08-04 00:25:29 {"status":"ok","gid":493574,"msg":"添加成功！"}
2021-08-04 00:25:29 下次操作: 2021-08-04 00:25:45

2021-08-04 00:25:45 开始第 30 次操作

2021-08-04 00:25:45 开始操作号码 【1893506】
2021-08-04 00:26:09 GSD getOne 第 1 次 等待 3 秒
2021-08-04 00:26:12 查询号码 【1893506】，返回信息 {"status":"bad","msg":""}
2021-08-04 00:26:12 查询号码 【1893506】，GSD为【""】
2021-08-04 00:26:12 bad
2021-08-04 00:26:14 CHB 1893506?1628007972 第 1 次 等待 3 秒
2021-08-04 00:26:17 CHB 1893506?1628007972 第 1 次 获取到号码【1893506】GSD
2021-08-04 00:26:17 获取到号码【1893506】的GSD为【山西-运城】
2021-08-04 00:26:30 GSD insert 第 1 次 等待 3 秒
2021-08-04 00:26:33 {"status":"ok","gid":493580,"msg":"添加成功！"}
2021-08-04 00:26:33 下次操作: 2021-08-04 00:26:48

2021-08-04 00:26:48 开始第 31 次操作

2021-08-04 00:26:48 开始操作号码 【1893505】
2021-08-04 00:26:56 GSD getOne 第 1 次 等待 3 秒
2021-08-04 00:26:59 查询号码 【1893505】，返回信息 {"status":"bad","msg":""}
2021-08-04 00:26:59 查询号码 【1893505】，GSD为【""】
2021-08-04 00:26:59 bad
2021-08-04 00:27:01 CHB 1893505?1628008019 第 1 次 等待 3 秒
2021-08-04 00:27:04 CHB 1893505?1628008019 第 1 次 获取到号码【1893505】GSD
2021-08-04 00:27:04 获取到号码【1893505】的GSD为【山西-临汾】
2021-08-04 00:27:13 GSD insert 第 1 次 等待 3 秒
2021-08-04 00:27:16 {"status":"ok","gid":493586,"msg":"添加成功！"}
2021-08-04 00:27:16 下次操作: 2021-08-04 00:27:31

2021-08-04 00:27:31 开始第 32 次操作

2021-08-04 00:27:31 开始操作号码 【1893504】
2021-08-04 00:27:46 GSD getOne 第 1 次 等待 3 秒
2021-08-04 00:27:49 查询号码 【1893504】，返回信息 {"status":"bad","msg":""}
2021-08-04 00:27:49 查询号码 【1893504】，GSD为【""】
2021-08-04 00:27:49 bad
2021-08-04 00:27:51 CHB 1893504?1628008069 第 1 次 等待 3 秒
2021-08-04 00:27:54 CHB 1893504?1628008069 第 1 次 获取到号码【1893504】GSD
2021-08-04 00:27:54 获取到号码【1893504】的GSD为【山西-临汾】
2021-08-04 00:28:06 GSD insert 第 1 次 等待 3 秒
2021-08-04 00:28:09 {"status":"ok","gid":493592,"msg":"添加成功！"}
2021-08-04 00:28:09 下次操作: 2021-08-04 00:28:28

2021-08-04 00:28:28 开始第 33 次操作

2021-08-04 00:28:28 开始操作号码 【1893503】
2021-08-04 00:28:42 GSD getOne 第 1 次 等待 3 秒
2021-08-04 00:28:45 查询号码 【1893503】，返回信息 {"status":"bad","msg":""}
2021-08-04 00:28:45 查询号码 【1893503】，GSD为【""】
2021-08-04 00:28:45 bad
2021-08-04 00:28:46 CHB 1893503?1628008125 第 1 次 等待 3 秒
2021-08-04 00:28:49 CHB 1893503?1628008125 第 1 次 获取到号码【1893503】GSD
2021-08-04 00:28:49 未获取到号码【1893503】GSD，查号吧 400 错误
2021-08-04 00:28:49 获取到号码【1893503】的GSD为【-】
2021-08-04 00:29:09 GSD insert 第 1 次 等待 3 秒
2021-08-04 00:29:12 {"status":"ok","gid":493600,"msg":"添加成功！"}
2021-08-04 00:29:12 下次操作: 2021-08-04 00:29:29

2021-08-04 00:29:29 开始第 34 次操作

2021-08-04 00:29:29 开始操作号码 【1893502】
2021-08-04 00:29:51 GSD getOne 第 1 次 等待 3 秒
2021-08-04 00:29:54 查询号码 【1893502】，返回信息 {"status":"bad","msg":""}
2021-08-04 00:29:54 查询号码 【1893502】，GSD为【""】
2021-08-04 00:29:54 bad
2021-08-04 00:29:55 CHB 1893502?1628008194 第 1 次 等待 3 秒
2021-08-04 00:29:58 CHB 1893502?1628008194 第 1 次 获取到号码【1893502】GSD
2021-08-04 00:29:58 获取到号码【1893502】的GSD为【山西-忻州】
2021-08-04 00:30:06 GSD insert 第 1 次 等待 3 秒
2021-08-04 00:30:09 {"status":"ok","gid":493606,"msg":"添加成功！"}
2021-08-04 00:30:09 下次操作: 2021-08-04 00:30:25

2021-08-04 00:30:25 开始第 35 次操作

2021-08-04 00:30:25 开始操作号码 【1893501】
2021-08-04 00:30:31 GSD getOne 第 1 次 等待 3 秒
2021-08-04 00:30:34 查询号码 【1893501】，返回信息 {"status":"bad","msg":""}
2021-08-04 00:30:34 查询号码 【1893501】，GSD为【""】
2021-08-04 00:30:34 bad
2021-08-04 00:30:36 CHB 1893501?1628008234 第 1 次 等待 3 秒
2021-08-04 00:30:39 CHB 1893501?1628008234 第 1 次 获取到号码【1893501】GSD
2021-08-04 00:30:39 获取到号码【1893501】的GSD为【山西-忻州】
2021-08-04 00:30:49 GSD insert 第 1 次 等待 3 秒
2021-08-04 00:30:52 {"status":"ok","gid":493610,"msg":"添加成功！"}
2021-08-04 00:30:52 下次操作: 2021-08-04 00:31:14

2021-08-04 00:31:14 开始第 36 次操作

2021-08-04 00:31:14 开始操作号码 【1893500】
2021-08-04 00:31:27 GSD getOne 第 1 次 等待 3 秒
2021-08-04 00:31:30 查询号码 【1893500】，返回信息 {"status":"bad","msg":""}
2021-08-04 00:31:30 查询号码 【1893500】，GSD为【""】
2021-08-04 00:31:30 bad
2021-08-04 00:31:32 CHB 1893500?1628008290 第 1 次 等待 3 秒
2021-08-04 00:31:35 CHB 1893500?1628008290 第 1 次 获取到号码【1893500】GSD
2021-08-04 00:31:35 获取到号码【1893500】的GSD为【山西-忻州】
2021-08-04 00:32:06 GSD insert 第 1 次 等待 3 秒
2021-08-04 00:32:09 {"status":"ok","gid":493616,"msg":"添加成功！"}
2021-08-04 00:32:09 下次操作: 2021-08-04 00:32:33

2021-08-04 00:32:33 开始第 37 次操作

2021-08-04 00:32:33 开始操作号码 【1893499】
2021-08-04 00:33:05 GSD getOne 第 1 次 等待 3 秒
2021-08-04 00:33:08 查询号码 【1893499】，返回信息 {"status":"ok","msg":"广西-百色","gid":"138101","time_insert":"2021-06-27 10:12","time_update":"2021-07-01 12:54"}
2021-08-04 00:33:09 查询号码 【1893499】，GSD为【"广西-百色"】

2021-08-04 00:33:09 开始第 37 次操作

2021-08-04 00:33:09 开始操作号码 【1893498】
2021-08-04 00:33:25 GSD getOne 第 1 次 等待 3 秒
2021-08-04 00:33:28 查询号码 【1893498】，返回信息 {"status":"bad","msg":""}
2021-08-04 00:33:28 查询号码 【1893498】，GSD为【""】
2021-08-04 00:33:28 bad
2021-08-04 00:33:30 CHB 1893498?1628008408 第 1 次 等待 3 秒
2021-08-04 00:33:33 CHB 1893498?1628008408 第 1 次 获取到号码【1893498】GSD
2021-08-04 00:33:33 获取到号码【1893498】的GSD为【广西-南宁】
2021-08-04 00:33:40 GSD insert 第 1 次 等待 3 秒
2021-08-04 00:33:43 {"status":"ok","gid":493624,"msg":"添加成功！"}
2021-08-04 00:33:43 下次操作: 2021-08-04 00:33:56

2021-08-04 00:33:56 开始第 38 次操作

2021-08-04 00:33:56 开始操作号码 【1893497】
2021-08-04 00:34:10 GSD getOne 第 1 次 等待 3 秒
2021-08-04 00:34:13 查询号码 【1893497】，返回信息 {"status":"bad","msg":""}
2021-08-04 00:34:13 查询号码 【1893497】，GSD为【""】
2021-08-04 00:34:13 bad
2021-08-04 00:34:15 CHB 1893497?1628008453 第 1 次 等待 3 秒
2021-08-04 00:34:18 CHB 1893497?1628008453 第 1 次 获取到号码【1893497】GSD
2021-08-04 00:34:18 获取到号码【1893497】的GSD为【广西-南宁】
2021-08-04 00:34:28 GSD insert 第 1 次 等待 3 秒
2021-08-04 00:34:31 {"status":"ok","gid":493631,"msg":"添加成功！"}
2021-08-04 00:34:31 下次操作: 2021-08-04 00:34:49

2021-08-04 00:34:49 开始第 39 次操作

2021-08-04 00:34:49 开始操作号码 【1893496】
2021-08-04 00:35:07 GSD getOne 第 1 次 等待 3 秒
2021-08-04 00:35:10 查询号码 【1893496】，返回信息 {"status":"bad","msg":""}
2021-08-04 00:35:10 查询号码 【1893496】，GSD为【""】
2021-08-04 00:35:10 bad
2021-08-04 00:35:11 CHB 1893496?1628008510 第 1 次 等待 3 秒
2021-08-04 00:35:14 CHB 1893496?1628008510 第 1 次 获取到号码【1893496】GSD
2021-08-04 00:35:14 获取到号码【1893496】的GSD为【广西-河池】
2021-08-04 00:35:28 GSD insert 第 1 次 等待 3 秒
2021-08-04 00:35:31 {"status":"ok","gid":493636,"msg":"添加成功！"}
2021-08-04 00:35:31 下次操作: 2021-08-04 00:35:48

2021-08-04 00:35:48 开始第 40 次操作

2021-08-04 00:35:48 开始操作号码 【1893495】
2021-08-04 00:36:03 GSD getOne 第 1 次 等待 3 秒
2021-08-04 00:36:06 查询号码 【1893495】，返回信息 {"status":"bad","msg":""}
2021-08-04 00:36:07 查询号码 【1893495】，GSD为【""】
2021-08-04 00:36:07 bad
2021-08-04 00:36:08 CHB 1893495?1628008567 第 1 次 等待 3 秒
2021-08-04 00:36:11 CHB 1893495?1628008567 第 1 次 获取到号码【1893495】GSD
2021-08-04 00:36:11 获取到号码【1893495】的GSD为【广西-河池】
2021-08-04 00:36:36 GSD insert 第 1 次 等待 3 秒
2021-08-04 00:36:39 {"status":"ok","gid":493642,"msg":"添加成功！"}

2021-08-04 01:09:11 开始第 1 次操作

2021-08-04 01:09:11 开始操作号码 【1893494】
2021-08-04 01:09:22 GSD getOne 第 1 次 等待 3 秒
2021-08-04 01:09:25 查询号码 【1893494】，返回信息 {"status":"bad","msg":""}
2021-08-04 01:09:25 查询号码 【1893494】，GSD为【""】
2021-08-04 01:09:25 bad
2021-08-04 01:09:27 CHB 1893494?1628010565 第 1 次 等待 3 秒
2021-08-04 01:09:30 CHB 1893494?1628010565 第 1 次 获取到号码【1893494】GSD
2021-08-04 01:09:30 获取到号码【1893494】的GSD为【广西-河池】
2021-08-04 01:09:52 GSD insert 第 1 次 等待 3 秒
2021-08-04 01:09:55 {"status":"ok","gid":493686,"msg":"添加成功！"}
2021-08-04 01:09:55 下次操作: 2021-08-04 01:10:15

2021-08-04 01:10:15 开始第 2 次操作

2021-08-04 01:10:15 开始操作号码 【1893493】
2021-08-04 01:10:30 GSD getOne 第 1 次 等待 3 秒
2021-08-04 01:10:33 查询号码 【1893493】，返回信息 {"status":"bad","msg":""}
2021-08-04 01:10:33 查询号码 【1893493】，GSD为【""】
2021-08-04 01:10:33 bad
2021-08-04 01:10:35 CHB 1893493?1628010633 第 1 次 等待 3 秒
2021-08-04 01:10:38 CHB 1893493?1628010633 第 1 次 获取到号码【1893493】GSD
2021-08-04 01:10:38 获取到号码【1893493】的GSD为【广西-河池】
2021-08-04 01:11:06 GSD insert 第 1 次 等待 3 秒
2021-08-04 01:11:09 {"status":"ok","gid":493689,"msg":"添加成功！"}
2021-08-04 01:11:09 下次操作: 2021-08-04 01:11:30

2021-08-04 01:11:30 开始第 3 次操作

2021-08-04 01:11:30 开始操作号码 【1893492】
2021-08-04 01:11:57 GSD getOne 第 1 次 等待 3 秒
2021-08-04 01:12:00 查询号码 【1893492】，返回信息 {"status":"bad","msg":""}
2021-08-04 01:12:00 查询号码 【1893492】，GSD为【""】
2021-08-04 01:12:01 bad
2021-08-04 01:12:02 CHB 1893492?1628010721 第 1 次 等待 3 秒
2021-08-04 01:12:05 CHB 1893492?1628010721 第 1 次 获取到号码【1893492】GSD
2021-08-04 01:12:05 获取到号码【1893492】的GSD为【广西-河池】
2021-08-04 01:12:34 GSD insert 第 1 次 等待 3 秒
2021-08-04 01:12:37 {"status":"ok","gid":493695,"msg":"添加成功！"}
2021-08-04 01:12:37 下次操作: 2021-08-04 01:12:57

2021-08-04 01:12:57 开始第 4 次操作

2021-08-04 01:12:57 开始操作号码 【1893491】
2021-08-04 01:13:29 GSD getOne 第 1 次 等待 3 秒
2021-08-04 01:13:32 查询号码 【1893491】，返回信息 {"status":"bad","msg":""}
2021-08-04 01:13:33 查询号码 【1893491】，GSD为【""】
2021-08-04 01:13:33 bad
2021-08-04 01:13:34 CHB 1893491?1628010813 第 1 次 等待 3 秒
2021-08-04 01:13:37 CHB 1893491?1628010813 第 1 次 获取到号码【1893491】GSD
2021-08-04 01:13:37 获取到号码【1893491】的GSD为【广西-贵港】
2021-08-04 01:14:16 GSD insert 第 1 次 等待 3 秒
2021-08-04 01:14:19 {"status":"ok","gid":493700,"msg":"添加成功！"}
2021-08-04 01:14:19 下次操作: 2021-08-04 01:14:32

2021-08-04 01:14:32 开始第 5 次操作

2021-08-04 01:14:32 开始操作号码 【1893490】
2021-08-04 01:14:55 GSD getOne 第 1 次 等待 3 秒
2021-08-04 01:14:58 查询号码 【1893490】，返回信息 {"status":"bad","msg":""}
2021-08-04 01:14:58 查询号码 【1893490】，GSD为【""】
2021-08-04 01:14:58 bad
2021-08-04 01:14:59 CHB 1893490?1628010898 第 1 次 等待 3 秒
2021-08-04 01:15:02 CHB 1893490?1628010898 第 1 次 获取到号码【1893490】GSD
2021-08-04 01:15:02 获取到号码【1893490】的GSD为【广西-贵港】
2021-08-04 01:15:42 GSD insert 第 1 次 等待 3 秒
2021-08-04 01:15:45 {"status":"ok","gid":493705,"msg":"添加成功！"}
2021-08-04 01:15:45 下次操作: 2021-08-04 01:16:08

2021-08-04 01:16:08 开始第 6 次操作

2021-08-04 01:16:08 开始操作号码 【1893489】
2021-08-04 01:16:23 GSD getOne 第 1 次 等待 3 秒
2021-08-04 01:16:26 查询号码 【1893489】，返回信息 {"status":"bad","msg":""}
2021-08-04 01:16:26 查询号码 【1893489】，GSD为【""】
2021-08-04 01:16:26 bad
2021-08-04 01:16:28 CHB 1893489?1628010986 第 1 次 等待 3 秒
2021-08-04 01:16:31 CHB 1893489?1628010986 第 1 次 获取到号码【1893489】GSD
2021-08-04 01:16:31 获取到号码【1893489】的GSD为【广西-贵港】
2021-08-04 01:16:58 GSD insert 第 1 次 等待 3 秒
2021-08-04 01:17:01 {"status":"ok","gid":493710,"msg":"添加成功！"}
2021-08-04 01:17:01 下次操作: 2021-08-04 01:17:16

2021-08-04 01:17:16 开始第 7 次操作

2021-08-04 01:17:16 开始操作号码 【1893488】
2021-08-04 01:17:30 GSD getOne 第 1 次 等待 3 秒
2021-08-04 01:17:33 查询号码 【1893488】，返回信息 {"status":"bad","msg":""}
2021-08-04 01:17:33 查询号码 【1893488】，GSD为【""】
2021-08-04 01:17:33 bad
2021-08-04 01:17:35 CHB 1893488?1628011053 第 1 次 等待 3 秒
2021-08-04 01:17:38 CHB 1893488?1628011053 第 1 次 获取到号码【1893488】GSD
2021-08-04 01:17:38 获取到号码【1893488】的GSD为【广西-玉林】
2021-08-04 01:18:18 GSD insert 第 1 次 等待 3 秒
2021-08-04 01:18:21 {"status":"ok","gid":493714,"msg":"添加成功！"}
2021-08-04 01:18:21 下次操作: 2021-08-04 01:18:40

2021-08-04 01:18:40 开始第 8 次操作

2021-08-04 01:18:40 开始操作号码 【1893487】
2021-08-04 01:18:58 GSD getOne 第 1 次 等待 3 秒
2021-08-04 01:19:01 查询号码 【1893487】，返回信息 {"status":"bad","msg":""}
2021-08-04 01:19:01 查询号码 【1893487】，GSD为【""】
2021-08-04 01:19:01 bad
2021-08-04 01:19:03 CHB 1893487?1628011141 第 1 次 等待 3 秒
2021-08-04 01:19:06 CHB 1893487?1628011141 第 1 次 获取到号码【1893487】GSD
2021-08-04 01:19:06 获取到号码【1893487】的GSD为【广西-玉林】
2021-08-04 01:19:58 GSD insert 第 1 次 等待 3 秒
2021-08-04 01:20:01 {"status":"ok","gid":493721,"msg":"添加成功！"}
2021-08-04 01:20:01 下次操作: 2021-08-04 01:20:22

2021-08-04 01:20:22 开始第 9 次操作

2021-08-04 01:20:22 开始操作号码 【1893486】
2021-08-04 01:20:48 GSD getOne 第 1 次 等待 3 秒
2021-08-04 01:20:51 查询号码 【1893486】，返回信息 {"status":"bad","msg":""}
2021-08-04 01:20:51 查询号码 【1893486】，GSD为【""】
2021-08-04 01:20:51 bad
2021-08-04 01:20:53 CHB 1893486?1628011251 第 1 次 等待 3 秒
2021-08-04 01:20:56 CHB 1893486?1628011251 第 1 次 获取到号码【1893486】GSD
2021-08-04 01:20:56 获取到号码【1893486】的GSD为【广西-玉林】
2021-08-04 01:21:24 GSD insert 第 1 次 等待 3 秒
2021-08-04 01:21:27 {"status":"ok","gid":493725,"msg":"添加成功！"}
2021-08-04 01:21:27 下次操作: 2021-08-04 01:21:49

2021-08-04 01:21:49 开始第 10 次操作

2021-08-04 01:21:49 开始操作号码 【1893485】
2021-08-04 01:22:13 GSD getOne 第 1 次 等待 3 秒
2021-08-04 01:22:16 查询号码 【1893485】，返回信息 {"status":"bad","msg":""}
2021-08-04 01:22:16 查询号码 【1893485】，GSD为【""】
2021-08-04 01:22:16 bad
2021-08-04 01:22:18 CHB 1893485?1628011336 第 1 次 等待 3 秒
2021-08-04 01:22:21 CHB 1893485?1628011336 第 1 次 获取到号码【1893485】GSD
2021-08-04 01:22:21 获取到号码【1893485】的GSD为【广西-玉林】
2021-08-04 01:22:51 GSD insert 第 1 次 等待 3 秒
2021-08-04 01:22:54 {"status":"ok","gid":493731,"msg":"添加成功！"}
2021-08-04 01:22:54 下次操作: 2021-08-04 01:23:17

2021-08-04 01:23:17 开始第 11 次操作

2021-08-04 01:23:17 开始操作号码 【1893484】
2021-08-04 01:23:27 GSD getOne 第 1 次 等待 3 秒
2021-08-04 01:23:30 查询号码 【1893484】，返回信息 {"status":"bad","msg":""}
2021-08-04 01:23:30 查询号码 【1893484】，GSD为【""】
2021-08-04 01:23:30 bad
2021-08-04 01:23:31 CHB 1893484?1628011410 第 1 次 等待 3 秒
2021-08-04 01:23:34 CHB 1893484?1628011410 第 1 次 获取到号码【1893484】GSD
2021-08-04 01:23:35 获取到号码【1893484】的GSD为【广西-梧州】
2021-08-04 01:24:03 GSD insert 第 1 次 等待 3 秒
2021-08-04 01:24:06 {"status":"ok","gid":493736,"msg":"添加成功！"}
2021-08-04 01:24:06 下次操作: 2021-08-04 01:24:19

2021-08-04 01:24:19 开始第 12 次操作

2021-08-04 01:24:19 开始操作号码 【1893483】
2021-08-04 01:24:32 GSD getOne 第 1 次 等待 3 秒
2021-08-04 01:24:35 查询号码 【1893483】，返回信息 {"status":"bad","msg":""}
2021-08-04 01:24:35 查询号码 【1893483】，GSD为【""】
2021-08-04 01:24:35 bad
2021-08-04 01:24:37 CHB 1893483?1628011475 第 1 次 等待 3 秒
2021-08-04 01:24:40 CHB 1893483?1628011475 第 1 次 获取到号码【1893483】GSD
2021-08-04 01:24:40 获取到号码【1893483】的GSD为【广西-梧州】
2021-08-04 01:25:10 GSD insert 第 1 次 等待 3 秒
2021-08-04 01:25:13 {"status":"ok","gid":493740,"msg":"添加成功！"}
2021-08-04 01:25:13 下次操作: 2021-08-04 01:25:36

2021-08-04 01:25:36 开始第 13 次操作

2021-08-04 01:25:36 开始操作号码 【1893482】
2021-08-04 01:25:55 GSD getOne 第 1 次 等待 3 秒
2021-08-04 01:25:58 查询号码 【1893482】，返回信息 {"status":"bad","msg":""}
2021-08-04 01:25:58 查询号码 【1893482】，GSD为【""】
2021-08-04 01:25:58 bad
2021-08-04 01:25:59 CHB 1893482?1628011558 第 1 次 等待 3 秒
2021-08-04 01:26:02 CHB 1893482?1628011558 第 1 次 获取到号码【1893482】GSD
2021-08-04 01:26:03 获取到号码【1893482】的GSD为【广西-桂林】
2021-08-04 01:26:46 GSD insert 第 1 次 等待 3 秒
2021-08-04 01:26:49 {"status":"ok","gid":493745,"msg":"添加成功！"}
2021-08-04 01:26:49 下次操作: 2021-08-04 01:27:05

2021-08-04 01:27:05 开始第 14 次操作

2021-08-04 01:27:05 开始操作号码 【1893481】
2021-08-04 01:27:19 GSD getOne 第 1 次 等待 3 秒
2021-08-04 01:27:22 查询号码 【1893481】，返回信息 {"status":"bad","msg":""}
2021-08-04 01:27:23 查询号码 【1893481】，GSD为【""】
2021-08-04 01:27:23 bad
2021-08-04 01:27:24 CHB 1893481?1628011643 第 1 次 等待 3 秒
2021-08-04 01:27:27 CHB 1893481?1628011643 第 1 次 获取到号码【1893481】GSD
2021-08-04 01:27:27 获取到号码【1893481】的GSD为【广西-桂林】
2021-08-04 01:28:01 GSD insert 第 1 次 等待 3 秒
2021-08-04 01:28:04 {"status":"ok","gid":493751,"msg":"添加成功！"}
2021-08-04 01:28:04 下次操作: 2021-08-04 01:28:16

2021-08-04 01:28:16 开始第 15 次操作

2021-08-04 01:28:16 开始操作号码 【1893480】
2021-08-04 01:28:31 GSD getOne 第 1 次 等待 3 秒
2021-08-04 01:28:34 查询号码 【1893480】，返回信息 {"status":"bad","msg":""}
2021-08-04 01:28:34 查询号码 【1893480】，GSD为【""】
2021-08-04 01:28:34 bad
2021-08-04 01:28:36 CHB 1893480?1628011714 第 1 次 等待 3 秒
2021-08-04 01:28:39 CHB 1893480?1628011714 第 1 次 获取到号码【1893480】GSD
2021-08-04 01:28:39 获取到号码【1893480】的GSD为【广西-桂林】
2021-08-04 01:29:11 GSD insert 第 1 次 等待 3 秒
2021-08-04 01:29:14 {"status":"ok","gid":493754,"msg":"添加成功！"}
2021-08-04 01:29:14 下次操作: 2021-08-04 01:29:38

2021-08-04 01:29:38 开始第 16 次操作

2021-08-04 01:29:38 开始操作号码 【1893479】
2021-08-04 01:30:14 GSD getOne 第 1 次 等待 3 秒
2021-08-04 01:30:17 查询号码 【1893479】，返回信息 {"status":"ok","msg":"广西-桂林","gid":"45138","time_insert":"2018-07-10 14:39","time_update":"2020-12-17 22:57"}
2021-08-04 01:30:17 查询号码 【1893479】，GSD为【"广西-桂林"】

2021-08-04 01:30:17 开始第 16 次操作

2021-08-04 01:30:17 开始操作号码 【1893478】
2021-08-04 01:31:15 GSD getOne 第 1 次 等待 3 秒
2021-08-04 01:31:18 查询号码 【1893478】，返回信息 {"status":"bad","msg":""}
2021-08-04 01:31:18 查询号码 【1893478】，GSD为【""】
2021-08-04 01:31:18 bad
2021-08-04 01:31:20 CHB 1893478?1628011878 第 1 次 等待 3 秒
2021-08-04 01:31:23 CHB 1893478?1628011878 第 1 次 获取到号码【1893478】GSD
2021-08-04 01:31:23 获取到号码【1893478】的GSD为【广西-桂林】
2021-08-04 01:31:57 GSD insert 第 1 次 等待 3 秒
2021-08-04 01:32:00 {"status":"ok","gid":493762,"msg":"添加成功！"}
2021-08-04 01:32:00 下次操作: 2021-08-04 01:32:15

2021-08-04 01:32:15 开始第 17 次操作

2021-08-04 01:32:15 开始操作号码 【1893477】
2021-08-04 01:32:27 GSD getOne 第 1 次 等待 3 秒
2021-08-04 01:32:30 查询号码 【1893477】，返回信息 {"status":"bad","msg":""}
2021-08-04 01:32:30 查询号码 【1893477】，GSD为【""】
2021-08-04 01:32:30 bad
2021-08-04 01:32:32 CHB 1893477?1628011950 第 1 次 等待 3 秒
2021-08-04 01:32:35 CHB 1893477?1628011950 第 1 次 获取到号码【1893477】GSD
2021-08-04 01:32:35 获取到号码【1893477】的GSD为【广西-桂林】
2021-08-04 01:33:03 GSD insert 第 1 次 等待 3 秒
2021-08-04 01:33:06 {"status":"ok","gid":493767,"msg":"添加成功！"}
2021-08-04 01:33:06 下次操作: 2021-08-04 01:33:24

2021-08-04 01:33:24 开始第 18 次操作

2021-08-04 01:33:24 开始操作号码 【1893476】
2021-08-04 01:34:07 GSD getOne 第 1 次 等待 3 秒
2021-08-04 01:34:10 查询号码 【1893476】，返回信息 {"status":"bad","msg":""}
2021-08-04 01:34:10 查询号码 【1893476】，GSD为【""】
2021-08-04 01:34:10 bad
2021-08-04 01:34:16 CHB 1893476?1628012050 第 1 次 等待 3 秒
2021-08-04 01:34:19 CHB 1893476?1628012050 第 1 次 获取到号码【1893476】GSD
2021-08-04 01:34:19 获取到号码【1893476】的GSD为【广西-来宾】
2021-08-04 01:34:54 GSD insert 第 1 次 等待 3 秒
2021-08-04 01:34:57 {"status":"ok","gid":493772,"msg":"添加成功！"}
2021-08-04 01:34:57 下次操作: 2021-08-04 01:35:20

2021-08-04 01:35:20 开始第 19 次操作

2021-08-04 01:35:20 开始操作号码 【1893475】
2021-08-04 01:35:34 GSD getOne 第 1 次 等待 3 秒
2021-08-04 01:35:37 查询号码 【1893475】，返回信息 {"status":"bad","msg":""}
2021-08-04 01:35:37 查询号码 【1893475】，GSD为【""】
2021-08-04 01:35:37 bad
2021-08-04 01:35:38 CHB 1893475?1628012137 第 1 次 等待 3 秒
2021-08-04 01:35:41 CHB 1893475?1628012137 第 1 次 获取到号码【1893475】GSD
2021-08-04 01:35:41 获取到号码【1893475】的GSD为【广西-崇左】
2021-08-04 01:36:08 GSD insert 第 1 次 等待 3 秒
2021-08-04 01:36:11 {"status":"ok","gid":493776,"msg":"添加成功！"}
2021-08-04 01:36:11 下次操作: 2021-08-04 01:36:35

2021-08-04 01:36:35 开始第 20 次操作

2021-08-04 01:36:35 开始操作号码 【1893474】
2021-08-04 01:36:47 GSD getOne 第 1 次 等待 3 秒
2021-08-04 01:36:50 查询号码 【1893474】，返回信息 {"status":"bad","msg":""}
2021-08-04 01:36:50 查询号码 【1893474】，GSD为【""】
2021-08-04 01:36:50 bad
2021-08-04 01:36:52 CHB 1893474?1628012210 第 1 次 等待 3 秒
2021-08-04 01:36:55 CHB 1893474?1628012210 第 1 次 获取到号码【1893474】GSD
2021-08-04 01:36:55 获取到号码【1893474】的GSD为【广西-南宁】
2021-08-04 01:37:22 GSD insert 第 1 次 等待 3 秒
2021-08-04 01:37:25 {"status":"ok","gid":493781,"msg":"添加成功！"}
2021-08-04 01:37:25 下次操作: 2021-08-04 01:37:47

2021-08-04 01:37:47 开始第 21 次操作

2021-08-04 01:37:47 开始操作号码 【1893473】
2021-08-04 01:38:07 GSD getOne 第 1 次 等待 3 秒
2021-08-04 01:38:10 查询号码 【1893473】，返回信息 {"status":"bad","msg":""}
2021-08-04 01:38:10 查询号码 【1893473】，GSD为【""】
2021-08-04 01:38:10 bad
2021-08-04 01:38:11 CHB 1893473?1628012290 第 1 次 等待 3 秒
2021-08-04 01:38:14 CHB 1893473?1628012290 第 1 次 获取到号码【1893473】GSD
2021-08-04 01:38:15 获取到号码【1893473】的GSD为【广西-南宁】
2021-08-04 01:38:54 GSD insert 第 1 次 等待 3 秒
2021-08-04 01:38:57 {"status":"ok","gid":493786,"msg":"添加成功！"}
2021-08-04 01:38:57 下次操作: 2021-08-04 01:39:20

2021-08-04 01:39:20 开始第 22 次操作

2021-08-04 01:39:20 开始操作号码 【1893472】
2021-08-04 01:39:38 GSD getOne 第 1 次 等待 3 秒
2021-08-04 01:39:41 查询号码 【1893472】，返回信息 {"status":"bad","msg":""}
2021-08-04 01:39:41 查询号码 【1893472】，GSD为【""】
2021-08-04 01:39:41 bad
2021-08-04 01:39:42 CHB 1893472?1628012381 第 1 次 等待 3 秒
2021-08-04 01:39:45 CHB 1893472?1628012381 第 1 次 获取到号码【1893472】GSD
2021-08-04 01:39:45 获取到号码【1893472】的GSD为【广西-南宁】
2021-08-04 01:40:53 GSD insert 第 1 次 等待 3 秒
2021-08-04 01:40:56 {"status":"ok","gid":493793,"msg":"添加成功！"}
2021-08-04 01:40:56 下次操作: 2021-08-04 01:41:12

2021-08-04 01:41:12 开始第 23 次操作

2021-08-04 01:41:12 开始操作号码 【1893471】
2021-08-04 01:41:50 GSD getOne 第 1 次 等待 3 秒
2021-08-04 01:41:53 查询号码 【1893471】，返回信息 {"status":"bad","msg":""}
2021-08-04 01:41:53 查询号码 【1893471】，GSD为【""】
2021-08-04 01:41:53 bad
2021-08-04 01:41:54 CHB 1893471?1628012513 第 1 次 等待 3 秒
2021-08-04 01:41:57 CHB 1893471?1628012513 第 1 次 获取到号码【1893471】GSD
2021-08-04 01:41:57 获取到号码【1893471】的GSD为【广西-南宁】
2021-08-04 01:42:34 GSD insert 第 1 次 等待 3 秒
2021-08-04 01:42:37 {"status":"ok","gid":493800,"msg":"添加成功！"}
2021-08-04 01:42:37 下次操作: 2021-08-04 01:42:51

2021-08-04 01:42:51 开始第 24 次操作

2021-08-04 01:42:51 开始操作号码 【1893470】
2021-08-04 01:43:22 GSD getOne 第 1 次 等待 3 秒
2021-08-04 01:43:25 查询号码 【1893470】，返回信息 {"status":"ok","msg":"广西-南宁","gid":"45137","time_insert":"2017-03-13 09:43","time_update":"2020-12-17 22:53"}
2021-08-04 01:43:25 查询号码 【1893470】，GSD为【"广西-南宁"】

2021-08-04 01:43:25 开始第 24 次操作

2021-08-04 01:43:25 开始操作号码 【1893469】
2021-08-04 01:43:52 GSD getOne 第 1 次 等待 3 秒
2021-08-04 01:43:55 查询号码 【1893469】，返回信息 {"status":"bad","msg":""}
2021-08-04 01:43:55 查询号码 【1893469】，GSD为【""】
2021-08-04 01:43:55 bad
2021-08-04 01:43:57 CHB 1893469?1628012635 第 1 次 等待 3 秒
2021-08-04 01:44:00 CHB 1893469?1628012635 第 1 次 获取到号码【1893469】GSD
2021-08-04 01:44:00 获取到号码【1893469】的GSD为【湖北-咸宁】
2021-08-04 01:44:29 GSD insert 第 1 次 等待 3 秒
2021-08-04 01:44:32 {"status":"ok","gid":493806,"msg":"添加成功！"}
2021-08-04 01:44:32 下次操作: 2021-08-04 01:44:54

2021-08-04 01:44:54 开始第 25 次操作

2021-08-04 01:44:54 开始操作号码 【1893468】
2021-08-04 01:45:05 GSD getOne 第 1 次 等待 3 秒
2021-08-04 01:45:08 查询号码 【1893468】，返回信息 {"status":"ok","msg":"湖北-咸宁","gid":"45136","time_insert":"2017-04-19 11:23","time_update":"2020-09-19 12:51"}
2021-08-04 01:45:08 查询号码 【1893468】，GSD为【"湖北-咸宁"】

2021-08-04 01:45:08 开始第 25 次操作

2021-08-04 01:45:08 开始操作号码 【1893467】
2021-08-04 01:45:36 GSD getOne 第 1 次 等待 3 秒
2021-08-04 01:45:39 查询号码 【1893467】，返回信息 {"status":"bad","msg":""}
2021-08-04 01:45:39 查询号码 【1893467】，GSD为【""】
2021-08-04 01:45:39 bad
2021-08-04 01:45:40 CHB 1893467?1628012739 第 1 次 等待 3 秒
2021-08-04 01:45:43 CHB 1893467?1628012739 第 1 次 获取到号码【1893467】GSD
2021-08-04 01:45:43 获取到号码【1893467】的GSD为【湖北-黄石】
2021-08-04 01:46:14 GSD insert 第 1 次 等待 3 秒
2021-08-04 01:46:17 {"status":"ok","gid":493813,"msg":"添加成功！"}
2021-08-04 01:46:17 下次操作: 2021-08-04 01:46:40

2021-08-04 01:46:40 开始第 26 次操作

2021-08-04 01:46:40 开始操作号码 【1893466】
2021-08-04 01:47:10 GSD getOne 第 1 次 等待 3 秒
2021-08-04 01:47:13 查询号码 【1893466】，返回信息 {"status":"bad","msg":""}
2021-08-04 01:47:14 查询号码 【1893466】，GSD为【""】
2021-08-04 01:47:14 bad
2021-08-04 01:47:15 CHB 1893466?1628012834 第 1 次 等待 3 秒
2021-08-04 01:47:18 CHB 1893466?1628012834 第 1 次 获取到号码【1893466】GSD
2021-08-04 01:47:18 获取到号码【1893466】的GSD为【湖北-黄石】
2021-08-04 01:48:15 GSD insert 第 1 次 等待 3 秒
2021-08-04 01:48:18 {"status":"ok","gid":493822,"msg":"添加成功！"}
2021-08-04 01:48:18 下次操作: 2021-08-04 01:48:42

2021-08-04 01:48:42 开始第 27 次操作

2021-08-04 01:48:42 开始操作号码 【1893465】
2021-08-04 01:48:55 GSD getOne 第 1 次 等待 3 秒
2021-08-04 01:48:58 查询号码 【1893465】，返回信息 {"status":"bad","msg":""}
2021-08-04 01:48:58 查询号码 【1893465】，GSD为【""】
2021-08-04 01:48:58 bad
2021-08-04 01:49:00 CHB 1893465?1628012938 第 1 次 等待 3 秒
2021-08-04 01:49:03 CHB 1893465?1628012938 第 1 次 获取到号码【1893465】GSD
2021-08-04 01:49:03 获取到号码【1893465】的GSD为【湖北-黄冈】
2021-08-04 01:50:10 GSD insert 第 1 次 等待 3 秒
2021-08-04 01:50:13 {"status":"ok","gid":493830,"msg":"添加成功！"}
2021-08-04 01:50:13 下次操作: 2021-08-04 01:50:36

2021-08-04 01:50:36 开始第 28 次操作

2021-08-04 01:50:36 开始操作号码 【1893464】
2021-08-04 01:50:53 GSD getOne 第 1 次 等待 3 秒
2021-08-04 01:50:56 查询号码 【1893464】，返回信息 {"status":"bad","msg":""}
2021-08-04 01:50:56 查询号码 【1893464】，GSD为【""】
2021-08-04 01:50:56 bad
2021-08-04 01:50:58 CHB 1893464?1628013056 第 1 次 等待 3 秒
2021-08-04 01:51:01 CHB 1893464?1628013056 第 1 次 获取到号码【1893464】GSD
2021-08-04 01:51:01 未获取到号码【1893464】GSD，查号吧 400 错误
2021-08-04 01:51:01 获取到号码【1893464】的GSD为【-】
2021-08-04 01:51:43 GSD insert 第 1 次 等待 3 秒
2021-08-04 01:51:46 {"status":"ok","gid":493835,"msg":"添加成功！"}
2021-08-04 01:51:46 下次操作: 2021-08-04 01:52:05

2021-08-04 01:52:05 开始第 29 次操作

2021-08-04 01:52:05 开始操作号码 【1893463】
2021-08-04 01:52:22 GSD getOne 第 1 次 等待 3 秒
2021-08-04 01:52:25 查询号码 【1893463】，返回信息 {"status":"bad","msg":""}
2021-08-04 01:52:25 查询号码 【1893463】，GSD为【""】
2021-08-04 01:52:25 bad
2021-08-04 01:52:28 CHB 1893463?1628013145 第 1 次 等待 3 秒
2021-08-04 01:52:31 CHB 1893463?1628013145 第 1 次 获取到号码【1893463】GSD
2021-08-04 01:52:31 获取到号码【1893463】的GSD为【湖北-黄冈】
2021-08-04 01:52:58 GSD insert 第 1 次 等待 3 秒
2021-08-04 01:53:01 {"status":"ok","gid":493840,"msg":"添加成功！"}
2021-08-04 01:53:01 下次操作: 2021-08-04 01:53:17

2021-08-04 01:53:17 开始第 30 次操作

2021-08-04 01:53:17 开始操作号码 【1893462】
2021-08-04 01:53:38 GSD getOne 第 1 次 等待 3 秒
2021-08-04 01:53:41 查询号码 【1893462】，返回信息 {"status":"bad","msg":""}
2021-08-04 01:53:42 查询号码 【1893462】，GSD为【""】
2021-08-04 01:53:42 bad
2021-08-04 01:53:46 CHB 1893462?1628013222 第 1 次 等待 3 秒
2021-08-04 01:53:49 CHB 1893462?1628013222 第 1 次 未获取到 等待 17 秒 下次操作: 2021-08-04 01:54:06
2021-08-04 01:54:09 CHB 1893462?1628013246 第 2 次 等待 3 秒
2021-08-04 01:54:12 CHB 1893462?1628013246 第 2 次 未获取到 等待 17 秒 下次操作: 2021-08-04 01:54:29
2021-08-04 01:55:42 CHB 1893462?1628013269 第 3 次 等待 3 秒
2021-08-04 01:55:45 CHB 1893462?1628013269 第 3 次 跳过号码【1893462】
2021-08-04 01:55:45 未获取到号码【1893462】源码
2021-08-04 01:55:45 获取到号码【1893462】的GSD为【-】
2021-08-04 01:56:23 GSD insert 第 1 次 等待 3 秒
2021-08-04 01:56:26 {"status":"ok","gid":493852,"msg":"添加成功！"}
2021-08-04 01:56:26 下次操作: 2021-08-04 01:56:38

2021-08-04 01:56:38 开始第 31 次操作

2021-08-04 01:56:38 开始操作号码 【1893461】
2021-08-04 01:57:09 GSD getOne 第 1 次 等待 3 秒
2021-08-04 01:57:12 查询号码 【1893461】，返回信息 {"status":"bad","msg":""}
2021-08-04 01:57:12 查询号码 【1893461】，GSD为【""】
2021-08-04 01:57:12 bad
2021-08-04 01:57:17 CHB 1893461?1628013432 第 1 次 等待 3 秒
2021-08-04 01:57:20 CHB 1893461?1628013432 第 1 次 获取到号码【1893461】GSD
2021-08-04 01:57:20 获取到号码【1893461】的GSD为【湖北-襄阳】
2021-08-04 01:57:45 GSD insert 第 1 次 等待 3 秒
2021-08-04 01:57:48 {"status":"ok","gid":493858,"msg":"添加成功！"}
2021-08-04 01:57:48 下次操作: 2021-08-04 01:58:09

2021-08-04 01:58:09 开始第 32 次操作

2021-08-04 01:58:09 开始操作号码 【1893460】
2021-08-04 01:58:22 GSD getOne 第 1 次 等待 3 秒
2021-08-04 01:58:25 查询号码 【1893460】，返回信息 {"status":"bad","msg":""}
2021-08-04 01:58:25 查询号码 【1893460】，GSD为【""】
2021-08-04 01:58:25 bad
2021-08-04 01:58:27 CHB 1893460?1628013505 第 1 次 等待 3 秒
2021-08-04 01:58:30 CHB 1893460?1628013505 第 1 次 获取到号码【1893460】GSD
2021-08-04 01:58:30 获取到号码【1893460】的GSD为【湖北-襄阳】
2021-08-04 01:59:05 GSD insert 第 1 次 等待 3 秒
2021-08-04 01:59:08 {"status":"ok","gid":493863,"msg":"添加成功！"}
2021-08-04 01:59:08 下次操作: 2021-08-04 01:59:30

2021-08-04 01:59:30 开始第 33 次操作

2021-08-04 01:59:30 开始操作号码 【1893459】
2021-08-04 01:59:55 GSD getOne 第 1 次 等待 3 秒
2021-08-04 01:59:58 查询号码 【1893459】，返回信息 {"status":"bad","msg":""}
2021-08-04 01:59:58 查询号码 【1893459】，GSD为【""】
2021-08-04 01:59:58 bad
2021-08-04 02:00:00 CHB 1893459?1628013598 第 1 次 等待 3 秒
2021-08-04 02:00:03 CHB 1893459?1628013598 第 1 次 获取到号码【1893459】GSD
2021-08-04 02:00:03 获取到号码【1893459】的GSD为【江苏-苏州】
2021-08-04 02:00:30 GSD insert 第 1 次 等待 3 秒
2021-08-04 02:00:33 {"status":"ok","gid":493871,"msg":"添加成功！"}
2021-08-04 02:00:33 下次操作: 2021-08-04 02:00:53

2021-08-04 02:00:53 开始第 34 次操作

2021-08-04 02:00:53 开始操作号码 【1893458】
2021-08-04 02:01:21 GSD getOne 第 1 次 等待 3 秒
2021-08-04 02:01:24 查询号码 【1893458】，返回信息 {"status":"bad","msg":""}
2021-08-04 02:01:25 查询号码 【1893458】，GSD为【""】
2021-08-04 02:01:25 bad
2021-08-04 02:01:26 CHB 1893458?1628013685 第 1 次 等待 3 秒
2021-08-04 02:01:29 CHB 1893458?1628013685 第 1 次 获取到号码【1893458】GSD
2021-08-04 02:01:29 获取到号码【1893458】的GSD为【江苏-苏州】
2021-08-04 02:02:58 GSD insert 第 1 次 等待 3 秒
2021-08-04 02:03:01 {"status":"ok","gid":493879,"msg":"添加成功！"}
2021-08-04 02:03:01 下次操作: 2021-08-04 02:03:13

2021-08-04 02:03:13 开始第 35 次操作

2021-08-04 02:03:13 开始操作号码 【1893457】
2021-08-04 02:04:18 GSD getOne 第 1 次 等待 3 秒
2021-08-04 02:04:21 查询号码 【1893457】，返回信息 {"status":"bad","msg":""}
2021-08-04 02:04:21 查询号码 【1893457】，GSD为【""】
2021-08-04 02:04:21 bad
2021-08-04 02:04:27 CHB 1893457?1628013861 第 1 次 等待 3 秒
2021-08-04 02:04:30 CHB 1893457?1628013861 第 1 次 获取到号码【1893457】GSD
2021-08-04 02:04:30 获取到号码【1893457】的GSD为【江苏-苏州】
2021-08-04 02:04:54 GSD insert 第 1 次 等待 3 秒
2021-08-04 02:04:57 {"status":"ok","gid":493888,"msg":"添加成功！"}
2021-08-04 02:04:57 下次操作: 2021-08-04 02:05:12

2021-08-04 02:05:12 开始第 36 次操作

2021-08-04 02:05:12 开始操作号码 【1893456】
2021-08-04 02:05:29 GSD getOne 第 1 次 等待 3 秒
2021-08-04 02:05:32 查询号码 【1893456】，返回信息 {"status":"bad","msg":""}
2021-08-04 02:05:32 查询号码 【1893456】，GSD为【""】
2021-08-04 02:05:32 bad
2021-08-04 02:05:38 CHB 1893456?1628013932 第 1 次 等待 3 秒
2021-08-04 02:05:41 CHB 1893456?1628013932 第 1 次 获取到号码【1893456】GSD
2021-08-04 02:05:41 获取到号码【1893456】的GSD为【江苏-苏州】
2021-08-04 02:05:59 GSD insert 第 1 次 等待 3 秒
2021-08-04 02:06:02 {"status":"ok","gid":493893,"msg":"添加成功！"}
2021-08-04 02:06:02 下次操作: 2021-08-04 02:06:17

2021-08-04 02:06:17 开始第 37 次操作

2021-08-04 02:06:17 开始操作号码 【1893455】
2021-08-04 02:06:48 GSD getOne 第 1 次 等待 3 秒
2021-08-04 02:06:51 查询号码 【1893455】，返回信息 {"status":"bad","msg":""}
2021-08-04 02:06:51 查询号码 【1893455】，GSD为【""】
2021-08-04 02:06:51 bad
2021-08-04 02:07:18 CHB 1893455?1628014011 第 1 次 等待 3 秒
2021-08-04 02:07:21 CHB 1893455?1628014011 第 1 次 获取到号码【1893455】GSD
2021-08-04 02:07:21 获取到号码【1893455】的GSD为【江苏-苏州】
2021-08-04 02:07:43 GSD insert 第 1 次 等待 3 秒
2021-08-04 02:07:46 {"status":"ok","gid":493897,"msg":"添加成功！"}
2021-08-04 02:07:46 下次操作: 2021-08-04 02:08:05

2021-08-04 02:08:05 开始第 38 次操作

2021-08-04 02:08:05 开始操作号码 【1893454】
2021-08-04 02:08:30 GSD getOne 第 1 次 等待 3 秒
2021-08-04 02:08:33 查询号码 【1893454】，返回信息 {"status":"bad","msg":""}
2021-08-04 02:08:33 查询号码 【1893454】，GSD为【""】
2021-08-04 02:08:33 bad
2021-08-04 02:08:35 CHB 1893454?1628014113 第 1 次 等待 3 秒
2021-08-04 02:08:38 CHB 1893454?1628014113 第 1 次 获取到号码【1893454】GSD
2021-08-04 02:08:38 获取到号码【1893454】的GSD为【江苏-南通】
2021-08-04 02:09:31 GSD insert 第 1 次 等待 3 秒
2021-08-04 02:09:34 {"status":"ok","gid":493903,"msg":"添加成功！"}
2021-08-04 02:09:34 下次操作: 2021-08-04 02:09:48

2021-08-04 02:09:48 开始第 39 次操作

2021-08-04 02:09:48 开始操作号码 【1893453】
2021-08-04 02:10:02 GSD getOne 第 1 次 等待 3 秒
2021-08-04 02:10:05 查询号码 【1893453】，返回信息 {"status":"bad","msg":""}
2021-08-04 02:10:05 查询号码 【1893453】，GSD为【""】
2021-08-04 02:10:05 bad
2021-08-04 02:10:08 CHB 1893453?1628014205 第 1 次 等待 3 秒
2021-08-04 02:10:11 CHB 1893453?1628014205 第 1 次 获取到号码【1893453】GSD
2021-08-04 02:10:11 未获取到号码【1893453】GSD，查号吧 400 错误
2021-08-04 02:10:11 获取到号码【1893453】的GSD为【-】
2021-08-04 02:10:50 GSD insert 第 1 次 等待 3 秒
2021-08-04 02:10:53 {"status":"ok","gid":493908,"msg":"添加成功！"}
2021-08-04 02:10:53 下次操作: 2021-08-04 02:11:11

2021-08-04 02:11:11 开始第 40 次操作

2021-08-04 02:11:11 开始操作号码 【1893452】
2021-08-04 02:11:42 GSD getOne 第 1 次 等待 3 秒
2021-08-04 02:11:45 查询号码 【1893452】，返回信息 {"status":"bad","msg":""}
2021-08-04 02:11:45 查询号码 【1893452】，GSD为【""】
2021-08-04 02:11:45 bad
2021-08-04 02:11:47 CHB 1893452?1628014305 第 1 次 等待 3 秒
2021-08-04 02:11:50 CHB 1893452?1628014305 第 1 次 获取到号码【1893452】GSD
2021-08-04 02:11:50 获取到号码【1893452】的GSD为【江苏-南通】
2021-08-04 02:12:27 GSD insert 第 1 次 等待 3 秒
2021-08-04 02:12:30 {"status":"ok","gid":493913,"msg":"添加成功！"}

