2024-02-06 00:20:26 开始第 2097 次操作

2024-02-06 00:20:26 开始操作号码 【1682009】
2024-02-06 00:20:31 GSD getOne 第 1 次 等待 3 秒
2024-02-06 00:20:34 查询号码 【1682009】，返回信息 {"status":"ok","msg":"-","gid":"554043","time_insert":"2023-02-25 13:04"}
2024-02-06 00:20:34 查询号码 【1682009】，GSD为【"-"】
2024-02-06 00:20:34 ok && -
2024-02-06 00:20:37 CHB 1682009?1707150034 第 1 次 等待 3 秒
2024-02-06 00:20:40 CHB 1682009?1707150034 第 1 次 获取到号码【1682009】GSD
2024-02-06 00:20:40 未获取到号码【1682009】GSD，可能号码格式错误
2024-02-06 00:20:40 获取到号码【1682009】的GSD为【-】
2024-02-06 00:20:44 GSD insert 第 1 次 等待 3 秒
2024-02-06 00:20:47 {"status":"bad","gid":"554043","msg":"添加失败！号码【1682009(-|-)】已存在！"}
2024-02-06 00:20:47 随机等待 110 秒，约 1 分钟
2024-02-06 00:20:47 下次操作: 2024-02-06 00:22:37

2024-02-06 00:22:37 开始第 2098 次操作

2024-02-06 00:22:37 开始操作号码 【1682010】
2024-02-06 00:22:41 GSD getOne 第 1 次 等待 3 秒
2024-02-06 00:22:44 查询号码 【1682010】，返回信息 {"status":"ok","msg":"-","gid":"554064","time_insert":"2023-02-25 13:16"}
2024-02-06 00:22:44 查询号码 【1682010】，GSD为【"-"】
2024-02-06 00:22:44 ok && -
2024-02-06 00:22:50 CHB 1682010?1707150164 第 1 次 等待 3 秒
2024-02-06 00:22:53 CHB 1682010?1707150164 第 1 次 获取到号码【1682010】GSD
2024-02-06 00:22:53 未获取到号码【1682010】GSD，可能号码格式错误
2024-02-06 00:22:53 获取到号码【1682010】的GSD为【-】
2024-02-06 00:22:57 GSD insert 第 1 次 等待 3 秒
2024-02-06 00:23:00 {"status":"bad","gid":"554064","msg":"添加失败！号码【1682010(-|-)】已存在！"}
2024-02-06 00:23:00 随机等待 72 秒，约 1 分钟
2024-02-06 00:23:00 下次操作: 2024-02-06 00:24:12

2024-02-06 00:24:12 开始第 2099 次操作

2024-02-06 00:24:12 开始操作号码 【1682011】
2024-02-06 00:24:17 GSD getOne 第 1 次 等待 3 秒
2024-02-06 00:24:20 查询号码 【1682011】，返回信息 {"status":"ok","msg":"-","gid":"554091","time_insert":"2023-02-25 13:33"}
2024-02-06 00:24:20 查询号码 【1682011】，GSD为【"-"】
2024-02-06 00:24:20 ok && -
2024-02-06 00:24:22 CHB 1682011?1707150260 第 1 次 等待 3 秒
2024-02-06 00:24:25 CHB 1682011?1707150260 第 1 次 获取到号码【1682011】GSD
2024-02-06 00:24:25 未获取到号码【1682011】GSD，可能号码格式错误
2024-02-06 00:24:25 获取到号码【1682011】的GSD为【-】
2024-02-06 00:24:30 GSD insert 第 1 次 等待 3 秒
2024-02-06 00:24:33 {"status":"bad","gid":"554091","msg":"添加失败！号码【1682011(-|-)】已存在！"}
2024-02-06 00:24:33 随机等待 102 秒，约 1 分钟
2024-02-06 00:24:33 下次操作: 2024-02-06 00:26:15

2024-02-06 00:26:15 开始第 2100 次操作

2024-02-06 00:26:15 开始操作号码 【1682012】
2024-02-06 00:26:19 GSD getOne 第 1 次 等待 3 秒
2024-02-06 00:26:22 查询号码 【1682012】，返回信息 {"status":"ok","msg":"-","gid":"554117","time_insert":"2023-02-25 13:45"}
2024-02-06 00:26:22 查询号码 【1682012】，GSD为【"-"】
2024-02-06 00:26:22 ok && -
2024-02-06 00:26:24 CHB 1682012?1707150382 第 1 次 等待 3 秒
2024-02-06 00:26:27 CHB 1682012?1707150382 第 1 次 获取到号码【1682012】GSD
2024-02-06 00:26:27 未获取到号码【1682012】GSD，可能号码格式错误
2024-02-06 00:26:27 获取到号码【1682012】的GSD为【-】
2024-02-06 00:26:32 GSD insert 第 1 次 等待 3 秒
2024-02-06 00:26:35 {"status":"bad","gid":"554117","msg":"添加失败！号码【1682012(-|-)】已存在！"}

