2024-06-11 00:24:02 开始第 94 次操作
2024-06-11 00:24:02 号码【157（0000 ---> 9999）】处理完毕
2024-06-11 00:41:52 开始第 94 次操作
2024-06-11 00:41:52 号码【157（0000 ---> 9999）】处理完毕
2024-06-11 01:16:51 开始第 94 次操作
2024-06-11 01:16:51 号码【157（0000 ---> 9999）】处理完毕
2024-06-11 01:37:38 开始第 94 次操作
2024-06-11 01:37:38 号码【157（0000 ---> 9999）】处理完毕
2024-06-11 02:24:55 开始第 94 次操作
2024-06-11 02:24:55 号码【157（0000 ---> 9999）】处理完毕
2024-06-11 02:40:12 开始第 94 次操作
2024-06-11 02:40:12 号码【157（0000 ---> 9999）】处理完毕
2024-06-11 03:15:17 开始第 94 次操作
2024-06-11 03:15:17 号码【157（0000 ---> 9999）】处理完毕
2024-06-11 03:37:47 开始第 94 次操作
2024-06-11 03:37:47 号码【157（0000 ---> 9999）】处理完毕
2024-06-11 04:19:13 开始第 94 次操作
2024-06-11 04:19:13 号码【157（0000 ---> 9999）】处理完毕
2024-06-11 04:37:46 开始第 94 次操作
2024-06-11 04:37:46 号码【157（0000 ---> 9999）】处理完毕
2024-06-11 05:18:30 开始第 94 次操作
2024-06-11 05:18:30 号码【157（0000 ---> 9999）】处理完毕
2024-06-11 05:38:27 开始第 94 次操作
2024-06-11 05:38:27 号码【157（0000 ---> 9999）】处理完毕
2024-06-11 06:18:40 开始第 94 次操作
2024-06-11 06:18:40 号码【157（0000 ---> 9999）】处理完毕
2024-06-11 06:38:29 开始第 94 次操作
2024-06-11 06:38:29 号码【157（0000 ---> 9999）】处理完毕
2024-06-11 07:18:56 开始第 94 次操作
2024-06-11 07:18:56 号码【157（0000 ---> 9999）】处理完毕
2024-06-11 07:38:10 开始第 94 次操作
2024-06-11 07:38:10 号码【157（0000 ---> 9999）】处理完毕
2024-06-11 08:53:41 开始第 94 次操作

2024-06-11 08:53:41 开始操作号码 【1460001】
2024-06-11 08:53:48 GSD getOne 第 1 次 等待 3 秒
2024-06-11 08:53:51 查询号码 【1460001】，返回信息 {"status":"ok","msg":"江苏-南京","gid":"65802","time_insert":"2021-05-23 17:08"}
2024-06-11 08:53:51 查询号码 【1460001】，GSD为【"江苏-南京"】

2024-06-11 08:53:52 开始第 95 次操作

2024-06-11 08:53:52 开始操作号码 【1460002】
2024-06-11 08:54:01 GSD getOne 第 1 次 等待 3 秒
2024-06-11 08:54:04 查询号码 【1460002】，返回信息 {"status":"ok","msg":"江苏-南京","gid":"65818","time_insert":"2021-05-23 17:26"}
2024-06-11 08:54:04 查询号码 【1460002】，GSD为【"江苏-南京"】

2024-06-11 08:54:05 开始第 96 次操作

2024-06-11 08:54:05 开始操作号码 【1460003】
2024-06-11 08:54:10 GSD getOne 第 1 次 等待 3 秒
2024-06-11 08:54:13 查询号码 【1460003】，返回信息 {"status":"ok","msg":"江苏-南京","gid":"65833","time_insert":"2021-05-23 17:48"}
2024-06-11 08:54:13 查询号码 【1460003】，GSD为【"江苏-南京"】

2024-06-11 09:21:55 开始第 97 次操作

2024-06-11 09:21:55 开始操作号码 【1460004】
2024-06-11 09:22:05 GSD getOne 第 1 次 等待 3 秒
2024-06-11 09:22:08 查询号码 【1460004】，返回信息 {"status":"ok","msg":"江苏-南京","gid":"65848","time_insert":"2021-05-23 18:10"}
2024-06-11 09:22:08 查询号码 【1460004】，GSD为【"江苏-南京"】

2024-06-11 09:22:09 开始第 98 次操作

2024-06-11 09:22:09 开始操作号码 【1460005】
2024-06-11 09:22:16 GSD getOne 第 1 次 等待 3 秒
2024-06-11 09:22:19 查询号码 【1460005】，返回信息 {"status":"ok","msg":"江苏-南京","gid":"65867","time_insert":"2021-05-23 18:35"}
2024-06-11 09:22:19 查询号码 【1460005】，GSD为【"江苏-南京"】

2024-06-11 09:22:20 开始第 99 次操作

2024-06-11 09:22:21 开始操作号码 【1460006】
2024-06-11 09:22:31 GSD getOne 第 1 次 等待 3 秒
2024-06-11 09:22:34 查询号码 【1460006】，返回信息 {"status":"ok","msg":"江苏-南京","gid":"65878","time_insert":"2021-05-23 18:56"}
2024-06-11 09:22:34 查询号码 【1460006】，GSD为【"江苏-南京"】

2024-06-11 09:22:35 开始第 100 次操作

2024-06-11 09:22:35 开始操作号码 【1460007】
2024-06-11 09:22:43 GSD getOne 第 1 次 等待 3 秒
2024-06-11 09:22:46 查询号码 【1460007】，返回信息 {"status":"ok","msg":"江苏-南京","gid":"65897","time_insert":"2021-05-23 19:25"}
2024-06-11 09:22:46 查询号码 【1460007】，GSD为【"江苏-南京"】

2024-06-11 10:20:30 开始第 101 次操作

2024-06-11 10:20:30 开始操作号码 【1460008】
2024-06-11 10:20:39 GSD getOne 第 1 次 等待 3 秒
2024-06-11 10:20:42 查询号码 【1460008】，返回信息 {"status":"ok","msg":"江苏-南京","gid":"65908","time_insert":"2021-05-23 19:42"}
2024-06-11 10:20:42 查询号码 【1460008】，GSD为【"江苏-南京"】

2024-06-11 10:20:43 开始第 102 次操作

2024-06-11 10:20:43 开始操作号码 【1460009】
2024-06-11 10:20:50 GSD getOne 第 1 次 等待 3 秒
2024-06-11 10:20:53 查询号码 【1460009】，返回信息 {"status":"ok","msg":"江苏-南京","gid":"65926","time_insert":"2021-05-23 20:05"}
2024-06-11 10:20:53 查询号码 【1460009】，GSD为【"江苏-南京"】

2024-06-11 10:20:55 开始第 103 次操作

2024-06-11 10:20:55 开始操作号码 【1460010】
2024-06-11 10:21:01 GSD getOne 第 1 次 等待 3 秒
2024-06-11 10:21:04 查询号码 【1460010】，返回信息 {"status":"ok","msg":"江苏-南京","gid":"65941","time_insert":"2021-05-23 20:27"}
2024-06-11 10:21:04 查询号码 【1460010】，GSD为【"江苏-南京"】

2024-06-11 10:21:05 开始第 104 次操作

2024-06-11 10:21:05 开始操作号码 【1460011】
2024-06-11 10:21:10 GSD getOne 第 1 次 等待 3 秒
2024-06-11 10:21:13 查询号码 【1460011】，返回信息 {"status":"ok","msg":"江苏-南京","gid":"65963","time_insert":"2021-05-23 20:57"}
2024-06-11 10:21:13 查询号码 【1460011】，GSD为【"江苏-南京"】

2024-06-11 10:46:45 开始第 105 次操作

2024-06-11 10:46:45 开始操作号码 【1460012】
2024-06-11 10:46:52 GSD getOne 第 1 次 等待 3 秒
2024-06-11 10:46:55 查询号码 【1460012】，返回信息 {"status":"ok","msg":"江苏-南京","gid":"65983","time_insert":"2021-05-23 21:18"}
2024-06-11 10:46:55 查询号码 【1460012】，GSD为【"江苏-南京"】

2024-06-11 10:46:56 开始第 106 次操作

2024-06-11 10:46:56 开始操作号码 【1460013】
2024-06-11 10:47:03 GSD getOne 第 1 次 等待 3 秒
2024-06-11 10:47:06 查询号码 【1460013】，返回信息 {"status":"ok","msg":"江苏-南京","gid":"66000","time_insert":"2021-05-23 21:46"}
2024-06-11 10:47:06 查询号码 【1460013】，GSD为【"江苏-南京"】

2024-06-11 10:47:07 开始第 107 次操作

2024-06-11 10:47:07 开始操作号码 【1460014】
2024-06-11 10:47:14 GSD getOne 第 1 次 等待 3 秒
2024-06-11 10:47:17 查询号码 【1460014】，返回信息 {"status":"ok","msg":"江苏-南京","gid":"66020","time_insert":"2021-05-23 22:16"}
2024-06-11 10:47:17 查询号码 【1460014】，GSD为【"江苏-南京"】

2024-06-11 10:47:18 开始第 108 次操作

2024-06-11 10:47:18 开始操作号码 【1460015】
2024-06-11 10:47:24 GSD getOne 第 1 次 等待 3 秒
2024-06-11 10:47:27 查询号码 【1460015】，返回信息 {"status":"ok","msg":"江苏-南京","gid":"66033","time_insert":"2021-05-23 22:32"}
2024-06-11 10:47:27 查询号码 【1460015】，GSD为【"江苏-南京"】

2024-06-11 11:20:44 开始第 109 次操作

2024-06-11 11:20:44 开始操作号码 【1460016】
2024-06-11 11:20:53 GSD getOne 第 1 次 等待 3 秒
2024-06-11 11:20:56 查询号码 【1460016】，返回信息 {"status":"ok","msg":"江苏-南京","gid":"66049","time_insert":"2021-05-23 22:55"}
2024-06-11 11:20:56 查询号码 【1460016】，GSD为【"江苏-南京"】

2024-06-11 11:20:57 开始第 110 次操作

2024-06-11 11:20:57 开始操作号码 【1460017】
2024-06-11 11:21:04 GSD getOne 第 1 次 等待 3 秒
2024-06-11 11:21:07 查询号码 【1460017】，返回信息 {"status":"ok","msg":"江苏-南京","gid":"66062","time_insert":"2021-05-23 23:14"}
2024-06-11 11:21:07 查询号码 【1460017】，GSD为【"江苏-南京"】

2024-06-11 11:21:08 开始第 111 次操作

2024-06-11 11:21:08 开始操作号码 【1460018】
2024-06-11 11:21:21 GSD getOne 第 1 次 等待 3 秒
2024-06-11 11:21:24 查询号码 【1460018】，返回信息 {"status":"ok","msg":"江苏-南京","gid":"66076","time_insert":"2021-05-23 23:37"}
2024-06-11 11:21:24 查询号码 【1460018】，GSD为【"江苏-南京"】

2024-06-11 11:21:25 开始第 112 次操作

2024-06-11 11:21:25 开始操作号码 【1460019】
2024-06-11 11:21:36 GSD getOne 第 1 次 等待 3 秒
2024-06-11 11:21:39 查询号码 【1460019】，返回信息 {"status":"ok","msg":"江苏-南京","gid":"66088","time_insert":"2021-05-23 23:53"}
2024-06-11 11:21:39 查询号码 【1460019】，GSD为【"江苏-南京"】

