2023-11-22 00:24:32 开始第 9773 次操作

2023-11-22 00:24:32 开始操作号码 【1899687】
2023-11-22 00:24:36 GSD getOne 第 1 次 等待 3 秒
2023-11-22 00:24:39 查询号码 【1899687】，返回信息 {"status":"ok","msg":"重庆-重庆","gid":"433518","time_insert":"2021-07-29 13:09"}
2023-11-22 00:24:39 查询号码 【1899687】，GSD为【"重庆-重庆"】

2023-11-22 00:24:40 开始第 9774 次操作

2023-11-22 00:24:40 开始操作号码 【1899688】
2023-11-22 00:24:44 GSD getOne 第 1 次 等待 3 秒
2023-11-22 00:24:47 查询号码 【1899688】，返回信息 {"status":"ok","msg":"重庆-重庆","gid":"433509","time_insert":"2021-07-29 13:09"}
2023-11-22 00:24:47 查询号码 【1899688】，GSD为【"重庆-重庆"】

2023-11-22 00:24:48 开始第 9775 次操作

2023-11-22 00:24:48 开始操作号码 【1899689】
2023-11-22 00:24:56 GSD getOne 第 1 次 等待 3 秒
2023-11-22 00:24:59 查询号码 【1899689】，返回信息 {"status":"ok","msg":"重庆-重庆","gid":"46109","time_insert":"2017-05-10 16:05","time_update":"2021-01-20 13:41"}
2023-11-22 00:24:59 查询号码 【1899689】，GSD为【"重庆-重庆"】

2023-11-22 00:25:00 开始第 9776 次操作

2023-11-22 00:25:00 开始操作号码 【1899690】
2023-11-22 00:25:04 GSD getOne 第 1 次 等待 3 秒
2023-11-22 00:25:07 查询号码 【1899690】，返回信息 {"status":"ok","msg":"重庆-重庆","gid":"46110","time_insert":"2019-01-25 22:20","time_update":"2021-01-20 13:49"}
2023-11-22 00:25:07 查询号码 【1899690】，GSD为【"重庆-重庆"】

2023-11-22 00:42:53 开始第 9777 次操作

2023-11-22 00:42:53 开始操作号码 【1899691】
2023-11-22 00:42:59 GSD getOne 第 1 次 等待 3 秒
2023-11-22 00:43:02 查询号码 【1899691】，返回信息 {"status":"ok","msg":"重庆-重庆","gid":"46111","time_insert":"2019-05-07 12:30","time_update":"2021-01-20 13:56"}
2023-11-22 00:43:02 查询号码 【1899691】，GSD为【"重庆-重庆"】

2023-11-22 00:43:03 开始第 9778 次操作

2023-11-22 00:43:03 开始操作号码 【1899692】
2023-11-22 00:43:07 GSD getOne 第 1 次 等待 3 秒
2023-11-22 00:43:10 查询号码 【1899692】，返回信息 {"status":"ok","msg":"重庆-重庆","gid":"46112","time_insert":"2016-12-06 09:53","time_update":"2021-01-20 14:01"}
2023-11-22 00:43:10 查询号码 【1899692】，GSD为【"重庆-重庆"】

2023-11-22 00:43:11 开始第 9779 次操作

2023-11-22 00:43:11 开始操作号码 【1899693】
2023-11-22 00:43:17 GSD getOne 第 1 次 等待 3 秒
2023-11-22 00:43:20 查询号码 【1899693】，返回信息 {"status":"ok","msg":"重庆-重庆","gid":"46113","time_insert":"2017-07-07 14:02","time_update":"2021-01-20 14:07"}
2023-11-22 00:43:20 查询号码 【1899693】，GSD为【"重庆-重庆"】

2023-11-22 00:43:21 开始第 9780 次操作

2023-11-22 00:43:21 开始操作号码 【1899694】
2023-11-22 00:43:25 GSD getOne 第 1 次 等待 3 秒
2023-11-22 00:43:28 查询号码 【1899694】，返回信息 {"status":"ok","msg":"重庆-重庆","gid":"46114","time_insert":"2017-05-11 16:02","time_update":"2021-01-20 14:13"}
2023-11-22 00:43:28 查询号码 【1899694】，GSD为【"重庆-重庆"】

