2024-03-06 00:20:03 开始第 7217 次操作

2024-03-06 00:20:03 开始操作号码 【1687129】
2024-03-06 00:20:07 GSD getOne 第 1 次 等待 3 秒
2024-03-06 00:20:10 查询号码 【1687129】，返回信息 {"status":"ok","msg":"-","gid":"672939","time_insert":"2023-04-23 14:44"}
2024-03-06 00:20:10 查询号码 【1687129】，GSD为【"-"】
2024-03-06 00:20:10 ok && -
2024-03-06 00:20:13 CHB 1687129?1709655610 第 1 次 等待 3 秒
2024-03-06 00:20:16 CHB 1687129?1709655610 第 1 次 获取到号码【1687129】GSD
2024-03-06 00:20:16 未获取到号码【1687129】GSD，可能号码格式错误
2024-03-06 00:20:16 获取到号码【1687129】的GSD为【-】
2024-03-06 00:20:20 GSD insert 第 1 次 等待 3 秒
2024-03-06 00:20:23 {"status":"bad","gid":"672939","msg":"添加失败！号码【1687129(-|-)】已存在！"}
2024-03-06 00:20:23 随机等待 233 秒，约 3 分钟
2024-03-06 00:20:23 下次操作: 2024-03-06 00:24:16

2024-03-06 00:24:16 开始第 7218 次操作

2024-03-06 00:24:16 开始操作号码 【1687130】
2024-03-06 00:24:21 GSD getOne 第 1 次 等待 3 秒
2024-03-06 00:24:24 查询号码 【1687130】，返回信息 {"status":"ok","msg":"-","gid":"672937","time_insert":"2023-04-23 14:41"}
2024-03-06 00:24:24 查询号码 【1687130】，GSD为【"-"】
2024-03-06 00:24:24 ok && -
2024-03-06 00:24:26 CHB 1687130?1709655864 第 1 次 等待 3 秒
2024-03-06 00:24:29 CHB 1687130?1709655864 第 1 次 获取到号码【1687130】GSD
2024-03-06 00:24:29 未获取到号码【1687130】GSD，可能号码格式错误
2024-03-06 00:24:29 获取到号码【1687130】的GSD为【-】
2024-03-06 00:24:33 GSD insert 第 1 次 等待 3 秒
2024-03-06 00:24:36 {"status":"bad","gid":"672937","msg":"添加失败！号码【1687130(-|-)】已存在！"}
2024-03-06 00:24:36 随机等待 66 秒，约 1 分钟
2024-03-06 00:24:36 下次操作: 2024-03-06 00:25:42

2024-03-06 00:25:42 开始第 7219 次操作

2024-03-06 00:25:42 开始操作号码 【1687131】
2024-03-06 00:25:48 GSD getOne 第 1 次 等待 3 秒
2024-03-06 00:25:51 查询号码 【1687131】，返回信息 {"status":"ok","msg":"-","gid":"672932","time_insert":"2023-04-23 14:39"}
2024-03-06 00:25:51 查询号码 【1687131】，GSD为【"-"】
2024-03-06 00:25:51 ok && -
2024-03-06 00:25:54 CHB 1687131?1709655951 第 1 次 等待 3 秒
2024-03-06 00:25:57 CHB 1687131?1709655951 第 1 次 获取到号码【1687131】GSD
2024-03-06 00:25:57 未获取到号码【1687131】GSD，可能号码格式错误
2024-03-06 00:25:57 获取到号码【1687131】的GSD为【-】
2024-03-06 00:26:01 GSD insert 第 1 次 等待 3 秒
2024-03-06 00:26:04 {"status":"bad","gid":"672932","msg":"添加失败！号码【1687131(-|-)】已存在！"}
2024-03-06 00:26:04 随机等待 157 秒，约 2 分钟
2024-03-06 00:26:04 下次操作: 2024-03-06 00:28:41

2024-03-06 00:28:41 开始第 7220 次操作

2024-03-06 00:28:41 开始操作号码 【1687132】
2024-03-06 00:28:45 GSD getOne 第 1 次 等待 3 秒
2024-03-06 00:28:48 查询号码 【1687132】，返回信息 {"status":"ok","msg":"-","gid":"672927","time_insert":"2023-04-23 14:36"}
2024-03-06 00:28:48 查询号码 【1687132】，GSD为【"-"】
2024-03-06 00:28:48 ok && -
2024-03-06 00:28:50 CHB 1687132?1709656128 第 1 次 等待 3 秒
2024-03-06 00:28:53 CHB 1687132?1709656128 第 1 次 获取到号码【1687132】GSD
2024-03-06 00:28:53 未获取到号码【1687132】GSD，可能号码格式错误
2024-03-06 00:28:53 获取到号码【1687132】的GSD为【-】
2024-03-06 00:28:57 GSD insert 第 1 次 等待 3 秒
2024-03-06 00:29:00 {"status":"bad","gid":"672927","msg":"添加失败！号码【1687132(-|-)】已存在！"}

2024-03-06 00:38:12 开始第 7221 次操作

2024-03-06 00:38:12 开始操作号码 【1687133】
2024-03-06 00:38:18 GSD getOne 第 1 次 等待 3 秒
2024-03-06 00:38:21 查询号码 【1687133】，返回信息 {"status":"ok","msg":"-","gid":"672923","time_insert":"2023-04-23 14:34"}
2024-03-06 00:38:21 查询号码 【1687133】，GSD为【"-"】
2024-03-06 00:38:21 ok && -
2024-03-06 00:38:23 CHB 1687133?1709656701 第 1 次 等待 3 秒
2024-03-06 00:38:26 CHB 1687133?1709656701 第 1 次 获取到号码【1687133】GSD
2024-03-06 00:38:26 未获取到号码【1687133】GSD，可能号码格式错误
2024-03-06 00:38:26 获取到号码【1687133】的GSD为【-】
2024-03-06 00:38:32 GSD insert 第 1 次 等待 3 秒
2024-03-06 00:38:35 {"status":"bad","gid":"672923","msg":"添加失败！号码【1687133(-|-)】已存在！"}
2024-03-06 00:38:35 随机等待 149 秒，约 2 分钟
2024-03-06 00:38:35 下次操作: 2024-03-06 00:41:04

2024-03-06 00:41:04 开始第 7222 次操作

2024-03-06 00:41:04 开始操作号码 【1687134】
2024-03-06 00:41:08 GSD getOne 第 1 次 等待 3 秒
2024-03-06 00:41:11 查询号码 【1687134】，返回信息 {"status":"ok","msg":"-","gid":"672915","time_insert":"2023-04-23 14:31"}
2024-03-06 00:41:11 查询号码 【1687134】，GSD为【"-"】
2024-03-06 00:41:11 ok && -
2024-03-06 00:41:13 CHB 1687134?1709656871 第 1 次 等待 3 秒
2024-03-06 00:41:16 CHB 1687134?1709656871 第 1 次 获取到号码【1687134】GSD
2024-03-06 00:41:16 未获取到号码【1687134】GSD，可能号码格式错误
2024-03-06 00:41:16 获取到号码【1687134】的GSD为【-】
2024-03-06 00:41:20 GSD insert 第 1 次 等待 3 秒
2024-03-06 00:41:24 {"status":"bad","gid":"672915","msg":"添加失败！号码【1687134(-|-)】已存在！"}
2024-03-06 00:41:24 随机等待 119 秒，约 1 分钟
2024-03-06 00:41:24 下次操作: 2024-03-06 00:43:23

2024-03-06 00:43:23 开始第 7223 次操作

2024-03-06 00:43:23 开始操作号码 【1687135】
2024-03-06 00:43:27 GSD getOne 第 1 次 等待 3 秒
2024-03-06 00:43:30 查询号码 【1687135】，返回信息 {"status":"ok","msg":"-","gid":"672914","time_insert":"2023-04-23 14:30"}
2024-03-06 00:43:30 查询号码 【1687135】，GSD为【"-"】
2024-03-06 00:43:30 ok && -
2024-03-06 00:43:32 CHB 1687135?1709657010 第 1 次 等待 3 秒
2024-03-06 00:43:35 CHB 1687135?1709657010 第 1 次 获取到号码【1687135】GSD
2024-03-06 00:43:35 未获取到号码【1687135】GSD，可能号码格式错误
2024-03-06 00:43:35 获取到号码【1687135】的GSD为【-】
2024-03-06 00:43:39 GSD insert 第 1 次 等待 3 秒
2024-03-06 00:43:42 {"status":"bad","gid":"672914","msg":"添加失败！号码【1687135(-|-)】已存在！"}
2024-03-06 00:43:42 随机等待 66 秒，约 1 分钟
2024-03-06 00:43:42 下次操作: 2024-03-06 00:44:48

2024-03-06 00:44:48 开始第 7224 次操作

2024-03-06 00:44:48 开始操作号码 【1687136】
2024-03-06 00:44:52 GSD getOne 第 1 次 等待 3 秒
2024-03-06 00:44:55 查询号码 【1687136】，返回信息 {"status":"ok","msg":"-","gid":"672907","time_insert":"2023-04-23 14:21"}
2024-03-06 00:44:55 查询号码 【1687136】，GSD为【"-"】
2024-03-06 00:44:55 ok && -
2024-03-06 00:44:57 CHB 1687136?1709657095 第 1 次 等待 3 秒
2024-03-06 00:45:00 CHB 1687136?1709657095 第 1 次 获取到号码【1687136】GSD
2024-03-06 00:45:00 未获取到号码【1687136】GSD，可能号码格式错误
2024-03-06 00:45:00 获取到号码【1687136】的GSD为【-】
2024-03-06 00:45:04 GSD insert 第 1 次 等待 3 秒
2024-03-06 00:45:07 {"status":"bad","gid":"672907","msg":"添加失败！号码【1687136(-|-)】已存在！"}

