2024-07-31 00:25:22 开始第 8785 次操作

2024-07-31 00:25:22 开始操作号码 【1468687】
2024-07-31 00:25:33 GSD getOne 第 1 次 等待 3 秒
2024-07-31 00:25:36 查询号码 【1468687】，返回信息 {"status":"ok","msg":"江苏-南京","gid":"368444","time_insert":"2021-07-23 18:02","time_update":"2023-05-23 00:51"}
2024-07-31 00:25:36 查询号码 【1468687】，GSD为【"江苏-南京"】

2024-07-31 00:25:37 开始第 8786 次操作

2024-07-31 00:25:37 开始操作号码 【1468688】
2024-07-31 00:25:45 GSD getOne 第 1 次 等待 3 秒
2024-07-31 00:25:48 查询号码 【1468688】，返回信息 {"status":"ok","msg":"江苏-南京","gid":"368435","time_insert":"2021-07-23 18:01","time_update":"2023-05-23 00:56"}
2024-07-31 00:25:48 查询号码 【1468688】，GSD为【"江苏-南京"】

2024-07-31 00:25:49 开始第 8787 次操作

2024-07-31 00:25:49 开始操作号码 【1468689】
2024-07-31 00:26:04 GSD getOne 第 1 次 等待 3 秒
2024-07-31 00:26:07 查询号码 【1468689】，返回信息 {"status":"ok","msg":"江苏-南京","gid":"368426","time_insert":"2021-07-23 18:01","time_update":"2023-05-23 00:57"}
2024-07-31 00:26:07 查询号码 【1468689】，GSD为【"江苏-南京"】

2024-07-31 00:26:08 开始第 8788 次操作

2024-07-31 00:26:08 开始操作号码 【1468690】
2024-07-31 00:26:17 GSD getOne 第 1 次 等待 3 秒
2024-07-31 00:26:20 查询号码 【1468690】，返回信息 {"status":"ok","msg":"江苏-南京","gid":"368416","time_insert":"2021-07-23 18:00","time_update":"2023-05-23 01:00"}
2024-07-31 00:26:20 查询号码 【1468690】，GSD为【"江苏-南京"】

