2024-02-27 00:21:11 开始第 5841 次操作

2024-02-27 00:21:11 开始操作号码 【1685753】
2024-02-27 00:21:15 GSD getOne 第 1 次 等待 3 秒
2024-02-27 00:21:18 查询号码 【1685753】，返回信息 {"status":"ok","msg":"-","gid":"641296","time_insert":"2023-04-08 13:40"}
2024-02-27 00:21:18 查询号码 【1685753】，GSD为【"-"】
2024-02-27 00:21:18 ok && -
2024-02-27 00:21:21 CHB 1685753?1708964478 第 1 次 等待 3 秒
2024-02-27 00:21:24 CHB 1685753?1708964478 第 1 次 获取到号码【1685753】GSD
2024-02-27 00:21:24 未获取到号码【1685753】GSD，可能号码格式错误
2024-02-27 00:21:24 获取到号码【1685753】的GSD为【-】
2024-02-27 00:21:29 GSD insert 第 1 次 等待 3 秒
2024-02-27 00:21:32 {"status":"bad","gid":"641296","msg":"添加失败！号码【1685753(-|-)】已存在！"}
2024-02-27 00:21:32 随机等待 204 秒，约 3 分钟
2024-02-27 00:21:32 下次操作: 2024-02-27 00:24:56

2024-02-27 00:24:56 开始第 5842 次操作

2024-02-27 00:24:56 开始操作号码 【1685754】
2024-02-27 00:25:02 GSD getOne 第 1 次 等待 3 秒
2024-02-27 00:25:05 查询号码 【1685754】，返回信息 {"status":"ok","msg":"-","gid":"641330","time_insert":"2023-04-08 14:00"}
2024-02-27 00:25:05 查询号码 【1685754】，GSD为【"-"】
2024-02-27 00:25:05 ok && -
2024-02-27 00:25:07 CHB 1685754?1708964705 第 1 次 等待 3 秒
2024-02-27 00:25:10 CHB 1685754?1708964705 第 1 次 获取到号码【1685754】GSD
2024-02-27 00:25:10 未获取到号码【1685754】GSD，可能号码格式错误
2024-02-27 00:25:10 获取到号码【1685754】的GSD为【-】
2024-02-27 00:25:14 GSD insert 第 1 次 等待 3 秒
2024-02-27 00:25:17 {"status":"bad","gid":"641330","msg":"添加失败！号码【1685754(-|-)】已存在！"}
2024-02-27 00:25:17 随机等待 166 秒，约 2 分钟
2024-02-27 00:25:17 下次操作: 2024-02-27 00:28:03

2024-02-27 00:28:03 开始第 5843 次操作

2024-02-27 00:28:03 开始操作号码 【1685755】
2024-02-27 00:28:08 GSD getOne 第 1 次 等待 3 秒
2024-02-27 00:28:11 查询号码 【1685755】，返回信息 {"status":"ok","msg":"-","gid":"641349","time_insert":"2023-04-08 14:17"}
2024-02-27 00:28:11 查询号码 【1685755】，GSD为【"-"】
2024-02-27 00:28:11 ok && -
2024-02-27 00:28:13 CHB 1685755?1708964891 第 1 次 等待 3 秒
2024-02-27 00:28:16 CHB 1685755?1708964891 第 1 次 获取到号码【1685755】GSD
2024-02-27 00:28:16 未获取到号码【1685755】GSD，可能号码格式错误
2024-02-27 00:28:16 获取到号码【1685755】的GSD为【-】
2024-02-27 00:28:20 GSD insert 第 1 次 等待 3 秒
2024-02-27 00:28:23 {"status":"bad","gid":"641349","msg":"添加失败！号码【1685755(-|-)】已存在！"}
2024-02-27 00:28:23 随机等待 209 秒，约 3 分钟
2024-02-27 00:28:23 下次操作: 2024-02-27 00:31:52

2024-02-27 00:31:52 开始第 5844 次操作

2024-02-27 00:31:52 开始操作号码 【1685756】
2024-02-27 00:31:57 GSD getOne 第 1 次 等待 3 秒
2024-02-27 00:32:00 查询号码 【1685756】，返回信息 {"status":"ok","msg":"-","gid":"641369","time_insert":"2023-04-08 14:33"}
2024-02-27 00:32:00 查询号码 【1685756】，GSD为【"-"】
2024-02-27 00:32:00 ok && -
2024-02-27 00:32:02 CHB 1685756?1708965120 第 1 次 等待 3 秒
2024-02-27 00:32:05 CHB 1685756?1708965120 第 1 次 获取到号码【1685756】GSD
2024-02-27 00:32:05 未获取到号码【1685756】GSD，可能号码格式错误
2024-02-27 00:32:05 获取到号码【1685756】的GSD为【-】
2024-02-27 00:32:10 GSD insert 第 1 次 等待 3 秒
2024-02-27 00:32:13 {"status":"bad","gid":"641369","msg":"添加失败！号码【1685756(-|-)】已存在！"}

2024-02-27 00:38:44 开始第 5845 次操作

2024-02-27 00:38:44 开始操作号码 【1685757】
2024-02-27 00:38:50 GSD getOne 第 1 次 等待 3 秒
2024-02-27 00:38:53 查询号码 【1685757】，返回信息 {"status":"ok","msg":"-","gid":"641386","time_insert":"2023-04-08 14:44"}
2024-02-27 00:38:53 查询号码 【1685757】，GSD为【"-"】
2024-02-27 00:38:53 ok && -
2024-02-27 00:38:55 CHB 1685757?1708965533 第 1 次 等待 3 秒
2024-02-27 00:38:58 CHB 1685757?1708965533 第 1 次 获取到号码【1685757】GSD
2024-02-27 00:38:58 未获取到号码【1685757】GSD，可能号码格式错误
2024-02-27 00:38:58 获取到号码【1685757】的GSD为【-】
2024-02-27 00:39:03 GSD insert 第 1 次 等待 3 秒
2024-02-27 00:39:06 {"status":"bad","gid":"641386","msg":"添加失败！号码【1685757(-|-)】已存在！"}
2024-02-27 00:39:06 随机等待 86 秒，约 1 分钟
2024-02-27 00:39:06 下次操作: 2024-02-27 00:40:32

2024-02-27 00:40:32 开始第 5846 次操作

2024-02-27 00:40:32 开始操作号码 【1685758】
2024-02-27 00:40:37 GSD getOne 第 1 次 等待 3 秒
2024-02-27 00:40:40 查询号码 【1685758】，返回信息 {"status":"ok","msg":"-","gid":"641416","time_insert":"2023-04-08 15:01"}
2024-02-27 00:40:40 查询号码 【1685758】，GSD为【"-"】
2024-02-27 00:40:40 ok && -
2024-02-27 00:40:43 CHB 1685758?1708965640 第 1 次 等待 3 秒
2024-02-27 00:40:46 CHB 1685758?1708965640 第 1 次 获取到号码【1685758】GSD
2024-02-27 00:40:46 未获取到号码【1685758】GSD，可能号码格式错误
2024-02-27 00:40:46 获取到号码【1685758】的GSD为【-】
2024-02-27 00:40:50 GSD insert 第 1 次 等待 3 秒
2024-02-27 00:40:53 {"status":"bad","gid":"641416","msg":"添加失败！号码【1685758(-|-)】已存在！"}
2024-02-27 00:40:53 随机等待 223 秒，约 3 分钟
2024-02-27 00:40:53 下次操作: 2024-02-27 00:44:36

2024-02-27 00:44:36 开始第 5847 次操作

2024-02-27 00:44:36 开始操作号码 【1685759】
2024-02-27 00:44:41 GSD getOne 第 1 次 等待 3 秒
2024-02-27 00:44:44 查询号码 【1685759】，返回信息 {"status":"ok","msg":"-","gid":"641442","time_insert":"2023-04-08 15:21"}
2024-02-27 00:44:44 查询号码 【1685759】，GSD为【"-"】
2024-02-27 00:44:44 ok && -
2024-02-27 00:44:47 CHB 1685759?1708965884 第 1 次 等待 3 秒
2024-02-27 00:44:50 CHB 1685759?1708965884 第 1 次 获取到号码【1685759】GSD
2024-02-27 00:44:50 未获取到号码【1685759】GSD，可能号码格式错误
2024-02-27 00:44:50 获取到号码【1685759】的GSD为【-】
2024-02-27 00:44:55 GSD insert 第 1 次 等待 3 秒
2024-02-27 00:44:58 {"status":"bad","gid":"641442","msg":"添加失败！号码【1685759(-|-)】已存在！"}
2024-02-27 00:44:58 随机等待 176 秒，约 2 分钟
2024-02-27 00:44:58 下次操作: 2024-02-27 00:47:54

2024-02-27 00:47:54 开始第 5848 次操作

2024-02-27 00:47:54 开始操作号码 【1685760】
2024-02-27 00:47:58 GSD getOne 第 1 次 等待 3 秒
2024-02-27 00:48:01 查询号码 【1685760】，返回信息 {"status":"ok","msg":"-","gid":"641455","time_insert":"2023-04-08 15:31"}
2024-02-27 00:48:01 查询号码 【1685760】，GSD为【"-"】
2024-02-27 00:48:01 ok && -
2024-02-27 00:48:04 CHB 1685760?1708966081 第 1 次 等待 3 秒
2024-02-27 00:48:07 CHB 1685760?1708966081 第 1 次 获取到号码【1685760】GSD
2024-02-27 00:48:07 未获取到号码【1685760】GSD，可能号码格式错误
2024-02-27 00:48:07 获取到号码【1685760】的GSD为【-】
2024-02-27 00:48:13 GSD insert 第 1 次 等待 3 秒
2024-02-27 00:48:16 {"status":"bad","gid":"641455","msg":"添加失败！号码【1685760(-|-)】已存在！"}

