2024-07-14 00:21:28 开始第 5825 次操作

2024-07-14 00:21:28 开始操作号码 【1465727】
2024-07-14 00:21:37 GSD getOne 第 1 次 等待 3 秒
2024-07-14 00:21:40 查询号码 【1465727】，返回信息 {"status":"ok","msg":"上海-上海","gid":"407167","time_insert":"2021-07-27 00:07","time_update":"2023-05-21 11:09"}
2024-07-14 00:21:40 查询号码 【1465727】，GSD为【"上海-上海"】

2024-07-14 00:21:41 开始第 5826 次操作

2024-07-14 00:21:41 开始操作号码 【1465728】
2024-07-14 00:21:49 GSD getOne 第 1 次 等待 3 秒
2024-07-14 00:21:52 查询号码 【1465728】，返回信息 {"status":"ok","msg":"上海-上海","gid":"407157","time_insert":"2021-07-27 00:06","time_update":"2023-05-21 11:05"}
2024-07-14 00:21:52 查询号码 【1465728】，GSD为【"上海-上海"】

2024-07-14 00:21:54 开始第 5827 次操作

2024-07-14 00:21:54 开始操作号码 【1465729】
2024-07-14 00:22:02 GSD getOne 第 1 次 等待 3 秒
2024-07-14 00:22:05 查询号码 【1465729】，返回信息 {"status":"ok","msg":"上海-上海","gid":"407151","time_insert":"2021-07-27 00:06","time_update":"2023-05-21 11:01"}
2024-07-14 00:22:05 查询号码 【1465729】，GSD为【"上海-上海"】

2024-07-14 00:22:06 开始第 5828 次操作

2024-07-14 00:22:06 开始操作号码 【1465730】
2024-07-14 00:22:14 GSD getOne 第 1 次 等待 3 秒
2024-07-14 00:22:17 查询号码 【1465730】，返回信息 {"status":"ok","msg":"上海-上海","gid":"407140","time_insert":"2021-07-27 00:05","time_update":"2023-05-21 10:58"}
2024-07-14 00:22:17 查询号码 【1465730】，GSD为【"上海-上海"】

