2024-07-03 00:25:13 开始第 3893 次操作

2024-07-03 00:25:13 开始操作号码 【1463795】
2024-07-03 00:25:21 GSD getOne 第 1 次 等待 3 秒
2024-07-03 00:25:24 查询号码 【1463795】，返回信息 {"status":"ok","msg":"江苏-南京","gid":"260797","time_insert":"2021-07-13 00:51"}
2024-07-03 00:25:24 查询号码 【1463795】，GSD为【"江苏-南京"】

2024-07-03 00:25:25 开始第 3894 次操作

2024-07-03 00:25:25 开始操作号码 【1463796】
2024-07-03 00:25:33 GSD getOne 第 1 次 等待 3 秒
2024-07-03 00:25:36 查询号码 【1463796】，返回信息 {"status":"ok","msg":"江苏-南京","gid":"260830","time_insert":"2021-07-13 01:04"}
2024-07-03 00:25:36 查询号码 【1463796】，GSD为【"江苏-南京"】

2024-07-03 00:25:37 开始第 3895 次操作

2024-07-03 00:25:37 开始操作号码 【1463797】
2024-07-03 00:25:45 GSD getOne 第 1 次 等待 3 秒
2024-07-03 00:25:48 查询号码 【1463797】，返回信息 {"status":"ok","msg":"江苏-南京","gid":"261048","time_insert":"2021-07-13 01:17"}
2024-07-03 00:25:48 查询号码 【1463797】，GSD为【"江苏-南京"】

2024-07-03 00:25:49 开始第 3896 次操作

2024-07-03 00:25:49 开始操作号码 【1463798】
2024-07-03 00:25:57 GSD getOne 第 1 次 等待 3 秒
2024-07-03 00:26:00 查询号码 【1463798】，返回信息 {"status":"ok","msg":"江苏-南京","gid":"261135","time_insert":"2021-07-13 01:30"}
2024-07-03 00:26:00 查询号码 【1463798】，GSD为【"江苏-南京"】

2024-07-03 00:42:15 开始第 3897 次操作

2024-07-03 00:42:15 开始操作号码 【1463799】
2024-07-03 00:42:23 GSD getOne 第 1 次 等待 3 秒
2024-07-03 00:42:26 查询号码 【1463799】，返回信息 {"status":"ok","msg":"江苏-南京","gid":"261160","time_insert":"2021-07-13 01:43"}
2024-07-03 00:42:26 查询号码 【1463799】，GSD为【"江苏-南京"】

2024-07-03 00:42:27 开始第 3898 次操作

2024-07-03 00:42:27 开始操作号码 【1463800】
2024-07-03 00:42:35 GSD getOne 第 1 次 等待 3 秒
2024-07-03 00:42:38 查询号码 【1463800】，返回信息 {"status":"ok","msg":"江苏-南京","gid":"261343","time_insert":"2021-07-13 01:55"}
2024-07-03 00:42:38 查询号码 【1463800】，GSD为【"江苏-南京"】

2024-07-03 00:42:39 开始第 3899 次操作

2024-07-03 00:42:39 开始操作号码 【1463801】
2024-07-03 00:42:48 GSD getOne 第 1 次 等待 3 秒
2024-07-03 00:42:51 查询号码 【1463801】，返回信息 {"status":"ok","msg":"江苏-南京","gid":"261463","time_insert":"2021-07-13 02:10"}
2024-07-03 00:42:51 查询号码 【1463801】，GSD为【"江苏-南京"】

2024-07-03 00:42:52 开始第 3900 次操作

2024-07-03 00:42:52 开始操作号码 【1463802】
2024-07-03 00:43:00 GSD getOne 第 1 次 等待 3 秒
2024-07-03 00:43:03 查询号码 【1463802】，返回信息 {"status":"ok","msg":"江苏-南京","gid":"261492","time_insert":"2021-07-13 02:20"}
2024-07-03 00:43:04 查询号码 【1463802】，GSD为【"江苏-南京"】

2024-07-03 01:17:18 开始第 3901 次操作

2024-07-03 01:17:18 开始操作号码 【1463803】
2024-07-03 01:17:26 GSD getOne 第 1 次 等待 3 秒
2024-07-03 01:17:29 查询号码 【1463803】，返回信息 {"status":"ok","msg":"江苏-南京","gid":"261520","time_insert":"2021-07-13 02:32"}
2024-07-03 01:17:29 查询号码 【1463803】，GSD为【"江苏-南京"】

2024-07-03 01:17:30 开始第 3902 次操作

2024-07-03 01:17:30 开始操作号码 【1463804】
2024-07-03 01:17:41 GSD getOne 第 1 次 等待 3 秒
2024-07-03 01:17:44 查询号码 【1463804】，返回信息 {"status":"ok","msg":"江苏-南京","gid":"261539","time_insert":"2021-07-13 02:43"}
2024-07-03 01:17:44 查询号码 【1463804】，GSD为【"江苏-南京"】

2024-07-03 01:17:45 开始第 3903 次操作

2024-07-03 01:17:45 开始操作号码 【1463805】
2024-07-03 01:17:55 GSD getOne 第 1 次 等待 3 秒
2024-07-03 01:17:58 查询号码 【1463805】，返回信息 {"status":"ok","msg":"江苏-南京","gid":"261690","time_insert":"2021-07-13 02:53"}
2024-07-03 01:17:58 查询号码 【1463805】，GSD为【"江苏-南京"】

2024-07-03 01:17:59 开始第 3904 次操作

2024-07-03 01:17:59 开始操作号码 【1463806】
2024-07-03 01:18:07 GSD getOne 第 1 次 等待 3 秒
2024-07-03 01:18:10 查询号码 【1463806】，返回信息 {"status":"ok","msg":"江苏-南京","gid":"261851","time_insert":"2021-07-13 03:07"}
2024-07-03 01:18:10 查询号码 【1463806】，GSD为【"江苏-南京"】

2024-07-03 01:37:41 开始第 3905 次操作

2024-07-03 01:37:41 开始操作号码 【1463807】
2024-07-03 01:37:49 GSD getOne 第 1 次 等待 3 秒
2024-07-03 01:37:52 查询号码 【1463807】，返回信息 {"status":"ok","msg":"江苏-南京","gid":"261877","time_insert":"2021-07-13 03:21"}
2024-07-03 01:37:52 查询号码 【1463807】，GSD为【"江苏-南京"】

2024-07-03 01:37:53 开始第 3906 次操作

2024-07-03 01:37:53 开始操作号码 【1463808】
2024-07-03 01:38:01 GSD getOne 第 1 次 等待 3 秒
2024-07-03 01:38:04 查询号码 【1463808】，返回信息 {"status":"ok","msg":"江苏-南京","gid":"261916","time_insert":"2021-07-13 03:35"}
2024-07-03 01:38:04 查询号码 【1463808】，GSD为【"江苏-南京"】

2024-07-03 01:38:05 开始第 3907 次操作

2024-07-03 01:38:05 开始操作号码 【1463809】
2024-07-03 01:38:13 GSD getOne 第 1 次 等待 3 秒
2024-07-03 01:38:16 查询号码 【1463809】，返回信息 {"status":"ok","msg":"江苏-南京","gid":"262163","time_insert":"2021-07-13 03:49"}
2024-07-03 01:38:16 查询号码 【1463809】，GSD为【"江苏-南京"】

2024-07-03 01:38:17 开始第 3908 次操作

2024-07-03 01:38:17 开始操作号码 【1463810】
2024-07-03 01:38:25 GSD getOne 第 1 次 等待 3 秒
2024-07-03 01:38:28 查询号码 【1463810】，返回信息 {"status":"ok","msg":"江苏-南京","gid":"262227","time_insert":"2021-07-13 04:02"}
2024-07-03 01:38:28 查询号码 【1463810】，GSD为【"江苏-南京"】

2024-07-03 02:25:19 开始第 3909 次操作

2024-07-03 02:25:19 开始操作号码 【1463811】
2024-07-03 02:25:29 GSD getOne 第 1 次 等待 3 秒
2024-07-03 02:25:32 查询号码 【1463811】，返回信息 {"status":"ok","msg":"江苏-南京","gid":"262255","time_insert":"2021-07-13 04:17","time_update":"2021-07-27 16:03"}
2024-07-03 02:25:32 查询号码 【1463811】，GSD为【"江苏-南京"】

2024-07-03 02:25:33 开始第 3910 次操作

2024-07-03 02:25:33 开始操作号码 【1463812】
2024-07-03 02:25:41 GSD getOne 第 1 次 等待 3 秒
2024-07-03 02:25:44 查询号码 【1463812】，返回信息 {"status":"ok","msg":"江苏-南京","gid":"262282","time_insert":"2021-07-13 04:32"}
2024-07-03 02:25:44 查询号码 【1463812】，GSD为【"江苏-南京"】

2024-07-03 02:25:45 开始第 3911 次操作

2024-07-03 02:25:45 开始操作号码 【1463813】
2024-07-03 02:25:54 GSD getOne 第 1 次 等待 3 秒
2024-07-03 02:25:57 查询号码 【1463813】，返回信息 {"status":"ok","msg":"江苏-南京","gid":"262432","time_insert":"2021-07-13 04:42"}
2024-07-03 02:25:57 查询号码 【1463813】，GSD为【"江苏-南京"】

2024-07-03 02:25:58 开始第 3912 次操作

2024-07-03 02:25:58 开始操作号码 【1463814】
2024-07-03 02:26:11 GSD getOne 第 1 次 等待 3 秒
2024-07-03 02:26:14 查询号码 【1463814】，返回信息 {"status":"ok","msg":"江苏-南京","gid":"262562","time_insert":"2021-07-13 04:52"}
2024-07-03 02:26:14 查询号码 【1463814】，GSD为【"江苏-南京"】

2024-07-03 02:40:19 开始第 3913 次操作

2024-07-03 02:40:19 开始操作号码 【1463815】
2024-07-03 02:40:28 GSD getOne 第 1 次 等待 3 秒
2024-07-03 02:40:31 查询号码 【1463815】，返回信息 {"status":"ok","msg":"江苏-南京","gid":"262614","time_insert":"2021-07-13 05:06"}
2024-07-03 02:40:31 查询号码 【1463815】，GSD为【"江苏-南京"】

2024-07-03 02:40:32 开始第 3914 次操作

2024-07-03 02:40:32 开始操作号码 【1463816】
2024-07-03 02:40:39 GSD getOne 第 1 次 等待 3 秒
2024-07-03 02:40:42 查询号码 【1463816】，返回信息 {"status":"ok","msg":"江苏-南京","gid":"262636","time_insert":"2021-07-13 05:17"}
2024-07-03 02:40:42 查询号码 【1463816】，GSD为【"江苏-南京"】

2024-07-03 02:40:43 开始第 3915 次操作

2024-07-03 02:40:43 开始操作号码 【1463817】
2024-07-03 02:40:53 GSD getOne 第 1 次 等待 3 秒
2024-07-03 02:40:56 查询号码 【1463817】，返回信息 {"status":"ok","msg":"江苏-南京","gid":"262657","time_insert":"2021-07-13 05:28"}
2024-07-03 02:40:56 查询号码 【1463817】，GSD为【"江苏-南京"】

2024-07-03 02:40:57 开始第 3916 次操作

2024-07-03 02:40:57 开始操作号码 【1463818】
2024-07-03 02:41:04 GSD getOne 第 1 次 等待 3 秒
2024-07-03 02:41:07 查询号码 【1463818】，返回信息 {"status":"ok","msg":"江苏-南京","gid":"262783","time_insert":"2021-07-13 05:40","time_update":"2021-07-27 16:01"}
2024-07-03 02:41:07 查询号码 【1463818】，GSD为【"江苏-南京"】

2024-07-03 03:16:26 开始第 3917 次操作

2024-07-03 03:16:26 开始操作号码 【1463819】
2024-07-03 03:16:36 GSD getOne 第 1 次 等待 3 秒
2024-07-03 03:16:39 查询号码 【1463819】，返回信息 {"status":"ok","msg":"江苏-南京","gid":"262962","time_insert":"2021-07-13 05:54"}
2024-07-03 03:16:39 查询号码 【1463819】，GSD为【"江苏-南京"】

2024-07-03 03:16:40 开始第 3918 次操作

2024-07-03 03:16:40 开始操作号码 【1463820】
2024-07-03 03:16:49 GSD getOne 第 1 次 等待 3 秒
2024-07-03 03:16:52 查询号码 【1463820】，返回信息 {"status":"ok","msg":"江苏-南京","gid":"263001","time_insert":"2021-07-13 06:07"}
2024-07-03 03:16:52 查询号码 【1463820】，GSD为【"江苏-南京"】

2024-07-03 03:16:53 开始第 3919 次操作

2024-07-03 03:16:53 开始操作号码 【1463821】
2024-07-03 03:17:01 GSD getOne 第 1 次 等待 3 秒
2024-07-03 03:17:04 查询号码 【1463821】，返回信息 {"status":"ok","msg":"江苏-南京","gid":"263027","time_insert":"2021-07-13 06:22"}
2024-07-03 03:17:04 查询号码 【1463821】，GSD为【"江苏-南京"】

2024-07-03 03:17:05 开始第 3920 次操作

2024-07-03 03:17:05 开始操作号码 【1463822】
2024-07-03 03:17:16 GSD getOne 第 1 次 等待 3 秒
2024-07-03 03:17:19 查询号码 【1463822】，返回信息 {"status":"ok","msg":"江苏-南京","gid":"263073","time_insert":"2021-07-13 06:36"}
2024-07-03 03:17:19 查询号码 【1463822】，GSD为【"江苏-南京"】

2024-07-03 03:39:04 开始第 3921 次操作

2024-07-03 03:39:04 开始操作号码 【1463823】
2024-07-03 03:39:13 GSD getOne 第 1 次 等待 3 秒
2024-07-03 03:39:16 查询号码 【1463823】，返回信息 {"status":"ok","msg":"江苏-南京","gid":"263347","time_insert":"2021-07-13 06:50"}
2024-07-03 03:39:16 查询号码 【1463823】，GSD为【"江苏-南京"】

2024-07-03 03:39:17 开始第 3922 次操作

2024-07-03 03:39:17 开始操作号码 【1463824】
2024-07-03 03:39:26 GSD getOne 第 1 次 等待 3 秒
2024-07-03 03:39:29 查询号码 【1463824】，返回信息 {"status":"ok","msg":"江苏-南京","gid":"263372","time_insert":"2021-07-13 07:04"}
2024-07-03 03:39:29 查询号码 【1463824】，GSD为【"江苏-南京"】

2024-07-03 03:39:30 开始第 3923 次操作

2024-07-03 03:39:30 开始操作号码 【1463825】
2024-07-03 03:39:40 GSD getOne 第 1 次 等待 3 秒
2024-07-03 03:39:43 查询号码 【1463825】，返回信息 {"status":"ok","msg":"江苏-南京","gid":"263394","time_insert":"2021-07-13 07:15"}
2024-07-03 03:39:43 查询号码 【1463825】，GSD为【"江苏-南京"】

2024-07-03 03:39:44 开始第 3924 次操作

2024-07-03 03:39:44 开始操作号码 【1463826】
2024-07-03 03:39:52 GSD getOne 第 1 次 等待 3 秒
2024-07-03 03:39:55 查询号码 【1463826】，返回信息 {"status":"ok","msg":"江苏-南京","gid":"263415","time_insert":"2021-07-13 07:27"}
2024-07-03 03:39:55 查询号码 【1463826】，GSD为【"江苏-南京"】

2024-07-03 04:20:54 开始第 3925 次操作

2024-07-03 04:20:54 开始操作号码 【1463827】
2024-07-03 04:21:03 GSD getOne 第 1 次 等待 3 秒
2024-07-03 04:21:06 查询号码 【1463827】，返回信息 {"status":"ok","msg":"江苏-南京","gid":"263457","time_insert":"2021-07-13 07:39"}
2024-07-03 04:21:06 查询号码 【1463827】，GSD为【"江苏-南京"】

2024-07-03 04:21:07 开始第 3926 次操作

2024-07-03 04:21:07 开始操作号码 【1463828】
2024-07-03 04:21:17 GSD getOne 第 1 次 等待 3 秒
2024-07-03 04:21:20 查询号码 【1463828】，返回信息 {"status":"ok","msg":"江苏-南京","gid":"263704","time_insert":"2021-07-13 07:52"}
2024-07-03 04:21:20 查询号码 【1463828】，GSD为【"江苏-南京"】

2024-07-03 04:21:21 开始第 3927 次操作

2024-07-03 04:21:21 开始操作号码 【1463829】
2024-07-03 04:21:29 GSD getOne 第 1 次 等待 3 秒
2024-07-03 04:21:32 查询号码 【1463829】，返回信息 {"status":"ok","msg":"江苏-南京","gid":"263749","time_insert":"2021-07-13 08:05"}
2024-07-03 04:21:32 查询号码 【1463829】，GSD为【"江苏-南京"】

2024-07-03 04:21:33 开始第 3928 次操作

2024-07-03 04:21:33 开始操作号码 【1463830】
2024-07-03 04:21:40 GSD getOne 第 1 次 等待 3 秒
2024-07-03 04:21:43 查询号码 【1463830】，返回信息 {"status":"ok","msg":"江苏-南京","gid":"263768","time_insert":"2021-07-13 08:15"}
2024-07-03 04:21:43 查询号码 【1463830】，GSD为【"江苏-南京"】

2024-07-03 04:38:30 开始第 3929 次操作

2024-07-03 04:38:30 开始操作号码 【1463831】
2024-07-03 04:38:40 GSD getOne 第 1 次 等待 3 秒
2024-07-03 04:38:43 查询号码 【1463831】，返回信息 {"status":"ok","msg":"江苏-南京","gid":"263794","time_insert":"2021-07-13 08:29"}
2024-07-03 04:38:43 查询号码 【1463831】，GSD为【"江苏-南京"】

2024-07-03 04:38:44 开始第 3930 次操作

2024-07-03 04:38:44 开始操作号码 【1463832】
2024-07-03 04:38:52 GSD getOne 第 1 次 等待 3 秒
2024-07-03 04:38:55 查询号码 【1463832】，返回信息 {"status":"ok","msg":"江苏-南京","gid":"263818","time_insert":"2021-07-13 08:42"}
2024-07-03 04:38:55 查询号码 【1463832】，GSD为【"江苏-南京"】

2024-07-03 04:38:56 开始第 3931 次操作

2024-07-03 04:38:56 开始操作号码 【1463833】
2024-07-03 04:39:06 GSD getOne 第 1 次 等待 3 秒
2024-07-03 04:39:09 查询号码 【1463833】，返回信息 {"status":"ok","msg":"江苏-南京","gid":"263839","time_insert":"2021-07-13 08:53"}
2024-07-03 04:39:09 查询号码 【1463833】，GSD为【"江苏-南京"】

2024-07-03 04:39:10 开始第 3932 次操作

2024-07-03 04:39:10 开始操作号码 【1463834】
2024-07-03 04:39:19 GSD getOne 第 1 次 等待 3 秒
2024-07-03 04:39:22 查询号码 【1463834】，返回信息 {"status":"ok","msg":"江苏-南京","gid":"263861","time_insert":"2021-07-13 09:03"}
2024-07-03 04:39:22 查询号码 【1463834】，GSD为【"江苏-南京"】

2024-07-03 05:17:47 开始第 3933 次操作

2024-07-03 05:17:47 开始操作号码 【1463835】
2024-07-03 05:17:56 GSD getOne 第 1 次 等待 3 秒
2024-07-03 05:17:59 查询号码 【1463835】，返回信息 {"status":"ok","msg":"江苏-南京","gid":"263878","time_insert":"2021-07-13 09:14"}
2024-07-03 05:17:59 查询号码 【1463835】，GSD为【"江苏-南京"】

2024-07-03 05:18:00 开始第 3934 次操作

2024-07-03 05:18:00 开始操作号码 【1463836】
2024-07-03 05:18:08 GSD getOne 第 1 次 等待 3 秒
2024-07-03 05:18:11 查询号码 【1463836】，返回信息 {"status":"ok","msg":"江苏-南京","gid":"263905","time_insert":"2021-07-13 09:27"}
2024-07-03 05:18:11 查询号码 【1463836】，GSD为【"江苏-南京"】

2024-07-03 05:18:12 开始第 3935 次操作

2024-07-03 05:18:12 开始操作号码 【1463837】
2024-07-03 05:18:20 GSD getOne 第 1 次 等待 3 秒
2024-07-03 05:18:23 查询号码 【1463837】，返回信息 {"status":"ok","msg":"江苏-南京","gid":"263929","time_insert":"2021-07-13 09:37","time_update":"2021-07-27 15:59"}
2024-07-03 05:18:23 查询号码 【1463837】，GSD为【"江苏-南京"】

2024-07-03 05:18:24 开始第 3936 次操作

2024-07-03 05:18:24 开始操作号码 【1463838】
2024-07-03 05:18:37 GSD getOne 第 1 次 等待 3 秒
2024-07-03 05:18:40 查询号码 【1463838】，返回信息 {"status":"ok","msg":"江苏-南京","gid":"264152","time_insert":"2021-07-13 09:49"}
2024-07-03 05:18:40 查询号码 【1463838】，GSD为【"江苏-南京"】

2024-07-03 05:37:42 开始第 3937 次操作

2024-07-03 05:37:42 开始操作号码 【1463839】
2024-07-03 05:37:50 GSD getOne 第 1 次 等待 3 秒
2024-07-03 05:37:53 查询号码 【1463839】，返回信息 {"status":"ok","msg":"江苏-南京","gid":"264240","time_insert":"2021-07-13 10:01"}
2024-07-03 05:37:53 查询号码 【1463839】，GSD为【"江苏-南京"】

2024-07-03 05:37:54 开始第 3938 次操作

2024-07-03 05:37:54 开始操作号码 【1463840】
2024-07-03 05:38:02 GSD getOne 第 1 次 等待 3 秒
2024-07-03 05:38:05 查询号码 【1463840】，返回信息 {"status":"ok","msg":"江苏-南京","gid":"264266","time_insert":"2021-07-13 10:15"}
2024-07-03 05:38:05 查询号码 【1463840】，GSD为【"江苏-南京"】

2024-07-03 05:38:06 开始第 3939 次操作

2024-07-03 05:38:06 开始操作号码 【1463841】
2024-07-03 05:38:17 GSD getOne 第 1 次 等待 3 秒
2024-07-03 05:38:20 查询号码 【1463841】，返回信息 {"status":"ok","msg":"江苏-南京","gid":"264285","time_insert":"2021-07-13 10:26","time_update":"2021-07-13 10:30"}
2024-07-03 05:38:20 查询号码 【1463841】，GSD为【"江苏-南京"】

2024-07-03 05:38:21 开始第 3940 次操作

2024-07-03 05:38:21 开始操作号码 【1463842】
2024-07-03 05:38:29 GSD getOne 第 1 次 等待 3 秒
2024-07-03 05:38:32 查询号码 【1463842】，返回信息 {"status":"ok","msg":"江苏-南京","gid":"264316","time_insert":"2021-07-13 10:42","time_update":"2021-07-13 10:48"}
2024-07-03 05:38:32 查询号码 【1463842】，GSD为【"江苏-南京"】

2024-07-03 06:17:42 开始第 3941 次操作

2024-07-03 06:17:42 开始操作号码 【1463843】
2024-07-03 06:17:50 GSD getOne 第 1 次 等待 3 秒
2024-07-03 06:17:53 查询号码 【1463843】，返回信息 {"status":"ok","msg":"江苏-南京","gid":"264555","time_insert":"2021-07-13 10:58"}
2024-07-03 06:17:53 查询号码 【1463843】，GSD为【"江苏-南京"】

2024-07-03 06:17:54 开始第 3942 次操作

2024-07-03 06:17:54 开始操作号码 【1463844】
2024-07-03 06:18:02 GSD getOne 第 1 次 等待 3 秒
2024-07-03 06:18:05 查询号码 【1463844】，返回信息 {"status":"ok","msg":"江苏-南京","gid":"264644","time_insert":"2021-07-13 11:12"}
2024-07-03 06:18:05 查询号码 【1463844】，GSD为【"江苏-南京"】

2024-07-03 06:18:06 开始第 3943 次操作

2024-07-03 06:18:06 开始操作号码 【1463845】
2024-07-03 06:18:14 GSD getOne 第 1 次 等待 3 秒
2024-07-03 06:18:17 查询号码 【1463845】，返回信息 {"status":"ok","msg":"江苏-南京","gid":"264670","time_insert":"2021-07-13 11:27"}
2024-07-03 06:18:17 查询号码 【1463845】，GSD为【"江苏-南京"】

2024-07-03 06:18:18 开始第 3944 次操作

2024-07-03 06:18:18 开始操作号码 【1463846】
2024-07-03 06:18:26 GSD getOne 第 1 次 等待 3 秒
2024-07-03 06:18:29 查询号码 【1463846】，返回信息 {"status":"ok","msg":"江苏-南京","gid":"264699","time_insert":"2021-07-13 11:41"}
2024-07-03 06:18:29 查询号码 【1463846】，GSD为【"江苏-南京"】

2024-07-03 06:37:59 开始第 3945 次操作

2024-07-03 06:37:59 开始操作号码 【1463847】
2024-07-03 06:38:07 GSD getOne 第 1 次 等待 3 秒
2024-07-03 06:38:10 查询号码 【1463847】，返回信息 {"status":"ok","msg":"江苏-南京","gid":"264883","time_insert":"2021-07-13 11:52"}
2024-07-03 06:38:11 查询号码 【1463847】，GSD为【"江苏-南京"】

2024-07-03 06:38:12 开始第 3946 次操作

2024-07-03 06:38:12 开始操作号码 【1463848】
2024-07-03 06:38:19 GSD getOne 第 1 次 等待 3 秒
2024-07-03 06:38:22 查询号码 【1463848】，返回信息 {"status":"ok","msg":"江苏-南京","gid":"265004","time_insert":"2021-07-13 12:04"}
2024-07-03 06:38:22 查询号码 【1463848】，GSD为【"江苏-南京"】

2024-07-03 06:38:23 开始第 3947 次操作

2024-07-03 06:38:23 开始操作号码 【1463849】
2024-07-03 06:38:31 GSD getOne 第 1 次 等待 3 秒
2024-07-03 06:38:34 查询号码 【1463849】，返回信息 {"status":"ok","msg":"江苏-南京","gid":"265026","time_insert":"2021-07-13 12:14"}
2024-07-03 06:38:34 查询号码 【1463849】，GSD为【"江苏-南京"】

2024-07-03 06:38:35 开始第 3948 次操作

2024-07-03 06:38:35 开始操作号码 【1463850】
2024-07-03 06:38:43 GSD getOne 第 1 次 等待 3 秒
2024-07-03 06:38:46 查询号码 【1463850】，返回信息 {"status":"ok","msg":"江苏-南京","gid":"265050","time_insert":"2021-07-13 12:28"}
2024-07-03 06:38:46 查询号码 【1463850】，GSD为【"江苏-南京"】

2024-07-03 07:18:00 开始第 3949 次操作

2024-07-03 07:18:00 开始操作号码 【1463851】
2024-07-03 07:18:11 GSD getOne 第 1 次 等待 3 秒
2024-07-03 07:18:14 查询号码 【1463851】，返回信息 {"status":"ok","msg":"江苏-南京","gid":"265080","time_insert":"2021-07-13 12:44"}
2024-07-03 07:18:14 查询号码 【1463851】，GSD为【"江苏-南京"】

2024-07-03 07:18:15 开始第 3950 次操作

2024-07-03 07:18:15 开始操作号码 【1463852】
2024-07-03 07:18:22 GSD getOne 第 1 次 等待 3 秒
2024-07-03 07:18:25 查询号码 【1463852】，返回信息 {"status":"ok","msg":"江苏-南京","gid":"265273","time_insert":"2021-07-13 12:58"}
2024-07-03 07:18:25 查询号码 【1463852】，GSD为【"江苏-南京"】

2024-07-03 07:18:26 开始第 3951 次操作

2024-07-03 07:18:26 开始操作号码 【1463853】
2024-07-03 07:18:35 GSD getOne 第 1 次 等待 3 秒
2024-07-03 07:18:38 查询号码 【1463853】，返回信息 {"status":"ok","msg":"江苏-南京","gid":"265391","time_insert":"2021-07-13 13:09"}
2024-07-03 07:18:38 查询号码 【1463853】，GSD为【"江苏-南京"】

2024-07-03 07:18:39 开始第 3952 次操作

2024-07-03 07:18:39 开始操作号码 【1463854】
2024-07-03 07:18:47 GSD getOne 第 1 次 等待 3 秒
2024-07-03 07:18:50 查询号码 【1463854】，返回信息 {"status":"ok","msg":"江苏-南京","gid":"265425","time_insert":"2021-07-13 13:24"}
2024-07-03 07:18:50 查询号码 【1463854】，GSD为【"江苏-南京"】

2024-07-03 07:38:26 开始第 3953 次操作

2024-07-03 07:38:26 开始操作号码 【1463855】
2024-07-03 07:38:34 GSD getOne 第 1 次 等待 3 秒
2024-07-03 07:38:37 查询号码 【1463855】，返回信息 {"status":"ok","msg":"江苏-南京","gid":"265515","time_insert":"2021-07-13 13:39"}
2024-07-03 07:38:37 查询号码 【1463855】，GSD为【"江苏-南京"】

2024-07-03 07:38:38 开始第 3954 次操作

2024-07-03 07:38:38 开始操作号码 【1463856】
2024-07-03 07:38:46 GSD getOne 第 1 次 等待 3 秒
2024-07-03 07:38:49 查询号码 【1463856】，返回信息 {"status":"ok","msg":"江苏-南京","gid":"265684","time_insert":"2021-07-13 13:49"}
2024-07-03 07:38:49 查询号码 【1463856】，GSD为【"江苏-南京"】

2024-07-03 07:38:50 开始第 3955 次操作

2024-07-03 07:38:50 开始操作号码 【1463857】
2024-07-03 07:39:00 GSD getOne 第 1 次 等待 3 秒
2024-07-03 07:39:03 查询号码 【1463857】，返回信息 {"status":"ok","msg":"江苏-南京","gid":"265762","time_insert":"2021-07-13 14:01"}
2024-07-03 07:39:03 查询号码 【1463857】，GSD为【"江苏-南京"】

2024-07-03 07:39:04 开始第 3956 次操作

2024-07-03 07:39:04 开始操作号码 【1463858】
2024-07-03 07:39:11 GSD getOne 第 1 次 等待 3 秒
2024-07-03 07:39:14 查询号码 【1463858】，返回信息 {"status":"ok","msg":"江苏-南京","gid":"265787","time_insert":"2021-07-13 14:16"}
2024-07-03 07:39:14 查询号码 【1463858】，GSD为【"江苏-南京"】

2024-07-03 09:22:13 开始第 3957 次操作

2024-07-03 09:22:13 开始操作号码 【1463859】
2024-07-03 09:22:21 GSD getOne 第 1 次 等待 3 秒
2024-07-03 09:22:24 查询号码 【1463859】，返回信息 {"status":"ok","msg":"江苏-南京","gid":"265814","time_insert":"2021-07-13 14:31"}
2024-07-03 09:22:24 查询号码 【1463859】，GSD为【"江苏-南京"】

2024-07-03 09:22:25 开始第 3958 次操作

2024-07-03 09:22:25 开始操作号码 【1463860】
2024-07-03 09:22:34 GSD getOne 第 1 次 等待 3 秒
2024-07-03 09:22:38 查询号码 【1463860】，返回信息 {"status":"ok","msg":"江苏-南京","gid":"265840","time_insert":"2021-07-13 14:46"}
2024-07-03 09:22:38 查询号码 【1463860】，GSD为【"江苏-南京"】

2024-07-03 09:22:39 开始第 3959 次操作

2024-07-03 09:22:39 开始操作号码 【1463861】
2024-07-03 09:22:47 GSD getOne 第 1 次 等待 3 秒
2024-07-03 09:22:50 查询号码 【1463861】，返回信息 {"status":"ok","msg":"江苏-南京","gid":"266033","time_insert":"2021-07-13 14:57"}
2024-07-03 09:22:50 查询号码 【1463861】，GSD为【"江苏-南京"】

2024-07-03 09:22:51 开始第 3960 次操作

2024-07-03 09:22:51 开始操作号码 【1463862】
2024-07-03 09:23:06 GSD getOne 第 1 次 等待 3 秒
2024-07-03 09:23:09 查询号码 【1463862】，返回信息 {"status":"ok","msg":"江苏-南京","gid":"266225","time_insert":"2021-07-13 15:10"}
2024-07-03 09:23:09 查询号码 【1463862】，GSD为【"江苏-南京"】

2024-07-03 10:20:00 开始第 3961 次操作

2024-07-03 10:20:00 开始操作号码 【1463863】
2024-07-03 10:20:10 GSD getOne 第 1 次 等待 3 秒
2024-07-03 10:20:13 查询号码 【1463863】，返回信息 {"status":"ok","msg":"江苏-南京","gid":"266286","time_insert":"2021-07-13 15:22"}
2024-07-03 10:20:13 查询号码 【1463863】，GSD为【"江苏-南京"】

2024-07-03 10:20:14 开始第 3962 次操作

2024-07-03 10:20:14 开始操作号码 【1463864】
2024-07-03 10:20:26 GSD getOne 第 1 次 等待 3 秒
2024-07-03 10:20:29 查询号码 【1463864】，返回信息 {"status":"ok","msg":"江苏-南京","gid":"266315","time_insert":"2021-07-13 15:33"}
2024-07-03 10:20:29 查询号码 【1463864】，GSD为【"江苏-南京"】

2024-07-03 10:20:30 开始第 3963 次操作

2024-07-03 10:20:30 开始操作号码 【1463865】
2024-07-03 10:20:37 GSD getOne 第 1 次 等待 3 秒
2024-07-03 10:20:40 查询号码 【1463865】，返回信息 {"status":"ok","msg":"江苏-南京","gid":"266506","time_insert":"2021-07-13 15:46"}
2024-07-03 10:20:40 查询号码 【1463865】，GSD为【"江苏-南京"】

2024-07-03 10:20:42 开始第 3964 次操作

2024-07-03 10:20:42 开始操作号码 【1463866】
2024-07-03 10:20:52 GSD getOne 第 1 次 等待 3 秒
2024-07-03 10:20:55 查询号码 【1463866】，返回信息 {"status":"ok","msg":"江苏-南京","gid":"266601","time_insert":"2021-07-13 15:58"}
2024-07-03 10:20:55 查询号码 【1463866】，GSD为【"江苏-南京"】

2024-07-03 10:46:00 开始第 3965 次操作

2024-07-03 10:46:00 开始操作号码 【1463867】
2024-07-03 10:46:12 GSD getOne 第 1 次 等待 3 秒
2024-07-03 10:46:15 查询号码 【1463867】，返回信息 {"status":"ok","msg":"江苏-南京","gid":"266642","time_insert":"2021-07-13 16:10"}
2024-07-03 10:46:15 查询号码 【1463867】，GSD为【"江苏-南京"】

2024-07-03 10:46:16 开始第 3966 次操作

2024-07-03 10:46:16 开始操作号码 【1463868】
2024-07-03 10:46:24 GSD getOne 第 1 次 等待 3 秒
2024-07-03 10:46:27 查询号码 【1463868】，返回信息 {"status":"ok","msg":"江苏-南京","gid":"266669","time_insert":"2021-07-13 16:23"}
2024-07-03 10:46:27 查询号码 【1463868】，GSD为【"江苏-南京"】

2024-07-03 10:46:28 开始第 3967 次操作

2024-07-03 10:46:28 开始操作号码 【1463869】
2024-07-03 10:46:47 GSD getOne 第 1 次 等待 3 秒
2024-07-03 10:46:50 查询号码 【1463869】，返回信息 {"status":"ok","msg":"江苏-南京","gid":"266687","time_insert":"2021-07-13 16:34"}
2024-07-03 10:46:50 查询号码 【1463869】，GSD为【"江苏-南京"】

2024-07-03 10:46:51 开始第 3968 次操作

2024-07-03 10:46:51 开始操作号码 【1463870】
2024-07-03 10:46:59 GSD getOne 第 1 次 等待 3 秒
2024-07-03 10:47:02 查询号码 【1463870】，返回信息 {"status":"ok","msg":"江苏-南京","gid":"266794","time_insert":"2021-07-13 16:45"}
2024-07-03 10:47:02 查询号码 【1463870】，GSD为【"江苏-南京"】

2024-07-03 11:20:54 开始第 3969 次操作

2024-07-03 11:20:54 开始操作号码 【1463871】
2024-07-03 11:21:03 GSD getOne 第 1 次 等待 3 秒
2024-07-03 11:21:06 查询号码 【1463871】，返回信息 {"status":"ok","msg":"江苏-南京","gid":"266977","time_insert":"2021-07-13 16:57"}
2024-07-03 11:21:06 查询号码 【1463871】，GSD为【"江苏-南京"】

2024-07-03 11:21:07 开始第 3970 次操作

2024-07-03 11:21:07 开始操作号码 【1463872】
2024-07-03 11:21:15 GSD getOne 第 1 次 等待 3 秒
2024-07-03 11:21:18 查询号码 【1463872】，返回信息 {"status":"ok","msg":"江苏-南京","gid":"267018","time_insert":"2021-07-13 17:09"}
2024-07-03 11:21:18 查询号码 【1463872】，GSD为【"江苏-南京"】

2024-07-03 11:21:19 开始第 3971 次操作

2024-07-03 11:21:19 开始操作号码 【1463873】
2024-07-03 11:21:27 GSD getOne 第 1 次 等待 3 秒
2024-07-03 11:21:30 查询号码 【1463873】，返回信息 {"status":"ok","msg":"江苏-南京","gid":"267042","time_insert":"2021-07-13 17:23"}
2024-07-03 11:21:30 查询号码 【1463873】，GSD为【"江苏-南京"】

2024-07-03 11:21:31 开始第 3972 次操作

2024-07-03 11:21:31 开始操作号码 【1463874】
2024-07-03 11:21:57 GSD getOne 第 1 次 等待 3 秒
2024-07-03 11:22:00 查询号码 【1463874】，返回信息 {"status":"ok","msg":"江苏-南京","gid":"267060","time_insert":"2021-07-13 17:33"}
2024-07-03 11:22:00 查询号码 【1463874】，GSD为【"江苏-南京"】

2024-07-03 11:38:16 开始第 3973 次操作

2024-07-03 11:38:16 开始操作号码 【1463875】
2024-07-03 11:38:24 GSD getOne 第 1 次 等待 3 秒
2024-07-03 11:38:27 查询号码 【1463875】，返回信息 {"status":"ok","msg":"江苏-南京","gid":"267177","time_insert":"2021-07-13 17:46"}
2024-07-03 11:38:27 查询号码 【1463875】，GSD为【"江苏-南京"】

2024-07-03 11:38:28 开始第 3974 次操作

2024-07-03 11:38:28 开始操作号码 【1463876】
2024-07-03 11:38:38 GSD getOne 第 1 次 等待 3 秒
2024-07-03 11:38:41 查询号码 【1463876】，返回信息 {"status":"ok","msg":"江苏-南京","gid":"267369","time_insert":"2021-07-13 18:01"}
2024-07-03 11:38:41 查询号码 【1463876】，GSD为【"江苏-南京"】

2024-07-03 11:38:42 开始第 3975 次操作

2024-07-03 11:38:42 开始操作号码 【1463877】
2024-07-03 11:38:53 GSD getOne 第 1 次 等待 3 秒
2024-07-03 11:38:56 查询号码 【1463877】，返回信息 {"status":"ok","msg":"江苏-南京","gid":"267403","time_insert":"2021-07-13 18:13"}
2024-07-03 11:38:56 查询号码 【1463877】，GSD为【"江苏-南京"】

2024-07-03 11:38:57 开始第 3976 次操作

2024-07-03 11:38:57 开始操作号码 【1463878】
2024-07-03 11:39:08 GSD getOne 第 1 次 等待 3 秒
2024-07-03 11:39:11 查询号码 【1463878】，返回信息 {"status":"ok","msg":"江苏-南京","gid":"267425","time_insert":"2021-07-13 18:26"}
2024-07-03 11:39:11 查询号码 【1463878】，GSD为【"江苏-南京"】

2024-07-03 12:21:56 开始第 3977 次操作

2024-07-03 12:21:56 开始操作号码 【1463879】
2024-07-03 12:22:04 GSD getOne 第 1 次 等待 3 秒
2024-07-03 12:22:07 查询号码 【1463879】，返回信息 {"status":"ok","msg":"江苏-南京","gid":"267442","time_insert":"2021-07-13 18:36"}
2024-07-03 12:22:07 查询号码 【1463879】，GSD为【"江苏-南京"】

2024-07-03 12:22:08 开始第 3978 次操作

2024-07-03 12:22:08 开始操作号码 【1463880】
2024-07-03 12:22:19 GSD getOne 第 1 次 等待 3 秒
2024-07-03 12:22:22 查询号码 【1463880】，返回信息 {"status":"ok","msg":"江苏-南京","gid":"267670","time_insert":"2021-07-13 18:51"}
2024-07-03 12:22:22 查询号码 【1463880】，GSD为【"江苏-南京"】

2024-07-03 12:22:23 开始第 3979 次操作

2024-07-03 12:22:23 开始操作号码 【1463881】
2024-07-03 12:22:32 GSD getOne 第 1 次 等待 3 秒
2024-07-03 12:22:35 查询号码 【1463881】，返回信息 {"status":"ok","msg":"江苏-南京","gid":"267744","time_insert":"2021-07-13 19:02"}
2024-07-03 12:22:35 查询号码 【1463881】，GSD为【"江苏-南京"】

2024-07-03 12:22:36 开始第 3980 次操作

2024-07-03 12:22:36 开始操作号码 【1463882】
2024-07-03 12:22:44 GSD getOne 第 1 次 等待 3 秒
2024-07-03 12:22:47 查询号码 【1463882】，返回信息 {"status":"ok","msg":"江苏-南京","gid":"267773","time_insert":"2021-07-13 19:16"}
2024-07-03 12:22:47 查询号码 【1463882】，GSD为【"江苏-南京"】

2024-07-03 12:39:15 开始第 3981 次操作

2024-07-03 12:39:15 开始操作号码 【1463883】
2024-07-03 12:39:23 GSD getOne 第 1 次 等待 3 秒
2024-07-03 12:39:26 查询号码 【1463883】，返回信息 {"status":"ok","msg":"江苏-南京","gid":"267810","time_insert":"2021-07-13 19:29"}
2024-07-03 12:39:27 查询号码 【1463883】，GSD为【"江苏-南京"】

2024-07-03 12:39:28 开始第 3982 次操作

2024-07-03 12:39:28 开始操作号码 【1463884】
2024-07-03 12:39:36 GSD getOne 第 1 次 等待 3 秒
2024-07-03 12:39:39 查询号码 【1463884】，返回信息 {"status":"ok","msg":"江苏-南京","gid":"267981","time_insert":"2021-07-13 19:43"}
2024-07-03 12:39:39 查询号码 【1463884】，GSD为【"江苏-南京"】

2024-07-03 12:39:40 开始第 3983 次操作

2024-07-03 12:39:40 开始操作号码 【1463885】
2024-07-03 12:39:50 GSD getOne 第 1 次 等待 3 秒
2024-07-03 12:39:53 查询号码 【1463885】，返回信息 {"status":"ok","msg":"江苏-南京","gid":"268121","time_insert":"2021-07-13 19:56"}
2024-07-03 12:39:53 查询号码 【1463885】，GSD为【"江苏-南京"】

2024-07-03 12:39:54 开始第 3984 次操作

2024-07-03 12:39:54 开始操作号码 【1463886】
2024-07-03 12:40:04 GSD getOne 第 1 次 等待 3 秒
2024-07-03 12:40:07 查询号码 【1463886】，返回信息 {"status":"ok","msg":"江苏-南京","gid":"268146","time_insert":"2021-07-13 20:07"}
2024-07-03 12:40:07 查询号码 【1463886】，GSD为【"江苏-南京"】

2024-07-03 13:19:05 开始第 3985 次操作

2024-07-03 13:19:05 开始操作号码 【1463887】
2024-07-03 13:19:16 GSD getOne 第 1 次 等待 3 秒
2024-07-03 13:19:19 查询号码 【1463887】，返回信息 {"status":"ok","msg":"江苏-南京","gid":"268170","time_insert":"2021-07-13 20:19"}
2024-07-03 13:19:19 查询号码 【1463887】，GSD为【"江苏-南京"】

2024-07-03 13:19:20 开始第 3986 次操作

2024-07-03 13:19:20 开始操作号码 【1463888】
2024-07-03 13:19:29 GSD getOne 第 1 次 等待 3 秒
2024-07-03 13:19:32 查询号码 【1463888】，返回信息 {"status":"ok","msg":"江苏-南京","gid":"268189","time_insert":"2021-07-13 20:31"}
2024-07-03 13:19:32 查询号码 【1463888】，GSD为【"江苏-南京"】

2024-07-03 13:19:33 开始第 3987 次操作

2024-07-03 13:19:33 开始操作号码 【1463889】
2024-07-03 13:19:43 GSD getOne 第 1 次 等待 3 秒
2024-07-03 13:19:46 查询号码 【1463889】，返回信息 {"status":"ok","msg":"江苏-南京","gid":"268212","time_insert":"2021-07-13 20:42"}
2024-07-03 13:19:46 查询号码 【1463889】，GSD为【"江苏-南京"】

2024-07-03 13:19:47 开始第 3988 次操作

2024-07-03 13:19:47 开始操作号码 【1463890】
2024-07-03 13:19:55 GSD getOne 第 1 次 等待 3 秒
2024-07-03 13:19:58 查询号码 【1463890】，返回信息 {"status":"ok","msg":"江苏-南京","gid":"268238","time_insert":"2021-07-13 20:56"}
2024-07-03 13:19:58 查询号码 【1463890】，GSD为【"江苏-南京"】

2024-07-03 13:38:01 开始第 3989 次操作

2024-07-03 13:38:01 开始操作号码 【1463891】
2024-07-03 13:38:11 GSD getOne 第 1 次 等待 3 秒
2024-07-03 13:38:14 查询号码 【1463891】，返回信息 {"status":"ok","msg":"江苏-南京","gid":"268366","time_insert":"2021-07-13 21:06"}
2024-07-03 13:38:14 查询号码 【1463891】，GSD为【"江苏-南京"】

2024-07-03 13:38:15 开始第 3990 次操作

2024-07-03 13:38:15 开始操作号码 【1463892】
2024-07-03 13:38:23 GSD getOne 第 1 次 等待 3 秒
2024-07-03 13:38:26 查询号码 【1463892】，返回信息 {"status":"ok","msg":"江苏-南京","gid":"268545","time_insert":"2021-07-13 21:20"}
2024-07-03 13:38:26 查询号码 【1463892】，GSD为【"江苏-南京"】

2024-07-03 13:38:27 开始第 3991 次操作

2024-07-03 13:38:27 开始操作号码 【1463893】
2024-07-03 13:38:28 GSD getOne 第 1 次 等待 3 秒
2024-07-03 13:38:39 GSD getOne 第 2 次 等待 3 秒
2024-07-03 13:38:42 查询号码 【1463893】，返回信息 {"status":"ok","msg":"江苏-南京","gid":"268579","time_insert":"2021-07-13 21:32"}
2024-07-03 13:38:42 查询号码 【1463893】，GSD为【"江苏-南京"】

2024-07-03 13:38:43 开始第 3992 次操作

2024-07-03 13:38:43 开始操作号码 【1463894】
2024-07-03 13:38:51 GSD getOne 第 1 次 等待 3 秒
2024-07-03 13:38:54 查询号码 【1463894】，返回信息 {"status":"ok","msg":"江苏-南京","gid":"268651","time_insert":"2021-07-13 21:44"}
2024-07-03 13:38:54 查询号码 【1463894】，GSD为【"江苏-南京"】

2024-07-03 14:27:45 开始第 3993 次操作

2024-07-03 14:27:45 开始操作号码 【1463895】
2024-07-03 14:27:53 GSD getOne 第 1 次 等待 3 秒
2024-07-03 14:27:56 查询号码 【1463895】，返回信息 {"status":"ok","msg":"江苏-南京","gid":"268867","time_insert":"2021-07-13 21:56"}
2024-07-03 14:27:56 查询号码 【1463895】，GSD为【"江苏-南京"】

2024-07-03 14:27:57 开始第 3994 次操作

2024-07-03 14:27:57 开始操作号码 【1463896】
2024-07-03 14:28:05 GSD getOne 第 1 次 等待 3 秒
2024-07-03 14:28:08 查询号码 【1463896】，返回信息 {"status":"ok","msg":"江苏-南京","gid":"268914","time_insert":"2021-07-13 22:08"}
2024-07-03 14:28:08 查询号码 【1463896】，GSD为【"江苏-南京"】

2024-07-03 14:28:09 开始第 3995 次操作

2024-07-03 14:28:09 开始操作号码 【1463897】
2024-07-03 14:28:16 GSD getOne 第 1 次 等待 3 秒
2024-07-03 14:28:19 查询号码 【1463897】，返回信息 {"status":"ok","msg":"江苏-南京","gid":"268935","time_insert":"2021-07-13 22:19","time_update":"2021-07-20 09:29"}
2024-07-03 14:28:19 查询号码 【1463897】，GSD为【"江苏-南京"】

2024-07-03 14:28:20 开始第 3996 次操作

2024-07-03 14:28:20 开始操作号码 【1463898】
2024-07-03 14:28:21 GSD getOne 第 1 次 等待 3 秒
2024-07-03 14:28:25 GSD getOne 第 2 次 等待 3 秒
2024-07-03 14:28:35 GSD getOne 第 3 次 等待 3 秒
2024-07-03 14:28:38 查询号码 【1463898】，返回信息 {"status":"ok","msg":"江苏-南京","gid":"335081","time_insert":"2021-07-20 09:28"}
2024-07-03 14:28:38 查询号码 【1463898】，GSD为【"江苏-南京"】

2024-07-03 14:43:30 开始第 3997 次操作

2024-07-03 14:43:30 开始操作号码 【1463899】
2024-07-03 14:43:38 GSD getOne 第 1 次 等待 3 秒
2024-07-03 14:43:41 查询号码 【1463899】，返回信息 {"status":"ok","msg":"江苏-南京","gid":"269082","time_insert":"2021-07-13 22:43"}
2024-07-03 14:43:41 查询号码 【1463899】，GSD为【"江苏-南京"】

2024-07-03 14:43:42 开始第 3998 次操作

2024-07-03 14:43:42 开始操作号码 【1463900】
2024-07-03 14:43:50 GSD getOne 第 1 次 等待 3 秒
2024-07-03 14:43:53 查询号码 【1463900】，返回信息 {"status":"ok","msg":"广东-东莞","gid":"269234","time_insert":"2021-07-13 22:55"}
2024-07-03 14:43:53 查询号码 【1463900】，GSD为【"广东-东莞"】

2024-07-03 14:43:54 开始第 3999 次操作

2024-07-03 14:43:54 开始操作号码 【1463901】
2024-07-03 14:44:01 GSD getOne 第 1 次 等待 3 秒
2024-07-03 14:44:04 查询号码 【1463901】，返回信息 {"status":"ok","msg":"广东-东莞","gid":"269291","time_insert":"2021-07-13 23:09"}
2024-07-03 14:44:04 查询号码 【1463901】，GSD为【"广东-东莞"】

2024-07-03 14:44:05 开始第 4000 次操作

2024-07-03 14:44:05 开始操作号码 【1463902】
2024-07-03 14:44:06 GSD getOne 第 1 次 等待 3 秒
2024-07-03 14:44:17 GSD getOne 第 2 次 等待 3 秒
2024-07-03 14:44:20 查询号码 【1463902】，返回信息 {"status":"ok","msg":"广东-东莞","gid":"269316","time_insert":"2021-07-13 23:24"}
2024-07-03 14:44:20 查询号码 【1463902】，GSD为【"广东-东莞"】

2024-07-03 15:17:14 开始第 4001 次操作

2024-07-03 15:17:14 开始操作号码 【1463903】
2024-07-03 15:17:23 GSD getOne 第 1 次 等待 3 秒
2024-07-03 15:17:26 查询号码 【1463903】，返回信息 {"status":"ok","msg":"广东-东莞","gid":"269335","time_insert":"2021-07-13 23:36"}
2024-07-03 15:17:26 查询号码 【1463903】，GSD为【"广东-东莞"】

2024-07-03 15:17:27 开始第 4002 次操作

2024-07-03 15:17:27 开始操作号码 【1463904】
2024-07-03 15:17:35 GSD getOne 第 1 次 等待 3 秒
2024-07-03 15:17:38 查询号码 【1463904】，返回信息 {"status":"ok","msg":"广东-东莞","gid":"269405","time_insert":"2021-07-13 23:49"}
2024-07-03 15:17:38 查询号码 【1463904】，GSD为【"广东-东莞"】

2024-07-03 15:17:39 开始第 4003 次操作

2024-07-03 15:17:39 开始操作号码 【1463905】
2024-07-03 15:17:47 GSD getOne 第 1 次 等待 3 秒
2024-07-03 15:17:50 查询号码 【1463905】，返回信息 {"status":"ok","msg":"广东-东莞","gid":"269627","time_insert":"2021-07-14 00:04"}
2024-07-03 15:17:50 查询号码 【1463905】，GSD为【"广东-东莞"】

2024-07-03 15:17:51 开始第 4004 次操作

2024-07-03 15:17:51 开始操作号码 【1463906】
2024-07-03 15:17:59 GSD getOne 第 1 次 等待 3 秒
2024-07-03 15:18:02 查询号码 【1463906】，返回信息 {"status":"ok","msg":"广东-东莞","gid":"269668","time_insert":"2021-07-14 00:15"}
2024-07-03 15:18:02 查询号码 【1463906】，GSD为【"广东-东莞"】

