2023-11-10 00:22:12 开始第 7669 次操作

2023-11-10 00:22:12 开始操作号码 【1897583】
2023-11-10 00:22:18 GSD getOne 第 1 次 等待 3 秒
2023-11-10 00:22:21 查询号码 【1897583】，返回信息 {"status":"ok","msg":"湖南-长沙","gid":"448975","time_insert":"2021-07-30 22:03"}
2023-11-10 00:22:21 查询号码 【1897583】，GSD为【"湖南-长沙"】

2023-11-10 00:22:22 开始第 7670 次操作

2023-11-10 00:22:22 开始操作号码 【1897584】
2023-11-10 00:22:26 GSD getOne 第 1 次 等待 3 秒
2023-11-10 00:22:29 查询号码 【1897584】，返回信息 {"status":"ok","msg":"湖南-长沙","gid":"448966","time_insert":"2021-07-30 22:02","time_update":"2021-08-10 12:25"}
2023-11-10 00:22:29 查询号码 【1897584】，GSD为【"湖南-长沙"】

2023-11-10 00:22:30 开始第 7671 次操作

2023-11-10 00:22:30 开始操作号码 【1897585】
2023-11-10 00:22:36 GSD getOne 第 1 次 等待 3 秒
2023-11-10 00:22:39 查询号码 【1897585】，返回信息 {"status":"ok","msg":"湖南-长沙","gid":"448959","time_insert":"2021-07-30 22:02"}
2023-11-10 00:22:39 查询号码 【1897585】，GSD为【"湖南-长沙"】

2023-11-10 00:22:40 开始第 7672 次操作

2023-11-10 00:22:40 开始操作号码 【1897586】
2023-11-10 00:22:44 GSD getOne 第 1 次 等待 3 秒
2023-11-10 00:22:47 查询号码 【1897586】，返回信息 {"status":"ok","msg":"湖南-长沙","gid":"50415","time_insert":"2021-04-21 16:34"}
2023-11-10 00:22:47 查询号码 【1897586】，GSD为【"湖南-长沙"】

