2024-07-26 00:24:40 开始第 7913 次操作

2024-07-26 00:24:40 开始操作号码 【1467815】
2024-07-26 00:24:49 GSD getOne 第 1 次 等待 3 秒
2024-07-26 00:24:52 查询号码 【1467815】，返回信息 {"status":"ok","msg":"广东-广州","gid":"379975","time_insert":"2021-07-24 18:03"}
2024-07-26 00:24:52 查询号码 【1467815】，GSD为【"广东-广州"】

2024-07-26 00:24:53 开始第 7914 次操作

2024-07-26 00:24:53 开始操作号码 【1467816】
2024-07-26 00:25:01 GSD getOne 第 1 次 等待 3 秒
2024-07-26 00:25:04 查询号码 【1467816】，返回信息 {"status":"ok","msg":"广东-广州","gid":"379964","time_insert":"2021-07-24 18:02"}
2024-07-26 00:25:04 查询号码 【1467816】，GSD为【"广东-广州"】

2024-07-26 00:25:05 开始第 7915 次操作

2024-07-26 00:25:05 开始操作号码 【1467817】
2024-07-26 00:25:13 GSD getOne 第 1 次 等待 3 秒
2024-07-26 00:25:16 查询号码 【1467817】，返回信息 {"status":"ok","msg":"广东-广州","gid":"379955","time_insert":"2021-07-24 18:01"}
2024-07-26 00:25:16 查询号码 【1467817】，GSD为【"广东-广州"】

2024-07-26 00:25:17 开始第 7916 次操作

2024-07-26 00:25:17 开始操作号码 【1467818】
2024-07-26 00:25:25 GSD getOne 第 1 次 等待 3 秒
2024-07-26 00:25:28 查询号码 【1467818】，返回信息 {"status":"ok","msg":"广东-广州","gid":"379943","time_insert":"2021-07-24 18:00"}
2024-07-26 00:25:28 查询号码 【1467818】，GSD为【"广东-广州"】

2024-07-26 00:42:50 开始第 7917 次操作

2024-07-26 00:42:50 开始操作号码 【1467819】
2024-07-26 00:43:00 GSD getOne 第 1 次 等待 3 秒
2024-07-26 00:43:03 查询号码 【1467819】，返回信息 {"status":"ok","msg":"广东-广州","gid":"379934","time_insert":"2021-07-24 17:59"}
2024-07-26 00:43:03 查询号码 【1467819】，GSD为【"广东-广州"】

2024-07-26 00:43:04 开始第 7918 次操作

2024-07-26 00:43:04 开始操作号码 【1467820】
2024-07-26 00:43:12 GSD getOne 第 1 次 等待 3 秒
2024-07-26 00:43:15 查询号码 【1467820】，返回信息 {"status":"ok","msg":"广东-广州","gid":"379920","time_insert":"2021-07-24 17:58"}
2024-07-26 00:43:15 查询号码 【1467820】，GSD为【"广东-广州"】

2024-07-26 00:43:16 开始第 7919 次操作

2024-07-26 00:43:16 开始操作号码 【1467821】
2024-07-26 00:43:26 GSD getOne 第 1 次 等待 3 秒
2024-07-26 00:43:29 查询号码 【1467821】，返回信息 {"status":"ok","msg":"广东-广州","gid":"379908","time_insert":"2021-07-24 17:58"}
2024-07-26 00:43:29 查询号码 【1467821】，GSD为【"广东-广州"】

2024-07-26 00:43:30 开始第 7920 次操作

2024-07-26 00:43:30 开始操作号码 【1467822】
2024-07-26 00:43:38 GSD getOne 第 1 次 等待 3 秒
2024-07-26 00:43:41 查询号码 【1467822】，返回信息 {"status":"ok","msg":"广东-广州","gid":"379896","time_insert":"2021-07-24 17:57"}
2024-07-26 00:43:41 查询号码 【1467822】，GSD为【"广东-广州"】

2024-07-26 01:17:35 开始第 7921 次操作

2024-07-26 01:17:35 开始操作号码 【1467823】
2024-07-26 01:17:44 GSD getOne 第 1 次 等待 3 秒
2024-07-26 01:17:47 查询号码 【1467823】，返回信息 {"status":"ok","msg":"广东-广州","gid":"379882","time_insert":"2021-07-24 17:56"}
2024-07-26 01:17:47 查询号码 【1467823】，GSD为【"广东-广州"】

2024-07-26 01:17:48 开始第 7922 次操作

2024-07-26 01:17:48 开始操作号码 【1467824】
2024-07-26 01:17:58 GSD getOne 第 1 次 等待 3 秒
2024-07-26 01:18:01 查询号码 【1467824】，返回信息 {"status":"ok","msg":"广东-广州","gid":"379873","time_insert":"2021-07-24 17:55"}
2024-07-26 01:18:01 查询号码 【1467824】，GSD为【"广东-广州"】

2024-07-26 01:18:02 开始第 7923 次操作

2024-07-26 01:18:02 开始操作号码 【1467825】
2024-07-26 01:18:10 GSD getOne 第 1 次 等待 3 秒
2024-07-26 01:18:13 查询号码 【1467825】，返回信息 {"status":"ok","msg":"广东-广州","gid":"379863","time_insert":"2021-07-24 17:54"}
2024-07-26 01:18:13 查询号码 【1467825】，GSD为【"广东-广州"】

2024-07-26 01:18:14 开始第 7924 次操作

2024-07-26 01:18:14 开始操作号码 【1467826】
2024-07-26 01:18:24 GSD getOne 第 1 次 等待 3 秒
2024-07-26 01:18:27 查询号码 【1467826】，返回信息 {"status":"ok","msg":"广东-广州","gid":"379851","time_insert":"2021-07-24 17:53"}
2024-07-26 01:18:27 查询号码 【1467826】，GSD为【"广东-广州"】

