2024-04-20 00:23:19 开始第 4425 次操作

2024-04-20 00:23:19 开始操作号码 【1574338】
2024-04-20 00:23:32 GSD getOne 第 1 次 等待 3 秒
2024-04-20 00:23:35 查询号码 【1574338】，返回信息 {"status":"ok","msg":"上海-上海","gid":"345306","time_insert":"2021-07-21 11:02"}
2024-04-20 00:23:35 查询号码 【1574338】，GSD为【"上海-上海"】

2024-04-20 00:23:36 开始第 4426 次操作

2024-04-20 00:23:36 开始操作号码 【1574339】
2024-04-20 00:23:44 GSD getOne 第 1 次 等待 3 秒
2024-04-20 00:23:47 查询号码 【1574339】，返回信息 {"status":"ok","msg":"上海-上海","gid":"345404","time_insert":"2021-07-21 11:20"}
2024-04-20 00:23:47 查询号码 【1574339】，GSD为【"上海-上海"】

2024-04-20 00:23:48 开始第 4427 次操作

2024-04-20 00:23:48 开始操作号码 【1574340】
2024-04-20 00:23:54 GSD getOne 第 1 次 等待 3 秒
2024-04-20 00:23:57 查询号码 【1574340】，返回信息 {"status":"ok","msg":"上海-上海","gid":"345480","time_insert":"2021-07-21 11:40"}
2024-04-20 00:23:57 查询号码 【1574340】，GSD为【"上海-上海"】

2024-04-20 00:23:58 开始第 4428 次操作

2024-04-20 00:23:58 开始操作号码 【1574341】
2024-04-20 00:24:04 GSD getOne 第 1 次 等待 3 秒
2024-04-20 00:24:07 查询号码 【1574341】，返回信息 {"status":"ok","msg":"上海-上海","gid":"345626","time_insert":"2021-07-21 11:58"}
2024-04-20 00:24:07 查询号码 【1574341】，GSD为【"上海-上海"】

2024-04-20 00:40:08 开始第 4429 次操作

2024-04-20 00:40:08 开始操作号码 【1574342】
2024-04-20 00:40:13 GSD getOne 第 1 次 等待 3 秒
2024-04-20 00:40:16 查询号码 【1574342】，返回信息 {"status":"ok","msg":"上海-上海","gid":"345740","time_insert":"2021-07-21 12:14"}
2024-04-20 00:40:16 查询号码 【1574342】，GSD为【"上海-上海"】

2024-04-20 00:40:17 开始第 4430 次操作

2024-04-20 00:40:17 开始操作号码 【1574343】
2024-04-20 00:40:31 GSD getOne 第 1 次 等待 3 秒
2024-04-20 00:40:34 查询号码 【1574343】，返回信息 {"status":"ok","msg":"上海-上海","gid":"345797","time_insert":"2021-07-21 12:30"}
2024-04-20 00:40:34 查询号码 【1574343】，GSD为【"上海-上海"】

2024-04-20 00:40:35 开始第 4431 次操作

2024-04-20 00:40:36 开始操作号码 【1574344】
2024-04-20 00:40:41 GSD getOne 第 1 次 等待 3 秒
2024-04-20 00:40:44 查询号码 【1574344】，返回信息 {"status":"ok","msg":"上海-上海","gid":"345834","time_insert":"2021-07-21 12:48"}
2024-04-20 00:40:44 查询号码 【1574344】，GSD为【"上海-上海"】

2024-04-20 00:40:45 开始第 4432 次操作

2024-04-20 00:40:45 开始操作号码 【1574345】
2024-04-20 00:40:50 GSD getOne 第 1 次 等待 3 秒
2024-04-20 00:40:53 查询号码 【1574345】，返回信息 {"status":"ok","msg":"上海-上海","gid":"345986","time_insert":"2021-07-21 13:07"}
2024-04-20 00:40:53 查询号码 【1574345】，GSD为【"上海-上海"】

2024-04-20 01:15:45 开始第 4433 次操作

2024-04-20 01:15:45 开始操作号码 【1574346】
2024-04-20 01:15:50 GSD getOne 第 1 次 等待 3 秒
2024-04-20 01:15:53 查询号码 【1574346】，返回信息 {"status":"ok","msg":"上海-上海","gid":"346121","time_insert":"2021-07-21 13:24"}
2024-04-20 01:15:53 查询号码 【1574346】，GSD为【"上海-上海"】

2024-04-20 01:15:54 开始第 4434 次操作

2024-04-20 01:15:54 开始操作号码 【1574347】
2024-04-20 01:15:59 GSD getOne 第 1 次 等待 3 秒
2024-04-20 01:16:02 查询号码 【1574347】，返回信息 {"status":"ok","msg":"上海-上海","gid":"346220","time_insert":"2021-07-21 13:39"}
2024-04-20 01:16:02 查询号码 【1574347】，GSD为【"上海-上海"】

2024-04-20 01:16:03 开始第 4435 次操作

2024-04-20 01:16:03 开始操作号码 【1574348】
2024-04-20 01:16:09 GSD getOne 第 1 次 等待 3 秒
2024-04-20 01:16:12 查询号码 【1574348】，返回信息 {"status":"ok","msg":"上海-上海","gid":"346393","time_insert":"2021-07-21 13:58"}
2024-04-20 01:16:12 查询号码 【1574348】，GSD为【"上海-上海"】

2024-04-20 01:16:13 开始第 4436 次操作

2024-04-20 01:16:13 开始操作号码 【1574349】
2024-04-20 01:16:19 GSD getOne 第 1 次 等待 3 秒
2024-04-20 01:16:22 查询号码 【1574349】，返回信息 {"status":"ok","msg":"上海-上海","gid":"346480","time_insert":"2021-07-21 14:15"}
2024-04-20 01:16:22 查询号码 【1574349】，GSD为【"上海-上海"】

2024-04-20 01:37:53 开始第 4437 次操作

2024-04-20 01:37:53 开始操作号码 【1574350】
2024-04-20 01:38:00 GSD getOne 第 1 次 等待 3 秒
2024-04-20 01:38:03 查询号码 【1574350】，返回信息 {"status":"ok","msg":"上海-上海","gid":"346530","time_insert":"2021-07-21 14:31"}
2024-04-20 01:38:03 查询号码 【1574350】，GSD为【"上海-上海"】

2024-04-20 01:38:04 开始第 4438 次操作

2024-04-20 01:38:04 开始操作号码 【1574351】
2024-04-20 01:38:10 GSD getOne 第 1 次 等待 3 秒
2024-04-20 01:38:13 查询号码 【1574351】，返回信息 {"status":"ok","msg":"上海-上海","gid":"346568","time_insert":"2021-07-21 14:48"}
2024-04-20 01:38:13 查询号码 【1574351】，GSD为【"上海-上海"】

2024-04-20 01:38:14 开始第 4439 次操作

2024-04-20 01:38:14 开始操作号码 【1574352】
2024-04-20 01:38:19 GSD getOne 第 1 次 等待 3 秒
2024-04-20 01:38:22 查询号码 【1574352】，返回信息 {"status":"ok","msg":"上海-上海","gid":"346784","time_insert":"2021-07-21 15:06"}
2024-04-20 01:38:22 查询号码 【1574352】，GSD为【"上海-上海"】

2024-04-20 01:38:23 开始第 4440 次操作

2024-04-20 01:38:23 开始操作号码 【1574353】
2024-04-20 01:38:28 GSD getOne 第 1 次 等待 3 秒
2024-04-20 01:38:31 查询号码 【1574353】，返回信息 {"status":"ok","msg":"上海-上海","gid":"346964","time_insert":"2021-07-21 15:26"}
2024-04-20 01:38:31 查询号码 【1574353】，GSD为【"上海-上海"】

2024-04-20 02:20:56 开始第 4441 次操作

2024-04-20 02:20:56 开始操作号码 【1574354】
2024-04-20 02:21:02 GSD getOne 第 1 次 等待 3 秒
2024-04-20 02:21:05 查询号码 【1574354】，返回信息 {"status":"ok","msg":"上海-上海","gid":"347086","time_insert":"2021-07-21 15:44"}
2024-04-20 02:21:05 查询号码 【1574354】，GSD为【"上海-上海"】

2024-04-20 02:21:06 开始第 4442 次操作

2024-04-20 02:21:06 开始操作号码 【1574355】
2024-04-20 02:21:11 GSD getOne 第 1 次 等待 3 秒
2024-04-20 02:21:14 查询号码 【1574355】，返回信息 {"status":"ok","msg":"上海-上海","gid":"347245","time_insert":"2021-07-21 16:01"}
2024-04-20 02:21:14 查询号码 【1574355】，GSD为【"上海-上海"】

2024-04-20 02:21:15 开始第 4443 次操作

2024-04-20 02:21:15 开始操作号码 【1574356】
2024-04-20 02:21:20 GSD getOne 第 1 次 等待 3 秒
2024-04-20 02:21:23 查询号码 【1574356】，返回信息 {"status":"ok","msg":"上海-上海","gid":"347332","time_insert":"2021-07-21 16:17"}
2024-04-20 02:21:23 查询号码 【1574356】，GSD为【"上海-上海"】

2024-04-20 02:21:24 开始第 4444 次操作

2024-04-20 02:21:24 开始操作号码 【1574357】
2024-04-20 02:21:30 GSD getOne 第 1 次 等待 3 秒
2024-04-20 02:21:33 查询号码 【1574357】，返回信息 {"status":"ok","msg":"上海-上海","gid":"347388","time_insert":"2021-07-21 16:35"}
2024-04-20 02:21:33 查询号码 【1574357】，GSD为【"上海-上海"】

2024-04-20 02:37:53 开始第 4445 次操作

2024-04-20 02:37:53 开始操作号码 【1574358】
2024-04-20 02:38:03 GSD getOne 第 1 次 等待 3 秒
2024-04-20 02:38:06 查询号码 【1574358】，返回信息 {"status":"ok","msg":"上海-上海","gid":"347519","time_insert":"2021-07-21 16:55"}
2024-04-20 02:38:06 查询号码 【1574358】，GSD为【"上海-上海"】

2024-04-20 02:38:07 开始第 4446 次操作

2024-04-20 02:38:07 开始操作号码 【1574359】
2024-04-20 02:38:13 GSD getOne 第 1 次 等待 3 秒
2024-04-20 02:38:16 查询号码 【1574359】，返回信息 {"status":"ok","msg":"上海-上海","gid":"347714","time_insert":"2021-07-21 17:13"}
2024-04-20 02:38:16 查询号码 【1574359】，GSD为【"上海-上海"】

2024-04-20 02:38:17 开始第 4447 次操作

2024-04-20 02:38:17 开始操作号码 【1574360】
2024-04-20 02:38:23 GSD getOne 第 1 次 等待 3 秒
2024-04-20 02:38:26 查询号码 【1574360】，返回信息 {"status":"ok","msg":"上海-上海","gid":"347789","time_insert":"2021-07-21 17:31"}
2024-04-20 02:38:26 查询号码 【1574360】，GSD为【"上海-上海"】

2024-04-20 02:38:27 开始第 4448 次操作

2024-04-20 02:38:27 开始操作号码 【1574361】
2024-04-20 02:38:34 GSD getOne 第 1 次 等待 3 秒
2024-04-20 02:38:37 查询号码 【1574361】，返回信息 {"status":"ok","msg":"上海-上海","gid":"347877","time_insert":"2021-07-21 17:51"}
2024-04-20 02:38:37 查询号码 【1574361】，GSD为【"上海-上海"】

