2021-07-10 00:00:27 开始第 10 次操作

2021-07-10 00:00:27 开始操作号码 【1718753】
2021-07-10 00:00:32 GSD getOne 第 1 次 等待 1 秒
2021-07-10 00:00:33 查询号码 【1718753】，返回信息 {"status":"bad","msg":""}
2021-07-10 00:00:33 查询号码 【1718753】，GSD为【""】
2021-07-10 00:00:33 bad
2021-07-10 00:00:40 CHB 1718753?1625846433 第 1 次 等待 1 秒
2021-07-10 00:00:41 CHB 1718753?1625846433 第 1 次 获取到号码【1718753】GSD
2021-07-10 00:00:41 获取到号码【1718753】的GSD为【广东-惠州】
2021-07-10 00:00:47 GSD insert 第 1 次 等待 1 秒
2021-07-10 00:00:48 {"status":"ok","msg":"添加成功！234995"}
2021-07-10 00:00:48 下次操作: 2021-07-10 00:01:06

2021-07-10 00:01:06 开始第 11 次操作

2021-07-10 00:01:06 开始操作号码 【1718754】
2021-07-10 00:01:10 GSD getOne 第 1 次 等待 1 秒
2021-07-10 00:01:11 查询号码 【1718754】，返回信息 {"status":"bad","msg":""}
2021-07-10 00:01:11 查询号码 【1718754】，GSD为【""】
2021-07-10 00:01:11 bad
2021-07-10 00:01:13 CHB 1718754?1625846471 第 1 次 等待 1 秒
2021-07-10 00:01:14 CHB 1718754?1625846471 第 1 次 获取到号码【1718754】GSD
2021-07-10 00:01:14 获取到号码【1718754】的GSD为【广东-汕头】
2021-07-10 00:01:18 GSD insert 第 1 次 等待 1 秒
2021-07-10 00:01:19 {"status":"ok","msg":"添加成功！235005"}
2021-07-10 00:01:19 下次操作: 2021-07-10 00:01:34

2021-07-10 00:01:34 开始第 12 次操作

2021-07-10 00:01:34 开始操作号码 【1718755】
2021-07-10 00:01:40 GSD getOne 第 1 次 等待 1 秒
2021-07-10 00:01:41 查询号码 【1718755】，返回信息 {"status":"bad","msg":""}
2021-07-10 00:01:41 查询号码 【1718755】，GSD为【""】
2021-07-10 00:01:41 bad
2021-07-10 00:01:43 CHB 1718755?1625846501 第 1 次 等待 1 秒
2021-07-10 00:01:44 CHB 1718755?1625846501 第 1 次 获取到号码【1718755】GSD
2021-07-10 00:01:44 获取到号码【1718755】的GSD为【广东-深圳】
2021-07-10 00:01:48 GSD insert 第 1 次 等待 1 秒
2021-07-10 00:01:49 {"status":"ok","msg":"添加成功！235012"}
2021-07-10 00:01:49 下次操作: 2021-07-10 00:02:02

2021-07-10 00:02:02 开始第 13 次操作

2021-07-10 00:02:02 开始操作号码 【1718756】
2021-07-10 00:02:08 GSD getOne 第 1 次 等待 1 秒
2021-07-10 00:02:09 查询号码 【1718756】，返回信息 {"status":"bad","msg":""}
2021-07-10 00:02:09 查询号码 【1718756】，GSD为【""】
2021-07-10 00:02:09 bad
2021-07-10 00:02:17 CHB 1718756?1625846529 第 1 次 等待 1 秒
2021-07-10 00:02:18 CHB 1718756?1625846529 第 1 次 获取到号码【1718756】GSD
2021-07-10 00:02:18 获取到号码【1718756】的GSD为【广东-珠海】
2021-07-10 00:02:24 GSD insert 第 1 次 等待 1 秒
2021-07-10 00:02:25 {"status":"ok","msg":"添加成功！235018"}
2021-07-10 00:02:25 下次操作: 2021-07-10 00:02:37

2021-07-10 00:02:37 开始第 14 次操作

2021-07-10 00:02:37 开始操作号码 【1718757】
2021-07-10 00:02:41 GSD getOne 第 1 次 等待 1 秒
2021-07-10 00:02:42 查询号码 【1718757】，返回信息 {"status":"bad","msg":""}
2021-07-10 00:02:42 查询号码 【1718757】，GSD为【""】
2021-07-10 00:02:42 bad
2021-07-10 00:02:44 CHB 1718757?1625846562 第 1 次 等待 1 秒
2021-07-10 00:02:45 CHB 1718757?1625846562 第 1 次 获取到号码【1718757】GSD
2021-07-10 00:02:45 获取到号码【1718757】的GSD为【广东-佛山】
2021-07-10 00:02:49 GSD insert 第 1 次 等待 1 秒
2021-07-10 00:02:50 {"status":"ok","msg":"添加成功！235023"}
2021-07-10 00:02:50 下次操作: 2021-07-10 00:02:57

2021-07-10 00:02:57 开始第 15 次操作

2021-07-10 00:02:57 开始操作号码 【1718758】
2021-07-10 00:03:00 GSD getOne 第 1 次 等待 1 秒
2021-07-10 00:03:01 查询号码 【1718758】，返回信息 {"status":"bad","msg":""}
2021-07-10 00:03:01 查询号码 【1718758】，GSD为【""】
2021-07-10 00:03:01 bad
2021-07-10 00:03:03 CHB 1718758?1625846581 第 1 次 等待 1 秒
2021-07-10 00:03:04 CHB 1718758?1625846581 第 1 次 获取到号码【1718758】GSD
2021-07-10 00:03:04 获取到号码【1718758】的GSD为【广东-肇庆】
2021-07-10 00:03:07 GSD insert 第 1 次 等待 1 秒
2021-07-10 00:03:08 {"status":"ok","msg":"添加成功！235029"}
2021-07-10 00:03:08 下次操作: 2021-07-10 00:03:15

2021-07-10 00:03:15 开始第 16 次操作

2021-07-10 00:03:15 开始操作号码 【1718759】
2021-07-10 00:03:17 GSD getOne 第 1 次 等待 1 秒
2021-07-10 00:03:18 查询号码 【1718759】，返回信息 {"status":"bad","msg":""}
2021-07-10 00:03:18 查询号码 【1718759】，GSD为【""】
2021-07-10 00:03:18 bad
2021-07-10 00:03:20 CHB 1718759?1625846598 第 1 次 等待 1 秒
2021-07-10 00:03:21 CHB 1718759?1625846598 第 1 次 获取到号码【1718759】GSD
2021-07-10 00:03:21 获取到号码【1718759】的GSD为【广东-湛江】
2021-07-10 00:03:25 GSD insert 第 1 次 等待 1 秒
2021-07-10 00:03:26 {"status":"ok","msg":"添加成功！235031"}
2021-07-10 00:03:26 下次操作: 2021-07-10 00:03:37

2021-07-10 00:03:37 开始第 17 次操作

2021-07-10 00:03:37 开始操作号码 【1718760】
2021-07-10 00:03:42 GSD getOne 第 1 次 等待 1 秒
2021-07-10 00:03:43 查询号码 【1718760】，返回信息 {"status":"bad","msg":""}
2021-07-10 00:03:44 查询号码 【1718760】，GSD为【""】
2021-07-10 00:03:44 bad
2021-07-10 00:03:47 CHB 1718760?1625846624 第 1 次 等待 1 秒
2021-07-10 00:03:48 CHB 1718760?1625846624 第 1 次 获取到号码【1718760】GSD
2021-07-10 00:03:48 获取到号码【1718760】的GSD为【广东-中山】
2021-07-10 00:03:55 GSD insert 第 1 次 等待 1 秒
2021-07-10 00:03:56 {"status":"ok","msg":"添加成功！235037"}
2021-07-10 00:03:56 下次操作: 2021-07-10 00:04:13

2021-07-10 00:04:13 开始第 18 次操作

2021-07-10 00:04:13 开始操作号码 【1718761】
2021-07-10 00:04:17 GSD getOne 第 1 次 等待 1 秒
2021-07-10 00:04:18 查询号码 【1718761】，返回信息 {"status":"bad","msg":""}
2021-07-10 00:04:18 查询号码 【1718761】，GSD为【""】
2021-07-10 00:04:18 bad
2021-07-10 00:04:20 CHB 1718761?1625846658 第 1 次 等待 1 秒
2021-07-10 00:04:21 CHB 1718761?1625846658 第 1 次 获取到号码【1718761】GSD
2021-07-10 00:04:21 获取到号码【1718761】的GSD为【广东-惠州】
2021-07-10 00:04:23 GSD insert 第 1 次 等待 1 秒
2021-07-10 00:04:24 {"status":"ok","msg":"添加成功！235040"}
2021-07-10 00:04:24 下次操作: 2021-07-10 00:04:42

2021-07-10 00:04:42 开始第 19 次操作

2021-07-10 00:04:42 开始操作号码 【1718762】
2021-07-10 00:04:49 GSD getOne 第 1 次 等待 1 秒
2021-07-10 00:04:50 查询号码 【1718762】，返回信息 {"status":"bad","msg":""}
2021-07-10 00:04:50 查询号码 【1718762】，GSD为【""】
2021-07-10 00:04:50 bad
2021-07-10 00:04:53 CHB 1718762?1625846690 第 1 次 等待 1 秒
2021-07-10 00:04:54 CHB 1718762?1625846690 第 1 次 获取到号码【1718762】GSD
2021-07-10 00:04:54 获取到号码【1718762】的GSD为【广东-惠州】
2021-07-10 00:04:58 GSD insert 第 1 次 等待 1 秒
2021-07-10 00:04:59 {"status":"ok","msg":"添加成功！235046"}
2021-07-10 00:04:59 下次操作: 2021-07-10 00:05:14

2021-07-10 00:05:14 开始第 20 次操作

2021-07-10 00:05:14 开始操作号码 【1718763】
2021-07-10 00:05:16 GSD getOne 第 1 次 等待 1 秒
2021-07-10 00:05:17 查询号码 【1718763】，返回信息 {"status":"bad","msg":""}
2021-07-10 00:05:17 查询号码 【1718763】，GSD为【""】
2021-07-10 00:05:17 bad
2021-07-10 00:05:19 CHB 1718763?1625846717 第 1 次 等待 1 秒
2021-07-10 00:05:20 CHB 1718763?1625846717 第 1 次 获取到号码【1718763】GSD
2021-07-10 00:05:20 获取到号码【1718763】的GSD为【广东-惠州】
2021-07-10 00:05:29 GSD insert 第 1 次 等待 1 秒
2021-07-10 00:05:30 {"status":"ok","msg":"添加成功！235051"}
2021-07-10 00:05:30 下次操作: 2021-07-10 00:05:46

2021-07-10 00:05:46 开始第 21 次操作

2021-07-10 00:05:46 开始操作号码 【1718764】
2021-07-10 00:05:53 GSD getOne 第 1 次 等待 1 秒
2021-07-10 00:05:54 查询号码 【1718764】，返回信息 {"status":"bad","msg":""}
2021-07-10 00:05:55 查询号码 【1718764】，GSD为【""】
2021-07-10 00:05:55 bad
2021-07-10 00:05:58 CHB 1718764?1625846755 第 1 次 等待 1 秒
2021-07-10 00:05:59 CHB 1718764?1625846755 第 1 次 获取到号码【1718764】GSD
2021-07-10 00:05:59 获取到号码【1718764】的GSD为【广东-珠海】
2021-07-10 00:06:01 GSD insert 第 1 次 等待 1 秒
2021-07-10 00:06:02 {"status":"ok","msg":"添加成功！235056"}
2021-07-10 00:06:02 下次操作: 2021-07-10 00:06:13

2021-07-10 00:06:13 开始第 22 次操作

2021-07-10 00:06:13 开始操作号码 【1718765】
2021-07-10 00:06:16 GSD getOne 第 1 次 等待 1 秒
2021-07-10 00:06:17 查询号码 【1718765】，返回信息 {"status":"bad","msg":""}
2021-07-10 00:06:17 查询号码 【1718765】，GSD为【""】
2021-07-10 00:06:17 bad
2021-07-10 00:06:20 CHB 1718765?1625846777 第 1 次 等待 1 秒
2021-07-10 00:06:21 CHB 1718765?1625846777 第 1 次 获取到号码【1718765】GSD
2021-07-10 00:06:21 获取到号码【1718765】的GSD为【广东-广州】
2021-07-10 00:06:26 GSD insert 第 1 次 等待 1 秒
2021-07-10 00:06:27 {"status":"ok","msg":"添加成功！235060"}
2021-07-10 00:06:27 下次操作: 2021-07-10 00:06:34

2021-07-10 00:06:34 开始第 23 次操作

2021-07-10 00:06:34 开始操作号码 【1718766】
2021-07-10 00:06:37 GSD getOne 第 1 次 等待 1 秒
2021-07-10 00:06:38 查询号码 【1718766】，返回信息 {"status":"bad","msg":""}
2021-07-10 00:06:38 查询号码 【1718766】，GSD为【""】
2021-07-10 00:06:38 bad
2021-07-10 00:06:39 CHB 1718766?1625846798 第 1 次 等待 1 秒
2021-07-10 00:06:40 CHB 1718766?1625846798 第 1 次 获取到号码【1718766】GSD
2021-07-10 00:06:41 获取到号码【1718766】的GSD为【广东-广州】
2021-07-10 00:06:43 GSD insert 第 1 次 等待 1 秒
2021-07-10 00:06:44 {"status":"ok","msg":"添加成功！235065"}
2021-07-10 00:06:44 下次操作: 2021-07-10 00:06:55

2021-07-10 00:06:55 开始第 24 次操作

2021-07-10 00:06:55 开始操作号码 【1718767】
2021-07-10 00:07:03 GSD getOne 第 1 次 等待 1 秒
2021-07-10 00:07:04 查询号码 【1718767】，返回信息 {"status":"bad","msg":""}
2021-07-10 00:07:04 查询号码 【1718767】，GSD为【""】
2021-07-10 00:07:04 bad
2021-07-10 00:07:08 CHB 1718767?1625846824 第 1 次 等待 1 秒
2021-07-10 00:07:09 CHB 1718767?1625846824 第 1 次 获取到号码【1718767】GSD
2021-07-10 00:07:09 获取到号码【1718767】的GSD为【广东-惠州】
2021-07-10 00:07:11 GSD insert 第 1 次 等待 1 秒
2021-07-10 00:07:12 {"status":"ok","msg":"添加成功！235069"}
2021-07-10 00:07:12 下次操作: 2021-07-10 00:07:23

2021-07-10 00:07:23 开始第 25 次操作

2021-07-10 00:07:23 开始操作号码 【1718768】
2021-07-10 00:07:27 GSD getOne 第 1 次 等待 1 秒
2021-07-10 00:07:28 查询号码 【1718768】，返回信息 {"status":"bad","msg":""}
2021-07-10 00:07:28 查询号码 【1718768】，GSD为【""】
2021-07-10 00:07:28 bad
2021-07-10 00:07:30 CHB 1718768?1625846848 第 1 次 等待 1 秒
2021-07-10 00:07:31 CHB 1718768?1625846848 第 1 次 获取到号码【1718768】GSD
2021-07-10 00:07:31 获取到号码【1718768】的GSD为【广东-江门】
2021-07-10 00:07:34 GSD insert 第 1 次 等待 1 秒
2021-07-10 00:07:35 {"status":"ok","msg":"添加成功！235073"}
2021-07-10 00:07:35 下次操作: 2021-07-10 00:07:44

2021-07-10 00:07:44 开始第 26 次操作

2021-07-10 00:07:44 开始操作号码 【1718769】
2021-07-10 00:07:47 GSD getOne 第 1 次 等待 1 秒
2021-07-10 00:07:48 查询号码 【1718769】，返回信息 {"status":"bad","msg":""}
2021-07-10 00:07:48 查询号码 【1718769】，GSD为【""】
2021-07-10 00:07:48 bad
2021-07-10 00:07:49 CHB 1718769?1625846868 第 1 次 等待 1 秒
2021-07-10 00:07:50 CHB 1718769?1625846868 第 1 次 获取到号码【1718769】GSD
2021-07-10 00:07:51 获取到号码【1718769】的GSD为【广东-东莞】
2021-07-10 00:07:53 GSD insert 第 1 次 等待 1 秒
2021-07-10 00:07:54 {"status":"ok","msg":"添加成功！235078"}
2021-07-10 00:07:54 下次操作: 2021-07-10 00:08:02

2021-07-10 00:08:02 开始第 27 次操作

2021-07-10 00:08:02 开始操作号码 【1718770】
2021-07-10 00:08:04 GSD getOne 第 1 次 等待 1 秒
2021-07-10 00:08:05 查询号码 【1718770】，返回信息 {"status":"bad","msg":""}
2021-07-10 00:08:05 查询号码 【1718770】，GSD为【""】
2021-07-10 00:08:05 bad
2021-07-10 00:08:07 CHB 1718770?1625846885 第 1 次 等待 1 秒
2021-07-10 00:08:08 CHB 1718770?1625846885 第 1 次 获取到号码【1718770】GSD
2021-07-10 00:08:08 获取到号码【1718770】的GSD为【上海-上海】
2021-07-10 00:08:13 GSD insert 第 1 次 等待 1 秒
2021-07-10 00:08:14 {"status":"ok","msg":"添加成功！235079"}
2021-07-10 00:08:14 下次操作: 2021-07-10 00:08:20

2021-07-10 00:08:20 开始第 28 次操作

2021-07-10 00:08:20 开始操作号码 【1718771】
2021-07-10 00:08:22 GSD getOne 第 1 次 等待 1 秒
2021-07-10 00:08:23 查询号码 【1718771】，返回信息 {"status":"bad","msg":""}
2021-07-10 00:08:23 查询号码 【1718771】，GSD为【""】
2021-07-10 00:08:23 bad
2021-07-10 00:08:28 CHB 1718771?1625846903 第 1 次 等待 1 秒
2021-07-10 00:08:29 CHB 1718771?1625846903 第 1 次 获取到号码【1718771】GSD
2021-07-10 00:08:29 获取到号码【1718771】的GSD为【上海-上海】
2021-07-10 00:08:33 GSD insert 第 1 次 等待 1 秒
2021-07-10 00:08:34 {"status":"ok","msg":"添加成功！235084"}
2021-07-10 00:08:34 下次操作: 2021-07-10 00:08:42

2021-07-10 00:08:42 开始第 29 次操作

2021-07-10 00:08:42 开始操作号码 【1718772】
2021-07-10 00:08:44 GSD getOne 第 1 次 等待 1 秒
2021-07-10 00:08:45 查询号码 【1718772】，返回信息 {"status":"bad","msg":""}
2021-07-10 00:08:45 查询号码 【1718772】，GSD为【""】
2021-07-10 00:08:45 bad
2021-07-10 00:08:48 CHB 1718772?1625846925 第 1 次 等待 1 秒
2021-07-10 00:08:49 CHB 1718772?1625846925 第 1 次 获取到号码【1718772】GSD
2021-07-10 00:08:49 获取到号码【1718772】的GSD为【上海-上海】
2021-07-10 00:08:52 GSD insert 第 1 次 等待 1 秒
2021-07-10 00:08:53 {"status":"ok","msg":"添加成功！235086"}
2021-07-10 00:08:53 下次操作: 2021-07-10 00:09:06

2021-07-10 00:09:06 开始第 30 次操作

2021-07-10 00:09:06 开始操作号码 【1718773】
2021-07-10 00:09:10 GSD getOne 第 1 次 等待 1 秒
2021-07-10 00:09:11 查询号码 【1718773】，返回信息 {"status":"bad","msg":""}
2021-07-10 00:09:11 查询号码 【1718773】，GSD为【""】
2021-07-10 00:09:11 bad
2021-07-10 00:09:16 CHB 1718773?1625846951 第 1 次 等待 1 秒
2021-07-10 00:09:17 CHB 1718773?1625846951 第 1 次 获取到号码【1718773】GSD
2021-07-10 00:09:17 获取到号码【1718773】的GSD为【上海-上海】
2021-07-10 00:09:25 GSD insert 第 1 次 等待 1 秒
2021-07-10 00:09:26 {"status":"ok","msg":"添加成功！235091"}

