2021-07-03 00:00:04 开始第 12 次操作

2021-07-03 00:00:04 开始操作号码 【1714159】
2021-07-03 00:00:08 GSD getOne 第 1 次 等待 1 秒
2021-07-03 00:00:09 查询号码 【1714159】，返回信息 {"status":"bad","msg":""}
2021-07-03 00:00:09 查询号码 【1714159】，GSD为【""】
2021-07-03 00:00:09 bad
2021-07-03 00:00:11 CHB 1714159?1625241609 第 1 次 等待 1 秒
2021-07-03 00:00:12 CHB 1714159?1625241609 第 1 次 获取到号码【1714159】GSD
2021-07-03 00:00:12 获取到号码【1714159】的GSD为【河南-郑州】
2021-07-03 00:00:17 GSD insert 第 1 次 等待 1 秒
2021-07-03 00:00:18 {"status":"ok","msg":"添加成功！177486"}
2021-07-03 00:00:18 下次操作: 2021-07-03 00:00:36

2021-07-03 00:00:36 开始第 13 次操作

2021-07-03 00:00:36 开始操作号码 【1714160】
2021-07-03 00:00:39 GSD getOne 第 1 次 等待 1 秒
2021-07-03 00:00:40 查询号码 【1714160】，返回信息 {"status":"bad","msg":""}
2021-07-03 00:00:41 查询号码 【1714160】，GSD为【""】
2021-07-03 00:00:41 bad
2021-07-03 00:00:42 CHB 1714160?1625241641 第 1 次 等待 1 秒
2021-07-03 00:00:43 CHB 1714160?1625241641 第 1 次 获取到号码【1714160】GSD
2021-07-03 00:00:43 获取到号码【1714160】的GSD为【河南-郑州】
2021-07-03 00:00:47 GSD insert 第 1 次 等待 1 秒
2021-07-03 00:00:48 {"status":"ok","msg":"添加成功！177494"}
2021-07-03 00:00:48 下次操作: 2021-07-03 00:00:54

2021-07-03 00:00:54 开始第 14 次操作

2021-07-03 00:00:54 开始操作号码 【1714161】
2021-07-03 00:00:58 GSD getOne 第 1 次 等待 1 秒
2021-07-03 00:00:59 查询号码 【1714161】，返回信息 {"status":"bad","msg":""}
2021-07-03 00:00:59 查询号码 【1714161】，GSD为【""】
2021-07-03 00:00:59 bad
2021-07-03 00:01:01 CHB 1714161?1625241659 第 1 次 等待 1 秒
2021-07-03 00:01:02 CHB 1714161?1625241659 第 1 次 获取到号码【1714161】GSD
2021-07-03 00:01:02 获取到号码【1714161】的GSD为【河南-郑州】
2021-07-03 00:01:15 GSD insert 第 1 次 等待 1 秒
2021-07-03 00:01:16 {"status":"ok","msg":"添加成功！177499"}
2021-07-03 00:01:16 下次操作: 2021-07-03 00:01:24

2021-07-03 00:01:24 开始第 15 次操作

2021-07-03 00:01:24 开始操作号码 【1714162】
2021-07-03 00:01:32 GSD getOne 第 1 次 等待 1 秒
2021-07-03 00:01:33 查询号码 【1714162】，返回信息 {"status":"bad","msg":""}
2021-07-03 00:01:33 查询号码 【1714162】，GSD为【""】
2021-07-03 00:01:33 bad
2021-07-03 00:01:36 CHB 1714162?1625241693 第 1 次 等待 1 秒
2021-07-03 00:01:37 CHB 1714162?1625241693 第 1 次 获取到号码【1714162】GSD
2021-07-03 00:01:37 获取到号码【1714162】的GSD为【河南-郑州】
2021-07-03 00:01:45 GSD insert 第 1 次 等待 1 秒
2021-07-03 00:01:46 {"status":"ok","msg":"添加成功！177508"}
2021-07-03 00:01:46 下次操作: 2021-07-03 00:01:56

2021-07-03 00:01:56 开始第 16 次操作

2021-07-03 00:01:56 开始操作号码 【1714163】
2021-07-03 00:02:00 GSD getOne 第 1 次 等待 1 秒
2021-07-03 00:02:01 查询号码 【1714163】，返回信息 {"status":"bad","msg":""}
2021-07-03 00:02:01 查询号码 【1714163】，GSD为【""】
2021-07-03 00:02:01 bad
2021-07-03 00:02:10 CHB 1714163?1625241721 第 1 次 等待 1 秒
2021-07-03 00:02:11 CHB 1714163?1625241721 第 1 次 获取到号码【1714163】GSD
2021-07-03 00:02:11 获取到号码【1714163】的GSD为【河南-郑州】
2021-07-03 00:02:16 GSD insert 第 1 次 等待 1 秒
2021-07-03 00:02:17 {"status":"ok","msg":"添加成功！177512"}
2021-07-03 00:02:17 下次操作: 2021-07-03 00:02:31

2021-07-03 00:02:31 开始第 17 次操作

2021-07-03 00:02:31 开始操作号码 【1714164】
2021-07-03 00:02:35 GSD getOne 第 1 次 等待 1 秒
2021-07-03 00:02:36 查询号码 【1714164】，返回信息 {"status":"bad","msg":""}
2021-07-03 00:02:36 查询号码 【1714164】，GSD为【""】
2021-07-03 00:02:36 bad
2021-07-03 00:02:41 CHB 1714164?1625241756 第 1 次 等待 1 秒
2021-07-03 00:02:42 CHB 1714164?1625241756 第 1 次 获取到号码【1714164】GSD
2021-07-03 00:02:42 获取到号码【1714164】的GSD为【河南-郑州】
2021-07-03 00:02:47 GSD insert 第 1 次 等待 1 秒
2021-07-03 00:02:48 {"status":"ok","msg":"添加成功！177520"}
2021-07-03 00:02:48 下次操作: 2021-07-03 00:02:55

2021-07-03 00:02:55 开始第 18 次操作

2021-07-03 00:02:55 开始操作号码 【1714165】
2021-07-03 00:03:00 GSD getOne 第 1 次 等待 1 秒
2021-07-03 00:03:01 查询号码 【1714165】，返回信息 {"status":"bad","msg":""}
2021-07-03 00:03:01 查询号码 【1714165】，GSD为【""】
2021-07-03 00:03:01 bad
2021-07-03 00:03:04 CHB 1714165?1625241781 第 1 次 等待 1 秒
2021-07-03 00:03:05 CHB 1714165?1625241781 第 1 次 获取到号码【1714165】GSD
2021-07-03 00:03:05 获取到号码【1714165】的GSD为【河南-郑州】
2021-07-03 00:03:09 GSD insert 第 1 次 等待 1 秒
2021-07-03 00:03:10 {"status":"ok","msg":"添加成功！177523"}
2021-07-03 00:03:10 下次操作: 2021-07-03 00:03:23

2021-07-03 00:03:23 开始第 19 次操作

2021-07-03 00:03:23 开始操作号码 【1714166】
2021-07-03 00:03:28 GSD getOne 第 1 次 等待 1 秒
2021-07-03 00:03:29 查询号码 【1714166】，返回信息 {"status":"bad","msg":""}
2021-07-03 00:03:29 查询号码 【1714166】，GSD为【""】
2021-07-03 00:03:29 bad
2021-07-03 00:03:32 CHB 1714166?1625241809 第 1 次 等待 1 秒
2021-07-03 00:03:33 CHB 1714166?1625241809 第 1 次 获取到号码【1714166】GSD
2021-07-03 00:03:33 获取到号码【1714166】的GSD为【河南-郑州】
2021-07-03 00:03:37 GSD insert 第 1 次 等待 1 秒
2021-07-03 00:03:38 {"status":"ok","msg":"添加成功！177530"}
2021-07-03 00:03:38 下次操作: 2021-07-03 00:03:52

2021-07-03 00:03:52 开始第 20 次操作

2021-07-03 00:03:52 开始操作号码 【1714167】
2021-07-03 00:03:56 GSD getOne 第 1 次 等待 1 秒
2021-07-03 00:03:57 查询号码 【1714167】，返回信息 {"status":"bad","msg":""}
2021-07-03 00:03:57 查询号码 【1714167】，GSD为【""】
2021-07-03 00:03:57 bad
2021-07-03 00:03:58 CHB 1714167?1625241837 第 1 次 等待 1 秒
2021-07-03 00:03:59 CHB 1714167?1625241837 第 1 次 获取到号码【1714167】GSD
2021-07-03 00:04:00 获取到号码【1714167】的GSD为【河南-郑州】
2021-07-03 00:04:05 GSD insert 第 1 次 等待 1 秒
2021-07-03 00:04:06 {"status":"ok","msg":"添加成功！177534"}
2021-07-03 00:04:06 下次操作: 2021-07-03 00:04:13

2021-07-03 00:04:13 开始第 21 次操作

2021-07-03 00:04:13 开始操作号码 【1714168】
2021-07-03 00:04:18 GSD getOne 第 1 次 等待 1 秒
2021-07-03 00:04:19 查询号码 【1714168】，返回信息 {"status":"bad","msg":""}
2021-07-03 00:04:19 查询号码 【1714168】，GSD为【""】
2021-07-03 00:04:19 bad
2021-07-03 00:04:21 CHB 1714168?1625241859 第 1 次 等待 1 秒
2021-07-03 00:04:22 CHB 1714168?1625241859 第 1 次 获取到号码【1714168】GSD
2021-07-03 00:04:22 获取到号码【1714168】的GSD为【河南-郑州】
2021-07-03 00:04:28 GSD insert 第 1 次 等待 1 秒
2021-07-03 00:04:29 {"status":"ok","msg":"添加成功！177544"}
2021-07-03 00:04:29 下次操作: 2021-07-03 00:04:35

2021-07-03 00:04:35 开始第 22 次操作

2021-07-03 00:04:35 开始操作号码 【1714169】
2021-07-03 00:04:40 GSD getOne 第 1 次 等待 1 秒
2021-07-03 00:04:41 查询号码 【1714169】，返回信息 {"status":"bad","msg":""}
2021-07-03 00:04:41 查询号码 【1714169】，GSD为【""】
2021-07-03 00:04:41 bad
2021-07-03 00:04:44 CHB 1714169?1625241881 第 1 次 等待 1 秒
2021-07-03 00:04:45 CHB 1714169?1625241881 第 1 次 获取到号码【1714169】GSD
2021-07-03 00:04:45 获取到号码【1714169】的GSD为【河南-郑州】
2021-07-03 00:04:53 GSD insert 第 1 次 等待 1 秒
2021-07-03 00:04:54 {"status":"ok","msg":"添加成功！177547"}
2021-07-03 00:04:54 下次操作: 2021-07-03 00:05:07

2021-07-03 00:05:07 开始第 23 次操作

2021-07-03 00:05:07 开始操作号码 【1714170】
2021-07-03 00:05:13 GSD getOne 第 1 次 等待 1 秒
2021-07-03 00:05:14 查询号码 【1714170】，返回信息 {"status":"bad","msg":""}
2021-07-03 00:05:14 查询号码 【1714170】，GSD为【""】
2021-07-03 00:05:14 bad
2021-07-03 00:05:19 CHB 1714170?1625241914 第 1 次 等待 1 秒
2021-07-03 00:05:20 CHB 1714170?1625241914 第 1 次 获取到号码【1714170】GSD
2021-07-03 00:05:20 获取到号码【1714170】的GSD为【河南-焦作】
2021-07-03 00:05:23 GSD insert 第 1 次 等待 1 秒
2021-07-03 00:05:24 {"status":"ok","msg":"添加成功！177556"}
2021-07-03 00:05:24 下次操作: 2021-07-03 00:05:40

2021-07-03 00:05:40 开始第 24 次操作

2021-07-03 00:05:40 开始操作号码 【1714171】
2021-07-03 00:05:50 GSD getOne 第 1 次 等待 1 秒
2021-07-03 00:05:51 查询号码 【1714171】，返回信息 {"status":"bad","msg":""}
2021-07-03 00:05:51 查询号码 【1714171】，GSD为【""】
2021-07-03 00:05:51 bad
2021-07-03 00:05:53 CHB 1714171?1625241951 第 1 次 等待 1 秒
2021-07-03 00:05:54 CHB 1714171?1625241951 第 1 次 获取到号码【1714171】GSD
2021-07-03 00:05:54 获取到号码【1714171】的GSD为【河南-焦作】
2021-07-03 00:05:59 GSD insert 第 1 次 等待 1 秒
2021-07-03 00:06:00 {"status":"ok","msg":"添加成功！177563"}
2021-07-03 00:06:00 下次操作: 2021-07-03 00:06:14

2021-07-03 00:06:14 开始第 25 次操作

2021-07-03 00:06:14 开始操作号码 【1714172】
2021-07-03 00:06:19 GSD getOne 第 1 次 等待 1 秒
2021-07-03 00:06:20 查询号码 【1714172】，返回信息 {"status":"bad","msg":""}
2021-07-03 00:06:20 查询号码 【1714172】，GSD为【""】
2021-07-03 00:06:20 bad
2021-07-03 00:06:21 CHB 1714172?1625241980 第 1 次 等待 1 秒
2021-07-03 00:06:22 CHB 1714172?1625241980 第 1 次 获取到号码【1714172】GSD
2021-07-03 00:06:22 获取到号码【1714172】的GSD为【河南-焦作】
2021-07-03 00:06:26 GSD insert 第 1 次 等待 1 秒
2021-07-03 00:06:27 {"status":"ok","msg":"添加成功！177569"}
2021-07-03 00:06:27 下次操作: 2021-07-03 00:06:38

2021-07-03 00:06:38 开始第 26 次操作

2021-07-03 00:06:38 开始操作号码 【1714173】
2021-07-03 00:06:45 GSD getOne 第 1 次 等待 1 秒
2021-07-03 00:06:46 查询号码 【1714173】，返回信息 {"status":"bad","msg":""}
2021-07-03 00:06:46 查询号码 【1714173】，GSD为【""】
2021-07-03 00:06:46 bad
2021-07-03 00:06:49 CHB 1714173?1625242006 第 1 次 等待 1 秒
2021-07-03 00:06:50 CHB 1714173?1625242006 第 1 次 获取到号码【1714173】GSD
2021-07-03 00:06:50 获取到号码【1714173】的GSD为【北京-北京】
2021-07-03 00:06:54 GSD insert 第 1 次 等待 1 秒
2021-07-03 00:06:55 {"status":"ok","msg":"添加成功！177575"}
2021-07-03 00:06:55 下次操作: 2021-07-03 00:07:08

2021-07-03 00:07:08 开始第 27 次操作

2021-07-03 00:07:08 开始操作号码 【1714174】
2021-07-03 00:07:11 GSD getOne 第 1 次 等待 1 秒
2021-07-03 00:07:12 查询号码 【1714174】，返回信息 {"status":"bad","msg":""}
2021-07-03 00:07:12 查询号码 【1714174】，GSD为【""】
2021-07-03 00:07:12 bad
2021-07-03 00:07:16 CHB 1714174?1625242032 第 1 次 等待 1 秒
2021-07-03 00:07:17 CHB 1714174?1625242032 第 1 次 获取到号码【1714174】GSD
2021-07-03 00:07:17 获取到号码【1714174】的GSD为【北京-北京】
2021-07-03 00:07:22 GSD insert 第 1 次 等待 1 秒
2021-07-03 00:07:23 {"status":"ok","msg":"添加成功！177579"}
2021-07-03 00:07:23 下次操作: 2021-07-03 00:07:30

2021-07-03 00:07:30 开始第 28 次操作

2021-07-03 00:07:30 开始操作号码 【1714175】
2021-07-03 00:07:38 GSD getOne 第 1 次 等待 1 秒
2021-07-03 00:07:39 查询号码 【1714175】，返回信息 {"status":"bad","msg":""}
2021-07-03 00:07:39 查询号码 【1714175】，GSD为【""】
2021-07-03 00:07:39 bad
2021-07-03 00:07:43 CHB 1714175?1625242059 第 1 次 等待 1 秒
2021-07-03 00:07:44 CHB 1714175?1625242059 第 1 次 获取到号码【1714175】GSD
2021-07-03 00:07:44 获取到号码【1714175】的GSD为【北京-北京】
2021-07-03 00:07:48 GSD insert 第 1 次 等待 1 秒
2021-07-03 00:07:49 {"status":"ok","msg":"添加成功！177585"}
2021-07-03 00:07:49 下次操作: 2021-07-03 00:07:57

2021-07-03 00:07:57 开始第 29 次操作

2021-07-03 00:07:57 开始操作号码 【1714176】
2021-07-03 00:08:00 GSD getOne 第 1 次 等待 1 秒
2021-07-03 00:08:01 查询号码 【1714176】，返回信息 {"status":"bad","msg":""}
2021-07-03 00:08:01 查询号码 【1714176】，GSD为【""】
2021-07-03 00:08:01 bad
2021-07-03 00:08:03 CHB 1714176?1625242081 第 1 次 等待 1 秒
2021-07-03 00:08:04 CHB 1714176?1625242081 第 1 次 获取到号码【1714176】GSD
2021-07-03 00:08:04 获取到号码【1714176】的GSD为【北京-北京】
2021-07-03 00:08:08 GSD insert 第 1 次 等待 1 秒
2021-07-03 00:08:09 {"status":"ok","msg":"添加成功！177588"}
2021-07-03 00:08:09 下次操作: 2021-07-03 00:08:27

2021-07-03 00:08:27 开始第 30 次操作

2021-07-03 00:08:27 开始操作号码 【1714177】
2021-07-03 00:08:33 GSD getOne 第 1 次 等待 1 秒
2021-07-03 00:08:34 查询号码 【1714177】，返回信息 {"status":"bad","msg":""}
2021-07-03 00:08:34 查询号码 【1714177】，GSD为【""】
2021-07-03 00:08:34 bad
2021-07-03 00:08:38 CHB 1714177?1625242114 第 1 次 等待 1 秒
2021-07-03 00:08:39 CHB 1714177?1625242114 第 1 次 获取到号码【1714177】GSD
2021-07-03 00:08:39 获取到号码【1714177】的GSD为【北京-北京】
2021-07-03 00:08:46 GSD insert 第 1 次 等待 1 秒
2021-07-03 00:08:47 {"status":"ok","msg":"添加成功！177597"}

2021-07-03 01:38:00 开始第 1 次操作

2021-07-03 01:38:00 开始操作号码 【1714178】
2021-07-03 01:38:04 GSD getOne 第 1 次 等待 1 秒
2021-07-03 01:38:05 查询号码 【1714178】，返回信息 {"status":"bad","msg":""}
2021-07-03 01:38:06 查询号码 【1714178】，GSD为【""】
2021-07-03 01:38:06 bad
2021-07-03 01:38:07 CHB 1714178?1625247486 第 1 次 等待 1 秒
2021-07-03 01:38:08 CHB 1714178?1625247486 第 1 次 获取到号码【1714178】GSD
2021-07-03 01:38:08 获取到号码【1714178】的GSD为【北京-北京】
2021-07-03 01:38:28 GSD insert 第 1 次 等待 1 秒
2021-07-03 01:38:29 {"status":"ok","msg":"添加成功！177827"}
2021-07-03 01:38:29 下次操作: 2021-07-03 01:38:47

2021-07-03 01:38:47 开始第 2 次操作

2021-07-03 01:38:47 开始操作号码 【1714179】
2021-07-03 01:38:50 GSD getOne 第 1 次 等待 1 秒
2021-07-03 01:38:51 查询号码 【1714179】，返回信息 {"status":"bad","msg":""}
2021-07-03 01:38:51 查询号码 【1714179】，GSD为【""】
2021-07-03 01:38:51 bad
2021-07-03 01:38:54 CHB 1714179?1625247531 第 1 次 等待 1 秒
2021-07-03 01:38:55 CHB 1714179?1625247531 第 1 次 获取到号码【1714179】GSD
2021-07-03 01:38:55 获取到号码【1714179】的GSD为【北京-北京】
2021-07-03 01:39:15 GSD insert 第 1 次 等待 1 秒
2021-07-03 01:39:16 {"status":"ok","msg":"添加成功！177837"}
2021-07-03 01:39:16 下次操作: 2021-07-03 01:39:33

2021-07-03 01:39:33 开始第 3 次操作

2021-07-03 01:39:33 开始操作号码 【1714180】
2021-07-03 01:39:36 GSD getOne 第 1 次 等待 1 秒
2021-07-03 01:39:37 查询号码 【1714180】，返回信息 {"status":"bad","msg":""}
2021-07-03 01:39:38 查询号码 【1714180】，GSD为【""】
2021-07-03 01:39:38 bad
2021-07-03 01:39:39 CHB 1714180?1625247578 第 1 次 等待 1 秒
2021-07-03 01:39:40 CHB 1714180?1625247578 第 1 次 获取到号码【1714180】GSD
2021-07-03 01:39:40 获取到号码【1714180】的GSD为【北京-北京】
2021-07-03 01:39:59 GSD insert 第 1 次 等待 1 秒
2021-07-03 01:40:00 {"status":"ok","msg":"添加成功！177845"}
2021-07-03 01:40:00 下次操作: 2021-07-03 01:40:10

2021-07-03 01:40:10 开始第 4 次操作

2021-07-03 01:40:10 开始操作号码 【1714181】
2021-07-03 01:40:23 GSD getOne 第 1 次 等待 1 秒
2021-07-03 01:40:24 查询号码 【1714181】，返回信息 {"status":"bad","msg":""}
2021-07-03 01:40:24 查询号码 【1714181】，GSD为【""】
2021-07-03 01:40:24 bad
2021-07-03 01:40:27 CHB 1714181?1625247624 第 1 次 等待 1 秒
2021-07-03 01:40:28 CHB 1714181?1625247624 第 1 次 获取到号码【1714181】GSD
2021-07-03 01:40:28 获取到号码【1714181】的GSD为【北京-北京】
2021-07-03 01:40:48 GSD insert 第 1 次 等待 1 秒
2021-07-03 01:40:49 {"status":"ok","msg":"添加成功！177855"}
2021-07-03 01:40:49 下次操作: 2021-07-03 01:41:03

2021-07-03 01:41:04 开始第 5 次操作

2021-07-03 01:41:04 开始操作号码 【1714182】
2021-07-03 01:41:08 GSD getOne 第 1 次 等待 1 秒
2021-07-03 01:41:09 查询号码 【1714182】，返回信息 {"status":"bad","msg":""}
2021-07-03 01:41:09 查询号码 【1714182】，GSD为【""】
2021-07-03 01:41:09 bad
2021-07-03 01:41:11 CHB 1714182?1625247669 第 1 次 等待 1 秒
2021-07-03 01:41:12 CHB 1714182?1625247669 第 1 次 获取到号码【1714182】GSD
2021-07-03 01:41:12 获取到号码【1714182】的GSD为【河南-南阳】
2021-07-03 01:41:31 GSD insert 第 1 次 等待 1 秒
2021-07-03 01:41:32 {"status":"ok","msg":"添加成功！177862"}
2021-07-03 01:41:32 下次操作: 2021-07-03 01:41:39

2021-07-03 01:41:39 开始第 6 次操作

2021-07-03 01:41:39 开始操作号码 【1714183】
2021-07-03 01:42:00 GSD getOne 第 1 次 等待 1 秒
2021-07-03 01:42:01 查询号码 【1714183】，返回信息 {"status":"bad","msg":""}
2021-07-03 01:42:01 查询号码 【1714183】，GSD为【""】
2021-07-03 01:42:01 bad
2021-07-03 01:42:03 CHB 1714183?1625247721 第 1 次 等待 1 秒
2021-07-03 01:42:04 CHB 1714183?1625247721 第 1 次 获取到号码【1714183】GSD
2021-07-03 01:42:05 获取到号码【1714183】的GSD为【河南-南阳】
2021-07-03 01:42:24 GSD insert 第 1 次 等待 1 秒
2021-07-03 01:42:25 {"status":"ok","msg":"添加成功！177871"}
2021-07-03 01:42:25 下次操作: 2021-07-03 01:42:41

2021-07-03 01:42:41 开始第 7 次操作

2021-07-03 01:42:41 开始操作号码 【1714184】
2021-07-03 01:42:44 GSD getOne 第 1 次 等待 1 秒
2021-07-03 01:42:45 查询号码 【1714184】，返回信息 {"status":"bad","msg":""}
2021-07-03 01:42:46 查询号码 【1714184】，GSD为【""】
2021-07-03 01:42:46 bad
2021-07-03 01:42:47 CHB 1714184?1625247766 第 1 次 等待 1 秒
2021-07-03 01:42:48 CHB 1714184?1625247766 第 1 次 获取到号码【1714184】GSD
2021-07-03 01:42:48 获取到号码【1714184】的GSD为【河南-南阳】
2021-07-03 01:43:08 GSD insert 第 1 次 等待 1 秒
2021-07-03 01:43:09 {"status":"ok","msg":"添加成功！177879"}
2021-07-03 01:43:09 下次操作: 2021-07-03 01:43:16

2021-07-03 01:43:16 开始第 8 次操作

2021-07-03 01:43:16 开始操作号码 【1714185】
2021-07-03 01:43:20 GSD getOne 第 1 次 等待 1 秒
2021-07-03 01:43:21 查询号码 【1714185】，返回信息 {"status":"bad","msg":""}
2021-07-03 01:43:21 查询号码 【1714185】，GSD为【""】
2021-07-03 01:43:21 bad
2021-07-03 01:43:23 CHB 1714185?1625247801 第 1 次 等待 1 秒
2021-07-03 01:43:24 CHB 1714185?1625247801 第 1 次 获取到号码【1714185】GSD
2021-07-03 01:43:24 获取到号码【1714185】的GSD为【河南-南阳】
2021-07-03 01:43:28 GSD insert 第 1 次 等待 1 秒
2021-07-03 01:43:29 {"status":"ok","msg":"添加成功！177886"}
2021-07-03 01:43:29 下次操作: 2021-07-03 01:43:46

2021-07-03 01:43:46 开始第 9 次操作

2021-07-03 01:43:46 开始操作号码 【1714186】
2021-07-03 01:43:49 GSD getOne 第 1 次 等待 1 秒
2021-07-03 01:43:50 查询号码 【1714186】，返回信息 {"status":"bad","msg":""}
2021-07-03 01:43:50 查询号码 【1714186】，GSD为【""】
2021-07-03 01:43:50 bad
2021-07-03 01:43:52 CHB 1714186?1625247830 第 1 次 等待 1 秒
2021-07-03 01:43:53 CHB 1714186?1625247830 第 1 次 获取到号码【1714186】GSD
2021-07-03 01:43:53 获取到号码【1714186】的GSD为【河南-南阳】
2021-07-03 01:43:59 GSD insert 第 1 次 等待 1 秒
2021-07-03 01:44:00 {"status":"ok","msg":"添加成功！177890"}
2021-07-03 01:44:00 下次操作: 2021-07-03 01:44:13

2021-07-03 01:44:13 开始第 10 次操作

2021-07-03 01:44:13 开始操作号码 【1714187】
2021-07-03 01:44:17 GSD getOne 第 1 次 等待 1 秒
2021-07-03 01:44:18 查询号码 【1714187】，返回信息 {"status":"bad","msg":""}
2021-07-03 01:44:18 查询号码 【1714187】，GSD为【""】
2021-07-03 01:44:18 bad
2021-07-03 01:44:20 CHB 1714187?1625247858 第 1 次 等待 1 秒
2021-07-03 01:44:21 CHB 1714187?1625247858 第 1 次 获取到号码【1714187】GSD
2021-07-03 01:44:21 获取到号码【1714187】的GSD为【河南-南阳】
2021-07-03 01:44:26 GSD insert 第 1 次 等待 1 秒
2021-07-03 01:44:27 {"status":"ok","msg":"添加成功！177897"}
2021-07-03 01:44:27 下次操作: 2021-07-03 01:44:34

2021-07-03 01:44:34 开始第 11 次操作

2021-07-03 01:44:34 开始操作号码 【1714188】
2021-07-03 01:44:38 GSD getOne 第 1 次 等待 1 秒
2021-07-03 01:44:39 查询号码 【1714188】，返回信息 {"status":"bad","msg":""}
2021-07-03 01:44:39 查询号码 【1714188】，GSD为【""】
2021-07-03 01:44:39 bad
2021-07-03 01:44:41 CHB 1714188?1625247879 第 1 次 等待 1 秒
2021-07-03 01:44:42 CHB 1714188?1625247879 第 1 次 获取到号码【1714188】GSD
2021-07-03 01:44:42 获取到号码【1714188】的GSD为【河南-南阳】
2021-07-03 01:44:46 GSD insert 第 1 次 等待 1 秒
2021-07-03 01:44:47 {"status":"ok","msg":"添加成功！177902"}
2021-07-03 01:44:47 下次操作: 2021-07-03 01:44:54

2021-07-03 01:44:54 开始第 12 次操作

2021-07-03 01:44:54 开始操作号码 【1714189】
2021-07-03 01:44:58 GSD getOne 第 1 次 等待 1 秒
2021-07-03 01:44:59 查询号码 【1714189】，返回信息 {"status":"bad","msg":""}
2021-07-03 01:44:59 查询号码 【1714189】，GSD为【""】
2021-07-03 01:44:59 bad
2021-07-03 01:45:00 CHB 1714189?1625247899 第 1 次 等待 1 秒
2021-07-03 01:45:01 CHB 1714189?1625247899 第 1 次 获取到号码【1714189】GSD
2021-07-03 01:45:01 获取到号码【1714189】的GSD为【河南-南阳】
2021-07-03 01:45:05 GSD insert 第 1 次 等待 1 秒
2021-07-03 01:45:06 {"status":"ok","msg":"添加成功！177908"}
2021-07-03 01:45:06 下次操作: 2021-07-03 01:45:12

2021-07-03 01:45:12 开始第 13 次操作

2021-07-03 01:45:12 开始操作号码 【1714190】
2021-07-03 01:45:18 GSD getOne 第 1 次 等待 1 秒
2021-07-03 01:45:19 查询号码 【1714190】，返回信息 {"status":"bad","msg":""}
2021-07-03 01:45:19 查询号码 【1714190】，GSD为【""】
2021-07-03 01:45:19 bad
2021-07-03 01:45:21 CHB 1714190?1625247919 第 1 次 等待 1 秒
2021-07-03 01:45:22 CHB 1714190?1625247919 第 1 次 获取到号码【1714190】GSD
2021-07-03 01:45:22 获取到号码【1714190】的GSD为【河南-南阳】
2021-07-03 01:45:31 GSD insert 第 1 次 等待 1 秒
2021-07-03 01:45:32 {"status":"ok","msg":"添加成功！177913"}
2021-07-03 01:45:32 下次操作: 2021-07-03 01:45:42

2021-07-03 01:45:42 开始第 14 次操作

2021-07-03 01:45:42 开始操作号码 【1714191】
2021-07-03 01:45:53 GSD getOne 第 1 次 等待 1 秒
2021-07-03 01:45:54 查询号码 【1714191】，返回信息 {"status":"bad","msg":""}
2021-07-03 01:45:54 查询号码 【1714191】，GSD为【""】
2021-07-03 01:45:54 bad
2021-07-03 01:45:55 CHB 1714191?1625247954 第 1 次 等待 1 秒
2021-07-03 01:45:56 CHB 1714191?1625247954 第 1 次 获取到号码【1714191】GSD
2021-07-03 01:45:56 获取到号码【1714191】的GSD为【河南-南阳】
2021-07-03 01:46:17 GSD insert 第 1 次 等待 1 秒
2021-07-03 01:46:18 {"status":"ok","msg":"添加成功！177923"}
2021-07-03 01:46:18 下次操作: 2021-07-03 01:46:34

2021-07-03 01:46:34 开始第 15 次操作

2021-07-03 01:46:34 开始操作号码 【1714192】
2021-07-03 01:46:38 GSD getOne 第 1 次 等待 1 秒
2021-07-03 01:46:39 查询号码 【1714192】，返回信息 {"status":"bad","msg":""}
2021-07-03 01:46:39 查询号码 【1714192】，GSD为【""】
2021-07-03 01:46:39 bad
2021-07-03 01:46:40 CHB 1714192?1625247999 第 1 次 等待 1 秒
2021-07-03 01:46:41 CHB 1714192?1625247999 第 1 次 获取到号码【1714192】GSD
2021-07-03 01:46:41 获取到号码【1714192】的GSD为【内蒙古-包头】
2021-07-03 01:46:45 GSD insert 第 1 次 等待 1 秒
2021-07-03 01:46:46 {"status":"ok","msg":"添加成功！177931"}
2021-07-03 01:46:46 下次操作: 2021-07-03 01:47:02

2021-07-03 01:47:02 开始第 16 次操作

2021-07-03 01:47:02 开始操作号码 【1714193】
2021-07-03 01:47:07 GSD getOne 第 1 次 等待 1 秒
2021-07-03 01:47:08 查询号码 【1714193】，返回信息 {"status":"bad","msg":""}
2021-07-03 01:47:08 查询号码 【1714193】，GSD为【""】
2021-07-03 01:47:08 bad
2021-07-03 01:47:09 CHB 1714193?1625248028 第 1 次 等待 1 秒
2021-07-03 01:47:10 CHB 1714193?1625248028 第 1 次 获取到号码【1714193】GSD
2021-07-03 01:47:10 获取到号码【1714193】的GSD为【内蒙古-包头】
2021-07-03 01:47:29 GSD insert 第 1 次 等待 1 秒
2021-07-03 01:47:30 {"status":"ok","msg":"添加成功！177941"}
2021-07-03 01:47:30 下次操作: 2021-07-03 01:47:36

2021-07-03 01:47:36 开始第 17 次操作

2021-07-03 01:47:36 开始操作号码 【1714194】
2021-07-03 01:47:58 GSD getOne 第 1 次 等待 1 秒
2021-07-03 01:47:59 查询号码 【1714194】，返回信息 {"status":"bad","msg":""}
2021-07-03 01:47:59 查询号码 【1714194】，GSD为【""】
2021-07-03 01:47:59 bad
2021-07-03 01:48:01 CHB 1714194?1625248079 第 1 次 等待 1 秒
2021-07-03 01:48:02 CHB 1714194?1625248079 第 1 次 获取到号码【1714194】GSD
2021-07-03 01:48:02 获取到号码【1714194】的GSD为【内蒙古-包头】
2021-07-03 01:48:21 GSD insert 第 1 次 等待 1 秒
2021-07-03 01:48:22 {"status":"ok","msg":"添加成功！177954"}
2021-07-03 01:48:22 下次操作: 2021-07-03 01:48:32

2021-07-03 01:48:32 开始第 18 次操作

2021-07-03 01:48:32 开始操作号码 【1714195】
2021-07-03 01:48:45 GSD getOne 第 1 次 等待 1 秒
2021-07-03 01:48:46 查询号码 【1714195】，返回信息 {"status":"bad","msg":""}
2021-07-03 01:48:46 查询号码 【1714195】，GSD为【""】
2021-07-03 01:48:46 bad
2021-07-03 01:48:48 CHB 1714195?1625248126 第 1 次 等待 1 秒
2021-07-03 01:48:49 CHB 1714195?1625248126 第 1 次 获取到号码【1714195】GSD
2021-07-03 01:48:49 获取到号码【1714195】的GSD为【内蒙古-包头】
2021-07-03 01:49:08 GSD insert 第 1 次 等待 1 秒
2021-07-03 01:49:09 {"status":"ok","msg":"添加成功！177966"}
2021-07-03 01:49:09 下次操作: 2021-07-03 01:49:22

2021-07-03 01:49:22 开始第 19 次操作

2021-07-03 01:49:22 开始操作号码 【1714196】
2021-07-03 01:49:29 GSD getOne 第 1 次 等待 1 秒
2021-07-03 01:49:30 查询号码 【1714196】，返回信息 {"status":"bad","msg":""}
2021-07-03 01:49:30 查询号码 【1714196】，GSD为【""】
2021-07-03 01:49:30 bad
2021-07-03 01:49:31 CHB 1714196?1625248170 第 1 次 等待 1 秒
2021-07-03 01:49:32 CHB 1714196?1625248170 第 1 次 获取到号码【1714196】GSD
2021-07-03 01:49:32 获取到号码【1714196】的GSD为【内蒙古-包头】
2021-07-03 01:49:51 GSD insert 第 1 次 等待 1 秒
2021-07-03 01:49:52 {"status":"ok","msg":"添加成功！177977"}
2021-07-03 01:49:52 下次操作: 2021-07-03 01:50:00

2021-07-03 01:50:00 开始第 20 次操作

2021-07-03 01:50:00 开始操作号码 【1714197】
2021-07-03 01:50:11 GSD getOne 第 1 次 等待 1 秒
2021-07-03 01:50:12 查询号码 【1714197】，返回信息 {"status":"bad","msg":""}
2021-07-03 01:50:12 查询号码 【1714197】，GSD为【""】
2021-07-03 01:50:12 bad
2021-07-03 01:50:14 CHB 1714197?1625248212 第 1 次 等待 1 秒
2021-07-03 01:50:15 CHB 1714197?1625248212 第 1 次 获取到号码【1714197】GSD
2021-07-03 01:50:15 获取到号码【1714197】的GSD为【内蒙古-包头】
2021-07-03 01:50:34 GSD insert 第 1 次 等待 1 秒
2021-07-03 01:50:35 {"status":"ok","msg":"添加成功！177987"}
2021-07-03 01:50:35 下次操作: 2021-07-03 01:50:49

2021-07-03 01:50:49 开始第 21 次操作

2021-07-03 01:50:49 开始操作号码 【1714198】
2021-07-03 01:50:53 GSD getOne 第 1 次 等待 1 秒
2021-07-03 01:50:54 查询号码 【1714198】，返回信息 {"status":"bad","msg":""}
2021-07-03 01:50:55 查询号码 【1714198】，GSD为【""】
2021-07-03 01:50:55 bad
2021-07-03 01:50:56 CHB 1714198?1625248255 第 1 次 等待 1 秒
2021-07-03 01:50:57 CHB 1714198?1625248255 第 1 次 获取到号码【1714198】GSD
2021-07-03 01:50:57 获取到号码【1714198】的GSD为【内蒙古-呼和浩特】
2021-07-03 01:51:17 GSD insert 第 1 次 等待 1 秒
2021-07-03 01:51:18 {"status":"ok","msg":"添加成功！177999"}
2021-07-03 01:51:18 下次操作: 2021-07-03 01:51:36

2021-07-03 01:51:36 开始第 22 次操作

2021-07-03 01:51:36 开始操作号码 【1714199】
2021-07-03 01:51:40 GSD getOne 第 1 次 等待 1 秒
2021-07-03 01:51:41 查询号码 【1714199】，返回信息 {"status":"bad","msg":""}
2021-07-03 01:51:41 查询号码 【1714199】，GSD为【""】
2021-07-03 01:51:41 bad
2021-07-03 01:51:43 CHB 1714199?1625248301 第 1 次 等待 1 秒
2021-07-03 01:51:44 CHB 1714199?1625248301 第 1 次 获取到号码【1714199】GSD
2021-07-03 01:51:44 获取到号码【1714199】的GSD为【内蒙古-呼和浩特】
2021-07-03 01:52:03 GSD insert 第 1 次 等待 1 秒
2021-07-03 01:52:04 {"status":"ok","msg":"添加成功！178007"}
2021-07-03 01:52:04 下次操作: 2021-07-03 01:52:19

2021-07-03 01:52:19 开始第 23 次操作

2021-07-03 01:52:19 开始操作号码 【1714200】
2021-07-03 01:52:23 GSD getOne 第 1 次 等待 1 秒
2021-07-03 01:52:24 查询号码 【1714200】，返回信息 {"status":"bad","msg":""}
2021-07-03 01:52:24 查询号码 【1714200】，GSD为【""】
2021-07-03 01:52:24 bad
2021-07-03 01:52:26 CHB 1714200?1625248344 第 1 次 等待 1 秒
2021-07-03 01:52:27 CHB 1714200?1625248344 第 1 次 获取到号码【1714200】GSD
2021-07-03 01:52:27 获取到号码【1714200】的GSD为【内蒙古-呼和浩特】
2021-07-03 01:52:47 GSD insert 第 1 次 等待 1 秒
2021-07-03 01:52:48 {"status":"ok","msg":"添加成功！178017"}
2021-07-03 01:52:48 下次操作: 2021-07-03 01:52:55

2021-07-03 01:52:55 开始第 24 次操作

2021-07-03 01:52:55 开始操作号码 【1714201】
2021-07-03 01:53:15 GSD getOne 第 1 次 等待 1 秒
2021-07-03 01:53:16 查询号码 【1714201】，返回信息 {"status":"bad","msg":""}
2021-07-03 01:53:16 查询号码 【1714201】，GSD为【""】
2021-07-03 01:53:16 bad
2021-07-03 01:53:18 CHB 1714201?1625248396 第 1 次 等待 1 秒
2021-07-03 01:53:19 CHB 1714201?1625248396 第 1 次 获取到号码【1714201】GSD
2021-07-03 01:53:19 获取到号码【1714201】的GSD为【内蒙古-呼和浩特】
2021-07-03 01:53:39 GSD insert 第 1 次 等待 1 秒
2021-07-03 01:53:41 {"status":"ok","msg":"添加成功！178027"}
2021-07-03 01:53:41 下次操作: 2021-07-03 01:53:55

2021-07-03 01:53:55 开始第 25 次操作

2021-07-03 01:53:55 开始操作号码 【1714202】
2021-07-03 01:54:04 GSD getOne 第 1 次 等待 1 秒
2021-07-03 01:54:05 查询号码 【1714202】，返回信息 {"status":"bad","msg":""}
2021-07-03 01:54:05 查询号码 【1714202】，GSD为【""】
2021-07-03 01:54:05 bad
2021-07-03 01:54:07 CHB 1714202?1625248445 第 1 次 等待 1 秒
2021-07-03 01:54:08 CHB 1714202?1625248445 第 1 次 获取到号码【1714202】GSD
2021-07-03 01:54:08 获取到号码【1714202】的GSD为【内蒙古-呼和浩特】
2021-07-03 01:54:27 GSD insert 第 1 次 等待 1 秒
2021-07-03 01:54:28 {"status":"ok","msg":"添加成功！178033"}
2021-07-03 01:54:28 下次操作: 2021-07-03 01:54:41

2021-07-03 01:54:41 开始第 26 次操作

2021-07-03 01:54:41 开始操作号码 【1714203】
2021-07-03 01:54:48 GSD getOne 第 1 次 等待 1 秒
2021-07-03 01:54:49 查询号码 【1714203】，返回信息 {"status":"bad","msg":""}
2021-07-03 01:54:49 查询号码 【1714203】，GSD为【""】
2021-07-03 01:54:49 bad
2021-07-03 01:54:51 CHB 1714203?1625248489 第 1 次 等待 1 秒
2021-07-03 01:54:52 CHB 1714203?1625248489 第 1 次 获取到号码【1714203】GSD
2021-07-03 01:54:52 获取到号码【1714203】的GSD为【内蒙古-呼和浩特】
2021-07-03 01:55:11 GSD insert 第 1 次 等待 1 秒
2021-07-03 01:55:12 {"status":"ok","msg":"添加成功！178042"}
2021-07-03 01:55:12 下次操作: 2021-07-03 01:55:22

2021-07-03 01:55:22 开始第 27 次操作

2021-07-03 01:55:22 开始操作号码 【1714204】
2021-07-03 01:55:37 GSD getOne 第 1 次 等待 1 秒
2021-07-03 01:55:38 查询号码 【1714204】，返回信息 {"status":"bad","msg":""}
2021-07-03 01:55:38 查询号码 【1714204】，GSD为【""】
2021-07-03 01:55:38 bad
2021-07-03 01:55:40 CHB 1714204?1625248538 第 1 次 等待 1 秒
2021-07-03 01:55:41 CHB 1714204?1625248538 第 1 次 获取到号码【1714204】GSD
2021-07-03 01:55:41 获取到号码【1714204】的GSD为【内蒙古-呼和浩特】
2021-07-03 01:56:00 GSD insert 第 1 次 等待 1 秒
2021-07-03 01:56:01 {"status":"ok","msg":"添加成功！178050"}
2021-07-03 01:56:01 下次操作: 2021-07-03 01:56:07

2021-07-03 01:56:07 开始第 28 次操作

2021-07-03 01:56:07 开始操作号码 【1714205】
2021-07-03 01:56:27 GSD getOne 第 1 次 等待 1 秒
2021-07-03 01:56:28 查询号码 【1714205】，返回信息 {"status":"bad","msg":""}
2021-07-03 01:56:28 查询号码 【1714205】，GSD为【""】
2021-07-03 01:56:28 bad
2021-07-03 01:56:30 CHB 1714205?1625248588 第 1 次 等待 1 秒
2021-07-03 01:56:31 CHB 1714205?1625248588 第 1 次 获取到号码【1714205】GSD
2021-07-03 01:56:31 获取到号码【1714205】的GSD为【内蒙古-呼和浩特】
2021-07-03 01:56:50 GSD insert 第 1 次 等待 1 秒
2021-07-03 01:56:51 {"status":"ok","msg":"添加成功！178058"}
2021-07-03 01:56:51 下次操作: 2021-07-03 01:57:02

2021-07-03 01:57:02 开始第 29 次操作

2021-07-03 01:57:02 开始操作号码 【1714206】
2021-07-03 01:57:13 GSD getOne 第 1 次 等待 1 秒
2021-07-03 01:57:14 查询号码 【1714206】，返回信息 {"status":"bad","msg":""}
2021-07-03 01:57:14 查询号码 【1714206】，GSD为【""】
2021-07-03 01:57:14 bad
2021-07-03 01:57:15 CHB 1714206?1625248634 第 1 次 等待 1 秒
2021-07-03 01:57:16 CHB 1714206?1625248634 第 1 次 获取到号码【1714206】GSD
2021-07-03 01:57:16 获取到号码【1714206】的GSD为【内蒙古-呼和浩特】
2021-07-03 01:57:35 GSD insert 第 1 次 等待 1 秒
2021-07-03 01:57:36 {"status":"ok","msg":"添加成功！178064"}
2021-07-03 01:57:36 下次操作: 2021-07-03 01:57:51

2021-07-03 01:57:51 开始第 30 次操作

2021-07-03 01:57:51 开始操作号码 【1714207】
2021-07-03 01:57:55 GSD getOne 第 1 次 等待 1 秒
2021-07-03 01:57:56 查询号码 【1714207】，返回信息 {"status":"bad","msg":""}
2021-07-03 01:57:56 查询号码 【1714207】，GSD为【""】
2021-07-03 01:57:56 bad
2021-07-03 01:57:59 CHB 1714207?1625248676 第 1 次 等待 1 秒
2021-07-03 01:58:00 CHB 1714207?1625248676 第 1 次 获取到号码【1714207】GSD
2021-07-03 01:58:00 获取到号码【1714207】的GSD为【内蒙古-赤峰】
2021-07-03 01:58:20 GSD insert 第 1 次 等待 1 秒
2021-07-03 01:58:21 {"status":"ok","msg":"添加成功！178073"}

