2024-02-13 00:22:02 开始第 3345 次操作

2024-02-13 00:22:02 开始操作号码 【1683257】
2024-02-13 00:22:08 GSD getOne 第 1 次 等待 3 秒
2024-02-13 00:22:11 查询号码 【1683257】，返回信息 {"status":"ok","msg":"-","gid":"582412","time_insert":"2023-03-10 20:49"}
2024-02-13 00:22:11 查询号码 【1683257】，GSD为【"-"】
2024-02-13 00:22:11 ok && -
2024-02-13 00:22:13 CHB 1683257?1707754931 第 1 次 等待 3 秒
2024-02-13 00:22:16 CHB 1683257?1707754931 第 1 次 获取到号码【1683257】GSD
2024-02-13 00:22:16 未获取到号码【1683257】GSD，可能号码格式错误
2024-02-13 00:22:16 获取到号码【1683257】的GSD为【-】
2024-02-13 00:22:22 GSD insert 第 1 次 等待 3 秒
2024-02-13 00:22:25 {"status":"bad","gid":"582412","msg":"添加失败！号码【1683257(-|-)】已存在！"}
2024-02-13 00:22:25 随机等待 69 秒，约 1 分钟
2024-02-13 00:22:25 下次操作: 2024-02-13 00:23:34

2024-02-13 00:23:34 开始第 3346 次操作

2024-02-13 00:23:34 开始操作号码 【1683258】
2024-02-13 00:23:39 GSD getOne 第 1 次 等待 3 秒
2024-02-13 00:23:42 查询号码 【1683258】，返回信息 {"status":"ok","msg":"-","gid":"582429","time_insert":"2023-03-10 21:01"}
2024-02-13 00:23:42 查询号码 【1683258】，GSD为【"-"】
2024-02-13 00:23:42 ok && -
2024-02-13 00:23:43 CHB 1683258?1707755022 第 1 次 等待 3 秒
2024-02-13 00:23:46 CHB 1683258?1707755022 第 1 次 获取到号码【1683258】GSD
2024-02-13 00:23:46 未获取到号码【1683258】GSD，可能号码格式错误
2024-02-13 00:23:46 获取到号码【1683258】的GSD为【-】
2024-02-13 00:23:51 GSD insert 第 1 次 等待 3 秒
2024-02-13 00:23:54 {"status":"bad","gid":"582429","msg":"添加失败！号码【1683258(-|-)】已存在！"}
2024-02-13 00:23:54 随机等待 75 秒，约 1 分钟
2024-02-13 00:23:54 下次操作: 2024-02-13 00:25:09

2024-02-13 00:25:09 开始第 3347 次操作

2024-02-13 00:25:09 开始操作号码 【1683259】
2024-02-13 00:25:13 GSD getOne 第 1 次 等待 3 秒
2024-02-13 00:25:16 查询号码 【1683259】，返回信息 {"status":"ok","msg":"-","gid":"582441","time_insert":"2023-03-10 21:10"}
2024-02-13 00:25:16 查询号码 【1683259】，GSD为【"-"】
2024-02-13 00:25:16 ok && -
2024-02-13 00:25:18 CHB 1683259?1707755116 第 1 次 等待 3 秒
2024-02-13 00:25:21 CHB 1683259?1707755116 第 1 次 获取到号码【1683259】GSD
2024-02-13 00:25:21 未获取到号码【1683259】GSD，可能号码格式错误
2024-02-13 00:25:21 获取到号码【1683259】的GSD为【-】
2024-02-13 00:25:25 GSD insert 第 1 次 等待 3 秒
2024-02-13 00:25:28 {"status":"bad","gid":"582441","msg":"添加失败！号码【1683259(-|-)】已存在！"}
2024-02-13 00:25:28 随机等待 112 秒，约 1 分钟
2024-02-13 00:25:28 下次操作: 2024-02-13 00:27:20

2024-02-13 00:27:20 开始第 3348 次操作

2024-02-13 00:27:20 开始操作号码 【1683260】
2024-02-13 00:27:24 GSD getOne 第 1 次 等待 3 秒
2024-02-13 00:27:27 查询号码 【1683260】，返回信息 {"status":"ok","msg":"-","gid":"582465","time_insert":"2023-03-10 21:31"}
2024-02-13 00:27:27 查询号码 【1683260】，GSD为【"-"】
2024-02-13 00:27:27 ok && -
2024-02-13 00:27:29 CHB 1683260?1707755247 第 1 次 等待 3 秒
2024-02-13 00:27:32 CHB 1683260?1707755247 第 1 次 获取到号码【1683260】GSD
2024-02-13 00:27:32 未获取到号码【1683260】GSD，可能号码格式错误
2024-02-13 00:27:32 获取到号码【1683260】的GSD为【-】
2024-02-13 00:27:36 GSD insert 第 1 次 等待 3 秒
2024-02-13 00:27:39 {"status":"bad","gid":"582465","msg":"添加失败！号码【1683260(-|-)】已存在！"}

2024-02-13 00:38:17 开始第 3349 次操作

2024-02-13 00:38:17 开始操作号码 【1683261】
2024-02-13 00:38:23 GSD getOne 第 1 次 等待 3 秒
2024-02-13 00:38:26 查询号码 【1683261】，返回信息 {"status":"ok","msg":"-","gid":"582486","time_insert":"2023-03-10 21:43"}
2024-02-13 00:38:26 查询号码 【1683261】，GSD为【"-"】
2024-02-13 00:38:26 ok && -
2024-02-13 00:38:28 CHB 1683261?1707755906 第 1 次 等待 3 秒
2024-02-13 00:38:31 CHB 1683261?1707755906 第 1 次 获取到号码【1683261】GSD
2024-02-13 00:38:31 未获取到号码【1683261】GSD，可能号码格式错误
2024-02-13 00:38:31 获取到号码【1683261】的GSD为【-】
2024-02-13 00:38:36 GSD insert 第 1 次 等待 3 秒
2024-02-13 00:38:39 {"status":"bad","gid":"582486","msg":"添加失败！号码【1683261(-|-)】已存在！"}
2024-02-13 00:38:39 随机等待 167 秒，约 2 分钟
2024-02-13 00:38:39 下次操作: 2024-02-13 00:41:26

2024-02-13 00:41:26 开始第 3350 次操作

2024-02-13 00:41:26 开始操作号码 【1683262】
2024-02-13 00:41:30 GSD getOne 第 1 次 等待 3 秒
2024-02-13 00:41:33 查询号码 【1683262】，返回信息 {"status":"ok","msg":"-","gid":"582510","time_insert":"2023-03-10 22:02"}
2024-02-13 00:41:34 查询号码 【1683262】，GSD为【"-"】
2024-02-13 00:41:34 ok && -
2024-02-13 00:41:36 CHB 1683262?1707756094 第 1 次 等待 3 秒
2024-02-13 00:41:39 CHB 1683262?1707756094 第 1 次 获取到号码【1683262】GSD
2024-02-13 00:41:39 未获取到号码【1683262】GSD，可能号码格式错误
2024-02-13 00:41:39 获取到号码【1683262】的GSD为【-】
2024-02-13 00:41:46 GSD insert 第 1 次 等待 3 秒
2024-02-13 00:41:49 {"status":"bad","gid":"582510","msg":"添加失败！号码【1683262(-|-)】已存在！"}
2024-02-13 00:41:49 随机等待 193 秒，约 3 分钟
2024-02-13 00:41:49 下次操作: 2024-02-13 00:45:02

2024-02-13 00:45:02 开始第 3351 次操作

2024-02-13 00:45:02 开始操作号码 【1683263】
2024-02-13 00:45:07 GSD getOne 第 1 次 等待 3 秒
2024-02-13 00:45:10 查询号码 【1683263】，返回信息 {"status":"ok","msg":"-","gid":"582524","time_insert":"2023-03-10 22:14"}
2024-02-13 00:45:10 查询号码 【1683263】，GSD为【"-"】
2024-02-13 00:45:10 ok && -
2024-02-13 00:45:12 CHB 1683263?1707756310 第 1 次 等待 3 秒
2024-02-13 00:45:15 CHB 1683263?1707756310 第 1 次 获取到号码【1683263】GSD
2024-02-13 00:45:15 未获取到号码【1683263】GSD，可能号码格式错误
2024-02-13 00:45:15 获取到号码【1683263】的GSD为【-】
2024-02-13 00:45:20 GSD insert 第 1 次 等待 3 秒
2024-02-13 00:45:23 {"status":"bad","gid":"582524","msg":"添加失败！号码【1683263(-|-)】已存在！"}
2024-02-13 00:45:23 随机等待 230 秒，约 3 分钟
2024-02-13 00:45:23 下次操作: 2024-02-13 00:49:13

2024-02-13 00:49:13 开始第 3352 次操作

2024-02-13 00:49:13 开始操作号码 【1683264】
2024-02-13 00:49:18 GSD getOne 第 1 次 等待 3 秒
2024-02-13 00:49:21 查询号码 【1683264】，返回信息 {"status":"ok","msg":"-","gid":"582539","time_insert":"2023-03-10 22:26"}
2024-02-13 00:49:21 查询号码 【1683264】，GSD为【"-"】
2024-02-13 00:49:21 ok && -
2024-02-13 00:49:23 CHB 1683264?1707756561 第 1 次 等待 3 秒
2024-02-13 00:49:26 CHB 1683264?1707756561 第 1 次 获取到号码【1683264】GSD
2024-02-13 00:49:26 未获取到号码【1683264】GSD，可能号码格式错误
2024-02-13 00:49:26 获取到号码【1683264】的GSD为【-】
2024-02-13 00:49:31 GSD insert 第 1 次 等待 3 秒
2024-02-13 00:49:34 {"status":"bad","gid":"582539","msg":"添加失败！号码【1683264(-|-)】已存在！"}

2024-02-13 01:14:57 开始第 3353 次操作

2024-02-13 01:14:57 开始操作号码 【1683265】
2024-02-13 01:15:01 GSD getOne 第 1 次 等待 3 秒
2024-02-13 01:15:04 查询号码 【1683265】，返回信息 {"status":"ok","msg":"-","gid":"582555","time_insert":"2023-03-10 22:38"}
2024-02-13 01:15:04 查询号码 【1683265】，GSD为【"-"】
2024-02-13 01:15:04 ok && -
2024-02-13 01:15:06 CHB 1683265?1707758104 第 1 次 等待 3 秒
2024-02-13 01:15:09 CHB 1683265?1707758104 第 1 次 获取到号码【1683265】GSD
2024-02-13 01:15:09 未获取到号码【1683265】GSD，可能号码格式错误
2024-02-13 01:15:09 获取到号码【1683265】的GSD为【-】
2024-02-13 01:15:14 GSD insert 第 1 次 等待 3 秒
2024-02-13 01:15:17 {"status":"bad","gid":"582555","msg":"添加失败！号码【1683265(-|-)】已存在！"}
2024-02-13 01:15:17 随机等待 87 秒，约 1 分钟
2024-02-13 01:15:17 下次操作: 2024-02-13 01:16:44

2024-02-13 01:16:44 开始第 3354 次操作

2024-02-13 01:16:44 开始操作号码 【1683266】
2024-02-13 01:16:48 GSD getOne 第 1 次 等待 3 秒
2024-02-13 01:16:51 查询号码 【1683266】，返回信息 {"status":"ok","msg":"-","gid":"582566","time_insert":"2023-03-10 22:47"}
2024-02-13 01:16:51 查询号码 【1683266】，GSD为【"-"】
2024-02-13 01:16:51 ok && -
2024-02-13 01:16:53 CHB 1683266?1707758211 第 1 次 等待 3 秒
2024-02-13 01:16:56 CHB 1683266?1707758211 第 1 次 获取到号码【1683266】GSD
2024-02-13 01:16:56 未获取到号码【1683266】GSD，可能号码格式错误
2024-02-13 01:16:56 获取到号码【1683266】的GSD为【-】
2024-02-13 01:17:00 GSD insert 第 1 次 等待 3 秒
2024-02-13 01:17:03 {"status":"bad","gid":"582566","msg":"添加失败！号码【1683266(-|-)】已存在！"}
2024-02-13 01:17:03 随机等待 157 秒，约 2 分钟
2024-02-13 01:17:03 下次操作: 2024-02-13 01:19:40

2024-02-13 01:19:40 开始第 3355 次操作

2024-02-13 01:19:40 开始操作号码 【1683267】
2024-02-13 01:19:45 GSD getOne 第 1 次 等待 3 秒
2024-02-13 01:19:48 查询号码 【1683267】，返回信息 {"status":"ok","msg":"-","gid":"582591","time_insert":"2023-03-10 23:06"}
2024-02-13 01:19:48 查询号码 【1683267】，GSD为【"-"】
2024-02-13 01:19:48 ok && -
2024-02-13 01:19:50 CHB 1683267?1707758388 第 1 次 等待 3 秒
2024-02-13 01:19:53 CHB 1683267?1707758388 第 1 次 获取到号码【1683267】GSD
2024-02-13 01:19:53 未获取到号码【1683267】GSD，可能号码格式错误
2024-02-13 01:19:53 获取到号码【1683267】的GSD为【-】
2024-02-13 01:19:57 GSD insert 第 1 次 等待 3 秒
2024-02-13 01:20:00 {"status":"bad","gid":"582591","msg":"添加失败！号码【1683267(-|-)】已存在！"}
2024-02-13 01:20:00 随机等待 143 秒，约 2 分钟
2024-02-13 01:20:00 下次操作: 2024-02-13 01:22:23

2024-02-13 01:22:23 开始第 3356 次操作

2024-02-13 01:22:23 开始操作号码 【1683268】
2024-02-13 01:22:27 GSD getOne 第 1 次 等待 3 秒
2024-02-13 01:22:30 查询号码 【1683268】，返回信息 {"status":"ok","msg":"-","gid":"582609","time_insert":"2023-03-10 23:20"}
2024-02-13 01:22:30 查询号码 【1683268】，GSD为【"-"】
2024-02-13 01:22:30 ok && -
2024-02-13 01:22:32 CHB 1683268?1707758550 第 1 次 等待 3 秒
2024-02-13 01:22:35 CHB 1683268?1707758550 第 1 次 获取到号码【1683268】GSD
2024-02-13 01:22:35 未获取到号码【1683268】GSD，可能号码格式错误
2024-02-13 01:22:35 获取到号码【1683268】的GSD为【-】
2024-02-13 01:22:39 GSD insert 第 1 次 等待 3 秒
2024-02-13 01:22:42 {"status":"bad","gid":"582609","msg":"添加失败！号码【1683268(-|-)】已存在！"}

2024-02-13 01:37:42 开始第 3357 次操作

2024-02-13 01:37:42 开始操作号码 【1683269】
2024-02-13 01:37:48 GSD getOne 第 1 次 等待 3 秒
2024-02-13 01:37:51 查询号码 【1683269】，返回信息 {"status":"ok","msg":"-","gid":"582636","time_insert":"2023-03-10 23:41"}
2024-02-13 01:37:51 查询号码 【1683269】，GSD为【"-"】
2024-02-13 01:37:51 ok && -
2024-02-13 01:37:54 CHB 1683269?1707759471 第 1 次 等待 3 秒
2024-02-13 01:37:57 CHB 1683269?1707759471 第 1 次 获取到号码【1683269】GSD
2024-02-13 01:37:57 未获取到号码【1683269】GSD，可能号码格式错误
2024-02-13 01:37:57 获取到号码【1683269】的GSD为【-】
2024-02-13 01:38:02 GSD insert 第 1 次 等待 3 秒
2024-02-13 01:38:05 {"status":"bad","gid":"582636","msg":"添加失败！号码【1683269(-|-)】已存在！"}
2024-02-13 01:38:05 随机等待 86 秒，约 1 分钟
2024-02-13 01:38:05 下次操作: 2024-02-13 01:39:31

2024-02-13 01:39:31 开始第 3358 次操作

2024-02-13 01:39:31 开始操作号码 【1683270】
2024-02-13 01:39:37 GSD getOne 第 1 次 等待 3 秒
2024-02-13 01:39:40 查询号码 【1683270】，返回信息 {"status":"ok","msg":"-","gid":"582660","time_insert":"2023-03-11 00:00"}
2024-02-13 01:39:40 查询号码 【1683270】，GSD为【"-"】
2024-02-13 01:39:40 ok && -
2024-02-13 01:39:42 CHB 1683270?1707759580 第 1 次 等待 3 秒
2024-02-13 01:39:45 CHB 1683270?1707759580 第 1 次 获取到号码【1683270】GSD
2024-02-13 01:39:45 未获取到号码【1683270】GSD，可能号码格式错误
2024-02-13 01:39:45 获取到号码【1683270】的GSD为【-】
2024-02-13 01:39:50 GSD insert 第 1 次 等待 3 秒
2024-02-13 01:39:53 {"status":"bad","gid":"582660","msg":"添加失败！号码【1683270(-|-)】已存在！"}
2024-02-13 01:39:53 随机等待 166 秒，约 2 分钟
2024-02-13 01:39:53 下次操作: 2024-02-13 01:42:39

2024-02-13 01:42:39 开始第 3359 次操作

2024-02-13 01:42:39 开始操作号码 【1683271】
2024-02-13 01:42:43 GSD getOne 第 1 次 等待 3 秒
2024-02-13 01:42:46 查询号码 【1683271】，返回信息 {"status":"ok","msg":"-","gid":"582675","time_insert":"2023-03-11 00:13"}
2024-02-13 01:42:46 查询号码 【1683271】，GSD为【"-"】
2024-02-13 01:42:46 ok && -
2024-02-13 01:42:48 CHB 1683271?1707759766 第 1 次 等待 3 秒
2024-02-13 01:42:51 CHB 1683271?1707759766 第 1 次 获取到号码【1683271】GSD
2024-02-13 01:42:52 未获取到号码【1683271】GSD，可能号码格式错误
2024-02-13 01:42:52 获取到号码【1683271】的GSD为【-】
2024-02-13 01:42:56 GSD insert 第 1 次 等待 3 秒
2024-02-13 01:42:59 {"status":"bad","gid":"582675","msg":"添加失败！号码【1683271(-|-)】已存在！"}
2024-02-13 01:42:59 随机等待 154 秒，约 2 分钟
2024-02-13 01:42:59 下次操作: 2024-02-13 01:45:33

2024-02-13 01:45:33 开始第 3360 次操作

2024-02-13 01:45:33 开始操作号码 【1683272】
2024-02-13 01:45:37 GSD getOne 第 1 次 等待 3 秒
2024-02-13 01:45:40 查询号码 【1683272】，返回信息 {"status":"ok","msg":"-","gid":"582691","time_insert":"2023-03-11 00:26"}
2024-02-13 01:45:40 查询号码 【1683272】，GSD为【"-"】
2024-02-13 01:45:40 ok && -
2024-02-13 01:45:43 CHB 1683272?1707759940 第 1 次 等待 3 秒
2024-02-13 01:45:46 CHB 1683272?1707759940 第 1 次 获取到号码【1683272】GSD
2024-02-13 01:45:46 未获取到号码【1683272】GSD，可能号码格式错误
2024-02-13 01:45:46 获取到号码【1683272】的GSD为【-】
2024-02-13 01:45:51 GSD insert 第 1 次 等待 3 秒
2024-02-13 01:45:54 {"status":"bad","gid":"582691","msg":"添加失败！号码【1683272(-|-)】已存在！"}

2024-02-13 02:20:03 开始第 3361 次操作

2024-02-13 02:20:03 开始操作号码 【1683273】
2024-02-13 02:20:09 GSD getOne 第 1 次 等待 3 秒
2024-02-13 02:20:12 查询号码 【1683273】，返回信息 {"status":"ok","msg":"-","gid":"582707","time_insert":"2023-03-11 00:40"}
2024-02-13 02:20:12 查询号码 【1683273】，GSD为【"-"】
2024-02-13 02:20:12 ok && -
2024-02-13 02:20:15 CHB 1683273?1707762012 第 1 次 等待 3 秒
2024-02-13 02:20:18 CHB 1683273?1707762012 第 1 次 获取到号码【1683273】GSD
2024-02-13 02:20:18 未获取到号码【1683273】GSD，可能号码格式错误
2024-02-13 02:20:18 获取到号码【1683273】的GSD为【-】
2024-02-13 02:20:22 GSD insert 第 1 次 等待 3 秒
2024-02-13 02:20:25 {"status":"bad","gid":"582707","msg":"添加失败！号码【1683273(-|-)】已存在！"}
2024-02-13 02:20:25 随机等待 148 秒，约 2 分钟
2024-02-13 02:20:25 下次操作: 2024-02-13 02:22:53

2024-02-13 02:22:53 开始第 3362 次操作

2024-02-13 02:22:53 开始操作号码 【1683274】
2024-02-13 02:22:58 GSD getOne 第 1 次 等待 3 秒
2024-02-13 02:23:01 查询号码 【1683274】，返回信息 {"status":"ok","msg":"-","gid":"582720","time_insert":"2023-03-11 00:53"}
2024-02-13 02:23:01 查询号码 【1683274】，GSD为【"-"】
2024-02-13 02:23:01 ok && -
2024-02-13 02:23:04 CHB 1683274?1707762181 第 1 次 等待 3 秒
2024-02-13 02:23:07 CHB 1683274?1707762181 第 1 次 获取到号码【1683274】GSD
2024-02-13 02:23:07 未获取到号码【1683274】GSD，可能号码格式错误
2024-02-13 02:23:07 获取到号码【1683274】的GSD为【-】
2024-02-13 02:23:11 GSD insert 第 1 次 等待 3 秒
2024-02-13 02:23:14 {"status":"bad","gid":"582720","msg":"添加失败！号码【1683274(-|-)】已存在！"}
2024-02-13 02:23:14 随机等待 199 秒，约 3 分钟
2024-02-13 02:23:14 下次操作: 2024-02-13 02:26:33

2024-02-13 02:26:33 开始第 3363 次操作

2024-02-13 02:26:33 开始操作号码 【1683275】
2024-02-13 02:26:38 GSD getOne 第 1 次 等待 3 秒
2024-02-13 02:26:41 查询号码 【1683275】，返回信息 {"status":"ok","msg":"-","gid":"582738","time_insert":"2023-03-11 01:07"}
2024-02-13 02:26:41 查询号码 【1683275】，GSD为【"-"】
2024-02-13 02:26:41 ok && -
2024-02-13 02:26:43 CHB 1683275?1707762401 第 1 次 等待 3 秒
2024-02-13 02:26:46 CHB 1683275?1707762401 第 1 次 获取到号码【1683275】GSD
2024-02-13 02:26:46 未获取到号码【1683275】GSD，可能号码格式错误
2024-02-13 02:26:46 获取到号码【1683275】的GSD为【-】
2024-02-13 02:26:51 GSD insert 第 1 次 等待 3 秒
2024-02-13 02:26:54 {"status":"bad","gid":"582738","msg":"添加失败！号码【1683275(-|-)】已存在！"}
2024-02-13 02:26:54 随机等待 194 秒，约 3 分钟
2024-02-13 02:26:54 下次操作: 2024-02-13 02:30:08

2024-02-13 02:30:08 开始第 3364 次操作

2024-02-13 02:30:08 开始操作号码 【1683276】
2024-02-13 02:30:13 GSD getOne 第 1 次 等待 3 秒
2024-02-13 02:30:16 查询号码 【1683276】，返回信息 {"status":"ok","msg":"-","gid":"582758","time_insert":"2023-03-11 01:22"}
2024-02-13 02:30:16 查询号码 【1683276】，GSD为【"-"】
2024-02-13 02:30:16 ok && -
2024-02-13 02:30:18 CHB 1683276?1707762616 第 1 次 等待 3 秒
2024-02-13 02:30:21 CHB 1683276?1707762616 第 1 次 获取到号码【1683276】GSD
2024-02-13 02:30:21 未获取到号码【1683276】GSD，可能号码格式错误
2024-02-13 02:30:21 获取到号码【1683276】的GSD为【-】
2024-02-13 02:30:26 GSD insert 第 1 次 等待 3 秒
2024-02-13 02:30:29 {"status":"bad","gid":"582758","msg":"添加失败！号码【1683276(-|-)】已存在！"}

2024-02-13 02:37:35 开始第 3365 次操作

2024-02-13 02:37:35 开始操作号码 【1683277】
2024-02-13 02:37:41 GSD getOne 第 1 次 等待 3 秒
2024-02-13 02:37:44 查询号码 【1683277】，返回信息 {"status":"ok","msg":"-","gid":"582784","time_insert":"2023-03-11 01:43"}
2024-02-13 02:37:44 查询号码 【1683277】，GSD为【"-"】
2024-02-13 02:37:44 ok && -
2024-02-13 02:37:56 CHB 1683277?1707763064 第 1 次 等待 3 秒
2024-02-13 02:37:59 CHB 1683277?1707763064 第 1 次 获取到号码【1683277】GSD
2024-02-13 02:37:59 未获取到号码【1683277】GSD，可能号码格式错误
2024-02-13 02:37:59 获取到号码【1683277】的GSD为【-】
2024-02-13 02:38:04 GSD insert 第 1 次 等待 3 秒
2024-02-13 02:38:07 {"status":"bad","gid":"582784","msg":"添加失败！号码【1683277(-|-)】已存在！"}
2024-02-13 02:38:07 随机等待 153 秒，约 2 分钟
2024-02-13 02:38:07 下次操作: 2024-02-13 02:40:40

2024-02-13 02:40:40 开始第 3366 次操作

2024-02-13 02:40:40 开始操作号码 【1683278】
2024-02-13 02:40:45 GSD getOne 第 1 次 等待 3 秒
2024-02-13 02:40:48 查询号码 【1683278】，返回信息 {"status":"ok","msg":"-","gid":"582803","time_insert":"2023-03-11 01:55"}
2024-02-13 02:40:48 查询号码 【1683278】，GSD为【"-"】
2024-02-13 02:40:48 ok && -
2024-02-13 02:40:51 CHB 1683278?1707763248 第 1 次 等待 3 秒
2024-02-13 02:40:54 CHB 1683278?1707763248 第 1 次 获取到号码【1683278】GSD
2024-02-13 02:40:54 未获取到号码【1683278】GSD，可能号码格式错误
2024-02-13 02:40:54 获取到号码【1683278】的GSD为【-】
2024-02-13 02:40:58 GSD insert 第 1 次 等待 3 秒
2024-02-13 02:41:01 {"status":"bad","gid":"582803","msg":"添加失败！号码【1683278(-|-)】已存在！"}
2024-02-13 02:41:01 随机等待 145 秒，约 2 分钟
2024-02-13 02:41:01 下次操作: 2024-02-13 02:43:26

2024-02-13 02:43:26 开始第 3367 次操作

2024-02-13 02:43:26 开始操作号码 【1683279】
2024-02-13 02:43:31 GSD getOne 第 1 次 等待 3 秒
2024-02-13 02:43:34 查询号码 【1683279】，返回信息 {"status":"ok","msg":"-","gid":"582831","time_insert":"2023-03-11 02:19"}
2024-02-13 02:43:34 查询号码 【1683279】，GSD为【"-"】
2024-02-13 02:43:34 ok && -
2024-02-13 02:43:37 CHB 1683279?1707763414 第 1 次 等待 3 秒
2024-02-13 02:43:40 CHB 1683279?1707763414 第 1 次 获取到号码【1683279】GSD
2024-02-13 02:43:40 未获取到号码【1683279】GSD，可能号码格式错误
2024-02-13 02:43:40 获取到号码【1683279】的GSD为【-】
2024-02-13 02:43:44 GSD insert 第 1 次 等待 3 秒
2024-02-13 02:43:47 {"status":"bad","gid":"582831","msg":"添加失败！号码【1683279(-|-)】已存在！"}
2024-02-13 02:43:47 随机等待 218 秒，约 3 分钟
2024-02-13 02:43:47 下次操作: 2024-02-13 02:47:25

2024-02-13 02:47:25 开始第 3368 次操作

2024-02-13 02:47:25 开始操作号码 【1683280】
2024-02-13 02:47:30 GSD getOne 第 1 次 等待 3 秒
2024-02-13 02:47:33 查询号码 【1683280】，返回信息 {"status":"ok","msg":"-","gid":"582839","time_insert":"2023-03-11 02:28"}
2024-02-13 02:47:33 查询号码 【1683280】，GSD为【"-"】
2024-02-13 02:47:33 ok && -
2024-02-13 02:47:35 CHB 1683280?1707763653 第 1 次 等待 3 秒
2024-02-13 02:47:38 CHB 1683280?1707763653 第 1 次 获取到号码【1683280】GSD
2024-02-13 02:47:38 未获取到号码【1683280】GSD，可能号码格式错误
2024-02-13 02:47:38 获取到号码【1683280】的GSD为【-】
2024-02-13 02:47:43 GSD insert 第 1 次 等待 3 秒
2024-02-13 02:47:46 {"status":"bad","gid":"582839","msg":"添加失败！号码【1683280(-|-)】已存在！"}

2024-02-13 03:15:58 开始第 3369 次操作

2024-02-13 03:15:58 开始操作号码 【1683281】
2024-02-13 03:16:02 GSD getOne 第 1 次 等待 3 秒
2024-02-13 03:16:05 查询号码 【1683281】，返回信息 {"status":"ok","msg":"-","gid":"582862","time_insert":"2023-03-11 02:46"}
2024-02-13 03:16:05 查询号码 【1683281】，GSD为【"-"】
2024-02-13 03:16:05 ok && -
2024-02-13 03:16:16 CHB 1683281?1707765365 第 1 次 等待 3 秒
2024-02-13 03:16:19 CHB 1683281?1707765365 第 1 次 获取到号码【1683281】GSD
2024-02-13 03:16:19 未获取到号码【1683281】GSD，可能号码格式错误
2024-02-13 03:16:19 获取到号码【1683281】的GSD为【-】
2024-02-13 03:16:23 GSD insert 第 1 次 等待 3 秒
2024-02-13 03:16:26 {"status":"bad","gid":"582862","msg":"添加失败！号码【1683281(-|-)】已存在！"}
2024-02-13 03:16:26 随机等待 173 秒，约 2 分钟
2024-02-13 03:16:26 下次操作: 2024-02-13 03:19:19

2024-02-13 03:19:19 开始第 3370 次操作

2024-02-13 03:19:19 开始操作号码 【1683282】
2024-02-13 03:19:23 GSD getOne 第 1 次 等待 3 秒
2024-02-13 03:19:26 查询号码 【1683282】，返回信息 {"status":"ok","msg":"-","gid":"582878","time_insert":"2023-03-11 02:59"}
2024-02-13 03:19:26 查询号码 【1683282】，GSD为【"-"】
2024-02-13 03:19:26 ok && -
2024-02-13 03:19:29 CHB 1683282?1707765566 第 1 次 等待 3 秒
2024-02-13 03:19:32 CHB 1683282?1707765566 第 1 次 获取到号码【1683282】GSD
2024-02-13 03:19:32 未获取到号码【1683282】GSD，可能号码格式错误
2024-02-13 03:19:32 获取到号码【1683282】的GSD为【-】
2024-02-13 03:19:36 GSD insert 第 1 次 等待 3 秒
2024-02-13 03:19:39 {"status":"bad","gid":"582878","msg":"添加失败！号码【1683282(-|-)】已存在！"}
2024-02-13 03:19:39 随机等待 94 秒，约 1 分钟
2024-02-13 03:19:39 下次操作: 2024-02-13 03:21:13

2024-02-13 03:21:13 开始第 3371 次操作

2024-02-13 03:21:13 开始操作号码 【1683283】
2024-02-13 03:21:17 GSD getOne 第 1 次 等待 3 秒
2024-02-13 03:21:20 查询号码 【1683283】，返回信息 {"status":"ok","msg":"-","gid":"582893","time_insert":"2023-03-11 03:11"}
2024-02-13 03:21:21 查询号码 【1683283】，GSD为【"-"】
2024-02-13 03:21:21 ok && -
2024-02-13 03:21:23 CHB 1683283?1707765681 第 1 次 等待 3 秒
2024-02-13 03:21:26 CHB 1683283?1707765681 第 1 次 获取到号码【1683283】GSD
2024-02-13 03:21:26 未获取到号码【1683283】GSD，可能号码格式错误
2024-02-13 03:21:26 获取到号码【1683283】的GSD为【-】
2024-02-13 03:21:30 GSD insert 第 1 次 等待 3 秒
2024-02-13 03:21:33 {"status":"bad","gid":"582893","msg":"添加失败！号码【1683283(-|-)】已存在！"}
2024-02-13 03:21:33 随机等待 98 秒，约 1 分钟
2024-02-13 03:21:33 下次操作: 2024-02-13 03:23:11

2024-02-13 03:23:11 开始第 3372 次操作

2024-02-13 03:23:11 开始操作号码 【1683284】
2024-02-13 03:23:16 GSD getOne 第 1 次 等待 3 秒
2024-02-13 03:23:19 查询号码 【1683284】，返回信息 {"status":"ok","msg":"-","gid":"582914","time_insert":"2023-03-11 03:25"}
2024-02-13 03:23:19 查询号码 【1683284】，GSD为【"-"】
2024-02-13 03:23:19 ok && -
2024-02-13 03:23:21 CHB 1683284?1707765799 第 1 次 等待 3 秒
2024-02-13 03:23:24 CHB 1683284?1707765799 第 1 次 获取到号码【1683284】GSD
2024-02-13 03:23:24 未获取到号码【1683284】GSD，可能号码格式错误
2024-02-13 03:23:24 获取到号码【1683284】的GSD为【-】
2024-02-13 03:23:29 GSD insert 第 1 次 等待 3 秒
2024-02-13 03:23:32 {"status":"bad","gid":"582914","msg":"添加失败！号码【1683284(-|-)】已存在！"}

2024-02-13 03:37:38 开始第 3373 次操作

2024-02-13 03:37:38 开始操作号码 【1683285】
2024-02-13 03:37:43 GSD getOne 第 1 次 等待 3 秒
2024-02-13 03:37:46 查询号码 【1683285】，返回信息 {"status":"ok","msg":"-","gid":"582943","time_insert":"2023-03-11 03:49"}
2024-02-13 03:37:46 查询号码 【1683285】，GSD为【"-"】
2024-02-13 03:37:46 ok && -
2024-02-13 03:37:48 CHB 1683285?1707766666 第 1 次 等待 3 秒
2024-02-13 03:37:51 CHB 1683285?1707766666 第 1 次 获取到号码【1683285】GSD
2024-02-13 03:37:51 未获取到号码【1683285】GSD，可能号码格式错误
2024-02-13 03:37:51 获取到号码【1683285】的GSD为【-】
2024-02-13 03:37:56 GSD insert 第 1 次 等待 3 秒
2024-02-13 03:37:59 {"status":"bad","gid":"582943","msg":"添加失败！号码【1683285(-|-)】已存在！"}
2024-02-13 03:37:59 随机等待 233 秒，约 3 分钟
2024-02-13 03:37:59 下次操作: 2024-02-13 03:41:52

2024-02-13 03:41:52 开始第 3374 次操作

2024-02-13 03:41:52 开始操作号码 【1683286】
2024-02-13 03:41:56 GSD getOne 第 1 次 等待 3 秒
2024-02-13 03:41:59 查询号码 【1683286】，返回信息 {"status":"ok","msg":"-","gid":"582963","time_insert":"2023-03-11 04:02"}
2024-02-13 03:42:00 查询号码 【1683286】，GSD为【"-"】
2024-02-13 03:42:00 ok && -
2024-02-13 03:42:02 CHB 1683286?1707766920 第 1 次 等待 3 秒
2024-02-13 03:42:05 CHB 1683286?1707766920 第 1 次 获取到号码【1683286】GSD
2024-02-13 03:42:05 未获取到号码【1683286】GSD，可能号码格式错误
2024-02-13 03:42:05 获取到号码【1683286】的GSD为【-】
2024-02-13 03:42:09 GSD insert 第 1 次 等待 3 秒
2024-02-13 03:42:12 {"status":"bad","gid":"582963","msg":"添加失败！号码【1683286(-|-)】已存在！"}
2024-02-13 03:42:12 随机等待 161 秒，约 2 分钟
2024-02-13 03:42:12 下次操作: 2024-02-13 03:44:53

2024-02-13 03:44:53 开始第 3375 次操作

2024-02-13 03:44:53 开始操作号码 【1683287】
2024-02-13 03:44:58 GSD getOne 第 1 次 等待 3 秒
2024-02-13 03:45:01 查询号码 【1683287】，返回信息 {"status":"ok","msg":"-","gid":"582986","time_insert":"2023-03-11 04:21"}
2024-02-13 03:45:01 查询号码 【1683287】，GSD为【"-"】
2024-02-13 03:45:01 ok && -
2024-02-13 03:45:03 CHB 1683287?1707767101 第 1 次 等待 3 秒
2024-02-13 03:45:06 CHB 1683287?1707767101 第 1 次 获取到号码【1683287】GSD
2024-02-13 03:45:06 未获取到号码【1683287】GSD，可能号码格式错误
2024-02-13 03:45:06 获取到号码【1683287】的GSD为【-】
2024-02-13 03:45:10 GSD insert 第 1 次 等待 3 秒
2024-02-13 03:45:13 {"status":"bad","gid":"582986","msg":"添加失败！号码【1683287(-|-)】已存在！"}
2024-02-13 03:45:13 随机等待 155 秒，约 2 分钟
2024-02-13 03:45:13 下次操作: 2024-02-13 03:47:48

2024-02-13 03:47:48 开始第 3376 次操作

2024-02-13 03:47:48 开始操作号码 【1683288】
2024-02-13 03:47:53 GSD getOne 第 1 次 等待 3 秒
2024-02-13 03:47:56 查询号码 【1683288】，返回信息 {"status":"ok","msg":"-","gid":"583015","time_insert":"2023-03-11 04:43"}
2024-02-13 03:47:56 查询号码 【1683288】，GSD为【"-"】
2024-02-13 03:47:56 ok && -
2024-02-13 03:47:59 CHB 1683288?1707767276 第 1 次 等待 3 秒
2024-02-13 03:48:02 CHB 1683288?1707767276 第 1 次 获取到号码【1683288】GSD
2024-02-13 03:48:02 未获取到号码【1683288】GSD，可能号码格式错误
2024-02-13 03:48:02 获取到号码【1683288】的GSD为【-】
2024-02-13 03:48:06 GSD insert 第 1 次 等待 3 秒
2024-02-13 03:48:09 {"status":"bad","gid":"583015","msg":"添加失败！号码【1683288(-|-)】已存在！"}

