2024-03-07 00:21:49 开始第 7393 次操作

2024-03-07 00:21:49 开始操作号码 【1687305】
2024-03-07 00:21:57 GSD getOne 第 1 次 等待 3 秒
2024-03-07 00:22:00 查询号码 【1687305】，返回信息 {"status":"ok","msg":"-","gid":"672012","time_insert":"2023-04-23 03:39"}
2024-03-07 00:22:00 查询号码 【1687305】，GSD为【"-"】
2024-03-07 00:22:00 ok && -
2024-03-07 00:22:02 CHB 1687305?1709742120 第 1 次 等待 3 秒
2024-03-07 00:22:05 CHB 1687305?1709742120 第 1 次 获取到号码【1687305】GSD
2024-03-07 00:22:05 未获取到号码【1687305】GSD，可能号码格式错误
2024-03-07 00:22:05 获取到号码【1687305】的GSD为【-】
2024-03-07 00:22:10 GSD insert 第 1 次 等待 3 秒
2024-03-07 00:22:13 {"status":"bad","gid":"672012","msg":"添加失败！号码【1687305(-|-)】已存在！"}
2024-03-07 00:22:13 随机等待 130 秒，约 2 分钟
2024-03-07 00:22:13 下次操作: 2024-03-07 00:24:23

2024-03-07 00:24:23 开始第 7394 次操作

2024-03-07 00:24:23 开始操作号码 【1687306】
2024-03-07 00:24:27 GSD getOne 第 1 次 等待 3 秒
2024-03-07 00:24:30 查询号码 【1687306】，返回信息 {"status":"ok","msg":"-","gid":"672008","time_insert":"2023-04-23 03:36"}
2024-03-07 00:24:30 查询号码 【1687306】，GSD为【"-"】
2024-03-07 00:24:30 ok && -
2024-03-07 00:24:32 CHB 1687306?1709742270 第 1 次 等待 3 秒
2024-03-07 00:24:35 CHB 1687306?1709742270 第 1 次 获取到号码【1687306】GSD
2024-03-07 00:24:35 未获取到号码【1687306】GSD，可能号码格式错误
2024-03-07 00:24:35 获取到号码【1687306】的GSD为【-】
2024-03-07 00:24:40 GSD insert 第 1 次 等待 3 秒
2024-03-07 00:24:43 {"status":"bad","gid":"672008","msg":"添加失败！号码【1687306(-|-)】已存在！"}
2024-03-07 00:24:43 随机等待 201 秒，约 3 分钟
2024-03-07 00:24:43 下次操作: 2024-03-07 00:28:04

2024-03-07 00:28:04 开始第 7395 次操作

2024-03-07 00:28:04 开始操作号码 【1687307】
2024-03-07 00:28:09 GSD getOne 第 1 次 等待 3 秒
2024-03-07 00:28:12 查询号码 【1687307】，返回信息 {"status":"ok","msg":"-","gid":"672006","time_insert":"2023-04-23 03:34"}
2024-03-07 00:28:12 查询号码 【1687307】，GSD为【"-"】
2024-03-07 00:28:12 ok && -
2024-03-07 00:28:14 CHB 1687307?1709742492 第 1 次 等待 3 秒
2024-03-07 00:28:17 CHB 1687307?1709742492 第 1 次 获取到号码【1687307】GSD
2024-03-07 00:28:17 未获取到号码【1687307】GSD，可能号码格式错误
2024-03-07 00:28:17 获取到号码【1687307】的GSD为【-】
2024-03-07 00:28:21 GSD insert 第 1 次 等待 3 秒
2024-03-07 00:28:24 {"status":"bad","gid":"672006","msg":"添加失败！号码【1687307(-|-)】已存在！"}
2024-03-07 00:28:24 随机等待 117 秒，约 1 分钟
2024-03-07 00:28:24 下次操作: 2024-03-07 00:30:21

2024-03-07 00:30:21 开始第 7396 次操作

2024-03-07 00:30:21 开始操作号码 【1687308】
2024-03-07 00:30:25 GSD getOne 第 1 次 等待 3 秒
2024-03-07 00:30:28 查询号码 【1687308】，返回信息 {"status":"ok","msg":"-","gid":"672002","time_insert":"2023-04-23 03:31"}
2024-03-07 00:30:29 查询号码 【1687308】，GSD为【"-"】
2024-03-07 00:30:29 ok && -
2024-03-07 00:30:31 CHB 1687308?1709742629 第 1 次 等待 3 秒
2024-03-07 00:30:34 CHB 1687308?1709742629 第 1 次 获取到号码【1687308】GSD
2024-03-07 00:30:34 未获取到号码【1687308】GSD，可能号码格式错误
2024-03-07 00:30:34 获取到号码【1687308】的GSD为【-】
2024-03-07 00:30:38 GSD insert 第 1 次 等待 3 秒
2024-03-07 00:30:41 {"status":"bad","gid":"672002","msg":"添加失败！号码【1687308(-|-)】已存在！"}

