2024-04-02 00:21:36 开始第 1405 次操作

2024-04-02 00:21:36 开始操作号码 【1571318】
2024-04-02 00:21:41 GSD getOne 第 1 次 等待 3 秒
2024-04-02 00:21:44 查询号码 【1571318】，返回信息 {"status":"ok","msg":"河北-衡水","gid":"106981","time_insert":"2021-06-19 22:38"}
2024-04-02 00:21:44 查询号码 【1571318】，GSD为【"河北-衡水"】

2024-04-02 00:21:45 开始第 1406 次操作

2024-04-02 00:21:45 开始操作号码 【1571319】
2024-04-02 00:21:52 GSD getOne 第 1 次 等待 3 秒
2024-04-02 00:21:55 查询号码 【1571319】，返回信息 {"status":"ok","msg":"河北-邢台","gid":"107002","time_insert":"2021-06-19 22:53"}
2024-04-02 00:21:55 查询号码 【1571319】，GSD为【"河北-邢台"】

2024-04-02 00:21:56 开始第 1407 次操作

2024-04-02 00:21:56 开始操作号码 【1571320】
2024-04-02 00:22:02 GSD getOne 第 1 次 等待 3 秒
2024-04-02 00:22:05 查询号码 【1571320】，返回信息 {"status":"ok","msg":"河北-邯郸","gid":"107024","time_insert":"2021-06-19 23:10"}
2024-04-02 00:22:05 查询号码 【1571320】，GSD为【"河北-邯郸"】

2024-04-02 00:22:06 开始第 1408 次操作

2024-04-02 00:22:06 开始操作号码 【1571321】
2024-04-02 00:22:12 GSD getOne 第 1 次 等待 3 秒
2024-04-02 00:22:15 查询号码 【1571321】，返回信息 {"status":"ok","msg":"河北-石家庄","gid":"107052","time_insert":"2021-06-19 23:30"}
2024-04-02 00:22:15 查询号码 【1571321】，GSD为【"河北-石家庄"】

