2023-12-25 00:20:37 开始第 4957 次操作

2023-12-25 00:20:37 开始操作号码 【1794871】
2023-12-25 00:21:03 GSD getOne 第 1 次 等待 3 秒
2023-12-25 00:21:06 查询号码 【1794871】，返回信息 {"status":"ok","msg":"-","gid":"633491","time_insert":"2023-04-04 06:56"}
2023-12-25 00:21:06 查询号码 【1794871】，GSD为【"-"】
2023-12-25 00:21:06 ok && -
2023-12-25 00:21:17 CHB 1794871?1703434866 第 1 次 等待 3 秒
2023-12-25 00:21:20 CHB 1794871?1703434866 第 1 次 获取到号码【1794871】GSD
2023-12-25 00:21:20 未获取到号码【1794871】GSD，可能号码格式错误
2023-12-25 00:21:20 获取到号码【1794871】的GSD为【-】
2023-12-25 00:21:34 GSD insert 第 1 次 等待 3 秒
2023-12-25 00:21:37 {"status":"bad","gid":"633491","msg":"添加失败！号码【1794871(-|-)】已存在！"}
2023-12-25 00:21:37 随机等待 103 秒，约 1 分钟
2023-12-25 00:21:37 下次操作: 2023-12-25 00:23:20

2023-12-25 00:23:20 开始第 4958 次操作

2023-12-25 00:23:20 开始操作号码 【1794872】
2023-12-25 00:23:25 GSD getOne 第 1 次 等待 3 秒
2023-12-25 00:23:28 查询号码 【1794872】，返回信息 {"status":"ok","msg":"-","gid":"633514","time_insert":"2023-04-04 07:13"}
2023-12-25 00:23:28 查询号码 【1794872】，GSD为【"-"】
2023-12-25 00:23:28 ok && -
2023-12-25 00:23:31 CHB 1794872?1703435008 第 1 次 等待 3 秒
2023-12-25 00:23:34 CHB 1794872?1703435008 第 1 次 获取到号码【1794872】GSD
2023-12-25 00:23:34 未获取到号码【1794872】GSD，可能号码格式错误
2023-12-25 00:23:34 获取到号码【1794872】的GSD为【-】
2023-12-25 00:23:38 GSD insert 第 1 次 等待 3 秒
2023-12-25 00:23:41 {"status":"bad","gid":"633514","msg":"添加失败！号码【1794872(-|-)】已存在！"}
2023-12-25 00:23:41 随机等待 85 秒，约 1 分钟
2023-12-25 00:23:41 下次操作: 2023-12-25 00:25:06

2023-12-25 00:25:06 开始第 4959 次操作

2023-12-25 00:25:06 开始操作号码 【1794873】
2023-12-25 00:25:09 GSD getOne 第 1 次 等待 3 秒
2023-12-25 00:25:12 查询号码 【1794873】，返回信息 {"status":"ok","msg":"-","gid":"633539","time_insert":"2023-04-04 07:30"}
2023-12-25 00:25:12 查询号码 【1794873】，GSD为【"-"】
2023-12-25 00:25:12 ok && -
2023-12-25 00:25:14 CHB 1794873?1703435112 第 1 次 等待 3 秒
2023-12-25 00:25:17 CHB 1794873?1703435112 第 1 次 获取到号码【1794873】GSD
2023-12-25 00:25:17 未获取到号码【1794873】GSD，可能号码格式错误
2023-12-25 00:25:17 获取到号码【1794873】的GSD为【-】
2023-12-25 00:25:21 GSD insert 第 1 次 等待 3 秒
2023-12-25 00:25:24 {"status":"bad","gid":"633539","msg":"添加失败！号码【1794873(-|-)】已存在！"}
2023-12-25 00:25:24 随机等待 112 秒，约 1 分钟
2023-12-25 00:25:24 下次操作: 2023-12-25 00:27:16

2023-12-25 00:27:16 开始第 4960 次操作

2023-12-25 00:27:16 开始操作号码 【1794874】
2023-12-25 00:27:22 GSD getOne 第 1 次 等待 3 秒
2023-12-25 00:27:25 查询号码 【1794874】，返回信息 {"status":"ok","msg":"-","gid":"633575","time_insert":"2023-04-04 07:49"}
2023-12-25 00:27:25 查询号码 【1794874】，GSD为【"-"】
2023-12-25 00:27:25 ok && -
2023-12-25 00:27:31 CHB 1794874?1703435245 第 1 次 等待 3 秒
2023-12-25 00:27:34 CHB 1794874?1703435245 第 1 次 获取到号码【1794874】GSD
2023-12-25 00:27:34 未获取到号码【1794874】GSD，可能号码格式错误
2023-12-25 00:27:34 获取到号码【1794874】的GSD为【-】
2023-12-25 00:27:41 GSD insert 第 1 次 等待 3 秒
2023-12-25 00:27:44 {"status":"bad","gid":"633575","msg":"添加失败！号码【1794874(-|-)】已存在！"}

2023-12-25 00:38:48 开始第 4961 次操作

2023-12-25 00:38:48 开始操作号码 【1794875】
2023-12-25 00:38:53 GSD getOne 第 1 次 等待 3 秒
2023-12-25 00:38:56 查询号码 【1794875】，返回信息 {"status":"ok","msg":"-","gid":"633603","time_insert":"2023-04-04 08:08"}
2023-12-25 00:38:56 查询号码 【1794875】，GSD为【"-"】
2023-12-25 00:38:56 ok && -
2023-12-25 00:39:05 CHB 1794875?1703435936 第 1 次 等待 3 秒
2023-12-25 00:39:08 CHB 1794875?1703435936 第 1 次 获取到号码【1794875】GSD
2023-12-25 00:39:08 未获取到号码【1794875】GSD，可能号码格式错误
2023-12-25 00:39:08 获取到号码【1794875】的GSD为【-】
2023-12-25 00:39:12 GSD insert 第 1 次 等待 3 秒
2023-12-25 00:39:15 {"status":"bad","gid":"633603","msg":"添加失败！号码【1794875(-|-)】已存在！"}
2023-12-25 00:39:15 随机等待 100 秒，约 1 分钟
2023-12-25 00:39:15 下次操作: 2023-12-25 00:40:55

2023-12-25 00:40:55 开始第 4962 次操作

2023-12-25 00:40:55 开始操作号码 【1794876】
2023-12-25 00:40:59 GSD getOne 第 1 次 等待 3 秒
2023-12-25 00:41:02 查询号码 【1794876】，返回信息 {"status":"ok","msg":"-","gid":"633622","time_insert":"2023-04-04 08:27"}
2023-12-25 00:41:02 查询号码 【1794876】，GSD为【"-"】
2023-12-25 00:41:02 ok && -
2023-12-25 00:41:08 CHB 1794876?1703436062 第 1 次 等待 3 秒
2023-12-25 00:41:11 CHB 1794876?1703436062 第 1 次 获取到号码【1794876】GSD
2023-12-25 00:41:11 未获取到号码【1794876】GSD，可能号码格式错误
2023-12-25 00:41:11 获取到号码【1794876】的GSD为【-】
2023-12-25 00:41:15 GSD insert 第 1 次 等待 3 秒
2023-12-25 00:41:18 {"status":"bad","gid":"633622","msg":"添加失败！号码【1794876(-|-)】已存在！"}
2023-12-25 00:41:18 随机等待 104 秒，约 1 分钟
2023-12-25 00:41:18 下次操作: 2023-12-25 00:43:02

2023-12-25 00:43:02 开始第 4963 次操作

2023-12-25 00:43:02 开始操作号码 【1794877】
2023-12-25 00:43:07 GSD getOne 第 1 次 等待 3 秒
2023-12-25 00:43:10 查询号码 【1794877】，返回信息 {"status":"ok","msg":"-","gid":"633635","time_insert":"2023-04-04 08:44"}
2023-12-25 00:43:10 查询号码 【1794877】，GSD为【"-"】
2023-12-25 00:43:10 ok && -
2023-12-25 00:43:13 CHB 1794877?1703436190 第 1 次 等待 3 秒
2023-12-25 00:43:16 CHB 1794877?1703436190 第 1 次 获取到号码【1794877】GSD
2023-12-25 00:43:16 未获取到号码【1794877】GSD，可能号码格式错误
2023-12-25 00:43:16 获取到号码【1794877】的GSD为【-】
2023-12-25 00:43:19 GSD insert 第 1 次 等待 3 秒
2023-12-25 00:43:22 {"status":"bad","gid":"633635","msg":"添加失败！号码【1794877(-|-)】已存在！"}
2023-12-25 00:43:22 随机等待 71 秒，约 1 分钟
2023-12-25 00:43:22 下次操作: 2023-12-25 00:44:33

2023-12-25 00:44:33 开始第 4964 次操作

2023-12-25 00:44:33 开始操作号码 【1794878】
2023-12-25 00:44:41 GSD getOne 第 1 次 等待 3 秒
2023-12-25 00:44:44 查询号码 【1794878】，返回信息 {"status":"ok","msg":"-","gid":"633665","time_insert":"2023-04-04 09:04"}
2023-12-25 00:44:44 查询号码 【1794878】，GSD为【"-"】
2023-12-25 00:44:44 ok && -
2023-12-25 00:44:47 CHB 1794878?1703436284 第 1 次 等待 3 秒
2023-12-25 00:44:50 CHB 1794878?1703436284 第 1 次 获取到号码【1794878】GSD
2023-12-25 00:44:50 未获取到号码【1794878】GSD，可能号码格式错误
2023-12-25 00:44:50 获取到号码【1794878】的GSD为【-】
2023-12-25 00:44:55 GSD insert 第 1 次 等待 3 秒
2023-12-25 00:44:58 {"status":"bad","gid":"633665","msg":"添加失败！号码【1794878(-|-)】已存在！"}

2023-12-25 01:14:23 开始第 4965 次操作

2023-12-25 01:14:23 开始操作号码 【1794879】
2023-12-25 01:14:27 GSD getOne 第 1 次 等待 3 秒
2023-12-25 01:14:30 查询号码 【1794879】，返回信息 {"status":"ok","msg":"-","gid":"633687","time_insert":"2023-04-04 09:24"}
2023-12-25 01:14:30 查询号码 【1794879】，GSD为【"-"】
2023-12-25 01:14:30 ok && -
2023-12-25 01:14:33 CHB 1794879?1703438070 第 1 次 等待 3 秒
2023-12-25 01:14:36 CHB 1794879?1703438070 第 1 次 获取到号码【1794879】GSD
2023-12-25 01:14:36 未获取到号码【1794879】GSD，可能号码格式错误
2023-12-25 01:14:36 获取到号码【1794879】的GSD为【-】
2023-12-25 01:14:40 GSD insert 第 1 次 等待 3 秒
2023-12-25 01:14:44 {"status":"bad","gid":"633687","msg":"添加失败！号码【1794879(-|-)】已存在！"}
2023-12-25 01:14:44 随机等待 94 秒，约 1 分钟
2023-12-25 01:14:44 下次操作: 2023-12-25 01:16:18

2023-12-25 01:16:18 开始第 4966 次操作

2023-12-25 01:16:18 开始操作号码 【1794880】
2023-12-25 01:16:21 GSD getOne 第 1 次 等待 3 秒
2023-12-25 01:16:24 查询号码 【1794880】，返回信息 {"status":"ok","msg":"-","gid":"633709","time_insert":"2023-04-04 09:42"}
2023-12-25 01:16:24 查询号码 【1794880】，GSD为【"-"】
2023-12-25 01:16:24 ok && -
2023-12-25 01:16:28 CHB 1794880?1703438184 第 1 次 等待 3 秒
2023-12-25 01:16:31 CHB 1794880?1703438184 第 1 次 获取到号码【1794880】GSD
2023-12-25 01:16:31 未获取到号码【1794880】GSD，可能号码格式错误
2023-12-25 01:16:31 获取到号码【1794880】的GSD为【-】
2023-12-25 01:16:35 GSD insert 第 1 次 等待 3 秒
2023-12-25 01:16:38 {"status":"bad","gid":"633709","msg":"添加失败！号码【1794880(-|-)】已存在！"}
2023-12-25 01:16:38 随机等待 179 秒，约 2 分钟
2023-12-25 01:16:38 下次操作: 2023-12-25 01:19:37

2023-12-25 01:19:37 开始第 4967 次操作

2023-12-25 01:19:37 开始操作号码 【1794881】
2023-12-25 01:19:41 GSD getOne 第 1 次 等待 3 秒
2023-12-25 01:19:44 查询号码 【1794881】，返回信息 {"status":"ok","msg":"-","gid":"633726","time_insert":"2023-04-04 10:00"}
2023-12-25 01:19:44 查询号码 【1794881】，GSD为【"-"】
2023-12-25 01:19:44 ok && -
2023-12-25 01:19:46 CHB 1794881?1703438384 第 1 次 等待 3 秒
2023-12-25 01:19:49 CHB 1794881?1703438384 第 1 次 获取到号码【1794881】GSD
2023-12-25 01:19:49 未获取到号码【1794881】GSD，可能号码格式错误
2023-12-25 01:19:49 获取到号码【1794881】的GSD为【-】
2023-12-25 01:19:56 GSD insert 第 1 次 等待 3 秒
2023-12-25 01:19:59 {"status":"bad","gid":"633726","msg":"添加失败！号码【1794881(-|-)】已存在！"}
2023-12-25 01:19:59 随机等待 109 秒，约 1 分钟
2023-12-25 01:19:59 下次操作: 2023-12-25 01:21:48

2023-12-25 01:21:48 开始第 4968 次操作

2023-12-25 01:21:48 开始操作号码 【1794882】
2023-12-25 01:21:53 GSD getOne 第 1 次 等待 3 秒
2023-12-25 01:21:56 查询号码 【1794882】，返回信息 {"status":"ok","msg":"-","gid":"633751","time_insert":"2023-04-04 10:19"}
2023-12-25 01:21:57 查询号码 【1794882】，GSD为【"-"】
2023-12-25 01:21:57 ok && -
2023-12-25 01:21:59 CHB 1794882?1703438517 第 1 次 等待 3 秒
2023-12-25 01:22:02 CHB 1794882?1703438517 第 1 次 获取到号码【1794882】GSD
2023-12-25 01:22:02 未获取到号码【1794882】GSD，可能号码格式错误
2023-12-25 01:22:02 获取到号码【1794882】的GSD为【-】
2023-12-25 01:22:06 GSD insert 第 1 次 等待 3 秒
2023-12-25 01:22:09 {"status":"bad","gid":"633751","msg":"添加失败！号码【1794882(-|-)】已存在！"}

2023-12-25 01:37:34 开始第 4969 次操作

2023-12-25 01:37:34 开始操作号码 【1794883】
2023-12-25 01:37:39 GSD getOne 第 1 次 等待 3 秒
2023-12-25 01:37:42 查询号码 【1794883】，返回信息 {"status":"ok","msg":"-","gid":"633770","time_insert":"2023-04-04 10:36"}
2023-12-25 01:37:42 查询号码 【1794883】，GSD为【"-"】
2023-12-25 01:37:42 ok && -
2023-12-25 01:37:45 CHB 1794883?1703439462 第 1 次 等待 3 秒
2023-12-25 01:37:48 CHB 1794883?1703439462 第 1 次 获取到号码【1794883】GSD
2023-12-25 01:37:48 未获取到号码【1794883】GSD，可能号码格式错误
2023-12-25 01:37:48 获取到号码【1794883】的GSD为【-】
2023-12-25 01:37:52 GSD insert 第 1 次 等待 3 秒
2023-12-25 01:37:55 {"status":"bad","gid":"633770","msg":"添加失败！号码【1794883(-|-)】已存在！"}
2023-12-25 01:37:55 随机等待 79 秒，约 1 分钟
2023-12-25 01:37:55 下次操作: 2023-12-25 01:39:14

2023-12-25 01:39:14 开始第 4970 次操作

2023-12-25 01:39:14 开始操作号码 【1794884】
2023-12-25 01:39:18 GSD getOne 第 1 次 等待 3 秒
2023-12-25 01:39:21 查询号码 【1794884】，返回信息 {"status":"ok","msg":"-","gid":"633805","time_insert":"2023-04-04 10:55"}
2023-12-25 01:39:21 查询号码 【1794884】，GSD为【"-"】
2023-12-25 01:39:21 ok && -
2023-12-25 01:39:24 CHB 1794884?1703439561 第 1 次 等待 3 秒
2023-12-25 01:39:27 CHB 1794884?1703439561 第 1 次 获取到号码【1794884】GSD
2023-12-25 01:39:27 未获取到号码【1794884】GSD，可能号码格式错误
2023-12-25 01:39:27 获取到号码【1794884】的GSD为【-】
2023-12-25 01:39:31 GSD insert 第 1 次 等待 3 秒
2023-12-25 01:39:34 {"status":"bad","gid":"633805","msg":"添加失败！号码【1794884(-|-)】已存在！"}
2023-12-25 01:39:34 随机等待 165 秒，约 2 分钟
2023-12-25 01:39:34 下次操作: 2023-12-25 01:42:19

2023-12-25 01:42:19 开始第 4971 次操作

2023-12-25 01:42:19 开始操作号码 【1794885】
2023-12-25 01:42:23 GSD getOne 第 1 次 等待 3 秒
2023-12-25 01:42:26 查询号码 【1794885】，返回信息 {"status":"ok","msg":"-","gid":"633827","time_insert":"2023-04-04 11:14"}
2023-12-25 01:42:26 查询号码 【1794885】，GSD为【"-"】
2023-12-25 01:42:26 ok && -
2023-12-25 01:42:29 CHB 1794885?1703439746 第 1 次 等待 3 秒
2023-12-25 01:42:32 CHB 1794885?1703439746 第 1 次 获取到号码【1794885】GSD
2023-12-25 01:42:32 未获取到号码【1794885】GSD，可能号码格式错误
2023-12-25 01:42:32 获取到号码【1794885】的GSD为【-】
2023-12-25 01:42:38 GSD insert 第 1 次 等待 3 秒
2023-12-25 01:42:41 {"status":"bad","gid":"633827","msg":"添加失败！号码【1794885(-|-)】已存在！"}
2023-12-25 01:42:41 随机等待 183 秒，约 3 分钟
2023-12-25 01:42:41 下次操作: 2023-12-25 01:45:44

2023-12-25 01:45:44 开始第 4972 次操作

2023-12-25 01:45:44 开始操作号码 【1794886】
2023-12-25 01:45:48 GSD getOne 第 1 次 等待 3 秒
2023-12-25 01:45:51 查询号码 【1794886】，返回信息 {"status":"ok","msg":"-","gid":"633858","time_insert":"2023-04-04 11:32"}
2023-12-25 01:45:51 查询号码 【1794886】，GSD为【"-"】
2023-12-25 01:45:51 ok && -
2023-12-25 01:45:53 CHB 1794886?1703439951 第 1 次 等待 3 秒
2023-12-25 01:45:56 CHB 1794886?1703439951 第 1 次 获取到号码【1794886】GSD
2023-12-25 01:45:56 未获取到号码【1794886】GSD，可能号码格式错误
2023-12-25 01:45:56 获取到号码【1794886】的GSD为【-】
2023-12-25 01:46:00 GSD insert 第 1 次 等待 3 秒
2023-12-25 01:46:03 {"status":"bad","gid":"633858","msg":"添加失败！号码【1794886(-|-)】已存在！"}

2023-12-25 02:19:44 开始第 4973 次操作

2023-12-25 02:19:44 开始操作号码 【1794887】
2023-12-25 02:19:48 GSD getOne 第 1 次 等待 3 秒
2023-12-25 02:19:51 查询号码 【1794887】，返回信息 {"status":"ok","msg":"-","gid":"633888","time_insert":"2023-04-04 11:48"}
2023-12-25 02:19:51 查询号码 【1794887】，GSD为【"-"】
2023-12-25 02:19:51 ok && -
2023-12-25 02:19:53 CHB 1794887?1703441991 第 1 次 等待 3 秒
2023-12-25 02:19:56 CHB 1794887?1703441991 第 1 次 获取到号码【1794887】GSD
2023-12-25 02:19:56 未获取到号码【1794887】GSD，可能号码格式错误
2023-12-25 02:19:56 获取到号码【1794887】的GSD为【-】
2023-12-25 02:19:59 GSD insert 第 1 次 等待 3 秒
2023-12-25 02:20:02 {"status":"bad","gid":"633888","msg":"添加失败！号码【1794887(-|-)】已存在！"}
2023-12-25 02:20:02 随机等待 174 秒，约 2 分钟
2023-12-25 02:20:02 下次操作: 2023-12-25 02:22:56

2023-12-25 02:22:56 开始第 4974 次操作

2023-12-25 02:22:56 开始操作号码 【1794888】
2023-12-25 02:23:00 GSD getOne 第 1 次 等待 3 秒
2023-12-25 02:23:03 查询号码 【1794888】，返回信息 {"status":"ok","msg":"-","gid":"633910","time_insert":"2023-04-04 12:03"}
2023-12-25 02:23:03 查询号码 【1794888】，GSD为【"-"】
2023-12-25 02:23:03 ok && -
2023-12-25 02:23:04 CHB 1794888?1703442183 第 1 次 等待 3 秒
2023-12-25 02:23:07 CHB 1794888?1703442183 第 1 次 获取到号码【1794888】GSD
2023-12-25 02:23:07 未获取到号码【1794888】GSD，可能号码格式错误
2023-12-25 02:23:07 获取到号码【1794888】的GSD为【-】
2023-12-25 02:23:11 GSD insert 第 1 次 等待 3 秒
2023-12-25 02:23:14 {"status":"bad","gid":"633910","msg":"添加失败！号码【1794888(-|-)】已存在！"}
2023-12-25 02:23:14 随机等待 119 秒，约 1 分钟
2023-12-25 02:23:14 下次操作: 2023-12-25 02:25:13

2023-12-25 02:25:13 开始第 4975 次操作

2023-12-25 02:25:13 开始操作号码 【1794889】
2023-12-25 02:25:16 GSD getOne 第 1 次 等待 3 秒
2023-12-25 02:25:19 查询号码 【1794889】，返回信息 {"status":"ok","msg":"-","gid":"633933","time_insert":"2023-04-04 12:19"}
2023-12-25 02:25:19 查询号码 【1794889】，GSD为【"-"】
2023-12-25 02:25:19 ok && -
2023-12-25 02:25:22 CHB 1794889?1703442319 第 1 次 等待 3 秒
2023-12-25 02:25:25 CHB 1794889?1703442319 第 1 次 获取到号码【1794889】GSD
2023-12-25 02:25:25 未获取到号码【1794889】GSD，可能号码格式错误
2023-12-25 02:25:25 获取到号码【1794889】的GSD为【-】
2023-12-25 02:25:28 GSD insert 第 1 次 等待 3 秒
2023-12-25 02:25:31 {"status":"bad","gid":"633933","msg":"添加失败！号码【1794889(-|-)】已存在！"}
2023-12-25 02:25:31 随机等待 145 秒，约 2 分钟
2023-12-25 02:25:31 下次操作: 2023-12-25 02:27:56

2023-12-25 02:27:56 开始第 4976 次操作

2023-12-25 02:27:56 开始操作号码 【1794890】
2023-12-25 02:28:00 GSD getOne 第 1 次 等待 3 秒
2023-12-25 02:28:03 查询号码 【1794890】，返回信息 {"status":"ok","msg":"-","gid":"633963","time_insert":"2023-04-04 12:39"}
2023-12-25 02:28:03 查询号码 【1794890】，GSD为【"-"】
2023-12-25 02:28:03 ok && -
2023-12-25 02:28:05 CHB 1794890?1703442483 第 1 次 等待 3 秒
2023-12-25 02:28:08 CHB 1794890?1703442483 第 1 次 获取到号码【1794890】GSD
2023-12-25 02:28:08 未获取到号码【1794890】GSD，可能号码格式错误
2023-12-25 02:28:08 获取到号码【1794890】的GSD为【-】
2023-12-25 02:28:11 GSD insert 第 1 次 等待 3 秒
2023-12-25 02:28:14 {"status":"bad","gid":"633963","msg":"添加失败！号码【1794890(-|-)】已存在！"}

