2021-07-12 01:00:02 开始第 1 次操作

2021-07-12 01:00:02 开始操作号码 【1490090】
2021-07-12 01:00:09 GSD getOne 第 1 次 等待 1 秒
2021-07-12 01:00:10 查询号码 【1490090】，返回信息 {"status":"bad","msg":""}
2021-07-12 01:00:10 查询号码 【1490090】，GSD为【""】
2021-07-12 01:00:10 bad
2021-07-12 01:00:12 CHB 1490090?1626022810 第 1 次 等待 1 秒
2021-07-12 01:00:13 CHB 1490090?1626022810 第 1 次 获取到号码【1490090】GSD
2021-07-12 01:00:13 未获取到号码【1490090】GSD，可能号码格式错误
2021-07-12 01:00:13 获取到号码【1490090】的GSD为【-】
2021-07-12 01:00:33 GSD insert 第 1 次 等待 1 秒
2021-07-12 01:00:34 {"status":"ok","msg":"添加成功！252148"}
2021-07-12 01:00:34 下次操作: 2021-07-12 01:00:49

2021-07-12 01:00:49 开始第 2 次操作

2021-07-12 01:00:49 开始操作号码 【1490091】
2021-07-12 01:00:54 GSD getOne 第 1 次 等待 1 秒
2021-07-12 01:00:55 查询号码 【1490091】，返回信息 {"status":"bad","msg":""}
2021-07-12 01:00:55 查询号码 【1490091】，GSD为【""】
2021-07-12 01:00:55 bad
2021-07-12 01:00:57 CHB 1490091?1626022855 第 1 次 等待 1 秒
2021-07-12 01:00:58 CHB 1490091?1626022855 第 1 次 获取到号码【1490091】GSD
2021-07-12 01:00:58 未获取到号码【1490091】GSD，可能号码格式错误
2021-07-12 01:00:58 获取到号码【1490091】的GSD为【-】
2021-07-12 01:01:18 GSD insert 第 1 次 等待 1 秒
2021-07-12 01:01:19 {"status":"ok","msg":"添加成功！252159"}
2021-07-12 01:01:19 下次操作: 2021-07-12 01:01:34

2021-07-12 01:01:34 开始第 3 次操作

2021-07-12 01:01:34 开始操作号码 【1490092】
2021-07-12 01:01:39 GSD getOne 第 1 次 等待 1 秒
2021-07-12 01:01:40 查询号码 【1490092】，返回信息 {"status":"bad","msg":""}
2021-07-12 01:01:40 查询号码 【1490092】，GSD为【""】
2021-07-12 01:01:40 bad
2021-07-12 01:01:43 CHB 1490092?1626022900 第 1 次 等待 1 秒
2021-07-12 01:01:44 CHB 1490092?1626022900 第 1 次 获取到号码【1490092】GSD
2021-07-12 01:01:44 未获取到号码【1490092】GSD，可能号码格式错误
2021-07-12 01:01:44 获取到号码【1490092】的GSD为【-】
2021-07-12 01:02:04 GSD insert 第 1 次 等待 1 秒
2021-07-12 01:02:05 {"status":"ok","msg":"添加成功！252168"}
2021-07-12 01:02:05 下次操作: 2021-07-12 01:02:12

2021-07-12 01:02:12 开始第 4 次操作

2021-07-12 01:02:12 开始操作号码 【1490093】
2021-07-12 01:02:33 GSD getOne 第 1 次 等待 1 秒
2021-07-12 01:02:34 查询号码 【1490093】，返回信息 {"status":"bad","msg":""}
2021-07-12 01:02:34 查询号码 【1490093】，GSD为【""】
2021-07-12 01:02:34 bad
2021-07-12 01:02:37 CHB 1490093?1626022954 第 1 次 等待 1 秒
2021-07-12 01:02:38 CHB 1490093?1626022954 第 1 次 获取到号码【1490093】GSD
2021-07-12 01:02:38 未获取到号码【1490093】GSD，可能号码格式错误
2021-07-12 01:02:38 获取到号码【1490093】的GSD为【-】
2021-07-12 01:02:57 GSD insert 第 1 次 等待 1 秒
2021-07-12 01:02:58 {"status":"ok","msg":"添加成功！252181"}
2021-07-12 01:02:58 下次操作: 2021-07-12 01:03:09

2021-07-12 01:03:09 开始第 5 次操作

2021-07-12 01:03:09 开始操作号码 【1490094】
2021-07-12 01:03:20 GSD getOne 第 1 次 等待 1 秒
2021-07-12 01:03:21 查询号码 【1490094】，返回信息 {"status":"bad","msg":""}
2021-07-12 01:03:22 查询号码 【1490094】，GSD为【""】
2021-07-12 01:03:22 bad
2021-07-12 01:03:24 CHB 1490094?1626023002 第 1 次 等待 1 秒
2021-07-12 01:03:25 CHB 1490094?1626023002 第 1 次 获取到号码【1490094】GSD
2021-07-12 01:03:25 未获取到号码【1490094】GSD，可能号码格式错误
2021-07-12 01:03:25 获取到号码【1490094】的GSD为【-】
2021-07-12 01:03:47 GSD insert 第 1 次 等待 1 秒
2021-07-12 01:03:48 {"status":"ok","msg":"添加成功！252191"}
2021-07-12 01:03:48 下次操作: 2021-07-12 01:03:56

2021-07-12 01:03:56 开始第 6 次操作

2021-07-12 01:03:56 开始操作号码 【1490095】
2021-07-12 01:04:16 GSD getOne 第 1 次 等待 1 秒
2021-07-12 01:04:17 查询号码 【1490095】，返回信息 {"status":"bad","msg":""}
2021-07-12 01:04:17 查询号码 【1490095】，GSD为【""】
2021-07-12 01:04:17 bad
2021-07-12 01:04:19 CHB 1490095?1626023057 第 1 次 等待 1 秒
2021-07-12 01:04:20 CHB 1490095?1626023057 第 1 次 获取到号码【1490095】GSD
2021-07-12 01:04:20 未获取到号码【1490095】GSD，可能号码格式错误
2021-07-12 01:04:20 获取到号码【1490095】的GSD为【-】
2021-07-12 01:04:40 GSD insert 第 1 次 等待 1 秒
2021-07-12 01:04:41 {"status":"ok","msg":"添加成功！252203"}
2021-07-12 01:04:41 下次操作: 2021-07-12 01:04:52

2021-07-12 01:04:52 开始第 7 次操作

2021-07-12 01:04:52 开始操作号码 【1490096】
2021-07-12 01:05:04 GSD getOne 第 1 次 等待 1 秒
2021-07-12 01:05:05 查询号码 【1490096】，返回信息 {"status":"bad","msg":""}
2021-07-12 01:05:05 查询号码 【1490096】，GSD为【""】
2021-07-12 01:05:05 bad
2021-07-12 01:05:08 CHB 1490096?1626023105 第 1 次 等待 1 秒
2021-07-12 01:05:09 CHB 1490096?1626023105 第 1 次 获取到号码【1490096】GSD
2021-07-12 01:05:09 未获取到号码【1490096】GSD，可能号码格式错误
2021-07-12 01:05:09 获取到号码【1490096】的GSD为【-】
2021-07-12 01:05:38 GSD insert 第 1 次 等待 1 秒
2021-07-12 01:05:39 {"status":"ok","msg":"添加成功！252211"}
2021-07-12 01:05:39 下次操作: 2021-07-12 01:05:50

2021-07-12 01:05:50 开始第 8 次操作

2021-07-12 01:05:50 开始操作号码 【1490097】
2021-07-12 01:06:06 GSD getOne 第 1 次 等待 1 秒
2021-07-12 01:06:07 查询号码 【1490097】，返回信息 {"status":"bad","msg":""}
2021-07-12 01:06:07 查询号码 【1490097】，GSD为【""】
2021-07-12 01:06:07 bad
2021-07-12 01:06:09 CHB 1490097?1626023167 第 1 次 等待 1 秒
2021-07-12 01:06:10 CHB 1490097?1626023167 第 1 次 获取到号码【1490097】GSD
2021-07-12 01:06:10 未获取到号码【1490097】GSD，可能号码格式错误
2021-07-12 01:06:10 获取到号码【1490097】的GSD为【-】
2021-07-12 01:06:30 GSD insert 第 1 次 等待 1 秒
2021-07-12 01:06:31 {"status":"ok","msg":"添加成功！252217"}
2021-07-12 01:06:31 下次操作: 2021-07-12 01:06:37

2021-07-12 01:06:37 开始第 9 次操作

2021-07-12 01:06:37 开始操作号码 【1490098】
2021-07-12 01:06:56 GSD getOne 第 1 次 等待 1 秒
2021-07-12 01:06:57 查询号码 【1490098】，返回信息 {"status":"bad","msg":""}
2021-07-12 01:06:57 查询号码 【1490098】，GSD为【""】
2021-07-12 01:06:57 bad
2021-07-12 01:06:59 CHB 1490098?1626023217 第 1 次 等待 1 秒
2021-07-12 01:07:00 CHB 1490098?1626023217 第 1 次 获取到号码【1490098】GSD
2021-07-12 01:07:00 未获取到号码【1490098】GSD，可能号码格式错误
2021-07-12 01:07:00 获取到号码【1490098】的GSD为【-】
2021-07-12 01:07:19 GSD insert 第 1 次 等待 1 秒
2021-07-12 01:07:20 {"status":"ok","msg":"添加成功！252225"}
2021-07-12 01:07:20 下次操作: 2021-07-12 01:07:33

2021-07-12 01:07:33 开始第 10 次操作

2021-07-12 01:07:33 开始操作号码 【1490099】
2021-07-12 01:07:40 GSD getOne 第 1 次 等待 1 秒
2021-07-12 01:07:41 查询号码 【1490099】，返回信息 {"status":"bad","msg":""}
2021-07-12 01:07:41 查询号码 【1490099】，GSD为【""】
2021-07-12 01:07:41 bad
2021-07-12 01:07:43 CHB 1490099?1626023261 第 1 次 等待 1 秒
2021-07-12 01:07:44 CHB 1490099?1626023261 第 1 次 获取到号码【1490099】GSD
2021-07-12 01:07:44 未获取到号码【1490099】GSD，可能号码格式错误
2021-07-12 01:07:44 获取到号码【1490099】的GSD为【-】
2021-07-12 01:08:05 GSD insert 第 1 次 等待 1 秒
2021-07-12 01:08:06 {"status":"ok","msg":"添加成功！252238"}
2021-07-12 01:08:06 下次操作: 2021-07-12 01:08:17

2021-07-12 01:08:17 开始第 11 次操作

2021-07-12 01:08:17 开始操作号码 【1490100】
2021-07-12 01:08:29 GSD getOne 第 1 次 等待 1 秒
2021-07-12 01:08:30 查询号码 【1490100】，返回信息 {"status":"bad","msg":""}
2021-07-12 01:08:30 查询号码 【1490100】，GSD为【""】
2021-07-12 01:08:30 bad
2021-07-12 01:08:32 CHB 1490100?1626023310 第 1 次 等待 1 秒
2021-07-12 01:08:33 CHB 1490100?1626023310 第 1 次 获取到号码【1490100】GSD
2021-07-12 01:08:33 未获取到号码【1490100】GSD，可能号码格式错误
2021-07-12 01:08:33 获取到号码【1490100】的GSD为【-】
2021-07-12 01:08:52 GSD insert 第 1 次 等待 1 秒
2021-07-12 01:08:53 {"status":"ok","msg":"添加成功！252251"}
2021-07-12 01:08:53 下次操作: 2021-07-12 01:09:00

2021-07-12 01:09:00 开始第 12 次操作

2021-07-12 01:09:00 开始操作号码 【1490101】
2021-07-12 01:09:19 GSD getOne 第 1 次 等待 1 秒
2021-07-12 01:09:20 查询号码 【1490101】，返回信息 {"status":"bad","msg":""}
2021-07-12 01:09:20 查询号码 【1490101】，GSD为【""】
2021-07-12 01:09:20 bad
2021-07-12 01:09:22 CHB 1490101?1626023360 第 1 次 等待 1 秒
2021-07-12 01:09:23 CHB 1490101?1626023360 第 1 次 获取到号码【1490101】GSD
2021-07-12 01:09:23 未获取到号码【1490101】GSD，可能号码格式错误
2021-07-12 01:09:23 获取到号码【1490101】的GSD为【-】
2021-07-12 01:09:42 GSD insert 第 1 次 等待 1 秒
2021-07-12 01:09:43 {"status":"ok","msg":"添加成功！252263"}
2021-07-12 01:09:43 下次操作: 2021-07-12 01:09:52

2021-07-12 01:09:52 开始第 13 次操作

2021-07-12 01:09:52 开始操作号码 【1490102】
2021-07-12 01:10:03 GSD getOne 第 1 次 等待 1 秒
2021-07-12 01:10:04 查询号码 【1490102】，返回信息 {"status":"bad","msg":""}
2021-07-12 01:10:04 查询号码 【1490102】，GSD为【""】
2021-07-12 01:10:04 bad
2021-07-12 01:10:06 CHB 1490102?1626023404 第 1 次 等待 1 秒
2021-07-12 01:10:07 CHB 1490102?1626023404 第 1 次 获取到号码【1490102】GSD
2021-07-12 01:10:07 未获取到号码【1490102】GSD，可能号码格式错误
2021-07-12 01:10:07 获取到号码【1490102】的GSD为【-】
2021-07-12 01:10:26 GSD insert 第 1 次 等待 1 秒
2021-07-12 01:10:27 {"status":"ok","msg":"添加成功！252272"}
2021-07-12 01:10:27 下次操作: 2021-07-12 01:10:38

2021-07-12 01:10:38 开始第 14 次操作

2021-07-12 01:10:38 开始操作号码 【1490103】
2021-07-12 01:10:49 GSD getOne 第 1 次 等待 1 秒
2021-07-12 01:10:50 查询号码 【1490103】，返回信息 {"status":"bad","msg":""}
2021-07-12 01:10:50 查询号码 【1490103】，GSD为【""】
2021-07-12 01:10:50 bad
2021-07-12 01:10:53 CHB 1490103?1626023450 第 1 次 等待 1 秒
2021-07-12 01:10:54 CHB 1490103?1626023450 第 1 次 获取到号码【1490103】GSD
2021-07-12 01:10:54 未获取到号码【1490103】GSD，可能号码格式错误
2021-07-12 01:10:54 获取到号码【1490103】的GSD为【-】
2021-07-12 01:11:13 GSD insert 第 1 次 等待 1 秒
2021-07-12 01:11:14 {"status":"ok","msg":"添加成功！252285"}
2021-07-12 01:11:14 下次操作: 2021-07-12 01:11:24

2021-07-12 01:11:24 开始第 15 次操作

2021-07-12 01:11:24 开始操作号码 【1490104】
2021-07-12 01:11:38 GSD getOne 第 1 次 等待 1 秒
2021-07-12 01:11:39 查询号码 【1490104】，返回信息 {"status":"bad","msg":""}
2021-07-12 01:11:39 查询号码 【1490104】，GSD为【""】
2021-07-12 01:11:39 bad
2021-07-12 01:11:41 CHB 1490104?1626023499 第 1 次 等待 1 秒
2021-07-12 01:11:42 CHB 1490104?1626023499 第 1 次 获取到号码【1490104】GSD
2021-07-12 01:11:42 未获取到号码【1490104】GSD，可能号码格式错误
2021-07-12 01:11:42 获取到号码【1490104】的GSD为【-】
2021-07-12 01:12:01 GSD insert 第 1 次 等待 1 秒
2021-07-12 01:12:02 {"status":"ok","msg":"添加成功！252290"}
2021-07-12 01:12:02 下次操作: 2021-07-12 01:12:14

2021-07-12 01:12:14 开始第 16 次操作

2021-07-12 01:12:14 开始操作号码 【1490105】
2021-07-12 01:12:21 GSD getOne 第 1 次 等待 1 秒
2021-07-12 01:12:22 查询号码 【1490105】，返回信息 {"status":"bad","msg":""}
2021-07-12 01:12:22 查询号码 【1490105】，GSD为【""】
2021-07-12 01:12:22 bad
2021-07-12 01:12:24 CHB 1490105?1626023542 第 1 次 等待 1 秒
2021-07-12 01:12:25 CHB 1490105?1626023542 第 1 次 获取到号码【1490105】GSD
2021-07-12 01:12:25 未获取到号码【1490105】GSD，可能号码格式错误
2021-07-12 01:12:25 获取到号码【1490105】的GSD为【-】
2021-07-12 01:12:46 GSD insert 第 1 次 等待 1 秒
2021-07-12 01:12:47 {"status":"ok","msg":"添加成功！252298"}
2021-07-12 01:12:47 下次操作: 2021-07-12 01:12:54

2021-07-12 01:12:54 开始第 17 次操作

2021-07-12 01:12:54 开始操作号码 【1490106】
2021-07-12 01:13:14 GSD getOne 第 1 次 等待 1 秒
2021-07-12 01:13:15 查询号码 【1490106】，返回信息 {"status":"bad","msg":""}
2021-07-12 01:13:15 查询号码 【1490106】，GSD为【""】
2021-07-12 01:13:15 bad
2021-07-12 01:13:17 CHB 1490106?1626023595 第 1 次 等待 1 秒
2021-07-12 01:13:18 CHB 1490106?1626023595 第 1 次 获取到号码【1490106】GSD
2021-07-12 01:13:18 未获取到号码【1490106】GSD，可能号码格式错误
2021-07-12 01:13:18 获取到号码【1490106】的GSD为【-】
2021-07-12 01:13:40 GSD insert 第 1 次 等待 1 秒
2021-07-12 01:13:41 {"status":"ok","msg":"添加成功！252307"}
2021-07-12 01:13:41 下次操作: 2021-07-12 01:13:56

2021-07-12 01:13:56 开始第 18 次操作

2021-07-12 01:13:56 开始操作号码 【1490107】
2021-07-12 01:14:01 GSD getOne 第 1 次 等待 1 秒
2021-07-12 01:14:02 查询号码 【1490107】，返回信息 {"status":"bad","msg":""}
2021-07-12 01:14:02 查询号码 【1490107】，GSD为【""】
2021-07-12 01:14:02 bad
2021-07-12 01:14:06 CHB 1490107?1626023642 第 1 次 等待 1 秒
2021-07-12 01:14:07 CHB 1490107?1626023642 第 1 次 获取到号码【1490107】GSD
2021-07-12 01:14:07 未获取到号码【1490107】GSD，可能号码格式错误
2021-07-12 01:14:07 获取到号码【1490107】的GSD为【-】
2021-07-12 01:14:26 GSD insert 第 1 次 等待 1 秒
2021-07-12 01:14:27 {"status":"ok","msg":"添加成功！252315"}
2021-07-12 01:14:27 下次操作: 2021-07-12 01:14:41

2021-07-12 01:14:41 开始第 19 次操作

2021-07-12 01:14:41 开始操作号码 【1490108】
2021-07-12 01:14:46 GSD getOne 第 1 次 等待 1 秒
2021-07-12 01:14:47 查询号码 【1490108】，返回信息 {"status":"bad","msg":""}
2021-07-12 01:14:47 查询号码 【1490108】，GSD为【""】
2021-07-12 01:14:47 bad
2021-07-12 01:14:48 CHB 1490108?1626023687 第 1 次 等待 1 秒
2021-07-12 01:14:49 CHB 1490108?1626023687 第 1 次 获取到号码【1490108】GSD
2021-07-12 01:14:50 未获取到号码【1490108】GSD，可能号码格式错误
2021-07-12 01:14:50 获取到号码【1490108】的GSD为【-】
2021-07-12 01:15:11 GSD insert 第 1 次 等待 1 秒
2021-07-12 01:15:12 {"status":"ok","msg":"添加成功！252324"}
2021-07-12 01:15:12 下次操作: 2021-07-12 01:15:26

2021-07-12 01:15:26 开始第 20 次操作

2021-07-12 01:15:26 开始操作号码 【1490109】
2021-07-12 01:15:31 GSD getOne 第 1 次 等待 1 秒
2021-07-12 01:15:32 查询号码 【1490109】，返回信息 {"status":"bad","msg":""}
2021-07-12 01:15:32 查询号码 【1490109】，GSD为【""】
2021-07-12 01:15:32 bad
2021-07-12 01:15:34 CHB 1490109?1626023732 第 1 次 等待 1 秒
2021-07-12 01:15:35 CHB 1490109?1626023732 第 1 次 获取到号码【1490109】GSD
2021-07-12 01:15:35 未获取到号码【1490109】GSD，可能号码格式错误
2021-07-12 01:15:35 获取到号码【1490109】的GSD为【-】
2021-07-12 01:15:54 GSD insert 第 1 次 等待 1 秒
2021-07-12 01:15:55 {"status":"ok","msg":"添加成功！252334"}
2021-07-12 01:15:55 下次操作: 2021-07-12 01:16:08

2021-07-12 01:16:08 开始第 21 次操作

2021-07-12 01:16:08 开始操作号码 【1490110】
2021-07-12 01:16:15 GSD getOne 第 1 次 等待 1 秒
2021-07-12 01:16:16 查询号码 【1490110】，返回信息 {"status":"bad","msg":""}
2021-07-12 01:16:16 查询号码 【1490110】，GSD为【""】
2021-07-12 01:16:16 bad
2021-07-12 01:16:19 CHB 1490110?1626023776 第 1 次 等待 1 秒
2021-07-12 01:16:20 CHB 1490110?1626023776 第 1 次 获取到号码【1490110】GSD
2021-07-12 01:16:20 未获取到号码【1490110】GSD，可能号码格式错误
2021-07-12 01:16:20 获取到号码【1490110】的GSD为【-】
2021-07-12 01:16:39 GSD insert 第 1 次 等待 1 秒
2021-07-12 01:16:40 {"status":"ok","msg":"添加成功！252343"}
2021-07-12 01:16:40 下次操作: 2021-07-12 01:16:48

2021-07-12 01:16:48 开始第 22 次操作

2021-07-12 01:16:48 开始操作号码 【1490111】
2021-07-12 01:16:59 GSD getOne 第 1 次 等待 1 秒
2021-07-12 01:17:00 查询号码 【1490111】，返回信息 {"status":"bad","msg":""}
2021-07-12 01:17:00 查询号码 【1490111】，GSD为【""】
2021-07-12 01:17:00 bad
2021-07-12 01:17:03 CHB 1490111?1626023820 第 1 次 等待 1 秒
2021-07-12 01:17:04 CHB 1490111?1626023820 第 1 次 获取到号码【1490111】GSD
2021-07-12 01:17:04 未获取到号码【1490111】GSD，可能号码格式错误
2021-07-12 01:17:04 获取到号码【1490111】的GSD为【-】
2021-07-12 01:17:26 GSD insert 第 1 次 等待 1 秒
2021-07-12 01:17:27 {"status":"ok","msg":"添加成功！252348"}
2021-07-12 01:17:27 下次操作: 2021-07-12 01:17:36

2021-07-12 01:17:36 开始第 23 次操作

2021-07-12 01:17:36 开始操作号码 【1490112】
2021-07-12 01:17:47 GSD getOne 第 1 次 等待 1 秒
2021-07-12 01:17:48 查询号码 【1490112】，返回信息 {"status":"bad","msg":""}
2021-07-12 01:17:49 查询号码 【1490112】，GSD为【""】
2021-07-12 01:17:49 bad
2021-07-12 01:17:51 CHB 1490112?1626023869 第 1 次 等待 1 秒
2021-07-12 01:17:52 CHB 1490112?1626023869 第 1 次 获取到号码【1490112】GSD
2021-07-12 01:17:52 未获取到号码【1490112】GSD，可能号码格式错误
2021-07-12 01:17:52 获取到号码【1490112】的GSD为【-】
2021-07-12 01:18:11 GSD insert 第 1 次 等待 1 秒
2021-07-12 01:18:12 {"status":"ok","msg":"添加成功！252352"}
2021-07-12 01:18:12 下次操作: 2021-07-12 01:18:28

2021-07-12 01:18:28 开始第 24 次操作

2021-07-12 01:18:28 开始操作号码 【1490113】
2021-07-12 01:18:31 GSD getOne 第 1 次 等待 1 秒
2021-07-12 01:18:32 查询号码 【1490113】，返回信息 {"status":"bad","msg":""}
2021-07-12 01:18:33 查询号码 【1490113】，GSD为【""】
2021-07-12 01:18:33 bad
2021-07-12 01:18:34 CHB 1490113?1626023913 第 1 次 等待 1 秒
2021-07-12 01:18:35 CHB 1490113?1626023913 第 1 次 获取到号码【1490113】GSD
2021-07-12 01:18:35 未获取到号码【1490113】GSD，可能号码格式错误
2021-07-12 01:18:35 获取到号码【1490113】的GSD为【-】
2021-07-12 01:18:55 GSD insert 第 1 次 等待 1 秒
2021-07-12 01:18:56 {"status":"ok","msg":"添加成功！252354"}
2021-07-12 01:18:56 下次操作: 2021-07-12 01:19:05

2021-07-12 01:19:05 开始第 25 次操作

2021-07-12 01:19:05 开始操作号码 【1490114】
2021-07-12 01:19:15 GSD getOne 第 1 次 等待 1 秒
2021-07-12 01:19:16 查询号码 【1490114】，返回信息 {"status":"bad","msg":""}
2021-07-12 01:19:17 查询号码 【1490114】，GSD为【""】
2021-07-12 01:19:17 bad
2021-07-12 01:19:19 CHB 1490114?1626023957 第 1 次 等待 1 秒
2021-07-12 01:19:20 CHB 1490114?1626023957 第 1 次 获取到号码【1490114】GSD
2021-07-12 01:19:21 未获取到号码【1490114】GSD，可能号码格式错误
2021-07-12 01:19:21 获取到号码【1490114】的GSD为【-】
2021-07-12 01:19:42 GSD insert 第 1 次 等待 1 秒
2021-07-12 01:19:43 {"status":"ok","msg":"添加成功！252363"}
2021-07-12 01:19:43 下次操作: 2021-07-12 01:19:52

2021-07-12 01:19:52 开始第 26 次操作

2021-07-12 01:19:52 开始操作号码 【1490115】
2021-07-12 01:20:03 GSD getOne 第 1 次 等待 1 秒
2021-07-12 01:20:04 查询号码 【1490115】，返回信息 {"status":"bad","msg":""}
2021-07-12 01:20:04 查询号码 【1490115】，GSD为【""】
2021-07-12 01:20:04 bad
2021-07-12 01:20:06 CHB 1490115?1626024004 第 1 次 等待 1 秒
2021-07-12 01:20:07 CHB 1490115?1626024004 第 1 次 获取到号码【1490115】GSD
2021-07-12 01:20:07 未获取到号码【1490115】GSD，可能号码格式错误
2021-07-12 01:20:07 获取到号码【1490115】的GSD为【-】
2021-07-12 01:20:26 GSD insert 第 1 次 等待 1 秒
2021-07-12 01:20:27 {"status":"ok","msg":"添加成功！252372"}
2021-07-12 01:20:27 下次操作: 2021-07-12 01:20:39

2021-07-12 01:20:39 开始第 27 次操作

2021-07-12 01:20:39 开始操作号码 【1490116】
2021-07-12 01:20:46 GSD getOne 第 1 次 等待 1 秒
2021-07-12 01:20:47 查询号码 【1490116】，返回信息 {"status":"bad","msg":""}
2021-07-12 01:20:47 查询号码 【1490116】，GSD为【""】
2021-07-12 01:20:47 bad
2021-07-12 01:20:49 CHB 1490116?1626024047 第 1 次 等待 1 秒
2021-07-12 01:20:50 CHB 1490116?1626024047 第 1 次 获取到号码【1490116】GSD
2021-07-12 01:20:50 未获取到号码【1490116】GSD，可能号码格式错误
2021-07-12 01:20:50 获取到号码【1490116】的GSD为【-】
2021-07-12 01:21:19 GSD insert 第 1 次 等待 1 秒
2021-07-12 01:21:20 {"status":"ok","msg":"添加成功！252379"}
2021-07-12 01:21:20 下次操作: 2021-07-12 01:21:34

2021-07-12 01:21:34 开始第 28 次操作

2021-07-12 01:21:34 开始操作号码 【1490117】
2021-07-12 01:21:39 GSD getOne 第 1 次 等待 1 秒
2021-07-12 01:21:40 查询号码 【1490117】，返回信息 {"status":"bad","msg":""}
2021-07-12 01:21:40 查询号码 【1490117】，GSD为【""】
2021-07-12 01:21:40 bad
2021-07-12 01:21:41 CHB 1490117?1626024100 第 1 次 等待 1 秒
2021-07-12 01:21:42 CHB 1490117?1626024100 第 1 次 获取到号码【1490117】GSD
2021-07-12 01:21:42 未获取到号码【1490117】GSD，可能号码格式错误
2021-07-12 01:21:42 获取到号码【1490117】的GSD为【-】
2021-07-12 01:22:02 GSD insert 第 1 次 等待 1 秒
2021-07-12 01:22:03 {"status":"ok","msg":"添加成功！252385"}
2021-07-12 01:22:03 下次操作: 2021-07-12 01:22:15

2021-07-12 01:22:15 开始第 29 次操作

2021-07-12 01:22:15 开始操作号码 【1490118】
2021-07-12 01:22:22 GSD getOne 第 1 次 等待 1 秒
2021-07-12 01:22:23 查询号码 【1490118】，返回信息 {"status":"bad","msg":""}
2021-07-12 01:22:23 查询号码 【1490118】，GSD为【""】
2021-07-12 01:22:23 bad
2021-07-12 01:22:25 CHB 1490118?1626024143 第 1 次 等待 1 秒
2021-07-12 01:22:26 CHB 1490118?1626024143 第 1 次 获取到号码【1490118】GSD
2021-07-12 01:22:26 未获取到号码【1490118】GSD，可能号码格式错误
2021-07-12 01:22:26 获取到号码【1490118】的GSD为【-】
2021-07-12 01:22:45 GSD insert 第 1 次 等待 1 秒
2021-07-12 01:22:46 {"status":"ok","msg":"添加成功！252392"}
2021-07-12 01:22:46 下次操作: 2021-07-12 01:23:02

2021-07-12 01:23:02 开始第 30 次操作

2021-07-12 01:23:02 开始操作号码 【1490119】
2021-07-12 01:23:06 GSD getOne 第 1 次 等待 1 秒
2021-07-12 01:23:07 查询号码 【1490119】，返回信息 {"status":"bad","msg":""}
2021-07-12 01:23:07 查询号码 【1490119】，GSD为【""】
2021-07-12 01:23:07 bad
2021-07-12 01:23:10 CHB 1490119?1626024187 第 1 次 等待 1 秒
2021-07-12 01:23:11 CHB 1490119?1626024187 第 1 次 获取到号码【1490119】GSD
2021-07-12 01:23:11 未获取到号码【1490119】GSD，可能号码格式错误
2021-07-12 01:23:11 获取到号码【1490119】的GSD为【-】
2021-07-12 01:23:30 GSD insert 第 1 次 等待 1 秒
2021-07-12 01:23:31 {"status":"ok","msg":"添加成功！252398"}

2021-07-12 01:41:55 开始第 1 次操作

2021-07-12 01:41:55 开始操作号码 【1490120】
2021-07-12 01:42:01 GSD getOne 第 1 次 等待 1 秒
2021-07-12 01:42:02 查询号码 【1490120】，返回信息 {"status":"bad","msg":""}
2021-07-12 01:42:02 查询号码 【1490120】，GSD为【""】
2021-07-12 01:42:02 bad
2021-07-12 01:42:04 CHB 1490120?1626025322 第 1 次 等待 1 秒
2021-07-12 01:42:05 CHB 1490120?1626025322 第 1 次 获取到号码【1490120】GSD
2021-07-12 01:42:05 未获取到号码【1490120】GSD，可能号码格式错误
2021-07-12 01:42:05 获取到号码【1490120】的GSD为【-】
2021-07-12 01:42:08 GSD insert 第 1 次 等待 1 秒
2021-07-12 01:42:09 {"status":"ok","msg":"添加成功！252472"}
2021-07-12 01:42:09 下次操作: 2021-07-12 01:42:27

2021-07-12 01:42:27 开始第 2 次操作

2021-07-12 01:42:27 开始操作号码 【1490121】
2021-07-12 01:42:33 GSD getOne 第 1 次 等待 1 秒
2021-07-12 01:42:34 查询号码 【1490121】，返回信息 {"status":"bad","msg":""}
2021-07-12 01:42:34 查询号码 【1490121】，GSD为【""】
2021-07-12 01:42:34 bad
2021-07-12 01:42:36 CHB 1490121?1626025354 第 1 次 等待 1 秒
2021-07-12 01:42:37 CHB 1490121?1626025354 第 1 次 获取到号码【1490121】GSD
2021-07-12 01:42:37 未获取到号码【1490121】GSD，可能号码格式错误
2021-07-12 01:42:37 获取到号码【1490121】的GSD为【-】
2021-07-12 01:42:41 GSD insert 第 1 次 等待 1 秒
2021-07-12 01:42:42 {"status":"ok","msg":"添加成功！252480"}
2021-07-12 01:42:42 下次操作: 2021-07-12 01:42:59

2021-07-12 01:42:59 开始第 3 次操作

2021-07-12 01:42:59 开始操作号码 【1490122】
2021-07-12 01:43:03 GSD getOne 第 1 次 等待 1 秒
2021-07-12 01:43:04 查询号码 【1490122】，返回信息 {"status":"bad","msg":""}
2021-07-12 01:43:04 查询号码 【1490122】，GSD为【""】
2021-07-12 01:43:04 bad
2021-07-12 01:43:05 CHB 1490122?1626025384 第 1 次 等待 1 秒
2021-07-12 01:43:06 CHB 1490122?1626025384 第 1 次 获取到号码【1490122】GSD
2021-07-12 01:43:06 未获取到号码【1490122】GSD，可能号码格式错误
2021-07-12 01:43:06 获取到号码【1490122】的GSD为【-】
2021-07-12 01:43:10 GSD insert 第 1 次 等待 1 秒
2021-07-12 01:43:11 {"status":"ok","msg":"添加成功！252488"}
2021-07-12 01:43:11 下次操作: 2021-07-12 01:43:19

2021-07-12 01:43:19 开始第 4 次操作

2021-07-12 01:43:19 开始操作号码 【1490123】
2021-07-12 01:43:23 GSD getOne 第 1 次 等待 1 秒
2021-07-12 01:43:24 查询号码 【1490123】，返回信息 {"status":"bad","msg":""}
2021-07-12 01:43:24 查询号码 【1490123】，GSD为【""】
2021-07-12 01:43:24 bad
2021-07-12 01:43:26 CHB 1490123?1626025404 第 1 次 等待 1 秒
2021-07-12 01:43:27 CHB 1490123?1626025404 第 1 次 获取到号码【1490123】GSD
2021-07-12 01:43:27 未获取到号码【1490123】GSD，可能号码格式错误
2021-07-12 01:43:27 获取到号码【1490123】的GSD为【-】
2021-07-12 01:43:31 GSD insert 第 1 次 等待 1 秒
2021-07-12 01:43:32 {"status":"ok","msg":"添加成功！252491"}
2021-07-12 01:43:32 下次操作: 2021-07-12 01:43:45

2021-07-12 01:43:45 开始第 5 次操作

2021-07-12 01:43:45 开始操作号码 【1490124】
2021-07-12 01:43:49 GSD getOne 第 1 次 等待 1 秒
2021-07-12 01:43:50 查询号码 【1490124】，返回信息 {"status":"bad","msg":""}
2021-07-12 01:43:50 查询号码 【1490124】，GSD为【""】
2021-07-12 01:43:50 bad
2021-07-12 01:43:51 CHB 1490124?1626025430 第 1 次 等待 1 秒
2021-07-12 01:43:52 CHB 1490124?1626025430 第 1 次 获取到号码【1490124】GSD
2021-07-12 01:43:52 未获取到号码【1490124】GSD，可能号码格式错误
2021-07-12 01:43:52 获取到号码【1490124】的GSD为【-】
2021-07-12 01:43:56 GSD insert 第 1 次 等待 1 秒
2021-07-12 01:43:57 {"status":"ok","msg":"添加成功！252499"}
2021-07-12 01:43:57 下次操作: 2021-07-12 01:44:15

2021-07-12 01:44:15 开始第 6 次操作

2021-07-12 01:44:15 开始操作号码 【1490125】
2021-07-12 01:44:19 GSD getOne 第 1 次 等待 1 秒
2021-07-12 01:44:20 查询号码 【1490125】，返回信息 {"status":"bad","msg":""}
2021-07-12 01:44:20 查询号码 【1490125】，GSD为【""】
2021-07-12 01:44:20 bad
2021-07-12 01:44:21 CHB 1490125?1626025460 第 1 次 等待 1 秒
2021-07-12 01:44:22 CHB 1490125?1626025460 第 1 次 获取到号码【1490125】GSD
2021-07-12 01:44:22 未获取到号码【1490125】GSD，可能号码格式错误
2021-07-12 01:44:22 获取到号码【1490125】的GSD为【-】
2021-07-12 01:44:26 GSD insert 第 1 次 等待 1 秒
2021-07-12 01:44:27 {"status":"ok","msg":"添加成功！252505"}
2021-07-12 01:44:27 下次操作: 2021-07-12 01:44:42

2021-07-12 01:44:42 开始第 7 次操作

2021-07-12 01:44:42 开始操作号码 【1490126】
2021-07-12 01:44:46 GSD getOne 第 1 次 等待 1 秒
2021-07-12 01:44:47 查询号码 【1490126】，返回信息 {"status":"bad","msg":""}
2021-07-12 01:44:47 查询号码 【1490126】，GSD为【""】
2021-07-12 01:44:47 bad
2021-07-12 01:44:48 CHB 1490126?1626025487 第 1 次 等待 1 秒
2021-07-12 01:44:49 CHB 1490126?1626025487 第 1 次 获取到号码【1490126】GSD
2021-07-12 01:44:49 未获取到号码【1490126】GSD，可能号码格式错误
2021-07-12 01:44:49 获取到号码【1490126】的GSD为【-】
2021-07-12 01:44:54 GSD insert 第 1 次 等待 1 秒
2021-07-12 01:44:55 {"status":"ok","msg":"添加成功！252513"}
2021-07-12 01:44:55 下次操作: 2021-07-12 01:45:09

2021-07-12 01:45:09 开始第 8 次操作

2021-07-12 01:45:09 开始操作号码 【1490127】
2021-07-12 01:45:13 GSD getOne 第 1 次 等待 1 秒
2021-07-12 01:45:14 查询号码 【1490127】，返回信息 {"status":"bad","msg":""}
2021-07-12 01:45:14 查询号码 【1490127】，GSD为【""】
2021-07-12 01:45:14 bad
2021-07-12 01:45:16 CHB 1490127?1626025514 第 1 次 等待 1 秒
2021-07-12 01:45:17 CHB 1490127?1626025514 第 1 次 获取到号码【1490127】GSD
2021-07-12 01:45:17 未获取到号码【1490127】GSD，可能号码格式错误
2021-07-12 01:45:17 获取到号码【1490127】的GSD为【-】
2021-07-12 01:45:20 GSD insert 第 1 次 等待 1 秒
2021-07-12 01:45:21 {"status":"ok","msg":"添加成功！252521"}
2021-07-12 01:45:22 下次操作: 2021-07-12 01:45:36

2021-07-12 01:45:36 开始第 9 次操作

2021-07-12 01:45:36 开始操作号码 【1490128】
2021-07-12 01:45:42 GSD getOne 第 1 次 等待 1 秒
2021-07-12 01:45:43 查询号码 【1490128】，返回信息 {"status":"bad","msg":""}
2021-07-12 01:45:43 查询号码 【1490128】，GSD为【""】
2021-07-12 01:45:43 bad
2021-07-12 01:45:45 CHB 1490128?1626025543 第 1 次 等待 1 秒
2021-07-12 01:45:46 CHB 1490128?1626025543 第 1 次 获取到号码【1490128】GSD
2021-07-12 01:45:46 未获取到号码【1490128】GSD，可能号码格式错误
2021-07-12 01:45:46 获取到号码【1490128】的GSD为【-】
2021-07-12 01:45:49 GSD insert 第 1 次 等待 1 秒
2021-07-12 01:45:50 {"status":"ok","msg":"添加成功！252528"}
2021-07-12 01:45:50 下次操作: 2021-07-12 01:45:59

2021-07-12 01:45:59 开始第 10 次操作

2021-07-12 01:45:59 开始操作号码 【1490129】
2021-07-12 01:46:03 GSD getOne 第 1 次 等待 1 秒
2021-07-12 01:46:04 查询号码 【1490129】，返回信息 {"status":"bad","msg":""}
2021-07-12 01:46:04 查询号码 【1490129】，GSD为【""】
2021-07-12 01:46:04 bad
2021-07-12 01:46:06 CHB 1490129?1626025564 第 1 次 等待 1 秒
2021-07-12 01:46:07 CHB 1490129?1626025564 第 1 次 获取到号码【1490129】GSD
2021-07-12 01:46:07 未获取到号码【1490129】GSD，可能号码格式错误
2021-07-12 01:46:07 获取到号码【1490129】的GSD为【-】
2021-07-12 01:46:12 GSD insert 第 1 次 等待 1 秒
2021-07-12 01:46:13 {"status":"ok","msg":"添加成功！252534"}
2021-07-12 01:46:13 下次操作: 2021-07-12 01:46:19

2021-07-12 01:46:19 开始第 11 次操作

2021-07-12 01:46:19 开始操作号码 【1490130】
2021-07-12 01:46:24 GSD getOne 第 1 次 等待 1 秒
2021-07-12 01:46:26 查询号码 【1490130】，返回信息 {"status":"bad","msg":""}
2021-07-12 01:46:26 查询号码 【1490130】，GSD为【""】
2021-07-12 01:46:26 bad
2021-07-12 01:46:28 CHB 1490130?1626025586 第 1 次 等待 1 秒
2021-07-12 01:46:29 CHB 1490130?1626025586 第 1 次 获取到号码【1490130】GSD
2021-07-12 01:46:29 未获取到号码【1490130】GSD，可能号码格式错误
2021-07-12 01:46:29 获取到号码【1490130】的GSD为【-】
2021-07-12 01:46:32 GSD insert 第 1 次 等待 1 秒
2021-07-12 01:46:33 {"status":"ok","msg":"添加成功！252542"}
2021-07-12 01:46:33 下次操作: 2021-07-12 01:46:44

2021-07-12 01:46:44 开始第 12 次操作

2021-07-12 01:46:44 开始操作号码 【1490131】
2021-07-12 01:46:48 GSD getOne 第 1 次 等待 1 秒
2021-07-12 01:46:49 查询号码 【1490131】，返回信息 {"status":"bad","msg":""}
2021-07-12 01:46:49 查询号码 【1490131】，GSD为【""】
2021-07-12 01:46:49 bad
2021-07-12 01:46:51 CHB 1490131?1626025609 第 1 次 等待 1 秒
2021-07-12 01:46:52 CHB 1490131?1626025609 第 1 次 获取到号码【1490131】GSD
2021-07-12 01:46:52 未获取到号码【1490131】GSD，可能号码格式错误
2021-07-12 01:46:52 获取到号码【1490131】的GSD为【-】
2021-07-12 01:46:56 GSD insert 第 1 次 等待 1 秒
2021-07-12 01:46:57 {"status":"ok","msg":"添加成功！252552"}
2021-07-12 01:46:57 下次操作: 2021-07-12 01:47:13

2021-07-12 01:47:13 开始第 13 次操作

2021-07-12 01:47:13 开始操作号码 【1490132】
2021-07-12 01:47:17 GSD getOne 第 1 次 等待 1 秒
2021-07-12 01:47:18 查询号码 【1490132】，返回信息 {"status":"bad","msg":""}
2021-07-12 01:47:18 查询号码 【1490132】，GSD为【""】
2021-07-12 01:47:18 bad
2021-07-12 01:47:19 CHB 1490132?1626025638 第 1 次 等待 1 秒
2021-07-12 01:47:20 CHB 1490132?1626025638 第 1 次 获取到号码【1490132】GSD
2021-07-12 01:47:20 未获取到号码【1490132】GSD，可能号码格式错误
2021-07-12 01:47:20 获取到号码【1490132】的GSD为【-】
2021-07-12 01:47:24 GSD insert 第 1 次 等待 1 秒
2021-07-12 01:47:25 {"status":"ok","msg":"添加成功！252558"}
2021-07-12 01:47:25 下次操作: 2021-07-12 01:47:33

2021-07-12 01:47:33 开始第 14 次操作

2021-07-12 01:47:33 开始操作号码 【1490133】
2021-07-12 01:47:37 GSD getOne 第 1 次 等待 1 秒
2021-07-12 01:47:38 查询号码 【1490133】，返回信息 {"status":"bad","msg":""}
2021-07-12 01:47:38 查询号码 【1490133】，GSD为【""】
2021-07-12 01:47:38 bad
2021-07-12 01:47:39 CHB 1490133?1626025658 第 1 次 等待 1 秒
2021-07-12 01:47:40 CHB 1490133?1626025658 第 1 次 获取到号码【1490133】GSD
2021-07-12 01:47:40 未获取到号码【1490133】GSD，可能号码格式错误
2021-07-12 01:47:40 获取到号码【1490133】的GSD为【-】
2021-07-12 01:47:44 GSD insert 第 1 次 等待 1 秒
2021-07-12 01:47:45 {"status":"ok","msg":"添加成功！252562"}
2021-07-12 01:47:45 下次操作: 2021-07-12 01:48:00

2021-07-12 01:48:00 开始第 15 次操作

2021-07-12 01:48:00 开始操作号码 【1490134】
2021-07-12 01:48:04 GSD getOne 第 1 次 等待 1 秒
2021-07-12 01:48:05 查询号码 【1490134】，返回信息 {"status":"bad","msg":""}
2021-07-12 01:48:05 查询号码 【1490134】，GSD为【""】
2021-07-12 01:48:05 bad
2021-07-12 01:48:06 CHB 1490134?1626025685 第 1 次 等待 1 秒
2021-07-12 01:48:07 CHB 1490134?1626025685 第 1 次 获取到号码【1490134】GSD
2021-07-12 01:48:07 未获取到号码【1490134】GSD，可能号码格式错误
2021-07-12 01:48:07 获取到号码【1490134】的GSD为【-】
2021-07-12 01:48:11 GSD insert 第 1 次 等待 1 秒
2021-07-12 01:48:12 {"status":"ok","msg":"添加成功！252566"}
2021-07-12 01:48:12 下次操作: 2021-07-12 01:48:26

2021-07-12 01:48:26 开始第 16 次操作

2021-07-12 01:48:26 开始操作号码 【1490135】
2021-07-12 01:48:30 GSD getOne 第 1 次 等待 1 秒
2021-07-12 01:48:31 查询号码 【1490135】，返回信息 {"status":"bad","msg":""}
2021-07-12 01:48:31 查询号码 【1490135】，GSD为【""】
2021-07-12 01:48:31 bad
2021-07-12 01:48:33 CHB 1490135?1626025711 第 1 次 等待 1 秒
2021-07-12 01:48:34 CHB 1490135?1626025711 第 1 次 获取到号码【1490135】GSD
2021-07-12 01:48:34 未获取到号码【1490135】GSD，可能号码格式错误
2021-07-12 01:48:34 获取到号码【1490135】的GSD为【-】
2021-07-12 01:48:39 GSD insert 第 1 次 等待 1 秒
2021-07-12 01:48:40 {"status":"ok","msg":"添加成功！252574"}
2021-07-12 01:48:40 下次操作: 2021-07-12 01:48:50

2021-07-12 01:48:50 开始第 17 次操作

2021-07-12 01:48:50 开始操作号码 【1490136】
2021-07-12 01:48:54 GSD getOne 第 1 次 等待 1 秒
2021-07-12 01:48:55 查询号码 【1490136】，返回信息 {"status":"bad","msg":""}
2021-07-12 01:48:56 查询号码 【1490136】，GSD为【""】
2021-07-12 01:48:56 bad
2021-07-12 01:48:57 CHB 1490136?1626025736 第 1 次 等待 1 秒
2021-07-12 01:48:58 CHB 1490136?1626025736 第 1 次 获取到号码【1490136】GSD
2021-07-12 01:48:58 未获取到号码【1490136】GSD，可能号码格式错误
2021-07-12 01:48:58 获取到号码【1490136】的GSD为【-】
2021-07-12 01:49:03 GSD insert 第 1 次 等待 1 秒
2021-07-12 01:49:04 {"status":"ok","msg":"添加成功！252580"}
2021-07-12 01:49:04 下次操作: 2021-07-12 01:49:14

2021-07-12 01:49:14 开始第 18 次操作

2021-07-12 01:49:14 开始操作号码 【1490137】
2021-07-12 01:49:20 GSD getOne 第 1 次 等待 1 秒
2021-07-12 01:49:21 查询号码 【1490137】，返回信息 {"status":"bad","msg":""}
2021-07-12 01:49:21 查询号码 【1490137】，GSD为【""】
2021-07-12 01:49:21 bad
2021-07-12 01:49:22 CHB 1490137?1626025761 第 1 次 等待 1 秒
2021-07-12 01:49:23 CHB 1490137?1626025761 第 1 次 获取到号码【1490137】GSD
2021-07-12 01:49:23 未获取到号码【1490137】GSD，可能号码格式错误
2021-07-12 01:49:23 获取到号码【1490137】的GSD为【-】
2021-07-12 01:49:27 GSD insert 第 1 次 等待 1 秒
2021-07-12 01:49:28 {"status":"ok","msg":"添加成功！252586"}
2021-07-12 01:49:28 下次操作: 2021-07-12 01:49:41

2021-07-12 01:49:41 开始第 19 次操作

2021-07-12 01:49:41 开始操作号码 【1490138】
2021-07-12 01:49:45 GSD getOne 第 1 次 等待 1 秒
2021-07-12 01:49:46 查询号码 【1490138】，返回信息 {"status":"bad","msg":""}
2021-07-12 01:49:46 查询号码 【1490138】，GSD为【""】
2021-07-12 01:49:46 bad
2021-07-12 01:49:48 CHB 1490138?1626025786 第 1 次 等待 1 秒
2021-07-12 01:49:49 CHB 1490138?1626025786 第 1 次 获取到号码【1490138】GSD
2021-07-12 01:49:49 未获取到号码【1490138】GSD，可能号码格式错误
2021-07-12 01:49:49 获取到号码【1490138】的GSD为【-】
2021-07-12 01:49:53 GSD insert 第 1 次 等待 1 秒
2021-07-12 01:49:54 {"status":"ok","msg":"添加成功！252590"}
2021-07-12 01:49:54 下次操作: 2021-07-12 01:50:11

2021-07-12 01:50:11 开始第 20 次操作

2021-07-12 01:50:11 开始操作号码 【1490139】
2021-07-12 01:50:16 GSD getOne 第 1 次 等待 1 秒
2021-07-12 01:50:17 查询号码 【1490139】，返回信息 {"status":"bad","msg":""}
2021-07-12 01:50:17 查询号码 【1490139】，GSD为【""】
2021-07-12 01:50:17 bad
2021-07-12 01:50:19 CHB 1490139?1626025817 第 1 次 等待 1 秒
2021-07-12 01:50:20 CHB 1490139?1626025817 第 1 次 获取到号码【1490139】GSD
2021-07-12 01:50:20 未获取到号码【1490139】GSD，可能号码格式错误
2021-07-12 01:50:20 获取到号码【1490139】的GSD为【-】
2021-07-12 01:50:24 GSD insert 第 1 次 等待 1 秒
2021-07-12 01:50:25 {"status":"ok","msg":"添加成功！252599"}
2021-07-12 01:50:25 下次操作: 2021-07-12 01:50:40

2021-07-12 01:50:40 开始第 21 次操作

2021-07-12 01:50:40 开始操作号码 【1490140】
2021-07-12 01:50:43 GSD getOne 第 1 次 等待 1 秒
2021-07-12 01:50:44 查询号码 【1490140】，返回信息 {"status":"bad","msg":""}
2021-07-12 01:50:44 查询号码 【1490140】，GSD为【""】
2021-07-12 01:50:44 bad
2021-07-12 01:50:46 CHB 1490140?1626025844 第 1 次 等待 1 秒
2021-07-12 01:50:47 CHB 1490140?1626025844 第 1 次 获取到号码【1490140】GSD
2021-07-12 01:50:47 未获取到号码【1490140】GSD，可能号码格式错误
2021-07-12 01:50:47 获取到号码【1490140】的GSD为【-】
2021-07-12 01:50:51 GSD insert 第 1 次 等待 1 秒
2021-07-12 01:50:52 {"status":"ok","msg":"添加成功！252608"}
2021-07-12 01:50:52 下次操作: 2021-07-12 01:51:06

2021-07-12 01:51:06 开始第 22 次操作

2021-07-12 01:51:06 开始操作号码 【1490141】
2021-07-12 01:51:10 GSD getOne 第 1 次 等待 1 秒
2021-07-12 01:51:11 查询号码 【1490141】，返回信息 {"status":"bad","msg":""}
2021-07-12 01:51:11 查询号码 【1490141】，GSD为【""】
2021-07-12 01:51:11 bad
2021-07-12 01:51:12 CHB 1490141?1626025871 第 1 次 等待 1 秒
2021-07-12 01:51:14 CHB 1490141?1626025871 第 1 次 获取到号码【1490141】GSD
2021-07-12 01:51:14 未获取到号码【1490141】GSD，可能号码格式错误
2021-07-12 01:51:14 获取到号码【1490141】的GSD为【-】
2021-07-12 01:51:18 GSD insert 第 1 次 等待 1 秒
2021-07-12 01:51:19 {"status":"ok","msg":"添加成功！252615"}
2021-07-12 01:51:19 下次操作: 2021-07-12 01:51:25

2021-07-12 01:51:25 开始第 23 次操作

2021-07-12 01:51:25 开始操作号码 【1490142】
2021-07-12 01:51:28 GSD getOne 第 1 次 等待 1 秒
2021-07-12 01:51:29 查询号码 【1490142】，返回信息 {"status":"bad","msg":""}
2021-07-12 01:51:29 查询号码 【1490142】，GSD为【""】
2021-07-12 01:51:29 bad
2021-07-12 01:51:31 CHB 1490142?1626025889 第 1 次 等待 1 秒
2021-07-12 01:51:32 CHB 1490142?1626025889 第 1 次 获取到号码【1490142】GSD
2021-07-12 01:51:32 未获取到号码【1490142】GSD，可能号码格式错误
2021-07-12 01:51:32 获取到号码【1490142】的GSD为【-】
2021-07-12 01:51:36 GSD insert 第 1 次 等待 1 秒
2021-07-12 01:51:37 {"status":"ok","msg":"添加成功！252622"}
2021-07-12 01:51:37 下次操作: 2021-07-12 01:51:45

2021-07-12 01:51:45 开始第 24 次操作

2021-07-12 01:51:45 开始操作号码 【1490143】
2021-07-12 01:51:48 GSD getOne 第 1 次 等待 1 秒
2021-07-12 01:51:49 查询号码 【1490143】，返回信息 {"status":"bad","msg":""}
2021-07-12 01:51:49 查询号码 【1490143】，GSD为【""】
2021-07-12 01:51:49 bad
2021-07-12 01:51:51 CHB 1490143?1626025909 第 1 次 等待 1 秒
2021-07-12 01:51:52 CHB 1490143?1626025909 第 1 次 获取到号码【1490143】GSD
2021-07-12 01:51:52 未获取到号码【1490143】GSD，可能号码格式错误
2021-07-12 01:51:52 获取到号码【1490143】的GSD为【-】
2021-07-12 01:51:56 GSD insert 第 1 次 等待 1 秒
2021-07-12 01:51:57 {"status":"ok","msg":"添加成功！252626"}
2021-07-12 01:51:57 下次操作: 2021-07-12 01:52:05

2021-07-12 01:52:05 开始第 25 次操作

2021-07-12 01:52:05 开始操作号码 【1490144】
2021-07-12 01:52:08 GSD getOne 第 1 次 等待 1 秒
2021-07-12 01:52:09 查询号码 【1490144】，返回信息 {"status":"bad","msg":""}
2021-07-12 01:52:09 查询号码 【1490144】，GSD为【""】
2021-07-12 01:52:09 bad
2021-07-12 01:52:11 CHB 1490144?1626025929 第 1 次 等待 1 秒
2021-07-12 01:52:12 CHB 1490144?1626025929 第 1 次 获取到号码【1490144】GSD
2021-07-12 01:52:12 未获取到号码【1490144】GSD，可能号码格式错误
2021-07-12 01:52:12 获取到号码【1490144】的GSD为【-】
2021-07-12 01:52:16 GSD insert 第 1 次 等待 1 秒
2021-07-12 01:52:17 {"status":"ok","msg":"添加成功！252634"}
2021-07-12 01:52:17 下次操作: 2021-07-12 01:52:31

2021-07-12 01:52:31 开始第 26 次操作

2021-07-12 01:52:31 开始操作号码 【1490145】
2021-07-12 01:52:38 GSD getOne 第 1 次 等待 1 秒
2021-07-12 01:52:40 查询号码 【1490145】，返回信息 {"status":"bad","msg":""}
2021-07-12 01:52:40 查询号码 【1490145】，GSD为【""】
2021-07-12 01:52:40 bad
2021-07-12 01:52:41 CHB 1490145?1626025960 第 1 次 等待 1 秒
2021-07-12 01:52:42 CHB 1490145?1626025960 第 1 次 获取到号码【1490145】GSD
2021-07-12 01:52:42 未获取到号码【1490145】GSD，可能号码格式错误
2021-07-12 01:52:42 获取到号码【1490145】的GSD为【-】
2021-07-12 01:52:46 GSD insert 第 1 次 等待 1 秒
2021-07-12 01:52:47 {"status":"ok","msg":"添加成功！252641"}
2021-07-12 01:52:47 下次操作: 2021-07-12 01:52:54

2021-07-12 01:52:54 开始第 27 次操作

2021-07-12 01:52:54 开始操作号码 【1490146】
2021-07-12 01:52:58 GSD getOne 第 1 次 等待 1 秒
2021-07-12 01:52:59 查询号码 【1490146】，返回信息 {"status":"bad","msg":""}
2021-07-12 01:52:59 查询号码 【1490146】，GSD为【""】
2021-07-12 01:52:59 bad
2021-07-12 01:53:00 CHB 1490146?1626025979 第 1 次 等待 1 秒
2021-07-12 01:53:01 CHB 1490146?1626025979 第 1 次 获取到号码【1490146】GSD
2021-07-12 01:53:01 未获取到号码【1490146】GSD，可能号码格式错误
2021-07-12 01:53:01 获取到号码【1490146】的GSD为【-】
2021-07-12 01:53:05 GSD insert 第 1 次 等待 1 秒
2021-07-12 01:53:06 {"status":"ok","msg":"添加成功！252646"}
2021-07-12 01:53:06 下次操作: 2021-07-12 01:53:15

2021-07-12 01:53:15 开始第 28 次操作

2021-07-12 01:53:15 开始操作号码 【1490147】
2021-07-12 01:53:19 GSD getOne 第 1 次 等待 1 秒
2021-07-12 01:53:20 查询号码 【1490147】，返回信息 {"status":"bad","msg":""}
2021-07-12 01:53:20 查询号码 【1490147】，GSD为【""】
2021-07-12 01:53:20 bad
2021-07-12 01:53:22 CHB 1490147?1626026000 第 1 次 等待 1 秒
2021-07-12 01:53:23 CHB 1490147?1626026000 第 1 次 获取到号码【1490147】GSD
2021-07-12 01:53:24 未获取到号码【1490147】GSD，可能号码格式错误
2021-07-12 01:53:24 获取到号码【1490147】的GSD为【-】
2021-07-12 01:53:27 GSD insert 第 1 次 等待 1 秒
2021-07-12 01:53:28 {"status":"ok","msg":"添加成功！252651"}
2021-07-12 01:53:28 下次操作: 2021-07-12 01:53:36

2021-07-12 01:53:36 开始第 29 次操作

2021-07-12 01:53:36 开始操作号码 【1490148】
2021-07-12 01:53:41 GSD getOne 第 1 次 等待 1 秒
2021-07-12 01:53:42 查询号码 【1490148】，返回信息 {"status":"bad","msg":""}
2021-07-12 01:53:42 查询号码 【1490148】，GSD为【""】
2021-07-12 01:53:42 bad
2021-07-12 01:53:43 CHB 1490148?1626026022 第 1 次 等待 1 秒
2021-07-12 01:53:44 CHB 1490148?1626026022 第 1 次 获取到号码【1490148】GSD
2021-07-12 01:53:44 未获取到号码【1490148】GSD，可能号码格式错误
2021-07-12 01:53:44 获取到号码【1490148】的GSD为【-】
2021-07-12 01:53:49 GSD insert 第 1 次 等待 1 秒
2021-07-12 01:53:50 {"status":"ok","msg":"添加成功！252656"}
2021-07-12 01:53:50 下次操作: 2021-07-12 01:53:57

2021-07-12 01:53:57 开始第 30 次操作

2021-07-12 01:53:57 开始操作号码 【1490149】
2021-07-12 01:54:02 GSD getOne 第 1 次 等待 1 秒
2021-07-12 01:54:03 查询号码 【1490149】，返回信息 {"status":"bad","msg":""}
2021-07-12 01:54:03 查询号码 【1490149】，GSD为【""】
2021-07-12 01:54:03 bad
2021-07-12 01:54:05 CHB 1490149?1626026043 第 1 次 等待 1 秒
2021-07-12 01:54:06 CHB 1490149?1626026043 第 1 次 获取到号码【1490149】GSD
2021-07-12 01:54:06 未获取到号码【1490149】GSD，可能号码格式错误
2021-07-12 01:54:06 获取到号码【1490149】的GSD为【-】
2021-07-12 01:54:09 GSD insert 第 1 次 等待 1 秒
2021-07-12 01:54:10 {"status":"ok","msg":"添加成功！252661"}

