2023-10-05 00:22:53 开始第 1525 次操作

2023-10-05 00:22:53 开始操作号码 【1891524】
2023-10-05 00:23:20 GSD getOne 第 1 次 等待 3 秒
2023-10-05 00:23:23 查询号码 【1891524】，返回信息 {"status":"ok","msg":"江苏-无锡","gid":"491682","time_insert":"2021-08-03 18:06"}
2023-10-05 00:23:23 查询号码 【1891524】，GSD为【"江苏-无锡"】

2023-10-05 00:23:24 开始第 1526 次操作

2023-10-05 00:23:24 开始操作号码 【1891525】
2023-10-05 00:23:29 GSD getOne 第 1 次 等待 3 秒
2023-10-05 00:23:32 查询号码 【1891525】，返回信息 {"status":"ok","msg":"江苏-无锡","gid":"491782","time_insert":"2021-08-03 18:17"}
2023-10-05 00:23:32 查询号码 【1891525】，GSD为【"江苏-无锡"】

2023-10-05 00:23:33 开始第 1527 次操作

2023-10-05 00:23:33 开始操作号码 【1891526】
2023-10-05 00:23:36 GSD getOne 第 1 次 等待 3 秒
2023-10-05 00:23:39 查询号码 【1891526】，返回信息 {"status":"ok","msg":"江苏-无锡","gid":"491827","time_insert":"2021-08-03 18:28"}
2023-10-05 00:23:39 查询号码 【1891526】，GSD为【"江苏-无锡"】

2023-10-05 00:23:40 开始第 1528 次操作

2023-10-05 00:23:40 开始操作号码 【1891527】
2023-10-05 00:23:43 GSD getOne 第 1 次 等待 3 秒
2023-10-05 00:23:46 查询号码 【1891527】，返回信息 {"status":"ok","msg":"江苏-无锡","gid":"491843","time_insert":"2021-08-03 18:42"}
2023-10-05 00:23:46 查询号码 【1891527】，GSD为【"江苏-无锡"】

