2024-05-04 00:22:35 开始第 6901 次操作

2024-05-04 00:22:35 开始操作号码 【1576814】
2024-05-04 00:22:41 GSD getOne 第 1 次 等待 3 秒
2024-05-04 00:22:44 查询号码 【1576814】，返回信息 {"status":"ok","msg":"广东-深圳","gid":"404864","time_insert":"2021-07-26 19:44"}
2024-05-04 00:22:44 查询号码 【1576814】，GSD为【"广东-深圳"】

2024-05-04 00:22:45 开始第 6902 次操作

2024-05-04 00:22:45 开始操作号码 【1576815】
2024-05-04 00:22:53 GSD getOne 第 1 次 等待 3 秒
2024-05-04 00:22:56 查询号码 【1576815】，返回信息 {"status":"ok","msg":"广东-惠州","gid":"23958","time_insert":"2018-11-10 11:19","time_update":"2020-09-29 22:39"}
2024-05-04 00:22:56 查询号码 【1576815】，GSD为【"广东-惠州"】

2024-05-04 00:22:57 开始第 6903 次操作

2024-05-04 00:22:57 开始操作号码 【1576816】
2024-05-04 00:23:03 GSD getOne 第 1 次 等待 3 秒
2024-05-04 00:23:06 查询号码 【1576816】，返回信息 {"status":"ok","msg":"广东-茂名","gid":"404851","time_insert":"2021-07-26 19:42"}
2024-05-04 00:23:06 查询号码 【1576816】，GSD为【"广东-茂名"】

2024-05-04 00:23:07 开始第 6904 次操作

2024-05-04 00:23:07 开始操作号码 【1576817】
2024-05-04 00:23:14 GSD getOne 第 1 次 等待 3 秒
2024-05-04 00:23:17 查询号码 【1576817】，返回信息 {"status":"ok","msg":"广东-茂名","gid":"404839","time_insert":"2021-07-26 19:42"}
2024-05-04 00:23:17 查询号码 【1576817】，GSD为【"广东-茂名"】

