2023-10-01 00:19:14 开始第 821 次操作

2023-10-01 00:19:14 开始操作号码 【1890820】
2023-10-01 00:19:17 GSD getOne 第 1 次 等待 3 秒
2023-10-01 00:19:20 查询号码 【1890820】，返回信息 {"status":"ok","msg":"四川-成都","gid":"44922","time_insert":"2020-07-29 12:42","time_update":"2020-11-14 05:25"}
2023-10-01 00:19:20 查询号码 【1890820】，GSD为【"四川-成都"】

2023-10-01 00:19:21 开始第 822 次操作

2023-10-01 00:19:21 开始操作号码 【1890821】
2023-10-01 00:19:22 GSD getOne 第 1 次 等待 3 秒
2023-10-01 00:19:25 查询号码 【1890821】，返回信息 {"status":"ok","msg":"四川-成都","gid":"44923","time_insert":"2014-03-13 18:13","time_update":"2020-11-14 05:28"}
2023-10-01 00:19:25 查询号码 【1890821】，GSD为【"四川-成都"】

2023-10-01 00:19:26 开始第 823 次操作

2023-10-01 00:19:26 开始操作号码 【1890822】
2023-10-01 00:19:28 GSD getOne 第 1 次 等待 3 秒
2023-10-01 00:19:31 查询号码 【1890822】，返回信息 {"status":"ok","msg":"四川-成都","gid":"44924","time_insert":"2018-08-07 23:05","time_update":"2020-11-14 05:29"}
2023-10-01 00:19:31 查询号码 【1890822】，GSD为【"四川-成都"】

2023-10-01 00:19:32 开始第 824 次操作

2023-10-01 00:19:32 开始操作号码 【1890823】
2023-10-01 00:19:39 GSD getOne 第 1 次 等待 3 秒
2023-10-01 00:19:42 查询号码 【1890823】，返回信息 {"status":"ok","msg":"四川-成都","gid":"44925","time_insert":"2015-04-11 17:42","time_update":"2020-11-14 05:33"}
2023-10-01 00:19:43 查询号码 【1890823】，GSD为【"四川-成都"】

