2024-09-01 00:22:51 开始第 2197 次操作

2024-09-01 00:22:51 开始操作号码 【1352196】
2024-09-01 00:23:02 GSD getOne 第 1 次 等待 3 秒
2024-09-01 00:23:05 查询号码 【1352196】，返回信息 {"status":"ok","msg":"北京-北京","gid":"79571","time_insert":"2021-06-04 11:06"}
2024-09-01 00:23:05 查询号码 【1352196】，GSD为【"北京-北京"】

2024-09-01 00:23:06 开始第 2198 次操作

2024-09-01 00:23:06 开始操作号码 【1352197】
2024-09-01 00:23:18 GSD getOne 第 1 次 等待 3 秒
2024-09-01 00:23:21 查询号码 【1352197】，返回信息 {"status":"ok","msg":"北京-北京","gid":"79592","time_insert":"2021-06-04 11:24"}
2024-09-01 00:23:21 查询号码 【1352197】，GSD为【"北京-北京"】

2024-09-01 00:23:22 开始第 2199 次操作

2024-09-01 00:23:22 开始操作号码 【1352198】
2024-09-01 00:23:31 GSD getOne 第 1 次 等待 3 秒
2024-09-01 00:23:34 查询号码 【1352198】，返回信息 {"status":"ok","msg":"北京-北京","gid":"79612","time_insert":"2021-06-04 11:48"}
2024-09-01 00:23:34 查询号码 【1352198】，GSD为【"北京-北京"】

2024-09-01 00:23:35 开始第 2200 次操作

2024-09-01 00:23:35 开始操作号码 【1352199】
2024-09-01 00:23:43 GSD getOne 第 1 次 等待 3 秒
2024-09-01 00:23:46 查询号码 【1352199】，返回信息 {"status":"ok","msg":"北京-北京","gid":"79630","time_insert":"2021-06-04 12:05"}
2024-09-01 00:23:46 查询号码 【1352199】，GSD为【"北京-北京"】

2024-09-01 00:42:51 开始第 2201 次操作

2024-09-01 00:42:51 开始操作号码 【1352200】
2024-09-01 00:42:59 GSD getOne 第 1 次 等待 3 秒
2024-09-01 00:43:02 查询号码 【1352200】，返回信息 {"status":"ok","msg":"北京-北京","gid":"79649","time_insert":"2021-06-04 12:23"}
2024-09-01 00:43:03 查询号码 【1352200】，GSD为【"北京-北京"】

2024-09-01 00:43:04 开始第 2202 次操作

2024-09-01 00:43:04 开始操作号码 【1352201】
2024-09-01 00:43:13 GSD getOne 第 1 次 等待 3 秒
2024-09-01 00:43:16 查询号码 【1352201】，返回信息 {"status":"ok","msg":"北京-北京","gid":"79665","time_insert":"2021-06-04 12:43"}
2024-09-01 00:43:16 查询号码 【1352201】，GSD为【"北京-北京"】

2024-09-01 00:43:17 开始第 2203 次操作

2024-09-01 00:43:17 开始操作号码 【1352202】
2024-09-01 00:43:25 GSD getOne 第 1 次 等待 3 秒
2024-09-01 00:43:28 查询号码 【1352202】，返回信息 {"status":"ok","msg":"北京-北京","gid":"79682","time_insert":"2021-06-04 13:04"}
2024-09-01 00:43:28 查询号码 【1352202】，GSD为【"北京-北京"】

2024-09-01 00:43:29 开始第 2204 次操作

2024-09-01 00:43:29 开始操作号码 【1352203】
2024-09-01 00:43:37 GSD getOne 第 1 次 等待 3 秒
2024-09-01 00:43:40 查询号码 【1352203】，返回信息 {"status":"ok","msg":"北京-北京","gid":"79699","time_insert":"2021-06-04 13:21"}
2024-09-01 00:43:40 查询号码 【1352203】，GSD为【"北京-北京"】

2024-09-01 01:16:03 开始第 2205 次操作

2024-09-01 01:16:03 开始操作号码 【1352204】
2024-09-01 01:16:12 GSD getOne 第 1 次 等待 3 秒
2024-09-01 01:16:15 查询号码 【1352204】，返回信息 {"status":"ok","msg":"北京-北京","gid":"79724","time_insert":"2021-06-04 13:49"}
2024-09-01 01:16:15 查询号码 【1352204】，GSD为【"北京-北京"】

2024-09-01 01:16:16 开始第 2206 次操作

2024-09-01 01:16:16 开始操作号码 【1352205】
2024-09-01 01:16:24 GSD getOne 第 1 次 等待 3 秒
2024-09-01 01:16:27 查询号码 【1352205】，返回信息 {"status":"ok","msg":"北京-北京","gid":"79741","time_insert":"2021-06-04 14:06"}
2024-09-01 01:16:27 查询号码 【1352205】，GSD为【"北京-北京"】

2024-09-01 01:16:28 开始第 2207 次操作

2024-09-01 01:16:28 开始操作号码 【1352206】
2024-09-01 01:16:36 GSD getOne 第 1 次 等待 3 秒
2024-09-01 01:16:39 查询号码 【1352206】，返回信息 {"status":"ok","msg":"北京-北京","gid":"79769","time_insert":"2021-06-04 14:34"}
2024-09-01 01:16:39 查询号码 【1352206】，GSD为【"北京-北京"】

2024-09-01 01:16:40 开始第 2208 次操作

2024-09-01 01:16:40 开始操作号码 【1352207】
2024-09-01 01:16:49 GSD getOne 第 1 次 等待 3 秒
2024-09-01 01:16:52 查询号码 【1352207】，返回信息 {"status":"ok","msg":"北京-北京","gid":"79798","time_insert":"2021-06-04 14:55"}
2024-09-01 01:16:52 查询号码 【1352207】，GSD为【"北京-北京"】

2024-09-01 01:37:13 开始第 2209 次操作

2024-09-01 01:37:13 开始操作号码 【1352208】
2024-09-01 01:37:24 GSD getOne 第 1 次 等待 3 秒
2024-09-01 01:37:27 查询号码 【1352208】，返回信息 {"status":"ok","msg":"北京-北京","gid":"79829","time_insert":"2021-06-04 15:16"}
2024-09-01 01:37:28 查询号码 【1352208】，GSD为【"北京-北京"】

2024-09-01 01:37:29 开始第 2210 次操作

2024-09-01 01:37:29 开始操作号码 【1352209】
2024-09-01 01:37:36 GSD getOne 第 1 次 等待 3 秒
2024-09-01 01:37:39 查询号码 【1352209】，返回信息 {"status":"ok","msg":"北京-北京","gid":"79874","time_insert":"2021-06-04 15:44"}
2024-09-01 01:37:39 查询号码 【1352209】，GSD为【"北京-北京"】

2024-09-01 01:37:40 开始第 2211 次操作

2024-09-01 01:37:40 开始操作号码 【1352210】
2024-09-01 01:37:48 GSD getOne 第 1 次 等待 3 秒
2024-09-01 01:37:51 查询号码 【1352210】，返回信息 {"status":"ok","msg":"北京-北京","gid":"79915","time_insert":"2021-06-04 16:07"}
2024-09-01 01:37:51 查询号码 【1352210】，GSD为【"北京-北京"】

2024-09-01 01:37:52 开始第 2212 次操作

2024-09-01 01:37:52 开始操作号码 【1352211】
2024-09-01 01:38:00 GSD getOne 第 1 次 等待 3 秒
2024-09-01 01:38:03 查询号码 【1352211】，返回信息 {"status":"ok","msg":"北京-北京","gid":"79949","time_insert":"2021-06-04 16:27"}
2024-09-01 01:38:03 查询号码 【1352211】，GSD为【"北京-北京"】

2024-09-01 02:23:21 开始第 2213 次操作

2024-09-01 02:23:21 开始操作号码 【1352212】
2024-09-01 02:23:30 GSD getOne 第 1 次 等待 3 秒
2024-09-01 02:23:33 查询号码 【1352212】，返回信息 {"status":"ok","msg":"北京-北京","gid":"79979","time_insert":"2021-06-04 16:52"}
2024-09-01 02:23:33 查询号码 【1352212】，GSD为【"北京-北京"】

2024-09-01 02:23:34 开始第 2214 次操作

2024-09-01 02:23:34 开始操作号码 【1352213】
2024-09-01 02:23:42 GSD getOne 第 1 次 等待 3 秒
2024-09-01 02:23:45 查询号码 【1352213】，返回信息 {"status":"ok","msg":"北京-北京","gid":"79998","time_insert":"2021-06-04 17:13"}
2024-09-01 02:23:45 查询号码 【1352213】，GSD为【"北京-北京"】

2024-09-01 02:23:46 开始第 2215 次操作

2024-09-01 02:23:46 开始操作号码 【1352214】
2024-09-01 02:23:54 GSD getOne 第 1 次 等待 3 秒
2024-09-01 02:23:57 查询号码 【1352214】，返回信息 {"status":"ok","msg":"北京-北京","gid":"80014","time_insert":"2021-06-04 17:31"}
2024-09-01 02:23:57 查询号码 【1352214】，GSD为【"北京-北京"】

2024-09-01 02:23:58 开始第 2216 次操作

2024-09-01 02:23:58 开始操作号码 【1352215】
2024-09-01 02:24:06 GSD getOne 第 1 次 等待 3 秒
2024-09-01 02:24:09 查询号码 【1352215】，返回信息 {"status":"ok","msg":"北京-北京","gid":"80033","time_insert":"2021-06-04 17:51"}
2024-09-01 02:24:09 查询号码 【1352215】，GSD为【"北京-北京"】

