2023-11-27 00:20:26 开始第 86 次操作
2023-11-27 00:20:26 号码【189（0000 ---> 9999）】处理完毕
2023-11-27 00:38:52 开始第 86 次操作
2023-11-27 00:38:52 号码【189（0000 ---> 9999）】处理完毕
2023-11-27 01:14:08 开始第 86 次操作
2023-11-27 01:14:08 号码【189（0000 ---> 9999）】处理完毕
2023-11-27 01:37:30 开始第 86 次操作
2023-11-27 01:37:30 号码【189（0000 ---> 9999）】处理完毕
2023-11-27 02:20:04 开始第 86 次操作
2023-11-27 02:20:04 号码【189（0000 ---> 9999）】处理完毕
2023-11-27 02:37:36 开始第 86 次操作
2023-11-27 02:37:36 号码【189（0000 ---> 9999）】处理完毕
2023-11-27 03:12:39 开始第 86 次操作
2023-11-27 03:12:39 号码【189（0000 ---> 9999）】处理完毕
2023-11-27 03:37:46 开始第 86 次操作
2023-11-27 03:37:46 号码【189（0000 ---> 9999）】处理完毕
2023-11-27 04:16:55 开始第 86 次操作
2023-11-27 04:16:55 号码【189（0000 ---> 9999）】处理完毕
2023-11-27 04:37:49 开始第 86 次操作
2023-11-27 04:37:49 号码【189（0000 ---> 9999）】处理完毕
2023-11-27 05:14:52 开始第 86 次操作
2023-11-27 05:14:52 号码【189（0000 ---> 9999）】处理完毕
2023-11-27 05:37:48 开始第 86 次操作
2023-11-27 05:37:48 号码【189（0000 ---> 9999）】处理完毕
2023-11-27 06:15:16 开始第 86 次操作
2023-11-27 06:15:16 号码【189（0000 ---> 9999）】处理完毕
2023-11-27 06:37:42 开始第 86 次操作
2023-11-27 06:37:42 号码【189（0000 ---> 9999）】处理完毕
2023-11-27 07:16:19 开始第 86 次操作
2023-11-27 07:16:19 号码【189（0000 ---> 9999）】处理完毕
2023-11-27 07:37:54 开始第 86 次操作
2023-11-27 07:37:54 号码【189（0000 ---> 9999）】处理完毕
2023-11-27 09:17:09 开始第 86 次操作
2023-11-27 09:17:09 号码【189（0000 ---> 9999）】处理完毕
2023-11-27 10:01:31 开始第 86 次操作

2023-11-27 10:01:31 开始操作号码 【1790001】
2023-11-27 10:01:35 GSD getOne 第 1 次 等待 3 秒
2023-11-27 10:01:38 查询号码 【1790001】，返回信息 {"status":"ok","msg":"-","gid":"529135","time_insert":"2023-02-13 15:47"}
2023-11-27 10:01:38 查询号码 【1790001】，GSD为【"-"】
2023-11-27 10:01:38 ok && -
2023-11-27 10:01:40 CHB 1790001?1701050498 第 1 次 等待 3 秒
2023-11-27 10:01:43 CHB 1790001?1701050498 第 1 次 获取到号码【1790001】GSD
2023-11-27 10:01:43 未获取到号码【1790001】GSD，可能号码格式错误
2023-11-27 10:01:43 获取到号码【1790001】的GSD为【-】
2023-11-27 10:01:47 GSD insert 第 1 次 等待 3 秒
2023-11-27 10:01:50 {"status":"bad","gid":"529135","msg":"添加失败！号码【1790001(-|-)】已存在！"}
2023-11-27 10:01:50 随机等待 90 秒，约 1 分钟
2023-11-27 10:01:50 下次操作: 2023-11-27 10:03:20

2023-11-27 10:03:20 开始第 87 次操作

2023-11-27 10:03:20 开始操作号码 【1790002】
2023-11-27 10:03:23 GSD getOne 第 1 次 等待 3 秒
2023-11-27 10:03:26 查询号码 【1790002】，返回信息 {"status":"ok","msg":"-","gid":"529153","time_insert":"2023-02-13 16:03"}
2023-11-27 10:03:26 查询号码 【1790002】，GSD为【"-"】
2023-11-27 10:03:26 ok && -
2023-11-27 10:03:28 CHB 1790002?1701050606 第 1 次 等待 3 秒
2023-11-27 10:03:31 CHB 1790002?1701050606 第 1 次 获取到号码【1790002】GSD
2023-11-27 10:03:31 未获取到号码【1790002】GSD，可能号码格式错误
2023-11-27 10:03:31 获取到号码【1790002】的GSD为【-】
2023-11-27 10:03:35 GSD insert 第 1 次 等待 3 秒
2023-11-27 10:03:38 {"status":"bad","gid":"529153","msg":"添加失败！号码【1790002(-|-)】已存在！"}
2023-11-27 10:03:38 随机等待 133 秒，约 2 分钟
2023-11-27 10:03:38 下次操作: 2023-11-27 10:05:51

2023-11-27 10:05:51 开始第 88 次操作

2023-11-27 10:05:51 开始操作号码 【1790003】
2023-11-27 10:05:55 GSD getOne 第 1 次 等待 3 秒
2023-11-27 10:05:58 查询号码 【1790003】，返回信息 {"status":"ok","msg":"-","gid":"529178","time_insert":"2023-02-13 16:22"}
2023-11-27 10:05:58 查询号码 【1790003】，GSD为【"-"】
2023-11-27 10:05:58 ok && -
2023-11-27 10:06:01 CHB 1790003?1701050758 第 1 次 等待 3 秒
2023-11-27 10:06:04 CHB 1790003?1701050758 第 1 次 获取到号码【1790003】GSD
2023-11-27 10:06:04 未获取到号码【1790003】GSD，可能号码格式错误
2023-11-27 10:06:04 获取到号码【1790003】的GSD为【-】
2023-11-27 10:06:08 GSD insert 第 1 次 等待 3 秒
2023-11-27 10:06:11 {"status":"bad","gid":"529178","msg":"添加失败！号码【1790003(-|-)】已存在！"}

