2024-07-02 00:23:10 开始第 3717 次操作

2024-07-02 00:23:10 开始操作号码 【1463619】
2024-07-02 00:23:26 GSD getOne 第 1 次 等待 3 秒
2024-07-02 00:23:29 查询号码 【1463619】，返回信息 {"status":"ok","msg":"江苏-南京","gid":"247768","time_insert":"2021-07-11 11:53"}
2024-07-02 00:23:29 查询号码 【1463619】，GSD为【"江苏-南京"】

2024-07-02 00:23:30 开始第 3718 次操作

2024-07-02 00:23:30 开始操作号码 【1463620】
2024-07-02 00:23:49 GSD getOne 第 1 次 等待 3 秒
2024-07-02 00:23:52 查询号码 【1463620】，返回信息 {"status":"ok","msg":"江苏-南京","gid":"247878","time_insert":"2021-07-11 12:07"}
2024-07-02 00:23:52 查询号码 【1463620】，GSD为【"江苏-南京"】

2024-07-02 00:23:53 开始第 3719 次操作

2024-07-02 00:23:53 开始操作号码 【1463621】
2024-07-02 00:24:11 GSD getOne 第 1 次 等待 3 秒
2024-07-02 00:24:14 查询号码 【1463621】，返回信息 {"status":"ok","msg":"江苏-南京","gid":"247905","time_insert":"2021-07-11 12:21"}
2024-07-02 00:24:14 查询号码 【1463621】，GSD为【"江苏-南京"】

2024-07-02 00:24:15 开始第 3720 次操作

2024-07-02 00:24:15 开始操作号码 【1463622】
2024-07-02 00:24:40 GSD getOne 第 1 次 等待 3 秒
2024-07-02 00:24:43 查询号码 【1463622】，返回信息 {"status":"ok","msg":"江苏-南京","gid":"247925","time_insert":"2021-07-11 12:32"}
2024-07-02 00:24:43 查询号码 【1463622】，GSD为【"江苏-南京"】

