2024-08-31 00:21:40 开始第 2021 次操作

2024-08-31 00:21:40 开始操作号码 【1352020】
2024-08-31 00:21:48 GSD getOne 第 1 次 等待 3 秒
2024-08-31 00:21:51 查询号码 【1352020】，返回信息 {"status":"ok","msg":"北京-北京","gid":"76370","time_insert":"2021-06-02 00:54"}
2024-08-31 00:21:51 查询号码 【1352020】，GSD为【"北京-北京"】

2024-08-31 00:21:52 开始第 2022 次操作

2024-08-31 00:21:52 开始操作号码 【1352021】
2024-08-31 00:22:00 GSD getOne 第 1 次 等待 3 秒
2024-08-31 00:22:03 查询号码 【1352021】，返回信息 {"status":"ok","msg":"北京-北京","gid":"76391","time_insert":"2021-06-02 01:17"}
2024-08-31 00:22:03 查询号码 【1352021】，GSD为【"北京-北京"】

2024-08-31 00:22:04 开始第 2023 次操作

2024-08-31 00:22:04 开始操作号码 【1352022】
2024-08-31 00:22:12 GSD getOne 第 1 次 等待 3 秒
2024-08-31 00:22:15 查询号码 【1352022】，返回信息 {"status":"ok","msg":"北京-北京","gid":"76415","time_insert":"2021-06-02 01:42"}
2024-08-31 00:22:15 查询号码 【1352022】，GSD为【"北京-北京"】

2024-08-31 00:22:16 开始第 2024 次操作

2024-08-31 00:22:16 开始操作号码 【1352023】
2024-08-31 00:22:24 GSD getOne 第 1 次 等待 3 秒
2024-08-31 00:22:27 查询号码 【1352023】，返回信息 {"status":"ok","msg":"北京-北京","gid":"76437","time_insert":"2021-06-02 02:08"}
2024-08-31 00:22:27 查询号码 【1352023】，GSD为【"北京-北京"】

