2024-01-25 00:22:52 开始第 88 次操作
2024-01-25 00:22:52 号码【179（0000 ---> 9999）】处理完毕
2024-01-25 00:42:18 开始第 88 次操作
2024-01-25 00:42:18 号码【179（0000 ---> 9999）】处理完毕
2024-01-25 01:16:26 开始第 88 次操作
2024-01-25 01:16:26 号码【179（0000 ---> 9999）】处理完毕
2024-01-25 01:37:51 开始第 88 次操作
2024-01-25 01:37:51 号码【179（0000 ---> 9999）】处理完毕
2024-01-25 02:21:24 开始第 88 次操作
2024-01-25 02:21:24 号码【179（0000 ---> 9999）】处理完毕
2024-01-25 02:38:59 开始第 88 次操作
2024-01-25 02:38:59 号码【179（0000 ---> 9999）】处理完毕
2024-01-25 03:15:02 开始第 88 次操作
2024-01-25 03:15:02 号码【179（0000 ---> 9999）】处理完毕
2024-01-25 03:38:02 开始第 88 次操作
2024-01-25 03:38:02 号码【179（0000 ---> 9999）】处理完毕
2024-01-25 04:19:08 开始第 88 次操作
2024-01-25 04:19:08 号码【179（0000 ---> 9999）】处理完毕
2024-01-25 04:38:00 开始第 88 次操作
2024-01-25 04:38:00 号码【179（0000 ---> 9999）】处理完毕
2024-01-25 05:15:41 开始第 88 次操作
2024-01-25 05:15:41 号码【179（0000 ---> 9999）】处理完毕
2024-01-25 05:37:46 开始第 88 次操作
2024-01-25 05:37:46 号码【179（0000 ---> 9999）】处理完毕
2024-01-25 06:16:57 开始第 88 次操作
2024-01-25 06:16:57 号码【179（0000 ---> 9999）】处理完毕
2024-01-25 06:37:57 开始第 88 次操作
2024-01-25 06:37:57 号码【179（0000 ---> 9999）】处理完毕
2024-01-25 07:17:27 开始第 88 次操作
2024-01-25 07:17:27 号码【179（0000 ---> 9999）】处理完毕
2024-01-25 07:37:59 开始第 88 次操作
2024-01-25 07:37:59 号码【179（0000 ---> 9999）】处理完毕
2024-01-25 09:20:08 开始第 88 次操作
2024-01-25 09:20:08 号码【179（0000 ---> 9999）】处理完毕
2024-01-25 10:19:12 开始第 88 次操作
2024-01-25 10:19:12 号码【179（0000 ---> 9999）】处理完毕
2024-01-25 10:45:30 开始第 88 次操作
2024-01-25 10:45:30 号码【179（0000 ---> 9999）】处理完毕
2024-01-25 11:18:18 开始第 88 次操作
2024-01-25 11:18:18 号码【179（0000 ---> 9999）】处理完毕
2024-01-25 11:38:12 开始第 88 次操作
2024-01-25 11:38:12 号码【179（0000 ---> 9999）】处理完毕
2024-01-25 12:22:07 开始第 88 次操作
2024-01-25 12:22:07 号码【179（0000 ---> 9999）】处理完毕
2024-01-25 12:40:05 开始第 88 次操作
2024-01-25 12:40:05 号码【179（0000 ---> 9999）】处理完毕
2024-01-25 13:17:22 开始第 88 次操作
2024-01-25 13:17:22 号码【179（0000 ---> 9999）】处理完毕
2024-01-25 13:37:49 开始第 88 次操作
2024-01-25 13:37:49 号码【179（0000 ---> 9999）】处理完毕
2024-01-25 14:23:27 开始第 88 次操作
2024-01-25 14:23:27 号码【179（0000 ---> 9999）】处理完毕
2024-01-25 14:40:03 开始第 88 次操作
2024-01-25 14:40:03 号码【179（0000 ---> 9999）】处理完毕
2024-01-25 15:16:33 开始第 88 次操作
2024-01-25 15:16:33 号码【179（0000 ---> 9999）】处理完毕
2024-01-25 15:37:33 开始第 88 次操作
2024-01-25 15:37:33 号码【179（0000 ---> 9999）】处理完毕
2024-01-25 16:22:36 开始第 88 次操作
2024-01-25 16:22:36 号码【179（0000 ---> 9999）】处理完毕
2024-01-25 16:39:32 开始第 88 次操作
2024-01-25 16:39:32 号码【179（0000 ---> 9999）】处理完毕
2024-01-25 16:49:43 开始第 88 次操作

2024-01-25 16:49:43 开始操作号码 【1680000】
2024-01-25 16:50:07 GSD getOne 第 1 次 等待 3 秒
2024-01-25 16:50:10 查询号码 【1680000】，返回信息 {"status":"ok","msg":"-","gid":"521435","time_insert":"2023-02-08 11:25"}
2024-01-25 16:50:10 查询号码 【1680000】，GSD为【"-"】
2024-01-25 16:50:10 ok && -
2024-01-25 16:50:13 CHB 1680000?1706172610 第 1 次 等待 3 秒
2024-01-25 16:50:16 CHB 1680000?1706172610 第 1 次 获取到号码【1680000】GSD
2024-01-25 16:50:16 未获取到号码【1680000】GSD，可能号码格式错误
2024-01-25 16:50:16 获取到号码【1680000】的GSD为【-】
2024-01-25 16:50:39 GSD insert 第 1 次 等待 3 秒
2024-01-25 16:50:42 {"status":"bad","gid":"521435","msg":"添加失败！号码【1680000(-|-)】已存在！"}

2024-01-25 17:17:50 开始第 89 次操作

2024-01-25 17:17:50 开始操作号码 【1680001】
2024-01-25 17:18:14 GSD getOne 第 1 次 等待 3 秒
2024-01-25 17:18:17 查询号码 【1680001】，返回信息 {"status":"ok","msg":"-","gid":"521445","time_insert":"2023-02-08 11:33"}
2024-01-25 17:18:17 查询号码 【1680001】，GSD为【"-"】
2024-01-25 17:18:17 ok && -
2024-01-25 17:18:19 CHB 1680001?1706174297 第 1 次 等待 3 秒
2024-01-25 17:18:22 CHB 1680001?1706174297 第 1 次 获取到号码【1680001】GSD
2024-01-25 17:18:22 未获取到号码【1680001】GSD，可能号码格式错误
2024-01-25 17:18:22 获取到号码【1680001】的GSD为【-】
2024-01-25 17:18:46 GSD insert 第 1 次 等待 3 秒
2024-01-25 17:18:49 {"status":"bad","gid":"521445","msg":"添加失败！号码【1680001(-|-)】已存在！"}
2024-01-25 17:18:49 随机等待 143 秒，约 2 分钟
2024-01-25 17:18:49 下次操作: 2024-01-25 17:21:12

2024-01-25 17:21:12 开始第 90 次操作

2024-01-25 17:21:12 开始操作号码 【1680002】
2024-01-25 17:21:36 GSD getOne 第 1 次 等待 3 秒
2024-01-25 17:21:39 查询号码 【1680002】，返回信息 {"status":"ok","msg":"-","gid":"521452","time_insert":"2023-02-08 11:42"}
2024-01-25 17:21:39 查询号码 【1680002】，GSD为【"-"】
2024-01-25 17:21:39 ok && -
2024-01-25 17:21:42 CHB 1680002?1706174499 第 1 次 等待 3 秒
2024-01-25 17:21:45 CHB 1680002?1706174499 第 1 次 获取到号码【1680002】GSD
2024-01-25 17:21:45 未获取到号码【1680002】GSD，可能号码格式错误
2024-01-25 17:21:45 获取到号码【1680002】的GSD为【-】
2024-01-25 17:22:08 GSD insert 第 1 次 等待 3 秒
2024-01-25 17:22:11 {"status":"bad","gid":"521452","msg":"添加失败！号码【1680002(-|-)】已存在！"}
2024-01-25 17:22:11 随机等待 121 秒，约 2 分钟
2024-01-25 17:22:11 下次操作: 2024-01-25 17:24:12

2024-01-25 17:24:12 开始第 91 次操作

2024-01-25 17:24:12 开始操作号码 【1680003】
2024-01-25 17:24:36 GSD getOne 第 1 次 等待 3 秒
2024-01-25 17:24:39 查询号码 【1680003】，返回信息 {"status":"ok","msg":"-","gid":"521462","time_insert":"2023-02-08 11:51"}
2024-01-25 17:24:39 查询号码 【1680003】，GSD为【"-"】
2024-01-25 17:24:39 ok && -
2024-01-25 17:24:42 CHB 1680003?1706174679 第 1 次 等待 3 秒
2024-01-25 17:24:45 CHB 1680003?1706174679 第 1 次 获取到号码【1680003】GSD
2024-01-25 17:24:45 未获取到号码【1680003】GSD，可能号码格式错误
2024-01-25 17:24:45 获取到号码【1680003】的GSD为【-】
2024-01-25 17:25:08 GSD insert 第 1 次 等待 3 秒
2024-01-25 17:25:11 {"status":"bad","gid":"521462","msg":"添加失败！号码【1680003(-|-)】已存在！"}
2024-01-25 17:25:11 随机等待 190 秒，约 3 分钟
2024-01-25 17:25:11 下次操作: 2024-01-25 17:28:21

2024-01-25 17:28:21 开始第 92 次操作

2024-01-25 17:28:21 开始操作号码 【1680004】
2024-01-25 17:28:45 GSD getOne 第 1 次 等待 3 秒
2024-01-25 17:28:48 查询号码 【1680004】，返回信息 {"status":"ok","msg":"-","gid":"521472","time_insert":"2023-02-08 12:00"}
2024-01-25 17:28:48 查询号码 【1680004】，GSD为【"-"】
2024-01-25 17:28:48 ok && -
2024-01-25 17:29:02 CHB 1680004?1706174928 第 1 次 等待 3 秒
2024-01-25 17:29:05 CHB 1680004?1706174928 第 1 次 获取到号码【1680004】GSD
2024-01-25 17:29:05 未获取到号码【1680004】GSD，可能号码格式错误
2024-01-25 17:29:05 获取到号码【1680004】的GSD为【-】
2024-01-25 17:29:29 GSD insert 第 1 次 等待 3 秒
2024-01-25 17:29:32 {"status":"bad","gid":"521472","msg":"添加失败！号码【1680004(-|-)】已存在！"}

