2024-04-12 00:19:58 开始第 3165 次操作

2024-04-12 00:19:58 开始操作号码 【1573078】
2024-04-12 00:20:04 GSD getOne 第 1 次 等待 3 秒
2024-04-12 00:20:07 查询号码 【1573078】，返回信息 {"status":"ok","msg":"重庆-涪陵","gid":"23516","time_insert":"2017-10-28 10:57","time_update":"2021-01-12 03:36"}
2024-04-12 00:20:07 查询号码 【1573078】，GSD为【"重庆-涪陵"】

2024-04-12 00:20:08 开始第 3166 次操作

2024-04-12 00:20:08 开始操作号码 【1573079】
2024-04-12 00:20:16 GSD getOne 第 1 次 等待 3 秒
2024-04-12 00:20:19 查询号码 【1573079】，返回信息 {"status":"ok","msg":"重庆-涪陵","gid":"23517","time_insert":"2019-04-10 08:58","time_update":"2021-01-12 03:39"}
2024-04-12 00:20:19 查询号码 【1573079】，GSD为【"重庆-涪陵"】

2024-04-12 00:20:20 开始第 3167 次操作

2024-04-12 00:20:20 开始操作号码 【1573080】
2024-04-12 00:20:26 GSD getOne 第 1 次 等待 3 秒
2024-04-12 00:20:29 查询号码 【1573080】，返回信息 {"status":"ok","msg":"重庆-黔江","gid":"218304","time_insert":"2021-07-08 00:58"}
2024-04-12 00:20:29 查询号码 【1573080】，GSD为【"重庆-黔江"】

2024-04-12 00:20:30 开始第 3168 次操作

2024-04-12 00:20:30 开始操作号码 【1573081】
2024-04-12 00:20:37 GSD getOne 第 1 次 等待 3 秒
2024-04-12 00:20:40 查询号码 【1573081】，返回信息 {"status":"ok","msg":"重庆-黔江","gid":"218428","time_insert":"2021-07-08 01:18"}
2024-04-12 00:20:40 查询号码 【1573081】，GSD为【"重庆-黔江"】

