2024-10-09 00:26:08 开始第 8701 次操作

2024-10-09 00:26:08 开始操作号码 【1358700】
2024-10-09 00:26:28 GSD getOne 第 1 次 等待 3 秒
2024-10-09 00:26:31 查询号码 【1358700】，返回信息 {"status":"ok","msg":"浙江-衢州","gid":"312963","time_insert":"2021-07-18 09:48"}
2024-10-09 00:26:31 查询号码 【1358700】，GSD为【"浙江-衢州"】

2024-10-09 00:26:32 开始第 8702 次操作

2024-10-09 00:26:32 开始操作号码 【1358701】
2024-10-09 00:26:34 GSD getOne 第 1 次 等待 3 秒
2024-10-09 00:26:37 查询号码 【1358701】，返回信息 {"status":"ok","msg":"浙江-衢州","gid":"312954","time_insert":"2021-07-18 09:48"}
2024-10-09 00:26:37 查询号码 【1358701】，GSD为【"浙江-衢州"】

2024-10-09 00:26:38 开始第 8703 次操作

2024-10-09 00:26:38 开始操作号码 【1358702】
2024-10-09 00:26:41 GSD getOne 第 1 次 等待 3 秒
2024-10-09 00:26:44 查询号码 【1358702】，返回信息 {"status":"ok","msg":"浙江-衢州","gid":"312944","time_insert":"2021-07-18 09:47"}
2024-10-09 00:26:44 查询号码 【1358702】，GSD为【"浙江-衢州"】

2024-10-09 00:26:45 开始第 8704 次操作

2024-10-09 00:26:45 开始操作号码 【1358703】
2024-10-09 00:26:47 GSD getOne 第 1 次 等待 3 秒
2024-10-09 00:26:50 查询号码 【1358703】，返回信息 {"status":"ok","msg":"浙江-衢州","gid":"312937","time_insert":"2021-07-18 09:47"}
2024-10-09 00:26:50 查询号码 【1358703】，GSD为【"浙江-衢州"】

