2024-09-14 00:23:05 开始第 4429 次操作

2024-09-14 00:23:05 开始操作号码 【1354428】
2024-09-14 00:23:17 GSD getOne 第 1 次 等待 3 秒
2024-09-14 00:23:20 查询号码 【1354428】，返回信息 {"status":"ok","msg":"广东-深圳","gid":"53363","time_insert":"2020-02-26 15:42"}
2024-09-14 00:23:20 查询号码 【1354428】，GSD为【"广东-深圳"】

2024-09-14 00:23:21 开始第 4430 次操作

2024-09-14 00:23:21 开始操作号码 【1354429】
2024-09-14 00:23:29 GSD getOne 第 1 次 等待 3 秒
2024-09-14 00:23:32 查询号码 【1354429】，返回信息 {"status":"ok","msg":"广东-深圳","gid":"154680","time_insert":"2021-06-29 16:33"}
2024-09-14 00:23:32 查询号码 【1354429】，GSD为【"广东-深圳"】

2024-09-14 00:23:33 开始第 4431 次操作

2024-09-14 00:23:33 开始操作号码 【1354430】
2024-09-14 00:23:41 GSD getOne 第 1 次 等待 3 秒
2024-09-14 00:23:44 查询号码 【1354430】，返回信息 {"status":"ok","msg":"广东-广州","gid":"154791","time_insert":"2021-06-29 16:52"}
2024-09-14 00:23:44 查询号码 【1354430】，GSD为【"广东-广州"】

2024-09-14 00:23:45 开始第 4432 次操作

2024-09-14 00:23:45 开始操作号码 【1354431】
2024-09-14 00:23:53 GSD getOne 第 1 次 等待 3 秒
2024-09-14 00:23:56 查询号码 【1354431】，返回信息 {"status":"ok","msg":"广东-广州","gid":"154970","time_insert":"2021-06-29 17:11"}
2024-09-14 00:23:56 查询号码 【1354431】，GSD为【"广东-广州"】

2024-09-14 00:42:46 开始第 4433 次操作

2024-09-14 00:42:46 开始操作号码 【1354432】
2024-09-14 00:42:53 GSD getOne 第 1 次 等待 3 秒
2024-09-14 00:42:56 查询号码 【1354432】，返回信息 {"status":"ok","msg":"广东-广州","gid":"5934","time_insert":"2018-10-20 13:32","time_update":"2020-09-26 13:59"}
2024-09-14 00:42:56 查询号码 【1354432】，GSD为【"广东-广州"】

2024-09-14 00:42:57 开始第 4434 次操作

2024-09-14 00:42:57 开始操作号码 【1354433】
2024-09-14 00:43:05 GSD getOne 第 1 次 等待 3 秒
2024-09-14 00:43:08 查询号码 【1354433】，返回信息 {"status":"ok","msg":"广东-广州","gid":"155005","time_insert":"2021-06-29 17:36"}
2024-09-14 00:43:09 查询号码 【1354433】，GSD为【"广东-广州"】

2024-09-14 00:43:10 开始第 4435 次操作

2024-09-14 00:43:10 开始操作号码 【1354434】
2024-09-14 00:43:17 GSD getOne 第 1 次 等待 3 秒
2024-09-14 00:43:20 查询号码 【1354434】，返回信息 {"status":"ok","msg":"广东-广州","gid":"155116","time_insert":"2021-06-29 17:56"}
2024-09-14 00:43:20 查询号码 【1354434】，GSD为【"广东-广州"】

2024-09-14 00:43:21 开始第 4436 次操作

2024-09-14 00:43:21 开始操作号码 【1354435】
2024-09-14 00:43:30 GSD getOne 第 1 次 等待 3 秒
2024-09-14 00:43:33 查询号码 【1354435】，返回信息 {"status":"ok","msg":"广东-广州","gid":"155308","time_insert":"2021-06-29 18:20"}
2024-09-14 00:43:33 查询号码 【1354435】，GSD为【"广东-广州"】

2024-09-14 01:17:12 开始第 4437 次操作

2024-09-14 01:17:12 开始操作号码 【1354436】
2024-09-14 01:17:19 GSD getOne 第 1 次 等待 3 秒
2024-09-14 01:17:22 查询号码 【1354436】，返回信息 {"status":"ok","msg":"广东-广州","gid":"155336","time_insert":"2021-06-29 18:39"}
2024-09-14 01:17:23 查询号码 【1354436】，GSD为【"广东-广州"】

2024-09-14 01:17:24 开始第 4438 次操作

2024-09-14 01:17:24 开始操作号码 【1354437】
2024-09-14 01:17:32 GSD getOne 第 1 次 等待 3 秒
2024-09-14 01:17:35 查询号码 【1354437】，返回信息 {"status":"ok","msg":"广东-广州","gid":"155562","time_insert":"2021-06-29 19:03"}
2024-09-14 01:17:35 查询号码 【1354437】，GSD为【"广东-广州"】

2024-09-14 01:17:36 开始第 4439 次操作

2024-09-14 01:17:36 开始操作号码 【1354438】
2024-09-14 01:17:44 GSD getOne 第 1 次 等待 3 秒
2024-09-14 01:17:47 查询号码 【1354438】，返回信息 {"status":"ok","msg":"广东-广州","gid":"155632","time_insert":"2021-06-29 19:22"}
2024-09-14 01:17:47 查询号码 【1354438】，GSD为【"广东-广州"】

2024-09-14 01:17:48 开始第 4440 次操作

2024-09-14 01:17:48 开始操作号码 【1354439】
2024-09-14 01:17:55 GSD getOne 第 1 次 等待 3 秒
2024-09-14 01:17:58 查询号码 【1354439】，返回信息 {"status":"ok","msg":"广东-广州","gid":"155796","time_insert":"2021-06-29 19:46"}
2024-09-14 01:17:58 查询号码 【1354439】，GSD为【"广东-广州"】

2024-09-14 01:38:22 开始第 4441 次操作

2024-09-14 01:38:22 开始操作号码 【1354440】
2024-09-14 01:38:30 GSD getOne 第 1 次 等待 3 秒
2024-09-14 01:38:33 查询号码 【1354440】，返回信息 {"status":"ok","msg":"广东-广州","gid":"155938","time_insert":"2021-06-29 20:08"}
2024-09-14 01:38:33 查询号码 【1354440】，GSD为【"广东-广州"】

2024-09-14 01:38:34 开始第 4442 次操作

2024-09-14 01:38:34 开始操作号码 【1354441】
2024-09-14 01:38:42 GSD getOne 第 1 次 等待 3 秒
2024-09-14 01:38:45 查询号码 【1354441】，返回信息 {"status":"ok","msg":"广东-广州","gid":"155971","time_insert":"2021-06-29 20:29"}
2024-09-14 01:38:45 查询号码 【1354441】，GSD为【"广东-广州"】

2024-09-14 01:38:46 开始第 4443 次操作

2024-09-14 01:38:46 开始操作号码 【1354442】
2024-09-14 01:38:54 GSD getOne 第 1 次 等待 3 秒
2024-09-14 01:38:57 查询号码 【1354442】，返回信息 {"status":"ok","msg":"广东-广州","gid":"156002","time_insert":"2021-06-29 20:52"}
2024-09-14 01:38:57 查询号码 【1354442】，GSD为【"广东-广州"】

2024-09-14 01:38:58 开始第 4444 次操作

2024-09-14 01:38:58 开始操作号码 【1354443】
2024-09-14 01:39:06 GSD getOne 第 1 次 等待 3 秒
2024-09-14 01:39:09 查询号码 【1354443】，返回信息 {"status":"ok","msg":"广东-广州","gid":"156033","time_insert":"2021-06-29 21:13"}
2024-09-14 01:39:09 查询号码 【1354443】，GSD为【"广东-广州"】

