2023-10-19 00:22:20 开始第 3789 次操作

2023-10-19 00:22:20 开始操作号码 【1893703】
2023-10-19 00:22:23 GSD getOne 第 1 次 等待 3 秒
2023-10-19 00:22:26 查询号码 【1893703】，返回信息 {"status":"ok","msg":"河南-商丘","gid":"492224","time_insert":"2021-08-03 19:41"}
2023-10-19 00:22:26 查询号码 【1893703】，GSD为【"河南-商丘"】

2023-10-19 00:22:27 开始第 3790 次操作

2023-10-19 00:22:27 开始操作号码 【1893704】
2023-10-19 00:22:30 GSD getOne 第 1 次 等待 3 秒
2023-10-19 00:22:33 查询号码 【1893704】，返回信息 {"status":"ok","msg":"河南-商丘","gid":"492216","time_insert":"2021-08-03 19:40"}
2023-10-19 00:22:33 查询号码 【1893704】，GSD为【"河南-商丘"】

2023-10-19 00:22:34 开始第 3791 次操作

2023-10-19 00:22:34 开始操作号码 【1893705】
2023-10-19 00:22:36 GSD getOne 第 1 次 等待 3 秒
2023-10-19 00:22:39 查询号码 【1893705】，返回信息 {"status":"ok","msg":"河南-商丘","gid":"56189","time_insert":"2021-02-23 21:30"}
2023-10-19 00:22:39 查询号码 【1893705】，GSD为【"河南-商丘"】

2023-10-19 00:22:40 开始第 3792 次操作

2023-10-19 00:22:40 开始操作号码 【1893706】
2023-10-19 00:22:43 GSD getOne 第 1 次 等待 3 秒
2023-10-19 00:22:46 查询号码 【1893706】，返回信息 {"status":"ok","msg":"河南-商丘","gid":"492204","time_insert":"2021-08-03 19:39"}
2023-10-19 00:22:46 查询号码 【1893706】，GSD为【"河南-商丘"】

2023-10-19 00:41:33 开始第 3793 次操作

2023-10-19 00:41:33 开始操作号码 【1893707】
2023-10-19 00:41:35 GSD getOne 第 1 次 等待 3 秒
2023-10-19 00:41:38 查询号码 【1893707】，返回信息 {"status":"ok","msg":"河南-商丘","gid":"45149","time_insert":"2019-03-15 21:47","time_update":"2020-09-12 13:22"}
2023-10-19 00:41:38 查询号码 【1893707】，GSD为【"河南-商丘"】

2023-10-19 00:41:39 开始第 3794 次操作

2023-10-19 00:41:39 开始操作号码 【1893708】
2023-10-19 00:41:42 GSD getOne 第 1 次 等待 3 秒
2023-10-19 00:41:45 查询号码 【1893708】，返回信息 {"status":"ok","msg":"河南-商丘","gid":"492198","time_insert":"2021-08-03 19:38"}
2023-10-19 00:41:45 查询号码 【1893708】，GSD为【"河南-商丘"】

2023-10-19 00:41:46 开始第 3795 次操作

2023-10-19 00:41:46 开始操作号码 【1893709】
2023-10-19 00:41:48 GSD getOne 第 1 次 等待 3 秒
2023-10-19 00:41:51 查询号码 【1893709】，返回信息 {"status":"ok","msg":"河南-商丘","gid":"492189","time_insert":"2021-08-03 19:38"}
2023-10-19 00:41:51 查询号码 【1893709】，GSD为【"河南-商丘"】

2023-10-19 00:41:52 开始第 3796 次操作

2023-10-19 00:41:52 开始操作号码 【1893710】
2023-10-19 00:41:56 GSD getOne 第 1 次 等待 3 秒
2023-10-19 00:41:59 查询号码 【1893710】，返回信息 {"status":"ok","msg":"河南-郑州","gid":"492184","time_insert":"2021-08-03 19:37"}
2023-10-19 00:41:59 查询号码 【1893710】，GSD为【"河南-郑州"】

2023-10-19 01:15:16 开始第 3797 次操作

2023-10-19 01:15:16 开始操作号码 【1893711】
2023-10-19 01:15:19 GSD getOne 第 1 次 等待 3 秒
2023-10-19 01:15:22 查询号码 【1893711】，返回信息 {"status":"ok","msg":"河南-郑州","gid":"492180","time_insert":"2021-08-03 19:36"}
2023-10-19 01:15:22 查询号码 【1893711】，GSD为【"河南-郑州"】

2023-10-19 01:15:23 开始第 3798 次操作

2023-10-19 01:15:23 开始操作号码 【1893712】
2023-10-19 01:15:26 GSD getOne 第 1 次 等待 3 秒
2023-10-19 01:15:29 查询号码 【1893712】，返回信息 {"status":"ok","msg":"河南-郑州","gid":"45150","time_insert":"2019-11-15 11:24","time_update":"2020-09-12 13:19"}
2023-10-19 01:15:29 查询号码 【1893712】，GSD为【"河南-郑州"】

2023-10-19 01:15:30 开始第 3799 次操作

2023-10-19 01:15:30 开始操作号码 【1893713】
2023-10-19 01:15:33 GSD getOne 第 1 次 等待 3 秒
2023-10-19 01:15:36 查询号码 【1893713】，返回信息 {"status":"ok","msg":"河南-郑州","gid":"492136","time_insert":"2021-08-03 19:16"}
2023-10-19 01:15:36 查询号码 【1893713】，GSD为【"河南-郑州"】

2023-10-19 01:15:37 开始第 3800 次操作

2023-10-19 01:15:37 开始操作号码 【1893714】
2023-10-19 01:15:39 GSD getOne 第 1 次 等待 3 秒
2023-10-19 01:15:42 查询号码 【1893714】，返回信息 {"status":"ok","msg":"河南-郑州","gid":"492132","time_insert":"2021-08-03 19:16"}
2023-10-19 01:15:42 查询号码 【1893714】，GSD为【"河南-郑州"】

