2023-12-15 00:19:29 开始第 3181 次操作

2023-12-15 00:19:29 开始操作号码 【1793095】
2023-12-15 00:19:33 GSD getOne 第 1 次 等待 3 秒
2023-12-15 00:19:36 查询号码 【1793095】，返回信息 {"status":"ok","msg":"-","gid":"617096","time_insert":"2023-03-27 03:21"}
2023-12-15 00:19:36 查询号码 【1793095】，GSD为【"-"】
2023-12-15 00:19:36 ok && -
2023-12-15 00:19:38 CHB 1793095?1702570776 第 1 次 等待 3 秒
2023-12-15 00:19:41 CHB 1793095?1702570776 第 1 次 获取到号码【1793095】GSD
2023-12-15 00:19:41 未获取到号码【1793095】GSD，可能号码格式错误
2023-12-15 00:19:41 获取到号码【1793095】的GSD为【-】
2023-12-15 00:19:46 GSD insert 第 1 次 等待 3 秒
2023-12-15 00:19:49 {"status":"bad","gid":"617096","msg":"添加失败！号码【1793095(-|-)】已存在！"}
2023-12-15 00:19:49 随机等待 175 秒，约 2 分钟
2023-12-15 00:19:49 下次操作: 2023-12-15 00:22:44

2023-12-15 00:22:44 开始第 3182 次操作

2023-12-15 00:22:44 开始操作号码 【1793096】
2023-12-15 00:22:49 GSD getOne 第 1 次 等待 3 秒
2023-12-15 00:22:52 查询号码 【1793096】，返回信息 {"status":"ok","msg":"-","gid":"617129","time_insert":"2023-03-27 03:41"}
2023-12-15 00:22:52 查询号码 【1793096】，GSD为【"-"】
2023-12-15 00:22:52 ok && -
2023-12-15 00:22:55 CHB 1793096?1702570972 第 1 次 等待 3 秒
2023-12-15 00:22:58 CHB 1793096?1702570972 第 1 次 获取到号码【1793096】GSD
2023-12-15 00:22:58 未获取到号码【1793096】GSD，可能号码格式错误
2023-12-15 00:22:58 获取到号码【1793096】的GSD为【-】
2023-12-15 00:23:01 GSD insert 第 1 次 等待 3 秒
2023-12-15 00:23:04 {"status":"bad","gid":"617129","msg":"添加失败！号码【1793096(-|-)】已存在！"}
2023-12-15 00:23:04 随机等待 133 秒，约 2 分钟
2023-12-15 00:23:04 下次操作: 2023-12-15 00:25:17

2023-12-15 00:25:17 开始第 3183 次操作

2023-12-15 00:25:17 开始操作号码 【1793097】
2023-12-15 00:25:21 GSD getOne 第 1 次 等待 3 秒
2023-12-15 00:25:24 查询号码 【1793097】，返回信息 {"status":"ok","msg":"-","gid":"617164","time_insert":"2023-03-27 04:00"}
2023-12-15 00:25:24 查询号码 【1793097】，GSD为【"-"】
2023-12-15 00:25:24 ok && -
2023-12-15 00:25:27 CHB 1793097?1702571125 第 1 次 等待 3 秒
2023-12-15 00:25:30 CHB 1793097?1702571125 第 1 次 获取到号码【1793097】GSD
2023-12-15 00:25:30 未获取到号码【1793097】GSD，可能号码格式错误
2023-12-15 00:25:30 获取到号码【1793097】的GSD为【-】
2023-12-15 00:25:34 GSD insert 第 1 次 等待 3 秒
2023-12-15 00:25:37 {"status":"bad","gid":"617164","msg":"添加失败！号码【1793097(-|-)】已存在！"}
2023-12-15 00:25:37 随机等待 165 秒，约 2 分钟
2023-12-15 00:25:37 下次操作: 2023-12-15 00:28:22

2023-12-15 00:28:22 开始第 3184 次操作

2023-12-15 00:28:22 开始操作号码 【1793098】
2023-12-15 00:28:25 GSD getOne 第 1 次 等待 3 秒
2023-12-15 00:28:28 查询号码 【1793098】，返回信息 {"status":"ok","msg":"-","gid":"617192","time_insert":"2023-03-27 04:20"}
2023-12-15 00:28:29 查询号码 【1793098】，GSD为【"-"】
2023-12-15 00:28:29 ok && -
2023-12-15 00:28:31 CHB 1793098?1702571309 第 1 次 等待 3 秒
2023-12-15 00:28:34 CHB 1793098?1702571309 第 1 次 获取到号码【1793098】GSD
2023-12-15 00:28:34 未获取到号码【1793098】GSD，可能号码格式错误
2023-12-15 00:28:34 获取到号码【1793098】的GSD为【-】
2023-12-15 00:28:39 GSD insert 第 1 次 等待 3 秒
2023-12-15 00:28:42 {"status":"bad","gid":"617192","msg":"添加失败！号码【1793098(-|-)】已存在！"}

2023-12-15 00:39:23 开始第 3185 次操作

2023-12-15 00:39:23 开始操作号码 【1793099】
2023-12-15 00:39:34 GSD getOne 第 1 次 等待 3 秒
2023-12-15 00:39:37 查询号码 【1793099】，返回信息 {"status":"ok","msg":"-","gid":"617221","time_insert":"2023-03-27 04:39"}
2023-12-15 00:39:37 查询号码 【1793099】，GSD为【"-"】
2023-12-15 00:39:37 ok && -
2023-12-15 00:39:39 CHB 1793099?1702571977 第 1 次 等待 3 秒
2023-12-15 00:39:42 CHB 1793099?1702571977 第 1 次 获取到号码【1793099】GSD
2023-12-15 00:39:42 未获取到号码【1793099】GSD，可能号码格式错误
2023-12-15 00:39:42 获取到号码【1793099】的GSD为【-】
2023-12-15 00:39:48 GSD insert 第 1 次 等待 3 秒
2023-12-15 00:39:51 {"status":"bad","gid":"617221","msg":"添加失败！号码【1793099(-|-)】已存在！"}
2023-12-15 00:39:51 随机等待 137 秒，约 2 分钟
2023-12-15 00:39:51 下次操作: 2023-12-15 00:42:08

2023-12-15 00:42:08 开始第 3186 次操作

2023-12-15 00:42:08 开始操作号码 【1793100】
2023-12-15 00:42:11 GSD getOne 第 1 次 等待 3 秒
2023-12-15 00:42:14 查询号码 【1793100】，返回信息 {"status":"ok","msg":"-","gid":"617249","time_insert":"2023-03-27 04:56"}
2023-12-15 00:42:14 查询号码 【1793100】，GSD为【"-"】
2023-12-15 00:42:14 ok && -
2023-12-15 00:42:17 CHB 1793100?1702572134 第 1 次 等待 3 秒
2023-12-15 00:42:20 CHB 1793100?1702572134 第 1 次 获取到号码【1793100】GSD
2023-12-15 00:42:20 未获取到号码【1793100】GSD，可能号码格式错误
2023-12-15 00:42:20 获取到号码【1793100】的GSD为【-】
2023-12-15 00:42:24 GSD insert 第 1 次 等待 3 秒
2023-12-15 00:42:27 {"status":"bad","gid":"617249","msg":"添加失败！号码【1793100(-|-)】已存在！"}
2023-12-15 00:42:27 随机等待 142 秒，约 2 分钟
2023-12-15 00:42:27 下次操作: 2023-12-15 00:44:49

2023-12-15 00:44:49 开始第 3187 次操作

2023-12-15 00:44:49 开始操作号码 【1793101】
2023-12-15 00:44:54 GSD getOne 第 1 次 等待 3 秒
2023-12-15 00:44:57 查询号码 【1793101】，返回信息 {"status":"ok","msg":"-","gid":"617275","time_insert":"2023-03-27 05:14"}
2023-12-15 00:44:57 查询号码 【1793101】，GSD为【"-"】
2023-12-15 00:44:57 ok && -
2023-12-15 00:45:00 CHB 1793101?1702572297 第 1 次 等待 3 秒
2023-12-15 00:45:03 CHB 1793101?1702572297 第 1 次 获取到号码【1793101】GSD
2023-12-15 00:45:03 未获取到号码【1793101】GSD，可能号码格式错误
2023-12-15 00:45:03 获取到号码【1793101】的GSD为【-】
2023-12-15 00:45:06 GSD insert 第 1 次 等待 3 秒
2023-12-15 00:45:09 {"status":"bad","gid":"617275","msg":"添加失败！号码【1793101(-|-)】已存在！"}
2023-12-15 00:45:09 随机等待 112 秒，约 1 分钟
2023-12-15 00:45:09 下次操作: 2023-12-15 00:47:01

2023-12-15 00:47:01 开始第 3188 次操作

2023-12-15 00:47:01 开始操作号码 【1793102】
2023-12-15 00:47:05 GSD getOne 第 1 次 等待 3 秒
2023-12-15 00:47:08 查询号码 【1793102】，返回信息 {"status":"ok","msg":"-","gid":"617305","time_insert":"2023-03-27 05:34"}
2023-12-15 00:47:08 查询号码 【1793102】，GSD为【"-"】
2023-12-15 00:47:08 ok && -
2023-12-15 00:47:10 CHB 1793102?1702572428 第 1 次 等待 3 秒
2023-12-15 00:47:13 CHB 1793102?1702572428 第 1 次 获取到号码【1793102】GSD
2023-12-15 00:47:13 未获取到号码【1793102】GSD，可能号码格式错误
2023-12-15 00:47:13 获取到号码【1793102】的GSD为【-】
2023-12-15 00:47:18 GSD insert 第 1 次 等待 3 秒
2023-12-15 00:47:21 {"status":"bad","gid":"617305","msg":"添加失败！号码【1793102(-|-)】已存在！"}

2023-12-15 01:16:20 开始第 3189 次操作

2023-12-15 01:16:20 开始操作号码 【1793103】
2023-12-15 01:16:25 GSD getOne 第 1 次 等待 3 秒
2023-12-15 01:16:28 查询号码 【1793103】，返回信息 {"status":"ok","msg":"-","gid":"617338","time_insert":"2023-03-27 05:51"}
2023-12-15 01:16:28 查询号码 【1793103】，GSD为【"-"】
2023-12-15 01:16:28 ok && -
2023-12-15 01:16:31 CHB 1793103?1702574188 第 1 次 等待 3 秒
2023-12-15 01:16:34 CHB 1793103?1702574188 第 1 次 获取到号码【1793103】GSD
2023-12-15 01:16:34 未获取到号码【1793103】GSD，可能号码格式错误
2023-12-15 01:16:34 获取到号码【1793103】的GSD为【-】
2023-12-15 01:16:37 GSD insert 第 1 次 等待 3 秒
2023-12-15 01:16:40 {"status":"bad","gid":"617338","msg":"添加失败！号码【1793103(-|-)】已存在！"}
2023-12-15 01:16:40 随机等待 110 秒，约 1 分钟
2023-12-15 01:16:40 下次操作: 2023-12-15 01:18:30

2023-12-15 01:18:30 开始第 3190 次操作

2023-12-15 01:18:30 开始操作号码 【1793104】
2023-12-15 01:18:34 GSD getOne 第 1 次 等待 3 秒
2023-12-15 01:18:37 查询号码 【1793104】，返回信息 {"status":"ok","msg":"-","gid":"617366","time_insert":"2023-03-27 06:10"}
2023-12-15 01:18:37 查询号码 【1793104】，GSD为【"-"】
2023-12-15 01:18:37 ok && -
2023-12-15 01:18:39 CHB 1793104?1702574317 第 1 次 等待 3 秒
2023-12-15 01:18:42 CHB 1793104?1702574317 第 1 次 获取到号码【1793104】GSD
2023-12-15 01:18:42 未获取到号码【1793104】GSD，可能号码格式错误
2023-12-15 01:18:42 获取到号码【1793104】的GSD为【-】
2023-12-15 01:18:46 GSD insert 第 1 次 等待 3 秒
2023-12-15 01:18:49 {"status":"bad","gid":"617366","msg":"添加失败！号码【1793104(-|-)】已存在！"}
2023-12-15 01:18:49 随机等待 165 秒，约 2 分钟
2023-12-15 01:18:49 下次操作: 2023-12-15 01:21:34

2023-12-15 01:21:34 开始第 3191 次操作

2023-12-15 01:21:34 开始操作号码 【1793105】
2023-12-15 01:21:38 GSD getOne 第 1 次 等待 3 秒
2023-12-15 01:21:41 查询号码 【1793105】，返回信息 {"status":"ok","msg":"-","gid":"617395","time_insert":"2023-03-27 06:28"}
2023-12-15 01:21:41 查询号码 【1793105】，GSD为【"-"】
2023-12-15 01:21:41 ok && -
2023-12-15 01:21:43 CHB 1793105?1702574501 第 1 次 等待 3 秒
2023-12-15 01:21:46 CHB 1793105?1702574501 第 1 次 获取到号码【1793105】GSD
2023-12-15 01:21:46 未获取到号码【1793105】GSD，可能号码格式错误
2023-12-15 01:21:46 获取到号码【1793105】的GSD为【-】
2023-12-15 01:21:50 GSD insert 第 1 次 等待 3 秒
2023-12-15 01:21:53 {"status":"bad","gid":"617395","msg":"添加失败！号码【1793105(-|-)】已存在！"}
2023-12-15 01:21:53 随机等待 183 秒，约 3 分钟
2023-12-15 01:21:53 下次操作: 2023-12-15 01:24:56

2023-12-15 01:24:56 开始第 3192 次操作

2023-12-15 01:24:56 开始操作号码 【1793106】
2023-12-15 01:25:00 GSD getOne 第 1 次 等待 3 秒
2023-12-15 01:25:03 查询号码 【1793106】，返回信息 {"status":"ok","msg":"-","gid":"617422","time_insert":"2023-03-27 06:45"}
2023-12-15 01:25:03 查询号码 【1793106】，GSD为【"-"】
2023-12-15 01:25:03 ok && -
2023-12-15 01:25:05 CHB 1793106?1702574703 第 1 次 等待 3 秒
2023-12-15 01:25:08 CHB 1793106?1702574703 第 1 次 获取到号码【1793106】GSD
2023-12-15 01:25:08 未获取到号码【1793106】GSD，可能号码格式错误
2023-12-15 01:25:08 获取到号码【1793106】的GSD为【-】
2023-12-15 01:25:12 GSD insert 第 1 次 等待 3 秒
2023-12-15 01:25:15 {"status":"bad","gid":"617422","msg":"添加失败！号码【1793106(-|-)】已存在！"}

