2023-12-03 00:20:24 开始第 1073 次操作

2023-12-03 00:20:24 开始操作号码 【1790988】
2023-12-03 00:20:28 GSD getOne 第 1 次 等待 3 秒
2023-12-03 00:20:31 查询号码 【1790988】，返回信息 {"status":"ok","msg":"-","gid":"562118","time_insert":"2023-03-01 01:41"}
2023-12-03 00:20:31 查询号码 【1790988】，GSD为【"-"】
2023-12-03 00:20:31 ok && -
2023-12-03 00:20:34 CHB 1790988?1701534031 第 1 次 等待 3 秒
2023-12-03 00:20:37 CHB 1790988?1701534031 第 1 次 获取到号码【1790988】GSD
2023-12-03 00:20:37 未获取到号码【1790988】GSD，可能号码格式错误
2023-12-03 00:20:37 获取到号码【1790988】的GSD为【-】
2023-12-03 00:20:41 GSD insert 第 1 次 等待 3 秒
2023-12-03 00:20:44 {"status":"bad","gid":"562118","msg":"添加失败！号码【1790988(-|-)】已存在！"}
2023-12-03 00:20:44 随机等待 118 秒，约 1 分钟
2023-12-03 00:20:44 下次操作: 2023-12-03 00:22:42

2023-12-03 00:22:42 开始第 1074 次操作

2023-12-03 00:22:42 开始操作号码 【1790989】
2023-12-03 00:22:48 GSD getOne 第 1 次 等待 3 秒
2023-12-03 00:22:51 查询号码 【1790989】，返回信息 {"status":"ok","msg":"-","gid":"562153","time_insert":"2023-03-01 01:59"}
2023-12-03 00:22:51 查询号码 【1790989】，GSD为【"-"】
2023-12-03 00:22:51 ok && -
2023-12-03 00:22:54 CHB 1790989?1701534171 第 1 次 等待 3 秒
2023-12-03 00:22:57 CHB 1790989?1701534171 第 1 次 获取到号码【1790989】GSD
2023-12-03 00:22:57 未获取到号码【1790989】GSD，可能号码格式错误
2023-12-03 00:22:57 获取到号码【1790989】的GSD为【-】
2023-12-03 00:23:00 GSD insert 第 1 次 等待 3 秒
2023-12-03 00:23:03 {"status":"bad","gid":"562153","msg":"添加失败！号码【1790989(-|-)】已存在！"}
2023-12-03 00:23:03 随机等待 109 秒，约 1 分钟
2023-12-03 00:23:03 下次操作: 2023-12-03 00:24:52

2023-12-03 00:24:52 开始第 1075 次操作

2023-12-03 00:24:52 开始操作号码 【1790990】
2023-12-03 00:24:56 GSD getOne 第 1 次 等待 3 秒
2023-12-03 00:24:59 查询号码 【1790990】，返回信息 {"status":"ok","msg":"-","gid":"562178","time_insert":"2023-03-01 02:15"}
2023-12-03 00:24:59 查询号码 【1790990】，GSD为【"-"】
2023-12-03 00:24:59 ok && -
2023-12-03 00:25:02 CHB 1790990?1701534299 第 1 次 等待 3 秒
2023-12-03 00:25:05 CHB 1790990?1701534299 第 1 次 获取到号码【1790990】GSD
2023-12-03 00:25:05 未获取到号码【1790990】GSD，可能号码格式错误
2023-12-03 00:25:05 获取到号码【1790990】的GSD为【-】
2023-12-03 00:25:09 GSD insert 第 1 次 等待 3 秒
2023-12-03 00:25:12 {"status":"bad","gid":"562178","msg":"添加失败！号码【1790990(-|-)】已存在！"}
2023-12-03 00:25:12 随机等待 225 秒，约 3 分钟
2023-12-03 00:25:12 下次操作: 2023-12-03 00:28:57

2023-12-03 00:28:57 开始第 1076 次操作

2023-12-03 00:28:57 开始操作号码 【1790991】
2023-12-03 00:29:02 GSD getOne 第 1 次 等待 3 秒
2023-12-03 00:29:05 查询号码 【1790991】，返回信息 {"status":"ok","msg":"-","gid":"562206","time_insert":"2023-03-01 02:34"}
2023-12-03 00:29:05 查询号码 【1790991】，GSD为【"-"】
2023-12-03 00:29:05 ok && -
2023-12-03 00:29:08 CHB 1790991?1701534545 第 1 次 等待 3 秒
2023-12-03 00:29:11 CHB 1790991?1701534545 第 1 次 获取到号码【1790991】GSD
2023-12-03 00:29:11 未获取到号码【1790991】GSD，可能号码格式错误
2023-12-03 00:29:11 获取到号码【1790991】的GSD为【-】
2023-12-03 00:29:17 GSD insert 第 1 次 等待 3 秒
2023-12-03 00:29:20 {"status":"bad","gid":"562206","msg":"添加失败！号码【1790991(-|-)】已存在！"}

2023-12-03 00:38:39 开始第 1077 次操作

2023-12-03 00:38:39 开始操作号码 【1790992】
2023-12-03 00:38:43 GSD getOne 第 1 次 等待 3 秒
2023-12-03 00:38:46 查询号码 【1790992】，返回信息 {"status":"ok","msg":"-","gid":"562231","time_insert":"2023-03-01 02:50"}
2023-12-03 00:38:46 查询号码 【1790992】，GSD为【"-"】
2023-12-03 00:38:46 ok && -
2023-12-03 00:38:51 CHB 1790992?1701535126 第 1 次 等待 3 秒
2023-12-03 00:38:54 CHB 1790992?1701535126 第 1 次 获取到号码【1790992】GSD
2023-12-03 00:38:54 未获取到号码【1790992】GSD，可能号码格式错误
2023-12-03 00:38:54 获取到号码【1790992】的GSD为【-】
2023-12-03 00:38:57 GSD insert 第 1 次 等待 3 秒
2023-12-03 00:39:00 {"status":"bad","gid":"562231","msg":"添加失败！号码【1790992(-|-)】已存在！"}
2023-12-03 00:39:00 随机等待 169 秒，约 2 分钟
2023-12-03 00:39:00 下次操作: 2023-12-03 00:41:49

2023-12-03 00:41:49 开始第 1078 次操作

2023-12-03 00:41:49 开始操作号码 【1790993】
2023-12-03 00:42:15 GSD getOne 第 1 次 等待 3 秒
2023-12-03 00:42:18 查询号码 【1790993】，返回信息 {"status":"ok","msg":"-","gid":"562253","time_insert":"2023-03-01 03:05"}
2023-12-03 00:42:18 查询号码 【1790993】，GSD为【"-"】
2023-12-03 00:42:18 ok && -
2023-12-03 00:42:22 CHB 1790993?1701535338 第 1 次 等待 3 秒
2023-12-03 00:42:25 CHB 1790993?1701535338 第 1 次 获取到号码【1790993】GSD
2023-12-03 00:42:25 未获取到号码【1790993】GSD，可能号码格式错误
2023-12-03 00:42:25 获取到号码【1790993】的GSD为【-】
2023-12-03 00:42:28 GSD insert 第 1 次 等待 3 秒
2023-12-03 00:42:31 {"status":"bad","gid":"562253","msg":"添加失败！号码【1790993(-|-)】已存在！"}
2023-12-03 00:42:31 随机等待 71 秒，约 1 分钟
2023-12-03 00:42:31 下次操作: 2023-12-03 00:43:42

2023-12-03 00:43:42 开始第 1079 次操作

2023-12-03 00:43:42 开始操作号码 【1790994】
2023-12-03 00:43:46 GSD getOne 第 1 次 等待 3 秒
2023-12-03 00:43:49 查询号码 【1790994】，返回信息 {"status":"ok","msg":"-","gid":"562286","time_insert":"2023-03-01 03:23"}
2023-12-03 00:43:49 查询号码 【1790994】，GSD为【"-"】
2023-12-03 00:43:49 ok && -
2023-12-03 00:43:51 CHB 1790994?1701535429 第 1 次 等待 3 秒
2023-12-03 00:43:54 CHB 1790994?1701535429 第 1 次 获取到号码【1790994】GSD
2023-12-03 00:43:54 未获取到号码【1790994】GSD，可能号码格式错误
2023-12-03 00:43:54 获取到号码【1790994】的GSD为【-】
2023-12-03 00:43:58 GSD insert 第 1 次 等待 3 秒
2023-12-03 00:44:01 {"status":"bad","gid":"562286","msg":"添加失败！号码【1790994(-|-)】已存在！"}
2023-12-03 00:44:01 随机等待 138 秒，约 2 分钟
2023-12-03 00:44:01 下次操作: 2023-12-03 00:46:19

2023-12-03 00:46:19 开始第 1080 次操作

2023-12-03 00:46:19 开始操作号码 【1790995】
2023-12-03 00:46:25 GSD getOne 第 1 次 等待 3 秒
2023-12-03 00:46:28 查询号码 【1790995】，返回信息 {"status":"ok","msg":"-","gid":"562316","time_insert":"2023-03-01 03:39"}
2023-12-03 00:46:28 查询号码 【1790995】，GSD为【"-"】
2023-12-03 00:46:28 ok && -
2023-12-03 00:46:31 CHB 1790995?1701535588 第 1 次 等待 3 秒
2023-12-03 00:46:34 CHB 1790995?1701535588 第 1 次 获取到号码【1790995】GSD
2023-12-03 00:46:34 未获取到号码【1790995】GSD，可能号码格式错误
2023-12-03 00:46:34 获取到号码【1790995】的GSD为【-】
2023-12-03 00:46:38 GSD insert 第 1 次 等待 3 秒
2023-12-03 00:46:41 {"status":"bad","gid":"562316","msg":"添加失败！号码【1790995(-|-)】已存在！"}

