2023-09-29 00:22:09 开始第 465 次操作

2023-09-29 00:22:09 开始操作号码 【1890464】
2023-09-29 00:22:11 GSD getOne 第 1 次 等待 3 秒
2023-09-29 00:22:14 查询号码 【1890464】，返回信息 {"status":"ok","msg":"黑龙江-七台河","gid":"401928","time_insert":"2021-07-26 13:57"}
2023-09-29 00:22:14 查询号码 【1890464】，GSD为【"黑龙江-七台河"】

2023-09-29 00:22:15 开始第 466 次操作

2023-09-29 00:22:15 开始操作号码 【1890465】
2023-09-29 00:22:18 GSD getOne 第 1 次 等待 3 秒
2023-09-29 00:22:21 查询号码 【1890465】，返回信息 {"status":"ok","msg":"黑龙江-哈尔滨","gid":"402032","time_insert":"2021-07-26 14:08"}
2023-09-29 00:22:21 查询号码 【1890465】，GSD为【"黑龙江-哈尔滨"】

2023-09-29 00:22:22 开始第 467 次操作

2023-09-29 00:22:22 开始操作号码 【1890466】
2023-09-29 00:22:24 GSD getOne 第 1 次 等待 3 秒
2023-09-29 00:22:27 查询号码 【1890466】，返回信息 {"status":"ok","msg":"黑龙江-哈尔滨","gid":"402079","time_insert":"2021-07-26 14:22"}
2023-09-29 00:22:27 查询号码 【1890466】，GSD为【"黑龙江-哈尔滨"】

2023-09-29 00:22:28 开始第 468 次操作

2023-09-29 00:22:28 开始操作号码 【1890467】
2023-09-29 00:22:30 GSD getOne 第 1 次 等待 3 秒
2023-09-29 00:22:33 查询号码 【1890467】，返回信息 {"status":"ok","msg":"黑龙江-鸡西","gid":"402105","time_insert":"2021-07-26 14:36"}
2023-09-29 00:22:33 查询号码 【1890467】，GSD为【"黑龙江-鸡西"】

