2024-04-28 00:19:42 开始第 5845 次操作

2024-04-28 00:19:42 开始操作号码 【1575758】
2024-04-28 00:19:48 GSD getOne 第 1 次 等待 3 秒
2024-04-28 00:19:51 查询号码 【1575758】，返回信息 {"status":"ok","msg":"浙江-绍兴","gid":"23799","time_insert":"2019-05-23 16:03","time_update":"2020-09-01 02:11"}
2024-04-28 00:19:51 查询号码 【1575758】，GSD为【"浙江-绍兴"】

2024-04-28 00:19:52 开始第 5846 次操作

2024-04-28 00:19:52 开始操作号码 【1575759】
2024-04-28 00:20:00 GSD getOne 第 1 次 等待 3 秒
2024-04-28 00:20:03 查询号码 【1575759】，返回信息 {"status":"ok","msg":"浙江-绍兴","gid":"327653","time_insert":"2021-07-19 16:07","time_update":"2021-07-27 18:56"}
2024-04-28 00:20:03 查询号码 【1575759】，GSD为【"浙江-绍兴"】

2024-04-28 00:20:04 开始第 5847 次操作

2024-04-28 00:20:04 开始操作号码 【1575760】
2024-04-28 00:20:10 GSD getOne 第 1 次 等待 3 秒
2024-04-28 00:20:13 查询号码 【1575760】，返回信息 {"status":"ok","msg":"浙江-台州","gid":"416074","time_insert":"2021-07-27 18:56"}
2024-04-28 00:20:13 查询号码 【1575760】，GSD为【"浙江-台州"】

2024-04-28 00:20:14 开始第 5848 次操作

2024-04-28 00:20:14 开始操作号码 【1575761】
2024-04-28 00:20:20 GSD getOne 第 1 次 等待 3 秒
2024-04-28 00:20:23 查询号码 【1575761】，返回信息 {"status":"ok","msg":"浙江-台州","gid":"416064","time_insert":"2021-07-27 18:55"}
2024-04-28 00:20:23 查询号码 【1575761】，GSD为【"浙江-台州"】

