2024-07-30 00:25:06 开始第 8609 次操作

2024-07-30 00:25:06 开始操作号码 【1468511】
2024-07-30 00:25:14 GSD getOne 第 1 次 等待 3 秒
2024-07-30 00:25:17 查询号码 【1468511】，返回信息 {"status":"ok","msg":"江苏-南京","gid":"370645","time_insert":"2021-07-23 22:42","time_update":"2023-05-22 14:56"}
2024-07-30 00:25:17 查询号码 【1468511】，GSD为【"江苏-南京"】

2024-07-30 00:25:18 开始第 8610 次操作

2024-07-30 00:25:18 开始操作号码 【1468512】
2024-07-30 00:25:29 GSD getOne 第 1 次 等待 3 秒
2024-07-30 00:25:32 查询号码 【1468512】，返回信息 {"status":"ok","msg":"江苏-南京","gid":"370638","time_insert":"2021-07-23 22:41","time_update":"2023-05-22 14:57"}
2024-07-30 00:25:32 查询号码 【1468512】，GSD为【"江苏-南京"】

2024-07-30 00:25:33 开始第 8611 次操作

2024-07-30 00:25:33 开始操作号码 【1468513】
2024-07-30 00:25:40 GSD getOne 第 1 次 等待 3 秒
2024-07-30 00:25:43 查询号码 【1468513】，返回信息 {"status":"ok","msg":"江苏-南京","gid":"370632","time_insert":"2021-07-23 22:41","time_update":"2023-05-22 14:58"}
2024-07-30 00:25:43 查询号码 【1468513】，GSD为【"江苏-南京"】

2024-07-30 00:25:44 开始第 8612 次操作

2024-07-30 00:25:44 开始操作号码 【1468514】
2024-07-30 00:25:52 GSD getOne 第 1 次 等待 3 秒
2024-07-30 00:25:55 查询号码 【1468514】，返回信息 {"status":"ok","msg":"江苏-南京","gid":"370626","time_insert":"2021-07-23 22:40","time_update":"2023-05-22 15:01"}
2024-07-30 00:25:55 查询号码 【1468514】，GSD为【"江苏-南京"】

