2024-05-17 00:22:17 开始第 9197 次操作

2024-05-17 00:22:17 开始操作号码 【1579103】
2024-05-17 00:22:22 GSD getOne 第 1 次 等待 3 秒
2024-05-17 00:22:25 查询号码 【1579103】，返回信息 {"status":"ok","msg":"北京-北京","gid":"377980","time_insert":"2021-07-24 13:56"}
2024-05-17 00:22:25 查询号码 【1579103】，GSD为【"北京-北京"】

2024-05-17 00:22:26 开始第 9198 次操作

2024-05-17 00:22:26 开始操作号码 【1579104】
2024-05-17 00:22:31 GSD getOne 第 1 次 等待 3 秒
2024-05-17 00:22:34 查询号码 【1579104】，返回信息 {"status":"ok","msg":"北京-北京","gid":"377973","time_insert":"2021-07-24 13:56"}
2024-05-17 00:22:34 查询号码 【1579104】，GSD为【"北京-北京"】

2024-05-17 00:22:35 开始第 9199 次操作

2024-05-17 00:22:35 开始操作号码 【1579105】
2024-05-17 00:22:45 GSD getOne 第 1 次 等待 3 秒
2024-05-17 00:22:48 查询号码 【1579105】，返回信息 {"status":"ok","msg":"北京-北京","gid":"377965","time_insert":"2021-07-24 13:55"}
2024-05-17 00:22:48 查询号码 【1579105】，GSD为【"北京-北京"】

2024-05-17 00:22:49 开始第 9200 次操作

2024-05-17 00:22:49 开始操作号码 【1579106】
2024-05-17 00:22:56 GSD getOne 第 1 次 等待 3 秒
2024-05-17 00:22:59 查询号码 【1579106】，返回信息 {"status":"ok","msg":"北京-北京","gid":"377955","time_insert":"2021-07-24 13:55"}
2024-05-17 00:22:59 查询号码 【1579106】，GSD为【"北京-北京"】

2024-05-17 00:39:47 开始第 9201 次操作

2024-05-17 00:39:47 开始操作号码 【1579107】
2024-05-17 00:39:57 GSD getOne 第 1 次 等待 3 秒
2024-05-17 00:40:00 查询号码 【1579107】，返回信息 {"status":"ok","msg":"北京-北京","gid":"377945","time_insert":"2021-07-24 13:54"}
2024-05-17 00:40:00 查询号码 【1579107】，GSD为【"北京-北京"】

2024-05-17 00:40:01 开始第 9202 次操作

2024-05-17 00:40:01 开始操作号码 【1579108】
2024-05-17 00:40:15 GSD getOne 第 1 次 等待 3 秒
2024-05-17 00:40:18 查询号码 【1579108】，返回信息 {"status":"ok","msg":"北京-北京","gid":"377934","time_insert":"2021-07-24 13:53"}
2024-05-17 00:40:18 查询号码 【1579108】，GSD为【"北京-北京"】

2024-05-17 00:40:19 开始第 9203 次操作

2024-05-17 00:40:19 开始操作号码 【1579109】
2024-05-17 00:40:32 GSD getOne 第 1 次 等待 3 秒
2024-05-17 00:40:35 查询号码 【1579109】，返回信息 {"status":"ok","msg":"北京-北京","gid":"377923","time_insert":"2021-07-24 13:53"}
2024-05-17 00:40:35 查询号码 【1579109】，GSD为【"北京-北京"】

2024-05-17 00:40:36 开始第 9204 次操作

2024-05-17 00:40:36 开始操作号码 【1579110】
2024-05-17 00:41:00 GSD getOne 第 1 次 等待 3 秒
2024-05-17 00:41:03 查询号码 【1579110】，返回信息 {"status":"ok","msg":"福建-漳州","gid":"377912","time_insert":"2021-07-24 13:52","time_update":"2023-09-18 12:14"}
2024-05-17 00:41:03 查询号码 【1579110】，GSD为【"福建-漳州"】

2024-05-17 01:17:07 开始第 9205 次操作

2024-05-17 01:17:07 开始操作号码 【1579111】
2024-05-17 01:17:14 GSD getOne 第 1 次 等待 3 秒
2024-05-17 01:17:17 查询号码 【1579111】，返回信息 {"status":"ok","msg":"广东-广州","gid":"377900","time_insert":"2021-07-24 13:51","time_update":"2023-09-18 12:16"}
2024-05-17 01:17:17 查询号码 【1579111】，GSD为【"广东-广州"】

2024-05-17 01:17:18 开始第 9206 次操作

2024-05-17 01:17:18 开始操作号码 【1579112】
2024-05-17 01:17:24 GSD getOne 第 1 次 等待 3 秒
2024-05-17 01:17:27 查询号码 【1579112】，返回信息 {"status":"ok","msg":"福建-宁德","gid":"377888","time_insert":"2021-07-24 13:51","time_update":"2023-09-18 12:37"}
2024-05-17 01:17:27 查询号码 【1579112】，GSD为【"福建-宁德"】

2024-05-17 01:17:28 开始第 9207 次操作

2024-05-17 01:17:28 开始操作号码 【1579113】
2024-05-17 01:17:35 GSD getOne 第 1 次 等待 3 秒
2024-05-17 01:17:38 查询号码 【1579113】，返回信息 {"status":"ok","msg":"福建-龙岩","gid":"377875","time_insert":"2021-07-24 13:50","time_update":"2023-09-18 12:40"}
2024-05-17 01:17:38 查询号码 【1579113】，GSD为【"福建-龙岩"】

2024-05-17 01:17:39 开始第 9208 次操作

2024-05-17 01:17:39 开始操作号码 【1579114】
2024-05-17 01:17:46 GSD getOne 第 1 次 等待 3 秒
2024-05-17 01:17:49 查询号码 【1579114】，返回信息 {"status":"ok","msg":"辽宁-抚顺","gid":"377865","time_insert":"2021-07-24 13:49","time_update":"2023-09-18 12:42"}
2024-05-17 01:17:49 查询号码 【1579114】，GSD为【"辽宁-抚顺"】

2024-05-17 01:38:08 开始第 9209 次操作

2024-05-17 01:38:08 开始操作号码 【1579115】
2024-05-17 01:38:26 GSD getOne 第 1 次 等待 3 秒
2024-05-17 01:38:29 查询号码 【1579115】，返回信息 {"status":"ok","msg":"甘肃-甘南","gid":"377856","time_insert":"2021-07-24 13:49","time_update":"2023-09-18 12:47"}
2024-05-17 01:38:30 查询号码 【1579115】，GSD为【"甘肃-甘南"】

2024-05-17 01:38:31 开始第 9210 次操作

2024-05-17 01:38:31 开始操作号码 【1579116】
2024-05-17 01:38:38 GSD getOne 第 1 次 等待 3 秒
2024-05-17 01:38:41 查询号码 【1579116】，返回信息 {"status":"ok","msg":"甘肃-陇南","gid":"377845","time_insert":"2021-07-24 13:48","time_update":"2023-09-18 13:11"}
2024-05-17 01:38:41 查询号码 【1579116】，GSD为【"甘肃-陇南"】

2024-05-17 01:38:42 开始第 9211 次操作

2024-05-17 01:38:42 开始操作号码 【1579117】
2024-05-17 01:38:48 GSD getOne 第 1 次 等待 3 秒
2024-05-17 01:38:51 查询号码 【1579117】，返回信息 {"status":"ok","msg":"甘肃-平凉","gid":"377837","time_insert":"2021-07-24 13:48","time_update":"2023-09-18 13:12"}
2024-05-17 01:38:51 查询号码 【1579117】，GSD为【"甘肃-平凉"】

2024-05-17 01:38:52 开始第 9212 次操作

2024-05-17 01:38:52 开始操作号码 【1579118】
2024-05-17 01:38:58 GSD getOne 第 1 次 等待 3 秒
2024-05-17 01:39:01 查询号码 【1579118】，返回信息 {"status":"ok","msg":"甘肃-天水","gid":"377829","time_insert":"2021-07-24 13:47","time_update":"2023-09-18 13:16"}
2024-05-17 01:39:01 查询号码 【1579118】，GSD为【"甘肃-天水"】

2024-05-17 02:21:36 开始第 9213 次操作

2024-05-17 02:21:36 开始操作号码 【1579119】
2024-05-17 02:21:43 GSD getOne 第 1 次 等待 3 秒
2024-05-17 02:21:46 查询号码 【1579119】，返回信息 {"status":"ok","msg":"甘肃-兰州","gid":"377818","time_insert":"2021-07-24 13:47","time_update":"2023-09-18 13:18"}
2024-05-17 02:21:46 查询号码 【1579119】，GSD为【"甘肃-兰州"】

2024-05-17 02:21:47 开始第 9214 次操作

2024-05-17 02:21:47 开始操作号码 【1579120】
2024-05-17 02:21:53 GSD getOne 第 1 次 等待 3 秒
2024-05-17 02:21:56 查询号码 【1579120】，返回信息 {"status":"ok","msg":"河北-唐山","gid":"377806","time_insert":"2021-07-24 13:46","time_update":"2023-09-18 13:34"}
2024-05-17 02:21:56 查询号码 【1579120】，GSD为【"河北-唐山"】

2024-05-17 02:21:57 开始第 9215 次操作

2024-05-17 02:21:57 开始操作号码 【1579121】
2024-05-17 02:22:05 GSD getOne 第 1 次 等待 3 秒
2024-05-17 02:22:08 查询号码 【1579121】，返回信息 {"status":"ok","msg":"广东-湛江","gid":"377797","time_insert":"2021-07-24 13:45","time_update":"2023-09-18 13:38"}
2024-05-17 02:22:08 查询号码 【1579121】，GSD为【"广东-湛江"】

2024-05-17 02:22:09 开始第 9216 次操作

2024-05-17 02:22:09 开始操作号码 【1579122】
2024-05-17 02:22:16 GSD getOne 第 1 次 等待 3 秒
2024-05-17 02:22:19 查询号码 【1579122】，返回信息 {"status":"ok","msg":"甘肃-临夏","gid":"377787","time_insert":"2021-07-24 13:45","time_update":"2023-09-18 13:40"}
2024-05-17 02:22:19 查询号码 【1579122】，GSD为【"甘肃-临夏"】

