2024-01-30 00:20:14 开始第 849 次操作

2024-01-30 00:20:14 开始操作号码 【1680761】
2024-01-30 00:20:18 GSD getOne 第 1 次 等待 3 秒
2024-01-30 00:20:21 查询号码 【1680761】，返回信息 {"status":"ok","msg":"-","gid":"529755","time_insert":"2023-02-14 00:35"}
2024-01-30 00:20:21 查询号码 【1680761】，GSD为【"-"】
2024-01-30 00:20:21 ok && -
2024-01-30 00:20:24 CHB 1680761?1706545221 第 1 次 等待 3 秒
2024-01-30 00:20:27 CHB 1680761?1706545221 第 1 次 获取到号码【1680761】GSD
2024-01-30 00:20:27 未获取到号码【1680761】GSD，可能号码格式错误
2024-01-30 00:20:27 获取到号码【1680761】的GSD为【-】
2024-01-30 00:20:31 GSD insert 第 1 次 等待 3 秒
2024-01-30 00:20:34 {"status":"bad","gid":"529755","msg":"添加失败！号码【1680761(-|-)】已存在！"}
2024-01-30 00:20:34 随机等待 231 秒，约 3 分钟
2024-01-30 00:20:34 下次操作: 2024-01-30 00:24:25

2024-01-30 00:24:25 开始第 850 次操作

2024-01-30 00:24:25 开始操作号码 【1680762】
2024-01-30 00:24:30 GSD getOne 第 1 次 等待 3 秒
2024-01-30 00:24:33 查询号码 【1680762】，返回信息 {"status":"ok","msg":"-","gid":"529769","time_insert":"2023-02-14 00:45"}
2024-01-30 00:24:33 查询号码 【1680762】，GSD为【"-"】
2024-01-30 00:24:33 ok && -
2024-01-30 00:24:35 CHB 1680762?1706545473 第 1 次 等待 3 秒
2024-01-30 00:24:38 CHB 1680762?1706545473 第 1 次 获取到号码【1680762】GSD
2024-01-30 00:24:38 未获取到号码【1680762】GSD，可能号码格式错误
2024-01-30 00:24:38 获取到号码【1680762】的GSD为【-】
2024-01-30 00:24:43 GSD insert 第 1 次 等待 3 秒
2024-01-30 00:24:46 {"status":"bad","gid":"529769","msg":"添加失败！号码【1680762(-|-)】已存在！"}
2024-01-30 00:24:46 随机等待 127 秒，约 2 分钟
2024-01-30 00:24:46 下次操作: 2024-01-30 00:26:53

2024-01-30 00:26:53 开始第 851 次操作

2024-01-30 00:26:53 开始操作号码 【1680763】
2024-01-30 00:26:59 GSD getOne 第 1 次 等待 3 秒
2024-01-30 00:27:02 查询号码 【1680763】，返回信息 {"status":"ok","msg":"-","gid":"529778","time_insert":"2023-02-14 00:55"}
2024-01-30 00:27:02 查询号码 【1680763】，GSD为【"-"】
2024-01-30 00:27:02 ok && -
2024-01-30 00:27:04 CHB 1680763?1706545622 第 1 次 等待 3 秒
2024-01-30 00:27:07 CHB 1680763?1706545622 第 1 次 获取到号码【1680763】GSD
2024-01-30 00:27:07 未获取到号码【1680763】GSD，可能号码格式错误
2024-01-30 00:27:07 获取到号码【1680763】的GSD为【-】
2024-01-30 00:27:11 GSD insert 第 1 次 等待 3 秒
2024-01-30 00:27:14 {"status":"bad","gid":"529778","msg":"添加失败！号码【1680763(-|-)】已存在！"}
2024-01-30 00:27:14 随机等待 216 秒，约 3 分钟
2024-01-30 00:27:14 下次操作: 2024-01-30 00:30:50

2024-01-30 00:30:50 开始第 852 次操作

2024-01-30 00:30:50 开始操作号码 【1680764】
2024-01-30 00:30:54 GSD getOne 第 1 次 等待 3 秒
2024-01-30 00:30:57 查询号码 【1680764】，返回信息 {"status":"ok","msg":"-","gid":"529793","time_insert":"2023-02-14 01:07"}
2024-01-30 00:30:57 查询号码 【1680764】，GSD为【"-"】
2024-01-30 00:30:57 ok && -
2024-01-30 00:30:59 CHB 1680764?1706545857 第 1 次 等待 3 秒
2024-01-30 00:31:02 CHB 1680764?1706545857 第 1 次 获取到号码【1680764】GSD
2024-01-30 00:31:02 未获取到号码【1680764】GSD，可能号码格式错误
2024-01-30 00:31:02 获取到号码【1680764】的GSD为【-】
2024-01-30 00:31:06 GSD insert 第 1 次 等待 3 秒
2024-01-30 00:31:09 {"status":"bad","gid":"529793","msg":"添加失败！号码【1680764(-|-)】已存在！"}

