2021-08-03 00:00:46 开始第 19 次操作

2021-08-03 00:00:46 开始操作号码 【1894591】
2021-08-03 00:00:50 GSD getOne 第 1 次 等待 3 秒
2021-08-03 00:00:53 查询号码 【1894591】，返回信息 {"status":"bad","msg":""}
2021-08-03 00:00:53 查询号码 【1894591】，GSD为【""】
2021-08-03 00:00:53 bad
2021-08-03 00:00:58 CHB 1894591?1627920053 第 1 次 等待 3 秒
2021-08-03 00:01:01 CHB 1894591?1627920053 第 1 次 获取到号码【1894591】GSD
2021-08-03 00:01:01 获取到号码【1894591】的GSD为【黑龙江-大庆】
2021-08-03 00:01:10 GSD insert 第 1 次 等待 3 秒
2021-08-03 00:01:13 {"status":"ok","gid":484604,"msg":"添加成功！"}
2021-08-03 00:01:13 下次操作: 2021-08-03 00:01:34

2021-08-03 00:01:34 开始第 20 次操作

2021-08-03 00:01:34 开始操作号码 【1894590】
2021-08-03 00:01:40 GSD getOne 第 1 次 等待 3 秒
2021-08-03 00:01:43 查询号码 【1894590】，返回信息 {"status":"ok","msg":"黑龙江-大庆","gid":"56220","time_insert":"2021-02-27 14:51"}
2021-08-03 00:01:43 查询号码 【1894590】，GSD为【"黑龙江-大庆"】

2021-08-03 00:01:43 开始第 20 次操作

2021-08-03 00:01:43 开始操作号码 【1894589】
2021-08-03 00:02:05 GSD getOne 第 1 次 等待 3 秒
2021-08-03 00:02:08 查询号码 【1894589】，返回信息 {"status":"bad","msg":""}
2021-08-03 00:02:08 查询号码 【1894589】，GSD为【""】
2021-08-03 00:02:08 bad
2021-08-03 00:02:10 CHB 1894589?1627920128 第 1 次 等待 3 秒
2021-08-03 00:02:13 CHB 1894589?1627920128 第 1 次 获取到号码【1894589】GSD
2021-08-03 00:02:13 获取到号码【1894589】的GSD为【黑龙江-伊春】
2021-08-03 00:02:20 GSD insert 第 1 次 等待 3 秒
2021-08-03 00:02:23 {"status":"ok","gid":484613,"msg":"添加成功！"}
2021-08-03 00:02:23 下次操作: 2021-08-03 00:02:43

2021-08-03 00:02:43 开始第 21 次操作

2021-08-03 00:02:43 开始操作号码 【1894588】
2021-08-03 00:02:48 GSD getOne 第 1 次 等待 3 秒
2021-08-03 00:02:51 查询号码 【1894588】，返回信息 {"status":"bad","msg":""}
2021-08-03 00:02:51 查询号码 【1894588】，GSD为【""】
2021-08-03 00:02:51 bad
2021-08-03 00:02:57 CHB 1894588?1627920171 第 1 次 等待 3 秒
2021-08-03 00:03:00 CHB 1894588?1627920171 第 1 次 获取到号码【1894588】GSD
2021-08-03 00:03:00 获取到号码【1894588】的GSD为【黑龙江-伊春】
2021-08-03 00:03:04 GSD insert 第 1 次 等待 3 秒
2021-08-03 00:03:07 {"status":"ok","gid":484620,"msg":"添加成功！"}
2021-08-03 00:03:07 下次操作: 2021-08-03 00:03:31

2021-08-03 00:03:31 开始第 22 次操作

2021-08-03 00:03:31 开始操作号码 【1894587】
2021-08-03 00:03:35 GSD getOne 第 1 次 等待 3 秒
2021-08-03 00:03:38 查询号码 【1894587】，返回信息 {"status":"bad","msg":""}
2021-08-03 00:03:38 查询号码 【1894587】，GSD为【""】
2021-08-03 00:03:38 bad
2021-08-03 00:03:41 CHB 1894587?1627920218 第 1 次 等待 3 秒
2021-08-03 00:03:44 CHB 1894587?1627920218 第 1 次 获取到号码【1894587】GSD
2021-08-03 00:03:44 获取到号码【1894587】的GSD为【黑龙江-伊春】
2021-08-03 00:03:49 GSD insert 第 1 次 等待 3 秒
2021-08-03 00:03:52 {"status":"ok","gid":484629,"msg":"添加成功！"}
2021-08-03 00:03:52 下次操作: 2021-08-03 00:04:08

2021-08-03 00:04:08 开始第 23 次操作

2021-08-03 00:04:08 开始操作号码 【1894586】
2021-08-03 00:04:16 GSD getOne 第 1 次 等待 3 秒
2021-08-03 00:04:19 查询号码 【1894586】，返回信息 {"status":"bad","msg":""}
2021-08-03 00:04:19 查询号码 【1894586】，GSD为【""】
2021-08-03 00:04:19 bad
2021-08-03 00:04:25 CHB 1894586?1627920259 第 1 次 等待 3 秒
2021-08-03 00:04:28 CHB 1894586?1627920259 第 1 次 获取到号码【1894586】GSD
2021-08-03 00:04:28 获取到号码【1894586】的GSD为【黑龙江-鸡西】
2021-08-03 00:04:32 GSD insert 第 1 次 等待 3 秒
2021-08-03 00:04:35 {"status":"ok","gid":484641,"msg":"添加成功！"}
2021-08-03 00:04:35 下次操作: 2021-08-03 00:04:53

2021-08-03 00:04:53 开始第 24 次操作

2021-08-03 00:04:53 开始操作号码 【1894585】
2021-08-03 00:04:57 GSD getOne 第 1 次 等待 3 秒
2021-08-03 00:05:00 查询号码 【1894585】，返回信息 {"status":"bad","msg":""}
2021-08-03 00:05:01 查询号码 【1894585】，GSD为【""】
2021-08-03 00:05:01 bad
2021-08-03 00:05:03 CHB 1894585?1627920301 第 1 次 等待 3 秒
2021-08-03 00:05:06 CHB 1894585?1627920301 第 1 次 获取到号码【1894585】GSD
2021-08-03 00:05:06 获取到号码【1894585】的GSD为【黑龙江-鸡西】
2021-08-03 00:05:10 GSD insert 第 1 次 等待 3 秒
2021-08-03 00:05:13 {"status":"ok","gid":484648,"msg":"添加成功！"}
2021-08-03 00:05:13 下次操作: 2021-08-03 00:05:25

2021-08-03 00:05:25 开始第 25 次操作

2021-08-03 00:05:25 开始操作号码 【1894584】
2021-08-03 00:05:33 GSD getOne 第 1 次 等待 3 秒
2021-08-03 00:05:36 查询号码 【1894584】，返回信息 {"status":"bad","msg":""}
2021-08-03 00:05:36 查询号码 【1894584】，GSD为【""】
2021-08-03 00:05:36 bad
2021-08-03 00:05:38 CHB 1894584?1627920336 第 1 次 等待 3 秒
2021-08-03 00:05:41 CHB 1894584?1627920336 第 1 次 获取到号码【1894584】GSD
2021-08-03 00:05:41 获取到号码【1894584】的GSD为【黑龙江-鸡西】
2021-08-03 00:05:53 GSD insert 第 1 次 等待 3 秒
2021-08-03 00:05:56 {"status":"ok","gid":484656,"msg":"添加成功！"}
2021-08-03 00:05:56 下次操作: 2021-08-03 00:06:14

2021-08-03 00:06:14 开始第 26 次操作

2021-08-03 00:06:14 开始操作号码 【1894583】
2021-08-03 00:06:18 GSD getOne 第 1 次 等待 3 秒
2021-08-03 00:06:21 查询号码 【1894583】，返回信息 {"status":"bad","msg":""}
2021-08-03 00:06:21 查询号码 【1894583】，GSD为【""】
2021-08-03 00:06:21 bad
2021-08-03 00:06:25 CHB 1894583?1627920381 第 1 次 等待 3 秒
2021-08-03 00:06:28 CHB 1894583?1627920381 第 1 次 获取到号码【1894583】GSD
2021-08-03 00:06:28 获取到号码【1894583】的GSD为【黑龙江-鸡西】
2021-08-03 00:06:37 GSD insert 第 1 次 等待 3 秒
2021-08-03 00:06:40 {"status":"ok","gid":484661,"msg":"添加成功！"}
2021-08-03 00:06:40 下次操作: 2021-08-03 00:06:53

2021-08-03 00:06:53 开始第 27 次操作

2021-08-03 00:06:53 开始操作号码 【1894582】
2021-08-03 00:06:59 GSD getOne 第 1 次 等待 3 秒
2021-08-03 00:07:02 查询号码 【1894582】，返回信息 {"status":"bad","msg":""}
2021-08-03 00:07:02 查询号码 【1894582】，GSD为【""】
2021-08-03 00:07:02 bad
2021-08-03 00:07:03 CHB 1894582?1627920422 第 1 次 等待 3 秒
2021-08-03 00:07:06 CHB 1894582?1627920422 第 1 次 获取到号码【1894582】GSD
2021-08-03 00:07:07 获取到号码【1894582】的GSD为【黑龙江-鸡西】
2021-08-03 00:08:02 GSD insert 第 1 次 等待 3 秒
2021-08-03 00:08:05 {"status":"ok","gid":484672,"msg":"添加成功！"}
2021-08-03 00:08:05 下次操作: 2021-08-03 00:08:28

2021-08-03 00:08:28 开始第 28 次操作

2021-08-03 00:08:28 开始操作号码 【1894581】
2021-08-03 00:09:17 GSD getOne 第 1 次 等待 3 秒
2021-08-03 00:09:20 查询号码 【1894581】，返回信息 {"status":"bad","msg":""}
2021-08-03 00:09:20 查询号码 【1894581】，GSD为【""】
2021-08-03 00:09:20 bad
2021-08-03 00:09:23 CHB 1894581?1627920560 第 1 次 等待 3 秒
2021-08-03 00:09:26 CHB 1894581?1627920560 第 1 次 获取到号码【1894581】GSD
2021-08-03 00:09:26 获取到号码【1894581】的GSD为【黑龙江-鸡西】
2021-08-03 00:09:30 GSD insert 第 1 次 等待 3 秒
2021-08-03 00:09:33 {"status":"ok","gid":484685,"msg":"添加成功！"}
2021-08-03 00:09:33 下次操作: 2021-08-03 00:09:55

2021-08-03 00:09:55 开始第 29 次操作

2021-08-03 00:09:55 开始操作号码 【1894580】
2021-08-03 00:09:59 GSD getOne 第 1 次 等待 3 秒
2021-08-03 00:10:02 查询号码 【1894580】，返回信息 {"status":"bad","msg":""}
2021-08-03 00:10:02 查询号码 【1894580】，GSD为【""】
2021-08-03 00:10:02 bad
2021-08-03 00:10:04 CHB 1894580?1627920602 第 1 次 等待 3 秒
2021-08-03 00:10:07 CHB 1894580?1627920602 第 1 次 获取到号码【1894580】GSD
2021-08-03 00:10:07 获取到号码【1894580】的GSD为【黑龙江-鸡西】
2021-08-03 00:10:15 GSD insert 第 1 次 等待 3 秒
2021-08-03 00:10:18 {"status":"ok","gid":484695,"msg":"添加成功！"}
2021-08-03 00:10:18 下次操作: 2021-08-03 00:10:38

2021-08-03 00:10:38 开始第 30 次操作

2021-08-03 00:10:38 开始操作号码 【1894579】
2021-08-03 00:10:43 GSD getOne 第 1 次 等待 3 秒
2021-08-03 00:10:46 查询号码 【1894579】，返回信息 {"status":"bad","msg":""}
2021-08-03 00:10:46 查询号码 【1894579】，GSD为【""】
2021-08-03 00:10:46 bad
2021-08-03 00:10:48 CHB 1894579?1627920646 第 1 次 等待 3 秒
2021-08-03 00:10:51 CHB 1894579?1627920646 第 1 次 获取到号码【1894579】GSD
2021-08-03 00:10:51 获取到号码【1894579】的GSD为【黑龙江-双鸭山】
2021-08-03 00:11:02 GSD insert 第 1 次 等待 3 秒
2021-08-03 00:11:05 {"status":"ok","gid":484705,"msg":"添加成功！"}
2021-08-03 00:11:05 下次操作: 2021-08-03 00:11:23

2021-08-03 00:11:23 开始第 31 次操作

2021-08-03 00:11:23 开始操作号码 【1894578】
2021-08-03 00:11:28 GSD getOne 第 1 次 等待 3 秒
2021-08-03 00:11:31 查询号码 【1894578】，返回信息 {"status":"bad","msg":""}
2021-08-03 00:11:31 查询号码 【1894578】，GSD为【""】
2021-08-03 00:11:31 bad
2021-08-03 00:11:37 CHB 1894578?1627920691 第 1 次 等待 3 秒
2021-08-03 00:11:40 CHB 1894578?1627920691 第 1 次 获取到号码【1894578】GSD
2021-08-03 00:11:40 获取到号码【1894578】的GSD为【黑龙江-双鸭山】
2021-08-03 00:11:44 GSD insert 第 1 次 等待 3 秒
2021-08-03 00:11:47 {"status":"ok","gid":484712,"msg":"添加成功！"}
2021-08-03 00:11:47 下次操作: 2021-08-03 00:12:08

2021-08-03 00:12:08 开始第 32 次操作

2021-08-03 00:12:08 开始操作号码 【1894577】
2021-08-03 00:12:14 GSD getOne 第 1 次 等待 3 秒
2021-08-03 00:12:17 查询号码 【1894577】，返回信息 {"status":"bad","msg":""}
2021-08-03 00:12:17 查询号码 【1894577】，GSD为【""】
2021-08-03 00:12:17 bad
2021-08-03 00:12:23 CHB 1894577?1627920737 第 1 次 等待 3 秒
2021-08-03 00:12:26 CHB 1894577?1627920737 第 1 次 获取到号码【1894577】GSD
2021-08-03 00:12:27 获取到号码【1894577】的GSD为【黑龙江-双鸭山】
2021-08-03 00:12:56 GSD insert 第 1 次 等待 3 秒
2021-08-03 00:12:59 {"status":"ok","gid":484722,"msg":"添加成功！"}
2021-08-03 00:12:59 下次操作: 2021-08-03 00:13:13

2021-08-03 00:13:13 开始第 33 次操作

2021-08-03 00:13:13 开始操作号码 【1894576】
2021-08-03 00:13:16 GSD getOne 第 1 次 等待 3 秒
2021-08-03 00:13:19 查询号码 【1894576】，返回信息 {"status":"bad","msg":""}
2021-08-03 00:13:19 查询号码 【1894576】，GSD为【""】
2021-08-03 00:13:19 bad
2021-08-03 00:13:21 CHB 1894576?1627920799 第 1 次 等待 3 秒
2021-08-03 00:13:24 CHB 1894576?1627920799 第 1 次 获取到号码【1894576】GSD
2021-08-03 00:13:24 获取到号码【1894576】的GSD为【黑龙江-鹤岗】
2021-08-03 00:13:40 GSD insert 第 1 次 等待 3 秒
2021-08-03 00:13:43 {"status":"ok","gid":484732,"msg":"添加成功！"}
2021-08-03 00:13:43 下次操作: 2021-08-03 00:13:55

2021-08-03 00:13:55 开始第 34 次操作

2021-08-03 00:13:55 开始操作号码 【1894575】
2021-08-03 00:14:07 GSD getOne 第 1 次 等待 3 秒
2021-08-03 00:14:10 查询号码 【1894575】，返回信息 {"status":"bad","msg":""}
2021-08-03 00:14:10 查询号码 【1894575】，GSD为【""】
2021-08-03 00:14:10 bad
2021-08-03 00:14:12 CHB 1894575?1627920850 第 1 次 等待 3 秒
2021-08-03 00:14:15 CHB 1894575?1627920850 第 1 次 获取到号码【1894575】GSD
2021-08-03 00:14:15 获取到号码【1894575】的GSD为【黑龙江-鹤岗】
2021-08-03 00:14:28 GSD insert 第 1 次 等待 3 秒
2021-08-03 00:14:31 {"status":"ok","gid":484741,"msg":"添加成功！"}
2021-08-03 00:14:31 下次操作: 2021-08-03 00:14:50

2021-08-03 00:14:50 开始第 35 次操作

2021-08-03 00:14:50 开始操作号码 【1894574】
2021-08-03 00:14:54 GSD getOne 第 1 次 等待 3 秒
2021-08-03 00:14:57 查询号码 【1894574】，返回信息 {"status":"bad","msg":""}
2021-08-03 00:14:57 查询号码 【1894574】，GSD为【""】
2021-08-03 00:14:57 bad
2021-08-03 00:15:00 CHB 1894574?1627920897 第 1 次 等待 3 秒
2021-08-03 00:15:03 CHB 1894574?1627920897 第 1 次 获取到号码【1894574】GSD
2021-08-03 00:15:03 获取到号码【1894574】的GSD为【黑龙江-黑河】
2021-08-03 00:15:09 GSD insert 第 1 次 等待 3 秒
2021-08-03 00:15:12 {"status":"ok","gid":484750,"msg":"添加成功！"}
2021-08-03 00:15:12 下次操作: 2021-08-03 00:15:27

2021-08-03 00:15:27 开始第 36 次操作

2021-08-03 00:15:27 开始操作号码 【1894573】
2021-08-03 00:15:46 GSD getOne 第 1 次 等待 3 秒
2021-08-03 00:15:49 查询号码 【1894573】，返回信息 {"status":"bad","msg":""}
2021-08-03 00:15:49 查询号码 【1894573】，GSD为【""】
2021-08-03 00:15:49 bad
2021-08-03 00:15:52 CHB 1894573?1627920949 第 1 次 等待 3 秒
2021-08-03 00:15:55 CHB 1894573?1627920949 第 1 次 获取到号码【1894573】GSD
2021-08-03 00:15:55 获取到号码【1894573】的GSD为【黑龙江-黑河】
2021-08-03 00:16:06 GSD insert 第 1 次 等待 3 秒
2021-08-03 00:16:09 {"status":"ok","gid":484757,"msg":"添加成功！"}
2021-08-03 00:16:09 下次操作: 2021-08-03 00:16:26

2021-08-03 00:16:26 开始第 37 次操作

2021-08-03 00:16:26 开始操作号码 【1894572】
2021-08-03 00:16:29 GSD getOne 第 1 次 等待 3 秒
2021-08-03 00:16:32 查询号码 【1894572】，返回信息 {"status":"bad","msg":""}
2021-08-03 00:16:32 查询号码 【1894572】，GSD为【""】
2021-08-03 00:16:32 bad
2021-08-03 00:16:34 CHB 1894572?1627920992 第 1 次 等待 3 秒
2021-08-03 00:16:37 CHB 1894572?1627920992 第 1 次 获取到号码【1894572】GSD
2021-08-03 00:16:37 获取到号码【1894572】的GSD为【黑龙江-黑河】
2021-08-03 00:16:46 GSD insert 第 1 次 等待 3 秒
2021-08-03 00:16:49 {"status":"ok","gid":484765,"msg":"添加成功！"}
2021-08-03 00:16:49 下次操作: 2021-08-03 00:17:04

2021-08-03 00:17:04 开始第 38 次操作

2021-08-03 00:17:04 开始操作号码 【1894571】
2021-08-03 00:17:09 GSD getOne 第 1 次 等待 3 秒
2021-08-03 00:17:12 查询号码 【1894571】，返回信息 {"status":"bad","msg":""}
2021-08-03 00:17:12 查询号码 【1894571】，GSD为【""】
2021-08-03 00:17:12 bad
2021-08-03 00:17:15 CHB 1894571?1627921032 第 1 次 等待 3 秒
2021-08-03 00:17:18 CHB 1894571?1627921032 第 1 次 获取到号码【1894571】GSD
2021-08-03 00:17:18 获取到号码【1894571】的GSD为【黑龙江-黑河】
2021-08-03 00:17:24 GSD insert 第 1 次 等待 3 秒
2021-08-03 00:17:27 {"status":"ok","gid":484773,"msg":"添加成功！"}
2021-08-03 00:17:27 下次操作: 2021-08-03 00:17:50

2021-08-03 00:17:50 开始第 39 次操作

2021-08-03 00:17:50 开始操作号码 【1894570】
2021-08-03 00:18:03 GSD getOne 第 1 次 等待 3 秒
2021-08-03 00:18:06 查询号码 【1894570】，返回信息 {"status":"bad","msg":""}
2021-08-03 00:18:06 查询号码 【1894570】，GSD为【""】
2021-08-03 00:18:06 bad
2021-08-03 00:18:09 CHB 1894570?1627921086 第 1 次 等待 3 秒
2021-08-03 00:18:12 CHB 1894570?1627921086 第 1 次 获取到号码【1894570】GSD
2021-08-03 00:18:12 获取到号码【1894570】的GSD为【黑龙江-大兴安岭】
2021-08-03 00:18:42 GSD insert 第 1 次 等待 3 秒
2021-08-03 00:18:45 {"status":"ok","gid":484788,"msg":"添加成功！"}
2021-08-03 00:18:45 下次操作: 2021-08-03 00:19:03

2021-08-03 00:19:03 开始第 40 次操作

2021-08-03 00:19:03 开始操作号码 【1894569】
2021-08-03 00:19:31 GSD getOne 第 1 次 等待 3 秒
2021-08-03 00:19:34 查询号码 【1894569】，返回信息 {"status":"bad","msg":""}
2021-08-03 00:19:34 查询号码 【1894569】，GSD为【""】
2021-08-03 00:19:34 bad
2021-08-03 00:19:40 CHB 1894569?1627921174 第 1 次 等待 3 秒
2021-08-03 00:19:43 CHB 1894569?1627921174 第 1 次 获取到号码【1894569】GSD
2021-08-03 00:19:43 获取到号码【1894569】的GSD为【黑龙江-哈尔滨】
2021-08-03 00:20:16 GSD insert 第 1 次 等待 3 秒
2021-08-03 00:20:19 {"status":"ok","gid":484796,"msg":"添加成功！"}

