2024-04-10 00:20:25 开始第 2813 次操作

2024-04-10 00:20:25 开始操作号码 【1572726】
2024-04-10 00:20:32 GSD getOne 第 1 次 等待 3 秒
2024-04-10 00:20:35 查询号码 【1572726】，返回信息 {"status":"ok","msg":"湖北-恩施","gid":"23425","time_insert":"2017-05-10 16:05","time_update":"2020-09-17 19:01"}
2024-04-10 00:20:35 查询号码 【1572726】，GSD为【"湖北-恩施"】

2024-04-10 00:20:36 开始第 2814 次操作

2024-04-10 00:20:36 开始操作号码 【1572727】
2024-04-10 00:20:43 GSD getOne 第 1 次 等待 3 秒
2024-04-10 00:20:46 查询号码 【1572727】，返回信息 {"status":"ok","msg":"湖北-襄阳","gid":"194130","time_insert":"2021-07-05 00:22"}
2024-04-10 00:20:46 查询号码 【1572727】，GSD为【"湖北-襄阳"】

2024-04-10 00:20:47 开始第 2815 次操作

2024-04-10 00:20:47 开始操作号码 【1572728】
2024-04-10 00:20:53 GSD getOne 第 1 次 等待 3 秒
2024-04-10 00:20:56 查询号码 【1572728】，返回信息 {"status":"ok","msg":"湖北-武汉","gid":"194172","time_insert":"2021-07-05 00:42"}
2024-04-10 00:20:56 查询号码 【1572728】，GSD为【"湖北-武汉"】

2024-04-10 00:20:57 开始第 2816 次操作

2024-04-10 00:20:57 开始操作号码 【1572729】
2024-04-10 00:21:03 GSD getOne 第 1 次 等待 3 秒
2024-04-10 00:21:06 查询号码 【1572729】，返回信息 {"status":"ok","msg":"湖北-孝感","gid":"194200","time_insert":"2021-07-05 00:59"}
2024-04-10 00:21:06 查询号码 【1572729】，GSD为【"湖北-孝感"】

2024-04-10 00:39:43 开始第 2817 次操作

2024-04-10 00:39:43 开始操作号码 【1572730】
2024-04-10 00:39:50 GSD getOne 第 1 次 等待 3 秒
2024-04-10 00:39:53 查询号码 【1572730】，返回信息 {"status":"ok","msg":"北京-北京","gid":"54709","time_insert":"2021-04-10 18:42"}
2024-04-10 00:39:53 查询号码 【1572730】，GSD为【"北京-北京"】

2024-04-10 00:39:54 开始第 2818 次操作

2024-04-10 00:39:54 开始操作号码 【1572731】
2024-04-10 00:40:00 GSD getOne 第 1 次 等待 3 秒
2024-04-10 00:40:03 查询号码 【1572731】，返回信息 {"status":"ok","msg":"北京-北京","gid":"194307","time_insert":"2021-07-05 01:20"}
2024-04-10 00:40:03 查询号码 【1572731】，GSD为【"北京-北京"】

2024-04-10 00:40:04 开始第 2819 次操作

2024-04-10 00:40:04 开始操作号码 【1572732】
2024-04-10 00:40:10 GSD getOne 第 1 次 等待 3 秒
2024-04-10 00:40:13 查询号码 【1572732】，返回信息 {"status":"ok","msg":"北京-北京","gid":"194403","time_insert":"2021-07-05 01:38"}
2024-04-10 00:40:13 查询号码 【1572732】，GSD为【"北京-北京"】

2024-04-10 00:40:14 开始第 2820 次操作

2024-04-10 00:40:14 开始操作号码 【1572733】
2024-04-10 00:40:19 GSD getOne 第 1 次 等待 3 秒
2024-04-10 00:40:22 查询号码 【1572733】，返回信息 {"status":"ok","msg":"北京-北京","gid":"194552","time_insert":"2021-07-05 01:54"}
2024-04-10 00:40:22 查询号码 【1572733】，GSD为【"北京-北京"】

