2024-04-22 00:21:09 开始第 4781 次操作

2024-04-22 00:21:09 开始操作号码 【1574694】
2024-04-22 00:21:21 GSD getOne 第 1 次 等待 3 秒
2024-04-22 00:21:24 查询号码 【1574694】，返回信息 {"status":"ok","msg":"上海-上海","gid":"392971","time_insert":"2021-07-25 19:45"}
2024-04-22 00:21:25 查询号码 【1574694】，GSD为【"上海-上海"】

2024-04-22 00:21:26 开始第 4782 次操作

2024-04-22 00:21:26 开始操作号码 【1574695】
2024-04-22 00:21:33 GSD getOne 第 1 次 等待 3 秒
2024-04-22 00:21:36 查询号码 【1574695】，返回信息 {"status":"ok","msg":"上海-上海","gid":"393251","time_insert":"2021-07-25 20:02"}
2024-04-22 00:21:36 查询号码 【1574695】，GSD为【"上海-上海"】

2024-04-22 00:21:37 开始第 4783 次操作

2024-04-22 00:21:37 开始操作号码 【1574696】
2024-04-22 00:21:44 GSD getOne 第 1 次 等待 3 秒
2024-04-22 00:21:47 查询号码 【1574696】，返回信息 {"status":"ok","msg":"上海-上海","gid":"393313","time_insert":"2021-07-25 20:18"}
2024-04-22 00:21:47 查询号码 【1574696】，GSD为【"上海-上海"】

2024-04-22 00:21:48 开始第 4784 次操作

2024-04-22 00:21:48 开始操作号码 【1574697】
2024-04-22 00:21:53 GSD getOne 第 1 次 等待 3 秒
2024-04-22 00:21:56 查询号码 【1574697】，返回信息 {"status":"ok","msg":"上海-上海","gid":"393343","time_insert":"2021-07-25 20:36"}
2024-04-22 00:21:56 查询号码 【1574697】，GSD为【"上海-上海"】

