2024-03-27 00:22:02 开始第 341 次操作

2024-03-27 00:22:02 开始操作号码 【1570254】
2024-03-27 00:22:07 GSD getOne 第 1 次 等待 3 秒
2024-03-27 00:22:10 查询号码 【1570254】，返回信息 {"status":"ok","msg":"山西-晋中","gid":"86237","time_insert":"2021-06-08 13:34"}
2024-03-27 00:22:10 查询号码 【1570254】，GSD为【"山西-晋中"】

2024-03-27 00:22:11 开始第 342 次操作

2024-03-27 00:22:11 开始操作号码 【1570255】
2024-03-27 00:22:16 GSD getOne 第 1 次 等待 3 秒
2024-03-27 00:22:19 查询号码 【1570255】，返回信息 {"status":"ok","msg":"山西-晋中","gid":"86261","time_insert":"2021-06-08 13:49","time_update":"2021-06-08 14:17"}
2024-03-27 00:22:19 查询号码 【1570255】，GSD为【"山西-晋中"】

2024-03-27 00:22:20 开始第 343 次操作

2024-03-27 00:22:20 开始操作号码 【1570256】
2024-03-27 00:22:25 GSD getOne 第 1 次 等待 3 秒
2024-03-27 00:22:28 查询号码 【1570256】，返回信息 {"status":"ok","msg":"山西-晋中","gid":"86297","time_insert":"2021-06-08 14:06"}
2024-03-27 00:22:28 查询号码 【1570256】，GSD为【"山西-晋中"】

2024-03-27 00:22:29 开始第 344 次操作

2024-03-27 00:22:29 开始操作号码 【1570257】
2024-03-27 00:22:36 GSD getOne 第 1 次 等待 3 秒
2024-03-27 00:22:39 查询号码 【1570257】，返回信息 {"status":"ok","msg":"山西-晋中","gid":"86317","time_insert":"2021-06-08 14:22"}
2024-03-27 00:22:39 查询号码 【1570257】，GSD为【"山西-晋中"】

