2021-07-14 00:00:21 开始第 25 次操作

2021-07-14 00:00:21 开始操作号码 【1491471】
2021-07-14 00:00:24 GSD getOne 第 1 次 等待 1 秒
2021-07-14 00:00:25 查询号码 【1491471】，返回信息 {"status":"bad","msg":""}
2021-07-14 00:00:25 查询号码 【1491471】，GSD为【""】
2021-07-14 00:00:25 bad
2021-07-14 00:00:27 CHB 1491471?1626192025 第 1 次 等待 1 秒
2021-07-14 00:00:28 CHB 1491471?1626192025 第 1 次 获取到号码【1491471】GSD
2021-07-14 00:00:28 获取到号码【1491471】的GSD为【江苏-南京】
2021-07-14 00:00:33 GSD insert 第 1 次 等待 1 秒
2021-07-14 00:00:34 {"status":"ok","gid":269567,"msg":"添加成功！"}
2021-07-14 00:00:34 下次操作: 2021-07-14 00:00:44

2021-07-14 00:00:44 开始第 26 次操作

2021-07-14 00:00:44 开始操作号码 【1491472】
2021-07-14 00:00:51 GSD getOne 第 1 次 等待 1 秒
2021-07-14 00:00:52 查询号码 【1491472】，返回信息 {"status":"bad","msg":""}
2021-07-14 00:00:52 查询号码 【1491472】，GSD为【""】
2021-07-14 00:00:52 bad
2021-07-14 00:00:57 CHB 1491472?1626192052 第 1 次 等待 1 秒
2021-07-14 00:00:58 CHB 1491472?1626192052 第 1 次 获取到号码【1491472】GSD
2021-07-14 00:00:58 获取到号码【1491472】的GSD为【江苏-南京】
2021-07-14 00:01:01 GSD insert 第 1 次 等待 1 秒
2021-07-14 00:01:02 {"status":"ok","gid":269573,"msg":"添加成功！"}
2021-07-14 00:01:02 下次操作: 2021-07-14 00:01:10

2021-07-14 00:01:10 开始第 27 次操作

2021-07-14 00:01:10 开始操作号码 【1491473】
2021-07-14 00:01:20 GSD getOne 第 1 次 等待 1 秒
2021-07-14 00:01:21 查询号码 【1491473】，返回信息 {"status":"bad","msg":""}
2021-07-14 00:01:21 查询号码 【1491473】，GSD为【""】
2021-07-14 00:01:21 bad
2021-07-14 00:01:23 CHB 1491473?1626192081 第 1 次 等待 1 秒
2021-07-14 00:01:24 CHB 1491473?1626192081 第 1 次 获取到号码【1491473】GSD
2021-07-14 00:01:24 获取到号码【1491473】的GSD为【江苏-南京】
2021-07-14 00:01:30 GSD insert 第 1 次 等待 1 秒
2021-07-14 00:01:31 {"status":"ok","gid":269580,"msg":"添加成功！"}
2021-07-14 00:01:31 下次操作: 2021-07-14 00:01:37

2021-07-14 00:01:37 开始第 28 次操作

2021-07-14 00:01:37 开始操作号码 【1491474】
2021-07-14 00:01:40 GSD getOne 第 1 次 等待 1 秒
2021-07-14 00:01:41 查询号码 【1491474】，返回信息 {"status":"bad","msg":""}
2021-07-14 00:01:41 查询号码 【1491474】，GSD为【""】
2021-07-14 00:01:41 bad
2021-07-14 00:01:45 CHB 1491474?1626192101 第 1 次 等待 1 秒
2021-07-14 00:01:46 CHB 1491474?1626192101 第 1 次 获取到号码【1491474】GSD
2021-07-14 00:01:46 获取到号码【1491474】的GSD为【江苏-南京】
2021-07-14 00:01:51 GSD insert 第 1 次 等待 1 秒
2021-07-14 00:01:52 {"status":"ok","gid":269587,"msg":"添加成功！"}
2021-07-14 00:01:52 下次操作: 2021-07-14 00:01:59

2021-07-14 00:01:59 开始第 29 次操作

2021-07-14 00:01:59 开始操作号码 【1491475】
2021-07-14 00:02:02 GSD getOne 第 1 次 等待 1 秒
2021-07-14 00:02:03 查询号码 【1491475】，返回信息 {"status":"bad","msg":""}
2021-07-14 00:02:03 查询号码 【1491475】，GSD为【""】
2021-07-14 00:02:03 bad
2021-07-14 00:02:05 CHB 1491475?1626192123 第 1 次 等待 1 秒
2021-07-14 00:02:06 CHB 1491475?1626192123 第 1 次 获取到号码【1491475】GSD
2021-07-14 00:02:06 获取到号码【1491475】的GSD为【江苏-南京】
2021-07-14 00:02:09 GSD insert 第 1 次 等待 1 秒
2021-07-14 00:02:10 {"status":"ok","gid":269592,"msg":"添加成功！"}
2021-07-14 00:02:10 下次操作: 2021-07-14 00:02:19

2021-07-14 00:02:19 开始第 30 次操作

2021-07-14 00:02:19 开始操作号码 【1491476】
2021-07-14 00:02:22 GSD getOne 第 1 次 等待 1 秒
2021-07-14 00:02:23 查询号码 【1491476】，返回信息 {"status":"bad","msg":""}
2021-07-14 00:02:23 查询号码 【1491476】，GSD为【""】
2021-07-14 00:02:23 bad
2021-07-14 00:02:25 CHB 1491476?1626192143 第 1 次 等待 1 秒
2021-07-14 00:02:26 CHB 1491476?1626192143 第 1 次 获取到号码【1491476】GSD
2021-07-14 00:02:26 获取到号码【1491476】的GSD为【江苏-南京】
2021-07-14 00:02:29 GSD insert 第 1 次 等待 1 秒
2021-07-14 00:02:30 {"status":"ok","gid":269596,"msg":"添加成功！"}

