2023-10-30 00:21:01 开始第 5741 次操作

2023-10-30 00:21:01 开始操作号码 【1895655】
2023-10-30 00:21:09 GSD getOne 第 1 次 等待 3 秒
2023-10-30 00:21:12 查询号码 【1895655】，返回信息 {"status":"ok","msg":"安徽-芜湖","gid":"471687","time_insert":"2021-08-01 21:19"}
2023-10-30 00:21:12 查询号码 【1895655】，GSD为【"安徽-芜湖"】

2023-10-30 00:21:13 开始第 5742 次操作

2023-10-30 00:21:13 开始操作号码 【1895656】
2023-10-30 00:21:16 GSD getOne 第 1 次 等待 3 秒
2023-10-30 00:21:19 查询号码 【1895656】，返回信息 {"status":"ok","msg":"安徽-合肥","gid":"471676","time_insert":"2021-08-01 21:18"}
2023-10-30 00:21:19 查询号码 【1895656】，GSD为【"安徽-合肥"】

2023-10-30 00:21:20 开始第 5743 次操作

2023-10-30 00:21:20 开始操作号码 【1895657】
2023-10-30 00:21:24 GSD getOne 第 1 次 等待 3 秒
2023-10-30 00:21:27 查询号码 【1895657】，返回信息 {"status":"ok","msg":"安徽-马鞍山","gid":"471669","time_insert":"2021-08-01 21:17"}
2023-10-30 00:21:27 查询号码 【1895657】，GSD为【"安徽-马鞍山"】

2023-10-30 00:21:28 开始第 5744 次操作

2023-10-30 00:21:28 开始操作号码 【1895658】
2023-10-30 00:21:37 GSD getOne 第 1 次 等待 3 秒
2023-10-30 00:21:40 查询号码 【1895658】，返回信息 {"status":"ok","msg":"安徽-合肥","gid":"471659","time_insert":"2021-08-01 21:17"}
2023-10-30 00:21:40 查询号码 【1895658】，GSD为【"安徽-合肥"】

