2023-12-20 00:19:31 开始第 4061 次操作

2023-12-20 00:19:31 开始操作号码 【1793975】
2023-12-20 00:19:35 GSD getOne 第 1 次 等待 3 秒
2023-12-20 00:19:38 查询号码 【1793975】，返回信息 {"status":"ok","msg":"-","gid":"639227","time_insert":"2023-04-07 13:00"}
2023-12-20 00:19:38 查询号码 【1793975】，GSD为【"-"】
2023-12-20 00:19:38 ok && -
2023-12-20 00:19:41 CHB 1793975?1703002778 第 1 次 等待 3 秒
2023-12-20 00:19:44 CHB 1793975?1703002778 第 1 次 获取到号码【1793975】GSD
2023-12-20 00:19:44 未获取到号码【1793975】GSD，可能号码格式错误
2023-12-20 00:19:44 获取到号码【1793975】的GSD为【-】
2023-12-20 00:19:48 GSD insert 第 1 次 等待 3 秒
2023-12-20 00:19:51 {"status":"bad","gid":"639227","msg":"添加失败！号码【1793975(-|-)】已存在！"}
2023-12-20 00:19:51 随机等待 210 秒，约 3 分钟
2023-12-20 00:19:51 下次操作: 2023-12-20 00:23:21

2023-12-20 00:23:21 开始第 4062 次操作

2023-12-20 00:23:21 开始操作号码 【1793976】
2023-12-20 00:23:25 GSD getOne 第 1 次 等待 3 秒
2023-12-20 00:23:28 查询号码 【1793976】，返回信息 {"status":"ok","msg":"-","gid":"639249","time_insert":"2023-04-07 13:16"}
2023-12-20 00:23:28 查询号码 【1793976】，GSD为【"-"】
2023-12-20 00:23:28 ok && -
2023-12-20 00:23:30 CHB 1793976?1703003008 第 1 次 等待 3 秒
2023-12-20 00:23:33 CHB 1793976?1703003008 第 1 次 获取到号码【1793976】GSD
2023-12-20 00:23:33 未获取到号码【1793976】GSD，可能号码格式错误
2023-12-20 00:23:33 获取到号码【1793976】的GSD为【-】
2023-12-20 00:23:38 GSD insert 第 1 次 等待 3 秒
2023-12-20 00:23:41 {"status":"bad","gid":"639249","msg":"添加失败！号码【1793976(-|-)】已存在！"}
2023-12-20 00:23:41 随机等待 113 秒，约 1 分钟
2023-12-20 00:23:41 下次操作: 2023-12-20 00:25:34

2023-12-20 00:25:34 开始第 4063 次操作

2023-12-20 00:25:34 开始操作号码 【1793977】
2023-12-20 00:25:39 GSD getOne 第 1 次 等待 3 秒
2023-12-20 00:25:42 查询号码 【1793977】，返回信息 {"status":"ok","msg":"-","gid":"639274","time_insert":"2023-04-07 13:33"}
2023-12-20 00:25:42 查询号码 【1793977】，GSD为【"-"】
2023-12-20 00:25:42 ok && -
2023-12-20 00:25:45 CHB 1793977?1703003142 第 1 次 等待 3 秒
2023-12-20 00:25:48 CHB 1793977?1703003142 第 1 次 获取到号码【1793977】GSD
2023-12-20 00:25:48 未获取到号码【1793977】GSD，可能号码格式错误
2023-12-20 00:25:48 获取到号码【1793977】的GSD为【-】
2023-12-20 00:25:52 GSD insert 第 1 次 等待 3 秒
2023-12-20 00:25:55 {"status":"bad","gid":"639274","msg":"添加失败！号码【1793977(-|-)】已存在！"}
2023-12-20 00:25:55 随机等待 168 秒，约 2 分钟
2023-12-20 00:25:55 下次操作: 2023-12-20 00:28:43

2023-12-20 00:28:43 开始第 4064 次操作

2023-12-20 00:28:43 开始操作号码 【1793978】
2023-12-20 00:28:48 GSD getOne 第 1 次 等待 3 秒
2023-12-20 00:28:51 查询号码 【1793978】，返回信息 {"status":"ok","msg":"-","gid":"639303","time_insert":"2023-04-07 13:52"}
2023-12-20 00:28:51 查询号码 【1793978】，GSD为【"-"】
2023-12-20 00:28:51 ok && -
2023-12-20 00:28:54 CHB 1793978?1703003331 第 1 次 等待 3 秒
2023-12-20 00:28:57 CHB 1793978?1703003331 第 1 次 获取到号码【1793978】GSD
2023-12-20 00:28:57 未获取到号码【1793978】GSD，可能号码格式错误
2023-12-20 00:28:57 获取到号码【1793978】的GSD为【-】
2023-12-20 00:29:01 GSD insert 第 1 次 等待 3 秒
2023-12-20 00:29:04 {"status":"bad","gid":"639303","msg":"添加失败！号码【1793978(-|-)】已存在！"}

2023-12-20 00:37:52 开始第 4065 次操作

2023-12-20 00:37:52 开始操作号码 【1793979】
2023-12-20 00:37:56 GSD getOne 第 1 次 等待 3 秒
2023-12-20 00:37:59 查询号码 【1793979】，返回信息 {"status":"ok","msg":"-","gid":"639327","time_insert":"2023-04-07 14:10"}
2023-12-20 00:37:59 查询号码 【1793979】，GSD为【"-"】
2023-12-20 00:37:59 ok && -
2023-12-20 00:38:02 CHB 1793979?1703003879 第 1 次 等待 3 秒
2023-12-20 00:38:05 CHB 1793979?1703003879 第 1 次 获取到号码【1793979】GSD
2023-12-20 00:38:05 未获取到号码【1793979】GSD，可能号码格式错误
2023-12-20 00:38:05 获取到号码【1793979】的GSD为【-】
2023-12-20 00:38:09 GSD insert 第 1 次 等待 3 秒
2023-12-20 00:38:12 {"status":"bad","gid":"639327","msg":"添加失败！号码【1793979(-|-)】已存在！"}
2023-12-20 00:38:12 随机等待 234 秒，约 3 分钟
2023-12-20 00:38:12 下次操作: 2023-12-20 00:42:06

2023-12-20 00:42:06 开始第 4066 次操作

2023-12-20 00:42:06 开始操作号码 【1793980】
2023-12-20 00:42:10 GSD getOne 第 1 次 等待 3 秒
2023-12-20 00:42:13 查询号码 【1793980】，返回信息 {"status":"ok","msg":"-","gid":"639350","time_insert":"2023-04-07 14:30"}
2023-12-20 00:42:13 查询号码 【1793980】，GSD为【"-"】
2023-12-20 00:42:13 ok && -
2023-12-20 00:42:16 CHB 1793980?1703004133 第 1 次 等待 3 秒
2023-12-20 00:42:19 CHB 1793980?1703004133 第 1 次 获取到号码【1793980】GSD
2023-12-20 00:42:19 未获取到号码【1793980】GSD，可能号码格式错误
2023-12-20 00:42:19 获取到号码【1793980】的GSD为【-】
2023-12-20 00:42:22 GSD insert 第 1 次 等待 3 秒
2023-12-20 00:42:25 {"status":"bad","gid":"639350","msg":"添加失败！号码【1793980(-|-)】已存在！"}
2023-12-20 00:42:25 随机等待 81 秒，约 1 分钟
2023-12-20 00:42:25 下次操作: 2023-12-20 00:43:46

2023-12-20 00:43:46 开始第 4067 次操作

2023-12-20 00:43:46 开始操作号码 【1793981】
2023-12-20 00:43:50 GSD getOne 第 1 次 等待 3 秒
2023-12-20 00:43:53 查询号码 【1793981】，返回信息 {"status":"ok","msg":"-","gid":"639375","time_insert":"2023-04-07 14:48"}
2023-12-20 00:43:53 查询号码 【1793981】，GSD为【"-"】
2023-12-20 00:43:53 ok && -
2023-12-20 00:43:55 CHB 1793981?1703004233 第 1 次 等待 3 秒
2023-12-20 00:43:58 CHB 1793981?1703004233 第 1 次 获取到号码【1793981】GSD
2023-12-20 00:43:58 未获取到号码【1793981】GSD，可能号码格式错误
2023-12-20 00:43:58 获取到号码【1793981】的GSD为【-】
2023-12-20 00:44:03 GSD insert 第 1 次 等待 3 秒
2023-12-20 00:44:06 {"status":"bad","gid":"639375","msg":"添加失败！号码【1793981(-|-)】已存在！"}
2023-12-20 00:44:06 随机等待 70 秒，约 1 分钟
2023-12-20 00:44:06 下次操作: 2023-12-20 00:45:16

2023-12-20 00:45:16 开始第 4068 次操作

2023-12-20 00:45:16 开始操作号码 【1793982】
2023-12-20 00:45:20 GSD getOne 第 1 次 等待 3 秒
2023-12-20 00:45:23 查询号码 【1793982】，返回信息 {"status":"ok","msg":"-","gid":"639403","time_insert":"2023-04-07 15:06"}
2023-12-20 00:45:23 查询号码 【1793982】，GSD为【"-"】
2023-12-20 00:45:23 ok && -
2023-12-20 00:45:26 CHB 1793982?1703004323 第 1 次 等待 3 秒
2023-12-20 00:45:29 CHB 1793982?1703004323 第 1 次 获取到号码【1793982】GSD
2023-12-20 00:45:29 未获取到号码【1793982】GSD，可能号码格式错误
2023-12-20 00:45:29 获取到号码【1793982】的GSD为【-】
2023-12-20 00:45:45 GSD insert 第 1 次 等待 3 秒
2023-12-20 00:45:48 {"status":"bad","gid":"639403","msg":"添加失败！号码【1793982(-|-)】已存在！"}

