2024-01-22 00:21:31 开始第 9881 次操作

2024-01-22 00:21:31 开始操作号码 【1799793】
2024-01-22 00:21:36 GSD getOne 第 1 次 等待 3 秒
2024-01-22 00:21:39 查询号码 【1799793】，返回信息 {"status":"ok","msg":"-","gid":"640821","time_insert":"2023-04-08 06:58"}
2024-01-22 00:21:39 查询号码 【1799793】，GSD为【"-"】
2024-01-22 00:21:39 ok && -
2024-01-22 00:21:41 CHB 1799793?1705854099 第 1 次 等待 3 秒
2024-01-22 00:21:44 CHB 1799793?1705854099 第 1 次 获取到号码【1799793】GSD
2024-01-22 00:21:44 未获取到号码【1799793】GSD，可能号码格式错误
2024-01-22 00:21:44 获取到号码【1799793】的GSD为【-】
2024-01-22 00:21:49 GSD insert 第 1 次 等待 3 秒
2024-01-22 00:21:52 {"status":"bad","gid":"640821","msg":"添加失败！号码【1799793(-|-)】已存在！"}
2024-01-22 00:21:52 随机等待 124 秒，约 2 分钟
2024-01-22 00:21:52 下次操作: 2024-01-22 00:23:56

2024-01-22 00:23:56 开始第 9882 次操作

2024-01-22 00:23:56 开始操作号码 【1799794】
2024-01-22 00:24:00 GSD getOne 第 1 次 等待 3 秒
2024-01-22 00:24:03 查询号码 【1799794】，返回信息 {"status":"ok","msg":"-","gid":"640823","time_insert":"2023-04-08 07:00"}
2024-01-22 00:24:03 查询号码 【1799794】，GSD为【"-"】
2024-01-22 00:24:03 ok && -
2024-01-22 00:24:05 CHB 1799794?1705854243 第 1 次 等待 3 秒
2024-01-22 00:24:08 CHB 1799794?1705854243 第 1 次 获取到号码【1799794】GSD
2024-01-22 00:24:08 未获取到号码【1799794】GSD，可能号码格式错误
2024-01-22 00:24:08 获取到号码【1799794】的GSD为【-】
2024-01-22 00:24:12 GSD insert 第 1 次 等待 3 秒
2024-01-22 00:24:15 {"status":"bad","gid":"640823","msg":"添加失败！号码【1799794(-|-)】已存在！"}
2024-01-22 00:24:15 随机等待 75 秒，约 1 分钟
2024-01-22 00:24:15 下次操作: 2024-01-22 00:25:30

2024-01-22 00:25:30 开始第 9883 次操作

2024-01-22 00:25:30 开始操作号码 【1799795】
2024-01-22 00:25:34 GSD getOne 第 1 次 等待 3 秒
2024-01-22 00:25:37 查询号码 【1799795】，返回信息 {"status":"ok","msg":"-","gid":"640826","time_insert":"2023-04-08 07:03"}
2024-01-22 00:25:37 查询号码 【1799795】，GSD为【"-"】
2024-01-22 00:25:37 ok && -
2024-01-22 00:25:41 CHB 1799795?1705854337 第 1 次 等待 3 秒
2024-01-22 00:25:44 CHB 1799795?1705854337 第 1 次 获取到号码【1799795】GSD
2024-01-22 00:25:44 未获取到号码【1799795】GSD，可能号码格式错误
2024-01-22 00:25:44 获取到号码【1799795】的GSD为【-】
2024-01-22 00:25:48 GSD insert 第 1 次 等待 3 秒
2024-01-22 00:25:51 {"status":"bad","gid":"640826","msg":"添加失败！号码【1799795(-|-)】已存在！"}
2024-01-22 00:25:51 随机等待 204 秒，约 3 分钟
2024-01-22 00:25:51 下次操作: 2024-01-22 00:29:15

2024-01-22 00:29:15 开始第 9884 次操作

2024-01-22 00:29:15 开始操作号码 【1799796】
2024-01-22 00:29:19 GSD getOne 第 1 次 等待 3 秒
2024-01-22 00:29:22 查询号码 【1799796】，返回信息 {"status":"ok","msg":"-","gid":"640836","time_insert":"2023-04-08 07:11"}
2024-01-22 00:29:22 查询号码 【1799796】，GSD为【"-"】
2024-01-22 00:29:22 ok && -
2024-01-22 00:29:24 CHB 1799796?1705854562 第 1 次 等待 3 秒
2024-01-22 00:29:27 CHB 1799796?1705854562 第 1 次 获取到号码【1799796】GSD
2024-01-22 00:29:27 未获取到号码【1799796】GSD，可能号码格式错误
2024-01-22 00:29:27 获取到号码【1799796】的GSD为【-】
2024-01-22 00:29:31 GSD insert 第 1 次 等待 3 秒
2024-01-22 00:29:34 {"status":"bad","gid":"640836","msg":"添加失败！号码【1799796(-|-)】已存在！"}

2024-01-22 00:40:09 开始第 9885 次操作

2024-01-22 00:40:09 开始操作号码 【1799797】
2024-01-22 00:40:13 GSD getOne 第 1 次 等待 3 秒
2024-01-22 00:40:16 查询号码 【1799797】，返回信息 {"status":"ok","msg":"-","gid":"640839","time_insert":"2023-04-08 07:14"}
2024-01-22 00:40:16 查询号码 【1799797】，GSD为【"-"】
2024-01-22 00:40:16 ok && -
2024-01-22 00:40:19 CHB 1799797?1705855216 第 1 次 等待 3 秒
2024-01-22 00:40:22 CHB 1799797?1705855216 第 1 次 获取到号码【1799797】GSD
2024-01-22 00:40:22 未获取到号码【1799797】GSD，可能号码格式错误
2024-01-22 00:40:22 获取到号码【1799797】的GSD为【-】
2024-01-22 00:40:26 GSD insert 第 1 次 等待 3 秒
2024-01-22 00:40:29 {"status":"bad","gid":"640839","msg":"添加失败！号码【1799797(-|-)】已存在！"}
2024-01-22 00:40:29 随机等待 195 秒，约 3 分钟
2024-01-22 00:40:29 下次操作: 2024-01-22 00:43:44

2024-01-22 00:43:44 开始第 9886 次操作

2024-01-22 00:43:44 开始操作号码 【1799798】
2024-01-22 00:43:48 GSD getOne 第 1 次 等待 3 秒
2024-01-22 00:43:51 查询号码 【1799798】，返回信息 {"status":"ok","msg":"-","gid":"640844","time_insert":"2023-04-08 07:17"}
2024-01-22 00:43:51 查询号码 【1799798】，GSD为【"-"】
2024-01-22 00:43:51 ok && -
2024-01-22 00:43:53 CHB 1799798?1705855431 第 1 次 等待 3 秒
2024-01-22 00:43:56 CHB 1799798?1705855431 第 1 次 获取到号码【1799798】GSD
2024-01-22 00:43:56 未获取到号码【1799798】GSD，可能号码格式错误
2024-01-22 00:43:56 获取到号码【1799798】的GSD为【-】
2024-01-22 00:44:01 GSD insert 第 1 次 等待 3 秒
2024-01-22 00:44:04 {"status":"bad","gid":"640844","msg":"添加失败！号码【1799798(-|-)】已存在！"}
2024-01-22 00:44:04 随机等待 112 秒，约 1 分钟
2024-01-22 00:44:04 下次操作: 2024-01-22 00:45:56

2024-01-22 00:45:56 开始第 9887 次操作

2024-01-22 00:45:56 开始操作号码 【1799799】
2024-01-22 00:46:00 GSD getOne 第 1 次 等待 3 秒
2024-01-22 00:46:03 查询号码 【1799799】，返回信息 {"status":"ok","msg":"-","gid":"640847","time_insert":"2023-04-08 07:20"}
2024-01-22 00:46:03 查询号码 【1799799】，GSD为【"-"】
2024-01-22 00:46:03 ok && -
2024-01-22 00:46:06 CHB 1799799?1705855563 第 1 次 等待 3 秒
2024-01-22 00:46:09 CHB 1799799?1705855563 第 1 次 获取到号码【1799799】GSD
2024-01-22 00:46:09 未获取到号码【1799799】GSD，可能号码格式错误
2024-01-22 00:46:09 获取到号码【1799799】的GSD为【-】
2024-01-22 00:46:13 GSD insert 第 1 次 等待 3 秒
2024-01-22 00:46:16 {"status":"bad","gid":"640847","msg":"添加失败！号码【1799799(-|-)】已存在！"}
2024-01-22 00:46:16 随机等待 210 秒，约 3 分钟
2024-01-22 00:46:16 下次操作: 2024-01-22 00:49:46

2024-01-22 00:49:46 开始第 9888 次操作

2024-01-22 00:49:46 开始操作号码 【1799800】
2024-01-22 00:49:55 GSD getOne 第 1 次 等待 3 秒
2024-01-22 00:49:58 查询号码 【1799800】，返回信息 {"status":"ok","msg":"-","gid":"640852","time_insert":"2023-04-08 07:25"}
2024-01-22 00:49:58 查询号码 【1799800】，GSD为【"-"】
2024-01-22 00:49:58 ok && -
2024-01-22 00:50:01 CHB 1799800?1705855798 第 1 次 等待 3 秒
2024-01-22 00:50:04 CHB 1799800?1705855798 第 1 次 获取到号码【1799800】GSD
2024-01-22 00:50:04 未获取到号码【1799800】GSD，可能号码格式错误
2024-01-22 00:50:04 获取到号码【1799800】的GSD为【-】
2024-01-22 00:50:08 GSD insert 第 1 次 等待 3 秒
2024-01-22 00:50:11 {"status":"bad","gid":"640852","msg":"添加失败！号码【1799800(-|-)】已存在！"}

2024-01-22 01:15:11 开始第 9889 次操作

2024-01-22 01:15:11 开始操作号码 【1799801】
2024-01-22 01:15:16 GSD getOne 第 1 次 等待 3 秒
2024-01-22 01:15:19 查询号码 【1799801】，返回信息 {"status":"ok","msg":"-","gid":"640856","time_insert":"2023-04-08 07:27"}
2024-01-22 01:15:19 查询号码 【1799801】，GSD为【"-"】
2024-01-22 01:15:19 ok && -
2024-01-22 01:15:22 CHB 1799801?1705857319 第 1 次 等待 3 秒
2024-01-22 01:15:25 CHB 1799801?1705857319 第 1 次 获取到号码【1799801】GSD
2024-01-22 01:15:25 未获取到号码【1799801】GSD，可能号码格式错误
2024-01-22 01:15:25 获取到号码【1799801】的GSD为【-】
2024-01-22 01:15:29 GSD insert 第 1 次 等待 3 秒
2024-01-22 01:15:32 {"status":"bad","gid":"640856","msg":"添加失败！号码【1799801(-|-)】已存在！"}
2024-01-22 01:15:32 随机等待 113 秒，约 1 分钟
2024-01-22 01:15:32 下次操作: 2024-01-22 01:17:25

2024-01-22 01:17:25 开始第 9890 次操作

2024-01-22 01:17:25 开始操作号码 【1799802】
2024-01-22 01:17:29 GSD getOne 第 1 次 等待 3 秒
2024-01-22 01:17:32 查询号码 【1799802】，返回信息 {"status":"ok","msg":"-","gid":"640862","time_insert":"2023-04-08 07:30"}
2024-01-22 01:17:32 查询号码 【1799802】，GSD为【"-"】
2024-01-22 01:17:32 ok && -
2024-01-22 01:17:34 CHB 1799802?1705857452 第 1 次 等待 3 秒
2024-01-22 01:17:37 CHB 1799802?1705857452 第 1 次 获取到号码【1799802】GSD
2024-01-22 01:17:37 未获取到号码【1799802】GSD，可能号码格式错误
2024-01-22 01:17:37 获取到号码【1799802】的GSD为【-】
2024-01-22 01:17:41 GSD insert 第 1 次 等待 3 秒
2024-01-22 01:17:44 {"status":"bad","gid":"640862","msg":"添加失败！号码【1799802(-|-)】已存在！"}
2024-01-22 01:17:44 随机等待 137 秒，约 2 分钟
2024-01-22 01:17:44 下次操作: 2024-01-22 01:20:01

2024-01-22 01:20:01 开始第 9891 次操作

2024-01-22 01:20:01 开始操作号码 【1799803】
2024-01-22 01:20:05 GSD getOne 第 1 次 等待 3 秒
2024-01-22 01:20:08 查询号码 【1799803】，返回信息 {"status":"ok","msg":"-","gid":"640866","time_insert":"2023-04-08 07:32"}
2024-01-22 01:20:08 查询号码 【1799803】，GSD为【"-"】
2024-01-22 01:20:08 ok && -
2024-01-22 01:20:11 CHB 1799803?1705857608 第 1 次 等待 3 秒
2024-01-22 01:20:14 CHB 1799803?1705857608 第 1 次 获取到号码【1799803】GSD
2024-01-22 01:20:14 未获取到号码【1799803】GSD，可能号码格式错误
2024-01-22 01:20:14 获取到号码【1799803】的GSD为【-】
2024-01-22 01:20:18 GSD insert 第 1 次 等待 3 秒
2024-01-22 01:20:21 {"status":"bad","gid":"640866","msg":"添加失败！号码【1799803(-|-)】已存在！"}
2024-01-22 01:20:21 随机等待 79 秒，约 1 分钟
2024-01-22 01:20:21 下次操作: 2024-01-22 01:21:40

2024-01-22 01:21:40 开始第 9892 次操作

2024-01-22 01:21:40 开始操作号码 【1799804】
2024-01-22 01:21:43 GSD getOne 第 1 次 等待 3 秒
2024-01-22 01:21:47 查询号码 【1799804】，返回信息 {"status":"ok","msg":"-","gid":"640869","time_insert":"2023-04-08 07:34"}
2024-01-22 01:21:47 查询号码 【1799804】，GSD为【"-"】
2024-01-22 01:21:47 ok && -
2024-01-22 01:21:50 CHB 1799804?1705857707 第 1 次 等待 3 秒
2024-01-22 01:21:53 CHB 1799804?1705857707 第 1 次 获取到号码【1799804】GSD
2024-01-22 01:21:53 未获取到号码【1799804】GSD，可能号码格式错误
2024-01-22 01:21:53 获取到号码【1799804】的GSD为【-】
2024-01-22 01:21:57 GSD insert 第 1 次 等待 3 秒
2024-01-22 01:22:00 {"status":"bad","gid":"640869","msg":"添加失败！号码【1799804(-|-)】已存在！"}

2024-01-22 01:37:31 开始第 9893 次操作

2024-01-22 01:37:31 开始操作号码 【1799805】
2024-01-22 01:37:37 GSD getOne 第 1 次 等待 3 秒
2024-01-22 01:37:40 查询号码 【1799805】，返回信息 {"status":"ok","msg":"-","gid":"640872","time_insert":"2023-04-08 07:37"}
2024-01-22 01:37:40 查询号码 【1799805】，GSD为【"-"】
2024-01-22 01:37:40 ok && -
2024-01-22 01:37:42 CHB 1799805?1705858660 第 1 次 等待 3 秒
2024-01-22 01:37:45 CHB 1799805?1705858660 第 1 次 获取到号码【1799805】GSD
2024-01-22 01:37:46 未获取到号码【1799805】GSD，可能号码格式错误
2024-01-22 01:37:46 获取到号码【1799805】的GSD为【-】
2024-01-22 01:37:50 GSD insert 第 1 次 等待 3 秒
2024-01-22 01:37:53 {"status":"bad","gid":"640872","msg":"添加失败！号码【1799805(-|-)】已存在！"}
2024-01-22 01:37:53 随机等待 164 秒，约 2 分钟
2024-01-22 01:37:53 下次操作: 2024-01-22 01:40:37

2024-01-22 01:40:37 开始第 9894 次操作

2024-01-22 01:40:37 开始操作号码 【1799806】
2024-01-22 01:40:41 GSD getOne 第 1 次 等待 3 秒
2024-01-22 01:40:44 查询号码 【1799806】，返回信息 {"status":"ok","msg":"-","gid":"640874","time_insert":"2023-04-08 07:38"}
2024-01-22 01:40:44 查询号码 【1799806】，GSD为【"-"】
2024-01-22 01:40:44 ok && -
2024-01-22 01:40:47 CHB 1799806?1705858844 第 1 次 等待 3 秒
2024-01-22 01:40:50 CHB 1799806?1705858844 第 1 次 获取到号码【1799806】GSD
2024-01-22 01:40:50 未获取到号码【1799806】GSD，可能号码格式错误
2024-01-22 01:40:50 获取到号码【1799806】的GSD为【-】
2024-01-22 01:40:54 GSD insert 第 1 次 等待 3 秒
2024-01-22 01:40:57 {"status":"bad","gid":"640874","msg":"添加失败！号码【1799806(-|-)】已存在！"}
2024-01-22 01:40:57 随机等待 202 秒，约 3 分钟
2024-01-22 01:40:57 下次操作: 2024-01-22 01:44:19

2024-01-22 01:44:19 开始第 9895 次操作

2024-01-22 01:44:19 开始操作号码 【1799807】
2024-01-22 01:44:23 GSD getOne 第 1 次 等待 3 秒
2024-01-22 01:44:26 查询号码 【1799807】，返回信息 {"status":"ok","msg":"-","gid":"640876","time_insert":"2023-04-08 07:40"}
2024-01-22 01:44:26 查询号码 【1799807】，GSD为【"-"】
2024-01-22 01:44:26 ok && -
2024-01-22 01:44:28 CHB 1799807?1705859066 第 1 次 等待 3 秒
2024-01-22 01:44:31 CHB 1799807?1705859066 第 1 次 获取到号码【1799807】GSD
2024-01-22 01:44:31 未获取到号码【1799807】GSD，可能号码格式错误
2024-01-22 01:44:31 获取到号码【1799807】的GSD为【-】
2024-01-22 01:44:35 GSD insert 第 1 次 等待 3 秒
2024-01-22 01:44:38 {"status":"bad","gid":"640876","msg":"添加失败！号码【1799807(-|-)】已存在！"}
2024-01-22 01:44:38 随机等待 141 秒，约 2 分钟
2024-01-22 01:44:38 下次操作: 2024-01-22 01:46:59

2024-01-22 01:46:59 开始第 9896 次操作

2024-01-22 01:46:59 开始操作号码 【1799808】
2024-01-22 01:47:03 GSD getOne 第 1 次 等待 3 秒
2024-01-22 01:47:06 查询号码 【1799808】，返回信息 {"status":"ok","msg":"-","gid":"640880","time_insert":"2023-04-08 07:44"}
2024-01-22 01:47:06 查询号码 【1799808】，GSD为【"-"】
2024-01-22 01:47:06 ok && -
2024-01-22 01:47:09 CHB 1799808?1705859226 第 1 次 等待 3 秒
2024-01-22 01:47:12 CHB 1799808?1705859226 第 1 次 获取到号码【1799808】GSD
2024-01-22 01:47:12 未获取到号码【1799808】GSD，可能号码格式错误
2024-01-22 01:47:12 获取到号码【1799808】的GSD为【-】
2024-01-22 01:47:15 GSD insert 第 1 次 等待 3 秒
2024-01-22 01:47:18 {"status":"bad","gid":"640880","msg":"添加失败！号码【1799808(-|-)】已存在！"}

2024-01-22 02:21:31 开始第 9897 次操作

2024-01-22 02:21:31 开始操作号码 【1799809】
2024-01-22 02:21:37 GSD getOne 第 1 次 等待 3 秒
2024-01-22 02:21:40 查询号码 【1799809】，返回信息 {"status":"ok","msg":"-","gid":"640885","time_insert":"2023-04-08 07:47"}
2024-01-22 02:21:40 查询号码 【1799809】，GSD为【"-"】
2024-01-22 02:21:40 ok && -
2024-01-22 02:21:42 CHB 1799809?1705861300 第 1 次 等待 3 秒
2024-01-22 02:21:45 CHB 1799809?1705861300 第 1 次 获取到号码【1799809】GSD
2024-01-22 02:21:45 未获取到号码【1799809】GSD，可能号码格式错误
2024-01-22 02:21:45 获取到号码【1799809】的GSD为【-】
2024-01-22 02:21:49 GSD insert 第 1 次 等待 3 秒
2024-01-22 02:21:52 {"status":"bad","gid":"640885","msg":"添加失败！号码【1799809(-|-)】已存在！"}
2024-01-22 02:21:52 随机等待 209 秒，约 3 分钟
2024-01-22 02:21:52 下次操作: 2024-01-22 02:25:21

2024-01-22 02:25:21 开始第 9898 次操作

2024-01-22 02:25:21 开始操作号码 【1799810】
2024-01-22 02:25:25 GSD getOne 第 1 次 等待 3 秒
2024-01-22 02:25:28 查询号码 【1799810】，返回信息 {"status":"ok","msg":"-","gid":"640888","time_insert":"2023-04-08 07:50"}
2024-01-22 02:25:28 查询号码 【1799810】，GSD为【"-"】
2024-01-22 02:25:28 ok && -
2024-01-22 02:25:30 CHB 1799810?1705861528 第 1 次 等待 3 秒
2024-01-22 02:25:33 CHB 1799810?1705861528 第 1 次 获取到号码【1799810】GSD
2024-01-22 02:25:33 未获取到号码【1799810】GSD，可能号码格式错误
2024-01-22 02:25:33 获取到号码【1799810】的GSD为【-】
2024-01-22 02:25:37 GSD insert 第 1 次 等待 3 秒
2024-01-22 02:25:40 {"status":"bad","gid":"640888","msg":"添加失败！号码【1799810(-|-)】已存在！"}
2024-01-22 02:25:40 随机等待 215 秒，约 3 分钟
2024-01-22 02:25:40 下次操作: 2024-01-22 02:29:15

2024-01-22 02:29:15 开始第 9899 次操作

2024-01-22 02:29:15 开始操作号码 【1799811】
2024-01-22 02:29:19 GSD getOne 第 1 次 等待 3 秒
2024-01-22 02:29:22 查询号码 【1799811】，返回信息 {"status":"ok","msg":"-","gid":"640891","time_insert":"2023-04-08 07:52"}
2024-01-22 02:29:22 查询号码 【1799811】，GSD为【"-"】
2024-01-22 02:29:22 ok && -
2024-01-22 02:29:25 CHB 1799811?1705861762 第 1 次 等待 3 秒
2024-01-22 02:29:28 CHB 1799811?1705861762 第 1 次 获取到号码【1799811】GSD
2024-01-22 02:29:28 未获取到号码【1799811】GSD，可能号码格式错误
2024-01-22 02:29:28 获取到号码【1799811】的GSD为【-】
2024-01-22 02:29:32 GSD insert 第 1 次 等待 3 秒
2024-01-22 02:29:35 {"status":"bad","gid":"640891","msg":"添加失败！号码【1799811(-|-)】已存在！"}
2024-01-22 02:29:35 随机等待 77 秒，约 1 分钟
2024-01-22 02:29:35 下次操作: 2024-01-22 02:30:52

2024-01-22 02:30:52 开始第 9900 次操作

2024-01-22 02:30:52 开始操作号码 【1799812】
2024-01-22 02:30:56 GSD getOne 第 1 次 等待 3 秒
2024-01-22 02:30:59 查询号码 【1799812】，返回信息 {"status":"ok","msg":"-","gid":"640895","time_insert":"2023-04-08 07:54"}
2024-01-22 02:30:59 查询号码 【1799812】，GSD为【"-"】
2024-01-22 02:30:59 ok && -
2024-01-22 02:31:02 CHB 1799812?1705861859 第 1 次 等待 3 秒
2024-01-22 02:31:05 CHB 1799812?1705861859 第 1 次 获取到号码【1799812】GSD
2024-01-22 02:31:05 未获取到号码【1799812】GSD，可能号码格式错误
2024-01-22 02:31:05 获取到号码【1799812】的GSD为【-】
2024-01-22 02:31:08 GSD insert 第 1 次 等待 3 秒
2024-01-22 02:31:11 {"status":"bad","gid":"640895","msg":"添加失败！号码【1799812(-|-)】已存在！"}

