2023-10-14 00:21:36 开始第 2921 次操作

2023-10-14 00:21:36 开始操作号码 【1892887】
2023-10-14 00:21:42 GSD getOne 第 1 次 等待 3 秒
2023-10-14 00:21:45 查询号码 【1892887】，返回信息 {"status":"ok","msg":"广东-广州","gid":"500696","time_insert":"2021-08-09 10:44"}
2023-10-14 00:21:45 查询号码 【1892887】，GSD为【"广东-广州"】

2023-10-14 00:21:46 开始第 2922 次操作

2023-10-14 00:21:46 开始操作号码 【1892888】
2023-10-14 00:21:50 GSD getOne 第 1 次 等待 3 秒
2023-10-14 00:21:53 查询号码 【1892888】，返回信息 {"status":"ok","msg":"广东-广州","gid":"500699","time_insert":"2021-08-09 10:46"}
2023-10-14 00:21:54 查询号码 【1892888】，GSD为【"广东-广州"】

2023-10-14 00:21:55 开始第 2923 次操作

2023-10-14 00:21:55 开始操作号码 【1892889】
2023-10-14 00:21:59 GSD getOne 第 1 次 等待 3 秒
2023-10-14 00:22:02 查询号码 【1892889】，返回信息 {"status":"ok","msg":"广东-广州","gid":"500702","time_insert":"2021-08-09 10:50"}
2023-10-14 00:22:03 查询号码 【1892889】，GSD为【"广东-广州"】

2023-10-14 00:22:04 开始第 2924 次操作

2023-10-14 00:22:04 开始操作号码 【1892890】
2023-10-14 00:22:16 GSD getOne 第 1 次 等待 3 秒
2023-10-14 00:22:19 查询号码 【1892890】，返回信息 {"status":"ok","msg":"广东-广州","gid":"500703","time_insert":"2021-08-09 10:51"}
2023-10-14 00:22:19 查询号码 【1892890】，GSD为【"广东-广州"】

