2024-06-30 00:23:34 开始第 3373 次操作

2024-06-30 00:23:34 开始操作号码 【1463275】
2024-06-30 00:23:47 GSD getOne 第 1 次 等待 3 秒
2024-06-30 00:23:50 查询号码 【1463275】，返回信息 {"status":"ok","msg":"江苏-南京","gid":"222242","time_insert":"2021-07-08 12:07"}
2024-06-30 00:23:50 查询号码 【1463275】，GSD为【"江苏-南京"】

2024-06-30 00:23:51 开始第 3374 次操作

2024-06-30 00:23:51 开始操作号码 【1463276】
2024-06-30 00:24:07 GSD getOne 第 1 次 等待 3 秒
2024-06-30 00:24:10 查询号码 【1463276】，返回信息 {"status":"ok","msg":"江苏-南京","gid":"222295","time_insert":"2021-07-08 12:20"}
2024-06-30 00:24:10 查询号码 【1463276】，GSD为【"江苏-南京"】

2024-06-30 00:24:11 开始第 3375 次操作

2024-06-30 00:24:11 开始操作号码 【1463277】
2024-06-30 00:24:26 GSD getOne 第 1 次 等待 3 秒
2024-06-30 00:24:29 查询号码 【1463277】，返回信息 {"status":"ok","msg":"江苏-南京","gid":"222318","time_insert":"2021-07-08 12:32"}
2024-06-30 00:24:29 查询号码 【1463277】，GSD为【"江苏-南京"】

2024-06-30 00:24:30 开始第 3376 次操作

2024-06-30 00:24:30 开始操作号码 【1463278】
2024-06-30 00:24:44 GSD getOne 第 1 次 等待 3 秒
2024-06-30 00:24:47 查询号码 【1463278】，返回信息 {"status":"ok","msg":"江苏-南京","gid":"222347","time_insert":"2021-07-08 12:47"}
2024-06-30 00:24:47 查询号码 【1463278】，GSD为【"江苏-南京"】

2024-06-30 00:40:34 开始第 3377 次操作

2024-06-30 00:40:34 开始操作号码 【1463279】
2024-06-30 00:41:00 GSD getOne 第 1 次 等待 3 秒
2024-06-30 00:41:03 查询号码 【1463279】，返回信息 {"status":"ok","msg":"江苏-南京","gid":"222470","time_insert":"2021-07-08 12:59"}
2024-06-30 00:41:03 查询号码 【1463279】，GSD为【"江苏-南京"】

2024-06-30 00:41:04 开始第 3378 次操作

2024-06-30 00:41:04 开始操作号码 【1463280】
2024-06-30 00:41:34 GSD getOne 第 1 次 等待 3 秒
2024-06-30 00:41:37 查询号码 【1463280】，返回信息 {"status":"ok","msg":"江苏-南京","gid":"222621","time_insert":"2021-07-08 13:12"}
2024-06-30 00:41:37 查询号码 【1463280】，GSD为【"江苏-南京"】

2024-06-30 00:41:38 开始第 3379 次操作

2024-06-30 00:41:38 开始操作号码 【1463281】
2024-06-30 00:42:09 GSD getOne 第 1 次 等待 3 秒
2024-06-30 00:42:12 查询号码 【1463281】，返回信息 {"status":"ok","msg":"江苏-南京","gid":"222675","time_insert":"2021-07-08 13:23"}
2024-06-30 00:42:12 查询号码 【1463281】，GSD为【"江苏-南京"】

2024-06-30 00:42:13 开始第 3380 次操作

2024-06-30 00:42:13 开始操作号码 【1463282】
2024-06-30 00:42:35 GSD getOne 第 1 次 等待 3 秒
2024-06-30 00:42:38 查询号码 【1463282】，返回信息 {"status":"ok","msg":"江苏-南京","gid":"222726","time_insert":"2021-07-08 13:36"}
2024-06-30 00:42:38 查询号码 【1463282】，GSD为【"江苏-南京"】

