2024-02-28 00:21:54 开始第 6021 次操作

2024-02-28 00:21:54 开始操作号码 【1685933】
2024-02-28 00:21:59 GSD getOne 第 1 次 等待 3 秒
2024-02-28 00:22:02 查询号码 【1685933】，返回信息 {"status":"ok","msg":"-","gid":"645172","time_insert":"2023-04-10 15:10"}
2024-02-28 00:22:02 查询号码 【1685933】，GSD为【"-"】
2024-02-28 00:22:02 ok && -
2024-02-28 00:22:04 CHB 1685933?1709050922 第 1 次 等待 3 秒
2024-02-28 00:22:07 CHB 1685933?1709050922 第 1 次 获取到号码【1685933】GSD
2024-02-28 00:22:07 未获取到号码【1685933】GSD，可能号码格式错误
2024-02-28 00:22:07 获取到号码【1685933】的GSD为【-】
2024-02-28 00:22:11 GSD insert 第 1 次 等待 3 秒
2024-02-28 00:22:14 {"status":"bad","gid":"645172","msg":"添加失败！号码【1685933(-|-)】已存在！"}
2024-02-28 00:22:14 随机等待 127 秒，约 2 分钟
2024-02-28 00:22:14 下次操作: 2024-02-28 00:24:21

2024-02-28 00:24:21 开始第 6022 次操作

2024-02-28 00:24:21 开始操作号码 【1685934】
2024-02-28 00:24:27 GSD getOne 第 1 次 等待 3 秒
2024-02-28 00:24:30 查询号码 【1685934】，返回信息 {"status":"ok","msg":"-","gid":"645185","time_insert":"2023-04-10 15:19"}
2024-02-28 00:24:31 查询号码 【1685934】，GSD为【"-"】
2024-02-28 00:24:31 ok && -
2024-02-28 00:24:32 CHB 1685934?1709051071 第 1 次 等待 3 秒
2024-02-28 00:24:35 CHB 1685934?1709051071 第 1 次 获取到号码【1685934】GSD
2024-02-28 00:24:35 未获取到号码【1685934】GSD，可能号码格式错误
2024-02-28 00:24:35 获取到号码【1685934】的GSD为【-】
2024-02-28 00:24:40 GSD insert 第 1 次 等待 3 秒
2024-02-28 00:24:43 {"status":"bad","gid":"645185","msg":"添加失败！号码【1685934(-|-)】已存在！"}
2024-02-28 00:24:43 随机等待 154 秒，约 2 分钟
2024-02-28 00:24:43 下次操作: 2024-02-28 00:27:17

2024-02-28 00:27:17 开始第 6023 次操作

2024-02-28 00:27:17 开始操作号码 【1685935】
2024-02-28 00:27:21 GSD getOne 第 1 次 等待 3 秒
2024-02-28 00:27:24 查询号码 【1685935】，返回信息 {"status":"ok","msg":"-","gid":"645208","time_insert":"2023-04-10 15:36"}
2024-02-28 00:27:25 查询号码 【1685935】，GSD为【"-"】
2024-02-28 00:27:25 ok && -
2024-02-28 00:27:27 CHB 1685935?1709051245 第 1 次 等待 3 秒
2024-02-28 00:27:30 CHB 1685935?1709051245 第 1 次 获取到号码【1685935】GSD
2024-02-28 00:27:30 未获取到号码【1685935】GSD，可能号码格式错误
2024-02-28 00:27:30 获取到号码【1685935】的GSD为【-】
2024-02-28 00:27:34 GSD insert 第 1 次 等待 3 秒
2024-02-28 00:27:37 {"status":"bad","gid":"645208","msg":"添加失败！号码【1685935(-|-)】已存在！"}
2024-02-28 00:27:37 随机等待 180 秒，约 3 分钟
2024-02-28 00:27:37 下次操作: 2024-02-28 00:30:37

2024-02-28 00:30:37 开始第 6024 次操作

2024-02-28 00:30:37 开始操作号码 【1685936】
2024-02-28 00:30:42 GSD getOne 第 1 次 等待 3 秒
2024-02-28 00:30:45 查询号码 【1685936】，返回信息 {"status":"ok","msg":"-","gid":"645229","time_insert":"2023-04-10 15:47"}
2024-02-28 00:30:45 查询号码 【1685936】，GSD为【"-"】
2024-02-28 00:30:45 ok && -
2024-02-28 00:30:47 CHB 1685936?1709051445 第 1 次 等待 3 秒
2024-02-28 00:30:50 CHB 1685936?1709051445 第 1 次 获取到号码【1685936】GSD
2024-02-28 00:30:50 未获取到号码【1685936】GSD，可能号码格式错误
2024-02-28 00:30:50 获取到号码【1685936】的GSD为【-】
2024-02-28 00:30:57 GSD insert 第 1 次 等待 3 秒
2024-02-28 00:31:00 {"status":"bad","gid":"645229","msg":"添加失败！号码【1685936(-|-)】已存在！"}

