2024-01-18 00:23:45 开始第 9181 次操作

2024-01-18 00:23:45 开始操作号码 【1799093】
2024-01-18 00:23:51 GSD getOne 第 1 次 等待 3 秒
2024-01-18 00:23:54 查询号码 【1799093】，返回信息 {"status":"ok","msg":"-","gid":"637337","time_insert":"2023-04-06 03:27"}
2024-01-18 00:23:55 查询号码 【1799093】，GSD为【"-"】
2024-01-18 00:23:55 ok && -
2024-01-18 00:23:57 CHB 1799093?1705508635 第 1 次 等待 3 秒
2024-01-18 00:24:00 CHB 1799093?1705508635 第 1 次 获取到号码【1799093】GSD
2024-01-18 00:24:00 未获取到号码【1799093】GSD，可能号码格式错误
2024-01-18 00:24:00 获取到号码【1799093】的GSD为【-】
2024-01-18 00:24:04 GSD insert 第 1 次 等待 3 秒
2024-01-18 00:24:07 {"status":"bad","gid":"637337","msg":"添加失败！号码【1799093(-|-)】已存在！"}
2024-01-18 00:24:07 随机等待 75 秒，约 1 分钟
2024-01-18 00:24:07 下次操作: 2024-01-18 00:25:22

2024-01-18 00:25:22 开始第 9182 次操作

2024-01-18 00:25:22 开始操作号码 【1799094】
2024-01-18 00:25:26 GSD getOne 第 1 次 等待 3 秒
2024-01-18 00:25:29 查询号码 【1799094】，返回信息 {"status":"ok","msg":"-","gid":"637340","time_insert":"2023-04-06 03:30"}
2024-01-18 00:25:29 查询号码 【1799094】，GSD为【"-"】
2024-01-18 00:25:29 ok && -
2024-01-18 00:25:32 CHB 1799094?1705508729 第 1 次 等待 3 秒
2024-01-18 00:25:35 CHB 1799094?1705508729 第 1 次 获取到号码【1799094】GSD
2024-01-18 00:25:35 未获取到号码【1799094】GSD，可能号码格式错误
2024-01-18 00:25:35 获取到号码【1799094】的GSD为【-】
2024-01-18 00:25:39 GSD insert 第 1 次 等待 3 秒
2024-01-18 00:25:42 {"status":"bad","gid":"637340","msg":"添加失败！号码【1799094(-|-)】已存在！"}
2024-01-18 00:25:42 随机等待 66 秒，约 1 分钟
2024-01-18 00:25:42 下次操作: 2024-01-18 00:26:48

2024-01-18 00:26:48 开始第 9183 次操作

2024-01-18 00:26:48 开始操作号码 【1799095】
2024-01-18 00:26:52 GSD getOne 第 1 次 等待 3 秒
2024-01-18 00:26:55 查询号码 【1799095】，返回信息 {"status":"ok","msg":"-","gid":"637342","time_insert":"2023-04-06 03:32"}
2024-01-18 00:26:55 查询号码 【1799095】，GSD为【"-"】
2024-01-18 00:26:55 ok && -
2024-01-18 00:26:58 CHB 1799095?1705508815 第 1 次 等待 3 秒
2024-01-18 00:27:01 CHB 1799095?1705508815 第 1 次 获取到号码【1799095】GSD
2024-01-18 00:27:01 未获取到号码【1799095】GSD，可能号码格式错误
2024-01-18 00:27:01 获取到号码【1799095】的GSD为【-】
2024-01-18 00:27:05 GSD insert 第 1 次 等待 3 秒
2024-01-18 00:27:08 {"status":"bad","gid":"637342","msg":"添加失败！号码【1799095(-|-)】已存在！"}
2024-01-18 00:27:08 随机等待 171 秒，约 2 分钟
2024-01-18 00:27:08 下次操作: 2024-01-18 00:29:59

2024-01-18 00:29:59 开始第 9184 次操作

2024-01-18 00:29:59 开始操作号码 【1799096】
2024-01-18 00:30:03 GSD getOne 第 1 次 等待 3 秒
2024-01-18 00:30:06 查询号码 【1799096】，返回信息 {"status":"ok","msg":"-","gid":"637347","time_insert":"2023-04-06 03:34"}
2024-01-18 00:30:06 查询号码 【1799096】，GSD为【"-"】
2024-01-18 00:30:06 ok && -
2024-01-18 00:30:09 CHB 1799096?1705509006 第 1 次 等待 3 秒
2024-01-18 00:30:12 CHB 1799096?1705509006 第 1 次 获取到号码【1799096】GSD
2024-01-18 00:30:12 未获取到号码【1799096】GSD，可能号码格式错误
2024-01-18 00:30:12 获取到号码【1799096】的GSD为【-】
2024-01-18 00:30:16 GSD insert 第 1 次 等待 3 秒
2024-01-18 00:30:19 {"status":"bad","gid":"637347","msg":"添加失败！号码【1799096(-|-)】已存在！"}

