2024-08-24 00:23:44 开始第 805 次操作

2024-08-24 00:23:44 开始操作号码 【1350804】
2024-08-24 00:23:52 GSD getOne 第 1 次 等待 3 秒
2024-08-24 00:23:55 查询号码 【1350804】，返回信息 {"status":"ok","msg":"四川-资阳","gid":"5069","time_insert":"2016-05-08 17:55","time_update":"2020-10-10 23:49"}
2024-08-24 00:23:55 查询号码 【1350804】，GSD为【"四川-资阳"】

2024-08-24 00:23:56 开始第 806 次操作

2024-08-24 00:23:56 开始操作号码 【1350805】
2024-08-24 00:24:05 GSD getOne 第 1 次 等待 3 秒
2024-08-24 00:24:08 查询号码 【1350805】，返回信息 {"status":"ok","msg":"四川-内江","gid":"5070","time_insert":"2017-05-01 00:00","time_update":"2020-10-10 23:53"}
2024-08-24 00:24:08 查询号码 【1350805】，GSD为【"四川-内江"】

2024-08-24 00:24:09 开始第 807 次操作

2024-08-24 00:24:09 开始操作号码 【1350806】
2024-08-24 00:24:29 GSD getOne 第 1 次 等待 3 秒
2024-08-24 00:24:32 查询号码 【1350806】，返回信息 {"status":"ok","msg":"四川-广元","gid":"5071","time_insert":"2014-03-25 10:17","time_update":"2020-10-10 23:58"}
2024-08-24 00:24:32 查询号码 【1350806】，GSD为【"四川-广元"】

2024-08-24 00:24:33 开始第 808 次操作

2024-08-24 00:24:33 开始操作号码 【1350807】
2024-08-24 00:24:41 GSD getOne 第 1 次 等待 3 秒
2024-08-24 00:24:44 查询号码 【1350807】，返回信息 {"status":"ok","msg":"四川-眉山","gid":"5072","time_insert":"2014-07-26 10:15","time_update":"2020-10-11 00:02"}
2024-08-24 00:24:44 查询号码 【1350807】，GSD为【"四川-眉山"】

