2023-09-30 00:21:25 开始第 641 次操作

2023-09-30 00:21:25 开始操作号码 【1890640】
2023-09-30 00:21:26 GSD getOne 第 1 次 等待 3 秒
2023-09-30 00:21:29 查询号码 【1890640】，返回信息 {"status":"ok","msg":"山东-济南","gid":"419434","time_insert":"2021-07-28 01:46"}
2023-09-30 00:21:29 查询号码 【1890640】，GSD为【"山东-济南"】

2023-09-30 00:21:30 开始第 642 次操作

2023-09-30 00:21:30 开始操作号码 【1890641】
2023-09-30 00:21:36 GSD getOne 第 1 次 等待 3 秒
2023-09-30 00:21:39 查询号码 【1890641】，返回信息 {"status":"ok","msg":"山东-济南","gid":"419611","time_insert":"2021-07-28 01:58"}
2023-09-30 00:21:39 查询号码 【1890641】，GSD为【"山东-济南"】

2023-09-30 00:21:40 开始第 643 次操作

2023-09-30 00:21:40 开始操作号码 【1890642】
2023-09-30 00:21:44 GSD getOne 第 1 次 等待 3 秒
2023-09-30 00:21:47 查询号码 【1890642】，返回信息 {"status":"ok","msg":"山东-青岛","gid":"419770","time_insert":"2021-07-28 02:09"}
2023-09-30 00:21:48 查询号码 【1890642】，GSD为【"山东-青岛"】

2023-09-30 00:21:49 开始第 644 次操作

2023-09-30 00:21:49 开始操作号码 【1890643】
2023-09-30 00:21:50 GSD getOne 第 1 次 等待 3 秒
2023-09-30 00:21:53 查询号码 【1890643】，返回信息 {"status":"ok","msg":"山东-淄博","gid":"419837","time_insert":"2021-07-28 02:21"}
2023-09-30 00:21:53 查询号码 【1890643】，GSD为【"山东-淄博"】

