2023-10-31 00:22:26 开始第 5909 次操作

2023-10-31 00:22:26 开始操作号码 【1895823】
2023-10-31 00:22:29 GSD getOne 第 1 次 等待 3 秒
2023-10-31 00:22:32 查询号码 【1895823】，返回信息 {"status":"ok","msg":"浙江-宁波","gid":"469611","time_insert":"2021-08-01 17:02"}
2023-10-31 00:22:33 查询号码 【1895823】，GSD为【"浙江-宁波"】

2023-10-31 00:22:34 开始第 5910 次操作

2023-10-31 00:22:34 开始操作号码 【1895824】
2023-10-31 00:22:40 GSD getOne 第 1 次 等待 3 秒
2023-10-31 00:22:43 查询号码 【1895824】，返回信息 {"status":"ok","msg":"浙江-宁波","gid":"469600","time_insert":"2021-08-01 17:01"}
2023-10-31 00:22:43 查询号码 【1895824】，GSD为【"浙江-宁波"】

2023-10-31 00:22:44 开始第 5911 次操作

2023-10-31 00:22:44 开始操作号码 【1895825】
2023-10-31 00:22:56 GSD getOne 第 1 次 等待 3 秒
2023-10-31 00:22:59 查询号码 【1895825】，返回信息 {"status":"ok","msg":"浙江-宁波","gid":"469593","time_insert":"2021-08-01 17:00"}
2023-10-31 00:22:59 查询号码 【1895825】，GSD为【"浙江-宁波"】

2023-10-31 00:23:00 开始第 5912 次操作

2023-10-31 00:23:00 开始操作号码 【1895826】
2023-10-31 00:23:04 GSD getOne 第 1 次 等待 3 秒
2023-10-31 00:23:07 查询号码 【1895826】，返回信息 {"status":"ok","msg":"浙江-宁波","gid":"469584","time_insert":"2021-08-01 16:59"}
2023-10-31 00:23:07 查询号码 【1895826】，GSD为【"浙江-宁波"】

