2024-08-22 00:23:56 开始第 457 次操作

2024-08-22 00:23:56 开始操作号码 【1350456】
2024-08-22 00:24:05 GSD getOne 第 1 次 等待 3 秒
2024-08-22 00:24:08 查询号码 【1350456】，返回信息 {"status":"ok","msg":"黑龙江-大兴安岭","gid":"57589","time_insert":"2021-05-12 07:00"}
2024-08-22 00:24:08 查询号码 【1350456】，GSD为【"黑龙江-大兴安岭"】

2024-08-22 00:24:09 开始第 458 次操作

2024-08-22 00:24:09 开始操作号码 【1350457】
2024-08-22 00:24:17 GSD getOne 第 1 次 等待 3 秒
2024-08-22 00:24:20 查询号码 【1350457】，返回信息 {"status":"ok","msg":"黑龙江-伊春","gid":"57593","time_insert":"2021-05-12 07:54"}
2024-08-22 00:24:20 查询号码 【1350457】，GSD为【"黑龙江-伊春"】

2024-08-22 00:24:21 开始第 459 次操作

2024-08-22 00:24:21 开始操作号码 【1350458】
2024-08-22 00:24:29 GSD getOne 第 1 次 等待 3 秒
2024-08-22 00:24:32 查询号码 【1350458】，返回信息 {"status":"ok","msg":"黑龙江-鹤岗","gid":"57602","time_insert":"2021-05-12 09:15"}
2024-08-22 00:24:32 查询号码 【1350458】，GSD为【"黑龙江-鹤岗"】

2024-08-22 00:24:33 开始第 460 次操作

2024-08-22 00:24:33 开始操作号码 【1350459】
2024-08-22 00:24:44 GSD getOne 第 1 次 等待 3 秒
2024-08-22 00:24:47 查询号码 【1350459】，返回信息 {"status":"ok","msg":"黑龙江-大庆","gid":"57686","time_insert":"2021-05-12 12:10"}
2024-08-22 00:24:47 查询号码 【1350459】，GSD为【"黑龙江-大庆"】

