2024-01-15 00:21:20 开始第 8653 次操作

2024-01-15 00:21:20 开始操作号码 【1798565】
2024-01-15 00:21:26 GSD getOne 第 1 次 等待 3 秒
2024-01-15 00:21:29 查询号码 【1798565】，返回信息 {"status":"ok","msg":"-","gid":"634557","time_insert":"2023-04-04 18:58"}
2024-01-15 00:21:29 查询号码 【1798565】，GSD为【"-"】
2024-01-15 00:21:29 ok && -
2024-01-15 00:21:31 CHB 1798565?1705249289 第 1 次 等待 3 秒
2024-01-15 00:21:34 CHB 1798565?1705249289 第 1 次 获取到号码【1798565】GSD
2024-01-15 00:21:34 未获取到号码【1798565】GSD，可能号码格式错误
2024-01-15 00:21:34 获取到号码【1798565】的GSD为【-】
2024-01-15 00:21:40 GSD insert 第 1 次 等待 3 秒
2024-01-15 00:21:43 {"status":"bad","gid":"634557","msg":"添加失败！号码【1798565(-|-)】已存在！"}
2024-01-15 00:21:43 随机等待 224 秒，约 3 分钟
2024-01-15 00:21:43 下次操作: 2024-01-15 00:25:27

2024-01-15 00:25:27 开始第 8654 次操作

2024-01-15 00:25:27 开始操作号码 【1798566】
2024-01-15 00:25:32 GSD getOne 第 1 次 等待 3 秒
2024-01-15 00:25:35 查询号码 【1798566】，返回信息 {"status":"ok","msg":"-","gid":"634559","time_insert":"2023-04-04 19:00"}
2024-01-15 00:25:35 查询号码 【1798566】，GSD为【"-"】
2024-01-15 00:25:35 ok && -
2024-01-15 00:25:40 CHB 1798566?1705249535 第 1 次 等待 3 秒
2024-01-15 00:25:43 CHB 1798566?1705249535 第 1 次 获取到号码【1798566】GSD
2024-01-15 00:25:43 未获取到号码【1798566】GSD，可能号码格式错误
2024-01-15 00:25:43 获取到号码【1798566】的GSD为【-】
2024-01-15 00:25:48 GSD insert 第 1 次 等待 3 秒
2024-01-15 00:25:51 {"status":"bad","gid":"634559","msg":"添加失败！号码【1798566(-|-)】已存在！"}
2024-01-15 00:25:51 随机等待 97 秒，约 1 分钟
2024-01-15 00:25:51 下次操作: 2024-01-15 00:27:28

2024-01-15 00:27:28 开始第 8655 次操作

2024-01-15 00:27:28 开始操作号码 【1798567】
2024-01-15 00:27:41 GSD getOne 第 1 次 等待 3 秒
2024-01-15 00:27:44 查询号码 【1798567】，返回信息 {"status":"ok","msg":"-","gid":"634564","time_insert":"2023-04-04 19:03"}
2024-01-15 00:27:44 查询号码 【1798567】，GSD为【"-"】
2024-01-15 00:27:44 ok && -
2024-01-15 00:27:46 CHB 1798567?1705249664 第 1 次 等待 3 秒
2024-01-15 00:27:49 CHB 1798567?1705249664 第 1 次 获取到号码【1798567】GSD
2024-01-15 00:27:49 未获取到号码【1798567】GSD，可能号码格式错误
2024-01-15 00:27:49 获取到号码【1798567】的GSD为【-】
2024-01-15 00:27:53 GSD insert 第 1 次 等待 3 秒
2024-01-15 00:27:56 {"status":"bad","gid":"634564","msg":"添加失败！号码【1798567(-|-)】已存在！"}
2024-01-15 00:27:56 随机等待 84 秒，约 1 分钟
2024-01-15 00:27:56 下次操作: 2024-01-15 00:29:20

2024-01-15 00:29:20 开始第 8656 次操作

2024-01-15 00:29:20 开始操作号码 【1798568】
2024-01-15 00:29:29 GSD getOne 第 1 次 等待 3 秒
2024-01-15 00:29:32 查询号码 【1798568】，返回信息 {"status":"ok","msg":"-","gid":"634578","time_insert":"2023-04-04 19:12"}
2024-01-15 00:29:32 查询号码 【1798568】，GSD为【"-"】
2024-01-15 00:29:32 ok && -
2024-01-15 00:29:34 CHB 1798568?1705249772 第 1 次 等待 3 秒
2024-01-15 00:29:37 CHB 1798568?1705249772 第 1 次 获取到号码【1798568】GSD
2024-01-15 00:29:37 未获取到号码【1798568】GSD，可能号码格式错误
2024-01-15 00:29:37 获取到号码【1798568】的GSD为【-】
2024-01-15 00:29:41 GSD insert 第 1 次 等待 3 秒
2024-01-15 00:29:44 {"status":"bad","gid":"634578","msg":"添加失败！号码【1798568(-|-)】已存在！"}

