2024-04-23 00:21:58 开始第 4957 次操作

2024-04-23 00:21:58 开始操作号码 【1574870】
2024-04-23 00:22:06 GSD getOne 第 1 次 等待 3 秒
2024-04-23 00:22:09 查询号码 【1574870】，返回信息 {"status":"ok","msg":"上海-上海","gid":"418390","time_insert":"2021-07-27 23:29"}
2024-04-23 00:22:09 查询号码 【1574870】，GSD为【"上海-上海"】

2024-04-23 00:22:10 开始第 4958 次操作

2024-04-23 00:22:10 开始操作号码 【1574871】
2024-04-23 00:22:19 GSD getOne 第 1 次 等待 3 秒
2024-04-23 00:22:22 查询号码 【1574871】，返回信息 {"status":"ok","msg":"上海-上海","gid":"418412","time_insert":"2021-07-27 23:44"}
2024-04-23 00:22:22 查询号码 【1574871】，GSD为【"上海-上海"】

2024-04-23 00:22:23 开始第 4959 次操作

2024-04-23 00:22:23 开始操作号码 【1574872】
2024-04-23 00:22:29 GSD getOne 第 1 次 等待 3 秒
2024-04-23 00:22:32 查询号码 【1574872】，返回信息 {"status":"ok","msg":"上海-上海","gid":"418631","time_insert":"2021-07-28 00:02"}
2024-04-23 00:22:32 查询号码 【1574872】，GSD为【"上海-上海"】

2024-04-23 00:22:33 开始第 4960 次操作

2024-04-23 00:22:33 开始操作号码 【1574873】
2024-04-23 00:22:40 GSD getOne 第 1 次 等待 3 秒
2024-04-23 00:22:43 查询号码 【1574873】，返回信息 {"status":"ok","msg":"上海-上海","gid":"418870","time_insert":"2021-07-28 00:21"}
2024-04-23 00:22:43 查询号码 【1574873】，GSD为【"上海-上海"】

