2024-01-21 00:22:01 开始第 9709 次操作

2024-01-21 00:22:01 开始操作号码 【1799621】
2024-01-21 00:22:05 GSD getOne 第 1 次 等待 3 秒
2024-01-21 00:22:08 查询号码 【1799621】，返回信息 {"status":"ok","msg":"-","gid":"640071","time_insert":"2023-04-07 22:28"}
2024-01-21 00:22:08 查询号码 【1799621】，GSD为【"-"】
2024-01-21 00:22:08 ok && -
2024-01-21 00:22:11 CHB 1799621?1705767728 第 1 次 等待 3 秒
2024-01-21 00:22:14 CHB 1799621?1705767728 第 1 次 获取到号码【1799621】GSD
2024-01-21 00:22:14 未获取到号码【1799621】GSD，可能号码格式错误
2024-01-21 00:22:14 获取到号码【1799621】的GSD为【-】
2024-01-21 00:22:19 GSD insert 第 1 次 等待 3 秒
2024-01-21 00:22:22 {"status":"bad","gid":"640071","msg":"添加失败！号码【1799621(-|-)】已存在！"}
2024-01-21 00:22:22 随机等待 187 秒，约 3 分钟
2024-01-21 00:22:22 下次操作: 2024-01-21 00:25:29

2024-01-21 00:25:29 开始第 9710 次操作

2024-01-21 00:25:29 开始操作号码 【1799622】
2024-01-21 00:25:34 GSD getOne 第 1 次 等待 3 秒
2024-01-21 00:25:37 查询号码 【1799622】，返回信息 {"status":"ok","msg":"-","gid":"640076","time_insert":"2023-04-07 22:30"}
2024-01-21 00:25:37 查询号码 【1799622】，GSD为【"-"】
2024-01-21 00:25:37 ok && -
2024-01-21 00:25:51 CHB 1799622?1705767937 第 1 次 等待 3 秒
2024-01-21 00:25:54 CHB 1799622?1705767937 第 1 次 获取到号码【1799622】GSD
2024-01-21 00:25:54 未获取到号码【1799622】GSD，可能号码格式错误
2024-01-21 00:25:54 获取到号码【1799622】的GSD为【-】
2024-01-21 00:26:01 GSD insert 第 1 次 等待 3 秒
2024-01-21 00:26:04 {"status":"bad","gid":"640076","msg":"添加失败！号码【1799622(-|-)】已存在！"}
2024-01-21 00:26:04 随机等待 209 秒，约 3 分钟
2024-01-21 00:26:04 下次操作: 2024-01-21 00:29:33

2024-01-21 00:29:33 开始第 9711 次操作

2024-01-21 00:29:33 开始操作号码 【1799623】
2024-01-21 00:29:37 GSD getOne 第 1 次 等待 3 秒
2024-01-21 00:29:40 查询号码 【1799623】，返回信息 {"status":"ok","msg":"-","gid":"640078","time_insert":"2023-04-07 22:32"}
2024-01-21 00:29:40 查询号码 【1799623】，GSD为【"-"】
2024-01-21 00:29:40 ok && -
2024-01-21 00:29:43 CHB 1799623?1705768180 第 1 次 等待 3 秒
2024-01-21 00:29:46 CHB 1799623?1705768180 第 1 次 获取到号码【1799623】GSD
2024-01-21 00:29:46 未获取到号码【1799623】GSD，可能号码格式错误
2024-01-21 00:29:46 获取到号码【1799623】的GSD为【-】
2024-01-21 00:29:51 GSD insert 第 1 次 等待 3 秒
2024-01-21 00:29:54 {"status":"bad","gid":"640078","msg":"添加失败！号码【1799623(-|-)】已存在！"}
2024-01-21 00:29:54 随机等待 212 秒，约 3 分钟
2024-01-21 00:29:54 下次操作: 2024-01-21 00:33:26

2024-01-21 00:33:26 开始第 9712 次操作

2024-01-21 00:33:26 开始操作号码 【1799624】
2024-01-21 00:33:31 GSD getOne 第 1 次 等待 3 秒
2024-01-21 00:33:34 查询号码 【1799624】，返回信息 {"status":"ok","msg":"-","gid":"640081","time_insert":"2023-04-07 22:35"}
2024-01-21 00:33:34 查询号码 【1799624】，GSD为【"-"】
2024-01-21 00:33:34 ok && -
2024-01-21 00:33:37 CHB 1799624?1705768414 第 1 次 等待 3 秒
2024-01-21 00:33:40 CHB 1799624?1705768414 第 1 次 获取到号码【1799624】GSD
2024-01-21 00:33:40 未获取到号码【1799624】GSD，可能号码格式错误
2024-01-21 00:33:40 获取到号码【1799624】的GSD为【-】
2024-01-21 00:33:44 GSD insert 第 1 次 等待 3 秒
2024-01-21 00:33:47 {"status":"bad","gid":"640081","msg":"添加失败！号码【1799624(-|-)】已存在！"}

