2024-10-10 00:24:50 开始第 8873 次操作

2024-10-10 00:24:50 开始操作号码 【1358872】
2024-10-10 00:24:59 GSD getOne 第 1 次 等待 3 秒
2024-10-10 00:25:02 查询号码 【1358872】，返回信息 {"status":"ok","msg":"浙江-杭州","gid":"311058","time_insert":"2021-07-18 05:00"}
2024-10-10 00:25:02 查询号码 【1358872】，GSD为【"浙江-杭州"】

2024-10-10 00:25:03 开始第 8874 次操作

2024-10-10 00:25:03 开始操作号码 【1358873】
2024-10-10 00:25:26 GSD getOne 第 1 次 等待 3 秒
2024-10-10 00:25:29 查询号码 【1358873】，返回信息 {"status":"ok","msg":"浙江-杭州","gid":"311048","time_insert":"2021-07-18 04:59"}
2024-10-10 00:25:29 查询号码 【1358873】，GSD为【"浙江-杭州"】

2024-10-10 00:25:30 开始第 8875 次操作

2024-10-10 00:25:30 开始操作号码 【1358874】
2024-10-10 00:26:02 GSD getOne 第 1 次 等待 3 秒
2024-10-10 00:26:05 查询号码 【1358874】，返回信息 {"status":"ok","msg":"浙江-杭州","gid":"311034","time_insert":"2021-07-18 04:59"}
2024-10-10 00:26:06 查询号码 【1358874】，GSD为【"浙江-杭州"】

2024-10-10 00:26:07 开始第 8876 次操作

2024-10-10 00:26:07 开始操作号码 【1358875】
2024-10-10 00:26:09 GSD getOne 第 1 次 等待 3 秒
2024-10-10 00:26:12 查询号码 【1358875】，返回信息 {"status":"ok","msg":"浙江-杭州","gid":"311019","time_insert":"2021-07-18 04:58"}
2024-10-10 00:26:12 查询号码 【1358875】，GSD为【"浙江-杭州"】

