2023-11-14 00:22:41 开始第 8373 次操作

2023-11-14 00:22:41 开始操作号码 【1898287】
2023-11-14 00:22:44 GSD getOne 第 1 次 等待 3 秒
2023-11-14 00:22:47 查询号码 【1898287】，返回信息 {"status":"ok","msg":"四川-达州","gid":"45621","time_insert":"2018-06-16 23:03","time_update":"2020-11-15 01:18"}
2023-11-14 00:22:47 查询号码 【1898287】，GSD为【"四川-达州"】

2023-11-14 00:22:48 开始第 8374 次操作

2023-11-14 00:22:48 开始操作号码 【1898288】
2023-11-14 00:22:51 GSD getOne 第 1 次 等待 3 秒
2023-11-14 00:22:54 查询号码 【1898288】，返回信息 {"status":"ok","msg":"四川-达州","gid":"45622","time_insert":"2017-04-16 17:27","time_update":"2020-11-15 01:22"}
2023-11-14 00:22:54 查询号码 【1898288】，GSD为【"四川-达州"】

2023-11-14 00:22:55 开始第 8375 次操作

2023-11-14 00:22:55 开始操作号码 【1898289】
2023-11-14 00:23:01 GSD getOne 第 1 次 等待 3 秒
2023-11-14 00:23:04 查询号码 【1898289】，返回信息 {"status":"ok","msg":"四川-达州","gid":"45623","time_insert":"2017-05-16 15:41","time_update":"2020-11-15 01:26"}
2023-11-14 00:23:04 查询号码 【1898289】，GSD为【"四川-达州"】

2023-11-14 00:23:05 开始第 8376 次操作

2023-11-14 00:23:05 开始操作号码 【1898290】
2023-11-14 00:23:09 GSD getOne 第 1 次 等待 3 秒
2023-11-14 00:23:12 查询号码 【1898290】，返回信息 {"status":"ok","msg":"四川-资阳","gid":"45624","time_insert":"2016-02-21 13:52","time_update":"2020-11-15 01:30"}
2023-11-14 00:23:12 查询号码 【1898290】，GSD为【"四川-资阳"】

2023-11-14 00:41:16 开始第 8377 次操作

2023-11-14 00:41:16 开始操作号码 【1898291】
2023-11-14 00:41:20 GSD getOne 第 1 次 等待 3 秒
2023-11-14 00:41:23 查询号码 【1898291】，返回信息 {"status":"ok","msg":"四川-资阳","gid":"45625","time_insert":"2018-10-11 23:43","time_update":"2020-11-15 01:34"}
2023-11-14 00:41:23 查询号码 【1898291】，GSD为【"四川-资阳"】

2023-11-14 00:41:24 开始第 8378 次操作

2023-11-14 00:41:24 开始操作号码 【1898292】
2023-11-14 00:41:28 GSD getOne 第 1 次 等待 3 秒
2023-11-14 00:41:31 查询号码 【1898292】，返回信息 {"status":"ok","msg":"四川-资阳","gid":"45626","time_insert":"2020-07-12 21:31","time_update":"2020-11-15 01:38"}
2023-11-14 00:41:31 查询号码 【1898292】，GSD为【"四川-资阳"】

2023-11-14 00:41:32 开始第 8379 次操作

2023-11-14 00:41:33 开始操作号码 【1898293】
2023-11-14 00:41:36 GSD getOne 第 1 次 等待 3 秒
2023-11-14 00:41:39 查询号码 【1898293】，返回信息 {"status":"ok","msg":"四川-资阳","gid":"45627","time_insert":"2018-02-19 11:19","time_update":"2020-11-15 01:41"}
2023-11-14 00:41:39 查询号码 【1898293】，GSD为【"四川-资阳"】

2023-11-14 00:41:40 开始第 8380 次操作

2023-11-14 00:41:40 开始操作号码 【1898294】
2023-11-14 00:41:44 GSD getOne 第 1 次 等待 3 秒
2023-11-14 00:41:47 查询号码 【1898294】，返回信息 {"status":"ok","msg":"四川-资阳","gid":"45628","time_insert":"2018-06-14 14:12","time_update":"2021-01-22 11:56"}
2023-11-14 00:41:47 查询号码 【1898294】，GSD为【"四川-资阳"】

