2024-07-13 00:24:02 开始第 5649 次操作

2024-07-13 00:24:02 开始操作号码 【1465551】
2024-07-13 00:24:10 GSD getOne 第 1 次 等待 3 秒
2024-07-13 00:24:13 查询号码 【1465551】，返回信息 {"status":"ok","msg":"上海-上海","gid":"409880","time_insert":"2021-07-27 05:45"}
2024-07-13 00:24:13 查询号码 【1465551】，GSD为【"上海-上海"】

2024-07-13 00:24:14 开始第 5650 次操作

2024-07-13 00:24:14 开始操作号码 【1465552】
2024-07-13 00:24:22 GSD getOne 第 1 次 等待 3 秒
2024-07-13 00:24:25 查询号码 【1465552】，返回信息 {"status":"ok","msg":"上海-上海","gid":"409872","time_insert":"2021-07-27 05:45"}
2024-07-13 00:24:25 查询号码 【1465552】，GSD为【"上海-上海"】

2024-07-13 00:24:26 开始第 5651 次操作

2024-07-13 00:24:26 开始操作号码 【1465553】
2024-07-13 00:24:34 GSD getOne 第 1 次 等待 3 秒
2024-07-13 00:24:37 查询号码 【1465553】，返回信息 {"status":"ok","msg":"上海-上海","gid":"409863","time_insert":"2021-07-27 05:44"}
2024-07-13 00:24:37 查询号码 【1465553】，GSD为【"上海-上海"】

2024-07-13 00:24:38 开始第 5652 次操作

2024-07-13 00:24:38 开始操作号码 【1465554】
2024-07-13 00:24:47 GSD getOne 第 1 次 等待 3 秒
2024-07-13 00:24:50 查询号码 【1465554】，返回信息 {"status":"ok","msg":"上海-上海","gid":"409859","time_insert":"2021-07-27 05:44"}
2024-07-13 00:24:50 查询号码 【1465554】，GSD为【"上海-上海"】

2024-07-13 00:41:18 开始第 5653 次操作

2024-07-13 00:41:18 开始操作号码 【1465555】
2024-07-13 00:41:28 GSD getOne 第 1 次 等待 3 秒
2024-07-13 00:41:31 查询号码 【1465555】，返回信息 {"status":"ok","msg":"上海-上海","gid":"409853","time_insert":"2021-07-27 05:43"}
2024-07-13 00:41:31 查询号码 【1465555】，GSD为【"上海-上海"】

2024-07-13 00:41:32 开始第 5654 次操作

2024-07-13 00:41:32 开始操作号码 【1465556】
2024-07-13 00:41:41 GSD getOne 第 1 次 等待 3 秒
2024-07-13 00:41:44 查询号码 【1465556】，返回信息 {"status":"ok","msg":"上海-上海","gid":"409846","time_insert":"2021-07-27 05:42"}
2024-07-13 00:41:44 查询号码 【1465556】，GSD为【"上海-上海"】

2024-07-13 00:41:45 开始第 5655 次操作

2024-07-13 00:41:45 开始操作号码 【1465557】
2024-07-13 00:41:56 GSD getOne 第 1 次 等待 3 秒
2024-07-13 00:41:59 查询号码 【1465557】，返回信息 {"status":"ok","msg":"上海-上海","gid":"409839","time_insert":"2021-07-27 05:42"}
2024-07-13 00:41:59 查询号码 【1465557】，GSD为【"上海-上海"】

2024-07-13 00:42:00 开始第 5656 次操作

2024-07-13 00:42:00 开始操作号码 【1465558】
2024-07-13 00:42:09 GSD getOne 第 1 次 等待 3 秒
2024-07-13 00:42:12 查询号码 【1465558】，返回信息 {"status":"ok","msg":"上海-上海","gid":"409834","time_insert":"2021-07-27 05:41"}
2024-07-13 00:42:12 查询号码 【1465558】，GSD为【"上海-上海"】

2024-07-13 01:18:01 开始第 5657 次操作

2024-07-13 01:18:01 开始操作号码 【1465559】
2024-07-13 01:18:10 GSD getOne 第 1 次 等待 3 秒
2024-07-13 01:18:13 查询号码 【1465559】，返回信息 {"status":"ok","msg":"上海-上海","gid":"409827","time_insert":"2021-07-27 05:41"}
2024-07-13 01:18:13 查询号码 【1465559】，GSD为【"上海-上海"】

2024-07-13 01:18:14 开始第 5658 次操作

2024-07-13 01:18:14 开始操作号码 【1465560】
2024-07-13 01:18:24 GSD getOne 第 1 次 等待 3 秒
2024-07-13 01:18:27 查询号码 【1465560】，返回信息 {"status":"ok","msg":"上海-上海","gid":"409753","time_insert":"2021-07-27 05:11"}
2024-07-13 01:18:27 查询号码 【1465560】，GSD为【"上海-上海"】

2024-07-13 01:18:28 开始第 5659 次操作

2024-07-13 01:18:28 开始操作号码 【1465561】
2024-07-13 01:18:36 GSD getOne 第 1 次 等待 3 秒
2024-07-13 01:18:39 查询号码 【1465561】，返回信息 {"status":"ok","msg":"上海-上海","gid":"409746","time_insert":"2021-07-27 05:10"}
2024-07-13 01:18:39 查询号码 【1465561】，GSD为【"上海-上海"】

2024-07-13 01:18:40 开始第 5660 次操作

2024-07-13 01:18:40 开始操作号码 【1465562】
2024-07-13 01:18:48 GSD getOne 第 1 次 等待 3 秒
2024-07-13 01:18:51 查询号码 【1465562】，返回信息 {"status":"ok","msg":"上海-上海","gid":"409742","time_insert":"2021-07-27 05:10"}
2024-07-13 01:18:51 查询号码 【1465562】，GSD为【"上海-上海"】

2024-07-13 01:37:42 开始第 5661 次操作

2024-07-13 01:37:42 开始操作号码 【1465563】
2024-07-13 01:37:50 GSD getOne 第 1 次 等待 3 秒
2024-07-13 01:37:53 查询号码 【1465563】，返回信息 {"status":"ok","msg":"上海-上海","gid":"409736","time_insert":"2021-07-27 05:09"}
2024-07-13 01:37:53 查询号码 【1465563】，GSD为【"上海-上海"】

2024-07-13 01:37:54 开始第 5662 次操作

2024-07-13 01:37:54 开始操作号码 【1465564】
2024-07-13 01:38:07 GSD getOne 第 1 次 等待 3 秒
2024-07-13 01:38:10 查询号码 【1465564】，返回信息 {"status":"ok","msg":"上海-上海","gid":"409732","time_insert":"2021-07-27 05:08"}
2024-07-13 01:38:10 查询号码 【1465564】，GSD为【"上海-上海"】

2024-07-13 01:38:11 开始第 5663 次操作

2024-07-13 01:38:11 开始操作号码 【1465565】
2024-07-13 01:38:20 GSD getOne 第 1 次 等待 3 秒
2024-07-13 01:38:23 查询号码 【1465565】，返回信息 {"status":"ok","msg":"上海-上海","gid":"409727","time_insert":"2021-07-27 05:07"}
2024-07-13 01:38:23 查询号码 【1465565】，GSD为【"上海-上海"】

2024-07-13 01:38:24 开始第 5664 次操作

2024-07-13 01:38:24 开始操作号码 【1465566】
2024-07-13 01:38:40 GSD getOne 第 1 次 等待 3 秒
2024-07-13 01:38:44 查询号码 【1465566】，返回信息 {"status":"ok","msg":"上海-上海","gid":"409723","time_insert":"2021-07-27 05:06"}
2024-07-13 01:38:44 查询号码 【1465566】，GSD为【"上海-上海"】

2024-07-13 02:27:53 开始第 5665 次操作

2024-07-13 02:27:53 开始操作号码 【1465567】
2024-07-13 02:28:07 GSD getOne 第 1 次 等待 3 秒
2024-07-13 02:28:10 查询号码 【1465567】，返回信息 {"status":"ok","msg":"上海-上海","gid":"409719","time_insert":"2021-07-27 05:05"}
2024-07-13 02:28:10 查询号码 【1465567】，GSD为【"上海-上海"】

2024-07-13 02:28:11 开始第 5666 次操作

2024-07-13 02:28:11 开始操作号码 【1465568】
2024-07-13 02:28:19 GSD getOne 第 1 次 等待 3 秒
2024-07-13 02:28:22 查询号码 【1465568】，返回信息 {"status":"ok","msg":"上海-上海","gid":"409716","time_insert":"2021-07-27 05:04"}
2024-07-13 02:28:22 查询号码 【1465568】，GSD为【"上海-上海"】

2024-07-13 02:28:23 开始第 5667 次操作

2024-07-13 02:28:23 开始操作号码 【1465569】
2024-07-13 02:28:30 GSD getOne 第 1 次 等待 3 秒
2024-07-13 02:28:33 查询号码 【1465569】，返回信息 {"status":"ok","msg":"上海-上海","gid":"409714","time_insert":"2021-07-27 05:04"}
2024-07-13 02:28:33 查询号码 【1465569】，GSD为【"上海-上海"】

2024-07-13 02:28:34 开始第 5668 次操作

2024-07-13 02:28:34 开始操作号码 【1465570】
2024-07-13 02:28:45 GSD getOne 第 1 次 等待 3 秒
2024-07-13 02:28:48 查询号码 【1465570】，返回信息 {"status":"ok","msg":"上海-上海","gid":"409710","time_insert":"2021-07-27 05:03"}
2024-07-13 02:28:48 查询号码 【1465570】，GSD为【"上海-上海"】

2024-07-13 02:42:51 开始第 5669 次操作

2024-07-13 02:42:51 开始操作号码 【1465571】
2024-07-13 02:43:00 GSD getOne 第 1 次 等待 3 秒
2024-07-13 02:43:03 查询号码 【1465571】，返回信息 {"status":"ok","msg":"上海-上海","gid":"409708","time_insert":"2021-07-27 05:02","time_update":"2021-07-27 12:05"}
2024-07-13 02:43:03 查询号码 【1465571】，GSD为【"上海-上海"】

2024-07-13 02:43:04 开始第 5670 次操作

2024-07-13 02:43:04 开始操作号码 【1465572】
2024-07-13 02:43:12 GSD getOne 第 1 次 等待 3 秒
2024-07-13 02:43:15 查询号码 【1465572】，返回信息 {"status":"ok","msg":"上海-上海","gid":"409699","time_insert":"2021-07-27 05:01","time_update":"2021-07-27 12:17"}
2024-07-13 02:43:15 查询号码 【1465572】，GSD为【"上海-上海"】

2024-07-13 02:43:16 开始第 5671 次操作

2024-07-13 02:43:16 开始操作号码 【1465573】
2024-07-13 02:43:25 GSD getOne 第 1 次 等待 3 秒
2024-07-13 02:43:28 查询号码 【1465573】，返回信息 {"status":"ok","msg":"上海-上海","gid":"409690","time_insert":"2021-07-27 05:00"}
2024-07-13 02:43:28 查询号码 【1465573】，GSD为【"上海-上海"】

2024-07-13 02:43:29 开始第 5672 次操作

2024-07-13 02:43:29 开始操作号码 【1465574】
2024-07-13 02:43:38 GSD getOne 第 1 次 等待 3 秒
2024-07-13 02:43:41 查询号码 【1465574】，返回信息 {"status":"ok","msg":"上海-上海","gid":"409683","time_insert":"2021-07-27 05:00"}
2024-07-13 02:43:42 查询号码 【1465574】，GSD为【"上海-上海"】

2024-07-13 03:14:48 开始第 5673 次操作

2024-07-13 03:14:48 开始操作号码 【1465575】
2024-07-13 03:14:57 GSD getOne 第 1 次 等待 3 秒
2024-07-13 03:15:00 查询号码 【1465575】，返回信息 {"status":"ok","msg":"上海-上海","gid":"409670","time_insert":"2021-07-27 04:59"}
2024-07-13 03:15:00 查询号码 【1465575】，GSD为【"上海-上海"】

2024-07-13 03:15:01 开始第 5674 次操作

2024-07-13 03:15:01 开始操作号码 【1465576】
2024-07-13 03:15:09 GSD getOne 第 1 次 等待 3 秒
2024-07-13 03:15:12 查询号码 【1465576】，返回信息 {"status":"ok","msg":"上海-上海","gid":"409657","time_insert":"2021-07-27 04:58"}
2024-07-13 03:15:12 查询号码 【1465576】，GSD为【"上海-上海"】

2024-07-13 03:15:13 开始第 5675 次操作

2024-07-13 03:15:13 开始操作号码 【1465577】
2024-07-13 03:15:20 GSD getOne 第 1 次 等待 3 秒
2024-07-13 03:15:23 查询号码 【1465577】，返回信息 {"status":"ok","msg":"上海-上海","gid":"409640","time_insert":"2021-07-27 04:57"}
2024-07-13 03:15:23 查询号码 【1465577】，GSD为【"上海-上海"】

2024-07-13 03:15:24 开始第 5676 次操作

2024-07-13 03:15:24 开始操作号码 【1465578】
2024-07-13 03:15:32 GSD getOne 第 1 次 等待 3 秒
2024-07-13 03:15:35 查询号码 【1465578】，返回信息 {"status":"ok","msg":"上海-上海","gid":"409626","time_insert":"2021-07-27 04:56"}
2024-07-13 03:15:35 查询号码 【1465578】，GSD为【"上海-上海"】

2024-07-13 03:37:49 开始第 5677 次操作

2024-07-13 03:37:49 开始操作号码 【1465579】
2024-07-13 03:37:58 GSD getOne 第 1 次 等待 3 秒
2024-07-13 03:38:01 查询号码 【1465579】，返回信息 {"status":"ok","msg":"上海-上海","gid":"409610","time_insert":"2021-07-27 04:55"}
2024-07-13 03:38:01 查询号码 【1465579】，GSD为【"上海-上海"】

2024-07-13 03:38:02 开始第 5678 次操作

2024-07-13 03:38:02 开始操作号码 【1465580】
2024-07-13 03:38:10 GSD getOne 第 1 次 等待 3 秒
2024-07-13 03:38:13 查询号码 【1465580】，返回信息 {"status":"ok","msg":"上海-上海","gid":"409597","time_insert":"2021-07-27 04:54"}
2024-07-13 03:38:13 查询号码 【1465580】，GSD为【"上海-上海"】

2024-07-13 03:38:14 开始第 5679 次操作

2024-07-13 03:38:14 开始操作号码 【1465581】
2024-07-13 03:38:22 GSD getOne 第 1 次 等待 3 秒
2024-07-13 03:38:25 查询号码 【1465581】，返回信息 {"status":"ok","msg":"上海-上海","gid":"409583","time_insert":"2021-07-27 04:53"}
2024-07-13 03:38:25 查询号码 【1465581】，GSD为【"上海-上海"】

2024-07-13 03:38:26 开始第 5680 次操作

2024-07-13 03:38:26 开始操作号码 【1465582】
2024-07-13 03:38:34 GSD getOne 第 1 次 等待 3 秒
2024-07-13 03:38:37 查询号码 【1465582】，返回信息 {"status":"ok","msg":"上海-上海","gid":"409571","time_insert":"2021-07-27 04:52"}
2024-07-13 03:38:37 查询号码 【1465582】，GSD为【"上海-上海"】

2024-07-13 04:19:48 开始第 5681 次操作

2024-07-13 04:19:48 开始操作号码 【1465583】
2024-07-13 04:19:56 GSD getOne 第 1 次 等待 3 秒
2024-07-13 04:19:59 查询号码 【1465583】，返回信息 {"status":"ok","msg":"上海-上海","gid":"409560","time_insert":"2021-07-27 04:52"}
2024-07-13 04:19:59 查询号码 【1465583】，GSD为【"上海-上海"】

2024-07-13 04:20:00 开始第 5682 次操作

2024-07-13 04:20:00 开始操作号码 【1465584】
2024-07-13 04:20:08 GSD getOne 第 1 次 等待 3 秒
2024-07-13 04:20:11 查询号码 【1465584】，返回信息 {"status":"ok","msg":"上海-上海","gid":"409545","time_insert":"2021-07-27 04:51"}
2024-07-13 04:20:11 查询号码 【1465584】，GSD为【"上海-上海"】

2024-07-13 04:20:12 开始第 5683 次操作

2024-07-13 04:20:12 开始操作号码 【1465585】
2024-07-13 04:20:20 GSD getOne 第 1 次 等待 3 秒
2024-07-13 04:20:23 查询号码 【1465585】，返回信息 {"status":"ok","msg":"上海-上海","gid":"409531","time_insert":"2021-07-27 04:50"}
2024-07-13 04:20:23 查询号码 【1465585】，GSD为【"上海-上海"】

2024-07-13 04:20:24 开始第 5684 次操作

2024-07-13 04:20:24 开始操作号码 【1465586】
2024-07-13 04:20:31 GSD getOne 第 1 次 等待 3 秒
2024-07-13 04:20:34 查询号码 【1465586】，返回信息 {"status":"ok","msg":"上海-上海","gid":"409519","time_insert":"2021-07-27 04:49"}
2024-07-13 04:20:34 查询号码 【1465586】，GSD为【"上海-上海"】

2024-07-13 04:39:03 开始第 5685 次操作

2024-07-13 04:39:03 开始操作号码 【1465587】
2024-07-13 04:39:11 GSD getOne 第 1 次 等待 3 秒
2024-07-13 04:39:14 查询号码 【1465587】，返回信息 {"status":"ok","msg":"上海-上海","gid":"409506","time_insert":"2021-07-27 04:48"}
2024-07-13 04:39:14 查询号码 【1465587】，GSD为【"上海-上海"】

2024-07-13 04:39:15 开始第 5686 次操作

2024-07-13 04:39:15 开始操作号码 【1465588】
2024-07-13 04:39:23 GSD getOne 第 1 次 等待 3 秒
2024-07-13 04:39:26 查询号码 【1465588】，返回信息 {"status":"ok","msg":"上海-上海","gid":"409490","time_insert":"2021-07-27 04:47"}
2024-07-13 04:39:26 查询号码 【1465588】，GSD为【"上海-上海"】

2024-07-13 04:39:27 开始第 5687 次操作

2024-07-13 04:39:27 开始操作号码 【1465589】
2024-07-13 04:39:36 GSD getOne 第 1 次 等待 3 秒
2024-07-13 04:39:39 查询号码 【1465589】，返回信息 {"status":"ok","msg":"上海-上海","gid":"409477","time_insert":"2021-07-27 04:47"}
2024-07-13 04:39:39 查询号码 【1465589】，GSD为【"上海-上海"】

2024-07-13 04:39:40 开始第 5688 次操作

2024-07-13 04:39:40 开始操作号码 【1465590】
2024-07-13 04:39:48 GSD getOne 第 1 次 等待 3 秒
2024-07-13 04:39:51 查询号码 【1465590】，返回信息 {"status":"ok","msg":"上海-上海","gid":"409465","time_insert":"2021-07-27 04:46"}
2024-07-13 04:39:51 查询号码 【1465590】，GSD为【"上海-上海"】

2024-07-13 05:18:59 开始第 5689 次操作

2024-07-13 05:18:59 开始操作号码 【1465591】
2024-07-13 05:19:07 GSD getOne 第 1 次 等待 3 秒
2024-07-13 05:19:10 查询号码 【1465591】，返回信息 {"status":"ok","msg":"上海-上海","gid":"409451","time_insert":"2021-07-27 04:45"}
2024-07-13 05:19:10 查询号码 【1465591】，GSD为【"上海-上海"】

2024-07-13 05:19:11 开始第 5690 次操作

2024-07-13 05:19:11 开始操作号码 【1465592】
2024-07-13 05:19:19 GSD getOne 第 1 次 等待 3 秒
2024-07-13 05:19:22 查询号码 【1465592】，返回信息 {"status":"ok","msg":"上海-上海","gid":"409438","time_insert":"2021-07-27 04:44"}
2024-07-13 05:19:22 查询号码 【1465592】，GSD为【"上海-上海"】

2024-07-13 05:19:23 开始第 5691 次操作

2024-07-13 05:19:23 开始操作号码 【1465593】
2024-07-13 05:19:31 GSD getOne 第 1 次 等待 3 秒
2024-07-13 05:19:34 查询号码 【1465593】，返回信息 {"status":"ok","msg":"上海-上海","gid":"409426","time_insert":"2021-07-27 04:44","time_update":"2021-07-27 12:43"}
2024-07-13 05:19:34 查询号码 【1465593】，GSD为【"上海-上海"】

2024-07-13 05:19:35 开始第 5692 次操作

2024-07-13 05:19:35 开始操作号码 【1465594】
2024-07-13 05:19:43 GSD getOne 第 1 次 等待 3 秒
2024-07-13 05:19:46 查询号码 【1465594】，返回信息 {"status":"ok","msg":"上海-上海","gid":"409414","time_insert":"2021-07-27 04:43"}
2024-07-13 05:19:46 查询号码 【1465594】，GSD为【"上海-上海"】

2024-07-13 05:37:32 开始第 5693 次操作

2024-07-13 05:37:32 开始操作号码 【1465595】
2024-07-13 05:37:39 GSD getOne 第 1 次 等待 3 秒
2024-07-13 05:37:42 查询号码 【1465595】，返回信息 {"status":"ok","msg":"上海-上海","gid":"409396","time_insert":"2021-07-27 04:42"}
2024-07-13 05:37:43 查询号码 【1465595】，GSD为【"上海-上海"】

2024-07-13 05:37:44 开始第 5694 次操作

2024-07-13 05:37:44 开始操作号码 【1465596】
2024-07-13 05:37:51 GSD getOne 第 1 次 等待 3 秒
2024-07-13 05:37:54 查询号码 【1465596】，返回信息 {"status":"ok","msg":"上海-上海","gid":"409383","time_insert":"2021-07-27 04:41"}
2024-07-13 05:37:54 查询号码 【1465596】，GSD为【"上海-上海"】

2024-07-13 05:37:55 开始第 5695 次操作

2024-07-13 05:37:55 开始操作号码 【1465597】
2024-07-13 05:38:03 GSD getOne 第 1 次 等待 3 秒
2024-07-13 05:38:06 查询号码 【1465597】，返回信息 {"status":"ok","msg":"上海-上海","gid":"409374","time_insert":"2021-07-27 04:40"}
2024-07-13 05:38:06 查询号码 【1465597】，GSD为【"上海-上海"】

2024-07-13 05:38:07 开始第 5696 次操作

2024-07-13 05:38:07 开始操作号码 【1465598】
2024-07-13 05:38:15 GSD getOne 第 1 次 等待 3 秒
2024-07-13 05:38:18 查询号码 【1465598】，返回信息 {"status":"ok","msg":"上海-上海","gid":"409360","time_insert":"2021-07-27 04:39"}
2024-07-13 05:38:18 查询号码 【1465598】，GSD为【"上海-上海"】

2024-07-13 06:17:20 开始第 5697 次操作

2024-07-13 06:17:20 开始操作号码 【1465599】
2024-07-13 06:17:28 GSD getOne 第 1 次 等待 3 秒
2024-07-13 06:17:31 查询号码 【1465599】，返回信息 {"status":"ok","msg":"上海-上海","gid":"409349","time_insert":"2021-07-27 04:39","time_update":"2021-07-27 12:59"}
2024-07-13 06:17:31 查询号码 【1465599】，GSD为【"上海-上海"】

2024-07-13 06:17:33 开始第 5698 次操作

2024-07-13 06:17:33 开始操作号码 【1465600】
2024-07-13 06:17:41 GSD getOne 第 1 次 等待 3 秒
2024-07-13 06:17:44 查询号码 【1465600】，返回信息 {"status":"ok","msg":"上海-上海","gid":"409200","time_insert":"2021-07-27 03:58"}
2024-07-13 06:17:44 查询号码 【1465600】，GSD为【"上海-上海"】

2024-07-13 06:17:45 开始第 5699 次操作

2024-07-13 06:17:45 开始操作号码 【1465601】
2024-07-13 06:17:53 GSD getOne 第 1 次 等待 3 秒
2024-07-13 06:17:56 查询号码 【1465601】，返回信息 {"status":"ok","msg":"上海-上海","gid":"409194","time_insert":"2021-07-27 03:57"}
2024-07-13 06:17:56 查询号码 【1465601】，GSD为【"上海-上海"】

2024-07-13 06:17:57 开始第 5700 次操作

2024-07-13 06:17:57 开始操作号码 【1465602】
2024-07-13 06:18:05 GSD getOne 第 1 次 等待 3 秒
2024-07-13 06:18:08 查询号码 【1465602】，返回信息 {"status":"ok","msg":"上海-上海","gid":"409186","time_insert":"2021-07-27 03:56"}
2024-07-13 06:18:08 查询号码 【1465602】，GSD为【"上海-上海"】

2024-07-13 06:39:09 开始第 5701 次操作

2024-07-13 06:39:09 开始操作号码 【1465603】
2024-07-13 06:39:19 GSD getOne 第 1 次 等待 3 秒
2024-07-13 06:39:22 查询号码 【1465603】，返回信息 {"status":"ok","msg":"上海-上海","gid":"409175","time_insert":"2021-07-27 03:56"}
2024-07-13 06:39:22 查询号码 【1465603】，GSD为【"上海-上海"】

2024-07-13 06:39:23 开始第 5702 次操作

2024-07-13 06:39:23 开始操作号码 【1465604】
2024-07-13 06:39:31 GSD getOne 第 1 次 等待 3 秒
2024-07-13 06:39:34 查询号码 【1465604】，返回信息 {"status":"ok","msg":"上海-上海","gid":"409168","time_insert":"2021-07-27 03:55"}
2024-07-13 06:39:34 查询号码 【1465604】，GSD为【"上海-上海"】

2024-07-13 06:39:35 开始第 5703 次操作

2024-07-13 06:39:35 开始操作号码 【1465605】
2024-07-13 06:39:42 GSD getOne 第 1 次 等待 3 秒
2024-07-13 06:39:45 查询号码 【1465605】，返回信息 {"status":"ok","msg":"上海-上海","gid":"409160","time_insert":"2021-07-27 03:55"}
2024-07-13 06:39:46 查询号码 【1465605】，GSD为【"上海-上海"】

2024-07-13 06:39:47 开始第 5704 次操作

2024-07-13 06:39:47 开始操作号码 【1465606】
2024-07-13 06:39:54 GSD getOne 第 1 次 等待 3 秒
2024-07-13 06:39:57 查询号码 【1465606】，返回信息 {"status":"ok","msg":"上海-上海","gid":"409152","time_insert":"2021-07-27 03:54"}
2024-07-13 06:39:57 查询号码 【1465606】，GSD为【"上海-上海"】

2024-07-13 07:17:59 开始第 5705 次操作

2024-07-13 07:17:59 开始操作号码 【1465607】
2024-07-13 07:18:07 GSD getOne 第 1 次 等待 3 秒
2024-07-13 07:18:10 查询号码 【1465607】，返回信息 {"status":"ok","msg":"上海-上海","gid":"409144","time_insert":"2021-07-27 03:54"}
2024-07-13 07:18:10 查询号码 【1465607】，GSD为【"上海-上海"】

2024-07-13 07:18:11 开始第 5706 次操作

2024-07-13 07:18:11 开始操作号码 【1465608】
2024-07-13 07:18:19 GSD getOne 第 1 次 等待 3 秒
2024-07-13 07:18:22 查询号码 【1465608】，返回信息 {"status":"ok","msg":"上海-上海","gid":"409133","time_insert":"2021-07-27 03:53"}
2024-07-13 07:18:22 查询号码 【1465608】，GSD为【"上海-上海"】

2024-07-13 07:18:23 开始第 5707 次操作

2024-07-13 07:18:23 开始操作号码 【1465609】
2024-07-13 07:18:31 GSD getOne 第 1 次 等待 3 秒
2024-07-13 07:18:34 查询号码 【1465609】，返回信息 {"status":"ok","msg":"上海-上海","gid":"409121","time_insert":"2021-07-27 03:53"}
2024-07-13 07:18:34 查询号码 【1465609】，GSD为【"上海-上海"】

2024-07-13 07:18:35 开始第 5708 次操作

2024-07-13 07:18:35 开始操作号码 【1465610】
2024-07-13 07:18:43 GSD getOne 第 1 次 等待 3 秒
2024-07-13 07:18:46 查询号码 【1465610】，返回信息 {"status":"ok","msg":"上海-上海","gid":"409111","time_insert":"2021-07-27 03:52"}
2024-07-13 07:18:46 查询号码 【1465610】，GSD为【"上海-上海"】

2024-07-13 07:37:52 开始第 5709 次操作

2024-07-13 07:37:52 开始操作号码 【1465611】
2024-07-13 07:38:04 GSD getOne 第 1 次 等待 3 秒
2024-07-13 07:38:07 查询号码 【1465611】，返回信息 {"status":"ok","msg":"上海-上海","gid":"409101","time_insert":"2021-07-27 03:52"}
2024-07-13 07:38:07 查询号码 【1465611】，GSD为【"上海-上海"】

2024-07-13 07:38:08 开始第 5710 次操作

2024-07-13 07:38:08 开始操作号码 【1465612】
2024-07-13 07:38:34 GSD getOne 第 1 次 等待 3 秒
2024-07-13 07:38:37 查询号码 【1465612】，返回信息 {"status":"ok","msg":"上海-上海","gid":"409095","time_insert":"2021-07-27 03:51"}
2024-07-13 07:38:37 查询号码 【1465612】，GSD为【"上海-上海"】

2024-07-13 07:38:38 开始第 5711 次操作

2024-07-13 07:38:38 开始操作号码 【1465613】
2024-07-13 07:38:46 GSD getOne 第 1 次 等待 3 秒
2024-07-13 07:38:49 查询号码 【1465613】，返回信息 {"status":"ok","msg":"上海-上海","gid":"409085","time_insert":"2021-07-27 03:51"}
2024-07-13 07:38:49 查询号码 【1465613】，GSD为【"上海-上海"】

2024-07-13 07:38:50 开始第 5712 次操作

2024-07-13 07:38:50 开始操作号码 【1465614】
2024-07-13 07:38:57 GSD getOne 第 1 次 等待 3 秒
2024-07-13 07:39:00 查询号码 【1465614】，返回信息 {"status":"ok","msg":"上海-上海","gid":"409076","time_insert":"2021-07-27 03:50"}
2024-07-13 07:39:00 查询号码 【1465614】，GSD为【"上海-上海"】

2024-07-13 09:24:00 开始第 5713 次操作

2024-07-13 09:24:00 开始操作号码 【1465615】
2024-07-13 09:24:08 GSD getOne 第 1 次 等待 3 秒
2024-07-13 09:24:11 查询号码 【1465615】，返回信息 {"status":"ok","msg":"上海-上海","gid":"409067","time_insert":"2021-07-27 03:49"}
2024-07-13 09:24:11 查询号码 【1465615】，GSD为【"上海-上海"】

2024-07-13 09:24:12 开始第 5714 次操作

2024-07-13 09:24:12 开始操作号码 【1465616】
2024-07-13 09:24:20 GSD getOne 第 1 次 等待 3 秒
2024-07-13 09:24:23 查询号码 【1465616】，返回信息 {"status":"ok","msg":"上海-上海","gid":"409057","time_insert":"2021-07-27 03:49"}
2024-07-13 09:24:23 查询号码 【1465616】，GSD为【"上海-上海"】

2024-07-13 09:24:24 开始第 5715 次操作

2024-07-13 09:24:24 开始操作号码 【1465617】
2024-07-13 09:24:32 GSD getOne 第 1 次 等待 3 秒
2024-07-13 09:24:35 查询号码 【1465617】，返回信息 {"status":"ok","msg":"上海-上海","gid":"409048","time_insert":"2021-07-27 03:48"}
2024-07-13 09:24:35 查询号码 【1465617】，GSD为【"上海-上海"】

2024-07-13 09:24:36 开始第 5716 次操作

2024-07-13 09:24:36 开始操作号码 【1465618】
2024-07-13 09:24:45 GSD getOne 第 1 次 等待 3 秒
2024-07-13 09:24:48 查询号码 【1465618】，返回信息 {"status":"ok","msg":"上海-上海","gid":"409038","time_insert":"2021-07-27 03:48"}
2024-07-13 09:24:48 查询号码 【1465618】，GSD为【"上海-上海"】

2024-07-13 10:20:46 开始第 5717 次操作

2024-07-13 10:20:46 开始操作号码 【1465619】
2024-07-13 10:20:54 GSD getOne 第 1 次 等待 3 秒
2024-07-13 10:20:57 查询号码 【1465619】，返回信息 {"status":"ok","msg":"上海-上海","gid":"409029","time_insert":"2021-07-27 03:47"}
2024-07-13 10:20:57 查询号码 【1465619】，GSD为【"上海-上海"】

2024-07-13 10:20:58 开始第 5718 次操作

2024-07-13 10:20:58 开始操作号码 【1465620】
2024-07-13 10:21:07 GSD getOne 第 1 次 等待 3 秒
2024-07-13 10:21:10 查询号码 【1465620】，返回信息 {"status":"ok","msg":"上海-上海","gid":"409022","time_insert":"2021-07-27 03:46"}
2024-07-13 10:21:10 查询号码 【1465620】，GSD为【"上海-上海"】

2024-07-13 10:21:11 开始第 5719 次操作

2024-07-13 10:21:11 开始操作号码 【1465621】
2024-07-13 10:21:19 GSD getOne 第 1 次 等待 3 秒
2024-07-13 10:21:22 查询号码 【1465621】，返回信息 {"status":"ok","msg":"上海-上海","gid":"409013","time_insert":"2021-07-27 03:46"}
2024-07-13 10:21:22 查询号码 【1465621】，GSD为【"上海-上海"】

2024-07-13 10:21:23 开始第 5720 次操作

2024-07-13 10:21:23 开始操作号码 【1465622】
2024-07-13 10:21:31 GSD getOne 第 1 次 等待 3 秒
2024-07-13 10:21:34 查询号码 【1465622】，返回信息 {"status":"ok","msg":"上海-上海","gid":"409004","time_insert":"2021-07-27 03:45"}
2024-07-13 10:21:34 查询号码 【1465622】，GSD为【"上海-上海"】

2024-07-13 10:46:52 开始第 5721 次操作

2024-07-13 10:46:52 开始操作号码 【1465623】
2024-07-13 10:47:02 GSD getOne 第 1 次 等待 3 秒
2024-07-13 10:47:05 查询号码 【1465623】，返回信息 {"status":"ok","msg":"上海-上海","gid":"408995","time_insert":"2021-07-27 03:45"}
2024-07-13 10:47:05 查询号码 【1465623】，GSD为【"上海-上海"】

2024-07-13 10:47:06 开始第 5722 次操作

2024-07-13 10:47:06 开始操作号码 【1465624】
2024-07-13 10:47:14 GSD getOne 第 1 次 等待 3 秒
2024-07-13 10:47:17 查询号码 【1465624】，返回信息 {"status":"ok","msg":"上海-上海","gid":"408986","time_insert":"2021-07-27 03:44"}
2024-07-13 10:47:17 查询号码 【1465624】，GSD为【"上海-上海"】

2024-07-13 10:47:18 开始第 5723 次操作

2024-07-13 10:47:18 开始操作号码 【1465625】
2024-07-13 10:47:26 GSD getOne 第 1 次 等待 3 秒
2024-07-13 10:47:29 查询号码 【1465625】，返回信息 {"status":"ok","msg":"上海-上海","gid":"408974","time_insert":"2021-07-27 03:44"}
2024-07-13 10:47:29 查询号码 【1465625】，GSD为【"上海-上海"】

2024-07-13 10:47:30 开始第 5724 次操作

2024-07-13 10:47:30 开始操作号码 【1465626】
2024-07-13 10:47:41 GSD getOne 第 1 次 等待 3 秒
2024-07-13 10:47:44 查询号码 【1465626】，返回信息 {"status":"ok","msg":"上海-上海","gid":"408966","time_insert":"2021-07-27 03:43"}
2024-07-13 10:47:44 查询号码 【1465626】，GSD为【"上海-上海"】

2024-07-13 11:20:18 开始第 5725 次操作

2024-07-13 11:20:18 开始操作号码 【1465627】
2024-07-13 11:20:27 GSD getOne 第 1 次 等待 3 秒
2024-07-13 11:20:30 查询号码 【1465627】，返回信息 {"status":"ok","msg":"上海-上海","gid":"408957","time_insert":"2021-07-27 03:43"}
2024-07-13 11:20:30 查询号码 【1465627】，GSD为【"上海-上海"】

2024-07-13 11:20:31 开始第 5726 次操作

2024-07-13 11:20:31 开始操作号码 【1465628】
2024-07-13 11:20:39 GSD getOne 第 1 次 等待 3 秒
2024-07-13 11:20:42 查询号码 【1465628】，返回信息 {"status":"ok","msg":"上海-上海","gid":"408944","time_insert":"2021-07-27 03:42"}
2024-07-13 11:20:42 查询号码 【1465628】，GSD为【"上海-上海"】

2024-07-13 11:20:43 开始第 5727 次操作

2024-07-13 11:20:43 开始操作号码 【1465629】
2024-07-13 11:20:55 GSD getOne 第 1 次 等待 3 秒
2024-07-13 11:20:58 查询号码 【1465629】，返回信息 {"status":"ok","msg":"上海-上海","gid":"408935","time_insert":"2021-07-27 03:42"}
2024-07-13 11:20:58 查询号码 【1465629】，GSD为【"上海-上海"】

2024-07-13 11:20:59 开始第 5728 次操作

2024-07-13 11:20:59 开始操作号码 【1465630】
2024-07-13 11:21:07 GSD getOne 第 1 次 等待 3 秒
2024-07-13 11:21:10 查询号码 【1465630】，返回信息 {"status":"ok","msg":"上海-上海","gid":"408926","time_insert":"2021-07-27 03:41","time_update":"2023-05-21 08:49"}
2024-07-13 11:21:10 查询号码 【1465630】，GSD为【"上海-上海"】

2024-07-13 11:37:41 开始第 5729 次操作

2024-07-13 11:37:41 开始操作号码 【1465631】
2024-07-13 11:37:52 GSD getOne 第 1 次 等待 3 秒
2024-07-13 11:37:55 查询号码 【1465631】，返回信息 {"status":"ok","msg":"上海-上海","gid":"408913","time_insert":"2021-07-27 03:40","time_update":"2023-05-21 08:50"}
2024-07-13 11:37:55 查询号码 【1465631】，GSD为【"上海-上海"】

2024-07-13 11:37:56 开始第 5730 次操作

2024-07-13 11:37:56 开始操作号码 【1465632】
2024-07-13 11:38:04 GSD getOne 第 1 次 等待 3 秒
2024-07-13 11:38:07 查询号码 【1465632】，返回信息 {"status":"ok","msg":"上海-上海","gid":"408903","time_insert":"2021-07-27 03:40","time_update":"2023-05-21 08:53"}
2024-07-13 11:38:07 查询号码 【1465632】，GSD为【"上海-上海"】

2024-07-13 11:38:08 开始第 5731 次操作

2024-07-13 11:38:08 开始操作号码 【1465633】
2024-07-13 11:38:18 GSD getOne 第 1 次 等待 3 秒
2024-07-13 11:38:21 查询号码 【1465633】，返回信息 {"status":"ok","msg":"上海-上海","gid":"408893","time_insert":"2021-07-27 03:39","time_update":"2023-05-21 09:06"}
2024-07-13 11:38:21 查询号码 【1465633】，GSD为【"上海-上海"】

2024-07-13 11:38:22 开始第 5732 次操作

2024-07-13 11:38:22 开始操作号码 【1465634】
2024-07-13 11:38:33 GSD getOne 第 1 次 等待 3 秒
2024-07-13 11:38:36 查询号码 【1465634】，返回信息 {"status":"ok","msg":"上海-上海","gid":"408883","time_insert":"2021-07-27 03:39","time_update":"2023-05-21 09:08"}
2024-07-13 11:38:36 查询号码 【1465634】，GSD为【"上海-上海"】

2024-07-13 12:21:59 开始第 5733 次操作

2024-07-13 12:21:59 开始操作号码 【1465635】
2024-07-13 12:22:10 GSD getOne 第 1 次 等待 3 秒
2024-07-13 12:22:13 查询号码 【1465635】，返回信息 {"status":"ok","msg":"上海-上海","gid":"408876","time_insert":"2021-07-27 03:38","time_update":"2023-05-21 09:15"}
2024-07-13 12:22:13 查询号码 【1465635】，GSD为【"上海-上海"】

2024-07-13 12:22:14 开始第 5734 次操作

2024-07-13 12:22:14 开始操作号码 【1465636】
2024-07-13 12:22:26 GSD getOne 第 1 次 等待 3 秒
2024-07-13 12:22:29 查询号码 【1465636】，返回信息 {"status":"ok","msg":"上海-上海","gid":"408865","time_insert":"2021-07-27 03:38","time_update":"2023-05-21 09:18"}
2024-07-13 12:22:29 查询号码 【1465636】，GSD为【"上海-上海"】

2024-07-13 12:22:30 开始第 5735 次操作

2024-07-13 12:22:30 开始操作号码 【1465637】
2024-07-13 12:22:40 GSD getOne 第 1 次 等待 3 秒
2024-07-13 12:22:43 查询号码 【1465637】，返回信息 {"status":"ok","msg":"上海-上海","gid":"408855","time_insert":"2021-07-27 03:37","time_update":"2023-05-21 09:26"}
2024-07-13 12:22:43 查询号码 【1465637】，GSD为【"上海-上海"】

2024-07-13 12:22:44 开始第 5736 次操作

2024-07-13 12:22:44 开始操作号码 【1465638】
2024-07-13 12:22:54 GSD getOne 第 1 次 等待 3 秒
2024-07-13 12:22:57 查询号码 【1465638】，返回信息 {"status":"ok","msg":"上海-上海","gid":"408850","time_insert":"2021-07-27 03:37","time_update":"2023-05-21 09:28"}
2024-07-13 12:22:57 查询号码 【1465638】，GSD为【"上海-上海"】

2024-07-13 12:38:45 开始第 5737 次操作

2024-07-13 12:38:45 开始操作号码 【1465639】
2024-07-13 12:38:53 GSD getOne 第 1 次 等待 3 秒
2024-07-13 12:38:56 查询号码 【1465639】，返回信息 {"status":"ok","msg":"上海-上海","gid":"408841","time_insert":"2021-07-27 03:36","time_update":"2023-05-21 09:42"}
2024-07-13 12:38:57 查询号码 【1465639】，GSD为【"上海-上海"】

2024-07-13 12:38:58 开始第 5738 次操作

2024-07-13 12:38:58 开始操作号码 【1465640】
2024-07-13 12:39:08 GSD getOne 第 1 次 等待 3 秒
2024-07-13 12:39:11 查询号码 【1465640】，返回信息 {"status":"ok","msg":"上海-上海","gid":"408702","time_insert":"2021-07-27 03:10","time_update":"2023-05-21 09:45"}
2024-07-13 12:39:11 查询号码 【1465640】，GSD为【"上海-上海"】

2024-07-13 12:39:12 开始第 5739 次操作

2024-07-13 12:39:12 开始操作号码 【1465641】
2024-07-13 12:39:20 GSD getOne 第 1 次 等待 3 秒
2024-07-13 12:39:23 查询号码 【1465641】，返回信息 {"status":"ok","msg":"上海-上海","gid":"408693","time_insert":"2021-07-27 03:10","time_update":"2023-05-21 09:49"}
2024-07-13 12:39:23 查询号码 【1465641】，GSD为【"上海-上海"】

2024-07-13 12:39:24 开始第 5740 次操作

2024-07-13 12:39:24 开始操作号码 【1465642】
2024-07-13 12:39:34 GSD getOne 第 1 次 等待 3 秒
2024-07-13 12:39:37 查询号码 【1465642】，返回信息 {"status":"ok","msg":"上海-上海","gid":"408681","time_insert":"2021-07-27 03:09","time_update":"2023-05-21 09:56"}
2024-07-13 12:39:37 查询号码 【1465642】，GSD为【"上海-上海"】

2024-07-13 13:18:11 开始第 5741 次操作

2024-07-13 13:18:11 开始操作号码 【1465643】
2024-07-13 13:18:21 GSD getOne 第 1 次 等待 3 秒
2024-07-13 13:18:24 查询号码 【1465643】，返回信息 {"status":"ok","msg":"上海-上海","gid":"408668","time_insert":"2021-07-27 03:09","time_update":"2023-05-21 10:04"}
2024-07-13 13:18:25 查询号码 【1465643】，GSD为【"上海-上海"】

2024-07-13 13:18:26 开始第 5742 次操作

2024-07-13 13:18:26 开始操作号码 【1465644】
2024-07-13 13:18:36 GSD getOne 第 1 次 等待 3 秒
2024-07-13 13:18:39 查询号码 【1465644】，返回信息 {"status":"ok","msg":"上海-上海","gid":"408658","time_insert":"2021-07-27 03:08","time_update":"2023-05-21 10:06"}
2024-07-13 13:18:39 查询号码 【1465644】，GSD为【"上海-上海"】

2024-07-13 13:18:40 开始第 5743 次操作

2024-07-13 13:18:40 开始操作号码 【1465645】
2024-07-13 13:18:50 GSD getOne 第 1 次 等待 3 秒
2024-07-13 13:18:53 查询号码 【1465645】，返回信息 {"status":"ok","msg":"上海-上海","gid":"408648","time_insert":"2021-07-27 03:07","time_update":"2023-05-21 10:09"}
2024-07-13 13:18:53 查询号码 【1465645】，GSD为【"上海-上海"】

2024-07-13 13:18:54 开始第 5744 次操作

2024-07-13 13:18:54 开始操作号码 【1465646】
2024-07-13 13:19:03 GSD getOne 第 1 次 等待 3 秒
2024-07-13 13:19:06 查询号码 【1465646】，返回信息 {"status":"ok","msg":"上海-上海","gid":"408640","time_insert":"2021-07-27 03:07","time_update":"2023-05-21 10:14"}
2024-07-13 13:19:06 查询号码 【1465646】，GSD为【"上海-上海"】

2024-07-13 13:37:37 开始第 5745 次操作

2024-07-13 13:37:37 开始操作号码 【1465647】
2024-07-13 13:37:49 GSD getOne 第 1 次 等待 3 秒
2024-07-13 13:37:52 查询号码 【1465647】，返回信息 {"status":"ok","msg":"上海-上海","gid":"408628","time_insert":"2021-07-27 03:06","time_update":"2021-09-04 16:10"}
2024-07-13 13:37:52 查询号码 【1465647】，GSD为【"上海-上海"】

2024-07-13 13:37:53 开始第 5746 次操作

2024-07-13 13:37:53 开始操作号码 【1465648】
2024-07-13 13:38:09 GSD getOne 第 1 次 等待 3 秒
2024-07-13 13:38:12 查询号码 【1465648】，返回信息 {"status":"ok","msg":"上海-上海","gid":"408617","time_insert":"2021-07-27 03:06","time_update":"2021-09-04 16:10"}
2024-07-13 13:38:12 查询号码 【1465648】，GSD为【"上海-上海"】

2024-07-13 13:38:13 开始第 5747 次操作

2024-07-13 13:38:13 开始操作号码 【1465649】
2024-07-13 13:38:22 GSD getOne 第 1 次 等待 3 秒
2024-07-13 13:38:25 查询号码 【1465649】，返回信息 {"status":"ok","msg":"上海-上海","gid":"408608","time_insert":"2021-07-27 03:05","time_update":"2023-05-21 10:17"}
2024-07-13 13:38:25 查询号码 【1465649】，GSD为【"上海-上海"】

2024-07-13 13:38:26 开始第 5748 次操作

2024-07-13 13:38:26 开始操作号码 【1465650】
2024-07-13 13:38:34 GSD getOne 第 1 次 等待 3 秒
2024-07-13 13:38:37 查询号码 【1465650】，返回信息 {"status":"ok","msg":"上海-上海","gid":"408594","time_insert":"2021-07-27 03:05","time_update":"2023-05-21 10:21"}
2024-07-13 13:38:37 查询号码 【1465650】，GSD为【"上海-上海"】

2024-07-13 14:25:41 开始第 5749 次操作

2024-07-13 14:25:41 开始操作号码 【1465651】
2024-07-13 14:25:50 GSD getOne 第 1 次 等待 3 秒
2024-07-13 14:25:53 查询号码 【1465651】，返回信息 {"status":"ok","msg":"上海-上海","gid":"408585","time_insert":"2021-07-27 03:04","time_update":"2023-05-21 10:24"}
2024-07-13 14:25:53 查询号码 【1465651】，GSD为【"上海-上海"】

2024-07-13 14:25:54 开始第 5750 次操作

2024-07-13 14:25:54 开始操作号码 【1465652】
2024-07-13 14:26:02 GSD getOne 第 1 次 等待 3 秒
2024-07-13 14:26:05 查询号码 【1465652】，返回信息 {"status":"ok","msg":"上海-上海","gid":"408576","time_insert":"2021-07-27 03:04","time_update":"2023-05-21 10:26"}
2024-07-13 14:26:05 查询号码 【1465652】，GSD为【"上海-上海"】

2024-07-13 14:26:06 开始第 5751 次操作

2024-07-13 14:26:06 开始操作号码 【1465653】
2024-07-13 14:26:14 GSD getOne 第 1 次 等待 3 秒
2024-07-13 14:26:17 查询号码 【1465653】，返回信息 {"status":"ok","msg":"上海-上海","gid":"408565","time_insert":"2021-07-27 03:03","time_update":"2023-05-21 10:28"}
2024-07-13 14:26:17 查询号码 【1465653】，GSD为【"上海-上海"】

2024-07-13 14:26:18 开始第 5752 次操作

2024-07-13 14:26:18 开始操作号码 【1465654】
2024-07-13 14:26:26 GSD getOne 第 1 次 等待 3 秒
2024-07-13 14:26:29 查询号码 【1465654】，返回信息 {"status":"ok","msg":"上海-上海","gid":"408557","time_insert":"2021-07-27 03:02","time_update":"2023-05-21 10:32"}
2024-07-13 14:26:29 查询号码 【1465654】，GSD为【"上海-上海"】

2024-07-13 14:40:36 开始第 5753 次操作

2024-07-13 14:40:36 开始操作号码 【1465655】
2024-07-13 14:40:45 GSD getOne 第 1 次 等待 3 秒
2024-07-13 14:40:48 查询号码 【1465655】，返回信息 {"status":"ok","msg":"上海-上海","gid":"408545","time_insert":"2021-07-27 03:02","time_update":"2021-09-04 16:10"}
2024-07-13 14:40:48 查询号码 【1465655】，GSD为【"上海-上海"】

2024-07-13 14:40:49 开始第 5754 次操作

2024-07-13 14:40:49 开始操作号码 【1465656】
2024-07-13 14:40:56 GSD getOne 第 1 次 等待 3 秒
2024-07-13 14:40:59 查询号码 【1465656】，返回信息 {"status":"ok","msg":"上海-上海","gid":"408535","time_insert":"2021-07-27 03:01","time_update":"2023-05-21 10:36"}
2024-07-13 14:41:00 查询号码 【1465656】，GSD为【"上海-上海"】

2024-07-13 14:41:01 开始第 5755 次操作

2024-07-13 14:41:01 开始操作号码 【1465657】
2024-07-13 14:41:08 GSD getOne 第 1 次 等待 3 秒
2024-07-13 14:41:11 查询号码 【1465657】，返回信息 {"status":"ok","msg":"上海-上海","gid":"408527","time_insert":"2021-07-27 03:01","time_update":"2023-05-21 10:40"}
2024-07-13 14:41:11 查询号码 【1465657】，GSD为【"上海-上海"】

2024-07-13 14:41:12 开始第 5756 次操作

2024-07-13 14:41:12 开始操作号码 【1465658】
2024-07-13 14:41:21 GSD getOne 第 1 次 等待 3 秒
2024-07-13 14:41:24 查询号码 【1465658】，返回信息 {"status":"ok","msg":"上海-上海","gid":"408514","time_insert":"2021-07-27 03:00","time_update":"2023-05-21 10:42"}
2024-07-13 14:41:24 查询号码 【1465658】，GSD为【"上海-上海"】

2024-07-13 15:17:06 开始第 5757 次操作

2024-07-13 15:17:06 开始操作号码 【1465659】
2024-07-13 15:17:15 GSD getOne 第 1 次 等待 3 秒
2024-07-13 15:17:18 查询号码 【1465659】，返回信息 {"status":"ok","msg":"上海-上海","gid":"408504","time_insert":"2021-07-27 03:00","time_update":"2023-05-21 10:44"}
2024-07-13 15:17:18 查询号码 【1465659】，GSD为【"上海-上海"】

2024-07-13 15:17:19 开始第 5758 次操作

2024-07-13 15:17:19 开始操作号码 【1465660】
2024-07-13 15:17:27 GSD getOne 第 1 次 等待 3 秒
2024-07-13 15:17:30 查询号码 【1465660】，返回信息 {"status":"ok","msg":"上海-上海","gid":"408491","time_insert":"2021-07-27 02:59","time_update":"2023-05-21 10:49"}
2024-07-13 15:17:30 查询号码 【1465660】，GSD为【"上海-上海"】

2024-07-13 15:17:31 开始第 5759 次操作

2024-07-13 15:17:31 开始操作号码 【1465661】
2024-07-13 15:17:38 GSD getOne 第 1 次 等待 3 秒
2024-07-13 15:17:41 查询号码 【1465661】，返回信息 {"status":"ok","msg":"上海-上海","gid":"408482","time_insert":"2021-07-27 02:59","time_update":"2021-09-04 16:13"}
2024-07-13 15:17:41 查询号码 【1465661】，GSD为【"上海-上海"】

2024-07-13 15:17:42 开始第 5760 次操作

2024-07-13 15:17:42 开始操作号码 【1465662】
2024-07-13 15:17:51 GSD getOne 第 1 次 等待 3 秒
2024-07-13 15:17:54 查询号码 【1465662】，返回信息 {"status":"ok","msg":"上海-上海","gid":"408469","time_insert":"2021-07-27 02:58","time_update":"2023-05-21 10:54"}
2024-07-13 15:17:54 查询号码 【1465662】，GSD为【"上海-上海"】

2024-07-13 15:37:59 开始第 5761 次操作

2024-07-13 15:37:59 开始操作号码 【1465663】
2024-07-13 15:38:07 GSD getOne 第 1 次 等待 3 秒
2024-07-13 15:38:10 查询号码 【1465663】，返回信息 {"status":"ok","msg":"上海-上海","gid":"408460","time_insert":"2021-07-27 02:57","time_update":"2023-05-21 10:59"}
2024-07-13 15:38:10 查询号码 【1465663】，GSD为【"上海-上海"】

2024-07-13 15:38:11 开始第 5762 次操作

2024-07-13 15:38:11 开始操作号码 【1465664】
2024-07-13 15:38:19 GSD getOne 第 1 次 等待 3 秒
2024-07-13 15:38:22 查询号码 【1465664】，返回信息 {"status":"ok","msg":"上海-上海","gid":"408451","time_insert":"2021-07-27 02:57","time_update":"2023-05-21 11:02"}
2024-07-13 15:38:22 查询号码 【1465664】，GSD为【"上海-上海"】

2024-07-13 15:38:23 开始第 5763 次操作

2024-07-13 15:38:23 开始操作号码 【1465665】
2024-07-13 15:38:31 GSD getOne 第 1 次 等待 3 秒
2024-07-13 15:38:34 查询号码 【1465665】，返回信息 {"status":"ok","msg":"上海-上海","gid":"408440","time_insert":"2021-07-27 02:56","time_update":"2023-05-21 11:06"}
2024-07-13 15:38:34 查询号码 【1465665】，GSD为【"上海-上海"】

2024-07-13 15:38:35 开始第 5764 次操作

2024-07-13 15:38:35 开始操作号码 【1465666】
2024-07-13 15:38:43 GSD getOne 第 1 次 等待 3 秒
2024-07-13 15:38:46 查询号码 【1465666】，返回信息 {"status":"ok","msg":"上海-上海","gid":"408428","time_insert":"2021-07-27 02:56","time_update":"2023-05-21 11:10"}
2024-07-13 15:38:46 查询号码 【1465666】，GSD为【"上海-上海"】

2024-07-13 16:21:32 开始第 5765 次操作

2024-07-13 16:21:32 开始操作号码 【1465667】
2024-07-13 16:21:40 GSD getOne 第 1 次 等待 3 秒
2024-07-13 16:21:43 查询号码 【1465667】，返回信息 {"status":"ok","msg":"上海-上海","gid":"408420","time_insert":"2021-07-27 02:55","time_update":"2023-05-21 11:13"}
2024-07-13 16:21:43 查询号码 【1465667】，GSD为【"上海-上海"】

2024-07-13 16:21:44 开始第 5766 次操作

2024-07-13 16:21:44 开始操作号码 【1465668】
2024-07-13 16:21:52 GSD getOne 第 1 次 等待 3 秒
2024-07-13 16:21:55 查询号码 【1465668】，返回信息 {"status":"ok","msg":"上海-上海","gid":"408414","time_insert":"2021-07-27 02:54","time_update":"2023-05-21 11:15"}
2024-07-13 16:21:55 查询号码 【1465668】，GSD为【"上海-上海"】

2024-07-13 16:21:56 开始第 5767 次操作

2024-07-13 16:21:56 开始操作号码 【1465669】
2024-07-13 16:22:03 GSD getOne 第 1 次 等待 3 秒
2024-07-13 16:22:06 查询号码 【1465669】，返回信息 {"status":"ok","msg":"上海-上海","gid":"408405","time_insert":"2021-07-27 02:54","time_update":"2023-05-21 11:20"}
2024-07-13 16:22:06 查询号码 【1465669】，GSD为【"上海-上海"】

2024-07-13 16:22:08 开始第 5768 次操作

2024-07-13 16:22:08 开始操作号码 【1465670】
2024-07-13 16:22:15 GSD getOne 第 1 次 等待 3 秒
2024-07-13 16:22:18 查询号码 【1465670】，返回信息 {"status":"ok","msg":"上海-上海","gid":"408399","time_insert":"2021-07-27 02:53","time_update":"2023-05-21 11:22"}
2024-07-13 16:22:18 查询号码 【1465670】，GSD为【"上海-上海"】

2024-07-13 16:38:15 开始第 5769 次操作

2024-07-13 16:38:15 开始操作号码 【1465671】
2024-07-13 16:38:23 GSD getOne 第 1 次 等待 3 秒
2024-07-13 16:38:26 查询号码 【1465671】，返回信息 {"status":"ok","msg":"上海-上海","gid":"408390","time_insert":"2021-07-27 02:53","time_update":"2023-05-21 11:24"}
2024-07-13 16:38:26 查询号码 【1465671】，GSD为【"上海-上海"】

2024-07-13 16:38:27 开始第 5770 次操作

2024-07-13 16:38:27 开始操作号码 【1465672】
2024-07-13 16:38:35 GSD getOne 第 1 次 等待 3 秒
2024-07-13 16:38:38 查询号码 【1465672】，返回信息 {"status":"ok","msg":"上海-上海","gid":"408381","time_insert":"2021-07-27 02:52","time_update":"2023-05-21 11:40"}
2024-07-13 16:38:38 查询号码 【1465672】，GSD为【"上海-上海"】

2024-07-13 16:38:39 开始第 5771 次操作

2024-07-13 16:38:39 开始操作号码 【1465673】
2024-07-13 16:38:47 GSD getOne 第 1 次 等待 3 秒
2024-07-13 16:38:50 查询号码 【1465673】，返回信息 {"status":"ok","msg":"上海-上海","gid":"408375","time_insert":"2021-07-27 02:52","time_update":"2023-05-21 11:42"}
2024-07-13 16:38:50 查询号码 【1465673】，GSD为【"上海-上海"】

2024-07-13 16:38:51 开始第 5772 次操作

2024-07-13 16:38:51 开始操作号码 【1465674】
2024-07-13 16:38:59 GSD getOne 第 1 次 等待 3 秒
2024-07-13 16:39:02 查询号码 【1465674】，返回信息 {"status":"ok","msg":"上海-上海","gid":"408367","time_insert":"2021-07-27 02:51","time_update":"2021-09-04 16:17"}
2024-07-13 16:39:02 查询号码 【1465674】，GSD为【"上海-上海"】

2024-07-13 17:18:09 开始第 5773 次操作

2024-07-13 17:18:09 开始操作号码 【1465675】
2024-07-13 17:18:17 GSD getOne 第 1 次 等待 3 秒
2024-07-13 17:18:20 查询号码 【1465675】，返回信息 {"status":"ok","msg":"上海-上海","gid":"408360","time_insert":"2021-07-27 02:51","time_update":"2023-05-21 11:49"}
2024-07-13 17:18:20 查询号码 【1465675】，GSD为【"上海-上海"】

2024-07-13 17:18:21 开始第 5774 次操作

2024-07-13 17:18:21 开始操作号码 【1465676】
2024-07-13 17:18:29 GSD getOne 第 1 次 等待 3 秒
2024-07-13 17:18:32 查询号码 【1465676】，返回信息 {"status":"ok","msg":"上海-上海","gid":"408352","time_insert":"2021-07-27 02:50","time_update":"2023-05-21 11:57"}
2024-07-13 17:18:32 查询号码 【1465676】，GSD为【"上海-上海"】

2024-07-13 17:18:33 开始第 5775 次操作

2024-07-13 17:18:33 开始操作号码 【1465677】
2024-07-13 17:18:41 GSD getOne 第 1 次 等待 3 秒
2024-07-13 17:18:44 查询号码 【1465677】，返回信息 {"status":"ok","msg":"上海-上海","gid":"408343","time_insert":"2021-07-27 02:50","time_update":"2021-09-04 16:17"}
2024-07-13 17:18:44 查询号码 【1465677】，GSD为【"上海-上海"】

2024-07-13 17:18:45 开始第 5776 次操作

2024-07-13 17:18:45 开始操作号码 【1465678】
2024-07-13 17:18:52 GSD getOne 第 1 次 等待 3 秒
2024-07-13 17:18:55 查询号码 【1465678】，返回信息 {"status":"ok","msg":"上海-上海","gid":"408337","time_insert":"2021-07-27 02:49","time_update":"2023-05-21 12:03"}
2024-07-13 17:18:55 查询号码 【1465678】，GSD为【"上海-上海"】

2024-07-13 17:38:13 开始第 5777 次操作

2024-07-13 17:38:13 开始操作号码 【1465679】
2024-07-13 17:38:23 GSD getOne 第 1 次 等待 3 秒
2024-07-13 17:38:26 查询号码 【1465679】，返回信息 {"status":"ok","msg":"上海-上海","gid":"408328","time_insert":"2021-07-27 02:49","time_update":"2023-05-21 12:08"}
2024-07-13 17:38:26 查询号码 【1465679】，GSD为【"上海-上海"】

2024-07-13 17:38:27 开始第 5778 次操作

2024-07-13 17:38:27 开始操作号码 【1465680】
2024-07-13 17:38:35 GSD getOne 第 1 次 等待 3 秒
2024-07-13 17:38:38 查询号码 【1465680】，返回信息 {"status":"ok","msg":"上海-上海","gid":"407857","time_insert":"2021-07-27 01:43","time_update":"2023-05-21 12:17"}
2024-07-13 17:38:38 查询号码 【1465680】，GSD为【"上海-上海"】

2024-07-13 17:38:39 开始第 5779 次操作

2024-07-13 17:38:39 开始操作号码 【1465681】
2024-07-13 17:38:47 GSD getOne 第 1 次 等待 3 秒
2024-07-13 17:38:50 查询号码 【1465681】，返回信息 {"status":"ok","msg":"上海-上海","gid":"407843","time_insert":"2021-07-27 01:42","time_update":"2023-05-21 12:23"}
2024-07-13 17:38:50 查询号码 【1465681】，GSD为【"上海-上海"】

2024-07-13 17:38:51 开始第 5780 次操作

2024-07-13 17:38:51 开始操作号码 【1465682】
2024-07-13 17:38:59 GSD getOne 第 1 次 等待 3 秒
2024-07-13 17:39:02 查询号码 【1465682】，返回信息 {"status":"ok","msg":"上海-上海","gid":"407832","time_insert":"2021-07-27 01:41","time_update":"2023-05-21 12:28"}
2024-07-13 17:39:02 查询号码 【1465682】，GSD为【"上海-上海"】

2024-07-13 18:18:21 开始第 5781 次操作

2024-07-13 18:18:21 开始操作号码 【1465683】
2024-07-13 18:18:30 GSD getOne 第 1 次 等待 3 秒
2024-07-13 18:18:33 查询号码 【1465683】，返回信息 {"status":"ok","msg":"上海-上海","gid":"407814","time_insert":"2021-07-27 01:40","time_update":"2023-05-21 12:33"}
2024-07-13 18:18:33 查询号码 【1465683】，GSD为【"上海-上海"】

2024-07-13 18:18:34 开始第 5782 次操作

2024-07-13 18:18:34 开始操作号码 【1465684】
2024-07-13 18:18:42 GSD getOne 第 1 次 等待 3 秒
2024-07-13 18:18:45 查询号码 【1465684】，返回信息 {"status":"ok","msg":"上海-上海","gid":"407808","time_insert":"2021-07-27 01:39","time_update":"2021-09-04 16:17"}
2024-07-13 18:18:45 查询号码 【1465684】，GSD为【"上海-上海"】

2024-07-13 18:18:46 开始第 5783 次操作

2024-07-13 18:18:46 开始操作号码 【1465685】
2024-07-13 18:18:53 GSD getOne 第 1 次 等待 3 秒
2024-07-13 18:18:56 查询号码 【1465685】，返回信息 {"status":"ok","msg":"上海-上海","gid":"407800","time_insert":"2021-07-27 01:38","time_update":"2023-05-21 12:38"}
2024-07-13 18:18:56 查询号码 【1465685】，GSD为【"上海-上海"】

2024-07-13 18:18:57 开始第 5784 次操作

2024-07-13 18:18:57 开始操作号码 【1465686】
2024-07-13 18:19:11 GSD getOne 第 1 次 等待 3 秒
2024-07-13 18:19:14 查询号码 【1465686】，返回信息 {"status":"ok","msg":"上海-上海","gid":"407795","time_insert":"2021-07-27 01:37","time_update":"2023-05-21 12:43"}
2024-07-13 18:19:14 查询号码 【1465686】，GSD为【"上海-上海"】

2024-07-13 18:37:33 开始第 5785 次操作

2024-07-13 18:37:33 开始操作号码 【1465687】
2024-07-13 18:37:43 GSD getOne 第 1 次 等待 3 秒
2024-07-13 18:37:46 查询号码 【1465687】，返回信息 {"status":"ok","msg":"上海-上海","gid":"407791","time_insert":"2021-07-27 01:36","time_update":"2023-05-21 12:53"}
2024-07-13 18:37:46 查询号码 【1465687】，GSD为【"上海-上海"】

2024-07-13 18:37:47 开始第 5786 次操作

2024-07-13 18:37:47 开始操作号码 【1465688】
2024-07-13 18:37:56 GSD getOne 第 1 次 等待 3 秒
2024-07-13 18:37:59 查询号码 【1465688】，返回信息 {"status":"ok","msg":"上海-上海","gid":"407788","time_insert":"2021-07-27 01:36","time_update":"2023-05-21 12:55"}
2024-07-13 18:37:59 查询号码 【1465688】，GSD为【"上海-上海"】

2024-07-13 18:38:00 开始第 5787 次操作

2024-07-13 18:38:00 开始操作号码 【1465689】
2024-07-13 18:38:08 GSD getOne 第 1 次 等待 3 秒
2024-07-13 18:38:11 查询号码 【1465689】，返回信息 {"status":"ok","msg":"上海-上海","gid":"407783","time_insert":"2021-07-27 01:35","time_update":"2023-05-21 13:00"}
2024-07-13 18:38:11 查询号码 【1465689】，GSD为【"上海-上海"】

2024-07-13 18:38:12 开始第 5788 次操作

2024-07-13 18:38:12 开始操作号码 【1465690】
2024-07-13 18:38:20 GSD getOne 第 1 次 等待 3 秒
2024-07-13 18:38:23 查询号码 【1465690】，返回信息 {"status":"ok","msg":"上海-上海","gid":"407775","time_insert":"2021-07-27 01:34","time_update":"2023-05-21 13:05"}
2024-07-13 18:38:23 查询号码 【1465690】，GSD为【"上海-上海"】

2024-07-13 19:15:41 开始第 5789 次操作

2024-07-13 19:15:41 开始操作号码 【1465691】
2024-07-13 19:15:49 GSD getOne 第 1 次 等待 3 秒
2024-07-13 19:15:52 查询号码 【1465691】，返回信息 {"status":"ok","msg":"上海-上海","gid":"407771","time_insert":"2021-07-27 01:33","time_update":"2023-05-21 13:07"}
2024-07-13 19:15:52 查询号码 【1465691】，GSD为【"上海-上海"】

2024-07-13 19:15:53 开始第 5790 次操作

2024-07-13 19:15:53 开始操作号码 【1465692】
2024-07-13 19:16:00 GSD getOne 第 1 次 等待 3 秒
2024-07-13 19:16:03 查询号码 【1465692】，返回信息 {"status":"ok","msg":"上海-上海","gid":"407765","time_insert":"2021-07-27 01:32","time_update":"2023-05-21 13:24"}
2024-07-13 19:16:03 查询号码 【1465692】，GSD为【"上海-上海"】

2024-07-13 19:16:04 开始第 5791 次操作

2024-07-13 19:16:04 开始操作号码 【1465693】
2024-07-13 19:16:13 GSD getOne 第 1 次 等待 3 秒
2024-07-13 19:16:16 查询号码 【1465693】，返回信息 {"status":"ok","msg":"上海-上海","gid":"407760","time_insert":"2021-07-27 01:31","time_update":"2023-05-21 13:29"}
2024-07-13 19:16:16 查询号码 【1465693】，GSD为【"上海-上海"】

2024-07-13 19:16:17 开始第 5792 次操作

2024-07-13 19:16:17 开始操作号码 【1465694】
2024-07-13 19:16:25 GSD getOne 第 1 次 等待 3 秒
2024-07-13 19:16:28 查询号码 【1465694】，返回信息 {"status":"ok","msg":"上海-上海","gid":"407757","time_insert":"2021-07-27 01:30","time_update":"2023-05-21 13:30"}
2024-07-13 19:16:28 查询号码 【1465694】，GSD为【"上海-上海"】

