2024-02-14 00:21:33 开始第 3525 次操作

2024-02-14 00:21:33 开始操作号码 【1683437】
2024-02-14 00:21:38 GSD getOne 第 1 次 等待 3 秒
2024-02-14 00:21:41 查询号码 【1683437】，返回信息 {"status":"ok","msg":"-","gid":"586562","time_insert":"2023-03-12 20:35"}
2024-02-14 00:21:41 查询号码 【1683437】，GSD为【"-"】
2024-02-14 00:21:41 ok && -
2024-02-14 00:21:43 CHB 1683437?1707841301 第 1 次 等待 3 秒
2024-02-14 00:21:46 CHB 1683437?1707841301 第 1 次 获取到号码【1683437】GSD
2024-02-14 00:21:46 未获取到号码【1683437】GSD，可能号码格式错误
2024-02-14 00:21:46 获取到号码【1683437】的GSD为【-】
2024-02-14 00:21:51 GSD insert 第 1 次 等待 3 秒
2024-02-14 00:21:54 {"status":"bad","gid":"586562","msg":"添加失败！号码【1683437(-|-)】已存在！"}
2024-02-14 00:21:54 随机等待 97 秒，约 1 分钟
2024-02-14 00:21:54 下次操作: 2024-02-14 00:23:31

2024-02-14 00:23:31 开始第 3526 次操作

2024-02-14 00:23:31 开始操作号码 【1683438】
2024-02-14 00:23:36 GSD getOne 第 1 次 等待 3 秒
2024-02-14 00:23:39 查询号码 【1683438】，返回信息 {"status":"ok","msg":"-","gid":"586576","time_insert":"2023-03-12 20:50"}
2024-02-14 00:23:39 查询号码 【1683438】，GSD为【"-"】
2024-02-14 00:23:39 ok && -
2024-02-14 00:23:42 CHB 1683438?1707841419 第 1 次 等待 3 秒
2024-02-14 00:23:45 CHB 1683438?1707841419 第 1 次 获取到号码【1683438】GSD
2024-02-14 00:23:45 未获取到号码【1683438】GSD，可能号码格式错误
2024-02-14 00:23:45 获取到号码【1683438】的GSD为【-】
2024-02-14 00:23:49 GSD insert 第 1 次 等待 3 秒
2024-02-14 00:23:52 {"status":"bad","gid":"586576","msg":"添加失败！号码【1683438(-|-)】已存在！"}
2024-02-14 00:23:52 随机等待 138 秒，约 2 分钟
2024-02-14 00:23:52 下次操作: 2024-02-14 00:26:10

2024-02-14 00:26:10 开始第 3527 次操作

2024-02-14 00:26:10 开始操作号码 【1683439】
2024-02-14 00:26:15 GSD getOne 第 1 次 等待 3 秒
2024-02-14 00:26:19 查询号码 【1683439】，返回信息 {"status":"ok","msg":"-","gid":"586606","time_insert":"2023-03-12 21:13"}
2024-02-14 00:26:19 查询号码 【1683439】，GSD为【"-"】
2024-02-14 00:26:19 ok && -
2024-02-14 00:26:24 CHB 1683439?1707841579 第 1 次 等待 3 秒
2024-02-14 00:26:27 CHB 1683439?1707841579 第 1 次 获取到号码【1683439】GSD
2024-02-14 00:26:27 未获取到号码【1683439】GSD，可能号码格式错误
2024-02-14 00:26:27 获取到号码【1683439】的GSD为【-】
2024-02-14 00:26:33 GSD insert 第 1 次 等待 3 秒
2024-02-14 00:26:36 {"status":"bad","gid":"586606","msg":"添加失败！号码【1683439(-|-)】已存在！"}
2024-02-14 00:26:36 随机等待 183 秒，约 3 分钟
2024-02-14 00:26:36 下次操作: 2024-02-14 00:29:39

2024-02-14 00:29:39 开始第 3528 次操作

2024-02-14 00:29:39 开始操作号码 【1683440】
2024-02-14 00:29:44 GSD getOne 第 1 次 等待 3 秒
2024-02-14 00:29:47 查询号码 【1683440】，返回信息 {"status":"ok","msg":"-","gid":"586638","time_insert":"2023-03-12 21:34"}
2024-02-14 00:29:47 查询号码 【1683440】，GSD为【"-"】
2024-02-14 00:29:47 ok && -
2024-02-14 00:29:50 CHB 1683440?1707841787 第 1 次 等待 3 秒
2024-02-14 00:29:53 CHB 1683440?1707841787 第 1 次 获取到号码【1683440】GSD
2024-02-14 00:29:53 未获取到号码【1683440】GSD，可能号码格式错误
2024-02-14 00:29:53 获取到号码【1683440】的GSD为【-】
2024-02-14 00:29:58 GSD insert 第 1 次 等待 3 秒
2024-02-14 00:30:01 {"status":"bad","gid":"586638","msg":"添加失败！号码【1683440(-|-)】已存在！"}

