2024-08-26 00:21:16 开始第 1153 次操作

2024-08-26 00:21:16 开始操作号码 【1351152】
2024-08-26 00:21:24 GSD getOne 第 1 次 等待 3 秒
2024-08-26 00:21:27 查询号码 【1351152】，返回信息 {"status":"ok","msg":"江苏-淮安","gid":"64366","time_insert":"2021-05-22 02:43"}
2024-08-26 00:21:27 查询号码 【1351152】，GSD为【"江苏-淮安"】

2024-08-26 00:21:28 开始第 1154 次操作

2024-08-26 00:21:28 开始操作号码 【1351153】
2024-08-26 00:21:37 GSD getOne 第 1 次 等待 3 秒
2024-08-26 00:21:40 查询号码 【1351153】，返回信息 {"status":"ok","msg":"江苏-淮安","gid":"64382","time_insert":"2021-05-22 03:10"}
2024-08-26 00:21:40 查询号码 【1351153】，GSD为【"江苏-淮安"】

2024-08-26 00:21:41 开始第 1155 次操作

2024-08-26 00:21:41 开始操作号码 【1351154】
2024-08-26 00:21:50 GSD getOne 第 1 次 等待 3 秒
2024-08-26 00:21:53 查询号码 【1351154】，返回信息 {"status":"ok","msg":"江苏-淮安","gid":"64397","time_insert":"2021-05-22 03:39"}
2024-08-26 00:21:53 查询号码 【1351154】，GSD为【"江苏-淮安"】

2024-08-26 00:21:54 开始第 1156 次操作

2024-08-26 00:21:54 开始操作号码 【1351155】
2024-08-26 00:22:02 GSD getOne 第 1 次 等待 3 秒
2024-08-26 00:22:05 查询号码 【1351155】，返回信息 {"status":"ok","msg":"江苏-淮安","gid":"64411","time_insert":"2021-05-22 04:02"}
2024-08-26 00:22:05 查询号码 【1351155】，GSD为【"江苏-淮安"】

