2021-07-17 00:00:50 开始第 17 次操作

2021-07-17 00:00:50 开始操作号码 【1493873】
2021-07-17 00:00:59 GSD getOne 第 1 次 等待 3 秒
2021-07-17 00:01:02 查询号码 【1493873】，返回信息 {"status":"bad","msg":""}
2021-07-17 00:01:03 查询号码 【1493873】，GSD为【""】
2021-07-17 00:01:03 bad
2021-07-17 00:01:05 CHB 1493873?1626451263 第 1 次 等待 3 秒
2021-07-17 00:01:08 CHB 1493873?1626451263 第 1 次 获取到号码【1493873】GSD
2021-07-17 00:01:08 未获取到号码【1493873】GSD，可能号码格式错误
2021-07-17 00:01:08 获取到号码【1493873】的GSD为【-】
2021-07-17 00:01:29 GSD insert 第 1 次 等待 3 秒
2021-07-17 00:01:32 {"status":"ok","gid":298075,"msg":"添加成功！"}
2021-07-17 00:01:32 下次操作: 2021-07-17 00:01:50

2021-07-17 00:01:50 开始第 18 次操作

2021-07-17 00:01:50 开始操作号码 【1493874】
2021-07-17 00:02:04 GSD getOne 第 1 次 等待 3 秒
2021-07-17 00:02:07 查询号码 【1493874】，返回信息 {"status":"bad","msg":""}
2021-07-17 00:02:08 查询号码 【1493874】，GSD为【""】
2021-07-17 00:02:08 bad
2021-07-17 00:02:09 CHB 1493874?1626451328 第 1 次 等待 3 秒
2021-07-17 00:02:12 CHB 1493874?1626451328 第 1 次 获取到号码【1493874】GSD
2021-07-17 00:02:12 未获取到号码【1493874】GSD，可能号码格式错误
2021-07-17 00:02:12 获取到号码【1493874】的GSD为【-】
2021-07-17 00:02:33 GSD insert 第 1 次 等待 3 秒
2021-07-17 00:02:36 {"status":"ok","gid":298085,"msg":"添加成功！"}
2021-07-17 00:02:36 下次操作: 2021-07-17 00:02:55

2021-07-17 00:02:55 开始第 19 次操作

2021-07-17 00:02:55 开始操作号码 【1493875】
2021-07-17 00:02:59 GSD getOne 第 1 次 等待 3 秒
2021-07-17 00:03:02 查询号码 【1493875】，返回信息 {"status":"bad","msg":""}
2021-07-17 00:03:02 查询号码 【1493875】，GSD为【""】
2021-07-17 00:03:02 bad
2021-07-17 00:03:04 CHB 1493875?1626451382 第 1 次 等待 3 秒
2021-07-17 00:03:07 CHB 1493875?1626451382 第 1 次 获取到号码【1493875】GSD
2021-07-17 00:03:07 未获取到号码【1493875】GSD，可能号码格式错误
2021-07-17 00:03:07 获取到号码【1493875】的GSD为【-】
2021-07-17 00:03:23 GSD insert 第 1 次 等待 3 秒
2021-07-17 00:03:26 {"status":"ok","gid":298096,"msg":"添加成功！"}
2021-07-17 00:03:26 下次操作: 2021-07-17 00:03:49

2021-07-17 00:03:49 开始第 20 次操作

2021-07-17 00:03:49 开始操作号码 【1493876】
2021-07-17 00:03:54 GSD getOne 第 1 次 等待 3 秒
2021-07-17 00:03:57 查询号码 【1493876】，返回信息 {"status":"bad","msg":""}
2021-07-17 00:03:57 查询号码 【1493876】，GSD为【""】
2021-07-17 00:03:57 bad
2021-07-17 00:03:58 CHB 1493876?1626451437 第 1 次 等待 3 秒
2021-07-17 00:04:01 CHB 1493876?1626451437 第 1 次 获取到号码【1493876】GSD
2021-07-17 00:04:02 未获取到号码【1493876】GSD，可能号码格式错误
2021-07-17 00:04:02 获取到号码【1493876】的GSD为【-】
2021-07-17 00:04:30 GSD insert 第 1 次 等待 3 秒
2021-07-17 00:04:33 {"status":"ok","gid":298106,"msg":"添加成功！"}
2021-07-17 00:04:33 下次操作: 2021-07-17 00:04:52

2021-07-17 00:04:52 开始第 21 次操作

2021-07-17 00:04:52 开始操作号码 【1493877】
2021-07-17 00:04:54 GSD getOne 第 1 次 等待 3 秒
2021-07-17 00:04:57 查询号码 【1493877】，返回信息 {"status":"bad","msg":""}
2021-07-17 00:04:57 查询号码 【1493877】，GSD为【""】
2021-07-17 00:04:57 bad
2021-07-17 00:05:04 CHB 1493877?1626451497 第 1 次 等待 3 秒
2021-07-17 00:05:07 CHB 1493877?1626451497 第 1 次 获取到号码【1493877】GSD
2021-07-17 00:05:07 未获取到号码【1493877】GSD，可能号码格式错误
2021-07-17 00:05:07 获取到号码【1493877】的GSD为【-】
2021-07-17 00:05:13 GSD insert 第 1 次 等待 3 秒
2021-07-17 00:05:16 {"status":"ok","gid":298113,"msg":"添加成功！"}
2021-07-17 00:05:16 下次操作: 2021-07-17 00:05:34

2021-07-17 00:05:34 开始第 22 次操作

2021-07-17 00:05:34 开始操作号码 【1493878】
2021-07-17 00:05:39 GSD getOne 第 1 次 等待 3 秒
2021-07-17 00:05:42 查询号码 【1493878】，返回信息 {"status":"bad","msg":""}
2021-07-17 00:05:42 查询号码 【1493878】，GSD为【""】
2021-07-17 00:05:42 bad
2021-07-17 00:05:44 CHB 1493878?1626451542 第 1 次 等待 3 秒
2021-07-17 00:05:47 CHB 1493878?1626451542 第 1 次 获取到号码【1493878】GSD
2021-07-17 00:05:47 未获取到号码【1493878】GSD，可能号码格式错误
2021-07-17 00:05:47 获取到号码【1493878】的GSD为【-】
2021-07-17 00:07:07 GSD insert 第 1 次 等待 3 秒
2021-07-17 00:07:10 {"status":"ok","gid":298128,"msg":"添加成功！"}
2021-07-17 00:07:10 下次操作: 2021-07-17 00:07:22

2021-07-17 00:07:22 开始第 23 次操作

2021-07-17 00:07:22 开始操作号码 【1493879】
2021-07-17 00:07:26 GSD getOne 第 1 次 等待 3 秒
2021-07-17 00:07:29 查询号码 【1493879】，返回信息 {"status":"bad","msg":""}
2021-07-17 00:07:29 查询号码 【1493879】，GSD为【""】
2021-07-17 00:07:29 bad
2021-07-17 00:07:31 CHB 1493879?1626451649 第 1 次 等待 3 秒
2021-07-17 00:07:34 CHB 1493879?1626451649 第 1 次 获取到号码【1493879】GSD
2021-07-17 00:07:34 未获取到号码【1493879】GSD，可能号码格式错误
2021-07-17 00:07:34 获取到号码【1493879】的GSD为【-】
2021-07-17 00:08:51 GSD insert 第 1 次 等待 3 秒
2021-07-17 00:08:54 {"status":"ok","gid":298139,"msg":"添加成功！"}
2021-07-17 00:08:54 下次操作: 2021-07-17 00:09:11

2021-07-17 00:09:11 开始第 24 次操作

2021-07-17 00:09:11 开始操作号码 【1493880】
2021-07-17 00:09:15 GSD getOne 第 1 次 等待 3 秒
2021-07-17 00:09:18 查询号码 【1493880】，返回信息 {"status":"bad","msg":""}
2021-07-17 00:09:18 查询号码 【1493880】，GSD为【""】
2021-07-17 00:09:18 bad
2021-07-17 00:09:21 CHB 1493880?1626451758 第 1 次 等待 3 秒
2021-07-17 00:09:24 CHB 1493880?1626451758 第 1 次 获取到号码【1493880】GSD
2021-07-17 00:09:24 未获取到号码【1493880】GSD，可能号码格式错误
2021-07-17 00:09:24 获取到号码【1493880】的GSD为【-】
2021-07-17 00:09:45 GSD insert 第 1 次 等待 3 秒
2021-07-17 00:09:48 {"status":"ok","gid":298151,"msg":"添加成功！"}
2021-07-17 00:09:48 下次操作: 2021-07-17 00:10:06

2021-07-17 00:10:06 开始第 25 次操作

2021-07-17 00:10:06 开始操作号码 【1493881】
2021-07-17 00:10:09 GSD getOne 第 1 次 等待 3 秒
2021-07-17 00:10:12 查询号码 【1493881】，返回信息 {"status":"bad","msg":""}
2021-07-17 00:10:12 查询号码 【1493881】，GSD为【""】
2021-07-17 00:10:12 bad
2021-07-17 00:10:14 CHB 1493881?1626451812 第 1 次 等待 3 秒
2021-07-17 00:10:17 CHB 1493881?1626451812 第 1 次 获取到号码【1493881】GSD
2021-07-17 00:10:17 未获取到号码【1493881】GSD，可能号码格式错误
2021-07-17 00:10:17 获取到号码【1493881】的GSD为【-】
2021-07-17 00:10:35 GSD insert 第 1 次 等待 3 秒
2021-07-17 00:10:38 {"status":"ok","gid":298160,"msg":"添加成功！"}
2021-07-17 00:10:38 下次操作: 2021-07-17 00:10:53

2021-07-17 00:10:53 开始第 26 次操作

2021-07-17 00:10:53 开始操作号码 【1493882】
2021-07-17 00:11:05 GSD getOne 第 1 次 等待 3 秒
2021-07-17 00:11:08 查询号码 【1493882】，返回信息 {"status":"bad","msg":""}
2021-07-17 00:11:08 查询号码 【1493882】，GSD为【""】
2021-07-17 00:11:08 bad
2021-07-17 00:11:22 CHB 1493882?1626451868 第 1 次 等待 3 秒
2021-07-17 00:11:25 CHB 1493882?1626451868 第 1 次 获取到号码【1493882】GSD
2021-07-17 00:11:25 未获取到号码【1493882】GSD，可能号码格式错误
2021-07-17 00:11:25 获取到号码【1493882】的GSD为【-】
2021-07-17 00:11:32 GSD insert 第 1 次 等待 3 秒
2021-07-17 00:11:35 {"status":"ok","gid":298168,"msg":"添加成功！"}
2021-07-17 00:11:35 下次操作: 2021-07-17 00:11:55

2021-07-17 00:11:55 开始第 27 次操作

2021-07-17 00:11:55 开始操作号码 【1493883】
2021-07-17 00:12:02 GSD getOne 第 1 次 等待 3 秒
2021-07-17 00:12:05 查询号码 【1493883】，返回信息 {"status":"bad","msg":""}
2021-07-17 00:12:06 查询号码 【1493883】，GSD为【""】
2021-07-17 00:12:06 bad
2021-07-17 00:12:48 CHB 1493883?1626451926 第 1 次 等待 3 秒
2021-07-17 00:12:51 CHB 1493883?1626451926 第 1 次 获取到号码【1493883】GSD
2021-07-17 00:12:51 未获取到号码【1493883】GSD，可能号码格式错误
2021-07-17 00:12:51 获取到号码【1493883】的GSD为【-】
2021-07-17 00:12:58 GSD insert 第 1 次 等待 3 秒
2021-07-17 00:13:01 {"status":"ok","gid":298177,"msg":"添加成功！"}
2021-07-17 00:13:01 下次操作: 2021-07-17 00:13:23

2021-07-17 00:13:23 开始第 28 次操作

2021-07-17 00:13:23 开始操作号码 【1493884】
2021-07-17 00:13:28 GSD getOne 第 1 次 等待 3 秒
2021-07-17 00:13:31 查询号码 【1493884】，返回信息 {"status":"bad","msg":""}
2021-07-17 00:13:31 查询号码 【1493884】，GSD为【""】
2021-07-17 00:13:31 bad
2021-07-17 00:13:37 CHB 1493884?1626452011 第 1 次 等待 3 秒
2021-07-17 00:13:40 CHB 1493884?1626452011 第 1 次 获取到号码【1493884】GSD
2021-07-17 00:13:40 未获取到号码【1493884】GSD，可能号码格式错误
2021-07-17 00:13:40 获取到号码【1493884】的GSD为【-】
2021-07-17 00:13:50 GSD insert 第 1 次 等待 3 秒
2021-07-17 00:13:53 {"status":"ok","gid":298187,"msg":"添加成功！"}
2021-07-17 00:13:53 下次操作: 2021-07-17 00:14:17

2021-07-17 00:14:17 开始第 29 次操作

2021-07-17 00:14:17 开始操作号码 【1493885】
2021-07-17 00:14:52 GSD getOne 第 1 次 等待 3 秒
2021-07-17 00:14:55 查询号码 【1493885】，返回信息 {"status":"bad","msg":""}
2021-07-17 00:14:55 查询号码 【1493885】，GSD为【""】
2021-07-17 00:14:55 bad
2021-07-17 00:14:57 CHB 1493885?1626452095 第 1 次 等待 3 秒
2021-07-17 00:15:00 CHB 1493885?1626452095 第 1 次 获取到号码【1493885】GSD
2021-07-17 00:15:00 未获取到号码【1493885】GSD，可能号码格式错误
2021-07-17 00:15:00 获取到号码【1493885】的GSD为【-】
2021-07-17 00:16:12 GSD insert 第 1 次 等待 3 秒
2021-07-17 00:16:15 {"status":"ok","gid":298202,"msg":"添加成功！"}
2021-07-17 00:16:16 下次操作: 2021-07-17 00:16:34

2021-07-17 00:16:34 开始第 30 次操作

2021-07-17 00:16:34 开始操作号码 【1493886】
2021-07-17 00:16:55 GSD getOne 第 1 次 等待 3 秒
2021-07-17 00:16:58 查询号码 【1493886】，返回信息 {"status":"bad","msg":""}
2021-07-17 00:16:59 查询号码 【1493886】，GSD为【""】
2021-07-17 00:16:59 bad
2021-07-17 00:17:02 CHB 1493886?1626452219 第 1 次 等待 3 秒
2021-07-17 00:17:05 CHB 1493886?1626452219 第 1 次 获取到号码【1493886】GSD
2021-07-17 00:17:05 未获取到号码【1493886】GSD，可能号码格式错误
2021-07-17 00:17:05 获取到号码【1493886】的GSD为【-】
2021-07-17 00:17:24 GSD insert 第 1 次 等待 3 秒
2021-07-17 00:17:27 {"status":"ok","gid":298205,"msg":"添加成功！"}
2021-07-17 00:17:27 下次操作: 2021-07-17 00:17:49

2021-07-17 00:17:49 开始第 31 次操作

2021-07-17 00:17:49 开始操作号码 【1493887】
2021-07-17 00:17:52 GSD getOne 第 1 次 等待 3 秒
2021-07-17 00:17:55 查询号码 【1493887】，返回信息 {"status":"bad","msg":""}
2021-07-17 00:17:55 查询号码 【1493887】，GSD为【""】
2021-07-17 00:17:55 bad
2021-07-17 00:18:01 CHB 1493887?1626452275 第 1 次 等待 3 秒
2021-07-17 00:18:04 CHB 1493887?1626452275 第 1 次 获取到号码【1493887】GSD
2021-07-17 00:18:04 未获取到号码【1493887】GSD，可能号码格式错误
2021-07-17 00:18:04 获取到号码【1493887】的GSD为【-】
2021-07-17 00:18:17 GSD insert 第 1 次 等待 3 秒
2021-07-17 00:18:20 {"status":"ok","gid":298217,"msg":"添加成功！"}
2021-07-17 00:18:20 下次操作: 2021-07-17 00:18:32

2021-07-17 00:18:32 开始第 32 次操作

2021-07-17 00:18:32 开始操作号码 【1493888】
2021-07-17 00:18:35 GSD getOne 第 1 次 等待 3 秒
2021-07-17 00:18:38 查询号码 【1493888】，返回信息 {"status":"bad","msg":""}
2021-07-17 00:18:38 查询号码 【1493888】，GSD为【""】
2021-07-17 00:18:38 bad
2021-07-17 00:18:42 CHB 1493888?1626452318 第 1 次 等待 3 秒
2021-07-17 00:18:45 CHB 1493888?1626452318 第 1 次 获取到号码【1493888】GSD
2021-07-17 00:18:45 未获取到号码【1493888】GSD，可能号码格式错误
2021-07-17 00:18:45 获取到号码【1493888】的GSD为【-】
2021-07-17 00:18:57 GSD insert 第 1 次 等待 3 秒
2021-07-17 00:19:00 {"status":"ok","gid":298226,"msg":"添加成功！"}
2021-07-17 00:19:00 下次操作: 2021-07-17 00:19:12

2021-07-17 00:19:12 开始第 33 次操作

2021-07-17 00:19:12 开始操作号码 【1493889】
2021-07-17 00:19:16 GSD getOne 第 1 次 等待 3 秒
2021-07-17 00:19:19 查询号码 【1493889】，返回信息 {"status":"bad","msg":""}
2021-07-17 00:19:19 查询号码 【1493889】，GSD为【""】
2021-07-17 00:19:19 bad
2021-07-17 00:19:24 CHB 1493889?1626452359 第 1 次 等待 3 秒
2021-07-17 00:19:27 CHB 1493889?1626452359 第 1 次 获取到号码【1493889】GSD
2021-07-17 00:19:27 未获取到号码【1493889】GSD，可能号码格式错误
2021-07-17 00:19:27 获取到号码【1493889】的GSD为【-】
2021-07-17 00:20:21 GSD insert 第 1 次 等待 3 秒
2021-07-17 00:20:24 {"status":"ok","gid":298237,"msg":"添加成功！"}
2021-07-17 00:20:24 下次操作: 2021-07-17 00:20:38

2021-07-17 00:20:38 开始第 34 次操作

2021-07-17 00:20:38 开始操作号码 【1493890】
2021-07-17 00:20:44 GSD getOne 第 1 次 等待 3 秒
2021-07-17 00:20:47 查询号码 【1493890】，返回信息 {"status":"bad","msg":""}
2021-07-17 00:20:47 查询号码 【1493890】，GSD为【""】
2021-07-17 00:20:47 bad
2021-07-17 00:20:54 CHB 1493890?1626452447 第 1 次 等待 3 秒
2021-07-17 00:20:57 CHB 1493890?1626452447 第 1 次 获取到号码【1493890】GSD
2021-07-17 00:20:57 未获取到号码【1493890】GSD，可能号码格式错误
2021-07-17 00:20:57 获取到号码【1493890】的GSD为【-】
2021-07-17 00:21:09 GSD insert 第 1 次 等待 3 秒
2021-07-17 00:21:12 {"status":"ok","gid":298242,"msg":"添加成功！"}
2021-07-17 00:21:12 下次操作: 2021-07-17 00:21:36

2021-07-17 00:21:36 开始第 35 次操作

2021-07-17 00:21:36 开始操作号码 【1493891】
2021-07-17 00:22:05 GSD getOne 第 1 次 等待 3 秒
2021-07-17 00:22:08 查询号码 【1493891】，返回信息 {"status":"bad","msg":""}
2021-07-17 00:22:08 查询号码 【1493891】，GSD为【""】
2021-07-17 00:22:08 bad
2021-07-17 00:22:12 CHB 1493891?1626452528 第 1 次 等待 3 秒
2021-07-17 00:22:15 CHB 1493891?1626452528 第 1 次 获取到号码【1493891】GSD
2021-07-17 00:22:15 未获取到号码【1493891】GSD，可能号码格式错误
2021-07-17 00:22:15 获取到号码【1493891】的GSD为【-】
2021-07-17 00:23:10 GSD insert 第 1 次 等待 3 秒
2021-07-17 00:23:13 {"status":"ok","gid":298253,"msg":"添加成功！"}
2021-07-17 00:23:13 下次操作: 2021-07-17 00:23:33

2021-07-17 00:23:33 开始第 36 次操作

2021-07-17 00:23:33 开始操作号码 【1493892】
2021-07-17 00:23:36 GSD getOne 第 1 次 等待 3 秒
2021-07-17 00:23:39 查询号码 【1493892】，返回信息 {"status":"bad","msg":""}
2021-07-17 00:23:39 查询号码 【1493892】，GSD为【""】
2021-07-17 00:23:39 bad
2021-07-17 00:23:45 CHB 1493892?1626452619 第 1 次 等待 3 秒
2021-07-17 00:23:48 CHB 1493892?1626452619 第 1 次 获取到号码【1493892】GSD
2021-07-17 00:23:48 未获取到号码【1493892】GSD，可能号码格式错误
2021-07-17 00:23:48 获取到号码【1493892】的GSD为【-】
2021-07-17 00:23:58 GSD insert 第 1 次 等待 3 秒
2021-07-17 00:24:01 {"status":"ok","gid":298262,"msg":"添加成功！"}
2021-07-17 00:24:01 下次操作: 2021-07-17 00:24:24

2021-07-17 00:24:24 开始第 37 次操作

2021-07-17 00:24:24 开始操作号码 【1493893】
2021-07-17 00:24:30 GSD getOne 第 1 次 等待 3 秒
2021-07-17 00:24:33 查询号码 【1493893】，返回信息 {"status":"bad","msg":""}
2021-07-17 00:24:33 查询号码 【1493893】，GSD为【""】
2021-07-17 00:24:33 bad
2021-07-17 00:24:35 CHB 1493893?1626452673 第 1 次 等待 3 秒
2021-07-17 00:24:38 CHB 1493893?1626452673 第 1 次 获取到号码【1493893】GSD
2021-07-17 00:24:38 未获取到号码【1493893】GSD，可能号码格式错误
2021-07-17 00:24:38 获取到号码【1493893】的GSD为【-】
2021-07-17 00:24:58 GSD insert 第 1 次 等待 3 秒
2021-07-17 00:25:01 {"status":"ok","gid":298272,"msg":"添加成功！"}
2021-07-17 00:25:01 下次操作: 2021-07-17 00:25:25

2021-07-17 00:25:25 开始第 38 次操作

2021-07-17 00:25:25 开始操作号码 【1493894】
2021-07-17 00:25:27 GSD getOne 第 1 次 等待 3 秒
2021-07-17 00:25:30 查询号码 【1493894】，返回信息 {"status":"bad","msg":""}
2021-07-17 00:25:30 查询号码 【1493894】，GSD为【""】
2021-07-17 00:25:30 bad
2021-07-17 00:25:33 CHB 1493894?1626452730 第 1 次 等待 3 秒
2021-07-17 00:25:36 CHB 1493894?1626452730 第 1 次 获取到号码【1493894】GSD
2021-07-17 00:25:37 未获取到号码【1493894】GSD，可能号码格式错误
2021-07-17 00:25:37 获取到号码【1493894】的GSD为【-】
2021-07-17 00:25:52 GSD insert 第 1 次 等待 3 秒
2021-07-17 00:25:55 {"status":"ok","gid":298282,"msg":"添加成功！"}
2021-07-17 00:25:55 下次操作: 2021-07-17 00:26:14

2021-07-17 00:26:14 开始第 39 次操作

2021-07-17 00:26:14 开始操作号码 【1493895】
2021-07-17 00:26:18 GSD getOne 第 1 次 等待 3 秒
2021-07-17 00:26:21 查询号码 【1493895】，返回信息 {"status":"bad","msg":""}
2021-07-17 00:26:21 查询号码 【1493895】，GSD为【""】
2021-07-17 00:26:21 bad
2021-07-17 00:26:25 CHB 1493895?1626452781 第 1 次 等待 3 秒
2021-07-17 00:26:28 CHB 1493895?1626452781 第 1 次 获取到号码【1493895】GSD
2021-07-17 00:26:28 未获取到号码【1493895】GSD，可能号码格式错误
2021-07-17 00:26:28 获取到号码【1493895】的GSD为【-】
2021-07-17 00:26:47 GSD insert 第 1 次 等待 3 秒
2021-07-17 00:26:50 {"status":"ok","gid":298288,"msg":"添加成功！"}
2021-07-17 00:26:50 下次操作: 2021-07-17 00:27:07

2021-07-17 00:27:07 开始第 40 次操作

2021-07-17 00:27:07 开始操作号码 【1493896】
2021-07-17 00:27:09 GSD getOne 第 1 次 等待 3 秒
2021-07-17 00:27:12 查询号码 【1493896】，返回信息 {"status":"bad","msg":""}
2021-07-17 00:27:12 查询号码 【1493896】，GSD为【""】
2021-07-17 00:27:12 bad
2021-07-17 00:27:14 CHB 1493896?1626452832 第 1 次 等待 3 秒
2021-07-17 00:27:17 CHB 1493896?1626452832 第 1 次 获取到号码【1493896】GSD
2021-07-17 00:27:17 未获取到号码【1493896】GSD，可能号码格式错误
2021-07-17 00:27:17 获取到号码【1493896】的GSD为【-】
2021-07-17 00:27:36 GSD insert 第 1 次 等待 3 秒
2021-07-17 00:27:39 {"status":"ok","gid":298293,"msg":"添加成功！"}

