2024-10-07 00:22:39 开始第 8361 次操作

2024-10-07 00:22:39 开始操作号码 【1358360】
2024-10-07 00:22:41 GSD getOne 第 1 次 等待 3 秒
2024-10-07 00:22:44 查询号码 【1358360】，返回信息 {"status":"ok","msg":"山东-潍坊","gid":"316865","time_insert":"2021-07-18 16:59"}
2024-10-07 00:22:44 查询号码 【1358360】，GSD为【"山东-潍坊"】

2024-10-07 00:22:45 开始第 8362 次操作

2024-10-07 00:22:45 开始操作号码 【1358361】
2024-10-07 00:22:47 GSD getOne 第 1 次 等待 3 秒
2024-10-07 00:22:50 查询号码 【1358361】，返回信息 {"status":"ok","msg":"山东-潍坊","gid":"316855","time_insert":"2021-07-18 16:58"}
2024-10-07 00:22:50 查询号码 【1358361】，GSD为【"山东-潍坊"】

2024-10-07 00:22:51 开始第 8363 次操作

2024-10-07 00:22:51 开始操作号码 【1358362】
2024-10-07 00:22:53 GSD getOne 第 1 次 等待 3 秒
2024-10-07 00:22:56 查询号码 【1358362】，返回信息 {"status":"ok","msg":"山东-潍坊","gid":"316842","time_insert":"2021-07-18 16:57"}
2024-10-07 00:22:56 查询号码 【1358362】，GSD为【"山东-潍坊"】

2024-10-07 00:22:57 开始第 8364 次操作

2024-10-07 00:22:57 开始操作号码 【1358363】
2024-10-07 00:23:01 GSD getOne 第 1 次 等待 3 秒
2024-10-07 00:23:04 查询号码 【1358363】，返回信息 {"status":"ok","msg":"山东-潍坊","gid":"316831","time_insert":"2021-07-18 16:57"}
2024-10-07 00:23:04 查询号码 【1358363】，GSD为【"山东-潍坊"】

2024-10-07 00:42:17 开始第 8365 次操作

2024-10-07 00:42:17 开始操作号码 【1358364】
2024-10-07 00:42:19 GSD getOne 第 1 次 等待 3 秒
2024-10-07 00:42:22 查询号码 【1358364】，返回信息 {"status":"ok","msg":"山东-潍坊","gid":"6975","time_insert":"2017-07-04 23:05","time_update":"2020-09-10 21:47"}
2024-10-07 00:42:22 查询号码 【1358364】，GSD为【"山东-潍坊"】

2024-10-07 00:42:23 开始第 8366 次操作

2024-10-07 00:42:23 开始操作号码 【1358365】
2024-10-07 00:42:27 GSD getOne 第 1 次 等待 3 秒
2024-10-07 00:42:30 查询号码 【1358365】，返回信息 {"status":"ok","msg":"山东-潍坊","gid":"316821","time_insert":"2021-07-18 16:56"}
2024-10-07 00:42:30 查询号码 【1358365】，GSD为【"山东-潍坊"】

2024-10-07 00:42:31 开始第 8367 次操作

2024-10-07 00:42:31 开始操作号码 【1358366】
2024-10-07 00:42:33 GSD getOne 第 1 次 等待 3 秒
2024-10-07 00:42:36 查询号码 【1358366】，返回信息 {"status":"ok","msg":"山东-潍坊","gid":"316813","time_insert":"2021-07-18 16:56"}
2024-10-07 00:42:36 查询号码 【1358366】，GSD为【"山东-潍坊"】

2024-10-07 00:42:37 开始第 8368 次操作

2024-10-07 00:42:37 开始操作号码 【1358367】
2024-10-07 00:42:39 GSD getOne 第 1 次 等待 3 秒
2024-10-07 00:42:42 查询号码 【1358367】，返回信息 {"status":"ok","msg":"山东-潍坊","gid":"316801","time_insert":"2021-07-18 16:55"}
2024-10-07 00:42:42 查询号码 【1358367】，GSD为【"山东-潍坊"】

