2024-07-29 00:24:00 开始第 8437 次操作

2024-07-29 00:24:00 开始操作号码 【1468339】
2024-07-29 00:24:12 GSD getOne 第 1 次 等待 3 秒
2024-07-29 00:24:15 查询号码 【1468339】，返回信息 {"status":"ok","msg":"江苏-南京","gid":"373174","time_insert":"2021-07-24 03:47","time_update":"2023-05-22 04:53"}
2024-07-29 00:24:15 查询号码 【1468339】，GSD为【"江苏-南京"】

2024-07-29 00:24:16 开始第 8438 次操作

2024-07-29 00:24:16 开始操作号码 【1468340】
2024-07-29 00:24:24 GSD getOne 第 1 次 等待 3 秒
2024-07-29 00:24:27 查询号码 【1468340】，返回信息 {"status":"ok","msg":"江苏-南京","gid":"373161","time_insert":"2021-07-24 03:47","time_update":"2023-05-22 05:01"}
2024-07-29 00:24:27 查询号码 【1468340】，GSD为【"江苏-南京"】

2024-07-29 00:24:28 开始第 8439 次操作

2024-07-29 00:24:28 开始操作号码 【1468341】
2024-07-29 00:24:35 GSD getOne 第 1 次 等待 3 秒
2024-07-29 00:24:38 查询号码 【1468341】，返回信息 {"status":"ok","msg":"江苏-南京","gid":"373156","time_insert":"2021-07-24 03:46","time_update":"2023-05-22 05:07"}
2024-07-29 00:24:38 查询号码 【1468341】，GSD为【"江苏-南京"】

2024-07-29 00:24:39 开始第 8440 次操作

2024-07-29 00:24:39 开始操作号码 【1468342】
2024-07-29 00:25:26 GSD getOne 第 1 次 等待 3 秒
2024-07-29 00:25:29 查询号码 【1468342】，返回信息 {"status":"ok","msg":"江苏-南京","gid":"373146","time_insert":"2021-07-24 03:46","time_update":"2023-05-22 05:10"}
2024-07-29 00:25:29 查询号码 【1468342】，GSD为【"江苏-南京"】

