2024-09-06 00:24:11 开始第 3049 次操作

2024-09-06 00:24:11 开始操作号码 【1353048】
2024-09-06 00:24:19 GSD getOne 第 1 次 等待 3 秒
2024-09-06 00:24:22 查询号码 【1353048】，返回信息 {"status":"ok","msg":"广东-深圳","gid":"95501","time_insert":"2021-06-14 00:28"}
2024-09-06 00:24:22 查询号码 【1353048】，GSD为【"广东-深圳"】

2024-09-06 00:24:23 开始第 3050 次操作

2024-09-06 00:24:23 开始操作号码 【1353049】
2024-09-06 00:24:31 GSD getOne 第 1 次 等待 3 秒
2024-09-06 00:24:34 查询号码 【1353049】，返回信息 {"status":"ok","msg":"广东-深圳","gid":"95524","time_insert":"2021-06-14 00:49"}
2024-09-06 00:24:34 查询号码 【1353049】，GSD为【"广东-深圳"】

2024-09-06 00:24:35 开始第 3051 次操作

2024-09-06 00:24:35 开始操作号码 【1353050】
2024-09-06 00:24:45 GSD getOne 第 1 次 等待 3 秒
2024-09-06 00:24:48 查询号码 【1353050】，返回信息 {"status":"ok","msg":"广东-深圳","gid":"95546","time_insert":"2021-06-14 01:08"}
2024-09-06 00:24:48 查询号码 【1353050】，GSD为【"广东-深圳"】

2024-09-06 00:24:49 开始第 3052 次操作

2024-09-06 00:24:49 开始操作号码 【1353051】
2024-09-06 00:24:57 GSD getOne 第 1 次 等待 3 秒
2024-09-06 00:25:00 查询号码 【1353051】，返回信息 {"status":"ok","msg":"广东-深圳","gid":"5567","time_insert":"2018-05-30 16:09","time_update":"2020-09-26 03:18"}
2024-09-06 00:25:00 查询号码 【1353051】，GSD为【"广东-深圳"】

