2023-12-31 00:21:37 开始第 6017 次操作

2023-12-31 00:21:37 开始操作号码 【1795930】
2023-12-31 00:21:41 GSD getOne 第 1 次 等待 3 秒
2023-12-31 00:21:44 查询号码 【1795930】，返回信息 {"status":"ok","msg":"-","gid":"664647","time_insert":"2023-04-19 16:48"}
2023-12-31 00:21:44 查询号码 【1795930】，GSD为【"-"】
2023-12-31 00:21:44 ok && -
2023-12-31 00:21:47 CHB 1795930?1703953304 第 1 次 等待 3 秒
2023-12-31 00:21:50 CHB 1795930?1703953304 第 1 次 获取到号码【1795930】GSD
2023-12-31 00:21:50 未获取到号码【1795930】GSD，可能号码格式错误
2023-12-31 00:21:50 获取到号码【1795930】的GSD为【-】
2023-12-31 00:21:54 GSD insert 第 1 次 等待 3 秒
2023-12-31 00:21:57 {"status":"bad","gid":"664647","msg":"添加失败！号码【1795930(-|-)】已存在！"}
2023-12-31 00:21:57 随机等待 111 秒，约 1 分钟
2023-12-31 00:21:57 下次操作: 2023-12-31 00:23:48

2023-12-31 00:23:48 开始第 6018 次操作

2023-12-31 00:23:48 开始操作号码 【1795931】
2023-12-31 00:23:51 GSD getOne 第 1 次 等待 3 秒
2023-12-31 00:23:54 查询号码 【1795931】，返回信息 {"status":"ok","msg":"-","gid":"664675","time_insert":"2023-04-19 17:05"}
2023-12-31 00:23:54 查询号码 【1795931】，GSD为【"-"】
2023-12-31 00:23:54 ok && -
2023-12-31 00:23:56 CHB 1795931?1703953434 第 1 次 等待 3 秒
2023-12-31 00:23:59 CHB 1795931?1703953434 第 1 次 获取到号码【1795931】GSD
2023-12-31 00:23:59 未获取到号码【1795931】GSD，可能号码格式错误
2023-12-31 00:23:59 获取到号码【1795931】的GSD为【-】
2023-12-31 00:24:03 GSD insert 第 1 次 等待 3 秒
2023-12-31 00:24:06 {"status":"bad","gid":"664675","msg":"添加失败！号码【1795931(-|-)】已存在！"}
2023-12-31 00:24:06 随机等待 96 秒，约 1 分钟
2023-12-31 00:24:06 下次操作: 2023-12-31 00:25:42

2023-12-31 00:25:42 开始第 6019 次操作

2023-12-31 00:25:42 开始操作号码 【1795932】
2023-12-31 00:25:45 GSD getOne 第 1 次 等待 3 秒
2023-12-31 00:25:48 查询号码 【1795932】，返回信息 {"status":"ok","msg":"-","gid":"664703","time_insert":"2023-04-19 17:22"}
2023-12-31 00:25:48 查询号码 【1795932】，GSD为【"-"】
2023-12-31 00:25:48 ok && -
2023-12-31 00:25:50 CHB 1795932?1703953548 第 1 次 等待 3 秒
2023-12-31 00:25:53 CHB 1795932?1703953548 第 1 次 获取到号码【1795932】GSD
2023-12-31 00:25:53 未获取到号码【1795932】GSD，可能号码格式错误
2023-12-31 00:25:53 获取到号码【1795932】的GSD为【-】
2023-12-31 00:25:56 GSD insert 第 1 次 等待 3 秒
2023-12-31 00:25:59 {"status":"bad","gid":"664703","msg":"添加失败！号码【1795932(-|-)】已存在！"}
2023-12-31 00:25:59 随机等待 215 秒，约 3 分钟
2023-12-31 00:25:59 下次操作: 2023-12-31 00:29:34

2023-12-31 00:29:34 开始第 6020 次操作

2023-12-31 00:29:34 开始操作号码 【1795933】
2023-12-31 00:29:38 GSD getOne 第 1 次 等待 3 秒
2023-12-31 00:29:41 查询号码 【1795933】，返回信息 {"status":"ok","msg":"-","gid":"664730","time_insert":"2023-04-19 17:39"}
2023-12-31 00:29:41 查询号码 【1795933】，GSD为【"-"】
2023-12-31 00:29:41 ok && -
2023-12-31 00:29:44 CHB 1795933?1703953781 第 1 次 等待 3 秒
2023-12-31 00:29:47 CHB 1795933?1703953781 第 1 次 获取到号码【1795933】GSD
2023-12-31 00:29:47 未获取到号码【1795933】GSD，可能号码格式错误
2023-12-31 00:29:47 获取到号码【1795933】的GSD为【-】
2023-12-31 00:29:53 GSD insert 第 1 次 等待 3 秒
2023-12-31 00:29:56 {"status":"bad","gid":"664730","msg":"添加失败！号码【1795933(-|-)】已存在！"}

2023-12-31 00:39:35 开始第 6021 次操作

2023-12-31 00:39:35 开始操作号码 【1795934】
2023-12-31 00:39:41 GSD getOne 第 1 次 等待 3 秒
2023-12-31 00:39:44 查询号码 【1795934】，返回信息 {"status":"ok","msg":"-","gid":"664760","time_insert":"2023-04-19 17:56"}
2023-12-31 00:39:44 查询号码 【1795934】，GSD为【"-"】
2023-12-31 00:39:44 ok && -
2023-12-31 00:39:48 CHB 1795934?1703954384 第 1 次 等待 3 秒
2023-12-31 00:39:51 CHB 1795934?1703954384 第 1 次 获取到号码【1795934】GSD
2023-12-31 00:39:51 未获取到号码【1795934】GSD，可能号码格式错误
2023-12-31 00:39:51 获取到号码【1795934】的GSD为【-】
2023-12-31 00:39:55 GSD insert 第 1 次 等待 3 秒
2023-12-31 00:39:58 {"status":"bad","gid":"664760","msg":"添加失败！号码【1795934(-|-)】已存在！"}
2023-12-31 00:39:58 随机等待 171 秒，约 2 分钟
2023-12-31 00:39:58 下次操作: 2023-12-31 00:42:49

2023-12-31 00:42:49 开始第 6022 次操作

2023-12-31 00:42:49 开始操作号码 【1795935】
2023-12-31 00:42:52 GSD getOne 第 1 次 等待 3 秒
2023-12-31 00:42:55 查询号码 【1795935】，返回信息 {"status":"ok","msg":"-","gid":"664782","time_insert":"2023-04-19 18:14"}
2023-12-31 00:42:55 查询号码 【1795935】，GSD为【"-"】
2023-12-31 00:42:55 ok && -
2023-12-31 00:42:58 CHB 1795935?1703954575 第 1 次 等待 3 秒
2023-12-31 00:43:01 CHB 1795935?1703954575 第 1 次 获取到号码【1795935】GSD
2023-12-31 00:43:01 未获取到号码【1795935】GSD，可能号码格式错误
2023-12-31 00:43:01 获取到号码【1795935】的GSD为【-】
2023-12-31 00:43:06 GSD insert 第 1 次 等待 3 秒
2023-12-31 00:43:09 {"status":"bad","gid":"664782","msg":"添加失败！号码【1795935(-|-)】已存在！"}
2023-12-31 00:43:09 随机等待 128 秒，约 2 分钟
2023-12-31 00:43:09 下次操作: 2023-12-31 00:45:17

2023-12-31 00:45:18 开始第 6023 次操作

2023-12-31 00:45:18 开始操作号码 【1795936】
2023-12-31 00:45:23 GSD getOne 第 1 次 等待 3 秒
2023-12-31 00:45:26 查询号码 【1795936】，返回信息 {"status":"ok","msg":"-","gid":"664812","time_insert":"2023-04-19 18:32"}
2023-12-31 00:45:26 查询号码 【1795936】，GSD为【"-"】
2023-12-31 00:45:26 ok && -
2023-12-31 00:45:30 CHB 1795936?1703954726 第 1 次 等待 3 秒
2023-12-31 00:45:33 CHB 1795936?1703954726 第 1 次 获取到号码【1795936】GSD
2023-12-31 00:45:33 未获取到号码【1795936】GSD，可能号码格式错误
2023-12-31 00:45:33 获取到号码【1795936】的GSD为【-】
2023-12-31 00:45:37 GSD insert 第 1 次 等待 3 秒
2023-12-31 00:45:40 {"status":"bad","gid":"664812","msg":"添加失败！号码【1795936(-|-)】已存在！"}
2023-12-31 00:45:40 随机等待 141 秒，约 2 分钟
2023-12-31 00:45:40 下次操作: 2023-12-31 00:48:01

2023-12-31 00:48:01 开始第 6024 次操作

2023-12-31 00:48:01 开始操作号码 【1795937】
2023-12-31 00:48:04 GSD getOne 第 1 次 等待 3 秒
2023-12-31 00:48:07 查询号码 【1795937】，返回信息 {"status":"ok","msg":"-","gid":"664843","time_insert":"2023-04-19 18:51"}
2023-12-31 00:48:07 查询号码 【1795937】，GSD为【"-"】
2023-12-31 00:48:07 ok && -
2023-12-31 00:48:09 CHB 1795937?1703954887 第 1 次 等待 3 秒
2023-12-31 00:48:12 CHB 1795937?1703954887 第 1 次 获取到号码【1795937】GSD
2023-12-31 00:48:12 未获取到号码【1795937】GSD，可能号码格式错误
2023-12-31 00:48:12 获取到号码【1795937】的GSD为【-】
2023-12-31 00:48:15 GSD insert 第 1 次 等待 3 秒
2023-12-31 00:48:18 {"status":"bad","gid":"664843","msg":"添加失败！号码【1795937(-|-)】已存在！"}

