2023-10-15 00:19:48 开始第 3101 次操作

2023-10-15 00:19:48 开始操作号码 【1893067】
2023-10-15 00:19:54 GSD getOne 第 1 次 等待 3 秒
2023-10-15 00:19:57 查询号码 【1893067】，返回信息 {"status":"ok","msg":"上海-上海","gid":"501244","time_insert":"2021-08-09 23:51"}
2023-10-15 00:19:57 查询号码 【1893067】，GSD为【"上海-上海"】

2023-10-15 00:19:58 开始第 3102 次操作

2023-10-15 00:19:58 开始操作号码 【1893068】
2023-10-15 00:20:00 GSD getOne 第 1 次 等待 3 秒
2023-10-15 00:20:03 查询号码 【1893068】，返回信息 {"status":"ok","msg":"上海-上海","gid":"501247","time_insert":"2021-08-09 23:53"}
2023-10-15 00:20:03 查询号码 【1893068】，GSD为【"上海-上海"】

2023-10-15 00:20:05 开始第 3103 次操作

2023-10-15 00:20:05 开始操作号码 【1893069】
2023-10-15 00:20:08 GSD getOne 第 1 次 等待 3 秒
2023-10-15 00:20:11 查询号码 【1893069】，返回信息 {"status":"ok","msg":"上海-上海","gid":"501250","time_insert":"2021-08-09 23:59"}
2023-10-15 00:20:11 查询号码 【1893069】，GSD为【"上海-上海"】

2023-10-15 00:20:12 开始第 3104 次操作

2023-10-15 00:20:12 开始操作号码 【1893070】
2023-10-15 00:20:15 GSD getOne 第 1 次 等待 3 秒
2023-10-15 00:20:18 查询号码 【1893070】，返回信息 {"status":"ok","msg":"上海-上海","gid":"501252","time_insert":"2021-08-10 00:01"}
2023-10-15 00:20:18 查询号码 【1893070】，GSD为【"上海-上海"】

2023-10-15 00:37:55 开始第 3105 次操作

2023-10-15 00:37:55 开始操作号码 【1893071】
2023-10-15 00:37:58 GSD getOne 第 1 次 等待 3 秒
2023-10-15 00:38:01 查询号码 【1893071】，返回信息 {"status":"ok","msg":"上海-上海","gid":"501256","time_insert":"2021-08-10 00:06"}
2023-10-15 00:38:01 查询号码 【1893071】，GSD为【"上海-上海"】

2023-10-15 00:38:02 开始第 3106 次操作

2023-10-15 00:38:02 开始操作号码 【1893072】
2023-10-15 00:38:07 GSD getOne 第 1 次 等待 3 秒
2023-10-15 00:38:11 查询号码 【1893072】，返回信息 {"status":"ok","msg":"上海-上海","gid":"501261","time_insert":"2021-08-10 00:15"}
2023-10-15 00:38:11 查询号码 【1893072】，GSD为【"上海-上海"】

2023-10-15 00:38:12 开始第 3107 次操作

2023-10-15 00:38:12 开始操作号码 【1893073】
2023-10-15 00:38:15 GSD getOne 第 1 次 等待 3 秒
2023-10-15 00:38:18 查询号码 【1893073】，返回信息 {"status":"ok","msg":"上海-上海","gid":"45111","time_insert":"2014-11-19 14:06","time_update":"2020-12-30 00:59"}
2023-10-15 00:38:18 查询号码 【1893073】，GSD为【"上海-上海"】

2023-10-15 00:38:19 开始第 3108 次操作

2023-10-15 00:38:19 开始操作号码 【1893074】
2023-10-15 00:38:22 GSD getOne 第 1 次 等待 3 秒
2023-10-15 00:38:25 查询号码 【1893074】，返回信息 {"status":"ok","msg":"上海-上海","gid":"501263","time_insert":"2021-08-10 00:18"}
2023-10-15 00:38:25 查询号码 【1893074】，GSD为【"上海-上海"】

