2023-12-09 00:22:39 开始第 2125 次操作

2023-12-09 00:22:39 开始操作号码 【1792039】
2023-12-09 00:22:44 GSD getOne 第 1 次 等待 3 秒
2023-12-09 00:22:47 查询号码 【1792039】，返回信息 {"status":"ok","msg":"-","gid":"589290","time_insert":"2023-03-14 02:58"}
2023-12-09 00:22:47 查询号码 【1792039】，GSD为【"-"】
2023-12-09 00:22:47 ok && -
2023-12-09 00:22:53 CHB 1792039?1702052567 第 1 次 等待 3 秒
2023-12-09 00:22:56 CHB 1792039?1702052567 第 1 次 获取到号码【1792039】GSD
2023-12-09 00:22:56 未获取到号码【1792039】GSD，可能号码格式错误
2023-12-09 00:22:56 获取到号码【1792039】的GSD为【-】
2023-12-09 00:23:00 GSD insert 第 1 次 等待 3 秒
2023-12-09 00:23:03 {"status":"bad","gid":"589290","msg":"添加失败！号码【1792039(-|-)】已存在！"}
2023-12-09 00:23:03 随机等待 194 秒，约 3 分钟
2023-12-09 00:23:03 下次操作: 2023-12-09 00:26:17

2023-12-09 00:26:17 开始第 2126 次操作

2023-12-09 00:26:17 开始操作号码 【1792040】
2023-12-09 00:26:20 GSD getOne 第 1 次 等待 3 秒
2023-12-09 00:26:23 查询号码 【1792040】，返回信息 {"status":"ok","msg":"-","gid":"589314","time_insert":"2023-03-14 03:15"}
2023-12-09 00:26:23 查询号码 【1792040】，GSD为【"-"】
2023-12-09 00:26:23 ok && -
2023-12-09 00:26:25 CHB 1792040?1702052783 第 1 次 等待 3 秒
2023-12-09 00:26:28 CHB 1792040?1702052783 第 1 次 获取到号码【1792040】GSD
2023-12-09 00:26:28 未获取到号码【1792040】GSD，可能号码格式错误
2023-12-09 00:26:28 获取到号码【1792040】的GSD为【-】
2023-12-09 00:26:32 GSD insert 第 1 次 等待 3 秒
2023-12-09 00:26:35 {"status":"bad","gid":"589314","msg":"添加失败！号码【1792040(-|-)】已存在！"}
2023-12-09 00:26:35 随机等待 134 秒，约 2 分钟
2023-12-09 00:26:35 下次操作: 2023-12-09 00:28:49

2023-12-09 00:28:49 开始第 2127 次操作

2023-12-09 00:28:49 开始操作号码 【1792041】
2023-12-09 00:28:53 GSD getOne 第 1 次 等待 3 秒
2023-12-09 00:28:56 查询号码 【1792041】，返回信息 {"status":"ok","msg":"-","gid":"589346","time_insert":"2023-03-14 03:33"}
2023-12-09 00:28:56 查询号码 【1792041】，GSD为【"-"】
2023-12-09 00:28:56 ok && -
2023-12-09 00:28:58 CHB 1792041?1702052936 第 1 次 等待 3 秒
2023-12-09 00:29:01 CHB 1792041?1702052936 第 1 次 获取到号码【1792041】GSD
2023-12-09 00:29:01 未获取到号码【1792041】GSD，可能号码格式错误
2023-12-09 00:29:01 获取到号码【1792041】的GSD为【-】
2023-12-09 00:29:08 GSD insert 第 1 次 等待 3 秒
2023-12-09 00:29:11 {"status":"bad","gid":"589346","msg":"添加失败！号码【1792041(-|-)】已存在！"}
2023-12-09 00:29:11 随机等待 153 秒，约 2 分钟
2023-12-09 00:29:11 下次操作: 2023-12-09 00:31:44

2023-12-09 00:31:44 开始第 2128 次操作

2023-12-09 00:31:44 开始操作号码 【1792042】
2023-12-09 00:32:00 GSD getOne 第 1 次 等待 3 秒
2023-12-09 00:32:03 查询号码 【1792042】，返回信息 {"status":"ok","msg":"-","gid":"589384","time_insert":"2023-03-14 03:54"}
2023-12-09 00:32:03 查询号码 【1792042】，GSD为【"-"】
2023-12-09 00:32:03 ok && -
2023-12-09 00:32:05 CHB 1792042?1702053123 第 1 次 等待 3 秒
2023-12-09 00:32:08 CHB 1792042?1702053123 第 1 次 获取到号码【1792042】GSD
2023-12-09 00:32:08 未获取到号码【1792042】GSD，可能号码格式错误
2023-12-09 00:32:08 获取到号码【1792042】的GSD为【-】
2023-12-09 00:32:11 GSD insert 第 1 次 等待 3 秒
2023-12-09 00:32:14 {"status":"bad","gid":"589384","msg":"添加失败！号码【1792042(-|-)】已存在！"}

