2024-08-23 00:25:55 开始第 633 次操作

2024-08-23 00:25:55 开始操作号码 【1350632】
2024-08-23 00:26:06 GSD getOne 第 1 次 等待 3 秒
2024-08-23 00:26:09 查询号码 【1350632】，返回信息 {"status":"ok","msg":"山东-枣庄","gid":"58955","time_insert":"2021-05-15 02:58"}
2024-08-23 00:26:09 查询号码 【1350632】，GSD为【"山东-枣庄"】

2024-08-23 00:26:10 开始第 634 次操作

2024-08-23 00:26:10 开始操作号码 【1350633】
2024-08-23 00:26:18 GSD getOne 第 1 次 等待 3 秒
2024-08-23 00:26:21 查询号码 【1350633】，返回信息 {"status":"ok","msg":"山东-日照","gid":"58970","time_insert":"2021-05-15 03:28"}
2024-08-23 00:26:21 查询号码 【1350633】，GSD为【"山东-日照"】

2024-08-23 00:26:22 开始第 635 次操作

2024-08-23 00:26:22 开始操作号码 【1350634】
2024-08-23 00:26:31 GSD getOne 第 1 次 等待 3 秒
2024-08-23 00:26:34 查询号码 【1350634】，返回信息 {"status":"ok","msg":"山东-莱芜","gid":"58981","time_insert":"2021-05-15 03:52"}
2024-08-23 00:26:34 查询号码 【1350634】，GSD为【"山东-莱芜"】

2024-08-23 00:26:35 开始第 636 次操作

2024-08-23 00:26:35 开始操作号码 【1350635】
2024-08-23 00:26:43 GSD getOne 第 1 次 等待 3 秒
2024-08-23 00:26:46 查询号码 【1350635】，返回信息 {"status":"ok","msg":"山东-聊城","gid":"58990","time_insert":"2021-05-15 04:13"}
2024-08-23 00:26:46 查询号码 【1350635】，GSD为【"山东-聊城"】

2024-08-23 01:17:17 开始第 637 次操作

2024-08-23 01:17:17 开始操作号码 【1350636】
2024-08-23 01:17:26 GSD getOne 第 1 次 等待 3 秒
2024-08-23 01:17:29 查询号码 【1350636】，返回信息 {"status":"ok","msg":"山东-东营","gid":"59001","time_insert":"2021-05-15 04:34"}
2024-08-23 01:17:29 查询号码 【1350636】，GSD为【"山东-东营"】

2024-08-23 01:17:30 开始第 638 次操作

2024-08-23 01:17:30 开始操作号码 【1350637】
2024-08-23 01:17:38 GSD getOne 第 1 次 等待 3 秒
2024-08-23 01:17:41 查询号码 【1350637】，返回信息 {"status":"ok","msg":"山东-滨州","gid":"59007","time_insert":"2021-05-15 04:54"}
2024-08-23 01:17:41 查询号码 【1350637】，GSD为【"山东-滨州"】

2024-08-23 01:17:42 开始第 639 次操作

2024-08-23 01:17:42 开始操作号码 【1350638】
2024-08-23 01:17:50 GSD getOne 第 1 次 等待 3 秒
2024-08-23 01:17:53 查询号码 【1350638】，返回信息 {"status":"ok","msg":"山东-济宁","gid":"59017","time_insert":"2021-05-15 05:16"}
2024-08-23 01:17:53 查询号码 【1350638】，GSD为【"山东-济宁"】

2024-08-23 01:17:54 开始第 640 次操作

2024-08-23 01:17:54 开始操作号码 【1350639】
2024-08-23 01:18:02 GSD getOne 第 1 次 等待 3 秒
2024-08-23 01:18:05 查询号码 【1350639】，返回信息 {"status":"ok","msg":"山东-青岛","gid":"59030","time_insert":"2021-05-15 05:46"}
2024-08-23 01:18:05 查询号码 【1350639】，GSD为【"山东-青岛"】

2024-08-23 01:37:45 开始第 641 次操作

2024-08-23 01:37:45 开始操作号码 【1350640】
2024-08-23 01:37:53 GSD getOne 第 1 次 等待 3 秒
2024-08-23 01:37:56 查询号码 【1350640】，返回信息 {"status":"ok","msg":"山东-济南","gid":"59043","time_insert":"2021-05-15 06:13"}
2024-08-23 01:37:56 查询号码 【1350640】，GSD为【"山东-济南"】

2024-08-23 01:37:57 开始第 642 次操作

2024-08-23 01:37:57 开始操作号码 【1350641】
2024-08-23 01:38:06 GSD getOne 第 1 次 等待 3 秒
2024-08-23 01:38:09 查询号码 【1350641】，返回信息 {"status":"ok","msg":"山东-济南","gid":"59052","time_insert":"2021-05-15 06:36"}
2024-08-23 01:38:09 查询号码 【1350641】，GSD为【"山东-济南"】

2024-08-23 01:38:10 开始第 643 次操作

2024-08-23 01:38:10 开始操作号码 【1350642】
2024-08-23 01:38:17 GSD getOne 第 1 次 等待 3 秒
2024-08-23 01:38:20 查询号码 【1350642】，返回信息 {"status":"ok","msg":"山东-青岛","gid":"5043","time_insert":"2019-07-26 16:01","time_update":"2020-09-10 23:35"}
2024-08-23 01:38:20 查询号码 【1350642】，GSD为【"山东-青岛"】

2024-08-23 01:38:21 开始第 644 次操作

2024-08-23 01:38:21 开始操作号码 【1350643】
2024-08-23 01:38:30 GSD getOne 第 1 次 等待 3 秒
2024-08-23 01:38:33 查询号码 【1350643】，返回信息 {"status":"ok","msg":"山东-淄博","gid":"59063","time_insert":"2021-05-15 07:00"}
2024-08-23 01:38:33 查询号码 【1350643】，GSD为【"山东-淄博"】

