2021-07-02 00:00:24 开始第 8 次操作

2021-07-02 00:00:24 开始操作号码 【1713477】
2021-07-02 00:00:28 GSD getOne 第 1 次 等待 1 秒
2021-07-02 00:00:29 查询号码 【1713477】，返回信息 {"status":"bad","msg":""}
2021-07-02 00:00:29 查询号码 【1713477】，GSD为【""】
2021-07-02 00:00:29 bad
2021-07-02 00:00:31 CHB 1713477?1625155229 第 1 次 等待 1 秒
2021-07-02 00:00:32 CHB 1713477?1625155229 第 1 次 获取到号码【1713477】GSD
2021-07-02 00:00:32 获取到号码【1713477】的GSD为【内蒙古-呼和浩特】
2021-07-02 00:00:53 GSD insert 第 1 次 等待 1 秒
2021-07-02 00:00:54 {"status":"ok","msg":"添加成功！170101"}
2021-07-02 00:00:54 下次操作: 2021-07-02 00:01:02

2021-07-02 00:01:02 开始第 9 次操作

2021-07-02 00:01:02 开始操作号码 【1713478】
2021-07-02 00:01:17 GSD getOne 第 1 次 等待 1 秒
2021-07-02 00:01:18 查询号码 【1713478】，返回信息 {"status":"bad","msg":""}
2021-07-02 00:01:18 查询号码 【1713478】，GSD为【""】
2021-07-02 00:01:18 bad
2021-07-02 00:01:21 CHB 1713478?1625155278 第 1 次 等待 1 秒
2021-07-02 00:01:22 CHB 1713478?1625155278 第 1 次 获取到号码【1713478】GSD
2021-07-02 00:01:22 获取到号码【1713478】的GSD为【内蒙古-呼和浩特】
2021-07-02 00:01:41 GSD insert 第 1 次 等待 1 秒
2021-07-02 00:01:42 {"status":"ok","msg":"添加成功！170107"}
2021-07-02 00:01:42 下次操作: 2021-07-02 00:01:53

2021-07-02 00:01:53 开始第 10 次操作

2021-07-02 00:01:53 开始操作号码 【1713479】
2021-07-02 00:02:04 GSD getOne 第 1 次 等待 1 秒
2021-07-02 00:02:05 查询号码 【1713479】，返回信息 {"status":"bad","msg":""}
2021-07-02 00:02:05 查询号码 【1713479】，GSD为【""】
2021-07-02 00:02:05 bad
2021-07-02 00:02:09 CHB 1713479?1625155325 第 1 次 等待 1 秒
2021-07-02 00:02:10 CHB 1713479?1625155325 第 1 次 获取到号码【1713479】GSD
2021-07-02 00:02:11 获取到号码【1713479】的GSD为【内蒙古-呼和浩特】
2021-07-02 00:02:34 GSD insert 第 1 次 等待 1 秒
2021-07-02 00:02:35 {"status":"ok","msg":"添加成功！170119"}
2021-07-02 00:02:35 下次操作: 2021-07-02 00:02:43

2021-07-02 00:02:43 开始第 11 次操作

2021-07-02 00:02:43 开始操作号码 【1713480】
2021-07-02 00:02:55 GSD getOne 第 1 次 等待 1 秒
2021-07-02 00:02:56 查询号码 【1713480】，返回信息 {"status":"bad","msg":""}
2021-07-02 00:02:56 查询号码 【1713480】，GSD为【""】
2021-07-02 00:02:56 bad
2021-07-02 00:02:59 CHB 1713480?1625155376 第 1 次 等待 1 秒
2021-07-02 00:03:00 CHB 1713480?1625155376 第 1 次 获取到号码【1713480】GSD
2021-07-02 00:03:00 获取到号码【1713480】的GSD为【内蒙古-呼和浩特】
2021-07-02 00:03:20 GSD insert 第 1 次 等待 1 秒
2021-07-02 00:03:22 {"status":"ok","msg":"添加成功！170128"}
2021-07-02 00:03:22 下次操作: 2021-07-02 00:03:33

2021-07-02 00:03:33 开始第 12 次操作

2021-07-02 00:03:33 开始操作号码 【1713481】
2021-07-02 00:03:44 GSD getOne 第 1 次 等待 1 秒
2021-07-02 00:03:45 查询号码 【1713481】，返回信息 {"status":"bad","msg":""}
2021-07-02 00:03:45 查询号码 【1713481】，GSD为【""】
2021-07-02 00:03:45 bad
2021-07-02 00:03:47 CHB 1713481?1625155425 第 1 次 等待 1 秒
2021-07-02 00:03:48 CHB 1713481?1625155425 第 1 次 获取到号码【1713481】GSD
2021-07-02 00:03:48 获取到号码【1713481】的GSD为【内蒙古-呼和浩特】
2021-07-02 00:04:07 GSD insert 第 1 次 等待 1 秒
2021-07-02 00:04:08 {"status":"ok","msg":"添加成功！170134"}
2021-07-02 00:04:08 下次操作: 2021-07-02 00:04:23

2021-07-02 00:04:23 开始第 13 次操作

2021-07-02 00:04:23 开始操作号码 【1713482】
2021-07-02 00:04:28 GSD getOne 第 1 次 等待 1 秒
2021-07-02 00:04:29 查询号码 【1713482】，返回信息 {"status":"bad","msg":""}
2021-07-02 00:04:29 查询号码 【1713482】，GSD为【""】
2021-07-02 00:04:29 bad
2021-07-02 00:04:30 CHB 1713482?1625155469 第 1 次 等待 1 秒
2021-07-02 00:04:31 CHB 1713482?1625155469 第 1 次 获取到号码【1713482】GSD
2021-07-02 00:04:32 获取到号码【1713482】的GSD为【内蒙古-呼和浩特】
2021-07-02 00:04:51 GSD insert 第 1 次 等待 1 秒
2021-07-02 00:04:52 {"status":"ok","msg":"添加成功！170139"}
2021-07-02 00:04:52 下次操作: 2021-07-02 00:05:01

2021-07-02 00:05:01 开始第 14 次操作

2021-07-02 00:05:01 开始操作号码 【1713483】
2021-07-02 00:05:11 GSD getOne 第 1 次 等待 1 秒
2021-07-02 00:05:12 查询号码 【1713483】，返回信息 {"status":"bad","msg":""}
2021-07-02 00:05:13 查询号码 【1713483】，GSD为【""】
2021-07-02 00:05:13 bad
2021-07-02 00:05:15 CHB 1713483?1625155513 第 1 次 等待 1 秒
2021-07-02 00:05:16 CHB 1713483?1625155513 第 1 次 获取到号码【1713483】GSD
2021-07-02 00:05:16 获取到号码【1713483】的GSD为【内蒙古-呼和浩特】
2021-07-02 00:05:38 GSD insert 第 1 次 等待 1 秒
2021-07-02 00:05:39 {"status":"ok","msg":"添加成功！170150"}
2021-07-02 00:05:39 下次操作: 2021-07-02 00:05:45

2021-07-02 00:05:45 开始第 15 次操作

2021-07-02 00:05:45 开始操作号码 【1713484】
2021-07-02 00:06:05 GSD getOne 第 1 次 等待 1 秒
2021-07-02 00:06:06 查询号码 【1713484】，返回信息 {"status":"bad","msg":""}
2021-07-02 00:06:06 查询号码 【1713484】，GSD为【""】
2021-07-02 00:06:06 bad
2021-07-02 00:06:08 CHB 1713484?1625155566 第 1 次 等待 1 秒
2021-07-02 00:06:09 CHB 1713484?1625155566 第 1 次 获取到号码【1713484】GSD
2021-07-02 00:06:09 获取到号码【1713484】的GSD为【内蒙古-呼和浩特】
2021-07-02 00:06:32 GSD insert 第 1 次 等待 1 秒
2021-07-02 00:06:33 {"status":"ok","msg":"添加成功！170158"}
2021-07-02 00:06:33 下次操作: 2021-07-02 00:06:44

2021-07-02 00:06:44 开始第 16 次操作

2021-07-02 00:06:44 开始操作号码 【1713485】
2021-07-02 00:06:55 GSD getOne 第 1 次 等待 1 秒
2021-07-02 00:06:56 查询号码 【1713485】，返回信息 {"status":"bad","msg":""}
2021-07-02 00:06:56 查询号码 【1713485】，GSD为【""】
2021-07-02 00:06:56 bad
2021-07-02 00:06:58 CHB 1713485?1625155616 第 1 次 等待 1 秒
2021-07-02 00:06:59 CHB 1713485?1625155616 第 1 次 获取到号码【1713485】GSD
2021-07-02 00:06:59 获取到号码【1713485】的GSD为【内蒙古-呼和浩特】
2021-07-02 00:07:23 GSD insert 第 1 次 等待 1 秒
2021-07-02 00:07:24 {"status":"ok","msg":"添加成功！170166"}
2021-07-02 00:07:24 下次操作: 2021-07-02 00:07:42

2021-07-02 00:07:42 开始第 17 次操作

2021-07-02 00:07:42 开始操作号码 【1713486】
2021-07-02 00:07:45 GSD getOne 第 1 次 等待 1 秒
2021-07-02 00:07:46 查询号码 【1713486】，返回信息 {"status":"bad","msg":""}
2021-07-02 00:07:46 查询号码 【1713486】，GSD为【""】
2021-07-02 00:07:46 bad
2021-07-02 00:07:48 CHB 1713486?1625155666 第 1 次 等待 1 秒
2021-07-02 00:07:49 CHB 1713486?1625155666 第 1 次 获取到号码【1713486】GSD
2021-07-02 00:07:49 获取到号码【1713486】的GSD为【内蒙古-呼和浩特】
2021-07-02 00:08:08 GSD insert 第 1 次 等待 1 秒
2021-07-02 00:08:09 {"status":"ok","msg":"添加成功！170172"}
2021-07-02 00:08:09 下次操作: 2021-07-02 00:08:27

2021-07-02 00:08:27 开始第 18 次操作

2021-07-02 00:08:27 开始操作号码 【1713487】
2021-07-02 00:08:31 GSD getOne 第 1 次 等待 1 秒
2021-07-02 00:08:32 查询号码 【1713487】，返回信息 {"status":"bad","msg":""}
2021-07-02 00:08:32 查询号码 【1713487】，GSD为【""】
2021-07-02 00:08:32 bad
2021-07-02 00:08:35 CHB 1713487?1625155712 第 1 次 等待 1 秒
2021-07-02 00:08:36 CHB 1713487?1625155712 第 1 次 获取到号码【1713487】GSD
2021-07-02 00:08:36 获取到号码【1713487】的GSD为【内蒙古-包头】
2021-07-02 00:08:56 GSD insert 第 1 次 等待 1 秒
2021-07-02 00:08:57 {"status":"ok","msg":"添加成功！170181"}
2021-07-02 00:08:57 下次操作: 2021-07-02 00:09:12

2021-07-02 00:09:12 开始第 19 次操作

2021-07-02 00:09:12 开始操作号码 【1713488】
2021-07-02 00:09:23 GSD getOne 第 1 次 等待 1 秒
2021-07-02 00:09:24 查询号码 【1713488】，返回信息 {"status":"bad","msg":""}
2021-07-02 00:09:24 查询号码 【1713488】，GSD为【""】
2021-07-02 00:09:24 bad
2021-07-02 00:09:26 CHB 1713488?1625155764 第 1 次 等待 1 秒
2021-07-02 00:09:27 CHB 1713488?1625155764 第 1 次 获取到号码【1713488】GSD
2021-07-02 00:09:27 获取到号码【1713488】的GSD为【内蒙古-包头】
2021-07-02 00:09:49 GSD insert 第 1 次 等待 1 秒
2021-07-02 00:09:50 {"status":"ok","msg":"添加成功！170189"}
2021-07-02 00:09:50 下次操作: 2021-07-02 00:10:08

2021-07-02 00:10:08 开始第 20 次操作

2021-07-02 00:10:08 开始操作号码 【1713489】
2021-07-02 00:10:12 GSD getOne 第 1 次 等待 1 秒
2021-07-02 00:10:13 查询号码 【1713489】，返回信息 {"status":"bad","msg":""}
2021-07-02 00:10:13 查询号码 【1713489】，GSD为【""】
2021-07-02 00:10:13 bad
2021-07-02 00:10:16 CHB 1713489?1625155813 第 1 次 等待 1 秒
2021-07-02 00:10:17 CHB 1713489?1625155813 第 1 次 获取到号码【1713489】GSD
2021-07-02 00:10:17 获取到号码【1713489】的GSD为【内蒙古-包头】
2021-07-02 00:10:36 GSD insert 第 1 次 等待 1 秒
2021-07-02 00:10:37 {"status":"ok","msg":"添加成功！170196"}
2021-07-02 00:10:37 下次操作: 2021-07-02 00:10:46

2021-07-02 00:10:46 开始第 21 次操作

2021-07-02 00:10:46 开始操作号码 【1713490】
2021-07-02 00:10:59 GSD getOne 第 1 次 等待 1 秒
2021-07-02 00:11:00 查询号码 【1713490】，返回信息 {"status":"bad","msg":""}
2021-07-02 00:11:01 查询号码 【1713490】，GSD为【""】
2021-07-02 00:11:01 bad
2021-07-02 00:11:02 CHB 1713490?1625155861 第 1 次 等待 1 秒
2021-07-02 00:11:03 CHB 1713490?1625155861 第 1 次 获取到号码【1713490】GSD
2021-07-02 00:11:03 获取到号码【1713490】的GSD为【福建-福州】
2021-07-02 00:11:22 GSD insert 第 1 次 等待 1 秒
2021-07-02 00:11:24 {"status":"ok","msg":"添加成功！170201"}
2021-07-02 00:11:24 下次操作: 2021-07-02 00:11:40

2021-07-02 00:11:40 开始第 22 次操作

2021-07-02 00:11:40 开始操作号码 【1713491】
2021-07-02 00:11:44 GSD getOne 第 1 次 等待 1 秒
2021-07-02 00:11:45 查询号码 【1713491】，返回信息 {"status":"bad","msg":""}
2021-07-02 00:11:45 查询号码 【1713491】，GSD为【""】
2021-07-02 00:11:45 bad
2021-07-02 00:11:47 CHB 1713491?1625155905 第 1 次 等待 1 秒
2021-07-02 00:11:48 CHB 1713491?1625155905 第 1 次 获取到号码【1713491】GSD
2021-07-02 00:11:48 获取到号码【1713491】的GSD为【福建-福州】
2021-07-02 00:12:07 GSD insert 第 1 次 等待 1 秒
2021-07-02 00:12:08 {"status":"ok","msg":"添加成功！170208"}
2021-07-02 00:12:08 下次操作: 2021-07-02 00:12:19

2021-07-02 00:12:19 开始第 23 次操作

2021-07-02 00:12:19 开始操作号码 【1713492】
2021-07-02 00:12:34 GSD getOne 第 1 次 等待 1 秒
2021-07-02 00:12:35 查询号码 【1713492】，返回信息 {"status":"bad","msg":""}
2021-07-02 00:12:35 查询号码 【1713492】，GSD为【""】
2021-07-02 00:12:35 bad
2021-07-02 00:12:38 CHB 1713492?1625155955 第 1 次 等待 1 秒
2021-07-02 00:12:39 CHB 1713492?1625155955 第 1 次 获取到号码【1713492】GSD
2021-07-02 00:12:39 获取到号码【1713492】的GSD为【福建-福州】
2021-07-02 00:12:59 GSD insert 第 1 次 等待 1 秒
2021-07-02 00:13:00 {"status":"ok","msg":"添加成功！170218"}
2021-07-02 00:13:00 下次操作: 2021-07-02 00:13:07

2021-07-02 00:13:07 开始第 24 次操作

2021-07-02 00:13:07 开始操作号码 【1713493】
2021-07-02 00:13:26 GSD getOne 第 1 次 等待 1 秒
2021-07-02 00:13:27 查询号码 【1713493】，返回信息 {"status":"bad","msg":""}
2021-07-02 00:13:27 查询号码 【1713493】，GSD为【""】
2021-07-02 00:13:27 bad
2021-07-02 00:13:30 CHB 1713493?1625156007 第 1 次 等待 1 秒
2021-07-02 00:13:31 CHB 1713493?1625156007 第 1 次 获取到号码【1713493】GSD
2021-07-02 00:13:31 获取到号码【1713493】的GSD为【福建-福州】
2021-07-02 00:13:51 GSD insert 第 1 次 等待 1 秒
2021-07-02 00:13:52 {"status":"ok","msg":"添加成功！170226"}
2021-07-02 00:13:52 下次操作: 2021-07-02 00:14:06

2021-07-02 00:14:06 开始第 25 次操作

2021-07-02 00:14:06 开始操作号码 【1713494】
2021-07-02 00:14:11 GSD getOne 第 1 次 等待 1 秒
2021-07-02 00:14:12 查询号码 【1713494】，返回信息 {"status":"bad","msg":""}
2021-07-02 00:14:12 查询号码 【1713494】，GSD为【""】
2021-07-02 00:14:12 bad
2021-07-02 00:14:14 CHB 1713494?1625156052 第 1 次 等待 1 秒
2021-07-02 00:14:15 CHB 1713494?1625156052 第 1 次 获取到号码【1713494】GSD
2021-07-02 00:14:15 获取到号码【1713494】的GSD为【福建-福州】
2021-07-02 00:14:38 GSD insert 第 1 次 等待 1 秒
2021-07-02 00:14:39 {"status":"ok","msg":"添加成功！170232"}
2021-07-02 00:14:39 下次操作: 2021-07-02 00:14:46

2021-07-02 00:14:46 开始第 26 次操作

2021-07-02 00:14:46 开始操作号码 【1713495】
2021-07-02 00:15:05 GSD getOne 第 1 次 等待 1 秒
2021-07-02 00:15:06 查询号码 【1713495】，返回信息 {"status":"bad","msg":""}
2021-07-02 00:15:06 查询号码 【1713495】，GSD为【""】
2021-07-02 00:15:06 bad
2021-07-02 00:15:07 CHB 1713495?1625156106 第 1 次 等待 1 秒
2021-07-02 00:15:09 CHB 1713495?1625156106 第 1 次 获取到号码【1713495】GSD
2021-07-02 00:15:09 获取到号码【1713495】的GSD为【福建-泉州】
2021-07-02 00:15:28 GSD insert 第 1 次 等待 1 秒
2021-07-02 00:15:29 {"status":"ok","msg":"添加成功！170240"}
2021-07-02 00:15:29 下次操作: 2021-07-02 00:15:42

2021-07-02 00:15:42 开始第 27 次操作

2021-07-02 00:15:42 开始操作号码 【1713496】
2021-07-02 00:15:49 GSD getOne 第 1 次 等待 1 秒
2021-07-02 00:15:50 查询号码 【1713496】，返回信息 {"status":"bad","msg":""}
2021-07-02 00:15:50 查询号码 【1713496】，GSD为【""】
2021-07-02 00:15:50 bad
2021-07-02 00:15:52 CHB 1713496?1625156150 第 1 次 等待 1 秒
2021-07-02 00:15:53 CHB 1713496?1625156150 第 1 次 获取到号码【1713496】GSD
2021-07-02 00:15:54 获取到号码【1713496】的GSD为【福建-泉州】
2021-07-02 00:16:15 GSD insert 第 1 次 等待 1 秒
2021-07-02 00:16:16 {"status":"ok","msg":"添加成功！170248"}
2021-07-02 00:16:16 下次操作: 2021-07-02 00:16:33

2021-07-02 00:16:33 开始第 28 次操作

2021-07-02 00:16:33 开始操作号码 【1713497】
2021-07-02 00:16:37 GSD getOne 第 1 次 等待 1 秒
2021-07-02 00:16:38 查询号码 【1713497】，返回信息 {"status":"bad","msg":""}
2021-07-02 00:16:38 查询号码 【1713497】，GSD为【""】
2021-07-02 00:16:38 bad
2021-07-02 00:16:41 CHB 1713497?1625156198 第 1 次 等待 1 秒
2021-07-02 00:16:42 CHB 1713497?1625156198 第 1 次 获取到号码【1713497】GSD
2021-07-02 00:16:42 获取到号码【1713497】的GSD为【福建-泉州】
2021-07-02 00:17:08 GSD insert 第 1 次 等待 1 秒
2021-07-02 00:17:09 {"status":"ok","msg":"添加成功！170254"}
2021-07-02 00:17:09 下次操作: 2021-07-02 00:17:16

2021-07-02 00:17:16 开始第 29 次操作

2021-07-02 00:17:16 开始操作号码 【1713498】
2021-07-02 00:17:44 GSD getOne 第 1 次 等待 1 秒
2021-07-02 00:17:45 查询号码 【1713498】，返回信息 {"status":"bad","msg":""}
2021-07-02 00:17:45 查询号码 【1713498】，GSD为【""】
2021-07-02 00:17:45 bad
2021-07-02 00:17:48 CHB 1713498?1625156265 第 1 次 等待 1 秒
2021-07-02 00:17:49 CHB 1713498?1625156265 第 1 次 获取到号码【1713498】GSD
2021-07-02 00:17:49 获取到号码【1713498】的GSD为【福建-厦门】
2021-07-02 00:18:08 GSD insert 第 1 次 等待 1 秒
2021-07-02 00:18:09 {"status":"ok","msg":"添加成功！170264"}
2021-07-02 00:18:09 下次操作: 2021-07-02 00:18:19

2021-07-02 00:18:19 开始第 30 次操作

2021-07-02 00:18:19 开始操作号码 【1713499】
2021-07-02 00:18:30 GSD getOne 第 1 次 等待 1 秒
2021-07-02 00:18:31 查询号码 【1713499】，返回信息 {"status":"bad","msg":""}
2021-07-02 00:18:31 查询号码 【1713499】，GSD为【""】
2021-07-02 00:18:31 bad
2021-07-02 00:18:33 CHB 1713499?1625156311 第 1 次 等待 1 秒
2021-07-02 00:18:34 CHB 1713499?1625156311 第 1 次 获取到号码【1713499】GSD
2021-07-02 00:18:34 获取到号码【1713499】的GSD为【福建-泉州】
2021-07-02 00:18:54 GSD insert 第 1 次 等待 1 秒
2021-07-02 00:18:55 {"status":"ok","msg":"添加成功！170269"}

