2024-08-28 00:22:51 开始第 1505 次操作

2024-08-28 00:22:51 开始操作号码 【1351504】
2024-08-28 00:23:00 GSD getOne 第 1 次 等待 3 秒
2024-08-28 00:23:03 查询号码 【1351504】，返回信息 {"status":"ok","msg":"福建-泉州","gid":"69377","time_insert":"2021-05-26 22:18"}
2024-08-28 00:23:03 查询号码 【1351504】，GSD为【"福建-泉州"】

2024-08-28 00:23:04 开始第 1506 次操作

2024-08-28 00:23:04 开始操作号码 【1351505】
2024-08-28 00:23:12 GSD getOne 第 1 次 等待 3 秒
2024-08-28 00:23:15 查询号码 【1351505】，返回信息 {"status":"ok","msg":"福建-泉州","gid":"5223","time_insert":"2014-08-05 15:49","time_update":"2020-09-06 11:54"}
2024-08-28 00:23:15 查询号码 【1351505】，GSD为【"福建-泉州"】

2024-08-28 00:23:16 开始第 1507 次操作

2024-08-28 00:23:16 开始操作号码 【1351506】
2024-08-28 00:23:24 GSD getOne 第 1 次 等待 3 秒
2024-08-28 00:23:27 查询号码 【1351506】，返回信息 {"status":"ok","msg":"福建-宁德","gid":"69400","time_insert":"2021-05-26 22:47"}
2024-08-28 00:23:27 查询号码 【1351506】，GSD为【"福建-宁德"】

2024-08-28 00:23:28 开始第 1508 次操作

2024-08-28 00:23:28 开始操作号码 【1351507】
2024-08-28 00:23:38 GSD getOne 第 1 次 等待 3 秒
2024-08-28 00:23:41 查询号码 【1351507】，返回信息 {"status":"ok","msg":"福建-宁德","gid":"5224","time_insert":"2017-11-21 22:35","time_update":"2020-09-06 11:49"}
2024-08-28 00:23:41 查询号码 【1351507】，GSD为【"福建-宁德"】

