2023-11-03 00:23:10 开始第 6429 次操作

2023-11-03 00:23:10 开始操作号码 【1896343】
2023-11-03 00:23:13 GSD getOne 第 1 次 等待 3 秒
2023-11-03 00:23:16 查询号码 【1896343】，返回信息 {"status":"ok","msg":"山东-莱芜","gid":"463479","time_insert":"2021-08-01 03:50"}
2023-11-03 00:23:16 查询号码 【1896343】，GSD为【"山东-莱芜"】

2023-11-03 00:23:17 开始第 6430 次操作

2023-11-03 00:23:17 开始操作号码 【1896344】
2023-11-03 00:23:20 GSD getOne 第 1 次 等待 3 秒
2023-11-03 00:23:23 查询号码 【1896344】，返回信息 {"status":"ok","msg":"山东-莱芜","gid":"463472","time_insert":"2021-08-01 03:49"}
2023-11-03 00:23:23 查询号码 【1896344】，GSD为【"山东-莱芜"】

2023-11-03 00:23:24 开始第 6431 次操作

2023-11-03 00:23:24 开始操作号码 【1896345】
2023-11-03 00:23:27 GSD getOne 第 1 次 等待 3 秒
2023-11-03 00:23:30 查询号码 【1896345】，返回信息 {"status":"ok","msg":"山东-莱芜","gid":"463461","time_insert":"2021-08-01 03:48"}
2023-11-03 00:23:30 查询号码 【1896345】，GSD为【"山东-莱芜"】

2023-11-03 00:23:31 开始第 6432 次操作

2023-11-03 00:23:31 开始操作号码 【1896346】
2023-11-03 00:23:35 GSD getOne 第 1 次 等待 3 秒
2023-11-03 00:23:38 查询号码 【1896346】，返回信息 {"status":"ok","msg":"山东-莱芜","gid":"463452","time_insert":"2021-08-01 03:48"}
2023-11-03 00:23:38 查询号码 【1896346】，GSD为【"山东-莱芜"】

