2024-07-17 00:22:47 开始第 6337 次操作

2024-07-17 00:22:47 开始操作号码 【1466239】
2024-07-17 00:22:55 GSD getOne 第 1 次 等待 3 秒
2024-07-17 00:22:58 查询号码 【1466239】，返回信息 {"status":"ok","msg":"江苏-南京","gid":"400503","time_insert":"2021-07-26 11:43"}
2024-07-17 00:22:58 查询号码 【1466239】，GSD为【"江苏-南京"】

2024-07-17 00:22:59 开始第 6338 次操作

2024-07-17 00:22:59 开始操作号码 【1466240】
2024-07-17 00:23:07 GSD getOne 第 1 次 等待 3 秒
2024-07-17 00:23:10 查询号码 【1466240】，返回信息 {"status":"ok","msg":"江苏-南京","gid":"400334","time_insert":"2021-07-26 11:10"}
2024-07-17 00:23:10 查询号码 【1466240】，GSD为【"江苏-南京"】

2024-07-17 00:23:11 开始第 6339 次操作

2024-07-17 00:23:11 开始操作号码 【1466241】
2024-07-17 00:23:20 GSD getOne 第 1 次 等待 3 秒
2024-07-17 00:23:23 查询号码 【1466241】，返回信息 {"status":"ok","msg":"江苏-南京","gid":"400324","time_insert":"2021-07-26 11:09"}
2024-07-17 00:23:23 查询号码 【1466241】，GSD为【"江苏-南京"】

2024-07-17 00:23:24 开始第 6340 次操作

2024-07-17 00:23:24 开始操作号码 【1466242】
2024-07-17 00:23:33 GSD getOne 第 1 次 等待 3 秒
2024-07-17 00:23:36 查询号码 【1466242】，返回信息 {"status":"ok","msg":"江苏-南京","gid":"400315","time_insert":"2021-07-26 11:09"}
2024-07-17 00:23:36 查询号码 【1466242】，GSD为【"江苏-南京"】

2024-07-17 00:43:31 开始第 6341 次操作

2024-07-17 00:43:31 开始操作号码 【1466243】
2024-07-17 00:43:40 GSD getOne 第 1 次 等待 3 秒
2024-07-17 00:43:43 查询号码 【1466243】，返回信息 {"status":"ok","msg":"江苏-南京","gid":"400307","time_insert":"2021-07-26 11:08"}
2024-07-17 00:43:43 查询号码 【1466243】，GSD为【"江苏-南京"】

2024-07-17 00:43:44 开始第 6342 次操作

2024-07-17 00:43:44 开始操作号码 【1466244】
2024-07-17 00:43:52 GSD getOne 第 1 次 等待 3 秒
2024-07-17 00:43:55 查询号码 【1466244】，返回信息 {"status":"ok","msg":"江苏-南京","gid":"400300","time_insert":"2021-07-26 11:08"}
2024-07-17 00:43:55 查询号码 【1466244】，GSD为【"江苏-南京"】

2024-07-17 00:43:56 开始第 6343 次操作

2024-07-17 00:43:56 开始操作号码 【1466245】
2024-07-17 00:44:04 GSD getOne 第 1 次 等待 3 秒
2024-07-17 00:44:07 查询号码 【1466245】，返回信息 {"status":"ok","msg":"江苏-南京","gid":"400289","time_insert":"2021-07-26 11:07"}
2024-07-17 00:44:07 查询号码 【1466245】，GSD为【"江苏-南京"】

2024-07-17 00:44:08 开始第 6344 次操作

2024-07-17 00:44:08 开始操作号码 【1466246】
2024-07-17 00:44:17 GSD getOne 第 1 次 等待 3 秒
2024-07-17 00:44:20 查询号码 【1466246】，返回信息 {"status":"ok","msg":"江苏-南京","gid":"400280","time_insert":"2021-07-26 11:07"}
2024-07-17 00:44:20 查询号码 【1466246】，GSD为【"江苏-南京"】

