2023-10-18 00:22:17 开始第 3613 次操作

2023-10-18 00:22:17 开始操作号码 【1893527】
2023-10-18 00:22:25 GSD getOne 第 1 次 等待 3 秒
2023-10-18 00:22:28 查询号码 【1893527】，返回信息 {"status":"ok","msg":"山西-晋城","gid":"493441","time_insert":"2021-08-03 23:57"}
2023-10-18 00:22:28 查询号码 【1893527】，GSD为【"山西-晋城"】

2023-10-18 00:22:29 开始第 3614 次操作

2023-10-18 00:22:29 开始操作号码 【1893528】
2023-10-18 00:22:33 GSD getOne 第 1 次 等待 3 秒
2023-10-18 00:22:36 查询号码 【1893528】，返回信息 {"status":"ok","msg":"山西-晋城","gid":"493434","time_insert":"2021-08-03 23:55"}
2023-10-18 00:22:36 查询号码 【1893528】，GSD为【"山西-晋城"】

2023-10-18 00:22:37 开始第 3615 次操作

2023-10-18 00:22:37 开始操作号码 【1893529】
2023-10-18 00:22:48 GSD getOne 第 1 次 等待 3 秒
2023-10-18 00:22:51 查询号码 【1893529】，返回信息 {"status":"ok","msg":"山西-晋城","gid":"493427","time_insert":"2021-08-03 23:54"}
2023-10-18 00:22:52 查询号码 【1893529】，GSD为【"山西-晋城"】

2023-10-18 00:22:53 开始第 3616 次操作

2023-10-18 00:22:53 开始操作号码 【1893530】
2023-10-18 00:22:55 GSD getOne 第 1 次 等待 3 秒
2023-10-18 00:22:58 查询号码 【1893530】，返回信息 {"status":"ok","msg":"山西-阳泉","gid":"493421","time_insert":"2021-08-03 23:53"}
2023-10-18 00:22:58 查询号码 【1893530】，GSD为【"山西-阳泉"】

2023-10-18 00:41:15 开始第 3617 次操作

2023-10-18 00:41:15 开始操作号码 【1893531】
2023-10-18 00:41:18 GSD getOne 第 1 次 等待 3 秒
2023-10-18 00:41:21 查询号码 【1893531】，返回信息 {"status":"ok","msg":"山西-阳泉","gid":"493417","time_insert":"2021-08-03 23:52"}
2023-10-18 00:41:21 查询号码 【1893531】，GSD为【"山西-阳泉"】

2023-10-18 00:41:22 开始第 3618 次操作

2023-10-18 00:41:22 开始操作号码 【1893532】
2023-10-18 00:41:27 GSD getOne 第 1 次 等待 3 秒
2023-10-18 00:41:30 查询号码 【1893532】，返回信息 {"status":"ok","msg":"山西-阳泉","gid":"493413","time_insert":"2021-08-03 23:51"}
2023-10-18 00:41:30 查询号码 【1893532】，GSD为【"山西-阳泉"】

2023-10-18 00:41:31 开始第 3619 次操作

2023-10-18 00:41:31 开始操作号码 【1893533】
2023-10-18 00:41:34 GSD getOne 第 1 次 等待 3 秒
2023-10-18 00:41:37 查询号码 【1893533】，返回信息 {"status":"ok","msg":"山西-长治","gid":"493408","time_insert":"2021-08-03 23:49"}
2023-10-18 00:41:37 查询号码 【1893533】，GSD为【"山西-长治"】

2023-10-18 00:41:38 开始第 3620 次操作

2023-10-18 00:41:38 开始操作号码 【1893534】
2023-10-18 00:42:02 GSD getOne 第 1 次 等待 3 秒
2023-10-18 00:42:05 查询号码 【1893534】，返回信息 {"status":"ok","msg":"山西-长治","gid":"493403","time_insert":"2021-08-03 23:48"}
2023-10-18 00:42:05 查询号码 【1893534】，GSD为【"山西-长治"】

2023-10-18 01:15:05 开始第 3621 次操作

2023-10-18 01:15:05 开始操作号码 【1893535】
2023-10-18 01:15:07 GSD getOne 第 1 次 等待 3 秒
2023-10-18 01:15:10 查询号码 【1893535】，返回信息 {"status":"ok","msg":"山西-长治","gid":"493399","time_insert":"2021-08-03 23:47"}
2023-10-18 01:15:10 查询号码 【1893535】，GSD为【"山西-长治"】

2023-10-18 01:15:11 开始第 3622 次操作

2023-10-18 01:15:11 开始操作号码 【1893536】
2023-10-18 01:15:14 GSD getOne 第 1 次 等待 3 秒
2023-10-18 01:15:17 查询号码 【1893536】，返回信息 {"status":"ok","msg":"山西-长治","gid":"493397","time_insert":"2021-08-03 23:47"}
2023-10-18 01:15:17 查询号码 【1893536】，GSD为【"山西-长治"】

2023-10-18 01:15:18 开始第 3623 次操作

2023-10-18 01:15:18 开始操作号码 【1893537】
2023-10-18 01:15:21 GSD getOne 第 1 次 等待 3 秒
2023-10-18 01:15:24 查询号码 【1893537】，返回信息 {"status":"ok","msg":"山西-临汾","gid":"493392","time_insert":"2021-08-03 23:46"}
2023-10-18 01:15:24 查询号码 【1893537】，GSD为【"山西-临汾"】

2023-10-18 01:15:25 开始第 3624 次操作

2023-10-18 01:15:25 开始操作号码 【1893538】
2023-10-18 01:15:29 GSD getOne 第 1 次 等待 3 秒
2023-10-18 01:15:32 查询号码 【1893538】，返回信息 {"status":"ok","msg":"山西-临汾","gid":"493362","time_insert":"2021-08-03 23:27"}
2023-10-18 01:15:32 查询号码 【1893538】，GSD为【"山西-临汾"】

