2024-02-23 00:21:35 开始第 5125 次操作

2024-02-23 00:21:35 开始操作号码 【1685037】
2024-02-23 00:21:40 GSD getOne 第 1 次 等待 3 秒
2024-02-23 00:21:43 查询号码 【1685037】，返回信息 {"status":"ok","msg":"-","gid":"624599","time_insert":"2023-03-30 23:34"}
2024-02-23 00:21:44 查询号码 【1685037】，GSD为【"-"】
2024-02-23 00:21:44 ok && -
2024-02-23 00:21:46 CHB 1685037?1708618904 第 1 次 等待 3 秒
2024-02-23 00:21:49 CHB 1685037?1708618904 第 1 次 获取到号码【1685037】GSD
2024-02-23 00:21:49 未获取到号码【1685037】GSD，可能号码格式错误
2024-02-23 00:21:49 获取到号码【1685037】的GSD为【-】
2024-02-23 00:21:53 GSD insert 第 1 次 等待 3 秒
2024-02-23 00:21:56 {"status":"bad","gid":"624599","msg":"添加失败！号码【1685037(-|-)】已存在！"}
2024-02-23 00:21:56 随机等待 99 秒，约 1 分钟
2024-02-23 00:21:56 下次操作: 2024-02-23 00:23:35

2024-02-23 00:23:35 开始第 5126 次操作

2024-02-23 00:23:35 开始操作号码 【1685038】
2024-02-23 00:23:41 GSD getOne 第 1 次 等待 3 秒
2024-02-23 00:23:44 查询号码 【1685038】，返回信息 {"status":"ok","msg":"-","gid":"624627","time_insert":"2023-03-30 23:49"}
2024-02-23 00:23:44 查询号码 【1685038】，GSD为【"-"】
2024-02-23 00:23:44 ok && -
2024-02-23 00:23:46 CHB 1685038?1708619024 第 1 次 等待 3 秒
2024-02-23 00:23:49 CHB 1685038?1708619024 第 1 次 获取到号码【1685038】GSD
2024-02-23 00:23:49 未获取到号码【1685038】GSD，可能号码格式错误
2024-02-23 00:23:49 获取到号码【1685038】的GSD为【-】
2024-02-23 00:23:53 GSD insert 第 1 次 等待 3 秒
2024-02-23 00:23:56 {"status":"bad","gid":"624627","msg":"添加失败！号码【1685038(-|-)】已存在！"}
2024-02-23 00:23:56 随机等待 73 秒，约 1 分钟
2024-02-23 00:23:56 下次操作: 2024-02-23 00:25:09

2024-02-23 00:25:09 开始第 5127 次操作

2024-02-23 00:25:09 开始操作号码 【1685039】
2024-02-23 00:25:13 GSD getOne 第 1 次 等待 3 秒
2024-02-23 00:25:16 查询号码 【1685039】，返回信息 {"status":"ok","msg":"-","gid":"624654","time_insert":"2023-03-31 00:06"}
2024-02-23 00:25:16 查询号码 【1685039】，GSD为【"-"】
2024-02-23 00:25:16 ok && -
2024-02-23 00:25:23 CHB 1685039?1708619116 第 1 次 等待 3 秒
2024-02-23 00:25:26 CHB 1685039?1708619116 第 1 次 获取到号码【1685039】GSD
2024-02-23 00:25:26 未获取到号码【1685039】GSD，可能号码格式错误
2024-02-23 00:25:26 获取到号码【1685039】的GSD为【-】
2024-02-23 00:25:31 GSD insert 第 1 次 等待 3 秒
2024-02-23 00:25:34 {"status":"bad","gid":"624654","msg":"添加失败！号码【1685039(-|-)】已存在！"}
2024-02-23 00:25:34 随机等待 168 秒，约 2 分钟
2024-02-23 00:25:34 下次操作: 2024-02-23 00:28:22

2024-02-23 00:28:22 开始第 5128 次操作

2024-02-23 00:28:22 开始操作号码 【1685040】
2024-02-23 00:28:26 GSD getOne 第 1 次 等待 3 秒
2024-02-23 00:28:29 查询号码 【1685040】，返回信息 {"status":"ok","msg":"-","gid":"624673","time_insert":"2023-03-31 00:21"}
2024-02-23 00:28:29 查询号码 【1685040】，GSD为【"-"】
2024-02-23 00:28:29 ok && -
2024-02-23 00:28:33 CHB 1685040?1708619309 第 1 次 等待 3 秒
2024-02-23 00:28:36 CHB 1685040?1708619309 第 1 次 获取到号码【1685040】GSD
2024-02-23 00:28:36 未获取到号码【1685040】GSD，可能号码格式错误
2024-02-23 00:28:36 获取到号码【1685040】的GSD为【-】
2024-02-23 00:28:41 GSD insert 第 1 次 等待 3 秒
2024-02-23 00:28:44 {"status":"bad","gid":"624673","msg":"添加失败！号码【1685040(-|-)】已存在！"}

2024-02-23 00:39:00 开始第 5129 次操作

2024-02-23 00:39:00 开始操作号码 【1685041】
2024-02-23 00:39:05 GSD getOne 第 1 次 等待 3 秒
2024-02-23 00:39:08 查询号码 【1685041】，返回信息 {"status":"ok","msg":"-","gid":"624692","time_insert":"2023-03-31 00:34"}
2024-02-23 00:39:08 查询号码 【1685041】，GSD为【"-"】
2024-02-23 00:39:08 ok && -
2024-02-23 00:39:10 CHB 1685041?1708619948 第 1 次 等待 3 秒
2024-02-23 00:39:13 CHB 1685041?1708619948 第 1 次 获取到号码【1685041】GSD
2024-02-23 00:39:13 未获取到号码【1685041】GSD，可能号码格式错误
2024-02-23 00:39:13 获取到号码【1685041】的GSD为【-】
2024-02-23 00:39:18 GSD insert 第 1 次 等待 3 秒
2024-02-23 00:39:21 {"status":"bad","gid":"624692","msg":"添加失败！号码【1685041(-|-)】已存在！"}
2024-02-23 00:39:21 随机等待 165 秒，约 2 分钟
2024-02-23 00:39:21 下次操作: 2024-02-23 00:42:06

2024-02-23 00:42:06 开始第 5130 次操作

2024-02-23 00:42:06 开始操作号码 【1685042】
2024-02-23 00:42:10 GSD getOne 第 1 次 等待 3 秒
2024-02-23 00:42:13 查询号码 【1685042】，返回信息 {"status":"ok","msg":"-","gid":"624708","time_insert":"2023-03-31 00:45"}
2024-02-23 00:42:13 查询号码 【1685042】，GSD为【"-"】
2024-02-23 00:42:13 ok && -
2024-02-23 00:42:15 CHB 1685042?1708620133 第 1 次 等待 3 秒
2024-02-23 00:42:18 CHB 1685042?1708620133 第 1 次 获取到号码【1685042】GSD
2024-02-23 00:42:18 未获取到号码【1685042】GSD，可能号码格式错误
2024-02-23 00:42:18 获取到号码【1685042】的GSD为【-】
2024-02-23 00:42:23 GSD insert 第 1 次 等待 3 秒
2024-02-23 00:42:26 {"status":"bad","gid":"624708","msg":"添加失败！号码【1685042(-|-)】已存在！"}
2024-02-23 00:42:26 随机等待 149 秒，约 2 分钟
2024-02-23 00:42:26 下次操作: 2024-02-23 00:44:55

2024-02-23 00:44:55 开始第 5131 次操作

2024-02-23 00:44:55 开始操作号码 【1685043】
2024-02-23 00:44:59 GSD getOne 第 1 次 等待 3 秒
2024-02-23 00:45:02 查询号码 【1685043】，返回信息 {"status":"ok","msg":"-","gid":"624737","time_insert":"2023-03-31 01:04"}
2024-02-23 00:45:02 查询号码 【1685043】，GSD为【"-"】
2024-02-23 00:45:02 ok && -
2024-02-23 00:45:04 CHB 1685043?1708620302 第 1 次 等待 3 秒
2024-02-23 00:45:07 CHB 1685043?1708620302 第 1 次 获取到号码【1685043】GSD
2024-02-23 00:45:07 未获取到号码【1685043】GSD，可能号码格式错误
2024-02-23 00:45:07 获取到号码【1685043】的GSD为【-】
2024-02-23 00:45:13 GSD insert 第 1 次 等待 3 秒
2024-02-23 00:45:16 {"status":"bad","gid":"624737","msg":"添加失败！号码【1685043(-|-)】已存在！"}
2024-02-23 00:45:16 随机等待 168 秒，约 2 分钟
2024-02-23 00:45:16 下次操作: 2024-02-23 00:48:04

2024-02-23 00:48:04 开始第 5132 次操作

2024-02-23 00:48:04 开始操作号码 【1685044】
2024-02-23 00:48:08 GSD getOne 第 1 次 等待 3 秒
2024-02-23 00:48:11 查询号码 【1685044】，返回信息 {"status":"ok","msg":"-","gid":"624756","time_insert":"2023-03-31 01:16"}
2024-02-23 00:48:11 查询号码 【1685044】，GSD为【"-"】
2024-02-23 00:48:11 ok && -
2024-02-23 00:48:13 CHB 1685044?1708620491 第 1 次 等待 3 秒
2024-02-23 00:48:16 CHB 1685044?1708620491 第 1 次 获取到号码【1685044】GSD
2024-02-23 00:48:16 未获取到号码【1685044】GSD，可能号码格式错误
2024-02-23 00:48:16 获取到号码【1685044】的GSD为【-】
2024-02-23 00:48:21 GSD insert 第 1 次 等待 3 秒
2024-02-23 00:48:24 {"status":"bad","gid":"624756","msg":"添加失败！号码【1685044(-|-)】已存在！"}

