2024-04-11 00:23:41 开始第 2989 次操作

2024-04-11 00:23:41 开始操作号码 【1572902】
2024-04-11 00:23:46 GSD getOne 第 1 次 等待 3 秒
2024-04-11 00:23:49 查询号码 【1572902】，返回信息 {"status":"ok","msg":"河南-三门峡","gid":"208973","time_insert":"2021-07-06 21:24"}
2024-04-11 00:23:49 查询号码 【1572902】，GSD为【"河南-三门峡"】

2024-04-11 00:23:50 开始第 2990 次操作

2024-04-11 00:23:50 开始操作号码 【1572903】
2024-04-11 00:23:57 GSD getOne 第 1 次 等待 3 秒
2024-04-11 00:24:00 查询号码 【1572903】，返回信息 {"status":"ok","msg":"河南-三门峡","gid":"209106","time_insert":"2021-07-06 21:41"}
2024-04-11 00:24:00 查询号码 【1572903】，GSD为【"河南-三门峡"】

2024-04-11 00:24:01 开始第 2991 次操作

2024-04-11 00:24:01 开始操作号码 【1572904】
2024-04-11 00:24:07 GSD getOne 第 1 次 等待 3 秒
2024-04-11 00:24:10 查询号码 【1572904】，返回信息 {"status":"ok","msg":"河南-济源","gid":"209329","time_insert":"2021-07-06 21:59"}
2024-04-11 00:24:10 查询号码 【1572904】，GSD为【"河南-济源"】

2024-04-11 00:24:11 开始第 2992 次操作

2024-04-11 00:24:11 开始操作号码 【1572905】
2024-04-11 00:24:18 GSD getOne 第 1 次 等待 3 秒
2024-04-11 00:24:21 查询号码 【1572905】，返回信息 {"status":"ok","msg":"河南-济源","gid":"209410","time_insert":"2021-07-06 22:15"}
2024-04-11 00:24:21 查询号码 【1572905】，GSD为【"河南-济源"】

