2024-10-16 00:25:39 开始第 9893 次操作

2024-10-16 00:25:39 开始操作号码 【1359892】
2024-10-16 00:25:42 GSD getOne 第 1 次 等待 3 秒
2024-10-16 00:25:45 查询号码 【1359892】，返回信息 {"status":"ok","msg":"河南-驻马店","gid":"302156","time_insert":"2021-07-17 10:51"}
2024-10-16 00:25:45 查询号码 【1359892】，GSD为【"河南-驻马店"】

2024-10-16 00:25:46 开始第 9894 次操作

2024-10-16 00:25:46 开始操作号码 【1359893】
2024-10-16 00:25:48 GSD getOne 第 1 次 等待 3 秒
2024-10-16 00:25:51 查询号码 【1359893】，返回信息 {"status":"ok","msg":"河南-驻马店","gid":"7263","time_insert":"2017-06-11 20:47","time_update":"2020-09-13 21:42"}
2024-10-16 00:25:51 查询号码 【1359893】，GSD为【"河南-驻马店"】

2024-10-16 00:25:52 开始第 9895 次操作

2024-10-16 00:25:52 开始操作号码 【1359894】
2024-10-16 00:25:57 GSD getOne 第 1 次 等待 3 秒
2024-10-16 00:26:00 查询号码 【1359894】，返回信息 {"status":"ok","msg":"河南-驻马店","gid":"302148","time_insert":"2021-07-17 10:50"}
2024-10-16 00:26:00 查询号码 【1359894】，GSD为【"河南-驻马店"】

2024-10-16 00:26:01 开始第 9896 次操作

2024-10-16 00:26:01 开始操作号码 【1359895】
2024-10-16 00:26:03 GSD getOne 第 1 次 等待 3 秒
2024-10-16 00:26:06 查询号码 【1359895】，返回信息 {"status":"ok","msg":"河南-许昌","gid":"302139","time_insert":"2021-07-17 10:49"}
2024-10-16 00:26:06 查询号码 【1359895】，GSD为【"河南-许昌"】

