2023-10-25 00:21:28 开始第 4853 次操作

2023-10-25 00:21:28 开始操作号码 【1894767】
2023-10-25 00:21:37 GSD getOne 第 1 次 等待 3 秒
2023-10-25 00:21:40 查询号码 【1894767】，返回信息 {"status":"ok","msg":"内蒙古-赤峰","gid":"482562","time_insert":"2021-08-02 19:41"}
2023-10-25 00:21:40 查询号码 【1894767】，GSD为【"内蒙古-赤峰"】

2023-10-25 00:21:41 开始第 4854 次操作

2023-10-25 00:21:41 开始操作号码 【1894768】
2023-10-25 00:21:47 GSD getOne 第 1 次 等待 3 秒
2023-10-25 00:21:50 查询号码 【1894768】，返回信息 {"status":"ok","msg":"内蒙古-兴安盟","gid":"482549","time_insert":"2021-08-02 19:40"}
2023-10-25 00:21:50 查询号码 【1894768】，GSD为【"内蒙古-兴安盟"】

2023-10-25 00:21:51 开始第 4855 次操作

2023-10-25 00:21:51 开始操作号码 【1894769】
2023-10-25 00:22:00 GSD getOne 第 1 次 等待 3 秒
2023-10-25 00:22:03 查询号码 【1894769】，返回信息 {"status":"ok","msg":"内蒙古-兴安盟","gid":"482539","time_insert":"2021-08-02 19:39"}
2023-10-25 00:22:03 查询号码 【1894769】，GSD为【"内蒙古-兴安盟"】

2023-10-25 00:22:04 开始第 4856 次操作

2023-10-25 00:22:04 开始操作号码 【1894770】
2023-10-25 00:22:07 GSD getOne 第 1 次 等待 3 秒
2023-10-25 00:22:10 查询号码 【1894770】，返回信息 {"status":"ok","msg":"内蒙古-鄂尔多斯","gid":"482524","time_insert":"2021-08-02 19:39"}
2023-10-25 00:22:10 查询号码 【1894770】，GSD为【"内蒙古-鄂尔多斯"】

2023-10-25 00:41:22 开始第 4857 次操作

2023-10-25 00:41:22 开始操作号码 【1894771】
2023-10-25 00:41:25 GSD getOne 第 1 次 等待 3 秒
2023-10-25 00:41:28 查询号码 【1894771】，返回信息 {"status":"ok","msg":"内蒙古-包头","gid":"482517","time_insert":"2021-08-02 19:38"}
2023-10-25 00:41:28 查询号码 【1894771】，GSD为【"内蒙古-包头"】

2023-10-25 00:41:29 开始第 4858 次操作

2023-10-25 00:41:29 开始操作号码 【1894772】
2023-10-25 00:41:36 GSD getOne 第 1 次 等待 3 秒
2023-10-25 00:41:39 查询号码 【1894772】，返回信息 {"status":"ok","msg":"内蒙古-包头","gid":"482505","time_insert":"2021-08-02 19:37"}
2023-10-25 00:41:39 查询号码 【1894772】，GSD为【"内蒙古-包头"】

2023-10-25 00:41:40 开始第 4859 次操作

2023-10-25 00:41:40 开始操作号码 【1894773】
2023-10-25 00:41:46 GSD getOne 第 1 次 等待 3 秒
2023-10-25 00:41:49 查询号码 【1894773】，返回信息 {"status":"ok","msg":"内蒙古-包头","gid":"482497","time_insert":"2021-08-02 19:36"}
2023-10-25 00:41:49 查询号码 【1894773】，GSD为【"内蒙古-包头"】

2023-10-25 00:41:50 开始第 4860 次操作

2023-10-25 00:41:50 开始操作号码 【1894774】
2023-10-25 00:41:53 GSD getOne 第 1 次 等待 3 秒
2023-10-25 00:41:56 查询号码 【1894774】，返回信息 {"status":"ok","msg":"内蒙古-鄂尔多斯","gid":"482493","time_insert":"2021-08-02 19:36"}
2023-10-25 00:41:56 查询号码 【1894774】，GSD为【"内蒙古-鄂尔多斯"】

2023-10-25 01:15:15 开始第 4861 次操作

2023-10-25 01:15:15 开始操作号码 【1894775】
2023-10-25 01:15:18 GSD getOne 第 1 次 等待 3 秒
2023-10-25 01:15:21 查询号码 【1894775】，返回信息 {"status":"ok","msg":"内蒙古-鄂尔多斯","gid":"482460","time_insert":"2021-08-02 19:20"}
2023-10-25 01:15:21 查询号码 【1894775】，GSD为【"内蒙古-鄂尔多斯"】

2023-10-25 01:15:22 开始第 4862 次操作

2023-10-25 01:15:22 开始操作号码 【1894776】
2023-10-25 01:15:31 GSD getOne 第 1 次 等待 3 秒
2023-10-25 01:15:34 查询号码 【1894776】，返回信息 {"status":"ok","msg":"内蒙古-鄂尔多斯","gid":"482457","time_insert":"2021-08-02 19:19"}
2023-10-25 01:15:34 查询号码 【1894776】，GSD为【"内蒙古-鄂尔多斯"】

2023-10-25 01:15:35 开始第 4863 次操作

2023-10-25 01:15:35 开始操作号码 【1894777】
2023-10-25 01:15:37 GSD getOne 第 1 次 等待 3 秒
2023-10-25 01:15:40 查询号码 【1894777】，返回信息 {"status":"ok","msg":"内蒙古-鄂尔多斯","gid":"482456","time_insert":"2021-08-02 19:18"}
2023-10-25 01:15:41 查询号码 【1894777】，GSD为【"内蒙古-鄂尔多斯"】

2023-10-25 01:15:42 开始第 4864 次操作

2023-10-25 01:15:42 开始操作号码 【1894778】
2023-10-25 01:15:44 GSD getOne 第 1 次 等待 3 秒
2023-10-25 01:15:47 查询号码 【1894778】，返回信息 {"status":"ok","msg":"内蒙古-鄂尔多斯","gid":"482454","time_insert":"2021-08-02 19:17"}
2023-10-25 01:15:47 查询号码 【1894778】，GSD为【"内蒙古-鄂尔多斯"】

2023-10-25 01:37:45 开始第 4865 次操作

2023-10-25 01:37:45 开始操作号码 【1894779】
2023-10-25 01:37:47 GSD getOne 第 1 次 等待 3 秒
2023-10-25 01:37:50 查询号码 【1894779】，返回信息 {"status":"ok","msg":"内蒙古-鄂尔多斯","gid":"482451","time_insert":"2021-08-02 19:16"}
2023-10-25 01:37:50 查询号码 【1894779】，GSD为【"内蒙古-鄂尔多斯"】

2023-10-25 01:37:51 开始第 4866 次操作

2023-10-25 01:37:51 开始操作号码 【1894780】
2023-10-25 01:37:54 GSD getOne 第 1 次 等待 3 秒
2023-10-25 01:37:57 查询号码 【1894780】，返回信息 {"status":"ok","msg":"内蒙古-巴彦淖尔","gid":"482446","time_insert":"2021-08-02 19:15"}
2023-10-25 01:37:57 查询号码 【1894780】，GSD为【"内蒙古-巴彦淖尔"】

2023-10-25 01:37:58 开始第 4867 次操作

2023-10-25 01:37:58 开始操作号码 【1894781】
2023-10-25 01:38:04 GSD getOne 第 1 次 等待 3 秒
2023-10-25 01:38:07 查询号码 【1894781】，返回信息 {"status":"ok","msg":"内蒙古-巴彦淖尔","gid":"482441","time_insert":"2021-08-02 19:13"}
2023-10-25 01:38:07 查询号码 【1894781】，GSD为【"内蒙古-巴彦淖尔"】

2023-10-25 01:38:08 开始第 4868 次操作

2023-10-25 01:38:08 开始操作号码 【1894782】
2023-10-25 01:38:11 GSD getOne 第 1 次 等待 3 秒
2023-10-25 01:38:14 查询号码 【1894782】，返回信息 {"status":"ok","msg":"内蒙古-兴安盟","gid":"482430","time_insert":"2021-08-02 19:12"}
2023-10-25 01:38:14 查询号码 【1894782】，GSD为【"内蒙古-兴安盟"】

2023-10-25 02:22:26 开始第 4869 次操作

2023-10-25 02:22:26 开始操作号码 【1894783】
2023-10-25 02:22:32 GSD getOne 第 1 次 等待 3 秒
2023-10-25 02:22:35 查询号码 【1894783】，返回信息 {"status":"ok","msg":"内蒙古-阿拉善","gid":"482423","time_insert":"2021-08-02 19:12"}
2023-10-25 02:22:35 查询号码 【1894783】，GSD为【"内蒙古-阿拉善"】

2023-10-25 02:22:36 开始第 4870 次操作

2023-10-25 02:22:36 开始操作号码 【1894784】
2023-10-25 02:22:38 GSD getOne 第 1 次 等待 3 秒
2023-10-25 02:22:41 查询号码 【1894784】，返回信息 {"status":"ok","msg":"内蒙古-乌兰察布","gid":"482412","time_insert":"2021-08-02 19:11"}
2023-10-25 02:22:41 查询号码 【1894784】，GSD为【"内蒙古-乌兰察布"】

2023-10-25 02:22:42 开始第 4871 次操作

2023-10-25 02:22:42 开始操作号码 【1894785】
2023-10-25 02:22:45 GSD getOne 第 1 次 等待 3 秒
2023-10-25 02:22:48 查询号码 【1894785】，返回信息 {"status":"ok","msg":"内蒙古-乌兰察布","gid":"482401","time_insert":"2021-08-02 19:10"}
2023-10-25 02:22:48 查询号码 【1894785】，GSD为【"内蒙古-乌兰察布"】

2023-10-25 02:22:49 开始第 4872 次操作

2023-10-25 02:22:49 开始操作号码 【1894786】
2023-10-25 02:22:51 GSD getOne 第 1 次 等待 3 秒
2023-10-25 02:22:54 查询号码 【1894786】，返回信息 {"status":"ok","msg":"内蒙古-乌兰察布","gid":"482390","time_insert":"2021-08-02 19:09"}
2023-10-25 02:22:54 查询号码 【1894786】，GSD为【"内蒙古-乌兰察布"】

2023-10-25 02:38:57 开始第 4873 次操作

2023-10-25 02:38:57 开始操作号码 【1894787】
2023-10-25 02:39:03 GSD getOne 第 1 次 等待 3 秒
2023-10-25 02:39:06 查询号码 【1894787】，返回信息 {"status":"ok","msg":"内蒙古-鄂尔多斯","gid":"482372","time_insert":"2021-08-02 19:08"}
2023-10-25 02:39:06 查询号码 【1894787】，GSD为【"内蒙古-鄂尔多斯"】

2023-10-25 02:39:07 开始第 4874 次操作

2023-10-25 02:39:07 开始操作号码 【1894788】
2023-10-25 02:39:10 GSD getOne 第 1 次 等待 3 秒
2023-10-25 02:39:13 查询号码 【1894788】，返回信息 {"status":"ok","msg":"内蒙古-巴彦淖尔","gid":"482355","time_insert":"2021-08-02 19:07"}
2023-10-25 02:39:13 查询号码 【1894788】，GSD为【"内蒙古-巴彦淖尔"】

2023-10-25 02:39:14 开始第 4875 次操作

2023-10-25 02:39:14 开始操作号码 【1894789】
2023-10-25 02:39:16 GSD getOne 第 1 次 等待 3 秒
2023-10-25 02:39:19 查询号码 【1894789】，返回信息 {"status":"ok","msg":"内蒙古-巴彦淖尔","gid":"482339","time_insert":"2021-08-02 19:06"}
2023-10-25 02:39:19 查询号码 【1894789】，GSD为【"内蒙古-巴彦淖尔"】

2023-10-25 02:39:20 开始第 4876 次操作

2023-10-25 02:39:20 开始操作号码 【1894790】
2023-10-25 02:39:23 GSD getOne 第 1 次 等待 3 秒
2023-10-25 02:39:26 查询号码 【1894790】，返回信息 {"status":"ok","msg":"内蒙古-锡林郭勒","gid":"482325","time_insert":"2021-08-02 19:05"}
2023-10-25 02:39:26 查询号码 【1894790】，GSD为【"内蒙古-锡林郭勒"】

