2024-03-12 00:20:41 开始第 8289 次操作

2024-03-12 00:20:41 开始操作号码 【1688201】
2024-03-12 00:20:46 GSD getOne 第 1 次 等待 3 秒
2024-03-12 00:20:49 查询号码 【1688201】，返回信息 {"status":"ok","msg":"-","gid":"667441","time_insert":"2023-04-20 23:31"}
2024-03-12 00:20:49 查询号码 【1688201】，GSD为【"-"】
2024-03-12 00:20:49 ok && -
2024-03-12 00:20:52 CHB 1688201?1710174049 第 1 次 等待 3 秒
2024-03-12 00:20:55 CHB 1688201?1710174049 第 1 次 获取到号码【1688201】GSD
2024-03-12 00:20:55 未获取到号码【1688201】GSD，可能号码格式错误
2024-03-12 00:20:55 获取到号码【1688201】的GSD为【-】
2024-03-12 00:20:59 GSD insert 第 1 次 等待 3 秒
2024-03-12 00:21:02 {"status":"bad","gid":"667441","msg":"添加失败！号码【1688201(-|-)】已存在！"}
2024-03-12 00:21:02 随机等待 157 秒，约 2 分钟
2024-03-12 00:21:02 下次操作: 2024-03-12 00:23:39

2024-03-12 00:23:39 开始第 8290 次操作

2024-03-12 00:23:39 开始操作号码 【1688202】
2024-03-12 00:23:44 GSD getOne 第 1 次 等待 3 秒
2024-03-12 00:23:47 查询号码 【1688202】，返回信息 {"status":"ok","msg":"-","gid":"667436","time_insert":"2023-04-20 23:29"}
2024-03-12 00:23:47 查询号码 【1688202】，GSD为【"-"】
2024-03-12 00:23:47 ok && -
2024-03-12 00:23:53 CHB 1688202?1710174227 第 1 次 等待 3 秒
2024-03-12 00:23:56 CHB 1688202?1710174227 第 1 次 获取到号码【1688202】GSD
2024-03-12 00:23:56 未获取到号码【1688202】GSD，可能号码格式错误
2024-03-12 00:23:56 获取到号码【1688202】的GSD为【-】
2024-03-12 00:24:01 GSD insert 第 1 次 等待 3 秒
2024-03-12 00:24:04 {"status":"bad","gid":"667436","msg":"添加失败！号码【1688202(-|-)】已存在！"}
2024-03-12 00:24:04 随机等待 212 秒，约 3 分钟
2024-03-12 00:24:04 下次操作: 2024-03-12 00:27:36

2024-03-12 00:27:36 开始第 8291 次操作

2024-03-12 00:27:36 开始操作号码 【1688203】
2024-03-12 00:27:40 GSD getOne 第 1 次 等待 3 秒
2024-03-12 00:27:43 查询号码 【1688203】，返回信息 {"status":"ok","msg":"-","gid":"667430","time_insert":"2023-04-20 23:27"}
2024-03-12 00:27:43 查询号码 【1688203】，GSD为【"-"】
2024-03-12 00:27:43 ok && -
2024-03-12 00:27:47 CHB 1688203?1710174463 第 1 次 等待 3 秒
2024-03-12 00:27:50 CHB 1688203?1710174463 第 1 次 获取到号码【1688203】GSD
2024-03-12 00:27:50 未获取到号码【1688203】GSD，可能号码格式错误
2024-03-12 00:27:50 获取到号码【1688203】的GSD为【-】
2024-03-12 00:27:54 GSD insert 第 1 次 等待 3 秒
2024-03-12 00:27:57 {"status":"bad","gid":"667430","msg":"添加失败！号码【1688203(-|-)】已存在！"}
2024-03-12 00:27:57 随机等待 87 秒，约 1 分钟
2024-03-12 00:27:57 下次操作: 2024-03-12 00:29:24

2024-03-12 00:29:25 开始第 8292 次操作

2024-03-12 00:29:25 开始操作号码 【1688204】
2024-03-12 00:29:29 GSD getOne 第 1 次 等待 3 秒
2024-03-12 00:29:32 查询号码 【1688204】，返回信息 {"status":"ok","msg":"-","gid":"667423","time_insert":"2023-04-20 23:20"}
2024-03-12 00:29:32 查询号码 【1688204】，GSD为【"-"】
2024-03-12 00:29:32 ok && -
2024-03-12 00:29:35 CHB 1688204?1710174572 第 1 次 等待 3 秒
2024-03-12 00:29:38 CHB 1688204?1710174572 第 1 次 获取到号码【1688204】GSD
2024-03-12 00:29:38 未获取到号码【1688204】GSD，可能号码格式错误
2024-03-12 00:29:38 获取到号码【1688204】的GSD为【-】
2024-03-12 00:29:44 GSD insert 第 1 次 等待 3 秒
2024-03-12 00:29:47 {"status":"bad","gid":"667423","msg":"添加失败！号码【1688204(-|-)】已存在！"}

