2023-12-01 00:00:34 开始第 715 次操作

2023-12-01 00:00:34 开始操作号码 【1790630】
2023-12-01 00:00:42 GSD getOne 第 1 次 等待 3 秒
2023-12-01 00:00:45 查询号码 【1790630】，返回信息 {"status":"ok","msg":"-","gid":"551882","time_insert":"2023-02-24 14:46"}
2023-12-01 00:00:45 查询号码 【1790630】，GSD为【"-"】
2023-12-01 00:00:45 ok && -
2023-12-01 00:00:47 CHB 1790630?1701360045 第 1 次 等待 3 秒
2023-12-01 00:00:50 CHB 1790630?1701360045 第 1 次 获取到号码【1790630】GSD
2023-12-01 00:00:50 未获取到号码【1790630】GSD，可能号码格式错误
2023-12-01 00:00:50 获取到号码【1790630】的GSD为【-】
2023-12-01 00:00:54 GSD insert 第 1 次 等待 3 秒
2023-12-01 00:00:57 {"status":"bad","gid":"551882","msg":"添加失败！号码【1790630(-|-)】已存在！"}
2023-12-01 00:00:57 随机等待 117 秒，约 1 分钟
2023-12-01 00:00:57 下次操作: 2023-12-01 00:02:54

2023-12-01 00:02:54 开始第 716 次操作

2023-12-01 00:02:54 开始操作号码 【1790631】
2023-12-01 00:02:58 GSD getOne 第 1 次 等待 3 秒
2023-12-01 00:03:01 查询号码 【1790631】，返回信息 {"status":"ok","msg":"-","gid":"551916","time_insert":"2023-02-24 15:06"}
2023-12-01 00:03:02 查询号码 【1790631】，GSD为【"-"】
2023-12-01 00:03:02 ok && -
2023-12-01 00:03:04 CHB 1790631?1701360182 第 1 次 等待 3 秒
2023-12-01 00:03:07 CHB 1790631?1701360182 第 1 次 获取到号码【1790631】GSD
2023-12-01 00:03:07 未获取到号码【1790631】GSD，可能号码格式错误
2023-12-01 00:03:07 获取到号码【1790631】的GSD为【-】
2023-12-01 00:03:11 GSD insert 第 1 次 等待 3 秒
2023-12-01 00:03:14 {"status":"bad","gid":"551916","msg":"添加失败！号码【1790631(-|-)】已存在！"}

2023-12-01 00:24:07 开始第 717 次操作

2023-12-01 00:24:07 开始操作号码 【1790632】
2023-12-01 00:24:11 GSD getOne 第 1 次 等待 3 秒
2023-12-01 00:24:14 查询号码 【1790632】，返回信息 {"status":"ok","msg":"-","gid":"551943","time_insert":"2023-02-24 15:24"}
2023-12-01 00:24:14 查询号码 【1790632】，GSD为【"-"】
2023-12-01 00:24:14 ok && -
2023-12-01 00:24:16 CHB 1790632?1701361454 第 1 次 等待 3 秒
2023-12-01 00:24:19 CHB 1790632?1701361454 第 1 次 获取到号码【1790632】GSD
2023-12-01 00:24:19 未获取到号码【1790632】GSD，可能号码格式错误
2023-12-01 00:24:19 获取到号码【1790632】的GSD为【-】
2023-12-01 00:24:26 GSD insert 第 1 次 等待 3 秒
2023-12-01 00:24:29 {"status":"bad","gid":"551943","msg":"添加失败！号码【1790632(-|-)】已存在！"}
2023-12-01 00:24:29 随机等待 206 秒，约 3 分钟
2023-12-01 00:24:29 下次操作: 2023-12-01 00:27:55

2023-12-01 00:27:55 开始第 718 次操作

2023-12-01 00:27:55 开始操作号码 【1790633】
2023-12-01 00:28:00 GSD getOne 第 1 次 等待 3 秒
2023-12-01 00:28:03 查询号码 【1790633】，返回信息 {"status":"ok","msg":"-","gid":"551982","time_insert":"2023-02-24 15:44"}
2023-12-01 00:28:03 查询号码 【1790633】，GSD为【"-"】
2023-12-01 00:28:03 ok && -
2023-12-01 00:28:09 CHB 1790633?1701361683 第 1 次 等待 3 秒
2023-12-01 00:28:12 CHB 1790633?1701361683 第 1 次 获取到号码【1790633】GSD
2023-12-01 00:28:12 未获取到号码【1790633】GSD，可能号码格式错误
2023-12-01 00:28:12 获取到号码【1790633】的GSD为【-】
2023-12-01 00:28:16 GSD insert 第 1 次 等待 3 秒
2023-12-01 00:28:19 {"status":"bad","gid":"551982","msg":"添加失败！号码【1790633(-|-)】已存在！"}
2023-12-01 00:28:19 随机等待 113 秒，约 1 分钟
2023-12-01 00:28:19 下次操作: 2023-12-01 00:30:12

2023-12-01 00:30:12 开始第 719 次操作

2023-12-01 00:30:12 开始操作号码 【1790634】
2023-12-01 00:30:16 GSD getOne 第 1 次 等待 3 秒
2023-12-01 00:30:19 查询号码 【1790634】，返回信息 {"status":"ok","msg":"-","gid":"552015","time_insert":"2023-02-24 16:02"}
2023-12-01 00:30:19 查询号码 【1790634】，GSD为【"-"】
2023-12-01 00:30:19 ok && -
2023-12-01 00:30:21 CHB 1790634?1701361819 第 1 次 等待 3 秒
2023-12-01 00:30:24 CHB 1790634?1701361819 第 1 次 获取到号码【1790634】GSD
2023-12-01 00:30:24 未获取到号码【1790634】GSD，可能号码格式错误
2023-12-01 00:30:24 获取到号码【1790634】的GSD为【-】
2023-12-01 00:30:28 GSD insert 第 1 次 等待 3 秒
2023-12-01 00:30:31 {"status":"bad","gid":"552015","msg":"添加失败！号码【1790634(-|-)】已存在！"}
2023-12-01 00:30:31 随机等待 103 秒，约 1 分钟
2023-12-01 00:30:31 下次操作: 2023-12-01 00:32:14

2023-12-01 00:32:14 开始第 720 次操作

2023-12-01 00:32:14 开始操作号码 【1790635】
2023-12-01 00:32:21 GSD getOne 第 1 次 等待 3 秒
2023-12-01 00:32:24 查询号码 【1790635】，返回信息 {"status":"ok","msg":"-","gid":"552044","time_insert":"2023-02-24 16:22"}
2023-12-01 00:32:24 查询号码 【1790635】，GSD为【"-"】
2023-12-01 00:32:24 ok && -
2023-12-01 00:32:26 CHB 1790635?1701361944 第 1 次 等待 3 秒
2023-12-01 00:32:29 CHB 1790635?1701361944 第 1 次 获取到号码【1790635】GSD
2023-12-01 00:32:29 未获取到号码【1790635】GSD，可能号码格式错误
2023-12-01 00:32:29 获取到号码【1790635】的GSD为【-】
2023-12-01 00:32:33 GSD insert 第 1 次 等待 3 秒
2023-12-01 00:32:36 {"status":"bad","gid":"552044","msg":"添加失败！号码【1790635(-|-)】已存在！"}

2023-12-01 00:42:38 开始第 721 次操作

2023-12-01 00:42:38 开始操作号码 【1790636】
2023-12-01 00:42:47 GSD getOne 第 1 次 等待 3 秒
2023-12-01 00:42:50 查询号码 【1790636】，返回信息 {"status":"ok","msg":"-","gid":"552064","time_insert":"2023-02-24 16:38"}
2023-12-01 00:42:50 查询号码 【1790636】，GSD为【"-"】
2023-12-01 00:42:50 ok && -
2023-12-01 00:42:52 CHB 1790636?1701362570 第 1 次 等待 3 秒
2023-12-01 00:42:55 CHB 1790636?1701362570 第 1 次 获取到号码【1790636】GSD
2023-12-01 00:42:55 未获取到号码【1790636】GSD，可能号码格式错误
2023-12-01 00:42:55 获取到号码【1790636】的GSD为【-】
2023-12-01 00:43:00 GSD insert 第 1 次 等待 3 秒
2023-12-01 00:43:03 {"status":"bad","gid":"552064","msg":"添加失败！号码【1790636(-|-)】已存在！"}
2023-12-01 00:43:03 随机等待 225 秒，约 3 分钟
2023-12-01 00:43:03 下次操作: 2023-12-01 00:46:48

2023-12-01 00:46:48 开始第 722 次操作

2023-12-01 00:46:48 开始操作号码 【1790637】
2023-12-01 00:46:52 GSD getOne 第 1 次 等待 3 秒
2023-12-01 00:46:55 查询号码 【1790637】，返回信息 {"status":"ok","msg":"-","gid":"552091","time_insert":"2023-02-24 16:56"}
2023-12-01 00:46:55 查询号码 【1790637】，GSD为【"-"】
2023-12-01 00:46:55 ok && -
2023-12-01 00:46:57 CHB 1790637?1701362815 第 1 次 等待 3 秒
2023-12-01 00:47:00 CHB 1790637?1701362815 第 1 次 获取到号码【1790637】GSD
2023-12-01 00:47:00 未获取到号码【1790637】GSD，可能号码格式错误
2023-12-01 00:47:00 获取到号码【1790637】的GSD为【-】
2023-12-01 00:47:06 GSD insert 第 1 次 等待 3 秒
2023-12-01 00:47:09 {"status":"bad","gid":"552091","msg":"添加失败！号码【1790637(-|-)】已存在！"}
2023-12-01 00:47:09 随机等待 232 秒，约 3 分钟
2023-12-01 00:47:09 下次操作: 2023-12-01 00:51:01

2023-12-01 00:51:01 开始第 723 次操作

2023-12-01 00:51:01 开始操作号码 【1790638】
2023-12-01 00:51:05 GSD getOne 第 1 次 等待 3 秒
2023-12-01 00:51:08 查询号码 【1790638】，返回信息 {"status":"ok","msg":"-","gid":"552122","time_insert":"2023-02-24 17:14"}
2023-12-01 00:51:08 查询号码 【1790638】，GSD为【"-"】
2023-12-01 00:51:08 ok && -
2023-12-01 00:51:10 CHB 1790638?1701363068 第 1 次 等待 3 秒
2023-12-01 00:51:13 CHB 1790638?1701363068 第 1 次 获取到号码【1790638】GSD
2023-12-01 00:51:13 未获取到号码【1790638】GSD，可能号码格式错误
2023-12-01 00:51:13 获取到号码【1790638】的GSD为【-】
2023-12-01 00:51:16 GSD insert 第 1 次 等待 3 秒
2023-12-01 00:51:19 {"status":"bad","gid":"552122","msg":"添加失败！号码【1790638(-|-)】已存在！"}
2023-12-01 00:51:19 随机等待 103 秒，约 1 分钟
2023-12-01 00:51:19 下次操作: 2023-12-01 00:53:02

2023-12-01 00:53:02 开始第 724 次操作

2023-12-01 00:53:02 开始操作号码 【1790639】
2023-12-01 00:53:06 GSD getOne 第 1 次 等待 3 秒
2023-12-01 00:53:09 查询号码 【1790639】，返回信息 {"status":"ok","msg":"-","gid":"552147","time_insert":"2023-02-24 17:30"}
2023-12-01 00:53:09 查询号码 【1790639】，GSD为【"-"】
2023-12-01 00:53:09 ok && -
2023-12-01 00:53:11 CHB 1790639?1701363189 第 1 次 等待 3 秒
2023-12-01 00:53:14 CHB 1790639?1701363189 第 1 次 获取到号码【1790639】GSD
2023-12-01 00:53:14 未获取到号码【1790639】GSD，可能号码格式错误
2023-12-01 00:53:14 获取到号码【1790639】的GSD为【-】
2023-12-01 00:53:18 GSD insert 第 1 次 等待 3 秒
2023-12-01 00:53:21 {"status":"bad","gid":"552147","msg":"添加失败！号码【1790639(-|-)】已存在！"}

2023-12-01 01:16:24 开始第 725 次操作

2023-12-01 01:16:24 开始操作号码 【1790640】
2023-12-01 01:16:29 GSD getOne 第 1 次 等待 3 秒
2023-12-01 01:16:32 查询号码 【1790640】，返回信息 {"status":"ok","msg":"-","gid":"552183","time_insert":"2023-02-24 17:47"}
2023-12-01 01:16:32 查询号码 【1790640】，GSD为【"-"】
2023-12-01 01:16:32 ok && -
2023-12-01 01:16:34 CHB 1790640?1701364592 第 1 次 等待 3 秒
2023-12-01 01:16:37 CHB 1790640?1701364592 第 1 次 获取到号码【1790640】GSD
2023-12-01 01:16:37 未获取到号码【1790640】GSD，可能号码格式错误
2023-12-01 01:16:37 获取到号码【1790640】的GSD为【-】
2023-12-01 01:16:41 GSD insert 第 1 次 等待 3 秒
2023-12-01 01:16:44 {"status":"bad","gid":"552183","msg":"添加失败！号码【1790640(-|-)】已存在！"}
2023-12-01 01:16:44 随机等待 142 秒，约 2 分钟
2023-12-01 01:16:44 下次操作: 2023-12-01 01:19:06

2023-12-01 01:19:06 开始第 726 次操作

2023-12-01 01:19:06 开始操作号码 【1790641】
2023-12-01 01:19:10 GSD getOne 第 1 次 等待 3 秒
2023-12-01 01:19:13 查询号码 【1790641】，返回信息 {"status":"ok","msg":"-","gid":"552214","time_insert":"2023-02-24 18:04"}
2023-12-01 01:19:13 查询号码 【1790641】，GSD为【"-"】
2023-12-01 01:19:13 ok && -
2023-12-01 01:19:15 CHB 1790641?1701364753 第 1 次 等待 3 秒
2023-12-01 01:19:18 CHB 1790641?1701364753 第 1 次 获取到号码【1790641】GSD
2023-12-01 01:19:18 未获取到号码【1790641】GSD，可能号码格式错误
2023-12-01 01:19:18 获取到号码【1790641】的GSD为【-】
2023-12-01 01:19:21 GSD insert 第 1 次 等待 3 秒
2023-12-01 01:19:24 {"status":"bad","gid":"552214","msg":"添加失败！号码【1790641(-|-)】已存在！"}
2023-12-01 01:19:24 随机等待 229 秒，约 3 分钟
2023-12-01 01:19:24 下次操作: 2023-12-01 01:23:13

2023-12-01 01:23:13 开始第 727 次操作

2023-12-01 01:23:13 开始操作号码 【1790642】
2023-12-01 01:23:20 GSD getOne 第 1 次 等待 3 秒
2023-12-01 01:23:23 查询号码 【1790642】，返回信息 {"status":"ok","msg":"-","gid":"552246","time_insert":"2023-02-24 18:23"}
2023-12-01 01:23:23 查询号码 【1790642】，GSD为【"-"】
2023-12-01 01:23:23 ok && -
2023-12-01 01:23:25 CHB 1790642?1701365003 第 1 次 等待 3 秒
2023-12-01 01:23:28 CHB 1790642?1701365003 第 1 次 获取到号码【1790642】GSD
2023-12-01 01:23:28 未获取到号码【1790642】GSD，可能号码格式错误
2023-12-01 01:23:28 获取到号码【1790642】的GSD为【-】
2023-12-01 01:23:32 GSD insert 第 1 次 等待 3 秒
2023-12-01 01:23:35 {"status":"bad","gid":"552246","msg":"添加失败！号码【1790642(-|-)】已存在！"}
2023-12-01 01:23:35 随机等待 67 秒，约 1 分钟
2023-12-01 01:23:35 下次操作: 2023-12-01 01:24:42

2023-12-01 01:24:42 开始第 728 次操作

2023-12-01 01:24:42 开始操作号码 【1790643】
2023-12-01 01:24:50 GSD getOne 第 1 次 等待 3 秒
2023-12-01 01:24:53 查询号码 【1790643】，返回信息 {"status":"ok","msg":"-","gid":"552277","time_insert":"2023-02-24 18:43"}
2023-12-01 01:24:53 查询号码 【1790643】，GSD为【"-"】
2023-12-01 01:24:53 ok && -
2023-12-01 01:24:56 CHB 1790643?1701365093 第 1 次 等待 3 秒
2023-12-01 01:24:59 CHB 1790643?1701365093 第 1 次 获取到号码【1790643】GSD
2023-12-01 01:24:59 未获取到号码【1790643】GSD，可能号码格式错误
2023-12-01 01:24:59 获取到号码【1790643】的GSD为【-】
2023-12-01 01:25:03 GSD insert 第 1 次 等待 3 秒
2023-12-01 01:25:06 {"status":"bad","gid":"552277","msg":"添加失败！号码【1790643(-|-)】已存在！"}

2023-12-01 01:38:04 开始第 729 次操作

2023-12-01 01:38:04 开始操作号码 【1790644】
2023-12-01 01:38:08 GSD getOne 第 1 次 等待 3 秒
2023-12-01 01:38:11 查询号码 【1790644】，返回信息 {"status":"ok","msg":"-","gid":"552308","time_insert":"2023-02-24 19:03"}
2023-12-01 01:38:11 查询号码 【1790644】，GSD为【"-"】
2023-12-01 01:38:11 ok && -
2023-12-01 01:38:13 CHB 1790644?1701365891 第 1 次 等待 3 秒
2023-12-01 01:38:16 CHB 1790644?1701365891 第 1 次 获取到号码【1790644】GSD
2023-12-01 01:38:16 未获取到号码【1790644】GSD，可能号码格式错误
2023-12-01 01:38:16 获取到号码【1790644】的GSD为【-】
2023-12-01 01:38:19 GSD insert 第 1 次 等待 3 秒
2023-12-01 01:38:22 {"status":"bad","gid":"552308","msg":"添加失败！号码【1790644(-|-)】已存在！"}
2023-12-01 01:38:22 随机等待 159 秒，约 2 分钟
2023-12-01 01:38:22 下次操作: 2023-12-01 01:41:01

2023-12-01 01:41:01 开始第 730 次操作

2023-12-01 01:41:01 开始操作号码 【1790645】
2023-12-01 01:41:04 GSD getOne 第 1 次 等待 3 秒
2023-12-01 01:41:07 查询号码 【1790645】，返回信息 {"status":"ok","msg":"-","gid":"552335","time_insert":"2023-02-24 19:20"}
2023-12-01 01:41:07 查询号码 【1790645】，GSD为【"-"】
2023-12-01 01:41:07 ok && -
2023-12-01 01:41:10 CHB 1790645?1701366067 第 1 次 等待 3 秒
2023-12-01 01:41:13 CHB 1790645?1701366067 第 1 次 获取到号码【1790645】GSD
2023-12-01 01:41:13 未获取到号码【1790645】GSD，可能号码格式错误
2023-12-01 01:41:13 获取到号码【1790645】的GSD为【-】
2023-12-01 01:41:16 GSD insert 第 1 次 等待 3 秒
2023-12-01 01:41:19 {"status":"bad","gid":"552335","msg":"添加失败！号码【1790645(-|-)】已存在！"}
2023-12-01 01:41:19 随机等待 182 秒，约 3 分钟
2023-12-01 01:41:19 下次操作: 2023-12-01 01:44:21

2023-12-01 01:44:21 开始第 731 次操作

2023-12-01 01:44:21 开始操作号码 【1790646】
2023-12-01 01:44:25 GSD getOne 第 1 次 等待 3 秒
2023-12-01 01:44:28 查询号码 【1790646】，返回信息 {"status":"ok","msg":"-","gid":"552369","time_insert":"2023-02-24 19:39"}
2023-12-01 01:44:28 查询号码 【1790646】，GSD为【"-"】
2023-12-01 01:44:28 ok && -
2023-12-01 01:44:30 CHB 1790646?1701366268 第 1 次 等待 3 秒
2023-12-01 01:44:33 CHB 1790646?1701366268 第 1 次 获取到号码【1790646】GSD
2023-12-01 01:44:33 未获取到号码【1790646】GSD，可能号码格式错误
2023-12-01 01:44:33 获取到号码【1790646】的GSD为【-】
2023-12-01 01:44:37 GSD insert 第 1 次 等待 3 秒
2023-12-01 01:44:40 {"status":"bad","gid":"552369","msg":"添加失败！号码【1790646(-|-)】已存在！"}
2023-12-01 01:44:40 随机等待 95 秒，约 1 分钟
2023-12-01 01:44:40 下次操作: 2023-12-01 01:46:15

2023-12-01 01:46:15 开始第 732 次操作

2023-12-01 01:46:15 开始操作号码 【1790647】
2023-12-01 01:46:18 GSD getOne 第 1 次 等待 3 秒
2023-12-01 01:46:21 查询号码 【1790647】，返回信息 {"status":"ok","msg":"-","gid":"552407","time_insert":"2023-02-24 19:58"}
2023-12-01 01:46:21 查询号码 【1790647】，GSD为【"-"】
2023-12-01 01:46:21 ok && -
2023-12-01 01:46:23 CHB 1790647?1701366381 第 1 次 等待 3 秒
2023-12-01 01:46:26 CHB 1790647?1701366381 第 1 次 获取到号码【1790647】GSD
2023-12-01 01:46:26 未获取到号码【1790647】GSD，可能号码格式错误
2023-12-01 01:46:26 获取到号码【1790647】的GSD为【-】
2023-12-01 01:46:30 GSD insert 第 1 次 等待 3 秒
2023-12-01 01:46:33 {"status":"bad","gid":"552407","msg":"添加失败！号码【1790647(-|-)】已存在！"}

2023-12-01 02:22:11 开始第 733 次操作

2023-12-01 02:22:11 开始操作号码 【1790648】
2023-12-01 02:22:15 GSD getOne 第 1 次 等待 3 秒
2023-12-01 02:22:18 查询号码 【1790648】，返回信息 {"status":"ok","msg":"-","gid":"552433","time_insert":"2023-02-24 20:17"}
2023-12-01 02:22:18 查询号码 【1790648】，GSD为【"-"】
2023-12-01 02:22:18 ok && -
2023-12-01 02:22:21 CHB 1790648?1701368538 第 1 次 等待 3 秒
2023-12-01 02:22:24 CHB 1790648?1701368538 第 1 次 获取到号码【1790648】GSD
2023-12-01 02:22:24 未获取到号码【1790648】GSD，可能号码格式错误
2023-12-01 02:22:24 获取到号码【1790648】的GSD为【-】
2023-12-01 02:22:28 GSD insert 第 1 次 等待 3 秒
2023-12-01 02:22:31 {"status":"bad","gid":"552433","msg":"添加失败！号码【1790648(-|-)】已存在！"}
2023-12-01 02:22:31 随机等待 107 秒，约 1 分钟
2023-12-01 02:22:31 下次操作: 2023-12-01 02:24:18

2023-12-01 02:24:18 开始第 734 次操作

2023-12-01 02:24:18 开始操作号码 【1790649】
2023-12-01 02:24:22 GSD getOne 第 1 次 等待 3 秒
2023-12-01 02:24:25 查询号码 【1790649】，返回信息 {"status":"ok","msg":"-","gid":"552460","time_insert":"2023-02-24 20:35"}
2023-12-01 02:24:25 查询号码 【1790649】，GSD为【"-"】
2023-12-01 02:24:25 ok && -
2023-12-01 02:24:27 CHB 1790649?1701368665 第 1 次 等待 3 秒
2023-12-01 02:24:30 CHB 1790649?1701368665 第 1 次 获取到号码【1790649】GSD
2023-12-01 02:24:30 未获取到号码【1790649】GSD，可能号码格式错误
2023-12-01 02:24:30 获取到号码【1790649】的GSD为【-】
2023-12-01 02:24:34 GSD insert 第 1 次 等待 3 秒
2023-12-01 02:24:37 {"status":"bad","gid":"552460","msg":"添加失败！号码【1790649(-|-)】已存在！"}
2023-12-01 02:24:37 随机等待 75 秒，约 1 分钟
2023-12-01 02:24:37 下次操作: 2023-12-01 02:25:52

2023-12-01 02:25:52 开始第 735 次操作

2023-12-01 02:25:52 开始操作号码 【1790650】
2023-12-01 02:25:56 GSD getOne 第 1 次 等待 3 秒
2023-12-01 02:25:59 查询号码 【1790650】，返回信息 {"status":"ok","msg":"-","gid":"552482","time_insert":"2023-02-24 20:54"}
2023-12-01 02:25:59 查询号码 【1790650】，GSD为【"-"】
2023-12-01 02:25:59 ok && -
2023-12-01 02:26:01 CHB 1790650?1701368759 第 1 次 等待 3 秒
2023-12-01 02:26:04 CHB 1790650?1701368759 第 1 次 获取到号码【1790650】GSD
2023-12-01 02:26:05 未获取到号码【1790650】GSD，可能号码格式错误
2023-12-01 02:26:05 获取到号码【1790650】的GSD为【-】
2023-12-01 02:26:08 GSD insert 第 1 次 等待 3 秒
2023-12-01 02:26:11 {"status":"bad","gid":"552482","msg":"添加失败！号码【1790650(-|-)】已存在！"}
2023-12-01 02:26:11 随机等待 228 秒，约 3 分钟
2023-12-01 02:26:11 下次操作: 2023-12-01 02:29:59

2023-12-01 02:29:59 开始第 736 次操作

2023-12-01 02:29:59 开始操作号码 【1790651】
2023-12-01 02:30:03 GSD getOne 第 1 次 等待 3 秒
2023-12-01 02:30:06 查询号码 【1790651】，返回信息 {"status":"ok","msg":"-","gid":"552507","time_insert":"2023-02-24 21:12"}
2023-12-01 02:30:06 查询号码 【1790651】，GSD为【"-"】
2023-12-01 02:30:06 ok && -
2023-12-01 02:30:13 CHB 1790651?1701369006 第 1 次 等待 3 秒
2023-12-01 02:30:16 CHB 1790651?1701369006 第 1 次 获取到号码【1790651】GSD
2023-12-01 02:30:16 未获取到号码【1790651】GSD，可能号码格式错误
2023-12-01 02:30:16 获取到号码【1790651】的GSD为【-】
2023-12-01 02:30:19 GSD insert 第 1 次 等待 3 秒
2023-12-01 02:30:22 {"status":"bad","gid":"552507","msg":"添加失败！号码【1790651(-|-)】已存在！"}

2023-12-01 02:38:59 开始第 737 次操作

2023-12-01 02:38:59 开始操作号码 【1790652】
2023-12-01 02:39:03 GSD getOne 第 1 次 等待 3 秒
2023-12-01 02:39:06 查询号码 【1790652】，返回信息 {"status":"ok","msg":"-","gid":"552534","time_insert":"2023-02-24 21:32"}
2023-12-01 02:39:06 查询号码 【1790652】，GSD为【"-"】
2023-12-01 02:39:06 ok && -
2023-12-01 02:39:08 CHB 1790652?1701369546 第 1 次 等待 3 秒
2023-12-01 02:39:11 CHB 1790652?1701369546 第 1 次 获取到号码【1790652】GSD
2023-12-01 02:39:11 未获取到号码【1790652】GSD，可能号码格式错误
2023-12-01 02:39:11 获取到号码【1790652】的GSD为【-】
2023-12-01 02:39:15 GSD insert 第 1 次 等待 3 秒
2023-12-01 02:39:18 {"status":"bad","gid":"552534","msg":"添加失败！号码【1790652(-|-)】已存在！"}
2023-12-01 02:39:18 随机等待 215 秒，约 3 分钟
2023-12-01 02:39:18 下次操作: 2023-12-01 02:42:53

2023-12-01 02:42:53 开始第 738 次操作

2023-12-01 02:42:53 开始操作号码 【1790653】
2023-12-01 02:42:57 GSD getOne 第 1 次 等待 3 秒
2023-12-01 02:43:00 查询号码 【1790653】，返回信息 {"status":"ok","msg":"-","gid":"552562","time_insert":"2023-02-24 21:47"}
2023-12-01 02:43:00 查询号码 【1790653】，GSD为【"-"】
2023-12-01 02:43:00 ok && -
2023-12-01 02:43:02 CHB 1790653?1701369780 第 1 次 等待 3 秒
2023-12-01 02:43:05 CHB 1790653?1701369780 第 1 次 获取到号码【1790653】GSD
2023-12-01 02:43:05 未获取到号码【1790653】GSD，可能号码格式错误
2023-12-01 02:43:05 获取到号码【1790653】的GSD为【-】
2023-12-01 02:43:09 GSD insert 第 1 次 等待 3 秒
2023-12-01 02:43:12 {"status":"bad","gid":"552562","msg":"添加失败！号码【1790653(-|-)】已存在！"}
2023-12-01 02:43:12 随机等待 179 秒，约 2 分钟
2023-12-01 02:43:12 下次操作: 2023-12-01 02:46:11

2023-12-01 02:46:11 开始第 739 次操作

2023-12-01 02:46:11 开始操作号码 【1790654】
2023-12-01 02:46:15 GSD getOne 第 1 次 等待 3 秒
2023-12-01 02:46:18 查询号码 【1790654】，返回信息 {"status":"ok","msg":"-","gid":"552596","time_insert":"2023-02-24 22:07"}
2023-12-01 02:46:18 查询号码 【1790654】，GSD为【"-"】
2023-12-01 02:46:18 ok && -
2023-12-01 02:46:21 CHB 1790654?1701369978 第 1 次 等待 3 秒
2023-12-01 02:46:24 CHB 1790654?1701369978 第 1 次 获取到号码【1790654】GSD
2023-12-01 02:46:24 未获取到号码【1790654】GSD，可能号码格式错误
2023-12-01 02:46:24 获取到号码【1790654】的GSD为【-】
2023-12-01 02:46:27 GSD insert 第 1 次 等待 3 秒
2023-12-01 02:46:30 {"status":"bad","gid":"552596","msg":"添加失败！号码【1790654(-|-)】已存在！"}
2023-12-01 02:46:30 随机等待 138 秒，约 2 分钟
2023-12-01 02:46:30 下次操作: 2023-12-01 02:48:48

2023-12-01 02:48:48 开始第 740 次操作

2023-12-01 02:48:48 开始操作号码 【1790655】
2023-12-01 02:48:52 GSD getOne 第 1 次 等待 3 秒
2023-12-01 02:48:55 查询号码 【1790655】，返回信息 {"status":"ok","msg":"-","gid":"552626","time_insert":"2023-02-24 22:26"}
2023-12-01 02:48:55 查询号码 【1790655】，GSD为【"-"】
2023-12-01 02:48:55 ok && -
2023-12-01 02:48:58 CHB 1790655?1701370135 第 1 次 等待 3 秒
2023-12-01 02:49:01 CHB 1790655?1701370135 第 1 次 获取到号码【1790655】GSD
2023-12-01 02:49:01 未获取到号码【1790655】GSD，可能号码格式错误
2023-12-01 02:49:01 获取到号码【1790655】的GSD为【-】
2023-12-01 02:49:04 GSD insert 第 1 次 等待 3 秒
2023-12-01 02:49:07 {"status":"bad","gid":"552626","msg":"添加失败！号码【1790655(-|-)】已存在！"}

