2023-12-14 00:22:12 开始第 3005 次操作

2023-12-14 00:22:12 开始操作号码 【1792919】
2023-12-14 00:22:16 GSD getOne 第 1 次 等待 3 秒
2023-12-14 00:22:19 查询号码 【1792919】，返回信息 {"status":"ok","msg":"-","gid":"612383","time_insert":"2023-03-24 22:15"}
2023-12-14 00:22:19 查询号码 【1792919】，GSD为【"-"】
2023-12-14 00:22:19 ok && -
2023-12-14 00:22:22 CHB 1792919?1702484539 第 1 次 等待 3 秒
2023-12-14 00:22:25 CHB 1792919?1702484539 第 1 次 获取到号码【1792919】GSD
2023-12-14 00:22:25 未获取到号码【1792919】GSD，可能号码格式错误
2023-12-14 00:22:25 获取到号码【1792919】的GSD为【-】
2023-12-14 00:22:33 GSD insert 第 1 次 等待 3 秒
2023-12-14 00:22:36 {"status":"bad","gid":"612383","msg":"添加失败！号码【1792919(-|-)】已存在！"}
2023-12-14 00:22:36 随机等待 129 秒，约 2 分钟
2023-12-14 00:22:36 下次操作: 2023-12-14 00:24:45

2023-12-14 00:24:45 开始第 3006 次操作

2023-12-14 00:24:45 开始操作号码 【1792920】
2023-12-14 00:24:49 GSD getOne 第 1 次 等待 3 秒
2023-12-14 00:24:52 查询号码 【1792920】，返回信息 {"status":"ok","msg":"-","gid":"612408","time_insert":"2023-03-24 22:31"}
2023-12-14 00:24:52 查询号码 【1792920】，GSD为【"-"】
2023-12-14 00:24:52 ok && -
2023-12-14 00:24:54 CHB 1792920?1702484692 第 1 次 等待 3 秒
2023-12-14 00:24:57 CHB 1792920?1702484692 第 1 次 获取到号码【1792920】GSD
2023-12-14 00:24:57 未获取到号码【1792920】GSD，可能号码格式错误
2023-12-14 00:24:57 获取到号码【1792920】的GSD为【-】
2023-12-14 00:25:00 GSD insert 第 1 次 等待 3 秒
2023-12-14 00:25:03 {"status":"bad","gid":"612408","msg":"添加失败！号码【1792920(-|-)】已存在！"}
2023-12-14 00:25:03 随机等待 95 秒，约 1 分钟
2023-12-14 00:25:03 下次操作: 2023-12-14 00:26:38

2023-12-14 00:26:38 开始第 3007 次操作

2023-12-14 00:26:38 开始操作号码 【1792921】
2023-12-14 00:26:43 GSD getOne 第 1 次 等待 3 秒
2023-12-14 00:26:46 查询号码 【1792921】，返回信息 {"status":"ok","msg":"-","gid":"612442","time_insert":"2023-03-24 22:50"}
2023-12-14 00:26:46 查询号码 【1792921】，GSD为【"-"】
2023-12-14 00:26:46 ok && -
2023-12-14 00:26:49 CHB 1792921?1702484806 第 1 次 等待 3 秒
2023-12-14 00:26:52 CHB 1792921?1702484806 第 1 次 获取到号码【1792921】GSD
2023-12-14 00:26:52 未获取到号码【1792921】GSD，可能号码格式错误
2023-12-14 00:26:52 获取到号码【1792921】的GSD为【-】
2023-12-14 00:26:56 GSD insert 第 1 次 等待 3 秒
2023-12-14 00:26:59 {"status":"bad","gid":"612442","msg":"添加失败！号码【1792921(-|-)】已存在！"}
2023-12-14 00:26:59 随机等待 99 秒，约 1 分钟
2023-12-14 00:26:59 下次操作: 2023-12-14 00:28:38

2023-12-14 00:28:38 开始第 3008 次操作

2023-12-14 00:28:38 开始操作号码 【1792922】
2023-12-14 00:28:42 GSD getOne 第 1 次 等待 3 秒
2023-12-14 00:28:45 查询号码 【1792922】，返回信息 {"status":"ok","msg":"-","gid":"612470","time_insert":"2023-03-24 23:09"}
2023-12-14 00:28:45 查询号码 【1792922】，GSD为【"-"】
2023-12-14 00:28:45 ok && -
2023-12-14 00:28:47 CHB 1792922?1702484925 第 1 次 等待 3 秒
2023-12-14 00:28:50 CHB 1792922?1702484925 第 1 次 获取到号码【1792922】GSD
2023-12-14 00:28:50 未获取到号码【1792922】GSD，可能号码格式错误
2023-12-14 00:28:50 获取到号码【1792922】的GSD为【-】
2023-12-14 00:28:57 GSD insert 第 1 次 等待 3 秒
2023-12-14 00:29:00 {"status":"bad","gid":"612470","msg":"添加失败！号码【1792922(-|-)】已存在！"}

2023-12-14 00:41:40 开始第 3009 次操作

2023-12-14 00:41:40 开始操作号码 【1792923】
2023-12-14 00:41:45 GSD getOne 第 1 次 等待 3 秒
2023-12-14 00:41:48 查询号码 【1792923】，返回信息 {"status":"ok","msg":"-","gid":"612496","time_insert":"2023-03-24 23:29"}
2023-12-14 00:41:48 查询号码 【1792923】，GSD为【"-"】
2023-12-14 00:41:48 ok && -
2023-12-14 00:41:52 CHB 1792923?1702485708 第 1 次 等待 3 秒
2023-12-14 00:41:55 CHB 1792923?1702485708 第 1 次 获取到号码【1792923】GSD
2023-12-14 00:41:55 未获取到号码【1792923】GSD，可能号码格式错误
2023-12-14 00:41:55 获取到号码【1792923】的GSD为【-】
2023-12-14 00:41:59 GSD insert 第 1 次 等待 3 秒
2023-12-14 00:42:02 {"status":"bad","gid":"612496","msg":"添加失败！号码【1792923(-|-)】已存在！"}
2023-12-14 00:42:02 随机等待 194 秒，约 3 分钟
2023-12-14 00:42:02 下次操作: 2023-12-14 00:45:16

2023-12-14 00:45:16 开始第 3010 次操作

2023-12-14 00:45:16 开始操作号码 【1792924】
2023-12-14 00:45:22 GSD getOne 第 1 次 等待 3 秒
2023-12-14 00:45:25 查询号码 【1792924】，返回信息 {"status":"ok","msg":"-","gid":"612524","time_insert":"2023-03-24 23:46"}
2023-12-14 00:45:25 查询号码 【1792924】，GSD为【"-"】
2023-12-14 00:45:25 ok && -
2023-12-14 00:45:27 CHB 1792924?1702485925 第 1 次 等待 3 秒
2023-12-14 00:45:30 CHB 1792924?1702485925 第 1 次 获取到号码【1792924】GSD
2023-12-14 00:45:30 未获取到号码【1792924】GSD，可能号码格式错误
2023-12-14 00:45:30 获取到号码【1792924】的GSD为【-】
2023-12-14 00:45:35 GSD insert 第 1 次 等待 3 秒
2023-12-14 00:45:38 {"status":"bad","gid":"612524","msg":"添加失败！号码【1792924(-|-)】已存在！"}
2023-12-14 00:45:38 随机等待 122 秒，约 2 分钟
2023-12-14 00:45:38 下次操作: 2023-12-14 00:47:40

2023-12-14 00:47:40 开始第 3011 次操作

2023-12-14 00:47:40 开始操作号码 【1792925】
2023-12-14 00:47:44 GSD getOne 第 1 次 等待 3 秒
2023-12-14 00:47:47 查询号码 【1792925】，返回信息 {"status":"ok","msg":"-","gid":"612555","time_insert":"2023-03-25 00:05"}
2023-12-14 00:47:47 查询号码 【1792925】，GSD为【"-"】
2023-12-14 00:47:47 ok && -
2023-12-14 00:47:50 CHB 1792925?1702486067 第 1 次 等待 3 秒
2023-12-14 00:47:53 CHB 1792925?1702486067 第 1 次 获取到号码【1792925】GSD
2023-12-14 00:47:53 未获取到号码【1792925】GSD，可能号码格式错误
2023-12-14 00:47:53 获取到号码【1792925】的GSD为【-】
2023-12-14 00:47:56 GSD insert 第 1 次 等待 3 秒
2023-12-14 00:47:59 {"status":"bad","gid":"612555","msg":"添加失败！号码【1792925(-|-)】已存在！"}
2023-12-14 00:47:59 随机等待 76 秒，约 1 分钟
2023-12-14 00:47:59 下次操作: 2023-12-14 00:49:15

2023-12-14 00:49:15 开始第 3012 次操作

2023-12-14 00:49:15 开始操作号码 【1792926】
2023-12-14 00:49:28 GSD getOne 第 1 次 等待 3 秒
2023-12-14 00:49:31 查询号码 【1792926】，返回信息 {"status":"ok","msg":"-","gid":"612578","time_insert":"2023-03-25 00:24"}
2023-12-14 00:49:31 查询号码 【1792926】，GSD为【"-"】
2023-12-14 00:49:31 ok && -
2023-12-14 00:49:34 CHB 1792926?1702486171 第 1 次 等待 3 秒
2023-12-14 00:49:37 CHB 1792926?1702486171 第 1 次 获取到号码【1792926】GSD
2023-12-14 00:49:37 未获取到号码【1792926】GSD，可能号码格式错误
2023-12-14 00:49:37 获取到号码【1792926】的GSD为【-】
2023-12-14 00:49:41 GSD insert 第 1 次 等待 3 秒
2023-12-14 00:49:44 {"status":"bad","gid":"612578","msg":"添加失败！号码【1792926(-|-)】已存在！"}

2023-12-14 01:16:16 开始第 3013 次操作

2023-12-14 01:16:16 开始操作号码 【1792927】
2023-12-14 01:16:20 GSD getOne 第 1 次 等待 3 秒
2023-12-14 01:16:23 查询号码 【1792927】，返回信息 {"status":"ok","msg":"-","gid":"612599","time_insert":"2023-03-25 00:41"}
2023-12-14 01:16:23 查询号码 【1792927】，GSD为【"-"】
2023-12-14 01:16:23 ok && -
2023-12-14 01:16:26 CHB 1792927?1702487783 第 1 次 等待 3 秒
2023-12-14 01:16:29 CHB 1792927?1702487783 第 1 次 获取到号码【1792927】GSD
2023-12-14 01:16:29 未获取到号码【1792927】GSD，可能号码格式错误
2023-12-14 01:16:29 获取到号码【1792927】的GSD为【-】
2023-12-14 01:16:32 GSD insert 第 1 次 等待 3 秒
2023-12-14 01:16:35 {"status":"bad","gid":"612599","msg":"添加失败！号码【1792927(-|-)】已存在！"}
2023-12-14 01:16:35 随机等待 71 秒，约 1 分钟
2023-12-14 01:16:35 下次操作: 2023-12-14 01:17:46

2023-12-14 01:17:46 开始第 3014 次操作

2023-12-14 01:17:46 开始操作号码 【1792928】
2023-12-14 01:17:51 GSD getOne 第 1 次 等待 3 秒
2023-12-14 01:17:54 查询号码 【1792928】，返回信息 {"status":"ok","msg":"-","gid":"612626","time_insert":"2023-03-25 00:58"}
2023-12-14 01:17:54 查询号码 【1792928】，GSD为【"-"】
2023-12-14 01:17:54 ok && -
2023-12-14 01:17:56 CHB 1792928?1702487874 第 1 次 等待 3 秒
2023-12-14 01:17:59 CHB 1792928?1702487874 第 1 次 获取到号码【1792928】GSD
2023-12-14 01:17:59 未获取到号码【1792928】GSD，可能号码格式错误
2023-12-14 01:17:59 获取到号码【1792928】的GSD为【-】
2023-12-14 01:18:03 GSD insert 第 1 次 等待 3 秒
2023-12-14 01:18:06 {"status":"bad","gid":"612626","msg":"添加失败！号码【1792928(-|-)】已存在！"}
2023-12-14 01:18:06 随机等待 95 秒，约 1 分钟
2023-12-14 01:18:06 下次操作: 2023-12-14 01:19:41

2023-12-14 01:19:41 开始第 3015 次操作

2023-12-14 01:19:41 开始操作号码 【1792929】
2023-12-14 01:19:46 GSD getOne 第 1 次 等待 3 秒
2023-12-14 01:19:49 查询号码 【1792929】，返回信息 {"status":"ok","msg":"-","gid":"612655","time_insert":"2023-03-25 01:17"}
2023-12-14 01:19:49 查询号码 【1792929】，GSD为【"-"】
2023-12-14 01:19:49 ok && -
2023-12-14 01:19:51 CHB 1792929?1702487989 第 1 次 等待 3 秒
2023-12-14 01:19:54 CHB 1792929?1702487989 第 1 次 获取到号码【1792929】GSD
2023-12-14 01:19:54 未获取到号码【1792929】GSD，可能号码格式错误
2023-12-14 01:19:54 获取到号码【1792929】的GSD为【-】
2023-12-14 01:19:58 GSD insert 第 1 次 等待 3 秒
2023-12-14 01:20:01 {"status":"bad","gid":"612655","msg":"添加失败！号码【1792929(-|-)】已存在！"}
2023-12-14 01:20:01 随机等待 143 秒，约 2 分钟
2023-12-14 01:20:01 下次操作: 2023-12-14 01:22:24

2023-12-14 01:22:24 开始第 3016 次操作

2023-12-14 01:22:24 开始操作号码 【1792930】
2023-12-14 01:22:27 GSD getOne 第 1 次 等待 3 秒
2023-12-14 01:22:30 查询号码 【1792930】，返回信息 {"status":"ok","msg":"-","gid":"612684","time_insert":"2023-03-25 01:37"}
2023-12-14 01:22:30 查询号码 【1792930】，GSD为【"-"】
2023-12-14 01:22:30 ok && -
2023-12-14 01:22:32 CHB 1792930?1702488150 第 1 次 等待 3 秒
2023-12-14 01:22:35 CHB 1792930?1702488150 第 1 次 获取到号码【1792930】GSD
2023-12-14 01:22:35 未获取到号码【1792930】GSD，可能号码格式错误
2023-12-14 01:22:35 获取到号码【1792930】的GSD为【-】
2023-12-14 01:22:38 GSD insert 第 1 次 等待 3 秒
2023-12-14 01:22:41 {"status":"bad","gid":"612684","msg":"添加失败！号码【1792930(-|-)】已存在！"}

