2021-07-25 00:00:31 开始第 21 次操作

2021-07-25 00:00:31 开始操作号码 【1578718】
2021-07-25 00:00:35 GSD getOne 第 1 次 等待 3 秒
2021-07-25 00:00:38 查询号码 【1578718】，返回信息 {"status":"bad","msg":""}
2021-07-25 00:00:38 查询号码 【1578718】，GSD为【""】
2021-07-25 00:00:38 bad
2021-07-25 00:00:40 CHB 1578718?1627142438 第 1 次 等待 3 秒
2021-07-25 00:00:43 CHB 1578718?1627142438 第 1 次 获取到号码【1578718】GSD
2021-07-25 00:00:43 未获取到号码【1578718】GSD，可能号码格式错误
2021-07-25 00:00:43 获取到号码【1578718】的GSD为【-】
2021-07-25 00:01:04 GSD insert 第 1 次 等待 3 秒
2021-07-25 00:01:07 {"status":"ok","gid":382954,"msg":"添加成功！"}
2021-07-25 00:01:07 下次操作: 2021-07-25 00:01:20

2021-07-25 00:01:20 开始第 22 次操作

2021-07-25 00:01:20 开始操作号码 【1578717】
2021-07-25 00:01:22 GSD getOne 第 1 次 等待 3 秒
2021-07-25 00:01:25 查询号码 【1578717】，返回信息 {"status":"bad","msg":""}
2021-07-25 00:01:25 查询号码 【1578717】，GSD为【""】
2021-07-25 00:01:25 bad
2021-07-25 00:01:27 CHB 1578717?1627142485 第 1 次 等待 3 秒
2021-07-25 00:01:30 CHB 1578717?1627142485 第 1 次 获取到号码【1578717】GSD
2021-07-25 00:01:30 未获取到号码【1578717】GSD，可能号码格式错误
2021-07-25 00:01:30 获取到号码【1578717】的GSD为【-】
2021-07-25 00:01:48 GSD insert 第 1 次 等待 3 秒
2021-07-25 00:01:51 {"status":"ok","gid":382967,"msg":"添加成功！"}
2021-07-25 00:01:51 下次操作: 2021-07-25 00:02:14

2021-07-25 00:02:14 开始第 23 次操作

2021-07-25 00:02:14 开始操作号码 【1578716】
2021-07-25 00:02:17 GSD getOne 第 1 次 等待 3 秒
2021-07-25 00:02:20 查询号码 【1578716】，返回信息 {"status":"bad","msg":""}
2021-07-25 00:02:20 查询号码 【1578716】，GSD为【""】
2021-07-25 00:02:20 bad
2021-07-25 00:02:22 CHB 1578716?1627142540 第 1 次 等待 3 秒
2021-07-25 00:02:25 CHB 1578716?1627142540 第 1 次 获取到号码【1578716】GSD
2021-07-25 00:02:25 未获取到号码【1578716】GSD，可能号码格式错误
2021-07-25 00:02:25 获取到号码【1578716】的GSD为【-】
2021-07-25 00:02:44 GSD insert 第 1 次 等待 3 秒
2021-07-25 00:02:47 {"status":"ok","gid":382984,"msg":"添加成功！"}
2021-07-25 00:02:47 下次操作: 2021-07-25 00:03:04

2021-07-25 00:03:04 开始第 24 次操作

2021-07-25 00:03:04 开始操作号码 【1578715】
2021-07-25 00:03:07 GSD getOne 第 1 次 等待 3 秒
2021-07-25 00:03:10 查询号码 【1578715】，返回信息 {"status":"bad","msg":""}
2021-07-25 00:03:10 查询号码 【1578715】，GSD为【""】
2021-07-25 00:03:10 bad
2021-07-25 00:03:12 CHB 1578715?1627142590 第 1 次 等待 3 秒
2021-07-25 00:03:15 CHB 1578715?1627142590 第 1 次 获取到号码【1578715】GSD
2021-07-25 00:03:15 未获取到号码【1578715】GSD，可能号码格式错误
2021-07-25 00:03:15 获取到号码【1578715】的GSD为【-】
2021-07-25 00:03:35 GSD insert 第 1 次 等待 3 秒
2021-07-25 00:03:38 {"status":"ok","gid":382997,"msg":"添加成功！"}
2021-07-25 00:03:38 下次操作: 2021-07-25 00:03:50

2021-07-25 00:03:50 开始第 25 次操作

2021-07-25 00:03:50 开始操作号码 【1578714】
2021-07-25 00:03:54 GSD getOne 第 1 次 等待 3 秒
2021-07-25 00:03:57 查询号码 【1578714】，返回信息 {"status":"bad","msg":""}
2021-07-25 00:03:57 查询号码 【1578714】，GSD为【""】
2021-07-25 00:03:57 bad
2021-07-25 00:03:59 CHB 1578714?1627142637 第 1 次 等待 3 秒
2021-07-25 00:04:02 CHB 1578714?1627142637 第 1 次 获取到号码【1578714】GSD
2021-07-25 00:04:02 未获取到号码【1578714】GSD，可能号码格式错误
2021-07-25 00:04:02 获取到号码【1578714】的GSD为【-】
2021-07-25 00:04:20 GSD insert 第 1 次 等待 3 秒
2021-07-25 00:04:23 {"status":"ok","gid":383007,"msg":"添加成功！"}
2021-07-25 00:04:23 下次操作: 2021-07-25 00:04:42

2021-07-25 00:04:42 开始第 26 次操作

2021-07-25 00:04:42 开始操作号码 【1578713】
2021-07-25 00:04:45 GSD getOne 第 1 次 等待 3 秒
2021-07-25 00:04:48 查询号码 【1578713】，返回信息 {"status":"bad","msg":""}
2021-07-25 00:04:48 查询号码 【1578713】，GSD为【""】
2021-07-25 00:04:48 bad
2021-07-25 00:04:50 CHB 1578713?1627142688 第 1 次 等待 3 秒
2021-07-25 00:04:53 CHB 1578713?1627142688 第 1 次 获取到号码【1578713】GSD
2021-07-25 00:04:53 未获取到号码【1578713】GSD，可能号码格式错误
2021-07-25 00:04:53 获取到号码【1578713】的GSD为【-】
2021-07-25 00:05:11 GSD insert 第 1 次 等待 3 秒
2021-07-25 00:05:14 {"status":"ok","gid":383020,"msg":"添加成功！"}
2021-07-25 00:05:14 下次操作: 2021-07-25 00:05:29

2021-07-25 00:05:29 开始第 27 次操作

2021-07-25 00:05:29 开始操作号码 【1578712】
2021-07-25 00:05:32 GSD getOne 第 1 次 等待 3 秒
2021-07-25 00:05:35 查询号码 【1578712】，返回信息 {"status":"bad","msg":""}
2021-07-25 00:05:35 查询号码 【1578712】，GSD为【""】
2021-07-25 00:05:35 bad
2021-07-25 00:05:36 CHB 1578712?1627142735 第 1 次 等待 3 秒
2021-07-25 00:05:39 CHB 1578712?1627142735 第 1 次 获取到号码【1578712】GSD
2021-07-25 00:05:39 未获取到号码【1578712】GSD，可能号码格式错误
2021-07-25 00:05:39 获取到号码【1578712】的GSD为【-】
2021-07-25 00:05:57 GSD insert 第 1 次 等待 3 秒
2021-07-25 00:06:00 {"status":"ok","gid":383033,"msg":"添加成功！"}
2021-07-25 00:06:00 下次操作: 2021-07-25 00:06:16

2021-07-25 00:06:16 开始第 28 次操作

2021-07-25 00:06:16 开始操作号码 【1578711】
2021-07-25 00:06:20 GSD getOne 第 1 次 等待 3 秒
2021-07-25 00:06:23 查询号码 【1578711】，返回信息 {"status":"bad","msg":""}
2021-07-25 00:06:23 查询号码 【1578711】，GSD为【""】
2021-07-25 00:06:23 bad
2021-07-25 00:06:25 CHB 1578711?1627142783 第 1 次 等待 3 秒
2021-07-25 00:06:28 CHB 1578711?1627142783 第 1 次 获取到号码【1578711】GSD
2021-07-25 00:06:28 未获取到号码【1578711】GSD，可能号码格式错误
2021-07-25 00:06:28 获取到号码【1578711】的GSD为【-】
2021-07-25 00:06:38 GSD insert 第 1 次 等待 3 秒
2021-07-25 00:06:41 {"status":"ok","gid":383045,"msg":"添加成功！"}
2021-07-25 00:06:41 下次操作: 2021-07-25 00:06:59

2021-07-25 00:06:59 开始第 29 次操作

2021-07-25 00:06:59 开始操作号码 【1578710】
2021-07-25 00:07:02 GSD getOne 第 1 次 等待 3 秒
2021-07-25 00:07:05 查询号码 【1578710】，返回信息 {"status":"bad","msg":""}
2021-07-25 00:07:05 查询号码 【1578710】，GSD为【""】
2021-07-25 00:07:05 bad
2021-07-25 00:07:07 CHB 1578710?1627142825 第 1 次 等待 3 秒
2021-07-25 00:07:10 CHB 1578710?1627142825 第 1 次 获取到号码【1578710】GSD
2021-07-25 00:07:10 未获取到号码【1578710】GSD，可能号码格式错误
2021-07-25 00:07:10 获取到号码【1578710】的GSD为【-】
2021-07-25 00:07:28 GSD insert 第 1 次 等待 3 秒
2021-07-25 00:07:31 {"status":"ok","gid":383059,"msg":"添加成功！"}
2021-07-25 00:07:31 下次操作: 2021-07-25 00:07:43

2021-07-25 00:07:43 开始第 30 次操作

2021-07-25 00:07:43 开始操作号码 【1578709】
2021-07-25 00:07:46 GSD getOne 第 1 次 等待 3 秒
2021-07-25 00:07:49 查询号码 【1578709】，返回信息 {"status":"bad","msg":""}
2021-07-25 00:07:49 查询号码 【1578709】，GSD为【""】
2021-07-25 00:07:49 bad
2021-07-25 00:07:51 CHB 1578709?1627142869 第 1 次 等待 3 秒
2021-07-25 00:07:54 CHB 1578709?1627142869 第 1 次 获取到号码【1578709】GSD
2021-07-25 00:07:54 未获取到号码【1578709】GSD，可能号码格式错误
2021-07-25 00:07:54 获取到号码【1578709】的GSD为【-】
2021-07-25 00:08:14 GSD insert 第 1 次 等待 3 秒
2021-07-25 00:08:17 {"status":"ok","gid":383072,"msg":"添加成功！"}
2021-07-25 00:08:17 下次操作: 2021-07-25 00:08:31

2021-07-25 00:08:31 开始第 31 次操作

2021-07-25 00:08:31 开始操作号码 【1578708】
2021-07-25 00:08:34 GSD getOne 第 1 次 等待 3 秒
2021-07-25 00:08:37 查询号码 【1578708】，返回信息 {"status":"bad","msg":""}
2021-07-25 00:08:37 查询号码 【1578708】，GSD为【""】
2021-07-25 00:08:37 bad
2021-07-25 00:08:38 CHB 1578708?1627142917 第 1 次 等待 3 秒
2021-07-25 00:08:41 CHB 1578708?1627142917 第 1 次 获取到号码【1578708】GSD
2021-07-25 00:08:41 未获取到号码【1578708】GSD，可能号码格式错误
2021-07-25 00:08:41 获取到号码【1578708】的GSD为【-】
2021-07-25 00:08:59 GSD insert 第 1 次 等待 3 秒
2021-07-25 00:09:02 {"status":"ok","gid":383081,"msg":"添加成功！"}
2021-07-25 00:09:02 下次操作: 2021-07-25 00:09:18

2021-07-25 00:09:18 开始第 32 次操作

2021-07-25 00:09:18 开始操作号码 【1578707】
2021-07-25 00:09:21 GSD getOne 第 1 次 等待 3 秒
2021-07-25 00:09:24 查询号码 【1578707】，返回信息 {"status":"bad","msg":""}
2021-07-25 00:09:24 查询号码 【1578707】，GSD为【""】
2021-07-25 00:09:24 bad
2021-07-25 00:09:26 CHB 1578707?1627142964 第 1 次 等待 3 秒
2021-07-25 00:09:29 CHB 1578707?1627142964 第 1 次 获取到号码【1578707】GSD
2021-07-25 00:09:29 未获取到号码【1578707】GSD，可能号码格式错误
2021-07-25 00:09:29 获取到号码【1578707】的GSD为【-】
2021-07-25 00:09:47 GSD insert 第 1 次 等待 3 秒
2021-07-25 00:09:50 {"status":"ok","gid":383090,"msg":"添加成功！"}
2021-07-25 00:09:50 下次操作: 2021-07-25 00:10:10

2021-07-25 00:10:10 开始第 33 次操作

2021-07-25 00:10:10 开始操作号码 【1578706】
2021-07-25 00:10:13 GSD getOne 第 1 次 等待 3 秒
2021-07-25 00:10:16 查询号码 【1578706】，返回信息 {"status":"bad","msg":""}
2021-07-25 00:10:16 查询号码 【1578706】，GSD为【""】
2021-07-25 00:10:16 bad
2021-07-25 00:10:17 CHB 1578706?1627143016 第 1 次 等待 3 秒
2021-07-25 00:10:20 CHB 1578706?1627143016 第 1 次 获取到号码【1578706】GSD
2021-07-25 00:10:21 未获取到号码【1578706】GSD，可能号码格式错误
2021-07-25 00:10:21 获取到号码【1578706】的GSD为【-】
2021-07-25 00:10:39 GSD insert 第 1 次 等待 3 秒
2021-07-25 00:10:42 {"status":"ok","gid":383100,"msg":"添加成功！"}
2021-07-25 00:10:42 下次操作: 2021-07-25 00:10:54

2021-07-25 00:10:54 开始第 34 次操作

2021-07-25 00:10:54 开始操作号码 【1578705】
2021-07-25 00:11:04 GSD getOne 第 1 次 等待 3 秒
2021-07-25 00:11:07 查询号码 【1578705】，返回信息 {"status":"bad","msg":""}
2021-07-25 00:11:07 查询号码 【1578705】，GSD为【""】
2021-07-25 00:11:07 bad
2021-07-25 00:11:09 CHB 1578705?1627143067 第 1 次 等待 3 秒
2021-07-25 00:11:12 CHB 1578705?1627143067 第 1 次 获取到号码【1578705】GSD
2021-07-25 00:11:12 未获取到号码【1578705】GSD，可能号码格式错误
2021-07-25 00:11:12 获取到号码【1578705】的GSD为【-】
2021-07-25 00:11:31 GSD insert 第 1 次 等待 3 秒
2021-07-25 00:11:34 {"status":"ok","gid":383109,"msg":"添加成功！"}
2021-07-25 00:11:34 下次操作: 2021-07-25 00:11:54

2021-07-25 00:11:54 开始第 35 次操作

2021-07-25 00:11:54 开始操作号码 【1578704】
2021-07-25 00:12:00 GSD getOne 第 1 次 等待 3 秒
2021-07-25 00:12:03 查询号码 【1578704】，返回信息 {"status":"bad","msg":""}
2021-07-25 00:12:03 查询号码 【1578704】，GSD为【""】
2021-07-25 00:12:03 bad
2021-07-25 00:12:05 CHB 1578704?1627143123 第 1 次 等待 3 秒
2021-07-25 00:12:08 CHB 1578704?1627143123 第 1 次 获取到号码【1578704】GSD
2021-07-25 00:12:08 未获取到号码【1578704】GSD，可能号码格式错误
2021-07-25 00:12:08 获取到号码【1578704】的GSD为【-】
2021-07-25 00:12:28 GSD insert 第 1 次 等待 3 秒
2021-07-25 00:12:31 {"status":"ok","gid":383119,"msg":"添加成功！"}
2021-07-25 00:12:31 下次操作: 2021-07-25 00:12:53

2021-07-25 00:12:53 开始第 36 次操作

2021-07-25 00:12:53 开始操作号码 【1578703】
2021-07-25 00:12:56 GSD getOne 第 1 次 等待 3 秒
2021-07-25 00:12:59 查询号码 【1578703】，返回信息 {"status":"bad","msg":""}
2021-07-25 00:12:59 查询号码 【1578703】，GSD为【""】
2021-07-25 00:12:59 bad
2021-07-25 00:13:00 CHB 1578703?1627143179 第 1 次 等待 3 秒
2021-07-25 00:13:03 CHB 1578703?1627143179 第 1 次 获取到号码【1578703】GSD
2021-07-25 00:13:03 未获取到号码【1578703】GSD，可能号码格式错误
2021-07-25 00:13:03 获取到号码【1578703】的GSD为【-】
2021-07-25 00:13:22 GSD insert 第 1 次 等待 3 秒
2021-07-25 00:13:25 {"status":"ok","gid":383126,"msg":"添加成功！"}
2021-07-25 00:13:25 下次操作: 2021-07-25 00:13:37

2021-07-25 00:13:37 开始第 37 次操作

2021-07-25 00:13:37 开始操作号码 【1578702】
2021-07-25 00:13:41 GSD getOne 第 1 次 等待 3 秒
2021-07-25 00:13:44 查询号码 【1578702】，返回信息 {"status":"bad","msg":""}
2021-07-25 00:13:44 查询号码 【1578702】，GSD为【""】
2021-07-25 00:13:44 bad
2021-07-25 00:13:46 CHB 1578702?1627143224 第 1 次 等待 3 秒
2021-07-25 00:13:49 CHB 1578702?1627143224 第 1 次 获取到号码【1578702】GSD
2021-07-25 00:13:49 未获取到号码【1578702】GSD，可能号码格式错误
2021-07-25 00:13:49 获取到号码【1578702】的GSD为【-】
2021-07-25 00:14:08 GSD insert 第 1 次 等待 3 秒
2021-07-25 00:14:11 {"status":"ok","gid":383130,"msg":"添加成功！"}
2021-07-25 00:14:11 下次操作: 2021-07-25 00:14:23

2021-07-25 00:14:23 开始第 38 次操作

2021-07-25 00:14:23 开始操作号码 【1578701】
2021-07-25 00:14:27 GSD getOne 第 1 次 等待 3 秒
2021-07-25 00:14:30 查询号码 【1578701】，返回信息 {"status":"bad","msg":""}
2021-07-25 00:14:30 查询号码 【1578701】，GSD为【""】
2021-07-25 00:14:30 bad
2021-07-25 00:14:31 CHB 1578701?1627143270 第 1 次 等待 3 秒
2021-07-25 00:14:34 CHB 1578701?1627143270 第 1 次 获取到号码【1578701】GSD
2021-07-25 00:14:34 未获取到号码【1578701】GSD，可能号码格式错误
2021-07-25 00:14:34 获取到号码【1578701】的GSD为【-】
2021-07-25 00:14:55 GSD insert 第 1 次 等待 3 秒
2021-07-25 00:14:58 {"status":"ok","gid":383136,"msg":"添加成功！"}
2021-07-25 00:14:58 下次操作: 2021-07-25 00:15:12

2021-07-25 00:15:12 开始第 39 次操作

2021-07-25 00:15:12 开始操作号码 【1578700】
2021-07-25 00:15:15 GSD getOne 第 1 次 等待 3 秒
2021-07-25 00:15:18 查询号码 【1578700】，返回信息 {"status":"bad","msg":""}
2021-07-25 00:15:18 查询号码 【1578700】，GSD为【""】
2021-07-25 00:15:18 bad
2021-07-25 00:15:19 CHB 1578700?1627143318 第 1 次 等待 3 秒
2021-07-25 00:15:22 CHB 1578700?1627143318 第 1 次 获取到号码【1578700】GSD
2021-07-25 00:15:22 未获取到号码【1578700】GSD，可能号码格式错误
2021-07-25 00:15:22 获取到号码【1578700】的GSD为【-】
2021-07-25 00:15:44 GSD insert 第 1 次 等待 3 秒
2021-07-25 00:15:47 {"status":"ok","gid":383142,"msg":"添加成功！"}
2021-07-25 00:15:47 下次操作: 2021-07-25 00:16:00

2021-07-25 00:16:00 开始第 40 次操作

2021-07-25 00:16:00 开始操作号码 【1578699】
2021-07-25 00:16:03 GSD getOne 第 1 次 等待 3 秒
2021-07-25 00:16:06 查询号码 【1578699】，返回信息 {"status":"bad","msg":""}
2021-07-25 00:16:06 查询号码 【1578699】，GSD为【""】
2021-07-25 00:16:06 bad
2021-07-25 00:16:08 CHB 1578699?1627143366 第 1 次 等待 3 秒
2021-07-25 00:16:11 CHB 1578699?1627143366 第 1 次 获取到号码【1578699】GSD
2021-07-25 00:16:11 未获取到号码【1578699】GSD，可能号码格式错误
2021-07-25 00:16:11 获取到号码【1578699】的GSD为【-】
2021-07-25 00:16:29 GSD insert 第 1 次 等待 3 秒
2021-07-25 00:16:32 {"status":"ok","gid":383147,"msg":"添加成功！"}

