2024-03-10 00:20:57 开始第 7933 次操作

2024-03-10 00:20:57 开始操作号码 【1687845】
2024-03-10 00:21:02 GSD getOne 第 1 次 等待 3 秒
2024-03-10 00:21:05 查询号码 【1687845】，返回信息 {"status":"ok","msg":"-","gid":"669311","time_insert":"2023-04-21 19:59"}
2024-03-10 00:21:05 查询号码 【1687845】，GSD为【"-"】
2024-03-10 00:21:05 ok && -
2024-03-10 00:21:09 CHB 1687845?1710001265 第 1 次 等待 3 秒
2024-03-10 00:21:12 CHB 1687845?1710001265 第 1 次 获取到号码【1687845】GSD
2024-03-10 00:21:13 未获取到号码【1687845】GSD，可能号码格式错误
2024-03-10 00:21:13 获取到号码【1687845】的GSD为【-】
2024-03-10 00:21:19 GSD insert 第 1 次 等待 3 秒
2024-03-10 00:21:22 {"status":"bad","gid":"669311","msg":"添加失败！号码【1687845(-|-)】已存在！"}
2024-03-10 00:21:22 随机等待 125 秒，约 2 分钟
2024-03-10 00:21:22 下次操作: 2024-03-10 00:23:27

2024-03-10 00:23:27 开始第 7934 次操作

2024-03-10 00:23:27 开始操作号码 【1687846】
2024-03-10 00:23:32 GSD getOne 第 1 次 等待 3 秒
2024-03-10 00:23:35 查询号码 【1687846】，返回信息 {"status":"ok","msg":"-","gid":"669308","time_insert":"2023-04-21 19:57"}
2024-03-10 00:23:35 查询号码 【1687846】，GSD为【"-"】
2024-03-10 00:23:35 ok && -
2024-03-10 00:23:38 CHB 1687846?1710001415 第 1 次 等待 3 秒
2024-03-10 00:23:41 CHB 1687846?1710001415 第 1 次 获取到号码【1687846】GSD
2024-03-10 00:23:41 未获取到号码【1687846】GSD，可能号码格式错误
2024-03-10 00:23:41 获取到号码【1687846】的GSD为【-】
2024-03-10 00:23:46 GSD insert 第 1 次 等待 3 秒
2024-03-10 00:23:49 {"status":"bad","gid":"669308","msg":"添加失败！号码【1687846(-|-)】已存在！"}
2024-03-10 00:23:49 随机等待 90 秒，约 1 分钟
2024-03-10 00:23:49 下次操作: 2024-03-10 00:25:19

2024-03-10 00:25:19 开始第 7935 次操作

2024-03-10 00:25:19 开始操作号码 【1687847】
2024-03-10 00:25:23 GSD getOne 第 1 次 等待 3 秒
2024-03-10 00:25:26 查询号码 【1687847】，返回信息 {"status":"ok","msg":"-","gid":"669303","time_insert":"2023-04-21 19:54"}
2024-03-10 00:25:26 查询号码 【1687847】，GSD为【"-"】
2024-03-10 00:25:26 ok && -
2024-03-10 00:25:29 CHB 1687847?1710001526 第 1 次 等待 3 秒
2024-03-10 00:25:32 CHB 1687847?1710001526 第 1 次 获取到号码【1687847】GSD
2024-03-10 00:25:32 未获取到号码【1687847】GSD，可能号码格式错误
2024-03-10 00:25:32 获取到号码【1687847】的GSD为【-】
2024-03-10 00:25:37 GSD insert 第 1 次 等待 3 秒
2024-03-10 00:25:40 {"status":"bad","gid":"669303","msg":"添加失败！号码【1687847(-|-)】已存在！"}
2024-03-10 00:25:40 随机等待 222 秒，约 3 分钟
2024-03-10 00:25:40 下次操作: 2024-03-10 00:29:22

2024-03-10 00:29:22 开始第 7936 次操作

2024-03-10 00:29:22 开始操作号码 【1687848】
2024-03-10 00:29:27 GSD getOne 第 1 次 等待 3 秒
2024-03-10 00:29:30 查询号码 【1687848】，返回信息 {"status":"ok","msg":"-","gid":"669297","time_insert":"2023-04-21 19:52"}
2024-03-10 00:29:30 查询号码 【1687848】，GSD为【"-"】
2024-03-10 00:29:30 ok && -
2024-03-10 00:29:33 CHB 1687848?1710001770 第 1 次 等待 3 秒
2024-03-10 00:29:36 CHB 1687848?1710001770 第 1 次 获取到号码【1687848】GSD
2024-03-10 00:29:36 未获取到号码【1687848】GSD，可能号码格式错误
2024-03-10 00:29:36 获取到号码【1687848】的GSD为【-】
2024-03-10 00:29:41 GSD insert 第 1 次 等待 3 秒
2024-03-10 00:29:44 {"status":"bad","gid":"669297","msg":"添加失败！号码【1687848(-|-)】已存在！"}

2024-03-10 00:39:08 开始第 7937 次操作

2024-03-10 00:39:08 开始操作号码 【1687849】
2024-03-10 00:39:17 GSD getOne 第 1 次 等待 3 秒
2024-03-10 00:39:20 查询号码 【1687849】，返回信息 {"status":"ok","msg":"-","gid":"669295","time_insert":"2023-04-21 19:50"}
2024-03-10 00:39:20 查询号码 【1687849】，GSD为【"-"】
2024-03-10 00:39:20 ok && -
2024-03-10 00:39:22 CHB 1687849?1710002360 第 1 次 等待 3 秒
2024-03-10 00:39:25 CHB 1687849?1710002360 第 1 次 获取到号码【1687849】GSD
2024-03-10 00:39:25 未获取到号码【1687849】GSD，可能号码格式错误
2024-03-10 00:39:25 获取到号码【1687849】的GSD为【-】
2024-03-10 00:39:31 GSD insert 第 1 次 等待 3 秒
2024-03-10 00:39:34 {"status":"bad","gid":"669295","msg":"添加失败！号码【1687849(-|-)】已存在！"}
2024-03-10 00:39:34 随机等待 75 秒，约 1 分钟
2024-03-10 00:39:34 下次操作: 2024-03-10 00:40:49

2024-03-10 00:40:49 开始第 7938 次操作

2024-03-10 00:40:49 开始操作号码 【1687850】
2024-03-10 00:40:53 GSD getOne 第 1 次 等待 3 秒
2024-03-10 00:40:56 查询号码 【1687850】，返回信息 {"status":"ok","msg":"-","gid":"669289","time_insert":"2023-04-21 19:47"}
2024-03-10 00:40:56 查询号码 【1687850】，GSD为【"-"】
2024-03-10 00:40:56 ok && -
2024-03-10 00:40:59 CHB 1687850?1710002456 第 1 次 等待 3 秒
2024-03-10 00:41:02 CHB 1687850?1710002456 第 1 次 获取到号码【1687850】GSD
2024-03-10 00:41:02 未获取到号码【1687850】GSD，可能号码格式错误
2024-03-10 00:41:02 获取到号码【1687850】的GSD为【-】
2024-03-10 00:41:06 GSD insert 第 1 次 等待 3 秒
2024-03-10 00:41:09 {"status":"bad","gid":"669289","msg":"添加失败！号码【1687850(-|-)】已存在！"}
2024-03-10 00:41:09 随机等待 208 秒，约 3 分钟
2024-03-10 00:41:09 下次操作: 2024-03-10 00:44:37

2024-03-10 00:44:37 开始第 7939 次操作

2024-03-10 00:44:37 开始操作号码 【1687851】
2024-03-10 00:44:42 GSD getOne 第 1 次 等待 3 秒
2024-03-10 00:44:45 查询号码 【1687851】，返回信息 {"status":"ok","msg":"-","gid":"669286","time_insert":"2023-04-21 19:44"}
2024-03-10 00:44:45 查询号码 【1687851】，GSD为【"-"】
2024-03-10 00:44:45 ok && -
2024-03-10 00:44:48 CHB 1687851?1710002685 第 1 次 等待 3 秒
2024-03-10 00:44:51 CHB 1687851?1710002685 第 1 次 获取到号码【1687851】GSD
2024-03-10 00:44:51 未获取到号码【1687851】GSD，可能号码格式错误
2024-03-10 00:44:51 获取到号码【1687851】的GSD为【-】
2024-03-10 00:44:55 GSD insert 第 1 次 等待 3 秒
2024-03-10 00:44:58 {"status":"bad","gid":"669286","msg":"添加失败！号码【1687851(-|-)】已存在！"}
2024-03-10 00:44:58 随机等待 146 秒，约 2 分钟
2024-03-10 00:44:59 下次操作: 2024-03-10 00:47:24

2024-03-10 00:47:25 开始第 7940 次操作

2024-03-10 00:47:25 开始操作号码 【1687852】
2024-03-10 00:47:29 GSD getOne 第 1 次 等待 3 秒
2024-03-10 00:47:32 查询号码 【1687852】，返回信息 {"status":"ok","msg":"-","gid":"669283","time_insert":"2023-04-21 19:42"}
2024-03-10 00:47:32 查询号码 【1687852】，GSD为【"-"】
2024-03-10 00:47:32 ok && -
2024-03-10 00:47:35 CHB 1687852?1710002852 第 1 次 等待 3 秒
2024-03-10 00:47:38 CHB 1687852?1710002852 第 1 次 获取到号码【1687852】GSD
2024-03-10 00:47:38 未获取到号码【1687852】GSD，可能号码格式错误
2024-03-10 00:47:38 获取到号码【1687852】的GSD为【-】
2024-03-10 00:47:46 GSD insert 第 1 次 等待 3 秒
2024-03-10 00:47:49 {"status":"bad","gid":"669283","msg":"添加失败！号码【1687852(-|-)】已存在！"}

2024-03-10 01:15:14 开始第 7941 次操作

2024-03-10 01:15:14 开始操作号码 【1687853】
2024-03-10 01:15:19 GSD getOne 第 1 次 等待 3 秒
2024-03-10 01:15:22 查询号码 【1687853】，返回信息 {"status":"ok","msg":"-","gid":"669280","time_insert":"2023-04-21 19:40"}
2024-03-10 01:15:22 查询号码 【1687853】，GSD为【"-"】
2024-03-10 01:15:22 ok && -
2024-03-10 01:15:24 CHB 1687853?1710004522 第 1 次 等待 3 秒
2024-03-10 01:15:27 CHB 1687853?1710004522 第 1 次 获取到号码【1687853】GSD
2024-03-10 01:15:27 未获取到号码【1687853】GSD，可能号码格式错误
2024-03-10 01:15:27 获取到号码【1687853】的GSD为【-】
2024-03-10 01:15:32 GSD insert 第 1 次 等待 3 秒
2024-03-10 01:15:35 {"status":"bad","gid":"669280","msg":"添加失败！号码【1687853(-|-)】已存在！"}
2024-03-10 01:15:35 随机等待 97 秒，约 1 分钟
2024-03-10 01:15:35 下次操作: 2024-03-10 01:17:12

2024-03-10 01:17:12 开始第 7942 次操作

2024-03-10 01:17:12 开始操作号码 【1687854】
2024-03-10 01:17:17 GSD getOne 第 1 次 等待 3 秒
2024-03-10 01:17:20 查询号码 【1687854】，返回信息 {"status":"ok","msg":"-","gid":"669274","time_insert":"2023-04-21 19:37"}
2024-03-10 01:17:20 查询号码 【1687854】，GSD为【"-"】
2024-03-10 01:17:20 ok && -
2024-03-10 01:17:22 CHB 1687854?1710004640 第 1 次 等待 3 秒
2024-03-10 01:17:25 CHB 1687854?1710004640 第 1 次 获取到号码【1687854】GSD
2024-03-10 01:17:25 未获取到号码【1687854】GSD，可能号码格式错误
2024-03-10 01:17:25 获取到号码【1687854】的GSD为【-】
2024-03-10 01:17:30 GSD insert 第 1 次 等待 3 秒
2024-03-10 01:17:33 {"status":"bad","gid":"669274","msg":"添加失败！号码【1687854(-|-)】已存在！"}
2024-03-10 01:17:33 随机等待 131 秒，约 2 分钟
2024-03-10 01:17:33 下次操作: 2024-03-10 01:19:44

2024-03-10 01:19:44 开始第 7943 次操作

2024-03-10 01:19:44 开始操作号码 【1687855】
2024-03-10 01:19:48 GSD getOne 第 1 次 等待 3 秒
2024-03-10 01:19:51 查询号码 【1687855】，返回信息 {"status":"ok","msg":"-","gid":"669270","time_insert":"2023-04-21 19:34"}
2024-03-10 01:19:51 查询号码 【1687855】，GSD为【"-"】
2024-03-10 01:19:51 ok && -
2024-03-10 01:19:53 CHB 1687855?1710004791 第 1 次 等待 3 秒
2024-03-10 01:19:56 CHB 1687855?1710004791 第 1 次 获取到号码【1687855】GSD
2024-03-10 01:19:56 未获取到号码【1687855】GSD，可能号码格式错误
2024-03-10 01:19:56 获取到号码【1687855】的GSD为【-】
2024-03-10 01:20:01 GSD insert 第 1 次 等待 3 秒
2024-03-10 01:20:04 {"status":"bad","gid":"669270","msg":"添加失败！号码【1687855(-|-)】已存在！"}
2024-03-10 01:20:04 随机等待 203 秒，约 3 分钟
2024-03-10 01:20:04 下次操作: 2024-03-10 01:23:27

2024-03-10 01:23:27 开始第 7944 次操作

2024-03-10 01:23:27 开始操作号码 【1687856】
2024-03-10 01:23:31 GSD getOne 第 1 次 等待 3 秒
2024-03-10 01:23:34 查询号码 【1687856】，返回信息 {"status":"ok","msg":"-","gid":"669265","time_insert":"2023-04-21 19:33"}
2024-03-10 01:23:34 查询号码 【1687856】，GSD为【"-"】
2024-03-10 01:23:34 ok && -
2024-03-10 01:23:36 CHB 1687856?1710005014 第 1 次 等待 3 秒
2024-03-10 01:23:39 CHB 1687856?1710005014 第 1 次 获取到号码【1687856】GSD
2024-03-10 01:23:39 未获取到号码【1687856】GSD，可能号码格式错误
2024-03-10 01:23:39 获取到号码【1687856】的GSD为【-】
2024-03-10 01:23:44 GSD insert 第 1 次 等待 3 秒
2024-03-10 01:23:47 {"status":"bad","gid":"669265","msg":"添加失败！号码【1687856(-|-)】已存在！"}

