2021-07-27 00:00:17 开始第 23 次操作

2021-07-27 00:00:17 开始操作号码 【1576627】
2021-07-27 00:00:23 GSD getOne 第 1 次 等待 3 秒
2021-07-27 00:00:26 查询号码 【1576627】，返回信息 {"status":"bad","msg":""}
2021-07-27 00:00:26 查询号码 【1576627】，GSD为【""】
2021-07-27 00:00:26 bad
2021-07-27 00:00:27 CHB 1576627?1627315226 第 1 次 等待 3 秒
2021-07-27 00:00:30 CHB 1576627?1627315226 第 1 次 获取到号码【1576627】GSD
2021-07-27 00:00:30 获取到号码【1576627】的GSD为【广东-湛江】
2021-07-27 00:00:35 GSD insert 第 1 次 等待 3 秒
2021-07-27 00:00:38 {"status":"ok","gid":407049,"msg":"添加成功！"}
2021-07-27 00:00:38 下次操作: 2021-07-27 00:00:54

2021-07-27 00:00:54 开始第 24 次操作

2021-07-27 00:00:54 开始操作号码 【1576626】
2021-07-27 00:00:59 GSD getOne 第 1 次 等待 3 秒
2021-07-27 00:01:02 查询号码 【1576626】，返回信息 {"status":"bad","msg":""}
2021-07-27 00:01:02 查询号码 【1576626】，GSD为【""】
2021-07-27 00:01:02 bad
2021-07-27 00:01:04 CHB 1576626?1627315262 第 1 次 等待 3 秒
2021-07-27 00:01:07 CHB 1576626?1627315262 第 1 次 获取到号码【1576626】GSD
2021-07-27 00:01:07 获取到号码【1576626】的GSD为【广东-深圳】
2021-07-27 00:01:14 GSD insert 第 1 次 等待 3 秒
2021-07-27 00:01:17 {"status":"ok","gid":407063,"msg":"添加成功！"}
2021-07-27 00:01:17 下次操作: 2021-07-27 00:01:31

2021-07-27 00:01:31 开始第 25 次操作

2021-07-27 00:01:31 开始操作号码 【1576625】
2021-07-27 00:01:35 GSD getOne 第 1 次 等待 3 秒
2021-07-27 00:01:38 查询号码 【1576625】，返回信息 {"status":"bad","msg":""}
2021-07-27 00:01:38 查询号码 【1576625】，GSD为【""】
2021-07-27 00:01:38 bad
2021-07-27 00:01:39 CHB 1576625?1627315298 第 1 次 等待 3 秒
2021-07-27 00:01:42 CHB 1576625?1627315298 第 1 次 获取到号码【1576625】GSD
2021-07-27 00:01:42 获取到号码【1576625】的GSD为【广东-肇庆】
2021-07-27 00:01:46 GSD insert 第 1 次 等待 3 秒
2021-07-27 00:01:49 {"status":"ok","gid":407070,"msg":"添加成功！"}
2021-07-27 00:01:49 下次操作: 2021-07-27 00:02:03

2021-07-27 00:02:03 开始第 26 次操作

2021-07-27 00:02:03 开始操作号码 【1576624】
2021-07-27 00:02:07 GSD getOne 第 1 次 等待 3 秒
2021-07-27 00:02:10 查询号码 【1576624】，返回信息 {"status":"bad","msg":""}
2021-07-27 00:02:10 查询号码 【1576624】，GSD为【""】
2021-07-27 00:02:10 bad
2021-07-27 00:02:12 CHB 1576624?1627315330 第 1 次 等待 3 秒
2021-07-27 00:02:15 CHB 1576624?1627315330 第 1 次 获取到号码【1576624】GSD
2021-07-27 00:02:15 获取到号码【1576624】的GSD为【广东-湛江】
2021-07-27 00:02:20 GSD insert 第 1 次 等待 3 秒
2021-07-27 00:02:23 {"status":"ok","gid":407078,"msg":"添加成功！"}
2021-07-27 00:02:23 下次操作: 2021-07-27 00:02:35

2021-07-27 00:02:35 开始第 27 次操作

2021-07-27 00:02:35 开始操作号码 【1576623】
2021-07-27 00:02:41 GSD getOne 第 1 次 等待 3 秒
2021-07-27 00:02:44 查询号码 【1576623】，返回信息 {"status":"bad","msg":""}
2021-07-27 00:02:44 查询号码 【1576623】，GSD为【""】
2021-07-27 00:02:44 bad
2021-07-27 00:02:45 CHB 1576623?1627315364 第 1 次 等待 3 秒
2021-07-27 00:02:48 CHB 1576623?1627315364 第 1 次 获取到号码【1576623】GSD
2021-07-27 00:02:48 获取到号码【1576623】的GSD为【广东-梅州】
2021-07-27 00:02:51 GSD insert 第 1 次 等待 3 秒
2021-07-27 00:02:54 {"status":"ok","gid":407088,"msg":"添加成功！"}
2021-07-27 00:02:54 下次操作: 2021-07-27 00:03:16

2021-07-27 00:03:16 开始第 28 次操作

2021-07-27 00:03:16 开始操作号码 【1576622】
2021-07-27 00:03:20 GSD getOne 第 1 次 等待 3 秒
2021-07-27 00:03:23 查询号码 【1576622】，返回信息 {"status":"bad","msg":""}
2021-07-27 00:03:23 查询号码 【1576622】，GSD为【""】
2021-07-27 00:03:23 bad
2021-07-27 00:03:24 CHB 1576622?1627315403 第 1 次 等待 3 秒
2021-07-27 00:03:27 CHB 1576622?1627315403 第 1 次 获取到号码【1576622】GSD
2021-07-27 00:03:27 获取到号码【1576622】的GSD为【广东-肇庆】
2021-07-27 00:03:30 GSD insert 第 1 次 等待 3 秒
2021-07-27 00:03:33 {"status":"ok","gid":407102,"msg":"添加成功！"}
2021-07-27 00:03:33 下次操作: 2021-07-27 00:03:45

2021-07-27 00:03:45 开始第 29 次操作

2021-07-27 00:03:45 开始操作号码 【1576621】
2021-07-27 00:03:48 GSD getOne 第 1 次 等待 3 秒
2021-07-27 00:03:51 查询号码 【1576621】，返回信息 {"status":"bad","msg":""}
2021-07-27 00:03:51 查询号码 【1576621】，GSD为【""】
2021-07-27 00:03:51 bad
2021-07-27 00:03:52 CHB 1576621?1627315431 第 1 次 等待 3 秒
2021-07-27 00:03:55 CHB 1576621?1627315431 第 1 次 获取到号码【1576621】GSD
2021-07-27 00:03:55 获取到号码【1576621】的GSD为【广东-梅州】
2021-07-27 00:03:59 GSD insert 第 1 次 等待 3 秒
2021-07-27 00:04:02 {"status":"ok","gid":407112,"msg":"添加成功！"}
2021-07-27 00:04:02 下次操作: 2021-07-27 00:04:18

2021-07-27 00:04:18 开始第 30 次操作

2021-07-27 00:04:18 开始操作号码 【1576620】
2021-07-27 00:04:21 GSD getOne 第 1 次 等待 3 秒
2021-07-27 00:04:24 查询号码 【1576620】，返回信息 {"status":"bad","msg":""}
2021-07-27 00:04:24 查询号码 【1576620】，GSD为【""】
2021-07-27 00:04:24 bad
2021-07-27 00:04:25 CHB 1576620?1627315464 第 1 次 等待 3 秒
2021-07-27 00:04:28 CHB 1576620?1627315464 第 1 次 获取到号码【1576620】GSD
2021-07-27 00:04:29 获取到号码【1576620】的GSD为【广东-深圳】
2021-07-27 00:04:31 GSD insert 第 1 次 等待 3 秒
2021-07-27 00:04:34 {"status":"ok","gid":407120,"msg":"添加成功！"}
2021-07-27 00:04:34 下次操作: 2021-07-27 00:04:48

2021-07-27 00:04:48 开始第 31 次操作

2021-07-27 00:04:48 开始操作号码 【1576619】
2021-07-27 00:04:51 GSD getOne 第 1 次 等待 3 秒
2021-07-27 00:04:54 查询号码 【1576619】，返回信息 {"status":"bad","msg":""}
2021-07-27 00:04:54 查询号码 【1576619】，GSD为【""】
2021-07-27 00:04:54 bad
2021-07-27 00:04:56 CHB 1576619?1627315494 第 1 次 等待 3 秒
2021-07-27 00:04:59 CHB 1576619?1627315494 第 1 次 获取到号码【1576619】GSD
2021-07-27 00:04:59 获取到号码【1576619】的GSD为【广东-深圳】
2021-07-27 00:05:06 GSD insert 第 1 次 等待 3 秒
2021-07-27 00:05:09 {"status":"ok","gid":407131,"msg":"添加成功！"}
2021-07-27 00:05:09 下次操作: 2021-07-27 00:05:31

2021-07-27 00:05:31 开始第 32 次操作

2021-07-27 00:05:31 开始操作号码 【1576618】
2021-07-27 00:05:34 GSD getOne 第 1 次 等待 3 秒
2021-07-27 00:05:37 查询号码 【1576618】，返回信息 {"status":"bad","msg":""}
2021-07-27 00:05:37 查询号码 【1576618】，GSD为【""】
2021-07-27 00:05:37 bad
2021-07-27 00:05:39 CHB 1576618?1627315537 第 1 次 等待 3 秒
2021-07-27 00:05:42 CHB 1576618?1627315537 第 1 次 获取到号码【1576618】GSD
2021-07-27 00:05:42 获取到号码【1576618】的GSD为【广东-梅州】
2021-07-27 00:05:45 GSD insert 第 1 次 等待 3 秒
2021-07-27 00:05:48 {"status":"ok","gid":407141,"msg":"添加成功！"}
2021-07-27 00:05:48 下次操作: 2021-07-27 00:06:03

2021-07-27 00:06:03 开始第 33 次操作

2021-07-27 00:06:04 开始操作号码 【1576617】
2021-07-27 00:06:10 GSD getOne 第 1 次 等待 3 秒
2021-07-27 00:06:13 查询号码 【1576617】，返回信息 {"status":"bad","msg":""}
2021-07-27 00:06:13 查询号码 【1576617】，GSD为【""】
2021-07-27 00:06:13 bad
2021-07-27 00:06:15 CHB 1576617?1627315573 第 1 次 等待 3 秒
2021-07-27 00:06:18 CHB 1576617?1627315573 第 1 次 获取到号码【1576617】GSD
2021-07-27 00:06:18 获取到号码【1576617】的GSD为【广东-肇庆】
2021-07-27 00:06:28 GSD insert 第 1 次 等待 3 秒
2021-07-27 00:06:31 {"status":"ok","gid":407153,"msg":"添加成功！"}
2021-07-27 00:06:31 下次操作: 2021-07-27 00:06:44

2021-07-27 00:06:44 开始第 34 次操作

2021-07-27 00:06:44 开始操作号码 【1576616】
2021-07-27 00:06:48 GSD getOne 第 1 次 等待 3 秒
2021-07-27 00:06:51 查询号码 【1576616】，返回信息 {"status":"bad","msg":""}
2021-07-27 00:06:51 查询号码 【1576616】，GSD为【""】
2021-07-27 00:06:51 bad
2021-07-27 00:06:53 CHB 1576616?1627315611 第 1 次 等待 3 秒
2021-07-27 00:06:56 CHB 1576616?1627315611 第 1 次 获取到号码【1576616】GSD
2021-07-27 00:06:56 获取到号码【1576616】的GSD为【广东-深圳】
2021-07-27 00:07:00 GSD insert 第 1 次 等待 3 秒
2021-07-27 00:07:03 {"status":"ok","gid":407161,"msg":"添加成功！"}
2021-07-27 00:07:03 下次操作: 2021-07-27 00:07:19

2021-07-27 00:07:19 开始第 35 次操作

2021-07-27 00:07:19 开始操作号码 【1576615】
2021-07-27 00:07:24 GSD getOne 第 1 次 等待 3 秒
2021-07-27 00:07:27 查询号码 【1576615】，返回信息 {"status":"bad","msg":""}
2021-07-27 00:07:27 查询号码 【1576615】，GSD为【""】
2021-07-27 00:07:27 bad
2021-07-27 00:07:29 CHB 1576615?1627315647 第 1 次 等待 3 秒
2021-07-27 00:07:32 CHB 1576615?1627315647 第 1 次 获取到号码【1576615】GSD
2021-07-27 00:07:32 获取到号码【1576615】的GSD为【广东-揭阳】
2021-07-27 00:07:35 GSD insert 第 1 次 等待 3 秒
2021-07-27 00:07:38 {"status":"ok","gid":407170,"msg":"添加成功！"}
2021-07-27 00:07:38 下次操作: 2021-07-27 00:07:59

2021-07-27 00:07:59 开始第 36 次操作

2021-07-27 00:07:59 开始操作号码 【1576614】
2021-07-27 00:08:04 GSD getOne 第 1 次 等待 3 秒
2021-07-27 00:08:07 查询号码 【1576614】，返回信息 {"status":"bad","msg":""}
2021-07-27 00:08:07 查询号码 【1576614】，GSD为【""】
2021-07-27 00:08:07 bad
2021-07-27 00:08:08 CHB 1576614?1627315687 第 1 次 等待 3 秒
2021-07-27 00:08:11 CHB 1576614?1627315687 第 1 次 获取到号码【1576614】GSD
2021-07-27 00:08:11 获取到号码【1576614】的GSD为【广东-肇庆】
2021-07-27 00:08:14 GSD insert 第 1 次 等待 3 秒
2021-07-27 00:08:17 {"status":"ok","gid":407181,"msg":"添加成功！"}
2021-07-27 00:08:17 下次操作: 2021-07-27 00:08:41

2021-07-27 00:08:41 开始第 37 次操作

2021-07-27 00:08:41 开始操作号码 【1576613】
2021-07-27 00:08:44 GSD getOne 第 1 次 等待 3 秒
2021-07-27 00:08:47 查询号码 【1576613】，返回信息 {"status":"bad","msg":""}
2021-07-27 00:08:47 查询号码 【1576613】，GSD为【""】
2021-07-27 00:08:47 bad
2021-07-27 00:08:49 CHB 1576613?1627315727 第 1 次 等待 3 秒
2021-07-27 00:08:52 CHB 1576613?1627315727 第 1 次 获取到号码【1576613】GSD
2021-07-27 00:08:52 获取到号码【1576613】的GSD为【广东-揭阳】
2021-07-27 00:08:55 GSD insert 第 1 次 等待 3 秒
2021-07-27 00:08:58 {"status":"ok","gid":407190,"msg":"添加成功！"}
2021-07-27 00:08:58 下次操作: 2021-07-27 00:09:21

2021-07-27 00:09:21 开始第 38 次操作

2021-07-27 00:09:21 开始操作号码 【1576612】
2021-07-27 00:09:23 GSD getOne 第 1 次 等待 3 秒
2021-07-27 00:09:26 查询号码 【1576612】，返回信息 {"status":"bad","msg":""}
2021-07-27 00:09:26 查询号码 【1576612】，GSD为【""】
2021-07-27 00:09:26 bad
2021-07-27 00:09:28 CHB 1576612?1627315766 第 1 次 等待 3 秒
2021-07-27 00:09:31 CHB 1576612?1627315766 第 1 次 获取到号码【1576612】GSD
2021-07-27 00:09:31 获取到号码【1576612】的GSD为【广东-揭阳】
2021-07-27 00:09:34 GSD insert 第 1 次 等待 3 秒
2021-07-27 00:09:37 {"status":"ok","gid":407199,"msg":"添加成功！"}
2021-07-27 00:09:37 下次操作: 2021-07-27 00:09:54

2021-07-27 00:09:54 开始第 39 次操作

2021-07-27 00:09:54 开始操作号码 【1576611】
2021-07-27 00:09:57 GSD getOne 第 1 次 等待 3 秒
2021-07-27 00:10:00 查询号码 【1576611】，返回信息 {"status":"bad","msg":""}
2021-07-27 00:10:01 查询号码 【1576611】，GSD为【""】
2021-07-27 00:10:01 bad
2021-07-27 00:10:02 CHB 1576611?1627315801 第 1 次 等待 3 秒
2021-07-27 00:10:05 CHB 1576611?1627315801 第 1 次 获取到号码【1576611】GSD
2021-07-27 00:10:05 获取到号码【1576611】的GSD为【广东-梅州】
2021-07-27 00:10:09 GSD insert 第 1 次 等待 3 秒
2021-07-27 00:10:12 {"status":"ok","gid":407210,"msg":"添加成功！"}
2021-07-27 00:10:12 下次操作: 2021-07-27 00:10:32

2021-07-27 00:10:32 开始第 40 次操作

2021-07-27 00:10:32 开始操作号码 【1576610】
2021-07-27 00:10:35 GSD getOne 第 1 次 等待 3 秒
2021-07-27 00:10:38 查询号码 【1576610】，返回信息 {"status":"bad","msg":""}
2021-07-27 00:10:38 查询号码 【1576610】，GSD为【""】
2021-07-27 00:10:38 bad
2021-07-27 00:10:40 CHB 1576610?1627315838 第 1 次 等待 3 秒
2021-07-27 00:10:43 CHB 1576610?1627315838 第 1 次 获取到号码【1576610】GSD
2021-07-27 00:10:43 获取到号码【1576610】的GSD为【广东-茂名】
2021-07-27 00:10:45 GSD insert 第 1 次 等待 3 秒
2021-07-27 00:10:48 {"status":"ok","gid":407218,"msg":"添加成功！"}

2021-07-27 01:03:09 开始第 1 次操作

2021-07-27 01:03:09 开始操作号码 【1576609】
2021-07-27 01:03:12 GSD getOne 第 1 次 等待 3 秒
2021-07-27 01:03:15 查询号码 【1576609】，返回信息 {"status":"ok","msg":"广东-茂名","gid":"23946","time_insert":"2017-03-21 14:04","time_update":"2020-09-29 21:58"}
2021-07-27 01:03:15 查询号码 【1576609】，GSD为【"广东-茂名"】

2021-07-27 01:03:15 开始第 1 次操作

2021-07-27 01:03:15 开始操作号码 【1576608】
2021-07-27 01:03:18 GSD getOne 第 1 次 等待 3 秒
2021-07-27 01:03:21 查询号码 【1576608】，返回信息 {"status":"bad","msg":""}
2021-07-27 01:03:21 查询号码 【1576608】，GSD为【""】
2021-07-27 01:03:21 bad
2021-07-27 01:03:23 CHB 1576608?1627319001 第 1 次 等待 3 秒
2021-07-27 01:03:26 CHB 1576608?1627319001 第 1 次 获取到号码【1576608】GSD
2021-07-27 01:03:26 获取到号码【1576608】的GSD为【广东-深圳】
2021-07-27 01:03:28 GSD insert 第 1 次 等待 3 秒
2021-07-27 01:03:31 {"status":"ok","gid":407405,"msg":"添加成功！"}
2021-07-27 01:03:31 下次操作: 2021-07-27 01:03:45

2021-07-27 01:03:45 开始第 2 次操作

2021-07-27 01:03:45 开始操作号码 【1576607】
2021-07-27 01:03:48 GSD getOne 第 1 次 等待 3 秒
2021-07-27 01:03:51 查询号码 【1576607】，返回信息 {"status":"bad","msg":""}
2021-07-27 01:03:51 查询号码 【1576607】，GSD为【""】
2021-07-27 01:03:51 bad
2021-07-27 01:03:53 CHB 1576607?1627319031 第 1 次 等待 3 秒
2021-07-27 01:03:56 CHB 1576607?1627319031 第 1 次 获取到号码【1576607】GSD
2021-07-27 01:03:56 获取到号码【1576607】的GSD为【广东-肇庆】
2021-07-27 01:04:02 GSD insert 第 1 次 等待 3 秒
2021-07-27 01:04:05 {"status":"ok","gid":407411,"msg":"添加成功！"}
2021-07-27 01:04:05 下次操作: 2021-07-27 01:04:28

2021-07-27 01:04:28 开始第 3 次操作

2021-07-27 01:04:28 开始操作号码 【1576606】
2021-07-27 01:04:32 GSD getOne 第 1 次 等待 3 秒
2021-07-27 01:04:35 查询号码 【1576606】，返回信息 {"status":"bad","msg":""}
2021-07-27 01:04:35 查询号码 【1576606】，GSD为【""】
2021-07-27 01:04:35 bad
2021-07-27 01:04:37 CHB 1576606?1627319075 第 1 次 等待 3 秒
2021-07-27 01:04:40 CHB 1576606?1627319075 第 1 次 获取到号码【1576606】GSD
2021-07-27 01:04:40 获取到号码【1576606】的GSD为【广东-茂名】
2021-07-27 01:04:43 GSD insert 第 1 次 等待 3 秒
2021-07-27 01:04:46 {"status":"ok","gid":407422,"msg":"添加成功！"}
2021-07-27 01:04:46 下次操作: 2021-07-27 01:05:08

2021-07-27 01:05:08 开始第 4 次操作

2021-07-27 01:05:08 开始操作号码 【1576605】
2021-07-27 01:05:11 GSD getOne 第 1 次 等待 3 秒
2021-07-27 01:05:14 查询号码 【1576605】，返回信息 {"status":"bad","msg":""}
2021-07-27 01:05:14 查询号码 【1576605】，GSD为【""】
2021-07-27 01:05:14 bad
2021-07-27 01:05:15 CHB 1576605?1627319114 第 1 次 等待 3 秒
2021-07-27 01:05:18 CHB 1576605?1627319114 第 1 次 获取到号码【1576605】GSD
2021-07-27 01:05:18 获取到号码【1576605】的GSD为【广东-茂名】
2021-07-27 01:05:22 GSD insert 第 1 次 等待 3 秒
2021-07-27 01:05:25 {"status":"ok","gid":407431,"msg":"添加成功！"}
2021-07-27 01:05:25 下次操作: 2021-07-27 01:05:49

2021-07-27 01:05:49 开始第 5 次操作

2021-07-27 01:05:49 开始操作号码 【1576604】
2021-07-27 01:05:56 GSD getOne 第 1 次 等待 3 秒
2021-07-27 01:05:59 查询号码 【1576604】，返回信息 {"status":"bad","msg":""}
2021-07-27 01:05:59 查询号码 【1576604】，GSD为【""】
2021-07-27 01:05:59 bad
2021-07-27 01:06:00 CHB 1576604?1627319159 第 1 次 等待 3 秒
2021-07-27 01:06:03 CHB 1576604?1627319159 第 1 次 获取到号码【1576604】GSD
2021-07-27 01:06:04 获取到号码【1576604】的GSD为【广东-清远】
2021-07-27 01:06:06 GSD insert 第 1 次 等待 3 秒
2021-07-27 01:06:09 {"status":"ok","gid":407439,"msg":"添加成功！"}
2021-07-27 01:06:09 下次操作: 2021-07-27 01:06:30

2021-07-27 01:06:30 开始第 6 次操作

2021-07-27 01:06:30 开始操作号码 【1576603】
2021-07-27 01:06:34 GSD getOne 第 1 次 等待 3 秒
2021-07-27 01:06:37 查询号码 【1576603】，返回信息 {"status":"bad","msg":""}
2021-07-27 01:06:37 查询号码 【1576603】，GSD为【""】
2021-07-27 01:06:37 bad
2021-07-27 01:06:38 CHB 1576603?1627319197 第 1 次 等待 3 秒
2021-07-27 01:06:41 CHB 1576603?1627319197 第 1 次 获取到号码【1576603】GSD
2021-07-27 01:06:41 获取到号码【1576603】的GSD为【广东-清远】
2021-07-27 01:06:48 GSD insert 第 1 次 等待 3 秒
2021-07-27 01:06:51 {"status":"ok","gid":407449,"msg":"添加成功！"}
2021-07-27 01:06:51 下次操作: 2021-07-27 01:07:11

2021-07-27 01:07:11 开始第 7 次操作

2021-07-27 01:07:11 开始操作号码 【1576602】
2021-07-27 01:07:16 GSD getOne 第 1 次 等待 3 秒
2021-07-27 01:07:19 查询号码 【1576602】，返回信息 {"status":"bad","msg":""}
2021-07-27 01:07:19 查询号码 【1576602】，GSD为【""】
2021-07-27 01:07:19 bad
2021-07-27 01:07:21 CHB 1576602?1627319239 第 1 次 等待 3 秒
2021-07-27 01:07:24 CHB 1576602?1627319239 第 1 次 获取到号码【1576602】GSD
2021-07-27 01:07:24 获取到号码【1576602】的GSD为【广东-肇庆】
2021-07-27 01:07:27 GSD insert 第 1 次 等待 3 秒
2021-07-27 01:07:30 {"status":"ok","gid":407459,"msg":"添加成功！"}
2021-07-27 01:07:30 下次操作: 2021-07-27 01:07:48

2021-07-27 01:07:48 开始第 8 次操作

2021-07-27 01:07:48 开始操作号码 【1576601】
2021-07-27 01:07:56 GSD getOne 第 1 次 等待 3 秒
2021-07-27 01:07:59 查询号码 【1576601】，返回信息 {"status":"bad","msg":""}
2021-07-27 01:07:59 查询号码 【1576601】，GSD为【""】
2021-07-27 01:07:59 bad
2021-07-27 01:08:01 CHB 1576601?1627319279 第 1 次 等待 3 秒
2021-07-27 01:08:04 CHB 1576601?1627319279 第 1 次 获取到号码【1576601】GSD
2021-07-27 01:08:04 获取到号码【1576601】的GSD为【广东-梅州】
2021-07-27 01:08:07 GSD insert 第 1 次 等待 3 秒
2021-07-27 01:08:10 {"status":"ok","gid":407471,"msg":"添加成功！"}
2021-07-27 01:08:10 下次操作: 2021-07-27 01:08:26

2021-07-27 01:08:26 开始第 9 次操作

2021-07-27 01:08:26 开始操作号码 【1576600】
2021-07-27 01:08:28 GSD getOne 第 1 次 等待 3 秒
2021-07-27 01:08:31 查询号码 【1576600】，返回信息 {"status":"bad","msg":""}
2021-07-27 01:08:31 查询号码 【1576600】，GSD为【""】
2021-07-27 01:08:31 bad
2021-07-27 01:08:33 CHB 1576600?1627319311 第 1 次 等待 3 秒
2021-07-27 01:08:36 CHB 1576600?1627319311 第 1 次 获取到号码【1576600】GSD
2021-07-27 01:08:36 获取到号码【1576600】的GSD为【广东-深圳】
2021-07-27 01:08:40 GSD insert 第 1 次 等待 3 秒
2021-07-27 01:08:43 {"status":"ok","gid":407479,"msg":"添加成功！"}
2021-07-27 01:08:43 下次操作: 2021-07-27 01:09:07

2021-07-27 01:09:07 开始第 10 次操作

2021-07-27 01:09:07 开始操作号码 【1576599】
2021-07-27 01:09:10 GSD getOne 第 1 次 等待 3 秒
2021-07-27 01:09:13 查询号码 【1576599】，返回信息 {"status":"bad","msg":""}
2021-07-27 01:09:13 查询号码 【1576599】，GSD为【""】
2021-07-27 01:09:13 bad
2021-07-27 01:09:15 CHB 1576599?1627319353 第 1 次 等待 3 秒
2021-07-27 01:09:18 CHB 1576599?1627319353 第 1 次 获取到号码【1576599】GSD
2021-07-27 01:09:18 获取到号码【1576599】的GSD为【黑龙江-伊春】
2021-07-27 01:09:23 GSD insert 第 1 次 等待 3 秒
2021-07-27 01:09:26 {"status":"ok","gid":407489,"msg":"添加成功！"}
2021-07-27 01:09:26 下次操作: 2021-07-27 01:09:40

2021-07-27 01:09:40 开始第 11 次操作

2021-07-27 01:09:40 开始操作号码 【1576598】
2021-07-27 01:09:44 GSD getOne 第 1 次 等待 3 秒
2021-07-27 01:09:47 查询号码 【1576598】，返回信息 {"status":"bad","msg":""}
2021-07-27 01:09:47 查询号码 【1576598】，GSD为【""】
2021-07-27 01:09:47 bad
2021-07-27 01:09:48 CHB 1576598?1627319387 第 1 次 等待 3 秒
2021-07-27 01:09:51 CHB 1576598?1627319387 第 1 次 获取到号码【1576598】GSD
2021-07-27 01:09:51 获取到号码【1576598】的GSD为【黑龙江-大庆】
2021-07-27 01:09:54 GSD insert 第 1 次 等待 3 秒
2021-07-27 01:09:57 {"status":"ok","gid":407498,"msg":"添加成功！"}
2021-07-27 01:09:57 下次操作: 2021-07-27 01:10:14

2021-07-27 01:10:14 开始第 12 次操作

2021-07-27 01:10:14 开始操作号码 【1576597】
2021-07-27 01:10:19 GSD getOne 第 1 次 等待 3 秒
2021-07-27 01:10:22 查询号码 【1576597】，返回信息 {"status":"bad","msg":""}
2021-07-27 01:10:22 查询号码 【1576597】，GSD为【""】
2021-07-27 01:10:22 bad
2021-07-27 01:10:24 CHB 1576597?1627319422 第 1 次 等待 3 秒
2021-07-27 01:10:27 CHB 1576597?1627319422 第 1 次 获取到号码【1576597】GSD
2021-07-27 01:10:27 获取到号码【1576597】的GSD为【黑龙江-大庆】
2021-07-27 01:10:30 GSD insert 第 1 次 等待 3 秒
2021-07-27 01:10:33 {"status":"ok","gid":407505,"msg":"添加成功！"}
2021-07-27 01:10:33 下次操作: 2021-07-27 01:10:52

2021-07-27 01:10:52 开始第 13 次操作

2021-07-27 01:10:52 开始操作号码 【1576596】
2021-07-27 01:10:58 GSD getOne 第 1 次 等待 3 秒
2021-07-27 01:11:01 查询号码 【1576596】，返回信息 {"status":"bad","msg":""}
2021-07-27 01:11:01 查询号码 【1576596】，GSD为【""】
2021-07-27 01:11:01 bad
2021-07-27 01:11:03 CHB 1576596?1627319461 第 1 次 等待 3 秒
2021-07-27 01:11:06 CHB 1576596?1627319461 第 1 次 获取到号码【1576596】GSD
2021-07-27 01:11:06 获取到号码【1576596】的GSD为【黑龙江-大庆】
2021-07-27 01:11:09 GSD insert 第 1 次 等待 3 秒
2021-07-27 01:11:12 {"status":"ok","gid":407517,"msg":"添加成功！"}
2021-07-27 01:11:12 下次操作: 2021-07-27 01:11:29

2021-07-27 01:11:29 开始第 14 次操作

2021-07-27 01:11:29 开始操作号码 【1576595】
2021-07-27 01:11:38 GSD getOne 第 1 次 等待 3 秒
2021-07-27 01:11:41 查询号码 【1576595】，返回信息 {"status":"bad","msg":""}
2021-07-27 01:11:41 查询号码 【1576595】，GSD为【""】
2021-07-27 01:11:41 bad
2021-07-27 01:11:42 CHB 1576595?1627319501 第 1 次 等待 3 秒
2021-07-27 01:11:45 CHB 1576595?1627319501 第 1 次 获取到号码【1576595】GSD
2021-07-27 01:11:45 获取到号码【1576595】的GSD为【黑龙江-大庆】
2021-07-27 01:11:49 GSD insert 第 1 次 等待 3 秒
2021-07-27 01:11:52 {"status":"ok","gid":407526,"msg":"添加成功！"}
2021-07-27 01:11:52 下次操作: 2021-07-27 01:12:12

2021-07-27 01:12:12 开始第 15 次操作

2021-07-27 01:12:12 开始操作号码 【1576594】
2021-07-27 01:12:15 GSD getOne 第 1 次 等待 3 秒
2021-07-27 01:12:18 查询号码 【1576594】，返回信息 {"status":"bad","msg":""}
2021-07-27 01:12:18 查询号码 【1576594】，GSD为【""】
2021-07-27 01:12:18 bad
2021-07-27 01:12:19 CHB 1576594?1627319538 第 1 次 等待 3 秒
2021-07-27 01:12:22 CHB 1576594?1627319538 第 1 次 获取到号码【1576594】GSD
2021-07-27 01:12:22 获取到号码【1576594】的GSD为【黑龙江-哈尔滨】
2021-07-27 01:12:27 GSD insert 第 1 次 等待 3 秒
2021-07-27 01:12:30 {"status":"ok","gid":407535,"msg":"添加成功！"}
2021-07-27 01:12:30 下次操作: 2021-07-27 01:12:53

2021-07-27 01:12:53 开始第 16 次操作

2021-07-27 01:12:53 开始操作号码 【1576593】
2021-07-27 01:12:56 GSD getOne 第 1 次 等待 3 秒
2021-07-27 01:12:59 查询号码 【1576593】，返回信息 {"status":"bad","msg":""}
2021-07-27 01:12:59 查询号码 【1576593】，GSD为【""】
2021-07-27 01:12:59 bad
2021-07-27 01:13:01 CHB 1576593?1627319579 第 1 次 等待 3 秒
2021-07-27 01:13:04 CHB 1576593?1627319579 第 1 次 获取到号码【1576593】GSD
2021-07-27 01:13:04 获取到号码【1576593】的GSD为【黑龙江-哈尔滨】
2021-07-27 01:13:06 GSD insert 第 1 次 等待 3 秒
2021-07-27 01:13:09 {"status":"ok","gid":407547,"msg":"添加成功！"}
2021-07-27 01:13:09 下次操作: 2021-07-27 01:13:27

2021-07-27 01:13:27 开始第 17 次操作

2021-07-27 01:13:27 开始操作号码 【1576592】
2021-07-27 01:13:30 GSD getOne 第 1 次 等待 3 秒
2021-07-27 01:13:33 查询号码 【1576592】，返回信息 {"status":"bad","msg":""}
2021-07-27 01:13:33 查询号码 【1576592】，GSD为【""】
2021-07-27 01:13:33 bad
2021-07-27 01:13:35 CHB 1576592?1627319613 第 1 次 等待 3 秒
2021-07-27 01:13:38 CHB 1576592?1627319613 第 1 次 获取到号码【1576592】GSD
2021-07-27 01:13:38 获取到号码【1576592】的GSD为【黑龙江-哈尔滨】
2021-07-27 01:13:41 GSD insert 第 1 次 等待 3 秒
2021-07-27 01:13:44 {"status":"ok","gid":407555,"msg":"添加成功！"}
2021-07-27 01:13:44 下次操作: 2021-07-27 01:13:58

2021-07-27 01:13:58 开始第 18 次操作

2021-07-27 01:13:58 开始操作号码 【1576591】
2021-07-27 01:14:01 GSD getOne 第 1 次 等待 3 秒
2021-07-27 01:14:04 查询号码 【1576591】，返回信息 {"status":"bad","msg":""}
2021-07-27 01:14:05 查询号码 【1576591】，GSD为【""】
2021-07-27 01:14:05 bad
2021-07-27 01:14:06 CHB 1576591?1627319645 第 1 次 等待 3 秒
2021-07-27 01:14:09 CHB 1576591?1627319645 第 1 次 获取到号码【1576591】GSD
2021-07-27 01:14:09 获取到号码【1576591】的GSD为【黑龙江-哈尔滨】
2021-07-27 01:14:16 GSD insert 第 1 次 等待 3 秒
2021-07-27 01:14:19 {"status":"ok","gid":407564,"msg":"添加成功！"}
2021-07-27 01:14:19 下次操作: 2021-07-27 01:14:34

2021-07-27 01:14:34 开始第 19 次操作

2021-07-27 01:14:34 开始操作号码 【1576590】
2021-07-27 01:14:38 GSD getOne 第 1 次 等待 3 秒
2021-07-27 01:14:41 查询号码 【1576590】，返回信息 {"status":"bad","msg":""}
2021-07-27 01:14:42 查询号码 【1576590】，GSD为【""】
2021-07-27 01:14:42 bad
2021-07-27 01:14:43 CHB 1576590?1627319682 第 1 次 等待 3 秒
2021-07-27 01:14:46 CHB 1576590?1627319682 第 1 次 获取到号码【1576590】GSD
2021-07-27 01:14:46 获取到号码【1576590】的GSD为【黑龙江-大庆】
2021-07-27 01:14:50 GSD insert 第 1 次 等待 3 秒
2021-07-27 01:14:53 {"status":"ok","gid":407572,"msg":"添加成功！"}
2021-07-27 01:14:53 下次操作: 2021-07-27 01:15:17

2021-07-27 01:15:17 开始第 20 次操作

2021-07-27 01:15:17 开始操作号码 【1576589】
2021-07-27 01:15:21 GSD getOne 第 1 次 等待 3 秒
2021-07-27 01:15:24 查询号码 【1576589】，返回信息 {"status":"bad","msg":""}
2021-07-27 01:15:24 查询号码 【1576589】，GSD为【""】
2021-07-27 01:15:24 bad
2021-07-27 01:15:25 CHB 1576589?1627319724 第 1 次 等待 3 秒
2021-07-27 01:15:28 CHB 1576589?1627319724 第 1 次 获取到号码【1576589】GSD
2021-07-27 01:15:28 获取到号码【1576589】的GSD为【黑龙江-大庆】
2021-07-27 01:15:32 GSD insert 第 1 次 等待 3 秒
2021-07-27 01:15:35 {"status":"ok","gid":407584,"msg":"添加成功！"}
2021-07-27 01:15:35 下次操作: 2021-07-27 01:15:48

2021-07-27 01:15:48 开始第 21 次操作

2021-07-27 01:15:48 开始操作号码 【1576588】
2021-07-27 01:15:52 GSD getOne 第 1 次 等待 3 秒
2021-07-27 01:15:55 查询号码 【1576588】，返回信息 {"status":"bad","msg":""}
2021-07-27 01:15:55 查询号码 【1576588】，GSD为【""】
2021-07-27 01:15:55 bad
2021-07-27 01:15:56 CHB 1576588?1627319755 第 1 次 等待 3 秒
2021-07-27 01:15:59 CHB 1576588?1627319755 第 1 次 获取到号码【1576588】GSD
2021-07-27 01:15:59 获取到号码【1576588】的GSD为【黑龙江-大庆】
2021-07-27 01:16:04 GSD insert 第 1 次 等待 3 秒
2021-07-27 01:16:07 {"status":"ok","gid":407590,"msg":"添加成功！"}
2021-07-27 01:16:07 下次操作: 2021-07-27 01:16:28

2021-07-27 01:16:28 开始第 22 次操作

2021-07-27 01:16:28 开始操作号码 【1576587】
2021-07-27 01:16:31 GSD getOne 第 1 次 等待 3 秒
2021-07-27 01:16:34 查询号码 【1576587】，返回信息 {"status":"bad","msg":""}
2021-07-27 01:16:34 查询号码 【1576587】，GSD为【""】
2021-07-27 01:16:34 bad
2021-07-27 01:16:36 CHB 1576587?1627319794 第 1 次 等待 3 秒
2021-07-27 01:16:39 CHB 1576587?1627319794 第 1 次 获取到号码【1576587】GSD
2021-07-27 01:16:39 获取到号码【1576587】的GSD为【黑龙江-大庆】
2021-07-27 01:16:42 GSD insert 第 1 次 等待 3 秒
2021-07-27 01:16:45 {"status":"ok","gid":407597,"msg":"添加成功！"}
2021-07-27 01:16:45 下次操作: 2021-07-27 01:17:00

2021-07-27 01:17:00 开始第 23 次操作

2021-07-27 01:17:00 开始操作号码 【1576586】
2021-07-27 01:17:03 GSD getOne 第 1 次 等待 3 秒
2021-07-27 01:17:06 查询号码 【1576586】，返回信息 {"status":"bad","msg":""}
2021-07-27 01:17:06 查询号码 【1576586】，GSD为【""】
2021-07-27 01:17:06 bad
2021-07-27 01:17:07 CHB 1576586?1627319826 第 1 次 等待 3 秒
2021-07-27 01:17:10 CHB 1576586?1627319826 第 1 次 获取到号码【1576586】GSD
2021-07-27 01:17:10 获取到号码【1576586】的GSD为【黑龙江-大庆】
2021-07-27 01:17:15 GSD insert 第 1 次 等待 3 秒
2021-07-27 01:17:18 {"status":"ok","gid":407605,"msg":"添加成功！"}
2021-07-27 01:17:18 下次操作: 2021-07-27 01:17:30

2021-07-27 01:17:30 开始第 24 次操作

2021-07-27 01:17:30 开始操作号码 【1576585】
2021-07-27 01:17:33 GSD getOne 第 1 次 等待 3 秒
2021-07-27 01:17:36 查询号码 【1576585】，返回信息 {"status":"bad","msg":""}
2021-07-27 01:17:36 查询号码 【1576585】，GSD为【""】
2021-07-27 01:17:36 bad
2021-07-27 01:17:37 CHB 1576585?1627319856 第 1 次 等待 3 秒
2021-07-27 01:17:40 CHB 1576585?1627319856 第 1 次 获取到号码【1576585】GSD
2021-07-27 01:17:40 获取到号码【1576585】的GSD为【黑龙江-大庆】
2021-07-27 01:17:43 GSD insert 第 1 次 等待 3 秒
2021-07-27 01:17:46 {"status":"ok","gid":407613,"msg":"添加成功！"}
2021-07-27 01:17:46 下次操作: 2021-07-27 01:18:05

2021-07-27 01:18:05 开始第 25 次操作

2021-07-27 01:18:05 开始操作号码 【1576584】
2021-07-27 01:18:08 GSD getOne 第 1 次 等待 3 秒
2021-07-27 01:18:11 查询号码 【1576584】，返回信息 {"status":"bad","msg":""}
2021-07-27 01:18:11 查询号码 【1576584】，GSD为【""】
2021-07-27 01:18:11 bad
2021-07-27 01:18:12 CHB 1576584?1627319891 第 1 次 等待 3 秒
2021-07-27 01:18:15 CHB 1576584?1627319891 第 1 次 获取到号码【1576584】GSD
2021-07-27 01:18:15 获取到号码【1576584】的GSD为【黑龙江-大庆】
2021-07-27 01:18:19 GSD insert 第 1 次 等待 3 秒
2021-07-27 01:18:22 {"status":"ok","gid":407623,"msg":"添加成功！"}
2021-07-27 01:18:22 下次操作: 2021-07-27 01:18:42

2021-07-27 01:18:42 开始第 26 次操作

2021-07-27 01:18:42 开始操作号码 【1576583】
2021-07-27 01:18:45 GSD getOne 第 1 次 等待 3 秒
2021-07-27 01:18:48 查询号码 【1576583】，返回信息 {"status":"bad","msg":""}
2021-07-27 01:18:48 查询号码 【1576583】，GSD为【""】
2021-07-27 01:18:48 bad
2021-07-27 01:18:49 CHB 1576583?1627319928 第 1 次 等待 3 秒
2021-07-27 01:18:52 CHB 1576583?1627319928 第 1 次 获取到号码【1576583】GSD
2021-07-27 01:18:52 获取到号码【1576583】的GSD为【黑龙江-大庆】
2021-07-27 01:18:59 GSD insert 第 1 次 等待 3 秒
2021-07-27 01:19:02 {"status":"ok","gid":407632,"msg":"添加成功！"}
2021-07-27 01:19:02 下次操作: 2021-07-27 01:19:19

2021-07-27 01:19:19 开始第 27 次操作

2021-07-27 01:19:19 开始操作号码 【1576582】
2021-07-27 01:19:22 GSD getOne 第 1 次 等待 3 秒
2021-07-27 01:19:25 查询号码 【1576582】，返回信息 {"status":"bad","msg":""}
2021-07-27 01:19:25 查询号码 【1576582】，GSD为【""】
2021-07-27 01:19:25 bad
2021-07-27 01:19:27 CHB 1576582?1627319965 第 1 次 等待 3 秒
2021-07-27 01:19:30 CHB 1576582?1627319965 第 1 次 获取到号码【1576582】GSD
2021-07-27 01:19:30 获取到号码【1576582】的GSD为【黑龙江-大庆】
2021-07-27 01:19:33 GSD insert 第 1 次 等待 3 秒
2021-07-27 01:19:36 {"status":"ok","gid":407641,"msg":"添加成功！"}
2021-07-27 01:19:36 下次操作: 2021-07-27 01:19:51

2021-07-27 01:19:51 开始第 28 次操作

2021-07-27 01:19:51 开始操作号码 【1576581】
2021-07-27 01:19:54 GSD getOne 第 1 次 等待 3 秒
2021-07-27 01:19:57 查询号码 【1576581】，返回信息 {"status":"bad","msg":""}
2021-07-27 01:19:57 查询号码 【1576581】，GSD为【""】
2021-07-27 01:19:57 bad
2021-07-27 01:19:59 CHB 1576581?1627319997 第 1 次 等待 3 秒
2021-07-27 01:20:02 CHB 1576581?1627319997 第 1 次 获取到号码【1576581】GSD
2021-07-27 01:20:02 获取到号码【1576581】的GSD为【黑龙江-大庆】
2021-07-27 01:20:05 GSD insert 第 1 次 等待 3 秒
2021-07-27 01:20:08 {"status":"ok","gid":407651,"msg":"添加成功！"}
2021-07-27 01:20:08 下次操作: 2021-07-27 01:20:27

2021-07-27 01:20:27 开始第 29 次操作

2021-07-27 01:20:27 开始操作号码 【1576580】
2021-07-27 01:20:35 GSD getOne 第 1 次 等待 3 秒
2021-07-27 01:20:38 查询号码 【1576580】，返回信息 {"status":"bad","msg":""}
2021-07-27 01:20:38 查询号码 【1576580】，GSD为【""】
2021-07-27 01:20:38 bad
2021-07-27 01:20:39 CHB 1576580?1627320038 第 1 次 等待 3 秒
2021-07-27 01:20:42 CHB 1576580?1627320038 第 1 次 获取到号码【1576580】GSD
2021-07-27 01:20:42 获取到号码【1576580】的GSD为【黑龙江-大庆】
2021-07-27 01:20:48 GSD insert 第 1 次 等待 3 秒
2021-07-27 01:20:51 {"status":"ok","gid":407662,"msg":"添加成功！"}
2021-07-27 01:20:51 下次操作: 2021-07-27 01:21:09

2021-07-27 01:21:09 开始第 30 次操作

2021-07-27 01:21:09 开始操作号码 【1576579】
2021-07-27 01:21:12 GSD getOne 第 1 次 等待 3 秒
2021-07-27 01:21:15 查询号码 【1576579】，返回信息 {"status":"bad","msg":""}
2021-07-27 01:21:15 查询号码 【1576579】，GSD为【""】
2021-07-27 01:21:15 bad
2021-07-27 01:21:16 CHB 1576579?1627320075 第 1 次 等待 3 秒
2021-07-27 01:21:19 CHB 1576579?1627320075 第 1 次 获取到号码【1576579】GSD
2021-07-27 01:21:20 获取到号码【1576579】的GSD为【黑龙江-绥化】
2021-07-27 01:21:22 GSD insert 第 1 次 等待 3 秒
2021-07-27 01:21:25 {"status":"ok","gid":407670,"msg":"添加成功！"}
2021-07-27 01:21:25 下次操作: 2021-07-27 01:21:46

2021-07-27 01:21:46 开始第 31 次操作

2021-07-27 01:21:46 开始操作号码 【1576578】
2021-07-27 01:21:50 GSD getOne 第 1 次 等待 3 秒
2021-07-27 01:21:53 查询号码 【1576578】，返回信息 {"status":"bad","msg":""}
2021-07-27 01:21:53 查询号码 【1576578】，GSD为【""】
2021-07-27 01:21:53 bad
2021-07-27 01:21:54 CHB 1576578?1627320113 第 1 次 等待 3 秒
2021-07-27 01:21:57 CHB 1576578?1627320113 第 1 次 获取到号码【1576578】GSD
2021-07-27 01:21:58 获取到号码【1576578】的GSD为【黑龙江-绥化】
2021-07-27 01:22:00 GSD insert 第 1 次 等待 3 秒
2021-07-27 01:22:03 {"status":"ok","gid":407678,"msg":"添加成功！"}
2021-07-27 01:22:03 下次操作: 2021-07-27 01:22:20

2021-07-27 01:22:20 开始第 32 次操作

2021-07-27 01:22:20 开始操作号码 【1576577】
2021-07-27 01:22:23 GSD getOne 第 1 次 等待 3 秒
2021-07-27 01:22:26 查询号码 【1576577】，返回信息 {"status":"bad","msg":""}
2021-07-27 01:22:26 查询号码 【1576577】，GSD为【""】
2021-07-27 01:22:26 bad
2021-07-27 01:22:28 CHB 1576577?1627320146 第 1 次 等待 3 秒
2021-07-27 01:22:31 CHB 1576577?1627320146 第 1 次 获取到号码【1576577】GSD
2021-07-27 01:22:31 获取到号码【1576577】的GSD为【黑龙江-绥化】
2021-07-27 01:22:33 GSD insert 第 1 次 等待 3 秒
2021-07-27 01:22:36 {"status":"ok","gid":407687,"msg":"添加成功！"}
2021-07-27 01:22:36 下次操作: 2021-07-27 01:22:53

2021-07-27 01:22:53 开始第 33 次操作

2021-07-27 01:22:53 开始操作号码 【1576576】
2021-07-27 01:22:59 GSD getOne 第 1 次 等待 3 秒
2021-07-27 01:23:02 查询号码 【1576576】，返回信息 {"status":"bad","msg":""}
2021-07-27 01:23:02 查询号码 【1576576】，GSD为【""】
2021-07-27 01:23:02 bad
2021-07-27 01:23:04 CHB 1576576?1627320182 第 1 次 等待 3 秒
2021-07-27 01:23:07 CHB 1576576?1627320182 第 1 次 获取到号码【1576576】GSD
2021-07-27 01:23:07 获取到号码【1576576】的GSD为【黑龙江-绥化】
2021-07-27 01:23:10 GSD insert 第 1 次 等待 3 秒
2021-07-27 01:23:13 {"status":"ok","gid":407696,"msg":"添加成功！"}
2021-07-27 01:23:13 下次操作: 2021-07-27 01:23:25

2021-07-27 01:23:25 开始第 34 次操作

2021-07-27 01:23:25 开始操作号码 【1576575】
2021-07-27 01:23:30 GSD getOne 第 1 次 等待 3 秒
2021-07-27 01:23:33 查询号码 【1576575】，返回信息 {"status":"bad","msg":""}
2021-07-27 01:23:33 查询号码 【1576575】，GSD为【""】
2021-07-27 01:23:33 bad
2021-07-27 01:23:34 CHB 1576575?1627320213 第 1 次 等待 3 秒
2021-07-27 01:23:37 CHB 1576575?1627320213 第 1 次 获取到号码【1576575】GSD
2021-07-27 01:23:37 获取到号码【1576575】的GSD为【黑龙江-绥化】
2021-07-27 01:23:40 GSD insert 第 1 次 等待 3 秒
2021-07-27 01:23:43 {"status":"ok","gid":407705,"msg":"添加成功！"}
2021-07-27 01:23:43 下次操作: 2021-07-27 01:24:05

2021-07-27 01:24:05 开始第 35 次操作

2021-07-27 01:24:05 开始操作号码 【1576574】
2021-07-27 01:24:08 GSD getOne 第 1 次 等待 3 秒
2021-07-27 01:24:11 查询号码 【1576574】，返回信息 {"status":"bad","msg":""}
2021-07-27 01:24:11 查询号码 【1576574】，GSD为【""】
2021-07-27 01:24:11 bad
2021-07-27 01:24:13 CHB 1576574?1627320251 第 1 次 等待 3 秒
2021-07-27 01:24:16 CHB 1576574?1627320251 第 1 次 获取到号码【1576574】GSD
2021-07-27 01:24:16 获取到号码【1576574】的GSD为【黑龙江-绥化】
2021-07-27 01:24:23 GSD insert 第 1 次 等待 3 秒
2021-07-27 01:24:26 {"status":"ok","gid":407716,"msg":"添加成功！"}
2021-07-27 01:24:26 下次操作: 2021-07-27 01:24:39

2021-07-27 01:24:39 开始第 36 次操作

2021-07-27 01:24:39 开始操作号码 【1576573】
2021-07-27 01:24:42 GSD getOne 第 1 次 等待 3 秒
2021-07-27 01:24:45 查询号码 【1576573】，返回信息 {"status":"bad","msg":""}
2021-07-27 01:24:45 查询号码 【1576573】，GSD为【""】
2021-07-27 01:24:45 bad
2021-07-27 01:24:46 CHB 1576573?1627320285 第 1 次 等待 3 秒
2021-07-27 01:24:49 CHB 1576573?1627320285 第 1 次 获取到号码【1576573】GSD
2021-07-27 01:24:49 获取到号码【1576573】的GSD为【黑龙江-绥化】
2021-07-27 01:24:52 GSD insert 第 1 次 等待 3 秒
2021-07-27 01:24:55 {"status":"ok","gid":407722,"msg":"添加成功！"}
2021-07-27 01:24:55 下次操作: 2021-07-27 01:25:16

2021-07-27 01:25:16 开始第 37 次操作

2021-07-27 01:25:16 开始操作号码 【1576572】
2021-07-27 01:25:19 GSD getOne 第 1 次 等待 3 秒
2021-07-27 01:25:22 查询号码 【1576572】，返回信息 {"status":"bad","msg":""}
2021-07-27 01:25:22 查询号码 【1576572】，GSD为【""】
2021-07-27 01:25:22 bad
2021-07-27 01:25:23 CHB 1576572?1627320322 第 1 次 等待 3 秒
2021-07-27 01:25:26 CHB 1576572?1627320322 第 1 次 获取到号码【1576572】GSD
2021-07-27 01:25:26 获取到号码【1576572】的GSD为【黑龙江-绥化】
2021-07-27 01:25:32 GSD insert 第 1 次 等待 3 秒
2021-07-27 01:25:35 {"status":"ok","gid":407732,"msg":"添加成功！"}
2021-07-27 01:25:35 下次操作: 2021-07-27 01:25:52

2021-07-27 01:25:52 开始第 38 次操作

2021-07-27 01:25:52 开始操作号码 【1576571】
2021-07-27 01:25:56 GSD getOne 第 1 次 等待 3 秒
2021-07-27 01:25:59 查询号码 【1576571】，返回信息 {"status":"bad","msg":""}
2021-07-27 01:25:59 查询号码 【1576571】，GSD为【""】
2021-07-27 01:25:59 bad
2021-07-27 01:26:00 CHB 1576571?1627320359 第 1 次 等待 3 秒
2021-07-27 01:26:03 CHB 1576571?1627320359 第 1 次 获取到号码【1576571】GSD
2021-07-27 01:26:03 获取到号码【1576571】的GSD为【黑龙江-绥化】
2021-07-27 01:26:06 GSD insert 第 1 次 等待 3 秒
2021-07-27 01:26:09 {"status":"ok","gid":407738,"msg":"添加成功！"}
2021-07-27 01:26:09 下次操作: 2021-07-27 01:26:27

2021-07-27 01:26:27 开始第 39 次操作

2021-07-27 01:26:27 开始操作号码 【1576570】
2021-07-27 01:26:32 GSD getOne 第 1 次 等待 3 秒
2021-07-27 01:26:35 查询号码 【1576570】，返回信息 {"status":"bad","msg":""}
2021-07-27 01:26:35 查询号码 【1576570】，GSD为【""】
2021-07-27 01:26:35 bad
2021-07-27 01:28:15 CHB 1576570?1627320395 第 1 次 等待 3 秒
2021-07-27 01:28:18 CHB 1576570?1627320395 第 1 次 获取到号码【1576570】GSD
2021-07-27 01:28:18 获取到号码【1576570】的GSD为【黑龙江-绥化】
2021-07-27 01:28:21 GSD insert 第 1 次 等待 3 秒
2021-07-27 01:28:24 {"status":"ok","gid":407742,"msg":"添加成功！"}
2021-07-27 01:28:24 下次操作: 2021-07-27 01:28:36

2021-07-27 01:28:36 开始第 40 次操作

2021-07-27 01:28:36 开始操作号码 【1576569】
2021-07-27 01:28:39 GSD getOne 第 1 次 等待 3 秒
2021-07-27 01:28:42 查询号码 【1576569】，返回信息 {"status":"bad","msg":""}
2021-07-27 01:28:42 查询号码 【1576569】，GSD为【""】
2021-07-27 01:28:42 bad
2021-07-27 01:28:43 CHB 1576569?1627320522 第 1 次 等待 3 秒
2021-07-27 01:28:46 CHB 1576569?1627320522 第 1 次 获取到号码【1576569】GSD
2021-07-27 01:28:46 获取到号码【1576569】的GSD为【黑龙江-鸡西】
2021-07-27 01:28:50 GSD insert 第 1 次 等待 3 秒
2021-07-27 01:28:53 {"status":"ok","gid":407745,"msg":"添加成功！"}

