2024-10-02 00:26:37 开始第 7501 次操作

2024-10-02 00:26:37 开始操作号码 【1357500】
2024-10-02 00:26:39 GSD getOne 第 1 次 等待 3 秒
2024-10-02 00:26:42 查询号码 【1357500】，返回信息 {"status":"ok","msg":"湖南-岳阳","gid":"324637","time_insert":"2021-07-19 09:51"}
2024-10-02 00:26:42 查询号码 【1357500】，GSD为【"湖南-岳阳"】

2024-10-02 00:26:43 开始第 7502 次操作

2024-10-02 00:26:43 开始操作号码 【1357501】
2024-10-02 00:26:45 GSD getOne 第 1 次 等待 3 秒
2024-10-02 00:26:48 查询号码 【1357501】，返回信息 {"status":"ok","msg":"湖南-岳阳","gid":"6749","time_insert":"2019-02-11 17:04","time_update":"2020-09-22 00:17"}
2024-10-02 00:26:48 查询号码 【1357501】，GSD为【"湖南-岳阳"】

2024-10-02 00:26:49 开始第 7503 次操作

2024-10-02 00:26:49 开始操作号码 【1357502】
2024-10-02 00:26:51 GSD getOne 第 1 次 等待 3 秒
2024-10-02 00:26:54 查询号码 【1357502】，返回信息 {"status":"ok","msg":"湖南-岳阳","gid":"324627","time_insert":"2021-07-19 09:50"}
2024-10-02 00:26:54 查询号码 【1357502】，GSD为【"湖南-岳阳"】

2024-10-02 00:26:55 开始第 7504 次操作

2024-10-02 00:26:55 开始操作号码 【1357503】
2024-10-02 00:26:57 GSD getOne 第 1 次 等待 3 秒
2024-10-02 00:27:00 查询号码 【1357503】，返回信息 {"status":"ok","msg":"湖南-岳阳","gid":"68321","time_insert":"2021-05-26 00:19","time_update":"2021-05-26 09:37"}
2024-10-02 00:27:00 查询号码 【1357503】，GSD为【"湖南-岳阳"】

2024-10-02 00:46:50 开始第 7505 次操作

2024-10-02 00:46:50 开始操作号码 【1357504】
2024-10-02 00:46:52 GSD getOne 第 1 次 等待 3 秒
2024-10-02 00:46:55 查询号码 【1357504】，返回信息 {"status":"ok","msg":"湖南-岳阳","gid":"324618","time_insert":"2021-07-19 09:49"}
2024-10-02 00:46:55 查询号码 【1357504】，GSD为【"湖南-岳阳"】

2024-10-02 00:46:56 开始第 7506 次操作

2024-10-02 00:46:56 开始操作号码 【1357505】
2024-10-02 00:46:59 GSD getOne 第 1 次 等待 3 秒
2024-10-02 00:47:02 查询号码 【1357505】，返回信息 {"status":"ok","msg":"湖南-岳阳","gid":"324610","time_insert":"2021-07-19 09:49"}
2024-10-02 00:47:02 查询号码 【1357505】，GSD为【"湖南-岳阳"】

2024-10-02 00:47:03 开始第 7507 次操作

2024-10-02 00:47:03 开始操作号码 【1357506】
2024-10-02 00:47:04 GSD getOne 第 1 次 等待 3 秒
2024-10-02 00:47:07 查询号码 【1357506】，返回信息 {"status":"ok","msg":"湖南-岳阳","gid":"324602","time_insert":"2021-07-19 09:48"}
2024-10-02 00:47:08 查询号码 【1357506】，GSD为【"湖南-岳阳"】

2024-10-02 00:47:09 开始第 7508 次操作

2024-10-02 00:47:09 开始操作号码 【1357507】
2024-10-02 00:47:11 GSD getOne 第 1 次 等待 3 秒
2024-10-02 00:47:14 查询号码 【1357507】，返回信息 {"status":"ok","msg":"湖南-岳阳","gid":"324595","time_insert":"2021-07-19 09:48"}
2024-10-02 00:47:14 查询号码 【1357507】，GSD为【"湖南-岳阳"】

2024-10-02 01:17:43 开始第 7509 次操作

2024-10-02 01:17:43 开始操作号码 【1357508】
2024-10-02 01:17:46 GSD getOne 第 1 次 等待 3 秒
2024-10-02 01:17:49 查询号码 【1357508】，返回信息 {"status":"ok","msg":"湖南-岳阳","gid":"324586","time_insert":"2021-07-19 09:47"}
2024-10-02 01:17:49 查询号码 【1357508】，GSD为【"湖南-岳阳"】

2024-10-02 01:17:50 开始第 7510 次操作

2024-10-02 01:17:50 开始操作号码 【1357509】
2024-10-02 01:17:51 GSD getOne 第 1 次 等待 3 秒
2024-10-02 01:17:54 查询号码 【1357509】，返回信息 {"status":"ok","msg":"湖南-岳阳","gid":"324577","time_insert":"2021-07-19 09:46"}
2024-10-02 01:17:54 查询号码 【1357509】，GSD为【"湖南-岳阳"】

2024-10-02 01:17:55 开始第 7511 次操作

2024-10-02 01:17:55 开始操作号码 【1357510】
2024-10-02 01:17:57 GSD getOne 第 1 次 等待 3 秒
2024-10-02 01:18:00 查询号码 【1357510】，返回信息 {"status":"ok","msg":"湖南-衡阳","gid":"324567","time_insert":"2021-07-19 09:46"}
2024-10-02 01:18:00 查询号码 【1357510】，GSD为【"湖南-衡阳"】

2024-10-02 01:18:01 开始第 7512 次操作

2024-10-02 01:18:01 开始操作号码 【1357511】
2024-10-02 01:18:03 GSD getOne 第 1 次 等待 3 秒
2024-10-02 01:18:06 查询号码 【1357511】，返回信息 {"status":"ok","msg":"湖南-衡阳","gid":"324557","time_insert":"2021-07-19 09:45"}
2024-10-02 01:18:06 查询号码 【1357511】，GSD为【"湖南-衡阳"】

2024-10-02 01:39:23 开始第 7513 次操作

2024-10-02 01:39:23 开始操作号码 【1357512】
2024-10-02 01:39:25 GSD getOne 第 1 次 等待 3 秒
2024-10-02 01:39:28 查询号码 【1357512】，返回信息 {"status":"ok","msg":"湖南-衡阳","gid":"324541","time_insert":"2021-07-19 09:43"}
2024-10-02 01:39:28 查询号码 【1357512】，GSD为【"湖南-衡阳"】

2024-10-02 01:39:29 开始第 7514 次操作

2024-10-02 01:39:29 开始操作号码 【1357513】
2024-10-02 01:39:31 GSD getOne 第 1 次 等待 3 秒
2024-10-02 01:39:34 查询号码 【1357513】，返回信息 {"status":"ok","msg":"湖南-衡阳","gid":"324533","time_insert":"2021-07-19 09:42"}
2024-10-02 01:39:34 查询号码 【1357513】，GSD为【"湖南-衡阳"】

2024-10-02 01:39:35 开始第 7515 次操作

2024-10-02 01:39:35 开始操作号码 【1357514】
2024-10-02 01:39:36 GSD getOne 第 1 次 等待 3 秒
2024-10-02 01:39:39 查询号码 【1357514】，返回信息 {"status":"ok","msg":"湖南-衡阳","gid":"324526","time_insert":"2021-07-19 09:42"}
2024-10-02 01:39:39 查询号码 【1357514】，GSD为【"湖南-衡阳"】

2024-10-02 01:39:40 开始第 7516 次操作

2024-10-02 01:39:40 开始操作号码 【1357515】
2024-10-02 01:39:42 GSD getOne 第 1 次 等待 3 秒
2024-10-02 01:39:45 查询号码 【1357515】，返回信息 {"status":"ok","msg":"湖南-衡阳","gid":"324519","time_insert":"2021-07-19 09:41"}
2024-10-02 01:39:45 查询号码 【1357515】，GSD为【"湖南-衡阳"】

