2023-10-20 00:22:09 开始第 3965 次操作

2023-10-20 00:22:09 开始操作号码 【1893879】
2023-10-20 00:22:15 GSD getOne 第 1 次 等待 3 秒
2023-10-20 00:22:18 查询号码 【1893879】，返回信息 {"status":"ok","msg":"广东-中山","gid":"501809","time_insert":"2021-08-10 10:33"}
2023-10-20 00:22:18 查询号码 【1893879】，GSD为【"广东-中山"】

2023-10-20 00:22:19 开始第 3966 次操作

2023-10-20 00:22:19 开始操作号码 【1893880】
2023-10-20 00:22:23 GSD getOne 第 1 次 等待 3 秒
2023-10-20 00:22:26 查询号码 【1893880】，返回信息 {"status":"ok","msg":"广东-潮州","gid":"501679","time_insert":"2021-08-10 08:57","time_update":"2021-08-10 08:58"}
2023-10-20 00:22:26 查询号码 【1893880】，GSD为【"广东-潮州"】

2023-10-20 00:22:27 开始第 3967 次操作

2023-10-20 00:22:27 开始操作号码 【1893881】
2023-10-20 00:22:33 GSD getOne 第 1 次 等待 3 秒
2023-10-20 00:22:36 查询号码 【1893881】，返回信息 {"status":"ok","msg":"广东-潮州","gid":"501693","time_insert":"2021-08-10 09:09"}
2023-10-20 00:22:36 查询号码 【1893881】，GSD为【"广东-潮州"】

2023-10-20 00:22:37 开始第 3968 次操作

2023-10-20 00:22:37 开始操作号码 【1893882】
2023-10-20 00:22:41 GSD getOne 第 1 次 等待 3 秒
2023-10-20 00:22:44 查询号码 【1893882】，返回信息 {"status":"ok","msg":"广东-潮州","gid":"501714","time_insert":"2021-08-10 09:21"}
2023-10-20 00:22:44 查询号码 【1893882】，GSD为【"广东-潮州"】

