2023-12-16 00:23:20 开始第 3357 次操作

2023-12-16 00:23:20 开始操作号码 【1793271】
2023-12-16 00:23:36 GSD getOne 第 1 次 等待 3 秒
2023-12-16 00:23:39 查询号码 【1793271】，返回信息 {"status":"ok","msg":"-","gid":"621359","time_insert":"2023-03-29 09:37"}
2023-12-16 00:23:39 查询号码 【1793271】，GSD为【"-"】
2023-12-16 00:23:39 ok && -
2023-12-16 00:23:42 CHB 1793271?1702657419 第 1 次 等待 3 秒
2023-12-16 00:23:45 CHB 1793271?1702657419 第 1 次 获取到号码【1793271】GSD
2023-12-16 00:23:45 未获取到号码【1793271】GSD，可能号码格式错误
2023-12-16 00:23:45 获取到号码【1793271】的GSD为【-】
2023-12-16 00:23:49 GSD insert 第 1 次 等待 3 秒
2023-12-16 00:23:52 {"status":"bad","gid":"621359","msg":"添加失败！号码【1793271(-|-)】已存在！"}
2023-12-16 00:23:52 随机等待 66 秒，约 1 分钟
2023-12-16 00:23:52 下次操作: 2023-12-16 00:24:58

2023-12-16 00:24:58 开始第 3358 次操作

2023-12-16 00:24:58 开始操作号码 【1793272】
2023-12-16 00:25:47 GSD getOne 第 1 次 等待 3 秒
2023-12-16 00:25:50 查询号码 【1793272】，返回信息 {"status":"ok","msg":"-","gid":"621374","time_insert":"2023-03-29 09:54"}
2023-12-16 00:25:50 查询号码 【1793272】，GSD为【"-"】
2023-12-16 00:25:50 ok && -
2023-12-16 00:25:52 CHB 1793272?1702657550 第 1 次 等待 3 秒
2023-12-16 00:25:55 CHB 1793272?1702657550 第 1 次 获取到号码【1793272】GSD
2023-12-16 00:25:55 未获取到号码【1793272】GSD，可能号码格式错误
2023-12-16 00:25:55 获取到号码【1793272】的GSD为【-】
2023-12-16 00:26:02 GSD insert 第 1 次 等待 3 秒
2023-12-16 00:26:05 {"status":"bad","gid":"621374","msg":"添加失败！号码【1793272(-|-)】已存在！"}
2023-12-16 00:26:05 随机等待 91 秒，约 1 分钟
2023-12-16 00:26:05 下次操作: 2023-12-16 00:27:36

2023-12-16 00:27:36 开始第 3359 次操作

2023-12-16 00:27:36 开始操作号码 【1793273】
2023-12-16 00:27:39 GSD getOne 第 1 次 等待 3 秒
2023-12-16 00:27:42 查询号码 【1793273】，返回信息 {"status":"ok","msg":"-","gid":"621391","time_insert":"2023-03-29 10:11"}
2023-12-16 00:27:42 查询号码 【1793273】，GSD为【"-"】
2023-12-16 00:27:42 ok && -
2023-12-16 00:27:45 CHB 1793273?1702657662 第 1 次 等待 3 秒
2023-12-16 00:27:48 CHB 1793273?1702657662 第 1 次 获取到号码【1793273】GSD
2023-12-16 00:27:48 未获取到号码【1793273】GSD，可能号码格式错误
2023-12-16 00:27:48 获取到号码【1793273】的GSD为【-】
2023-12-16 00:27:51 GSD insert 第 1 次 等待 3 秒
2023-12-16 00:27:54 {"status":"bad","gid":"621391","msg":"添加失败！号码【1793273(-|-)】已存在！"}
2023-12-16 00:27:54 随机等待 95 秒，约 1 分钟
2023-12-16 00:27:54 下次操作: 2023-12-16 00:29:29

2023-12-16 00:29:29 开始第 3360 次操作

2023-12-16 00:29:29 开始操作号码 【1793274】
2023-12-16 00:29:33 GSD getOne 第 1 次 等待 3 秒
2023-12-16 00:29:36 查询号码 【1793274】，返回信息 {"status":"ok","msg":"-","gid":"621413","time_insert":"2023-03-29 10:29"}
2023-12-16 00:29:36 查询号码 【1793274】，GSD为【"-"】
2023-12-16 00:29:36 ok && -
2023-12-16 00:29:41 CHB 1793274?1702657776 第 1 次 等待 3 秒
2023-12-16 00:29:44 CHB 1793274?1702657776 第 1 次 获取到号码【1793274】GSD
2023-12-16 00:29:44 未获取到号码【1793274】GSD，可能号码格式错误
2023-12-16 00:29:44 获取到号码【1793274】的GSD为【-】
2023-12-16 00:29:50 GSD insert 第 1 次 等待 3 秒
2023-12-16 00:29:53 {"status":"bad","gid":"621413","msg":"添加失败！号码【1793274(-|-)】已存在！"}

