2024-01-02 00:21:30 开始第 6369 次操作

2024-01-02 00:21:30 开始操作号码 【1796282】
2024-01-02 00:21:34 GSD getOne 第 1 次 等待 3 秒
2024-01-02 00:21:37 查询号码 【1796282】，返回信息 {"status":"ok","msg":"-","gid":"632975","time_insert":"2023-04-04 01:39"}
2024-01-02 00:21:38 查询号码 【1796282】，GSD为【"-"】
2024-01-02 00:21:38 ok && -
2024-01-02 00:21:40 CHB 1796282?1704126098 第 1 次 等待 3 秒
2024-01-02 00:21:43 CHB 1796282?1704126098 第 1 次 获取到号码【1796282】GSD
2024-01-02 00:21:43 未获取到号码【1796282】GSD，可能号码格式错误
2024-01-02 00:21:43 获取到号码【1796282】的GSD为【-】
2024-01-02 00:21:46 GSD insert 第 1 次 等待 3 秒
2024-01-02 00:21:49 {"status":"bad","gid":"632975","msg":"添加失败！号码【1796282(-|-)】已存在！"}
2024-01-02 00:21:49 随机等待 209 秒，约 3 分钟
2024-01-02 00:21:49 下次操作: 2024-01-02 00:25:18

2024-01-02 00:25:18 开始第 6370 次操作

2024-01-02 00:25:18 开始操作号码 【1796283】
2024-01-02 00:25:22 GSD getOne 第 1 次 等待 3 秒
2024-01-02 00:25:25 查询号码 【1796283】，返回信息 {"status":"ok","msg":"-","gid":"632982","time_insert":"2023-04-04 01:40"}
2024-01-02 00:25:25 查询号码 【1796283】，GSD为【"-"】
2024-01-02 00:25:25 ok && -
2024-01-02 00:25:27 CHB 1796283?1704126325 第 1 次 等待 3 秒
2024-01-02 00:25:30 CHB 1796283?1704126325 第 1 次 获取到号码【1796283】GSD
2024-01-02 00:25:30 未获取到号码【1796283】GSD，可能号码格式错误
2024-01-02 00:25:30 获取到号码【1796283】的GSD为【-】
2024-01-02 00:25:33 GSD insert 第 1 次 等待 3 秒
2024-01-02 00:25:36 {"status":"bad","gid":"632982","msg":"添加失败！号码【1796283(-|-)】已存在！"}
2024-01-02 00:25:36 随机等待 182 秒，约 3 分钟
2024-01-02 00:25:36 下次操作: 2024-01-02 00:28:38

2024-01-02 00:28:38 开始第 6371 次操作

2024-01-02 00:28:38 开始操作号码 【1796284】
2024-01-02 00:28:43 GSD getOne 第 1 次 等待 3 秒
2024-01-02 00:28:46 查询号码 【1796284】，返回信息 {"status":"ok","msg":"-","gid":"632986","time_insert":"2023-04-04 01:42"}
2024-01-02 00:28:46 查询号码 【1796284】，GSD为【"-"】
2024-01-02 00:28:46 ok && -
2024-01-02 00:28:48 CHB 1796284?1704126526 第 1 次 等待 3 秒
2024-01-02 00:28:52 CHB 1796284?1704126526 第 1 次 获取到号码【1796284】GSD
2024-01-02 00:28:52 未获取到号码【1796284】GSD，可能号码格式错误
2024-01-02 00:28:52 获取到号码【1796284】的GSD为【-】
2024-01-02 00:28:54 GSD insert 第 1 次 等待 3 秒
2024-01-02 00:28:57 {"status":"bad","gid":"632986","msg":"添加失败！号码【1796284(-|-)】已存在！"}
2024-01-02 00:28:57 随机等待 167 秒，约 2 分钟
2024-01-02 00:28:57 下次操作: 2024-01-02 00:31:44

2024-01-02 00:31:44 开始第 6372 次操作

2024-01-02 00:31:44 开始操作号码 【1796285】
2024-01-02 00:31:48 GSD getOne 第 1 次 等待 3 秒
2024-01-02 00:31:51 查询号码 【1796285】，返回信息 {"status":"ok","msg":"-","gid":"632991","time_insert":"2023-04-04 01:45"}
2024-01-02 00:31:51 查询号码 【1796285】，GSD为【"-"】
2024-01-02 00:31:51 ok && -
2024-01-02 00:31:53 CHB 1796285?1704126711 第 1 次 等待 3 秒
2024-01-02 00:31:56 CHB 1796285?1704126711 第 1 次 获取到号码【1796285】GSD
2024-01-02 00:31:56 未获取到号码【1796285】GSD，可能号码格式错误
2024-01-02 00:31:56 获取到号码【1796285】的GSD为【-】
2024-01-02 00:31:59 GSD insert 第 1 次 等待 3 秒
2024-01-02 00:32:02 {"status":"bad","gid":"632991","msg":"添加失败！号码【1796285(-|-)】已存在！"}

2024-01-02 00:39:45 开始第 6373 次操作

2024-01-02 00:39:45 开始操作号码 【1796286】
2024-01-02 00:39:49 GSD getOne 第 1 次 等待 3 秒
2024-01-02 00:39:52 查询号码 【1796286】，返回信息 {"status":"ok","msg":"-","gid":"632994","time_insert":"2023-04-04 01:48"}
2024-01-02 00:39:52 查询号码 【1796286】，GSD为【"-"】
2024-01-02 00:39:52 ok && -
2024-01-02 00:39:55 CHB 1796286?1704127192 第 1 次 等待 3 秒
2024-01-02 00:39:58 CHB 1796286?1704127192 第 1 次 获取到号码【1796286】GSD
2024-01-02 00:39:58 未获取到号码【1796286】GSD，可能号码格式错误
2024-01-02 00:39:58 获取到号码【1796286】的GSD为【-】
2024-01-02 00:40:01 GSD insert 第 1 次 等待 3 秒
2024-01-02 00:40:04 {"status":"bad","gid":"632994","msg":"添加失败！号码【1796286(-|-)】已存在！"}
2024-01-02 00:40:04 随机等待 75 秒，约 1 分钟
2024-01-02 00:40:04 下次操作: 2024-01-02 00:41:19

2024-01-02 00:41:19 开始第 6374 次操作

2024-01-02 00:41:19 开始操作号码 【1796287】
2024-01-02 00:41:22 GSD getOne 第 1 次 等待 3 秒
2024-01-02 00:41:25 查询号码 【1796287】，返回信息 {"status":"ok","msg":"-","gid":"632996","time_insert":"2023-04-04 01:49"}
2024-01-02 00:41:25 查询号码 【1796287】，GSD为【"-"】
2024-01-02 00:41:25 ok && -
2024-01-02 00:41:28 CHB 1796287?1704127285 第 1 次 等待 3 秒
2024-01-02 00:41:31 CHB 1796287?1704127285 第 1 次 获取到号码【1796287】GSD
2024-01-02 00:41:31 未获取到号码【1796287】GSD，可能号码格式错误
2024-01-02 00:41:31 获取到号码【1796287】的GSD为【-】
2024-01-02 00:41:34 GSD insert 第 1 次 等待 3 秒
2024-01-02 00:41:37 {"status":"bad","gid":"632996","msg":"添加失败！号码【1796287(-|-)】已存在！"}
2024-01-02 00:41:37 随机等待 102 秒，约 1 分钟
2024-01-02 00:41:37 下次操作: 2024-01-02 00:43:19

2024-01-02 00:43:19 开始第 6375 次操作

2024-01-02 00:43:19 开始操作号码 【1796288】
2024-01-02 00:43:22 GSD getOne 第 1 次 等待 3 秒
2024-01-02 00:43:25 查询号码 【1796288】，返回信息 {"status":"ok","msg":"-","gid":"633001","time_insert":"2023-04-04 01:53"}
2024-01-02 00:43:25 查询号码 【1796288】，GSD为【"-"】
2024-01-02 00:43:25 ok && -
2024-01-02 00:43:27 CHB 1796288?1704127405 第 1 次 等待 3 秒
2024-01-02 00:43:30 CHB 1796288?1704127405 第 1 次 获取到号码【1796288】GSD
2024-01-02 00:43:30 未获取到号码【1796288】GSD，可能号码格式错误
2024-01-02 00:43:30 获取到号码【1796288】的GSD为【-】
2024-01-02 00:43:33 GSD insert 第 1 次 等待 3 秒
2024-01-02 00:43:36 {"status":"bad","gid":"633001","msg":"添加失败！号码【1796288(-|-)】已存在！"}
2024-01-02 00:43:36 随机等待 127 秒，约 2 分钟
2024-01-02 00:43:36 下次操作: 2024-01-02 00:45:43

2024-01-02 00:45:43 开始第 6376 次操作

2024-01-02 00:45:43 开始操作号码 【1796289】
2024-01-02 00:45:46 GSD getOne 第 1 次 等待 3 秒
2024-01-02 00:45:49 查询号码 【1796289】，返回信息 {"status":"ok","msg":"-","gid":"633009","time_insert":"2023-04-04 01:55"}
2024-01-02 00:45:49 查询号码 【1796289】，GSD为【"-"】
2024-01-02 00:45:49 ok && -
2024-01-02 00:45:51 CHB 1796289?1704127549 第 1 次 等待 3 秒
2024-01-02 00:45:54 CHB 1796289?1704127549 第 1 次 获取到号码【1796289】GSD
2024-01-02 00:45:54 未获取到号码【1796289】GSD，可能号码格式错误
2024-01-02 00:45:54 获取到号码【1796289】的GSD为【-】
2024-01-02 00:45:57 GSD insert 第 1 次 等待 3 秒
2024-01-02 00:46:00 {"status":"bad","gid":"633009","msg":"添加失败！号码【1796289(-|-)】已存在！"}

2024-01-02 01:15:14 开始第 6377 次操作

2024-01-02 01:15:14 开始操作号码 【1796290】
2024-01-02 01:15:17 GSD getOne 第 1 次 等待 3 秒
2024-01-02 01:15:20 查询号码 【1796290】，返回信息 {"status":"ok","msg":"-","gid":"633013","time_insert":"2023-04-04 01:58"}
2024-01-02 01:15:21 查询号码 【1796290】，GSD为【"-"】
2024-01-02 01:15:21 ok && -
2024-01-02 01:15:23 CHB 1796290?1704129321 第 1 次 等待 3 秒
2024-01-02 01:15:26 CHB 1796290?1704129321 第 1 次 获取到号码【1796290】GSD
2024-01-02 01:15:26 未获取到号码【1796290】GSD，可能号码格式错误
2024-01-02 01:15:26 获取到号码【1796290】的GSD为【-】
2024-01-02 01:15:29 GSD insert 第 1 次 等待 3 秒
2024-01-02 01:15:32 {"status":"bad","gid":"633013","msg":"添加失败！号码【1796290(-|-)】已存在！"}
2024-01-02 01:15:32 随机等待 228 秒，约 3 分钟
2024-01-02 01:15:32 下次操作: 2024-01-02 01:19:20

2024-01-02 01:19:20 开始第 6378 次操作

2024-01-02 01:19:20 开始操作号码 【1796291】
2024-01-02 01:19:23 GSD getOne 第 1 次 等待 3 秒
2024-01-02 01:19:26 查询号码 【1796291】，返回信息 {"status":"ok","msg":"-","gid":"633016","time_insert":"2023-04-04 02:01"}
2024-01-02 01:19:26 查询号码 【1796291】，GSD为【"-"】
2024-01-02 01:19:26 ok && -
2024-01-02 01:19:29 CHB 1796291?1704129566 第 1 次 等待 3 秒
2024-01-02 01:19:32 CHB 1796291?1704129566 第 1 次 获取到号码【1796291】GSD
2024-01-02 01:19:32 未获取到号码【1796291】GSD，可能号码格式错误
2024-01-02 01:19:32 获取到号码【1796291】的GSD为【-】
2024-01-02 01:19:35 GSD insert 第 1 次 等待 3 秒
2024-01-02 01:19:38 {"status":"bad","gid":"633016","msg":"添加失败！号码【1796291(-|-)】已存在！"}
2024-01-02 01:19:38 随机等待 225 秒，约 3 分钟
2024-01-02 01:19:38 下次操作: 2024-01-02 01:23:23

2024-01-02 01:23:23 开始第 6379 次操作

2024-01-02 01:23:23 开始操作号码 【1796292】
2024-01-02 01:23:26 GSD getOne 第 1 次 等待 3 秒
2024-01-02 01:23:29 查询号码 【1796292】，返回信息 {"status":"ok","msg":"-","gid":"633029","time_insert":"2023-04-04 02:10"}
2024-01-02 01:23:29 查询号码 【1796292】，GSD为【"-"】
2024-01-02 01:23:29 ok && -
2024-01-02 01:23:32 CHB 1796292?1704129809 第 1 次 等待 3 秒
2024-01-02 01:23:35 CHB 1796292?1704129809 第 1 次 获取到号码【1796292】GSD
2024-01-02 01:23:35 未获取到号码【1796292】GSD，可能号码格式错误
2024-01-02 01:23:35 获取到号码【1796292】的GSD为【-】
2024-01-02 01:23:38 GSD insert 第 1 次 等待 3 秒
2024-01-02 01:23:41 {"status":"bad","gid":"633029","msg":"添加失败！号码【1796292(-|-)】已存在！"}
2024-01-02 01:23:41 随机等待 151 秒，约 2 分钟
2024-01-02 01:23:41 下次操作: 2024-01-02 01:26:12

2024-01-02 01:26:12 开始第 6380 次操作

2024-01-02 01:26:12 开始操作号码 【1796293】
2024-01-02 01:26:16 GSD getOne 第 1 次 等待 3 秒
2024-01-02 01:26:19 查询号码 【1796293】，返回信息 {"status":"ok","msg":"-","gid":"633031","time_insert":"2023-04-04 02:13"}
2024-01-02 01:26:19 查询号码 【1796293】，GSD为【"-"】
2024-01-02 01:26:19 ok && -
2024-01-02 01:26:21 CHB 1796293?1704129979 第 1 次 等待 3 秒
2024-01-02 01:26:24 CHB 1796293?1704129979 第 1 次 获取到号码【1796293】GSD
2024-01-02 01:26:24 未获取到号码【1796293】GSD，可能号码格式错误
2024-01-02 01:26:24 获取到号码【1796293】的GSD为【-】
2024-01-02 01:26:27 GSD insert 第 1 次 等待 3 秒
2024-01-02 01:26:30 {"status":"bad","gid":"633031","msg":"添加失败！号码【1796293(-|-)】已存在！"}

2024-01-02 01:37:44 开始第 6381 次操作

2024-01-02 01:37:44 开始操作号码 【1796294】
2024-01-02 01:37:48 GSD getOne 第 1 次 等待 3 秒
2024-01-02 01:37:51 查询号码 【1796294】，返回信息 {"status":"ok","msg":"-","gid":"633033","time_insert":"2023-04-04 02:15"}
2024-01-02 01:37:51 查询号码 【1796294】，GSD为【"-"】
2024-01-02 01:37:51 ok && -
2024-01-02 01:37:53 CHB 1796294?1704130671 第 1 次 等待 3 秒
2024-01-02 01:37:56 CHB 1796294?1704130671 第 1 次 获取到号码【1796294】GSD
2024-01-02 01:37:57 未获取到号码【1796294】GSD，可能号码格式错误
2024-01-02 01:37:57 获取到号码【1796294】的GSD为【-】
2024-01-02 01:38:01 GSD insert 第 1 次 等待 3 秒
2024-01-02 01:38:04 {"status":"bad","gid":"633033","msg":"添加失败！号码【1796294(-|-)】已存在！"}
2024-01-02 01:38:04 随机等待 202 秒，约 3 分钟
2024-01-02 01:38:04 下次操作: 2024-01-02 01:41:26

2024-01-02 01:41:26 开始第 6382 次操作

2024-01-02 01:41:26 开始操作号码 【1796295】
2024-01-02 01:41:28 GSD getOne 第 1 次 等待 3 秒
2024-01-02 01:41:31 查询号码 【1796295】，返回信息 {"status":"ok","msg":"-","gid":"633037","time_insert":"2023-04-04 02:16"}
2024-01-02 01:41:32 查询号码 【1796295】，GSD为【"-"】
2024-01-02 01:41:32 ok && -
2024-01-02 01:41:34 CHB 1796295?1704130892 第 1 次 等待 3 秒
2024-01-02 01:41:37 CHB 1796295?1704130892 第 1 次 获取到号码【1796295】GSD
2024-01-02 01:41:37 未获取到号码【1796295】GSD，可能号码格式错误
2024-01-02 01:41:37 获取到号码【1796295】的GSD为【-】
2024-01-02 01:41:39 GSD insert 第 1 次 等待 3 秒
2024-01-02 01:41:42 {"status":"bad","gid":"633037","msg":"添加失败！号码【1796295(-|-)】已存在！"}
2024-01-02 01:41:42 随机等待 113 秒，约 1 分钟
2024-01-02 01:41:42 下次操作: 2024-01-02 01:43:35

2024-01-02 01:43:35 开始第 6383 次操作

2024-01-02 01:43:35 开始操作号码 【1796296】
2024-01-02 01:43:39 GSD getOne 第 1 次 等待 3 秒
2024-01-02 01:43:42 查询号码 【1796296】，返回信息 {"status":"ok","msg":"-","gid":"633058","time_insert":"2023-04-04 02:34"}
2024-01-02 01:43:42 查询号码 【1796296】，GSD为【"-"】
2024-01-02 01:43:42 ok && -
2024-01-02 01:43:44 CHB 1796296?1704131022 第 1 次 等待 3 秒
2024-01-02 01:43:47 CHB 1796296?1704131022 第 1 次 获取到号码【1796296】GSD
2024-01-02 01:43:47 未获取到号码【1796296】GSD，可能号码格式错误
2024-01-02 01:43:47 获取到号码【1796296】的GSD为【-】
2024-01-02 01:43:50 GSD insert 第 1 次 等待 3 秒
2024-01-02 01:43:53 {"status":"bad","gid":"633058","msg":"添加失败！号码【1796296(-|-)】已存在！"}
2024-01-02 01:43:53 随机等待 230 秒，约 3 分钟
2024-01-02 01:43:53 下次操作: 2024-01-02 01:47:43

2024-01-02 01:47:43 开始第 6384 次操作

2024-01-02 01:47:43 开始操作号码 【1796297】
2024-01-02 01:47:45 GSD getOne 第 1 次 等待 3 秒
2024-01-02 01:47:48 查询号码 【1796297】，返回信息 {"status":"ok","msg":"-","gid":"633062","time_insert":"2023-04-04 02:37"}
2024-01-02 01:47:48 查询号码 【1796297】，GSD为【"-"】
2024-01-02 01:47:48 ok && -
2024-01-02 01:47:50 CHB 1796297?1704131268 第 1 次 等待 3 秒
2024-01-02 01:47:53 CHB 1796297?1704131268 第 1 次 获取到号码【1796297】GSD
2024-01-02 01:47:53 未获取到号码【1796297】GSD，可能号码格式错误
2024-01-02 01:47:53 获取到号码【1796297】的GSD为【-】
2024-01-02 01:47:56 GSD insert 第 1 次 等待 3 秒
2024-01-02 01:47:59 {"status":"bad","gid":"633062","msg":"添加失败！号码【1796297(-|-)】已存在！"}

2024-01-02 02:21:40 开始第 6385 次操作

2024-01-02 02:21:40 开始操作号码 【1796298】
2024-01-02 02:21:45 GSD getOne 第 1 次 等待 3 秒
2024-01-02 02:21:48 查询号码 【1796298】，返回信息 {"status":"ok","msg":"-","gid":"633066","time_insert":"2023-04-04 02:40"}
2024-01-02 02:21:48 查询号码 【1796298】，GSD为【"-"】
2024-01-02 02:21:48 ok && -
2024-01-02 02:21:50 CHB 1796298?1704133308 第 1 次 等待 3 秒
2024-01-02 02:21:53 CHB 1796298?1704133308 第 1 次 获取到号码【1796298】GSD
2024-01-02 02:21:53 未获取到号码【1796298】GSD，可能号码格式错误
2024-01-02 02:21:53 获取到号码【1796298】的GSD为【-】
2024-01-02 02:21:56 GSD insert 第 1 次 等待 3 秒
2024-01-02 02:21:59 {"status":"bad","gid":"633066","msg":"添加失败！号码【1796298(-|-)】已存在！"}
2024-01-02 02:21:59 随机等待 232 秒，约 3 分钟
2024-01-02 02:21:59 下次操作: 2024-01-02 02:25:51

2024-01-02 02:25:51 开始第 6386 次操作

2024-01-02 02:25:51 开始操作号码 【1796299】
2024-01-02 02:25:55 GSD getOne 第 1 次 等待 3 秒
2024-01-02 02:25:58 查询号码 【1796299】，返回信息 {"status":"ok","msg":"-","gid":"633071","time_insert":"2023-04-04 02:42"}
2024-01-02 02:25:58 查询号码 【1796299】，GSD为【"-"】
2024-01-02 02:25:58 ok && -
2024-01-02 02:26:01 CHB 1796299?1704133558 第 1 次 等待 3 秒
2024-01-02 02:26:04 CHB 1796299?1704133558 第 1 次 获取到号码【1796299】GSD
2024-01-02 02:26:04 未获取到号码【1796299】GSD，可能号码格式错误
2024-01-02 02:26:04 获取到号码【1796299】的GSD为【-】
2024-01-02 02:26:07 GSD insert 第 1 次 等待 3 秒
2024-01-02 02:26:10 {"status":"bad","gid":"633071","msg":"添加失败！号码【1796299(-|-)】已存在！"}
2024-01-02 02:26:10 随机等待 82 秒，约 1 分钟
2024-01-02 02:26:10 下次操作: 2024-01-02 02:27:32

2024-01-02 02:27:32 开始第 6387 次操作

2024-01-02 02:27:32 开始操作号码 【1796300】
2024-01-02 02:27:35 GSD getOne 第 1 次 等待 3 秒
2024-01-02 02:27:38 查询号码 【1796300】，返回信息 {"status":"ok","msg":"-","gid":"633074","time_insert":"2023-04-04 02:43"}
2024-01-02 02:27:38 查询号码 【1796300】，GSD为【"-"】
2024-01-02 02:27:38 ok && -
2024-01-02 02:27:43 CHB 1796300?1704133658 第 1 次 等待 3 秒
2024-01-02 02:27:46 CHB 1796300?1704133658 第 1 次 获取到号码【1796300】GSD
2024-01-02 02:27:46 未获取到号码【1796300】GSD，可能号码格式错误
2024-01-02 02:27:46 获取到号码【1796300】的GSD为【-】
2024-01-02 02:27:49 GSD insert 第 1 次 等待 3 秒
2024-01-02 02:27:52 {"status":"bad","gid":"633074","msg":"添加失败！号码【1796300(-|-)】已存在！"}
2024-01-02 02:27:52 随机等待 226 秒，约 3 分钟
2024-01-02 02:27:52 下次操作: 2024-01-02 02:31:38

2024-01-02 02:31:38 开始第 6388 次操作

2024-01-02 02:31:38 开始操作号码 【1796301】
2024-01-02 02:31:41 GSD getOne 第 1 次 等待 3 秒
2024-01-02 02:31:44 查询号码 【1796301】，返回信息 {"status":"ok","msg":"-","gid":"633077","time_insert":"2023-04-04 02:45"}
2024-01-02 02:31:44 查询号码 【1796301】，GSD为【"-"】
2024-01-02 02:31:44 ok && -
2024-01-02 02:31:48 CHB 1796301?1704133904 第 1 次 等待 3 秒
2024-01-02 02:31:51 CHB 1796301?1704133904 第 1 次 获取到号码【1796301】GSD
2024-01-02 02:31:51 未获取到号码【1796301】GSD，可能号码格式错误
2024-01-02 02:31:51 获取到号码【1796301】的GSD为【-】
2024-01-02 02:31:54 GSD insert 第 1 次 等待 3 秒
2024-01-02 02:31:57 {"status":"bad","gid":"633077","msg":"添加失败！号码【1796301(-|-)】已存在！"}

2024-01-02 02:38:11 开始第 6389 次操作

2024-01-02 02:38:11 开始操作号码 【1796302】
2024-01-02 02:38:15 GSD getOne 第 1 次 等待 3 秒
2024-01-02 02:38:18 查询号码 【1796302】，返回信息 {"status":"ok","msg":"-","gid":"633081","time_insert":"2023-04-04 02:48"}
2024-01-02 02:38:18 查询号码 【1796302】，GSD为【"-"】
2024-01-02 02:38:18 ok && -
2024-01-02 02:38:21 CHB 1796302?1704134298 第 1 次 等待 3 秒
2024-01-02 02:38:24 CHB 1796302?1704134298 第 1 次 获取到号码【1796302】GSD
2024-01-02 02:38:24 未获取到号码【1796302】GSD，可能号码格式错误
2024-01-02 02:38:24 获取到号码【1796302】的GSD为【-】
2024-01-02 02:38:27 GSD insert 第 1 次 等待 3 秒
2024-01-02 02:38:30 {"status":"bad","gid":"633081","msg":"添加失败！号码【1796302(-|-)】已存在！"}
2024-01-02 02:38:30 随机等待 90 秒，约 1 分钟
2024-01-02 02:38:30 下次操作: 2024-01-02 02:40:00

2024-01-02 02:40:00 开始第 6390 次操作

2024-01-02 02:40:00 开始操作号码 【1796303】
2024-01-02 02:40:03 GSD getOne 第 1 次 等待 3 秒
2024-01-02 02:40:06 查询号码 【1796303】，返回信息 {"status":"ok","msg":"-","gid":"633085","time_insert":"2023-04-04 02:50"}
2024-01-02 02:40:06 查询号码 【1796303】，GSD为【"-"】
2024-01-02 02:40:06 ok && -
2024-01-02 02:40:08 CHB 1796303?1704134406 第 1 次 等待 3 秒
2024-01-02 02:40:11 CHB 1796303?1704134406 第 1 次 获取到号码【1796303】GSD
2024-01-02 02:40:11 未获取到号码【1796303】GSD，可能号码格式错误
2024-01-02 02:40:11 获取到号码【1796303】的GSD为【-】
2024-01-02 02:40:14 GSD insert 第 1 次 等待 3 秒
2024-01-02 02:40:17 {"status":"bad","gid":"633085","msg":"添加失败！号码【1796303(-|-)】已存在！"}
2024-01-02 02:40:17 随机等待 126 秒，约 2 分钟
2024-01-02 02:40:17 下次操作: 2024-01-02 02:42:23

2024-01-02 02:42:23 开始第 6391 次操作

2024-01-02 02:42:23 开始操作号码 【1796304】
2024-01-02 02:42:27 GSD getOne 第 1 次 等待 3 秒
2024-01-02 02:42:30 查询号码 【1796304】，返回信息 {"status":"ok","msg":"-","gid":"633090","time_insert":"2023-04-04 02:52"}
2024-01-02 02:42:30 查询号码 【1796304】，GSD为【"-"】
2024-01-02 02:42:30 ok && -
2024-01-02 02:42:33 CHB 1796304?1704134550 第 1 次 等待 3 秒
2024-01-02 02:42:36 CHB 1796304?1704134550 第 1 次 获取到号码【1796304】GSD
2024-01-02 02:42:36 未获取到号码【1796304】GSD，可能号码格式错误
2024-01-02 02:42:36 获取到号码【1796304】的GSD为【-】
2024-01-02 02:42:39 GSD insert 第 1 次 等待 3 秒
2024-01-02 02:42:42 {"status":"bad","gid":"633090","msg":"添加失败！号码【1796304(-|-)】已存在！"}
2024-01-02 02:42:42 随机等待 171 秒，约 2 分钟
2024-01-02 02:42:42 下次操作: 2024-01-02 02:45:33

2024-01-02 02:45:33 开始第 6392 次操作

2024-01-02 02:45:33 开始操作号码 【1796305】
2024-01-02 02:45:36 GSD getOne 第 1 次 等待 3 秒
2024-01-02 02:45:39 查询号码 【1796305】，返回信息 {"status":"ok","msg":"-","gid":"633093","time_insert":"2023-04-04 02:54"}
2024-01-02 02:45:39 查询号码 【1796305】，GSD为【"-"】
2024-01-02 02:45:39 ok && -
2024-01-02 02:45:42 CHB 1796305?1704134739 第 1 次 等待 3 秒
2024-01-02 02:45:45 CHB 1796305?1704134739 第 1 次 获取到号码【1796305】GSD
2024-01-02 02:45:45 未获取到号码【1796305】GSD，可能号码格式错误
2024-01-02 02:45:45 获取到号码【1796305】的GSD为【-】
2024-01-02 02:45:48 GSD insert 第 1 次 等待 3 秒
2024-01-02 02:45:51 {"status":"bad","gid":"633093","msg":"添加失败！号码【1796305(-|-)】已存在！"}

2024-01-02 03:13:34 开始第 6393 次操作

2024-01-02 03:13:34 开始操作号码 【1796306】
2024-01-02 03:13:38 GSD getOne 第 1 次 等待 3 秒
2024-01-02 03:13:41 查询号码 【1796306】，返回信息 {"status":"ok","msg":"-","gid":"633097","time_insert":"2023-04-04 02:56"}
2024-01-02 03:13:41 查询号码 【1796306】，GSD为【"-"】
2024-01-02 03:13:41 ok && -
2024-01-02 03:13:44 CHB 1796306?1704136421 第 1 次 等待 3 秒
2024-01-02 03:13:47 CHB 1796306?1704136421 第 1 次 获取到号码【1796306】GSD
2024-01-02 03:13:47 未获取到号码【1796306】GSD，可能号码格式错误
2024-01-02 03:13:47 获取到号码【1796306】的GSD为【-】
2024-01-02 03:13:50 GSD insert 第 1 次 等待 3 秒
2024-01-02 03:13:53 {"status":"bad","gid":"633097","msg":"添加失败！号码【1796306(-|-)】已存在！"}
2024-01-02 03:13:53 随机等待 132 秒，约 2 分钟
2024-01-02 03:13:53 下次操作: 2024-01-02 03:16:05

2024-01-02 03:16:06 开始第 6394 次操作

2024-01-02 03:16:06 开始操作号码 【1796307】
2024-01-02 03:16:09 GSD getOne 第 1 次 等待 3 秒
2024-01-02 03:16:12 查询号码 【1796307】，返回信息 {"status":"ok","msg":"-","gid":"633101","time_insert":"2023-04-04 02:59"}
2024-01-02 03:16:12 查询号码 【1796307】，GSD为【"-"】
2024-01-02 03:16:12 ok && -
2024-01-02 03:16:14 CHB 1796307?1704136572 第 1 次 等待 3 秒
2024-01-02 03:16:17 CHB 1796307?1704136572 第 1 次 获取到号码【1796307】GSD
2024-01-02 03:16:17 未获取到号码【1796307】GSD，可能号码格式错误
2024-01-02 03:16:17 获取到号码【1796307】的GSD为【-】
2024-01-02 03:16:20 GSD insert 第 1 次 等待 3 秒
2024-01-02 03:16:23 {"status":"bad","gid":"633101","msg":"添加失败！号码【1796307(-|-)】已存在！"}
2024-01-02 03:16:23 随机等待 77 秒，约 1 分钟
2024-01-02 03:16:23 下次操作: 2024-01-02 03:17:40

2024-01-02 03:17:40 开始第 6395 次操作

2024-01-02 03:17:40 开始操作号码 【1796308】
2024-01-02 03:17:43 GSD getOne 第 1 次 等待 3 秒
2024-01-02 03:17:46 查询号码 【1796308】，返回信息 {"status":"ok","msg":"-","gid":"633111","time_insert":"2023-04-04 03:06"}
2024-01-02 03:17:46 查询号码 【1796308】，GSD为【"-"】
2024-01-02 03:17:46 ok && -
2024-01-02 03:17:48 CHB 1796308?1704136666 第 1 次 等待 3 秒
2024-01-02 03:17:51 CHB 1796308?1704136666 第 1 次 获取到号码【1796308】GSD
2024-01-02 03:17:51 未获取到号码【1796308】GSD，可能号码格式错误
2024-01-02 03:17:51 获取到号码【1796308】的GSD为【-】
2024-01-02 03:17:54 GSD insert 第 1 次 等待 3 秒
2024-01-02 03:17:57 {"status":"bad","gid":"633111","msg":"添加失败！号码【1796308(-|-)】已存在！"}
2024-01-02 03:17:57 随机等待 160 秒，约 2 分钟
2024-01-02 03:17:57 下次操作: 2024-01-02 03:20:37

2024-01-02 03:20:37 开始第 6396 次操作

2024-01-02 03:20:37 开始操作号码 【1796309】
2024-01-02 03:20:40 GSD getOne 第 1 次 等待 3 秒
2024-01-02 03:20:43 查询号码 【1796309】，返回信息 {"status":"ok","msg":"-","gid":"633116","time_insert":"2023-04-04 03:08"}
2024-01-02 03:20:43 查询号码 【1796309】，GSD为【"-"】
2024-01-02 03:20:43 ok && -
2024-01-02 03:20:46 CHB 1796309?1704136843 第 1 次 等待 3 秒
2024-01-02 03:20:49 CHB 1796309?1704136843 第 1 次 获取到号码【1796309】GSD
2024-01-02 03:20:49 未获取到号码【1796309】GSD，可能号码格式错误
2024-01-02 03:20:49 获取到号码【1796309】的GSD为【-】
2024-01-02 03:20:52 GSD insert 第 1 次 等待 3 秒
2024-01-02 03:20:55 {"status":"bad","gid":"633116","msg":"添加失败！号码【1796309(-|-)】已存在！"}

2024-01-02 03:37:42 开始第 6397 次操作

2024-01-02 03:37:42 开始操作号码 【1796310】
2024-01-02 03:37:45 GSD getOne 第 1 次 等待 3 秒
2024-01-02 03:37:48 查询号码 【1796310】，返回信息 {"status":"ok","msg":"-","gid":"633119","time_insert":"2023-04-04 03:10"}
2024-01-02 03:37:48 查询号码 【1796310】，GSD为【"-"】
2024-01-02 03:37:48 ok && -
2024-01-02 03:37:50 CHB 1796310?1704137868 第 1 次 等待 3 秒
2024-01-02 03:37:53 CHB 1796310?1704137868 第 1 次 获取到号码【1796310】GSD
2024-01-02 03:37:53 未获取到号码【1796310】GSD，可能号码格式错误
2024-01-02 03:37:53 获取到号码【1796310】的GSD为【-】
2024-01-02 03:37:58 GSD insert 第 1 次 等待 3 秒
2024-01-02 03:38:01 {"status":"bad","gid":"633119","msg":"添加失败！号码【1796310(-|-)】已存在！"}
2024-01-02 03:38:01 随机等待 223 秒，约 3 分钟
2024-01-02 03:38:01 下次操作: 2024-01-02 03:41:44

2024-01-02 03:41:44 开始第 6398 次操作

2024-01-02 03:41:44 开始操作号码 【1796311】
2024-01-02 03:41:48 GSD getOne 第 1 次 等待 3 秒
2024-01-02 03:41:51 查询号码 【1796311】，返回信息 {"status":"ok","msg":"-","gid":"633121","time_insert":"2023-04-04 03:12"}
2024-01-02 03:41:51 查询号码 【1796311】，GSD为【"-"】
2024-01-02 03:41:51 ok && -
2024-01-02 03:41:53 CHB 1796311?1704138111 第 1 次 等待 3 秒
2024-01-02 03:41:56 CHB 1796311?1704138111 第 1 次 获取到号码【1796311】GSD
2024-01-02 03:41:56 未获取到号码【1796311】GSD，可能号码格式错误
2024-01-02 03:41:56 获取到号码【1796311】的GSD为【-】
2024-01-02 03:41:59 GSD insert 第 1 次 等待 3 秒
2024-01-02 03:42:02 {"status":"bad","gid":"633121","msg":"添加失败！号码【1796311(-|-)】已存在！"}
2024-01-02 03:42:02 随机等待 167 秒，约 2 分钟
2024-01-02 03:42:02 下次操作: 2024-01-02 03:44:49

2024-01-02 03:44:49 开始第 6399 次操作

2024-01-02 03:44:49 开始操作号码 【1796312】
2024-01-02 03:44:52 GSD getOne 第 1 次 等待 3 秒
2024-01-02 03:44:55 查询号码 【1796312】，返回信息 {"status":"ok","msg":"-","gid":"633128","time_insert":"2023-04-04 03:16"}
2024-01-02 03:44:55 查询号码 【1796312】，GSD为【"-"】
2024-01-02 03:44:55 ok && -
2024-01-02 03:44:57 CHB 1796312?1704138295 第 1 次 等待 3 秒
2024-01-02 03:45:00 CHB 1796312?1704138295 第 1 次 获取到号码【1796312】GSD
2024-01-02 03:45:00 未获取到号码【1796312】GSD，可能号码格式错误
2024-01-02 03:45:00 获取到号码【1796312】的GSD为【-】
2024-01-02 03:45:03 GSD insert 第 1 次 等待 3 秒
2024-01-02 03:45:06 {"status":"bad","gid":"633128","msg":"添加失败！号码【1796312(-|-)】已存在！"}
2024-01-02 03:45:06 随机等待 156 秒，约 2 分钟
2024-01-02 03:45:06 下次操作: 2024-01-02 03:47:42

2024-01-02 03:47:42 开始第 6400 次操作

2024-01-02 03:47:42 开始操作号码 【1796313】
2024-01-02 03:47:46 GSD getOne 第 1 次 等待 3 秒
2024-01-02 03:47:49 查询号码 【1796313】，返回信息 {"status":"ok","msg":"-","gid":"633132","time_insert":"2023-04-04 03:19"}
2024-01-02 03:47:49 查询号码 【1796313】，GSD为【"-"】
2024-01-02 03:47:49 ok && -
2024-01-02 03:47:51 CHB 1796313?1704138469 第 1 次 等待 3 秒
2024-01-02 03:47:54 CHB 1796313?1704138469 第 1 次 获取到号码【1796313】GSD
2024-01-02 03:47:54 未获取到号码【1796313】GSD，可能号码格式错误
2024-01-02 03:47:54 获取到号码【1796313】的GSD为【-】
2024-01-02 03:47:57 GSD insert 第 1 次 等待 3 秒
2024-01-02 03:48:00 {"status":"bad","gid":"633132","msg":"添加失败！号码【1796313(-|-)】已存在！"}

2024-01-02 04:17:34 开始第 6401 次操作

2024-01-02 04:17:34 开始操作号码 【1796314】
2024-01-02 04:17:36 GSD getOne 第 1 次 等待 3 秒
2024-01-02 04:17:39 查询号码 【1796314】，返回信息 {"status":"ok","msg":"-","gid":"633135","time_insert":"2023-04-04 03:22"}
2024-01-02 04:17:39 查询号码 【1796314】，GSD为【"-"】
2024-01-02 04:17:39 ok && -
2024-01-02 04:17:42 CHB 1796314?1704140259 第 1 次 等待 3 秒
2024-01-02 04:17:45 CHB 1796314?1704140259 第 1 次 获取到号码【1796314】GSD
2024-01-02 04:17:45 未获取到号码【1796314】GSD，可能号码格式错误
2024-01-02 04:17:45 获取到号码【1796314】的GSD为【-】
2024-01-02 04:17:49 GSD insert 第 1 次 等待 3 秒
2024-01-02 04:17:52 {"status":"bad","gid":"633135","msg":"添加失败！号码【1796314(-|-)】已存在！"}
2024-01-02 04:17:52 随机等待 172 秒，约 2 分钟
2024-01-02 04:17:52 下次操作: 2024-01-02 04:20:44

2024-01-02 04:20:44 开始第 6402 次操作

2024-01-02 04:20:44 开始操作号码 【1796315】
2024-01-02 04:20:47 GSD getOne 第 1 次 等待 3 秒
2024-01-02 04:20:50 查询号码 【1796315】，返回信息 {"status":"ok","msg":"-","gid":"633139","time_insert":"2023-04-04 03:24"}
2024-01-02 04:20:50 查询号码 【1796315】，GSD为【"-"】
2024-01-02 04:20:50 ok && -
2024-01-02 04:20:52 CHB 1796315?1704140450 第 1 次 等待 3 秒
2024-01-02 04:20:55 CHB 1796315?1704140450 第 1 次 获取到号码【1796315】GSD
2024-01-02 04:20:55 未获取到号码【1796315】GSD，可能号码格式错误
2024-01-02 04:20:55 获取到号码【1796315】的GSD为【-】
2024-01-02 04:20:58 GSD insert 第 1 次 等待 3 秒
2024-01-02 04:21:01 {"status":"bad","gid":"633139","msg":"添加失败！号码【1796315(-|-)】已存在！"}
2024-01-02 04:21:01 随机等待 99 秒，约 1 分钟
2024-01-02 04:21:01 下次操作: 2024-01-02 04:22:40

2024-01-02 04:22:40 开始第 6403 次操作

2024-01-02 04:22:40 开始操作号码 【1796316】
2024-01-02 04:22:43 GSD getOne 第 1 次 等待 3 秒
2024-01-02 04:22:46 查询号码 【1796316】，返回信息 {"status":"ok","msg":"-","gid":"633154","time_insert":"2023-04-04 03:33"}
2024-01-02 04:22:46 查询号码 【1796316】，GSD为【"-"】
2024-01-02 04:22:46 ok && -
2024-01-02 04:22:48 CHB 1796316?1704140566 第 1 次 等待 3 秒
2024-01-02 04:22:51 CHB 1796316?1704140566 第 1 次 获取到号码【1796316】GSD
2024-01-02 04:22:51 未获取到号码【1796316】GSD，可能号码格式错误
2024-01-02 04:22:51 获取到号码【1796316】的GSD为【-】
2024-01-02 04:22:54 GSD insert 第 1 次 等待 3 秒
2024-01-02 04:22:57 {"status":"bad","gid":"633154","msg":"添加失败！号码【1796316(-|-)】已存在！"}
2024-01-02 04:22:57 随机等待 197 秒，约 3 分钟
2024-01-02 04:22:57 下次操作: 2024-01-02 04:26:14

2024-01-02 04:26:14 开始第 6404 次操作

2024-01-02 04:26:14 开始操作号码 【1796317】
2024-01-02 04:26:16 GSD getOne 第 1 次 等待 3 秒
2024-01-02 04:26:19 查询号码 【1796317】，返回信息 {"status":"ok","msg":"-","gid":"633158","time_insert":"2023-04-04 03:36"}
2024-01-02 04:26:19 查询号码 【1796317】，GSD为【"-"】
2024-01-02 04:26:19 ok && -
2024-01-02 04:26:21 CHB 1796317?1704140779 第 1 次 等待 3 秒
2024-01-02 04:26:24 CHB 1796317?1704140779 第 1 次 获取到号码【1796317】GSD
2024-01-02 04:26:24 未获取到号码【1796317】GSD，可能号码格式错误
2024-01-02 04:26:24 获取到号码【1796317】的GSD为【-】
2024-01-02 04:26:27 GSD insert 第 1 次 等待 3 秒
2024-01-02 04:26:30 {"status":"bad","gid":"633158","msg":"添加失败！号码【1796317(-|-)】已存在！"}

2024-01-02 04:37:31 开始第 6405 次操作

2024-01-02 04:37:31 开始操作号码 【1796318】
2024-01-02 04:37:35 GSD getOne 第 1 次 等待 3 秒
2024-01-02 04:37:38 查询号码 【1796318】，返回信息 {"status":"ok","msg":"-","gid":"633162","time_insert":"2023-04-04 03:37"}
2024-01-02 04:37:38 查询号码 【1796318】，GSD为【"-"】
2024-01-02 04:37:38 ok && -
2024-01-02 04:37:41 CHB 1796318?1704141458 第 1 次 等待 3 秒
2024-01-02 04:37:44 CHB 1796318?1704141458 第 1 次 获取到号码【1796318】GSD
2024-01-02 04:37:44 未获取到号码【1796318】GSD，可能号码格式错误
2024-01-02 04:37:44 获取到号码【1796318】的GSD为【-】
2024-01-02 04:37:48 GSD insert 第 1 次 等待 3 秒
2024-01-02 04:37:51 {"status":"bad","gid":"633162","msg":"添加失败！号码【1796318(-|-)】已存在！"}
2024-01-02 04:37:51 随机等待 138 秒，约 2 分钟
2024-01-02 04:37:51 下次操作: 2024-01-02 04:40:09

2024-01-02 04:40:09 开始第 6406 次操作

2024-01-02 04:40:09 开始操作号码 【1796319】
2024-01-02 04:40:13 GSD getOne 第 1 次 等待 3 秒
2024-01-02 04:40:16 查询号码 【1796319】，返回信息 {"status":"ok","msg":"-","gid":"633165","time_insert":"2023-04-04 03:39"}
2024-01-02 04:40:16 查询号码 【1796319】，GSD为【"-"】
2024-01-02 04:40:16 ok && -
2024-01-02 04:40:18 CHB 1796319?1704141616 第 1 次 等待 3 秒
2024-01-02 04:40:21 CHB 1796319?1704141616 第 1 次 获取到号码【1796319】GSD
2024-01-02 04:40:21 未获取到号码【1796319】GSD，可能号码格式错误
2024-01-02 04:40:21 获取到号码【1796319】的GSD为【-】
2024-01-02 04:40:24 GSD insert 第 1 次 等待 3 秒
2024-01-02 04:40:27 {"status":"bad","gid":"633165","msg":"添加失败！号码【1796319(-|-)】已存在！"}
2024-01-02 04:40:27 随机等待 92 秒，约 1 分钟
2024-01-02 04:40:27 下次操作: 2024-01-02 04:41:59

2024-01-02 04:41:59 开始第 6407 次操作

2024-01-02 04:41:59 开始操作号码 【1796320】
2024-01-02 04:42:03 GSD getOne 第 1 次 等待 3 秒
2024-01-02 04:42:06 查询号码 【1796320】，返回信息 {"status":"ok","msg":"-","gid":"633171","time_insert":"2023-04-04 03:43"}
2024-01-02 04:42:06 查询号码 【1796320】，GSD为【"-"】
2024-01-02 04:42:06 ok && -
2024-01-02 04:42:10 CHB 1796320?1704141726 第 1 次 等待 3 秒
2024-01-02 04:42:13 CHB 1796320?1704141726 第 1 次 获取到号码【1796320】GSD
2024-01-02 04:42:13 未获取到号码【1796320】GSD，可能号码格式错误
2024-01-02 04:42:13 获取到号码【1796320】的GSD为【-】
2024-01-02 04:42:17 GSD insert 第 1 次 等待 3 秒
2024-01-02 04:42:20 {"status":"bad","gid":"633171","msg":"添加失败！号码【1796320(-|-)】已存在！"}
2024-01-02 04:42:20 随机等待 174 秒，约 2 分钟
2024-01-02 04:42:20 下次操作: 2024-01-02 04:45:14

2024-01-02 04:45:14 开始第 6408 次操作

2024-01-02 04:45:14 开始操作号码 【1796321】
2024-01-02 04:45:18 GSD getOne 第 1 次 等待 3 秒
2024-01-02 04:45:21 查询号码 【1796321】，返回信息 {"status":"ok","msg":"-","gid":"633176","time_insert":"2023-04-04 03:46"}
2024-01-02 04:45:21 查询号码 【1796321】，GSD为【"-"】
2024-01-02 04:45:21 ok && -
2024-01-02 04:45:24 CHB 1796321?1704141921 第 1 次 等待 3 秒
2024-01-02 04:45:27 CHB 1796321?1704141921 第 1 次 获取到号码【1796321】GSD
2024-01-02 04:45:27 未获取到号码【1796321】GSD，可能号码格式错误
2024-01-02 04:45:27 获取到号码【1796321】的GSD为【-】
2024-01-02 04:45:30 GSD insert 第 1 次 等待 3 秒
2024-01-02 04:45:33 {"status":"bad","gid":"633176","msg":"添加失败！号码【1796321(-|-)】已存在！"}

2024-01-02 05:14:37 开始第 6409 次操作

2024-01-02 05:14:37 开始操作号码 【1796322】
2024-01-02 05:14:40 GSD getOne 第 1 次 等待 3 秒
2024-01-02 05:14:43 查询号码 【1796322】，返回信息 {"status":"ok","msg":"-","gid":"633183","time_insert":"2023-04-04 03:49"}
2024-01-02 05:14:43 查询号码 【1796322】，GSD为【"-"】
2024-01-02 05:14:43 ok && -
2024-01-02 05:14:45 CHB 1796322?1704143683 第 1 次 等待 3 秒
2024-01-02 05:14:48 CHB 1796322?1704143683 第 1 次 获取到号码【1796322】GSD
2024-01-02 05:14:48 未获取到号码【1796322】GSD，可能号码格式错误
2024-01-02 05:14:48 获取到号码【1796322】的GSD为【-】
2024-01-02 05:14:52 GSD insert 第 1 次 等待 3 秒
2024-01-02 05:14:55 {"status":"bad","gid":"633183","msg":"添加失败！号码【1796322(-|-)】已存在！"}
2024-01-02 05:14:55 随机等待 160 秒，约 2 分钟
2024-01-02 05:14:55 下次操作: 2024-01-02 05:17:35

2024-01-02 05:17:35 开始第 6410 次操作

2024-01-02 05:17:35 开始操作号码 【1796323】
2024-01-02 05:17:38 GSD getOne 第 1 次 等待 3 秒
2024-01-02 05:17:41 查询号码 【1796323】，返回信息 {"status":"ok","msg":"-","gid":"633185","time_insert":"2023-04-04 03:50"}
2024-01-02 05:17:41 查询号码 【1796323】，GSD为【"-"】
2024-01-02 05:17:41 ok && -
2024-01-02 05:17:42 CHB 1796323?1704143861 第 1 次 等待 3 秒
2024-01-02 05:17:45 CHB 1796323?1704143861 第 1 次 获取到号码【1796323】GSD
2024-01-02 05:17:46 未获取到号码【1796323】GSD，可能号码格式错误
2024-01-02 05:17:46 获取到号码【1796323】的GSD为【-】
2024-01-02 05:17:48 GSD insert 第 1 次 等待 3 秒
2024-01-02 05:17:51 {"status":"bad","gid":"633185","msg":"添加失败！号码【1796323(-|-)】已存在！"}
2024-01-02 05:17:51 随机等待 107 秒，约 1 分钟
2024-01-02 05:17:51 下次操作: 2024-01-02 05:19:38

2024-01-02 05:19:38 开始第 6411 次操作

2024-01-02 05:19:38 开始操作号码 【1796324】
2024-01-02 05:19:41 GSD getOne 第 1 次 等待 3 秒
2024-01-02 05:19:44 查询号码 【1796324】，返回信息 {"status":"ok","msg":"-","gid":"633187","time_insert":"2023-04-04 03:52"}
2024-01-02 05:19:44 查询号码 【1796324】，GSD为【"-"】
2024-01-02 05:19:44 ok && -
2024-01-02 05:19:46 CHB 1796324?1704143984 第 1 次 等待 3 秒
2024-01-02 05:19:49 CHB 1796324?1704143984 第 1 次 获取到号码【1796324】GSD
2024-01-02 05:19:49 未获取到号码【1796324】GSD，可能号码格式错误
2024-01-02 05:19:49 获取到号码【1796324】的GSD为【-】
2024-01-02 05:19:52 GSD insert 第 1 次 等待 3 秒
2024-01-02 05:19:55 {"status":"bad","gid":"633187","msg":"添加失败！号码【1796324(-|-)】已存在！"}
2024-01-02 05:19:55 随机等待 107 秒，约 1 分钟
2024-01-02 05:19:55 下次操作: 2024-01-02 05:21:42

2024-01-02 05:21:42 开始第 6412 次操作

2024-01-02 05:21:42 开始操作号码 【1796325】
2024-01-02 05:21:45 GSD getOne 第 1 次 等待 3 秒
2024-01-02 05:21:48 查询号码 【1796325】，返回信息 {"status":"ok","msg":"-","gid":"633192","time_insert":"2023-04-04 03:55"}
2024-01-02 05:21:48 查询号码 【1796325】，GSD为【"-"】
2024-01-02 05:21:48 ok && -
2024-01-02 05:21:50 CHB 1796325?1704144108 第 1 次 等待 3 秒
2024-01-02 05:21:53 CHB 1796325?1704144108 第 1 次 获取到号码【1796325】GSD
2024-01-02 05:21:53 未获取到号码【1796325】GSD，可能号码格式错误
2024-01-02 05:21:53 获取到号码【1796325】的GSD为【-】
2024-01-02 05:21:56 GSD insert 第 1 次 等待 3 秒
2024-01-02 05:21:59 {"status":"bad","gid":"633192","msg":"添加失败！号码【1796325(-|-)】已存在！"}

2024-01-02 05:37:30 开始第 6413 次操作

2024-01-02 05:37:30 开始操作号码 【1796326】
2024-01-02 05:37:33 GSD getOne 第 1 次 等待 3 秒
2024-01-02 05:37:36 查询号码 【1796326】，返回信息 {"status":"ok","msg":"-","gid":"633195","time_insert":"2023-04-04 03:57"}
2024-01-02 05:37:36 查询号码 【1796326】，GSD为【"-"】
2024-01-02 05:37:36 ok && -
2024-01-02 05:37:39 CHB 1796326?1704145056 第 1 次 等待 3 秒
2024-01-02 05:37:42 CHB 1796326?1704145056 第 1 次 获取到号码【1796326】GSD
2024-01-02 05:37:42 未获取到号码【1796326】GSD，可能号码格式错误
2024-01-02 05:37:42 获取到号码【1796326】的GSD为【-】
2024-01-02 05:37:46 GSD insert 第 1 次 等待 3 秒
2024-01-02 05:37:49 {"status":"bad","gid":"633195","msg":"添加失败！号码【1796326(-|-)】已存在！"}
2024-01-02 05:37:49 随机等待 127 秒，约 2 分钟
2024-01-02 05:37:49 下次操作: 2024-01-02 05:39:56

2024-01-02 05:39:56 开始第 6414 次操作

2024-01-02 05:39:56 开始操作号码 【1796327】
2024-01-02 05:39:58 GSD getOne 第 1 次 等待 3 秒
2024-01-02 05:40:01 查询号码 【1796327】，返回信息 {"status":"ok","msg":"-","gid":"633199","time_insert":"2023-04-04 03:59"}
2024-01-02 05:40:01 查询号码 【1796327】，GSD为【"-"】
2024-01-02 05:40:01 ok && -
2024-01-02 05:40:04 CHB 1796327?1704145201 第 1 次 等待 3 秒
2024-01-02 05:40:07 CHB 1796327?1704145201 第 1 次 获取到号码【1796327】GSD
2024-01-02 05:40:07 未获取到号码【1796327】GSD，可能号码格式错误
2024-01-02 05:40:07 获取到号码【1796327】的GSD为【-】
2024-01-02 05:40:09 GSD insert 第 1 次 等待 3 秒
2024-01-02 05:40:12 {"status":"bad","gid":"633199","msg":"添加失败！号码【1796327(-|-)】已存在！"}
2024-01-02 05:40:12 随机等待 173 秒，约 2 分钟
2024-01-02 05:40:12 下次操作: 2024-01-02 05:43:05

2024-01-02 05:43:05 开始第 6415 次操作

2024-01-02 05:43:05 开始操作号码 【1796328】
2024-01-02 05:43:08 GSD getOne 第 1 次 等待 3 秒
2024-01-02 05:43:11 查询号码 【1796328】，返回信息 {"status":"ok","msg":"-","gid":"633215","time_insert":"2023-04-04 04:09"}
2024-01-02 05:43:11 查询号码 【1796328】，GSD为【"-"】
2024-01-02 05:43:11 ok && -
2024-01-02 05:43:14 CHB 1796328?1704145391 第 1 次 等待 3 秒
2024-01-02 05:43:17 CHB 1796328?1704145391 第 1 次 获取到号码【1796328】GSD
2024-01-02 05:43:17 未获取到号码【1796328】GSD，可能号码格式错误
2024-01-02 05:43:17 获取到号码【1796328】的GSD为【-】
2024-01-02 05:43:20 GSD insert 第 1 次 等待 3 秒
2024-01-02 05:43:23 {"status":"bad","gid":"633215","msg":"添加失败！号码【1796328(-|-)】已存在！"}
2024-01-02 05:43:23 随机等待 205 秒，约 3 分钟
2024-01-02 05:43:23 下次操作: 2024-01-02 05:46:48

2024-01-02 05:46:48 开始第 6416 次操作

2024-01-02 05:46:48 开始操作号码 【1796329】
2024-01-02 05:46:51 GSD getOne 第 1 次 等待 3 秒
2024-01-02 05:46:54 查询号码 【1796329】，返回信息 {"status":"ok","msg":"-","gid":"633217","time_insert":"2023-04-04 04:11"}
2024-01-02 05:46:54 查询号码 【1796329】，GSD为【"-"】
2024-01-02 05:46:54 ok && -
2024-01-02 05:46:56 CHB 1796329?1704145614 第 1 次 等待 3 秒
2024-01-02 05:46:59 CHB 1796329?1704145614 第 1 次 获取到号码【1796329】GSD
2024-01-02 05:46:59 未获取到号码【1796329】GSD，可能号码格式错误
2024-01-02 05:46:59 获取到号码【1796329】的GSD为【-】
2024-01-02 05:47:02 GSD insert 第 1 次 等待 3 秒
2024-01-02 05:47:05 {"status":"bad","gid":"633217","msg":"添加失败！号码【1796329(-|-)】已存在！"}

2024-01-02 06:16:29 开始第 6417 次操作

2024-01-02 06:16:29 开始操作号码 【1796330】
2024-01-02 06:16:32 GSD getOne 第 1 次 等待 3 秒
2024-01-02 06:16:35 查询号码 【1796330】，返回信息 {"status":"ok","msg":"-","gid":"633219","time_insert":"2023-04-04 04:13"}
2024-01-02 06:16:35 查询号码 【1796330】，GSD为【"-"】
2024-01-02 06:16:35 ok && -
2024-01-02 06:16:37 CHB 1796330?1704147395 第 1 次 等待 3 秒
2024-01-02 06:16:40 CHB 1796330?1704147395 第 1 次 获取到号码【1796330】GSD
2024-01-02 06:16:40 未获取到号码【1796330】GSD，可能号码格式错误
2024-01-02 06:16:40 获取到号码【1796330】的GSD为【-】
2024-01-02 06:16:42 GSD insert 第 1 次 等待 3 秒
2024-01-02 06:16:45 {"status":"bad","gid":"633219","msg":"添加失败！号码【1796330(-|-)】已存在！"}
2024-01-02 06:16:45 随机等待 108 秒，约 1 分钟
2024-01-02 06:16:45 下次操作: 2024-01-02 06:18:33

2024-01-02 06:18:33 开始第 6418 次操作

2024-01-02 06:18:33 开始操作号码 【1796331】
2024-01-02 06:18:36 GSD getOne 第 1 次 等待 3 秒
2024-01-02 06:18:39 查询号码 【1796331】，返回信息 {"status":"ok","msg":"-","gid":"633222","time_insert":"2023-04-04 04:15"}
2024-01-02 06:18:39 查询号码 【1796331】，GSD为【"-"】
2024-01-02 06:18:39 ok && -
2024-01-02 06:18:41 CHB 1796331?1704147519 第 1 次 等待 3 秒
2024-01-02 06:18:44 CHB 1796331?1704147519 第 1 次 获取到号码【1796331】GSD
2024-01-02 06:18:44 未获取到号码【1796331】GSD，可能号码格式错误
2024-01-02 06:18:44 获取到号码【1796331】的GSD为【-】
2024-01-02 06:18:47 GSD insert 第 1 次 等待 3 秒
2024-01-02 06:18:50 {"status":"bad","gid":"633222","msg":"添加失败！号码【1796331(-|-)】已存在！"}
2024-01-02 06:18:50 随机等待 83 秒，约 1 分钟
2024-01-02 06:18:50 下次操作: 2024-01-02 06:20:13

2024-01-02 06:20:13 开始第 6419 次操作

2024-01-02 06:20:13 开始操作号码 【1796332】
2024-01-02 06:20:15 GSD getOne 第 1 次 等待 3 秒
2024-01-02 06:20:18 查询号码 【1796332】，返回信息 {"status":"ok","msg":"-","gid":"633237","time_insert":"2023-04-04 04:22"}
2024-01-02 06:20:18 查询号码 【1796332】，GSD为【"-"】
2024-01-02 06:20:18 ok && -
2024-01-02 06:20:20 CHB 1796332?1704147618 第 1 次 等待 3 秒
2024-01-02 06:20:23 CHB 1796332?1704147618 第 1 次 获取到号码【1796332】GSD
2024-01-02 06:20:23 未获取到号码【1796332】GSD，可能号码格式错误
2024-01-02 06:20:23 获取到号码【1796332】的GSD为【-】
2024-01-02 06:20:26 GSD insert 第 1 次 等待 3 秒
2024-01-02 06:20:29 {"status":"bad","gid":"633237","msg":"添加失败！号码【1796332(-|-)】已存在！"}
2024-01-02 06:20:29 随机等待 146 秒，约 2 分钟
2024-01-02 06:20:29 下次操作: 2024-01-02 06:22:55

2024-01-02 06:22:55 开始第 6420 次操作

2024-01-02 06:22:55 开始操作号码 【1796333】
2024-01-02 06:22:58 GSD getOne 第 1 次 等待 3 秒
2024-01-02 06:23:01 查询号码 【1796333】，返回信息 {"status":"ok","msg":"-","gid":"633240","time_insert":"2023-04-04 04:25"}
2024-01-02 06:23:01 查询号码 【1796333】，GSD为【"-"】
2024-01-02 06:23:01 ok && -
2024-01-02 06:23:03 CHB 1796333?1704147781 第 1 次 等待 3 秒
2024-01-02 06:23:06 CHB 1796333?1704147781 第 1 次 获取到号码【1796333】GSD
2024-01-02 06:23:06 未获取到号码【1796333】GSD，可能号码格式错误
2024-01-02 06:23:06 获取到号码【1796333】的GSD为【-】
2024-01-02 06:23:10 GSD insert 第 1 次 等待 3 秒
2024-01-02 06:23:13 {"status":"bad","gid":"633240","msg":"添加失败！号码【1796333(-|-)】已存在！"}

2024-01-02 06:37:48 开始第 6421 次操作

2024-01-02 06:37:48 开始操作号码 【1796334】
2024-01-02 06:37:52 GSD getOne 第 1 次 等待 3 秒
2024-01-02 06:37:55 查询号码 【1796334】，返回信息 {"status":"ok","msg":"-","gid":"633242","time_insert":"2023-04-04 04:28"}
2024-01-02 06:37:55 查询号码 【1796334】，GSD为【"-"】
2024-01-02 06:37:55 ok && -
2024-01-02 06:37:58 CHB 1796334?1704148675 第 1 次 等待 3 秒
2024-01-02 06:38:01 CHB 1796334?1704148675 第 1 次 获取到号码【1796334】GSD
2024-01-02 06:38:01 未获取到号码【1796334】GSD，可能号码格式错误
2024-01-02 06:38:01 获取到号码【1796334】的GSD为【-】
2024-01-02 06:38:04 GSD insert 第 1 次 等待 3 秒
2024-01-02 06:38:07 {"status":"bad","gid":"633242","msg":"添加失败！号码【1796334(-|-)】已存在！"}
2024-01-02 06:38:07 随机等待 160 秒，约 2 分钟
2024-01-02 06:38:07 下次操作: 2024-01-02 06:40:47

2024-01-02 06:40:47 开始第 6422 次操作

2024-01-02 06:40:47 开始操作号码 【1796335】
2024-01-02 06:40:51 GSD getOne 第 1 次 等待 3 秒
2024-01-02 06:40:54 查询号码 【1796335】，返回信息 {"status":"ok","msg":"-","gid":"633249","time_insert":"2023-04-04 04:31"}
2024-01-02 06:40:54 查询号码 【1796335】，GSD为【"-"】
2024-01-02 06:40:54 ok && -
2024-01-02 06:40:56 CHB 1796335?1704148854 第 1 次 等待 3 秒
2024-01-02 06:40:59 CHB 1796335?1704148854 第 1 次 获取到号码【1796335】GSD
2024-01-02 06:40:59 未获取到号码【1796335】GSD，可能号码格式错误
2024-01-02 06:40:59 获取到号码【1796335】的GSD为【-】
2024-01-02 06:41:02 GSD insert 第 1 次 等待 3 秒
2024-01-02 06:41:05 {"status":"bad","gid":"633249","msg":"添加失败！号码【1796335(-|-)】已存在！"}
2024-01-02 06:41:05 随机等待 164 秒，约 2 分钟
2024-01-02 06:41:05 下次操作: 2024-01-02 06:43:49

2024-01-02 06:43:49 开始第 6423 次操作

2024-01-02 06:43:49 开始操作号码 【1796336】
2024-01-02 06:43:52 GSD getOne 第 1 次 等待 3 秒
2024-01-02 06:43:55 查询号码 【1796336】，返回信息 {"status":"ok","msg":"-","gid":"633252","time_insert":"2023-04-04 04:33"}
2024-01-02 06:43:55 查询号码 【1796336】，GSD为【"-"】
2024-01-02 06:43:55 ok && -
2024-01-02 06:43:58 CHB 1796336?1704149035 第 1 次 等待 3 秒
2024-01-02 06:44:01 CHB 1796336?1704149035 第 1 次 获取到号码【1796336】GSD
2024-01-02 06:44:01 未获取到号码【1796336】GSD，可能号码格式错误
2024-01-02 06:44:01 获取到号码【1796336】的GSD为【-】
2024-01-02 06:44:04 GSD insert 第 1 次 等待 3 秒
2024-01-02 06:44:07 {"status":"bad","gid":"633252","msg":"添加失败！号码【1796336(-|-)】已存在！"}
2024-01-02 06:44:07 随机等待 99 秒，约 1 分钟
2024-01-02 06:44:07 下次操作: 2024-01-02 06:45:46

2024-01-02 06:45:46 开始第 6424 次操作

2024-01-02 06:45:46 开始操作号码 【1796337】
2024-01-02 06:45:49 GSD getOne 第 1 次 等待 3 秒
2024-01-02 06:45:52 查询号码 【1796337】，返回信息 {"status":"ok","msg":"-","gid":"633256","time_insert":"2023-04-04 04:35"}
2024-01-02 06:45:52 查询号码 【1796337】，GSD为【"-"】
2024-01-02 06:45:52 ok && -
2024-01-02 06:45:55 CHB 1796337?1704149152 第 1 次 等待 3 秒
2024-01-02 06:45:58 CHB 1796337?1704149152 第 1 次 获取到号码【1796337】GSD
2024-01-02 06:45:58 未获取到号码【1796337】GSD，可能号码格式错误
2024-01-02 06:45:58 获取到号码【1796337】的GSD为【-】
2024-01-02 06:46:01 GSD insert 第 1 次 等待 3 秒
2024-01-02 06:46:04 {"status":"bad","gid":"633256","msg":"添加失败！号码【1796337(-|-)】已存在！"}

2024-01-02 07:17:27 开始第 6425 次操作

2024-01-02 07:17:27 开始操作号码 【1796338】
2024-01-02 07:17:31 GSD getOne 第 1 次 等待 3 秒
2024-01-02 07:17:34 查询号码 【1796338】，返回信息 {"status":"ok","msg":"-","gid":"633262","time_insert":"2023-04-04 04:38"}
2024-01-02 07:17:34 查询号码 【1796338】，GSD为【"-"】
2024-01-02 07:17:34 ok && -
2024-01-02 07:17:36 CHB 1796338?1704151054 第 1 次 等待 3 秒
2024-01-02 07:17:39 CHB 1796338?1704151054 第 1 次 获取到号码【1796338】GSD
2024-01-02 07:17:39 未获取到号码【1796338】GSD，可能号码格式错误
2024-01-02 07:17:39 获取到号码【1796338】的GSD为【-】
2024-01-02 07:17:42 GSD insert 第 1 次 等待 3 秒
2024-01-02 07:17:45 {"status":"bad","gid":"633262","msg":"添加失败！号码【1796338(-|-)】已存在！"}
2024-01-02 07:17:45 随机等待 108 秒，约 1 分钟
2024-01-02 07:17:45 下次操作: 2024-01-02 07:19:33

2024-01-02 07:19:33 开始第 6426 次操作

2024-01-02 07:19:33 开始操作号码 【1796339】
2024-01-02 07:19:36 GSD getOne 第 1 次 等待 3 秒
2024-01-02 07:19:39 查询号码 【1796339】，返回信息 {"status":"ok","msg":"-","gid":"633268","time_insert":"2023-04-04 04:41"}
2024-01-02 07:19:39 查询号码 【1796339】，GSD为【"-"】
2024-01-02 07:19:39 ok && -
2024-01-02 07:19:42 CHB 1796339?1704151179 第 1 次 等待 3 秒
2024-01-02 07:19:45 CHB 1796339?1704151179 第 1 次 获取到号码【1796339】GSD
2024-01-02 07:19:45 未获取到号码【1796339】GSD，可能号码格式错误
2024-01-02 07:19:45 获取到号码【1796339】的GSD为【-】
2024-01-02 07:19:48 GSD insert 第 1 次 等待 3 秒
2024-01-02 07:19:51 {"status":"bad","gid":"633268","msg":"添加失败！号码【1796339(-|-)】已存在！"}
2024-01-02 07:19:51 随机等待 172 秒，约 2 分钟
2024-01-02 07:19:51 下次操作: 2024-01-02 07:22:43

2024-01-02 07:22:43 开始第 6427 次操作

2024-01-02 07:22:43 开始操作号码 【1796340】
2024-01-02 07:22:46 GSD getOne 第 1 次 等待 3 秒
2024-01-02 07:22:49 查询号码 【1796340】，返回信息 {"status":"ok","msg":"-","gid":"633269","time_insert":"2023-04-04 04:43"}
2024-01-02 07:22:49 查询号码 【1796340】，GSD为【"-"】
2024-01-02 07:22:49 ok && -
2024-01-02 07:22:50 CHB 1796340?1704151369 第 1 次 等待 3 秒
2024-01-02 07:22:53 CHB 1796340?1704151369 第 1 次 获取到号码【1796340】GSD
2024-01-02 07:22:54 未获取到号码【1796340】GSD，可能号码格式错误
2024-01-02 07:22:54 获取到号码【1796340】的GSD为【-】
2024-01-02 07:22:57 GSD insert 第 1 次 等待 3 秒
2024-01-02 07:23:00 {"status":"bad","gid":"633269","msg":"添加失败！号码【1796340(-|-)】已存在！"}
2024-01-02 07:23:00 随机等待 86 秒，约 1 分钟
2024-01-02 07:23:00 下次操作: 2024-01-02 07:24:26

2024-01-02 07:24:26 开始第 6428 次操作

2024-01-02 07:24:26 开始操作号码 【1796341】
2024-01-02 07:24:29 GSD getOne 第 1 次 等待 3 秒
2024-01-02 07:24:32 查询号码 【1796341】，返回信息 {"status":"ok","msg":"-","gid":"633271","time_insert":"2023-04-04 04:44"}
2024-01-02 07:24:32 查询号码 【1796341】，GSD为【"-"】
2024-01-02 07:24:32 ok && -
2024-01-02 07:24:34 CHB 1796341?1704151472 第 1 次 等待 3 秒
2024-01-02 07:24:37 CHB 1796341?1704151472 第 1 次 获取到号码【1796341】GSD
2024-01-02 07:24:37 未获取到号码【1796341】GSD，可能号码格式错误
2024-01-02 07:24:37 获取到号码【1796341】的GSD为【-】
2024-01-02 07:24:40 GSD insert 第 1 次 等待 3 秒
2024-01-02 07:24:43 {"status":"bad","gid":"633271","msg":"添加失败！号码【1796341(-|-)】已存在！"}

2024-01-02 07:37:52 开始第 6429 次操作

2024-01-02 07:37:52 开始操作号码 【1796342】
2024-01-02 07:37:55 GSD getOne 第 1 次 等待 3 秒
2024-01-02 07:37:58 查询号码 【1796342】，返回信息 {"status":"ok","msg":"-","gid":"633275","time_insert":"2023-04-04 04:46"}
2024-01-02 07:37:58 查询号码 【1796342】，GSD为【"-"】
2024-01-02 07:37:58 ok && -
2024-01-02 07:38:01 CHB 1796342?1704152278 第 1 次 等待 3 秒
2024-01-02 07:38:04 CHB 1796342?1704152278 第 1 次 获取到号码【1796342】GSD
2024-01-02 07:38:04 未获取到号码【1796342】GSD，可能号码格式错误
2024-01-02 07:38:04 获取到号码【1796342】的GSD为【-】
2024-01-02 07:38:11 GSD insert 第 1 次 等待 3 秒
2024-01-02 07:38:14 {"status":"bad","gid":"633275","msg":"添加失败！号码【1796342(-|-)】已存在！"}
2024-01-02 07:38:14 随机等待 216 秒，约 3 分钟
2024-01-02 07:38:14 下次操作: 2024-01-02 07:41:50

2024-01-02 07:41:50 开始第 6430 次操作

2024-01-02 07:41:50 开始操作号码 【1796343】
2024-01-02 07:41:53 GSD getOne 第 1 次 等待 3 秒
2024-01-02 07:41:56 查询号码 【1796343】，返回信息 {"status":"ok","msg":"-","gid":"633278","time_insert":"2023-04-04 04:48"}
2024-01-02 07:41:56 查询号码 【1796343】，GSD为【"-"】
2024-01-02 07:41:56 ok && -
2024-01-02 07:41:58 CHB 1796343?1704152516 第 1 次 等待 3 秒
2024-01-02 07:42:01 CHB 1796343?1704152516 第 1 次 获取到号码【1796343】GSD
2024-01-02 07:42:02 未获取到号码【1796343】GSD，可能号码格式错误
2024-01-02 07:42:02 获取到号码【1796343】的GSD为【-】
2024-01-02 07:42:04 GSD insert 第 1 次 等待 3 秒
2024-01-02 07:42:07 {"status":"bad","gid":"633278","msg":"添加失败！号码【1796343(-|-)】已存在！"}
2024-01-02 07:42:07 随机等待 80 秒，约 1 分钟
2024-01-02 07:42:07 下次操作: 2024-01-02 07:43:27

2024-01-02 07:43:27 开始第 6431 次操作

2024-01-02 07:43:27 开始操作号码 【1796344】
2024-01-02 07:43:31 GSD getOne 第 1 次 等待 3 秒
2024-01-02 07:43:34 查询号码 【1796344】，返回信息 {"status":"ok","msg":"-","gid":"633286","time_insert":"2023-04-04 04:52"}
2024-01-02 07:43:34 查询号码 【1796344】，GSD为【"-"】
2024-01-02 07:43:34 ok && -
2024-01-02 07:43:36 CHB 1796344?1704152614 第 1 次 等待 3 秒
2024-01-02 07:43:39 CHB 1796344?1704152614 第 1 次 获取到号码【1796344】GSD
2024-01-02 07:43:40 未获取到号码【1796344】GSD，可能号码格式错误
2024-01-02 07:43:40 获取到号码【1796344】的GSD为【-】
2024-01-02 07:43:42 GSD insert 第 1 次 等待 3 秒
2024-01-02 07:43:45 {"status":"bad","gid":"633286","msg":"添加失败！号码【1796344(-|-)】已存在！"}
2024-01-02 07:43:45 随机等待 103 秒，约 1 分钟
2024-01-02 07:43:45 下次操作: 2024-01-02 07:45:28

2024-01-02 07:45:28 开始第 6432 次操作

2024-01-02 07:45:28 开始操作号码 【1796345】
2024-01-02 07:45:32 GSD getOne 第 1 次 等待 3 秒
2024-01-02 07:45:35 查询号码 【1796345】，返回信息 {"status":"ok","msg":"-","gid":"633290","time_insert":"2023-04-04 04:54"}
2024-01-02 07:45:35 查询号码 【1796345】，GSD为【"-"】
2024-01-02 07:45:35 ok && -
2024-01-02 07:45:37 CHB 1796345?1704152735 第 1 次 等待 3 秒
2024-01-02 07:45:40 CHB 1796345?1704152735 第 1 次 获取到号码【1796345】GSD
2024-01-02 07:45:40 未获取到号码【1796345】GSD，可能号码格式错误
2024-01-02 07:45:40 获取到号码【1796345】的GSD为【-】
2024-01-02 07:45:44 GSD insert 第 1 次 等待 3 秒
2024-01-02 07:45:47 {"status":"bad","gid":"633290","msg":"添加失败！号码【1796345(-|-)】已存在！"}

2024-01-02 09:16:14 开始第 6433 次操作

2024-01-02 09:16:14 开始操作号码 【1796346】
2024-01-02 09:16:17 GSD getOne 第 1 次 等待 3 秒
2024-01-02 09:16:20 查询号码 【1796346】，返回信息 {"status":"ok","msg":"-","gid":"633295","time_insert":"2023-04-04 04:56"}
2024-01-02 09:16:20 查询号码 【1796346】，GSD为【"-"】
2024-01-02 09:16:20 ok && -
2024-01-02 09:16:22 CHB 1796346?1704158180 第 1 次 等待 3 秒
2024-01-02 09:16:25 CHB 1796346?1704158180 第 1 次 获取到号码【1796346】GSD
2024-01-02 09:16:25 未获取到号码【1796346】GSD，可能号码格式错误
2024-01-02 09:16:25 获取到号码【1796346】的GSD为【-】
2024-01-02 09:16:29 GSD insert 第 1 次 等待 3 秒
2024-01-02 09:16:32 {"status":"bad","gid":"633295","msg":"添加失败！号码【1796346(-|-)】已存在！"}
2024-01-02 09:16:32 随机等待 94 秒，约 1 分钟
2024-01-02 09:16:32 下次操作: 2024-01-02 09:18:06

2024-01-02 09:18:06 开始第 6434 次操作

2024-01-02 09:18:06 开始操作号码 【1796347】
2024-01-02 09:18:09 GSD getOne 第 1 次 等待 3 秒
2024-01-02 09:18:12 查询号码 【1796347】，返回信息 {"status":"ok","msg":"-","gid":"633298","time_insert":"2023-04-04 04:59"}
2024-01-02 09:18:12 查询号码 【1796347】，GSD为【"-"】
2024-01-02 09:18:12 ok && -
2024-01-02 09:18:15 CHB 1796347?1704158292 第 1 次 等待 3 秒
2024-01-02 09:18:18 CHB 1796347?1704158292 第 1 次 获取到号码【1796347】GSD
2024-01-02 09:18:18 未获取到号码【1796347】GSD，可能号码格式错误
2024-01-02 09:18:18 获取到号码【1796347】的GSD为【-】
2024-01-02 09:18:21 GSD insert 第 1 次 等待 3 秒
2024-01-02 09:18:24 {"status":"bad","gid":"633298","msg":"添加失败！号码【1796347(-|-)】已存在！"}
2024-01-02 09:18:24 随机等待 191 秒，约 3 分钟
2024-01-02 09:18:24 下次操作: 2024-01-02 09:21:35

2024-01-02 09:21:35 开始第 6435 次操作

2024-01-02 09:21:35 开始操作号码 【1796348】
2024-01-02 09:21:39 GSD getOne 第 1 次 等待 3 秒
2024-01-02 09:21:42 查询号码 【1796348】，返回信息 {"status":"ok","msg":"-","gid":"633307","time_insert":"2023-04-04 05:07"}
2024-01-02 09:21:42 查询号码 【1796348】，GSD为【"-"】
2024-01-02 09:21:42 ok && -
2024-01-02 09:21:45 CHB 1796348?1704158502 第 1 次 等待 3 秒
2024-01-02 09:21:48 CHB 1796348?1704158502 第 1 次 获取到号码【1796348】GSD
2024-01-02 09:21:48 未获取到号码【1796348】GSD，可能号码格式错误
2024-01-02 09:21:48 获取到号码【1796348】的GSD为【-】
2024-01-02 09:21:52 GSD insert 第 1 次 等待 3 秒
2024-01-02 09:21:55 {"status":"bad","gid":"633307","msg":"添加失败！号码【1796348(-|-)】已存在！"}
2024-01-02 09:21:55 随机等待 123 秒，约 2 分钟
2024-01-02 09:21:55 下次操作: 2024-01-02 09:23:58

2024-01-02 09:23:58 开始第 6436 次操作

2024-01-02 09:23:58 开始操作号码 【1796349】
2024-01-02 09:24:01 GSD getOne 第 1 次 等待 3 秒
2024-01-02 09:24:04 查询号码 【1796349】，返回信息 {"status":"ok","msg":"-","gid":"633315","time_insert":"2023-04-04 05:10"}
2024-01-02 09:24:04 查询号码 【1796349】，GSD为【"-"】
2024-01-02 09:24:04 ok && -
2024-01-02 09:24:06 CHB 1796349?1704158644 第 1 次 等待 3 秒
2024-01-02 09:24:09 CHB 1796349?1704158644 第 1 次 获取到号码【1796349】GSD
2024-01-02 09:24:09 未获取到号码【1796349】GSD，可能号码格式错误
2024-01-02 09:24:09 获取到号码【1796349】的GSD为【-】
2024-01-02 09:24:12 GSD insert 第 1 次 等待 3 秒
2024-01-02 09:24:15 {"status":"bad","gid":"633315","msg":"添加失败！号码【1796349(-|-)】已存在！"}

2024-01-02 10:10:50 开始第 6437 次操作

2024-01-02 10:10:50 开始操作号码 【1796350】
2024-01-02 10:10:55 GSD getOne 第 1 次 等待 3 秒
2024-01-02 10:10:58 查询号码 【1796350】，返回信息 {"status":"ok","msg":"-","gid":"633320","time_insert":"2023-04-04 05:13"}
2024-01-02 10:10:58 查询号码 【1796350】，GSD为【"-"】
2024-01-02 10:10:58 ok && -
2024-01-02 10:11:00 CHB 1796350?1704161458 第 1 次 等待 3 秒
2024-01-02 10:11:03 CHB 1796350?1704161458 第 1 次 获取到号码【1796350】GSD
2024-01-02 10:11:03 未获取到号码【1796350】GSD，可能号码格式错误
2024-01-02 10:11:03 获取到号码【1796350】的GSD为【-】
2024-01-02 10:11:06 GSD insert 第 1 次 等待 3 秒
2024-01-02 10:11:09 {"status":"bad","gid":"633320","msg":"添加失败！号码【1796350(-|-)】已存在！"}
2024-01-02 10:11:09 随机等待 222 秒，约 3 分钟
2024-01-02 10:11:09 下次操作: 2024-01-02 10:14:51

2024-01-02 10:14:51 开始第 6438 次操作

2024-01-02 10:14:51 开始操作号码 【1796351】
2024-01-02 10:14:54 GSD getOne 第 1 次 等待 3 秒
2024-01-02 10:14:57 查询号码 【1796351】，返回信息 {"status":"ok","msg":"-","gid":"633323","time_insert":"2023-04-04 05:15"}
2024-01-02 10:14:57 查询号码 【1796351】，GSD为【"-"】
2024-01-02 10:14:57 ok && -
2024-01-02 10:14:59 CHB 1796351?1704161697 第 1 次 等待 3 秒
2024-01-02 10:15:02 CHB 1796351?1704161697 第 1 次 获取到号码【1796351】GSD
2024-01-02 10:15:02 未获取到号码【1796351】GSD，可能号码格式错误
2024-01-02 10:15:02 获取到号码【1796351】的GSD为【-】
2024-01-02 10:15:05 GSD insert 第 1 次 等待 3 秒
2024-01-02 10:15:08 {"status":"bad","gid":"633323","msg":"添加失败！号码【1796351(-|-)】已存在！"}
2024-01-02 10:15:08 随机等待 158 秒，约 2 分钟
2024-01-02 10:15:08 下次操作: 2024-01-02 10:17:46

2024-01-02 10:17:46 开始第 6439 次操作

2024-01-02 10:17:46 开始操作号码 【1796352】
2024-01-02 10:17:49 GSD getOne 第 1 次 等待 3 秒
2024-01-02 10:17:52 查询号码 【1796352】，返回信息 {"status":"ok","msg":"-","gid":"633328","time_insert":"2023-04-04 05:18"}
2024-01-02 10:17:52 查询号码 【1796352】，GSD为【"-"】
2024-01-02 10:17:52 ok && -
2024-01-02 10:17:54 CHB 1796352?1704161872 第 1 次 等待 3 秒
2024-01-02 10:17:57 CHB 1796352?1704161872 第 1 次 获取到号码【1796352】GSD
2024-01-02 10:17:57 未获取到号码【1796352】GSD，可能号码格式错误
2024-01-02 10:17:57 获取到号码【1796352】的GSD为【-】
2024-01-02 10:17:59 GSD insert 第 1 次 等待 3 秒
2024-01-02 10:18:02 {"status":"bad","gid":"633328","msg":"添加失败！号码【1796352(-|-)】已存在！"}
2024-01-02 10:18:02 随机等待 159 秒，约 2 分钟
2024-01-02 10:18:02 下次操作: 2024-01-02 10:20:41

2024-01-02 10:20:41 开始第 6440 次操作

2024-01-02 10:20:41 开始操作号码 【1796353】
2024-01-02 10:20:45 GSD getOne 第 1 次 等待 3 秒
2024-01-02 10:20:48 查询号码 【1796353】，返回信息 {"status":"ok","msg":"-","gid":"633333","time_insert":"2023-04-04 05:21"}
2024-01-02 10:20:48 查询号码 【1796353】，GSD为【"-"】
2024-01-02 10:20:48 ok && -
2024-01-02 10:20:50 CHB 1796353?1704162048 第 1 次 等待 3 秒
2024-01-02 10:20:53 CHB 1796353?1704162048 第 1 次 获取到号码【1796353】GSD
2024-01-02 10:20:53 未获取到号码【1796353】GSD，可能号码格式错误
2024-01-02 10:20:53 获取到号码【1796353】的GSD为【-】
2024-01-02 10:20:56 GSD insert 第 1 次 等待 3 秒
2024-01-02 10:20:59 {"status":"bad","gid":"633333","msg":"添加失败！号码【1796353(-|-)】已存在！"}

