2024-04-13 00:21:04 开始第 3341 次操作

2024-04-13 00:21:04 开始操作号码 【1573254】
2024-04-13 00:21:09 GSD getOne 第 1 次 等待 3 秒
2024-04-13 00:21:12 查询号码 【1573254】，返回信息 {"status":"ok","msg":"河北-唐山","gid":"234289","time_insert":"2021-07-09 21:56"}
2024-04-13 00:21:12 查询号码 【1573254】，GSD为【"河北-唐山"】

2024-04-13 00:21:13 开始第 3342 次操作

2024-04-13 00:21:13 开始操作号码 【1573255】
2024-04-13 00:21:18 GSD getOne 第 1 次 等待 3 秒
2024-04-13 00:21:21 查询号码 【1573255】，返回信息 {"status":"ok","msg":"河北-唐山","gid":"234365","time_insert":"2021-07-09 22:11"}
2024-04-13 00:21:21 查询号码 【1573255】，GSD为【"河北-唐山"】

2024-04-13 00:21:22 开始第 3343 次操作

2024-04-13 00:21:22 开始操作号码 【1573256】
2024-04-13 00:21:29 GSD getOne 第 1 次 等待 3 秒
2024-04-13 00:21:32 查询号码 【1573256】，返回信息 {"status":"ok","msg":"河北-唐山","gid":"234418","time_insert":"2021-07-09 22:29"}
2024-04-13 00:21:32 查询号码 【1573256】，GSD为【"河北-唐山"】

2024-04-13 00:21:33 开始第 3344 次操作

2024-04-13 00:21:33 开始操作号码 【1573257】
2024-04-13 00:21:39 GSD getOne 第 1 次 等待 3 秒
2024-04-13 00:21:42 查询号码 【1573257】，返回信息 {"status":"ok","msg":"河北-唐山","gid":"234538","time_insert":"2021-07-09 22:46"}
2024-04-13 00:21:43 查询号码 【1573257】，GSD为【"河北-唐山"】

