2024-03-13 00:21:56 开始第 8465 次操作

2024-03-13 00:21:56 开始操作号码 【1688377】
2024-03-13 00:22:02 GSD getOne 第 1 次 等待 3 秒
2024-03-13 00:22:05 查询号码 【1688377】，返回信息 {"status":"ok","msg":"-","gid":"666526","time_insert":"2023-04-20 13:33"}
2024-03-13 00:22:05 查询号码 【1688377】，GSD为【"-"】
2024-03-13 00:22:05 ok && -
2024-03-13 00:22:07 CHB 1688377?1710260525 第 1 次 等待 3 秒
2024-03-13 00:22:10 CHB 1688377?1710260525 第 1 次 获取到号码【1688377】GSD
2024-03-13 00:22:10 未获取到号码【1688377】GSD，可能号码格式错误
2024-03-13 00:22:10 获取到号码【1688377】的GSD为【-】
2024-03-13 00:22:15 GSD insert 第 1 次 等待 3 秒
2024-03-13 00:22:18 {"status":"bad","gid":"666526","msg":"添加失败！号码【1688377(-|-)】已存在！"}
2024-03-13 00:22:18 随机等待 78 秒，约 1 分钟
2024-03-13 00:22:18 下次操作: 2024-03-13 00:23:36

2024-03-13 00:23:36 开始第 8466 次操作

2024-03-13 00:23:36 开始操作号码 【1688378】
2024-03-13 00:23:41 GSD getOne 第 1 次 等待 3 秒
2024-03-13 00:23:44 查询号码 【1688378】，返回信息 {"status":"ok","msg":"-","gid":"666520","time_insert":"2023-04-20 13:30"}
2024-03-13 00:23:44 查询号码 【1688378】，GSD为【"-"】
2024-03-13 00:23:44 ok && -
2024-03-13 00:23:47 CHB 1688378?1710260624 第 1 次 等待 3 秒
2024-03-13 00:23:50 CHB 1688378?1710260624 第 1 次 获取到号码【1688378】GSD
2024-03-13 00:23:50 未获取到号码【1688378】GSD，可能号码格式错误
2024-03-13 00:23:50 获取到号码【1688378】的GSD为【-】
2024-03-13 00:23:55 GSD insert 第 1 次 等待 3 秒
2024-03-13 00:23:58 {"status":"bad","gid":"666520","msg":"添加失败！号码【1688378(-|-)】已存在！"}
2024-03-13 00:23:58 随机等待 153 秒，约 2 分钟
2024-03-13 00:23:58 下次操作: 2024-03-13 00:26:31

2024-03-13 00:26:31 开始第 8467 次操作

2024-03-13 00:26:31 开始操作号码 【1688379】
2024-03-13 00:26:36 GSD getOne 第 1 次 等待 3 秒
2024-03-13 00:26:39 查询号码 【1688379】，返回信息 {"status":"ok","msg":"-","gid":"666514","time_insert":"2023-04-20 13:27"}
2024-03-13 00:26:39 查询号码 【1688379】，GSD为【"-"】
2024-03-13 00:26:39 ok && -
2024-03-13 00:26:42 CHB 1688379?1710260799 第 1 次 等待 3 秒
2024-03-13 00:26:45 CHB 1688379?1710260799 第 1 次 获取到号码【1688379】GSD
2024-03-13 00:26:45 未获取到号码【1688379】GSD，可能号码格式错误
2024-03-13 00:26:45 获取到号码【1688379】的GSD为【-】
2024-03-13 00:26:50 GSD insert 第 1 次 等待 3 秒
2024-03-13 00:26:53 {"status":"bad","gid":"666514","msg":"添加失败！号码【1688379(-|-)】已存在！"}
2024-03-13 00:26:53 随机等待 190 秒，约 3 分钟
2024-03-13 00:26:53 下次操作: 2024-03-13 00:30:03

2024-03-13 00:30:03 开始第 8468 次操作

2024-03-13 00:30:03 开始操作号码 【1688380】
2024-03-13 00:30:08 GSD getOne 第 1 次 等待 3 秒
2024-03-13 00:30:11 查询号码 【1688380】，返回信息 {"status":"ok","msg":"-","gid":"666503","time_insert":"2023-04-20 13:18"}
2024-03-13 00:30:11 查询号码 【1688380】，GSD为【"-"】
2024-03-13 00:30:11 ok && -
2024-03-13 00:30:14 CHB 1688380?1710261011 第 1 次 等待 3 秒
2024-03-13 00:30:17 CHB 1688380?1710261011 第 1 次 获取到号码【1688380】GSD
2024-03-13 00:30:17 未获取到号码【1688380】GSD，可能号码格式错误
2024-03-13 00:30:17 获取到号码【1688380】的GSD为【-】
2024-03-13 00:30:21 GSD insert 第 1 次 等待 3 秒
2024-03-13 00:30:24 {"status":"bad","gid":"666503","msg":"添加失败！号码【1688380(-|-)】已存在！"}

