2024-10-12 00:25:02 开始第 9217 次操作

2024-10-12 00:25:02 开始操作号码 【1359216】
2024-10-12 00:25:04 GSD getOne 第 1 次 等待 3 秒
2024-10-12 00:25:07 查询号码 【1359216】，返回信息 {"status":"ok","msg":"河南-平顶山","gid":"307177","time_insert":"2021-07-17 21:17"}
2024-10-12 00:25:07 查询号码 【1359216】，GSD为【"河南-平顶山"】

2024-10-12 00:25:08 开始第 9218 次操作

2024-10-12 00:25:08 开始操作号码 【1359217】
2024-10-12 00:25:10 GSD getOne 第 1 次 等待 3 秒
2024-10-12 00:25:13 查询号码 【1359217】，返回信息 {"status":"ok","msg":"河南-平顶山","gid":"307167","time_insert":"2021-07-17 21:17"}
2024-10-12 00:25:13 查询号码 【1359217】，GSD为【"河南-平顶山"】

2024-10-12 00:25:14 开始第 9219 次操作

2024-10-12 00:25:14 开始操作号码 【1359218】
2024-10-12 00:25:16 GSD getOne 第 1 次 等待 3 秒
2024-10-12 00:25:19 查询号码 【1359218】，返回信息 {"status":"ok","msg":"河南-平顶山","gid":"307160","time_insert":"2021-07-17 21:16"}
2024-10-12 00:25:19 查询号码 【1359218】，GSD为【"河南-平顶山"】

2024-10-12 00:25:20 开始第 9220 次操作

2024-10-12 00:25:20 开始操作号码 【1359219】
2024-10-12 00:25:22 GSD getOne 第 1 次 等待 3 秒
2024-10-12 00:25:25 查询号码 【1359219】，返回信息 {"status":"ok","msg":"河南-平顶山","gid":"53402","time_insert":"2021-04-14 10:14"}
2024-10-12 00:25:25 查询号码 【1359219】，GSD为【"河南-平顶山"】

