2023-11-21 00:23:17 开始第 9597 次操作

2023-11-21 00:23:17 开始操作号码 【1899511】
2023-11-21 00:23:21 GSD getOne 第 1 次 等待 3 秒
2023-11-21 00:23:24 查询号码 【1899511】，返回信息 {"status":"ok","msg":"宁夏-银川","gid":"434776","time_insert":"2021-07-29 15:48"}
2023-11-21 00:23:24 查询号码 【1899511】，GSD为【"宁夏-银川"】

2023-11-21 00:23:25 开始第 9598 次操作

2023-11-21 00:23:25 开始操作号码 【1899512】
2023-11-21 00:23:33 GSD getOne 第 1 次 等待 3 秒
2023-11-21 00:23:36 查询号码 【1899512】，返回信息 {"status":"ok","msg":"宁夏-银川","gid":"434767","time_insert":"2021-07-29 15:47"}
2023-11-21 00:23:36 查询号码 【1899512】，GSD为【"宁夏-银川"】

2023-11-21 00:23:37 开始第 9599 次操作

2023-11-21 00:23:37 开始操作号码 【1899513】
2023-11-21 00:23:40 GSD getOne 第 1 次 等待 3 秒
2023-11-21 00:23:43 查询号码 【1899513】，返回信息 {"status":"ok","msg":"宁夏-银川","gid":"434759","time_insert":"2021-07-29 15:46"}
2023-11-21 00:23:43 查询号码 【1899513】，GSD为【"宁夏-银川"】

2023-11-21 00:23:44 开始第 9600 次操作

2023-11-21 00:23:44 开始操作号码 【1899514】
2023-11-21 00:23:49 GSD getOne 第 1 次 等待 3 秒
2023-11-21 00:23:52 查询号码 【1899514】，返回信息 {"status":"ok","msg":"宁夏-银川","gid":"434746","time_insert":"2021-07-29 15:45"}
2023-11-21 00:23:52 查询号码 【1899514】，GSD为【"宁夏-银川"】

