2024-07-16 00:24:02 开始第 6161 次操作

2024-07-16 00:24:02 开始操作号码 【1466063】
2024-07-16 00:24:11 GSD getOne 第 1 次 等待 3 秒
2024-07-16 00:24:14 查询号码 【1466063】，返回信息 {"status":"ok","msg":"江苏-南京","gid":"402843","time_insert":"2021-07-26 15:47"}
2024-07-16 00:24:14 查询号码 【1466063】，GSD为【"江苏-南京"】

2024-07-16 00:24:15 开始第 6162 次操作

2024-07-16 00:24:15 开始操作号码 【1466064】
2024-07-16 00:24:25 GSD getOne 第 1 次 等待 3 秒
2024-07-16 00:24:28 查询号码 【1466064】，返回信息 {"status":"ok","msg":"江苏-南京","gid":"402832","time_insert":"2021-07-26 15:46"}
2024-07-16 00:24:28 查询号码 【1466064】，GSD为【"江苏-南京"】

2024-07-16 00:24:29 开始第 6163 次操作

2024-07-16 00:24:29 开始操作号码 【1466065】
2024-07-16 00:24:37 GSD getOne 第 1 次 等待 3 秒
2024-07-16 00:24:40 查询号码 【1466065】，返回信息 {"status":"ok","msg":"江苏-南京","gid":"402818","time_insert":"2021-07-26 15:45"}
2024-07-16 00:24:41 查询号码 【1466065】，GSD为【"江苏-南京"】

2024-07-16 00:24:42 开始第 6164 次操作

2024-07-16 00:24:42 开始操作号码 【1466066】
2024-07-16 00:24:49 GSD getOne 第 1 次 等待 3 秒
2024-07-16 00:24:52 查询号码 【1466066】，返回信息 {"status":"ok","msg":"江苏-南京","gid":"402808","time_insert":"2021-07-26 15:45"}
2024-07-16 00:24:52 查询号码 【1466066】，GSD为【"江苏-南京"】

