2024-02-01 00:19:44 开始第 1205 次操作

2024-02-01 00:19:44 开始操作号码 【1681117】
2024-02-01 00:19:48 GSD getOne 第 1 次 等待 3 秒
2024-02-01 00:19:51 查询号码 【1681117】，返回信息 {"status":"ok","msg":"-","gid":"534802","time_insert":"2023-02-17 00:22"}
2024-02-01 00:19:51 查询号码 【1681117】，GSD为【"-"】
2024-02-01 00:19:51 ok && -
2024-02-01 00:19:54 CHB 1681117?1706717991 第 1 次 等待 3 秒
2024-02-01 00:19:57 CHB 1681117?1706717991 第 1 次 获取到号码【1681117】GSD
2024-02-01 00:19:57 未获取到号码【1681117】GSD，可能号码格式错误
2024-02-01 00:19:57 获取到号码【1681117】的GSD为【-】
2024-02-01 00:20:01 GSD insert 第 1 次 等待 3 秒
2024-02-01 00:20:04 {"status":"bad","gid":"534802","msg":"添加失败！号码【1681117(-|-)】已存在！"}
2024-02-01 00:20:04 随机等待 196 秒，约 3 分钟
2024-02-01 00:20:04 下次操作: 2024-02-01 00:23:20

2024-02-01 00:23:20 开始第 1206 次操作

2024-02-01 00:23:21 开始操作号码 【1681118】
2024-02-01 00:23:25 GSD getOne 第 1 次 等待 3 秒
2024-02-01 00:23:28 查询号码 【1681118】，返回信息 {"status":"ok","msg":"-","gid":"534819","time_insert":"2023-02-17 00:36"}
2024-02-01 00:23:28 查询号码 【1681118】，GSD为【"-"】
2024-02-01 00:23:28 ok && -
2024-02-01 00:23:31 CHB 1681118?1706718208 第 1 次 等待 3 秒
2024-02-01 00:23:34 CHB 1681118?1706718208 第 1 次 获取到号码【1681118】GSD
2024-02-01 00:23:34 未获取到号码【1681118】GSD，可能号码格式错误
2024-02-01 00:23:34 获取到号码【1681118】的GSD为【-】
2024-02-01 00:23:38 GSD insert 第 1 次 等待 3 秒
2024-02-01 00:23:41 {"status":"bad","gid":"534819","msg":"添加失败！号码【1681118(-|-)】已存在！"}
2024-02-01 00:23:41 随机等待 100 秒，约 1 分钟
2024-02-01 00:23:41 下次操作: 2024-02-01 00:25:21

2024-02-01 00:25:21 开始第 1207 次操作

2024-02-01 00:25:21 开始操作号码 【1681119】
2024-02-01 00:25:25 GSD getOne 第 1 次 等待 3 秒
2024-02-01 00:25:28 查询号码 【1681119】，返回信息 {"status":"ok","msg":"-","gid":"534836","time_insert":"2023-02-17 00:52"}
2024-02-01 00:25:28 查询号码 【1681119】，GSD为【"-"】
2024-02-01 00:25:28 ok && -
2024-02-01 00:25:34 CHB 1681119?1706718328 第 1 次 等待 3 秒
2024-02-01 00:25:37 CHB 1681119?1706718328 第 1 次 获取到号码【1681119】GSD
2024-02-01 00:25:37 未获取到号码【1681119】GSD，可能号码格式错误
2024-02-01 00:25:37 获取到号码【1681119】的GSD为【-】
2024-02-01 00:25:41 GSD insert 第 1 次 等待 3 秒
2024-02-01 00:25:44 {"status":"bad","gid":"534836","msg":"添加失败！号码【1681119(-|-)】已存在！"}
2024-02-01 00:25:44 随机等待 92 秒，约 1 分钟
2024-02-01 00:25:44 下次操作: 2024-02-01 00:27:16

2024-02-01 00:27:16 开始第 1208 次操作

2024-02-01 00:27:16 开始操作号码 【1681120】
2024-02-01 00:27:21 GSD getOne 第 1 次 等待 3 秒
2024-02-01 00:27:24 查询号码 【1681120】，返回信息 {"status":"ok","msg":"-","gid":"534851","time_insert":"2023-02-17 01:02"}
2024-02-01 00:27:24 查询号码 【1681120】，GSD为【"-"】
2024-02-01 00:27:24 ok && -
2024-02-01 00:27:29 CHB 1681120?1706718444 第 1 次 等待 3 秒
2024-02-01 00:27:32 CHB 1681120?1706718444 第 1 次 获取到号码【1681120】GSD
2024-02-01 00:27:32 未获取到号码【1681120】GSD，可能号码格式错误
2024-02-01 00:27:32 获取到号码【1681120】的GSD为【-】
2024-02-01 00:27:39 GSD insert 第 1 次 等待 3 秒
2024-02-01 00:27:42 {"status":"bad","gid":"534851","msg":"添加失败！号码【1681120(-|-)】已存在！"}

2024-02-01 00:37:58 开始第 1209 次操作

2024-02-01 00:37:58 开始操作号码 【1681121】
2024-02-01 00:38:02 GSD getOne 第 1 次 等待 3 秒
2024-02-01 00:38:05 查询号码 【1681121】，返回信息 {"status":"ok","msg":"-","gid":"534860","time_insert":"2023-02-17 01:12"}
2024-02-01 00:38:05 查询号码 【1681121】，GSD为【"-"】
2024-02-01 00:38:05 ok && -
2024-02-01 00:38:08 CHB 1681121?1706719085 第 1 次 等待 3 秒
2024-02-01 00:38:11 CHB 1681121?1706719085 第 1 次 获取到号码【1681121】GSD
2024-02-01 00:38:11 未获取到号码【1681121】GSD，可能号码格式错误
2024-02-01 00:38:11 获取到号码【1681121】的GSD为【-】
2024-02-01 00:38:15 GSD insert 第 1 次 等待 3 秒
2024-02-01 00:38:18 {"status":"bad","gid":"534860","msg":"添加失败！号码【1681121(-|-)】已存在！"}
2024-02-01 00:38:18 随机等待 150 秒，约 2 分钟
2024-02-01 00:38:18 下次操作: 2024-02-01 00:40:48

2024-02-01 00:40:48 开始第 1210 次操作

2024-02-01 00:40:48 开始操作号码 【1681122】
2024-02-01 00:40:53 GSD getOne 第 1 次 等待 3 秒
2024-02-01 00:40:56 查询号码 【1681122】，返回信息 {"status":"ok","msg":"-","gid":"534879","time_insert":"2023-02-17 01:27"}
2024-02-01 00:40:56 查询号码 【1681122】，GSD为【"-"】
2024-02-01 00:40:56 ok && -
2024-02-01 00:40:59 CHB 1681122?1706719256 第 1 次 等待 3 秒
2024-02-01 00:41:02 CHB 1681122?1706719256 第 1 次 获取到号码【1681122】GSD
2024-02-01 00:41:02 未获取到号码【1681122】GSD，可能号码格式错误
2024-02-01 00:41:02 获取到号码【1681122】的GSD为【-】
2024-02-01 00:41:08 GSD insert 第 1 次 等待 3 秒
2024-02-01 00:41:11 {"status":"bad","gid":"534879","msg":"添加失败！号码【1681122(-|-)】已存在！"}
2024-02-01 00:41:11 随机等待 80 秒，约 1 分钟
2024-02-01 00:41:11 下次操作: 2024-02-01 00:42:31

2024-02-01 00:42:31 开始第 1211 次操作

2024-02-01 00:42:31 开始操作号码 【1681123】
2024-02-01 00:42:35 GSD getOne 第 1 次 等待 3 秒
2024-02-01 00:42:38 查询号码 【1681123】，返回信息 {"status":"ok","msg":"-","gid":"534906","time_insert":"2023-02-17 01:46"}
2024-02-01 00:42:38 查询号码 【1681123】，GSD为【"-"】
2024-02-01 00:42:38 ok && -
2024-02-01 00:42:41 CHB 1681123?1706719358 第 1 次 等待 3 秒
2024-02-01 00:42:44 CHB 1681123?1706719358 第 1 次 获取到号码【1681123】GSD
2024-02-01 00:42:44 未获取到号码【1681123】GSD，可能号码格式错误
2024-02-01 00:42:44 获取到号码【1681123】的GSD为【-】
2024-02-01 00:42:48 GSD insert 第 1 次 等待 3 秒
2024-02-01 00:42:51 {"status":"bad","gid":"534906","msg":"添加失败！号码【1681123(-|-)】已存在！"}
2024-02-01 00:42:51 随机等待 229 秒，约 3 分钟
2024-02-01 00:42:51 下次操作: 2024-02-01 00:46:40

2024-02-01 00:46:40 开始第 1212 次操作

2024-02-01 00:46:40 开始操作号码 【1681124】
2024-02-01 00:46:44 GSD getOne 第 1 次 等待 3 秒
2024-02-01 00:46:47 查询号码 【1681124】，返回信息 {"status":"ok","msg":"-","gid":"534921","time_insert":"2023-02-17 02:00"}
2024-02-01 00:46:47 查询号码 【1681124】，GSD为【"-"】
2024-02-01 00:46:47 ok && -
2024-02-01 00:46:51 CHB 1681124?1706719607 第 1 次 等待 3 秒
2024-02-01 00:46:54 CHB 1681124?1706719607 第 1 次 获取到号码【1681124】GSD
2024-02-01 00:46:54 未获取到号码【1681124】GSD，可能号码格式错误
2024-02-01 00:46:54 获取到号码【1681124】的GSD为【-】
2024-02-01 00:46:59 GSD insert 第 1 次 等待 3 秒
2024-02-01 00:47:02 {"status":"bad","gid":"534921","msg":"添加失败！号码【1681124(-|-)】已存在！"}

2024-02-01 01:13:53 开始第 1213 次操作

2024-02-01 01:13:53 开始操作号码 【1681125】
2024-02-01 01:13:57 GSD getOne 第 1 次 等待 3 秒
2024-02-01 01:14:00 查询号码 【1681125】，返回信息 {"status":"ok","msg":"-","gid":"534937","time_insert":"2023-02-17 02:15"}
2024-02-01 01:14:00 查询号码 【1681125】，GSD为【"-"】
2024-02-01 01:14:00 ok && -
2024-02-01 01:14:02 CHB 1681125?1706721240 第 1 次 等待 3 秒
2024-02-01 01:14:05 CHB 1681125?1706721240 第 1 次 获取到号码【1681125】GSD
2024-02-01 01:14:05 未获取到号码【1681125】GSD，可能号码格式错误
2024-02-01 01:14:05 获取到号码【1681125】的GSD为【-】
2024-02-01 01:14:09 GSD insert 第 1 次 等待 3 秒
2024-02-01 01:14:12 {"status":"bad","gid":"534937","msg":"添加失败！号码【1681125(-|-)】已存在！"}
2024-02-01 01:14:12 随机等待 230 秒，约 3 分钟
2024-02-01 01:14:12 下次操作: 2024-02-01 01:18:02

2024-02-01 01:18:02 开始第 1214 次操作

2024-02-01 01:18:02 开始操作号码 【1681126】
2024-02-01 01:18:06 GSD getOne 第 1 次 等待 3 秒
2024-02-01 01:18:09 查询号码 【1681126】，返回信息 {"status":"ok","msg":"-","gid":"534948","time_insert":"2023-02-17 02:24"}
2024-02-01 01:18:09 查询号码 【1681126】，GSD为【"-"】
2024-02-01 01:18:09 ok && -
2024-02-01 01:18:11 CHB 1681126?1706721489 第 1 次 等待 3 秒
2024-02-01 01:18:14 CHB 1681126?1706721489 第 1 次 获取到号码【1681126】GSD
2024-02-01 01:18:14 未获取到号码【1681126】GSD，可能号码格式错误
2024-02-01 01:18:14 获取到号码【1681126】的GSD为【-】
2024-02-01 01:18:19 GSD insert 第 1 次 等待 3 秒
2024-02-01 01:18:22 {"status":"bad","gid":"534948","msg":"添加失败！号码【1681126(-|-)】已存在！"}
2024-02-01 01:18:22 随机等待 218 秒，约 3 分钟
2024-02-01 01:18:22 下次操作: 2024-02-01 01:22:00

2024-02-01 01:22:00 开始第 1215 次操作

2024-02-01 01:22:00 开始操作号码 【1681127】
2024-02-01 01:22:04 GSD getOne 第 1 次 等待 3 秒
2024-02-01 01:22:07 查询号码 【1681127】，返回信息 {"status":"ok","msg":"-","gid":"534967","time_insert":"2023-02-17 02:38"}
2024-02-01 01:22:07 查询号码 【1681127】，GSD为【"-"】
2024-02-01 01:22:07 ok && -
2024-02-01 01:22:09 CHB 1681127?1706721727 第 1 次 等待 3 秒
2024-02-01 01:22:12 CHB 1681127?1706721727 第 1 次 获取到号码【1681127】GSD
2024-02-01 01:22:12 未获取到号码【1681127】GSD，可能号码格式错误
2024-02-01 01:22:12 获取到号码【1681127】的GSD为【-】
2024-02-01 01:22:15 GSD insert 第 1 次 等待 3 秒
2024-02-01 01:22:18 {"status":"bad","gid":"534967","msg":"添加失败！号码【1681127(-|-)】已存在！"}
2024-02-01 01:22:18 随机等待 231 秒，约 3 分钟
2024-02-01 01:22:18 下次操作: 2024-02-01 01:26:09

2024-02-01 01:26:09 开始第 1216 次操作

2024-02-01 01:26:09 开始操作号码 【1681128】
2024-02-01 01:26:15 GSD getOne 第 1 次 等待 3 秒
2024-02-01 01:26:18 查询号码 【1681128】，返回信息 {"status":"ok","msg":"-","gid":"534980","time_insert":"2023-02-17 02:51"}
2024-02-01 01:26:18 查询号码 【1681128】，GSD为【"-"】
2024-02-01 01:26:18 ok && -
2024-02-01 01:26:19 CHB 1681128?1706721978 第 1 次 等待 3 秒
2024-02-01 01:26:22 CHB 1681128?1706721978 第 1 次 获取到号码【1681128】GSD
2024-02-01 01:26:23 未获取到号码【1681128】GSD，可能号码格式错误
2024-02-01 01:26:23 获取到号码【1681128】的GSD为【-】
2024-02-01 01:26:26 GSD insert 第 1 次 等待 3 秒
2024-02-01 01:26:29 {"status":"bad","gid":"534980","msg":"添加失败！号码【1681128(-|-)】已存在！"}

2024-02-01 01:37:43 开始第 1217 次操作

2024-02-01 01:37:43 开始操作号码 【1681129】
2024-02-01 01:37:48 GSD getOne 第 1 次 等待 3 秒
2024-02-01 01:37:51 查询号码 【1681129】，返回信息 {"status":"ok","msg":"-","gid":"534998","time_insert":"2023-02-17 03:04"}
2024-02-01 01:37:51 查询号码 【1681129】，GSD为【"-"】
2024-02-01 01:37:51 ok && -
2024-02-01 01:37:53 CHB 1681129?1706722671 第 1 次 等待 3 秒
2024-02-01 01:37:56 CHB 1681129?1706722671 第 1 次 获取到号码【1681129】GSD
2024-02-01 01:37:56 未获取到号码【1681129】GSD，可能号码格式错误
2024-02-01 01:37:56 获取到号码【1681129】的GSD为【-】
2024-02-01 01:38:01 GSD insert 第 1 次 等待 3 秒
2024-02-01 01:38:04 {"status":"bad","gid":"534998","msg":"添加失败！号码【1681129(-|-)】已存在！"}
2024-02-01 01:38:04 随机等待 143 秒，约 2 分钟
2024-02-01 01:38:04 下次操作: 2024-02-01 01:40:27

2024-02-01 01:40:27 开始第 1218 次操作

2024-02-01 01:40:27 开始操作号码 【1681130】
2024-02-01 01:40:31 GSD getOne 第 1 次 等待 3 秒
2024-02-01 01:40:34 查询号码 【1681130】，返回信息 {"status":"ok","msg":"-","gid":"535011","time_insert":"2023-02-17 03:15"}
2024-02-01 01:40:34 查询号码 【1681130】，GSD为【"-"】
2024-02-01 01:40:34 ok && -
2024-02-01 01:40:36 CHB 1681130?1706722834 第 1 次 等待 3 秒
2024-02-01 01:40:39 CHB 1681130?1706722834 第 1 次 获取到号码【1681130】GSD
2024-02-01 01:40:39 未获取到号码【1681130】GSD，可能号码格式错误
2024-02-01 01:40:39 获取到号码【1681130】的GSD为【-】
2024-02-01 01:40:43 GSD insert 第 1 次 等待 3 秒
2024-02-01 01:40:46 {"status":"bad","gid":"535011","msg":"添加失败！号码【1681130(-|-)】已存在！"}
2024-02-01 01:40:46 随机等待 213 秒，约 3 分钟
2024-02-01 01:40:46 下次操作: 2024-02-01 01:44:19

2024-02-01 01:44:19 开始第 1219 次操作

2024-02-01 01:44:19 开始操作号码 【1681131】
2024-02-01 01:44:24 GSD getOne 第 1 次 等待 3 秒
2024-02-01 01:44:27 查询号码 【1681131】，返回信息 {"status":"ok","msg":"-","gid":"535025","time_insert":"2023-02-17 03:27"}
2024-02-01 01:44:27 查询号码 【1681131】，GSD为【"-"】
2024-02-01 01:44:27 ok && -
2024-02-01 01:44:29 CHB 1681131?1706723067 第 1 次 等待 3 秒
2024-02-01 01:44:32 CHB 1681131?1706723067 第 1 次 获取到号码【1681131】GSD
2024-02-01 01:44:32 未获取到号码【1681131】GSD，可能号码格式错误
2024-02-01 01:44:32 获取到号码【1681131】的GSD为【-】
2024-02-01 01:44:36 GSD insert 第 1 次 等待 3 秒
2024-02-01 01:44:39 {"status":"bad","gid":"535025","msg":"添加失败！号码【1681131(-|-)】已存在！"}
2024-02-01 01:44:39 随机等待 223 秒，约 3 分钟
2024-02-01 01:44:39 下次操作: 2024-02-01 01:48:22

2024-02-01 01:48:22 开始第 1220 次操作

2024-02-01 01:48:22 开始操作号码 【1681132】
2024-02-01 01:48:30 GSD getOne 第 1 次 等待 3 秒
2024-02-01 01:48:33 查询号码 【1681132】，返回信息 {"status":"ok","msg":"-","gid":"535038","time_insert":"2023-02-17 03:37"}
2024-02-01 01:48:33 查询号码 【1681132】，GSD为【"-"】
2024-02-01 01:48:33 ok && -
2024-02-01 01:48:35 CHB 1681132?1706723313 第 1 次 等待 3 秒
2024-02-01 01:48:38 CHB 1681132?1706723313 第 1 次 获取到号码【1681132】GSD
2024-02-01 01:48:39 未获取到号码【1681132】GSD，可能号码格式错误
2024-02-01 01:48:39 获取到号码【1681132】的GSD为【-】
2024-02-01 01:48:43 GSD insert 第 1 次 等待 3 秒
2024-02-01 01:48:46 {"status":"bad","gid":"535038","msg":"添加失败！号码【1681132(-|-)】已存在！"}

2024-02-01 02:16:36 开始第 1221 次操作

2024-02-01 02:16:36 开始操作号码 【1681133】
2024-02-01 02:16:44 GSD getOne 第 1 次 等待 3 秒
2024-02-01 02:16:47 查询号码 【1681133】，返回信息 {"status":"ok","msg":"-","gid":"535062","time_insert":"2023-02-17 03:53"}
2024-02-01 02:16:47 查询号码 【1681133】，GSD为【"-"】
2024-02-01 02:16:47 ok && -
2024-02-01 02:16:50 CHB 1681133?1706725007 第 1 次 等待 3 秒
2024-02-01 02:16:53 CHB 1681133?1706725007 第 1 次 获取到号码【1681133】GSD
2024-02-01 02:16:53 未获取到号码【1681133】GSD，可能号码格式错误
2024-02-01 02:16:53 获取到号码【1681133】的GSD为【-】
2024-02-01 02:17:01 GSD insert 第 1 次 等待 3 秒
2024-02-01 02:17:04 {"status":"bad","gid":"535062","msg":"添加失败！号码【1681133(-|-)】已存在！"}
2024-02-01 02:17:04 随机等待 96 秒，约 1 分钟
2024-02-01 02:17:04 下次操作: 2024-02-01 02:18:40

2024-02-01 02:18:40 开始第 1222 次操作

2024-02-01 02:18:40 开始操作号码 【1681134】
2024-02-01 02:18:49 GSD getOne 第 1 次 等待 3 秒
2024-02-01 02:18:52 查询号码 【1681134】，返回信息 {"status":"ok","msg":"-","gid":"535079","time_insert":"2023-02-17 04:08"}
2024-02-01 02:18:52 查询号码 【1681134】，GSD为【"-"】
2024-02-01 02:18:52 ok && -
2024-02-01 02:18:54 CHB 1681134?1706725132 第 1 次 等待 3 秒
2024-02-01 02:18:57 CHB 1681134?1706725132 第 1 次 获取到号码【1681134】GSD
2024-02-01 02:18:58 未获取到号码【1681134】GSD，可能号码格式错误
2024-02-01 02:18:58 获取到号码【1681134】的GSD为【-】
2024-02-01 02:19:07 GSD insert 第 1 次 等待 3 秒
2024-02-01 02:19:10 {"status":"bad","gid":"535079","msg":"添加失败！号码【1681134(-|-)】已存在！"}
2024-02-01 02:19:10 随机等待 140 秒，约 2 分钟
2024-02-01 02:19:10 下次操作: 2024-02-01 02:21:30

2024-02-01 02:21:30 开始第 1223 次操作

2024-02-01 02:21:30 开始操作号码 【1681135】
2024-02-01 02:21:34 GSD getOne 第 1 次 等待 3 秒
2024-02-01 02:21:37 查询号码 【1681135】，返回信息 {"status":"ok","msg":"-","gid":"535092","time_insert":"2023-02-17 04:18"}
2024-02-01 02:21:37 查询号码 【1681135】，GSD为【"-"】
2024-02-01 02:21:37 ok && -
2024-02-01 02:21:45 CHB 1681135?1706725297 第 1 次 等待 3 秒
2024-02-01 02:21:48 CHB 1681135?1706725297 第 1 次 获取到号码【1681135】GSD
2024-02-01 02:21:48 未获取到号码【1681135】GSD，可能号码格式错误
2024-02-01 02:21:48 获取到号码【1681135】的GSD为【-】
2024-02-01 02:21:53 GSD insert 第 1 次 等待 3 秒
2024-02-01 02:21:56 {"status":"bad","gid":"535092","msg":"添加失败！号码【1681135(-|-)】已存在！"}
2024-02-01 02:21:56 随机等待 104 秒，约 1 分钟
2024-02-01 02:21:56 下次操作: 2024-02-01 02:23:40

2024-02-01 02:23:40 开始第 1224 次操作

2024-02-01 02:23:40 开始操作号码 【1681136】
2024-02-01 02:23:44 GSD getOne 第 1 次 等待 3 秒
2024-02-01 02:23:47 查询号码 【1681136】，返回信息 {"status":"ok","msg":"-","gid":"535114","time_insert":"2023-02-17 04:36"}
2024-02-01 02:23:47 查询号码 【1681136】，GSD为【"-"】
2024-02-01 02:23:47 ok && -
2024-02-01 02:23:50 CHB 1681136?1706725427 第 1 次 等待 3 秒
2024-02-01 02:23:53 CHB 1681136?1706725427 第 1 次 获取到号码【1681136】GSD
2024-02-01 02:23:53 未获取到号码【1681136】GSD，可能号码格式错误
2024-02-01 02:23:53 获取到号码【1681136】的GSD为【-】
2024-02-01 02:23:57 GSD insert 第 1 次 等待 3 秒
2024-02-01 02:24:01 {"status":"bad","gid":"535114","msg":"添加失败！号码【1681136(-|-)】已存在！"}

