2024-08-21 00:21:51 开始第 281 次操作

2024-08-21 00:21:51 开始操作号码 【1350280】
2024-08-21 00:22:04 GSD getOne 第 1 次 等待 3 秒
2024-08-21 00:22:07 查询号码 【1350280】，返回信息 {"status":"ok","msg":"广东-深圳","gid":"56385","time_insert":"2021-04-30 23:16"}
2024-08-21 00:22:07 查询号码 【1350280】，GSD为【"广东-深圳"】

2024-08-21 00:22:08 开始第 282 次操作

2024-08-21 00:22:08 开始操作号码 【1350281】
2024-08-21 00:22:19 GSD getOne 第 1 次 等待 3 秒
2024-08-21 00:22:22 查询号码 【1350281】，返回信息 {"status":"ok","msg":"广东-深圳","gid":"56394","time_insert":"2021-05-01 01:42"}
2024-08-21 00:22:22 查询号码 【1350281】，GSD为【"广东-深圳"】

2024-08-21 00:22:23 开始第 283 次操作

2024-08-21 00:22:23 开始操作号码 【1350282】
2024-08-21 00:22:33 GSD getOne 第 1 次 等待 3 秒
2024-08-21 00:22:36 查询号码 【1350282】，返回信息 {"status":"ok","msg":"广东-深圳","gid":"56400","time_insert":"2021-05-01 04:13"}
2024-08-21 00:22:36 查询号码 【1350282】，GSD为【"广东-深圳"】

2024-08-21 00:22:37 开始第 284 次操作

2024-08-21 00:22:37 开始操作号码 【1350283】
2024-08-21 00:22:46 GSD getOne 第 1 次 等待 3 秒
2024-08-21 00:22:49 查询号码 【1350283】，返回信息 {"status":"ok","msg":"广东-深圳","gid":"56402","time_insert":"2021-05-01 04:52"}
2024-08-21 00:22:49 查询号码 【1350283】，GSD为【"广东-深圳"】

