2024-09-07 00:24:56 开始第 3221 次操作

2024-09-07 00:24:56 开始操作号码 【1353220】
2024-09-07 00:25:04 GSD getOne 第 1 次 等待 3 秒
2024-09-07 00:25:07 查询号码 【1353220】，返回信息 {"status":"ok","msg":"广东-珠海","gid":"99287","time_insert":"2021-06-16 07:42"}
2024-09-07 00:25:07 查询号码 【1353220】，GSD为【"广东-珠海"】

2024-09-07 00:25:08 开始第 3222 次操作

2024-09-07 00:25:08 开始操作号码 【1353221】
2024-09-07 00:25:15 GSD getOne 第 1 次 等待 3 秒
2024-09-07 00:25:18 查询号码 【1353221】，返回信息 {"status":"ok","msg":"广东-珠海","gid":"99322","time_insert":"2021-06-16 08:12"}
2024-09-07 00:25:18 查询号码 【1353221】，GSD为【"广东-珠海"】

2024-09-07 00:25:19 开始第 3223 次操作

2024-09-07 00:25:19 开始操作号码 【1353222】
2024-09-07 00:25:29 GSD getOne 第 1 次 等待 3 秒
2024-09-07 00:25:32 查询号码 【1353222】，返回信息 {"status":"ok","msg":"广东-珠海","gid":"53362","time_insert":"2020-12-15 08:46"}
2024-09-07 00:25:32 查询号码 【1353222】，GSD为【"广东-珠海"】

2024-09-07 00:25:33 开始第 3224 次操作

2024-09-07 00:25:33 开始操作号码 【1353223】
2024-09-07 00:25:48 GSD getOne 第 1 次 等待 3 秒
2024-09-07 00:25:51 查询号码 【1353223】，返回信息 {"status":"ok","msg":"广东-珠海","gid":"99351","time_insert":"2021-06-16 08:38"}
2024-09-07 00:25:51 查询号码 【1353223】，GSD为【"广东-珠海"】

2024-09-07 00:45:25 开始第 3225 次操作

2024-09-07 00:45:25 开始操作号码 【1353224】
2024-09-07 00:45:33 GSD getOne 第 1 次 等待 3 秒
2024-09-07 00:45:36 查询号码 【1353224】，返回信息 {"status":"ok","msg":"广东-珠海","gid":"99377","time_insert":"2021-06-16 08:58"}
2024-09-07 00:45:36 查询号码 【1353224】，GSD为【"广东-珠海"】

2024-09-07 00:45:37 开始第 3226 次操作

2024-09-07 00:45:37 开始操作号码 【1353225】
2024-09-07 00:45:47 GSD getOne 第 1 次 等待 3 秒
2024-09-07 00:45:50 查询号码 【1353225】，返回信息 {"status":"ok","msg":"广东-珠海","gid":"99400","time_insert":"2021-06-16 09:18"}
2024-09-07 00:45:50 查询号码 【1353225】，GSD为【"广东-珠海"】

2024-09-07 00:45:51 开始第 3227 次操作

2024-09-07 00:45:51 开始操作号码 【1353226】
2024-09-07 00:45:59 GSD getOne 第 1 次 等待 3 秒
2024-09-07 00:46:02 查询号码 【1353226】，返回信息 {"status":"ok","msg":"广东-珠海","gid":"99426","time_insert":"2021-06-16 09:44"}
2024-09-07 00:46:02 查询号码 【1353226】，GSD为【"广东-珠海"】

2024-09-07 00:46:03 开始第 3228 次操作

2024-09-07 00:46:03 开始操作号码 【1353227】
2024-09-07 00:46:05 GSD getOne 第 1 次 等待 3 秒
2024-09-07 00:46:08 查询号码 【1353227】，返回信息 {"status":"ok","msg":"广东-珠海","gid":"99448","time_insert":"2021-06-16 10:03"}
2024-09-07 00:46:08 查询号码 【1353227】，GSD为【"广东-珠海"】

