2023-11-07 00:23:17 开始第 7141 次操作

2023-11-07 00:23:17 开始操作号码 【1897055】
2023-11-07 00:23:20 GSD getOne 第 1 次 等待 3 秒
2023-11-07 00:23:23 查询号码 【1897055】，返回信息 {"status":"ok","msg":"江西-宜春","gid":"455163","time_insert":"2021-07-31 11:06"}
2023-11-07 00:23:23 查询号码 【1897055】，GSD为【"江西-宜春"】

2023-11-07 00:23:24 开始第 7142 次操作

2023-11-07 00:23:24 开始操作号码 【1897056】
2023-11-07 00:23:28 GSD getOne 第 1 次 等待 3 秒
2023-11-07 00:23:31 查询号码 【1897056】，返回信息 {"status":"ok","msg":"江西-宜春","gid":"455150","time_insert":"2021-07-31 11:06"}
2023-11-07 00:23:31 查询号码 【1897056】，GSD为【"江西-宜春"】

2023-11-07 00:23:32 开始第 7143 次操作

2023-11-07 00:23:32 开始操作号码 【1897057】
2023-11-07 00:23:34 GSD getOne 第 1 次 等待 3 秒
2023-11-07 00:23:37 查询号码 【1897057】，返回信息 {"status":"ok","msg":"江西-宜春","gid":"455135","time_insert":"2021-07-31 11:05"}
2023-11-07 00:23:37 查询号码 【1897057】，GSD为【"江西-宜春"】

2023-11-07 00:23:38 开始第 7144 次操作

2023-11-07 00:23:38 开始操作号码 【1897058】
2023-11-07 00:23:42 GSD getOne 第 1 次 等待 3 秒
2023-11-07 00:23:45 查询号码 【1897058】，返回信息 {"status":"ok","msg":"江西-宜春","gid":"455123","time_insert":"2021-07-31 11:04"}
2023-11-07 00:23:45 查询号码 【1897058】，GSD为【"江西-宜春"】

2023-11-07 00:42:43 开始第 7145 次操作

2023-11-07 00:42:43 开始操作号码 【1897059】
2023-11-07 00:42:50 GSD getOne 第 1 次 等待 3 秒
2023-11-07 00:42:53 查询号码 【1897059】，返回信息 {"status":"ok","msg":"江西-萍乡","gid":"455111","time_insert":"2021-07-31 11:03"}
2023-11-07 00:42:53 查询号码 【1897059】，GSD为【"江西-萍乡"】

2023-11-07 00:42:54 开始第 7146 次操作

2023-11-07 00:42:54 开始操作号码 【1897060】
2023-11-07 00:42:57 GSD getOne 第 1 次 等待 3 秒
2023-11-07 00:43:00 查询号码 【1897060】，返回信息 {"status":"ok","msg":"江西-吉安","gid":"455097","time_insert":"2021-07-31 11:02"}
2023-11-07 00:43:00 查询号码 【1897060】，GSD为【"江西-吉安"】

2023-11-07 00:43:01 开始第 7147 次操作

2023-11-07 00:43:01 开始操作号码 【1897061】
2023-11-07 00:43:05 GSD getOne 第 1 次 等待 3 秒
2023-11-07 00:43:08 查询号码 【1897061】，返回信息 {"status":"ok","msg":"江西-吉安","gid":"455086","time_insert":"2021-07-31 11:01"}
2023-11-07 00:43:08 查询号码 【1897061】，GSD为【"江西-吉安"】

2023-11-07 00:43:09 开始第 7148 次操作

2023-11-07 00:43:09 开始操作号码 【1897062】
2023-11-07 00:43:15 GSD getOne 第 1 次 等待 3 秒
2023-11-07 00:43:18 查询号码 【1897062】，返回信息 {"status":"ok","msg":"江西-吉安","gid":"455078","time_insert":"2021-07-31 11:01"}
2023-11-07 00:43:18 查询号码 【1897062】，GSD为【"江西-吉安"】

