2021-07-13 00:00:05 开始第 28 次操作

2021-07-13 00:00:05 开始操作号码 【1490777】
2021-07-13 00:00:10 GSD getOne 第 1 次 等待 1 秒
2021-07-13 00:00:11 查询号码 【1490777】，返回信息 {"status":"bad","msg":""}
2021-07-13 00:00:11 查询号码 【1490777】，GSD为【""】
2021-07-13 00:00:11 bad
2021-07-13 00:00:18 CHB 1490777?1626105611 第 1 次 等待 1 秒
2021-07-13 00:00:19 CHB 1490777?1626105611 第 1 次 获取到号码【1490777】GSD
2021-07-13 00:00:19 获取到号码【1490777】的GSD为【上海-上海】
2021-07-13 00:00:28 GSD insert 第 1 次 等待 1 秒
2021-07-13 00:00:29 {"status":"ok","id":260610,"msg":"添加成功！260610"}
2021-07-13 00:00:29 下次操作: 2021-07-13 00:00:37

2021-07-13 00:00:37 开始第 29 次操作

2021-07-13 00:00:37 开始操作号码 【1490778】
2021-07-13 00:00:43 GSD getOne 第 1 次 等待 1 秒
2021-07-13 00:00:44 查询号码 【1490778】，返回信息 {"status":"bad","msg":""}
2021-07-13 00:00:44 查询号码 【1490778】，GSD为【""】
2021-07-13 00:00:44 bad
2021-07-13 00:00:48 CHB 1490778?1626105644 第 1 次 等待 1 秒
2021-07-13 00:00:49 CHB 1490778?1626105644 第 1 次 获取到号码【1490778】GSD
2021-07-13 00:00:49 获取到号码【1490778】的GSD为【上海-上海】
2021-07-13 00:00:51 GSD insert 第 1 次 等待 1 秒
2021-07-13 00:00:52 {"status":"ok","id":260615,"msg":"添加成功！260615"}
2021-07-13 00:00:52 下次操作: 2021-07-13 00:01:09

2021-07-13 00:01:09 开始第 30 次操作

2021-07-13 00:01:09 开始操作号码 【1490779】
2021-07-13 00:01:15 GSD getOne 第 1 次 等待 1 秒
2021-07-13 00:01:16 查询号码 【1490779】，返回信息 {"status":"bad","msg":""}
2021-07-13 00:01:17 查询号码 【1490779】，GSD为【""】
2021-07-13 00:01:17 bad
2021-07-13 00:01:20 CHB 1490779?1626105677 第 1 次 等待 1 秒
2021-07-13 00:01:21 CHB 1490779?1626105677 第 1 次 获取到号码【1490779】GSD
2021-07-13 00:01:21 获取到号码【1490779】的GSD为【上海-上海】
2021-07-13 00:01:24 GSD insert 第 1 次 等待 1 秒
2021-07-13 00:01:25 {"status":"ok","id":260626,"msg":"添加成功！260626"}

2021-07-13 01:04:20 开始第 1 次操作

2021-07-13 01:04:20 开始操作号码 【1490780】
2021-07-13 01:04:28 GSD getOne 第 1 次 等待 1 秒
2021-07-13 01:04:29 查询号码 【1490780】，返回信息 {"status":"bad","msg":""}
2021-07-13 01:04:29 查询号码 【1490780】，GSD为【""】
2021-07-13 01:04:29 bad
2021-07-13 01:04:31 CHB 1490780?1626109469 第 1 次 等待 1 秒
2021-07-13 01:04:32 CHB 1490780?1626109469 第 1 次 获取到号码【1490780】GSD
2021-07-13 01:04:32 获取到号码【1490780】的GSD为【上海-上海】
2021-07-13 01:04:51 GSD insert 第 1 次 等待 1 秒
2021-07-13 01:04:52 {"status":"ok","id":260834,"msg":"添加成功！260834"}
2021-07-13 01:04:52 下次操作: 2021-07-13 01:05:07

2021-07-13 01:05:07 开始第 2 次操作

2021-07-13 01:05:07 开始操作号码 【1490781】
2021-07-13 01:05:10 GSD getOne 第 1 次 等待 1 秒
2021-07-13 01:05:11 查询号码 【1490781】，返回信息 {"status":"bad","msg":""}
2021-07-13 01:05:11 查询号码 【1490781】，GSD为【""】
2021-07-13 01:05:11 bad
2021-07-13 01:05:13 CHB 1490781?1626109511 第 1 次 等待 1 秒
2021-07-13 01:05:14 CHB 1490781?1626109511 第 1 次 获取到号码【1490781】GSD
2021-07-13 01:05:14 获取到号码【1490781】的GSD为【上海-上海】
2021-07-13 01:05:34 GSD insert 第 1 次 等待 1 秒
2021-07-13 01:05:35 {"status":"ok","id":260845,"msg":"添加成功！260845"}
2021-07-13 01:05:35 下次操作: 2021-07-13 01:05:49

2021-07-13 01:05:49 开始第 3 次操作

2021-07-13 01:05:49 开始操作号码 【1490782】
2021-07-13 01:05:57 GSD getOne 第 1 次 等待 1 秒
2021-07-13 01:05:58 查询号码 【1490782】，返回信息 {"status":"bad","msg":""}
2021-07-13 01:05:58 查询号码 【1490782】，GSD为【""】
2021-07-13 01:05:58 bad
2021-07-13 01:06:00 CHB 1490782?1626109558 第 1 次 等待 1 秒
2021-07-13 01:06:01 CHB 1490782?1626109558 第 1 次 获取到号码【1490782】GSD
2021-07-13 01:06:01 获取到号码【1490782】的GSD为【上海-上海】
2021-07-13 01:06:19 GSD insert 第 1 次 等待 1 秒
2021-07-13 01:06:20 {"status":"ok","id":260862,"msg":"添加成功！260862"}
2021-07-13 01:06:20 下次操作: 2021-07-13 01:06:31

2021-07-13 01:06:31 开始第 4 次操作

2021-07-13 01:06:31 开始操作号码 【1490783】
2021-07-13 01:07:12 GSD getOne 第 1 次 等待 1 秒
2021-07-13 01:07:13 查询号码 【1490783】，返回信息 {"status":"bad","msg":""}
2021-07-13 01:07:13 查询号码 【1490783】，GSD为【""】
2021-07-13 01:07:13 bad
2021-07-13 01:07:16 CHB 1490783?1626109633 第 1 次 等待 1 秒
2021-07-13 01:07:17 CHB 1490783?1626109633 第 1 次 获取到号码【1490783】GSD
2021-07-13 01:07:17 获取到号码【1490783】的GSD为【上海-上海】
2021-07-13 01:07:36 GSD insert 第 1 次 等待 1 秒
2021-07-13 01:07:37 {"status":"ok","id":260881,"msg":"添加成功！260881"}
2021-07-13 01:07:37 下次操作: 2021-07-13 01:07:48

2021-07-13 01:07:48 开始第 5 次操作

2021-07-13 01:07:48 开始操作号码 【1490784】
2021-07-13 01:08:00 GSD getOne 第 1 次 等待 1 秒
2021-07-13 01:08:01 查询号码 【1490784】，返回信息 {"status":"bad","msg":""}
2021-07-13 01:08:01 查询号码 【1490784】，GSD为【""】
2021-07-13 01:08:01 bad
2021-07-13 01:08:03 CHB 1490784?1626109681 第 1 次 等待 1 秒
2021-07-13 01:08:04 CHB 1490784?1626109681 第 1 次 获取到号码【1490784】GSD
2021-07-13 01:08:04 获取到号码【1490784】的GSD为【上海-上海】
2021-07-13 01:08:22 GSD insert 第 1 次 等待 1 秒
2021-07-13 01:08:23 {"status":"ok","id":260898,"msg":"添加成功！260898"}
2021-07-13 01:08:23 下次操作: 2021-07-13 01:08:30

2021-07-13 01:08:30 开始第 6 次操作

2021-07-13 01:08:30 开始操作号码 【1490785】
2021-07-13 01:08:48 GSD getOne 第 1 次 等待 1 秒
2021-07-13 01:08:49 查询号码 【1490785】，返回信息 {"status":"bad","msg":""}
2021-07-13 01:08:49 查询号码 【1490785】，GSD为【""】
2021-07-13 01:08:49 bad
2021-07-13 01:08:54 CHB 1490785?1626109729 第 1 次 等待 1 秒
2021-07-13 01:08:55 CHB 1490785?1626109729 第 1 次 获取到号码【1490785】GSD
2021-07-13 01:08:55 获取到号码【1490785】的GSD为【上海-上海】
2021-07-13 01:09:36 GSD insert 第 1 次 等待 1 秒
2021-07-13 01:09:37 {"status":"ok","id":260919,"msg":"添加成功！260919"}
2021-07-13 01:09:37 下次操作: 2021-07-13 01:09:53

2021-07-13 01:09:53 开始第 7 次操作

2021-07-13 01:09:53 开始操作号码 【1490786】
2021-07-13 01:10:03 GSD getOne 第 1 次 等待 1 秒
2021-07-13 01:10:04 查询号码 【1490786】，返回信息 {"status":"bad","msg":""}
2021-07-13 01:10:04 查询号码 【1490786】，GSD为【""】
2021-07-13 01:10:04 bad
2021-07-13 01:10:11 CHB 1490786?1626109804 第 1 次 等待 1 秒
2021-07-13 01:10:12 CHB 1490786?1626109804 第 1 次 获取到号码【1490786】GSD
2021-07-13 01:10:12 获取到号码【1490786】的GSD为【上海-上海】
2021-07-13 01:10:36 GSD insert 第 1 次 等待 1 秒
2021-07-13 01:10:37 {"status":"ok","id":260933,"msg":"添加成功！260933"}
2021-07-13 01:10:37 下次操作: 2021-07-13 01:10:53

2021-07-13 01:10:53 开始第 8 次操作

2021-07-13 01:10:53 开始操作号码 【1490787】
2021-07-13 01:11:12 GSD getOne 第 1 次 等待 1 秒
2021-07-13 01:11:13 查询号码 【1490787】，返回信息 {"status":"bad","msg":""}
2021-07-13 01:11:13 查询号码 【1490787】，GSD为【""】
2021-07-13 01:11:13 bad
2021-07-13 01:11:22 CHB 1490787?1626109873 第 1 次 等待 1 秒
2021-07-13 01:11:23 CHB 1490787?1626109873 第 1 次 获取到号码【1490787】GSD
2021-07-13 01:11:23 获取到号码【1490787】的GSD为【上海-上海】
2021-07-13 01:11:38 GSD insert 第 1 次 等待 1 秒
2021-07-13 01:11:39 {"status":"ok","id":260951,"msg":"添加成功！260951"}
2021-07-13 01:11:39 下次操作: 2021-07-13 01:11:50

2021-07-13 01:11:50 开始第 9 次操作

2021-07-13 01:11:50 开始操作号码 【1490788】
2021-07-13 01:12:02 GSD getOne 第 1 次 等待 1 秒
2021-07-13 01:12:03 查询号码 【1490788】，返回信息 {"status":"bad","msg":""}
2021-07-13 01:12:03 查询号码 【1490788】，GSD为【""】
2021-07-13 01:12:03 bad
2021-07-13 01:12:06 CHB 1490788?1626109923 第 1 次 等待 1 秒
2021-07-13 01:12:07 CHB 1490788?1626109923 第 1 次 获取到号码【1490788】GSD
2021-07-13 01:12:07 获取到号码【1490788】的GSD为【上海-上海】
2021-07-13 01:12:25 GSD insert 第 1 次 等待 1 秒
2021-07-13 01:12:26 {"status":"ok","id":260966,"msg":"添加成功！260966"}
2021-07-13 01:12:26 下次操作: 2021-07-13 01:12:38

2021-07-13 01:12:38 开始第 10 次操作

2021-07-13 01:12:38 开始操作号码 【1490789】
2021-07-13 01:12:44 GSD getOne 第 1 次 等待 1 秒
2021-07-13 01:12:45 查询号码 【1490789】，返回信息 {"status":"bad","msg":""}
2021-07-13 01:12:45 查询号码 【1490789】，GSD为【""】
2021-07-13 01:12:45 bad
2021-07-13 01:12:51 CHB 1490789?1626109965 第 1 次 等待 1 秒
2021-07-13 01:12:52 CHB 1490789?1626109965 第 1 次 获取到号码【1490789】GSD
2021-07-13 01:12:52 获取到号码【1490789】的GSD为【上海-上海】
2021-07-13 01:13:04 GSD insert 第 1 次 等待 1 秒
2021-07-13 01:13:05 {"status":"ok","id":260979,"msg":"添加成功！260979"}
2021-07-13 01:13:05 下次操作: 2021-07-13 01:13:22

2021-07-13 01:13:22 开始第 11 次操作

2021-07-13 01:13:22 开始操作号码 【1490790】
2021-07-13 01:13:26 GSD getOne 第 1 次 等待 1 秒
2021-07-13 01:13:27 查询号码 【1490790】，返回信息 {"status":"bad","msg":""}
2021-07-13 01:13:27 查询号码 【1490790】，GSD为【""】
2021-07-13 01:13:27 bad
2021-07-13 01:13:30 CHB 1490790?1626110007 第 1 次 等待 1 秒
2021-07-13 01:13:31 CHB 1490790?1626110007 第 1 次 获取到号码【1490790】GSD
2021-07-13 01:13:31 获取到号码【1490790】的GSD为【上海-上海】
2021-07-13 01:13:55 GSD insert 第 1 次 等待 1 秒
2021-07-13 01:13:56 {"status":"ok","id":260995,"msg":"添加成功！260995"}
2021-07-13 01:13:56 下次操作: 2021-07-13 01:14:04

2021-07-13 01:14:04 开始第 12 次操作

2021-07-13 01:14:04 开始操作号码 【1490791】
2021-07-13 01:14:20 GSD getOne 第 1 次 等待 1 秒
2021-07-13 01:14:21 查询号码 【1490791】，返回信息 {"status":"bad","msg":""}
2021-07-13 01:14:21 查询号码 【1490791】，GSD为【""】
2021-07-13 01:14:21 bad
2021-07-13 01:14:22 CHB 1490791?1626110061 第 1 次 等待 1 秒
2021-07-13 01:14:24 CHB 1490791?1626110061 第 1 次 获取到号码【1490791】GSD
2021-07-13 01:14:24 获取到号码【1490791】的GSD为【上海-上海】
2021-07-13 01:14:47 GSD insert 第 1 次 等待 1 秒
2021-07-13 01:14:48 {"status":"ok","id":261006,"msg":"添加成功！261006"}
2021-07-13 01:14:48 下次操作: 2021-07-13 01:15:00

2021-07-13 01:15:00 开始第 13 次操作

2021-07-13 01:15:00 开始操作号码 【1490792】
2021-07-13 01:15:06 GSD getOne 第 1 次 等待 1 秒
2021-07-13 01:15:07 查询号码 【1490792】，返回信息 {"status":"bad","msg":""}
2021-07-13 01:15:07 查询号码 【1490792】，GSD为【""】
2021-07-13 01:15:07 bad
2021-07-13 01:15:09 CHB 1490792?1626110107 第 1 次 等待 1 秒
2021-07-13 01:15:10 CHB 1490792?1626110107 第 1 次 获取到号码【1490792】GSD
2021-07-13 01:15:10 获取到号码【1490792】的GSD为【上海-上海】
2021-07-13 01:15:28 GSD insert 第 1 次 等待 1 秒
2021-07-13 01:15:29 {"status":"ok","id":261019,"msg":"添加成功！261019"}
2021-07-13 01:15:29 下次操作: 2021-07-13 01:15:44

2021-07-13 01:15:44 开始第 14 次操作

2021-07-13 01:15:44 开始操作号码 【1490793】
2021-07-13 01:15:46 GSD getOne 第 1 次 等待 1 秒
2021-07-13 01:15:47 查询号码 【1490793】，返回信息 {"status":"bad","msg":""}
2021-07-13 01:15:47 查询号码 【1490793】，GSD为【""】
2021-07-13 01:15:47 bad
2021-07-13 01:15:49 CHB 1490793?1626110147 第 1 次 等待 1 秒
2021-07-13 01:15:50 CHB 1490793?1626110147 第 1 次 获取到号码【1490793】GSD
2021-07-13 01:15:50 获取到号码【1490793】的GSD为【上海-上海】
2021-07-13 01:16:11 GSD insert 第 1 次 等待 1 秒
2021-07-13 01:16:12 {"status":"ok","id":261033,"msg":"添加成功！261033"}
2021-07-13 01:16:12 下次操作: 2021-07-13 01:16:19

2021-07-13 01:16:19 开始第 15 次操作

2021-07-13 01:16:19 开始操作号码 【1490794】
2021-07-13 01:16:41 GSD getOne 第 1 次 等待 1 秒
2021-07-13 01:16:42 查询号码 【1490794】，返回信息 {"status":"bad","msg":""}
2021-07-13 01:16:42 查询号码 【1490794】，GSD为【""】
2021-07-13 01:16:42 bad
2021-07-13 01:16:44 CHB 1490794?1626110202 第 1 次 等待 1 秒
2021-07-13 01:16:45 CHB 1490794?1626110202 第 1 次 获取到号码【1490794】GSD
2021-07-13 01:16:45 获取到号码【1490794】的GSD为【上海-上海】
2021-07-13 01:17:13 GSD insert 第 1 次 等待 1 秒
2021-07-13 01:17:14 {"status":"ok","id":261047,"msg":"添加成功！261047"}
2021-07-13 01:17:14 下次操作: 2021-07-13 01:17:32

2021-07-13 01:17:32 开始第 16 次操作

2021-07-13 01:17:32 开始操作号码 【1490795】
2021-07-13 01:17:38 GSD getOne 第 1 次 等待 1 秒
2021-07-13 01:17:39 查询号码 【1490795】，返回信息 {"status":"bad","msg":""}
2021-07-13 01:17:39 查询号码 【1490795】，GSD为【""】
2021-07-13 01:17:39 bad
2021-07-13 01:17:45 CHB 1490795?1626110259 第 1 次 等待 1 秒
2021-07-13 01:17:46 CHB 1490795?1626110259 第 1 次 获取到号码【1490795】GSD
2021-07-13 01:17:46 获取到号码【1490795】的GSD为【上海-上海】
2021-07-13 01:18:05 GSD insert 第 1 次 等待 1 秒
2021-07-13 01:18:06 {"status":"ok","id":261063,"msg":"添加成功！261063"}
2021-07-13 01:18:06 下次操作: 2021-07-13 01:18:20

2021-07-13 01:18:20 开始第 17 次操作

2021-07-13 01:18:20 开始操作号码 【1490796】
2021-07-13 01:18:26 GSD getOne 第 1 次 等待 1 秒
2021-07-13 01:18:27 查询号码 【1490796】，返回信息 {"status":"bad","msg":""}
2021-07-13 01:18:27 查询号码 【1490796】，GSD为【""】
2021-07-13 01:18:27 bad
2021-07-13 01:18:30 CHB 1490796?1626110307 第 1 次 等待 1 秒
2021-07-13 01:18:31 CHB 1490796?1626110307 第 1 次 获取到号码【1490796】GSD
2021-07-13 01:18:31 获取到号码【1490796】的GSD为【上海-上海】
2021-07-13 01:18:49 GSD insert 第 1 次 等待 1 秒
2021-07-13 01:18:50 {"status":"ok","id":261074,"msg":"添加成功！261074"}
2021-07-13 01:18:50 下次操作: 2021-07-13 01:18:59

2021-07-13 01:18:59 开始第 18 次操作

2021-07-13 01:18:59 开始操作号码 【1490797】
2021-07-13 01:19:09 GSD getOne 第 1 次 等待 1 秒
2021-07-13 01:19:10 查询号码 【1490797】，返回信息 {"status":"bad","msg":""}
2021-07-13 01:19:10 查询号码 【1490797】，GSD为【""】
2021-07-13 01:19:10 bad
2021-07-13 01:19:12 CHB 1490797?1626110350 第 1 次 等待 1 秒
2021-07-13 01:19:13 CHB 1490797?1626110350 第 1 次 获取到号码【1490797】GSD
2021-07-13 01:19:13 获取到号码【1490797】的GSD为【上海-上海】
2021-07-13 01:19:37 GSD insert 第 1 次 等待 1 秒
2021-07-13 01:19:38 {"status":"ok","id":261084,"msg":"添加成功！261084"}
2021-07-13 01:19:38 下次操作: 2021-07-13 01:19:45

2021-07-13 01:19:45 开始第 19 次操作

2021-07-13 01:19:45 开始操作号码 【1490798】
2021-07-13 01:20:03 GSD getOne 第 1 次 等待 1 秒
2021-07-13 01:20:04 查询号码 【1490798】，返回信息 {"status":"bad","msg":""}
2021-07-13 01:20:04 查询号码 【1490798】，GSD为【""】
2021-07-13 01:20:04 bad
2021-07-13 01:20:10 CHB 1490798?1626110404 第 1 次 等待 1 秒
2021-07-13 01:20:11 CHB 1490798?1626110404 第 1 次 获取到号码【1490798】GSD
2021-07-13 01:20:11 获取到号码【1490798】的GSD为【上海-上海】
2021-07-13 01:20:37 GSD insert 第 1 次 等待 1 秒
2021-07-13 01:20:38 {"status":"ok","id":261091,"msg":"添加成功！261091"}
2021-07-13 01:20:38 下次操作: 2021-07-13 01:20:48

2021-07-13 01:20:48 开始第 20 次操作

2021-07-13 01:20:48 开始操作号码 【1490799】
2021-07-13 01:21:02 GSD getOne 第 1 次 等待 1 秒
2021-07-13 01:21:03 查询号码 【1490799】，返回信息 {"status":"bad","msg":""}
2021-07-13 01:21:03 查询号码 【1490799】，GSD为【""】
2021-07-13 01:21:03 bad
2021-07-13 01:21:05 CHB 1490799?1626110463 第 1 次 等待 1 秒
2021-07-13 01:21:06 CHB 1490799?1626110463 第 1 次 获取到号码【1490799】GSD
2021-07-13 01:21:06 获取到号码【1490799】的GSD为【上海-上海】
2021-07-13 01:21:57 GSD insert 第 1 次 等待 1 秒
2021-07-13 01:21:58 {"status":"ok","id":261100,"msg":"添加成功！261100"}
2021-07-13 01:21:58 下次操作: 2021-07-13 01:22:12

2021-07-13 01:22:12 开始第 21 次操作

2021-07-13 01:22:12 开始操作号码 【1490800】
2021-07-13 01:22:18 GSD getOne 第 1 次 等待 1 秒
2021-07-13 01:22:19 查询号码 【1490800】，返回信息 {"status":"bad","msg":""}
2021-07-13 01:22:19 查询号码 【1490800】，GSD为【""】
2021-07-13 01:22:19 bad
2021-07-13 01:22:26 CHB 1490800?1626110539 第 1 次 等待 1 秒
2021-07-13 01:22:27 CHB 1490800?1626110539 第 1 次 获取到号码【1490800】GSD
2021-07-13 01:22:27 获取到号码【1490800】的GSD为【上海-上海】
2021-07-13 01:22:37 GSD insert 第 1 次 等待 1 秒
2021-07-13 01:22:38 {"status":"ok","id":261103,"msg":"添加成功！261103"}
2021-07-13 01:22:38 下次操作: 2021-07-13 01:22:52

2021-07-13 01:22:52 开始第 22 次操作

2021-07-13 01:22:52 开始操作号码 【1490801】
2021-07-13 01:22:56 GSD getOne 第 1 次 等待 1 秒
2021-07-13 01:22:57 查询号码 【1490801】，返回信息 {"status":"bad","msg":""}
2021-07-13 01:22:57 查询号码 【1490801】，GSD为【""】
2021-07-13 01:22:57 bad
2021-07-13 01:23:00 CHB 1490801?1626110577 第 1 次 等待 1 秒
2021-07-13 01:23:01 CHB 1490801?1626110577 第 1 次 获取到号码【1490801】GSD
2021-07-13 01:23:01 获取到号码【1490801】的GSD为【上海-上海】
2021-07-13 01:23:19 GSD insert 第 1 次 等待 1 秒
2021-07-13 01:23:20 {"status":"ok","id":261107,"msg":"添加成功！261107"}
2021-07-13 01:23:20 下次操作: 2021-07-13 01:23:38

2021-07-13 01:23:38 开始第 23 次操作

2021-07-13 01:23:38 开始操作号码 【1490802】
2021-07-13 01:23:46 GSD getOne 第 1 次 等待 1 秒
2021-07-13 01:23:47 查询号码 【1490802】，返回信息 {"status":"bad","msg":""}
2021-07-13 01:23:47 查询号码 【1490802】，GSD为【""】
2021-07-13 01:23:47 bad
2021-07-13 01:23:48 CHB 1490802?1626110627 第 1 次 等待 1 秒
2021-07-13 01:23:49 CHB 1490802?1626110627 第 1 次 获取到号码【1490802】GSD
2021-07-13 01:23:50 获取到号码【1490802】的GSD为【上海-上海】
2021-07-13 01:24:08 GSD insert 第 1 次 等待 1 秒
2021-07-13 01:24:09 {"status":"ok","id":261110,"msg":"添加成功！261110"}
2021-07-13 01:24:09 下次操作: 2021-07-13 01:24:27

2021-07-13 01:24:27 开始第 24 次操作

2021-07-13 01:24:27 开始操作号码 【1490803】
2021-07-13 01:24:32 GSD getOne 第 1 次 等待 1 秒
2021-07-13 01:24:33 查询号码 【1490803】，返回信息 {"status":"bad","msg":""}
2021-07-13 01:24:33 查询号码 【1490803】，GSD为【""】
2021-07-13 01:24:33 bad
2021-07-13 01:24:38 CHB 1490803?1626110673 第 1 次 等待 1 秒
2021-07-13 01:24:39 CHB 1490803?1626110673 第 1 次 获取到号码【1490803】GSD
2021-07-13 01:24:39 获取到号码【1490803】的GSD为【上海-上海】
2021-07-13 01:24:57 GSD insert 第 1 次 等待 1 秒
2021-07-13 01:24:58 {"status":"ok","id":261114,"msg":"添加成功！261114"}
2021-07-13 01:24:58 下次操作: 2021-07-13 01:25:13

2021-07-13 01:25:13 开始第 25 次操作

2021-07-13 01:25:13 开始操作号码 【1490804】
2021-07-13 01:25:16 GSD getOne 第 1 次 等待 1 秒
2021-07-13 01:25:17 查询号码 【1490804】，返回信息 {"status":"bad","msg":""}
2021-07-13 01:25:17 查询号码 【1490804】，GSD为【""】
2021-07-13 01:25:17 bad
2021-07-13 01:25:19 CHB 1490804?1626110717 第 1 次 等待 1 秒
2021-07-13 01:25:20 CHB 1490804?1626110717 第 1 次 获取到号码【1490804】GSD
2021-07-13 01:25:20 获取到号码【1490804】的GSD为【上海-上海】
2021-07-13 01:26:50 GSD insert 第 1 次 等待 1 秒
2021-07-13 01:26:51 {"status":"ok","id":261122,"msg":"添加成功！261122"}
2021-07-13 01:26:51 下次操作: 2021-07-13 01:26:57

2021-07-13 01:26:57 开始第 26 次操作

2021-07-13 01:26:57 开始操作号码 【1490805】
2021-07-13 01:27:15 GSD getOne 第 1 次 等待 1 秒
2021-07-13 01:27:16 查询号码 【1490805】，返回信息 {"status":"bad","msg":""}
2021-07-13 01:27:16 查询号码 【1490805】，GSD为【""】
2021-07-13 01:27:16 bad
2021-07-13 01:27:18 CHB 1490805?1626110836 第 1 次 等待 1 秒
2021-07-13 01:27:19 CHB 1490805?1626110836 第 1 次 获取到号码【1490805】GSD
2021-07-13 01:27:19 获取到号码【1490805】的GSD为【上海-上海】
2021-07-13 01:27:38 GSD insert 第 1 次 等待 1 秒
2021-07-13 01:27:39 {"status":"ok","id":261126,"msg":"添加成功！261126"}
2021-07-13 01:27:39 下次操作: 2021-07-13 01:27:46

2021-07-13 01:27:46 开始第 27 次操作

2021-07-13 01:27:46 开始操作号码 【1490806】
2021-07-13 01:28:04 GSD getOne 第 1 次 等待 1 秒
2021-07-13 01:28:05 查询号码 【1490806】，返回信息 {"status":"bad","msg":""}
2021-07-13 01:28:05 查询号码 【1490806】，GSD为【""】
2021-07-13 01:28:05 bad
2021-07-13 01:28:07 CHB 1490806?1626110885 第 1 次 等待 1 秒
2021-07-13 01:28:08 CHB 1490806?1626110885 第 1 次 获取到号码【1490806】GSD
2021-07-13 01:28:08 获取到号码【1490806】的GSD为【上海-上海】
2021-07-13 01:28:52 GSD insert 第 1 次 等待 1 秒
2021-07-13 01:28:53 {"status":"ok","id":261129,"msg":"添加成功！261129"}
2021-07-13 01:28:53 下次操作: 2021-07-13 01:29:04

2021-07-13 01:29:04 开始第 28 次操作

2021-07-13 01:29:04 开始操作号码 【1490807】
2021-07-13 01:29:14 GSD getOne 第 1 次 等待 1 秒
2021-07-13 01:29:15 查询号码 【1490807】，返回信息 {"status":"bad","msg":""}
2021-07-13 01:29:15 查询号码 【1490807】，GSD为【""】
2021-07-13 01:29:15 bad
2021-07-13 01:29:17 CHB 1490807?1626110955 第 1 次 等待 1 秒
2021-07-13 01:29:18 CHB 1490807?1626110955 第 1 次 获取到号码【1490807】GSD
2021-07-13 01:29:18 获取到号码【1490807】的GSD为【上海-上海】
2021-07-13 01:29:36 GSD insert 第 1 次 等待 1 秒
2021-07-13 01:29:37 {"status":"ok","id":261134,"msg":"添加成功！261134"}
2021-07-13 01:29:37 下次操作: 2021-07-13 01:29:43

2021-07-13 01:29:43 开始第 29 次操作

2021-07-13 01:29:43 开始操作号码 【1490808】
2021-07-13 01:30:01 GSD getOne 第 1 次 等待 1 秒
2021-07-13 01:30:02 查询号码 【1490808】，返回信息 {"status":"bad","msg":""}
2021-07-13 01:30:02 查询号码 【1490808】，GSD为【""】
2021-07-13 01:30:02 bad
2021-07-13 01:30:04 CHB 1490808?1626111002 第 1 次 等待 1 秒
2021-07-13 01:30:05 CHB 1490808?1626111002 第 1 次 获取到号码【1490808】GSD
2021-07-13 01:30:05 获取到号码【1490808】的GSD为【上海-上海】
2021-07-13 01:30:24 GSD insert 第 1 次 等待 1 秒
2021-07-13 01:30:25 {"status":"ok","id":261136,"msg":"添加成功！261136"}
2021-07-13 01:30:25 下次操作: 2021-07-13 01:30:40

2021-07-13 01:30:40 开始第 30 次操作

2021-07-13 01:30:40 开始操作号码 【1490809】
2021-07-13 01:30:48 GSD getOne 第 1 次 等待 1 秒
2021-07-13 01:30:49 查询号码 【1490809】，返回信息 {"status":"bad","msg":""}
2021-07-13 01:30:49 查询号码 【1490809】，GSD为【""】
2021-07-13 01:30:49 bad
2021-07-13 01:30:52 CHB 1490809?1626111049 第 1 次 等待 1 秒
2021-07-13 01:30:53 CHB 1490809?1626111049 第 1 次 获取到号码【1490809】GSD
2021-07-13 01:30:53 获取到号码【1490809】的GSD为【上海-上海】
2021-07-13 01:31:15 GSD insert 第 1 次 等待 1 秒
2021-07-13 01:31:16 {"status":"ok","id":261138,"msg":"添加成功！261138"}

2021-07-13 01:44:22 开始第 1 次操作

2021-07-13 01:44:22 开始操作号码 【1490810】
2021-07-13 01:44:27 GSD getOne 第 1 次 等待 1 秒
2021-07-13 01:44:28 查询号码 【1490810】，返回信息 {"status":"bad","msg":""}
2021-07-13 01:44:28 查询号码 【1490810】，GSD为【""】
2021-07-13 01:44:28 bad
2021-07-13 01:44:30 CHB 1490810?1626111868 第 1 次 等待 1 秒
2021-07-13 01:44:31 CHB 1490810?1626111868 第 1 次 获取到号码【1490810】GSD
2021-07-13 01:44:31 获取到号码【1490810】的GSD为【上海-上海】
2021-07-13 01:44:38 GSD insert 第 1 次 等待 1 秒
2021-07-13 01:44:39 {"status":"ok","id":261173,"msg":"添加成功！261173"}
2021-07-13 01:44:39 下次操作: 2021-07-13 01:44:53

2021-07-13 01:44:53 开始第 2 次操作

2021-07-13 01:44:53 开始操作号码 【1490811】
2021-07-13 01:44:55 GSD getOne 第 1 次 等待 1 秒
2021-07-13 01:44:56 查询号码 【1490811】，返回信息 {"status":"bad","msg":""}
2021-07-13 01:44:56 查询号码 【1490811】，GSD为【""】
2021-07-13 01:44:56 bad
2021-07-13 01:44:58 CHB 1490811?1626111896 第 1 次 等待 1 秒
2021-07-13 01:44:59 CHB 1490811?1626111896 第 1 次 获取到号码【1490811】GSD
2021-07-13 01:44:59 获取到号码【1490811】的GSD为【上海-上海】
2021-07-13 01:45:02 GSD insert 第 1 次 等待 1 秒
2021-07-13 01:45:03 {"status":"ok","id":261178,"msg":"添加成功！261178"}
2021-07-13 01:45:03 下次操作: 2021-07-13 01:45:18

2021-07-13 01:45:18 开始第 3 次操作

2021-07-13 01:45:18 开始操作号码 【1490812】
2021-07-13 01:45:20 GSD getOne 第 1 次 等待 1 秒
2021-07-13 01:45:21 查询号码 【1490812】，返回信息 {"status":"bad","msg":""}
2021-07-13 01:45:21 查询号码 【1490812】，GSD为【""】
2021-07-13 01:45:21 bad
2021-07-13 01:45:23 CHB 1490812?1626111921 第 1 次 等待 1 秒
2021-07-13 01:45:24 CHB 1490812?1626111921 第 1 次 获取到号码【1490812】GSD
2021-07-13 01:45:24 获取到号码【1490812】的GSD为【上海-上海】
2021-07-13 01:45:29 GSD insert 第 1 次 等待 1 秒
2021-07-13 01:45:30 {"status":"ok","id":261182,"msg":"添加成功！261182"}
2021-07-13 01:45:30 下次操作: 2021-07-13 01:45:41

2021-07-13 01:45:41 开始第 4 次操作

2021-07-13 01:45:41 开始操作号码 【1490813】
2021-07-13 01:45:45 GSD getOne 第 1 次 等待 1 秒
2021-07-13 01:45:46 查询号码 【1490813】，返回信息 {"status":"bad","msg":""}
2021-07-13 01:45:46 查询号码 【1490813】，GSD为【""】
2021-07-13 01:45:46 bad
2021-07-13 01:45:48 CHB 1490813?1626111946 第 1 次 等待 1 秒
2021-07-13 01:45:49 CHB 1490813?1626111946 第 1 次 获取到号码【1490813】GSD
2021-07-13 01:45:49 获取到号码【1490813】的GSD为【上海-上海】
2021-07-13 01:45:54 GSD insert 第 1 次 等待 1 秒
2021-07-13 01:45:55 {"status":"ok","id":261189,"msg":"添加成功！261189"}
2021-07-13 01:45:55 下次操作: 2021-07-13 01:46:02

2021-07-13 01:46:02 开始第 5 次操作

2021-07-13 01:46:02 开始操作号码 【1490814】
2021-07-13 01:46:05 GSD getOne 第 1 次 等待 1 秒
2021-07-13 01:46:06 查询号码 【1490814】，返回信息 {"status":"bad","msg":""}
2021-07-13 01:46:06 查询号码 【1490814】，GSD为【""】
2021-07-13 01:46:06 bad
2021-07-13 01:46:08 CHB 1490814?1626111966 第 1 次 等待 1 秒
2021-07-13 01:46:09 CHB 1490814?1626111966 第 1 次 获取到号码【1490814】GSD
2021-07-13 01:46:09 获取到号码【1490814】的GSD为【上海-上海】
2021-07-13 01:46:11 GSD insert 第 1 次 等待 1 秒
2021-07-13 01:46:12 {"status":"ok","id":261193,"msg":"添加成功！261193"}
2021-07-13 01:46:12 下次操作: 2021-07-13 01:46:26

2021-07-13 01:46:26 开始第 6 次操作

2021-07-13 01:46:26 开始操作号码 【1490815】
2021-07-13 01:46:29 GSD getOne 第 1 次 等待 1 秒
2021-07-13 01:46:30 查询号码 【1490815】，返回信息 {"status":"bad","msg":""}
2021-07-13 01:46:30 查询号码 【1490815】，GSD为【""】
2021-07-13 01:46:30 bad
2021-07-13 01:46:32 CHB 1490815?1626111990 第 1 次 等待 1 秒
2021-07-13 01:46:33 CHB 1490815?1626111990 第 1 次 获取到号码【1490815】GSD
2021-07-13 01:46:33 获取到号码【1490815】的GSD为【上海-上海】
2021-07-13 01:46:35 GSD insert 第 1 次 等待 1 秒
2021-07-13 01:46:36 {"status":"ok","id":261203,"msg":"添加成功！261203"}
2021-07-13 01:46:36 下次操作: 2021-07-13 01:46:51

2021-07-13 01:46:51 开始第 7 次操作

2021-07-13 01:46:51 开始操作号码 【1490816】
2021-07-13 01:46:55 GSD getOne 第 1 次 等待 1 秒
2021-07-13 01:46:56 查询号码 【1490816】，返回信息 {"status":"bad","msg":""}
2021-07-13 01:46:56 查询号码 【1490816】，GSD为【""】
2021-07-13 01:46:56 bad
2021-07-13 01:46:58 CHB 1490816?1626112016 第 1 次 等待 1 秒
2021-07-13 01:46:59 CHB 1490816?1626112016 第 1 次 获取到号码【1490816】GSD
2021-07-13 01:46:59 获取到号码【1490816】的GSD为【上海-上海】
2021-07-13 01:47:03 GSD insert 第 1 次 等待 1 秒
2021-07-13 01:47:04 {"status":"ok","id":261210,"msg":"添加成功！261210"}
2021-07-13 01:47:04 下次操作: 2021-07-13 01:47:19

2021-07-13 01:47:19 开始第 8 次操作

2021-07-13 01:47:19 开始操作号码 【1490817】
2021-07-13 01:47:22 GSD getOne 第 1 次 等待 1 秒
2021-07-13 01:47:23 查询号码 【1490817】，返回信息 {"status":"bad","msg":""}
2021-07-13 01:47:23 查询号码 【1490817】，GSD为【""】
2021-07-13 01:47:23 bad
2021-07-13 01:47:25 CHB 1490817?1626112043 第 1 次 等待 1 秒
2021-07-13 01:47:26 CHB 1490817?1626112043 第 1 次 获取到号码【1490817】GSD
2021-07-13 01:47:26 获取到号码【1490817】的GSD为【上海-上海】
2021-07-13 01:47:33 GSD insert 第 1 次 等待 1 秒
2021-07-13 01:47:34 {"status":"ok","id":261218,"msg":"添加成功！261218"}
2021-07-13 01:47:34 下次操作: 2021-07-13 01:47:47

2021-07-13 01:47:47 开始第 9 次操作

2021-07-13 01:47:47 开始操作号码 【1490818】
2021-07-13 01:47:56 GSD getOne 第 1 次 等待 1 秒
2021-07-13 01:47:57 查询号码 【1490818】，返回信息 {"status":"bad","msg":""}
2021-07-13 01:47:57 查询号码 【1490818】，GSD为【""】
2021-07-13 01:47:57 bad
2021-07-13 01:47:59 CHB 1490818?1626112077 第 1 次 等待 1 秒
2021-07-13 01:48:00 CHB 1490818?1626112077 第 1 次 获取到号码【1490818】GSD
2021-07-13 01:48:00 获取到号码【1490818】的GSD为【上海-上海】
2021-07-13 01:48:06 GSD insert 第 1 次 等待 1 秒
2021-07-13 01:48:07 {"status":"ok","id":261227,"msg":"添加成功！261227"}
2021-07-13 01:48:07 下次操作: 2021-07-13 01:48:17

2021-07-13 01:48:17 开始第 10 次操作

2021-07-13 01:48:17 开始操作号码 【1490819】
2021-07-13 01:48:21 GSD getOne 第 1 次 等待 1 秒
2021-07-13 01:48:22 查询号码 【1490819】，返回信息 {"status":"bad","msg":""}
2021-07-13 01:48:22 查询号码 【1490819】，GSD为【""】
2021-07-13 01:48:22 bad
2021-07-13 01:48:27 CHB 1490819?1626112102 第 1 次 等待 1 秒
2021-07-13 01:48:28 CHB 1490819?1626112102 第 1 次 获取到号码【1490819】GSD
2021-07-13 01:48:28 获取到号码【1490819】的GSD为【上海-上海】
2021-07-13 01:48:31 GSD insert 第 1 次 等待 1 秒
2021-07-13 01:48:32 {"status":"ok","id":261234,"msg":"添加成功！261234"}
2021-07-13 01:48:32 下次操作: 2021-07-13 01:48:42

2021-07-13 01:48:42 开始第 11 次操作

2021-07-13 01:48:42 开始操作号码 【1490820】
2021-07-13 01:48:44 GSD getOne 第 1 次 等待 1 秒
2021-07-13 01:48:45 查询号码 【1490820】，返回信息 {"status":"bad","msg":""}
2021-07-13 01:48:45 查询号码 【1490820】，GSD为【""】
2021-07-13 01:48:45 bad
2021-07-13 01:48:47 CHB 1490820?1626112125 第 1 次 等待 1 秒
2021-07-13 01:48:48 CHB 1490820?1626112125 第 1 次 获取到号码【1490820】GSD
2021-07-13 01:48:48 获取到号码【1490820】的GSD为【上海-上海】
2021-07-13 01:49:00 GSD insert 第 1 次 等待 1 秒
2021-07-13 01:49:01 {"status":"ok","id":261244,"msg":"添加成功！261244"}
2021-07-13 01:49:01 下次操作: 2021-07-13 01:49:19

2021-07-13 01:49:19 开始第 12 次操作

2021-07-13 01:49:19 开始操作号码 【1490821】
2021-07-13 01:49:23 GSD getOne 第 1 次 等待 1 秒
2021-07-13 01:49:24 查询号码 【1490821】，返回信息 {"status":"bad","msg":""}
2021-07-13 01:49:24 查询号码 【1490821】，GSD为【""】
2021-07-13 01:49:24 bad
2021-07-13 01:49:26 CHB 1490821?1626112164 第 1 次 等待 1 秒
2021-07-13 01:49:27 CHB 1490821?1626112164 第 1 次 获取到号码【1490821】GSD
2021-07-13 01:49:27 获取到号码【1490821】的GSD为【上海-上海】
2021-07-13 01:49:29 GSD insert 第 1 次 等待 1 秒
2021-07-13 01:49:30 {"status":"ok","id":261252,"msg":"添加成功！261252"}
2021-07-13 01:49:30 下次操作: 2021-07-13 01:49:42

2021-07-13 01:49:42 开始第 13 次操作

2021-07-13 01:49:42 开始操作号码 【1490822】
2021-07-13 01:49:45 GSD getOne 第 1 次 等待 1 秒
2021-07-13 01:49:46 查询号码 【1490822】，返回信息 {"status":"bad","msg":""}
2021-07-13 01:49:46 查询号码 【1490822】，GSD为【""】
2021-07-13 01:49:46 bad
2021-07-13 01:49:48 CHB 1490822?1626112186 第 1 次 等待 1 秒
2021-07-13 01:49:49 CHB 1490822?1626112186 第 1 次 获取到号码【1490822】GSD
2021-07-13 01:49:49 获取到号码【1490822】的GSD为【上海-上海】
2021-07-13 01:49:52 GSD insert 第 1 次 等待 1 秒
2021-07-13 01:49:53 {"status":"ok","id":261259,"msg":"添加成功！261259"}
2021-07-13 01:49:53 下次操作: 2021-07-13 01:50:03

2021-07-13 01:50:03 开始第 14 次操作

2021-07-13 01:50:03 开始操作号码 【1490823】
2021-07-13 01:50:05 GSD getOne 第 1 次 等待 1 秒
2021-07-13 01:50:06 查询号码 【1490823】，返回信息 {"status":"bad","msg":""}
2021-07-13 01:50:06 查询号码 【1490823】，GSD为【""】
2021-07-13 01:50:06 bad
2021-07-13 01:50:08 CHB 1490823?1626112206 第 1 次 等待 1 秒
2021-07-13 01:50:09 CHB 1490823?1626112206 第 1 次 获取到号码【1490823】GSD
2021-07-13 01:50:09 获取到号码【1490823】的GSD为【上海-上海】
2021-07-13 01:50:13 GSD insert 第 1 次 等待 1 秒
2021-07-13 01:50:14 {"status":"ok","id":261267,"msg":"添加成功！261267"}
2021-07-13 01:50:14 下次操作: 2021-07-13 01:50:24

2021-07-13 01:50:25 开始第 15 次操作

2021-07-13 01:50:25 开始操作号码 【1490824】
2021-07-13 01:50:27 GSD getOne 第 1 次 等待 1 秒
2021-07-13 01:50:28 查询号码 【1490824】，返回信息 {"status":"bad","msg":""}
2021-07-13 01:50:28 查询号码 【1490824】，GSD为【""】
2021-07-13 01:50:28 bad
2021-07-13 01:50:30 CHB 1490824?1626112228 第 1 次 等待 1 秒
2021-07-13 01:50:31 CHB 1490824?1626112228 第 1 次 获取到号码【1490824】GSD
2021-07-13 01:50:31 获取到号码【1490824】的GSD为【上海-上海】
2021-07-13 01:50:36 GSD insert 第 1 次 等待 1 秒
2021-07-13 01:50:37 {"status":"ok","id":261273,"msg":"添加成功！261273"}
2021-07-13 01:50:37 下次操作: 2021-07-13 01:50:47

2021-07-13 01:50:47 开始第 16 次操作

2021-07-13 01:50:47 开始操作号码 【1490825】
2021-07-13 01:50:52 GSD getOne 第 1 次 等待 1 秒
2021-07-13 01:50:53 查询号码 【1490825】，返回信息 {"status":"bad","msg":""}
2021-07-13 01:50:53 查询号码 【1490825】，GSD为【""】
2021-07-13 01:50:53 bad
2021-07-13 01:50:55 CHB 1490825?1626112253 第 1 次 等待 1 秒
2021-07-13 01:50:56 CHB 1490825?1626112253 第 1 次 获取到号码【1490825】GSD
2021-07-13 01:50:56 获取到号码【1490825】的GSD为【上海-上海】
2021-07-13 01:50:58 GSD insert 第 1 次 等待 1 秒
2021-07-13 01:50:59 {"status":"ok","id":261278,"msg":"添加成功！261278"}
2021-07-13 01:50:59 下次操作: 2021-07-13 01:51:06

2021-07-13 01:51:06 开始第 17 次操作

2021-07-13 01:51:06 开始操作号码 【1490826】
2021-07-13 01:51:09 GSD getOne 第 1 次 等待 1 秒
2021-07-13 01:51:10 查询号码 【1490826】，返回信息 {"status":"bad","msg":""}
2021-07-13 01:51:10 查询号码 【1490826】，GSD为【""】
2021-07-13 01:51:10 bad
2021-07-13 01:51:12 CHB 1490826?1626112270 第 1 次 等待 1 秒
2021-07-13 01:51:13 CHB 1490826?1626112270 第 1 次 获取到号码【1490826】GSD
2021-07-13 01:51:13 获取到号码【1490826】的GSD为【上海-上海】
2021-07-13 01:51:15 GSD insert 第 1 次 等待 1 秒
2021-07-13 01:51:16 {"status":"ok","id":261282,"msg":"添加成功！261282"}
2021-07-13 01:51:16 下次操作: 2021-07-13 01:51:30

2021-07-13 01:51:30 开始第 18 次操作

2021-07-13 01:51:30 开始操作号码 【1490827】
2021-07-13 01:51:41 GSD getOne 第 1 次 等待 1 秒
2021-07-13 01:51:42 查询号码 【1490827】，返回信息 {"status":"bad","msg":""}
2021-07-13 01:51:42 查询号码 【1490827】，GSD为【""】
2021-07-13 01:51:42 bad
2021-07-13 01:51:44 CHB 1490827?1626112302 第 1 次 等待 1 秒
2021-07-13 01:51:45 CHB 1490827?1626112302 第 1 次 获取到号码【1490827】GSD
2021-07-13 01:51:45 获取到号码【1490827】的GSD为【上海-上海】
2021-07-13 01:51:48 GSD insert 第 1 次 等待 1 秒
2021-07-13 01:51:49 {"status":"ok","id":261293,"msg":"添加成功！261293"}
2021-07-13 01:51:49 下次操作: 2021-07-13 01:51:55

2021-07-13 01:51:55 开始第 19 次操作

2021-07-13 01:51:55 开始操作号码 【1490828】
2021-07-13 01:52:22 GSD getOne 第 1 次 等待 1 秒
2021-07-13 01:52:23 查询号码 【1490828】，返回信息 {"status":"bad","msg":""}
2021-07-13 01:52:23 查询号码 【1490828】，GSD为【""】
2021-07-13 01:52:23 bad
2021-07-13 01:52:25 CHB 1490828?1626112343 第 1 次 等待 1 秒
2021-07-13 01:52:26 CHB 1490828?1626112343 第 1 次 获取到号码【1490828】GSD
2021-07-13 01:52:26 获取到号码【1490828】的GSD为【上海-上海】
2021-07-13 01:52:28 GSD insert 第 1 次 等待 1 秒
2021-07-13 01:52:29 {"status":"ok","id":261302,"msg":"添加成功！261302"}
2021-07-13 01:52:29 下次操作: 2021-07-13 01:52:37

2021-07-13 01:52:37 开始第 20 次操作

2021-07-13 01:52:37 开始操作号码 【1490829】
2021-07-13 01:52:40 GSD getOne 第 1 次 等待 1 秒
2021-07-13 01:52:41 查询号码 【1490829】，返回信息 {"status":"bad","msg":""}
2021-07-13 01:52:41 查询号码 【1490829】，GSD为【""】
2021-07-13 01:52:41 bad
2021-07-13 01:52:43 CHB 1490829?1626112361 第 1 次 等待 1 秒
2021-07-13 01:52:44 CHB 1490829?1626112361 第 1 次 获取到号码【1490829】GSD
2021-07-13 01:52:44 获取到号码【1490829】的GSD为【上海-上海】
2021-07-13 01:52:47 GSD insert 第 1 次 等待 1 秒
2021-07-13 01:52:48 {"status":"ok","id":261308,"msg":"添加成功！261308"}
2021-07-13 01:52:48 下次操作: 2021-07-13 01:52:59

2021-07-13 01:52:59 开始第 21 次操作

2021-07-13 01:52:59 开始操作号码 【1490830】
2021-07-13 01:53:05 GSD getOne 第 1 次 等待 1 秒
2021-07-13 01:53:06 查询号码 【1490830】，返回信息 {"status":"bad","msg":""}
2021-07-13 01:53:06 查询号码 【1490830】，GSD为【""】
2021-07-13 01:53:06 bad
2021-07-13 01:53:08 CHB 1490830?1626112386 第 1 次 等待 1 秒
2021-07-13 01:53:09 CHB 1490830?1626112386 第 1 次 获取到号码【1490830】GSD
2021-07-13 01:53:09 获取到号码【1490830】的GSD为【上海-上海】
2021-07-13 01:53:11 GSD insert 第 1 次 等待 1 秒
2021-07-13 01:53:12 {"status":"ok","id":261314,"msg":"添加成功！261314"}
2021-07-13 01:53:12 下次操作: 2021-07-13 01:53:28

2021-07-13 01:53:28 开始第 22 次操作

2021-07-13 01:53:28 开始操作号码 【1490831】
2021-07-13 01:53:31 GSD getOne 第 1 次 等待 1 秒
2021-07-13 01:53:32 查询号码 【1490831】，返回信息 {"status":"bad","msg":""}
2021-07-13 01:53:32 查询号码 【1490831】，GSD为【""】
2021-07-13 01:53:32 bad
2021-07-13 01:53:33 CHB 1490831?1626112412 第 1 次 等待 1 秒
2021-07-13 01:53:34 CHB 1490831?1626112412 第 1 次 获取到号码【1490831】GSD
2021-07-13 01:53:35 获取到号码【1490831】的GSD为【上海-上海】
2021-07-13 01:53:37 GSD insert 第 1 次 等待 1 秒
2021-07-13 01:53:38 {"status":"ok","id":261322,"msg":"添加成功！261322"}
2021-07-13 01:53:38 下次操作: 2021-07-13 01:53:55

2021-07-13 01:53:55 开始第 23 次操作

2021-07-13 01:53:55 开始操作号码 【1490832】
2021-07-13 01:54:01 GSD getOne 第 1 次 等待 1 秒
2021-07-13 01:54:02 查询号码 【1490832】，返回信息 {"status":"bad","msg":""}
2021-07-13 01:54:02 查询号码 【1490832】，GSD为【""】
2021-07-13 01:54:02 bad
2021-07-13 01:54:04 CHB 1490832?1626112442 第 1 次 等待 1 秒
2021-07-13 01:54:05 CHB 1490832?1626112442 第 1 次 获取到号码【1490832】GSD
2021-07-13 01:54:05 获取到号码【1490832】的GSD为【上海-上海】
2021-07-13 01:54:15 GSD insert 第 1 次 等待 1 秒
2021-07-13 01:54:16 {"status":"ok","id":261331,"msg":"添加成功！261331"}
2021-07-13 01:54:16 下次操作: 2021-07-13 01:54:28

2021-07-13 01:54:28 开始第 24 次操作

2021-07-13 01:54:28 开始操作号码 【1490833】
2021-07-13 01:54:32 GSD getOne 第 1 次 等待 1 秒
2021-07-13 01:54:33 查询号码 【1490833】，返回信息 {"status":"bad","msg":""}
2021-07-13 01:54:33 查询号码 【1490833】，GSD为【""】
2021-07-13 01:54:33 bad
2021-07-13 01:54:35 CHB 1490833?1626112473 第 1 次 等待 1 秒
2021-07-13 01:54:36 CHB 1490833?1626112473 第 1 次 获取到号码【1490833】GSD
2021-07-13 01:54:36 获取到号码【1490833】的GSD为【上海-上海】
2021-07-13 01:54:40 GSD insert 第 1 次 等待 1 秒
2021-07-13 01:54:42 {"status":"ok","id":261336,"msg":"添加成功！261336"}
2021-07-13 01:54:42 下次操作: 2021-07-13 01:54:54

2021-07-13 01:54:54 开始第 25 次操作

2021-07-13 01:54:54 开始操作号码 【1490834】
2021-07-13 01:54:56 GSD getOne 第 1 次 等待 1 秒
2021-07-13 01:54:57 查询号码 【1490834】，返回信息 {"status":"bad","msg":""}
2021-07-13 01:54:57 查询号码 【1490834】，GSD为【""】
2021-07-13 01:54:57 bad
2021-07-13 01:54:59 CHB 1490834?1626112497 第 1 次 等待 1 秒
2021-07-13 01:55:00 CHB 1490834?1626112497 第 1 次 获取到号码【1490834】GSD
2021-07-13 01:55:00 获取到号码【1490834】的GSD为【上海-上海】
2021-07-13 01:55:04 GSD insert 第 1 次 等待 1 秒
2021-07-13 01:55:05 {"status":"ok","id":261341,"msg":"添加成功！261341"}
2021-07-13 01:55:05 下次操作: 2021-07-13 01:55:17

2021-07-13 01:55:17 开始第 26 次操作

2021-07-13 01:55:17 开始操作号码 【1490835】
2021-07-13 01:55:20 GSD getOne 第 1 次 等待 1 秒
2021-07-13 01:55:21 查询号码 【1490835】，返回信息 {"status":"bad","msg":""}
2021-07-13 01:55:21 查询号码 【1490835】，GSD为【""】
2021-07-13 01:55:21 bad
2021-07-13 01:55:23 CHB 1490835?1626112521 第 1 次 等待 1 秒
2021-07-13 01:55:24 CHB 1490835?1626112521 第 1 次 获取到号码【1490835】GSD
2021-07-13 01:55:24 获取到号码【1490835】的GSD为【上海-上海】
2021-07-13 01:55:28 GSD insert 第 1 次 等待 1 秒
2021-07-13 01:55:29 {"status":"ok","id":261350,"msg":"添加成功！261350"}
2021-07-13 01:55:29 下次操作: 2021-07-13 01:55:35

2021-07-13 01:55:35 开始第 27 次操作

2021-07-13 01:55:35 开始操作号码 【1490836】
2021-07-13 01:55:38 GSD getOne 第 1 次 等待 1 秒
2021-07-13 01:55:39 查询号码 【1490836】，返回信息 {"status":"bad","msg":""}
2021-07-13 01:55:39 查询号码 【1490836】，GSD为【""】
2021-07-13 01:55:39 bad
2021-07-13 01:55:40 CHB 1490836?1626112539 第 1 次 等待 1 秒
2021-07-13 01:55:41 CHB 1490836?1626112539 第 1 次 获取到号码【1490836】GSD
2021-07-13 01:55:41 获取到号码【1490836】的GSD为【上海-上海】
2021-07-13 01:55:52 GSD insert 第 1 次 等待 1 秒
2021-07-13 01:55:53 {"status":"ok","id":261358,"msg":"添加成功！261358"}
2021-07-13 01:55:53 下次操作: 2021-07-13 01:56:02

2021-07-13 01:56:02 开始第 28 次操作

2021-07-13 01:56:02 开始操作号码 【1490837】
2021-07-13 01:56:10 GSD getOne 第 1 次 等待 1 秒
2021-07-13 01:56:11 查询号码 【1490837】，返回信息 {"status":"bad","msg":""}
2021-07-13 01:56:11 查询号码 【1490837】，GSD为【""】
2021-07-13 01:56:11 bad
2021-07-13 01:56:13 CHB 1490837?1626112571 第 1 次 等待 1 秒
2021-07-13 01:56:14 CHB 1490837?1626112571 第 1 次 获取到号码【1490837】GSD
2021-07-13 01:56:14 获取到号码【1490837】的GSD为【上海-上海】
2021-07-13 01:56:17 GSD insert 第 1 次 等待 1 秒
2021-07-13 01:56:18 {"status":"ok","id":261365,"msg":"添加成功！261365"}
2021-07-13 01:56:18 下次操作: 2021-07-13 01:56:28

2021-07-13 01:56:28 开始第 29 次操作

2021-07-13 01:56:28 开始操作号码 【1490838】
2021-07-13 01:56:30 GSD getOne 第 1 次 等待 1 秒
2021-07-13 01:56:31 查询号码 【1490838】，返回信息 {"status":"bad","msg":""}
2021-07-13 01:56:31 查询号码 【1490838】，GSD为【""】
2021-07-13 01:56:31 bad
2021-07-13 01:56:33 CHB 1490838?1626112591 第 1 次 等待 1 秒
2021-07-13 01:56:34 CHB 1490838?1626112591 第 1 次 获取到号码【1490838】GSD
2021-07-13 01:56:34 获取到号码【1490838】的GSD为【上海-上海】
2021-07-13 01:56:37 GSD insert 第 1 次 等待 1 秒
2021-07-13 01:56:38 {"status":"ok","id":261371,"msg":"添加成功！261371"}
2021-07-13 01:56:38 下次操作: 2021-07-13 01:56:48

2021-07-13 01:56:48 开始第 30 次操作

2021-07-13 01:56:48 开始操作号码 【1490839】
2021-07-13 01:56:54 GSD getOne 第 1 次 等待 1 秒
2021-07-13 01:56:55 查询号码 【1490839】，返回信息 {"status":"bad","msg":""}
2021-07-13 01:56:55 查询号码 【1490839】，GSD为【""】
2021-07-13 01:56:55 bad
2021-07-13 01:56:56 CHB 1490839?1626112615 第 1 次 等待 1 秒
2021-07-13 01:56:57 CHB 1490839?1626112615 第 1 次 获取到号码【1490839】GSD
2021-07-13 01:56:57 获取到号码【1490839】的GSD为【上海-上海】
2021-07-13 01:57:00 GSD insert 第 1 次 等待 1 秒
2021-07-13 01:57:01 {"status":"ok","id":261378,"msg":"添加成功！261378"}

