2024-06-18 00:24:02 开始第 1261 次操作

2024-06-18 00:24:02 开始操作号码 【1461168】
2024-06-18 00:24:12 GSD getOne 第 1 次 等待 3 秒
2024-06-18 00:24:15 查询号码 【1461168】，返回信息 {"status":"ok","msg":"江苏-南京","gid":"90623","time_insert":"2021-06-11 04:17"}
2024-06-18 00:24:15 查询号码 【1461168】，GSD为【"江苏-南京"】

2024-06-18 00:24:16 开始第 1262 次操作

2024-06-18 00:24:17 开始操作号码 【1461169】
2024-06-18 00:24:24 GSD getOne 第 1 次 等待 3 秒
2024-06-18 00:24:27 查询号码 【1461169】，返回信息 {"status":"ok","msg":"江苏-南京","gid":"90654","time_insert":"2021-06-11 04:47"}
2024-06-18 00:24:27 查询号码 【1461169】，GSD为【"江苏-南京"】

2024-06-18 00:24:28 开始第 1263 次操作

2024-06-18 00:24:28 开始操作号码 【1461170】
2024-06-18 00:24:33 GSD getOne 第 1 次 等待 3 秒
2024-06-18 00:24:36 查询号码 【1461170】，返回信息 {"status":"ok","msg":"江苏-南京","gid":"90684","time_insert":"2021-06-11 05:11"}
2024-06-18 00:24:36 查询号码 【1461170】，GSD为【"江苏-南京"】

2024-06-18 00:24:37 开始第 1264 次操作

2024-06-18 00:24:37 开始操作号码 【1461171】
2024-06-18 00:24:50 GSD getOne 第 1 次 等待 3 秒
2024-06-18 00:24:53 查询号码 【1461171】，返回信息 {"status":"ok","msg":"江苏-南京","gid":"90710","time_insert":"2021-06-11 05:35"}
2024-06-18 00:24:53 查询号码 【1461171】，GSD为【"江苏-南京"】

