2023-11-02 00:22:23 开始第 6253 次操作

2023-11-02 00:22:23 开始操作号码 【1896167】
2023-11-02 00:22:26 GSD getOne 第 1 次 等待 3 秒
2023-11-02 00:22:29 查询号码 【1896167】，返回信息 {"status":"ok","msg":"江苏-无锡","gid":"465451","time_insert":"2021-08-01 07:57"}
2023-11-02 00:22:29 查询号码 【1896167】，GSD为【"江苏-无锡"】

2023-11-02 00:22:30 开始第 6254 次操作

2023-11-02 00:22:30 开始操作号码 【1896168】
2023-11-02 00:22:33 GSD getOne 第 1 次 等待 3 秒
2023-11-02 00:22:36 查询号码 【1896168】，返回信息 {"status":"ok","msg":"江苏-无锡","gid":"465444","time_insert":"2021-08-01 07:56"}
2023-11-02 00:22:36 查询号码 【1896168】，GSD为【"江苏-无锡"】

2023-11-02 00:22:37 开始第 6255 次操作

2023-11-02 00:22:37 开始操作号码 【1896169】
2023-11-02 00:22:42 GSD getOne 第 1 次 等待 3 秒
2023-11-02 00:22:45 查询号码 【1896169】，返回信息 {"status":"ok","msg":"江苏-无锡","gid":"465432","time_insert":"2021-08-01 07:56"}
2023-11-02 00:22:45 查询号码 【1896169】，GSD为【"江苏-无锡"】

2023-11-02 00:22:46 开始第 6256 次操作

2023-11-02 00:22:46 开始操作号码 【1896170】
2023-11-02 00:22:49 GSD getOne 第 1 次 等待 3 秒
2023-11-02 00:22:52 查询号码 【1896170】，返回信息 {"status":"ok","msg":"江苏-无锡","gid":"465423","time_insert":"2021-08-01 07:55"}
2023-11-02 00:22:52 查询号码 【1896170】，GSD为【"江苏-无锡"】

