2024-09-13 00:23:36 开始第 4257 次操作

2024-09-13 00:23:36 开始操作号码 【1354256】
2024-09-13 00:23:44 GSD getOne 第 1 次 等待 3 秒
2024-09-13 00:23:47 查询号码 【1354256】，返回信息 {"status":"ok","msg":"广东-佛山","gid":"137989","time_insert":"2021-06-27 09:01"}
2024-09-13 00:23:47 查询号码 【1354256】，GSD为【"广东-佛山"】

2024-09-13 00:23:48 开始第 4258 次操作

2024-09-13 00:23:48 开始操作号码 【1354257】
2024-09-13 00:23:55 GSD getOne 第 1 次 等待 3 秒
2024-09-13 00:23:58 查询号码 【1354257】，返回信息 {"status":"ok","msg":"广东-佛山","gid":"138018","time_insert":"2021-06-27 09:18"}
2024-09-13 00:23:59 查询号码 【1354257】，GSD为【"广东-佛山"】

2024-09-13 00:24:00 开始第 4259 次操作

2024-09-13 00:24:00 开始操作号码 【1354258】
2024-09-13 00:24:07 GSD getOne 第 1 次 等待 3 秒
2024-09-13 00:24:10 查询号码 【1354258】，返回信息 {"status":"ok","msg":"广东-佛山","gid":"138050","time_insert":"2021-06-27 09:39"}
2024-09-13 00:24:10 查询号码 【1354258】，GSD为【"广东-佛山"】

2024-09-13 00:24:11 开始第 4260 次操作

2024-09-13 00:24:11 开始操作号码 【1354259】
2024-09-13 00:24:21 GSD getOne 第 1 次 等待 3 秒
2024-09-13 00:24:24 查询号码 【1354259】，返回信息 {"status":"ok","msg":"广东-佛山","gid":"138078","time_insert":"2021-06-27 09:57"}
2024-09-13 00:24:24 查询号码 【1354259】，GSD为【"广东-佛山"】

2024-09-13 00:44:35 开始第 4261 次操作

2024-09-13 00:44:35 开始操作号码 【1354260】
2024-09-13 00:44:44 GSD getOne 第 1 次 等待 3 秒
2024-09-13 00:44:47 查询号码 【1354260】，返回信息 {"status":"ok","msg":"广东-阳江","gid":"138109","time_insert":"2021-06-27 10:18"}
2024-09-13 00:44:47 查询号码 【1354260】，GSD为【"广东-阳江"】

2024-09-13 00:44:48 开始第 4262 次操作

2024-09-13 00:44:48 开始操作号码 【1354261】
2024-09-13 00:44:56 GSD getOne 第 1 次 等待 3 秒
2024-09-13 00:44:59 查询号码 【1354261】，返回信息 {"status":"ok","msg":"广东-阳江","gid":"138261","time_insert":"2021-06-27 10:34"}
2024-09-13 00:44:59 查询号码 【1354261】，GSD为【"广东-阳江"】

2024-09-13 00:45:00 开始第 4263 次操作

2024-09-13 00:45:00 开始操作号码 【1354262】
2024-09-13 00:45:08 GSD getOne 第 1 次 等待 3 秒
2024-09-13 00:45:11 查询号码 【1354262】，返回信息 {"status":"ok","msg":"广东-阳江","gid":"138506","time_insert":"2021-06-27 10:59"}
2024-09-13 00:45:11 查询号码 【1354262】，GSD为【"广东-阳江"】

2024-09-13 00:45:12 开始第 4264 次操作

2024-09-13 00:45:12 开始操作号码 【1354263】
2024-09-13 00:45:20 GSD getOne 第 1 次 等待 3 秒
2024-09-13 00:45:23 查询号码 【1354263】，返回信息 {"status":"ok","msg":"广东-阳江","gid":"138682","time_insert":"2021-06-27 11:24"}
2024-09-13 00:45:23 查询号码 【1354263】，GSD为【"广东-阳江"】

