2024-02-26 00:20:31 开始第 5665 次操作

2024-02-26 00:20:31 开始操作号码 【1685577】
2024-02-26 00:20:36 GSD getOne 第 1 次 等待 3 秒
2024-02-26 00:20:39 查询号码 【1685577】，返回信息 {"status":"ok","msg":"-","gid":"637289","time_insert":"2023-04-06 02:56"}
2024-02-26 00:20:39 查询号码 【1685577】，GSD为【"-"】
2024-02-26 00:20:39 ok && -
2024-02-26 00:20:41 CHB 1685577?1708878039 第 1 次 等待 3 秒
2024-02-26 00:20:44 CHB 1685577?1708878039 第 1 次 获取到号码【1685577】GSD
2024-02-26 00:20:44 未获取到号码【1685577】GSD，可能号码格式错误
2024-02-26 00:20:44 获取到号码【1685577】的GSD为【-】
2024-02-26 00:20:49 GSD insert 第 1 次 等待 3 秒
2024-02-26 00:20:52 {"status":"bad","gid":"637289","msg":"添加失败！号码【1685577(-|-)】已存在！"}
2024-02-26 00:20:52 随机等待 84 秒，约 1 分钟
2024-02-26 00:20:52 下次操作: 2024-02-26 00:22:16

2024-02-26 00:22:16 开始第 5666 次操作

2024-02-26 00:22:16 开始操作号码 【1685578】
2024-02-26 00:22:21 GSD getOne 第 1 次 等待 3 秒
2024-02-26 00:22:24 查询号码 【1685578】，返回信息 {"status":"ok","msg":"-","gid":"637302","time_insert":"2023-04-06 03:05"}
2024-02-26 00:22:24 查询号码 【1685578】，GSD为【"-"】
2024-02-26 00:22:24 ok && -
2024-02-26 00:22:27 CHB 1685578?1708878144 第 1 次 等待 3 秒
2024-02-26 00:22:30 CHB 1685578?1708878144 第 1 次 获取到号码【1685578】GSD
2024-02-26 00:22:30 未获取到号码【1685578】GSD，可能号码格式错误
2024-02-26 00:22:30 获取到号码【1685578】的GSD为【-】
2024-02-26 00:22:36 GSD insert 第 1 次 等待 3 秒
2024-02-26 00:22:39 {"status":"bad","gid":"637302","msg":"添加失败！号码【1685578(-|-)】已存在！"}
2024-02-26 00:22:39 随机等待 92 秒，约 1 分钟
2024-02-26 00:22:39 下次操作: 2024-02-26 00:24:11

2024-02-26 00:24:11 开始第 5667 次操作

2024-02-26 00:24:11 开始操作号码 【1685579】
2024-02-26 00:24:17 GSD getOne 第 1 次 等待 3 秒
2024-02-26 00:24:20 查询号码 【1685579】，返回信息 {"status":"ok","msg":"-","gid":"637332","time_insert":"2023-04-06 03:24"}
2024-02-26 00:24:20 查询号码 【1685579】，GSD为【"-"】
2024-02-26 00:24:20 ok && -
2024-02-26 00:24:23 CHB 1685579?1708878260 第 1 次 等待 3 秒
2024-02-26 00:24:26 CHB 1685579?1708878260 第 1 次 获取到号码【1685579】GSD
2024-02-26 00:24:26 未获取到号码【1685579】GSD，可能号码格式错误
2024-02-26 00:24:26 获取到号码【1685579】的GSD为【-】
2024-02-26 00:24:31 GSD insert 第 1 次 等待 3 秒
2024-02-26 00:24:34 {"status":"bad","gid":"637332","msg":"添加失败！号码【1685579(-|-)】已存在！"}
2024-02-26 00:24:34 随机等待 141 秒，约 2 分钟
2024-02-26 00:24:34 下次操作: 2024-02-26 00:26:55

2024-02-26 00:26:55 开始第 5668 次操作

2024-02-26 00:26:55 开始操作号码 【1685580】
2024-02-26 00:27:01 GSD getOne 第 1 次 等待 3 秒
2024-02-26 00:27:04 查询号码 【1685580】，返回信息 {"status":"ok","msg":"-","gid":"637367","time_insert":"2023-04-06 03:47"}
2024-02-26 00:27:04 查询号码 【1685580】，GSD为【"-"】
2024-02-26 00:27:04 ok && -
2024-02-26 00:27:06 CHB 1685580?1708878424 第 1 次 等待 3 秒
2024-02-26 00:27:09 CHB 1685580?1708878424 第 1 次 获取到号码【1685580】GSD
2024-02-26 00:27:09 未获取到号码【1685580】GSD，可能号码格式错误
2024-02-26 00:27:09 获取到号码【1685580】的GSD为【-】
2024-02-26 00:27:14 GSD insert 第 1 次 等待 3 秒
2024-02-26 00:27:17 {"status":"bad","gid":"637367","msg":"添加失败！号码【1685580(-|-)】已存在！"}

2024-02-26 00:39:21 开始第 5669 次操作

2024-02-26 00:39:21 开始操作号码 【1685581】
2024-02-26 00:39:26 GSD getOne 第 1 次 等待 3 秒
2024-02-26 00:39:29 查询号码 【1685581】，返回信息 {"status":"ok","msg":"-","gid":"637389","time_insert":"2023-04-06 04:03"}
2024-02-26 00:39:29 查询号码 【1685581】，GSD为【"-"】
2024-02-26 00:39:29 ok && -
2024-02-26 00:39:32 CHB 1685581?1708879169 第 1 次 等待 3 秒
2024-02-26 00:39:35 CHB 1685581?1708879169 第 1 次 获取到号码【1685581】GSD
2024-02-26 00:39:35 未获取到号码【1685581】GSD，可能号码格式错误
2024-02-26 00:39:35 获取到号码【1685581】的GSD为【-】
2024-02-26 00:39:40 GSD insert 第 1 次 等待 3 秒
2024-02-26 00:39:43 {"status":"bad","gid":"637389","msg":"添加失败！号码【1685581(-|-)】已存在！"}
2024-02-26 00:39:43 随机等待 205 秒，约 3 分钟
2024-02-26 00:39:43 下次操作: 2024-02-26 00:43:08

2024-02-26 00:43:08 开始第 5670 次操作

2024-02-26 00:43:08 开始操作号码 【1685582】
2024-02-26 00:43:13 GSD getOne 第 1 次 等待 3 秒
2024-02-26 00:43:16 查询号码 【1685582】，返回信息 {"status":"ok","msg":"-","gid":"637399","time_insert":"2023-04-06 04:14"}
2024-02-26 00:43:16 查询号码 【1685582】，GSD为【"-"】
2024-02-26 00:43:16 ok && -
2024-02-26 00:43:19 CHB 1685582?1708879396 第 1 次 等待 3 秒
2024-02-26 00:43:22 CHB 1685582?1708879396 第 1 次 获取到号码【1685582】GSD
2024-02-26 00:43:22 未获取到号码【1685582】GSD，可能号码格式错误
2024-02-26 00:43:22 获取到号码【1685582】的GSD为【-】
2024-02-26 00:43:26 GSD insert 第 1 次 等待 3 秒
2024-02-26 00:43:29 {"status":"bad","gid":"637399","msg":"添加失败！号码【1685582(-|-)】已存在！"}
2024-02-26 00:43:29 随机等待 110 秒，约 1 分钟
2024-02-26 00:43:29 下次操作: 2024-02-26 00:45:19

2024-02-26 00:45:20 开始第 5671 次操作

2024-02-26 00:45:20 开始操作号码 【1685583】
2024-02-26 00:45:24 GSD getOne 第 1 次 等待 3 秒
2024-02-26 00:45:27 查询号码 【1685583】，返回信息 {"status":"ok","msg":"-","gid":"637416","time_insert":"2023-04-06 04:23"}
2024-02-26 00:45:27 查询号码 【1685583】，GSD为【"-"】
2024-02-26 00:45:27 ok && -
2024-02-26 00:45:29 CHB 1685583?1708879527 第 1 次 等待 3 秒
2024-02-26 00:45:32 CHB 1685583?1708879527 第 1 次 获取到号码【1685583】GSD
2024-02-26 00:45:32 未获取到号码【1685583】GSD，可能号码格式错误
2024-02-26 00:45:32 获取到号码【1685583】的GSD为【-】
2024-02-26 00:45:36 GSD insert 第 1 次 等待 3 秒
2024-02-26 00:45:39 {"status":"bad","gid":"637416","msg":"添加失败！号码【1685583(-|-)】已存在！"}
2024-02-26 00:45:39 随机等待 172 秒，约 2 分钟
2024-02-26 00:45:39 下次操作: 2024-02-26 00:48:31

2024-02-26 00:48:31 开始第 5672 次操作

2024-02-26 00:48:31 开始操作号码 【1685584】
2024-02-26 00:48:36 GSD getOne 第 1 次 等待 3 秒
2024-02-26 00:48:39 查询号码 【1685584】，返回信息 {"status":"ok","msg":"-","gid":"637434","time_insert":"2023-04-06 04:34"}
2024-02-26 00:48:39 查询号码 【1685584】，GSD为【"-"】
2024-02-26 00:48:39 ok && -
2024-02-26 00:48:41 CHB 1685584?1708879719 第 1 次 等待 3 秒
2024-02-26 00:48:44 CHB 1685584?1708879719 第 1 次 获取到号码【1685584】GSD
2024-02-26 00:48:44 未获取到号码【1685584】GSD，可能号码格式错误
2024-02-26 00:48:44 获取到号码【1685584】的GSD为【-】
2024-02-26 00:48:49 GSD insert 第 1 次 等待 3 秒
2024-02-26 00:48:52 {"status":"bad","gid":"637434","msg":"添加失败！号码【1685584(-|-)】已存在！"}

