2024-01-14 00:21:04 开始第 8477 次操作

2024-01-14 00:21:04 开始操作号码 【1798389】
2024-01-14 00:21:09 GSD getOne 第 1 次 等待 3 秒
2024-01-14 00:21:12 查询号码 【1798389】，返回信息 {"status":"ok","msg":"-","gid":"633537","time_insert":"2023-04-04 07:27"}
2024-01-14 00:21:13 查询号码 【1798389】，GSD为【"-"】
2024-01-14 00:21:13 ok && -
2024-01-14 00:21:15 CHB 1798389?1705162873 第 1 次 等待 3 秒
2024-01-14 00:21:18 CHB 1798389?1705162873 第 1 次 获取到号码【1798389】GSD
2024-01-14 00:21:18 未获取到号码【1798389】GSD，可能号码格式错误
2024-01-14 00:21:18 获取到号码【1798389】的GSD为【-】
2024-01-14 00:21:37 GSD insert 第 1 次 等待 3 秒
2024-01-14 00:21:40 {"status":"bad","gid":"633537","msg":"添加失败！号码【1798389(-|-)】已存在！"}
2024-01-14 00:21:40 随机等待 225 秒，约 3 分钟
2024-01-14 00:21:40 下次操作: 2024-01-14 00:25:25

2024-01-14 00:25:25 开始第 8478 次操作

2024-01-14 00:25:25 开始操作号码 【1798390】
2024-01-14 00:25:29 GSD getOne 第 1 次 等待 3 秒
2024-01-14 00:25:32 查询号码 【1798390】，返回信息 {"status":"ok","msg":"-","gid":"633538","time_insert":"2023-04-04 07:29"}
2024-01-14 00:25:32 查询号码 【1798390】，GSD为【"-"】
2024-01-14 00:25:32 ok && -
2024-01-14 00:25:38 CHB 1798390?1705163132 第 1 次 等待 3 秒
2024-01-14 00:25:41 CHB 1798390?1705163132 第 1 次 获取到号码【1798390】GSD
2024-01-14 00:25:41 未获取到号码【1798390】GSD，可能号码格式错误
2024-01-14 00:25:41 获取到号码【1798390】的GSD为【-】
2024-01-14 00:26:44 GSD insert 第 1 次 等待 3 秒
2024-01-14 00:26:47 {"status":"bad","gid":"633538","msg":"添加失败！号码【1798390(-|-)】已存在！"}
2024-01-14 00:26:47 随机等待 108 秒，约 1 分钟
2024-01-14 00:26:47 下次操作: 2024-01-14 00:28:35

2024-01-14 00:28:35 开始第 8479 次操作

2024-01-14 00:28:35 开始操作号码 【1798391】
2024-01-14 00:28:45 GSD getOne 第 1 次 等待 3 秒
2024-01-14 00:28:48 查询号码 【1798391】，返回信息 {"status":"ok","msg":"-","gid":"633541","time_insert":"2023-04-04 07:31"}
2024-01-14 00:28:48 查询号码 【1798391】，GSD为【"-"】
2024-01-14 00:28:48 ok && -
2024-01-14 00:28:55 CHB 1798391?1705163328 第 1 次 等待 3 秒
2024-01-14 00:28:58 CHB 1798391?1705163328 第 1 次 获取到号码【1798391】GSD
2024-01-14 00:28:58 未获取到号码【1798391】GSD，可能号码格式错误
2024-01-14 00:28:58 获取到号码【1798391】的GSD为【-】
2024-01-14 00:29:03 GSD insert 第 1 次 等待 3 秒
2024-01-14 00:29:06 {"status":"bad","gid":"633541","msg":"添加失败！号码【1798391(-|-)】已存在！"}
2024-01-14 00:29:06 随机等待 161 秒，约 2 分钟
2024-01-14 00:29:06 下次操作: 2024-01-14 00:31:47

2024-01-14 00:31:47 开始第 8480 次操作

2024-01-14 00:31:47 开始操作号码 【1798392】
2024-01-14 00:31:51 GSD getOne 第 1 次 等待 3 秒
2024-01-14 00:31:54 查询号码 【1798392】，返回信息 {"status":"ok","msg":"-","gid":"633548","time_insert":"2023-04-04 07:35"}
2024-01-14 00:31:54 查询号码 【1798392】，GSD为【"-"】
2024-01-14 00:31:54 ok && -
2024-01-14 00:31:56 CHB 1798392?1705163514 第 1 次 等待 3 秒
2024-01-14 00:31:59 CHB 1798392?1705163514 第 1 次 获取到号码【1798392】GSD
2024-01-14 00:31:59 未获取到号码【1798392】GSD，可能号码格式错误
2024-01-14 00:31:59 获取到号码【1798392】的GSD为【-】
2024-01-14 00:32:02 GSD insert 第 1 次 等待 3 秒
2024-01-14 00:32:05 {"status":"bad","gid":"633548","msg":"添加失败！号码【1798392(-|-)】已存在！"}

2024-01-14 00:40:09 开始第 8481 次操作

2024-01-14 00:40:09 开始操作号码 【1798393】
2024-01-14 00:40:15 GSD getOne 第 1 次 等待 3 秒
2024-01-14 00:40:18 查询号码 【1798393】，返回信息 {"status":"ok","msg":"-","gid":"633554","time_insert":"2023-04-04 07:36"}
2024-01-14 00:40:19 查询号码 【1798393】，GSD为【"-"】
2024-01-14 00:40:19 ok && -
2024-01-14 00:40:21 CHB 1798393?1705164019 第 1 次 等待 3 秒
2024-01-14 00:40:24 CHB 1798393?1705164019 第 1 次 获取到号码【1798393】GSD
2024-01-14 00:40:24 未获取到号码【1798393】GSD，可能号码格式错误
2024-01-14 00:40:24 获取到号码【1798393】的GSD为【-】
2024-01-14 00:40:32 GSD insert 第 1 次 等待 3 秒
2024-01-14 00:40:35 {"status":"bad","gid":"633554","msg":"添加失败！号码【1798393(-|-)】已存在！"}
2024-01-14 00:40:35 随机等待 96 秒，约 1 分钟
2024-01-14 00:40:35 下次操作: 2024-01-14 00:42:11

2024-01-14 00:42:11 开始第 8482 次操作

2024-01-14 00:42:11 开始操作号码 【1798394】
2024-01-14 00:42:14 GSD getOne 第 1 次 等待 3 秒
2024-01-14 00:42:17 查询号码 【1798394】，返回信息 {"status":"ok","msg":"-","gid":"633555","time_insert":"2023-04-04 07:38"}
2024-01-14 00:42:17 查询号码 【1798394】，GSD为【"-"】
2024-01-14 00:42:17 ok && -
2024-01-14 00:42:19 CHB 1798394?1705164137 第 1 次 等待 3 秒
2024-01-14 00:42:22 CHB 1798394?1705164137 第 1 次 获取到号码【1798394】GSD
2024-01-14 00:42:22 未获取到号码【1798394】GSD，可能号码格式错误
2024-01-14 00:42:22 获取到号码【1798394】的GSD为【-】
2024-01-14 00:42:26 GSD insert 第 1 次 等待 3 秒
2024-01-14 00:42:29 {"status":"bad","gid":"633555","msg":"添加失败！号码【1798394(-|-)】已存在！"}
2024-01-14 00:42:29 随机等待 107 秒，约 1 分钟
2024-01-14 00:42:29 下次操作: 2024-01-14 00:44:16

2024-01-14 00:44:16 开始第 8483 次操作

2024-01-14 00:44:16 开始操作号码 【1798395】
2024-01-14 00:44:20 GSD getOne 第 1 次 等待 3 秒
2024-01-14 00:44:23 查询号码 【1798395】，返回信息 {"status":"ok","msg":"-","gid":"633558","time_insert":"2023-04-04 07:40"}
2024-01-14 00:44:23 查询号码 【1798395】，GSD为【"-"】
2024-01-14 00:44:23 ok && -
2024-01-14 00:44:26 CHB 1798395?1705164263 第 1 次 等待 3 秒
2024-01-14 00:44:29 CHB 1798395?1705164263 第 1 次 获取到号码【1798395】GSD
2024-01-14 00:44:29 未获取到号码【1798395】GSD，可能号码格式错误
2024-01-14 00:44:29 获取到号码【1798395】的GSD为【-】
2024-01-14 00:44:38 GSD insert 第 1 次 等待 3 秒
2024-01-14 00:44:41 {"status":"bad","gid":"633558","msg":"添加失败！号码【1798395(-|-)】已存在！"}
2024-01-14 00:44:41 随机等待 83 秒，约 1 分钟
2024-01-14 00:44:41 下次操作: 2024-01-14 00:46:04

2024-01-14 00:46:04 开始第 8484 次操作

2024-01-14 00:46:04 开始操作号码 【1798396】
2024-01-14 00:46:11 GSD getOne 第 1 次 等待 3 秒
2024-01-14 00:46:14 查询号码 【1798396】，返回信息 {"status":"ok","msg":"-","gid":"633564","time_insert":"2023-04-04 07:44"}
2024-01-14 00:46:14 查询号码 【1798396】，GSD为【"-"】
2024-01-14 00:46:14 ok && -
2024-01-14 00:46:17 CHB 1798396?1705164374 第 1 次 等待 3 秒
2024-01-14 00:46:20 CHB 1798396?1705164374 第 1 次 获取到号码【1798396】GSD
2024-01-14 00:46:20 未获取到号码【1798396】GSD，可能号码格式错误
2024-01-14 00:46:20 获取到号码【1798396】的GSD为【-】
2024-01-14 00:46:33 GSD insert 第 1 次 等待 3 秒
2024-01-14 00:46:36 {"status":"bad","gid":"633564","msg":"添加失败！号码【1798396(-|-)】已存在！"}

2024-01-14 01:14:42 开始第 8485 次操作

2024-01-14 01:14:42 开始操作号码 【1798397】
2024-01-14 01:14:45 GSD getOne 第 1 次 等待 3 秒
2024-01-14 01:14:48 查询号码 【1798397】，返回信息 {"status":"ok","msg":"-","gid":"633570","time_insert":"2023-04-04 07:47"}
2024-01-14 01:14:48 查询号码 【1798397】，GSD为【"-"】
2024-01-14 01:14:48 ok && -
2024-01-14 01:14:50 CHB 1798397?1705166088 第 1 次 等待 3 秒
2024-01-14 01:14:53 CHB 1798397?1705166088 第 1 次 获取到号码【1798397】GSD
2024-01-14 01:14:53 未获取到号码【1798397】GSD，可能号码格式错误
2024-01-14 01:14:53 获取到号码【1798397】的GSD为【-】
2024-01-14 01:14:57 GSD insert 第 1 次 等待 3 秒
2024-01-14 01:15:00 {"status":"bad","gid":"633570","msg":"添加失败！号码【1798397(-|-)】已存在！"}
2024-01-14 01:15:00 随机等待 165 秒，约 2 分钟
2024-01-14 01:15:00 下次操作: 2024-01-14 01:17:45

2024-01-14 01:17:45 开始第 8486 次操作

2024-01-14 01:17:45 开始操作号码 【1798398】
2024-01-14 01:17:48 GSD getOne 第 1 次 等待 3 秒
2024-01-14 01:17:51 查询号码 【1798398】，返回信息 {"status":"ok","msg":"-","gid":"633572","time_insert":"2023-04-04 07:48"}
2024-01-14 01:17:51 查询号码 【1798398】，GSD为【"-"】
2024-01-14 01:17:51 ok && -
2024-01-14 01:17:53 CHB 1798398?1705166271 第 1 次 等待 3 秒
2024-01-14 01:17:56 CHB 1798398?1705166271 第 1 次 获取到号码【1798398】GSD
2024-01-14 01:17:56 未获取到号码【1798398】GSD，可能号码格式错误
2024-01-14 01:17:56 获取到号码【1798398】的GSD为【-】
2024-01-14 01:17:59 GSD insert 第 1 次 等待 3 秒
2024-01-14 01:18:02 {"status":"bad","gid":"633572","msg":"添加失败！号码【1798398(-|-)】已存在！"}
2024-01-14 01:18:02 随机等待 136 秒，约 2 分钟
2024-01-14 01:18:02 下次操作: 2024-01-14 01:20:18

2024-01-14 01:20:18 开始第 8487 次操作

2024-01-14 01:20:18 开始操作号码 【1798399】
2024-01-14 01:20:21 GSD getOne 第 1 次 等待 3 秒
2024-01-14 01:20:24 查询号码 【1798399】，返回信息 {"status":"ok","msg":"-","gid":"633580","time_insert":"2023-04-04 07:51"}
2024-01-14 01:20:24 查询号码 【1798399】，GSD为【"-"】
2024-01-14 01:20:24 ok && -
2024-01-14 01:20:26 CHB 1798399?1705166424 第 1 次 等待 3 秒
2024-01-14 01:20:29 CHB 1798399?1705166424 第 1 次 获取到号码【1798399】GSD
2024-01-14 01:20:29 未获取到号码【1798399】GSD，可能号码格式错误
2024-01-14 01:20:29 获取到号码【1798399】的GSD为【-】
2024-01-14 01:20:35 GSD insert 第 1 次 等待 3 秒
2024-01-14 01:20:38 {"status":"bad","gid":"633580","msg":"添加失败！号码【1798399(-|-)】已存在！"}
2024-01-14 01:20:38 随机等待 102 秒，约 1 分钟
2024-01-14 01:20:38 下次操作: 2024-01-14 01:22:20

2024-01-14 01:22:20 开始第 8488 次操作

2024-01-14 01:22:20 开始操作号码 【1798400】
2024-01-14 01:22:25 GSD getOne 第 1 次 等待 3 秒
2024-01-14 01:22:28 查询号码 【1798400】，返回信息 {"status":"ok","msg":"-","gid":"633583","time_insert":"2023-04-04 07:54"}
2024-01-14 01:22:28 查询号码 【1798400】，GSD为【"-"】
2024-01-14 01:22:28 ok && -
2024-01-14 01:22:30 CHB 1798400?1705166548 第 1 次 等待 3 秒
2024-01-14 01:22:33 CHB 1798400?1705166548 第 1 次 获取到号码【1798400】GSD
2024-01-14 01:22:33 未获取到号码【1798400】GSD，可能号码格式错误
2024-01-14 01:22:33 获取到号码【1798400】的GSD为【-】
2024-01-14 01:22:36 GSD insert 第 1 次 等待 3 秒
2024-01-14 01:22:39 {"status":"bad","gid":"633583","msg":"添加失败！号码【1798400(-|-)】已存在！"}

2024-01-14 01:37:47 开始第 8489 次操作

2024-01-14 01:37:47 开始操作号码 【1798401】
2024-01-14 01:37:53 GSD getOne 第 1 次 等待 3 秒
2024-01-14 01:37:56 查询号码 【1798401】，返回信息 {"status":"ok","msg":"-","gid":"633587","time_insert":"2023-04-04 07:56"}
2024-01-14 01:37:56 查询号码 【1798401】，GSD为【"-"】
2024-01-14 01:37:56 ok && -
2024-01-14 01:37:58 CHB 1798401?1705167476 第 1 次 等待 3 秒
2024-01-14 01:38:01 CHB 1798401?1705167476 第 1 次 获取到号码【1798401】GSD
2024-01-14 01:38:01 未获取到号码【1798401】GSD，可能号码格式错误
2024-01-14 01:38:01 获取到号码【1798401】的GSD为【-】
2024-01-14 01:38:06 GSD insert 第 1 次 等待 3 秒
2024-01-14 01:38:09 {"status":"bad","gid":"633587","msg":"添加失败！号码【1798401(-|-)】已存在！"}
2024-01-14 01:38:09 随机等待 80 秒，约 1 分钟
2024-01-14 01:38:09 下次操作: 2024-01-14 01:39:29

2024-01-14 01:39:29 开始第 8490 次操作

2024-01-14 01:39:29 开始操作号码 【1798402】
2024-01-14 01:39:32 GSD getOne 第 1 次 等待 3 秒
2024-01-14 01:39:35 查询号码 【1798402】，返回信息 {"status":"ok","msg":"-","gid":"633592","time_insert":"2023-04-04 07:58"}
2024-01-14 01:39:35 查询号码 【1798402】，GSD为【"-"】
2024-01-14 01:39:35 ok && -
2024-01-14 01:39:38 CHB 1798402?1705167575 第 1 次 等待 3 秒
2024-01-14 01:39:41 CHB 1798402?1705167575 第 1 次 获取到号码【1798402】GSD
2024-01-14 01:39:41 未获取到号码【1798402】GSD，可能号码格式错误
2024-01-14 01:39:41 获取到号码【1798402】的GSD为【-】
2024-01-14 01:39:47 GSD insert 第 1 次 等待 3 秒
2024-01-14 01:39:50 {"status":"bad","gid":"633592","msg":"添加失败！号码【1798402(-|-)】已存在！"}
2024-01-14 01:39:51 随机等待 207 秒，约 3 分钟
2024-01-14 01:39:51 下次操作: 2024-01-14 01:43:18

2024-01-14 01:43:18 开始第 8491 次操作

2024-01-14 01:43:18 开始操作号码 【1798403】
2024-01-14 01:43:27 GSD getOne 第 1 次 等待 3 秒
2024-01-14 01:43:30 查询号码 【1798403】，返回信息 {"status":"ok","msg":"-","gid":"633594","time_insert":"2023-04-04 08:00"}
2024-01-14 01:43:30 查询号码 【1798403】，GSD为【"-"】
2024-01-14 01:43:30 ok && -
2024-01-14 01:43:33 CHB 1798403?1705167810 第 1 次 等待 3 秒
2024-01-14 01:43:36 CHB 1798403?1705167810 第 1 次 获取到号码【1798403】GSD
2024-01-14 01:43:36 未获取到号码【1798403】GSD，可能号码格式错误
2024-01-14 01:43:36 获取到号码【1798403】的GSD为【-】
2024-01-14 01:43:45 GSD insert 第 1 次 等待 3 秒
2024-01-14 01:43:48 {"status":"bad","gid":"633594","msg":"添加失败！号码【1798403(-|-)】已存在！"}
2024-01-14 01:43:48 随机等待 168 秒，约 2 分钟
2024-01-14 01:43:48 下次操作: 2024-01-14 01:46:36

2024-01-14 01:46:36 开始第 8492 次操作

2024-01-14 01:46:36 开始操作号码 【1798404】
2024-01-14 01:46:40 GSD getOne 第 1 次 等待 3 秒
2024-01-14 01:46:43 查询号码 【1798404】，返回信息 {"status":"ok","msg":"-","gid":"633666","time_insert":"2023-04-04 09:05"}
2024-01-14 01:46:43 查询号码 【1798404】，GSD为【"-"】
2024-01-14 01:46:43 ok && -
2024-01-14 01:46:45 CHB 1798404?1705168003 第 1 次 等待 3 秒
2024-01-14 01:46:48 CHB 1798404?1705168003 第 1 次 获取到号码【1798404】GSD
2024-01-14 01:46:48 未获取到号码【1798404】GSD，可能号码格式错误
2024-01-14 01:46:48 获取到号码【1798404】的GSD为【-】
2024-01-14 01:46:55 GSD insert 第 1 次 等待 3 秒
2024-01-14 01:46:58 {"status":"bad","gid":"633666","msg":"添加失败！号码【1798404(-|-)】已存在！"}

2024-01-14 02:20:42 开始第 8493 次操作

2024-01-14 02:20:42 开始操作号码 【1798405】
2024-01-14 02:20:50 GSD getOne 第 1 次 等待 3 秒
2024-01-14 02:20:53 查询号码 【1798405】，返回信息 {"status":"ok","msg":"-","gid":"633671","time_insert":"2023-04-04 09:07"}
2024-01-14 02:20:53 查询号码 【1798405】，GSD为【"-"】
2024-01-14 02:20:53 ok && -
2024-01-14 02:20:55 CHB 1798405?1705170053 第 1 次 等待 3 秒
2024-01-14 02:20:58 CHB 1798405?1705170053 第 1 次 获取到号码【1798405】GSD
2024-01-14 02:20:58 未获取到号码【1798405】GSD，可能号码格式错误
2024-01-14 02:20:58 获取到号码【1798405】的GSD为【-】
2024-01-14 02:21:03 GSD insert 第 1 次 等待 3 秒
2024-01-14 02:21:06 {"status":"bad","gid":"633671","msg":"添加失败！号码【1798405(-|-)】已存在！"}
2024-01-14 02:21:06 随机等待 75 秒，约 1 分钟
2024-01-14 02:21:06 下次操作: 2024-01-14 02:22:21

2024-01-14 02:22:21 开始第 8494 次操作

2024-01-14 02:22:21 开始操作号码 【1798406】
2024-01-14 02:22:24 GSD getOne 第 1 次 等待 3 秒
2024-01-14 02:22:27 查询号码 【1798406】，返回信息 {"status":"ok","msg":"-","gid":"633672","time_insert":"2023-04-04 09:10"}
2024-01-14 02:22:27 查询号码 【1798406】，GSD为【"-"】
2024-01-14 02:22:27 ok && -
2024-01-14 02:22:29 CHB 1798406?1705170147 第 1 次 等待 3 秒
2024-01-14 02:22:32 CHB 1798406?1705170147 第 1 次 获取到号码【1798406】GSD
2024-01-14 02:22:32 未获取到号码【1798406】GSD，可能号码格式错误
2024-01-14 02:22:32 获取到号码【1798406】的GSD为【-】
2024-01-14 02:22:35 GSD insert 第 1 次 等待 3 秒
2024-01-14 02:22:38 {"status":"bad","gid":"633672","msg":"添加失败！号码【1798406(-|-)】已存在！"}
2024-01-14 02:22:38 随机等待 97 秒，约 1 分钟
2024-01-14 02:22:38 下次操作: 2024-01-14 02:24:15

2024-01-14 02:24:15 开始第 8495 次操作

2024-01-14 02:24:15 开始操作号码 【1798407】
2024-01-14 02:24:18 GSD getOne 第 1 次 等待 3 秒
2024-01-14 02:24:21 查询号码 【1798407】，返回信息 {"status":"ok","msg":"-","gid":"633675","time_insert":"2023-04-04 09:12"}
2024-01-14 02:24:21 查询号码 【1798407】，GSD为【"-"】
2024-01-14 02:24:21 ok && -
2024-01-14 02:24:22 CHB 1798407?1705170261 第 1 次 等待 3 秒
2024-01-14 02:24:25 CHB 1798407?1705170261 第 1 次 获取到号码【1798407】GSD
2024-01-14 02:24:26 未获取到号码【1798407】GSD，可能号码格式错误
2024-01-14 02:24:26 获取到号码【1798407】的GSD为【-】
2024-01-14 02:24:30 GSD insert 第 1 次 等待 3 秒
2024-01-14 02:24:33 {"status":"bad","gid":"633675","msg":"添加失败！号码【1798407(-|-)】已存在！"}
2024-01-14 02:24:33 随机等待 202 秒，约 3 分钟
2024-01-14 02:24:33 下次操作: 2024-01-14 02:27:55

2024-01-14 02:27:56 开始第 8496 次操作

2024-01-14 02:27:56 开始操作号码 【1798408】
2024-01-14 02:27:59 GSD getOne 第 1 次 等待 3 秒
2024-01-14 02:28:02 查询号码 【1798408】，返回信息 {"status":"ok","msg":"-","gid":"633737","time_insert":"2023-04-04 10:11"}
2024-01-14 02:28:02 查询号码 【1798408】，GSD为【"-"】
2024-01-14 02:28:02 ok && -
2024-01-14 02:28:04 CHB 1798408?1705170482 第 1 次 等待 3 秒
2024-01-14 02:28:07 CHB 1798408?1705170482 第 1 次 获取到号码【1798408】GSD
2024-01-14 02:28:07 未获取到号码【1798408】GSD，可能号码格式错误
2024-01-14 02:28:07 获取到号码【1798408】的GSD为【-】
2024-01-14 02:28:10 GSD insert 第 1 次 等待 3 秒
2024-01-14 02:28:13 {"status":"bad","gid":"633737","msg":"添加失败！号码【1798408(-|-)】已存在！"}

2024-01-14 02:37:51 开始第 8497 次操作

2024-01-14 02:37:51 开始操作号码 【1798409】
2024-01-14 02:37:55 GSD getOne 第 1 次 等待 3 秒
2024-01-14 02:37:58 查询号码 【1798409】，返回信息 {"status":"ok","msg":"-","gid":"633741","time_insert":"2023-04-04 10:12"}
2024-01-14 02:37:58 查询号码 【1798409】，GSD为【"-"】
2024-01-14 02:37:58 ok && -
2024-01-14 02:38:00 CHB 1798409?1705171078 第 1 次 等待 3 秒
2024-01-14 02:38:03 CHB 1798409?1705171078 第 1 次 获取到号码【1798409】GSD
2024-01-14 02:38:03 未获取到号码【1798409】GSD，可能号码格式错误
2024-01-14 02:38:03 获取到号码【1798409】的GSD为【-】
2024-01-14 02:38:07 GSD insert 第 1 次 等待 3 秒
2024-01-14 02:38:10 {"status":"bad","gid":"633741","msg":"添加失败！号码【1798409(-|-)】已存在！"}
2024-01-14 02:38:10 随机等待 214 秒，约 3 分钟
2024-01-14 02:38:10 下次操作: 2024-01-14 02:41:44

2024-01-14 02:41:44 开始第 8498 次操作

2024-01-14 02:41:44 开始操作号码 【1798410】
2024-01-14 02:41:50 GSD getOne 第 1 次 等待 3 秒
2024-01-14 02:41:53 查询号码 【1798410】，返回信息 {"status":"ok","msg":"-","gid":"633746","time_insert":"2023-04-04 10:15"}
2024-01-14 02:41:53 查询号码 【1798410】，GSD为【"-"】
2024-01-14 02:41:53 ok && -
2024-01-14 02:41:56 CHB 1798410?1705171313 第 1 次 等待 3 秒
2024-01-14 02:41:59 CHB 1798410?1705171313 第 1 次 获取到号码【1798410】GSD
2024-01-14 02:41:59 未获取到号码【1798410】GSD，可能号码格式错误
2024-01-14 02:41:59 获取到号码【1798410】的GSD为【-】
2024-01-14 02:42:01 GSD insert 第 1 次 等待 3 秒
2024-01-14 02:42:04 {"status":"bad","gid":"633746","msg":"添加失败！号码【1798410(-|-)】已存在！"}
2024-01-14 02:42:04 随机等待 132 秒，约 2 分钟
2024-01-14 02:42:04 下次操作: 2024-01-14 02:44:16

2024-01-14 02:44:16 开始第 8499 次操作

2024-01-14 02:44:16 开始操作号码 【1798411】
2024-01-14 02:44:19 GSD getOne 第 1 次 等待 3 秒
2024-01-14 02:44:22 查询号码 【1798411】，返回信息 {"status":"ok","msg":"-","gid":"633749","time_insert":"2023-04-04 10:17"}
2024-01-14 02:44:22 查询号码 【1798411】，GSD为【"-"】
2024-01-14 02:44:22 ok && -
2024-01-14 02:44:24 CHB 1798411?1705171462 第 1 次 等待 3 秒
2024-01-14 02:44:27 CHB 1798411?1705171462 第 1 次 获取到号码【1798411】GSD
2024-01-14 02:44:27 未获取到号码【1798411】GSD，可能号码格式错误
2024-01-14 02:44:27 获取到号码【1798411】的GSD为【-】
2024-01-14 02:44:30 GSD insert 第 1 次 等待 3 秒
2024-01-14 02:44:33 {"status":"bad","gid":"633749","msg":"添加失败！号码【1798411(-|-)】已存在！"}
2024-01-14 02:44:33 随机等待 108 秒，约 1 分钟
2024-01-14 02:44:33 下次操作: 2024-01-14 02:46:21

2024-01-14 02:46:21 开始第 8500 次操作

2024-01-14 02:46:21 开始操作号码 【1798412】
2024-01-14 02:46:24 GSD getOne 第 1 次 等待 3 秒
2024-01-14 02:46:27 查询号码 【1798412】，返回信息 {"status":"ok","msg":"-","gid":"633774","time_insert":"2023-04-04 10:39"}
2024-01-14 02:46:27 查询号码 【1798412】，GSD为【"-"】
2024-01-14 02:46:27 ok && -
2024-01-14 02:46:29 CHB 1798412?1705171587 第 1 次 等待 3 秒
2024-01-14 02:46:32 CHB 1798412?1705171587 第 1 次 获取到号码【1798412】GSD
2024-01-14 02:46:32 未获取到号码【1798412】GSD，可能号码格式错误
2024-01-14 02:46:32 获取到号码【1798412】的GSD为【-】
2024-01-14 02:46:35 GSD insert 第 1 次 等待 3 秒
2024-01-14 02:46:38 {"status":"bad","gid":"633774","msg":"添加失败！号码【1798412(-|-)】已存在！"}

