2024-07-01 00:23:20 开始第 3545 次操作

2024-07-01 00:23:20 开始操作号码 【1463447】
2024-07-01 00:23:33 GSD getOne 第 1 次 等待 3 秒
2024-07-01 00:23:36 查询号码 【1463447】，返回信息 {"status":"ok","msg":"江苏-南京","gid":"235128","time_insert":"2021-07-10 00:17"}
2024-07-01 00:23:36 查询号码 【1463447】，GSD为【"江苏-南京"】

2024-07-01 00:23:37 开始第 3546 次操作

2024-07-01 00:23:37 开始操作号码 【1463448】
2024-07-01 00:23:57 GSD getOne 第 1 次 等待 3 秒
2024-07-01 00:24:00 查询号码 【1463448】，返回信息 {"status":"ok","msg":"江苏-南京","gid":"235160","time_insert":"2021-07-10 00:31"}
2024-07-01 00:24:00 查询号码 【1463448】，GSD为【"江苏-南京"】

2024-07-01 00:24:01 开始第 3547 次操作

2024-07-01 00:24:01 开始操作号码 【1463449】
2024-07-01 00:24:14 GSD getOne 第 1 次 等待 3 秒
2024-07-01 00:24:17 查询号码 【1463449】，返回信息 {"status":"ok","msg":"江苏-南京","gid":"235189","time_insert":"2021-07-10 00:45"}
2024-07-01 00:24:17 查询号码 【1463449】，GSD为【"江苏-南京"】

2024-07-01 00:24:18 开始第 3548 次操作

2024-07-01 00:24:18 开始操作号码 【1463450】
2024-07-01 00:24:32 GSD getOne 第 1 次 等待 3 秒
2024-07-01 00:24:35 查询号码 【1463450】，返回信息 {"status":"ok","msg":"江苏-南京","gid":"235211","time_insert":"2021-07-10 00:57"}
2024-07-01 00:24:35 查询号码 【1463450】，GSD为【"江苏-南京"】

