2021-07-30 00:00:01 开始第 22 次操作

2021-07-30 00:00:01 开始操作号码 【1899130】
2021-07-30 00:00:08 GSD getOne 第 1 次 等待 3 秒
2021-07-30 00:00:11 查询号码 【1899130】，返回信息 {"status":"bad","msg":""}
2021-07-30 00:00:11 查询号码 【1899130】，GSD为【""】
2021-07-30 00:00:11 bad
2021-07-30 00:00:13 CHB 1899130?1627574411 第 1 次 等待 3 秒
2021-07-30 00:00:16 CHB 1899130?1627574411 第 1 次 获取到号码【1899130】GSD
2021-07-30 00:00:16 获取到号码【1899130】的GSD为【陕西-西安】
2021-07-30 00:00:19 GSD insert 第 1 次 等待 3 秒
2021-07-30 00:00:22 {"status":"ok","gid":438548,"msg":"添加成功！"}
2021-07-30 00:00:22 下次操作: 2021-07-30 00:00:34

2021-07-30 00:00:34 开始第 23 次操作

2021-07-30 00:00:34 开始操作号码 【1899129】
2021-07-30 00:00:38 GSD getOne 第 1 次 等待 3 秒
2021-07-30 00:00:41 查询号码 【1899129】，返回信息 {"status":"bad","msg":""}
2021-07-30 00:00:41 查询号码 【1899129】，GSD为【""】
2021-07-30 00:00:41 bad
2021-07-30 00:00:42 CHB 1899129?1627574441 第 1 次 等待 3 秒
2021-07-30 00:00:45 CHB 1899129?1627574441 第 1 次 获取到号码【1899129】GSD
2021-07-30 00:00:45 获取到号码【1899129】的GSD为【陕西-西安】
2021-07-30 00:00:48 GSD insert 第 1 次 等待 3 秒
2021-07-30 00:00:51 {"status":"ok","gid":438554,"msg":"添加成功！"}
2021-07-30 00:00:51 下次操作: 2021-07-30 00:01:09

2021-07-30 00:01:09 开始第 24 次操作

2021-07-30 00:01:09 开始操作号码 【1899128】
2021-07-30 00:01:15 GSD getOne 第 1 次 等待 3 秒
2021-07-30 00:01:18 查询号码 【1899128】，返回信息 {"status":"bad","msg":""}
2021-07-30 00:01:18 查询号码 【1899128】，GSD为【""】
2021-07-30 00:01:18 bad
2021-07-30 00:01:20 CHB 1899128?1627574478 第 1 次 等待 3 秒
2021-07-30 00:01:23 CHB 1899128?1627574478 第 1 次 获取到号码【1899128】GSD
2021-07-30 00:01:23 获取到号码【1899128】的GSD为【陕西-西安】
2021-07-30 00:01:32 GSD insert 第 1 次 等待 3 秒
2021-07-30 00:01:35 {"status":"ok","gid":438565,"msg":"添加成功！"}
2021-07-30 00:01:35 下次操作: 2021-07-30 00:01:56

2021-07-30 00:01:56 开始第 25 次操作

2021-07-30 00:01:56 开始操作号码 【1899127】
2021-07-30 00:02:04 GSD getOne 第 1 次 等待 3 秒
2021-07-30 00:02:07 查询号码 【1899127】，返回信息 {"status":"bad","msg":""}
2021-07-30 00:02:07 查询号码 【1899127】，GSD为【""】
2021-07-30 00:02:07 bad
2021-07-30 00:02:09 CHB 1899127?1627574527 第 1 次 等待 3 秒
2021-07-30 00:02:12 CHB 1899127?1627574527 第 1 次 获取到号码【1899127】GSD
2021-07-30 00:02:12 获取到号码【1899127】的GSD为【陕西-西安】
2021-07-30 00:02:23 GSD insert 第 1 次 等待 3 秒
2021-07-30 00:02:26 {"status":"ok","gid":438583,"msg":"添加成功！"}
2021-07-30 00:02:26 下次操作: 2021-07-30 00:02:46

2021-07-30 00:02:46 开始第 26 次操作

2021-07-30 00:02:46 开始操作号码 【1899126】
2021-07-30 00:02:54 GSD getOne 第 1 次 等待 3 秒
2021-07-30 00:02:57 查询号码 【1899126】，返回信息 {"status":"bad","msg":""}
2021-07-30 00:02:57 查询号码 【1899126】，GSD为【""】
2021-07-30 00:02:57 bad
2021-07-30 00:02:59 CHB 1899126?1627574577 第 1 次 等待 3 秒
2021-07-30 00:03:02 CHB 1899126?1627574577 第 1 次 获取到号码【1899126】GSD
2021-07-30 00:03:02 获取到号码【1899126】的GSD为【陕西-西安】
2021-07-30 00:03:05 GSD insert 第 1 次 等待 3 秒
2021-07-30 00:03:08 {"status":"ok","gid":438593,"msg":"添加成功！"}
2021-07-30 00:03:08 下次操作: 2021-07-30 00:03:21

2021-07-30 00:03:21 开始第 27 次操作

2021-07-30 00:03:21 开始操作号码 【1899125】
2021-07-30 00:03:25 GSD getOne 第 1 次 等待 3 秒
2021-07-30 00:03:28 查询号码 【1899125】，返回信息 {"status":"bad","msg":""}
2021-07-30 00:03:28 查询号码 【1899125】，GSD为【""】
2021-07-30 00:03:28 bad
2021-07-30 00:03:30 CHB 1899125?1627574608 第 1 次 等待 3 秒
2021-07-30 00:03:33 CHB 1899125?1627574608 第 1 次 获取到号码【1899125】GSD
2021-07-30 00:03:33 获取到号码【1899125】的GSD为【陕西-西安】
2021-07-30 00:03:37 GSD insert 第 1 次 等待 3 秒
2021-07-30 00:03:40 {"status":"ok","gid":438601,"msg":"添加成功！"}
2021-07-30 00:03:40 下次操作: 2021-07-30 00:04:02

2021-07-30 00:04:02 开始第 28 次操作

2021-07-30 00:04:02 开始操作号码 【1899124】
2021-07-30 00:04:06 GSD getOne 第 1 次 等待 3 秒
2021-07-30 00:04:09 查询号码 【1899124】，返回信息 {"status":"bad","msg":""}
2021-07-30 00:04:09 查询号码 【1899124】，GSD为【""】
2021-07-30 00:04:09 bad
2021-07-30 00:04:11 CHB 1899124?1627574649 第 1 次 等待 3 秒
2021-07-30 00:04:14 CHB 1899124?1627574649 第 1 次 获取到号码【1899124】GSD
2021-07-30 00:04:14 获取到号码【1899124】的GSD为【陕西-西安】
2021-07-30 00:04:20 GSD insert 第 1 次 等待 3 秒
2021-07-30 00:04:23 {"status":"ok","gid":438610,"msg":"添加成功！"}
2021-07-30 00:04:23 下次操作: 2021-07-30 00:04:46

2021-07-30 00:04:46 开始第 29 次操作

2021-07-30 00:04:46 开始操作号码 【1899123】
2021-07-30 00:04:52 GSD getOne 第 1 次 等待 3 秒
2021-07-30 00:04:55 查询号码 【1899123】，返回信息 {"status":"bad","msg":""}
2021-07-30 00:04:55 查询号码 【1899123】，GSD为【""】
2021-07-30 00:04:55 bad
2021-07-30 00:04:57 CHB 1899123?1627574695 第 1 次 等待 3 秒
2021-07-30 00:05:00 CHB 1899123?1627574695 第 1 次 获取到号码【1899123】GSD
2021-07-30 00:05:00 获取到号码【1899123】的GSD为【陕西-西安】
2021-07-30 00:05:24 GSD insert 第 1 次 等待 3 秒
2021-07-30 00:05:27 {"status":"ok","gid":438623,"msg":"添加成功！"}
2021-07-30 00:05:27 下次操作: 2021-07-30 00:05:44

2021-07-30 00:05:44 开始第 30 次操作

2021-07-30 00:05:44 开始操作号码 【1899122】
2021-07-30 00:05:49 GSD getOne 第 1 次 等待 3 秒
2021-07-30 00:05:52 查询号码 【1899122】，返回信息 {"status":"bad","msg":""}
2021-07-30 00:05:52 查询号码 【1899122】，GSD为【""】
2021-07-30 00:05:52 bad
2021-07-30 00:05:54 CHB 1899122?1627574752 第 1 次 等待 3 秒
2021-07-30 00:05:57 CHB 1899122?1627574752 第 1 次 获取到号码【1899122】GSD
2021-07-30 00:05:57 获取到号码【1899122】的GSD为【陕西-西安】
2021-07-30 00:06:05 GSD insert 第 1 次 等待 3 秒
2021-07-30 00:06:08 {"status":"ok","gid":438633,"msg":"添加成功！"}
2021-07-30 00:06:08 下次操作: 2021-07-30 00:06:27

2021-07-30 00:06:27 开始第 31 次操作

2021-07-30 00:06:27 开始操作号码 【1899121】
2021-07-30 00:06:31 GSD getOne 第 1 次 等待 3 秒
2021-07-30 00:06:34 查询号码 【1899121】，返回信息 {"status":"bad","msg":""}
2021-07-30 00:06:34 查询号码 【1899121】，GSD为【""】
2021-07-30 00:06:34 bad
2021-07-30 00:06:36 CHB 1899121?1627574794 第 1 次 等待 3 秒
2021-07-30 00:06:39 CHB 1899121?1627574794 第 1 次 获取到号码【1899121】GSD
2021-07-30 00:06:39 获取到号码【1899121】的GSD为【陕西-西安】
2021-07-30 00:06:43 GSD insert 第 1 次 等待 3 秒
2021-07-30 00:06:46 {"status":"ok","gid":438643,"msg":"添加成功！"}
2021-07-30 00:06:46 下次操作: 2021-07-30 00:07:01

2021-07-30 00:07:01 开始第 32 次操作

2021-07-30 00:07:01 开始操作号码 【1899120】
2021-07-30 00:07:05 GSD getOne 第 1 次 等待 3 秒
2021-07-30 00:07:08 查询号码 【1899120】，返回信息 {"status":"bad","msg":""}
2021-07-30 00:07:08 查询号码 【1899120】，GSD为【""】
2021-07-30 00:07:08 bad
2021-07-30 00:07:09 CHB 1899120?1627574828 第 1 次 等待 3 秒
2021-07-30 00:07:12 CHB 1899120?1627574828 第 1 次 获取到号码【1899120】GSD
2021-07-30 00:07:12 获取到号码【1899120】的GSD为【陕西-西安】
2021-07-30 00:07:16 GSD insert 第 1 次 等待 3 秒
2021-07-30 00:07:19 {"status":"ok","gid":438653,"msg":"添加成功！"}
2021-07-30 00:07:19 下次操作: 2021-07-30 00:07:39

2021-07-30 00:07:39 开始第 33 次操作

2021-07-30 00:07:39 开始操作号码 【1899119】
2021-07-30 00:07:43 GSD getOne 第 1 次 等待 3 秒
2021-07-30 00:07:46 查询号码 【1899119】，返回信息 {"status":"bad","msg":""}
2021-07-30 00:07:46 查询号码 【1899119】，GSD为【""】
2021-07-30 00:07:46 bad
2021-07-30 00:07:49 CHB 1899119?1627574866 第 1 次 等待 3 秒
2021-07-30 00:07:52 CHB 1899119?1627574866 第 1 次 获取到号码【1899119】GSD
2021-07-30 00:07:52 获取到号码【1899119】的GSD为【陕西-西安】
2021-07-30 00:08:11 GSD insert 第 1 次 等待 3 秒
2021-07-30 00:08:14 {"status":"ok","gid":438668,"msg":"添加成功！"}
2021-07-30 00:08:14 下次操作: 2021-07-30 00:08:31

2021-07-30 00:08:31 开始第 34 次操作

2021-07-30 00:08:31 开始操作号码 【1899118】
2021-07-30 00:08:39 GSD getOne 第 1 次 等待 3 秒
2021-07-30 00:08:42 查询号码 【1899118】，返回信息 {"status":"bad","msg":""}
2021-07-30 00:08:42 查询号码 【1899118】，GSD为【""】
2021-07-30 00:08:42 bad
2021-07-30 00:08:44 CHB 1899118?1627574922 第 1 次 等待 3 秒
2021-07-30 00:08:47 CHB 1899118?1627574922 第 1 次 获取到号码【1899118】GSD
2021-07-30 00:08:47 获取到号码【1899118】的GSD为【陕西-西安】
2021-07-30 00:08:50 GSD insert 第 1 次 等待 3 秒
2021-07-30 00:08:53 {"status":"ok","gid":438678,"msg":"添加成功！"}
2021-07-30 00:08:53 下次操作: 2021-07-30 00:09:09

2021-07-30 00:09:09 开始第 35 次操作

2021-07-30 00:09:09 开始操作号码 【1899117】
2021-07-30 00:09:15 GSD getOne 第 1 次 等待 3 秒
2021-07-30 00:09:18 查询号码 【1899117】，返回信息 {"status":"bad","msg":""}
2021-07-30 00:09:18 查询号码 【1899117】，GSD为【""】
2021-07-30 00:09:18 bad
2021-07-30 00:09:20 CHB 1899117?1627574958 第 1 次 等待 3 秒
2021-07-30 00:09:23 CHB 1899117?1627574958 第 1 次 获取到号码【1899117】GSD
2021-07-30 00:09:23 获取到号码【1899117】的GSD为【陕西-西安】
2021-07-30 00:09:26 GSD insert 第 1 次 等待 3 秒
2021-07-30 00:09:29 {"status":"ok","gid":438687,"msg":"添加成功！"}
2021-07-30 00:09:29 下次操作: 2021-07-30 00:09:48

2021-07-30 00:09:48 开始第 36 次操作

2021-07-30 00:09:48 开始操作号码 【1899116】
2021-07-30 00:09:52 GSD getOne 第 1 次 等待 3 秒
2021-07-30 00:09:55 查询号码 【1899116】，返回信息 {"status":"bad","msg":""}
2021-07-30 00:09:55 查询号码 【1899116】，GSD为【""】
2021-07-30 00:09:55 bad
2021-07-30 00:09:58 CHB 1899116?1627574995 第 1 次 等待 3 秒
2021-07-30 00:10:01 CHB 1899116?1627574995 第 1 次 获取到号码【1899116】GSD
2021-07-30 00:10:01 获取到号码【1899116】的GSD为【陕西-西安】
2021-07-30 00:10:06 GSD insert 第 1 次 等待 3 秒
2021-07-30 00:10:09 {"status":"ok","gid":438696,"msg":"添加成功！"}
2021-07-30 00:10:09 下次操作: 2021-07-30 00:10:27

2021-07-30 00:10:27 开始第 37 次操作

2021-07-30 00:10:27 开始操作号码 【1899115】
2021-07-30 00:10:57 GSD getOne 第 1 次 等待 3 秒
2021-07-30 00:11:00 查询号码 【1899115】，返回信息 {"status":"bad","msg":""}
2021-07-30 00:11:00 查询号码 【1899115】，GSD为【""】
2021-07-30 00:11:00 bad
2021-07-30 00:11:02 CHB 1899115?1627575060 第 1 次 等待 3 秒
2021-07-30 00:11:05 CHB 1899115?1627575060 第 1 次 获取到号码【1899115】GSD
2021-07-30 00:11:05 获取到号码【1899115】的GSD为【陕西-西安】
2021-07-30 00:11:08 GSD insert 第 1 次 等待 3 秒
2021-07-30 00:11:11 {"status":"ok","gid":438708,"msg":"添加成功！"}
2021-07-30 00:11:11 下次操作: 2021-07-30 00:11:31

2021-07-30 00:11:31 开始第 38 次操作

2021-07-30 00:11:31 开始操作号码 【1899114】
2021-07-30 00:11:37 GSD getOne 第 1 次 等待 3 秒
2021-07-30 00:11:40 查询号码 【1899114】，返回信息 {"status":"bad","msg":""}
2021-07-30 00:11:40 查询号码 【1899114】，GSD为【""】
2021-07-30 00:11:40 bad
2021-07-30 00:11:41 CHB 1899114?1627575100 第 1 次 等待 3 秒
2021-07-30 00:11:44 CHB 1899114?1627575100 第 1 次 获取到号码【1899114】GSD
2021-07-30 00:11:44 获取到号码【1899114】的GSD为【陕西-西安】
2021-07-30 00:11:50 GSD insert 第 1 次 等待 3 秒
2021-07-30 00:11:53 {"status":"ok","gid":438720,"msg":"添加成功！"}
2021-07-30 00:11:53 下次操作: 2021-07-30 00:12:13

2021-07-30 00:12:13 开始第 39 次操作

2021-07-30 00:12:13 开始操作号码 【1899113】
2021-07-30 00:12:18 GSD getOne 第 1 次 等待 3 秒
2021-07-30 00:12:21 查询号码 【1899113】，返回信息 {"status":"bad","msg":""}
2021-07-30 00:12:21 查询号码 【1899113】，GSD为【""】
2021-07-30 00:12:21 bad
2021-07-30 00:12:23 CHB 1899113?1627575141 第 1 次 等待 3 秒
2021-07-30 00:12:26 CHB 1899113?1627575141 第 1 次 获取到号码【1899113】GSD
2021-07-30 00:12:26 获取到号码【1899113】的GSD为【陕西-西安】
2021-07-30 00:12:31 GSD insert 第 1 次 等待 3 秒
2021-07-30 00:12:34 {"status":"ok","gid":438728,"msg":"添加成功！"}
2021-07-30 00:12:34 下次操作: 2021-07-30 00:12:56

2021-07-30 00:12:56 开始第 40 次操作

2021-07-30 00:12:56 开始操作号码 【1899112】
2021-07-30 00:13:01 GSD getOne 第 1 次 等待 3 秒
2021-07-30 00:13:04 查询号码 【1899112】，返回信息 {"status":"bad","msg":""}
2021-07-30 00:13:04 查询号码 【1899112】，GSD为【""】
2021-07-30 00:13:04 bad
2021-07-30 00:13:06 CHB 1899112?1627575184 第 1 次 等待 3 秒
2021-07-30 00:13:09 CHB 1899112?1627575184 第 1 次 获取到号码【1899112】GSD
2021-07-30 00:13:09 获取到号码【1899112】的GSD为【陕西-西安】
2021-07-30 00:13:13 GSD insert 第 1 次 等待 3 秒
2021-07-30 00:13:16 {"status":"ok","gid":438739,"msg":"添加成功！"}

