2024-02-11 00:20:23 开始第 2989 次操作

2024-02-11 00:20:23 开始操作号码 【1682901】
2024-02-11 00:20:28 GSD getOne 第 1 次 等待 3 秒
2024-02-11 00:20:31 查询号码 【1682901】，返回信息 {"status":"ok","msg":"-","gid":"574180","time_insert":"2023-03-06 19:56"}
2024-02-11 00:20:31 查询号码 【1682901】，GSD为【"-"】
2024-02-11 00:20:31 ok && -
2024-02-11 00:20:33 CHB 1682901?1707582031 第 1 次 等待 3 秒
2024-02-11 00:20:36 CHB 1682901?1707582031 第 1 次 获取到号码【1682901】GSD
2024-02-11 00:20:36 未获取到号码【1682901】GSD，可能号码格式错误
2024-02-11 00:20:36 获取到号码【1682901】的GSD为【-】
2024-02-11 00:20:40 GSD insert 第 1 次 等待 3 秒
2024-02-11 00:20:43 {"status":"bad","gid":"574180","msg":"添加失败！号码【1682901(-|-)】已存在！"}
2024-02-11 00:20:43 随机等待 187 秒，约 3 分钟
2024-02-11 00:20:43 下次操作: 2024-02-11 00:23:50

2024-02-11 00:23:50 开始第 2990 次操作

2024-02-11 00:23:50 开始操作号码 【1682902】
2024-02-11 00:23:54 GSD getOne 第 1 次 等待 3 秒
2024-02-11 00:23:57 查询号码 【1682902】，返回信息 {"status":"ok","msg":"-","gid":"574199","time_insert":"2023-03-06 20:11"}
2024-02-11 00:23:57 查询号码 【1682902】，GSD为【"-"】
2024-02-11 00:23:57 ok && -
2024-02-11 00:24:00 CHB 1682902?1707582237 第 1 次 等待 3 秒
2024-02-11 00:24:03 CHB 1682902?1707582237 第 1 次 获取到号码【1682902】GSD
2024-02-11 00:24:03 未获取到号码【1682902】GSD，可能号码格式错误
2024-02-11 00:24:03 获取到号码【1682902】的GSD为【-】
2024-02-11 00:24:12 GSD insert 第 1 次 等待 3 秒
2024-02-11 00:24:15 {"status":"bad","gid":"574199","msg":"添加失败！号码【1682902(-|-)】已存在！"}
2024-02-11 00:24:15 随机等待 186 秒，约 3 分钟
2024-02-11 00:24:15 下次操作: 2024-02-11 00:27:21

2024-02-11 00:27:21 开始第 2991 次操作

2024-02-11 00:27:21 开始操作号码 【1682903】
2024-02-11 00:27:26 GSD getOne 第 1 次 等待 3 秒
2024-02-11 00:27:29 查询号码 【1682903】，返回信息 {"status":"ok","msg":"-","gid":"574228","time_insert":"2023-03-06 20:32"}
2024-02-11 00:27:29 查询号码 【1682903】，GSD为【"-"】
2024-02-11 00:27:29 ok && -
2024-02-11 00:27:31 CHB 1682903?1707582449 第 1 次 等待 3 秒
2024-02-11 00:27:34 CHB 1682903?1707582449 第 1 次 获取到号码【1682903】GSD
2024-02-11 00:27:34 未获取到号码【1682903】GSD，可能号码格式错误
2024-02-11 00:27:34 获取到号码【1682903】的GSD为【-】
2024-02-11 00:27:38 GSD insert 第 1 次 等待 3 秒
2024-02-11 00:27:41 {"status":"bad","gid":"574228","msg":"添加失败！号码【1682903(-|-)】已存在！"}
2024-02-11 00:27:41 随机等待 111 秒，约 1 分钟
2024-02-11 00:27:41 下次操作: 2024-02-11 00:29:32

2024-02-11 00:29:32 开始第 2992 次操作

2024-02-11 00:29:32 开始操作号码 【1682904】
2024-02-11 00:29:38 GSD getOne 第 1 次 等待 3 秒
2024-02-11 00:29:41 查询号码 【1682904】，返回信息 {"status":"ok","msg":"-","gid":"574249","time_insert":"2023-03-06 20:50"}
2024-02-11 00:29:41 查询号码 【1682904】，GSD为【"-"】
2024-02-11 00:29:41 ok && -
2024-02-11 00:29:43 CHB 1682904?1707582581 第 1 次 等待 3 秒
2024-02-11 00:29:46 CHB 1682904?1707582581 第 1 次 获取到号码【1682904】GSD
2024-02-11 00:29:46 未获取到号码【1682904】GSD，可能号码格式错误
2024-02-11 00:29:46 获取到号码【1682904】的GSD为【-】
2024-02-11 00:29:50 GSD insert 第 1 次 等待 3 秒
2024-02-11 00:29:53 {"status":"bad","gid":"574249","msg":"添加失败！号码【1682904(-|-)】已存在！"}

