2024-03-08 00:20:29 开始第 7573 次操作

2024-03-08 00:20:29 开始操作号码 【1687485】
2024-03-08 00:20:35 GSD getOne 第 1 次 等待 3 秒
2024-03-08 00:20:38 查询号码 【1687485】，返回信息 {"status":"ok","msg":"-","gid":"671188","time_insert":"2023-04-22 17:40"}
2024-03-08 00:20:38 查询号码 【1687485】，GSD为【"-"】
2024-03-08 00:20:38 ok && -
2024-03-08 00:20:40 CHB 1687485?1709828438 第 1 次 等待 3 秒
2024-03-08 00:20:43 CHB 1687485?1709828438 第 1 次 获取到号码【1687485】GSD
2024-03-08 00:20:43 未获取到号码【1687485】GSD，可能号码格式错误
2024-03-08 00:20:43 获取到号码【1687485】的GSD为【-】
2024-03-08 00:20:48 GSD insert 第 1 次 等待 3 秒
2024-03-08 00:20:51 {"status":"bad","gid":"671188","msg":"添加失败！号码【1687485(-|-)】已存在！"}
2024-03-08 00:20:51 随机等待 105 秒，约 1 分钟
2024-03-08 00:20:51 下次操作: 2024-03-08 00:22:36

2024-03-08 00:22:36 开始第 7574 次操作

2024-03-08 00:22:36 开始操作号码 【1687486】
2024-03-08 00:22:40 GSD getOne 第 1 次 等待 3 秒
2024-03-08 00:22:43 查询号码 【1687486】，返回信息 {"status":"ok","msg":"-","gid":"671183","time_insert":"2023-04-22 17:37"}
2024-03-08 00:22:43 查询号码 【1687486】，GSD为【"-"】
2024-03-08 00:22:43 ok && -
2024-03-08 00:22:50 CHB 1687486?1709828563 第 1 次 等待 3 秒
2024-03-08 00:22:53 CHB 1687486?1709828563 第 1 次 获取到号码【1687486】GSD
2024-03-08 00:22:53 未获取到号码【1687486】GSD，可能号码格式错误
2024-03-08 00:22:53 获取到号码【1687486】的GSD为【-】
2024-03-08 00:22:57 GSD insert 第 1 次 等待 3 秒
2024-03-08 00:23:00 {"status":"bad","gid":"671183","msg":"添加失败！号码【1687486(-|-)】已存在！"}
2024-03-08 00:23:00 随机等待 185 秒，约 3 分钟
2024-03-08 00:23:00 下次操作: 2024-03-08 00:26:05

2024-03-08 00:26:05 开始第 7575 次操作

2024-03-08 00:26:05 开始操作号码 【1687487】
2024-03-08 00:26:09 GSD getOne 第 1 次 等待 3 秒
2024-03-08 00:26:12 查询号码 【1687487】，返回信息 {"status":"ok","msg":"-","gid":"671180","time_insert":"2023-04-22 17:35"}
2024-03-08 00:26:12 查询号码 【1687487】，GSD为【"-"】
2024-03-08 00:26:12 ok && -
2024-03-08 00:26:18 CHB 1687487?1709828772 第 1 次 等待 3 秒
2024-03-08 00:26:21 CHB 1687487?1709828772 第 1 次 获取到号码【1687487】GSD
2024-03-08 00:26:21 未获取到号码【1687487】GSD，可能号码格式错误
2024-03-08 00:26:21 获取到号码【1687487】的GSD为【-】
2024-03-08 00:26:28 GSD insert 第 1 次 等待 3 秒
2024-03-08 00:26:31 {"status":"bad","gid":"671180","msg":"添加失败！号码【1687487(-|-)】已存在！"}
2024-03-08 00:26:31 随机等待 133 秒，约 2 分钟
2024-03-08 00:26:31 下次操作: 2024-03-08 00:28:44

2024-03-08 00:28:44 开始第 7576 次操作

2024-03-08 00:28:44 开始操作号码 【1687488】
2024-03-08 00:28:48 GSD getOne 第 1 次 等待 3 秒
2024-03-08 00:28:51 查询号码 【1687488】，返回信息 {"status":"ok","msg":"-","gid":"671170","time_insert":"2023-04-22 17:28"}
2024-03-08 00:28:51 查询号码 【1687488】，GSD为【"-"】
2024-03-08 00:28:51 ok && -
2024-03-08 00:28:57 CHB 1687488?1709828931 第 1 次 等待 3 秒
2024-03-08 00:29:00 CHB 1687488?1709828931 第 1 次 获取到号码【1687488】GSD
2024-03-08 00:29:00 未获取到号码【1687488】GSD，可能号码格式错误
2024-03-08 00:29:00 获取到号码【1687488】的GSD为【-】
2024-03-08 00:29:04 GSD insert 第 1 次 等待 3 秒
2024-03-08 00:29:07 {"status":"bad","gid":"671170","msg":"添加失败！号码【1687488(-|-)】已存在！"}

2024-03-08 00:37:55 开始第 7577 次操作

2024-03-08 00:37:55 开始操作号码 【1687489】
2024-03-08 00:38:02 GSD getOne 第 1 次 等待 3 秒
2024-03-08 00:38:05 查询号码 【1687489】，返回信息 {"status":"ok","msg":"-","gid":"671159","time_insert":"2023-04-22 17:19"}
2024-03-08 00:38:05 查询号码 【1687489】，GSD为【"-"】
2024-03-08 00:38:05 ok && -
2024-03-08 00:38:07 CHB 1687489?1709829485 第 1 次 等待 3 秒
2024-03-08 00:38:10 CHB 1687489?1709829485 第 1 次 获取到号码【1687489】GSD
2024-03-08 00:38:10 未获取到号码【1687489】GSD，可能号码格式错误
2024-03-08 00:38:10 获取到号码【1687489】的GSD为【-】
2024-03-08 00:38:15 GSD insert 第 1 次 等待 3 秒
2024-03-08 00:38:18 {"status":"bad","gid":"671159","msg":"添加失败！号码【1687489(-|-)】已存在！"}
2024-03-08 00:38:18 随机等待 66 秒，约 1 分钟
2024-03-08 00:38:18 下次操作: 2024-03-08 00:39:24

2024-03-08 00:39:24 开始第 7578 次操作

2024-03-08 00:39:24 开始操作号码 【1687490】
2024-03-08 00:39:28 GSD getOne 第 1 次 等待 3 秒
2024-03-08 00:39:31 查询号码 【1687490】，返回信息 {"status":"ok","msg":"-","gid":"671156","time_insert":"2023-04-22 17:16"}
2024-03-08 00:39:31 查询号码 【1687490】，GSD为【"-"】
2024-03-08 00:39:31 ok && -
2024-03-08 00:39:33 CHB 1687490?1709829571 第 1 次 等待 3 秒
2024-03-08 00:39:36 CHB 1687490?1709829571 第 1 次 获取到号码【1687490】GSD
2024-03-08 00:39:36 未获取到号码【1687490】GSD，可能号码格式错误
2024-03-08 00:39:36 获取到号码【1687490】的GSD为【-】
2024-03-08 00:39:41 GSD insert 第 1 次 等待 3 秒
2024-03-08 00:39:44 {"status":"bad","gid":"671156","msg":"添加失败！号码【1687490(-|-)】已存在！"}
2024-03-08 00:39:44 随机等待 124 秒，约 2 分钟
2024-03-08 00:39:44 下次操作: 2024-03-08 00:41:48

2024-03-08 00:41:48 开始第 7579 次操作

2024-03-08 00:41:48 开始操作号码 【1687491】
2024-03-08 00:41:52 GSD getOne 第 1 次 等待 3 秒
2024-03-08 00:41:55 查询号码 【1687491】，返回信息 {"status":"ok","msg":"-","gid":"671152","time_insert":"2023-04-22 17:13"}
2024-03-08 00:41:55 查询号码 【1687491】，GSD为【"-"】
2024-03-08 00:41:55 ok && -
2024-03-08 00:41:58 CHB 1687491?1709829715 第 1 次 等待 3 秒
2024-03-08 00:42:01 CHB 1687491?1709829715 第 1 次 获取到号码【1687491】GSD
2024-03-08 00:42:01 未获取到号码【1687491】GSD，可能号码格式错误
2024-03-08 00:42:01 获取到号码【1687491】的GSD为【-】
2024-03-08 00:42:05 GSD insert 第 1 次 等待 3 秒
2024-03-08 00:42:08 {"status":"bad","gid":"671152","msg":"添加失败！号码【1687491(-|-)】已存在！"}
2024-03-08 00:42:08 随机等待 102 秒，约 1 分钟
2024-03-08 00:42:08 下次操作: 2024-03-08 00:43:50

2024-03-08 00:43:50 开始第 7580 次操作

2024-03-08 00:43:50 开始操作号码 【1687492】
2024-03-08 00:43:55 GSD getOne 第 1 次 等待 3 秒
2024-03-08 00:43:58 查询号码 【1687492】，返回信息 {"status":"ok","msg":"-","gid":"671140","time_insert":"2023-04-22 17:04"}
2024-03-08 00:43:58 查询号码 【1687492】，GSD为【"-"】
2024-03-08 00:43:58 ok && -
2024-03-08 00:44:00 CHB 1687492?1709829838 第 1 次 等待 3 秒
2024-03-08 00:44:03 CHB 1687492?1709829838 第 1 次 获取到号码【1687492】GSD
2024-03-08 00:44:03 未获取到号码【1687492】GSD，可能号码格式错误
2024-03-08 00:44:03 获取到号码【1687492】的GSD为【-】
2024-03-08 00:44:07 GSD insert 第 1 次 等待 3 秒
2024-03-08 00:44:10 {"status":"bad","gid":"671140","msg":"添加失败！号码【1687492(-|-)】已存在！"}

2024-03-08 01:17:47 开始第 7581 次操作

2024-03-08 01:17:47 开始操作号码 【1687493】
2024-03-08 01:17:51 GSD getOne 第 1 次 等待 3 秒
2024-03-08 01:17:54 查询号码 【1687493】，返回信息 {"status":"ok","msg":"-","gid":"671137","time_insert":"2023-04-22 17:01"}
2024-03-08 01:17:55 查询号码 【1687493】，GSD为【"-"】
2024-03-08 01:17:55 ok && -
2024-03-08 01:17:57 CHB 1687493?1709831875 第 1 次 等待 3 秒
2024-03-08 01:18:00 CHB 1687493?1709831875 第 1 次 获取到号码【1687493】GSD
2024-03-08 01:18:00 未获取到号码【1687493】GSD，可能号码格式错误
2024-03-08 01:18:00 获取到号码【1687493】的GSD为【-】
2024-03-08 01:18:04 GSD insert 第 1 次 等待 3 秒
2024-03-08 01:18:07 {"status":"bad","gid":"671137","msg":"添加失败！号码【1687493(-|-)】已存在！"}
2024-03-08 01:18:07 随机等待 153 秒，约 2 分钟
2024-03-08 01:18:07 下次操作: 2024-03-08 01:20:40

2024-03-08 01:20:40 开始第 7582 次操作

2024-03-08 01:20:40 开始操作号码 【1687494】
2024-03-08 01:20:44 GSD getOne 第 1 次 等待 3 秒
2024-03-08 01:20:47 查询号码 【1687494】，返回信息 {"status":"ok","msg":"-","gid":"671133","time_insert":"2023-04-22 16:59"}
2024-03-08 01:20:47 查询号码 【1687494】，GSD为【"-"】
2024-03-08 01:20:47 ok && -
2024-03-08 01:20:49 CHB 1687494?1709832047 第 1 次 等待 3 秒
2024-03-08 01:20:52 CHB 1687494?1709832047 第 1 次 获取到号码【1687494】GSD
2024-03-08 01:20:52 未获取到号码【1687494】GSD，可能号码格式错误
2024-03-08 01:20:52 获取到号码【1687494】的GSD为【-】
2024-03-08 01:20:57 GSD insert 第 1 次 等待 3 秒
2024-03-08 01:21:00 {"status":"bad","gid":"671133","msg":"添加失败！号码【1687494(-|-)】已存在！"}
2024-03-08 01:21:00 随机等待 181 秒，约 3 分钟
2024-03-08 01:21:00 下次操作: 2024-03-08 01:24:01

2024-03-08 01:24:01 开始第 7583 次操作

2024-03-08 01:24:01 开始操作号码 【1687495】
2024-03-08 01:24:05 GSD getOne 第 1 次 等待 3 秒
2024-03-08 01:24:08 查询号码 【1687495】，返回信息 {"status":"ok","msg":"-","gid":"671131","time_insert":"2023-04-22 16:57"}
2024-03-08 01:24:08 查询号码 【1687495】，GSD为【"-"】
2024-03-08 01:24:08 ok && -
2024-03-08 01:24:10 CHB 1687495?1709832248 第 1 次 等待 3 秒
2024-03-08 01:24:13 CHB 1687495?1709832248 第 1 次 获取到号码【1687495】GSD
2024-03-08 01:24:13 未获取到号码【1687495】GSD，可能号码格式错误
2024-03-08 01:24:13 获取到号码【1687495】的GSD为【-】
2024-03-08 01:24:17 GSD insert 第 1 次 等待 3 秒
2024-03-08 01:24:20 {"status":"bad","gid":"671131","msg":"添加失败！号码【1687495(-|-)】已存在！"}
2024-03-08 01:24:20 随机等待 125 秒，约 2 分钟
2024-03-08 01:24:20 下次操作: 2024-03-08 01:26:25

2024-03-08 01:26:25 开始第 7584 次操作

2024-03-08 01:26:25 开始操作号码 【1687496】
2024-03-08 01:26:29 GSD getOne 第 1 次 等待 3 秒
2024-03-08 01:26:32 查询号码 【1687496】，返回信息 {"status":"ok","msg":"-","gid":"671127","time_insert":"2023-04-22 16:54"}
2024-03-08 01:26:32 查询号码 【1687496】，GSD为【"-"】
2024-03-08 01:26:32 ok && -
2024-03-08 01:26:38 CHB 1687496?1709832392 第 1 次 等待 3 秒
2024-03-08 01:26:41 CHB 1687496?1709832392 第 1 次 获取到号码【1687496】GSD
2024-03-08 01:26:41 未获取到号码【1687496】GSD，可能号码格式错误
2024-03-08 01:26:41 获取到号码【1687496】的GSD为【-】
2024-03-08 01:26:46 GSD insert 第 1 次 等待 3 秒
2024-03-08 01:26:49 {"status":"bad","gid":"671127","msg":"添加失败！号码【1687496(-|-)】已存在！"}

