2024-06-13 00:24:07 开始第 385 次操作

2024-06-13 00:24:07 开始操作号码 【1460292】
2024-06-13 00:24:14 GSD getOne 第 1 次 等待 3 秒
2024-06-13 00:24:17 查询号码 【1460292】，返回信息 {"status":"ok","msg":"江苏-南京","gid":"71086","time_insert":"2021-05-28 13:50"}
2024-06-13 00:24:17 查询号码 【1460292】，GSD为【"江苏-南京"】

2024-06-13 00:24:19 开始第 386 次操作

2024-06-13 00:24:19 开始操作号码 【1460293】
2024-06-13 00:24:28 GSD getOne 第 1 次 等待 3 秒
2024-06-13 00:24:31 查询号码 【1460293】，返回信息 {"status":"ok","msg":"江苏-南京","gid":"71111","time_insert":"2021-05-28 14:17","time_update":"2021-06-24 03:39"}
2024-06-13 00:24:31 查询号码 【1460293】，GSD为【"江苏-南京"】

2024-06-13 00:24:32 开始第 387 次操作

2024-06-13 00:24:32 开始操作号码 【1460294】
2024-06-13 00:24:42 GSD getOne 第 1 次 等待 3 秒
2024-06-13 00:24:45 查询号码 【1460294】，返回信息 {"status":"ok","msg":"江苏-南京","gid":"71131","time_insert":"2021-05-28 14:39"}
2024-06-13 00:24:46 查询号码 【1460294】，GSD为【"江苏-南京"】

2024-06-13 00:24:47 开始第 388 次操作

2024-06-13 00:24:47 开始操作号码 【1460295】
2024-06-13 00:24:53 GSD getOne 第 1 次 等待 3 秒
2024-06-13 00:24:56 查询号码 【1460295】，返回信息 {"status":"ok","msg":"江苏-南京","gid":"71160","time_insert":"2021-05-28 15:01"}
2024-06-13 00:24:56 查询号码 【1460295】，GSD为【"江苏-南京"】

