2021-08-02 00:01:10 开始第 17 次操作

2021-08-02 00:01:10 开始操作号码 【1895548】
2021-08-02 00:01:17 GSD getOne 第 1 次 等待 3 秒
2021-08-02 00:01:20 查询号码 【1895548】，返回信息 {"status":"bad","msg":""}
2021-08-02 00:01:20 查询号码 【1895548】，GSD为【""】
2021-08-02 00:01:20 bad
2021-08-02 00:01:22 CHB 1895548?1627833680 第 1 次 等待 3 秒
2021-08-02 00:01:25 CHB 1895548?1627833680 第 1 次 获取到号码【1895548】GSD
2021-08-02 00:01:25 获取到号码【1895548】的GSD为【安徽-淮南】
2021-08-02 00:01:50 GSD insert 第 1 次 等待 3 秒
2021-08-02 00:01:53 {"status":"ok","gid":473059,"msg":"添加成功！"}
2021-08-02 00:01:53 下次操作: 2021-08-02 00:02:11

2021-08-02 00:02:11 开始第 18 次操作

2021-08-02 00:02:11 开始操作号码 【1895547】
2021-08-02 00:02:39 GSD getOne 第 1 次 等待 3 秒
2021-08-02 00:02:42 查询号码 【1895547】，返回信息 {"status":"bad","msg":""}
2021-08-02 00:02:42 查询号码 【1895547】，GSD为【""】
2021-08-02 00:02:42 bad
2021-08-02 00:02:43 CHB 1895547?1627833762 第 1 次 等待 3 秒
2021-08-02 00:02:46 CHB 1895547?1627833762 第 1 次 获取到号码【1895547】GSD
2021-08-02 00:02:46 获取到号码【1895547】的GSD为【安徽-淮南】
2021-08-02 00:03:05 GSD insert 第 1 次 等待 3 秒
2021-08-02 00:03:08 {"status":"ok","gid":473073,"msg":"添加成功！"}
2021-08-02 00:03:09 下次操作: 2021-08-02 00:03:31

2021-08-02 00:03:32 开始第 19 次操作

2021-08-02 00:03:32 开始操作号码 【1895546】
2021-08-02 00:03:39 GSD getOne 第 1 次 等待 3 秒
2021-08-02 00:03:42 查询号码 【1895546】，返回信息 {"status":"bad","msg":""}
2021-08-02 00:03:42 查询号码 【1895546】，GSD为【""】
2021-08-02 00:03:42 bad
2021-08-02 00:03:44 CHB 1895546?1627833822 第 1 次 等待 3 秒
2021-08-02 00:03:47 CHB 1895546?1627833822 第 1 次 获取到号码【1895546】GSD
2021-08-02 00:03:47 获取到号码【1895546】的GSD为【安徽-淮南】
2021-08-02 00:04:16 GSD insert 第 1 次 等待 3 秒
2021-08-02 00:04:19 {"status":"ok","gid":473088,"msg":"添加成功！"}
2021-08-02 00:04:19 下次操作: 2021-08-02 00:04:38

2021-08-02 00:04:38 开始第 20 次操作

2021-08-02 00:04:38 开始操作号码 【1895545】
2021-08-02 00:04:43 GSD getOne 第 1 次 等待 3 秒
2021-08-02 00:04:46 查询号码 【1895545】，返回信息 {"status":"bad","msg":""}
2021-08-02 00:04:46 查询号码 【1895545】，GSD为【""】
2021-08-02 00:04:46 bad
2021-08-02 00:04:47 CHB 1895545?1627833886 第 1 次 等待 3 秒
2021-08-02 00:04:50 CHB 1895545?1627833886 第 1 次 获取到号码【1895545】GSD
2021-08-02 00:04:50 获取到号码【1895545】的GSD为【安徽-淮南】
2021-08-02 00:05:11 GSD insert 第 1 次 等待 3 秒
2021-08-02 00:05:14 {"status":"ok","gid":473100,"msg":"添加成功！"}
2021-08-02 00:05:14 下次操作: 2021-08-02 00:05:30

2021-08-02 00:05:30 开始第 21 次操作

2021-08-02 00:05:30 开始操作号码 【1895544】
2021-08-02 00:06:29 GSD getOne 第 1 次 等待 3 秒
2021-08-02 00:06:32 查询号码 【1895544】，返回信息 {"status":"bad","msg":""}
2021-08-02 00:06:32 查询号码 【1895544】，GSD为【""】
2021-08-02 00:06:32 bad
2021-08-02 00:06:33 CHB 1895544?1627833992 第 1 次 等待 3 秒
2021-08-02 00:06:36 CHB 1895544?1627833992 第 1 次 获取到号码【1895544】GSD
2021-08-02 00:06:36 获取到号码【1895544】的GSD为【安徽-淮南】
2021-08-02 00:06:58 GSD insert 第 1 次 等待 3 秒
2021-08-02 00:07:01 {"status":"ok","gid":473125,"msg":"添加成功！"}
2021-08-02 00:07:01 下次操作: 2021-08-02 00:07:21

2021-08-02 00:07:21 开始第 22 次操作

2021-08-02 00:07:21 开始操作号码 【1895543】
2021-08-02 00:07:25 GSD getOne 第 1 次 等待 3 秒
2021-08-02 00:07:28 查询号码 【1895543】，返回信息 {"status":"bad","msg":""}
2021-08-02 00:07:28 查询号码 【1895543】，GSD为【""】
2021-08-02 00:07:28 bad
2021-08-02 00:07:30 CHB 1895543?1627834048 第 1 次 等待 3 秒
2021-08-02 00:07:33 CHB 1895543?1627834048 第 1 次 获取到号码【1895543】GSD
2021-08-02 00:07:33 获取到号码【1895543】的GSD为【安徽-淮南】
2021-08-02 00:07:58 GSD insert 第 1 次 等待 3 秒
2021-08-02 00:08:01 {"status":"ok","gid":473139,"msg":"添加成功！"}
2021-08-02 00:08:01 下次操作: 2021-08-02 00:08:23

2021-08-02 00:08:23 开始第 23 次操作

2021-08-02 00:08:23 开始操作号码 【1895542】
2021-08-02 00:08:28 GSD getOne 第 1 次 等待 3 秒
2021-08-02 00:08:31 查询号码 【1895542】，返回信息 {"status":"bad","msg":""}
2021-08-02 00:08:31 查询号码 【1895542】，GSD为【""】
2021-08-02 00:08:31 bad
2021-08-02 00:08:32 CHB 1895542?1627834111 第 1 次 等待 3 秒
2021-08-02 00:08:35 CHB 1895542?1627834111 第 1 次 获取到号码【1895542】GSD
2021-08-02 00:08:35 获取到号码【1895542】的GSD为【安徽-淮南】
2021-08-02 00:08:57 GSD insert 第 1 次 等待 3 秒
2021-08-02 00:09:00 {"status":"ok","gid":473151,"msg":"添加成功！"}
2021-08-02 00:09:00 下次操作: 2021-08-02 00:09:12

2021-08-02 00:09:12 开始第 24 次操作

2021-08-02 00:09:12 开始操作号码 【1895541】
2021-08-02 00:09:28 GSD getOne 第 1 次 等待 3 秒
2021-08-02 00:09:31 查询号码 【1895541】，返回信息 {"status":"bad","msg":""}
2021-08-02 00:09:31 查询号码 【1895541】，GSD为【""】
2021-08-02 00:09:31 bad
2021-08-02 00:09:32 CHB 1895541?1627834171 第 1 次 等待 3 秒
2021-08-02 00:09:35 CHB 1895541?1627834171 第 1 次 获取到号码【1895541】GSD
2021-08-02 00:09:35 获取到号码【1895541】的GSD为【安徽-淮南】
2021-08-02 00:10:59 GSD insert 第 1 次 等待 3 秒
2021-08-02 00:11:02 {"status":"ok","gid":473170,"msg":"添加成功！"}
2021-08-02 00:11:02 下次操作: 2021-08-02 00:11:22

2021-08-02 00:11:22 开始第 25 次操作

2021-08-02 00:11:22 开始操作号码 【1895540】
2021-08-02 00:11:28 GSD getOne 第 1 次 等待 3 秒
2021-08-02 00:11:31 查询号码 【1895540】，返回信息 {"status":"bad","msg":""}
2021-08-02 00:11:31 查询号码 【1895540】，GSD为【""】
2021-08-02 00:11:31 bad
2021-08-02 00:11:33 CHB 1895540?1627834291 第 1 次 等待 3 秒
2021-08-02 00:11:36 CHB 1895540?1627834291 第 1 次 获取到号码【1895540】GSD
2021-08-02 00:11:36 获取到号码【1895540】的GSD为【安徽-淮南】
2021-08-02 00:11:58 GSD insert 第 1 次 等待 3 秒
2021-08-02 00:12:01 {"status":"ok","gid":473181,"msg":"添加成功！"}
2021-08-02 00:12:01 下次操作: 2021-08-02 00:12:21

2021-08-02 00:12:21 开始第 26 次操作

2021-08-02 00:12:21 开始操作号码 【1895539】
2021-08-02 00:12:28 GSD getOne 第 1 次 等待 3 秒
2021-08-02 00:12:31 查询号码 【1895539】，返回信息 {"status":"bad","msg":""}
2021-08-02 00:12:32 查询号码 【1895539】，GSD为【""】
2021-08-02 00:12:32 bad
2021-08-02 00:12:33 CHB 1895539?1627834352 第 1 次 等待 3 秒
2021-08-02 00:12:36 CHB 1895539?1627834352 第 1 次 获取到号码【1895539】GSD
2021-08-02 00:12:36 获取到号码【1895539】的GSD为【安徽-芜湖】
2021-08-02 00:12:55 GSD insert 第 1 次 等待 3 秒
2021-08-02 00:12:58 {"status":"ok","gid":473194,"msg":"添加成功！"}
2021-08-02 00:12:58 下次操作: 2021-08-02 00:13:19

2021-08-02 00:13:19 开始第 27 次操作

2021-08-02 00:13:19 开始操作号码 【1895538】
2021-08-02 00:13:24 GSD getOne 第 1 次 等待 3 秒
2021-08-02 00:13:27 查询号码 【1895538】，返回信息 {"status":"bad","msg":""}
2021-08-02 00:13:27 查询号码 【1895538】，GSD为【""】
2021-08-02 00:13:27 bad
2021-08-02 00:13:28 CHB 1895538?1627834407 第 1 次 等待 3 秒
2021-08-02 00:13:31 CHB 1895538?1627834407 第 1 次 获取到号码【1895538】GSD
2021-08-02 00:13:32 获取到号码【1895538】的GSD为【安徽-芜湖】
2021-08-02 00:13:50 GSD insert 第 1 次 等待 3 秒
2021-08-02 00:13:53 {"status":"ok","gid":473200,"msg":"添加成功！"}
2021-08-02 00:13:53 下次操作: 2021-08-02 00:14:10

2021-08-02 00:14:10 开始第 28 次操作

2021-08-02 00:14:10 开始操作号码 【1895537】
2021-08-02 00:14:17 GSD getOne 第 1 次 等待 3 秒
2021-08-02 00:14:20 查询号码 【1895537】，返回信息 {"status":"ok","msg":"安徽-芜湖","gid":"45210","time_insert":"2017-04-20 15:28","time_update":"2020-08-10 09:29"}
2021-08-02 00:14:20 查询号码 【1895537】，GSD为【"安徽-芜湖"】

2021-08-02 00:14:20 开始第 28 次操作

2021-08-02 00:14:20 开始操作号码 【1895536】
2021-08-02 00:14:39 GSD getOne 第 1 次 等待 3 秒
2021-08-02 00:14:42 查询号码 【1895536】，返回信息 {"status":"bad","msg":""}
2021-08-02 00:14:42 查询号码 【1895536】，GSD为【""】
2021-08-02 00:14:42 bad
2021-08-02 00:14:43 CHB 1895536?1627834482 第 1 次 等待 3 秒
2021-08-02 00:14:46 CHB 1895536?1627834482 第 1 次 获取到号码【1895536】GSD
2021-08-02 00:14:46 获取到号码【1895536】的GSD为【安徽-芜湖】
2021-08-02 00:15:25 GSD insert 第 1 次 等待 3 秒
2021-08-02 00:15:28 {"status":"ok","gid":473212,"msg":"添加成功！"}
2021-08-02 00:15:28 下次操作: 2021-08-02 00:15:45

2021-08-02 00:15:45 开始第 29 次操作

2021-08-02 00:15:45 开始操作号码 【1895535】
2021-08-02 00:15:48 GSD getOne 第 1 次 等待 3 秒
2021-08-02 00:15:51 查询号码 【1895535】，返回信息 {"status":"bad","msg":""}
2021-08-02 00:15:51 查询号码 【1895535】，GSD为【""】
2021-08-02 00:15:51 bad
2021-08-02 00:15:53 CHB 1895535?1627834551 第 1 次 等待 3 秒
2021-08-02 00:15:57 CHB 1895535?1627834551 第 1 次 获取到号码【1895535】GSD
2021-08-02 00:15:57 获取到号码【1895535】的GSD为【安徽-芜湖】
2021-08-02 00:16:18 GSD insert 第 1 次 等待 3 秒
2021-08-02 00:16:21 {"status":"ok","gid":473219,"msg":"添加成功！"}
2021-08-02 00:16:21 下次操作: 2021-08-02 00:16:36

2021-08-02 00:16:36 开始第 30 次操作

2021-08-02 00:16:36 开始操作号码 【1895534】
2021-08-02 00:16:42 GSD getOne 第 1 次 等待 3 秒
2021-08-02 00:16:45 查询号码 【1895534】，返回信息 {"status":"ok","msg":"安徽-芜湖","gid":"45209","time_insert":"2020-05-31 14:20","time_update":"2020-08-12 16:44"}
2021-08-02 00:16:45 查询号码 【1895534】，GSD为【"安徽-芜湖"】

2021-08-02 00:16:45 开始第 30 次操作

2021-08-02 00:16:45 开始操作号码 【1895533】
2021-08-02 00:17:04 GSD getOne 第 1 次 等待 3 秒
2021-08-02 00:17:07 查询号码 【1895533】，返回信息 {"status":"bad","msg":""}
2021-08-02 00:17:07 查询号码 【1895533】，GSD为【""】
2021-08-02 00:17:07 bad
2021-08-02 00:17:09 CHB 1895533?1627834627 第 1 次 等待 3 秒
2021-08-02 00:17:12 CHB 1895533?1627834627 第 1 次 获取到号码【1895533】GSD
2021-08-02 00:17:12 获取到号码【1895533】的GSD为【安徽-芜湖】
2021-08-02 00:17:51 GSD insert 第 1 次 等待 3 秒
2021-08-02 00:17:54 {"status":"ok","gid":473230,"msg":"添加成功！"}
2021-08-02 00:17:54 下次操作: 2021-08-02 00:18:12

2021-08-02 00:18:12 开始第 31 次操作

2021-08-02 00:18:12 开始操作号码 【1895532】
2021-08-02 00:18:15 GSD getOne 第 1 次 等待 3 秒
2021-08-02 00:18:18 查询号码 【1895532】，返回信息 {"status":"bad","msg":""}
2021-08-02 00:18:18 查询号码 【1895532】，GSD为【""】
2021-08-02 00:18:18 bad
2021-08-02 00:18:20 CHB 1895532?1627834698 第 1 次 等待 3 秒
2021-08-02 00:18:23 CHB 1895532?1627834698 第 1 次 获取到号码【1895532】GSD
2021-08-02 00:18:23 获取到号码【1895532】的GSD为【安徽-芜湖】
2021-08-02 00:18:42 GSD insert 第 1 次 等待 3 秒
2021-08-02 00:18:45 {"status":"ok","gid":473235,"msg":"添加成功！"}
2021-08-02 00:18:45 下次操作: 2021-08-02 00:19:09

2021-08-02 00:19:09 开始第 32 次操作

2021-08-02 00:19:09 开始操作号码 【1895531】
2021-08-02 00:19:13 GSD getOne 第 1 次 等待 3 秒
2021-08-02 00:19:16 查询号码 【1895531】，返回信息 {"status":"bad","msg":""}
2021-08-02 00:19:16 查询号码 【1895531】，GSD为【""】
2021-08-02 00:19:16 bad
2021-08-02 00:19:18 CHB 1895531?1627834756 第 1 次 等待 3 秒
2021-08-02 00:19:21 CHB 1895531?1627834756 第 1 次 获取到号码【1895531】GSD
2021-08-02 00:19:21 获取到号码【1895531】的GSD为【安徽-芜湖】
2021-08-02 00:19:45 GSD insert 第 1 次 等待 3 秒
2021-08-02 00:19:48 {"status":"ok","gid":473238,"msg":"添加成功！"}
2021-08-02 00:19:48 下次操作: 2021-08-02 00:20:04

2021-08-02 00:20:04 开始第 33 次操作

2021-08-02 00:20:04 开始操作号码 【1895530】
2021-08-02 00:20:08 GSD getOne 第 1 次 等待 3 秒
2021-08-02 00:20:11 查询号码 【1895530】，返回信息 {"status":"bad","msg":""}
2021-08-02 00:20:11 查询号码 【1895530】，GSD为【""】
2021-08-02 00:20:11 bad
2021-08-02 00:20:13 CHB 1895530?1627834811 第 1 次 等待 3 秒
2021-08-02 00:20:16 CHB 1895530?1627834811 第 1 次 获取到号码【1895530】GSD
2021-08-02 00:20:16 获取到号码【1895530】的GSD为【安徽-芜湖】
2021-08-02 00:20:35 GSD insert 第 1 次 等待 3 秒
2021-08-02 00:20:38 {"status":"ok","gid":473245,"msg":"添加成功！"}
2021-08-02 00:20:38 下次操作: 2021-08-02 00:20:50

2021-08-02 00:20:50 开始第 34 次操作

2021-08-02 00:20:50 开始操作号码 【1895529】
2021-08-02 00:20:58 GSD getOne 第 1 次 等待 3 秒
2021-08-02 00:21:01 查询号码 【1895529】，返回信息 {"status":"bad","msg":""}
2021-08-02 00:21:01 查询号码 【1895529】，GSD为【""】
2021-08-02 00:21:01 bad
2021-08-02 00:21:02 CHB 1895529?1627834861 第 1 次 等待 3 秒
2021-08-02 00:21:05 CHB 1895529?1627834861 第 1 次 获取到号码【1895529】GSD
2021-08-02 00:21:05 获取到号码【1895529】的GSD为【安徽-蚌埠】
2021-08-02 00:21:24 GSD insert 第 1 次 等待 3 秒
2021-08-02 00:21:27 {"status":"ok","gid":473251,"msg":"添加成功！"}
2021-08-02 00:21:27 下次操作: 2021-08-02 00:21:45

2021-08-02 00:21:45 开始第 35 次操作

2021-08-02 00:21:45 开始操作号码 【1895528】
2021-08-02 00:21:49 GSD getOne 第 1 次 等待 3 秒
2021-08-02 00:21:52 查询号码 【1895528】，返回信息 {"status":"bad","msg":""}
2021-08-02 00:21:52 查询号码 【1895528】，GSD为【""】
2021-08-02 00:21:52 bad
2021-08-02 00:21:54 CHB 1895528?1627834912 第 1 次 等待 3 秒
2021-08-02 00:21:57 CHB 1895528?1627834912 第 1 次 获取到号码【1895528】GSD
2021-08-02 00:21:57 获取到号码【1895528】的GSD为【安徽-蚌埠】
2021-08-02 00:22:16 GSD insert 第 1 次 等待 3 秒
2021-08-02 00:22:19 {"status":"ok","gid":473257,"msg":"添加成功！"}
2021-08-02 00:22:19 下次操作: 2021-08-02 00:22:40

2021-08-02 00:22:40 开始第 36 次操作

2021-08-02 00:22:40 开始操作号码 【1895527】
2021-08-02 00:22:45 GSD getOne 第 1 次 等待 3 秒
2021-08-02 00:22:48 查询号码 【1895527】，返回信息 {"status":"bad","msg":""}
2021-08-02 00:22:48 查询号码 【1895527】，GSD为【""】
2021-08-02 00:22:48 bad
2021-08-02 00:22:50 CHB 1895527?1627834968 第 1 次 等待 3 秒
2021-08-02 00:22:53 CHB 1895527?1627834968 第 1 次 获取到号码【1895527】GSD
2021-08-02 00:22:53 获取到号码【1895527】的GSD为【安徽-蚌埠】
2021-08-02 00:23:12 GSD insert 第 1 次 等待 3 秒
2021-08-02 00:23:15 {"status":"ok","gid":473262,"msg":"添加成功！"}
2021-08-02 00:23:15 下次操作: 2021-08-02 00:23:33

2021-08-02 00:23:33 开始第 37 次操作

2021-08-02 00:23:33 开始操作号码 【1895526】
2021-08-02 00:23:44 GSD getOne 第 1 次 等待 3 秒
2021-08-02 00:23:47 查询号码 【1895526】，返回信息 {"status":"bad","msg":""}
2021-08-02 00:23:47 查询号码 【1895526】，GSD为【""】
2021-08-02 00:23:47 bad
2021-08-02 00:23:48 CHB 1895526?1627835027 第 1 次 等待 3 秒
2021-08-02 00:23:51 CHB 1895526?1627835027 第 1 次 获取到号码【1895526】GSD
2021-08-02 00:23:51 获取到号码【1895526】的GSD为【安徽-蚌埠】
2021-08-02 00:24:12 GSD insert 第 1 次 等待 3 秒
2021-08-02 00:24:15 {"status":"ok","gid":473267,"msg":"添加成功！"}
2021-08-02 00:24:15 下次操作: 2021-08-02 00:24:34

2021-08-02 00:24:34 开始第 38 次操作

2021-08-02 00:24:34 开始操作号码 【1895525】
2021-08-02 00:24:52 GSD getOne 第 1 次 等待 3 秒
2021-08-02 00:24:55 查询号码 【1895525】，返回信息 {"status":"bad","msg":""}
2021-08-02 00:24:55 查询号码 【1895525】，GSD为【""】
2021-08-02 00:24:55 bad
2021-08-02 00:24:57 CHB 1895525?1627835095 第 1 次 等待 3 秒
2021-08-02 00:25:00 CHB 1895525?1627835095 第 1 次 获取到号码【1895525】GSD
2021-08-02 00:25:00 获取到号码【1895525】的GSD为【安徽-蚌埠】
2021-08-02 00:25:22 GSD insert 第 1 次 等待 3 秒
2021-08-02 00:25:25 {"status":"ok","gid":473273,"msg":"添加成功！"}
2021-08-02 00:25:25 下次操作: 2021-08-02 00:25:44

2021-08-02 00:25:44 开始第 39 次操作

2021-08-02 00:25:44 开始操作号码 【1895524】
2021-08-02 00:25:48 GSD getOne 第 1 次 等待 3 秒
2021-08-02 00:25:51 查询号码 【1895524】，返回信息 {"status":"bad","msg":""}
2021-08-02 00:25:51 查询号码 【1895524】，GSD为【""】
2021-08-02 00:25:51 bad
2021-08-02 00:25:52 CHB 1895524?1627835151 第 1 次 等待 3 秒
2021-08-02 00:25:56 CHB 1895524?1627835151 第 1 次 获取到号码【1895524】GSD
2021-08-02 00:25:56 获取到号码【1895524】的GSD为【安徽-蚌埠】
2021-08-02 00:26:23 GSD insert 第 1 次 等待 3 秒
2021-08-02 00:26:26 {"status":"ok","gid":473278,"msg":"添加成功！"}
2021-08-02 00:26:26 下次操作: 2021-08-02 00:26:42

2021-08-02 00:26:42 开始第 40 次操作

2021-08-02 00:26:42 开始操作号码 【1895523】
2021-08-02 00:27:23 GSD getOne 第 1 次 等待 3 秒
2021-08-02 00:27:26 查询号码 【1895523】，返回信息 {"status":"bad","msg":""}
2021-08-02 00:27:26 查询号码 【1895523】，GSD为【""】
2021-08-02 00:27:26 bad
2021-08-02 00:27:31 CHB 1895523?1627835246 第 1 次 等待 3 秒
2021-08-02 00:27:34 CHB 1895523?1627835246 第 1 次 获取到号码【1895523】GSD
2021-08-02 00:27:35 获取到号码【1895523】的GSD为【安徽-蚌埠】
2021-08-02 00:28:26 GSD insert 第 1 次 等待 3 秒
2021-08-02 00:28:29 {"status":"ok","gid":473283,"msg":"添加成功！"}

