2024-06-12 00:24:22 开始第 209 次操作

2024-06-12 00:24:22 开始操作号码 【1460116】
2024-06-12 00:24:30 GSD getOne 第 1 次 等待 3 秒
2024-06-12 00:24:33 查询号码 【1460116】，返回信息 {"status":"ok","msg":"江苏-南京","gid":"67980","time_insert":"2021-05-25 17:27"}
2024-06-12 00:24:34 查询号码 【1460116】，GSD为【"江苏-南京"】

2024-06-12 00:24:35 开始第 210 次操作

2024-06-12 00:24:35 开始操作号码 【1460117】
2024-06-12 00:24:40 GSD getOne 第 1 次 等待 3 秒
2024-06-12 00:24:43 查询号码 【1460117】，返回信息 {"status":"ok","msg":"江苏-南京","gid":"68000","time_insert":"2021-05-25 17:44"}
2024-06-12 00:24:43 查询号码 【1460117】，GSD为【"江苏-南京"】

2024-06-12 00:24:44 开始第 211 次操作

2024-06-12 00:24:44 开始操作号码 【1460118】
2024-06-12 00:24:52 GSD getOne 第 1 次 等待 3 秒
2024-06-12 00:24:55 查询号码 【1460118】，返回信息 {"status":"ok","msg":"江苏-南京","gid":"68011","time_insert":"2021-05-25 17:58"}
2024-06-12 00:24:55 查询号码 【1460118】，GSD为【"江苏-南京"】

2024-06-12 00:24:56 开始第 212 次操作

2024-06-12 00:24:56 开始操作号码 【1460119】
2024-06-12 00:25:09 GSD getOne 第 1 次 等待 3 秒
2024-06-12 00:25:12 查询号码 【1460119】，返回信息 {"status":"ok","msg":"江苏-南京","gid":"68038","time_insert":"2021-05-25 18:28"}
2024-06-12 00:25:12 查询号码 【1460119】，GSD为【"江苏-南京"】

2024-06-12 00:41:55 开始第 213 次操作

2024-06-12 00:41:55 开始操作号码 【1460120】
2024-06-12 00:42:09 GSD getOne 第 1 次 等待 3 秒
2024-06-12 00:42:12 查询号码 【1460120】，返回信息 {"status":"ok","msg":"江苏-南京","gid":"68058","time_insert":"2021-05-25 18:54"}
2024-06-12 00:42:12 查询号码 【1460120】，GSD为【"江苏-南京"】

2024-06-12 00:42:13 开始第 214 次操作

2024-06-12 00:42:13 开始操作号码 【1460121】
2024-06-12 00:42:22 GSD getOne 第 1 次 等待 3 秒
2024-06-12 00:42:25 查询号码 【1460121】，返回信息 {"status":"ok","msg":"江苏-南京","gid":"68076","time_insert":"2021-05-25 19:16"}
2024-06-12 00:42:25 查询号码 【1460121】，GSD为【"江苏-南京"】

2024-06-12 00:42:26 开始第 215 次操作

2024-06-12 00:42:26 开始操作号码 【1460122】
2024-06-12 00:42:36 GSD getOne 第 1 次 等待 3 秒
2024-06-12 00:42:39 查询号码 【1460122】，返回信息 {"status":"ok","msg":"江苏-南京","gid":"68097","time_insert":"2021-05-25 19:41"}
2024-06-12 00:42:39 查询号码 【1460122】，GSD为【"江苏-南京"】

2024-06-12 00:42:40 开始第 216 次操作

2024-06-12 00:42:40 开始操作号码 【1460123】
2024-06-12 00:42:48 GSD getOne 第 1 次 等待 3 秒
2024-06-12 00:42:51 查询号码 【1460123】，返回信息 {"status":"ok","msg":"江苏-南京","gid":"68117","time_insert":"2021-05-25 20:05"}
2024-06-12 00:42:51 查询号码 【1460123】，GSD为【"江苏-南京"】

2024-06-12 01:17:51 开始第 217 次操作

2024-06-12 01:17:51 开始操作号码 【1460124】
2024-06-12 01:17:58 GSD getOne 第 1 次 等待 3 秒
2024-06-12 01:18:01 查询号码 【1460124】，返回信息 {"status":"ok","msg":"江苏-南京","gid":"68128","time_insert":"2021-05-25 20:23"}
2024-06-12 01:18:01 查询号码 【1460124】，GSD为【"江苏-南京"】

2024-06-12 01:18:02 开始第 218 次操作

2024-06-12 01:18:02 开始操作号码 【1460125】
2024-06-12 01:18:11 GSD getOne 第 1 次 等待 3 秒
2024-06-12 01:18:14 查询号码 【1460125】，返回信息 {"status":"ok","msg":"江苏-南京","gid":"68153","time_insert":"2021-05-25 20:49"}
2024-06-12 01:18:14 查询号码 【1460125】，GSD为【"江苏-南京"】

2024-06-12 01:18:15 开始第 219 次操作

2024-06-12 01:18:15 开始操作号码 【1460126】
2024-06-12 01:18:22 GSD getOne 第 1 次 等待 3 秒
2024-06-12 01:18:25 查询号码 【1460126】，返回信息 {"status":"ok","msg":"江苏-南京","gid":"68175","time_insert":"2021-05-25 21:19"}
2024-06-12 01:18:25 查询号码 【1460126】，GSD为【"江苏-南京"】

2024-06-12 01:18:26 开始第 220 次操作

2024-06-12 01:18:26 开始操作号码 【1460127】
2024-06-12 01:18:33 GSD getOne 第 1 次 等待 3 秒
2024-06-12 01:18:36 查询号码 【1460127】，返回信息 {"status":"ok","msg":"江苏-南京","gid":"68197","time_insert":"2021-05-25 21:46"}
2024-06-12 01:18:36 查询号码 【1460127】，GSD为【"江苏-南京"】

2024-06-12 01:38:04 开始第 221 次操作

2024-06-12 01:38:04 开始操作号码 【1460128】
2024-06-12 01:38:16 GSD getOne 第 1 次 等待 3 秒
2024-06-12 01:38:19 查询号码 【1460128】，返回信息 {"status":"ok","msg":"江苏-南京","gid":"68213","time_insert":"2021-05-25 22:08"}
2024-06-12 01:38:19 查询号码 【1460128】，GSD为【"江苏-南京"】

2024-06-12 01:38:20 开始第 222 次操作

2024-06-12 01:38:20 开始操作号码 【1460129】
2024-06-12 01:38:32 GSD getOne 第 1 次 等待 3 秒
2024-06-12 01:38:35 查询号码 【1460129】，返回信息 {"status":"ok","msg":"江苏-南京","gid":"68231","time_insert":"2021-05-25 22:27"}
2024-06-12 01:38:35 查询号码 【1460129】，GSD为【"江苏-南京"】

2024-06-12 01:38:36 开始第 223 次操作

2024-06-12 01:38:36 开始操作号码 【1460130】
2024-06-12 01:38:42 GSD getOne 第 1 次 等待 3 秒
2024-06-12 01:38:46 查询号码 【1460130】，返回信息 {"status":"ok","msg":"江苏-南京","gid":"68250","time_insert":"2021-05-25 22:53"}
2024-06-12 01:38:46 查询号码 【1460130】，GSD为【"江苏-南京"】

2024-06-12 01:38:47 开始第 224 次操作

2024-06-12 01:38:47 开始操作号码 【1460131】
2024-06-12 01:38:52 GSD getOne 第 1 次 等待 3 秒
2024-06-12 01:38:55 查询号码 【1460131】，返回信息 {"status":"ok","msg":"江苏-南京","gid":"68269","time_insert":"2021-05-25 23:12"}
2024-06-12 01:38:55 查询号码 【1460131】，GSD为【"江苏-南京"】

2024-06-12 02:25:53 开始第 225 次操作

2024-06-12 02:25:53 开始操作号码 【1460132】
2024-06-12 02:25:59 GSD getOne 第 1 次 等待 3 秒
2024-06-12 02:26:02 查询号码 【1460132】，返回信息 {"status":"ok","msg":"江苏-南京","gid":"68288","time_insert":"2021-05-25 23:39"}
2024-06-12 02:26:02 查询号码 【1460132】，GSD为【"江苏-南京"】

2024-06-12 02:26:03 开始第 226 次操作

2024-06-12 02:26:03 开始操作号码 【1460133】
2024-06-12 02:26:09 GSD getOne 第 1 次 等待 3 秒
2024-06-12 02:26:12 查询号码 【1460133】，返回信息 {"status":"ok","msg":"江苏-南京","gid":"68313","time_insert":"2021-05-26 00:08"}
2024-06-12 02:26:12 查询号码 【1460133】，GSD为【"江苏-南京"】

2024-06-12 02:26:13 开始第 227 次操作

2024-06-12 02:26:13 开始操作号码 【1460134】
2024-06-12 02:26:20 GSD getOne 第 1 次 等待 3 秒
2024-06-12 02:26:23 查询号码 【1460134】，返回信息 {"status":"ok","msg":"江苏-南京","gid":"68330","time_insert":"2021-05-26 00:26"}
2024-06-12 02:26:23 查询号码 【1460134】，GSD为【"江苏-南京"】

2024-06-12 02:26:24 开始第 228 次操作

2024-06-12 02:26:24 开始操作号码 【1460135】
2024-06-12 02:26:31 GSD getOne 第 1 次 等待 3 秒
2024-06-12 02:26:34 查询号码 【1460135】，返回信息 {"status":"ok","msg":"江苏-南京","gid":"68349","time_insert":"2021-05-26 00:49"}
2024-06-12 02:26:34 查询号码 【1460135】，GSD为【"江苏-南京"】

2024-06-12 02:41:02 开始第 229 次操作

2024-06-12 02:41:02 开始操作号码 【1460136】
2024-06-12 02:41:10 GSD getOne 第 1 次 等待 3 秒
2024-06-12 02:41:13 查询号码 【1460136】，返回信息 {"status":"ok","msg":"江苏-南京","gid":"68366","time_insert":"2021-05-26 01:07"}
2024-06-12 02:41:13 查询号码 【1460136】，GSD为【"江苏-南京"】

2024-06-12 02:41:14 开始第 230 次操作

2024-06-12 02:41:14 开始操作号码 【1460137】
2024-06-12 02:41:21 GSD getOne 第 1 次 等待 3 秒
2024-06-12 02:41:24 查询号码 【1460137】，返回信息 {"status":"ok","msg":"江苏-南京","gid":"68387","time_insert":"2021-05-26 01:35"}
2024-06-12 02:41:24 查询号码 【1460137】，GSD为【"江苏-南京"】

2024-06-12 02:41:25 开始第 231 次操作

2024-06-12 02:41:25 开始操作号码 【1460138】
2024-06-12 02:41:31 GSD getOne 第 1 次 等待 3 秒
2024-06-12 02:41:34 查询号码 【1460138】，返回信息 {"status":"ok","msg":"江苏-南京","gid":"68409","time_insert":"2021-05-26 02:04"}
2024-06-12 02:41:34 查询号码 【1460138】，GSD为【"江苏-南京"】

2024-06-12 02:41:35 开始第 232 次操作

2024-06-12 02:41:35 开始操作号码 【1460139】
2024-06-12 02:41:42 GSD getOne 第 1 次 等待 3 秒
2024-06-12 02:41:45 查询号码 【1460139】，返回信息 {"status":"ok","msg":"江苏-南京","gid":"68427","time_insert":"2021-05-26 02:28","time_update":"2021-05-26 09:57"}
2024-06-12 02:41:45 查询号码 【1460139】，GSD为【"江苏-南京"】

2024-06-12 03:15:22 开始第 233 次操作

2024-06-12 03:15:22 开始操作号码 【1460140】
2024-06-12 03:15:28 GSD getOne 第 1 次 等待 3 秒
2024-06-12 03:15:31 查询号码 【1460140】，返回信息 {"status":"ok","msg":"江苏-南京","gid":"68444","time_insert":"2021-05-26 02:49","time_update":"2021-05-26 09:58"}
2024-06-12 03:15:31 查询号码 【1460140】，GSD为【"江苏-南京"】

2024-06-12 03:15:32 开始第 234 次操作

2024-06-12 03:15:32 开始操作号码 【1460141】
2024-06-12 03:15:38 GSD getOne 第 1 次 等待 3 秒
2024-06-12 03:15:41 查询号码 【1460141】，返回信息 {"status":"ok","msg":"江苏-南京","gid":"68466","time_insert":"2021-05-26 03:15"}
2024-06-12 03:15:41 查询号码 【1460141】，GSD为【"江苏-南京"】

2024-06-12 03:15:42 开始第 235 次操作

2024-06-12 03:15:42 开始操作号码 【1460142】
2024-06-12 03:15:50 GSD getOne 第 1 次 等待 3 秒
2024-06-12 03:15:53 查询号码 【1460142】，返回信息 {"status":"ok","msg":"江苏-南京","gid":"68488","time_insert":"2021-05-26 03:44"}
2024-06-12 03:15:53 查询号码 【1460142】，GSD为【"江苏-南京"】

2024-06-12 03:15:54 开始第 236 次操作

2024-06-12 03:15:54 开始操作号码 【1460143】
2024-06-12 03:16:01 GSD getOne 第 1 次 等待 3 秒
2024-06-12 03:16:04 查询号码 【1460143】，返回信息 {"status":"ok","msg":"江苏-南京","gid":"68511","time_insert":"2021-05-26 04:10"}
2024-06-12 03:16:04 查询号码 【1460143】，GSD为【"江苏-南京"】

