2023-10-24 00:21:35 开始第 4677 次操作

2023-10-24 00:21:35 开始操作号码 【1894591】
2023-10-24 00:21:40 GSD getOne 第 1 次 等待 3 秒
2023-10-24 00:21:43 查询号码 【1894591】，返回信息 {"status":"ok","msg":"黑龙江-大庆","gid":"484604","time_insert":"2021-08-03 00:01"}
2023-10-24 00:21:43 查询号码 【1894591】，GSD为【"黑龙江-大庆"】

2023-10-24 00:21:44 开始第 4678 次操作

2023-10-24 00:21:44 开始操作号码 【1894592】
2023-10-24 00:21:48 GSD getOne 第 1 次 等待 3 秒
2023-10-24 00:21:51 查询号码 【1894592】，返回信息 {"status":"ok","msg":"黑龙江-大庆","gid":"484594","time_insert":"2021-08-03 00:00"}
2023-10-24 00:21:51 查询号码 【1894592】，GSD为【"黑龙江-大庆"】

2023-10-24 00:21:52 开始第 4679 次操作

2023-10-24 00:21:52 开始操作号码 【1894593】
2023-10-24 00:22:01 GSD getOne 第 1 次 等待 3 秒
2023-10-24 00:22:04 查询号码 【1894593】，返回信息 {"status":"ok","msg":"黑龙江-大庆","gid":"484583","time_insert":"2021-08-02 23:59"}
2023-10-24 00:22:04 查询号码 【1894593】，GSD为【"黑龙江-大庆"】

2023-10-24 00:22:05 开始第 4680 次操作

2023-10-24 00:22:05 开始操作号码 【1894594】
2023-10-24 00:22:09 GSD getOne 第 1 次 等待 3 秒
2023-10-24 00:22:12 查询号码 【1894594】，返回信息 {"status":"ok","msg":"黑龙江-大庆","gid":"484573","time_insert":"2021-08-02 23:58"}
2023-10-24 00:22:12 查询号码 【1894594】，GSD为【"黑龙江-大庆"】

2023-10-24 00:39:36 开始第 4681 次操作

2023-10-24 00:39:36 开始操作号码 【1894595】
2023-10-24 00:39:39 GSD getOne 第 1 次 等待 3 秒
2023-10-24 00:39:42 查询号码 【1894595】，返回信息 {"status":"ok","msg":"黑龙江-大庆","gid":"484563","time_insert":"2021-08-02 23:57"}
2023-10-24 00:39:42 查询号码 【1894595】，GSD为【"黑龙江-大庆"】

2023-10-24 00:39:43 开始第 4682 次操作

2023-10-24 00:39:43 开始操作号码 【1894596】
2023-10-24 00:39:46 GSD getOne 第 1 次 等待 3 秒
2023-10-24 00:39:49 查询号码 【1894596】，返回信息 {"status":"ok","msg":"黑龙江-大庆","gid":"484551","time_insert":"2021-08-02 23:56"}
2023-10-24 00:39:49 查询号码 【1894596】，GSD为【"黑龙江-大庆"】

2023-10-24 00:39:50 开始第 4683 次操作

2023-10-24 00:39:50 开始操作号码 【1894597】
2023-10-24 00:39:53 GSD getOne 第 1 次 等待 3 秒
2023-10-24 00:39:56 查询号码 【1894597】，返回信息 {"status":"ok","msg":"黑龙江-大庆","gid":"484542","time_insert":"2021-08-02 23:56"}
2023-10-24 00:39:56 查询号码 【1894597】，GSD为【"黑龙江-大庆"】

2023-10-24 00:39:57 开始第 4684 次操作

2023-10-24 00:39:57 开始操作号码 【1894598】
2023-10-24 00:39:59 GSD getOne 第 1 次 等待 3 秒
2023-10-24 00:40:02 查询号码 【1894598】，返回信息 {"status":"ok","msg":"黑龙江-大庆","gid":"484532","time_insert":"2021-08-02 23:55"}
2023-10-24 00:40:02 查询号码 【1894598】，GSD为【"黑龙江-大庆"】

2023-10-24 01:13:58 开始第 4685 次操作

2023-10-24 01:13:58 开始操作号码 【1894599】
2023-10-24 01:14:01 GSD getOne 第 1 次 等待 3 秒
2023-10-24 01:14:04 查询号码 【1894599】，返回信息 {"status":"ok","msg":"黑龙江-大庆","gid":"484522","time_insert":"2021-08-02 23:54"}
2023-10-24 01:14:04 查询号码 【1894599】，GSD为【"黑龙江-大庆"】

2023-10-24 01:14:05 开始第 4686 次操作

2023-10-24 01:14:05 开始操作号码 【1894600】
2023-10-24 01:14:08 GSD getOne 第 1 次 等待 3 秒
2023-10-24 01:14:11 查询号码 【1894600】，返回信息 {"status":"ok","msg":"黑龙江-哈尔滨","gid":"484514","time_insert":"2021-08-02 23:54"}
2023-10-24 01:14:11 查询号码 【1894600】，GSD为【"黑龙江-哈尔滨"】

2023-10-24 01:14:12 开始第 4687 次操作

2023-10-24 01:14:12 开始操作号码 【1894601】
2023-10-24 01:14:15 GSD getOne 第 1 次 等待 3 秒
2023-10-24 01:14:18 查询号码 【1894601】，返回信息 {"status":"ok","msg":"黑龙江-哈尔滨","gid":"484504","time_insert":"2021-08-02 23:53"}
2023-10-24 01:14:18 查询号码 【1894601】，GSD为【"黑龙江-哈尔滨"】

2023-10-24 01:14:19 开始第 4688 次操作

2023-10-24 01:14:19 开始操作号码 【1894602】
2023-10-24 01:14:22 GSD getOne 第 1 次 等待 3 秒
2023-10-24 01:14:25 查询号码 【1894602】，返回信息 {"status":"ok","msg":"黑龙江-哈尔滨","gid":"484497","time_insert":"2021-08-02 23:52"}
2023-10-24 01:14:25 查询号码 【1894602】，GSD为【"黑龙江-哈尔滨"】

2023-10-24 01:37:56 开始第 4689 次操作

2023-10-24 01:37:56 开始操作号码 【1894603】
2023-10-24 01:37:59 GSD getOne 第 1 次 等待 3 秒
2023-10-24 01:38:02 查询号码 【1894603】，返回信息 {"status":"ok","msg":"黑龙江-哈尔滨","gid":"484486","time_insert":"2021-08-02 23:51"}
2023-10-24 01:38:02 查询号码 【1894603】，GSD为【"黑龙江-哈尔滨"】

2023-10-24 01:38:03 开始第 4690 次操作

2023-10-24 01:38:03 开始操作号码 【1894604】
2023-10-24 01:38:06 GSD getOne 第 1 次 等待 3 秒
2023-10-24 01:38:09 查询号码 【1894604】，返回信息 {"status":"ok","msg":"黑龙江-哈尔滨","gid":"484483","time_insert":"2021-08-02 23:51"}
2023-10-24 01:38:09 查询号码 【1894604】，GSD为【"黑龙江-哈尔滨"】

2023-10-24 01:38:10 开始第 4691 次操作

2023-10-24 01:38:10 开始操作号码 【1894605】
2023-10-24 01:38:12 GSD getOne 第 1 次 等待 3 秒
2023-10-24 01:38:15 查询号码 【1894605】，返回信息 {"status":"ok","msg":"黑龙江-哈尔滨","gid":"484468","time_insert":"2021-08-02 23:49"}
2023-10-24 01:38:15 查询号码 【1894605】，GSD为【"黑龙江-哈尔滨"】

2023-10-24 01:38:16 开始第 4692 次操作

2023-10-24 01:38:16 开始操作号码 【1894606】
2023-10-24 01:38:19 GSD getOne 第 1 次 等待 3 秒
2023-10-24 01:38:22 查询号码 【1894606】，返回信息 {"status":"ok","msg":"黑龙江-哈尔滨","gid":"484460","time_insert":"2021-08-02 23:48"}
2023-10-24 01:38:22 查询号码 【1894606】，GSD为【"黑龙江-哈尔滨"】

2023-10-24 02:20:57 开始第 4693 次操作

2023-10-24 02:20:57 开始操作号码 【1894607】
2023-10-24 02:21:00 GSD getOne 第 1 次 等待 3 秒
2023-10-24 02:21:03 查询号码 【1894607】，返回信息 {"status":"ok","msg":"黑龙江-哈尔滨","gid":"484455","time_insert":"2021-08-02 23:48"}
2023-10-24 02:21:03 查询号码 【1894607】，GSD为【"黑龙江-哈尔滨"】

2023-10-24 02:21:04 开始第 4694 次操作

2023-10-24 02:21:04 开始操作号码 【1894608】
2023-10-24 02:21:07 GSD getOne 第 1 次 等待 3 秒
2023-10-24 02:21:10 查询号码 【1894608】，返回信息 {"status":"ok","msg":"黑龙江-哈尔滨","gid":"484448","time_insert":"2021-08-02 23:47"}
2023-10-24 02:21:10 查询号码 【1894608】，GSD为【"黑龙江-哈尔滨"】

2023-10-24 02:21:11 开始第 4695 次操作

2023-10-24 02:21:11 开始操作号码 【1894609】
2023-10-24 02:21:14 GSD getOne 第 1 次 等待 3 秒
2023-10-24 02:21:17 查询号码 【1894609】，返回信息 {"status":"ok","msg":"黑龙江-哈尔滨","gid":"484441","time_insert":"2021-08-02 23:46"}
2023-10-24 02:21:17 查询号码 【1894609】，GSD为【"黑龙江-哈尔滨"】

2023-10-24 02:21:18 开始第 4696 次操作

2023-10-24 02:21:18 开始操作号码 【1894610】
2023-10-24 02:21:21 GSD getOne 第 1 次 等待 3 秒
2023-10-24 02:21:24 查询号码 【1894610】，返回信息 {"status":"ok","msg":"黑龙江-哈尔滨","gid":"45180","time_insert":"2019-11-15 11:24","time_update":"2020-08-22 19:25"}
2023-10-24 02:21:24 查询号码 【1894610】，GSD为【"黑龙江-哈尔滨"】

2023-10-24 02:38:09 开始第 4697 次操作

2023-10-24 02:38:09 开始操作号码 【1894611】
2023-10-24 02:38:15 GSD getOne 第 1 次 等待 3 秒
2023-10-24 02:38:18 查询号码 【1894611】，返回信息 {"status":"ok","msg":"黑龙江-哈尔滨","gid":"45181","time_insert":"2018-03-15 11:55","time_update":"2020-08-22 19:21"}
2023-10-24 02:38:18 查询号码 【1894611】，GSD为【"黑龙江-哈尔滨"】

2023-10-24 02:38:19 开始第 4698 次操作

2023-10-24 02:38:19 开始操作号码 【1894612】
2023-10-24 02:38:25 GSD getOne 第 1 次 等待 3 秒
2023-10-24 02:38:28 查询号码 【1894612】，返回信息 {"status":"ok","msg":"黑龙江-哈尔滨","gid":"484386","time_insert":"2021-08-02 23:15"}
2023-10-24 02:38:28 查询号码 【1894612】，GSD为【"黑龙江-哈尔滨"】

2023-10-24 02:38:29 开始第 4699 次操作

2023-10-24 02:38:29 开始操作号码 【1894613】
2023-10-24 02:38:31 GSD getOne 第 1 次 等待 3 秒
2023-10-24 02:38:34 查询号码 【1894613】，返回信息 {"status":"ok","msg":"黑龙江-哈尔滨","gid":"484377","time_insert":"2021-08-02 23:14"}
2023-10-24 02:38:34 查询号码 【1894613】，GSD为【"黑龙江-哈尔滨"】

2023-10-24 02:38:35 开始第 4700 次操作

2023-10-24 02:38:35 开始操作号码 【1894614】
2023-10-24 02:38:38 GSD getOne 第 1 次 等待 3 秒
2023-10-24 02:38:41 查询号码 【1894614】，返回信息 {"status":"ok","msg":"黑龙江-哈尔滨","gid":"484366","time_insert":"2021-08-02 23:13"}
2023-10-24 02:38:41 查询号码 【1894614】，GSD为【"黑龙江-哈尔滨"】

2023-10-24 03:13:10 开始第 4701 次操作

2023-10-24 03:13:10 开始操作号码 【1894615】
2023-10-24 03:13:13 GSD getOne 第 1 次 等待 3 秒
2023-10-24 03:13:16 查询号码 【1894615】，返回信息 {"status":"ok","msg":"黑龙江-哈尔滨","gid":"484359","time_insert":"2021-08-02 23:12"}
2023-10-24 03:13:16 查询号码 【1894615】，GSD为【"黑龙江-哈尔滨"】

2023-10-24 03:13:17 开始第 4702 次操作

2023-10-24 03:13:17 开始操作号码 【1894616】
2023-10-24 03:13:20 GSD getOne 第 1 次 等待 3 秒
2023-10-24 03:13:23 查询号码 【1894616】，返回信息 {"status":"ok","msg":"黑龙江-哈尔滨","gid":"484354","time_insert":"2021-08-02 23:11"}
2023-10-24 03:13:23 查询号码 【1894616】，GSD为【"黑龙江-哈尔滨"】

2023-10-24 03:13:24 开始第 4703 次操作

2023-10-24 03:13:24 开始操作号码 【1894617】
2023-10-24 03:13:26 GSD getOne 第 1 次 等待 3 秒
2023-10-24 03:13:29 查询号码 【1894617】，返回信息 {"status":"ok","msg":"黑龙江-哈尔滨","gid":"484350","time_insert":"2021-08-02 23:10"}
2023-10-24 03:13:30 查询号码 【1894617】，GSD为【"黑龙江-哈尔滨"】

2023-10-24 03:13:31 开始第 4704 次操作

2023-10-24 03:13:31 开始操作号码 【1894618】
2023-10-24 03:13:33 GSD getOne 第 1 次 等待 3 秒
2023-10-24 03:13:36 查询号码 【1894618】，返回信息 {"status":"ok","msg":"黑龙江-哈尔滨","gid":"484342","time_insert":"2021-08-02 23:09"}
2023-10-24 03:13:36 查询号码 【1894618】，GSD为【"黑龙江-哈尔滨"】

2023-10-24 03:37:59 开始第 4705 次操作

2023-10-24 03:37:59 开始操作号码 【1894619】
2023-10-24 03:38:02 GSD getOne 第 1 次 等待 3 秒
2023-10-24 03:38:05 查询号码 【1894619】，返回信息 {"status":"ok","msg":"黑龙江-哈尔滨","gid":"484334","time_insert":"2021-08-02 23:08"}
2023-10-24 03:38:05 查询号码 【1894619】，GSD为【"黑龙江-哈尔滨"】

2023-10-24 03:38:06 开始第 4706 次操作

2023-10-24 03:38:06 开始操作号码 【1894620】
2023-10-24 03:38:08 GSD getOne 第 1 次 等待 3 秒
2023-10-24 03:38:12 查询号码 【1894620】，返回信息 {"status":"ok","msg":"黑龙江-齐齐哈尔","gid":"484327","time_insert":"2021-08-02 23:08"}
2023-10-24 03:38:12 查询号码 【1894620】，GSD为【"黑龙江-齐齐哈尔"】

2023-10-24 03:38:13 开始第 4707 次操作

2023-10-24 03:38:13 开始操作号码 【1894621】
2023-10-24 03:38:15 GSD getOne 第 1 次 等待 3 秒
2023-10-24 03:38:18 查询号码 【1894621】，返回信息 {"status":"ok","msg":"黑龙江-齐齐哈尔","gid":"484312","time_insert":"2021-08-02 23:06"}
2023-10-24 03:38:18 查询号码 【1894621】，GSD为【"黑龙江-齐齐哈尔"】

2023-10-24 03:38:19 开始第 4708 次操作

2023-10-24 03:38:19 开始操作号码 【1894622】
2023-10-24 03:38:22 GSD getOne 第 1 次 等待 3 秒
2023-10-24 03:38:25 查询号码 【1894622】，返回信息 {"status":"ok","msg":"黑龙江-齐齐哈尔","gid":"484303","time_insert":"2021-08-02 23:05"}
2023-10-24 03:38:25 查询号码 【1894622】，GSD为【"黑龙江-齐齐哈尔"】

