2024-09-26 00:27:34 开始第 6485 次操作

2024-09-26 00:27:34 开始操作号码 【1356484】
2024-09-26 00:27:36 GSD getOne 第 1 次 等待 3 秒
2024-09-26 00:27:39 查询号码 【1356484】，返回信息 {"status":"ok","msg":"上海-上海","gid":"274995","time_insert":"2021-07-14 15:19"}
2024-09-26 00:27:39 查询号码 【1356484】，GSD为【"上海-上海"】

2024-09-26 00:27:40 开始第 6486 次操作

2024-09-26 00:27:40 开始操作号码 【1356485】
2024-09-26 00:27:43 GSD getOne 第 1 次 等待 3 秒
2024-09-26 00:27:46 查询号码 【1356485】，返回信息 {"status":"ok","msg":"上海-上海","gid":"275019","time_insert":"2021-07-14 15:31"}
2024-09-26 00:27:46 查询号码 【1356485】，GSD为【"上海-上海"】

2024-09-26 00:27:47 开始第 6487 次操作

2024-09-26 00:27:47 开始操作号码 【1356486】
2024-09-26 00:27:51 GSD getOne 第 1 次 等待 3 秒
2024-09-26 00:27:54 查询号码 【1356486】，返回信息 {"status":"ok","msg":"上海-上海","gid":"275197","time_insert":"2021-07-14 15:43"}
2024-09-26 00:27:54 查询号码 【1356486】，GSD为【"上海-上海"】

2024-09-26 00:27:55 开始第 6488 次操作

2024-09-26 00:27:55 开始操作号码 【1356487】
2024-09-26 00:28:11 GSD getOne 第 1 次 等待 3 秒
2024-09-26 00:28:14 查询号码 【1356487】，返回信息 {"status":"ok","msg":"上海-上海","gid":"275288","time_insert":"2021-07-14 15:51"}
2024-09-26 00:28:14 查询号码 【1356487】，GSD为【"上海-上海"】

