2024-02-03 00:19:33 开始第 1561 次操作

2024-02-03 00:19:33 开始操作号码 【1681473】
2024-02-03 00:19:38 GSD getOne 第 1 次 等待 3 秒
2024-02-03 00:19:41 查询号码 【1681473】，返回信息 {"status":"ok","msg":"-","gid":"542361","time_insert":"2023-02-20 09:57"}
2024-02-03 00:19:41 查询号码 【1681473】，GSD为【"-"】
2024-02-03 00:19:41 ok && -
2024-02-03 00:19:44 CHB 1681473?1706890781 第 1 次 等待 3 秒
2024-02-03 00:19:47 CHB 1681473?1706890781 第 1 次 获取到号码【1681473】GSD
2024-02-03 00:19:47 未获取到号码【1681473】GSD，可能号码格式错误
2024-02-03 00:19:47 获取到号码【1681473】的GSD为【-】
2024-02-03 00:19:51 GSD insert 第 1 次 等待 3 秒
2024-02-03 00:19:54 {"status":"bad","gid":"542361","msg":"添加失败！号码【1681473(-|-)】已存在！"}
2024-02-03 00:19:54 随机等待 196 秒，约 3 分钟
2024-02-03 00:19:54 下次操作: 2024-02-03 00:23:10

2024-02-03 00:23:10 开始第 1562 次操作

2024-02-03 00:23:10 开始操作号码 【1681474】
2024-02-03 00:23:15 GSD getOne 第 1 次 等待 3 秒
2024-02-03 00:23:18 查询号码 【1681474】，返回信息 {"status":"ok","msg":"-","gid":"542383","time_insert":"2023-02-20 10:13"}
2024-02-03 00:23:18 查询号码 【1681474】，GSD为【"-"】
2024-02-03 00:23:18 ok && -
2024-02-03 00:23:20 CHB 1681474?1706890998 第 1 次 等待 3 秒
2024-02-03 00:23:23 CHB 1681474?1706890998 第 1 次 获取到号码【1681474】GSD
2024-02-03 00:23:23 未获取到号码【1681474】GSD，可能号码格式错误
2024-02-03 00:23:23 获取到号码【1681474】的GSD为【-】
2024-02-03 00:23:28 GSD insert 第 1 次 等待 3 秒
2024-02-03 00:23:31 {"status":"bad","gid":"542383","msg":"添加失败！号码【1681474(-|-)】已存在！"}
2024-02-03 00:23:31 随机等待 213 秒，约 3 分钟
2024-02-03 00:23:31 下次操作: 2024-02-03 00:27:04

2024-02-03 00:27:04 开始第 1563 次操作

2024-02-03 00:27:04 开始操作号码 【1681475】
2024-02-03 00:27:08 GSD getOne 第 1 次 等待 3 秒
2024-02-03 00:27:11 查询号码 【1681475】，返回信息 {"status":"ok","msg":"-","gid":"542403","time_insert":"2023-02-20 10:29"}
2024-02-03 00:27:11 查询号码 【1681475】，GSD为【"-"】
2024-02-03 00:27:11 ok && -
2024-02-03 00:27:13 CHB 1681475?1706891231 第 1 次 等待 3 秒
2024-02-03 00:27:16 CHB 1681475?1706891231 第 1 次 获取到号码【1681475】GSD
2024-02-03 00:27:16 未获取到号码【1681475】GSD，可能号码格式错误
2024-02-03 00:27:16 获取到号码【1681475】的GSD为【-】
2024-02-03 00:27:20 GSD insert 第 1 次 等待 3 秒
2024-02-03 00:27:23 {"status":"bad","gid":"542403","msg":"添加失败！号码【1681475(-|-)】已存在！"}
2024-02-03 00:27:23 随机等待 209 秒，约 3 分钟
2024-02-03 00:27:23 下次操作: 2024-02-03 00:30:52

2024-02-03 00:30:52 开始第 1564 次操作

2024-02-03 00:30:52 开始操作号码 【1681476】
2024-02-03 00:30:57 GSD getOne 第 1 次 等待 3 秒
2024-02-03 00:31:00 查询号码 【1681476】，返回信息 {"status":"ok","msg":"-","gid":"542431","time_insert":"2023-02-20 10:48"}
2024-02-03 00:31:00 查询号码 【1681476】，GSD为【"-"】
2024-02-03 00:31:00 ok && -
2024-02-03 00:31:02 CHB 1681476?1706891460 第 1 次 等待 3 秒
2024-02-03 00:31:05 CHB 1681476?1706891460 第 1 次 获取到号码【1681476】GSD
2024-02-03 00:31:05 未获取到号码【1681476】GSD，可能号码格式错误
2024-02-03 00:31:05 获取到号码【1681476】的GSD为【-】
2024-02-03 00:31:09 GSD insert 第 1 次 等待 3 秒
2024-02-03 00:31:12 {"status":"bad","gid":"542431","msg":"添加失败！号码【1681476(-|-)】已存在！"}

2024-02-03 00:37:46 开始第 1565 次操作

2024-02-03 00:37:46 开始操作号码 【1681477】
2024-02-03 00:37:52 GSD getOne 第 1 次 等待 3 秒
2024-02-03 00:37:55 查询号码 【1681477】，返回信息 {"status":"ok","msg":"-","gid":"542447","time_insert":"2023-02-20 11:01"}
2024-02-03 00:37:55 查询号码 【1681477】，GSD为【"-"】
2024-02-03 00:37:55 ok && -
2024-02-03 00:37:57 CHB 1681477?1706891875 第 1 次 等待 3 秒
2024-02-03 00:38:00 CHB 1681477?1706891875 第 1 次 获取到号码【1681477】GSD
2024-02-03 00:38:00 未获取到号码【1681477】GSD，可能号码格式错误
2024-02-03 00:38:00 获取到号码【1681477】的GSD为【-】
2024-02-03 00:38:05 GSD insert 第 1 次 等待 3 秒
2024-02-03 00:38:08 {"status":"bad","gid":"542447","msg":"添加失败！号码【1681477(-|-)】已存在！"}
2024-02-03 00:38:08 随机等待 100 秒，约 1 分钟
2024-02-03 00:38:08 下次操作: 2024-02-03 00:39:48

2024-02-03 00:39:48 开始第 1566 次操作

2024-02-03 00:39:48 开始操作号码 【1681478】
2024-02-03 00:39:55 GSD getOne 第 1 次 等待 3 秒
2024-02-03 00:39:58 查询号码 【1681478】，返回信息 {"status":"ok","msg":"-","gid":"542472","time_insert":"2023-02-20 11:18"}
2024-02-03 00:39:58 查询号码 【1681478】，GSD为【"-"】
2024-02-03 00:39:58 ok && -
2024-02-03 00:40:00 CHB 1681478?1706891998 第 1 次 等待 3 秒
2024-02-03 00:40:03 CHB 1681478?1706891998 第 1 次 获取到号码【1681478】GSD
2024-02-03 00:40:03 未获取到号码【1681478】GSD，可能号码格式错误
2024-02-03 00:40:03 获取到号码【1681478】的GSD为【-】
2024-02-03 00:40:07 GSD insert 第 1 次 等待 3 秒
2024-02-03 00:40:10 {"status":"bad","gid":"542472","msg":"添加失败！号码【1681478(-|-)】已存在！"}
2024-02-03 00:40:10 随机等待 203 秒，约 3 分钟
2024-02-03 00:40:10 下次操作: 2024-02-03 00:43:33

2024-02-03 00:43:33 开始第 1567 次操作

2024-02-03 00:43:33 开始操作号码 【1681479】
2024-02-03 00:43:39 GSD getOne 第 1 次 等待 3 秒
2024-02-03 00:43:42 查询号码 【1681479】，返回信息 {"status":"ok","msg":"-","gid":"542488","time_insert":"2023-02-20 11:30"}
2024-02-03 00:43:42 查询号码 【1681479】，GSD为【"-"】
2024-02-03 00:43:42 ok && -
2024-02-03 00:43:45 CHB 1681479?1706892222 第 1 次 等待 3 秒
2024-02-03 00:43:48 CHB 1681479?1706892222 第 1 次 获取到号码【1681479】GSD
2024-02-03 00:43:48 未获取到号码【1681479】GSD，可能号码格式错误
2024-02-03 00:43:48 获取到号码【1681479】的GSD为【-】
2024-02-03 00:43:52 GSD insert 第 1 次 等待 3 秒
2024-02-03 00:43:55 {"status":"bad","gid":"542488","msg":"添加失败！号码【1681479(-|-)】已存在！"}
2024-02-03 00:43:55 随机等待 148 秒，约 2 分钟
2024-02-03 00:43:55 下次操作: 2024-02-03 00:46:23

2024-02-03 00:46:23 开始第 1568 次操作

2024-02-03 00:46:23 开始操作号码 【1681480】
2024-02-03 00:46:30 GSD getOne 第 1 次 等待 3 秒
2024-02-03 00:46:33 查询号码 【1681480】，返回信息 {"status":"ok","msg":"-","gid":"542510","time_insert":"2023-02-20 11:43"}
2024-02-03 00:46:33 查询号码 【1681480】，GSD为【"-"】
2024-02-03 00:46:33 ok && -
2024-02-03 00:46:37 CHB 1681480?1706892393 第 1 次 等待 3 秒
2024-02-03 00:46:40 CHB 1681480?1706892393 第 1 次 获取到号码【1681480】GSD
2024-02-03 00:46:40 未获取到号码【1681480】GSD，可能号码格式错误
2024-02-03 00:46:40 获取到号码【1681480】的GSD为【-】
2024-02-03 00:46:44 GSD insert 第 1 次 等待 3 秒
2024-02-03 00:46:47 {"status":"bad","gid":"542510","msg":"添加失败！号码【1681480(-|-)】已存在！"}

2024-02-03 01:17:08 开始第 1569 次操作

2024-02-03 01:17:08 开始操作号码 【1681481】
2024-02-03 01:17:12 GSD getOne 第 1 次 等待 3 秒
2024-02-03 01:17:15 查询号码 【1681481】，返回信息 {"status":"ok","msg":"-","gid":"542531","time_insert":"2023-02-20 11:54"}
2024-02-03 01:17:15 查询号码 【1681481】，GSD为【"-"】
2024-02-03 01:17:15 ok && -
2024-02-03 01:17:17 CHB 1681481?1706894235 第 1 次 等待 3 秒
2024-02-03 01:17:20 CHB 1681481?1706894235 第 1 次 获取到号码【1681481】GSD
2024-02-03 01:17:20 未获取到号码【1681481】GSD，可能号码格式错误
2024-02-03 01:17:21 获取到号码【1681481】的GSD为【-】
2024-02-03 01:17:25 GSD insert 第 1 次 等待 3 秒
2024-02-03 01:17:28 {"status":"bad","gid":"542531","msg":"添加失败！号码【1681481(-|-)】已存在！"}
2024-02-03 01:17:28 随机等待 154 秒，约 2 分钟
2024-02-03 01:17:28 下次操作: 2024-02-03 01:20:02

2024-02-03 01:20:02 开始第 1570 次操作

2024-02-03 01:20:02 开始操作号码 【1681482】
2024-02-03 01:20:06 GSD getOne 第 1 次 等待 3 秒
2024-02-03 01:20:09 查询号码 【1681482】，返回信息 {"status":"ok","msg":"-","gid":"542555","time_insert":"2023-02-20 12:13"}
2024-02-03 01:20:09 查询号码 【1681482】，GSD为【"-"】
2024-02-03 01:20:09 ok && -
2024-02-03 01:20:11 CHB 1681482?1706894409 第 1 次 等待 3 秒
2024-02-03 01:20:14 CHB 1681482?1706894409 第 1 次 获取到号码【1681482】GSD
2024-02-03 01:20:14 未获取到号码【1681482】GSD，可能号码格式错误
2024-02-03 01:20:14 获取到号码【1681482】的GSD为【-】
2024-02-03 01:20:19 GSD insert 第 1 次 等待 3 秒
2024-02-03 01:20:22 {"status":"bad","gid":"542555","msg":"添加失败！号码【1681482(-|-)】已存在！"}
2024-02-03 01:20:22 随机等待 73 秒，约 1 分钟
2024-02-03 01:20:22 下次操作: 2024-02-03 01:21:35

2024-02-03 01:21:35 开始第 1571 次操作

2024-02-03 01:21:35 开始操作号码 【1681483】
2024-02-03 01:21:39 GSD getOne 第 1 次 等待 3 秒
2024-02-03 01:21:42 查询号码 【1681483】，返回信息 {"status":"ok","msg":"-","gid":"542578","time_insert":"2023-02-20 12:28"}
2024-02-03 01:21:42 查询号码 【1681483】，GSD为【"-"】
2024-02-03 01:21:42 ok && -
2024-02-03 01:21:44 CHB 1681483?1706894502 第 1 次 等待 3 秒
2024-02-03 01:21:47 CHB 1681483?1706894502 第 1 次 获取到号码【1681483】GSD
2024-02-03 01:21:47 未获取到号码【1681483】GSD，可能号码格式错误
2024-02-03 01:21:47 获取到号码【1681483】的GSD为【-】
2024-02-03 01:21:52 GSD insert 第 1 次 等待 3 秒
2024-02-03 01:21:55 {"status":"bad","gid":"542578","msg":"添加失败！号码【1681483(-|-)】已存在！"}
2024-02-03 01:21:55 随机等待 77 秒，约 1 分钟
2024-02-03 01:21:55 下次操作: 2024-02-03 01:23:12

2024-02-03 01:23:12 开始第 1572 次操作

2024-02-03 01:23:12 开始操作号码 【1681484】
2024-02-03 01:23:16 GSD getOne 第 1 次 等待 3 秒
2024-02-03 01:23:19 查询号码 【1681484】，返回信息 {"status":"ok","msg":"-","gid":"542602","time_insert":"2023-02-20 12:42"}
2024-02-03 01:23:19 查询号码 【1681484】，GSD为【"-"】
2024-02-03 01:23:19 ok && -
2024-02-03 01:23:24 CHB 1681484?1706894599 第 1 次 等待 3 秒
2024-02-03 01:23:27 CHB 1681484?1706894599 第 1 次 获取到号码【1681484】GSD
2024-02-03 01:23:27 未获取到号码【1681484】GSD，可能号码格式错误
2024-02-03 01:23:27 获取到号码【1681484】的GSD为【-】
2024-02-03 01:23:31 GSD insert 第 1 次 等待 3 秒
2024-02-03 01:23:34 {"status":"bad","gid":"542602","msg":"添加失败！号码【1681484(-|-)】已存在！"}

