2024-06-15 00:22:42 开始第 737 次操作

2024-06-15 00:22:42 开始操作号码 【1460644】
2024-06-15 00:22:52 GSD getOne 第 1 次 等待 3 秒
2024-06-15 00:22:55 查询号码 【1460644】，返回信息 {"status":"ok","msg":"广东-东莞","gid":"77805","time_insert":"2021-06-03 01:22"}
2024-06-15 00:22:55 查询号码 【1460644】，GSD为【"广东-东莞"】

2024-06-15 00:22:56 开始第 738 次操作

2024-06-15 00:22:56 开始操作号码 【1460645】
2024-06-15 00:23:04 GSD getOne 第 1 次 等待 3 秒
2024-06-15 00:23:07 查询号码 【1460645】，返回信息 {"status":"ok","msg":"广东-东莞","gid":"77828","time_insert":"2021-06-03 01:45"}
2024-06-15 00:23:07 查询号码 【1460645】，GSD为【"广东-东莞"】

2024-06-15 00:23:08 开始第 739 次操作

2024-06-15 00:23:08 开始操作号码 【1460646】
2024-06-15 00:23:17 GSD getOne 第 1 次 等待 3 秒
2024-06-15 00:23:20 查询号码 【1460646】，返回信息 {"status":"ok","msg":"广东-东莞","gid":"77841","time_insert":"2021-06-03 02:01"}
2024-06-15 00:23:20 查询号码 【1460646】，GSD为【"广东-东莞"】

2024-06-15 00:23:21 开始第 740 次操作

2024-06-15 00:23:21 开始操作号码 【1460647】
2024-06-15 00:23:32 GSD getOne 第 1 次 等待 3 秒
2024-06-15 00:23:35 查询号码 【1460647】，返回信息 {"status":"ok","msg":"广东-东莞","gid":"77856","time_insert":"2021-06-03 02:21"}
2024-06-15 00:23:35 查询号码 【1460647】，GSD为【"广东-东莞"】

2024-06-15 00:40:38 开始第 741 次操作

2024-06-15 00:40:38 开始操作号码 【1460648】
2024-06-15 00:40:44 GSD getOne 第 1 次 等待 3 秒
2024-06-15 00:40:47 查询号码 【1460648】，返回信息 {"status":"ok","msg":"广东-东莞","gid":"77869","time_insert":"2021-06-03 02:37"}
2024-06-15 00:40:47 查询号码 【1460648】，GSD为【"广东-东莞"】

2024-06-15 00:40:48 开始第 742 次操作

2024-06-15 00:40:48 开始操作号码 【1460649】
2024-06-15 00:41:00 GSD getOne 第 1 次 等待 3 秒
2024-06-15 00:41:03 查询号码 【1460649】，返回信息 {"status":"ok","msg":"广东-东莞","gid":"77892","time_insert":"2021-06-03 03:05"}
2024-06-15 00:41:03 查询号码 【1460649】，GSD为【"广东-东莞"】

2024-06-15 00:41:04 开始第 743 次操作

2024-06-15 00:41:04 开始操作号码 【1460650】
2024-06-15 00:41:11 GSD getOne 第 1 次 等待 3 秒
2024-06-15 00:41:14 查询号码 【1460650】，返回信息 {"status":"ok","msg":"广东-东莞","gid":"77913","time_insert":"2021-06-03 03:31"}
2024-06-15 00:41:14 查询号码 【1460650】，GSD为【"广东-东莞"】

2024-06-15 00:41:15 开始第 744 次操作

2024-06-15 00:41:15 开始操作号码 【1460651】
2024-06-15 00:41:22 GSD getOne 第 1 次 等待 3 秒
2024-06-15 00:41:25 查询号码 【1460651】，返回信息 {"status":"ok","msg":"广东-东莞","gid":"77933","time_insert":"2021-06-03 03:57"}
2024-06-15 00:41:25 查询号码 【1460651】，GSD为【"广东-东莞"】

