2023-12-21 00:21:08 开始第 4245 次操作

2023-12-21 00:21:08 开始操作号码 【1794159】
2023-12-21 00:21:12 GSD getOne 第 1 次 等待 3 秒
2023-12-21 00:21:15 查询号码 【1794159】，返回信息 {"status":"ok","msg":"-","gid":"643376","time_insert":"2023-04-09 19:04"}
2023-12-21 00:21:15 查询号码 【1794159】，GSD为【"-"】
2023-12-21 00:21:15 ok && -
2023-12-21 00:21:19 CHB 1794159?1703089275 第 1 次 等待 3 秒
2023-12-21 00:21:22 CHB 1794159?1703089275 第 1 次 获取到号码【1794159】GSD
2023-12-21 00:21:22 未获取到号码【1794159】GSD，可能号码格式错误
2023-12-21 00:21:22 获取到号码【1794159】的GSD为【-】
2023-12-21 00:21:34 GSD insert 第 1 次 等待 3 秒
2023-12-21 00:21:37 {"status":"bad","gid":"643376","msg":"添加失败！号码【1794159(-|-)】已存在！"}
2023-12-21 00:21:37 随机等待 103 秒，约 1 分钟
2023-12-21 00:21:37 下次操作: 2023-12-21 00:23:20

2023-12-21 00:23:20 开始第 4246 次操作

2023-12-21 00:23:20 开始操作号码 【1794160】
2023-12-21 00:23:24 GSD getOne 第 1 次 等待 3 秒
2023-12-21 00:23:27 查询号码 【1794160】，返回信息 {"status":"ok","msg":"-","gid":"643403","time_insert":"2023-04-09 19:20"}
2023-12-21 00:23:27 查询号码 【1794160】，GSD为【"-"】
2023-12-21 00:23:27 ok && -
2023-12-21 00:23:29 CHB 1794160?1703089407 第 1 次 等待 3 秒
2023-12-21 00:23:32 CHB 1794160?1703089407 第 1 次 获取到号码【1794160】GSD
2023-12-21 00:23:32 未获取到号码【1794160】GSD，可能号码格式错误
2023-12-21 00:23:32 获取到号码【1794160】的GSD为【-】
2023-12-21 00:23:35 GSD insert 第 1 次 等待 3 秒
2023-12-21 00:23:38 {"status":"bad","gid":"643403","msg":"添加失败！号码【1794160(-|-)】已存在！"}
2023-12-21 00:23:38 随机等待 206 秒，约 3 分钟
2023-12-21 00:23:38 下次操作: 2023-12-21 00:27:04

2023-12-21 00:27:04 开始第 4247 次操作

2023-12-21 00:27:04 开始操作号码 【1794161】
2023-12-21 00:27:08 GSD getOne 第 1 次 等待 3 秒
2023-12-21 00:27:11 查询号码 【1794161】，返回信息 {"status":"ok","msg":"-","gid":"643431","time_insert":"2023-04-09 19:37"}
2023-12-21 00:27:11 查询号码 【1794161】，GSD为【"-"】
2023-12-21 00:27:11 ok && -
2023-12-21 00:27:13 CHB 1794161?1703089631 第 1 次 等待 3 秒
2023-12-21 00:27:16 CHB 1794161?1703089631 第 1 次 获取到号码【1794161】GSD
2023-12-21 00:27:16 未获取到号码【1794161】GSD，可能号码格式错误
2023-12-21 00:27:16 获取到号码【1794161】的GSD为【-】
2023-12-21 00:27:19 GSD insert 第 1 次 等待 3 秒
2023-12-21 00:27:22 {"status":"bad","gid":"643431","msg":"添加失败！号码【1794161(-|-)】已存在！"}
2023-12-21 00:27:22 随机等待 112 秒，约 1 分钟
2023-12-21 00:27:22 下次操作: 2023-12-21 00:29:14

2023-12-21 00:29:14 开始第 4248 次操作

2023-12-21 00:29:14 开始操作号码 【1794162】
2023-12-21 00:29:18 GSD getOne 第 1 次 等待 3 秒
2023-12-21 00:29:21 查询号码 【1794162】，返回信息 {"status":"ok","msg":"-","gid":"643459","time_insert":"2023-04-09 19:54"}
2023-12-21 00:29:21 查询号码 【1794162】，GSD为【"-"】
2023-12-21 00:29:21 ok && -
2023-12-21 00:29:23 CHB 1794162?1703089761 第 1 次 等待 3 秒
2023-12-21 00:29:26 CHB 1794162?1703089761 第 1 次 获取到号码【1794162】GSD
2023-12-21 00:29:26 未获取到号码【1794162】GSD，可能号码格式错误
2023-12-21 00:29:26 获取到号码【1794162】的GSD为【-】
2023-12-21 00:29:29 GSD insert 第 1 次 等待 3 秒
2023-12-21 00:29:32 {"status":"bad","gid":"643459","msg":"添加失败！号码【1794162(-|-)】已存在！"}

