2024-01-01 00:20:44 开始第 6193 次操作

2024-01-01 00:20:44 开始操作号码 【1796106】
2024-01-01 00:20:46 GSD getOne 第 1 次 等待 3 秒
2024-01-01 00:20:49 查询号码 【1796106】，返回信息 {"status":"ok","msg":"-","gid":"632058","time_insert":"2023-04-03 15:47"}
2024-01-01 00:20:49 查询号码 【1796106】，GSD为【"-"】
2024-01-01 00:20:49 ok && -
2024-01-01 00:20:51 CHB 1796106?1704039649 第 1 次 等待 3 秒
2024-01-01 00:20:54 CHB 1796106?1704039649 第 1 次 获取到号码【1796106】GSD
2024-01-01 00:20:54 未获取到号码【1796106】GSD，可能号码格式错误
2024-01-01 00:20:54 获取到号码【1796106】的GSD为【-】
2024-01-01 00:20:57 GSD insert 第 1 次 等待 3 秒
2024-01-01 00:21:00 {"status":"bad","gid":"632058","msg":"添加失败！号码【1796106(-|-)】已存在！"}
2024-01-01 00:21:00 随机等待 147 秒，约 2 分钟
2024-01-01 00:21:00 下次操作: 2024-01-01 00:23:27

2024-01-01 00:23:27 开始第 6194 次操作

2024-01-01 00:23:27 开始操作号码 【1796107】
2024-01-01 00:23:30 GSD getOne 第 1 次 等待 3 秒
2024-01-01 00:23:33 查询号码 【1796107】，返回信息 {"status":"ok","msg":"-","gid":"632063","time_insert":"2023-04-03 15:50"}
2024-01-01 00:23:33 查询号码 【1796107】，GSD为【"-"】
2024-01-01 00:23:33 ok && -
2024-01-01 00:23:34 CHB 1796107?1704039813 第 1 次 等待 3 秒
2024-01-01 00:23:37 CHB 1796107?1704039813 第 1 次 获取到号码【1796107】GSD
2024-01-01 00:23:38 未获取到号码【1796107】GSD，可能号码格式错误
2024-01-01 00:23:38 获取到号码【1796107】的GSD为【-】
2024-01-01 00:23:40 GSD insert 第 1 次 等待 3 秒
2024-01-01 00:23:43 {"status":"bad","gid":"632063","msg":"添加失败！号码【1796107(-|-)】已存在！"}
2024-01-01 00:23:43 随机等待 198 秒，约 3 分钟
2024-01-01 00:23:43 下次操作: 2024-01-01 00:27:01

2024-01-01 00:27:01 开始第 6195 次操作

2024-01-01 00:27:01 开始操作号码 【1796108】
2024-01-01 00:27:04 GSD getOne 第 1 次 等待 3 秒
2024-01-01 00:27:07 查询号码 【1796108】，返回信息 {"status":"ok","msg":"-","gid":"632069","time_insert":"2023-04-03 15:53"}
2024-01-01 00:27:07 查询号码 【1796108】，GSD为【"-"】
2024-01-01 00:27:07 ok && -
2024-01-01 00:27:09 CHB 1796108?1704040027 第 1 次 等待 3 秒
2024-01-01 00:27:12 CHB 1796108?1704040027 第 1 次 获取到号码【1796108】GSD
2024-01-01 00:27:12 未获取到号码【1796108】GSD，可能号码格式错误
2024-01-01 00:27:12 获取到号码【1796108】的GSD为【-】
2024-01-01 00:27:14 GSD insert 第 1 次 等待 3 秒
2024-01-01 00:27:17 {"status":"bad","gid":"632069","msg":"添加失败！号码【1796108(-|-)】已存在！"}
2024-01-01 00:27:17 随机等待 159 秒，约 2 分钟
2024-01-01 00:27:17 下次操作: 2024-01-01 00:29:56

2024-01-01 00:29:56 开始第 6196 次操作

2024-01-01 00:29:56 开始操作号码 【1796109】
2024-01-01 00:30:01 GSD getOne 第 1 次 等待 3 秒
2024-01-01 00:30:04 查询号码 【1796109】，返回信息 {"status":"ok","msg":"-","gid":"632075","time_insert":"2023-04-03 15:56"}
2024-01-01 00:30:04 查询号码 【1796109】，GSD为【"-"】
2024-01-01 00:30:04 ok && -
2024-01-01 00:30:06 CHB 1796109?1704040204 第 1 次 等待 3 秒
2024-01-01 00:30:09 CHB 1796109?1704040204 第 1 次 获取到号码【1796109】GSD
2024-01-01 00:30:09 未获取到号码【1796109】GSD，可能号码格式错误
2024-01-01 00:30:09 获取到号码【1796109】的GSD为【-】
2024-01-01 00:30:12 GSD insert 第 1 次 等待 3 秒
2024-01-01 00:30:15 {"status":"bad","gid":"632075","msg":"添加失败！号码【1796109(-|-)】已存在！"}

2024-01-01 00:38:51 开始第 6197 次操作

2024-01-01 00:38:51 开始操作号码 【1796110】
2024-01-01 00:38:56 GSD getOne 第 1 次 等待 3 秒
2024-01-01 00:38:59 查询号码 【1796110】，返回信息 {"status":"ok","msg":"-","gid":"632078","time_insert":"2023-04-03 15:59"}
2024-01-01 00:38:59 查询号码 【1796110】，GSD为【"-"】
2024-01-01 00:38:59 ok && -
2024-01-01 00:39:01 CHB 1796110?1704040739 第 1 次 等待 3 秒
2024-01-01 00:39:04 CHB 1796110?1704040739 第 1 次 获取到号码【1796110】GSD
2024-01-01 00:39:04 未获取到号码【1796110】GSD，可能号码格式错误
2024-01-01 00:39:04 获取到号码【1796110】的GSD为【-】
2024-01-01 00:39:07 GSD insert 第 1 次 等待 3 秒
2024-01-01 00:39:10 {"status":"bad","gid":"632078","msg":"添加失败！号码【1796110(-|-)】已存在！"}
2024-01-01 00:39:10 随机等待 233 秒，约 3 分钟
2024-01-01 00:39:10 下次操作: 2024-01-01 00:43:03

2024-01-01 00:43:03 开始第 6198 次操作

2024-01-01 00:43:04 开始操作号码 【1796111】
2024-01-01 00:43:06 GSD getOne 第 1 次 等待 3 秒
2024-01-01 00:43:09 查询号码 【1796111】，返回信息 {"status":"ok","msg":"-","gid":"632082","time_insert":"2023-04-03 16:01"}
2024-01-01 00:43:09 查询号码 【1796111】，GSD为【"-"】
2024-01-01 00:43:09 ok && -
2024-01-01 00:43:11 CHB 1796111?1704040989 第 1 次 等待 3 秒
2024-01-01 00:43:14 CHB 1796111?1704040989 第 1 次 获取到号码【1796111】GSD
2024-01-01 00:43:14 未获取到号码【1796111】GSD，可能号码格式错误
2024-01-01 00:43:14 获取到号码【1796111】的GSD为【-】
2024-01-01 00:43:17 GSD insert 第 1 次 等待 3 秒
2024-01-01 00:43:20 {"status":"bad","gid":"632082","msg":"添加失败！号码【1796111(-|-)】已存在！"}
2024-01-01 00:43:20 随机等待 195 秒，约 3 分钟
2024-01-01 00:43:20 下次操作: 2024-01-01 00:46:35

2024-01-01 00:46:35 开始第 6199 次操作

2024-01-01 00:46:35 开始操作号码 【1796112】
2024-01-01 01:03:05 GSD getOne 第 1 次 等待 3 秒
2024-01-01 01:03:11 GSD getOne 第 2 次 等待 3 秒
2024-01-01 01:03:14 查询号码 【1796112】，返回信息 {"status":"ok","msg":"-","gid":"632095","time_insert":"2023-04-03 16:12"}
2024-01-01 01:03:14 查询号码 【1796112】，GSD为【"-"】
2024-01-01 01:03:14 ok && -
2024-01-01 01:03:16 CHB 1796112?1704042194 第 1 次 等待 3 秒
2024-01-01 01:03:19 CHB 1796112?1704042194 第 1 次 获取到号码【1796112】GSD
2024-01-01 01:03:19 未获取到号码【1796112】GSD，可能号码格式错误
2024-01-01 01:03:19 获取到号码【1796112】的GSD为【-】
2024-01-01 01:04:02 GSD insert 第 1 次 等待 3 秒
2024-01-01 01:04:05 {"status":"bad","gid":"632095","msg":"添加失败！号码【1796112(-|-)】已存在！"}
2024-01-01 01:04:05 随机等待 170 秒，约 2 分钟
2024-01-01 01:04:05 下次操作: 2024-01-01 01:06:55

2024-01-01 01:06:55 开始第 6200 次操作

2024-01-01 01:06:55 开始操作号码 【1796113】
2024-01-01 01:07:34 GSD getOne 第 1 次 等待 3 秒
2024-01-01 01:07:37 查询号码 【1796113】，返回信息 {"status":"ok","msg":"-","gid":"632097","time_insert":"2023-04-03 16:15"}
2024-01-01 01:07:37 查询号码 【1796113】，GSD为【"-"】
2024-01-01 01:07:37 ok && -
2024-01-01 01:07:40 CHB 1796113?1704042457 第 1 次 等待 3 秒
2024-01-01 01:07:43 CHB 1796113?1704042457 第 1 次 获取到号码【1796113】GSD
2024-01-01 01:07:43 未获取到号码【1796113】GSD，可能号码格式错误
2024-01-01 01:07:43 获取到号码【1796113】的GSD为【-】
2024-01-01 01:08:55 GSD insert 第 1 次 等待 3 秒
2024-01-01 01:08:58 {"status":"bad","gid":"632097","msg":"添加失败！号码【1796113(-|-)】已存在！"}

2024-01-01 01:14:46 开始第 6201 次操作

2024-01-01 01:14:46 开始操作号码 【1796114】
2024-01-01 01:14:49 GSD getOne 第 1 次 等待 3 秒
2024-01-01 01:14:52 查询号码 【1796114】，返回信息 {"status":"ok","msg":"-","gid":"632102","time_insert":"2023-04-03 16:17"}
2024-01-01 01:14:52 查询号码 【1796114】，GSD为【"-"】
2024-01-01 01:14:52 ok && -
2024-01-01 01:14:54 CHB 1796114?1704042892 第 1 次 等待 3 秒
2024-01-01 01:14:57 CHB 1796114?1704042892 第 1 次 获取到号码【1796114】GSD
2024-01-01 01:14:57 未获取到号码【1796114】GSD，可能号码格式错误
2024-01-01 01:14:57 获取到号码【1796114】的GSD为【-】
2024-01-01 01:15:00 GSD insert 第 1 次 等待 3 秒
2024-01-01 01:15:03 {"status":"bad","gid":"632102","msg":"添加失败！号码【1796114(-|-)】已存在！"}
2024-01-01 01:15:03 随机等待 196 秒，约 3 分钟
2024-01-01 01:15:03 下次操作: 2024-01-01 01:18:19

2024-01-01 01:18:19 开始第 6202 次操作

2024-01-01 01:18:19 开始操作号码 【1796115】
2024-01-01 01:18:22 GSD getOne 第 1 次 等待 3 秒
2024-01-01 01:18:25 查询号码 【1796115】，返回信息 {"status":"ok","msg":"-","gid":"632110","time_insert":"2023-04-03 16:20"}
2024-01-01 01:18:25 查询号码 【1796115】，GSD为【"-"】
2024-01-01 01:18:25 ok && -
2024-01-01 01:18:27 CHB 1796115?1704043105 第 1 次 等待 3 秒
2024-01-01 01:18:30 CHB 1796115?1704043105 第 1 次 获取到号码【1796115】GSD
2024-01-01 01:18:30 未获取到号码【1796115】GSD，可能号码格式错误
2024-01-01 01:18:30 获取到号码【1796115】的GSD为【-】
2024-01-01 01:18:32 GSD insert 第 1 次 等待 3 秒
2024-01-01 01:18:35 {"status":"bad","gid":"632110","msg":"添加失败！号码【1796115(-|-)】已存在！"}
2024-01-01 01:18:35 随机等待 88 秒，约 1 分钟
2024-01-01 01:18:35 下次操作: 2024-01-01 01:20:03

2024-01-01 01:20:03 开始第 6203 次操作

2024-01-01 01:20:03 开始操作号码 【1796116】
2024-01-01 01:20:06 GSD getOne 第 1 次 等待 3 秒
2024-01-01 01:20:09 查询号码 【1796116】，返回信息 {"status":"ok","msg":"-","gid":"632119","time_insert":"2023-04-03 16:30"}
2024-01-01 01:20:09 查询号码 【1796116】，GSD为【"-"】
2024-01-01 01:20:09 ok && -
2024-01-01 01:20:12 CHB 1796116?1704043209 第 1 次 等待 3 秒
2024-01-01 01:20:15 CHB 1796116?1704043209 第 1 次 获取到号码【1796116】GSD
2024-01-01 01:20:15 未获取到号码【1796116】GSD，可能号码格式错误
2024-01-01 01:20:15 获取到号码【1796116】的GSD为【-】
2024-01-01 01:20:17 GSD insert 第 1 次 等待 3 秒
2024-01-01 01:20:20 {"status":"bad","gid":"632119","msg":"添加失败！号码【1796116(-|-)】已存在！"}
2024-01-01 01:20:20 随机等待 146 秒，约 2 分钟
2024-01-01 01:20:20 下次操作: 2024-01-01 01:22:46

2024-01-01 01:22:46 开始第 6204 次操作

2024-01-01 01:22:46 开始操作号码 【1796117】
2024-01-01 01:22:49 GSD getOne 第 1 次 等待 3 秒
2024-01-01 01:22:52 查询号码 【1796117】，返回信息 {"status":"ok","msg":"-","gid":"632122","time_insert":"2023-04-03 16:31"}
2024-01-01 01:22:52 查询号码 【1796117】，GSD为【"-"】
2024-01-01 01:22:52 ok && -
2024-01-01 01:22:54 CHB 1796117?1704043372 第 1 次 等待 3 秒
2024-01-01 01:22:57 CHB 1796117?1704043372 第 1 次 获取到号码【1796117】GSD
2024-01-01 01:22:57 未获取到号码【1796117】GSD，可能号码格式错误
2024-01-01 01:22:57 获取到号码【1796117】的GSD为【-】
2024-01-01 01:22:59 GSD insert 第 1 次 等待 3 秒
2024-01-01 01:23:02 {"status":"bad","gid":"632122","msg":"添加失败！号码【1796117(-|-)】已存在！"}

2024-01-01 01:37:30 开始第 6205 次操作

2024-01-01 01:37:30 开始操作号码 【1796118】
2024-01-01 01:37:34 GSD getOne 第 1 次 等待 3 秒
2024-01-01 01:37:37 查询号码 【1796118】，返回信息 {"status":"ok","msg":"-","gid":"632127","time_insert":"2023-04-03 16:34"}
2024-01-01 01:37:37 查询号码 【1796118】，GSD为【"-"】
2024-01-01 01:37:37 ok && -
2024-01-01 01:37:41 CHB 1796118?1704044257 第 1 次 等待 3 秒
2024-01-01 01:37:44 CHB 1796118?1704044257 第 1 次 获取到号码【1796118】GSD
2024-01-01 01:37:44 未获取到号码【1796118】GSD，可能号码格式错误
2024-01-01 01:37:44 获取到号码【1796118】的GSD为【-】
2024-01-01 01:37:48 GSD insert 第 1 次 等待 3 秒
2024-01-01 01:37:51 {"status":"bad","gid":"632127","msg":"添加失败！号码【1796118(-|-)】已存在！"}
2024-01-01 01:37:51 随机等待 188 秒，约 3 分钟
2024-01-01 01:37:51 下次操作: 2024-01-01 01:40:59

2024-01-01 01:40:59 开始第 6206 次操作

2024-01-01 01:40:59 开始操作号码 【1796119】
2024-01-01 01:41:02 GSD getOne 第 1 次 等待 3 秒
2024-01-01 01:41:05 查询号码 【1796119】，返回信息 {"status":"ok","msg":"-","gid":"632133","time_insert":"2023-04-03 16:36"}
2024-01-01 01:41:05 查询号码 【1796119】，GSD为【"-"】
2024-01-01 01:41:05 ok && -
2024-01-01 01:41:08 CHB 1796119?1704044465 第 1 次 等待 3 秒
2024-01-01 01:41:11 CHB 1796119?1704044465 第 1 次 获取到号码【1796119】GSD
2024-01-01 01:41:11 未获取到号码【1796119】GSD，可能号码格式错误
2024-01-01 01:41:11 获取到号码【1796119】的GSD为【-】
2024-01-01 01:41:14 GSD insert 第 1 次 等待 3 秒
2024-01-01 01:41:17 {"status":"bad","gid":"632133","msg":"添加失败！号码【1796119(-|-)】已存在！"}
2024-01-01 01:41:17 随机等待 198 秒，约 3 分钟
2024-01-01 01:41:17 下次操作: 2024-01-01 01:44:35

2024-01-01 01:44:35 开始第 6207 次操作

2024-01-01 01:44:35 开始操作号码 【1796120】
2024-01-01 01:44:38 GSD getOne 第 1 次 等待 3 秒
2024-01-01 01:44:41 查询号码 【1796120】，返回信息 {"status":"ok","msg":"-","gid":"632137","time_insert":"2023-04-03 16:38"}
2024-01-01 01:44:41 查询号码 【1796120】，GSD为【"-"】
2024-01-01 01:44:41 ok && -
2024-01-01 01:44:48 CHB 1796120?1704044681 第 1 次 等待 3 秒
2024-01-01 01:44:51 CHB 1796120?1704044681 第 1 次 获取到号码【1796120】GSD
2024-01-01 01:44:51 未获取到号码【1796120】GSD，可能号码格式错误
2024-01-01 01:44:51 获取到号码【1796120】的GSD为【-】
2024-01-01 01:44:54 GSD insert 第 1 次 等待 3 秒
2024-01-01 01:44:57 {"status":"bad","gid":"632137","msg":"添加失败！号码【1796120(-|-)】已存在！"}
2024-01-01 01:44:57 随机等待 107 秒，约 1 分钟
2024-01-01 01:44:57 下次操作: 2024-01-01 01:46:44

2024-01-01 01:46:44 开始第 6208 次操作

2024-01-01 01:46:44 开始操作号码 【1796121】
2024-01-01 01:46:47 GSD getOne 第 1 次 等待 3 秒
2024-01-01 01:46:50 查询号码 【1796121】，返回信息 {"status":"ok","msg":"-","gid":"632141","time_insert":"2023-04-03 16:40"}
2024-01-01 01:46:50 查询号码 【1796121】，GSD为【"-"】
2024-01-01 01:46:50 ok && -
2024-01-01 01:46:53 CHB 1796121?1704044810 第 1 次 等待 3 秒
2024-01-01 01:46:56 CHB 1796121?1704044810 第 1 次 获取到号码【1796121】GSD
2024-01-01 01:46:56 未获取到号码【1796121】GSD，可能号码格式错误
2024-01-01 01:46:56 获取到号码【1796121】的GSD为【-】
2024-01-01 01:46:59 GSD insert 第 1 次 等待 3 秒
2024-01-01 01:47:02 {"status":"bad","gid":"632141","msg":"添加失败！号码【1796121(-|-)】已存在！"}

