2024-08-07 00:24:22 开始第 5 次操作

2024-08-07 00:24:22 开始操作号码 【1469907】
2024-08-07 00:24:30 GSD getOne 第 1 次 等待 3 秒
2024-08-07 00:24:33 查询号码 【1469907】，返回信息 {"status":"ok","msg":"广东-广州","gid":"354478","time_insert":"2021-07-22 10:58","time_update":"2023-09-24 22:46"}
2024-08-07 00:24:33 查询号码 【1469907】，GSD为【"广东-广州"】

2024-08-07 00:24:34 开始第 6 次操作

2024-08-07 00:24:34 开始操作号码 【1469908】
2024-08-07 00:24:42 GSD getOne 第 1 次 等待 3 秒
2024-08-07 00:24:45 查询号码 【1469908】，返回信息 {"status":"ok","msg":"广东-广州","gid":"354462","time_insert":"2021-07-22 10:57","time_update":"2023-09-24 23:15"}
2024-08-07 00:24:45 查询号码 【1469908】，GSD为【"广东-广州"】

2024-08-07 00:24:47 开始第 7 次操作

2024-08-07 00:24:47 开始操作号码 【1469909】
2024-08-07 00:24:54 GSD getOne 第 1 次 等待 3 秒
2024-08-07 00:24:58 查询号码 【1469909】，返回信息 {"status":"ok","msg":"广东-广州","gid":"354449","time_insert":"2021-07-22 10:56","time_update":"2023-09-24 23:17"}
2024-08-07 00:24:58 查询号码 【1469909】，GSD为【"广东-广州"】

2024-08-07 00:24:59 开始第 8 次操作

2024-08-07 00:24:59 开始操作号码 【1469910】
2024-08-07 00:25:08 GSD getOne 第 1 次 等待 3 秒
2024-08-07 00:25:11 查询号码 【1469910】，返回信息 {"status":"ok","msg":"广东-广州","gid":"354441","time_insert":"2021-07-22 10:55","time_update":"2023-09-24 23:21"}
2024-08-07 00:25:11 查询号码 【1469910】，GSD为【"广东-广州"】

2024-08-07 00:42:00 开始第 9 次操作

2024-08-07 00:42:00 开始操作号码 【1469911】
2024-08-07 00:42:08 GSD getOne 第 1 次 等待 3 秒
2024-08-07 00:42:11 查询号码 【1469911】，返回信息 {"status":"ok","msg":"广东-广州","gid":"354428","time_insert":"2021-07-22 10:54","time_update":"2023-09-24 23:23"}
2024-08-07 00:42:11 查询号码 【1469911】，GSD为【"广东-广州"】

2024-08-07 00:42:12 开始第 10 次操作

2024-08-07 00:42:12 开始操作号码 【1469912】
2024-08-07 00:42:20 GSD getOne 第 1 次 等待 3 秒
2024-08-07 00:42:23 查询号码 【1469912】，返回信息 {"status":"ok","msg":"广东-广州","gid":"354416","time_insert":"2021-07-22 10:54","time_update":"2023-09-24 23:37"}
2024-08-07 00:42:23 查询号码 【1469912】，GSD为【"广东-广州"】

2024-08-07 00:42:24 开始第 11 次操作

2024-08-07 00:42:24 开始操作号码 【1469913】
2024-08-07 00:42:32 GSD getOne 第 1 次 等待 3 秒
2024-08-07 00:42:35 查询号码 【1469913】，返回信息 {"status":"ok","msg":"广东-广州","gid":"354406","time_insert":"2021-07-22 10:53","time_update":"2023-09-24 23:40"}
2024-08-07 00:42:36 查询号码 【1469913】，GSD为【"广东-广州"】

2024-08-07 00:42:37 开始第 12 次操作

2024-08-07 00:42:37 开始操作号码 【1469914】
2024-08-07 00:42:45 GSD getOne 第 1 次 等待 3 秒
2024-08-07 00:42:48 查询号码 【1469914】，返回信息 {"status":"ok","msg":"广东-广州","gid":"354393","time_insert":"2021-07-22 10:52","time_update":"2023-09-24 23:43"}
2024-08-07 00:42:48 查询号码 【1469914】，GSD为【"广东-广州"】

2024-08-07 01:18:56 开始第 13 次操作

2024-08-07 01:18:56 开始操作号码 【1469915】
2024-08-07 01:19:04 GSD getOne 第 1 次 等待 3 秒
2024-08-07 01:19:07 查询号码 【1469915】，返回信息 {"status":"ok","msg":"广东-广州","gid":"354382","time_insert":"2021-07-22 10:51","time_update":"2023-09-24 23:46"}
2024-08-07 01:19:07 查询号码 【1469915】，GSD为【"广东-广州"】

2024-08-07 01:19:08 开始第 14 次操作

2024-08-07 01:19:08 开始操作号码 【1469916】
2024-08-07 01:19:16 GSD getOne 第 1 次 等待 3 秒
2024-08-07 01:19:19 查询号码 【1469916】，返回信息 {"status":"ok","msg":"广东-广州","gid":"354373","time_insert":"2021-07-22 10:50","time_update":"2023-09-25 00:19"}
2024-08-07 01:19:19 查询号码 【1469916】，GSD为【"广东-广州"】

2024-08-07 01:19:20 开始第 15 次操作

2024-08-07 01:19:20 开始操作号码 【1469917】
2024-08-07 01:19:27 GSD getOne 第 1 次 等待 3 秒
2024-08-07 01:19:30 查询号码 【1469917】，返回信息 {"status":"ok","msg":"广东-广州","gid":"354364","time_insert":"2021-07-22 10:50","time_update":"2023-09-25 00:23"}
2024-08-07 01:19:30 查询号码 【1469917】，GSD为【"广东-广州"】

2024-08-07 01:19:32 开始第 16 次操作

2024-08-07 01:19:32 开始操作号码 【1469918】
2024-08-07 01:19:41 GSD getOne 第 1 次 等待 3 秒
2024-08-07 01:19:44 查询号码 【1469918】，返回信息 {"status":"ok","msg":"广东-广州","gid":"354354","time_insert":"2021-07-22 10:49","time_update":"2023-09-25 00:26"}
2024-08-07 01:19:44 查询号码 【1469918】，GSD为【"广东-广州"】

2024-08-07 01:38:08 开始第 17 次操作

2024-08-07 01:38:08 开始操作号码 【1469919】
2024-08-07 01:38:22 GSD getOne 第 1 次 等待 3 秒
2024-08-07 01:38:25 查询号码 【1469919】，返回信息 {"status":"ok","msg":"广东-广州","gid":"354348","time_insert":"2021-07-22 10:48","time_update":"2023-09-25 00:29"}
2024-08-07 01:38:25 查询号码 【1469919】，GSD为【"广东-广州"】

2024-08-07 01:38:26 开始第 18 次操作

2024-08-07 01:38:26 开始操作号码 【1469920】
2024-08-07 01:38:34 GSD getOne 第 1 次 等待 3 秒
2024-08-07 01:38:37 查询号码 【1469920】，返回信息 {"status":"ok","msg":"广东-广州","gid":"354255","time_insert":"2021-07-22 10:18","time_update":"2023-09-25 00:38"}
2024-08-07 01:38:37 查询号码 【1469920】，GSD为【"广东-广州"】

2024-08-07 01:38:38 开始第 19 次操作

2024-08-07 01:38:38 开始操作号码 【1469921】
2024-08-07 01:38:46 GSD getOne 第 1 次 等待 3 秒
2024-08-07 01:38:49 查询号码 【1469921】，返回信息 {"status":"ok","msg":"广东-广州","gid":"354251","time_insert":"2021-07-22 10:17","time_update":"2023-09-25 00:40"}
2024-08-07 01:38:49 查询号码 【1469921】，GSD为【"广东-广州"】

2024-08-07 01:38:50 开始第 20 次操作

2024-08-07 01:38:50 开始操作号码 【1469922】
2024-08-07 01:39:01 GSD getOne 第 1 次 等待 3 秒
2024-08-07 01:39:04 查询号码 【1469922】，返回信息 {"status":"ok","msg":"广东-广州","gid":"354246","time_insert":"2021-07-22 10:16","time_update":"2023-09-25 00:42"}
2024-08-07 01:39:04 查询号码 【1469922】，GSD为【"广东-广州"】

2024-08-07 02:27:16 开始第 21 次操作

2024-08-07 02:27:16 开始操作号码 【1469923】
2024-08-07 02:27:26 GSD getOne 第 1 次 等待 3 秒
2024-08-07 02:27:29 查询号码 【1469923】，返回信息 {"status":"ok","msg":"广东-广州","gid":"354242","time_insert":"2021-07-22 10:15","time_update":"2023-09-25 00:47"}
2024-08-07 02:27:29 查询号码 【1469923】，GSD为【"广东-广州"】

2024-08-07 02:27:30 开始第 22 次操作

2024-08-07 02:27:30 开始操作号码 【1469924】
2024-08-07 02:27:38 GSD getOne 第 1 次 等待 3 秒
2024-08-07 02:27:41 查询号码 【1469924】，返回信息 {"status":"ok","msg":"广东-广州","gid":"354238","time_insert":"2021-07-22 10:15","time_update":"2023-09-25 01:13"}
2024-08-07 02:27:41 查询号码 【1469924】，GSD为【"广东-广州"】

2024-08-07 02:27:42 开始第 23 次操作

2024-08-07 02:27:42 开始操作号码 【1469925】
2024-08-07 02:27:50 GSD getOne 第 1 次 等待 3 秒
2024-08-07 02:27:53 查询号码 【1469925】，返回信息 {"status":"ok","msg":"广东-广州","gid":"354232","time_insert":"2021-07-22 10:14","time_update":"2023-09-25 01:15"}
2024-08-07 02:27:53 查询号码 【1469925】，GSD为【"广东-广州"】

2024-08-07 02:27:54 开始第 24 次操作

2024-08-07 02:27:54 开始操作号码 【1469926】
2024-08-07 02:28:02 GSD getOne 第 1 次 等待 3 秒
2024-08-07 02:28:05 查询号码 【1469926】，返回信息 {"status":"ok","msg":"广东-广州","gid":"354229","time_insert":"2021-07-22 10:13","time_update":"2023-09-25 01:17"}
2024-08-07 02:28:05 查询号码 【1469926】，GSD为【"广东-广州"】

2024-08-07 02:42:38 开始第 25 次操作

2024-08-07 02:42:38 开始操作号码 【1469927】
2024-08-07 02:42:46 GSD getOne 第 1 次 等待 3 秒
2024-08-07 02:42:49 查询号码 【1469927】，返回信息 {"status":"ok","msg":"广东-广州","gid":"354223","time_insert":"2021-07-22 10:12","time_update":"2023-09-25 01:20"}
2024-08-07 02:42:49 查询号码 【1469927】，GSD为【"广东-广州"】

2024-08-07 02:42:50 开始第 26 次操作

2024-08-07 02:42:50 开始操作号码 【1469928】
2024-08-07 02:42:57 GSD getOne 第 1 次 等待 3 秒
2024-08-07 02:43:00 查询号码 【1469928】，返回信息 {"status":"ok","msg":"广东-广州","gid":"354219","time_insert":"2021-07-22 10:11","time_update":"2023-09-25 01:37"}
2024-08-07 02:43:00 查询号码 【1469928】，GSD为【"广东-广州"】

2024-08-07 02:43:02 开始第 27 次操作

2024-08-07 02:43:02 开始操作号码 【1469929】
2024-08-07 02:43:09 GSD getOne 第 1 次 等待 3 秒
2024-08-07 02:43:12 查询号码 【1469929】，返回信息 {"status":"ok","msg":"广东-广州","gid":"354215","time_insert":"2021-07-22 10:10","time_update":"2023-09-25 01:39"}
2024-08-07 02:43:12 查询号码 【1469929】，GSD为【"广东-广州"】

2024-08-07 02:43:13 开始第 28 次操作

2024-08-07 02:43:13 开始操作号码 【1469930】
2024-08-07 02:43:20 GSD getOne 第 1 次 等待 3 秒
2024-08-07 02:43:23 查询号码 【1469930】，返回信息 {"status":"ok","msg":"广东-广州","gid":"354209","time_insert":"2021-07-22 10:09","time_update":"2023-09-25 01:41"}
2024-08-07 02:43:24 查询号码 【1469930】，GSD为【"广东-广州"】

2024-08-07 03:15:04 开始第 29 次操作

2024-08-07 03:15:04 开始操作号码 【1469931】
2024-08-07 03:15:12 GSD getOne 第 1 次 等待 3 秒
2024-08-07 03:15:15 查询号码 【1469931】，返回信息 {"status":"ok","msg":"广东-广州","gid":"354204","time_insert":"2021-07-22 10:08","time_update":"2023-09-25 01:43"}
2024-08-07 03:15:15 查询号码 【1469931】，GSD为【"广东-广州"】

2024-08-07 03:15:16 开始第 30 次操作

2024-08-07 03:15:16 开始操作号码 【1469932】
2024-08-07 03:15:23 GSD getOne 第 1 次 等待 3 秒
2024-08-07 03:15:26 查询号码 【1469932】，返回信息 {"status":"ok","msg":"广东-广州","gid":"354197","time_insert":"2021-07-22 10:07","time_update":"2023-09-25 02:19"}
2024-08-07 03:15:26 查询号码 【1469932】，GSD为【"广东-广州"】

2024-08-07 03:15:27 开始第 31 次操作

2024-08-07 03:15:27 开始操作号码 【1469933】
2024-08-07 03:15:34 GSD getOne 第 1 次 等待 3 秒
2024-08-07 03:15:37 查询号码 【1469933】，返回信息 {"status":"ok","msg":"广东-广州","gid":"354188","time_insert":"2021-07-22 10:07","time_update":"2023-09-25 02:23"}
2024-08-07 03:15:37 查询号码 【1469933】，GSD为【"广东-广州"】

2024-08-07 03:15:38 开始第 32 次操作

2024-08-07 03:15:38 开始操作号码 【1469934】
2024-08-07 03:15:47 GSD getOne 第 1 次 等待 3 秒
2024-08-07 03:15:50 查询号码 【1469934】，返回信息 {"status":"ok","msg":"广东-广州","gid":"354175","time_insert":"2021-07-22 10:06","time_update":"2023-09-25 02:27"}
2024-08-07 03:15:50 查询号码 【1469934】，GSD为【"广东-广州"】

