2023-12-13 00:22:32 开始第 2829 次操作

2023-12-13 00:22:32 开始操作号码 【1792743】
2023-12-13 00:22:36 GSD getOne 第 1 次 等待 3 秒
2023-12-13 00:22:39 查询号码 【1792743】，返回信息 {"status":"ok","msg":"-","gid":"607677","time_insert":"2023-03-22 18:31"}
2023-12-13 00:22:39 查询号码 【1792743】，GSD为【"-"】
2023-12-13 00:22:39 ok && -
2023-12-13 00:22:42 CHB 1792743?1702398159 第 1 次 等待 3 秒
2023-12-13 00:22:45 CHB 1792743?1702398159 第 1 次 获取到号码【1792743】GSD
2023-12-13 00:22:45 未获取到号码【1792743】GSD，可能号码格式错误
2023-12-13 00:22:45 获取到号码【1792743】的GSD为【-】
2023-12-13 00:22:48 GSD insert 第 1 次 等待 3 秒
2023-12-13 00:22:51 {"status":"bad","gid":"607677","msg":"添加失败！号码【1792743(-|-)】已存在！"}
2023-12-13 00:22:51 随机等待 126 秒，约 2 分钟
2023-12-13 00:22:51 下次操作: 2023-12-13 00:24:57

2023-12-13 00:24:57 开始第 2830 次操作

2023-12-13 00:24:57 开始操作号码 【1792744】
2023-12-13 00:25:01 GSD getOne 第 1 次 等待 3 秒
2023-12-13 00:25:04 查询号码 【1792744】，返回信息 {"status":"ok","msg":"-","gid":"607705","time_insert":"2023-03-22 18:47"}
2023-12-13 00:25:04 查询号码 【1792744】，GSD为【"-"】
2023-12-13 00:25:04 ok && -
2023-12-13 00:25:06 CHB 1792744?1702398304 第 1 次 等待 3 秒
2023-12-13 00:25:09 CHB 1792744?1702398304 第 1 次 获取到号码【1792744】GSD
2023-12-13 00:25:09 未获取到号码【1792744】GSD，可能号码格式错误
2023-12-13 00:25:09 获取到号码【1792744】的GSD为【-】
2023-12-13 00:25:13 GSD insert 第 1 次 等待 3 秒
2023-12-13 00:25:16 {"status":"bad","gid":"607705","msg":"添加失败！号码【1792744(-|-)】已存在！"}
2023-12-13 00:25:16 随机等待 223 秒，约 3 分钟
2023-12-13 00:25:16 下次操作: 2023-12-13 00:28:59

2023-12-13 00:28:59 开始第 2831 次操作

2023-12-13 00:28:59 开始操作号码 【1792745】
2023-12-13 00:29:02 GSD getOne 第 1 次 等待 3 秒
2023-12-13 00:29:05 查询号码 【1792745】，返回信息 {"status":"ok","msg":"-","gid":"607735","time_insert":"2023-03-22 19:06"}
2023-12-13 00:29:05 查询号码 【1792745】，GSD为【"-"】
2023-12-13 00:29:05 ok && -
2023-12-13 00:29:08 CHB 1792745?1702398545 第 1 次 等待 3 秒
2023-12-13 00:29:11 CHB 1792745?1702398545 第 1 次 获取到号码【1792745】GSD
2023-12-13 00:29:11 未获取到号码【1792745】GSD，可能号码格式错误
2023-12-13 00:29:11 获取到号码【1792745】的GSD为【-】
2023-12-13 00:29:14 GSD insert 第 1 次 等待 3 秒
2023-12-13 00:29:17 {"status":"bad","gid":"607735","msg":"添加失败！号码【1792745(-|-)】已存在！"}
2023-12-13 00:29:17 随机等待 219 秒，约 3 分钟
2023-12-13 00:29:17 下次操作: 2023-12-13 00:32:56

2023-12-13 00:32:56 开始第 2832 次操作

2023-12-13 00:32:56 开始操作号码 【1792746】
2023-12-13 00:33:00 GSD getOne 第 1 次 等待 3 秒
2023-12-13 00:33:03 查询号码 【1792746】，返回信息 {"status":"ok","msg":"-","gid":"607760","time_insert":"2023-03-22 19:21"}
2023-12-13 00:33:03 查询号码 【1792746】，GSD为【"-"】
2023-12-13 00:33:03 ok && -
2023-12-13 00:33:05 CHB 1792746?1702398783 第 1 次 等待 3 秒
2023-12-13 00:33:08 CHB 1792746?1702398783 第 1 次 获取到号码【1792746】GSD
2023-12-13 00:33:08 未获取到号码【1792746】GSD，可能号码格式错误
2023-12-13 00:33:08 获取到号码【1792746】的GSD为【-】
2023-12-13 00:33:13 GSD insert 第 1 次 等待 3 秒
2023-12-13 00:33:16 {"status":"bad","gid":"607760","msg":"添加失败！号码【1792746(-|-)】已存在！"}

