2024-10-08 00:25:09 开始第 8529 次操作

2024-10-08 00:25:09 开始操作号码 【1358528】
2024-10-08 00:25:10 GSD getOne 第 1 次 等待 3 秒
2024-10-08 00:25:13 查询号码 【1358528】，返回信息 {"status":"ok","msg":"江苏-连云港","gid":"314982","time_insert":"2021-07-18 13:39"}
2024-10-08 00:25:14 查询号码 【1358528】，GSD为【"江苏-连云港"】

2024-10-08 00:25:15 开始第 8530 次操作

2024-10-08 00:25:15 开始操作号码 【1358529】
2024-10-08 00:25:16 GSD getOne 第 1 次 等待 3 秒
2024-10-08 00:25:19 查询号码 【1358529】，返回信息 {"status":"ok","msg":"江苏-连云港","gid":"314968","time_insert":"2021-07-18 13:39"}
2024-10-08 00:25:19 查询号码 【1358529】，GSD为【"江苏-连云港"】

2024-10-08 00:25:20 开始第 8531 次操作

2024-10-08 00:25:20 开始操作号码 【1358530】
2024-10-08 00:25:25 GSD getOne 第 1 次 等待 3 秒
2024-10-08 00:25:28 查询号码 【1358530】，返回信息 {"status":"ok","msg":"江苏-常州","gid":"314953","time_insert":"2021-07-18 13:38"}
2024-10-08 00:25:28 查询号码 【1358530】，GSD为【"江苏-常州"】

2024-10-08 00:25:29 开始第 8532 次操作

2024-10-08 00:25:29 开始操作号码 【1358531】
2024-10-08 00:25:32 GSD getOne 第 1 次 等待 3 秒
2024-10-08 00:25:35 查询号码 【1358531】，返回信息 {"status":"ok","msg":"江苏-常州","gid":"314941","time_insert":"2021-07-18 13:37"}
2024-10-08 00:25:35 查询号码 【1358531】，GSD为【"江苏-常州"】

