2023-10-02 00:19:36 开始第 997 次操作

2023-10-02 00:19:36 开始操作号码 【1890996】
2023-10-02 00:19:40 GSD getOne 第 1 次 等待 3 秒
2023-10-02 00:19:43 查询号码 【1890996】，返回信息 {"status":"ok","msg":"新疆-库尔勒","gid":"443025","time_insert":"2021-07-30 10:33"}
2023-10-02 00:19:43 查询号码 【1890996】，GSD为【"新疆-库尔勒"】

2023-10-02 00:19:44 开始第 998 次操作

2023-10-02 00:19:44 开始操作号码 【1890997】
2023-10-02 00:19:53 GSD getOne 第 1 次 等待 3 秒
2023-10-02 00:19:56 查询号码 【1890997】，返回信息 {"status":"ok","msg":"新疆-阿克苏","gid":"443078","time_insert":"2021-07-30 10:46"}
2023-10-02 00:19:56 查询号码 【1890997】，GSD为【"新疆-阿克苏"】

2023-10-02 00:19:57 开始第 999 次操作

2023-10-02 00:19:57 开始操作号码 【1890998】
2023-10-02 00:20:05 GSD getOne 第 1 次 等待 3 秒
2023-10-02 00:20:08 查询号码 【1890998】，返回信息 {"status":"ok","msg":"新疆-喀什","gid":"443207","time_insert":"2021-07-30 10:57"}
2023-10-02 00:20:08 查询号码 【1890998】，GSD为【"新疆-喀什"】

2023-10-02 00:20:09 开始第 1000 次操作

2023-10-02 00:20:09 开始操作号码 【1890999】
2023-10-02 00:20:14 GSD getOne 第 1 次 等待 3 秒
2023-10-02 00:20:17 查询号码 【1890999】，返回信息 {"status":"ok","msg":"新疆-伊犁","gid":"44985","time_insert":"2020-07-07 10:28","time_update":"2020-12-23 08:30"}
2023-10-02 00:20:17 查询号码 【1890999】，GSD为【"新疆-伊犁"】

