2024-01-08 00:20:34 开始第 7425 次操作

2024-01-08 00:20:34 开始操作号码 【1797337】
2024-01-08 00:20:57 GSD getOne 第 1 次 等待 3 秒
2024-01-08 00:21:00 查询号码 【1797337】，返回信息 {"status":"ok","msg":"-","gid":"638496","time_insert":"2023-04-06 16:39"}
2024-01-08 00:21:00 查询号码 【1797337】，GSD为【"-"】
2024-01-08 00:21:00 ok && -
2024-01-08 00:21:02 CHB 1797337?1704644460 第 1 次 等待 3 秒
2024-01-08 00:21:05 CHB 1797337?1704644460 第 1 次 获取到号码【1797337】GSD
2024-01-08 00:21:05 未获取到号码【1797337】GSD，可能号码格式错误
2024-01-08 00:21:05 获取到号码【1797337】的GSD为【-】
2024-01-08 00:21:09 GSD insert 第 1 次 等待 3 秒
2024-01-08 00:21:12 {"status":"bad","gid":"638496","msg":"添加失败！号码【1797337(-|-)】已存在！"}
2024-01-08 00:21:12 随机等待 119 秒，约 1 分钟
2024-01-08 00:21:12 下次操作: 2024-01-08 00:23:11

2024-01-08 00:23:11 开始第 7426 次操作

2024-01-08 00:23:11 开始操作号码 【1797338】
2024-01-08 00:23:13 GSD getOne 第 1 次 等待 3 秒
2024-01-08 00:23:16 查询号码 【1797338】，返回信息 {"status":"ok","msg":"-","gid":"638499","time_insert":"2023-04-06 16:41"}
2024-01-08 00:23:16 查询号码 【1797338】，GSD为【"-"】
2024-01-08 00:23:16 ok && -
2024-01-08 00:23:19 CHB 1797338?1704644596 第 1 次 等待 3 秒
2024-01-08 00:23:22 CHB 1797338?1704644596 第 1 次 获取到号码【1797338】GSD
2024-01-08 00:23:22 未获取到号码【1797338】GSD，可能号码格式错误
2024-01-08 00:23:22 获取到号码【1797338】的GSD为【-】
2024-01-08 00:23:24 GSD insert 第 1 次 等待 3 秒
2024-01-08 00:23:27 {"status":"bad","gid":"638499","msg":"添加失败！号码【1797338(-|-)】已存在！"}
2024-01-08 00:23:27 随机等待 133 秒，约 2 分钟
2024-01-08 00:23:27 下次操作: 2024-01-08 00:25:40

2024-01-08 00:25:40 开始第 7427 次操作

2024-01-08 00:25:40 开始操作号码 【1797339】
2024-01-08 00:25:43 GSD getOne 第 1 次 等待 3 秒
2024-01-08 00:25:46 查询号码 【1797339】，返回信息 {"status":"ok","msg":"-","gid":"638504","time_insert":"2023-04-06 16:45"}
2024-01-08 00:25:46 查询号码 【1797339】，GSD为【"-"】
2024-01-08 00:25:46 ok && -
2024-01-08 00:25:49 CHB 1797339?1704644746 第 1 次 等待 3 秒
2024-01-08 00:25:52 CHB 1797339?1704644746 第 1 次 获取到号码【1797339】GSD
2024-01-08 00:25:52 未获取到号码【1797339】GSD，可能号码格式错误
2024-01-08 00:25:52 获取到号码【1797339】的GSD为【-】
2024-01-08 00:25:54 GSD insert 第 1 次 等待 3 秒
2024-01-08 00:25:57 {"status":"bad","gid":"638504","msg":"添加失败！号码【1797339(-|-)】已存在！"}
2024-01-08 00:25:57 随机等待 105 秒，约 1 分钟
2024-01-08 00:25:57 下次操作: 2024-01-08 00:27:42

2024-01-08 00:27:42 开始第 7428 次操作

2024-01-08 00:27:42 开始操作号码 【1797340】
2024-01-08 00:27:46 GSD getOne 第 1 次 等待 3 秒
2024-01-08 00:27:49 查询号码 【1797340】，返回信息 {"status":"ok","msg":"-","gid":"638517","time_insert":"2023-04-06 16:53"}
2024-01-08 00:27:49 查询号码 【1797340】，GSD为【"-"】
2024-01-08 00:27:49 ok && -
2024-01-08 00:27:51 CHB 1797340?1704644869 第 1 次 等待 3 秒
2024-01-08 00:27:54 CHB 1797340?1704644869 第 1 次 获取到号码【1797340】GSD
2024-01-08 00:27:54 未获取到号码【1797340】GSD，可能号码格式错误
2024-01-08 00:27:54 获取到号码【1797340】的GSD为【-】
2024-01-08 00:27:57 GSD insert 第 1 次 等待 3 秒
2024-01-08 00:28:00 {"status":"bad","gid":"638517","msg":"添加失败！号码【1797340(-|-)】已存在！"}

2024-01-08 00:40:01 开始第 7429 次操作

2024-01-08 00:40:01 开始操作号码 【1797341】
2024-01-08 00:40:05 GSD getOne 第 1 次 等待 3 秒
2024-01-08 00:40:08 查询号码 【1797341】，返回信息 {"status":"ok","msg":"-","gid":"638519","time_insert":"2023-04-06 16:54"}
2024-01-08 00:40:08 查询号码 【1797341】，GSD为【"-"】
2024-01-08 00:40:08 ok && -
2024-01-08 00:40:11 CHB 1797341?1704645608 第 1 次 等待 3 秒
2024-01-08 00:40:14 CHB 1797341?1704645608 第 1 次 获取到号码【1797341】GSD
2024-01-08 00:40:14 未获取到号码【1797341】GSD，可能号码格式错误
2024-01-08 00:40:14 获取到号码【1797341】的GSD为【-】
2024-01-08 00:40:17 GSD insert 第 1 次 等待 3 秒
2024-01-08 00:40:20 {"status":"bad","gid":"638519","msg":"添加失败！号码【1797341(-|-)】已存在！"}
2024-01-08 00:40:20 随机等待 144 秒，约 2 分钟
2024-01-08 00:40:20 下次操作: 2024-01-08 00:42:44

2024-01-08 00:42:44 开始第 7430 次操作

2024-01-08 00:42:44 开始操作号码 【1797342】
2024-01-08 00:42:48 GSD getOne 第 1 次 等待 3 秒
2024-01-08 00:42:51 查询号码 【1797342】，返回信息 {"status":"ok","msg":"-","gid":"638523","time_insert":"2023-04-06 16:57"}
2024-01-08 00:42:51 查询号码 【1797342】，GSD为【"-"】
2024-01-08 00:42:51 ok && -
2024-01-08 00:42:53 CHB 1797342?1704645771 第 1 次 等待 3 秒
2024-01-08 00:42:56 CHB 1797342?1704645771 第 1 次 获取到号码【1797342】GSD
2024-01-08 00:42:56 未获取到号码【1797342】GSD，可能号码格式错误
2024-01-08 00:42:56 获取到号码【1797342】的GSD为【-】
2024-01-08 00:42:59 GSD insert 第 1 次 等待 3 秒
2024-01-08 00:43:02 {"status":"bad","gid":"638523","msg":"添加失败！号码【1797342(-|-)】已存在！"}
2024-01-08 00:43:02 随机等待 80 秒，约 1 分钟
2024-01-08 00:43:02 下次操作: 2024-01-08 00:44:22

2024-01-08 00:44:22 开始第 7431 次操作

2024-01-08 00:44:22 开始操作号码 【1797343】
2024-01-08 00:44:25 GSD getOne 第 1 次 等待 3 秒
2024-01-08 00:44:28 查询号码 【1797343】，返回信息 {"status":"ok","msg":"-","gid":"638528","time_insert":"2023-04-06 16:59"}
2024-01-08 00:44:28 查询号码 【1797343】，GSD为【"-"】
2024-01-08 00:44:28 ok && -
2024-01-08 00:44:31 CHB 1797343?1704645868 第 1 次 等待 3 秒
2024-01-08 00:44:34 CHB 1797343?1704645868 第 1 次 获取到号码【1797343】GSD
2024-01-08 00:44:34 未获取到号码【1797343】GSD，可能号码格式错误
2024-01-08 00:44:34 获取到号码【1797343】的GSD为【-】
2024-01-08 00:44:37 GSD insert 第 1 次 等待 3 秒
2024-01-08 00:44:40 {"status":"bad","gid":"638528","msg":"添加失败！号码【1797343(-|-)】已存在！"}
2024-01-08 00:44:40 随机等待 139 秒，约 2 分钟
2024-01-08 00:44:40 下次操作: 2024-01-08 00:46:59

2024-01-08 00:46:59 开始第 7432 次操作

2024-01-08 00:46:59 开始操作号码 【1797344】
2024-01-08 00:47:02 GSD getOne 第 1 次 等待 3 秒
2024-01-08 00:47:05 查询号码 【1797344】，返回信息 {"status":"ok","msg":"-","gid":"638540","time_insert":"2023-04-06 17:08"}
2024-01-08 00:47:05 查询号码 【1797344】，GSD为【"-"】
2024-01-08 00:47:05 ok && -
2024-01-08 00:47:07 CHB 1797344?1704646025 第 1 次 等待 3 秒
2024-01-08 00:47:10 CHB 1797344?1704646025 第 1 次 获取到号码【1797344】GSD
2024-01-08 00:47:10 未获取到号码【1797344】GSD，可能号码格式错误
2024-01-08 00:47:10 获取到号码【1797344】的GSD为【-】
2024-01-08 00:47:14 GSD insert 第 1 次 等待 3 秒
2024-01-08 00:47:17 {"status":"bad","gid":"638540","msg":"添加失败！号码【1797344(-|-)】已存在！"}

