2024-05-07 00:24:19 开始第 7433 次操作

2024-05-07 00:24:19 开始操作号码 【1577346】
2024-05-07 00:24:27 GSD getOne 第 1 次 等待 3 秒
2024-05-07 00:24:30 查询号码 【1577346】，返回信息 {"status":"ok","msg":"湖南-衡阳","gid":"399482","time_insert":"2021-07-26 09:44","time_update":"2021-07-29 03:21"}
2024-05-07 00:24:30 查询号码 【1577346】，GSD为【"湖南-衡阳"】

2024-05-07 00:24:31 开始第 7434 次操作

2024-05-07 00:24:31 开始操作号码 【1577347】
2024-05-07 00:24:37 GSD getOne 第 1 次 等待 3 秒
2024-05-07 00:24:40 查询号码 【1577347】，返回信息 {"status":"ok","msg":"湖南-衡阳","gid":"399475","time_insert":"2021-07-26 09:43"}
2024-05-07 00:24:40 查询号码 【1577347】，GSD为【"湖南-衡阳"】

2024-05-07 00:24:41 开始第 7435 次操作

2024-05-07 00:24:41 开始操作号码 【1577348】
2024-05-07 00:24:50 GSD getOne 第 1 次 等待 3 秒
2024-05-07 00:24:53 查询号码 【1577348】，返回信息 {"status":"ok","msg":"湖南-衡阳","gid":"24047","time_insert":"2019-07-04 21:01","time_update":"2020-09-23 02:08"}
2024-05-07 00:24:53 查询号码 【1577348】，GSD为【"湖南-衡阳"】

2024-05-07 00:24:54 开始第 7436 次操作

2024-05-07 00:24:54 开始操作号码 【1577349】
2024-05-07 00:25:00 GSD getOne 第 1 次 等待 3 秒
2024-05-07 00:25:03 查询号码 【1577349】，返回信息 {"status":"ok","msg":"湖南-衡阳","gid":"399467","time_insert":"2021-07-26 09:43"}
2024-05-07 00:25:03 查询号码 【1577349】，GSD为【"湖南-衡阳"】

