2024-06-19 00:24:02 开始第 1437 次操作

2024-06-19 00:24:02 开始操作号码 【1461344】
2024-06-19 00:24:11 GSD getOne 第 1 次 等待 3 秒
2024-06-19 00:24:14 查询号码 【1461344】，返回信息 {"status":"ok","msg":"江苏-南京","gid":"95301","time_insert":"2021-06-13 21:38"}
2024-06-19 00:24:14 查询号码 【1461344】，GSD为【"江苏-南京"】

2024-06-19 00:24:15 开始第 1438 次操作

2024-06-19 00:24:15 开始操作号码 【1461345】
2024-06-19 00:24:23 GSD getOne 第 1 次 等待 3 秒
2024-06-19 00:24:26 查询号码 【1461345】，返回信息 {"status":"ok","msg":"江苏-南京","gid":"95332","time_insert":"2021-06-13 22:06"}
2024-06-19 00:24:26 查询号码 【1461345】，GSD为【"江苏-南京"】

2024-06-19 00:24:27 开始第 1439 次操作

2024-06-19 00:24:27 开始操作号码 【1461346】
2024-06-19 00:24:33 GSD getOne 第 1 次 等待 3 秒
2024-06-19 00:24:36 查询号码 【1461346】，返回信息 {"status":"ok","msg":"江苏-南京","gid":"95370","time_insert":"2021-06-13 22:35"}
2024-06-19 00:24:36 查询号码 【1461346】，GSD为【"江苏-南京"】

2024-06-19 00:24:37 开始第 1440 次操作

2024-06-19 00:24:37 开始操作号码 【1461347】
2024-06-19 00:24:45 GSD getOne 第 1 次 等待 3 秒
2024-06-19 00:24:48 查询号码 【1461347】，返回信息 {"status":"ok","msg":"江苏-南京","gid":"95391","time_insert":"2021-06-13 22:55"}
2024-06-19 00:24:48 查询号码 【1461347】，GSD为【"江苏-南京"】

