2024-04-08 00:19:15 开始第 2461 次操作

2024-04-08 00:19:15 开始操作号码 【1572374】
2024-04-08 00:19:20 GSD getOne 第 1 次 等待 3 秒
2024-04-08 00:19:23 查询号码 【1572374】，返回信息 {"status":"ok","msg":"广西-贺州","gid":"163084","time_insert":"2021-07-01 00:11"}
2024-04-08 00:19:23 查询号码 【1572374】，GSD为【"广西-贺州"】

2024-04-08 00:19:24 开始第 2462 次操作

2024-04-08 00:19:24 开始操作号码 【1572375】
2024-04-08 00:19:33 GSD getOne 第 1 次 等待 3 秒
2024-04-08 00:19:36 查询号码 【1572375】，返回信息 {"status":"ok","msg":"广西-玉林","gid":"163130","time_insert":"2021-07-01 00:28"}
2024-04-08 00:19:36 查询号码 【1572375】，GSD为【"广西-玉林"】

2024-04-08 00:19:37 开始第 2463 次操作

2024-04-08 00:19:37 开始操作号码 【1572376】
2024-04-08 00:19:42 GSD getOne 第 1 次 等待 3 秒
2024-04-08 00:19:45 查询号码 【1572376】，返回信息 {"status":"ok","msg":"广西-百色","gid":"163178","time_insert":"2021-07-01 00:43"}
2024-04-08 00:19:45 查询号码 【1572376】，GSD为【"广西-百色"】

2024-04-08 00:19:46 开始第 2464 次操作

2024-04-08 00:19:46 开始操作号码 【1572377】
2024-04-08 00:19:52 GSD getOne 第 1 次 等待 3 秒
2024-04-08 00:19:55 查询号码 【1572377】，返回信息 {"status":"ok","msg":"广西-钦州","gid":"163218","time_insert":"2021-07-01 00:59"}
2024-04-08 00:19:55 查询号码 【1572377】，GSD为【"广西-钦州"】

