2024-07-24 00:27:38 开始第 7561 次操作

2024-07-24 00:27:38 开始操作号码 【1467463】
2024-07-24 00:27:46 GSD getOne 第 1 次 等待 3 秒
2024-07-24 00:27:49 查询号码 【1467463】，返回信息 {"status":"ok","msg":"江苏-南京","gid":"384398","time_insert":"2021-07-25 03:01"}
2024-07-24 00:27:49 查询号码 【1467463】，GSD为【"江苏-南京"】

2024-07-24 00:27:50 开始第 7562 次操作

2024-07-24 00:27:50 开始操作号码 【1467464】
2024-07-24 00:27:57 GSD getOne 第 1 次 等待 3 秒
2024-07-24 00:28:00 查询号码 【1467464】，返回信息 {"status":"ok","msg":"江苏-南京","gid":"384388","time_insert":"2021-07-25 03:00"}
2024-07-24 00:28:00 查询号码 【1467464】，GSD为【"江苏-南京"】

2024-07-24 00:28:01 开始第 7563 次操作

2024-07-24 00:28:01 开始操作号码 【1467465】
2024-07-24 00:28:10 GSD getOne 第 1 次 等待 3 秒
2024-07-24 00:28:13 查询号码 【1467465】，返回信息 {"status":"ok","msg":"江苏-南京","gid":"384378","time_insert":"2021-07-25 02:59"}
2024-07-24 00:28:13 查询号码 【1467465】，GSD为【"江苏-南京"】

2024-07-24 00:28:14 开始第 7564 次操作

2024-07-24 00:28:14 开始操作号码 【1467466】
2024-07-24 00:28:22 GSD getOne 第 1 次 等待 3 秒
2024-07-24 00:28:25 查询号码 【1467466】，返回信息 {"status":"ok","msg":"江苏-南京","gid":"384369","time_insert":"2021-07-25 02:59"}
2024-07-24 00:28:25 查询号码 【1467466】，GSD为【"江苏-南京"】

