2024-02-08 00:22:18 开始第 2453 次操作

2024-02-08 00:22:18 开始操作号码 【1682365】
2024-02-08 00:22:24 GSD getOne 第 1 次 等待 3 秒
2024-02-08 00:22:27 查询号码 【1682365】，返回信息 {"status":"ok","msg":"-","gid":"561722","time_insert":"2023-02-28 21:35"}
2024-02-08 00:22:27 查询号码 【1682365】，GSD为【"-"】
2024-02-08 00:22:27 ok && -
2024-02-08 00:22:30 CHB 1682365?1707322947 第 1 次 等待 3 秒
2024-02-08 00:22:33 CHB 1682365?1707322947 第 1 次 获取到号码【1682365】GSD
2024-02-08 00:22:33 未获取到号码【1682365】GSD，可能号码格式错误
2024-02-08 00:22:33 获取到号码【1682365】的GSD为【-】
2024-02-08 00:22:38 GSD insert 第 1 次 等待 3 秒
2024-02-08 00:22:41 {"status":"bad","gid":"561722","msg":"添加失败！号码【1682365(-|-)】已存在！"}
2024-02-08 00:22:41 随机等待 192 秒，约 3 分钟
2024-02-08 00:22:41 下次操作: 2024-02-08 00:25:53

2024-02-08 00:25:53 开始第 2454 次操作

2024-02-08 00:25:53 开始操作号码 【1682366】
2024-02-08 00:25:57 GSD getOne 第 1 次 等待 3 秒
2024-02-08 00:26:00 查询号码 【1682366】，返回信息 {"status":"ok","msg":"-","gid":"561738","time_insert":"2023-02-28 21:45"}
2024-02-08 00:26:00 查询号码 【1682366】，GSD为【"-"】
2024-02-08 00:26:00 ok && -
2024-02-08 00:26:03 CHB 1682366?1707323160 第 1 次 等待 3 秒
2024-02-08 00:26:06 CHB 1682366?1707323160 第 1 次 获取到号码【1682366】GSD
2024-02-08 00:26:06 未获取到号码【1682366】GSD，可能号码格式错误
2024-02-08 00:26:06 获取到号码【1682366】的GSD为【-】
2024-02-08 00:26:10 GSD insert 第 1 次 等待 3 秒
2024-02-08 00:26:13 {"status":"bad","gid":"561738","msg":"添加失败！号码【1682366(-|-)】已存在！"}
2024-02-08 00:26:13 随机等待 234 秒，约 3 分钟
2024-02-08 00:26:13 下次操作: 2024-02-08 00:30:07

2024-02-08 00:30:07 开始第 2455 次操作

2024-02-08 00:30:07 开始操作号码 【1682367】
2024-02-08 00:30:12 GSD getOne 第 1 次 等待 3 秒
2024-02-08 00:30:15 查询号码 【1682367】，返回信息 {"status":"ok","msg":"-","gid":"561767","time_insert":"2023-02-28 22:02"}
2024-02-08 00:30:15 查询号码 【1682367】，GSD为【"-"】
2024-02-08 00:30:15 ok && -
2024-02-08 00:30:21 CHB 1682367?1707323415 第 1 次 等待 3 秒
2024-02-08 00:30:24 CHB 1682367?1707323415 第 1 次 获取到号码【1682367】GSD
2024-02-08 00:30:24 未获取到号码【1682367】GSD，可能号码格式错误
2024-02-08 00:30:24 获取到号码【1682367】的GSD为【-】
2024-02-08 00:30:29 GSD insert 第 1 次 等待 3 秒
2024-02-08 00:30:32 {"status":"bad","gid":"561767","msg":"添加失败！号码【1682367(-|-)】已存在！"}
2024-02-08 00:30:32 随机等待 84 秒，约 1 分钟
2024-02-08 00:30:32 下次操作: 2024-02-08 00:31:56

2024-02-08 00:31:56 开始第 2456 次操作

2024-02-08 00:31:56 开始操作号码 【1682368】
2024-02-08 00:32:00 GSD getOne 第 1 次 等待 3 秒
2024-02-08 00:32:03 查询号码 【1682368】，返回信息 {"status":"ok","msg":"-","gid":"561782","time_insert":"2023-02-28 22:12"}
2024-02-08 00:32:03 查询号码 【1682368】，GSD为【"-"】
2024-02-08 00:32:03 ok && -
2024-02-08 00:32:06 CHB 1682368?1707323523 第 1 次 等待 3 秒
2024-02-08 00:32:09 CHB 1682368?1707323523 第 1 次 获取到号码【1682368】GSD
2024-02-08 00:32:09 未获取到号码【1682368】GSD，可能号码格式错误
2024-02-08 00:32:09 获取到号码【1682368】的GSD为【-】
2024-02-08 00:32:13 GSD insert 第 1 次 等待 3 秒
2024-02-08 00:32:16 {"status":"bad","gid":"561782","msg":"添加失败！号码【1682368(-|-)】已存在！"}

