2023-10-08 00:19:24 开始第 2057 次操作

2023-10-08 00:19:24 开始操作号码 【1892056】
2023-10-08 00:19:27 GSD getOne 第 1 次 等待 3 秒
2023-10-08 00:19:30 查询号码 【1892056】，返回信息 {"status":"ok","msg":"天津-天津","gid":"498169","time_insert":"2021-08-07 02:23"}
2023-10-08 00:19:30 查询号码 【1892056】，GSD为【"天津-天津"】

2023-10-08 00:19:31 开始第 2058 次操作

2023-10-08 00:19:31 开始操作号码 【1892057】
2023-10-08 00:19:35 GSD getOne 第 1 次 等待 3 秒
2023-10-08 00:19:38 查询号码 【1892057】，返回信息 {"status":"ok","msg":"天津-天津","gid":"498176","time_insert":"2021-08-07 02:33"}
2023-10-08 00:19:38 查询号码 【1892057】，GSD为【"天津-天津"】

2023-10-08 00:19:39 开始第 2059 次操作

2023-10-08 00:19:39 开始操作号码 【1892058】
2023-10-08 00:19:42 GSD getOne 第 1 次 等待 3 秒
2023-10-08 00:19:45 查询号码 【1892058】，返回信息 {"status":"ok","msg":"天津-天津","gid":"498182","time_insert":"2021-08-07 02:44"}
2023-10-08 00:19:45 查询号码 【1892058】，GSD为【"天津-天津"】

2023-10-08 00:19:46 开始第 2060 次操作

2023-10-08 00:19:46 开始操作号码 【1892059】
2023-10-08 00:19:51 GSD getOne 第 1 次 等待 3 秒
2023-10-08 00:19:54 查询号码 【1892059】，返回信息 {"status":"ok","msg":"天津-天津","gid":"498185","time_insert":"2021-08-07 02:47"}
2023-10-08 00:19:54 查询号码 【1892059】，GSD为【"天津-天津"】

