2023-09-27 00:22:16 开始第 113 次操作

2023-09-27 00:22:16 开始操作号码 【1890112】
2023-09-27 00:22:17 GSD getOne 第 1 次 等待 3 秒
2023-09-27 00:22:20 查询号码 【1890112】，返回信息 {"status":"ok","msg":"北京-北京","gid":"366985","time_insert":"2021-07-23 15:12"}
2023-09-27 00:22:21 查询号码 【1890112】，GSD为【"北京-北京"】

2023-09-27 00:22:22 开始第 114 次操作

2023-09-27 00:22:22 开始操作号码 【1890113】
2023-09-27 00:22:23 GSD getOne 第 1 次 等待 3 秒
2023-09-27 00:22:26 查询号码 【1890113】，返回信息 {"status":"ok","msg":"北京-北京","gid":"367122","time_insert":"2021-07-23 15:26"}
2023-09-27 00:22:26 查询号码 【1890113】，GSD为【"北京-北京"】

2023-09-27 00:22:27 开始第 115 次操作

2023-09-27 00:22:27 开始操作号码 【1890114】
2023-09-27 00:22:29 GSD getOne 第 1 次 等待 3 秒
2023-09-27 00:22:32 查询号码 【1890114】，返回信息 {"status":"ok","msg":"北京-北京","gid":"367171","time_insert":"2021-07-23 15:36"}
2023-09-27 00:22:32 查询号码 【1890114】，GSD为【"北京-北京"】

2023-09-27 00:22:33 开始第 116 次操作

2023-09-27 00:22:33 开始操作号码 【1890115】
2023-09-27 00:22:39 GSD getOne 第 1 次 等待 3 秒
2023-09-27 00:22:42 查询号码 【1890115】，返回信息 {"status":"ok","msg":"北京-北京","gid":"367351","time_insert":"2021-07-23 15:48"}
2023-09-27 00:22:43 查询号码 【1890115】，GSD为【"北京-北京"】

