2023-10-11 00:24:29 开始第 2582 次操作

2023-10-11 00:24:29 开始操作号码 【1892580】
2023-10-11 00:26:40 GSD getOne 第 1 次 等待 3 秒
2023-10-11 00:28:53 GSD getOne 第 2 次 等待 3 秒
2023-10-11 00:31:06 GSD getOne 第 3 次 等待 3 秒
2023-10-11 00:33:19 GSD getOne 第 4 次 等待 3 秒
2023-10-11 00:35:32 GSD getOne 第 5 次 等待 3 秒
2023-10-11 00:37:45 GSD getOne 第 6 次 等待 3 秒
2023-10-11 00:39:59 GSD getOne 第 7 次 等待 3 秒
2023-10-11 00:42:12 GSD getOne 第 8 次 等待 3 秒
2023-10-11 00:44:25 GSD getOne 第 9 次 等待 3 秒
2023-10-11 00:46:38 GSD getOne 第 10 次 等待 3 秒
2023-10-11 00:46:41 查询号码 【1892580】，返回信息 
2023-10-11 00:46:41 查询失败，3 秒后重新查询
2023-10-11 00:48:55 GSD getOne 第 1 次 等待 3 秒
2023-10-11 00:51:08 GSD getOne 第 2 次 等待 3 秒
2023-10-11 00:53:21 GSD getOne 第 3 次 等待 3 秒
2023-10-11 00:55:34 GSD getOne 第 4 次 等待 3 秒
2023-10-11 00:57:48 GSD getOne 第 5 次 等待 3 秒
2023-10-11 01:00:01 GSD getOne 第 6 次 等待 3 秒
2023-10-11 01:02:14 GSD getOne 第 7 次 等待 3 秒
2023-10-11 01:04:27 GSD getOne 第 8 次 等待 3 秒
2023-10-11 01:06:40 GSD getOne 第 9 次 等待 3 秒
2023-10-11 01:08:53 GSD getOne 第 10 次 等待 3 秒
2023-10-11 01:08:56 查询号码 【1892580】，返回信息 
2023-10-11 01:08:56 查询失败，结束本次操作，期待下次成功~
2023-10-11 01:08:56 随机等待 224 秒，约 3 分钟
2023-10-11 01:08:56 下次操作: 2023-10-11 01:12:40

2023-10-11 01:12:40 开始第 2583 次操作

2023-10-11 01:12:40 开始操作号码 【1892580】
2023-10-11 01:14:52 GSD getOne 第 1 次 等待 3 秒
2023-10-11 01:17:05 GSD getOne 第 2 次 等待 3 秒
2023-10-11 01:19:18 GSD getOne 第 3 次 等待 3 秒
2023-10-11 01:21:31 GSD getOne 第 4 次 等待 3 秒
2023-10-11 01:23:44 GSD getOne 第 5 次 等待 3 秒
2023-10-11 01:25:57 GSD getOne 第 6 次 等待 3 秒
2023-10-11 01:28:10 GSD getOne 第 7 次 等待 3 秒
2023-10-11 01:30:23 GSD getOne 第 8 次 等待 3 秒
2023-10-11 01:32:37 GSD getOne 第 9 次 等待 3 秒
2023-10-11 01:34:50 GSD getOne 第 10 次 等待 3 秒
2023-10-11 01:34:53 查询号码 【1892580】，返回信息 
2023-10-11 01:34:53 查询失败，3 秒后重新查询
2023-10-11 01:37:07 GSD getOne 第 1 次 等待 3 秒
2023-10-11 01:39:20 GSD getOne 第 2 次 等待 3 秒
2023-10-11 01:41:33 GSD getOne 第 3 次 等待 3 秒
2023-10-11 01:43:46 GSD getOne 第 4 次 等待 3 秒
2023-10-11 01:45:59 GSD getOne 第 5 次 等待 3 秒
2023-10-11 01:48:13 GSD getOne 第 6 次 等待 3 秒
2023-10-11 01:50:26 GSD getOne 第 7 次 等待 3 秒
2023-10-11 01:52:39 GSD getOne 第 8 次 等待 3 秒
2023-10-11 01:54:52 GSD getOne 第 9 次 等待 3 秒
2023-10-11 01:57:05 GSD getOne 第 10 次 等待 3 秒
2023-10-11 01:57:08 查询号码 【1892580】，返回信息 
2023-10-11 01:57:08 查询失败，结束本次操作，期待下次成功~
2023-10-11 01:57:08 随机等待 72 秒，约 1 分钟
2023-10-11 01:57:08 下次操作: 2023-10-11 01:58:20

2023-10-11 01:58:20 开始第 2584 次操作

2023-10-11 01:58:20 开始操作号码 【1892580】
2023-10-11 02:00:30 GSD getOne 第 1 次 等待 3 秒
2023-10-11 02:02:43 GSD getOne 第 2 次 等待 3 秒
2023-10-11 02:04:56 GSD getOne 第 3 次 等待 3 秒
2023-10-11 02:07:09 GSD getOne 第 4 次 等待 3 秒
2023-10-11 02:09:22 GSD getOne 第 5 次 等待 3 秒
2023-10-11 02:11:35 GSD getOne 第 6 次 等待 3 秒
2023-10-11 02:13:49 GSD getOne 第 7 次 等待 3 秒
2023-10-11 02:16:02 GSD getOne 第 8 次 等待 3 秒
2023-10-11 02:18:15 GSD getOne 第 9 次 等待 3 秒
2023-10-11 02:20:28 GSD getOne 第 10 次 等待 3 秒
2023-10-11 02:20:31 查询号码 【1892580】，返回信息 
2023-10-11 02:20:31 查询失败，3 秒后重新查询
2023-10-11 02:22:45 GSD getOne 第 1 次 等待 3 秒
2023-10-11 02:24:58 GSD getOne 第 2 次 等待 3 秒
2023-10-11 02:27:11 GSD getOne 第 3 次 等待 3 秒
2023-10-11 02:29:24 GSD getOne 第 4 次 等待 3 秒
2023-10-11 02:31:38 GSD getOne 第 5 次 等待 3 秒
2023-10-11 02:33:51 GSD getOne 第 6 次 等待 3 秒
2023-10-11 02:36:04 GSD getOne 第 7 次 等待 3 秒
2023-10-11 02:38:17 GSD getOne 第 8 次 等待 3 秒
2023-10-11 02:40:30 GSD getOne 第 9 次 等待 3 秒
2023-10-11 02:42:43 GSD getOne 第 10 次 等待 3 秒
2023-10-11 02:42:46 查询号码 【1892580】，返回信息 
2023-10-11 02:42:46 查询失败，结束本次操作，期待下次成功~

2023-10-11 03:11:25 开始第 2585 次操作

2023-10-11 03:11:25 开始操作号码 【1892580】
2023-10-11 03:13:36 GSD getOne 第 1 次 等待 3 秒
2023-10-11 03:15:49 GSD getOne 第 2 次 等待 3 秒
2023-10-11 03:18:02 GSD getOne 第 3 次 等待 3 秒
2023-10-11 03:20:15 GSD getOne 第 4 次 等待 3 秒
2023-10-11 03:22:28 GSD getOne 第 5 次 等待 3 秒
2023-10-11 03:24:42 GSD getOne 第 6 次 等待 3 秒
2023-10-11 03:26:55 GSD getOne 第 7 次 等待 3 秒
2023-10-11 03:29:08 GSD getOne 第 8 次 等待 3 秒
2023-10-11 03:31:21 GSD getOne 第 9 次 等待 3 秒
2023-10-11 03:33:34 GSD getOne 第 10 次 等待 3 秒
2023-10-11 03:33:37 查询号码 【1892580】，返回信息 
2023-10-11 03:33:37 查询失败，3 秒后重新查询
2023-10-11 03:35:51 GSD getOne 第 1 次 等待 3 秒
2023-10-11 03:38:04 GSD getOne 第 2 次 等待 3 秒
2023-10-11 03:40:18 GSD getOne 第 3 次 等待 3 秒
2023-10-11 03:42:31 GSD getOne 第 4 次 等待 3 秒
2023-10-11 03:44:44 GSD getOne 第 5 次 等待 3 秒
2023-10-11 03:46:57 GSD getOne 第 6 次 等待 3 秒
2023-10-11 03:49:10 GSD getOne 第 7 次 等待 3 秒
2023-10-11 03:51:23 GSD getOne 第 8 次 等待 3 秒
2023-10-11 03:53:36 GSD getOne 第 9 次 等待 3 秒
2023-10-11 03:55:49 GSD getOne 第 10 次 等待 3 秒
2023-10-11 03:55:52 查询号码 【1892580】，返回信息 
2023-10-11 03:55:52 查询失败，结束本次操作，期待下次成功~
2023-10-11 03:55:52 随机等待 231 秒，约 3 分钟
2023-10-11 03:55:52 下次操作: 2023-10-11 03:59:43

2023-10-11 03:59:43 开始第 2586 次操作

2023-10-11 03:59:43 开始操作号码 【1892580】
2023-10-11 04:01:54 GSD getOne 第 1 次 等待 3 秒
2023-10-11 04:04:07 GSD getOne 第 2 次 等待 3 秒
2023-10-11 04:06:20 GSD getOne 第 3 次 等待 3 秒
2023-10-11 04:08:33 GSD getOne 第 4 次 等待 3 秒
2023-10-11 04:10:46 GSD getOne 第 5 次 等待 3 秒
2023-10-11 04:13:00 GSD getOne 第 6 次 等待 3 秒
2023-10-11 04:15:13 GSD getOne 第 7 次 等待 3 秒
2023-10-11 04:17:26 GSD getOne 第 8 次 等待 3 秒
2023-10-11 04:19:39 GSD getOne 第 9 次 等待 3 秒
2023-10-11 04:21:52 GSD getOne 第 10 次 等待 3 秒
2023-10-11 04:21:55 查询号码 【1892580】，返回信息 
2023-10-11 04:21:55 查询失败，3 秒后重新查询
2023-10-11 04:24:09 GSD getOne 第 1 次 等待 3 秒
2023-10-11 04:26:22 GSD getOne 第 2 次 等待 3 秒
2023-10-11 04:28:35 GSD getOne 第 3 次 等待 3 秒
2023-10-11 04:30:49 GSD getOne 第 4 次 等待 3 秒
2023-10-11 04:33:02 GSD getOne 第 5 次 等待 3 秒
2023-10-11 04:35:15 GSD getOne 第 6 次 等待 3 秒
2023-10-11 04:37:28 GSD getOne 第 7 次 等待 3 秒
2023-10-11 04:39:41 GSD getOne 第 8 次 等待 3 秒
2023-10-11 04:41:54 GSD getOne 第 9 次 等待 3 秒
2023-10-11 04:44:07 GSD getOne 第 10 次 等待 3 秒
2023-10-11 04:44:10 查询号码 【1892580】，返回信息 
2023-10-11 04:44:10 查询失败，结束本次操作，期待下次成功~
2023-10-11 04:44:10 随机等待 184 秒，约 3 分钟
2023-10-11 04:44:10 下次操作: 2023-10-11 04:47:14

2023-10-11 04:47:14 开始第 2587 次操作

2023-10-11 04:47:14 开始操作号码 【1892580】
2023-10-11 04:49:25 GSD getOne 第 1 次 等待 3 秒
2023-10-11 04:51:38 GSD getOne 第 2 次 等待 3 秒
2023-10-11 04:53:51 GSD getOne 第 3 次 等待 3 秒
2023-10-11 04:56:04 GSD getOne 第 4 次 等待 3 秒
2023-10-11 04:58:17 GSD getOne 第 5 次 等待 3 秒
2023-10-11 05:00:30 GSD getOne 第 6 次 等待 3 秒
2023-10-11 05:02:43 GSD getOne 第 7 次 等待 3 秒
2023-10-11 05:04:57 GSD getOne 第 8 次 等待 3 秒
2023-10-11 05:07:10 GSD getOne 第 9 次 等待 3 秒
2023-10-11 05:09:23 GSD getOne 第 10 次 等待 3 秒
2023-10-11 05:09:26 查询号码 【1892580】，返回信息 
2023-10-11 05:09:26 查询失败，3 秒后重新查询
2023-10-11 05:11:40 GSD getOne 第 1 次 等待 3 秒
2023-10-11 05:13:53 GSD getOne 第 2 次 等待 3 秒
2023-10-11 05:16:06 GSD getOne 第 3 次 等待 3 秒
2023-10-11 05:18:19 GSD getOne 第 4 次 等待 3 秒
2023-10-11 05:20:33 GSD getOne 第 5 次 等待 3 秒
2023-10-11 05:22:46 GSD getOne 第 6 次 等待 3 秒
2023-10-11 05:24:59 GSD getOne 第 7 次 等待 3 秒
2023-10-11 05:27:12 GSD getOne 第 8 次 等待 3 秒
2023-10-11 05:29:25 GSD getOne 第 9 次 等待 3 秒
2023-10-11 05:31:38 GSD getOne 第 10 次 等待 3 秒
2023-10-11 05:31:41 查询号码 【1892580】，返回信息 
2023-10-11 05:31:41 查询失败，结束本次操作，期待下次成功~
2023-10-11 05:31:41 随机等待 71 秒，约 1 分钟
2023-10-11 05:31:41 下次操作: 2023-10-11 05:32:52

2023-10-11 05:32:52 开始第 2588 次操作

2023-10-11 05:32:52 开始操作号码 【1892580】
2023-10-11 05:35:03 GSD getOne 第 1 次 等待 3 秒
2023-10-11 05:37:16 GSD getOne 第 2 次 等待 3 秒
2023-10-11 05:39:29 GSD getOne 第 3 次 等待 3 秒
2023-10-11 05:41:42 GSD getOne 第 4 次 等待 3 秒
2023-10-11 05:43:55 GSD getOne 第 5 次 等待 3 秒
2023-10-11 05:46:09 GSD getOne 第 6 次 等待 3 秒
2023-10-11 05:48:22 GSD getOne 第 7 次 等待 3 秒
2023-10-11 05:50:35 GSD getOne 第 8 次 等待 3 秒
2023-10-11 05:52:48 GSD getOne 第 9 次 等待 3 秒
2023-10-11 05:55:01 GSD getOne 第 10 次 等待 3 秒
2023-10-11 05:55:04 查询号码 【1892580】，返回信息 
2023-10-11 05:55:04 查询失败，3 秒后重新查询
2023-10-11 05:57:18 GSD getOne 第 1 次 等待 3 秒
2023-10-11 05:59:31 GSD getOne 第 2 次 等待 3 秒
2023-10-11 06:01:44 GSD getOne 第 3 次 等待 3 秒
2023-10-11 06:03:58 GSD getOne 第 4 次 等待 3 秒
2023-10-11 06:06:11 GSD getOne 第 5 次 等待 3 秒
2023-10-11 06:08:24 GSD getOne 第 6 次 等待 3 秒
2023-10-11 06:10:37 GSD getOne 第 7 次 等待 3 秒
2023-10-11 06:12:50 GSD getOne 第 8 次 等待 3 秒
2023-10-11 06:15:03 GSD getOne 第 9 次 等待 3 秒
2023-10-11 06:17:16 GSD getOne 第 10 次 等待 3 秒
2023-10-11 06:17:19 查询号码 【1892580】，返回信息 
2023-10-11 06:17:19 查询失败，结束本次操作，期待下次成功~

