2024-09-03 00:24:50 开始第 2537 次操作

2024-09-03 00:24:50 开始操作号码 【1352536】
2024-09-03 00:24:58 GSD getOne 第 1 次 等待 3 秒
2024-09-03 00:25:01 查询号码 【1352536】，返回信息 {"status":"ok","msg":"河南-平顶山","gid":"86779","time_insert":"2021-06-08 20:34"}
2024-09-03 00:25:01 查询号码 【1352536】，GSD为【"河南-平顶山"】

2024-09-03 00:25:02 开始第 2538 次操作

2024-09-03 00:25:02 开始操作号码 【1352537】
2024-09-03 00:25:10 GSD getOne 第 1 次 等待 3 秒
2024-09-03 00:25:13 查询号码 【1352537】，返回信息 {"status":"ok","msg":"河南-平顶山","gid":"86803","time_insert":"2021-06-08 20:55"}
2024-09-03 00:25:13 查询号码 【1352537】，GSD为【"河南-平顶山"】

2024-09-03 00:25:14 开始第 2539 次操作

2024-09-03 00:25:14 开始操作号码 【1352538】
2024-09-03 00:25:22 GSD getOne 第 1 次 等待 3 秒
2024-09-03 00:25:25 查询号码 【1352538】，返回信息 {"status":"ok","msg":"河南-平顶山","gid":"5398","time_insert":"2020-05-29 13:55","time_update":"2020-09-14 01:07"}
2024-09-03 00:25:25 查询号码 【1352538】，GSD为【"河南-平顶山"】

2024-09-03 00:25:26 开始第 2540 次操作

2024-09-03 00:25:26 开始操作号码 【1352539】
2024-09-03 00:25:34 GSD getOne 第 1 次 等待 3 秒
2024-09-03 00:25:37 查询号码 【1352539】，返回信息 {"status":"ok","msg":"河南-平顶山","gid":"53327","time_insert":"2020-05-12 11:43"}
2024-09-03 00:25:37 查询号码 【1352539】，GSD为【"河南-平顶山"】

