2021-07-29 06:09:40 开始第 1 次操作

2021-07-29 06:09:40 开始操作号码 【1899999】
2021-07-29 06:09:42 GSD getOne 第 1 次 等待 3 秒
2021-07-29 06:09:45 查询号码 【1899999】，返回信息 {"status":"bad","msg":""}
2021-07-29 06:09:46 查询号码 【1899999】，GSD为【""】
2021-07-29 06:09:46 bad
2021-07-29 06:09:47 CHB 1899999?1627510186 第 1 次 等待 3 秒
2021-07-29 06:09:50 CHB 1899999?1627510186 第 1 次 获取到号码【1899999】GSD
2021-07-29 06:09:50 获取到号码【1899999】的GSD为【新疆-乌鲁木齐】
2021-07-29 06:10:08 GSD insert 第 1 次 等待 3 秒
2021-07-29 06:10:11 {"status":"ok","gid":430650,"msg":"添加成功！"}
2021-07-29 06:10:11 下次操作: 2021-07-29 06:10:34

2021-07-29 06:10:34 开始第 2 次操作

2021-07-29 06:10:34 开始操作号码 【1899998】
2021-07-29 06:10:37 GSD getOne 第 1 次 等待 3 秒
2021-07-29 06:10:40 查询号码 【1899998】，返回信息 {"status":"ok","msg":"新疆-乌鲁木齐","gid":"46154","time_insert":"2016-08-29 12:20","time_update":"2020-12-24 00:03"}
2021-07-29 06:10:40 查询号码 【1899998】，GSD为【"新疆-乌鲁木齐"】

2021-07-29 06:10:40 开始第 2 次操作

2021-07-29 06:10:40 开始操作号码 【1899997】
2021-07-29 06:10:58 GSD getOne 第 1 次 等待 3 秒
2021-07-29 06:11:01 查询号码 【1899997】，返回信息 {"status":"bad","msg":""}
2021-07-29 06:11:02 查询号码 【1899997】，GSD为【""】
2021-07-29 06:11:02 bad
2021-07-29 06:11:03 CHB 1899997?1627510262 第 1 次 等待 3 秒
2021-07-29 06:11:06 CHB 1899997?1627510262 第 1 次 获取到号码【1899997】GSD
2021-07-29 06:11:06 获取到号码【1899997】的GSD为【新疆-乌鲁木齐】
2021-07-29 06:11:24 GSD insert 第 1 次 等待 3 秒
2021-07-29 06:11:27 {"status":"ok","gid":430660,"msg":"添加成功！"}
2021-07-29 06:11:27 下次操作: 2021-07-29 06:11:51

2021-07-29 06:11:51 开始第 3 次操作

2021-07-29 06:11:51 开始操作号码 【1899996】
2021-07-29 06:11:54 GSD getOne 第 1 次 等待 3 秒
2021-07-29 06:11:57 查询号码 【1899996】，返回信息 {"status":"bad","msg":""}
2021-07-29 06:11:57 查询号码 【1899996】，GSD为【""】
2021-07-29 06:11:57 bad
2021-07-29 06:11:59 CHB 1899996?1627510317 第 1 次 等待 3 秒
2021-07-29 06:12:02 CHB 1899996?1627510317 第 1 次 获取到号码【1899996】GSD
2021-07-29 06:12:02 获取到号码【1899996】的GSD为【新疆-乌鲁木齐】
2021-07-29 06:12:20 GSD insert 第 1 次 等待 3 秒
2021-07-29 06:12:23 {"status":"ok","gid":430664,"msg":"添加成功！"}
2021-07-29 06:12:23 下次操作: 2021-07-29 06:12:40

2021-07-29 06:12:40 开始第 4 次操作

2021-07-29 06:12:40 开始操作号码 【1899995】
2021-07-29 06:12:42 GSD getOne 第 1 次 等待 3 秒
2021-07-29 06:12:45 查询号码 【1899995】，返回信息 {"status":"bad","msg":""}
2021-07-29 06:12:45 查询号码 【1899995】，GSD为【""】
2021-07-29 06:12:45 bad
2021-07-29 06:12:47 CHB 1899995?1627510366 第 1 次 等待 3 秒
2021-07-29 06:12:50 CHB 1899995?1627510366 第 1 次 获取到号码【1899995】GSD
2021-07-29 06:12:50 获取到号码【1899995】的GSD为【新疆-乌鲁木齐】
2021-07-29 06:13:08 GSD insert 第 1 次 等待 3 秒
2021-07-29 06:13:11 {"status":"ok","gid":430668,"msg":"添加成功！"}
2021-07-29 06:13:11 下次操作: 2021-07-29 06:13:23

2021-07-29 06:13:23 开始第 5 次操作

2021-07-29 06:13:23 开始操作号码 【1899994】
2021-07-29 06:13:27 GSD getOne 第 1 次 等待 3 秒
2021-07-29 06:13:30 查询号码 【1899994】，返回信息 {"status":"bad","msg":""}
2021-07-29 06:13:30 查询号码 【1899994】，GSD为【""】
2021-07-29 06:13:30 bad
2021-07-29 06:13:32 CHB 1899994?1627510410 第 1 次 等待 3 秒
2021-07-29 06:13:35 CHB 1899994?1627510410 第 1 次 获取到号码【1899994】GSD
2021-07-29 06:13:35 获取到号码【1899994】的GSD为【新疆-乌鲁木齐】
2021-07-29 06:13:53 GSD insert 第 1 次 等待 3 秒
2021-07-29 06:13:56 {"status":"ok","gid":430673,"msg":"添加成功！"}
2021-07-29 06:13:56 下次操作: 2021-07-29 06:14:17

2021-07-29 06:14:17 开始第 6 次操作

2021-07-29 06:14:17 开始操作号码 【1899993】
2021-07-29 06:14:20 GSD getOne 第 1 次 等待 3 秒
2021-07-29 06:14:23 查询号码 【1899993】，返回信息 {"status":"bad","msg":""}
2021-07-29 06:14:23 查询号码 【1899993】，GSD为【""】
2021-07-29 06:14:23 bad
2021-07-29 06:14:24 CHB 1899993?1627510463 第 1 次 等待 3 秒
2021-07-29 06:14:27 CHB 1899993?1627510463 第 1 次 获取到号码【1899993】GSD
2021-07-29 06:14:27 获取到号码【1899993】的GSD为【新疆-乌鲁木齐】
2021-07-29 06:14:45 GSD insert 第 1 次 等待 3 秒
2021-07-29 06:14:48 {"status":"ok","gid":430677,"msg":"添加成功！"}
2021-07-29 06:14:48 下次操作: 2021-07-29 06:15:09

2021-07-29 06:15:09 开始第 7 次操作

2021-07-29 06:15:09 开始操作号码 【1899992】
2021-07-29 06:15:12 GSD getOne 第 1 次 等待 3 秒
2021-07-29 06:15:15 查询号码 【1899992】，返回信息 {"status":"ok","msg":"新疆-乌鲁木齐","gid":"52709","time_insert":"2021-04-27 20:18"}
2021-07-29 06:15:15 查询号码 【1899992】，GSD为【"新疆-乌鲁木齐"】

2021-07-29 06:15:15 开始第 7 次操作

2021-07-29 06:15:15 开始操作号码 【1899991】
2021-07-29 06:15:33 GSD getOne 第 1 次 等待 3 秒
2021-07-29 06:15:36 查询号码 【1899991】，返回信息 {"status":"ok","msg":"新疆-乌鲁木齐","gid":"46153","time_insert":"2019-05-21 16:04","time_update":"2020-12-23 21:01"}
2021-07-29 06:15:37 查询号码 【1899991】，GSD为【"新疆-乌鲁木齐"】

2021-07-29 06:15:37 开始第 7 次操作

2021-07-29 06:15:37 开始操作号码 【1899990】
2021-07-29 06:15:55 GSD getOne 第 1 次 等待 3 秒
2021-07-29 06:15:58 查询号码 【1899990】，返回信息 {"status":"bad","msg":""}
2021-07-29 06:15:58 查询号码 【1899990】，GSD为【""】
2021-07-29 06:15:58 bad
2021-07-29 06:15:59 CHB 1899990?1627510558 第 1 次 等待 3 秒
2021-07-29 06:16:02 CHB 1899990?1627510558 第 1 次 获取到号码【1899990】GSD
2021-07-29 06:16:02 获取到号码【1899990】的GSD为【新疆-乌鲁木齐】
2021-07-29 06:16:21 GSD insert 第 1 次 等待 3 秒
2021-07-29 06:16:24 {"status":"ok","gid":430682,"msg":"添加成功！"}
2021-07-29 06:16:24 下次操作: 2021-07-29 06:16:47

2021-07-29 06:16:47 开始第 8 次操作

2021-07-29 06:16:47 开始操作号码 【1899989】
2021-07-29 06:16:49 GSD getOne 第 1 次 等待 3 秒
2021-07-29 06:16:52 查询号码 【1899989】，返回信息 {"status":"bad","msg":""}
2021-07-29 06:16:52 查询号码 【1899989】，GSD为【""】
2021-07-29 06:16:52 bad
2021-07-29 06:16:54 CHB 1899989?1627510612 第 1 次 等待 3 秒
2021-07-29 06:16:57 CHB 1899989?1627510612 第 1 次 获取到号码【1899989】GSD
2021-07-29 06:16:57 获取到号码【1899989】的GSD为【新疆-乌鲁木齐】
2021-07-29 06:17:15 GSD insert 第 1 次 等待 3 秒
2021-07-29 06:17:18 {"status":"ok","gid":430687,"msg":"添加成功！"}
2021-07-29 06:17:18 下次操作: 2021-07-29 06:17:30

2021-07-29 06:17:30 开始第 9 次操作

2021-07-29 06:17:30 开始操作号码 【1899988】
2021-07-29 06:17:34 GSD getOne 第 1 次 等待 3 秒
2021-07-29 06:17:37 查询号码 【1899988】，返回信息 {"status":"bad","msg":""}
2021-07-29 06:17:37 查询号码 【1899988】，GSD为【""】
2021-07-29 06:17:37 bad
2021-07-29 06:17:39 CHB 1899988?1627510657 第 1 次 等待 3 秒
2021-07-29 06:17:42 CHB 1899988?1627510657 第 1 次 获取到号码【1899988】GSD
2021-07-29 06:17:42 获取到号码【1899988】的GSD为【新疆-乌鲁木齐】
2021-07-29 06:18:00 GSD insert 第 1 次 等待 3 秒
2021-07-29 06:18:03 {"status":"ok","gid":430690,"msg":"添加成功！"}
2021-07-29 06:18:03 下次操作: 2021-07-29 06:18:16

2021-07-29 06:18:16 开始第 10 次操作

2021-07-29 06:18:16 开始操作号码 【1899987】
2021-07-29 06:18:19 GSD getOne 第 1 次 等待 3 秒
2021-07-29 06:18:22 查询号码 【1899987】，返回信息 {"status":"bad","msg":""}
2021-07-29 06:18:22 查询号码 【1899987】，GSD为【""】
2021-07-29 06:18:22 bad
2021-07-29 06:18:23 CHB 1899987?1627510702 第 1 次 等待 3 秒
2021-07-29 06:18:26 CHB 1899987?1627510702 第 1 次 获取到号码【1899987】GSD
2021-07-29 06:18:26 获取到号码【1899987】的GSD为【新疆-乌鲁木齐】
2021-07-29 06:18:44 GSD insert 第 1 次 等待 3 秒
2021-07-29 06:18:47 {"status":"ok","gid":430692,"msg":"添加成功！"}
2021-07-29 06:18:47 下次操作: 2021-07-29 06:19:09

2021-07-29 06:19:09 开始第 11 次操作

2021-07-29 06:19:09 开始操作号码 【1899986】
2021-07-29 06:19:12 GSD getOne 第 1 次 等待 3 秒
2021-07-29 06:19:15 查询号码 【1899986】，返回信息 {"status":"bad","msg":""}
2021-07-29 06:19:15 查询号码 【1899986】，GSD为【""】
2021-07-29 06:19:15 bad
2021-07-29 06:19:17 CHB 1899986?1627510755 第 1 次 等待 3 秒
2021-07-29 06:19:20 CHB 1899986?1627510755 第 1 次 获取到号码【1899986】GSD
2021-07-29 06:19:20 获取到号码【1899986】的GSD为【新疆-乌鲁木齐】
2021-07-29 06:19:38 GSD insert 第 1 次 等待 3 秒
2021-07-29 06:19:41 {"status":"ok","gid":430693,"msg":"添加成功！"}
2021-07-29 06:19:41 下次操作: 2021-07-29 06:19:55

2021-07-29 06:19:55 开始第 12 次操作

2021-07-29 06:19:55 开始操作号码 【1899985】
2021-07-29 06:19:58 GSD getOne 第 1 次 等待 3 秒
2021-07-29 06:20:01 查询号码 【1899985】，返回信息 {"status":"bad","msg":""}
2021-07-29 06:20:01 查询号码 【1899985】，GSD为【""】
2021-07-29 06:20:01 bad
2021-07-29 06:20:03 CHB 1899985?1627510801 第 1 次 等待 3 秒
2021-07-29 06:20:06 CHB 1899985?1627510801 第 1 次 获取到号码【1899985】GSD
2021-07-29 06:20:06 获取到号码【1899985】的GSD为【新疆-乌鲁木齐】
2021-07-29 06:20:24 GSD insert 第 1 次 等待 3 秒
2021-07-29 06:20:27 {"status":"ok","gid":430694,"msg":"添加成功！"}
2021-07-29 06:20:27 下次操作: 2021-07-29 06:20:44

2021-07-29 06:20:44 开始第 13 次操作

2021-07-29 06:20:44 开始操作号码 【1899984】
2021-07-29 06:20:46 GSD getOne 第 1 次 等待 3 秒
2021-07-29 06:20:50 查询号码 【1899984】，返回信息 {"status":"bad","msg":""}
2021-07-29 06:20:50 查询号码 【1899984】，GSD为【""】
2021-07-29 06:20:50 bad
2021-07-29 06:20:51 CHB 1899984?1627510850 第 1 次 等待 3 秒
2021-07-29 06:20:54 CHB 1899984?1627510850 第 1 次 获取到号码【1899984】GSD
2021-07-29 06:20:54 获取到号码【1899984】的GSD为【新疆-乌鲁木齐】
2021-07-29 06:21:12 GSD insert 第 1 次 等待 3 秒
2021-07-29 06:21:15 {"status":"ok","gid":430696,"msg":"添加成功！"}
2021-07-29 06:21:15 下次操作: 2021-07-29 06:21:35

2021-07-29 06:21:35 开始第 14 次操作

2021-07-29 06:21:35 开始操作号码 【1899983】
2021-07-29 06:21:38 GSD getOne 第 1 次 等待 3 秒
2021-07-29 06:21:41 查询号码 【1899983】，返回信息 {"status":"bad","msg":""}
2021-07-29 06:21:41 查询号码 【1899983】，GSD为【""】
2021-07-29 06:21:41 bad
2021-07-29 06:21:43 CHB 1899983?1627510901 第 1 次 等待 3 秒
2021-07-29 06:21:46 CHB 1899983?1627510901 第 1 次 获取到号码【1899983】GSD
2021-07-29 06:21:46 获取到号码【1899983】的GSD为【新疆-乌鲁木齐】
2021-07-29 06:22:04 GSD insert 第 1 次 等待 3 秒
2021-07-29 06:22:07 {"status":"ok","gid":430699,"msg":"添加成功！"}
2021-07-29 06:22:07 下次操作: 2021-07-29 06:22:28

2021-07-29 06:22:28 开始第 15 次操作

2021-07-29 06:22:28 开始操作号码 【1899982】
2021-07-29 06:22:31 GSD getOne 第 1 次 等待 3 秒
2021-07-29 06:22:34 查询号码 【1899982】，返回信息 {"status":"bad","msg":""}
2021-07-29 06:22:34 查询号码 【1899982】，GSD为【""】
2021-07-29 06:22:34 bad
2021-07-29 06:22:36 CHB 1899982?1627510954 第 1 次 等待 3 秒
2021-07-29 06:22:39 CHB 1899982?1627510954 第 1 次 获取到号码【1899982】GSD
2021-07-29 06:22:39 获取到号码【1899982】的GSD为【新疆-乌鲁木齐】
2021-07-29 06:22:57 GSD insert 第 1 次 等待 3 秒
2021-07-29 06:23:00 {"status":"ok","gid":430701,"msg":"添加成功！"}
2021-07-29 06:23:00 下次操作: 2021-07-29 06:23:12

2021-07-29 06:23:12 开始第 16 次操作

2021-07-29 06:23:12 开始操作号码 【1899981】
2021-07-29 06:23:16 GSD getOne 第 1 次 等待 3 秒
2021-07-29 06:23:19 查询号码 【1899981】，返回信息 {"status":"bad","msg":""}
2021-07-29 06:23:19 查询号码 【1899981】，GSD为【""】
2021-07-29 06:23:19 bad
2021-07-29 06:23:20 CHB 1899981?1627510999 第 1 次 等待 3 秒
2021-07-29 06:23:23 CHB 1899981?1627510999 第 1 次 获取到号码【1899981】GSD
2021-07-29 06:23:23 获取到号码【1899981】的GSD为【新疆-乌鲁木齐】
2021-07-29 06:23:41 GSD insert 第 1 次 等待 3 秒
2021-07-29 06:23:44 {"status":"ok","gid":430703,"msg":"添加成功！"}
2021-07-29 06:23:44 下次操作: 2021-07-29 06:23:58

2021-07-29 06:23:58 开始第 17 次操作

2021-07-29 06:23:58 开始操作号码 【1899980】
2021-07-29 06:24:02 GSD getOne 第 1 次 等待 3 秒
2021-07-29 06:24:05 查询号码 【1899980】，返回信息 {"status":"bad","msg":""}
2021-07-29 06:24:05 查询号码 【1899980】，GSD为【""】
2021-07-29 06:24:05 bad
2021-07-29 06:24:06 CHB 1899980?1627511045 第 1 次 等待 3 秒
2021-07-29 06:24:09 CHB 1899980?1627511045 第 1 次 获取到号码【1899980】GSD
2021-07-29 06:24:09 获取到号码【1899980】的GSD为【新疆-乌鲁木齐】
2021-07-29 06:24:27 GSD insert 第 1 次 等待 3 秒
2021-07-29 06:24:30 {"status":"ok","gid":430704,"msg":"添加成功！"}
2021-07-29 06:24:31 下次操作: 2021-07-29 06:24:44

2021-07-29 06:24:44 开始第 18 次操作

2021-07-29 06:24:44 开始操作号码 【1899979】
2021-07-29 06:24:46 GSD getOne 第 1 次 等待 3 秒
2021-07-29 06:24:49 查询号码 【1899979】，返回信息 {"status":"bad","msg":""}
2021-07-29 06:24:49 查询号码 【1899979】，GSD为【""】
2021-07-29 06:24:49 bad
2021-07-29 06:24:51 CHB 1899979?1627511089 第 1 次 等待 3 秒
2021-07-29 06:24:54 CHB 1899979?1627511089 第 1 次 获取到号码【1899979】GSD
2021-07-29 06:24:54 获取到号码【1899979】的GSD为【新疆-阿勒泰】
2021-07-29 06:25:12 GSD insert 第 1 次 等待 3 秒
2021-07-29 06:25:15 {"status":"ok","gid":430706,"msg":"添加成功！"}
2021-07-29 06:25:15 下次操作: 2021-07-29 06:25:29

2021-07-29 06:25:29 开始第 19 次操作

2021-07-29 06:25:29 开始操作号码 【1899978】
2021-07-29 06:25:32 GSD getOne 第 1 次 等待 3 秒
2021-07-29 06:25:35 查询号码 【1899978】，返回信息 {"status":"bad","msg":""}
2021-07-29 06:25:35 查询号码 【1899978】，GSD为【""】
2021-07-29 06:25:35 bad
2021-07-29 06:25:37 CHB 1899978?1627511135 第 1 次 等待 3 秒
2021-07-29 06:25:40 CHB 1899978?1627511135 第 1 次 获取到号码【1899978】GSD
2021-07-29 06:25:40 获取到号码【1899978】的GSD为【新疆-阿勒泰】
2021-07-29 06:25:58 GSD insert 第 1 次 等待 3 秒
2021-07-29 06:26:01 {"status":"ok","gid":430709,"msg":"添加成功！"}
2021-07-29 06:26:01 下次操作: 2021-07-29 06:26:23

2021-07-29 06:26:23 开始第 20 次操作

2021-07-29 06:26:23 开始操作号码 【1899977】
2021-07-29 06:26:25 GSD getOne 第 1 次 等待 3 秒
2021-07-29 06:26:28 查询号码 【1899977】，返回信息 {"status":"bad","msg":""}
2021-07-29 06:26:28 查询号码 【1899977】，GSD为【""】
2021-07-29 06:26:28 bad
2021-07-29 06:26:30 CHB 1899977?1627511188 第 1 次 等待 3 秒
2021-07-29 06:26:33 CHB 1899977?1627511188 第 1 次 获取到号码【1899977】GSD
2021-07-29 06:26:33 获取到号码【1899977】的GSD为【新疆-博乐】
2021-07-29 06:26:51 GSD insert 第 1 次 等待 3 秒
2021-07-29 06:26:54 {"status":"ok","gid":430713,"msg":"添加成功！"}
2021-07-29 06:26:54 下次操作: 2021-07-29 06:27:14

2021-07-29 06:27:14 开始第 21 次操作

2021-07-29 06:27:14 开始操作号码 【1899976】
2021-07-29 06:27:18 GSD getOne 第 1 次 等待 3 秒
2021-07-29 06:27:21 查询号码 【1899976】，返回信息 {"status":"bad","msg":""}
2021-07-29 06:27:21 查询号码 【1899976】，GSD为【""】
2021-07-29 06:27:21 bad
2021-07-29 06:27:22 CHB 1899976?1627511241 第 1 次 等待 3 秒
2021-07-29 06:27:25 CHB 1899976?1627511241 第 1 次 获取到号码【1899976】GSD
2021-07-29 06:27:25 获取到号码【1899976】的GSD为【新疆-博乐】
2021-07-29 06:27:43 GSD insert 第 1 次 等待 3 秒
2021-07-29 06:27:46 {"status":"ok","gid":430719,"msg":"添加成功！"}
2021-07-29 06:27:46 下次操作: 2021-07-29 06:28:06

2021-07-29 06:28:06 开始第 22 次操作

2021-07-29 06:28:06 开始操作号码 【1899975】
2021-07-29 06:28:09 GSD getOne 第 1 次 等待 3 秒
2021-07-29 06:28:12 查询号码 【1899975】，返回信息 {"status":"bad","msg":""}
2021-07-29 06:28:12 查询号码 【1899975】，GSD为【""】
2021-07-29 06:28:12 bad
2021-07-29 06:28:14 CHB 1899975?1627511292 第 1 次 等待 3 秒
2021-07-29 06:28:17 CHB 1899975?1627511292 第 1 次 获取到号码【1899975】GSD
2021-07-29 06:28:17 获取到号码【1899975】的GSD为【新疆-塔城】
2021-07-29 06:28:35 GSD insert 第 1 次 等待 3 秒
2021-07-29 06:28:38 {"status":"ok","gid":430724,"msg":"添加成功！"}
2021-07-29 06:28:38 下次操作: 2021-07-29 06:28:55

2021-07-29 06:28:55 开始第 23 次操作

2021-07-29 06:28:55 开始操作号码 【1899974】
2021-07-29 06:28:57 GSD getOne 第 1 次 等待 3 秒
2021-07-29 06:29:00 查询号码 【1899974】，返回信息 {"status":"bad","msg":""}
2021-07-29 06:29:01 查询号码 【1899974】，GSD为【""】
2021-07-29 06:29:01 bad
2021-07-29 06:29:02 CHB 1899974?1627511341 第 1 次 等待 3 秒
2021-07-29 06:29:05 CHB 1899974?1627511341 第 1 次 获取到号码【1899974】GSD
2021-07-29 06:29:05 获取到号码【1899974】的GSD为【新疆-塔城】
2021-07-29 06:29:24 GSD insert 第 1 次 等待 3 秒
2021-07-29 06:29:27 {"status":"ok","gid":430727,"msg":"添加成功！"}
2021-07-29 06:29:27 下次操作: 2021-07-29 06:29:46

2021-07-29 06:29:46 开始第 24 次操作

2021-07-29 06:29:46 开始操作号码 【1899973】
2021-07-29 06:29:48 GSD getOne 第 1 次 等待 3 秒
2021-07-29 06:29:51 查询号码 【1899973】，返回信息 {"status":"ok","msg":"新疆-石河子","gid":"46152","time_insert":"2018-06-26 21:31","time_update":"2021-01-22 15:29"}
2021-07-29 06:29:51 查询号码 【1899973】，GSD为【"新疆-石河子"】

2021-07-29 06:29:51 开始第 24 次操作

2021-07-29 06:29:51 开始操作号码 【1899972】
2021-07-29 06:30:09 GSD getOne 第 1 次 等待 3 秒
2021-07-29 06:30:12 查询号码 【1899972】，返回信息 {"status":"bad","msg":""}
2021-07-29 06:30:13 查询号码 【1899972】，GSD为【""】
2021-07-29 06:30:13 bad
2021-07-29 06:30:14 CHB 1899972?1627511413 第 1 次 等待 3 秒
2021-07-29 06:30:17 CHB 1899972?1627511413 第 1 次 获取到号码【1899972】GSD
2021-07-29 06:30:17 获取到号码【1899972】的GSD为【新疆-奎屯】
2021-07-29 06:30:35 GSD insert 第 1 次 等待 3 秒
2021-07-29 06:30:38 {"status":"ok","gid":430732,"msg":"添加成功！"}
2021-07-29 06:30:38 下次操作: 2021-07-29 06:30:50

2021-07-29 06:30:50 开始第 25 次操作

2021-07-29 06:30:50 开始操作号码 【1899971】
2021-07-29 06:30:54 GSD getOne 第 1 次 等待 3 秒
2021-07-29 06:30:57 查询号码 【1899971】，返回信息 {"status":"bad","msg":""}
2021-07-29 06:30:57 查询号码 【1899971】，GSD为【""】
2021-07-29 06:30:57 bad
2021-07-29 06:30:58 CHB 1899971?1627511457 第 1 次 等待 3 秒
2021-07-29 06:31:01 CHB 1899971?1627511457 第 1 次 获取到号码【1899971】GSD
2021-07-29 06:31:01 未获取到号码【1899971】GSD，查号吧 400 错误
2021-07-29 06:31:01 获取到号码【1899971】的GSD为【-】
2021-07-29 06:31:19 GSD insert 第 1 次 等待 3 秒
2021-07-29 06:31:22 {"status":"ok","gid":430739,"msg":"添加成功！"}
2021-07-29 06:31:22 下次操作: 2021-07-29 06:31:46

2021-07-29 06:31:46 开始第 26 次操作

2021-07-29 06:31:46 开始操作号码 【1899970】
2021-07-29 06:31:49 GSD getOne 第 1 次 等待 3 秒
2021-07-29 06:31:52 查询号码 【1899970】，返回信息 {"status":"ok","msg":"新疆-奎屯","gid":"46151","time_insert":"2016-01-01 13:28","time_update":"2020-12-23 15:25"}
2021-07-29 06:31:52 查询号码 【1899970】，GSD为【"新疆-奎屯"】

2021-07-29 06:31:52 开始第 26 次操作

2021-07-29 06:31:52 开始操作号码 【1899969】
2021-07-29 06:32:10 GSD getOne 第 1 次 等待 3 秒
2021-07-29 06:32:13 查询号码 【1899969】，返回信息 {"status":"bad","msg":""}
2021-07-29 06:32:13 查询号码 【1899969】，GSD为【""】
2021-07-29 06:32:13 bad
2021-07-29 06:32:15 CHB 1899969?1627511533 第 1 次 等待 3 秒
2021-07-29 06:32:18 CHB 1899969?1627511533 第 1 次 获取到号码【1899969】GSD
2021-07-29 06:32:18 获取到号码【1899969】的GSD为【新疆-吐鲁番】
2021-07-29 06:32:36 GSD insert 第 1 次 等待 3 秒
2021-07-29 06:32:39 {"status":"ok","gid":430748,"msg":"添加成功！"}
2021-07-29 06:32:39 下次操作: 2021-07-29 06:32:56

2021-07-29 06:32:56 开始第 27 次操作

2021-07-29 06:32:56 开始操作号码 【1899968】
2021-07-29 06:32:59 GSD getOne 第 1 次 等待 3 秒
2021-07-29 06:33:02 查询号码 【1899968】，返回信息 {"status":"bad","msg":""}
2021-07-29 06:33:02 查询号码 【1899968】，GSD为【""】
2021-07-29 06:33:02 bad
2021-07-29 06:33:04 CHB 1899968?1627511582 第 1 次 等待 3 秒
2021-07-29 06:33:07 CHB 1899968?1627511582 第 1 次 获取到号码【1899968】GSD
2021-07-29 06:33:07 获取到号码【1899968】的GSD为【新疆-哈密】
2021-07-29 06:33:25 GSD insert 第 1 次 等待 3 秒
2021-07-29 06:33:28 {"status":"ok","gid":430753,"msg":"添加成功！"}
2021-07-29 06:33:28 下次操作: 2021-07-29 06:33:42

2021-07-29 06:33:42 开始第 28 次操作

2021-07-29 06:33:42 开始操作号码 【1899967】
2021-07-29 06:33:45 GSD getOne 第 1 次 等待 3 秒
2021-07-29 06:33:48 查询号码 【1899967】，返回信息 {"status":"bad","msg":""}
2021-07-29 06:33:48 查询号码 【1899967】，GSD为【""】
2021-07-29 06:33:48 bad
2021-07-29 06:33:49 CHB 1899967?1627511628 第 1 次 等待 3 秒
2021-07-29 06:33:52 CHB 1899967?1627511628 第 1 次 获取到号码【1899967】GSD
2021-07-29 06:33:52 获取到号码【1899967】的GSD为【新疆-阿克苏】
2021-07-29 06:34:10 GSD insert 第 1 次 等待 3 秒
2021-07-29 06:34:13 {"status":"ok","gid":430759,"msg":"添加成功！"}
2021-07-29 06:34:13 下次操作: 2021-07-29 06:34:37

2021-07-29 06:34:37 开始第 29 次操作

2021-07-29 06:34:37 开始操作号码 【1899966】
2021-07-29 06:34:40 GSD getOne 第 1 次 等待 3 秒
2021-07-29 06:34:43 查询号码 【1899966】，返回信息 {"status":"ok","msg":"新疆-阿克苏","gid":"46150","time_insert":"2017-05-07 09:50","time_update":"2020-12-23 12:15"}
2021-07-29 06:34:43 查询号码 【1899966】，GSD为【"新疆-阿克苏"】

2021-07-29 06:34:43 开始第 29 次操作

2021-07-29 06:34:43 开始操作号码 【1899965】
2021-07-29 06:35:01 GSD getOne 第 1 次 等待 3 秒
2021-07-29 06:35:04 查询号码 【1899965】，返回信息 {"status":"bad","msg":""}
2021-07-29 06:35:04 查询号码 【1899965】，GSD为【""】
2021-07-29 06:35:04 bad
2021-07-29 06:35:06 CHB 1899965?1627511704 第 1 次 等待 3 秒
2021-07-29 06:35:09 CHB 1899965?1627511704 第 1 次 获取到号码【1899965】GSD
2021-07-29 06:35:09 获取到号码【1899965】的GSD为【新疆-和田】
2021-07-29 06:35:27 GSD insert 第 1 次 等待 3 秒
2021-07-29 06:35:30 {"status":"ok","gid":430768,"msg":"添加成功！"}
2021-07-29 06:35:30 下次操作: 2021-07-29 06:35:49

2021-07-29 06:35:49 开始第 30 次操作

2021-07-29 06:35:49 开始操作号码 【1899964】
2021-07-29 06:35:52 GSD getOne 第 1 次 等待 3 秒
2021-07-29 06:35:55 查询号码 【1899964】，返回信息 {"status":"bad","msg":""}
2021-07-29 06:35:55 查询号码 【1899964】，GSD为【""】
2021-07-29 06:35:55 bad
2021-07-29 06:35:56 CHB 1899964?1627511755 第 1 次 等待 3 秒
2021-07-29 06:35:59 CHB 1899964?1627511755 第 1 次 获取到号码【1899964】GSD
2021-07-29 06:35:59 获取到号码【1899964】的GSD为【新疆-喀什】
2021-07-29 06:36:18 GSD insert 第 1 次 等待 3 秒
2021-07-29 06:36:21 {"status":"ok","gid":430778,"msg":"添加成功！"}
2021-07-29 06:36:21 下次操作: 2021-07-29 06:36:42

2021-07-29 06:36:42 开始第 31 次操作

2021-07-29 06:36:42 开始操作号码 【1899963】
2021-07-29 06:36:45 GSD getOne 第 1 次 等待 3 秒
2021-07-29 06:36:48 查询号码 【1899963】，返回信息 {"status":"bad","msg":""}
2021-07-29 06:36:48 查询号码 【1899963】，GSD为【""】
2021-07-29 06:36:48 bad
2021-07-29 06:36:50 CHB 1899963?1627511808 第 1 次 等待 3 秒
2021-07-29 06:36:53 CHB 1899963?1627511808 第 1 次 获取到号码【1899963】GSD
2021-07-29 06:36:53 获取到号码【1899963】的GSD为【新疆-喀什】
2021-07-29 06:37:11 GSD insert 第 1 次 等待 3 秒
2021-07-29 06:37:14 {"status":"ok","gid":430788,"msg":"添加成功！"}
2021-07-29 06:37:14 下次操作: 2021-07-29 06:37:36

2021-07-29 06:37:36 开始第 32 次操作

2021-07-29 06:37:36 开始操作号码 【1899962】
2021-07-29 06:37:39 GSD getOne 第 1 次 等待 3 秒
2021-07-29 06:37:42 查询号码 【1899962】，返回信息 {"status":"bad","msg":""}
2021-07-29 06:37:42 查询号码 【1899962】，GSD为【""】
2021-07-29 06:37:42 bad
2021-07-29 06:37:44 CHB 1899962?1627511862 第 1 次 等待 3 秒
2021-07-29 06:37:47 CHB 1899962?1627511862 第 1 次 获取到号码【1899962】GSD
2021-07-29 06:37:47 获取到号码【1899962】的GSD为【新疆-库尔勒】
2021-07-29 06:38:05 GSD insert 第 1 次 等待 3 秒
2021-07-29 06:38:08 {"status":"ok","gid":430802,"msg":"添加成功！"}
2021-07-29 06:38:08 下次操作: 2021-07-29 06:38:23

2021-07-29 06:38:23 开始第 33 次操作

2021-07-29 06:38:23 开始操作号码 【1899961】
2021-07-29 06:38:25 GSD getOne 第 1 次 等待 3 秒
2021-07-29 06:38:28 查询号码 【1899961】，返回信息 {"status":"ok","msg":"新疆-库尔勒","gid":"46149","time_insert":"2014-05-31 09:36","time_update":"2020-12-23 08:55"}
2021-07-29 06:38:28 查询号码 【1899961】，GSD为【"新疆-库尔勒"】

2021-07-29 06:38:28 开始第 33 次操作

2021-07-29 06:38:28 开始操作号码 【1899960】
2021-07-29 06:38:47 GSD getOne 第 1 次 等待 3 秒
2021-07-29 06:38:50 查询号码 【1899960】，返回信息 {"status":"bad","msg":""}
2021-07-29 06:38:50 查询号码 【1899960】，GSD为【""】
2021-07-29 06:38:50 bad
2021-07-29 06:38:51 CHB 1899960?1627511930 第 1 次 等待 3 秒
2021-07-29 06:38:54 CHB 1899960?1627511930 第 1 次 获取到号码【1899960】GSD
2021-07-29 06:38:54 获取到号码【1899960】的GSD为【新疆-库尔勒】
2021-07-29 06:39:13 GSD insert 第 1 次 等待 3 秒
2021-07-29 06:39:16 {"status":"ok","gid":430818,"msg":"添加成功！"}
2021-07-29 06:39:16 下次操作: 2021-07-29 06:39:29

2021-07-29 06:39:29 开始第 34 次操作

2021-07-29 06:39:29 开始操作号码 【1899959】
2021-07-29 06:39:31 GSD getOne 第 1 次 等待 3 秒
2021-07-29 06:39:34 查询号码 【1899959】，返回信息 {"status":"bad","msg":""}
2021-07-29 06:39:34 查询号码 【1899959】，GSD为【""】
2021-07-29 06:39:34 bad
2021-07-29 06:39:36 CHB 1899959?1627511974 第 1 次 等待 3 秒
2021-07-29 06:39:39 CHB 1899959?1627511974 第 1 次 获取到号码【1899959】GSD
2021-07-29 06:39:39 获取到号码【1899959】的GSD为【新疆-伊犁】
2021-07-29 06:39:57 GSD insert 第 1 次 等待 3 秒
2021-07-29 06:40:00 {"status":"ok","gid":430830,"msg":"添加成功！"}
2021-07-29 06:40:00 下次操作: 2021-07-29 06:40:16

2021-07-29 06:40:16 开始第 35 次操作

2021-07-29 06:40:16 开始操作号码 【1899958】
2021-07-29 06:40:19 GSD getOne 第 1 次 等待 3 秒
2021-07-29 06:40:22 查询号码 【1899958】，返回信息 {"status":"bad","msg":""}
2021-07-29 06:40:22 查询号码 【1899958】，GSD为【""】
2021-07-29 06:40:22 bad
2021-07-29 06:40:23 CHB 1899958?1627512022 第 1 次 等待 3 秒
2021-07-29 06:40:26 CHB 1899958?1627512022 第 1 次 获取到号码【1899958】GSD
2021-07-29 06:40:27 获取到号码【1899958】的GSD为【新疆-伊犁】
2021-07-29 06:40:45 GSD insert 第 1 次 等待 3 秒
2021-07-29 06:40:48 {"status":"ok","gid":430845,"msg":"添加成功！"}
2021-07-29 06:40:48 下次操作: 2021-07-29 06:41:08

2021-07-29 06:41:08 开始第 36 次操作

2021-07-29 06:41:08 开始操作号码 【1899957】
2021-07-29 06:41:10 GSD getOne 第 1 次 等待 3 秒
2021-07-29 06:41:13 查询号码 【1899957】，返回信息 {"status":"ok","msg":"新疆-伊犁","gid":"430851","time_insert":"2021-07-29 06:41"}
2021-07-29 06:41:13 查询号码 【1899957】，GSD为【"新疆-伊犁"】

2021-07-29 06:41:14 开始第 36 次操作

2021-07-29 06:41:14 开始操作号码 【1899956】
2021-07-29 06:41:31 GSD getOne 第 1 次 等待 3 秒
2021-07-29 06:41:34 查询号码 【1899956】，返回信息 {"status":"bad","msg":""}
2021-07-29 06:41:34 查询号码 【1899956】，GSD为【""】
2021-07-29 06:41:34 bad
2021-07-29 06:41:36 CHB 1899956?1627512094 第 1 次 等待 3 秒
2021-07-29 06:41:39 CHB 1899956?1627512094 第 1 次 获取到号码【1899956】GSD
2021-07-29 06:41:39 获取到号码【1899956】的GSD为【新疆-昌吉】
2021-07-29 06:41:59 GSD insert 第 1 次 等待 3 秒
2021-07-29 06:42:02 {"status":"ok","gid":"430860","msg":"添加号码已存在，但为‘-’，修改为【新疆-昌吉】成功！"}
2021-07-29 06:42:02 下次操作: 2021-07-29 06:42:14

2021-07-29 06:42:14 开始第 37 次操作

2021-07-29 06:42:14 开始操作号码 【1899955】
2021-07-29 06:42:18 GSD getOne 第 1 次 等待 3 秒
2021-07-29 06:42:21 查询号码 【1899955】，返回信息 {"status":"ok","msg":"新疆-昌吉","gid":"430868","time_insert":"2021-07-29 06:42"}
2021-07-29 06:42:21 查询号码 【1899955】，GSD为【"新疆-昌吉"】

2021-07-29 06:42:21 开始第 37 次操作

2021-07-29 06:42:21 开始操作号码 【1899954】
2021-07-29 06:42:39 GSD getOne 第 1 次 等待 3 秒
2021-07-29 06:42:42 查询号码 【1899954】，返回信息 {"status":"bad","msg":""}
2021-07-29 06:42:42 查询号码 【1899954】，GSD为【""】
2021-07-29 06:42:42 bad
2021-07-29 06:42:43 CHB 1899954?1627512162 第 1 次 等待 3 秒
2021-07-29 06:42:46 CHB 1899954?1627512162 第 1 次 获取到号码【1899954】GSD
2021-07-29 06:42:47 获取到号码【1899954】的GSD为【新疆-昌吉】
2021-07-29 06:43:05 GSD insert 第 1 次 等待 3 秒
2021-07-29 06:43:08 {"status":"bad","gid":"430880","msg":"添加失败！号码【1899954(新疆-昌吉|新疆-昌吉)】已存在！"}
2021-07-29 06:43:08 下次操作: 2021-07-29 06:43:26

2021-07-29 06:43:26 开始第 38 次操作

2021-07-29 06:43:26 开始操作号码 【1899953】
2021-07-29 06:43:28 GSD getOne 第 1 次 等待 3 秒
2021-07-29 06:43:31 查询号码 【1899953】，返回信息 {"status":"ok","msg":"新疆-石河子","gid":"430887","time_insert":"2021-07-29 06:43"}
2021-07-29 06:43:31 查询号码 【1899953】，GSD为【"新疆-石河子"】

2021-07-29 06:43:31 开始第 38 次操作

2021-07-29 06:43:31 开始操作号码 【1899952】
2021-07-29 06:43:49 GSD getOne 第 1 次 等待 3 秒
2021-07-29 06:43:52 查询号码 【1899952】，返回信息 {"status":"ok","msg":"新疆-克拉玛依","gid":"46148","time_insert":"2014-10-09 18:16","time_update":"2020-12-23 05:00"}
2021-07-29 06:43:53 查询号码 【1899952】，GSD为【"新疆-克拉玛依"】

2021-07-29 06:43:53 开始第 38 次操作

2021-07-29 06:43:53 开始操作号码 【1899951】
2021-07-29 06:44:11 GSD getOne 第 1 次 等待 3 秒
2021-07-29 06:44:14 查询号码 【1899951】，返回信息 {"status":"ok","msg":"新疆-克拉玛依","gid":"430895","time_insert":"2021-07-29 06:43"}
2021-07-29 06:44:14 查询号码 【1899951】，GSD为【"新疆-克拉玛依"】

2021-07-29 06:44:14 开始第 38 次操作

2021-07-29 06:44:14 开始操作号码 【1899950】
2021-07-29 06:44:32 GSD getOne 第 1 次 等待 3 秒
2021-07-29 06:44:35 查询号码 【1899950】，返回信息 {"status":"ok","msg":"新疆-克拉玛依","gid":"430902","time_insert":"2021-07-29 06:44"}
2021-07-29 06:44:35 查询号码 【1899950】，GSD为【"新疆-克拉玛依"】

2021-07-29 06:44:35 开始第 38 次操作

2021-07-29 06:44:35 开始操作号码 【1899949】
2021-07-29 06:44:53 GSD getOne 第 1 次 等待 3 秒
2021-07-29 06:44:56 查询号码 【1899949】，返回信息 {"status":"bad","msg":""}
2021-07-29 06:44:56 查询号码 【1899949】，GSD为【""】
2021-07-29 06:44:56 bad
2021-07-29 06:44:58 CHB 1899949?1627512296 第 1 次 等待 3 秒
2021-07-29 06:45:01 CHB 1899949?1627512296 第 1 次 获取到号码【1899949】GSD
2021-07-29 06:45:01 获取到号码【1899949】的GSD为【新疆-塔城】
2021-07-29 06:45:19 GSD insert 第 1 次 等待 3 秒
2021-07-29 06:45:22 {"status":"bad","gid":"430912","msg":"添加失败！号码【1899949(新疆-塔城|新疆-塔城)】已存在！"}
2021-07-29 06:45:22 下次操作: 2021-07-29 06:45:38

2021-07-29 06:45:38 开始第 39 次操作

2021-07-29 06:45:38 开始操作号码 【1899948】
2021-07-29 06:45:41 GSD getOne 第 1 次 等待 3 秒
2021-07-29 06:45:44 查询号码 【1899948】，返回信息 {"status":"bad","msg":""}
2021-07-29 06:45:44 查询号码 【1899948】，GSD为【""】
2021-07-29 06:45:44 bad
2021-07-29 06:45:46 CHB 1899948?1627512344 第 1 次 等待 3 秒
2021-07-29 06:45:49 CHB 1899948?1627512344 第 1 次 获取到号码【1899948】GSD
2021-07-29 06:45:49 获取到号码【1899948】的GSD为【新疆-塔城】
2021-07-29 06:46:07 GSD insert 第 1 次 等待 3 秒
2021-07-29 06:46:10 {"status":"bad","gid":"430924","msg":"添加失败！号码【1899948(新疆-塔城|新疆-塔城)】已存在！"}
2021-07-29 06:46:10 下次操作: 2021-07-29 06:46:30

2021-07-29 06:46:30 开始第 40 次操作

2021-07-29 06:46:30 开始操作号码 【1899947】
2021-07-29 06:46:32 GSD getOne 第 1 次 等待 3 秒
2021-07-29 06:46:35 查询号码 【1899947】，返回信息 {"status":"ok","msg":"新疆-吐鲁番","gid":"430932","time_insert":"2021-07-29 06:46"}
2021-07-29 06:46:36 查询号码 【1899947】，GSD为【"新疆-吐鲁番"】

2021-07-29 06:46:36 开始第 40 次操作

2021-07-29 06:46:36 开始操作号码 【1899946】
2021-07-29 06:46:54 GSD getOne 第 1 次 等待 3 秒
2021-07-29 06:46:57 查询号码 【1899946】，返回信息 {"status":"ok","msg":"新疆-吐鲁番","gid":"430941","time_insert":"2021-07-29 06:46"}
2021-07-29 06:46:57 查询号码 【1899946】，GSD为【"新疆-吐鲁番"】

2021-07-29 06:46:57 开始第 40 次操作

2021-07-29 06:46:57 开始操作号码 【1899945】
2021-07-29 06:47:15 GSD getOne 第 1 次 等待 3 秒
2021-07-29 06:47:18 查询号码 【1899945】，返回信息 {"status":"bad","msg":""}
2021-07-29 06:47:18 查询号码 【1899945】，GSD为【""】
2021-07-29 06:47:18 bad
2021-07-29 06:47:20 CHB 1899945?1627512438 第 1 次 等待 3 秒
2021-07-29 06:47:23 CHB 1899945?1627512438 第 1 次 获取到号码【1899945】GSD
2021-07-29 06:47:23 获取到号码【1899945】的GSD为【新疆-阿勒泰】
2021-07-29 06:47:41 GSD insert 第 1 次 等待 3 秒
2021-07-29 06:47:44 {"status":"bad","gid":"430952","msg":"添加失败！号码【1899945(新疆-阿勒泰|新疆-阿勒泰)】已存在！"}

2021-07-29 07:38:30 开始第 1 次操作

2021-07-29 07:38:30 开始操作号码 【1899944】
2021-07-29 07:38:33 GSD getOne 第 1 次 等待 3 秒
2021-07-29 07:38:36 查询号码 【1899944】，返回信息 {"status":"ok","msg":"新疆-哈密","gid":"295121","time_insert":"2021-07-16 17:30","time_update":"2021-07-29 06:47"}
2021-07-29 07:38:36 查询号码 【1899944】，GSD为【"新疆-哈密"】

2021-07-29 07:38:36 开始第 1 次操作

2021-07-29 07:38:36 开始操作号码 【1899943】
2021-07-29 07:38:39 GSD getOne 第 1 次 等待 3 秒
2021-07-29 07:38:42 查询号码 【1899943】，返回信息 {"status":"ok","msg":"新疆-和田","gid":"430970","time_insert":"2021-07-29 06:48"}
2021-07-29 07:38:42 查询号码 【1899943】，GSD为【"新疆-和田"】

2021-07-29 07:38:42 开始第 1 次操作

2021-07-29 07:38:42 开始操作号码 【1899942】
2021-07-29 07:38:45 GSD getOne 第 1 次 等待 3 秒
2021-07-29 07:38:48 查询号码 【1899942】，返回信息 {"status":"ok","msg":"新疆-乌鲁木齐","gid":"430980","time_insert":"2021-07-29 06:49"}
2021-07-29 07:38:48 查询号码 【1899942】，GSD为【"新疆-乌鲁木齐"】

2021-07-29 07:38:48 开始第 1 次操作

2021-07-29 07:38:48 开始操作号码 【1899941】
2021-07-29 07:38:51 GSD getOne 第 1 次 等待 3 秒
2021-07-29 07:38:54 查询号码 【1899941】，返回信息 {"status":"ok","msg":"新疆-乌鲁木齐","gid":"430989","time_insert":"2021-07-29 06:49"}
2021-07-29 07:38:54 查询号码 【1899941】，GSD为【"新疆-乌鲁木齐"】

2021-07-29 07:38:54 开始第 1 次操作

2021-07-29 07:38:54 开始操作号码 【1899940】
2021-07-29 07:38:57 GSD getOne 第 1 次 等待 3 秒
2021-07-29 07:39:00 查询号码 【1899940】，返回信息 {"status":"ok","msg":"新疆-乌鲁木齐","gid":"430994","time_insert":"2021-07-29 06:50"}
2021-07-29 07:39:00 查询号码 【1899940】，GSD为【"新疆-乌鲁木齐"】

2021-07-29 07:39:00 开始第 1 次操作

2021-07-29 07:39:00 开始操作号码 【1899939】
2021-07-29 07:39:03 GSD getOne 第 1 次 等待 3 秒
2021-07-29 07:39:06 查询号码 【1899939】，返回信息 {"status":"ok","msg":"新疆-伊犁","gid":"431002","time_insert":"2021-07-29 06:50"}
2021-07-29 07:39:06 查询号码 【1899939】，GSD为【"新疆-伊犁"】

2021-07-29 07:39:06 开始第 1 次操作

2021-07-29 07:39:06 开始操作号码 【1899938】
2021-07-29 07:39:09 GSD getOne 第 1 次 等待 3 秒
2021-07-29 07:39:12 查询号码 【1899938】，返回信息 {"status":"ok","msg":"新疆-伊犁","gid":"46147","time_insert":"2018-07-14 13:55","time_update":"2020-12-23 05:51"}
2021-07-29 07:39:12 查询号码 【1899938】，GSD为【"新疆-伊犁"】

2021-07-29 07:39:12 开始第 1 次操作

2021-07-29 07:39:12 开始操作号码 【1899937】
2021-07-29 07:39:15 GSD getOne 第 1 次 等待 3 秒
2021-07-29 07:39:18 查询号码 【1899937】，返回信息 {"status":"ok","msg":"新疆-伊犁","gid":"431014","time_insert":"2021-07-29 06:51"}
2021-07-29 07:39:18 查询号码 【1899937】，GSD为【"新疆-伊犁"】

2021-07-29 07:39:18 开始第 1 次操作

2021-07-29 07:39:18 开始操作号码 【1899936】
2021-07-29 07:39:21 GSD getOne 第 1 次 等待 3 秒
2021-07-29 07:39:24 查询号码 【1899936】，返回信息 {"status":"ok","msg":"新疆-昌吉","gid":"431022","time_insert":"2021-07-29 06:51"}
2021-07-29 07:39:24 查询号码 【1899936】，GSD为【"新疆-昌吉"】

2021-07-29 07:39:24 开始第 1 次操作

2021-07-29 07:39:24 开始操作号码 【1899935】
2021-07-29 07:39:26 GSD getOne 第 1 次 等待 3 秒
2021-07-29 07:39:29 查询号码 【1899935】，返回信息 {"status":"ok","msg":"-","gid":"431030","time_insert":"2021-07-29 06:52"}
2021-07-29 07:39:30 查询号码 【1899935】，GSD为【"-"】
2021-07-29 07:39:30 ok && -
2021-07-29 07:39:31 CHB 1899935?1627515570 第 1 次 等待 3 秒
2021-07-29 07:39:34 CHB 1899935?1627515570 第 1 次 获取到号码【1899935】GSD
2021-07-29 07:39:34 获取到号码【1899935】的GSD为【新疆-昌吉】
2021-07-29 07:39:39 GSD insert 第 1 次 等待 3 秒
2021-07-29 07:39:42 {"status":"ok","gid":"431030","msg":"添加号码已存在，但为‘-’，修改为【新疆-昌吉】成功！"}
2021-07-29 07:39:42 下次操作: 2021-07-29 07:40:04

2021-07-29 07:40:04 开始第 2 次操作

2021-07-29 07:40:04 开始操作号码 【1899934】
2021-07-29 07:40:07 GSD getOne 第 1 次 等待 3 秒
2021-07-29 07:40:10 查询号码 【1899934】，返回信息 {"status":"ok","msg":"新疆-昌吉","gid":"431038","time_insert":"2021-07-29 06:53"}
2021-07-29 07:40:10 查询号码 【1899934】，GSD为【"新疆-昌吉"】

2021-07-29 07:40:10 开始第 2 次操作

2021-07-29 07:40:10 开始操作号码 【1899933】
2021-07-29 07:40:13 GSD getOne 第 1 次 等待 3 秒
2021-07-29 07:40:16 查询号码 【1899933】，返回信息 {"status":"ok","msg":"新疆-石河子","gid":"431046","time_insert":"2021-07-29 06:53"}
2021-07-29 07:40:16 查询号码 【1899933】，GSD为【"新疆-石河子"】

2021-07-29 07:40:16 开始第 2 次操作

2021-07-29 07:40:16 开始操作号码 【1899932】
2021-07-29 07:40:19 GSD getOne 第 1 次 等待 3 秒
2021-07-29 07:40:22 查询号码 【1899932】，返回信息 {"status":"ok","msg":"新疆-石河子","gid":"46146","time_insert":"2016-04-04 11:16","time_update":"2020-12-23 05:35"}
2021-07-29 07:40:22 查询号码 【1899932】，GSD为【"新疆-石河子"】

2021-07-29 07:40:22 开始第 2 次操作

2021-07-29 07:40:22 开始操作号码 【1899931】
2021-07-29 07:40:25 GSD getOne 第 1 次 等待 3 秒
2021-07-29 07:40:28 查询号码 【1899931】，返回信息 {"status":"ok","msg":"新疆-克拉玛依","gid":"431053","time_insert":"2021-07-29 06:54"}
2021-07-29 07:40:28 查询号码 【1899931】，GSD为【"新疆-克拉玛依"】

2021-07-29 07:40:28 开始第 2 次操作

2021-07-29 07:40:28 开始操作号码 【1899930】
2021-07-29 07:40:31 GSD getOne 第 1 次 等待 3 秒
2021-07-29 07:40:34 查询号码 【1899930】，返回信息 {"status":"ok","msg":"新疆-克拉玛依","gid":"431061","time_insert":"2021-07-29 06:55"}
2021-07-29 07:40:34 查询号码 【1899930】，GSD为【"新疆-克拉玛依"】

2021-07-29 07:40:34 开始第 2 次操作

2021-07-29 07:40:34 开始操作号码 【1899929】
2021-07-29 07:40:37 GSD getOne 第 1 次 等待 3 秒
2021-07-29 07:40:40 查询号码 【1899929】，返回信息 {"status":"ok","msg":"新疆-乌鲁木齐","gid":"431069","time_insert":"2021-07-29 06:55"}
2021-07-29 07:40:40 查询号码 【1899929】，GSD为【"新疆-乌鲁木齐"】

2021-07-29 07:40:40 开始第 2 次操作

2021-07-29 07:40:40 开始操作号码 【1899928】
2021-07-29 07:40:43 GSD getOne 第 1 次 等待 3 秒
2021-07-29 07:40:46 查询号码 【1899928】，返回信息 {"status":"ok","msg":"新疆-乌鲁木齐","gid":"431075","time_insert":"2021-07-29 06:56"}
2021-07-29 07:40:46 查询号码 【1899928】，GSD为【"新疆-乌鲁木齐"】

2021-07-29 07:40:46 开始第 2 次操作

2021-07-29 07:40:46 开始操作号码 【1899927】
2021-07-29 07:40:49 GSD getOne 第 1 次 等待 3 秒
2021-07-29 07:40:52 查询号码 【1899927】，返回信息 {"status":"ok","msg":"新疆-乌鲁木齐","gid":"431078","time_insert":"2021-07-29 06:56"}
2021-07-29 07:40:52 查询号码 【1899927】，GSD为【"新疆-乌鲁木齐"】

2021-07-29 07:40:52 开始第 2 次操作

2021-07-29 07:40:52 开始操作号码 【1899926】
2021-07-29 07:40:55 GSD getOne 第 1 次 等待 3 秒
2021-07-29 07:40:58 查询号码 【1899926】，返回信息 {"status":"ok","msg":"新疆-乌鲁木齐","gid":"431087","time_insert":"2021-07-29 06:57"}
2021-07-29 07:40:58 查询号码 【1899926】，GSD为【"新疆-乌鲁木齐"】

2021-07-29 07:40:58 开始第 2 次操作

2021-07-29 07:40:58 开始操作号码 【1899925】
2021-07-29 07:41:00 GSD getOne 第 1 次 等待 3 秒
2021-07-29 07:41:03 查询号码 【1899925】，返回信息 {"status":"ok","msg":"新疆-乌鲁木齐","gid":"431094","time_insert":"2021-07-29 06:58"}
2021-07-29 07:41:03 查询号码 【1899925】，GSD为【"新疆-乌鲁木齐"】

2021-07-29 07:41:03 开始第 2 次操作

2021-07-29 07:41:04 开始操作号码 【1899924】
2021-07-29 07:41:07 GSD getOne 第 1 次 等待 3 秒
2021-07-29 07:41:10 查询号码 【1899924】，返回信息 {"status":"ok","msg":"新疆-乌鲁木齐","gid":"431098","time_insert":"2021-07-29 06:58"}
2021-07-29 07:41:10 查询号码 【1899924】，GSD为【"新疆-乌鲁木齐"】

2021-07-29 07:41:10 开始第 2 次操作

2021-07-29 07:41:10 开始操作号码 【1899923】
2021-07-29 07:41:13 GSD getOne 第 1 次 等待 3 秒
2021-07-29 07:41:16 查询号码 【1899923】，返回信息 {"status":"ok","msg":"新疆-乌鲁木齐","gid":"46145","time_insert":"2018-11-02 15:27","time_update":"2020-12-23 05:42"}
2021-07-29 07:41:16 查询号码 【1899923】，GSD为【"新疆-乌鲁木齐"】

2021-07-29 07:41:16 开始第 2 次操作

2021-07-29 07:41:16 开始操作号码 【1899922】
2021-07-29 07:41:19 GSD getOne 第 1 次 等待 3 秒
2021-07-29 07:41:22 查询号码 【1899922】，返回信息 {"status":"ok","msg":"新疆-乌鲁木齐","gid":"431104","time_insert":"2021-07-29 06:59"}
2021-07-29 07:41:22 查询号码 【1899922】，GSD为【"新疆-乌鲁木齐"】

2021-07-29 07:41:22 开始第 2 次操作

2021-07-29 07:41:22 开始操作号码 【1899921】
2021-07-29 07:41:25 GSD getOne 第 1 次 等待 3 秒
2021-07-29 07:41:28 查询号码 【1899921】，返回信息 {"status":"ok","msg":"新疆-乌鲁木齐","gid":"431112","time_insert":"2021-07-29 06:59"}
2021-07-29 07:41:28 查询号码 【1899921】，GSD为【"新疆-乌鲁木齐"】

2021-07-29 07:41:28 开始第 2 次操作

2021-07-29 07:41:28 开始操作号码 【1899920】
2021-07-29 07:41:31 GSD getOne 第 1 次 等待 3 秒
2021-07-29 07:41:34 查询号码 【1899920】，返回信息 {"status":"ok","msg":"新疆-乌鲁木齐","gid":"431120","time_insert":"2021-07-29 07:00"}
2021-07-29 07:41:34 查询号码 【1899920】，GSD为【"新疆-乌鲁木齐"】

2021-07-29 07:41:34 开始第 2 次操作

2021-07-29 07:41:34 开始操作号码 【1899919】
2021-07-29 07:41:37 GSD getOne 第 1 次 等待 3 秒
2021-07-29 07:41:40 查询号码 【1899919】，返回信息 {"status":"ok","msg":"新疆-乌鲁木齐","gid":"46144","time_insert":"2017-04-09 12:06","time_update":"2020-12-23 07:00"}
2021-07-29 07:41:40 查询号码 【1899919】，GSD为【"新疆-乌鲁木齐"】

2021-07-29 07:41:40 开始第 2 次操作

2021-07-29 07:41:40 开始操作号码 【1899918】
2021-07-29 07:41:43 GSD getOne 第 1 次 等待 3 秒
2021-07-29 07:41:46 查询号码 【1899918】，返回信息 {"status":"ok","msg":"新疆-乌鲁木齐","gid":"431124","time_insert":"2021-07-29 07:01"}
2021-07-29 07:41:46 查询号码 【1899918】，GSD为【"新疆-乌鲁木齐"】

2021-07-29 07:41:46 开始第 2 次操作

2021-07-29 07:41:46 开始操作号码 【1899917】
2021-07-29 07:41:49 GSD getOne 第 1 次 等待 3 秒
2021-07-29 07:41:52 查询号码 【1899917】，返回信息 {"status":"ok","msg":"新疆-乌鲁木齐","gid":"431127","time_insert":"2021-07-29 07:01"}
2021-07-29 07:41:52 查询号码 【1899917】，GSD为【"新疆-乌鲁木齐"】

2021-07-29 07:41:52 开始第 2 次操作

2021-07-29 07:41:52 开始操作号码 【1899916】
2021-07-29 07:41:54 GSD getOne 第 1 次 等待 3 秒
2021-07-29 07:41:57 查询号码 【1899916】，返回信息 {"status":"ok","msg":"新疆-乌鲁木齐","gid":"431131","time_insert":"2021-07-29 07:02"}
2021-07-29 07:41:58 查询号码 【1899916】，GSD为【"新疆-乌鲁木齐"】

2021-07-29 07:41:58 开始第 2 次操作

2021-07-29 07:41:58 开始操作号码 【1899915】
2021-07-29 07:42:00 GSD getOne 第 1 次 等待 3 秒
2021-07-29 07:42:03 查询号码 【1899915】，返回信息 {"status":"ok","msg":"新疆-乌鲁木齐","gid":"431134","time_insert":"2021-07-29 07:02"}
2021-07-29 07:42:03 查询号码 【1899915】，GSD为【"新疆-乌鲁木齐"】

2021-07-29 07:42:03 开始第 2 次操作

2021-07-29 07:42:03 开始操作号码 【1899914】
2021-07-29 07:42:06 GSD getOne 第 1 次 等待 3 秒
2021-07-29 07:42:09 查询号码 【1899914】，返回信息 {"status":"ok","msg":"新疆-乌鲁木齐","gid":"431139","time_insert":"2021-07-29 07:03"}
2021-07-29 07:42:09 查询号码 【1899914】，GSD为【"新疆-乌鲁木齐"】

2021-07-29 07:42:09 开始第 2 次操作

2021-07-29 07:42:09 开始操作号码 【1899913】
2021-07-29 07:42:12 GSD getOne 第 1 次 等待 3 秒
2021-07-29 07:42:15 查询号码 【1899913】，返回信息 {"status":"bad","msg":""}
2021-07-29 07:42:15 查询号码 【1899913】，GSD为【""】
2021-07-29 07:42:15 bad
2021-07-29 07:42:17 CHB 1899913?1627515735 第 1 次 等待 3 秒
2021-07-29 07:42:20 CHB 1899913?1627515735 第 1 次 获取到号码【1899913】GSD
2021-07-29 07:42:20 获取到号码【1899913】的GSD为【新疆-乌鲁木齐】
2021-07-29 07:42:23 GSD insert 第 1 次 等待 3 秒
2021-07-29 07:42:26 {"status":"ok","gid":431288,"msg":"添加成功！"}
2021-07-29 07:42:26 下次操作: 2021-07-29 07:42:45

2021-07-29 07:42:45 开始第 3 次操作

2021-07-29 07:42:45 开始操作号码 【1899912】
2021-07-29 07:42:48 GSD getOne 第 1 次 等待 3 秒
2021-07-29 07:42:51 查询号码 【1899912】，返回信息 {"status":"bad","msg":""}
2021-07-29 07:42:51 查询号码 【1899912】，GSD为【""】
2021-07-29 07:42:51 bad
2021-07-29 07:42:52 CHB 1899912?1627515771 第 1 次 等待 3 秒
2021-07-29 07:42:55 CHB 1899912?1627515771 第 1 次 获取到号码【1899912】GSD
2021-07-29 07:42:55 获取到号码【1899912】的GSD为【新疆-乌鲁木齐】
2021-07-29 07:42:58 GSD insert 第 1 次 等待 3 秒
2021-07-29 07:43:01 {"status":"ok","gid":431297,"msg":"添加成功！"}
2021-07-29 07:43:01 下次操作: 2021-07-29 07:43:15

2021-07-29 07:43:15 开始第 4 次操作

2021-07-29 07:43:15 开始操作号码 【1899911】
2021-07-29 07:43:18 GSD getOne 第 1 次 等待 3 秒
2021-07-29 07:43:21 查询号码 【1899911】，返回信息 {"status":"ok","msg":"新疆-乌鲁木齐","gid":"46143","time_insert":"2017-11-11 19:35","time_update":"2020-12-23 06:23"}
2021-07-29 07:43:21 查询号码 【1899911】，GSD为【"新疆-乌鲁木齐"】

2021-07-29 07:43:21 开始第 4 次操作

2021-07-29 07:43:21 开始操作号码 【1899910】
2021-07-29 07:43:24 GSD getOne 第 1 次 等待 3 秒
2021-07-29 07:43:27 查询号码 【1899910】，返回信息 {"status":"bad","msg":""}
2021-07-29 07:43:27 查询号码 【1899910】，GSD为【""】
2021-07-29 07:43:27 bad
2021-07-29 07:43:29 CHB 1899910?1627515807 第 1 次 等待 3 秒
2021-07-29 07:43:32 CHB 1899910?1627515807 第 1 次 获取到号码【1899910】GSD
2021-07-29 07:43:32 获取到号码【1899910】的GSD为【新疆-乌鲁木齐】
2021-07-29 07:43:35 GSD insert 第 1 次 等待 3 秒
2021-07-29 07:43:38 {"status":"ok","gid":431308,"msg":"添加成功！"}
2021-07-29 07:43:38 下次操作: 2021-07-29 07:43:54

2021-07-29 07:43:54 开始第 5 次操作

2021-07-29 07:43:54 开始操作号码 【1899909】
2021-07-29 07:43:57 GSD getOne 第 1 次 等待 3 秒
2021-07-29 07:44:00 查询号码 【1899909】，返回信息 {"status":"bad","msg":""}
2021-07-29 07:44:00 查询号码 【1899909】，GSD为【""】
2021-07-29 07:44:00 bad
2021-07-29 07:44:02 CHB 1899909?1627515840 第 1 次 等待 3 秒
2021-07-29 07:44:05 CHB 1899909?1627515840 第 1 次 获取到号码【1899909】GSD
2021-07-29 07:44:05 获取到号码【1899909】的GSD为【新疆-喀什】
2021-07-29 07:44:09 GSD insert 第 1 次 等待 3 秒
2021-07-29 07:44:12 {"status":"ok","gid":431314,"msg":"添加成功！"}
2021-07-29 07:44:12 下次操作: 2021-07-29 07:44:25

2021-07-29 07:44:25 开始第 6 次操作

2021-07-29 07:44:25 开始操作号码 【1899908】
2021-07-29 07:44:28 GSD getOne 第 1 次 等待 3 秒
2021-07-29 07:44:31 查询号码 【1899908】，返回信息 {"status":"bad","msg":""}
2021-07-29 07:44:31 查询号码 【1899908】，GSD为【""】
2021-07-29 07:44:31 bad
2021-07-29 07:44:32 CHB 1899908?1627515871 第 1 次 等待 3 秒
2021-07-29 07:44:35 CHB 1899908?1627515871 第 1 次 获取到号码【1899908】GSD
2021-07-29 07:44:35 获取到号码【1899908】的GSD为【新疆-喀什】
2021-07-29 07:44:38 GSD insert 第 1 次 等待 3 秒
2021-07-29 07:44:41 {"status":"ok","gid":431324,"msg":"添加成功！"}
2021-07-29 07:44:41 下次操作: 2021-07-29 07:44:57

2021-07-29 07:44:57 开始第 7 次操作

2021-07-29 07:44:57 开始操作号码 【1899907】
2021-07-29 07:45:00 GSD getOne 第 1 次 等待 3 秒
2021-07-29 07:45:03 查询号码 【1899907】，返回信息 {"status":"bad","msg":""}
2021-07-29 07:45:03 查询号码 【1899907】，GSD为【""】
2021-07-29 07:45:03 bad
2021-07-29 07:45:05 CHB 1899907?1627515903 第 1 次 等待 3 秒
2021-07-29 07:45:08 CHB 1899907?1627515903 第 1 次 获取到号码【1899907】GSD
2021-07-29 07:45:08 获取到号码【1899907】的GSD为【新疆-阿克苏】
2021-07-29 07:45:10 GSD insert 第 1 次 等待 3 秒
2021-07-29 07:45:13 {"status":"ok","gid":431332,"msg":"添加成功！"}
2021-07-29 07:45:13 下次操作: 2021-07-29 07:45:28

2021-07-29 07:45:28 开始第 8 次操作

2021-07-29 07:45:28 开始操作号码 【1899906】
2021-07-29 07:45:32 GSD getOne 第 1 次 等待 3 秒
2021-07-29 07:45:35 查询号码 【1899906】，返回信息 {"status":"bad","msg":""}
2021-07-29 07:45:35 查询号码 【1899906】，GSD为【""】
2021-07-29 07:45:35 bad
2021-07-29 07:45:36 CHB 1899906?1627515935 第 1 次 等待 3 秒
2021-07-29 07:45:39 CHB 1899906?1627515935 第 1 次 获取到号码【1899906】GSD
2021-07-29 07:45:39 获取到号码【1899906】的GSD为【新疆-阿克苏】
2021-07-29 07:45:42 GSD insert 第 1 次 等待 3 秒
2021-07-29 07:45:45 {"status":"ok","gid":431341,"msg":"添加成功！"}
2021-07-29 07:45:45 下次操作: 2021-07-29 07:46:09

2021-07-29 07:46:09 开始第 9 次操作

2021-07-29 07:46:09 开始操作号码 【1899905】
2021-07-29 07:46:12 GSD getOne 第 1 次 等待 3 秒
2021-07-29 07:46:15 查询号码 【1899905】，返回信息 {"status":"bad","msg":""}
2021-07-29 07:46:15 查询号码 【1899905】，GSD为【""】
2021-07-29 07:46:15 bad
2021-07-29 07:46:17 CHB 1899905?1627515975 第 1 次 等待 3 秒
2021-07-29 07:46:20 CHB 1899905?1627515975 第 1 次 获取到号码【1899905】GSD
2021-07-29 07:46:20 获取到号码【1899905】的GSD为【新疆-和田】
2021-07-29 07:46:23 GSD insert 第 1 次 等待 3 秒
2021-07-29 07:46:26 {"status":"ok","gid":431350,"msg":"添加成功！"}
2021-07-29 07:46:26 下次操作: 2021-07-29 07:46:45

2021-07-29 07:46:45 开始第 10 次操作

2021-07-29 07:46:45 开始操作号码 【1899904】
2021-07-29 07:46:48 GSD getOne 第 1 次 等待 3 秒
2021-07-29 07:46:51 查询号码 【1899904】，返回信息 {"status":"bad","msg":""}
2021-07-29 07:46:51 查询号码 【1899904】，GSD为【""】
2021-07-29 07:46:51 bad
2021-07-29 07:46:52 CHB 1899904?1627516011 第 1 次 等待 3 秒
2021-07-29 07:46:55 CHB 1899904?1627516011 第 1 次 获取到号码【1899904】GSD
2021-07-29 07:46:56 获取到号码【1899904】的GSD为【新疆-吐鲁番】
2021-07-29 07:46:59 GSD insert 第 1 次 等待 3 秒
2021-07-29 07:47:02 {"status":"ok","gid":431361,"msg":"添加成功！"}
2021-07-29 07:47:02 下次操作: 2021-07-29 07:47:26

2021-07-29 07:47:26 开始第 11 次操作

2021-07-29 07:47:26 开始操作号码 【1899903】
2021-07-29 07:47:29 GSD getOne 第 1 次 等待 3 秒
2021-07-29 07:47:32 查询号码 【1899903】，返回信息 {"status":"bad","msg":""}
2021-07-29 07:47:32 查询号码 【1899903】，GSD为【""】
2021-07-29 07:47:32 bad
2021-07-29 07:47:34 CHB 1899903?1627516052 第 1 次 等待 3 秒
2021-07-29 07:47:37 CHB 1899903?1627516052 第 1 次 获取到号码【1899903】GSD
2021-07-29 07:47:37 获取到号码【1899903】的GSD为【新疆-哈密】
2021-07-29 07:47:40 GSD insert 第 1 次 等待 3 秒
2021-07-29 07:47:43 {"status":"ok","gid":431371,"msg":"添加成功！"}
2021-07-29 07:47:43 下次操作: 2021-07-29 07:47:56

2021-07-29 07:47:56 开始第 12 次操作

2021-07-29 07:47:56 开始操作号码 【1899902】
2021-07-29 07:47:59 GSD getOne 第 1 次 等待 3 秒
2021-07-29 07:48:02 查询号码 【1899902】，返回信息 {"status":"bad","msg":""}
2021-07-29 07:48:02 查询号码 【1899902】，GSD为【""】
2021-07-29 07:48:02 bad
2021-07-29 07:48:04 CHB 1899902?1627516082 第 1 次 等待 3 秒
2021-07-29 07:48:07 CHB 1899902?1627516082 第 1 次 获取到号码【1899902】GSD
2021-07-29 07:48:07 获取到号码【1899902】的GSD为【新疆-库尔勒】
2021-07-29 07:48:12 GSD insert 第 1 次 等待 3 秒
2021-07-29 07:48:15 {"status":"ok","gid":431380,"msg":"添加成功！"}
2021-07-29 07:48:15 下次操作: 2021-07-29 07:48:35

2021-07-29 07:48:35 开始第 13 次操作

2021-07-29 07:48:35 开始操作号码 【1899901】
2021-07-29 07:48:38 GSD getOne 第 1 次 等待 3 秒
2021-07-29 07:48:41 查询号码 【1899901】，返回信息 {"status":"bad","msg":""}
2021-07-29 07:48:41 查询号码 【1899901】，GSD为【""】
2021-07-29 07:48:41 bad
2021-07-29 07:48:43 CHB 1899901?1627516121 第 1 次 等待 3 秒
2021-07-29 07:48:46 CHB 1899901?1627516121 第 1 次 获取到号码【1899901】GSD
2021-07-29 07:48:46 获取到号码【1899901】的GSD为【新疆-库尔勒】
2021-07-29 07:48:49 GSD insert 第 1 次 等待 3 秒
2021-07-29 07:48:52 {"status":"ok","gid":431390,"msg":"添加成功！"}
2021-07-29 07:48:52 下次操作: 2021-07-29 07:49:07

2021-07-29 07:49:07 开始第 14 次操作

2021-07-29 07:49:07 开始操作号码 【1899900】
2021-07-29 07:49:10 GSD getOne 第 1 次 等待 3 秒
2021-07-29 07:49:13 查询号码 【1899900】，返回信息 {"status":"ok","msg":"新疆-库尔勒","gid":"46142","time_insert":"2018-09-10 09:22","time_update":"2020-12-23 06:31"}
2021-07-29 07:49:13 查询号码 【1899900】，GSD为【"新疆-库尔勒"】

2021-07-29 07:49:13 开始第 14 次操作

2021-07-29 07:49:13 开始操作号码 【1899899】
2021-07-29 07:49:16 GSD getOne 第 1 次 等待 3 秒
2021-07-29 07:49:19 查询号码 【1899899】，返回信息 {"status":"bad","msg":""}
2021-07-29 07:49:19 查询号码 【1899899】，GSD为【""】
2021-07-29 07:49:19 bad
2021-07-29 07:49:20 CHB 1899899?1627516159 第 1 次 等待 3 秒
2021-07-29 07:49:23 CHB 1899899?1627516159 第 1 次 获取到号码【1899899】GSD
2021-07-29 07:49:23 获取到号码【1899899】的GSD为【广东-深圳】
2021-07-29 07:49:26 GSD insert 第 1 次 等待 3 秒
2021-07-29 07:49:29 {"status":"ok","gid":431404,"msg":"添加成功！"}
2021-07-29 07:49:29 下次操作: 2021-07-29 07:49:47

2021-07-29 07:49:47 开始第 15 次操作

2021-07-29 07:49:47 开始操作号码 【1899898】
2021-07-29 07:49:50 GSD getOne 第 1 次 等待 3 秒
2021-07-29 07:49:53 查询号码 【1899898】，返回信息 {"status":"bad","msg":""}
2021-07-29 07:49:53 查询号码 【1899898】，GSD为【""】
2021-07-29 07:49:53 bad
2021-07-29 07:49:55 CHB 1899898?1627516193 第 1 次 等待 3 秒
2021-07-29 07:49:58 CHB 1899898?1627516193 第 1 次 获取到号码【1899898】GSD
2021-07-29 07:49:58 获取到号码【1899898】的GSD为【广东-清远】
2021-07-29 07:50:01 GSD insert 第 1 次 等待 3 秒
2021-07-29 07:50:04 {"status":"ok","gid":431413,"msg":"添加成功！"}
2021-07-29 07:50:04 下次操作: 2021-07-29 07:50:22

2021-07-29 07:50:22 开始第 16 次操作

2021-07-29 07:50:22 开始操作号码 【1899897】
2021-07-29 07:50:24 GSD getOne 第 1 次 等待 3 秒
2021-07-29 07:50:27 查询号码 【1899897】，返回信息 {"status":"bad","msg":""}
2021-07-29 07:50:28 查询号码 【1899897】，GSD为【""】
2021-07-29 07:50:28 bad
2021-07-29 07:50:29 CHB 1899897?1627516228 第 1 次 等待 3 秒
2021-07-29 07:50:32 CHB 1899897?1627516228 第 1 次 获取到号码【1899897】GSD
2021-07-29 07:50:32 获取到号码【1899897】的GSD为【广东-汕头】
2021-07-29 07:50:35 GSD insert 第 1 次 等待 3 秒
2021-07-29 07:50:38 {"status":"ok","gid":431421,"msg":"添加成功！"}
2021-07-29 07:50:38 下次操作: 2021-07-29 07:50:57

2021-07-29 07:50:57 开始第 17 次操作

2021-07-29 07:50:57 开始操作号码 【1899896】
2021-07-29 07:51:00 GSD getOne 第 1 次 等待 3 秒
2021-07-29 07:51:03 查询号码 【1899896】，返回信息 {"status":"bad","msg":""}
2021-07-29 07:51:03 查询号码 【1899896】，GSD为【""】
2021-07-29 07:51:03 bad
2021-07-29 07:51:05 CHB 1899896?1627516263 第 1 次 等待 3 秒
2021-07-29 07:51:08 CHB 1899896?1627516263 第 1 次 获取到号码【1899896】GSD
2021-07-29 07:51:08 获取到号码【1899896】的GSD为【广东-汕头】
2021-07-29 07:51:11 GSD insert 第 1 次 等待 3 秒
2021-07-29 07:51:14 {"status":"ok","gid":431432,"msg":"添加成功！"}
2021-07-29 07:51:14 下次操作: 2021-07-29 07:51:28

2021-07-29 07:51:28 开始第 18 次操作

2021-07-29 07:51:28 开始操作号码 【1899895】
2021-07-29 07:51:31 GSD getOne 第 1 次 等待 3 秒
2021-07-29 07:51:34 查询号码 【1899895】，返回信息 {"status":"bad","msg":""}
2021-07-29 07:51:34 查询号码 【1899895】，GSD为【""】
2021-07-29 07:51:34 bad
2021-07-29 07:51:35 CHB 1899895?1627516294 第 1 次 等待 3 秒
2021-07-29 07:51:38 CHB 1899895?1627516294 第 1 次 获取到号码【1899895】GSD
2021-07-29 07:51:38 获取到号码【1899895】的GSD为【广东-汕尾】
2021-07-29 07:51:42 GSD insert 第 1 次 等待 3 秒
2021-07-29 07:51:45 {"status":"ok","gid":431440,"msg":"添加成功！"}
2021-07-29 07:51:45 下次操作: 2021-07-29 07:51:59

2021-07-29 07:51:59 开始第 19 次操作

2021-07-29 07:51:59 开始操作号码 【1899894】
2021-07-29 07:52:02 GSD getOne 第 1 次 等待 3 秒
2021-07-29 07:52:05 查询号码 【1899894】，返回信息 {"status":"bad","msg":""}
2021-07-29 07:52:05 查询号码 【1899894】，GSD为【""】
2021-07-29 07:52:05 bad
2021-07-29 07:52:06 CHB 1899894?1627516325 第 1 次 等待 3 秒
2021-07-29 07:52:09 CHB 1899894?1627516325 第 1 次 获取到号码【1899894】GSD
2021-07-29 07:52:09 获取到号码【1899894】的GSD为【广东-深圳】
2021-07-29 07:52:12 GSD insert 第 1 次 等待 3 秒
2021-07-29 07:52:15 {"status":"ok","gid":431449,"msg":"添加成功！"}
2021-07-29 07:52:15 下次操作: 2021-07-29 07:52:29

2021-07-29 07:52:29 开始第 20 次操作

2021-07-29 07:52:29 开始操作号码 【1899893】
2021-07-29 07:52:32 GSD getOne 第 1 次 等待 3 秒
2021-07-29 07:52:35 查询号码 【1899893】，返回信息 {"status":"ok","msg":"广东-深圳","gid":"46141","time_insert":"2019-11-20 13:43","time_update":"2020-10-02 20:35"}
2021-07-29 07:52:35 查询号码 【1899893】，GSD为【"广东-深圳"】

2021-07-29 07:52:35 开始第 20 次操作

2021-07-29 07:52:35 开始操作号码 【1899892】
2021-07-29 07:52:38 GSD getOne 第 1 次 等待 3 秒
2021-07-29 07:52:41 查询号码 【1899892】，返回信息 {"status":"bad","msg":""}
2021-07-29 07:52:41 查询号码 【1899892】，GSD为【""】
2021-07-29 07:52:41 bad
2021-07-29 07:52:43 CHB 1899892?1627516361 第 1 次 等待 3 秒
2021-07-29 07:52:46 CHB 1899892?1627516361 第 1 次 获取到号码【1899892】GSD
2021-07-29 07:52:46 获取到号码【1899892】的GSD为【广东-深圳】
2021-07-29 07:52:49 GSD insert 第 1 次 等待 3 秒
2021-07-29 07:52:52 {"status":"ok","gid":431458,"msg":"添加成功！"}
2021-07-29 07:52:52 下次操作: 2021-07-29 07:53:04

2021-07-29 07:53:04 开始第 21 次操作

2021-07-29 07:53:04 开始操作号码 【1899891】
2021-07-29 07:53:07 GSD getOne 第 1 次 等待 3 秒
2021-07-29 07:53:10 查询号码 【1899891】，返回信息 {"status":"bad","msg":""}
2021-07-29 07:53:10 查询号码 【1899891】，GSD为【""】
2021-07-29 07:53:10 bad
2021-07-29 07:53:11 CHB 1899891?1627516390 第 1 次 等待 3 秒
2021-07-29 07:53:14 CHB 1899891?1627516390 第 1 次 获取到号码【1899891】GSD
2021-07-29 07:53:14 获取到号码【1899891】的GSD为【广东-深圳】
2021-07-29 07:53:17 GSD insert 第 1 次 等待 3 秒
2021-07-29 07:53:20 {"status":"ok","gid":431466,"msg":"添加成功！"}
2021-07-29 07:53:20 下次操作: 2021-07-29 07:53:39

2021-07-29 07:53:39 开始第 22 次操作

2021-07-29 07:53:39 开始操作号码 【1899890】
2021-07-29 07:53:42 GSD getOne 第 1 次 等待 3 秒
2021-07-29 07:53:45 查询号码 【1899890】，返回信息 {"status":"ok","msg":"广东-深圳","gid":"46140","time_insert":"2017-04-23 08:06","time_update":"2020-10-02 20:31"}
2021-07-29 07:53:45 查询号码 【1899890】，GSD为【"广东-深圳"】

2021-07-29 07:53:45 开始第 22 次操作

2021-07-29 07:53:45 开始操作号码 【1899889】
2021-07-29 07:53:48 GSD getOne 第 1 次 等待 3 秒
2021-07-29 07:53:51 查询号码 【1899889】，返回信息 {"status":"bad","msg":""}
2021-07-29 07:53:51 查询号码 【1899889】，GSD为【""】
2021-07-29 07:53:51 bad
2021-07-29 07:53:52 CHB 1899889?1627516431 第 1 次 等待 3 秒
2021-07-29 07:53:55 CHB 1899889?1627516431 第 1 次 获取到号码【1899889】GSD
2021-07-29 07:53:55 获取到号码【1899889】的GSD为【广东-广州】
2021-07-29 07:53:58 GSD insert 第 1 次 等待 3 秒
2021-07-29 07:54:01 {"status":"ok","gid":431477,"msg":"添加成功！"}
2021-07-29 07:54:01 下次操作: 2021-07-29 07:54:17

2021-07-29 07:54:17 开始第 23 次操作

2021-07-29 07:54:17 开始操作号码 【1899888】
2021-07-29 07:54:20 GSD getOne 第 1 次 等待 3 秒
2021-07-29 07:54:23 查询号码 【1899888】，返回信息 {"status":"bad","msg":""}
2021-07-29 07:54:23 查询号码 【1899888】，GSD为【""】
2021-07-29 07:54:23 bad
2021-07-29 07:54:25 CHB 1899888?1627516463 第 1 次 等待 3 秒
2021-07-29 07:54:28 CHB 1899888?1627516463 第 1 次 获取到号码【1899888】GSD
2021-07-29 07:54:28 获取到号码【1899888】的GSD为【广东-广州】
2021-07-29 07:54:31 GSD insert 第 1 次 等待 3 秒
2021-07-29 07:54:34 {"status":"ok","gid":431487,"msg":"添加成功！"}
2021-07-29 07:54:34 下次操作: 2021-07-29 07:54:54

2021-07-29 07:54:54 开始第 24 次操作

2021-07-29 07:54:54 开始操作号码 【1899887】
2021-07-29 07:54:57 GSD getOne 第 1 次 等待 3 秒
2021-07-29 07:55:00 查询号码 【1899887】，返回信息 {"status":"bad","msg":""}
2021-07-29 07:55:00 查询号码 【1899887】，GSD为【""】
2021-07-29 07:55:00 bad
2021-07-29 07:55:01 CHB 1899887?1627516500 第 1 次 等待 3 秒
2021-07-29 07:55:04 CHB 1899887?1627516500 第 1 次 获取到号码【1899887】GSD
2021-07-29 07:55:04 获取到号码【1899887】的GSD为【广东-广州】
2021-07-29 07:55:07 GSD insert 第 1 次 等待 3 秒
2021-07-29 07:55:10 {"status":"ok","gid":431499,"msg":"添加成功！"}
2021-07-29 07:55:10 下次操作: 2021-07-29 07:55:34

2021-07-29 07:55:34 开始第 25 次操作

2021-07-29 07:55:34 开始操作号码 【1899886】
2021-07-29 07:55:37 GSD getOne 第 1 次 等待 3 秒
2021-07-29 07:55:40 查询号码 【1899886】，返回信息 {"status":"bad","msg":""}
2021-07-29 07:55:40 查询号码 【1899886】，GSD为【""】
2021-07-29 07:55:40 bad
2021-07-29 07:55:42 CHB 1899886?1627516540 第 1 次 等待 3 秒
2021-07-29 07:55:45 CHB 1899886?1627516540 第 1 次 获取到号码【1899886】GSD
2021-07-29 07:55:45 获取到号码【1899886】的GSD为【广东-广州】
2021-07-29 07:55:48 GSD insert 第 1 次 等待 3 秒
2021-07-29 07:55:51 {"status":"ok","gid":431510,"msg":"添加成功！"}
2021-07-29 07:55:51 下次操作: 2021-07-29 07:56:03

2021-07-29 07:56:03 开始第 26 次操作

2021-07-29 07:56:03 开始操作号码 【1899885】
2021-07-29 07:56:06 GSD getOne 第 1 次 等待 3 秒
2021-07-29 07:56:09 查询号码 【1899885】，返回信息 {"status":"bad","msg":""}
2021-07-29 07:56:09 查询号码 【1899885】，GSD为【""】
2021-07-29 07:56:09 bad
2021-07-29 07:56:10 CHB 1899885?1627516569 第 1 次 等待 3 秒
2021-07-29 07:56:13 CHB 1899885?1627516569 第 1 次 获取到号码【1899885】GSD
2021-07-29 07:56:13 获取到号码【1899885】的GSD为【广东-广州】
2021-07-29 07:56:16 GSD insert 第 1 次 等待 3 秒
2021-07-29 07:56:19 {"status":"ok","gid":431519,"msg":"添加成功！"}
2021-07-29 07:56:19 下次操作: 2021-07-29 07:56:43

2021-07-29 07:56:43 开始第 27 次操作

2021-07-29 07:56:43 开始操作号码 【1899884】
2021-07-29 07:56:46 GSD getOne 第 1 次 等待 3 秒
2021-07-29 07:56:49 查询号码 【1899884】，返回信息 {"status":"bad","msg":""}
2021-07-29 07:56:49 查询号码 【1899884】，GSD为【""】
2021-07-29 07:56:49 bad
2021-07-29 07:56:50 CHB 1899884?1627516609 第 1 次 等待 3 秒
2021-07-29 07:56:53 CHB 1899884?1627516609 第 1 次 获取到号码【1899884】GSD
2021-07-29 07:56:53 获取到号码【1899884】的GSD为【广东-广州】
2021-07-29 07:56:56 GSD insert 第 1 次 等待 3 秒
2021-07-29 07:56:59 {"status":"ok","gid":431533,"msg":"添加成功！"}
2021-07-29 07:56:59 下次操作: 2021-07-29 07:57:19

2021-07-29 07:57:19 开始第 28 次操作

2021-07-29 07:57:19 开始操作号码 【1899883】
2021-07-29 07:57:22 GSD getOne 第 1 次 等待 3 秒
2021-07-29 07:57:25 查询号码 【1899883】，返回信息 {"status":"bad","msg":""}
2021-07-29 07:57:25 查询号码 【1899883】，GSD为【""】
2021-07-29 07:57:25 bad
2021-07-29 07:57:27 CHB 1899883?1627516645 第 1 次 等待 3 秒
2021-07-29 07:57:30 CHB 1899883?1627516645 第 1 次 获取到号码【1899883】GSD
2021-07-29 07:57:30 获取到号码【1899883】的GSD为【广东-广州】
2021-07-29 07:57:33 GSD insert 第 1 次 等待 3 秒
2021-07-29 07:57:36 {"status":"ok","gid":431543,"msg":"添加成功！"}
2021-07-29 07:57:36 下次操作: 2021-07-29 07:57:59

2021-07-29 07:57:59 开始第 29 次操作

2021-07-29 07:57:59 开始操作号码 【1899882】
2021-07-29 07:58:02 GSD getOne 第 1 次 等待 3 秒
2021-07-29 07:58:05 查询号码 【1899882】，返回信息 {"status":"bad","msg":""}
2021-07-29 07:58:05 查询号码 【1899882】，GSD为【""】
2021-07-29 07:58:05 bad
2021-07-29 07:58:07 CHB 1899882?1627516685 第 1 次 等待 3 秒
2021-07-29 07:58:10 CHB 1899882?1627516685 第 1 次 获取到号码【1899882】GSD
2021-07-29 07:58:10 获取到号码【1899882】的GSD为【广东-广州】
2021-07-29 07:58:13 GSD insert 第 1 次 等待 3 秒
2021-07-29 07:58:16 {"status":"ok","gid":431550,"msg":"添加成功！"}
2021-07-29 07:58:16 下次操作: 2021-07-29 07:58:38

2021-07-29 07:58:38 开始第 30 次操作

2021-07-29 07:58:38 开始操作号码 【1899881】
2021-07-29 07:58:41 GSD getOne 第 1 次 等待 3 秒
2021-07-29 07:58:44 查询号码 【1899881】，返回信息 {"status":"bad","msg":""}
2021-07-29 07:58:44 查询号码 【1899881】，GSD为【""】
2021-07-29 07:58:44 bad
2021-07-29 07:58:45 CHB 1899881?1627516724 第 1 次 等待 3 秒
2021-07-29 07:58:48 CHB 1899881?1627516724 第 1 次 获取到号码【1899881】GSD
2021-07-29 07:58:48 获取到号码【1899881】的GSD为【广东-广州】
2021-07-29 07:58:51 GSD insert 第 1 次 等待 3 秒
2021-07-29 07:58:54 {"status":"ok","gid":431560,"msg":"添加成功！"}
2021-07-29 07:58:54 下次操作: 2021-07-29 07:59:18

2021-07-29 07:59:18 开始第 31 次操作

2021-07-29 07:59:18 开始操作号码 【1899880】
2021-07-29 07:59:21 GSD getOne 第 1 次 等待 3 秒
2021-07-29 07:59:24 查询号码 【1899880】，返回信息 {"status":"ok","msg":"广东-广州","gid":"46139","time_insert":"2015-03-07 22:49","time_update":"2020-10-02 20:27"}
2021-07-29 07:59:24 查询号码 【1899880】，GSD为【"广东-广州"】

2021-07-29 07:59:24 开始第 31 次操作

2021-07-29 07:59:24 开始操作号码 【1899879】
2021-07-29 07:59:27 GSD getOne 第 1 次 等待 3 秒
2021-07-29 07:59:30 查询号码 【1899879】，返回信息 {"status":"bad","msg":""}
2021-07-29 07:59:30 查询号码 【1899879】，GSD为【""】
2021-07-29 07:59:30 bad
2021-07-29 07:59:31 CHB 1899879?1627516770 第 1 次 等待 3 秒
2021-07-29 07:59:34 CHB 1899879?1627516770 第 1 次 获取到号码【1899879】GSD
2021-07-29 07:59:35 获取到号码【1899879】的GSD为【广东-湛江】
2021-07-29 07:59:37 GSD insert 第 1 次 等待 3 秒
2021-07-29 07:59:40 {"status":"ok","gid":431573,"msg":"添加成功！"}
2021-07-29 07:59:40 下次操作: 2021-07-29 08:00:04

2021-07-29 08:00:04 开始第 32 次操作

2021-07-29 08:00:04 开始操作号码 【1899878】
2021-07-29 08:00:07 GSD getOne 第 1 次 等待 3 秒
2021-07-29 08:00:10 查询号码 【1899878】，返回信息 {"status":"bad","msg":""}
2021-07-29 08:00:10 查询号码 【1899878】，GSD为【""】
2021-07-29 08:00:10 bad
2021-07-29 08:00:12 CHB 1899878?1627516810 第 1 次 等待 3 秒
2021-07-29 08:00:15 CHB 1899878?1627516810 第 1 次 获取到号码【1899878】GSD
2021-07-29 08:00:15 获取到号码【1899878】的GSD为【广东-中山】
2021-07-29 08:00:18 GSD insert 第 1 次 等待 3 秒
2021-07-29 08:00:21 {"status":"ok","gid":431583,"msg":"添加成功！"}
2021-07-29 08:00:21 下次操作: 2021-07-29 08:00:42

2021-07-29 08:00:42 开始第 33 次操作

2021-07-29 08:00:42 开始操作号码 【1899877】
2021-07-29 08:00:45 GSD getOne 第 1 次 等待 3 秒
2021-07-29 08:00:48 查询号码 【1899877】，返回信息 {"status":"bad","msg":""}
2021-07-29 08:00:48 查询号码 【1899877】，GSD为【""】
2021-07-29 08:00:48 bad
2021-07-29 08:00:49 CHB 1899877?1627516848 第 1 次 等待 3 秒
2021-07-29 08:00:52 CHB 1899877?1627516848 第 1 次 获取到号码【1899877】GSD
2021-07-29 08:00:52 获取到号码【1899877】的GSD为【广东-梅州】
2021-07-29 08:00:55 GSD insert 第 1 次 等待 3 秒
2021-07-29 08:00:58 {"status":"ok","gid":431594,"msg":"添加成功！"}
2021-07-29 08:00:58 下次操作: 2021-07-29 08:01:22

2021-07-29 08:01:22 开始第 34 次操作

2021-07-29 08:01:22 开始操作号码 【1899876】
2021-07-29 08:01:25 GSD getOne 第 1 次 等待 3 秒
2021-07-29 08:01:28 查询号码 【1899876】，返回信息 {"status":"bad","msg":""}
2021-07-29 08:01:28 查询号码 【1899876】，GSD为【""】
2021-07-29 08:01:28 bad
2021-07-29 08:01:30 CHB 1899876?1627516888 第 1 次 等待 3 秒
2021-07-29 08:01:33 CHB 1899876?1627516888 第 1 次 获取到号码【1899876】GSD
2021-07-29 08:01:33 获取到号码【1899876】的GSD为【广东-河源】
2021-07-29 08:01:36 GSD insert 第 1 次 等待 3 秒
2021-07-29 08:01:39 {"status":"ok","gid":431600,"msg":"添加成功！"}
2021-07-29 08:01:39 下次操作: 2021-07-29 08:01:58

2021-07-29 08:01:58 开始第 35 次操作

2021-07-29 08:01:58 开始操作号码 【1899875】
2021-07-29 08:02:01 GSD getOne 第 1 次 等待 3 秒
2021-07-29 08:02:04 查询号码 【1899875】，返回信息 {"status":"bad","msg":""}
2021-07-29 08:02:04 查询号码 【1899875】，GSD为【""】
2021-07-29 08:02:04 bad
2021-07-29 08:02:06 CHB 1899875?1627516924 第 1 次 等待 3 秒
2021-07-29 08:02:09 CHB 1899875?1627516924 第 1 次 获取到号码【1899875】GSD
2021-07-29 08:02:09 获取到号码【1899875】的GSD为【广东-河源】
2021-07-29 08:02:11 GSD insert 第 1 次 等待 3 秒
2021-07-29 08:02:14 {"status":"ok","gid":431607,"msg":"添加成功！"}
2021-07-29 08:02:14 下次操作: 2021-07-29 08:02:37

2021-07-29 08:02:37 开始第 36 次操作

2021-07-29 08:02:37 开始操作号码 【1899874】
2021-07-29 08:02:40 GSD getOne 第 1 次 等待 3 秒
2021-07-29 08:02:43 查询号码 【1899874】，返回信息 {"status":"bad","msg":""}
2021-07-29 08:02:43 查询号码 【1899874】，GSD为【""】
2021-07-29 08:02:43 bad
2021-07-29 08:02:45 CHB 1899874?1627516963 第 1 次 等待 3 秒
2021-07-29 08:02:48 CHB 1899874?1627516963 第 1 次 获取到号码【1899874】GSD
2021-07-29 08:02:48 获取到号码【1899874】的GSD为【广东-潮州】
2021-07-29 08:02:51 GSD insert 第 1 次 等待 3 秒
2021-07-29 08:02:54 {"status":"ok","gid":431614,"msg":"添加成功！"}
2021-07-29 08:02:54 下次操作: 2021-07-29 08:03:14

2021-07-29 08:03:14 开始第 37 次操作

2021-07-29 08:03:14 开始操作号码 【1899873】
2021-07-29 08:03:17 GSD getOne 第 1 次 等待 3 秒
2021-07-29 08:03:20 查询号码 【1899873】，返回信息 {"status":"bad","msg":""}
2021-07-29 08:03:20 查询号码 【1899873】，GSD为【""】
2021-07-29 08:03:20 bad
2021-07-29 08:03:22 CHB 1899873?1627517000 第 1 次 等待 3 秒
2021-07-29 08:03:25 CHB 1899873?1627517000 第 1 次 获取到号码【1899873】GSD
2021-07-29 08:03:25 获取到号码【1899873】的GSD为【广东-潮州】
2021-07-29 08:03:28 GSD insert 第 1 次 等待 3 秒
2021-07-29 08:03:31 {"status":"ok","gid":431620,"msg":"添加成功！"}
2021-07-29 08:03:31 下次操作: 2021-07-29 08:03:54

2021-07-29 08:03:54 开始第 38 次操作

2021-07-29 08:03:54 开始操作号码 【1899872】
2021-07-29 08:03:57 GSD getOne 第 1 次 等待 3 秒
2021-07-29 08:04:00 查询号码 【1899872】，返回信息 {"status":"bad","msg":""}
2021-07-29 08:04:00 查询号码 【1899872】，GSD为【""】
2021-07-29 08:04:00 bad
2021-07-29 08:04:02 CHB 1899872?1627517040 第 1 次 等待 3 秒
2021-07-29 08:04:05 CHB 1899872?1627517040 第 1 次 获取到号码【1899872】GSD
2021-07-29 08:04:05 获取到号码【1899872】的GSD为【广东-湛江】
2021-07-29 08:04:08 GSD insert 第 1 次 等待 3 秒
2021-07-29 08:04:11 {"status":"ok","gid":431626,"msg":"添加成功！"}
2021-07-29 08:04:11 下次操作: 2021-07-29 08:04:24

2021-07-29 08:04:24 开始第 39 次操作

2021-07-29 08:04:24 开始操作号码 【1899871】
2021-07-29 08:04:27 GSD getOne 第 1 次 等待 3 秒
2021-07-29 08:04:30 查询号码 【1899871】，返回信息 {"status":"bad","msg":""}
2021-07-29 08:04:30 查询号码 【1899871】，GSD为【""】
2021-07-29 08:04:30 bad
2021-07-29 08:04:31 CHB 1899871?1627517070 第 1 次 等待 3 秒
2021-07-29 08:04:34 CHB 1899871?1627517070 第 1 次 获取到号码【1899871】GSD
2021-07-29 08:04:34 获取到号码【1899871】的GSD为【广东-湛江】
2021-07-29 08:04:37 GSD insert 第 1 次 等待 3 秒
2021-07-29 08:04:40 {"status":"ok","gid":431629,"msg":"添加成功！"}
2021-07-29 08:04:40 下次操作: 2021-07-29 08:04:57

2021-07-29 08:04:57 开始第 40 次操作

2021-07-29 08:04:57 开始操作号码 【1899870】
2021-07-29 08:05:00 GSD getOne 第 1 次 等待 3 秒
2021-07-29 08:05:03 查询号码 【1899870】，返回信息 {"status":"bad","msg":""}
2021-07-29 08:05:03 查询号码 【1899870】，GSD为【""】
2021-07-29 08:05:03 bad
2021-07-29 08:05:05 CHB 1899870?1627517103 第 1 次 等待 3 秒
2021-07-29 08:05:08 CHB 1899870?1627517103 第 1 次 获取到号码【1899870】GSD
2021-07-29 08:05:08 获取到号码【1899870】的GSD为【广东-梅州】
2021-07-29 08:05:11 GSD insert 第 1 次 等待 3 秒
2021-07-29 08:05:14 {"status":"ok","gid":431632,"msg":"添加成功！"}

