2023-10-26 00:20:39 开始第 5029 次操作

2023-10-26 00:20:39 开始操作号码 【1894943】
2023-10-26 00:20:43 GSD getOne 第 1 次 等待 3 秒
2023-10-26 00:20:46 查询号码 【1894943】，返回信息 {"status":"ok","msg":"安徽-芜湖","gid":"480316","time_insert":"2021-08-02 15:14"}
2023-10-26 00:20:46 查询号码 【1894943】，GSD为【"安徽-芜湖"】

2023-10-26 00:20:47 开始第 5030 次操作

2023-10-26 00:20:47 开始操作号码 【1894944】
2023-10-26 00:20:50 GSD getOne 第 1 次 等待 3 秒
2023-10-26 00:20:53 查询号码 【1894944】，返回信息 {"status":"ok","msg":"安徽-安庆","gid":"480305","time_insert":"2021-08-02 15:14"}
2023-10-26 00:20:53 查询号码 【1894944】，GSD为【"安徽-安庆"】

2023-10-26 00:20:54 开始第 5031 次操作

2023-10-26 00:20:54 开始操作号码 【1894945】
2023-10-26 00:21:04 GSD getOne 第 1 次 等待 3 秒
2023-10-26 00:21:07 查询号码 【1894945】，返回信息 {"status":"ok","msg":"安徽-安庆","gid":"480293","time_insert":"2021-08-02 15:13"}
2023-10-26 00:21:07 查询号码 【1894945】，GSD为【"安徽-安庆"】

2023-10-26 00:21:08 开始第 5032 次操作

2023-10-26 00:21:08 开始操作号码 【1894946】
2023-10-26 00:21:19 GSD getOne 第 1 次 等待 3 秒
2023-10-26 00:21:22 查询号码 【1894946】，返回信息 {"status":"ok","msg":"安徽-安庆","gid":"480279","time_insert":"2021-08-02 15:12"}
2023-10-26 00:21:22 查询号码 【1894946】，GSD为【"安徽-安庆"】

