2024-04-26 00:21:44 开始第 5489 次操作

2024-04-26 00:21:44 开始操作号码 【1575402】
2024-04-26 00:21:59 GSD getOne 第 1 次 等待 3 秒
2024-04-26 00:22:02 查询号码 【1575402】，返回信息 {"status":"ok","msg":"辽宁-大连","gid":"419599","time_insert":"2021-07-28 01:57"}
2024-04-26 00:22:02 查询号码 【1575402】，GSD为【"辽宁-大连"】

2024-04-26 00:22:03 开始第 5490 次操作

2024-04-26 00:22:03 开始操作号码 【1575403】
2024-04-26 00:22:35 GSD getOne 第 1 次 等待 3 秒
2024-04-26 00:22:38 查询号码 【1575403】，返回信息 {"status":"ok","msg":"辽宁-大连","gid":"419586","time_insert":"2021-07-28 01:56"}
2024-04-26 00:22:38 查询号码 【1575403】，GSD为【"辽宁-大连"】

2024-04-26 00:22:39 开始第 5491 次操作

2024-04-26 00:22:39 开始操作号码 【1575404】
2024-04-26 00:22:48 GSD getOne 第 1 次 等待 3 秒
2024-04-26 00:22:51 查询号码 【1575404】，返回信息 {"status":"ok","msg":"辽宁-大连","gid":"419576","time_insert":"2021-07-28 01:56"}
2024-04-26 00:22:51 查询号码 【1575404】，GSD为【"辽宁-大连"】

2024-04-26 00:22:52 开始第 5492 次操作

2024-04-26 00:22:52 开始操作号码 【1575405】
2024-04-26 00:23:05 GSD getOne 第 1 次 等待 3 秒
2024-04-26 00:23:08 查询号码 【1575405】，返回信息 {"status":"ok","msg":"辽宁-大连","gid":"419560","time_insert":"2021-07-28 01:55"}
2024-04-26 00:23:08 查询号码 【1575405】，GSD为【"辽宁-大连"】

