2024-04-19 00:22:11 开始第 4249 次操作

2024-04-19 00:22:11 开始操作号码 【1574162】
2024-04-19 00:22:18 GSD getOne 第 1 次 等待 3 秒
2024-04-19 00:22:21 查询号码 【1574162】，返回信息 {"status":"ok","msg":"上海-上海","gid":"324071","time_insert":"2021-07-19 07:50"}
2024-04-19 00:22:21 查询号码 【1574162】，GSD为【"上海-上海"】

2024-04-19 00:22:22 开始第 4250 次操作

2024-04-19 00:22:22 开始操作号码 【1574163】
2024-04-19 00:22:27 GSD getOne 第 1 次 等待 3 秒
2024-04-19 00:22:30 查询号码 【1574163】，返回信息 {"status":"ok","msg":"上海-上海","gid":"324278","time_insert":"2021-07-19 08:08"}
2024-04-19 00:22:30 查询号码 【1574163】，GSD为【"上海-上海"】

2024-04-19 00:22:31 开始第 4251 次操作

2024-04-19 00:22:31 开始操作号码 【1574164】
2024-04-19 00:22:41 GSD getOne 第 1 次 等待 3 秒
2024-04-19 00:22:44 查询号码 【1574164】，返回信息 {"status":"ok","msg":"上海-上海","gid":"324350","time_insert":"2021-07-19 08:26"}
2024-04-19 00:22:44 查询号码 【1574164】，GSD为【"上海-上海"】

2024-04-19 00:22:45 开始第 4252 次操作

2024-04-19 00:22:45 开始操作号码 【1574165】
2024-04-19 00:22:52 GSD getOne 第 1 次 等待 3 秒
2024-04-19 00:22:55 查询号码 【1574165】，返回信息 {"status":"ok","msg":"上海-上海","gid":"324385","time_insert":"2021-07-19 08:45"}
2024-04-19 00:22:55 查询号码 【1574165】，GSD为【"上海-上海"】

2024-04-19 00:39:15 开始第 4253 次操作

2024-04-19 00:39:15 开始操作号码 【1574166】
2024-04-19 00:39:21 GSD getOne 第 1 次 等待 3 秒
2024-04-19 00:39:24 查询号码 【1574166】，返回信息 {"status":"ok","msg":"上海-上海","gid":"324413","time_insert":"2021-07-19 09:02"}
2024-04-19 00:39:24 查询号码 【1574166】，GSD为【"上海-上海"】

2024-04-19 00:39:25 开始第 4254 次操作

2024-04-19 00:39:25 开始操作号码 【1574167】
2024-04-19 00:39:30 GSD getOne 第 1 次 等待 3 秒
2024-04-19 00:39:33 查询号码 【1574167】，返回信息 {"status":"ok","msg":"上海-上海","gid":"324449","time_insert":"2021-07-19 09:20"}
2024-04-19 00:39:33 查询号码 【1574167】，GSD为【"上海-上海"】

2024-04-19 00:39:34 开始第 4255 次操作

2024-04-19 00:39:34 开始操作号码 【1574168】
2024-04-19 00:39:39 GSD getOne 第 1 次 等待 3 秒
2024-04-19 00:39:42 查询号码 【1574168】，返回信息 {"status":"ok","msg":"上海-上海","gid":"324478","time_insert":"2021-07-19 09:37"}
2024-04-19 00:39:42 查询号码 【1574168】，GSD为【"上海-上海"】

2024-04-19 00:39:43 开始第 4256 次操作

2024-04-19 00:39:43 开始操作号码 【1574169】
2024-04-19 00:39:48 GSD getOne 第 1 次 等待 3 秒
2024-04-19 00:39:51 查询号码 【1574169】，返回信息 {"status":"ok","msg":"上海-上海","gid":"324713","time_insert":"2021-07-19 09:57"}
2024-04-19 00:39:51 查询号码 【1574169】，GSD为【"上海-上海"】

