2024-08-29 00:24:06 开始第 1681 次操作

2024-08-29 00:24:06 开始操作号码 【1351680】
2024-08-29 00:24:16 GSD getOne 第 1 次 等待 3 秒
2024-08-29 00:24:19 查询号码 【1351680】，返回信息 {"status":"ok","msg":"浙江-杭州","gid":"5242","time_insert":"2018-12-14 17:33","time_update":"2020-08-27 20:49"}
2024-08-29 00:24:19 查询号码 【1351680】，GSD为【"浙江-杭州"】

2024-08-29 00:24:20 开始第 1682 次操作

2024-08-29 00:24:20 开始操作号码 【1351681】
2024-08-29 00:24:28 GSD getOne 第 1 次 等待 3 秒
2024-08-29 00:24:31 查询号码 【1351681】，返回信息 {"status":"ok","msg":"浙江-杭州","gid":"72039","time_insert":"2021-05-29 09:11"}
2024-08-29 00:24:31 查询号码 【1351681】，GSD为【"浙江-杭州"】

2024-08-29 00:24:32 开始第 1683 次操作

2024-08-29 00:24:32 开始操作号码 【1351682】
2024-08-29 00:24:40 GSD getOne 第 1 次 等待 3 秒
2024-08-29 00:24:43 查询号码 【1351682】，返回信息 {"status":"ok","msg":"浙江-杭州","gid":"72056","time_insert":"2021-05-29 09:32"}
2024-08-29 00:24:43 查询号码 【1351682】，GSD为【"浙江-杭州"】

2024-08-29 00:24:44 开始第 1684 次操作

2024-08-29 00:24:44 开始操作号码 【1351683】
2024-08-29 00:24:53 GSD getOne 第 1 次 等待 3 秒
2024-08-29 00:24:56 查询号码 【1351683】，返回信息 {"status":"ok","msg":"浙江-嘉兴","gid":"5243","time_insert":"2018-10-09 15:34","time_update":"2020-08-27 20:53"}
2024-08-29 00:24:56 查询号码 【1351683】，GSD为【"浙江-嘉兴"】

