2024-10-03 00:25:51 开始第 7673 次操作

2024-10-03 00:25:51 开始操作号码 【1357672】
2024-10-03 00:25:53 GSD getOne 第 1 次 等待 3 秒
2024-10-03 00:25:56 查询号码 【1357672】，返回信息 {"status":"ok","msg":"江西-赣州","gid":"323026","time_insert":"2021-07-19 05:43"}
2024-10-03 00:25:56 查询号码 【1357672】，GSD为【"江西-赣州"】

2024-10-03 00:25:57 开始第 7674 次操作

2024-10-03 00:25:57 开始操作号码 【1357673】
2024-10-03 00:25:59 GSD getOne 第 1 次 等待 3 秒
2024-10-03 00:26:02 查询号码 【1357673】，返回信息 {"status":"ok","msg":"江西-赣州","gid":"323011","time_insert":"2021-07-19 05:42"}
2024-10-03 00:26:02 查询号码 【1357673】，GSD为【"江西-赣州"】

2024-10-03 00:26:03 开始第 7675 次操作

2024-10-03 00:26:03 开始操作号码 【1357674】
2024-10-03 00:26:07 GSD getOne 第 1 次 等待 3 秒
2024-10-03 00:26:10 查询号码 【1357674】，返回信息 {"status":"ok","msg":"江西-赣州","gid":"323005","time_insert":"2021-07-19 05:41"}
2024-10-03 00:26:10 查询号码 【1357674】，GSD为【"江西-赣州"】

2024-10-03 00:26:11 开始第 7676 次操作

2024-10-03 00:26:11 开始操作号码 【1357675】
2024-10-03 00:26:13 GSD getOne 第 1 次 等待 3 秒
2024-10-03 00:26:16 查询号码 【1357675】，返回信息 {"status":"ok","msg":"江西-赣州","gid":"322998","time_insert":"2021-07-19 05:40"}
2024-10-03 00:26:16 查询号码 【1357675】，GSD为【"江西-赣州"】

2024-10-03 00:45:54 开始第 7677 次操作

2024-10-03 00:45:54 开始操作号码 【1357676】
2024-10-03 00:45:56 GSD getOne 第 1 次 等待 3 秒
2024-10-03 00:45:59 查询号码 【1357676】，返回信息 {"status":"ok","msg":"江西-赣州","gid":"322992","time_insert":"2021-07-19 05:40"}
2024-10-03 00:45:59 查询号码 【1357676】，GSD为【"江西-赣州"】

2024-10-03 00:46:00 开始第 7678 次操作

2024-10-03 00:46:00 开始操作号码 【1357677】
2024-10-03 00:46:08 GSD getOne 第 1 次 等待 3 秒
2024-10-03 00:46:11 查询号码 【1357677】，返回信息 {"status":"ok","msg":"江西-赣州","gid":"322986","time_insert":"2021-07-19 05:39"}
2024-10-03 00:46:11 查询号码 【1357677】，GSD为【"江西-赣州"】

2024-10-03 00:46:12 开始第 7679 次操作

2024-10-03 00:46:12 开始操作号码 【1357678】
2024-10-03 00:46:14 GSD getOne 第 1 次 等待 3 秒
2024-10-03 00:46:17 查询号码 【1357678】，返回信息 {"status":"ok","msg":"江西-赣州","gid":"322982","time_insert":"2021-07-19 05:38"}
2024-10-03 00:46:17 查询号码 【1357678】，GSD为【"江西-赣州"】

2024-10-03 00:46:18 开始第 7680 次操作

2024-10-03 00:46:18 开始操作号码 【1357679】
2024-10-03 00:46:20 GSD getOne 第 1 次 等待 3 秒
2024-10-03 00:46:23 查询号码 【1357679】，返回信息 {"status":"ok","msg":"江西-赣州","gid":"322980","time_insert":"2021-07-19 05:38"}
2024-10-03 00:46:23 查询号码 【1357679】，GSD为【"江西-赣州"】

2024-10-03 01:16:49 开始第 7681 次操作

2024-10-03 01:16:49 开始操作号码 【1357680】
2024-10-03 01:16:52 GSD getOne 第 1 次 等待 3 秒
2024-10-03 01:16:55 查询号码 【1357680】，返回信息 {"status":"ok","msg":"江西-吉安","gid":"322979","time_insert":"2021-07-19 05:37"}
2024-10-03 01:16:55 查询号码 【1357680】，GSD为【"江西-吉安"】

2024-10-03 01:16:56 开始第 7682 次操作

2024-10-03 01:16:56 开始操作号码 【1357681】
2024-10-03 01:16:58 GSD getOne 第 1 次 等待 3 秒
2024-10-03 01:17:01 查询号码 【1357681】，返回信息 {"status":"ok","msg":"江西-吉安","gid":"6789","time_insert":"2014-08-06 15:51","time_update":"2020-09-08 17:04"}
2024-10-03 01:17:01 查询号码 【1357681】，GSD为【"江西-吉安"】

2024-10-03 01:17:02 开始第 7683 次操作

2024-10-03 01:17:02 开始操作号码 【1357682】
2024-10-03 01:17:04 GSD getOne 第 1 次 等待 3 秒
2024-10-03 01:17:07 查询号码 【1357682】，返回信息 {"status":"ok","msg":"江西-吉安","gid":"322975","time_insert":"2021-07-19 05:37"}
2024-10-03 01:17:07 查询号码 【1357682】，GSD为【"江西-吉安"】

2024-10-03 01:17:08 开始第 7684 次操作

2024-10-03 01:17:08 开始操作号码 【1357683】
2024-10-03 01:17:10 GSD getOne 第 1 次 等待 3 秒
2024-10-03 01:17:13 查询号码 【1357683】，返回信息 {"status":"ok","msg":"江西-吉安","gid":"322971","time_insert":"2021-07-19 05:36"}
2024-10-03 01:17:13 查询号码 【1357683】，GSD为【"江西-吉安"】

2024-10-03 01:38:47 开始第 7685 次操作

2024-10-03 01:38:47 开始操作号码 【1357684】
2024-10-03 01:38:50 GSD getOne 第 1 次 等待 3 秒
2024-10-03 01:38:53 查询号码 【1357684】，返回信息 {"status":"ok","msg":"江西-吉安","gid":"322970","time_insert":"2021-07-19 05:35","time_update":"2021-07-19 06:50"}
2024-10-03 01:38:53 查询号码 【1357684】，GSD为【"江西-吉安"】

2024-10-03 01:38:54 开始第 7686 次操作

2024-10-03 01:38:54 开始操作号码 【1357685】
2024-10-03 01:38:56 GSD getOne 第 1 次 等待 3 秒
2024-10-03 01:38:59 查询号码 【1357685】，返回信息 {"status":"ok","msg":"江西-吉安","gid":"322955","time_insert":"2021-07-19 05:31"}
2024-10-03 01:38:59 查询号码 【1357685】，GSD为【"江西-吉安"】

2024-10-03 01:39:00 开始第 7687 次操作

2024-10-03 01:39:00 开始操作号码 【1357686】
2024-10-03 01:39:02 GSD getOne 第 1 次 等待 3 秒
2024-10-03 01:39:05 查询号码 【1357686】，返回信息 {"status":"ok","msg":"江西-吉安","gid":"322952","time_insert":"2021-07-19 05:30"}
2024-10-03 01:39:05 查询号码 【1357686】，GSD为【"江西-吉安"】

2024-10-03 01:39:06 开始第 7688 次操作

2024-10-03 01:39:06 开始操作号码 【1357687】
2024-10-03 01:39:08 GSD getOne 第 1 次 等待 3 秒
2024-10-03 01:39:11 查询号码 【1357687】，返回信息 {"status":"ok","msg":"江西-吉安","gid":"6790","time_insert":"2017-11-05 08:46","time_update":"2021-05-14 17:27"}
2024-10-03 01:39:11 查询号码 【1357687】，GSD为【"江西-吉安"】

