2024-09-08 00:22:33 开始第 3397 次操作

2024-09-08 00:22:33 开始操作号码 【1353396】
2024-09-08 00:22:41 GSD getOne 第 1 次 等待 3 秒
2024-09-08 00:22:44 查询号码 【1353396】，返回信息 {"status":"ok","msg":"广东-广州","gid":"103980","time_insert":"2021-06-18 18:50"}
2024-09-08 00:22:44 查询号码 【1353396】，GSD为【"广东-广州"】

2024-09-08 00:22:45 开始第 3398 次操作

2024-09-08 00:22:45 开始操作号码 【1353397】
2024-09-08 00:22:54 GSD getOne 第 1 次 等待 3 秒
2024-09-08 00:22:57 查询号码 【1353397】，返回信息 {"status":"ok","msg":"广东-广州","gid":"104017","time_insert":"2021-06-18 19:06"}
2024-09-08 00:22:57 查询号码 【1353397】，GSD为【"广东-广州"】

2024-09-08 00:22:58 开始第 3399 次操作

2024-09-08 00:22:58 开始操作号码 【1353398】
2024-09-08 00:23:06 GSD getOne 第 1 次 等待 3 秒
2024-09-08 00:23:09 查询号码 【1353398】，返回信息 {"status":"ok","msg":"广东-广州","gid":"104064","time_insert":"2021-06-18 19:25"}
2024-09-08 00:23:09 查询号码 【1353398】，GSD为【"广东-广州"】

2024-09-08 00:23:10 开始第 3400 次操作

2024-09-08 00:23:10 开始操作号码 【1353399】
2024-09-08 00:23:18 GSD getOne 第 1 次 等待 3 秒
2024-09-08 00:23:21 查询号码 【1353399】，返回信息 {"status":"ok","msg":"广东-广州","gid":"104144","time_insert":"2021-06-18 19:55"}
2024-09-08 00:23:21 查询号码 【1353399】，GSD为【"广东-广州"】

2024-09-08 00:41:17 开始第 3401 次操作

2024-09-08 00:41:17 开始操作号码 【1353400】
2024-09-08 00:41:26 GSD getOne 第 1 次 等待 3 秒
2024-09-08 00:41:29 查询号码 【1353400】，返回信息 {"status":"ok","msg":"广东-深圳","gid":"104212","time_insert":"2021-06-18 20:21"}
2024-09-08 00:41:29 查询号码 【1353400】，GSD为【"广东-深圳"】

2024-09-08 00:41:30 开始第 3402 次操作

2024-09-08 00:41:30 开始操作号码 【1353401】
2024-09-08 00:41:38 GSD getOne 第 1 次 等待 3 秒
2024-09-08 00:41:41 查询号码 【1353401】，返回信息 {"status":"ok","msg":"广东-深圳","gid":"104257","time_insert":"2021-06-18 20:38"}
2024-09-08 00:41:41 查询号码 【1353401】，GSD为【"广东-深圳"】

2024-09-08 00:41:42 开始第 3403 次操作

2024-09-08 00:41:42 开始操作号码 【1353402】
2024-09-08 00:41:50 GSD getOne 第 1 次 等待 3 秒
2024-09-08 00:41:53 查询号码 【1353402】，返回信息 {"status":"ok","msg":"广东-深圳","gid":"104305","time_insert":"2021-06-18 20:57"}
2024-09-08 00:41:53 查询号码 【1353402】，GSD为【"广东-深圳"】

2024-09-08 00:41:54 开始第 3404 次操作

2024-09-08 00:41:54 开始操作号码 【1353403】
2024-09-08 00:42:02 GSD getOne 第 1 次 等待 3 秒
2024-09-08 00:42:05 查询号码 【1353403】，返回信息 {"status":"ok","msg":"广东-深圳","gid":"104357","time_insert":"2021-06-18 21:16"}
2024-09-08 00:42:05 查询号码 【1353403】，GSD为【"广东-深圳"】

