2024-07-19 00:23:40 开始第 6689 次操作

2024-07-19 00:23:40 开始操作号码 【1466591】
2024-07-19 00:23:49 GSD getOne 第 1 次 等待 3 秒
2024-07-19 00:23:52 查询号码 【1466591】，返回信息 {"status":"ok","msg":"江苏-南京","gid":"395966","time_insert":"2021-07-26 01:47"}
2024-07-19 00:23:52 查询号码 【1466591】，GSD为【"江苏-南京"】

2024-07-19 00:23:53 开始第 6690 次操作

2024-07-19 00:23:53 开始操作号码 【1466592】
2024-07-19 00:24:01 GSD getOne 第 1 次 等待 3 秒
2024-07-19 00:24:04 查询号码 【1466592】，返回信息 {"status":"ok","msg":"江苏-南京","gid":"395956","time_insert":"2021-07-26 01:46"}
2024-07-19 00:24:04 查询号码 【1466592】，GSD为【"江苏-南京"】

2024-07-19 00:24:05 开始第 6691 次操作

2024-07-19 00:24:05 开始操作号码 【1466593】
2024-07-19 00:24:14 GSD getOne 第 1 次 等待 3 秒
2024-07-19 00:24:17 查询号码 【1466593】，返回信息 {"status":"ok","msg":"江苏-南京","gid":"395946","time_insert":"2021-07-26 01:46"}
2024-07-19 00:24:17 查询号码 【1466593】，GSD为【"江苏-南京"】

2024-07-19 00:24:18 开始第 6692 次操作

2024-07-19 00:24:18 开始操作号码 【1466594】
2024-07-19 00:24:35 GSD getOne 第 1 次 等待 3 秒
2024-07-19 00:24:38 查询号码 【1466594】，返回信息 {"status":"ok","msg":"江苏-南京","gid":"395936","time_insert":"2021-07-26 01:45"}
2024-07-19 00:24:38 查询号码 【1466594】，GSD为【"江苏-南京"】

2024-07-19 00:41:27 开始第 6693 次操作

2024-07-19 00:41:27 开始操作号码 【1466595】
2024-07-19 00:41:35 GSD getOne 第 1 次 等待 3 秒
2024-07-19 00:41:38 查询号码 【1466595】，返回信息 {"status":"ok","msg":"江苏-南京","gid":"395924","time_insert":"2021-07-26 01:44"}
2024-07-19 00:41:38 查询号码 【1466595】，GSD为【"江苏-南京"】

2024-07-19 00:41:39 开始第 6694 次操作

2024-07-19 00:41:39 开始操作号码 【1466596】
2024-07-19 00:41:47 GSD getOne 第 1 次 等待 3 秒
2024-07-19 00:41:50 查询号码 【1466596】，返回信息 {"status":"ok","msg":"江苏-南京","gid":"395913","time_insert":"2021-07-26 01:44"}
2024-07-19 00:41:50 查询号码 【1466596】，GSD为【"江苏-南京"】

2024-07-19 00:41:51 开始第 6695 次操作

2024-07-19 00:41:51 开始操作号码 【1466597】
2024-07-19 00:41:59 GSD getOne 第 1 次 等待 3 秒
2024-07-19 00:42:02 查询号码 【1466597】，返回信息 {"status":"ok","msg":"江苏-南京","gid":"395903","time_insert":"2021-07-26 01:43"}
2024-07-19 00:42:02 查询号码 【1466597】，GSD为【"江苏-南京"】

2024-07-19 00:42:03 开始第 6696 次操作

2024-07-19 00:42:03 开始操作号码 【1466598】
2024-07-19 00:42:12 GSD getOne 第 1 次 等待 3 秒
2024-07-19 00:42:15 查询号码 【1466598】，返回信息 {"status":"ok","msg":"江苏-南京","gid":"395897","time_insert":"2021-07-26 01:43"}
2024-07-19 00:42:15 查询号码 【1466598】，GSD为【"江苏-南京"】

2024-07-19 01:17:36 开始第 6697 次操作

2024-07-19 01:17:36 开始操作号码 【1466599】
2024-07-19 01:17:44 GSD getOne 第 1 次 等待 3 秒
2024-07-19 01:17:47 查询号码 【1466599】，返回信息 {"status":"ok","msg":"江苏-南京","gid":"395889","time_insert":"2021-07-26 01:42"}
2024-07-19 01:17:47 查询号码 【1466599】，GSD为【"江苏-南京"】

2024-07-19 01:17:48 开始第 6698 次操作

2024-07-19 01:17:48 开始操作号码 【1466600】
2024-07-19 01:17:56 GSD getOne 第 1 次 等待 3 秒
2024-07-19 01:17:59 查询号码 【1466600】，返回信息 {"status":"ok","msg":"江苏-南京","gid":"395780","time_insert":"2021-07-26 01:24"}
2024-07-19 01:17:59 查询号码 【1466600】，GSD为【"江苏-南京"】

2024-07-19 01:18:00 开始第 6699 次操作

2024-07-19 01:18:00 开始操作号码 【1466601】
2024-07-19 01:18:07 GSD getOne 第 1 次 等待 3 秒
2024-07-19 01:18:10 查询号码 【1466601】，返回信息 {"status":"ok","msg":"江苏-南京","gid":"395772","time_insert":"2021-07-26 01:24"}
2024-07-19 01:18:11 查询号码 【1466601】，GSD为【"江苏-南京"】

2024-07-19 01:18:12 开始第 6700 次操作

2024-07-19 01:18:12 开始操作号码 【1466602】
2024-07-19 01:18:19 GSD getOne 第 1 次 等待 3 秒
2024-07-19 01:18:22 查询号码 【1466602】，返回信息 {"status":"ok","msg":"江苏-南京","gid":"395762","time_insert":"2021-07-26 01:23"}
2024-07-19 01:18:22 查询号码 【1466602】，GSD为【"江苏-南京"】

