2024-05-08 00:20:55 开始第 7609 次操作

2024-05-08 00:20:55 开始操作号码 【1577522】
2024-05-08 00:21:03 GSD getOne 第 1 次 等待 3 秒
2024-05-08 00:21:06 查询号码 【1577522】，返回信息 {"status":"ok","msg":"四川-泸州","gid":"24063","time_insert":"2017-11-30 15:17","time_update":"2021-06-06 18:16"}
2024-05-08 00:21:06 查询号码 【1577522】，GSD为【"四川-泸州"】

2024-05-08 00:21:07 开始第 7610 次操作

2024-05-08 00:21:07 开始操作号码 【1577523】
2024-05-08 00:21:15 GSD getOne 第 1 次 等待 3 秒
2024-05-08 00:21:18 查询号码 【1577523】，返回信息 {"status":"ok","msg":"四川-泸州","gid":"24064","time_insert":"2018-09-11 17:41","time_update":"2021-06-06 18:33"}
2024-05-08 00:21:18 查询号码 【1577523】，GSD为【"四川-泸州"】

2024-05-08 00:21:19 开始第 7611 次操作

2024-05-08 00:21:19 开始操作号码 【1577524】
2024-05-08 00:21:27 GSD getOne 第 1 次 等待 3 秒
2024-05-08 00:21:30 查询号码 【1577524】，返回信息 {"status":"ok","msg":"四川-泸州","gid":"24065","time_insert":"2018-08-25 16:22","time_update":"2021-06-06 18:46"}
2024-05-08 00:21:30 查询号码 【1577524】，GSD为【"四川-泸州"】

2024-05-08 00:21:31 开始第 7612 次操作

2024-05-08 00:21:31 开始操作号码 【1577525】
2024-05-08 00:21:36 GSD getOne 第 1 次 等待 3 秒
2024-05-08 00:21:39 查询号码 【1577525】，返回信息 {"status":"ok","msg":"四川-泸州","gid":"24066","time_insert":"2019-07-15 15:06","time_update":"2020-10-24 11:37"}
2024-05-08 00:21:39 查询号码 【1577525】，GSD为【"四川-泸州"】

2024-05-08 00:40:05 开始第 7613 次操作

2024-05-08 00:40:05 开始操作号码 【1577526】
2024-05-08 00:40:13 GSD getOne 第 1 次 等待 3 秒
2024-05-08 00:40:16 查询号码 【1577526】，返回信息 {"status":"ok","msg":"四川-泸州","gid":"397398","time_insert":"2021-07-26 04:40"}
2024-05-08 00:40:16 查询号码 【1577526】，GSD为【"四川-泸州"】

2024-05-08 00:40:17 开始第 7614 次操作

2024-05-08 00:40:17 开始操作号码 【1577527】
2024-05-08 00:40:24 GSD getOne 第 1 次 等待 3 秒
2024-05-08 00:40:27 查询号码 【1577527】，返回信息 {"status":"ok","msg":"四川-泸州","gid":"397392","time_insert":"2021-07-26 04:40"}
2024-05-08 00:40:27 查询号码 【1577527】，GSD为【"四川-泸州"】

2024-05-08 00:40:28 开始第 7615 次操作

2024-05-08 00:40:28 开始操作号码 【1577528】
2024-05-08 00:40:34 GSD getOne 第 1 次 等待 3 秒
2024-05-08 00:40:37 查询号码 【1577528】，返回信息 {"status":"ok","msg":"四川-泸州","gid":"397386","time_insert":"2021-07-26 04:39"}
2024-05-08 00:40:38 查询号码 【1577528】，GSD为【"四川-泸州"】

2024-05-08 00:40:39 开始第 7616 次操作

2024-05-08 00:40:39 开始操作号码 【1577529】
2024-05-08 00:40:49 GSD getOne 第 1 次 等待 3 秒
2024-05-08 00:40:52 查询号码 【1577529】，返回信息 {"status":"ok","msg":"四川-泸州","gid":"24067","time_insert":"2018-12-23 15:26","time_update":"2020-10-24 11:42"}
2024-05-08 00:40:52 查询号码 【1577529】，GSD为【"四川-泸州"】

