2023-11-23 00:23:21 开始第 9949 次操作

2023-11-23 00:23:21 开始操作号码 【1899863】
2023-11-23 00:23:24 GSD getOne 第 1 次 等待 3 秒
2023-11-23 00:23:27 查询号码 【1899863】，返回信息 {"status":"ok","msg":"广东-阳江","gid":"431841","time_insert":"2021-07-29 09:43"}
2023-11-23 00:23:27 查询号码 【1899863】，GSD为【"广东-阳江"】

2023-11-23 00:23:28 开始第 9950 次操作

2023-11-23 00:23:28 开始操作号码 【1899864】
2023-11-23 00:23:33 GSD getOne 第 1 次 等待 3 秒
2023-11-23 00:23:36 查询号码 【1899864】，返回信息 {"status":"ok","msg":"广东-阳江","gid":"431833","time_insert":"2021-07-29 09:42"}
2023-11-23 00:23:36 查询号码 【1899864】，GSD为【"广东-阳江"】

2023-11-23 00:23:37 开始第 9951 次操作

2023-11-23 00:23:37 开始操作号码 【1899865】
2023-11-23 00:23:40 GSD getOne 第 1 次 等待 3 秒
2023-11-23 00:23:43 查询号码 【1899865】，返回信息 {"status":"ok","msg":"广东-韶关","gid":"431824","time_insert":"2021-07-29 09:42"}
2023-11-23 00:23:43 查询号码 【1899865】，GSD为【"广东-韶关"】

2023-11-23 00:23:44 开始第 9952 次操作

2023-11-23 00:23:44 开始操作号码 【1899866】
2023-11-23 00:23:49 GSD getOne 第 1 次 等待 3 秒
2023-11-23 00:23:52 查询号码 【1899866】，返回信息 {"status":"ok","msg":"广东-韶关","gid":"431820","time_insert":"2021-07-29 09:41"}
2023-11-23 00:23:52 查询号码 【1899866】，GSD为【"广东-韶关"】

2023-11-23 00:41:09 开始第 9953 次操作

2023-11-23 00:41:09 开始操作号码 【1899867】
2023-11-23 00:41:15 GSD getOne 第 1 次 等待 3 秒
2023-11-23 00:41:18 查询号码 【1899867】，返回信息 {"status":"ok","msg":"广东-湛江","gid":"431811","time_insert":"2021-07-29 09:40"}
2023-11-23 00:41:18 查询号码 【1899867】，GSD为【"广东-湛江"】

2023-11-23 00:41:19 开始第 9954 次操作

2023-11-23 00:41:19 开始操作号码 【1899868】
2023-11-23 00:41:24 GSD getOne 第 1 次 等待 3 秒
2023-11-23 00:41:27 查询号码 【1899868】，返回信息 {"status":"ok","msg":"广东-阳江","gid":"431805","time_insert":"2021-07-29 09:40"}
2023-11-23 00:41:27 查询号码 【1899868】，GSD为【"广东-阳江"】

2023-11-23 00:41:28 开始第 9955 次操作

2023-11-23 00:41:28 开始操作号码 【1899869】
2023-11-23 00:41:33 GSD getOne 第 1 次 等待 3 秒
2023-11-23 00:41:36 查询号码 【1899869】，返回信息 {"status":"ok","msg":"广东-梅州","gid":"431798","time_insert":"2021-07-29 09:39"}
2023-11-23 00:41:36 查询号码 【1899869】，GSD为【"广东-梅州"】

2023-11-23 00:41:37 开始第 9956 次操作

2023-11-23 00:41:37 开始操作号码 【1899870】
2023-11-23 00:41:41 GSD getOne 第 1 次 等待 3 秒
2023-11-23 00:41:44 查询号码 【1899870】，返回信息 {"status":"ok","msg":"广东-梅州","gid":"431632","time_insert":"2021-07-29 08:05"}
2023-11-23 00:41:44 查询号码 【1899870】，GSD为【"广东-梅州"】

2023-11-23 01:16:15 开始第 9957 次操作

2023-11-23 01:16:15 开始操作号码 【1899871】
2023-11-23 01:16:19 GSD getOne 第 1 次 等待 3 秒
2023-11-23 01:16:22 查询号码 【1899871】，返回信息 {"status":"ok","msg":"广东-湛江","gid":"431629","time_insert":"2021-07-29 08:04"}
2023-11-23 01:16:22 查询号码 【1899871】，GSD为【"广东-湛江"】

2023-11-23 01:16:23 开始第 9958 次操作

2023-11-23 01:16:23 开始操作号码 【1899872】
2023-11-23 01:16:27 GSD getOne 第 1 次 等待 3 秒
2023-11-23 01:16:30 查询号码 【1899872】，返回信息 {"status":"ok","msg":"广东-湛江","gid":"431626","time_insert":"2021-07-29 08:04"}
2023-11-23 01:16:30 查询号码 【1899872】，GSD为【"广东-湛江"】

2023-11-23 01:16:31 开始第 9959 次操作

2023-11-23 01:16:31 开始操作号码 【1899873】
2023-11-23 01:16:35 GSD getOne 第 1 次 等待 3 秒
2023-11-23 01:16:38 查询号码 【1899873】，返回信息 {"status":"ok","msg":"广东-潮州","gid":"431620","time_insert":"2021-07-29 08:03"}
2023-11-23 01:16:38 查询号码 【1899873】，GSD为【"广东-潮州"】

2023-11-23 01:16:39 开始第 9960 次操作

2023-11-23 01:16:39 开始操作号码 【1899874】
2023-11-23 01:16:42 GSD getOne 第 1 次 等待 3 秒
2023-11-23 01:16:45 查询号码 【1899874】，返回信息 {"status":"ok","msg":"广东-潮州","gid":"431614","time_insert":"2021-07-29 08:02"}
2023-11-23 01:16:45 查询号码 【1899874】，GSD为【"广东-潮州"】

2023-11-23 01:38:00 开始第 9961 次操作

2023-11-23 01:38:00 开始操作号码 【1899875】
2023-11-23 01:38:06 GSD getOne 第 1 次 等待 3 秒
2023-11-23 01:38:09 查询号码 【1899875】，返回信息 {"status":"ok","msg":"广东-河源","gid":"431607","time_insert":"2021-07-29 08:02"}
2023-11-23 01:38:09 查询号码 【1899875】，GSD为【"广东-河源"】

2023-11-23 01:38:10 开始第 9962 次操作

2023-11-23 01:38:10 开始操作号码 【1899876】
2023-11-23 01:38:14 GSD getOne 第 1 次 等待 3 秒
2023-11-23 01:38:17 查询号码 【1899876】，返回信息 {"status":"ok","msg":"广东-河源","gid":"431600","time_insert":"2021-07-29 08:01"}
2023-11-23 01:38:17 查询号码 【1899876】，GSD为【"广东-河源"】

2023-11-23 01:38:18 开始第 9963 次操作

2023-11-23 01:38:18 开始操作号码 【1899877】
2023-11-23 01:38:24 GSD getOne 第 1 次 等待 3 秒
2023-11-23 01:38:27 查询号码 【1899877】，返回信息 {"status":"ok","msg":"广东-梅州","gid":"431594","time_insert":"2021-07-29 08:00"}
2023-11-23 01:38:27 查询号码 【1899877】，GSD为【"广东-梅州"】

2023-11-23 01:38:28 开始第 9964 次操作

2023-11-23 01:38:28 开始操作号码 【1899878】
2023-11-23 01:38:31 GSD getOne 第 1 次 等待 3 秒
2023-11-23 01:38:34 查询号码 【1899878】，返回信息 {"status":"ok","msg":"广东-中山","gid":"431583","time_insert":"2021-07-29 08:00"}
2023-11-23 01:38:34 查询号码 【1899878】，GSD为【"广东-中山"】

2023-11-23 02:22:11 开始第 9965 次操作

2023-11-23 02:22:11 开始操作号码 【1899879】
2023-11-23 02:22:15 GSD getOne 第 1 次 等待 3 秒
2023-11-23 02:22:18 查询号码 【1899879】，返回信息 {"status":"ok","msg":"广东-湛江","gid":"431573","time_insert":"2021-07-29 07:59"}
2023-11-23 02:22:18 查询号码 【1899879】，GSD为【"广东-湛江"】

2023-11-23 02:22:19 开始第 9966 次操作

2023-11-23 02:22:19 开始操作号码 【1899880】
2023-11-23 02:22:22 GSD getOne 第 1 次 等待 3 秒
2023-11-23 02:22:25 查询号码 【1899880】，返回信息 {"status":"ok","msg":"广东-广州","gid":"46139","time_insert":"2015-03-07 22:49","time_update":"2020-10-02 20:27"}
2023-11-23 02:22:25 查询号码 【1899880】，GSD为【"广东-广州"】

2023-11-23 02:22:26 开始第 9967 次操作

2023-11-23 02:22:26 开始操作号码 【1899881】
2023-11-23 02:22:30 GSD getOne 第 1 次 等待 3 秒
2023-11-23 02:22:33 查询号码 【1899881】，返回信息 {"status":"ok","msg":"广东-广州","gid":"431560","time_insert":"2021-07-29 07:58"}
2023-11-23 02:22:33 查询号码 【1899881】，GSD为【"广东-广州"】

2023-11-23 02:22:34 开始第 9968 次操作

2023-11-23 02:22:34 开始操作号码 【1899882】
2023-11-23 02:22:37 GSD getOne 第 1 次 等待 3 秒
2023-11-23 02:22:40 查询号码 【1899882】，返回信息 {"status":"ok","msg":"广东-广州","gid":"431550","time_insert":"2021-07-29 07:58"}
2023-11-23 02:22:40 查询号码 【1899882】，GSD为【"广东-广州"】

2023-11-23 02:38:11 开始第 9969 次操作

2023-11-23 02:38:11 开始操作号码 【1899883】
2023-11-23 02:38:15 GSD getOne 第 1 次 等待 3 秒
2023-11-23 02:38:18 查询号码 【1899883】，返回信息 {"status":"ok","msg":"广东-广州","gid":"431543","time_insert":"2021-07-29 07:57"}
2023-11-23 02:38:18 查询号码 【1899883】，GSD为【"广东-广州"】

2023-11-23 02:38:19 开始第 9970 次操作

2023-11-23 02:38:19 开始操作号码 【1899884】
2023-11-23 02:38:22 GSD getOne 第 1 次 等待 3 秒
2023-11-23 02:38:25 查询号码 【1899884】，返回信息 {"status":"ok","msg":"广东-广州","gid":"431533","time_insert":"2021-07-29 07:56"}
2023-11-23 02:38:25 查询号码 【1899884】，GSD为【"广东-广州"】

2023-11-23 02:38:26 开始第 9971 次操作

2023-11-23 02:38:26 开始操作号码 【1899885】
2023-11-23 02:38:30 GSD getOne 第 1 次 等待 3 秒
2023-11-23 02:38:33 查询号码 【1899885】，返回信息 {"status":"ok","msg":"广东-广州","gid":"431519","time_insert":"2021-07-29 07:56"}
2023-11-23 02:38:33 查询号码 【1899885】，GSD为【"广东-广州"】

2023-11-23 02:38:34 开始第 9972 次操作

2023-11-23 02:38:34 开始操作号码 【1899886】
2023-11-23 02:38:37 GSD getOne 第 1 次 等待 3 秒
2023-11-23 02:38:40 查询号码 【1899886】，返回信息 {"status":"ok","msg":"广东-广州","gid":"431510","time_insert":"2021-07-29 07:55"}
2023-11-23 02:38:40 查询号码 【1899886】，GSD为【"广东-广州"】

2023-11-23 03:13:58 开始第 9973 次操作

2023-11-23 03:13:58 开始操作号码 【1899887】
2023-11-23 03:14:01 GSD getOne 第 1 次 等待 3 秒
2023-11-23 03:14:04 查询号码 【1899887】，返回信息 {"status":"ok","msg":"广东-广州","gid":"431499","time_insert":"2021-07-29 07:55"}
2023-11-23 03:14:05 查询号码 【1899887】，GSD为【"广东-广州"】

2023-11-23 03:14:06 开始第 9974 次操作

2023-11-23 03:14:06 开始操作号码 【1899888】
2023-11-23 03:14:09 GSD getOne 第 1 次 等待 3 秒
2023-11-23 03:14:12 查询号码 【1899888】，返回信息 {"status":"ok","msg":"广东-广州","gid":"431487","time_insert":"2021-07-29 07:54"}
2023-11-23 03:14:12 查询号码 【1899888】，GSD为【"广东-广州"】

2023-11-23 03:14:13 开始第 9975 次操作

2023-11-23 03:14:13 开始操作号码 【1899889】
2023-11-23 03:14:17 GSD getOne 第 1 次 等待 3 秒
2023-11-23 03:14:20 查询号码 【1899889】，返回信息 {"status":"ok","msg":"广东-广州","gid":"431477","time_insert":"2021-07-29 07:53"}
2023-11-23 03:14:20 查询号码 【1899889】，GSD为【"广东-广州"】

2023-11-23 03:14:21 开始第 9976 次操作

2023-11-23 03:14:21 开始操作号码 【1899890】
2023-11-23 03:14:26 GSD getOne 第 1 次 等待 3 秒
2023-11-23 03:14:29 查询号码 【1899890】，返回信息 {"status":"ok","msg":"广东-深圳","gid":"46140","time_insert":"2017-04-23 08:06","time_update":"2020-10-02 20:31"}
2023-11-23 03:14:30 查询号码 【1899890】，GSD为【"广东-深圳"】

2023-11-23 03:37:57 开始第 9977 次操作

2023-11-23 03:37:57 开始操作号码 【1899891】
2023-11-23 03:38:01 GSD getOne 第 1 次 等待 3 秒
2023-11-23 03:38:04 查询号码 【1899891】，返回信息 {"status":"ok","msg":"广东-深圳","gid":"431466","time_insert":"2021-07-29 07:53"}
2023-11-23 03:38:04 查询号码 【1899891】，GSD为【"广东-深圳"】

2023-11-23 03:38:05 开始第 9978 次操作

2023-11-23 03:38:05 开始操作号码 【1899892】
2023-11-23 03:38:08 GSD getOne 第 1 次 等待 3 秒
2023-11-23 03:38:11 查询号码 【1899892】，返回信息 {"status":"ok","msg":"广东-深圳","gid":"431458","time_insert":"2021-07-29 07:52"}
2023-11-23 03:38:11 查询号码 【1899892】，GSD为【"广东-深圳"】

2023-11-23 03:38:12 开始第 9979 次操作

2023-11-23 03:38:12 开始操作号码 【1899893】
2023-11-23 03:38:17 GSD getOne 第 1 次 等待 3 秒
2023-11-23 03:38:20 查询号码 【1899893】，返回信息 {"status":"ok","msg":"广东-深圳","gid":"46141","time_insert":"2019-11-20 13:43","time_update":"2020-10-02 20:35"}
2023-11-23 03:38:20 查询号码 【1899893】，GSD为【"广东-深圳"】

2023-11-23 03:38:21 开始第 9980 次操作

2023-11-23 03:38:21 开始操作号码 【1899894】
2023-11-23 03:38:24 GSD getOne 第 1 次 等待 3 秒
2023-11-23 03:38:27 查询号码 【1899894】，返回信息 {"status":"ok","msg":"广东-深圳","gid":"431449","time_insert":"2021-07-29 07:52"}
2023-11-23 03:38:27 查询号码 【1899894】，GSD为【"广东-深圳"】

2023-11-23 04:18:09 开始第 9981 次操作

2023-11-23 04:18:09 开始操作号码 【1899895】
2023-11-23 04:18:12 GSD getOne 第 1 次 等待 3 秒
2023-11-23 04:18:15 查询号码 【1899895】，返回信息 {"status":"ok","msg":"广东-汕尾","gid":"431440","time_insert":"2021-07-29 07:51"}
2023-11-23 04:18:15 查询号码 【1899895】，GSD为【"广东-汕尾"】

2023-11-23 04:18:16 开始第 9982 次操作

2023-11-23 04:18:16 开始操作号码 【1899896】
2023-11-23 04:18:19 GSD getOne 第 1 次 等待 3 秒
2023-11-23 04:18:22 查询号码 【1899896】，返回信息 {"status":"ok","msg":"广东-汕头","gid":"431432","time_insert":"2021-07-29 07:51"}
2023-11-23 04:18:22 查询号码 【1899896】，GSD为【"广东-汕头"】

2023-11-23 04:18:23 开始第 9983 次操作

2023-11-23 04:18:23 开始操作号码 【1899897】
2023-11-23 04:18:27 GSD getOne 第 1 次 等待 3 秒
2023-11-23 04:18:30 查询号码 【1899897】，返回信息 {"status":"ok","msg":"广东-汕头","gid":"431421","time_insert":"2021-07-29 07:50"}
2023-11-23 04:18:30 查询号码 【1899897】，GSD为【"广东-汕头"】

2023-11-23 04:18:31 开始第 9984 次操作

2023-11-23 04:18:31 开始操作号码 【1899898】
2023-11-23 04:18:34 GSD getOne 第 1 次 等待 3 秒
2023-11-23 04:18:37 查询号码 【1899898】，返回信息 {"status":"ok","msg":"广东-清远","gid":"431413","time_insert":"2021-07-29 07:50"}
2023-11-23 04:18:37 查询号码 【1899898】，GSD为【"广东-清远"】

2023-11-23 04:37:37 开始第 9985 次操作

2023-11-23 04:37:37 开始操作号码 【1899899】
2023-11-23 04:37:41 GSD getOne 第 1 次 等待 3 秒
2023-11-23 04:37:44 查询号码 【1899899】，返回信息 {"status":"ok","msg":"广东-深圳","gid":"431404","time_insert":"2021-07-29 07:49"}
2023-11-23 04:37:44 查询号码 【1899899】，GSD为【"广东-深圳"】

2023-11-23 04:37:45 开始第 9986 次操作

2023-11-23 04:37:45 开始操作号码 【1899900】
2023-11-23 04:37:48 GSD getOne 第 1 次 等待 3 秒
2023-11-23 04:37:51 查询号码 【1899900】，返回信息 {"status":"ok","msg":"新疆-库尔勒","gid":"46142","time_insert":"2018-09-10 09:22","time_update":"2020-12-23 06:31"}
2023-11-23 04:37:52 查询号码 【1899900】，GSD为【"新疆-库尔勒"】

2023-11-23 04:37:53 开始第 9987 次操作

2023-11-23 04:37:53 开始操作号码 【1899901】
2023-11-23 04:37:56 GSD getOne 第 1 次 等待 3 秒
2023-11-23 04:37:59 查询号码 【1899901】，返回信息 {"status":"ok","msg":"新疆-库尔勒","gid":"431390","time_insert":"2021-07-29 07:48"}
2023-11-23 04:37:59 查询号码 【1899901】，GSD为【"新疆-库尔勒"】

2023-11-23 04:38:00 开始第 9988 次操作

2023-11-23 04:38:00 开始操作号码 【1899902】
2023-11-23 04:38:04 GSD getOne 第 1 次 等待 3 秒
2023-11-23 04:38:07 查询号码 【1899902】，返回信息 {"status":"ok","msg":"新疆-库尔勒","gid":"431380","time_insert":"2021-07-29 07:48"}
2023-11-23 04:38:07 查询号码 【1899902】，GSD为【"新疆-库尔勒"】

2023-11-23 05:14:50 开始第 9989 次操作

2023-11-23 05:14:50 开始操作号码 【1899903】
2023-11-23 05:14:54 GSD getOne 第 1 次 等待 3 秒
2023-11-23 05:14:57 查询号码 【1899903】，返回信息 {"status":"ok","msg":"新疆-哈密","gid":"431371","time_insert":"2021-07-29 07:47"}
2023-11-23 05:14:57 查询号码 【1899903】，GSD为【"新疆-哈密"】

2023-11-23 05:14:58 开始第 9990 次操作

2023-11-23 05:14:58 开始操作号码 【1899904】
2023-11-23 05:15:01 GSD getOne 第 1 次 等待 3 秒
2023-11-23 05:15:04 查询号码 【1899904】，返回信息 {"status":"ok","msg":"新疆-吐鲁番","gid":"431361","time_insert":"2021-07-29 07:46"}
2023-11-23 05:15:04 查询号码 【1899904】，GSD为【"新疆-吐鲁番"】

2023-11-23 05:15:05 开始第 9991 次操作

2023-11-23 05:15:05 开始操作号码 【1899905】
2023-11-23 05:15:09 GSD getOne 第 1 次 等待 3 秒
2023-11-23 05:15:12 查询号码 【1899905】，返回信息 {"status":"ok","msg":"新疆-和田","gid":"431350","time_insert":"2021-07-29 07:46"}
2023-11-23 05:15:12 查询号码 【1899905】，GSD为【"新疆-和田"】

2023-11-23 05:15:13 开始第 9992 次操作

2023-11-23 05:15:13 开始操作号码 【1899906】
2023-11-23 05:15:16 GSD getOne 第 1 次 等待 3 秒
2023-11-23 05:15:19 查询号码 【1899906】，返回信息 {"status":"ok","msg":"新疆-阿克苏","gid":"431341","time_insert":"2021-07-29 07:45"}
2023-11-23 05:15:19 查询号码 【1899906】，GSD为【"新疆-阿克苏"】

2023-11-23 05:37:53 开始第 9993 次操作

2023-11-23 05:37:53 开始操作号码 【1899907】
2023-11-23 05:37:59 GSD getOne 第 1 次 等待 3 秒
2023-11-23 05:38:02 查询号码 【1899907】，返回信息 {"status":"ok","msg":"新疆-阿克苏","gid":"431332","time_insert":"2021-07-29 07:45"}
2023-11-23 05:38:02 查询号码 【1899907】，GSD为【"新疆-阿克苏"】

2023-11-23 05:38:03 开始第 9994 次操作

2023-11-23 05:38:03 开始操作号码 【1899908】
2023-11-23 05:38:06 GSD getOne 第 1 次 等待 3 秒
2023-11-23 05:38:09 查询号码 【1899908】，返回信息 {"status":"ok","msg":"新疆-喀什","gid":"431324","time_insert":"2021-07-29 07:44"}
2023-11-23 05:38:09 查询号码 【1899908】，GSD为【"新疆-喀什"】

2023-11-23 05:38:10 开始第 9995 次操作

2023-11-23 05:38:10 开始操作号码 【1899909】
2023-11-23 05:38:13 GSD getOne 第 1 次 等待 3 秒
2023-11-23 05:38:16 查询号码 【1899909】，返回信息 {"status":"ok","msg":"新疆-喀什","gid":"431314","time_insert":"2021-07-29 07:44"}
2023-11-23 05:38:16 查询号码 【1899909】，GSD为【"新疆-喀什"】

2023-11-23 05:38:17 开始第 9996 次操作

2023-11-23 05:38:17 开始操作号码 【1899910】
2023-11-23 05:38:20 GSD getOne 第 1 次 等待 3 秒
2023-11-23 05:38:23 查询号码 【1899910】，返回信息 {"status":"ok","msg":"新疆-乌鲁木齐","gid":"431308","time_insert":"2021-07-29 07:43"}
2023-11-23 05:38:23 查询号码 【1899910】，GSD为【"新疆-乌鲁木齐"】

2023-11-23 06:15:19 开始第 9997 次操作

2023-11-23 06:15:19 开始操作号码 【1899911】
2023-11-23 06:15:22 GSD getOne 第 1 次 等待 3 秒
2023-11-23 06:15:25 查询号码 【1899911】，返回信息 {"status":"ok","msg":"新疆-乌鲁木齐","gid":"46143","time_insert":"2017-11-11 19:35","time_update":"2020-12-23 06:23"}
2023-11-23 06:15:25 查询号码 【1899911】，GSD为【"新疆-乌鲁木齐"】

2023-11-23 06:15:26 开始第 9998 次操作

2023-11-23 06:15:26 开始操作号码 【1899912】
2023-11-23 06:15:30 GSD getOne 第 1 次 等待 3 秒
2023-11-23 06:15:33 查询号码 【1899912】，返回信息 {"status":"ok","msg":"新疆-乌鲁木齐","gid":"431297","time_insert":"2021-07-29 07:42"}
2023-11-23 06:15:33 查询号码 【1899912】，GSD为【"新疆-乌鲁木齐"】

2023-11-23 06:15:34 开始第 9999 次操作

2023-11-23 06:15:34 开始操作号码 【1899913】
2023-11-23 06:15:37 GSD getOne 第 1 次 等待 3 秒
2023-11-23 06:15:40 查询号码 【1899913】，返回信息 {"status":"ok","msg":"新疆-乌鲁木齐","gid":"431288","time_insert":"2021-07-29 07:42"}
2023-11-23 06:15:40 查询号码 【1899913】，GSD为【"新疆-乌鲁木齐"】

2023-11-23 06:15:41 开始第 10000 次操作

2023-11-23 06:15:41 开始操作号码 【1899914】
2023-11-23 06:15:45 GSD getOne 第 1 次 等待 3 秒
2023-11-23 06:15:48 查询号码 【1899914】，返回信息 {"status":"ok","msg":"新疆-乌鲁木齐","gid":"431139","time_insert":"2021-07-29 07:03"}
2023-11-23 06:15:48 查询号码 【1899914】，GSD为【"新疆-乌鲁木齐"】

2023-11-23 07:17:10 开始第 1 次操作

2023-11-23 07:17:10 开始操作号码 【1899915】
2023-11-23 07:17:13 GSD getOne 第 1 次 等待 3 秒
2023-11-23 07:17:16 查询号码 【1899915】，返回信息 {"status":"ok","msg":"新疆-乌鲁木齐","gid":"431134","time_insert":"2021-07-29 07:02"}
2023-11-23 07:17:16 查询号码 【1899915】，GSD为【"新疆-乌鲁木齐"】

2023-11-23 07:17:17 开始第 2 次操作

2023-11-23 07:17:17 开始操作号码 【1899916】
2023-11-23 07:17:21 GSD getOne 第 1 次 等待 3 秒
2023-11-23 07:17:24 查询号码 【1899916】，返回信息 {"status":"ok","msg":"新疆-乌鲁木齐","gid":"431131","time_insert":"2021-07-29 07:02"}
2023-11-23 07:17:24 查询号码 【1899916】，GSD为【"新疆-乌鲁木齐"】

2023-11-23 07:17:25 开始第 3 次操作

2023-11-23 07:17:25 开始操作号码 【1899917】
2023-11-23 07:17:28 GSD getOne 第 1 次 等待 3 秒
2023-11-23 07:17:31 查询号码 【1899917】，返回信息 {"status":"ok","msg":"新疆-乌鲁木齐","gid":"431127","time_insert":"2021-07-29 07:01"}
2023-11-23 07:17:31 查询号码 【1899917】，GSD为【"新疆-乌鲁木齐"】

2023-11-23 07:17:32 开始第 4 次操作

2023-11-23 07:17:32 开始操作号码 【1899918】
2023-11-23 07:17:36 GSD getOne 第 1 次 等待 3 秒
2023-11-23 07:17:39 查询号码 【1899918】，返回信息 {"status":"ok","msg":"新疆-乌鲁木齐","gid":"431124","time_insert":"2021-07-29 07:01"}
2023-11-23 07:17:39 查询号码 【1899918】，GSD为【"新疆-乌鲁木齐"】

2023-11-23 07:37:48 开始第 5 次操作

2023-11-23 07:37:48 开始操作号码 【1899919】
2023-11-23 07:37:51 GSD getOne 第 1 次 等待 3 秒
2023-11-23 07:37:54 查询号码 【1899919】，返回信息 {"status":"ok","msg":"新疆-乌鲁木齐","gid":"46144","time_insert":"2017-04-09 12:06","time_update":"2020-12-23 07:00"}
2023-11-23 07:37:54 查询号码 【1899919】，GSD为【"新疆-乌鲁木齐"】

2023-11-23 07:37:55 开始第 6 次操作

2023-11-23 07:37:55 开始操作号码 【1899920】
2023-11-23 07:38:00 GSD getOne 第 1 次 等待 3 秒
2023-11-23 07:38:03 查询号码 【1899920】，返回信息 {"status":"ok","msg":"新疆-乌鲁木齐","gid":"431120","time_insert":"2021-07-29 07:00"}
2023-11-23 07:38:03 查询号码 【1899920】，GSD为【"新疆-乌鲁木齐"】

2023-11-23 07:38:04 开始第 7 次操作

2023-11-23 07:38:04 开始操作号码 【1899921】
2023-11-23 07:38:07 GSD getOne 第 1 次 等待 3 秒
2023-11-23 07:38:10 查询号码 【1899921】，返回信息 {"status":"ok","msg":"新疆-乌鲁木齐","gid":"431112","time_insert":"2021-07-29 06:59"}
2023-11-23 07:38:10 查询号码 【1899921】，GSD为【"新疆-乌鲁木齐"】

2023-11-23 07:38:11 开始第 8 次操作

2023-11-23 07:38:11 开始操作号码 【1899922】
2023-11-23 07:38:15 GSD getOne 第 1 次 等待 3 秒
2023-11-23 07:38:18 查询号码 【1899922】，返回信息 {"status":"ok","msg":"新疆-乌鲁木齐","gid":"431104","time_insert":"2021-07-29 06:59"}
2023-11-23 07:38:18 查询号码 【1899922】，GSD为【"新疆-乌鲁木齐"】

2023-11-23 09:16:44 开始第 9 次操作

2023-11-23 09:16:44 开始操作号码 【1899923】
2023-11-23 09:16:48 GSD getOne 第 1 次 等待 3 秒
2023-11-23 09:16:51 查询号码 【1899923】，返回信息 {"status":"ok","msg":"新疆-乌鲁木齐","gid":"46145","time_insert":"2018-11-02 15:27","time_update":"2020-12-23 05:42"}
2023-11-23 09:16:51 查询号码 【1899923】，GSD为【"新疆-乌鲁木齐"】

2023-11-23 09:16:52 开始第 10 次操作

2023-11-23 09:16:52 开始操作号码 【1899924】
2023-11-23 09:16:55 GSD getOne 第 1 次 等待 3 秒
2023-11-23 09:16:58 查询号码 【1899924】，返回信息 {"status":"ok","msg":"新疆-乌鲁木齐","gid":"431098","time_insert":"2021-07-29 06:58"}
2023-11-23 09:16:58 查询号码 【1899924】，GSD为【"新疆-乌鲁木齐"】

2023-11-23 09:16:59 开始第 11 次操作

2023-11-23 09:16:59 开始操作号码 【1899925】
2023-11-23 09:17:02 GSD getOne 第 1 次 等待 3 秒
2023-11-23 09:17:05 查询号码 【1899925】，返回信息 {"status":"ok","msg":"新疆-乌鲁木齐","gid":"431094","time_insert":"2021-07-29 06:58"}
2023-11-23 09:17:05 查询号码 【1899925】，GSD为【"新疆-乌鲁木齐"】

2023-11-23 09:17:06 开始第 12 次操作

2023-11-23 09:17:06 开始操作号码 【1899926】
2023-11-23 09:17:10 GSD getOne 第 1 次 等待 3 秒
2023-11-23 09:17:13 查询号码 【1899926】，返回信息 {"status":"ok","msg":"新疆-乌鲁木齐","gid":"431087","time_insert":"2021-07-29 06:57"}
2023-11-23 09:17:13 查询号码 【1899926】，GSD为【"新疆-乌鲁木齐"】

2023-11-23 10:09:58 开始第 13 次操作

2023-11-23 10:09:58 开始操作号码 【1899927】
2023-11-23 10:10:02 GSD getOne 第 1 次 等待 3 秒
2023-11-23 10:10:05 查询号码 【1899927】，返回信息 {"status":"ok","msg":"新疆-乌鲁木齐","gid":"431078","time_insert":"2021-07-29 06:56"}
2023-11-23 10:10:05 查询号码 【1899927】，GSD为【"新疆-乌鲁木齐"】

2023-11-23 10:10:06 开始第 14 次操作

2023-11-23 10:10:06 开始操作号码 【1899928】
2023-11-23 10:10:09 GSD getOne 第 1 次 等待 3 秒
2023-11-23 10:10:12 查询号码 【1899928】，返回信息 {"status":"ok","msg":"新疆-乌鲁木齐","gid":"431075","time_insert":"2021-07-29 06:56"}
2023-11-23 10:10:12 查询号码 【1899928】，GSD为【"新疆-乌鲁木齐"】

2023-11-23 10:10:13 开始第 15 次操作

2023-11-23 10:10:13 开始操作号码 【1899929】
2023-11-23 10:10:17 GSD getOne 第 1 次 等待 3 秒
2023-11-23 10:10:20 查询号码 【1899929】，返回信息 {"status":"ok","msg":"新疆-乌鲁木齐","gid":"431069","time_insert":"2021-07-29 06:55"}
2023-11-23 10:10:20 查询号码 【1899929】，GSD为【"新疆-乌鲁木齐"】

2023-11-23 10:10:21 开始第 16 次操作

2023-11-23 10:10:21 开始操作号码 【1899930】
2023-11-23 10:10:25 GSD getOne 第 1 次 等待 3 秒
2023-11-23 10:10:28 查询号码 【1899930】，返回信息 {"status":"ok","msg":"新疆-克拉玛依","gid":"431061","time_insert":"2021-07-29 06:55"}
2023-11-23 10:10:28 查询号码 【1899930】，GSD为【"新疆-克拉玛依"】

2023-11-23 10:41:21 开始第 17 次操作

2023-11-23 10:41:21 开始操作号码 【1899931】
2023-11-23 10:41:25 GSD getOne 第 1 次 等待 3 秒
2023-11-23 10:41:28 查询号码 【1899931】，返回信息 {"status":"ok","msg":"新疆-克拉玛依","gid":"431053","time_insert":"2021-07-29 06:54"}
2023-11-23 10:41:28 查询号码 【1899931】，GSD为【"新疆-克拉玛依"】

2023-11-23 10:41:29 开始第 18 次操作

2023-11-23 10:41:29 开始操作号码 【1899932】
2023-11-23 10:41:33 GSD getOne 第 1 次 等待 3 秒
2023-11-23 10:41:36 查询号码 【1899932】，返回信息 {"status":"ok","msg":"新疆-石河子","gid":"46146","time_insert":"2016-04-04 11:16","time_update":"2020-12-23 05:35"}
2023-11-23 10:41:36 查询号码 【1899932】，GSD为【"新疆-石河子"】

2023-11-23 10:41:37 开始第 19 次操作

2023-11-23 10:41:37 开始操作号码 【1899933】
2023-11-23 10:41:41 GSD getOne 第 1 次 等待 3 秒
2023-11-23 10:41:44 查询号码 【1899933】，返回信息 {"status":"ok","msg":"新疆-石河子","gid":"431046","time_insert":"2021-07-29 06:53"}
2023-11-23 10:41:44 查询号码 【1899933】，GSD为【"新疆-石河子"】

2023-11-23 10:41:45 开始第 20 次操作

2023-11-23 10:41:45 开始操作号码 【1899934】
2023-11-23 10:41:49 GSD getOne 第 1 次 等待 3 秒
2023-11-23 10:41:52 查询号码 【1899934】，返回信息 {"status":"ok","msg":"新疆-昌吉","gid":"431038","time_insert":"2021-07-29 06:53"}
2023-11-23 10:41:52 查询号码 【1899934】，GSD为【"新疆-昌吉"】

2023-11-23 11:17:58 开始第 21 次操作

2023-11-23 11:17:58 开始操作号码 【1899935】
2023-11-23 11:18:02 GSD getOne 第 1 次 等待 3 秒
2023-11-23 11:18:05 查询号码 【1899935】，返回信息 {"status":"ok","msg":"新疆-昌吉","gid":"431030","time_insert":"2021-07-29 06:52","time_update":"2021-07-29 07:39"}
2023-11-23 11:18:05 查询号码 【1899935】，GSD为【"新疆-昌吉"】

2023-11-23 11:18:06 开始第 22 次操作

2023-11-23 11:18:06 开始操作号码 【1899936】
2023-11-23 11:18:09 GSD getOne 第 1 次 等待 3 秒
2023-11-23 11:18:12 查询号码 【1899936】，返回信息 {"status":"ok","msg":"新疆-昌吉","gid":"431022","time_insert":"2021-07-29 06:51"}
2023-11-23 11:18:12 查询号码 【1899936】，GSD为【"新疆-昌吉"】

2023-11-23 11:18:13 开始第 23 次操作

2023-11-23 11:18:13 开始操作号码 【1899937】
2023-11-23 11:18:17 GSD getOne 第 1 次 等待 3 秒
2023-11-23 11:18:20 查询号码 【1899937】，返回信息 {"status":"ok","msg":"新疆-伊犁","gid":"431014","time_insert":"2021-07-29 06:51"}
2023-11-23 11:18:20 查询号码 【1899937】，GSD为【"新疆-伊犁"】

2023-11-23 11:18:21 开始第 24 次操作

2023-11-23 11:18:21 开始操作号码 【1899938】
2023-11-23 11:18:24 GSD getOne 第 1 次 等待 3 秒
2023-11-23 11:18:27 查询号码 【1899938】，返回信息 {"status":"ok","msg":"新疆-伊犁","gid":"46147","time_insert":"2018-07-14 13:55","time_update":"2020-12-23 05:51"}
2023-11-23 11:18:27 查询号码 【1899938】，GSD为【"新疆-伊犁"】

2023-11-23 11:37:54 开始第 25 次操作

2023-11-23 11:37:54 开始操作号码 【1899939】
2023-11-23 11:37:58 GSD getOne 第 1 次 等待 3 秒
2023-11-23 11:38:01 查询号码 【1899939】，返回信息 {"status":"ok","msg":"新疆-伊犁","gid":"431002","time_insert":"2021-07-29 06:50"}
2023-11-23 11:38:01 查询号码 【1899939】，GSD为【"新疆-伊犁"】

2023-11-23 11:38:02 开始第 26 次操作

2023-11-23 11:38:02 开始操作号码 【1899940】
2023-11-23 11:38:05 GSD getOne 第 1 次 等待 3 秒
2023-11-23 11:38:08 查询号码 【1899940】，返回信息 {"status":"ok","msg":"新疆-乌鲁木齐","gid":"430994","time_insert":"2021-07-29 06:50"}
2023-11-23 11:38:08 查询号码 【1899940】，GSD为【"新疆-乌鲁木齐"】

2023-11-23 11:38:09 开始第 27 次操作

2023-11-23 11:38:09 开始操作号码 【1899941】
2023-11-23 11:38:13 GSD getOne 第 1 次 等待 3 秒
2023-11-23 11:38:16 查询号码 【1899941】，返回信息 {"status":"ok","msg":"新疆-乌鲁木齐","gid":"430989","time_insert":"2021-07-29 06:49"}
2023-11-23 11:38:16 查询号码 【1899941】，GSD为【"新疆-乌鲁木齐"】

2023-11-23 11:38:17 开始第 28 次操作

2023-11-23 11:38:17 开始操作号码 【1899942】
2023-11-23 11:38:20 GSD getOne 第 1 次 等待 3 秒
2023-11-23 11:38:23 查询号码 【1899942】，返回信息 {"status":"ok","msg":"新疆-乌鲁木齐","gid":"430980","time_insert":"2021-07-29 06:49"}
2023-11-23 11:38:23 查询号码 【1899942】，GSD为【"新疆-乌鲁木齐"】

2023-11-23 12:21:05 开始第 29 次操作

2023-11-23 12:21:05 开始操作号码 【1899943】
2023-11-23 12:21:08 GSD getOne 第 1 次 等待 3 秒
2023-11-23 12:21:11 查询号码 【1899943】，返回信息 {"status":"ok","msg":"新疆-和田","gid":"430970","time_insert":"2021-07-29 06:48"}
2023-11-23 12:21:11 查询号码 【1899943】，GSD为【"新疆-和田"】

2023-11-23 12:21:12 开始第 30 次操作

2023-11-23 12:21:12 开始操作号码 【1899944】
2023-11-23 12:21:15 GSD getOne 第 1 次 等待 3 秒
2023-11-23 12:21:18 查询号码 【1899944】，返回信息 {"status":"ok","msg":"新疆-哈密","gid":"295121","time_insert":"2021-07-16 17:30","time_update":"2021-07-29 06:47"}
2023-11-23 12:21:18 查询号码 【1899944】，GSD为【"新疆-哈密"】

2023-11-23 12:21:19 开始第 31 次操作

2023-11-23 12:21:19 开始操作号码 【1899945】
2023-11-23 12:21:23 GSD getOne 第 1 次 等待 3 秒
2023-11-23 12:21:26 查询号码 【1899945】，返回信息 {"status":"ok","msg":"新疆-阿勒泰","gid":"430952","time_insert":"2021-07-29 06:47"}
2023-11-23 12:21:26 查询号码 【1899945】，GSD为【"新疆-阿勒泰"】

2023-11-23 12:21:27 开始第 32 次操作

2023-11-23 12:21:27 开始操作号码 【1899946】
2023-11-23 12:21:30 GSD getOne 第 1 次 等待 3 秒
2023-11-23 12:21:33 查询号码 【1899946】，返回信息 {"status":"ok","msg":"新疆-吐鲁番","gid":"430941","time_insert":"2021-07-29 06:46"}
2023-11-23 12:21:33 查询号码 【1899946】，GSD为【"新疆-吐鲁番"】

2023-11-23 12:38:27 开始第 33 次操作

2023-11-23 12:38:27 开始操作号码 【1899947】
2023-11-23 12:38:37 GSD getOne 第 1 次 等待 3 秒
2023-11-23 12:38:40 查询号码 【1899947】，返回信息 {"status":"ok","msg":"新疆-吐鲁番","gid":"430932","time_insert":"2021-07-29 06:46"}
2023-11-23 12:38:40 查询号码 【1899947】，GSD为【"新疆-吐鲁番"】

2023-11-23 12:38:41 开始第 34 次操作

2023-11-23 12:38:41 开始操作号码 【1899948】
2023-11-23 12:38:44 GSD getOne 第 1 次 等待 3 秒
2023-11-23 12:38:47 查询号码 【1899948】，返回信息 {"status":"ok","msg":"新疆-塔城","gid":"430924","time_insert":"2021-07-29 06:45"}
2023-11-23 12:38:47 查询号码 【1899948】，GSD为【"新疆-塔城"】

2023-11-23 12:38:48 开始第 35 次操作

2023-11-23 12:38:48 开始操作号码 【1899949】
2023-11-23 12:38:52 GSD getOne 第 1 次 等待 3 秒
2023-11-23 12:38:55 查询号码 【1899949】，返回信息 {"status":"ok","msg":"新疆-塔城","gid":"430912","time_insert":"2021-07-29 06:45"}
2023-11-23 12:38:55 查询号码 【1899949】，GSD为【"新疆-塔城"】

2023-11-23 12:38:56 开始第 36 次操作

2023-11-23 12:38:56 开始操作号码 【1899950】
2023-11-23 12:39:00 GSD getOne 第 1 次 等待 3 秒
2023-11-23 12:39:03 查询号码 【1899950】，返回信息 {"status":"ok","msg":"新疆-克拉玛依","gid":"430902","time_insert":"2021-07-29 06:44"}
2023-11-23 12:39:03 查询号码 【1899950】，GSD为【"新疆-克拉玛依"】

2023-11-23 13:16:50 开始第 37 次操作

2023-11-23 13:16:50 开始操作号码 【1899951】
2023-11-23 13:16:54 GSD getOne 第 1 次 等待 3 秒
2023-11-23 13:16:57 查询号码 【1899951】，返回信息 {"status":"ok","msg":"新疆-克拉玛依","gid":"430895","time_insert":"2021-07-29 06:43"}
2023-11-23 13:16:57 查询号码 【1899951】，GSD为【"新疆-克拉玛依"】

2023-11-23 13:16:58 开始第 38 次操作

2023-11-23 13:16:58 开始操作号码 【1899952】
2023-11-23 13:17:02 GSD getOne 第 1 次 等待 3 秒
2023-11-23 13:17:05 查询号码 【1899952】，返回信息 {"status":"ok","msg":"新疆-克拉玛依","gid":"46148","time_insert":"2014-10-09 18:16","time_update":"2020-12-23 05:00"}
2023-11-23 13:17:05 查询号码 【1899952】，GSD为【"新疆-克拉玛依"】

2023-11-23 13:17:06 开始第 39 次操作

2023-11-23 13:17:06 开始操作号码 【1899953】
2023-11-23 13:17:10 GSD getOne 第 1 次 等待 3 秒
2023-11-23 13:17:13 查询号码 【1899953】，返回信息 {"status":"ok","msg":"新疆-石河子","gid":"430887","time_insert":"2021-07-29 06:43"}
2023-11-23 13:17:13 查询号码 【1899953】，GSD为【"新疆-石河子"】

2023-11-23 13:17:14 开始第 40 次操作

2023-11-23 13:17:14 开始操作号码 【1899954】
2023-11-23 13:17:21 GSD getOne 第 1 次 等待 3 秒
2023-11-23 13:17:24 查询号码 【1899954】，返回信息 {"status":"ok","msg":"新疆-昌吉","gid":"430880","time_insert":"2021-07-29 06:42"}
2023-11-23 13:17:25 查询号码 【1899954】，GSD为【"新疆-昌吉"】

2023-11-23 13:37:55 开始第 41 次操作

2023-11-23 13:37:55 开始操作号码 【1899955】
2023-11-23 13:38:00 GSD getOne 第 1 次 等待 3 秒
2023-11-23 13:38:03 查询号码 【1899955】，返回信息 {"status":"ok","msg":"新疆-昌吉","gid":"430868","time_insert":"2021-07-29 06:42"}
2023-11-23 13:38:03 查询号码 【1899955】，GSD为【"新疆-昌吉"】

2023-11-23 13:38:04 开始第 42 次操作

2023-11-23 13:38:04 开始操作号码 【1899956】
2023-11-23 13:38:08 GSD getOne 第 1 次 等待 3 秒
2023-11-23 13:38:11 查询号码 【1899956】，返回信息 {"status":"ok","msg":"新疆-昌吉","gid":"430860","time_insert":"2021-07-29 06:41","time_update":"2021-07-29 06:41"}
2023-11-23 13:38:11 查询号码 【1899956】，GSD为【"新疆-昌吉"】

2023-11-23 13:38:12 开始第 43 次操作

2023-11-23 13:38:12 开始操作号码 【1899957】
2023-11-23 13:38:16 GSD getOne 第 1 次 等待 3 秒
2023-11-23 13:38:19 查询号码 【1899957】，返回信息 {"status":"ok","msg":"新疆-伊犁","gid":"430851","time_insert":"2021-07-29 06:41"}
2023-11-23 13:38:19 查询号码 【1899957】，GSD为【"新疆-伊犁"】

2023-11-23 13:38:20 开始第 44 次操作

2023-11-23 13:38:20 开始操作号码 【1899958】
2023-11-23 13:38:24 GSD getOne 第 1 次 等待 3 秒
2023-11-23 13:38:27 查询号码 【1899958】，返回信息 {"status":"ok","msg":"新疆-伊犁","gid":"430845","time_insert":"2021-07-29 06:40"}
2023-11-23 13:38:27 查询号码 【1899958】，GSD为【"新疆-伊犁"】

2023-11-23 14:22:43 开始第 45 次操作

2023-11-23 14:22:43 开始操作号码 【1899959】
2023-11-23 14:22:47 GSD getOne 第 1 次 等待 3 秒
2023-11-23 14:22:50 查询号码 【1899959】，返回信息 {"status":"ok","msg":"新疆-伊犁","gid":"430830","time_insert":"2021-07-29 06:39"}
2023-11-23 14:22:50 查询号码 【1899959】，GSD为【"新疆-伊犁"】

2023-11-23 14:22:51 开始第 46 次操作

2023-11-23 14:22:51 开始操作号码 【1899960】
2023-11-23 14:22:55 GSD getOne 第 1 次 等待 3 秒
2023-11-23 14:22:58 查询号码 【1899960】，返回信息 {"status":"ok","msg":"新疆-库尔勒","gid":"430818","time_insert":"2021-07-29 06:39"}
2023-11-23 14:22:58 查询号码 【1899960】，GSD为【"新疆-库尔勒"】

2023-11-23 14:22:59 开始第 47 次操作

2023-11-23 14:22:59 开始操作号码 【1899961】
2023-11-23 14:23:03 GSD getOne 第 1 次 等待 3 秒
2023-11-23 14:23:06 查询号码 【1899961】，返回信息 {"status":"ok","msg":"新疆-库尔勒","gid":"46149","time_insert":"2014-05-31 09:36","time_update":"2020-12-23 08:55"}
2023-11-23 14:23:06 查询号码 【1899961】，GSD为【"新疆-库尔勒"】

2023-11-23 14:23:07 开始第 48 次操作

2023-11-23 14:23:07 开始操作号码 【1899962】
2023-11-23 14:23:15 GSD getOne 第 1 次 等待 3 秒
2023-11-23 14:23:18 查询号码 【1899962】，返回信息 {"status":"ok","msg":"新疆-库尔勒","gid":"430802","time_insert":"2021-07-29 06:38"}
2023-11-23 14:23:18 查询号码 【1899962】，GSD为【"新疆-库尔勒"】

2023-11-23 14:39:08 开始第 49 次操作

2023-11-23 14:39:08 开始操作号码 【1899963】
2023-11-23 14:39:12 GSD getOne 第 1 次 等待 3 秒
2023-11-23 14:39:15 查询号码 【1899963】，返回信息 {"status":"ok","msg":"新疆-喀什","gid":"430788","time_insert":"2021-07-29 06:37"}
2023-11-23 14:39:15 查询号码 【1899963】，GSD为【"新疆-喀什"】

2023-11-23 14:39:16 开始第 50 次操作

2023-11-23 14:39:16 开始操作号码 【1899964】
2023-11-23 14:39:20 GSD getOne 第 1 次 等待 3 秒
2023-11-23 14:39:23 查询号码 【1899964】，返回信息 {"status":"ok","msg":"新疆-喀什","gid":"430778","time_insert":"2021-07-29 06:36"}
2023-11-23 14:39:23 查询号码 【1899964】，GSD为【"新疆-喀什"】

2023-11-23 14:39:24 开始第 51 次操作

2023-11-23 14:39:24 开始操作号码 【1899965】
2023-11-23 14:39:27 GSD getOne 第 1 次 等待 3 秒
2023-11-23 14:39:30 查询号码 【1899965】，返回信息 {"status":"ok","msg":"新疆-和田","gid":"430768","time_insert":"2021-07-29 06:35"}
2023-11-23 14:39:31 查询号码 【1899965】，GSD为【"新疆-和田"】

2023-11-23 14:39:32 开始第 52 次操作

2023-11-23 14:39:32 开始操作号码 【1899966】
2023-11-23 14:39:37 GSD getOne 第 1 次 等待 3 秒
2023-11-23 14:39:40 查询号码 【1899966】，返回信息 {"status":"ok","msg":"新疆-阿克苏","gid":"46150","time_insert":"2017-05-07 09:50","time_update":"2020-12-23 12:15"}
2023-11-23 14:39:40 查询号码 【1899966】，GSD为【"新疆-阿克苏"】

2023-11-23 15:15:51 开始第 53 次操作

2023-11-23 15:15:51 开始操作号码 【1899967】
2023-11-23 15:15:55 GSD getOne 第 1 次 等待 3 秒
2023-11-23 15:15:58 查询号码 【1899967】，返回信息 {"status":"ok","msg":"新疆-阿克苏","gid":"430759","time_insert":"2021-07-29 06:34"}
2023-11-23 15:15:58 查询号码 【1899967】，GSD为【"新疆-阿克苏"】

2023-11-23 15:15:59 开始第 54 次操作

2023-11-23 15:15:59 开始操作号码 【1899968】
2023-11-23 15:16:06 GSD getOne 第 1 次 等待 3 秒
2023-11-23 15:16:09 查询号码 【1899968】，返回信息 {"status":"ok","msg":"新疆-哈密","gid":"430753","time_insert":"2021-07-29 06:33"}
2023-11-23 15:16:09 查询号码 【1899968】，GSD为【"新疆-哈密"】

2023-11-23 15:16:10 开始第 55 次操作

2023-11-23 15:16:10 开始操作号码 【1899969】
2023-11-23 15:16:14 GSD getOne 第 1 次 等待 3 秒
2023-11-23 15:16:17 查询号码 【1899969】，返回信息 {"status":"ok","msg":"新疆-吐鲁番","gid":"430748","time_insert":"2021-07-29 06:32"}
2023-11-23 15:16:17 查询号码 【1899969】，GSD为【"新疆-吐鲁番"】

2023-11-23 15:16:18 开始第 56 次操作

2023-11-23 15:16:18 开始操作号码 【1899970】
2023-11-23 15:16:31 GSD getOne 第 1 次 等待 3 秒
2023-11-23 15:16:34 查询号码 【1899970】，返回信息 {"status":"ok","msg":"新疆-奎屯","gid":"46151","time_insert":"2016-01-01 13:28","time_update":"2020-12-23 15:25"}
2023-11-23 15:16:34 查询号码 【1899970】，GSD为【"新疆-奎屯"】

2023-11-23 15:37:47 开始第 57 次操作

2023-11-23 15:37:47 开始操作号码 【1899971】
2023-11-23 15:37:51 GSD getOne 第 1 次 等待 3 秒
2023-11-23 15:37:54 查询号码 【1899971】，返回信息 {"status":"ok","msg":"新疆-奎屯","gid":"430739","time_insert":"2021-07-29 06:31","time_update":"2021-07-29 06:39"}
2023-11-23 15:37:54 查询号码 【1899971】，GSD为【"新疆-奎屯"】

2023-11-23 15:37:55 开始第 58 次操作

2023-11-23 15:37:55 开始操作号码 【1899972】
2023-11-23 15:37:59 GSD getOne 第 1 次 等待 3 秒
2023-11-23 15:38:02 查询号码 【1899972】，返回信息 {"status":"ok","msg":"新疆-奎屯","gid":"430732","time_insert":"2021-07-29 06:30"}
2023-11-23 15:38:02 查询号码 【1899972】，GSD为【"新疆-奎屯"】

2023-11-23 15:38:03 开始第 59 次操作

2023-11-23 15:38:03 开始操作号码 【1899973】
2023-11-23 15:38:07 GSD getOne 第 1 次 等待 3 秒
2023-11-23 15:38:10 查询号码 【1899973】，返回信息 {"status":"ok","msg":"新疆-石河子","gid":"46152","time_insert":"2018-06-26 21:31","time_update":"2021-01-22 15:29"}
2023-11-23 15:38:10 查询号码 【1899973】，GSD为【"新疆-石河子"】

2023-11-23 15:38:11 开始第 60 次操作

2023-11-23 15:38:11 开始操作号码 【1899974】
2023-11-23 15:38:18 GSD getOne 第 1 次 等待 3 秒
2023-11-23 15:38:21 查询号码 【1899974】，返回信息 {"status":"ok","msg":"新疆-塔城","gid":"430727","time_insert":"2021-07-29 06:29"}
2023-11-23 15:38:21 查询号码 【1899974】，GSD为【"新疆-塔城"】

2023-11-23 16:21:32 开始第 61 次操作

2023-11-23 16:21:32 开始操作号码 【1899975】
2023-11-23 16:22:08 GSD getOne 第 1 次 等待 3 秒
2023-11-23 16:22:11 查询号码 【1899975】，返回信息 {"status":"ok","msg":"新疆-塔城","gid":"430724","time_insert":"2021-07-29 06:28"}
2023-11-23 16:22:11 查询号码 【1899975】，GSD为【"新疆-塔城"】

2023-11-23 16:22:12 开始第 62 次操作

2023-11-23 16:22:12 开始操作号码 【1899976】
2023-11-23 16:22:15 GSD getOne 第 1 次 等待 3 秒
2023-11-23 16:22:18 查询号码 【1899976】，返回信息 {"status":"ok","msg":"新疆-博乐","gid":"430719","time_insert":"2021-07-29 06:27"}
2023-11-23 16:22:18 查询号码 【1899976】，GSD为【"新疆-博乐"】

2023-11-23 16:22:19 开始第 63 次操作

2023-11-23 16:22:19 开始操作号码 【1899977】
2023-11-23 16:22:24 GSD getOne 第 1 次 等待 3 秒
2023-11-23 16:22:27 查询号码 【1899977】，返回信息 {"status":"ok","msg":"新疆-博乐","gid":"430713","time_insert":"2021-07-29 06:26"}
2023-11-23 16:22:27 查询号码 【1899977】，GSD为【"新疆-博乐"】

2023-11-23 16:22:28 开始第 64 次操作

2023-11-23 16:22:28 开始操作号码 【1899978】
2023-11-23 16:22:34 GSD getOne 第 1 次 等待 3 秒
2023-11-23 16:22:37 查询号码 【1899978】，返回信息 {"status":"ok","msg":"新疆-阿勒泰","gid":"430709","time_insert":"2021-07-29 06:25"}
2023-11-23 16:22:37 查询号码 【1899978】，GSD为【"新疆-阿勒泰"】

2023-11-23 16:38:35 开始第 65 次操作

2023-11-23 16:38:35 开始操作号码 【1899979】
2023-11-23 16:38:39 GSD getOne 第 1 次 等待 3 秒
2023-11-23 16:38:42 查询号码 【1899979】，返回信息 {"status":"ok","msg":"新疆-阿勒泰","gid":"430706","time_insert":"2021-07-29 06:25"}
2023-11-23 16:38:42 查询号码 【1899979】，GSD为【"新疆-阿勒泰"】

2023-11-23 16:38:43 开始第 66 次操作

2023-11-23 16:38:43 开始操作号码 【1899980】
2023-11-23 16:38:47 GSD getOne 第 1 次 等待 3 秒
2023-11-23 16:38:50 查询号码 【1899980】，返回信息 {"status":"ok","msg":"新疆-乌鲁木齐","gid":"430704","time_insert":"2021-07-29 06:24"}
2023-11-23 16:38:50 查询号码 【1899980】，GSD为【"新疆-乌鲁木齐"】

2023-11-23 16:38:51 开始第 67 次操作

2023-11-23 16:38:51 开始操作号码 【1899981】
2023-11-23 16:38:55 GSD getOne 第 1 次 等待 3 秒
2023-11-23 16:38:58 查询号码 【1899981】，返回信息 {"status":"ok","msg":"新疆-乌鲁木齐","gid":"430703","time_insert":"2021-07-29 06:23"}
2023-11-23 16:38:58 查询号码 【1899981】，GSD为【"新疆-乌鲁木齐"】

2023-11-23 16:38:59 开始第 68 次操作

2023-11-23 16:38:59 开始操作号码 【1899982】
2023-11-23 16:39:02 GSD getOne 第 1 次 等待 3 秒
2023-11-23 16:39:05 查询号码 【1899982】，返回信息 {"status":"ok","msg":"新疆-乌鲁木齐","gid":"430701","time_insert":"2021-07-29 06:22"}
2023-11-23 16:39:05 查询号码 【1899982】，GSD为【"新疆-乌鲁木齐"】

2023-11-23 17:17:12 开始第 69 次操作

2023-11-23 17:17:12 开始操作号码 【1899983】
2023-11-23 17:17:16 GSD getOne 第 1 次 等待 3 秒
2023-11-23 17:17:19 查询号码 【1899983】，返回信息 {"status":"ok","msg":"新疆-乌鲁木齐","gid":"430699","time_insert":"2021-07-29 06:22"}
2023-11-23 17:17:19 查询号码 【1899983】，GSD为【"新疆-乌鲁木齐"】

2023-11-23 17:17:20 开始第 70 次操作

2023-11-23 17:17:20 开始操作号码 【1899984】
2023-11-23 17:17:26 GSD getOne 第 1 次 等待 3 秒
2023-11-23 17:17:29 查询号码 【1899984】，返回信息 {"status":"ok","msg":"新疆-乌鲁木齐","gid":"430696","time_insert":"2021-07-29 06:21"}
2023-11-23 17:17:29 查询号码 【1899984】，GSD为【"新疆-乌鲁木齐"】

2023-11-23 17:17:30 开始第 71 次操作

2023-11-23 17:17:30 开始操作号码 【1899985】
2023-11-23 17:17:34 GSD getOne 第 1 次 等待 3 秒
2023-11-23 17:17:37 查询号码 【1899985】，返回信息 {"status":"ok","msg":"新疆-乌鲁木齐","gid":"430694","time_insert":"2021-07-29 06:20"}
2023-11-23 17:17:37 查询号码 【1899985】，GSD为【"新疆-乌鲁木齐"】

2023-11-23 17:17:38 开始第 72 次操作

2023-11-23 17:17:38 开始操作号码 【1899986】
2023-11-23 17:17:42 GSD getOne 第 1 次 等待 3 秒
2023-11-23 17:17:45 查询号码 【1899986】，返回信息 {"status":"ok","msg":"新疆-乌鲁木齐","gid":"430693","time_insert":"2021-07-29 06:19"}
2023-11-23 17:17:45 查询号码 【1899986】，GSD为【"新疆-乌鲁木齐"】

2023-11-23 17:37:47 开始第 73 次操作

2023-11-23 17:37:47 开始操作号码 【1899987】
2023-11-23 17:37:50 GSD getOne 第 1 次 等待 3 秒
2023-11-23 17:37:53 查询号码 【1899987】，返回信息 {"status":"ok","msg":"新疆-乌鲁木齐","gid":"430692","time_insert":"2021-07-29 06:18"}
2023-11-23 17:37:53 查询号码 【1899987】，GSD为【"新疆-乌鲁木齐"】

2023-11-23 17:37:54 开始第 74 次操作

2023-11-23 17:37:54 开始操作号码 【1899988】
2023-11-23 17:37:58 GSD getOne 第 1 次 等待 3 秒
2023-11-23 17:38:01 查询号码 【1899988】，返回信息 {"status":"ok","msg":"新疆-乌鲁木齐","gid":"430690","time_insert":"2021-07-29 06:18"}
2023-11-23 17:38:01 查询号码 【1899988】，GSD为【"新疆-乌鲁木齐"】

2023-11-23 17:38:02 开始第 75 次操作

2023-11-23 17:38:02 开始操作号码 【1899989】
2023-11-23 17:38:05 GSD getOne 第 1 次 等待 3 秒
2023-11-23 17:38:08 查询号码 【1899989】，返回信息 {"status":"ok","msg":"新疆-乌鲁木齐","gid":"430687","time_insert":"2021-07-29 06:17"}
2023-11-23 17:38:08 查询号码 【1899989】，GSD为【"新疆-乌鲁木齐"】

2023-11-23 17:38:09 开始第 76 次操作

2023-11-23 17:38:09 开始操作号码 【1899990】
2023-11-23 17:38:13 GSD getOne 第 1 次 等待 3 秒
2023-11-23 17:38:16 查询号码 【1899990】，返回信息 {"status":"ok","msg":"新疆-乌鲁木齐","gid":"430682","time_insert":"2021-07-29 06:16"}
2023-11-23 17:38:16 查询号码 【1899990】，GSD为【"新疆-乌鲁木齐"】

2023-11-23 18:18:42 开始第 77 次操作

2023-11-23 18:18:42 开始操作号码 【1899991】
2023-11-23 18:18:47 GSD getOne 第 1 次 等待 3 秒
2023-11-23 18:18:50 查询号码 【1899991】，返回信息 {"status":"ok","msg":"新疆-乌鲁木齐","gid":"46153","time_insert":"2019-05-21 16:04","time_update":"2020-12-23 21:01"}
2023-11-23 18:18:50 查询号码 【1899991】，GSD为【"新疆-乌鲁木齐"】

2023-11-23 18:18:51 开始第 78 次操作

2023-11-23 18:18:51 开始操作号码 【1899992】
2023-11-23 18:19:16 GSD getOne 第 1 次 等待 3 秒
2023-11-23 18:19:19 查询号码 【1899992】，返回信息 {"status":"ok","msg":"新疆-乌鲁木齐","gid":"52709","time_insert":"2021-04-27 20:18"}
2023-11-23 18:19:20 查询号码 【1899992】，GSD为【"新疆-乌鲁木齐"】

2023-11-23 18:19:21 开始第 79 次操作

2023-11-23 18:19:21 开始操作号码 【1899993】
2023-11-23 18:19:27 GSD getOne 第 1 次 等待 3 秒
2023-11-23 18:19:30 查询号码 【1899993】，返回信息 {"status":"ok","msg":"新疆-乌鲁木齐","gid":"430677","time_insert":"2021-07-29 06:14"}
2023-11-23 18:19:30 查询号码 【1899993】，GSD为【"新疆-乌鲁木齐"】

2023-11-23 18:19:31 开始第 80 次操作

2023-11-23 18:19:31 开始操作号码 【1899994】
2023-11-23 18:19:35 GSD getOne 第 1 次 等待 3 秒
2023-11-23 18:19:38 查询号码 【1899994】，返回信息 {"status":"ok","msg":"新疆-乌鲁木齐","gid":"430673","time_insert":"2021-07-29 06:13"}
2023-11-23 18:19:38 查询号码 【1899994】，GSD为【"新疆-乌鲁木齐"】

2023-11-23 18:38:55 开始第 81 次操作

2023-11-23 18:38:55 开始操作号码 【1899995】
2023-11-23 18:38:59 GSD getOne 第 1 次 等待 3 秒
2023-11-23 18:39:02 查询号码 【1899995】，返回信息 {"status":"ok","msg":"新疆-乌鲁木齐","gid":"430668","time_insert":"2021-07-29 06:13"}
2023-11-23 18:39:02 查询号码 【1899995】，GSD为【"新疆-乌鲁木齐"】

2023-11-23 18:39:03 开始第 82 次操作

2023-11-23 18:39:03 开始操作号码 【1899996】
2023-11-23 18:39:06 GSD getOne 第 1 次 等待 3 秒
2023-11-23 18:39:09 查询号码 【1899996】，返回信息 {"status":"ok","msg":"新疆-乌鲁木齐","gid":"430664","time_insert":"2021-07-29 06:12"}
2023-11-23 18:39:09 查询号码 【1899996】，GSD为【"新疆-乌鲁木齐"】

2023-11-23 18:39:10 开始第 83 次操作

2023-11-23 18:39:10 开始操作号码 【1899997】
2023-11-23 18:39:14 GSD getOne 第 1 次 等待 3 秒
2023-11-23 18:39:17 查询号码 【1899997】，返回信息 {"status":"ok","msg":"新疆-乌鲁木齐","gid":"430660","time_insert":"2021-07-29 06:11"}
2023-11-23 18:39:18 查询号码 【1899997】，GSD为【"新疆-乌鲁木齐"】

2023-11-23 18:39:19 开始第 84 次操作

2023-11-23 18:39:19 开始操作号码 【1899998】
2023-11-23 18:39:23 GSD getOne 第 1 次 等待 3 秒
2023-11-23 18:39:26 查询号码 【1899998】，返回信息 {"status":"ok","msg":"新疆-乌鲁木齐","gid":"46154","time_insert":"2016-08-29 12:20","time_update":"2020-12-24 00:03"}
2023-11-23 18:39:26 查询号码 【1899998】，GSD为【"新疆-乌鲁木齐"】

