2023-12-17 00:21:06 开始第 3533 次操作

2023-12-17 00:21:06 开始操作号码 【1793447】
2023-12-17 00:21:14 GSD getOne 第 1 次 等待 3 秒
2023-12-17 00:21:17 查询号码 【1793447】，返回信息 {"status":"ok","msg":"-","gid":"625832","time_insert":"2023-03-31 13:21"}
2023-12-17 00:21:17 查询号码 【1793447】，GSD为【"-"】
2023-12-17 00:21:17 ok && -
2023-12-17 00:21:19 CHB 1793447?1702743677 第 1 次 等待 3 秒
2023-12-17 00:21:22 CHB 1793447?1702743677 第 1 次 获取到号码【1793447】GSD
2023-12-17 00:21:22 未获取到号码【1793447】GSD，可能号码格式错误
2023-12-17 00:21:22 获取到号码【1793447】的GSD为【-】
2023-12-17 00:21:52 GSD insert 第 1 次 等待 3 秒
2023-12-17 00:21:55 {"status":"bad","gid":"625832","msg":"添加失败！号码【1793447(-|-)】已存在！"}
2023-12-17 00:21:55 随机等待 66 秒，约 1 分钟
2023-12-17 00:21:55 下次操作: 2023-12-17 00:23:01

2023-12-17 00:23:02 开始第 3534 次操作

2023-12-17 00:23:02 开始操作号码 【1793448】
2023-12-17 00:23:06 GSD getOne 第 1 次 等待 3 秒
2023-12-17 00:23:09 查询号码 【1793448】，返回信息 {"status":"ok","msg":"-","gid":"625863","time_insert":"2023-03-31 13:38"}
2023-12-17 00:23:09 查询号码 【1793448】，GSD为【"-"】
2023-12-17 00:23:09 ok && -
2023-12-17 00:23:11 CHB 1793448?1702743789 第 1 次 等待 3 秒
2023-12-17 00:23:14 CHB 1793448?1702743789 第 1 次 获取到号码【1793448】GSD
2023-12-17 00:23:14 未获取到号码【1793448】GSD，可能号码格式错误
2023-12-17 00:23:14 获取到号码【1793448】的GSD为【-】
2023-12-17 00:23:19 GSD insert 第 1 次 等待 3 秒
2023-12-17 00:23:22 {"status":"bad","gid":"625863","msg":"添加失败！号码【1793448(-|-)】已存在！"}
2023-12-17 00:23:22 随机等待 159 秒，约 2 分钟
2023-12-17 00:23:22 下次操作: 2023-12-17 00:26:01

2023-12-17 00:26:01 开始第 3535 次操作

2023-12-17 00:26:01 开始操作号码 【1793449】
2023-12-17 00:26:05 GSD getOne 第 1 次 等待 3 秒
2023-12-17 00:26:08 查询号码 【1793449】，返回信息 {"status":"ok","msg":"-","gid":"625893","time_insert":"2023-03-31 13:55"}
2023-12-17 00:26:08 查询号码 【1793449】，GSD为【"-"】
2023-12-17 00:26:08 ok && -
2023-12-17 00:26:09 CHB 1793449?1702743968 第 1 次 等待 3 秒
2023-12-17 00:26:12 CHB 1793449?1702743968 第 1 次 获取到号码【1793449】GSD
2023-12-17 00:26:12 未获取到号码【1793449】GSD，可能号码格式错误
2023-12-17 00:26:12 获取到号码【1793449】的GSD为【-】
2023-12-17 00:26:16 GSD insert 第 1 次 等待 3 秒
2023-12-17 00:26:19 {"status":"bad","gid":"625893","msg":"添加失败！号码【1793449(-|-)】已存在！"}
2023-12-17 00:26:19 随机等待 143 秒，约 2 分钟
2023-12-17 00:26:19 下次操作: 2023-12-17 00:28:42

2023-12-17 00:28:42 开始第 3536 次操作

2023-12-17 00:28:42 开始操作号码 【1793450】
2023-12-17 00:28:47 GSD getOne 第 1 次 等待 3 秒
2023-12-17 00:28:50 查询号码 【1793450】，返回信息 {"status":"ok","msg":"-","gid":"625921","time_insert":"2023-03-31 14:15"}
2023-12-17 00:28:50 查询号码 【1793450】，GSD为【"-"】
2023-12-17 00:28:50 ok && -
2023-12-17 00:28:52 CHB 1793450?1702744130 第 1 次 等待 3 秒
2023-12-17 00:28:55 CHB 1793450?1702744130 第 1 次 获取到号码【1793450】GSD
2023-12-17 00:28:55 未获取到号码【1793450】GSD，可能号码格式错误
2023-12-17 00:28:55 获取到号码【1793450】的GSD为【-】
2023-12-17 00:28:59 GSD insert 第 1 次 等待 3 秒
2023-12-17 00:29:02 {"status":"bad","gid":"625921","msg":"添加失败！号码【1793450(-|-)】已存在！"}

