2024-09-09 00:23:33 开始第 3569 次操作

2024-09-09 00:23:33 开始操作号码 【1353568】
2024-09-09 00:23:41 GSD getOne 第 1 次 等待 3 秒
2024-09-09 00:23:44 查询号码 【1353568】，返回信息 {"status":"ok","msg":"广东-佛山","gid":"109906","time_insert":"2021-06-21 06:01"}
2024-09-09 00:23:44 查询号码 【1353568】，GSD为【"广东-佛山"】

2024-09-09 00:23:46 开始第 3570 次操作

2024-09-09 00:23:46 开始操作号码 【1353569】
2024-09-09 00:23:53 GSD getOne 第 1 次 等待 3 秒
2024-09-09 00:23:56 查询号码 【1353569】，返回信息 {"status":"ok","msg":"广东-佛山","gid":"109942","time_insert":"2021-06-21 06:25"}
2024-09-09 00:23:56 查询号码 【1353569】，GSD为【"广东-佛山"】

2024-09-09 00:23:57 开始第 3571 次操作

2024-09-09 00:23:57 开始操作号码 【1353570】
2024-09-09 00:24:05 GSD getOne 第 1 次 等待 3 秒
2024-09-09 00:24:08 查询号码 【1353570】，返回信息 {"status":"ok","msg":"广东-佛山","gid":"5636","time_insert":"2017-07-10 08:38","time_update":"2020-09-26 07:54"}
2024-09-09 00:24:08 查询号码 【1353570】，GSD为【"广东-佛山"】

2024-09-09 00:24:09 开始第 3572 次操作

2024-09-09 00:24:09 开始操作号码 【1353571】
2024-09-09 00:24:17 GSD getOne 第 1 次 等待 3 秒
2024-09-09 00:24:20 查询号码 【1353571】，返回信息 {"status":"ok","msg":"广东-佛山","gid":"109970","time_insert":"2021-06-21 06:46"}
2024-09-09 00:24:20 查询号码 【1353571】，GSD为【"广东-佛山"】

