2024-03-03 00:19:34 开始第 6733 次操作

2024-03-03 00:19:34 开始操作号码 【1686645】
2024-03-03 00:19:42 GSD getOne 第 1 次 等待 3 秒
2024-03-03 00:19:45 查询号码 【1686645】，返回信息 {"status":"ok","msg":"-","gid":"662220","time_insert":"2023-04-18 13:18"}
2024-03-03 00:19:45 查询号码 【1686645】，GSD为【"-"】
2024-03-03 00:19:45 ok && -
2024-03-03 00:19:49 CHB 1686645?1709396385 第 1 次 等待 3 秒
2024-03-03 00:19:52 CHB 1686645?1709396385 第 1 次 获取到号码【1686645】GSD
2024-03-03 00:19:52 未获取到号码【1686645】GSD，可能号码格式错误
2024-03-03 00:19:52 获取到号码【1686645】的GSD为【-】
2024-03-03 00:19:57 GSD insert 第 1 次 等待 3 秒
2024-03-03 00:20:00 {"status":"bad","gid":"662220","msg":"添加失败！号码【1686645(-|-)】已存在！"}
2024-03-03 00:20:00 随机等待 106 秒，约 1 分钟
2024-03-03 00:20:00 下次操作: 2024-03-03 00:21:46

2024-03-03 00:21:46 开始第 6734 次操作

2024-03-03 00:21:46 开始操作号码 【1686646】
2024-03-03 00:21:52 GSD getOne 第 1 次 等待 3 秒
2024-03-03 00:21:55 查询号码 【1686646】，返回信息 {"status":"ok","msg":"-","gid":"662231","time_insert":"2023-04-18 13:29"}
2024-03-03 00:21:55 查询号码 【1686646】，GSD为【"-"】
2024-03-03 00:21:55 ok && -
2024-03-03 00:21:57 CHB 1686646?1709396515 第 1 次 等待 3 秒
2024-03-03 00:22:00 CHB 1686646?1709396515 第 1 次 获取到号码【1686646】GSD
2024-03-03 00:22:00 未获取到号码【1686646】GSD，可能号码格式错误
2024-03-03 00:22:00 获取到号码【1686646】的GSD为【-】
2024-03-03 00:22:09 GSD insert 第 1 次 等待 3 秒
2024-03-03 00:22:12 {"status":"bad","gid":"662231","msg":"添加失败！号码【1686646(-|-)】已存在！"}
2024-03-03 00:22:12 随机等待 218 秒，约 3 分钟
2024-03-03 00:22:12 下次操作: 2024-03-03 00:25:50

2024-03-03 00:25:50 开始第 6735 次操作

2024-03-03 00:25:50 开始操作号码 【1686647】
2024-03-03 00:25:54 GSD getOne 第 1 次 等待 3 秒
2024-03-03 00:25:57 查询号码 【1686647】，返回信息 {"status":"ok","msg":"-","gid":"662265","time_insert":"2023-04-18 13:47"}
2024-03-03 00:25:57 查询号码 【1686647】，GSD为【"-"】
2024-03-03 00:25:57 ok && -
2024-03-03 00:26:01 CHB 1686647?1709396757 第 1 次 等待 3 秒
2024-03-03 00:26:04 CHB 1686647?1709396757 第 1 次 获取到号码【1686647】GSD
2024-03-03 00:26:04 未获取到号码【1686647】GSD，可能号码格式错误
2024-03-03 00:26:04 获取到号码【1686647】的GSD为【-】
2024-03-03 00:26:10 GSD insert 第 1 次 等待 3 秒
2024-03-03 00:26:13 {"status":"bad","gid":"662265","msg":"添加失败！号码【1686647(-|-)】已存在！"}
2024-03-03 00:26:13 随机等待 116 秒，约 1 分钟
2024-03-03 00:26:13 下次操作: 2024-03-03 00:28:09

2024-03-03 00:28:09 开始第 6736 次操作

2024-03-03 00:28:09 开始操作号码 【1686648】
2024-03-03 00:28:14 GSD getOne 第 1 次 等待 3 秒
2024-03-03 00:28:17 查询号码 【1686648】，返回信息 {"status":"ok","msg":"-","gid":"662297","time_insert":"2023-04-18 14:07"}
2024-03-03 00:28:17 查询号码 【1686648】，GSD为【"-"】
2024-03-03 00:28:17 ok && -
2024-03-03 00:28:21 CHB 1686648?1709396897 第 1 次 等待 3 秒
2024-03-03 00:28:24 CHB 1686648?1709396897 第 1 次 获取到号码【1686648】GSD
2024-03-03 00:28:24 未获取到号码【1686648】GSD，可能号码格式错误
2024-03-03 00:28:24 获取到号码【1686648】的GSD为【-】
2024-03-03 00:28:29 GSD insert 第 1 次 等待 3 秒
2024-03-03 00:28:32 {"status":"bad","gid":"662297","msg":"添加失败！号码【1686648(-|-)】已存在！"}

2024-03-03 00:37:39 开始第 6737 次操作

2024-03-03 00:37:39 开始操作号码 【1686649】
2024-03-03 00:37:44 GSD getOne 第 1 次 等待 3 秒
2024-03-03 00:37:47 查询号码 【1686649】，返回信息 {"status":"ok","msg":"-","gid":"662323","time_insert":"2023-04-18 14:27"}
2024-03-03 00:37:47 查询号码 【1686649】，GSD为【"-"】
2024-03-03 00:37:47 ok && -
2024-03-03 00:37:49 CHB 1686649?1709397467 第 1 次 等待 3 秒
2024-03-03 00:37:52 CHB 1686649?1709397467 第 1 次 获取到号码【1686649】GSD
2024-03-03 00:37:52 未获取到号码【1686649】GSD，可能号码格式错误
2024-03-03 00:37:52 获取到号码【1686649】的GSD为【-】
2024-03-03 00:37:56 GSD insert 第 1 次 等待 3 秒
2024-03-03 00:37:59 {"status":"bad","gid":"662323","msg":"添加失败！号码【1686649(-|-)】已存在！"}
2024-03-03 00:37:59 随机等待 229 秒，约 3 分钟
2024-03-03 00:37:59 下次操作: 2024-03-03 00:41:48

2024-03-03 00:41:48 开始第 6738 次操作

2024-03-03 00:41:48 开始操作号码 【1686650】
2024-03-03 00:41:53 GSD getOne 第 1 次 等待 3 秒
2024-03-03 00:41:56 查询号码 【1686650】，返回信息 {"status":"ok","msg":"-","gid":"662337","time_insert":"2023-04-18 14:36"}
2024-03-03 00:41:56 查询号码 【1686650】，GSD为【"-"】
2024-03-03 00:41:56 ok && -
2024-03-03 00:41:58 CHB 1686650?1709397716 第 1 次 等待 3 秒
2024-03-03 00:42:01 CHB 1686650?1709397716 第 1 次 获取到号码【1686650】GSD
2024-03-03 00:42:01 未获取到号码【1686650】GSD，可能号码格式错误
2024-03-03 00:42:01 获取到号码【1686650】的GSD为【-】
2024-03-03 00:42:06 GSD insert 第 1 次 等待 3 秒
2024-03-03 00:42:09 {"status":"bad","gid":"662337","msg":"添加失败！号码【1686650(-|-)】已存在！"}
2024-03-03 00:42:09 随机等待 169 秒，约 2 分钟
2024-03-03 00:42:09 下次操作: 2024-03-03 00:44:58

2024-03-03 00:44:58 开始第 6739 次操作

2024-03-03 00:44:58 开始操作号码 【1686651】
2024-03-03 00:45:06 GSD getOne 第 1 次 等待 3 秒
2024-03-03 00:45:09 查询号码 【1686651】，返回信息 {"status":"ok","msg":"-","gid":"662359","time_insert":"2023-04-18 14:48"}
2024-03-03 00:45:09 查询号码 【1686651】，GSD为【"-"】
2024-03-03 00:45:09 ok && -
2024-03-03 00:45:11 CHB 1686651?1709397909 第 1 次 等待 3 秒
2024-03-03 00:45:14 CHB 1686651?1709397909 第 1 次 获取到号码【1686651】GSD
2024-03-03 00:45:14 未获取到号码【1686651】GSD，可能号码格式错误
2024-03-03 00:45:14 获取到号码【1686651】的GSD为【-】
2024-03-03 00:45:19 GSD insert 第 1 次 等待 3 秒
2024-03-03 00:45:22 {"status":"bad","gid":"662359","msg":"添加失败！号码【1686651(-|-)】已存在！"}
2024-03-03 00:45:22 随机等待 147 秒，约 2 分钟
2024-03-03 00:45:22 下次操作: 2024-03-03 00:47:49

2024-03-03 00:47:49 开始第 6740 次操作

2024-03-03 00:47:49 开始操作号码 【1686652】
2024-03-03 00:47:53 GSD getOne 第 1 次 等待 3 秒
2024-03-03 00:47:56 查询号码 【1686652】，返回信息 {"status":"ok","msg":"-","gid":"662377","time_insert":"2023-04-18 14:58"}
2024-03-03 00:47:56 查询号码 【1686652】，GSD为【"-"】
2024-03-03 00:47:56 ok && -
2024-03-03 00:47:58 CHB 1686652?1709398076 第 1 次 等待 3 秒
2024-03-03 00:48:01 CHB 1686652?1709398076 第 1 次 获取到号码【1686652】GSD
2024-03-03 00:48:01 未获取到号码【1686652】GSD，可能号码格式错误
2024-03-03 00:48:01 获取到号码【1686652】的GSD为【-】
2024-03-03 00:48:06 GSD insert 第 1 次 等待 3 秒
2024-03-03 00:48:09 {"status":"bad","gid":"662377","msg":"添加失败！号码【1686652(-|-)】已存在！"}

2024-03-03 01:13:42 开始第 6741 次操作

2024-03-03 01:13:42 开始操作号码 【1686653】
2024-03-03 01:13:47 GSD getOne 第 1 次 等待 3 秒
2024-03-03 01:13:50 查询号码 【1686653】，返回信息 {"status":"ok","msg":"-","gid":"662407","time_insert":"2023-04-18 15:20"}
2024-03-03 01:13:50 查询号码 【1686653】，GSD为【"-"】
2024-03-03 01:13:50 ok && -
2024-03-03 01:13:52 CHB 1686653?1709399630 第 1 次 等待 3 秒
2024-03-03 01:13:55 CHB 1686653?1709399630 第 1 次 获取到号码【1686653】GSD
2024-03-03 01:13:55 未获取到号码【1686653】GSD，可能号码格式错误
2024-03-03 01:13:55 获取到号码【1686653】的GSD为【-】
2024-03-03 01:13:59 GSD insert 第 1 次 等待 3 秒
2024-03-03 01:14:02 {"status":"bad","gid":"662407","msg":"添加失败！号码【1686653(-|-)】已存在！"}
2024-03-03 01:14:02 随机等待 68 秒，约 1 分钟
2024-03-03 01:14:02 下次操作: 2024-03-03 01:15:10

2024-03-03 01:15:10 开始第 6742 次操作

2024-03-03 01:15:10 开始操作号码 【1686654】
2024-03-03 01:15:15 GSD getOne 第 1 次 等待 3 秒
2024-03-03 01:15:18 查询号码 【1686654】，返回信息 {"status":"ok","msg":"-","gid":"662423","time_insert":"2023-04-18 15:29"}
2024-03-03 01:15:18 查询号码 【1686654】，GSD为【"-"】
2024-03-03 01:15:18 ok && -
2024-03-03 01:15:20 CHB 1686654?1709399718 第 1 次 等待 3 秒
2024-03-03 01:15:23 CHB 1686654?1709399718 第 1 次 获取到号码【1686654】GSD
2024-03-03 01:15:24 未获取到号码【1686654】GSD，可能号码格式错误
2024-03-03 01:15:24 获取到号码【1686654】的GSD为【-】
2024-03-03 01:15:28 GSD insert 第 1 次 等待 3 秒
2024-03-03 01:15:31 {"status":"bad","gid":"662423","msg":"添加失败！号码【1686654(-|-)】已存在！"}
2024-03-03 01:15:31 随机等待 214 秒，约 3 分钟
2024-03-03 01:15:31 下次操作: 2024-03-03 01:19:05

2024-03-03 01:19:05 开始第 6743 次操作

2024-03-03 01:19:05 开始操作号码 【1686655】
2024-03-03 01:19:10 GSD getOne 第 1 次 等待 3 秒
2024-03-03 01:19:13 查询号码 【1686655】，返回信息 {"status":"ok","msg":"-","gid":"662454","time_insert":"2023-04-18 15:48"}
2024-03-03 01:19:13 查询号码 【1686655】，GSD为【"-"】
2024-03-03 01:19:13 ok && -
2024-03-03 01:19:16 CHB 1686655?1709399953 第 1 次 等待 3 秒
2024-03-03 01:19:19 CHB 1686655?1709399953 第 1 次 获取到号码【1686655】GSD
2024-03-03 01:19:19 未获取到号码【1686655】GSD，可能号码格式错误
2024-03-03 01:19:19 获取到号码【1686655】的GSD为【-】
2024-03-03 01:19:23 GSD insert 第 1 次 等待 3 秒
2024-03-03 01:19:26 {"status":"bad","gid":"662454","msg":"添加失败！号码【1686655(-|-)】已存在！"}
2024-03-03 01:19:26 随机等待 196 秒，约 3 分钟
2024-03-03 01:19:26 下次操作: 2024-03-03 01:22:42

2024-03-03 01:22:42 开始第 6744 次操作

2024-03-03 01:22:42 开始操作号码 【1686656】
2024-03-03 01:22:51 GSD getOne 第 1 次 等待 3 秒
2024-03-03 01:22:54 查询号码 【1686656】，返回信息 {"status":"ok","msg":"-","gid":"662483","time_insert":"2023-04-18 16:09"}
2024-03-03 01:22:54 查询号码 【1686656】，GSD为【"-"】
2024-03-03 01:22:54 ok && -
2024-03-03 01:22:58 CHB 1686656?1709400174 第 1 次 等待 3 秒
2024-03-03 01:23:01 CHB 1686656?1709400174 第 1 次 获取到号码【1686656】GSD
2024-03-03 01:23:01 未获取到号码【1686656】GSD，可能号码格式错误
2024-03-03 01:23:01 获取到号码【1686656】的GSD为【-】
2024-03-03 01:23:06 GSD insert 第 1 次 等待 3 秒
2024-03-03 01:23:09 {"status":"bad","gid":"662483","msg":"添加失败！号码【1686656(-|-)】已存在！"}

