2023-10-27 00:21:21 开始第 5205 次操作

2023-10-27 00:21:21 开始操作号码 【1895119】
2023-10-27 00:21:32 GSD getOne 第 1 次 等待 3 秒
2023-10-27 00:21:35 查询号码 【1895119】，返回信息 {"status":"ok","msg":"江苏-宿迁","gid":"478243","time_insert":"2021-08-02 11:11"}
2023-10-27 00:21:35 查询号码 【1895119】，GSD为【"江苏-宿迁"】

2023-10-27 00:21:36 开始第 5206 次操作

2023-10-27 00:21:36 开始操作号码 【1895120】
2023-10-27 00:21:41 GSD getOne 第 1 次 等待 3 秒
2023-10-27 00:21:44 查询号码 【1895120】，返回信息 {"status":"ok","msg":"江苏-常州","gid":"478234","time_insert":"2021-08-02 11:10"}
2023-10-27 00:21:44 查询号码 【1895120】，GSD为【"江苏-常州"】

2023-10-27 00:21:45 开始第 5207 次操作

2023-10-27 00:21:45 开始操作号码 【1895121】
2023-10-27 00:21:49 GSD getOne 第 1 次 等待 3 秒
2023-10-27 00:21:52 查询号码 【1895121】，返回信息 {"status":"ok","msg":"江苏-常州","gid":"478224","time_insert":"2021-08-02 11:09"}
2023-10-27 00:21:52 查询号码 【1895121】，GSD为【"江苏-常州"】

2023-10-27 00:21:53 开始第 5208 次操作

2023-10-27 00:21:53 开始操作号码 【1895122】
2023-10-27 00:21:56 GSD getOne 第 1 次 等待 3 秒
2023-10-27 00:21:59 查询号码 【1895122】，返回信息 {"status":"ok","msg":"江苏-常州","gid":"478213","time_insert":"2021-08-02 11:08"}
2023-10-27 00:21:59 查询号码 【1895122】，GSD为【"江苏-常州"】

