2021-07-11 01:00:03 开始第 1 次操作

2021-07-11 01:00:03 开始操作号码 【1719474】
2021-07-11 01:00:08 GSD getOne 第 1 次 等待 1 秒
2021-07-11 01:00:09 查询号码 【1719474】，返回信息 {"status":"bad","msg":""}
2021-07-11 01:00:09 查询号码 【1719474】，GSD为【""】
2021-07-11 01:00:09 bad
2021-07-11 01:00:11 CHB 1719474?1625936409 第 1 次 等待 1 秒
2021-07-11 01:00:12 CHB 1719474?1625936409 第 1 次 获取到号码【1719474】GSD
2021-07-11 01:00:12 获取到号码【1719474】的GSD为【内蒙古-包头】
2021-07-11 01:00:28 GSD insert 第 1 次 等待 1 秒
2021-07-11 01:00:29 {"status":"ok","msg":"添加成功！243832"}
2021-07-11 01:00:29 下次操作: 2021-07-11 01:00:40

2021-07-11 01:00:40 开始第 2 次操作

2021-07-11 01:00:40 开始操作号码 【1719475】
2021-07-11 01:00:43 GSD getOne 第 1 次 等待 1 秒
2021-07-11 01:00:44 查询号码 【1719475】，返回信息 {"status":"bad","msg":""}
2021-07-11 01:00:44 查询号码 【1719475】，GSD为【""】
2021-07-11 01:00:44 bad
2021-07-11 01:00:46 CHB 1719475?1625936444 第 1 次 等待 1 秒
2021-07-11 01:00:47 CHB 1719475?1625936444 第 1 次 获取到号码【1719475】GSD
2021-07-11 01:00:47 获取到号码【1719475】的GSD为【内蒙古-呼和浩特】
2021-07-11 01:00:52 GSD insert 第 1 次 等待 1 秒
2021-07-11 01:00:53 {"status":"ok","msg":"添加成功！243836"}
2021-07-11 01:00:53 下次操作: 2021-07-11 01:01:10

2021-07-11 01:01:10 开始第 3 次操作

2021-07-11 01:01:10 开始操作号码 【1719476】
2021-07-11 01:01:14 GSD getOne 第 1 次 等待 1 秒
2021-07-11 01:01:15 查询号码 【1719476】，返回信息 {"status":"bad","msg":""}
2021-07-11 01:01:15 查询号码 【1719476】，GSD为【""】
2021-07-11 01:01:15 bad
2021-07-11 01:01:17 CHB 1719476?1625936475 第 1 次 等待 1 秒
2021-07-11 01:01:18 CHB 1719476?1625936475 第 1 次 获取到号码【1719476】GSD
2021-07-11 01:01:18 获取到号码【1719476】的GSD为【内蒙古-呼和浩特】
2021-07-11 01:01:21 GSD insert 第 1 次 等待 1 秒
2021-07-11 01:01:22 {"status":"ok","msg":"添加成功！243843"}
2021-07-11 01:01:22 下次操作: 2021-07-11 01:01:39

2021-07-11 01:01:39 开始第 4 次操作

2021-07-11 01:01:39 开始操作号码 【1719477】
2021-07-11 01:01:45 GSD getOne 第 1 次 等待 1 秒
2021-07-11 01:01:46 查询号码 【1719477】，返回信息 {"status":"bad","msg":""}
2021-07-11 01:01:46 查询号码 【1719477】，GSD为【""】
2021-07-11 01:01:46 bad
2021-07-11 01:01:48 CHB 1719477?1625936506 第 1 次 等待 1 秒
2021-07-11 01:01:49 CHB 1719477?1625936506 第 1 次 获取到号码【1719477】GSD
2021-07-11 01:01:49 获取到号码【1719477】的GSD为【内蒙古-呼和浩特】
2021-07-11 01:02:05 GSD insert 第 1 次 等待 1 秒
2021-07-11 01:02:06 {"status":"ok","msg":"添加成功！243851"}
2021-07-11 01:02:06 下次操作: 2021-07-11 01:02:20

2021-07-11 01:02:20 开始第 5 次操作

2021-07-11 01:02:20 开始操作号码 【1719478】
2021-07-11 01:02:30 GSD getOne 第 1 次 等待 1 秒
2021-07-11 01:02:31 查询号码 【1719478】，返回信息 {"status":"bad","msg":""}
2021-07-11 01:02:32 查询号码 【1719478】，GSD为【""】
2021-07-11 01:02:32 bad
2021-07-11 01:02:33 CHB 1719478?1625936552 第 1 次 等待 1 秒
2021-07-11 01:02:34 CHB 1719478?1625936552 第 1 次 获取到号码【1719478】GSD
2021-07-11 01:02:34 获取到号码【1719478】的GSD为【内蒙古-呼和浩特】
2021-07-11 01:02:40 GSD insert 第 1 次 等待 1 秒
2021-07-11 01:02:41 {"status":"ok","msg":"添加成功！243855"}
2021-07-11 01:02:41 下次操作: 2021-07-11 01:02:47

2021-07-11 01:02:47 开始第 6 次操作

2021-07-11 01:02:47 开始操作号码 【1719479】
2021-07-11 01:02:53 GSD getOne 第 1 次 等待 1 秒
2021-07-11 01:02:54 查询号码 【1719479】，返回信息 {"status":"bad","msg":""}
2021-07-11 01:02:54 查询号码 【1719479】，GSD为【""】
2021-07-11 01:02:54 bad
2021-07-11 01:02:58 CHB 1719479?1625936574 第 1 次 等待 1 秒
2021-07-11 01:02:59 CHB 1719479?1625936574 第 1 次 获取到号码【1719479】GSD
2021-07-11 01:02:59 获取到号码【1719479】的GSD为【内蒙古-呼和浩特】
2021-07-11 01:03:02 GSD insert 第 1 次 等待 1 秒
2021-07-11 01:03:03 {"status":"ok","msg":"添加成功！243861"}
2021-07-11 01:03:03 下次操作: 2021-07-11 01:03:18

2021-07-11 01:03:18 开始第 7 次操作

2021-07-11 01:03:18 开始操作号码 【1719480】
2021-07-11 01:03:23 GSD getOne 第 1 次 等待 1 秒
2021-07-11 01:03:24 查询号码 【1719480】，返回信息 {"status":"bad","msg":""}
2021-07-11 01:03:24 查询号码 【1719480】，GSD为【""】
2021-07-11 01:03:24 bad
2021-07-11 01:03:26 CHB 1719480?1625936604 第 1 次 等待 1 秒
2021-07-11 01:03:27 CHB 1719480?1625936604 第 1 次 获取到号码【1719480】GSD
2021-07-11 01:03:27 获取到号码【1719480】的GSD为【广东-广州】
2021-07-11 01:03:30 GSD insert 第 1 次 等待 1 秒
2021-07-11 01:03:31 {"status":"ok","msg":"添加成功！243869"}
2021-07-11 01:03:31 下次操作: 2021-07-11 01:03:42

2021-07-11 01:03:42 开始第 8 次操作

2021-07-11 01:03:42 开始操作号码 【1719481】
2021-07-11 01:03:45 GSD getOne 第 1 次 等待 1 秒
2021-07-11 01:03:46 查询号码 【1719481】，返回信息 {"status":"bad","msg":""}
2021-07-11 01:03:47 查询号码 【1719481】，GSD为【""】
2021-07-11 01:03:47 bad
2021-07-11 01:03:49 CHB 1719481?1625936627 第 1 次 等待 1 秒
2021-07-11 01:03:50 CHB 1719481?1625936627 第 1 次 获取到号码【1719481】GSD
2021-07-11 01:03:50 获取到号码【1719481】的GSD为【广东-深圳】
2021-07-11 01:03:53 GSD insert 第 1 次 等待 1 秒
2021-07-11 01:03:54 {"status":"ok","msg":"添加成功！243875"}
2021-07-11 01:03:54 下次操作: 2021-07-11 01:04:07

2021-07-11 01:04:07 开始第 9 次操作

2021-07-11 01:04:07 开始操作号码 【1719482】
2021-07-11 01:04:09 GSD getOne 第 1 次 等待 1 秒
2021-07-11 01:04:10 查询号码 【1719482】，返回信息 {"status":"bad","msg":""}
2021-07-11 01:04:10 查询号码 【1719482】，GSD为【""】
2021-07-11 01:04:10 bad
2021-07-11 01:04:12 CHB 1719482?1625936650 第 1 次 等待 1 秒
2021-07-11 01:04:13 CHB 1719482?1625936650 第 1 次 获取到号码【1719482】GSD
2021-07-11 01:04:13 获取到号码【1719482】的GSD为【广东-东莞】
2021-07-11 01:04:24 GSD insert 第 1 次 等待 1 秒
2021-07-11 01:04:25 {"status":"ok","msg":"添加成功！243881"}
2021-07-11 01:04:26 下次操作: 2021-07-11 01:04:37

2021-07-11 01:04:37 开始第 10 次操作

2021-07-11 01:04:37 开始操作号码 【1719483】
2021-07-11 01:05:15 GSD getOne 第 1 次 等待 1 秒
2021-07-11 01:05:16 查询号码 【1719483】，返回信息 {"status":"bad","msg":""}
2021-07-11 01:05:16 查询号码 【1719483】，GSD为【""】
2021-07-11 01:05:16 bad
2021-07-11 01:05:18 CHB 1719483?1625936716 第 1 次 等待 1 秒
2021-07-11 01:05:19 CHB 1719483?1625936716 第 1 次 获取到号码【1719483】GSD
2021-07-11 01:05:19 获取到号码【1719483】的GSD为【广东-佛山】
2021-07-11 01:05:22 GSD insert 第 1 次 等待 1 秒
2021-07-11 01:05:23 {"status":"ok","msg":"添加成功！243893"}
2021-07-11 01:05:23 下次操作: 2021-07-11 01:05:37

2021-07-11 01:05:37 开始第 11 次操作

2021-07-11 01:05:37 开始操作号码 【1719484】
2021-07-11 01:05:39 GSD getOne 第 1 次 等待 1 秒
2021-07-11 01:05:40 查询号码 【1719484】，返回信息 {"status":"bad","msg":""}
2021-07-11 01:05:40 查询号码 【1719484】，GSD为【""】
2021-07-11 01:05:40 bad
2021-07-11 01:05:42 CHB 1719484?1625936740 第 1 次 等待 1 秒
2021-07-11 01:05:43 CHB 1719484?1625936740 第 1 次 获取到号码【1719484】GSD
2021-07-11 01:05:43 获取到号码【1719484】的GSD为【广东-惠州】
2021-07-11 01:05:51 GSD insert 第 1 次 等待 1 秒
2021-07-11 01:05:52 {"status":"ok","msg":"添加成功！243904"}
2021-07-11 01:05:52 下次操作: 2021-07-11 01:06:00

2021-07-11 01:06:00 开始第 12 次操作

2021-07-11 01:06:00 开始操作号码 【1719485】
2021-07-11 01:06:03 GSD getOne 第 1 次 等待 1 秒
2021-07-11 01:06:04 查询号码 【1719485】，返回信息 {"status":"bad","msg":""}
2021-07-11 01:06:04 查询号码 【1719485】，GSD为【""】
2021-07-11 01:06:04 bad
2021-07-11 01:06:06 CHB 1719485?1625936764 第 1 次 等待 1 秒
2021-07-11 01:06:07 CHB 1719485?1625936764 第 1 次 获取到号码【1719485】GSD
2021-07-11 01:06:07 获取到号码【1719485】的GSD为【广东-江门】
2021-07-11 01:06:13 GSD insert 第 1 次 等待 1 秒
2021-07-11 01:06:14 {"status":"ok","msg":"添加成功！243909"}
2021-07-11 01:06:14 下次操作: 2021-07-11 01:06:23

2021-07-11 01:06:23 开始第 13 次操作

2021-07-11 01:06:23 开始操作号码 【1719486】
2021-07-11 01:06:29 GSD getOne 第 1 次 等待 1 秒
2021-07-11 01:06:30 查询号码 【1719486】，返回信息 {"status":"bad","msg":""}
2021-07-11 01:06:30 查询号码 【1719486】，GSD为【""】
2021-07-11 01:06:30 bad
2021-07-11 01:06:32 CHB 1719486?1625936790 第 1 次 等待 1 秒
2021-07-11 01:06:33 CHB 1719486?1625936790 第 1 次 获取到号码【1719486】GSD
2021-07-11 01:06:33 获取到号码【1719486】的GSD为【广东-广州】
2021-07-11 01:06:36 GSD insert 第 1 次 等待 1 秒
2021-07-11 01:06:37 {"status":"ok","msg":"添加成功！243916"}
2021-07-11 01:06:37 下次操作: 2021-07-11 01:06:51

2021-07-11 01:06:51 开始第 14 次操作

2021-07-11 01:06:51 开始操作号码 【1719487】
2021-07-11 01:07:03 GSD getOne 第 1 次 等待 1 秒
2021-07-11 01:07:04 查询号码 【1719487】，返回信息 {"status":"bad","msg":""}
2021-07-11 01:07:04 查询号码 【1719487】，GSD为【""】
2021-07-11 01:07:04 bad
2021-07-11 01:07:06 CHB 1719487?1625936824 第 1 次 等待 1 秒
2021-07-11 01:07:07 CHB 1719487?1625936824 第 1 次 获取到号码【1719487】GSD
2021-07-11 01:07:07 获取到号码【1719487】的GSD为【广东-汕头】
2021-07-11 01:07:10 GSD insert 第 1 次 等待 1 秒
2021-07-11 01:07:11 {"status":"ok","msg":"添加成功！243925"}
2021-07-11 01:07:11 下次操作: 2021-07-11 01:07:22

2021-07-11 01:07:22 开始第 15 次操作

2021-07-11 01:07:22 开始操作号码 【1719488】
2021-07-11 01:07:32 GSD getOne 第 1 次 等待 1 秒
2021-07-11 01:07:33 查询号码 【1719488】，返回信息 {"status":"bad","msg":""}
2021-07-11 01:07:33 查询号码 【1719488】，GSD为【""】
2021-07-11 01:07:33 bad
2021-07-11 01:07:35 CHB 1719488?1625936853 第 1 次 等待 1 秒
2021-07-11 01:07:36 CHB 1719488?1625936853 第 1 次 获取到号码【1719488】GSD
2021-07-11 01:07:36 获取到号码【1719488】的GSD为【广东-韶关】
2021-07-11 01:07:38 GSD insert 第 1 次 等待 1 秒
2021-07-11 01:07:39 {"status":"ok","msg":"添加成功！243932"}
2021-07-11 01:07:39 下次操作: 2021-07-11 01:07:45

2021-07-11 01:07:45 开始第 16 次操作

2021-07-11 01:07:45 开始操作号码 【1719489】
2021-07-11 01:07:48 GSD getOne 第 1 次 等待 1 秒
2021-07-11 01:07:49 查询号码 【1719489】，返回信息 {"status":"bad","msg":""}
2021-07-11 01:07:49 查询号码 【1719489】，GSD为【""】
2021-07-11 01:07:49 bad
2021-07-11 01:07:50 CHB 1719489?1625936869 第 1 次 等待 1 秒
2021-07-11 01:07:51 CHB 1719489?1625936869 第 1 次 获取到号码【1719489】GSD
2021-07-11 01:07:51 获取到号码【1719489】的GSD为【广东-湛江】
2021-07-11 01:07:56 GSD insert 第 1 次 等待 1 秒
2021-07-11 01:07:57 {"status":"ok","msg":"添加成功！243939"}
2021-07-11 01:07:57 下次操作: 2021-07-11 01:08:08

2021-07-11 01:08:08 开始第 17 次操作

2021-07-11 01:08:08 开始操作号码 【1719490】
2021-07-11 01:08:12 GSD getOne 第 1 次 等待 1 秒
2021-07-11 01:08:13 查询号码 【1719490】，返回信息 {"status":"bad","msg":""}
2021-07-11 01:08:13 查询号码 【1719490】，GSD为【""】
2021-07-11 01:08:13 bad
2021-07-11 01:08:17 CHB 1719490?1625936893 第 1 次 等待 1 秒
2021-07-11 01:08:18 CHB 1719490?1625936893 第 1 次 获取到号码【1719490】GSD
2021-07-11 01:08:18 获取到号码【1719490】的GSD为【福建-福州】
2021-07-11 01:08:31 GSD insert 第 1 次 等待 1 秒
2021-07-11 01:08:32 {"status":"ok","msg":"添加成功！243949"}
2021-07-11 01:08:32 下次操作: 2021-07-11 01:08:46

2021-07-11 01:08:46 开始第 18 次操作

2021-07-11 01:08:46 开始操作号码 【1719491】
2021-07-11 01:08:49 GSD getOne 第 1 次 等待 1 秒
2021-07-11 01:08:50 查询号码 【1719491】，返回信息 {"status":"bad","msg":""}
2021-07-11 01:08:50 查询号码 【1719491】，GSD为【""】
2021-07-11 01:08:50 bad
2021-07-11 01:08:52 CHB 1719491?1625936930 第 1 次 等待 1 秒
2021-07-11 01:08:53 CHB 1719491?1625936930 第 1 次 获取到号码【1719491】GSD
2021-07-11 01:08:53 获取到号码【1719491】的GSD为【福建-泉州】
2021-07-11 01:08:55 GSD insert 第 1 次 等待 1 秒
2021-07-11 01:08:56 {"status":"ok","msg":"添加成功！243957"}
2021-07-11 01:08:56 下次操作: 2021-07-11 01:09:06

2021-07-11 01:09:06 开始第 19 次操作

2021-07-11 01:09:06 开始操作号码 【1719492】
2021-07-11 01:09:10 GSD getOne 第 1 次 等待 1 秒
2021-07-11 01:09:11 查询号码 【1719492】，返回信息 {"status":"bad","msg":""}
2021-07-11 01:09:11 查询号码 【1719492】，GSD为【""】
2021-07-11 01:09:11 bad
2021-07-11 01:09:12 CHB 1719492?1625936951 第 1 次 等待 1 秒
2021-07-11 01:09:13 CHB 1719492?1625936951 第 1 次 获取到号码【1719492】GSD
2021-07-11 01:09:14 获取到号码【1719492】的GSD为【福建-福州】
2021-07-11 01:09:16 GSD insert 第 1 次 等待 1 秒
2021-07-11 01:09:17 {"status":"ok","msg":"添加成功！243963"}
2021-07-11 01:09:17 下次操作: 2021-07-11 01:09:25

2021-07-11 01:09:25 开始第 20 次操作

2021-07-11 01:09:25 开始操作号码 【1719493】
2021-07-11 01:09:33 GSD getOne 第 1 次 等待 1 秒
2021-07-11 01:09:34 查询号码 【1719493】，返回信息 {"status":"bad","msg":""}
2021-07-11 01:09:34 查询号码 【1719493】，GSD为【""】
2021-07-11 01:09:34 bad
2021-07-11 01:09:37 CHB 1719493?1625936974 第 1 次 等待 1 秒
2021-07-11 01:09:38 CHB 1719493?1625936974 第 1 次 获取到号码【1719493】GSD
2021-07-11 01:09:38 获取到号码【1719493】的GSD为【福建-厦门】
2021-07-11 01:09:40 GSD insert 第 1 次 等待 1 秒
2021-07-11 01:09:41 {"status":"ok","msg":"添加成功！243970"}
2021-07-11 01:09:41 下次操作: 2021-07-11 01:09:52

2021-07-11 01:09:52 开始第 21 次操作

2021-07-11 01:09:52 开始操作号码 【1719494】
2021-07-11 01:09:54 GSD getOne 第 1 次 等待 1 秒
2021-07-11 01:09:55 查询号码 【1719494】，返回信息 {"status":"bad","msg":""}
2021-07-11 01:09:55 查询号码 【1719494】，GSD为【""】
2021-07-11 01:09:55 bad
2021-07-11 01:09:57 CHB 1719494?1625936995 第 1 次 等待 1 秒
2021-07-11 01:09:58 CHB 1719494?1625936995 第 1 次 获取到号码【1719494】GSD
2021-07-11 01:09:58 获取到号码【1719494】的GSD为【福建-漳州】
2021-07-11 01:10:01 GSD insert 第 1 次 等待 1 秒
2021-07-11 01:10:02 {"status":"ok","msg":"添加成功！243976"}
2021-07-11 01:10:02 下次操作: 2021-07-11 01:10:20

2021-07-11 01:10:20 开始第 22 次操作

2021-07-11 01:10:20 开始操作号码 【1719495】
2021-07-11 01:10:24 GSD getOne 第 1 次 等待 1 秒
2021-07-11 01:10:25 查询号码 【1719495】，返回信息 {"status":"bad","msg":""}
2021-07-11 01:10:25 查询号码 【1719495】，GSD为【""】
2021-07-11 01:10:25 bad
2021-07-11 01:10:26 CHB 1719495?1625937025 第 1 次 等待 1 秒
2021-07-11 01:10:27 CHB 1719495?1625937025 第 1 次 获取到号码【1719495】GSD
2021-07-11 01:10:27 获取到号码【1719495】的GSD为【福建-福州】
2021-07-11 01:10:30 GSD insert 第 1 次 等待 1 秒
2021-07-11 01:10:31 {"status":"ok","msg":"添加成功！243985"}
2021-07-11 01:10:31 下次操作: 2021-07-11 01:10:38

2021-07-11 01:10:38 开始第 23 次操作

2021-07-11 01:10:38 开始操作号码 【1719496】
2021-07-11 01:10:41 GSD getOne 第 1 次 等待 1 秒
2021-07-11 01:10:42 查询号码 【1719496】，返回信息 {"status":"bad","msg":""}
2021-07-11 01:10:42 查询号码 【1719496】，GSD为【""】
2021-07-11 01:10:42 bad
2021-07-11 01:10:45 CHB 1719496?1625937042 第 1 次 等待 1 秒
2021-07-11 01:10:46 CHB 1719496?1625937042 第 1 次 获取到号码【1719496】GSD
2021-07-11 01:10:46 获取到号码【1719496】的GSD为【福建-泉州】
2021-07-11 01:10:48 GSD insert 第 1 次 等待 1 秒
2021-07-11 01:10:49 {"status":"ok","msg":"添加成功！243988"}
2021-07-11 01:10:49 下次操作: 2021-07-11 01:11:01

2021-07-11 01:11:01 开始第 24 次操作

2021-07-11 01:11:01 开始操作号码 【1719497】
2021-07-11 01:11:03 GSD getOne 第 1 次 等待 1 秒
2021-07-11 01:11:04 查询号码 【1719497】，返回信息 {"status":"bad","msg":""}
2021-07-11 01:11:04 查询号码 【1719497】，GSD为【""】
2021-07-11 01:11:04 bad
2021-07-11 01:11:07 CHB 1719497?1625937064 第 1 次 等待 1 秒
2021-07-11 01:11:08 CHB 1719497?1625937064 第 1 次 获取到号码【1719497】GSD
2021-07-11 01:11:08 获取到号码【1719497】的GSD为【福建-莆田】
2021-07-11 01:11:15 GSD insert 第 1 次 等待 1 秒
2021-07-11 01:11:16 {"status":"ok","msg":"添加成功！243996"}
2021-07-11 01:11:16 下次操作: 2021-07-11 01:11:34

2021-07-11 01:11:34 开始第 25 次操作

2021-07-11 01:11:34 开始操作号码 【1719498】
2021-07-11 01:11:37 GSD getOne 第 1 次 等待 1 秒
2021-07-11 01:11:38 查询号码 【1719498】，返回信息 {"status":"bad","msg":""}
2021-07-11 01:11:38 查询号码 【1719498】，GSD为【""】
2021-07-11 01:11:38 bad
2021-07-11 01:11:39 CHB 1719498?1625937098 第 1 次 等待 1 秒
2021-07-11 01:11:40 CHB 1719498?1625937098 第 1 次 获取到号码【1719498】GSD
2021-07-11 01:11:40 获取到号码【1719498】的GSD为【福建-厦门】
2021-07-11 01:11:43 GSD insert 第 1 次 等待 1 秒
2021-07-11 01:11:44 {"status":"ok","msg":"添加成功！244003"}
2021-07-11 01:11:44 下次操作: 2021-07-11 01:11:55

2021-07-11 01:11:55 开始第 26 次操作

2021-07-11 01:11:55 开始操作号码 【1719499】
2021-07-11 01:11:58 GSD getOne 第 1 次 等待 1 秒
2021-07-11 01:11:59 查询号码 【1719499】，返回信息 {"status":"bad","msg":""}
2021-07-11 01:11:59 查询号码 【1719499】，GSD为【""】
2021-07-11 01:11:59 bad
2021-07-11 01:12:00 CHB 1719499?1625937119 第 1 次 等待 1 秒
2021-07-11 01:12:01 CHB 1719499?1625937119 第 1 次 获取到号码【1719499】GSD
2021-07-11 01:12:01 获取到号码【1719499】的GSD为【福建-泉州】
2021-07-11 01:12:07 GSD insert 第 1 次 等待 1 秒
2021-07-11 01:12:08 {"status":"ok","msg":"添加成功！244009"}
2021-07-11 01:12:08 下次操作: 2021-07-11 01:12:17

2021-07-11 01:12:17 开始第 27 次操作

2021-07-11 01:12:17 开始操作号码 【1719500】
2021-07-11 01:12:21 GSD getOne 第 1 次 等待 1 秒
2021-07-11 01:12:22 查询号码 【1719500】，返回信息 {"status":"bad","msg":""}
2021-07-11 01:12:22 查询号码 【1719500】，GSD为【""】
2021-07-11 01:12:22 bad
2021-07-11 01:12:24 CHB 1719500?1625937142 第 1 次 等待 1 秒
2021-07-11 01:12:25 CHB 1719500?1625937142 第 1 次 获取到号码【1719500】GSD
2021-07-11 01:12:25 获取到号码【1719500】的GSD为【福建-泉州】
2021-07-11 01:12:27 GSD insert 第 1 次 等待 1 秒
2021-07-11 01:12:28 {"status":"ok","msg":"添加成功！244016"}
2021-07-11 01:12:28 下次操作: 2021-07-11 01:12:34

2021-07-11 01:12:34 开始第 28 次操作

2021-07-11 01:12:34 开始操作号码 【1719501】
2021-07-11 01:12:40 GSD getOne 第 1 次 等待 1 秒
2021-07-11 01:12:41 查询号码 【1719501】，返回信息 {"status":"bad","msg":""}
2021-07-11 01:12:41 查询号码 【1719501】，GSD为【""】
2021-07-11 01:12:41 bad
2021-07-11 01:12:43 CHB 1719501?1625937161 第 1 次 等待 1 秒
2021-07-11 01:12:44 CHB 1719501?1625937161 第 1 次 获取到号码【1719501】GSD
2021-07-11 01:12:44 获取到号码【1719501】的GSD为【福建-漳州】
2021-07-11 01:12:47 GSD insert 第 1 次 等待 1 秒
2021-07-11 01:12:48 {"status":"ok","msg":"添加成功！244021"}
2021-07-11 01:12:48 下次操作: 2021-07-11 01:13:06

2021-07-11 01:13:06 开始第 29 次操作

2021-07-11 01:13:06 开始操作号码 【1719502】
2021-07-11 01:13:09 GSD getOne 第 1 次 等待 1 秒
2021-07-11 01:13:10 查询号码 【1719502】，返回信息 {"status":"bad","msg":""}
2021-07-11 01:13:10 查询号码 【1719502】，GSD为【""】
2021-07-11 01:13:10 bad
2021-07-11 01:13:12 CHB 1719502?1625937190 第 1 次 等待 1 秒
2021-07-11 01:13:13 CHB 1719502?1625937190 第 1 次 获取到号码【1719502】GSD
2021-07-11 01:13:13 获取到号码【1719502】的GSD为【福建-漳州】
2021-07-11 01:13:15 GSD insert 第 1 次 等待 1 秒
2021-07-11 01:13:16 {"status":"ok","msg":"添加成功！244028"}
2021-07-11 01:13:16 下次操作: 2021-07-11 01:13:27

2021-07-11 01:13:27 开始第 30 次操作

2021-07-11 01:13:27 开始操作号码 【1719503】
2021-07-11 01:13:30 GSD getOne 第 1 次 等待 1 秒
2021-07-11 01:13:31 查询号码 【1719503】，返回信息 {"status":"bad","msg":""}
2021-07-11 01:13:31 查询号码 【1719503】，GSD为【""】
2021-07-11 01:13:31 bad
2021-07-11 01:13:34 CHB 1719503?1625937211 第 1 次 等待 1 秒
2021-07-11 01:13:35 CHB 1719503?1625937211 第 1 次 获取到号码【1719503】GSD
2021-07-11 01:13:35 获取到号码【1719503】的GSD为【福建-莆田】
2021-07-11 01:13:39 GSD insert 第 1 次 等待 1 秒
2021-07-11 01:13:40 {"status":"ok","msg":"添加成功！244034"}

