2023-12-04 00:20:31 开始第 1249 次操作

2023-12-04 00:20:31 开始操作号码 【1791164】
2023-12-04 00:20:35 GSD getOne 第 1 次 等待 3 秒
2023-12-04 00:20:38 查询号码 【1791164】，返回信息 {"status":"ok","msg":"-","gid":"566801","time_insert":"2023-03-03 07:55"}
2023-12-04 00:20:38 查询号码 【1791164】，GSD为【"-"】
2023-12-04 00:20:38 ok && -
2023-12-04 00:20:42 CHB 1791164?1701620438 第 1 次 等待 3 秒
2023-12-04 00:20:45 CHB 1791164?1701620438 第 1 次 获取到号码【1791164】GSD
2023-12-04 00:20:45 未获取到号码【1791164】GSD，可能号码格式错误
2023-12-04 00:20:45 获取到号码【1791164】的GSD为【-】
2023-12-04 00:20:48 GSD insert 第 1 次 等待 3 秒
2023-12-04 00:20:51 {"status":"bad","gid":"566801","msg":"添加失败！号码【1791164(-|-)】已存在！"}
2023-12-04 00:20:51 随机等待 219 秒，约 3 分钟
2023-12-04 00:20:51 下次操作: 2023-12-04 00:24:30

2023-12-04 00:24:30 开始第 1250 次操作

2023-12-04 00:24:30 开始操作号码 【1791165】
2023-12-04 00:24:34 GSD getOne 第 1 次 等待 3 秒
2023-12-04 00:24:37 查询号码 【1791165】，返回信息 {"status":"ok","msg":"-","gid":"566830","time_insert":"2023-03-03 08:22"}
2023-12-04 00:24:37 查询号码 【1791165】，GSD为【"-"】
2023-12-04 00:24:37 ok && -
2023-12-04 00:24:39 CHB 1791165?1701620677 第 1 次 等待 3 秒
2023-12-04 00:24:42 CHB 1791165?1701620677 第 1 次 获取到号码【1791165】GSD
2023-12-04 00:24:42 未获取到号码【1791165】GSD，可能号码格式错误
2023-12-04 00:24:42 获取到号码【1791165】的GSD为【-】
2023-12-04 00:24:50 GSD insert 第 1 次 等待 3 秒
2023-12-04 00:24:53 {"status":"bad","gid":"566830","msg":"添加失败！号码【1791165(-|-)】已存在！"}
2023-12-04 00:24:53 随机等待 187 秒，约 3 分钟
2023-12-04 00:24:53 下次操作: 2023-12-04 00:28:00

2023-12-04 00:28:00 开始第 1251 次操作

2023-12-04 00:28:00 开始操作号码 【1791166】
2023-12-04 00:28:04 GSD getOne 第 1 次 等待 3 秒
2023-12-04 00:28:07 查询号码 【1791166】，返回信息 {"status":"ok","msg":"-","gid":"566849","time_insert":"2023-03-03 08:39"}
2023-12-04 00:28:07 查询号码 【1791166】，GSD为【"-"】
2023-12-04 00:28:07 ok && -
2023-12-04 00:28:09 CHB 1791166?1701620887 第 1 次 等待 3 秒
2023-12-04 00:28:12 CHB 1791166?1701620887 第 1 次 获取到号码【1791166】GSD
2023-12-04 00:28:12 未获取到号码【1791166】GSD，可能号码格式错误
2023-12-04 00:28:12 获取到号码【1791166】的GSD为【-】
2023-12-04 00:28:16 GSD insert 第 1 次 等待 3 秒
2023-12-04 00:28:19 {"status":"bad","gid":"566849","msg":"添加失败！号码【1791166(-|-)】已存在！"}
2023-12-04 00:28:19 随机等待 85 秒，约 1 分钟
2023-12-04 00:28:19 下次操作: 2023-12-04 00:29:44

2023-12-04 00:29:44 开始第 1252 次操作

2023-12-04 00:29:44 开始操作号码 【1791167】
2023-12-04 00:29:47 GSD getOne 第 1 次 等待 3 秒
2023-12-04 00:29:50 查询号码 【1791167】，返回信息 {"status":"ok","msg":"-","gid":"566861","time_insert":"2023-03-03 08:54"}
2023-12-04 00:29:51 查询号码 【1791167】，GSD为【"-"】
2023-12-04 00:29:51 ok && -
2023-12-04 00:29:53 CHB 1791167?1701620991 第 1 次 等待 3 秒
2023-12-04 00:29:56 CHB 1791167?1701620991 第 1 次 获取到号码【1791167】GSD
2023-12-04 00:29:56 未获取到号码【1791167】GSD，可能号码格式错误
2023-12-04 00:29:56 获取到号码【1791167】的GSD为【-】
2023-12-04 00:30:02 GSD insert 第 1 次 等待 3 秒
2023-12-04 00:30:05 {"status":"bad","gid":"566861","msg":"添加失败！号码【1791167(-|-)】已存在！"}

2023-12-04 00:39:05 开始第 1253 次操作

2023-12-04 00:39:05 开始操作号码 【1791168】
2023-12-04 00:39:10 GSD getOne 第 1 次 等待 3 秒
2023-12-04 00:39:13 查询号码 【1791168】，返回信息 {"status":"ok","msg":"-","gid":"566883","time_insert":"2023-03-03 09:11"}
2023-12-04 00:39:13 查询号码 【1791168】，GSD为【"-"】
2023-12-04 00:39:13 ok && -
2023-12-04 00:39:16 CHB 1791168?1701621553 第 1 次 等待 3 秒
2023-12-04 00:39:19 CHB 1791168?1701621553 第 1 次 获取到号码【1791168】GSD
2023-12-04 00:39:19 未获取到号码【1791168】GSD，可能号码格式错误
2023-12-04 00:39:19 获取到号码【1791168】的GSD为【-】
2023-12-04 00:39:22 GSD insert 第 1 次 等待 3 秒
2023-12-04 00:39:25 {"status":"bad","gid":"566883","msg":"添加失败！号码【1791168(-|-)】已存在！"}
2023-12-04 00:39:26 随机等待 164 秒，约 2 分钟
2023-12-04 00:39:26 下次操作: 2023-12-04 00:42:09

2023-12-04 00:42:10 开始第 1254 次操作

2023-12-04 00:42:10 开始操作号码 【1791169】
2023-12-04 00:42:14 GSD getOne 第 1 次 等待 3 秒
2023-12-04 00:42:17 查询号码 【1791169】，返回信息 {"status":"ok","msg":"-","gid":"566904","time_insert":"2023-03-03 09:30"}
2023-12-04 00:42:17 查询号码 【1791169】，GSD为【"-"】
2023-12-04 00:42:17 ok && -
2023-12-04 00:42:20 CHB 1791169?1701621737 第 1 次 等待 3 秒
2023-12-04 00:42:23 CHB 1791169?1701621737 第 1 次 获取到号码【1791169】GSD
2023-12-04 00:42:23 未获取到号码【1791169】GSD，可能号码格式错误
2023-12-04 00:42:23 获取到号码【1791169】的GSD为【-】
2023-12-04 00:42:27 GSD insert 第 1 次 等待 3 秒
2023-12-04 00:42:30 {"status":"bad","gid":"566904","msg":"添加失败！号码【1791169(-|-)】已存在！"}
2023-12-04 00:42:30 随机等待 146 秒，约 2 分钟
2023-12-04 00:42:30 下次操作: 2023-12-04 00:44:56

2023-12-04 00:44:56 开始第 1255 次操作

2023-12-04 00:44:56 开始操作号码 【1791170】
2023-12-04 00:45:01 GSD getOne 第 1 次 等待 3 秒
2023-12-04 00:45:04 查询号码 【1791170】，返回信息 {"status":"ok","msg":"-","gid":"566923","time_insert":"2023-03-03 09:47"}
2023-12-04 00:45:04 查询号码 【1791170】，GSD为【"-"】
2023-12-04 00:45:04 ok && -
2023-12-04 00:45:06 CHB 1791170?1701621904 第 1 次 等待 3 秒
2023-12-04 00:45:09 CHB 1791170?1701621904 第 1 次 获取到号码【1791170】GSD
2023-12-04 00:45:09 未获取到号码【1791170】GSD，可能号码格式错误
2023-12-04 00:45:09 获取到号码【1791170】的GSD为【-】
2023-12-04 00:45:13 GSD insert 第 1 次 等待 3 秒
2023-12-04 00:45:16 {"status":"bad","gid":"566923","msg":"添加失败！号码【1791170(-|-)】已存在！"}
2023-12-04 00:45:16 随机等待 80 秒，约 1 分钟
2023-12-04 00:45:16 下次操作: 2023-12-04 00:46:36

2023-12-04 00:46:36 开始第 1256 次操作

2023-12-04 00:46:36 开始操作号码 【1791171】
2023-12-04 00:46:39 GSD getOne 第 1 次 等待 3 秒
2023-12-04 00:46:42 查询号码 【1791171】，返回信息 {"status":"ok","msg":"-","gid":"566942","time_insert":"2023-03-03 10:03"}
2023-12-04 00:46:42 查询号码 【1791171】，GSD为【"-"】
2023-12-04 00:46:42 ok && -
2023-12-04 00:46:45 CHB 1791171?1701622002 第 1 次 等待 3 秒
2023-12-04 00:46:48 CHB 1791171?1701622002 第 1 次 获取到号码【1791171】GSD
2023-12-04 00:46:48 未获取到号码【1791171】GSD，可能号码格式错误
2023-12-04 00:46:48 获取到号码【1791171】的GSD为【-】
2023-12-04 00:46:53 GSD insert 第 1 次 等待 3 秒
2023-12-04 00:46:56 {"status":"bad","gid":"566942","msg":"添加失败！号码【1791171(-|-)】已存在！"}

