2024-03-25 00:19:36 开始第 88 次操作
2024-03-25 00:19:36 号码【168（0000 ---> 9999）】处理完毕
2024-03-25 00:37:44 开始第 88 次操作
2024-03-25 00:37:44 号码【168（0000 ---> 9999）】处理完毕
2024-03-25 01:14:33 开始第 88 次操作
2024-03-25 01:14:33 号码【168（0000 ---> 9999）】处理完毕
2024-03-25 01:37:39 开始第 88 次操作
2024-03-25 01:37:39 号码【168（0000 ---> 9999）】处理完毕
2024-03-25 02:23:11 开始第 88 次操作
2024-03-25 02:23:11 号码【168（0000 ---> 9999）】处理完毕
2024-03-25 02:38:54 开始第 88 次操作
2024-03-25 02:38:54 号码【168（0000 ---> 9999）】处理完毕
2024-03-25 03:14:18 开始第 88 次操作
2024-03-25 03:14:18 号码【168（0000 ---> 9999）】处理完毕
2024-03-25 03:37:45 开始第 88 次操作
2024-03-25 03:37:45 号码【168（0000 ---> 9999）】处理完毕
2024-03-25 04:16:22 开始第 88 次操作
2024-03-25 04:16:22 号码【168（0000 ---> 9999）】处理完毕
2024-03-25 04:37:52 开始第 88 次操作
2024-03-25 04:37:52 号码【168（0000 ---> 9999）】处理完毕
2024-03-25 05:14:44 开始第 88 次操作
2024-03-25 05:14:44 号码【168（0000 ---> 9999）】处理完毕
2024-03-25 05:37:56 开始第 88 次操作
2024-03-25 05:37:56 号码【168（0000 ---> 9999）】处理完毕
2024-03-25 06:16:40 开始第 88 次操作
2024-03-25 06:16:40 号码【168（0000 ---> 9999）】处理完毕
2024-03-25 06:37:42 开始第 88 次操作
2024-03-25 06:37:42 号码【168（0000 ---> 9999）】处理完毕
2024-03-25 07:18:42 开始第 88 次操作
2024-03-25 07:18:42 号码【168（0000 ---> 9999）】处理完毕
2024-03-25 07:37:57 开始第 88 次操作
2024-03-25 07:37:57 号码【168（0000 ---> 9999）】处理完毕
2024-03-25 09:14:30 开始第 88 次操作
2024-03-25 09:14:30 号码【168（0000 ---> 9999）】处理完毕
2024-03-25 10:05:32 开始第 88 次操作
2024-03-25 10:05:32 号码【168（0000 ---> 9999）】处理完毕
2024-03-25 10:38:47 开始第 88 次操作
2024-03-25 10:38:47 号码【168（0000 ---> 9999）】处理完毕
2024-03-25 11:19:55 开始第 88 次操作
2024-03-25 11:19:55 号码【168（0000 ---> 9999）】处理完毕
2024-03-25 11:37:55 开始第 88 次操作
2024-03-25 11:37:55 号码【168（0000 ---> 9999）】处理完毕
2024-03-25 12:21:59 开始第 88 次操作
2024-03-25 12:21:59 号码【168（0000 ---> 9999）】处理完毕
2024-03-25 12:37:41 开始第 88 次操作
2024-03-25 12:37:41 号码【168（0000 ---> 9999）】处理完毕
2024-03-25 13:17:39 开始第 88 次操作
2024-03-25 13:17:39 号码【168（0000 ---> 9999）】处理完毕
2024-03-25 13:37:40 开始第 88 次操作
2024-03-25 13:37:40 号码【168（0000 ---> 9999）】处理完毕
2024-03-25 14:03:51 开始第 88 次操作

2024-03-25 14:03:51 开始操作号码 【1570001】
2024-03-25 14:03:56 GSD getOne 第 1 次 等待 3 秒
2024-03-25 14:03:59 查询号码 【1570001】，返回信息 {"status":"ok","msg":"浙江-衢州","gid":"81781","time_insert":"2021-06-05 21:35"}
2024-03-25 14:03:59 查询号码 【1570001】，GSD为【"浙江-衢州"】

2024-03-25 14:23:14 开始第 89 次操作

2024-03-25 14:23:14 开始操作号码 【1570002】
2024-03-25 14:23:19 GSD getOne 第 1 次 等待 3 秒
2024-03-25 14:23:22 查询号码 【1570002】，返回信息 {"status":"ok","msg":"浙江-衢州","gid":"81799","time_insert":"2021-06-05 21:54"}
2024-03-25 14:23:23 查询号码 【1570002】，GSD为【"浙江-衢州"】

2024-03-25 14:23:24 开始第 90 次操作

2024-03-25 14:23:24 开始操作号码 【1570003】
2024-03-25 14:23:28 GSD getOne 第 1 次 等待 3 秒
2024-03-25 14:23:31 查询号码 【1570003】，返回信息 {"status":"ok","msg":"浙江-衢州","gid":"81820","time_insert":"2021-06-05 22:14"}
2024-03-25 14:23:31 查询号码 【1570003】，GSD为【"浙江-衢州"】

2024-03-25 14:23:32 开始第 91 次操作

2024-03-25 14:23:32 开始操作号码 【1570004】
2024-03-25 14:23:37 GSD getOne 第 1 次 等待 3 秒
2024-03-25 14:23:40 查询号码 【1570004】，返回信息 {"status":"ok","msg":"浙江-衢州","gid":"81841","time_insert":"2021-06-05 22:31"}
2024-03-25 14:23:40 查询号码 【1570004】，GSD为【"浙江-衢州"】

2024-03-25 14:23:41 开始第 92 次操作

2024-03-25 14:23:41 开始操作号码 【1570005】
2024-03-25 14:23:46 GSD getOne 第 1 次 等待 3 秒
2024-03-25 14:23:49 查询号码 【1570005】，返回信息 {"status":"ok","msg":"浙江-杭州","gid":"81861","time_insert":"2021-06-05 22:51"}
2024-03-25 14:23:49 查询号码 【1570005】，GSD为【"浙江-杭州"】

2024-03-25 14:39:28 开始第 93 次操作

2024-03-25 14:39:28 开始操作号码 【1570006】
2024-03-25 14:39:34 GSD getOne 第 1 次 等待 3 秒
2024-03-25 14:39:37 查询号码 【1570006】，返回信息 {"status":"ok","msg":"浙江-杭州","gid":"81880","time_insert":"2021-06-05 23:09"}
2024-03-25 14:39:37 查询号码 【1570006】，GSD为【"浙江-杭州"】

2024-03-25 14:39:38 开始第 94 次操作

2024-03-25 14:39:38 开始操作号码 【1570007】
2024-03-25 14:39:43 GSD getOne 第 1 次 等待 3 秒
2024-03-25 14:39:46 查询号码 【1570007】，返回信息 {"status":"ok","msg":"浙江-杭州","gid":"81897","time_insert":"2021-06-05 23:26"}
2024-03-25 14:39:46 查询号码 【1570007】，GSD为【"浙江-杭州"】

2024-03-25 14:39:47 开始第 95 次操作

2024-03-25 14:39:47 开始操作号码 【1570008】
2024-03-25 14:39:53 GSD getOne 第 1 次 等待 3 秒
2024-03-25 14:39:56 查询号码 【1570008】，返回信息 {"status":"ok","msg":"浙江-杭州","gid":"81918","time_insert":"2021-06-05 23:43"}
2024-03-25 14:39:56 查询号码 【1570008】，GSD为【"浙江-杭州"】

2024-03-25 14:39:57 开始第 96 次操作

2024-03-25 14:39:57 开始操作号码 【1570009】
2024-03-25 14:40:02 GSD getOne 第 1 次 等待 3 秒
2024-03-25 14:40:05 查询号码 【1570009】，返回信息 {"status":"ok","msg":"浙江-杭州","gid":"81935","time_insert":"2021-06-06 00:01"}
2024-03-25 14:40:05 查询号码 【1570009】，GSD为【"浙江-杭州"】

