2023-11-17 00:24:04 开始第 8897 次操作

2023-11-17 00:24:04 开始操作号码 【1898811】
2023-11-17 00:24:08 GSD getOne 第 1 次 等待 3 秒
2023-11-17 00:24:11 查询号码 【1898811】，返回信息 {"status":"ok","msg":"云南-西双版纳","gid":"45836","time_insert":"2017-06-25 10:09","time_update":"2020-12-07 17:04"}
2023-11-17 00:24:11 查询号码 【1898811】，GSD为【"云南-西双版纳"】

2023-11-17 00:24:12 开始第 8898 次操作

2023-11-17 00:24:12 开始操作号码 【1898812】
2023-11-17 00:24:15 GSD getOne 第 1 次 等待 3 秒
2023-11-17 00:24:18 查询号码 【1898812】，返回信息 {"status":"ok","msg":"云南-西双版纳","gid":"440338","time_insert":"2021-07-30 03:49"}
2023-11-17 00:24:18 查询号码 【1898812】，GSD为【"云南-西双版纳"】

2023-11-17 00:24:19 开始第 8899 次操作

2023-11-17 00:24:19 开始操作号码 【1898813】
2023-11-17 00:24:23 GSD getOne 第 1 次 等待 3 秒
2023-11-17 00:24:26 查询号码 【1898813】，返回信息 {"status":"ok","msg":"云南-西双版纳","gid":"45837","time_insert":"2016-11-29 14:31","time_update":"2020-12-07 17:09"}
2023-11-17 00:24:26 查询号码 【1898813】，GSD为【"云南-西双版纳"】

2023-11-17 00:24:27 开始第 8900 次操作

2023-11-17 00:24:27 开始操作号码 【1898814】
2023-11-17 00:24:31 GSD getOne 第 1 次 等待 3 秒
2023-11-17 00:24:34 查询号码 【1898814】，返回信息 {"status":"ok","msg":"云南-西双版纳","gid":"440328","time_insert":"2021-07-30 03:48"}
2023-11-17 00:24:34 查询号码 【1898814】，GSD为【"云南-西双版纳"】

2023-11-17 00:42:41 开始第 8901 次操作

2023-11-17 00:42:41 开始操作号码 【1898815】
2023-11-17 00:42:45 GSD getOne 第 1 次 等待 3 秒
2023-11-17 00:42:48 查询号码 【1898815】，返回信息 {"status":"ok","msg":"云南-昆明","gid":"440319","time_insert":"2021-07-30 03:47"}
2023-11-17 00:42:48 查询号码 【1898815】，GSD为【"云南-昆明"】

2023-11-17 00:42:49 开始第 8902 次操作

2023-11-17 00:42:49 开始操作号码 【1898816】
2023-11-17 00:42:54 GSD getOne 第 1 次 等待 3 秒
2023-11-17 00:42:57 查询号码 【1898816】，返回信息 {"status":"ok","msg":"云南-昆明","gid":"440311","time_insert":"2021-07-30 03:47"}
2023-11-17 00:42:57 查询号码 【1898816】，GSD为【"云南-昆明"】

2023-11-17 00:42:58 开始第 8903 次操作

2023-11-17 00:42:58 开始操作号码 【1898817】
2023-11-17 00:43:01 GSD getOne 第 1 次 等待 3 秒
2023-11-17 00:43:04 查询号码 【1898817】，返回信息 {"status":"ok","msg":"云南-西双版纳","gid":"440302","time_insert":"2021-07-30 03:46"}
2023-11-17 00:43:04 查询号码 【1898817】，GSD为【"云南-西双版纳"】

2023-11-17 00:43:05 开始第 8904 次操作

2023-11-17 00:43:05 开始操作号码 【1898818】
2023-11-17 00:43:11 GSD getOne 第 1 次 等待 3 秒
2023-11-17 00:43:14 查询号码 【1898818】，返回信息 {"status":"ok","msg":"云南-西双版纳","gid":"440294","time_insert":"2021-07-30 03:46"}
2023-11-17 00:43:14 查询号码 【1898818】，GSD为【"云南-西双版纳"】

2023-11-17 01:14:39 开始第 8905 次操作

2023-11-17 01:14:39 开始操作号码 【1898819】
2023-11-17 01:14:43 GSD getOne 第 1 次 等待 3 秒
2023-11-17 01:14:46 查询号码 【1898819】，返回信息 {"status":"ok","msg":"云南-西双版纳","gid":"440287","time_insert":"2021-07-30 03:45"}
2023-11-17 01:14:46 查询号码 【1898819】，GSD为【"云南-西双版纳"】

2023-11-17 01:14:47 开始第 8906 次操作

2023-11-17 01:14:47 开始操作号码 【1898820】
2023-11-17 01:14:51 GSD getOne 第 1 次 等待 3 秒
2023-11-17 01:14:54 查询号码 【1898820】，返回信息 {"status":"ok","msg":"云南-德宏","gid":"45838","time_insert":"2018-07-15 22:00","time_update":"2020-12-07 17:13"}
2023-11-17 01:14:54 查询号码 【1898820】，GSD为【"云南-德宏"】

2023-11-17 01:14:55 开始第 8907 次操作

2023-11-17 01:14:55 开始操作号码 【1898821】
2023-11-17 01:14:59 GSD getOne 第 1 次 等待 3 秒
2023-11-17 01:15:02 查询号码 【1898821】，返回信息 {"status":"ok","msg":"云南-德宏","gid":"45839","time_insert":"2017-01-29 20:51","time_update":"2020-12-07 17:18"}
2023-11-17 01:15:02 查询号码 【1898821】，GSD为【"云南-德宏"】

2023-11-17 01:15:03 开始第 8908 次操作

2023-11-17 01:15:03 开始操作号码 【1898822】
2023-11-17 01:15:07 GSD getOne 第 1 次 等待 3 秒
2023-11-17 01:15:10 查询号码 【1898822】，返回信息 {"status":"ok","msg":"云南-德宏","gid":"440278","time_insert":"2021-07-30 03:44"}
2023-11-17 01:15:10 查询号码 【1898822】，GSD为【"云南-德宏"】

2023-11-17 01:37:50 开始第 8909 次操作

2023-11-17 01:37:50 开始操作号码 【1898823】
2023-11-17 01:37:54 GSD getOne 第 1 次 等待 3 秒
2023-11-17 01:37:57 查询号码 【1898823】，返回信息 {"status":"ok","msg":"云南-德宏","gid":"45840","time_insert":"2017-05-09 20:23","time_update":"2020-12-07 17:23"}
2023-11-17 01:37:57 查询号码 【1898823】，GSD为【"云南-德宏"】

2023-11-17 01:37:58 开始第 8910 次操作

2023-11-17 01:37:58 开始操作号码 【1898824】
2023-11-17 01:38:02 GSD getOne 第 1 次 等待 3 秒
2023-11-17 01:38:05 查询号码 【1898824】，返回信息 {"status":"ok","msg":"云南-德宏","gid":"440267","time_insert":"2021-07-30 03:44"}
2023-11-17 01:38:05 查询号码 【1898824】，GSD为【"云南-德宏"】

2023-11-17 01:38:06 开始第 8911 次操作

2023-11-17 01:38:06 开始操作号码 【1898825】
2023-11-17 01:38:09 GSD getOne 第 1 次 等待 3 秒
2023-11-17 01:38:12 查询号码 【1898825】，返回信息 {"status":"ok","msg":"云南-红河","gid":"440260","time_insert":"2021-07-30 03:43"}
2023-11-17 01:38:12 查询号码 【1898825】，GSD为【"云南-红河"】

2023-11-17 01:38:13 开始第 8912 次操作

2023-11-17 01:38:13 开始操作号码 【1898826】
2023-11-17 01:38:17 GSD getOne 第 1 次 等待 3 秒
2023-11-17 01:38:20 查询号码 【1898826】，返回信息 {"status":"ok","msg":"云南-红河","gid":"440251","time_insert":"2021-07-30 03:43"}
2023-11-17 01:38:20 查询号码 【1898826】，GSD为【"云南-红河"】

2023-11-17 02:22:19 开始第 8913 次操作

2023-11-17 02:22:19 开始操作号码 【1898827】
2023-11-17 02:22:22 GSD getOne 第 1 次 等待 3 秒
2023-11-17 02:22:25 查询号码 【1898827】，返回信息 {"status":"ok","msg":"云南-昆明","gid":"45841","time_insert":"2016-09-22 16:08","time_update":"2020-12-07 17:27"}
2023-11-17 02:22:25 查询号码 【1898827】，GSD为【"云南-昆明"】

2023-11-17 02:22:26 开始第 8914 次操作

2023-11-17 02:22:26 开始操作号码 【1898828】
2023-11-17 02:22:30 GSD getOne 第 1 次 等待 3 秒
2023-11-17 02:22:33 查询号码 【1898828】，返回信息 {"status":"ok","msg":"云南-昆明","gid":"440238","time_insert":"2021-07-30 03:42"}
2023-11-17 02:22:33 查询号码 【1898828】，GSD为【"云南-昆明"】

2023-11-17 02:22:34 开始第 8915 次操作

2023-11-17 02:22:34 开始操作号码 【1898829】
2023-11-17 02:22:37 GSD getOne 第 1 次 等待 3 秒
2023-11-17 02:22:40 查询号码 【1898829】，返回信息 {"status":"ok","msg":"云南-昆明","gid":"440228","time_insert":"2021-07-30 03:41"}
2023-11-17 02:22:40 查询号码 【1898829】，GSD为【"云南-昆明"】

2023-11-17 02:22:41 开始第 8916 次操作

2023-11-17 02:22:41 开始操作号码 【1898830】
2023-11-17 02:22:45 GSD getOne 第 1 次 等待 3 秒
2023-11-17 02:22:48 查询号码 【1898830】，返回信息 {"status":"ok","msg":"云南-临沧","gid":"440222","time_insert":"2021-07-30 03:41"}
2023-11-17 02:22:48 查询号码 【1898830】，GSD为【"云南-临沧"】

2023-11-17 02:39:25 开始第 8917 次操作

2023-11-17 02:39:25 开始操作号码 【1898831】
2023-11-17 02:39:29 GSD getOne 第 1 次 等待 3 秒
2023-11-17 02:39:32 查询号码 【1898831】，返回信息 {"status":"ok","msg":"云南-临沧","gid":"45842","time_insert":"2018-09-05 19:36","time_update":"2020-12-07 17:31"}
2023-11-17 02:39:32 查询号码 【1898831】，GSD为【"云南-临沧"】

2023-11-17 02:39:33 开始第 8918 次操作

2023-11-17 02:39:33 开始操作号码 【1898832】
2023-11-17 02:39:36 GSD getOne 第 1 次 等待 3 秒
2023-11-17 02:39:39 查询号码 【1898832】，返回信息 {"status":"ok","msg":"云南-临沧","gid":"45843","time_insert":"2016-10-14 17:01","time_update":"2020-12-07 17:35"}
2023-11-17 02:39:39 查询号码 【1898832】，GSD为【"云南-临沧"】

2023-11-17 02:39:40 开始第 8919 次操作

2023-11-17 02:39:40 开始操作号码 【1898833】
2023-11-17 02:39:43 GSD getOne 第 1 次 等待 3 秒
2023-11-17 02:39:46 查询号码 【1898833】，返回信息 {"status":"ok","msg":"云南-临沧","gid":"440212","time_insert":"2021-07-30 03:40"}
2023-11-17 02:39:46 查询号码 【1898833】，GSD为【"云南-临沧"】

2023-11-17 02:39:47 开始第 8920 次操作

2023-11-17 02:39:47 开始操作号码 【1898834】
2023-11-17 02:39:50 GSD getOne 第 1 次 等待 3 秒
2023-11-17 02:39:53 查询号码 【1898834】，返回信息 {"status":"ok","msg":"云南-临沧","gid":"440204","time_insert":"2021-07-30 03:39"}
2023-11-17 02:39:53 查询号码 【1898834】，GSD为【"云南-临沧"】

2023-11-17 03:11:31 开始第 8921 次操作

2023-11-17 03:11:31 开始操作号码 【1898835】
2023-11-17 03:11:34 GSD getOne 第 1 次 等待 3 秒
2023-11-17 03:11:37 查询号码 【1898835】，返回信息 {"status":"ok","msg":"云南-红河","gid":"440196","time_insert":"2021-07-30 03:39"}
2023-11-17 03:11:37 查询号码 【1898835】，GSD为【"云南-红河"】

2023-11-17 03:11:38 开始第 8922 次操作

2023-11-17 03:11:38 开始操作号码 【1898836】
2023-11-17 03:11:41 GSD getOne 第 1 次 等待 3 秒
2023-11-17 03:11:44 查询号码 【1898836】，返回信息 {"status":"ok","msg":"云南-怒江","gid":"440190","time_insert":"2021-07-30 03:38"}
2023-11-17 03:11:45 查询号码 【1898836】，GSD为【"云南-怒江"】

2023-11-17 03:11:46 开始第 8923 次操作

2023-11-17 03:11:46 开始操作号码 【1898837】
2023-11-17 03:11:48 GSD getOne 第 1 次 等待 3 秒
2023-11-17 03:11:51 查询号码 【1898837】，返回信息 {"status":"ok","msg":"云南-怒江","gid":"45844","time_insert":"2017-08-16 08:36","time_update":"2020-12-07 17:40"}
2023-11-17 03:11:51 查询号码 【1898837】，GSD为【"云南-怒江"】

2023-11-17 03:11:52 开始第 8924 次操作

2023-11-17 03:11:52 开始操作号码 【1898838】
2023-11-17 03:11:55 GSD getOne 第 1 次 等待 3 秒
2023-11-17 03:11:58 查询号码 【1898838】，返回信息 {"status":"ok","msg":"云南-怒江","gid":"45845","time_insert":"2017-02-18 03:29","time_update":"2020-12-07 17:43"}
2023-11-17 03:11:58 查询号码 【1898838】，GSD为【"云南-怒江"】

2023-11-17 03:38:03 开始第 8925 次操作

2023-11-17 03:38:03 开始操作号码 【1898839】
2023-11-17 03:38:07 GSD getOne 第 1 次 等待 3 秒
2023-11-17 03:38:10 查询号码 【1898839】，返回信息 {"status":"ok","msg":"云南-普洱","gid":"440179","time_insert":"2021-07-30 03:37"}
2023-11-17 03:38:10 查询号码 【1898839】，GSD为【"云南-普洱"】

2023-11-17 03:38:11 开始第 8926 次操作

2023-11-17 03:38:11 开始操作号码 【1898840】
2023-11-17 03:38:14 GSD getOne 第 1 次 等待 3 秒
2023-11-17 03:38:17 查询号码 【1898840】，返回信息 {"status":"ok","msg":"云南-昆明","gid":"45846","time_insert":"2017-05-19 11:02","time_update":"2020-12-07 17:48"}
2023-11-17 03:38:17 查询号码 【1898840】，GSD为【"云南-昆明"】

2023-11-17 03:38:18 开始第 8927 次操作

2023-11-17 03:38:18 开始操作号码 【1898841】
2023-11-17 03:38:22 GSD getOne 第 1 次 等待 3 秒
2023-11-17 03:38:25 查询号码 【1898841】，返回信息 {"status":"ok","msg":"云南-昆明","gid":"45847","time_insert":"2017-07-23 17:45","time_update":"2020-12-07 17:49"}
2023-11-17 03:38:25 查询号码 【1898841】，GSD为【"云南-昆明"】

2023-11-17 03:38:26 开始第 8928 次操作

2023-11-17 03:38:26 开始操作号码 【1898842】
2023-11-17 03:38:29 GSD getOne 第 1 次 等待 3 秒
2023-11-17 03:38:32 查询号码 【1898842】，返回信息 {"status":"ok","msg":"云南-昆明","gid":"45848","time_insert":"2018-05-14 21:23","time_update":"2020-12-07 17:52"}
2023-11-17 03:38:32 查询号码 【1898842】，GSD为【"云南-昆明"】

2023-11-17 04:18:34 开始第 8929 次操作

2023-11-17 04:18:34 开始操作号码 【1898843】
2023-11-17 04:18:39 GSD getOne 第 1 次 等待 3 秒
2023-11-17 04:18:42 查询号码 【1898843】，返回信息 {"status":"ok","msg":"云南-昆明","gid":"51766","time_insert":"2021-04-22 10:15"}
2023-11-17 04:18:42 查询号码 【1898843】，GSD为【"云南-昆明"】

2023-11-17 04:18:43 开始第 8930 次操作

2023-11-17 04:18:43 开始操作号码 【1898844】
2023-11-17 04:18:46 GSD getOne 第 1 次 等待 3 秒
2023-11-17 04:18:49 查询号码 【1898844】，返回信息 {"status":"ok","msg":"云南-昆明","gid":"440170","time_insert":"2021-07-30 03:36"}
2023-11-17 04:18:49 查询号码 【1898844】，GSD为【"云南-昆明"】

2023-11-17 04:18:50 开始第 8931 次操作

2023-11-17 04:18:50 开始操作号码 【1898845】
2023-11-17 04:18:53 GSD getOne 第 1 次 等待 3 秒
2023-11-17 04:18:56 查询号码 【1898845】，返回信息 {"status":"ok","msg":"云南-昆明","gid":"45849","time_insert":"2017-05-01 00:00","time_update":"2020-12-07 17:56"}
2023-11-17 04:18:56 查询号码 【1898845】，GSD为【"云南-昆明"】

2023-11-17 04:18:57 开始第 8932 次操作

2023-11-17 04:18:57 开始操作号码 【1898846】
2023-11-17 04:19:01 GSD getOne 第 1 次 等待 3 秒
2023-11-17 04:19:04 查询号码 【1898846】，返回信息 {"status":"ok","msg":"云南-昆明","gid":"45850","time_insert":"2018-08-11 22:45","time_update":"2020-12-07 17:59"}
2023-11-17 04:19:04 查询号码 【1898846】，GSD为【"云南-昆明"】

