2024-07-21 00:23:12 开始第 7041 次操作

2024-07-21 00:23:12 开始操作号码 【1466943】
2024-07-21 00:23:21 GSD getOne 第 1 次 等待 3 秒
2024-07-21 00:23:24 查询号码 【1466943】，返回信息 {"status":"ok","msg":"广东-广州","gid":"391399","time_insert":"2021-07-25 16:55"}
2024-07-21 00:23:25 查询号码 【1466943】，GSD为【"广东-广州"】

2024-07-21 00:23:26 开始第 7042 次操作

2024-07-21 00:23:26 开始操作号码 【1466944】
2024-07-21 00:23:34 GSD getOne 第 1 次 等待 3 秒
2024-07-21 00:23:37 查询号码 【1466944】，返回信息 {"status":"ok","msg":"广东-广州","gid":"391389","time_insert":"2021-07-25 16:54"}
2024-07-21 00:23:37 查询号码 【1466944】，GSD为【"广东-广州"】

2024-07-21 00:23:38 开始第 7043 次操作

2024-07-21 00:23:38 开始操作号码 【1466945】
2024-07-21 00:23:53 GSD getOne 第 1 次 等待 3 秒
2024-07-21 00:23:56 查询号码 【1466945】，返回信息 {"status":"ok","msg":"广东-广州","gid":"391372","time_insert":"2021-07-25 16:53"}
2024-07-21 00:23:56 查询号码 【1466945】，GSD为【"广东-广州"】

2024-07-21 00:23:57 开始第 7044 次操作

2024-07-21 00:23:57 开始操作号码 【1466946】
2024-07-21 00:24:05 GSD getOne 第 1 次 等待 3 秒
2024-07-21 00:24:08 查询号码 【1466946】，返回信息 {"status":"ok","msg":"广东-广州","gid":"391361","time_insert":"2021-07-25 16:52"}
2024-07-21 00:24:09 查询号码 【1466946】，GSD为【"广东-广州"】

