2024-04-05 00:21:15 开始第 1933 次操作

2024-04-05 00:21:15 开始操作号码 【1571846】
2024-04-05 00:21:21 GSD getOne 第 1 次 等待 3 秒
2024-04-05 00:21:24 查询号码 【1571846】，返回信息 {"status":"ok","msg":"广东-珠海","gid":"128157","time_insert":"2021-06-25 17:05"}
2024-04-05 00:21:24 查询号码 【1571846】，GSD为【"广东-珠海"】

2024-04-05 00:21:25 开始第 1934 次操作

2024-04-05 00:21:25 开始操作号码 【1571847】
2024-04-05 00:21:31 GSD getOne 第 1 次 等待 3 秒
2024-04-05 00:21:34 查询号码 【1571847】，返回信息 {"status":"ok","msg":"广东-深圳","gid":"128198","time_insert":"2021-06-25 17:21"}
2024-04-05 00:21:34 查询号码 【1571847】，GSD为【"广东-深圳"】

2024-04-05 00:21:35 开始第 1935 次操作

2024-04-05 00:21:35 开始操作号码 【1571848】
2024-04-05 00:21:43 GSD getOne 第 1 次 等待 3 秒
2024-04-05 00:21:46 查询号码 【1571848】，返回信息 {"status":"ok","msg":"广东-深圳","gid":"128221","time_insert":"2021-06-25 17:41"}
2024-04-05 00:21:46 查询号码 【1571848】，GSD为【"广东-深圳"】

2024-04-05 00:21:47 开始第 1936 次操作

2024-04-05 00:21:47 开始操作号码 【1571849】
2024-04-05 00:21:54 GSD getOne 第 1 次 等待 3 秒
2024-04-05 00:21:57 查询号码 【1571849】，返回信息 {"status":"ok","msg":"广东-中山","gid":"128319","time_insert":"2021-06-25 18:00"}
2024-04-05 00:21:57 查询号码 【1571849】，GSD为【"广东-中山"】

