2024-08-27 00:24:11 开始第 1329 次操作

2024-08-27 00:24:11 开始操作号码 【1351328】
2024-08-27 00:24:20 GSD getOne 第 1 次 等待 3 秒
2024-08-27 00:24:23 查询号码 【1351328】，返回信息 {"status":"ok","msg":"河北-保定","gid":"66528","time_insert":"2021-05-24 10:36"}
2024-08-27 00:24:24 查询号码 【1351328】，GSD为【"河北-保定"】

2024-08-27 00:24:25 开始第 1330 次操作

2024-08-27 00:24:25 开始操作号码 【1351329】
2024-08-27 00:24:33 GSD getOne 第 1 次 等待 3 秒
2024-08-27 00:24:36 查询号码 【1351329】，返回信息 {"status":"ok","msg":"河北-邢台","gid":"66541","time_insert":"2021-05-24 10:53"}
2024-08-27 00:24:36 查询号码 【1351329】，GSD为【"河北-邢台"】

2024-08-27 00:24:37 开始第 1331 次操作

2024-08-27 00:24:37 开始操作号码 【1351330】
2024-08-27 00:24:46 GSD getOne 第 1 次 等待 3 秒
2024-08-27 00:24:49 查询号码 【1351330】，返回信息 {"status":"ok","msg":"河北-邯郸","gid":"66558","time_insert":"2021-05-24 11:13"}
2024-08-27 00:24:49 查询号码 【1351330】，GSD为【"河北-邯郸"】

2024-08-27 00:24:50 开始第 1332 次操作

2024-08-27 00:24:50 开始操作号码 【1351331】
2024-08-27 00:24:58 GSD getOne 第 1 次 等待 3 秒
2024-08-27 00:25:01 查询号码 【1351331】，返回信息 {"status":"ok","msg":"河北-石家庄","gid":"66571","time_insert":"2021-05-24 11:34"}
2024-08-27 00:25:01 查询号码 【1351331】，GSD为【"河北-石家庄"】

2024-08-27 00:43:18 开始第 1333 次操作

2024-08-27 00:43:18 开始操作号码 【1351332】
2024-08-27 00:43:26 GSD getOne 第 1 次 等待 3 秒
2024-08-27 00:43:29 查询号码 【1351332】，返回信息 {"status":"ok","msg":"河北-保定","gid":"66594","time_insert":"2021-05-24 11:59"}
2024-08-27 00:43:30 查询号码 【1351332】，GSD为【"河北-保定"】

2024-08-27 00:43:31 开始第 1334 次操作

2024-08-27 00:43:31 开始操作号码 【1351333】
2024-08-27 00:43:40 GSD getOne 第 1 次 等待 3 秒
2024-08-27 00:43:43 查询号码 【1351333】，返回信息 {"status":"ok","msg":"河北-唐山","gid":"66606","time_insert":"2021-05-24 12:16"}
2024-08-27 00:43:43 查询号码 【1351333】，GSD为【"河北-唐山"】

2024-08-27 00:43:44 开始第 1335 次操作

2024-08-27 00:43:44 开始操作号码 【1351334】
2024-08-27 00:43:51 GSD getOne 第 1 次 等待 3 秒
2024-08-27 00:43:54 查询号码 【1351334】，返回信息 {"status":"ok","msg":"河北-秦皇岛","gid":"66620","time_insert":"2021-05-24 12:33"}
2024-08-27 00:43:54 查询号码 【1351334】，GSD为【"河北-秦皇岛"】

2024-08-27 00:43:55 开始第 1336 次操作

2024-08-27 00:43:55 开始操作号码 【1351335】
2024-08-27 00:44:03 GSD getOne 第 1 次 等待 3 秒
2024-08-27 00:44:06 查询号码 【1351335】，返回信息 {"status":"ok","msg":"河北-秦皇岛","gid":"66640","time_insert":"2021-05-24 13:02"}
2024-08-27 00:44:06 查询号码 【1351335】，GSD为【"河北-秦皇岛"】

2024-08-27 01:17:23 开始第 1337 次操作

2024-08-27 01:17:23 开始操作号码 【1351336】
2024-08-27 01:17:33 GSD getOne 第 1 次 等待 3 秒
2024-08-27 01:17:36 查询号码 【1351336】，返回信息 {"status":"ok","msg":"河北-秦皇岛","gid":"66662","time_insert":"2021-05-24 13:28"}
2024-08-27 01:17:36 查询号码 【1351336】，GSD为【"河北-秦皇岛"】

2024-08-27 01:17:37 开始第 1338 次操作

2024-08-27 01:17:37 开始操作号码 【1351337】
2024-08-27 01:17:45 GSD getOne 第 1 次 等待 3 秒
2024-08-27 01:17:48 查询号码 【1351337】，返回信息 {"status":"ok","msg":"河北-石家庄","gid":"66680","time_insert":"2021-05-24 13:53"}
2024-08-27 01:17:48 查询号码 【1351337】，GSD为【"河北-石家庄"】

2024-08-27 01:17:49 开始第 1339 次操作

2024-08-27 01:17:49 开始操作号码 【1351338】
2024-08-27 01:17:57 GSD getOne 第 1 次 等待 3 秒
2024-08-27 01:18:00 查询号码 【1351338】，返回信息 {"status":"ok","msg":"河北-石家庄","gid":"66700","time_insert":"2021-05-24 14:17"}
2024-08-27 01:18:00 查询号码 【1351338】，GSD为【"河北-石家庄"】

2024-08-27 01:18:01 开始第 1340 次操作

2024-08-27 01:18:01 开始操作号码 【1351339】
2024-08-27 01:18:09 GSD getOne 第 1 次 等待 3 秒
2024-08-27 01:18:12 查询号码 【1351339】，返回信息 {"status":"ok","msg":"河北-唐山","gid":"66719","time_insert":"2021-05-24 14:43"}
2024-08-27 01:18:12 查询号码 【1351339】，GSD为【"河北-唐山"】

2024-08-27 01:37:29 开始第 1341 次操作

2024-08-27 01:37:29 开始操作号码 【1351340】
2024-08-27 01:37:37 GSD getOne 第 1 次 等待 3 秒
2024-08-27 01:37:40 查询号码 【1351340】，返回信息 {"status":"ok","msg":"河北-保定","gid":"5208","time_insert":"2017-09-08 08:35","time_update":"2020-08-17 12:48"}
2024-08-27 01:37:40 查询号码 【1351340】，GSD为【"河北-保定"】

2024-08-27 01:37:41 开始第 1342 次操作

2024-08-27 01:37:41 开始操作号码 【1351341】
2024-08-27 01:37:49 GSD getOne 第 1 次 等待 3 秒
2024-08-27 01:37:52 查询号码 【1351341】，返回信息 {"status":"ok","msg":"河北-保定","gid":"66732","time_insert":"2021-05-24 15:06"}
2024-08-27 01:37:52 查询号码 【1351341】，GSD为【"河北-保定"】

2024-08-27 01:37:53 开始第 1343 次操作

2024-08-27 01:37:53 开始操作号码 【1351342】
2024-08-27 01:38:00 GSD getOne 第 1 次 等待 3 秒
2024-08-27 01:38:03 查询号码 【1351342】，返回信息 {"status":"ok","msg":"河北-保定","gid":"66753","time_insert":"2021-05-24 15:32","time_update":"2021-05-24 16:26"}
2024-08-27 01:38:03 查询号码 【1351342】，GSD为【"河北-保定"】

2024-08-27 01:38:04 开始第 1344 次操作

2024-08-27 01:38:05 开始操作号码 【1351343】
2024-08-27 01:38:12 GSD getOne 第 1 次 等待 3 秒
2024-08-27 01:38:15 查询号码 【1351343】，返回信息 {"status":"ok","msg":"河北-保定","gid":"66768","time_insert":"2021-05-24 15:55"}
2024-08-27 01:38:15 查询号码 【1351343】，GSD为【"河北-保定"】

2024-08-27 02:24:45 开始第 1345 次操作

2024-08-27 02:24:45 开始操作号码 【1351344】
2024-08-27 02:24:53 GSD getOne 第 1 次 等待 3 秒
2024-08-27 02:24:56 查询号码 【1351344】，返回信息 {"status":"ok","msg":"河北-唐山","gid":"66782","time_insert":"2021-05-24 16:13"}
2024-08-27 02:24:56 查询号码 【1351344】，GSD为【"河北-唐山"】

2024-08-27 02:24:57 开始第 1346 次操作

2024-08-27 02:24:57 开始操作号码 【1351345】
2024-08-27 02:25:07 GSD getOne 第 1 次 等待 3 秒
2024-08-27 02:25:10 查询号码 【1351345】，返回信息 {"status":"ok","msg":"河北-唐山","gid":"5209","time_insert":"2017-03-12 23:12","time_update":"2020-08-17 12:52"}
2024-08-27 02:25:10 查询号码 【1351345】，GSD为【"河北-唐山"】

2024-08-27 02:25:11 开始第 1347 次操作

2024-08-27 02:25:11 开始操作号码 【1351346】
2024-08-27 02:25:19 GSD getOne 第 1 次 等待 3 秒
2024-08-27 02:25:22 查询号码 【1351346】，返回信息 {"status":"ok","msg":"河北-张家口","gid":"66805","time_insert":"2021-05-24 16:51"}
2024-08-27 02:25:22 查询号码 【1351346】，GSD为【"河北-张家口"】

2024-08-27 02:25:23 开始第 1348 次操作

2024-08-27 02:25:23 开始操作号码 【1351347】
2024-08-27 02:25:30 GSD getOne 第 1 次 等待 3 秒
2024-08-27 02:25:33 查询号码 【1351347】，返回信息 {"status":"ok","msg":"河北-张家口","gid":"66817","time_insert":"2021-05-24 17:17"}
2024-08-27 02:25:33 查询号码 【1351347】，GSD为【"河北-张家口"】

2024-08-27 02:41:22 开始第 1349 次操作

2024-08-27 02:41:22 开始操作号码 【1351348】
2024-08-27 02:41:31 GSD getOne 第 1 次 等待 3 秒
2024-08-27 02:41:34 查询号码 【1351348】，返回信息 {"status":"ok","msg":"河北-沧州","gid":"66841","time_insert":"2021-05-24 17:45"}
2024-08-27 02:41:34 查询号码 【1351348】，GSD为【"河北-沧州"】

2024-08-27 02:41:35 开始第 1350 次操作

2024-08-27 02:41:35 开始操作号码 【1351349】
2024-08-27 02:41:42 GSD getOne 第 1 次 等待 3 秒
2024-08-27 02:41:45 查询号码 【1351349】，返回信息 {"status":"ok","msg":"河北-沧州","gid":"66863","time_insert":"2021-05-24 18:14","time_update":"2021-05-25 14:14"}
2024-08-27 02:41:45 查询号码 【1351349】，GSD为【"河北-沧州"】

2024-08-27 02:41:46 开始第 1351 次操作

2024-08-27 02:41:46 开始操作号码 【1351350】
2024-08-27 02:41:54 GSD getOne 第 1 次 等待 3 秒
2024-08-27 02:41:57 查询号码 【1351350】，返回信息 {"status":"ok","msg":"山西-忻州","gid":"66872","time_insert":"2021-05-24 18:29","time_update":"2021-05-25 14:15"}
2024-08-27 02:41:57 查询号码 【1351350】，GSD为【"山西-忻州"】

2024-08-27 02:41:58 开始第 1352 次操作

2024-08-27 02:41:58 开始操作号码 【1351351】
2024-08-27 02:42:06 GSD getOne 第 1 次 等待 3 秒
2024-08-27 02:42:09 查询号码 【1351351】，返回信息 {"status":"ok","msg":"山西-太原","gid":"66886","time_insert":"2021-05-24 18:47"}
2024-08-27 02:42:09 查询号码 【1351351】，GSD为【"山西-太原"】

