2024-04-07 00:21:48 开始第 2281 次操作

2024-04-07 00:21:48 开始操作号码 【1572194】
2024-04-07 00:21:54 GSD getOne 第 1 次 等待 3 秒
2024-04-07 00:21:57 查询号码 【1572194】，返回信息 {"status":"ok","msg":"陕西-西安","gid":"153057","time_insert":"2021-06-29 11:42"}
2024-04-07 00:21:57 查询号码 【1572194】，GSD为【"陕西-西安"】

2024-04-07 00:21:58 开始第 2282 次操作

2024-04-07 00:21:58 开始操作号码 【1572195】
2024-04-07 00:22:03 GSD getOne 第 1 次 等待 3 秒
2024-04-07 00:22:06 查询号码 【1572195】，返回信息 {"status":"ok","msg":"陕西-西安","gid":"153223","time_insert":"2021-06-29 12:01"}
2024-04-07 00:22:06 查询号码 【1572195】，GSD为【"陕西-西安"】

2024-04-07 00:22:07 开始第 2283 次操作

2024-04-07 00:22:07 开始操作号码 【1572196】
2024-04-07 00:22:13 GSD getOne 第 1 次 等待 3 秒
2024-04-07 00:22:16 查询号码 【1572196】，返回信息 {"status":"ok","msg":"陕西-西安","gid":"153353","time_insert":"2021-06-29 12:20"}
2024-04-07 00:22:16 查询号码 【1572196】，GSD为【"陕西-西安"】

2024-04-07 00:22:17 开始第 2284 次操作

2024-04-07 00:22:17 开始操作号码 【1572197】
2024-04-07 00:22:23 GSD getOne 第 1 次 等待 3 秒
2024-04-07 00:22:26 查询号码 【1572197】，返回信息 {"status":"ok","msg":"陕西-西安","gid":"153379","time_insert":"2021-06-29 12:37"}
2024-04-07 00:22:26 查询号码 【1572197】，GSD为【"陕西-西安"】

2024-04-07 00:37:55 开始第 2285 次操作

2024-04-07 00:37:55 开始操作号码 【1572198】
2024-04-07 00:38:01 GSD getOne 第 1 次 等待 3 秒
2024-04-07 00:38:04 查询号码 【1572198】，返回信息 {"status":"ok","msg":"陕西-西安","gid":"23347","time_insert":"2014-10-09 23:55","time_update":"2020-12-09 01:23"}
2024-04-07 00:38:04 查询号码 【1572198】，GSD为【"陕西-西安"】

2024-04-07 00:38:05 开始第 2286 次操作

2024-04-07 00:38:05 开始操作号码 【1572199】
2024-04-07 00:38:12 GSD getOne 第 1 次 等待 3 秒
2024-04-07 00:38:15 查询号码 【1572199】，返回信息 {"status":"ok","msg":"陕西-铜川","gid":"153404","time_insert":"2021-06-29 12:53","time_update":"2021-06-29 22:52"}
2024-04-07 00:38:15 查询号码 【1572199】，GSD为【"陕西-铜川"】

2024-04-07 00:38:16 开始第 2287 次操作

2024-04-07 00:38:16 开始操作号码 【1572200】
2024-04-07 00:38:22 GSD getOne 第 1 次 等待 3 秒
2024-04-07 00:38:25 查询号码 【1572200】，返回信息 {"status":"ok","msg":"天津-天津","gid":"153606","time_insert":"2021-06-29 13:12"}
2024-04-07 00:38:25 查询号码 【1572200】，GSD为【"天津-天津"】

2024-04-07 00:38:26 开始第 2288 次操作

2024-04-07 00:38:26 开始操作号码 【1572201】
2024-04-07 00:38:31 GSD getOne 第 1 次 等待 3 秒
2024-04-07 00:38:34 查询号码 【1572201】，返回信息 {"status":"ok","msg":"天津-天津","gid":"153697","time_insert":"2021-06-29 13:31"}
2024-04-07 00:38:34 查询号码 【1572201】，GSD为【"天津-天津"】

