2021-07-04 00:00:15 开始第 11 次操作

2021-07-04 00:00:15 开始操作号码 【1714818】
2021-07-04 00:01:02 GSD getOne 第 1 次 等待 1 秒
2021-07-04 00:01:03 查询号码 【1714818】，返回信息 {"status":"bad","msg":""}
2021-07-04 00:01:03 查询号码 【1714818】，GSD为【""】
2021-07-04 00:01:03 bad
2021-07-04 00:01:06 CHB 1714818?1625328063 第 1 次 等待 1 秒
2021-07-04 00:01:07 CHB 1714818?1625328063 第 1 次 获取到号码【1714818】GSD
2021-07-04 00:01:07 获取到号码【1714818】的GSD为【四川-达州】
2021-07-04 00:01:27 GSD insert 第 1 次 等待 1 秒
2021-07-04 00:01:28 {"status":"ok","msg":"添加成功！185561"}
2021-07-04 00:01:28 下次操作: 2021-07-04 00:01:36

2021-07-04 00:01:36 开始第 12 次操作

2021-07-04 00:01:36 开始操作号码 【1714819】
2021-07-04 00:01:55 GSD getOne 第 1 次 等待 1 秒
2021-07-04 00:01:56 查询号码 【1714819】，返回信息 {"status":"bad","msg":""}
2021-07-04 00:01:57 查询号码 【1714819】，GSD为【""】
2021-07-04 00:01:57 bad
2021-07-04 00:01:58 CHB 1714819?1625328117 第 1 次 等待 1 秒
2021-07-04 00:01:59 CHB 1714819?1625328117 第 1 次 获取到号码【1714819】GSD
2021-07-04 00:01:59 获取到号码【1714819】的GSD为【河南-郑州】
2021-07-04 00:02:21 GSD insert 第 1 次 等待 1 秒
2021-07-04 00:02:22 {"status":"ok","msg":"添加成功！185574"}
2021-07-04 00:02:22 下次操作: 2021-07-04 00:02:29

2021-07-04 00:02:29 开始第 13 次操作

2021-07-04 00:02:29 开始操作号码 【1714820】
2021-07-04 00:02:49 GSD getOne 第 1 次 等待 1 秒
2021-07-04 00:02:50 查询号码 【1714820】，返回信息 {"status":"bad","msg":""}
2021-07-04 00:02:50 查询号码 【1714820】，GSD为【""】
2021-07-04 00:02:50 bad
2021-07-04 00:02:51 CHB 1714820?1625328170 第 1 次 等待 1 秒
2021-07-04 00:02:52 CHB 1714820?1625328170 第 1 次 获取到号码【1714820】GSD
2021-07-04 00:02:52 获取到号码【1714820】的GSD为【河南-郑州】
2021-07-04 00:03:11 GSD insert 第 1 次 等待 1 秒
2021-07-04 00:03:12 {"status":"ok","msg":"添加成功！185582"}
2021-07-04 00:03:12 下次操作: 2021-07-04 00:03:26

2021-07-04 00:03:26 开始第 14 次操作

2021-07-04 00:03:26 开始操作号码 【1714821】
2021-07-04 00:03:33 GSD getOne 第 1 次 等待 1 秒
2021-07-04 00:03:34 查询号码 【1714821】，返回信息 {"status":"bad","msg":""}
2021-07-04 00:03:34 查询号码 【1714821】，GSD为【""】
2021-07-04 00:03:34 bad
2021-07-04 00:03:36 CHB 1714821?1625328214 第 1 次 等待 1 秒
2021-07-04 00:03:37 CHB 1714821?1625328214 第 1 次 获取到号码【1714821】GSD
2021-07-04 00:03:37 获取到号码【1714821】的GSD为【河南-郑州】
2021-07-04 00:03:57 GSD insert 第 1 次 等待 1 秒
2021-07-04 00:03:58 {"status":"ok","msg":"添加成功！185592"}
2021-07-04 00:03:58 下次操作: 2021-07-04 00:04:04

2021-07-04 00:04:04 开始第 15 次操作

2021-07-04 00:04:04 开始操作号码 【1714822】
2021-07-04 00:04:23 GSD getOne 第 1 次 等待 1 秒
2021-07-04 00:04:24 查询号码 【1714822】，返回信息 {"status":"bad","msg":""}
2021-07-04 00:04:24 查询号码 【1714822】，GSD为【""】
2021-07-04 00:04:24 bad
2021-07-04 00:04:26 CHB 1714822?1625328264 第 1 次 等待 1 秒
2021-07-04 00:04:27 CHB 1714822?1625328264 第 1 次 获取到号码【1714822】GSD
2021-07-04 00:04:27 获取到号码【1714822】的GSD为【河南-郑州】
2021-07-04 00:04:48 GSD insert 第 1 次 等待 1 秒
2021-07-04 00:04:49 {"status":"ok","msg":"添加成功！185603"}
2021-07-04 00:04:49 下次操作: 2021-07-04 00:05:06

2021-07-04 00:05:06 开始第 16 次操作

2021-07-04 00:05:06 开始操作号码 【1714823】
2021-07-04 00:05:18 GSD getOne 第 1 次 等待 1 秒
2021-07-04 00:05:19 查询号码 【1714823】，返回信息 {"status":"bad","msg":""}
2021-07-04 00:05:19 查询号码 【1714823】，GSD为【""】
2021-07-04 00:05:19 bad
2021-07-04 00:05:21 CHB 1714823?1625328319 第 1 次 等待 1 秒
2021-07-04 00:05:22 CHB 1714823?1625328319 第 1 次 获取到号码【1714823】GSD
2021-07-04 00:05:22 获取到号码【1714823】的GSD为【河南-郑州】
2021-07-04 00:05:41 GSD insert 第 1 次 等待 1 秒
2021-07-04 00:05:42 {"status":"ok","msg":"添加成功！185611"}
2021-07-04 00:05:42 下次操作: 2021-07-04 00:05:50

2021-07-04 00:05:50 开始第 17 次操作

2021-07-04 00:05:50 开始操作号码 【1714824】
2021-07-04 00:06:14 GSD getOne 第 1 次 等待 1 秒
2021-07-04 00:06:15 查询号码 【1714824】，返回信息 {"status":"bad","msg":""}
2021-07-04 00:06:15 查询号码 【1714824】，GSD为【""】
2021-07-04 00:06:15 bad
2021-07-04 00:06:18 CHB 1714824?1625328375 第 1 次 等待 1 秒
2021-07-04 00:06:19 CHB 1714824?1625328375 第 1 次 获取到号码【1714824】GSD
2021-07-04 00:06:19 获取到号码【1714824】的GSD为【河南-郑州】
2021-07-04 00:06:38 GSD insert 第 1 次 等待 1 秒
2021-07-04 00:06:39 {"status":"ok","msg":"添加成功！185625"}
2021-07-04 00:06:39 下次操作: 2021-07-04 00:06:57

2021-07-04 00:06:57 开始第 18 次操作

2021-07-04 00:06:57 开始操作号码 【1714825】
2021-07-04 00:07:01 GSD getOne 第 1 次 等待 1 秒
2021-07-04 00:07:02 查询号码 【1714825】，返回信息 {"status":"bad","msg":""}
2021-07-04 00:07:02 查询号码 【1714825】，GSD为【""】
2021-07-04 00:07:02 bad
2021-07-04 00:07:06 CHB 1714825?1625328422 第 1 次 等待 1 秒
2021-07-04 00:07:07 CHB 1714825?1625328422 第 1 次 获取到号码【1714825】GSD
2021-07-04 00:07:07 获取到号码【1714825】的GSD为【四川-遂宁】
2021-07-04 00:07:26 GSD insert 第 1 次 等待 1 秒
2021-07-04 00:07:27 {"status":"ok","msg":"添加成功！185635"}
2021-07-04 00:07:27 下次操作: 2021-07-04 00:07:39

2021-07-04 00:07:39 开始第 19 次操作

2021-07-04 00:07:39 开始操作号码 【1714826】
2021-07-04 00:07:50 GSD getOne 第 1 次 等待 1 秒
2021-07-04 00:07:51 查询号码 【1714826】，返回信息 {"status":"bad","msg":""}
2021-07-04 00:07:52 查询号码 【1714826】，GSD为【""】
2021-07-04 00:07:52 bad
2021-07-04 00:07:54 CHB 1714826?1625328472 第 1 次 等待 1 秒
2021-07-04 00:07:55 CHB 1714826?1625328472 第 1 次 获取到号码【1714826】GSD
2021-07-04 00:07:55 获取到号码【1714826】的GSD为【四川-广安】
2021-07-04 00:08:14 GSD insert 第 1 次 等待 1 秒
2021-07-04 00:08:15 {"status":"ok","msg":"添加成功！185645"}
2021-07-04 00:08:15 下次操作: 2021-07-04 00:08:21

2021-07-04 00:08:21 开始第 20 次操作

2021-07-04 00:08:21 开始操作号码 【1714827】
2021-07-04 00:08:40 GSD getOne 第 1 次 等待 1 秒
2021-07-04 00:08:41 查询号码 【1714827】，返回信息 {"status":"bad","msg":""}
2021-07-04 00:08:41 查询号码 【1714827】，GSD为【""】
2021-07-04 00:08:41 bad
2021-07-04 00:08:43 CHB 1714827?1625328521 第 1 次 等待 1 秒
2021-07-04 00:08:44 CHB 1714827?1625328521 第 1 次 获取到号码【1714827】GSD
2021-07-04 00:08:44 获取到号码【1714827】的GSD为【四川-巴中】
2021-07-04 00:09:03 GSD insert 第 1 次 等待 1 秒
2021-07-04 00:09:04 {"status":"ok","msg":"添加成功！185653"}
2021-07-04 00:09:04 下次操作: 2021-07-04 00:09:21

2021-07-04 00:09:21 开始第 21 次操作

2021-07-04 00:09:21 开始操作号码 【1714828】
2021-07-04 00:09:25 GSD getOne 第 1 次 等待 1 秒
2021-07-04 00:09:26 查询号码 【1714828】，返回信息 {"status":"bad","msg":""}
2021-07-04 00:09:26 查询号码 【1714828】，GSD为【""】
2021-07-04 00:09:26 bad
2021-07-04 00:09:27 CHB 1714828?1625328566 第 1 次 等待 1 秒
2021-07-04 00:09:28 CHB 1714828?1625328566 第 1 次 获取到号码【1714828】GSD
2021-07-04 00:09:28 获取到号码【1714828】的GSD为【河南-郑州】
2021-07-04 00:09:47 GSD insert 第 1 次 等待 1 秒
2021-07-04 00:09:48 {"status":"ok","msg":"添加成功！185660"}
2021-07-04 00:09:48 下次操作: 2021-07-04 00:09:55

2021-07-04 00:09:55 开始第 22 次操作

2021-07-04 00:09:55 开始操作号码 【1714829】
2021-07-04 00:10:15 GSD getOne 第 1 次 等待 1 秒
2021-07-04 00:10:16 查询号码 【1714829】，返回信息 {"status":"bad","msg":""}
2021-07-04 00:10:16 查询号码 【1714829】，GSD为【""】
2021-07-04 00:10:16 bad
2021-07-04 00:10:17 CHB 1714829?1625328616 第 1 次 等待 1 秒
2021-07-04 00:10:18 CHB 1714829?1625328616 第 1 次 获取到号码【1714829】GSD
2021-07-04 00:10:18 获取到号码【1714829】的GSD为【河南-郑州】
2021-07-04 00:10:37 GSD insert 第 1 次 等待 1 秒
2021-07-04 00:10:38 {"status":"ok","msg":"添加成功！185669"}
2021-07-04 00:10:38 下次操作: 2021-07-04 00:10:47

2021-07-04 00:10:47 开始第 23 次操作

2021-07-04 00:10:47 开始操作号码 【1714830】
2021-07-04 00:11:16 GSD getOne 第 1 次 等待 1 秒
2021-07-04 00:11:17 查询号码 【1714830】，返回信息 {"status":"bad","msg":""}
2021-07-04 00:11:18 查询号码 【1714830】，GSD为【""】
2021-07-04 00:11:18 bad
2021-07-04 00:11:19 CHB 1714830?1625328678 第 1 次 等待 1 秒
2021-07-04 00:11:20 CHB 1714830?1625328678 第 1 次 获取到号码【1714830】GSD
2021-07-04 00:11:20 获取到号码【1714830】的GSD为【四川-泸州】
2021-07-04 00:11:39 GSD insert 第 1 次 等待 1 秒
2021-07-04 00:11:40 {"status":"ok","msg":"添加成功！185683"}
2021-07-04 00:11:40 下次操作: 2021-07-04 00:11:54

2021-07-04 00:11:54 开始第 24 次操作

2021-07-04 00:11:54 开始操作号码 【1714831】
2021-07-04 00:12:01 GSD getOne 第 1 次 等待 1 秒
2021-07-04 00:12:02 查询号码 【1714831】，返回信息 {"status":"bad","msg":""}
2021-07-04 00:12:02 查询号码 【1714831】，GSD为【""】
2021-07-04 00:12:02 bad
2021-07-04 00:12:04 CHB 1714831?1625328722 第 1 次 等待 1 秒
2021-07-04 00:12:05 CHB 1714831?1625328722 第 1 次 获取到号码【1714831】GSD
2021-07-04 00:12:05 获取到号码【1714831】的GSD为【四川-宜宾】
2021-07-04 00:12:27 GSD insert 第 1 次 等待 1 秒
2021-07-04 00:12:28 {"status":"ok","msg":"添加成功！185694"}
2021-07-04 00:12:28 下次操作: 2021-07-04 00:12:40

2021-07-04 00:12:40 开始第 25 次操作

2021-07-04 00:12:40 开始操作号码 【1714832】
2021-07-04 00:12:51 GSD getOne 第 1 次 等待 1 秒
2021-07-04 00:12:52 查询号码 【1714832】，返回信息 {"status":"bad","msg":""}
2021-07-04 00:12:52 查询号码 【1714832】，GSD为【""】
2021-07-04 00:12:52 bad
2021-07-04 00:12:54 CHB 1714832?1625328772 第 1 次 等待 1 秒
2021-07-04 00:12:55 CHB 1714832?1625328772 第 1 次 获取到号码【1714832】GSD
2021-07-04 00:12:55 获取到号码【1714832】的GSD为【四川-内江】
2021-07-04 00:13:14 GSD insert 第 1 次 等待 1 秒
2021-07-04 00:13:15 {"status":"ok","msg":"添加成功！185703"}
2021-07-04 00:13:15 下次操作: 2021-07-04 00:13:22

2021-07-04 00:13:22 开始第 26 次操作

2021-07-04 00:13:22 开始操作号码 【1714833】
2021-07-04 00:13:42 GSD getOne 第 1 次 等待 1 秒
2021-07-04 00:13:43 查询号码 【1714833】，返回信息 {"status":"bad","msg":""}
2021-07-04 00:13:44 查询号码 【1714833】，GSD为【""】
2021-07-04 00:13:44 bad
2021-07-04 00:13:49 CHB 1714833?1625328824 第 1 次 等待 1 秒
2021-07-04 00:13:50 CHB 1714833?1625328824 第 1 次 获取到号码【1714833】GSD
2021-07-04 00:13:50 获取到号码【1714833】的GSD为【四川-眉山】
2021-07-04 00:14:09 GSD insert 第 1 次 等待 1 秒
2021-07-04 00:14:10 {"status":"ok","msg":"添加成功！185712"}
2021-07-04 00:14:10 下次操作: 2021-07-04 00:14:22

2021-07-04 00:14:22 开始第 27 次操作

2021-07-04 00:14:22 开始操作号码 【1714834】
2021-07-04 00:14:35 GSD getOne 第 1 次 等待 1 秒
2021-07-04 00:14:36 查询号码 【1714834】，返回信息 {"status":"bad","msg":""}
2021-07-04 00:14:36 查询号码 【1714834】，GSD为【""】
2021-07-04 00:14:36 bad
2021-07-04 00:14:38 CHB 1714834?1625328876 第 1 次 等待 1 秒
2021-07-04 00:14:39 CHB 1714834?1625328876 第 1 次 获取到号码【1714834】GSD
2021-07-04 00:14:39 获取到号码【1714834】的GSD为【四川-凉山】
2021-07-04 00:15:02 GSD insert 第 1 次 等待 1 秒
2021-07-04 00:15:03 {"status":"ok","msg":"添加成功！185721"}
2021-07-04 00:15:03 下次操作: 2021-07-04 00:15:21

2021-07-04 00:15:21 开始第 28 次操作

2021-07-04 00:15:21 开始操作号码 【1714835】
2021-07-04 00:15:24 GSD getOne 第 1 次 等待 1 秒
2021-07-04 00:15:25 查询号码 【1714835】，返回信息 {"status":"bad","msg":""}
2021-07-04 00:15:26 查询号码 【1714835】，GSD为【""】
2021-07-04 00:15:26 bad
2021-07-04 00:15:27 CHB 1714835?1625328926 第 1 次 等待 1 秒
2021-07-04 00:15:28 CHB 1714835?1625328926 第 1 次 获取到号码【1714835】GSD
2021-07-04 00:15:28 获取到号码【1714835】的GSD为【四川-雅安】
2021-07-04 00:15:48 GSD insert 第 1 次 等待 1 秒
2021-07-04 00:15:49 {"status":"ok","msg":"添加成功！185730"}
2021-07-04 00:15:49 下次操作: 2021-07-04 00:16:00

2021-07-04 00:16:00 开始第 29 次操作

2021-07-04 00:16:00 开始操作号码 【1714836】
2021-07-04 00:16:14 GSD getOne 第 1 次 等待 1 秒
2021-07-04 00:16:15 查询号码 【1714836】，返回信息 {"status":"bad","msg":""}
2021-07-04 00:16:15 查询号码 【1714836】，GSD为【""】
2021-07-04 00:16:15 bad
2021-07-04 00:16:18 CHB 1714836?1625328975 第 1 次 等待 1 秒
2021-07-04 00:16:19 CHB 1714836?1625328975 第 1 次 获取到号码【1714836】GSD
2021-07-04 00:16:19 获取到号码【1714836】的GSD为【河南-郑州】
2021-07-04 00:16:38 GSD insert 第 1 次 等待 1 秒
2021-07-04 00:16:39 {"status":"ok","msg":"添加成功！185738"}
2021-07-04 00:16:39 下次操作: 2021-07-04 00:16:52

2021-07-04 00:16:52 开始第 30 次操作

2021-07-04 00:16:52 开始操作号码 【1714837】
2021-07-04 00:17:05 GSD getOne 第 1 次 等待 1 秒
2021-07-04 00:17:06 查询号码 【1714837】，返回信息 {"status":"bad","msg":""}
2021-07-04 00:17:06 查询号码 【1714837】，GSD为【""】
2021-07-04 00:17:06 bad
2021-07-04 00:17:08 CHB 1714837?1625329026 第 1 次 等待 1 秒
2021-07-04 00:17:09 CHB 1714837?1625329026 第 1 次 获取到号码【1714837】GSD
2021-07-04 00:17:09 获取到号码【1714837】的GSD为【河南-洛阳】
2021-07-04 00:17:28 GSD insert 第 1 次 等待 1 秒
2021-07-04 00:17:29 {"status":"ok","msg":"添加成功！185745"}

