2021-07-07 00:03:12 开始第 1 次操作

2021-07-07 00:03:12 开始操作号码 【1716804】
2021-07-07 00:03:20 GSD getOne 第 1 次 等待 1 秒
2021-07-07 00:03:21 查询号码 【1716804】，返回信息 {"status":"bad","msg":""}
2021-07-07 00:03:21 查询号码 【1716804】，GSD为【""】
2021-07-07 00:03:21 bad
2021-07-07 00:03:23 CHB 1716804?1625587401 第 1 次 等待 1 秒
2021-07-07 00:03:24 CHB 1716804?1625587401 第 1 次 获取到号码【1716804】GSD
2021-07-07 00:03:24 获取到号码【1716804】的GSD为【内蒙古-包头】
2021-07-07 00:03:43 GSD insert 第 1 次 等待 1 秒
2021-07-07 00:03:44 {"status":"ok","msg":"添加成功！210024"}
2021-07-07 00:03:44 下次操作: 2021-07-07 00:03:54

2021-07-07 00:03:54 开始第 2 次操作

2021-07-07 00:03:54 开始操作号码 【1716805】
2021-07-07 00:04:05 GSD getOne 第 1 次 等待 1 秒
2021-07-07 00:04:06 查询号码 【1716805】，返回信息 {"status":"bad","msg":""}
2021-07-07 00:04:06 查询号码 【1716805】，GSD为【""】
2021-07-07 00:04:06 bad
2021-07-07 00:04:09 CHB 1716805?1625587446 第 1 次 等待 1 秒
2021-07-07 00:04:10 CHB 1716805?1625587446 第 1 次 获取到号码【1716805】GSD
2021-07-07 00:04:10 获取到号码【1716805】的GSD为【内蒙古-呼和浩特】
2021-07-07 00:04:29 GSD insert 第 1 次 等待 1 秒
2021-07-07 00:04:30 {"status":"ok","msg":"添加成功！210032"}
2021-07-07 00:04:30 下次操作: 2021-07-07 00:04:36

2021-07-07 00:04:36 开始第 3 次操作

2021-07-07 00:04:36 开始操作号码 【1716806】
2021-07-07 00:04:58 GSD getOne 第 1 次 等待 1 秒
2021-07-07 00:04:59 查询号码 【1716806】，返回信息 {"status":"bad","msg":""}
2021-07-07 00:04:59 查询号码 【1716806】，GSD为【""】
2021-07-07 00:04:59 bad
2021-07-07 00:05:02 CHB 1716806?1625587499 第 1 次 等待 1 秒
2021-07-07 00:05:03 CHB 1716806?1625587499 第 1 次 获取到号码【1716806】GSD
2021-07-07 00:05:03 获取到号码【1716806】的GSD为【内蒙古-呼和浩特】
2021-07-07 00:05:22 GSD insert 第 1 次 等待 1 秒
2021-07-07 00:05:23 {"status":"ok","msg":"添加成功！210039"}
2021-07-07 00:05:23 下次操作: 2021-07-07 00:05:39

2021-07-07 00:05:39 开始第 4 次操作

2021-07-07 00:05:39 开始操作号码 【1716807】
2021-07-07 00:05:42 GSD getOne 第 1 次 等待 1 秒
2021-07-07 00:05:43 查询号码 【1716807】，返回信息 {"status":"bad","msg":""}
2021-07-07 00:05:43 查询号码 【1716807】，GSD为【""】
2021-07-07 00:05:43 bad
2021-07-07 00:05:46 CHB 1716807?1625587543 第 1 次 等待 1 秒
2021-07-07 00:05:47 CHB 1716807?1625587543 第 1 次 获取到号码【1716807】GSD
2021-07-07 00:05:47 获取到号码【1716807】的GSD为【内蒙古-呼和浩特】
2021-07-07 00:06:06 GSD insert 第 1 次 等待 1 秒
2021-07-07 00:06:07 {"status":"ok","msg":"添加成功！210048"}
2021-07-07 00:06:07 下次操作: 2021-07-07 00:06:20

2021-07-07 00:06:20 开始第 5 次操作

2021-07-07 00:06:20 开始操作号码 【1716808】
2021-07-07 00:06:30 GSD getOne 第 1 次 等待 1 秒
2021-07-07 00:06:31 查询号码 【1716808】，返回信息 {"status":"bad","msg":""}
2021-07-07 00:06:31 查询号码 【1716808】，GSD为【""】
2021-07-07 00:06:31 bad
2021-07-07 00:06:32 CHB 1716808?1625587591 第 1 次 等待 1 秒
2021-07-07 00:06:33 CHB 1716808?1625587591 第 1 次 获取到号码【1716808】GSD
2021-07-07 00:06:33 获取到号码【1716808】的GSD为【内蒙古-呼和浩特】
2021-07-07 00:06:53 GSD insert 第 1 次 等待 1 秒
2021-07-07 00:06:54 {"status":"ok","msg":"添加成功！210059"}
2021-07-07 00:06:54 下次操作: 2021-07-07 00:07:01

2021-07-07 00:07:01 开始第 6 次操作

2021-07-07 00:07:01 开始操作号码 【1716809】
2021-07-07 00:07:21 GSD getOne 第 1 次 等待 1 秒
2021-07-07 00:07:22 查询号码 【1716809】，返回信息 {"status":"bad","msg":""}
2021-07-07 00:07:22 查询号码 【1716809】，GSD为【""】
2021-07-07 00:07:22 bad
2021-07-07 00:07:24 CHB 1716809?1625587642 第 1 次 等待 1 秒
2021-07-07 00:07:25 CHB 1716809?1625587642 第 1 次 获取到号码【1716809】GSD
2021-07-07 00:07:25 获取到号码【1716809】的GSD为【内蒙古-呼和浩特】
2021-07-07 00:07:44 GSD insert 第 1 次 等待 1 秒
2021-07-07 00:07:45 {"status":"ok","msg":"添加成功！210068"}
2021-07-07 00:07:45 下次操作: 2021-07-07 00:08:00

2021-07-07 00:08:00 开始第 7 次操作

2021-07-07 00:08:00 开始操作号码 【1716810】
2021-07-07 00:08:04 GSD getOne 第 1 次 等待 1 秒
2021-07-07 00:08:05 查询号码 【1716810】，返回信息 {"status":"bad","msg":""}
2021-07-07 00:08:05 查询号码 【1716810】，GSD为【""】
2021-07-07 00:08:05 bad
2021-07-07 00:08:07 CHB 1716810?1625587685 第 1 次 等待 1 秒
2021-07-07 00:08:08 CHB 1716810?1625587685 第 1 次 获取到号码【1716810】GSD
2021-07-07 00:08:08 获取到号码【1716810】的GSD为【四川-成都】
2021-07-07 00:08:27 GSD insert 第 1 次 等待 1 秒
2021-07-07 00:08:28 {"status":"ok","msg":"添加成功！210075"}
2021-07-07 00:08:28 下次操作: 2021-07-07 00:08:35

2021-07-07 00:08:35 开始第 8 次操作

2021-07-07 00:08:35 开始操作号码 【1716811】
2021-07-07 00:08:55 GSD getOne 第 1 次 等待 1 秒
2021-07-07 00:08:56 查询号码 【1716811】，返回信息 {"status":"bad","msg":""}
2021-07-07 00:08:56 查询号码 【1716811】，GSD为【""】
2021-07-07 00:08:56 bad
2021-07-07 00:08:58 CHB 1716811?1625587736 第 1 次 等待 1 秒
2021-07-07 00:08:59 CHB 1716811?1625587736 第 1 次 获取到号码【1716811】GSD
2021-07-07 00:08:59 获取到号码【1716811】的GSD为【四川-成都】
2021-07-07 00:09:19 GSD insert 第 1 次 等待 1 秒
2021-07-07 00:09:20 {"status":"ok","msg":"添加成功！210084"}
2021-07-07 00:09:20 下次操作: 2021-07-07 00:09:34

2021-07-07 00:09:34 开始第 9 次操作

2021-07-07 00:09:34 开始操作号码 【1716812】
2021-07-07 00:09:38 GSD getOne 第 1 次 等待 1 秒
2021-07-07 00:09:39 查询号码 【1716812】，返回信息 {"status":"bad","msg":""}
2021-07-07 00:09:39 查询号码 【1716812】，GSD为【""】
2021-07-07 00:09:39 bad
2021-07-07 00:09:42 CHB 1716812?1625587779 第 1 次 等待 1 秒
2021-07-07 00:09:43 CHB 1716812?1625587779 第 1 次 获取到号码【1716812】GSD
2021-07-07 00:09:43 获取到号码【1716812】的GSD为【四川-成都】
2021-07-07 00:10:08 GSD insert 第 1 次 等待 1 秒
2021-07-07 00:10:09 {"status":"ok","msg":"添加成功！210094"}
2021-07-07 00:10:09 下次操作: 2021-07-07 00:10:21

2021-07-07 00:10:21 开始第 10 次操作

2021-07-07 00:10:21 开始操作号码 【1716813】
2021-07-07 00:10:27 GSD getOne 第 1 次 等待 1 秒
2021-07-07 00:10:28 查询号码 【1716813】，返回信息 {"status":"bad","msg":""}
2021-07-07 00:10:28 查询号码 【1716813】，GSD为【""】
2021-07-07 00:10:28 bad
2021-07-07 00:10:30 CHB 1716813?1625587828 第 1 次 等待 1 秒
2021-07-07 00:10:31 CHB 1716813?1625587828 第 1 次 获取到号码【1716813】GSD
2021-07-07 00:10:31 获取到号码【1716813】的GSD为【四川-成都】
2021-07-07 00:10:53 GSD insert 第 1 次 等待 1 秒
2021-07-07 00:10:54 {"status":"ok","msg":"添加成功！210100"}
2021-07-07 00:10:54 下次操作: 2021-07-07 00:11:08

2021-07-07 00:11:08 开始第 11 次操作

2021-07-07 00:11:08 开始操作号码 【1716814】
2021-07-07 00:11:17 GSD getOne 第 1 次 等待 1 秒
2021-07-07 00:11:18 查询号码 【1716814】，返回信息 {"status":"bad","msg":""}
2021-07-07 00:11:18 查询号码 【1716814】，GSD为【""】
2021-07-07 00:11:18 bad
2021-07-07 00:11:20 CHB 1716814?1625587878 第 1 次 等待 1 秒
2021-07-07 00:11:21 CHB 1716814?1625587878 第 1 次 获取到号码【1716814】GSD
2021-07-07 00:11:21 获取到号码【1716814】的GSD为【四川-成都】
2021-07-07 00:11:40 GSD insert 第 1 次 等待 1 秒
2021-07-07 00:11:41 {"status":"ok","msg":"添加成功！210106"}
2021-07-07 00:11:41 下次操作: 2021-07-07 00:11:58

2021-07-07 00:11:58 开始第 12 次操作

2021-07-07 00:11:58 开始操作号码 【1716815】
2021-07-07 00:12:04 GSD getOne 第 1 次 等待 1 秒
2021-07-07 00:12:05 查询号码 【1716815】，返回信息 {"status":"bad","msg":""}
2021-07-07 00:12:05 查询号码 【1716815】，GSD为【""】
2021-07-07 00:12:05 bad
2021-07-07 00:12:07 CHB 1716815?1625587925 第 1 次 等待 1 秒
2021-07-07 00:12:08 CHB 1716815?1625587925 第 1 次 获取到号码【1716815】GSD
2021-07-07 00:12:08 获取到号码【1716815】的GSD为【四川-成都】
2021-07-07 00:12:28 GSD insert 第 1 次 等待 1 秒
2021-07-07 00:12:29 {"status":"ok","msg":"添加成功！210110"}
2021-07-07 00:12:29 下次操作: 2021-07-07 00:12:46

2021-07-07 00:12:46 开始第 13 次操作

2021-07-07 00:12:46 开始操作号码 【1716816】
2021-07-07 00:12:51 GSD getOne 第 1 次 等待 1 秒
2021-07-07 00:12:52 查询号码 【1716816】，返回信息 {"status":"bad","msg":""}
2021-07-07 00:12:52 查询号码 【1716816】，GSD为【""】
2021-07-07 00:12:52 bad
2021-07-07 00:12:54 CHB 1716816?1625587972 第 1 次 等待 1 秒
2021-07-07 00:12:55 CHB 1716816?1625587972 第 1 次 获取到号码【1716816】GSD
2021-07-07 00:12:55 获取到号码【1716816】的GSD为【四川-绵阳】
2021-07-07 00:13:15 GSD insert 第 1 次 等待 1 秒
2021-07-07 00:13:16 {"status":"ok","msg":"添加成功！210117"}
2021-07-07 00:13:16 下次操作: 2021-07-07 00:13:29

2021-07-07 00:13:29 开始第 14 次操作

2021-07-07 00:13:29 开始操作号码 【1716817】
2021-07-07 00:13:35 GSD getOne 第 1 次 等待 1 秒
2021-07-07 00:13:36 查询号码 【1716817】，返回信息 {"status":"bad","msg":""}
2021-07-07 00:13:37 查询号码 【1716817】，GSD为【""】
2021-07-07 00:13:37 bad
2021-07-07 00:13:39 CHB 1716817?1625588017 第 1 次 等待 1 秒
2021-07-07 00:13:40 CHB 1716817?1625588017 第 1 次 获取到号码【1716817】GSD
2021-07-07 00:13:40 获取到号码【1716817】的GSD为【四川-南充】
2021-07-07 00:14:07 GSD insert 第 1 次 等待 1 秒
2021-07-07 00:14:08 {"status":"ok","msg":"添加成功！210120"}
2021-07-07 00:14:08 下次操作: 2021-07-07 00:14:19

2021-07-07 00:14:19 开始第 15 次操作

2021-07-07 00:14:19 开始操作号码 【1716818】
2021-07-07 00:14:30 GSD getOne 第 1 次 等待 1 秒
2021-07-07 00:14:31 查询号码 【1716818】，返回信息 {"status":"bad","msg":""}
2021-07-07 00:14:31 查询号码 【1716818】，GSD为【""】
2021-07-07 00:14:31 bad
2021-07-07 00:14:33 CHB 1716818?1625588071 第 1 次 等待 1 秒
2021-07-07 00:14:34 CHB 1716818?1625588071 第 1 次 获取到号码【1716818】GSD
2021-07-07 00:14:34 获取到号码【1716818】的GSD为【四川-成都】
2021-07-07 00:14:53 GSD insert 第 1 次 等待 1 秒
2021-07-07 00:14:54 {"status":"ok","msg":"添加成功！210127"}
2021-07-07 00:14:54 下次操作: 2021-07-07 00:15:11

2021-07-07 00:15:11 开始第 16 次操作

2021-07-07 00:15:11 开始操作号码 【1716819】
2021-07-07 00:15:15 GSD getOne 第 1 次 等待 1 秒
2021-07-07 00:15:16 查询号码 【1716819】，返回信息 {"status":"bad","msg":""}
2021-07-07 00:15:16 查询号码 【1716819】，GSD为【""】
2021-07-07 00:15:16 bad
2021-07-07 00:15:17 CHB 1716819?1625588116 第 1 次 等待 1 秒
2021-07-07 00:15:18 CHB 1716819?1625588116 第 1 次 获取到号码【1716819】GSD
2021-07-07 00:15:18 获取到号码【1716819】的GSD为【四川-成都】
2021-07-07 00:15:37 GSD insert 第 1 次 等待 1 秒
2021-07-07 00:15:38 {"status":"ok","msg":"添加成功！210129"}
2021-07-07 00:15:39 下次操作: 2021-07-07 00:15:45

2021-07-07 00:15:45 开始第 17 次操作

2021-07-07 00:15:45 开始操作号码 【1716820】
2021-07-07 00:16:03 GSD getOne 第 1 次 等待 1 秒
2021-07-07 00:16:04 查询号码 【1716820】，返回信息 {"status":"bad","msg":""}
2021-07-07 00:16:05 查询号码 【1716820】，GSD为【""】
2021-07-07 00:16:05 bad
2021-07-07 00:16:07 CHB 1716820?1625588165 第 1 次 等待 1 秒
2021-07-07 00:16:08 CHB 1716820?1625588165 第 1 次 获取到号码【1716820】GSD
2021-07-07 00:16:08 获取到号码【1716820】的GSD为【四川-成都】
2021-07-07 00:16:27 GSD insert 第 1 次 等待 1 秒
2021-07-07 00:16:28 {"status":"ok","msg":"添加成功！210136"}
2021-07-07 00:16:28 下次操作: 2021-07-07 00:16:38

2021-07-07 00:16:38 开始第 18 次操作

2021-07-07 00:16:38 开始操作号码 【1716821】
2021-07-07 00:16:49 GSD getOne 第 1 次 等待 1 秒
2021-07-07 00:16:50 查询号码 【1716821】，返回信息 {"status":"bad","msg":""}
2021-07-07 00:16:50 查询号码 【1716821】，GSD为【""】
2021-07-07 00:16:50 bad
2021-07-07 00:16:51 CHB 1716821?1625588210 第 1 次 等待 1 秒
2021-07-07 00:16:52 CHB 1716821?1625588210 第 1 次 获取到号码【1716821】GSD
2021-07-07 00:16:52 获取到号码【1716821】的GSD为【四川-成都】
2021-07-07 00:17:11 GSD insert 第 1 次 等待 1 秒
2021-07-07 00:17:12 {"status":"ok","msg":"添加成功！210140"}
2021-07-07 00:17:12 下次操作: 2021-07-07 00:17:18

2021-07-07 00:17:18 开始第 19 次操作

2021-07-07 00:17:18 开始操作号码 【1716822】
2021-07-07 00:17:38 GSD getOne 第 1 次 等待 1 秒
2021-07-07 00:17:39 查询号码 【1716822】，返回信息 {"status":"bad","msg":""}
2021-07-07 00:17:39 查询号码 【1716822】，GSD为【""】
2021-07-07 00:17:39 bad
2021-07-07 00:17:42 CHB 1716822?1625588259 第 1 次 等待 1 秒
2021-07-07 00:17:43 CHB 1716822?1625588259 第 1 次 获取到号码【1716822】GSD
2021-07-07 00:17:43 获取到号码【1716822】的GSD为【四川-成都】
2021-07-07 00:18:04 GSD insert 第 1 次 等待 1 秒
2021-07-07 00:18:05 {"status":"ok","msg":"添加成功！210144"}
2021-07-07 00:18:05 下次操作: 2021-07-07 00:18:20

2021-07-07 00:18:20 开始第 20 次操作

2021-07-07 00:18:20 开始操作号码 【1716823】
2021-07-07 00:18:24 GSD getOne 第 1 次 等待 1 秒
2021-07-07 00:18:25 查询号码 【1716823】，返回信息 {"status":"bad","msg":""}
2021-07-07 00:18:25 查询号码 【1716823】，GSD为【""】
2021-07-07 00:18:25 bad
2021-07-07 00:18:28 CHB 1716823?1625588305 第 1 次 等待 1 秒
2021-07-07 00:18:29 CHB 1716823?1625588305 第 1 次 获取到号码【1716823】GSD
2021-07-07 00:18:29 获取到号码【1716823】的GSD为【四川-成都】
2021-07-07 00:18:48 GSD insert 第 1 次 等待 1 秒
2021-07-07 00:18:49 {"status":"ok","msg":"添加成功！210151"}
2021-07-07 00:18:49 下次操作: 2021-07-07 00:19:06

2021-07-07 00:19:06 开始第 21 次操作

2021-07-07 00:19:06 开始操作号码 【1716824】
2021-07-07 00:19:10 GSD getOne 第 1 次 等待 1 秒
2021-07-07 00:19:11 查询号码 【1716824】，返回信息 {"status":"bad","msg":""}
2021-07-07 00:19:11 查询号码 【1716824】，GSD为【""】
2021-07-07 00:19:11 bad
2021-07-07 00:19:13 CHB 1716824?1625588351 第 1 次 等待 1 秒
2021-07-07 00:19:14 CHB 1716824?1625588351 第 1 次 获取到号码【1716824】GSD
2021-07-07 00:19:14 获取到号码【1716824】的GSD为【四川-乐山】
2021-07-07 00:19:38 GSD insert 第 1 次 等待 1 秒
2021-07-07 00:19:39 {"status":"ok","msg":"添加成功！210158"}
2021-07-07 00:19:39 下次操作: 2021-07-07 00:19:45

2021-07-07 00:19:45 开始第 22 次操作

2021-07-07 00:19:45 开始操作号码 【1716825】
2021-07-07 00:20:06 GSD getOne 第 1 次 等待 1 秒
2021-07-07 00:20:07 查询号码 【1716825】，返回信息 {"status":"bad","msg":""}
2021-07-07 00:20:07 查询号码 【1716825】，GSD为【""】
2021-07-07 00:20:07 bad
2021-07-07 00:20:09 CHB 1716825?1625588407 第 1 次 等待 1 秒
2021-07-07 00:20:10 CHB 1716825?1625588407 第 1 次 获取到号码【1716825】GSD
2021-07-07 00:20:10 获取到号码【1716825】的GSD为【四川-成都】
2021-07-07 00:20:31 GSD insert 第 1 次 等待 1 秒
2021-07-07 00:20:32 {"status":"ok","msg":"添加成功！210165"}
2021-07-07 00:20:32 下次操作: 2021-07-07 00:20:46

2021-07-07 00:20:46 开始第 23 次操作

2021-07-07 00:20:46 开始操作号码 【1716826】
2021-07-07 00:20:54 GSD getOne 第 1 次 等待 1 秒
2021-07-07 00:20:55 查询号码 【1716826】，返回信息 {"status":"bad","msg":""}
2021-07-07 00:20:55 查询号码 【1716826】，GSD为【""】
2021-07-07 00:20:55 bad
2021-07-07 00:20:57 CHB 1716826?1625588455 第 1 次 等待 1 秒
2021-07-07 00:20:58 CHB 1716826?1625588455 第 1 次 获取到号码【1716826】GSD
2021-07-07 00:20:58 获取到号码【1716826】的GSD为【四川-成都】
2021-07-07 00:21:17 GSD insert 第 1 次 等待 1 秒
2021-07-07 00:21:18 {"status":"ok","msg":"添加成功！210169"}
2021-07-07 00:21:18 下次操作: 2021-07-07 00:21:26

2021-07-07 00:21:26 开始第 24 次操作

2021-07-07 00:21:26 开始操作号码 【1716827】
2021-07-07 00:21:36 GSD getOne 第 1 次 等待 1 秒
2021-07-07 00:21:37 查询号码 【1716827】，返回信息 {"status":"bad","msg":""}
2021-07-07 00:21:37 查询号码 【1716827】，GSD为【""】
2021-07-07 00:21:37 bad
2021-07-07 00:21:41 CHB 1716827?1625588497 第 1 次 等待 1 秒
2021-07-07 00:21:42 CHB 1716827?1625588497 第 1 次 获取到号码【1716827】GSD
2021-07-07 00:21:42 获取到号码【1716827】的GSD为【四川-成都】
2021-07-07 00:22:01 GSD insert 第 1 次 等待 1 秒
2021-07-07 00:22:02 {"status":"ok","msg":"添加成功！210172"}
2021-07-07 00:22:02 下次操作: 2021-07-07 00:22:20

2021-07-07 00:22:20 开始第 25 次操作

2021-07-07 00:22:20 开始操作号码 【1716828】
2021-07-07 00:22:23 GSD getOne 第 1 次 等待 1 秒
2021-07-07 00:22:24 查询号码 【1716828】，返回信息 {"status":"bad","msg":""}
2021-07-07 00:22:25 查询号码 【1716828】，GSD为【""】
2021-07-07 00:22:25 bad
2021-07-07 00:22:26 CHB 1716828?1625588545 第 1 次 等待 1 秒
2021-07-07 00:22:27 CHB 1716828?1625588545 第 1 次 获取到号码【1716828】GSD
2021-07-07 00:22:27 获取到号码【1716828】的GSD为【四川-成都】
2021-07-07 00:22:47 GSD insert 第 1 次 等待 1 秒
2021-07-07 00:22:48 {"status":"ok","msg":"添加成功！210175"}
2021-07-07 00:22:48 下次操作: 2021-07-07 00:23:04

2021-07-07 00:23:05 开始第 26 次操作

2021-07-07 00:23:05 开始操作号码 【1716829】
2021-07-07 00:23:11 GSD getOne 第 1 次 等待 1 秒
2021-07-07 00:23:12 查询号码 【1716829】，返回信息 {"status":"bad","msg":""}
2021-07-07 00:23:12 查询号码 【1716829】，GSD为【""】
2021-07-07 00:23:12 bad
2021-07-07 00:23:19 CHB 1716829?1625588592 第 1 次 等待 1 秒
2021-07-07 00:23:20 CHB 1716829?1625588592 第 1 次 获取到号码【1716829】GSD
2021-07-07 00:23:20 获取到号码【1716829】的GSD为【四川-成都】
2021-07-07 00:23:40 GSD insert 第 1 次 等待 1 秒
2021-07-07 00:23:41 {"status":"ok","msg":"添加成功！210177"}
2021-07-07 00:23:41 下次操作: 2021-07-07 00:23:52

2021-07-07 00:23:52 开始第 27 次操作

2021-07-07 00:23:52 开始操作号码 【1716830】
2021-07-07 00:24:03 GSD getOne 第 1 次 等待 1 秒
2021-07-07 00:24:04 查询号码 【1716830】，返回信息 {"status":"bad","msg":""}
2021-07-07 00:24:04 查询号码 【1716830】，GSD为【""】
2021-07-07 00:24:04 bad
2021-07-07 00:24:06 CHB 1716830?1625588644 第 1 次 等待 1 秒
2021-07-07 00:24:07 CHB 1716830?1625588644 第 1 次 获取到号码【1716830】GSD
2021-07-07 00:24:07 获取到号码【1716830】的GSD为【四川-成都】
2021-07-07 00:24:28 GSD insert 第 1 次 等待 1 秒
2021-07-07 00:24:29 {"status":"ok","msg":"添加成功！210179"}
2021-07-07 00:24:29 下次操作: 2021-07-07 00:24:45

2021-07-07 00:24:45 开始第 28 次操作

2021-07-07 00:24:45 开始操作号码 【1716831】
2021-07-07 00:24:54 GSD getOne 第 1 次 等待 1 秒
2021-07-07 00:24:55 查询号码 【1716831】，返回信息 {"status":"bad","msg":""}
2021-07-07 00:24:55 查询号码 【1716831】，GSD为【""】
2021-07-07 00:24:55 bad
2021-07-07 00:24:58 CHB 1716831?1625588695 第 1 次 等待 1 秒
2021-07-07 00:24:59 CHB 1716831?1625588695 第 1 次 获取到号码【1716831】GSD
2021-07-07 00:25:00 获取到号码【1716831】的GSD为【四川-宜宾】
2021-07-07 00:25:20 GSD insert 第 1 次 等待 1 秒
2021-07-07 00:25:21 {"status":"ok","msg":"添加成功！210180"}
2021-07-07 00:25:21 下次操作: 2021-07-07 00:25:28

2021-07-07 00:25:28 开始第 29 次操作

2021-07-07 00:25:28 开始操作号码 【1716832】
2021-07-07 00:25:48 GSD getOne 第 1 次 等待 1 秒
2021-07-07 00:25:49 查询号码 【1716832】，返回信息 {"status":"bad","msg":""}
2021-07-07 00:25:49 查询号码 【1716832】，GSD为【""】
2021-07-07 00:25:49 bad
2021-07-07 00:25:52 CHB 1716832?1625588749 第 1 次 等待 1 秒
2021-07-07 00:25:53 CHB 1716832?1625588749 第 1 次 获取到号码【1716832】GSD
2021-07-07 00:25:53 获取到号码【1716832】的GSD为【四川-成都】
2021-07-07 00:26:12 GSD insert 第 1 次 等待 1 秒
2021-07-07 00:26:13 {"status":"ok","msg":"添加成功！210183"}
2021-07-07 00:26:13 下次操作: 2021-07-07 00:26:21

2021-07-07 00:26:21 开始第 30 次操作

2021-07-07 00:26:21 开始操作号码 【1716833】
2021-07-07 00:26:36 GSD getOne 第 1 次 等待 1 秒
2021-07-07 00:26:37 查询号码 【1716833】，返回信息 {"status":"bad","msg":""}
2021-07-07 00:26:37 查询号码 【1716833】，GSD为【""】
2021-07-07 00:26:37 bad
2021-07-07 00:26:39 CHB 1716833?1625588797 第 1 次 等待 1 秒
2021-07-07 00:26:40 CHB 1716833?1625588797 第 1 次 获取到号码【1716833】GSD
2021-07-07 00:26:40 获取到号码【1716833】的GSD为【四川-乐山】
2021-07-07 00:27:00 GSD insert 第 1 次 等待 1 秒
2021-07-07 00:27:01 {"status":"ok","msg":"添加成功！210186"}

2021-07-07 01:44:11 开始第 1 次操作

2021-07-07 01:44:11 开始操作号码 【1716834】
2021-07-07 01:44:14 GSD getOne 第 1 次 等待 1 秒
2021-07-07 01:44:15 查询号码 【1716834】，返回信息 {"status":"bad","msg":""}
2021-07-07 01:44:16 查询号码 【1716834】，GSD为【""】
2021-07-07 01:44:16 bad
2021-07-07 01:44:18 CHB 1716834?1625593456 第 1 次 等待 1 秒
2021-07-07 01:44:19 CHB 1716834?1625593456 第 1 次 获取到号码【1716834】GSD
2021-07-07 01:44:19 获取到号码【1716834】的GSD为【四川-乐山】
2021-07-07 01:44:38 GSD insert 第 1 次 等待 1 秒
2021-07-07 01:44:39 {"status":"ok","msg":"添加成功！210549"}
2021-07-07 01:44:39 下次操作: 2021-07-07 01:44:54

2021-07-07 01:44:54 开始第 2 次操作

2021-07-07 01:44:54 开始操作号码 【1716835】
2021-07-07 01:44:58 GSD getOne 第 1 次 等待 1 秒
2021-07-07 01:44:59 查询号码 【1716835】，返回信息 {"status":"bad","msg":""}
2021-07-07 01:44:59 查询号码 【1716835】，GSD为【""】
2021-07-07 01:44:59 bad
2021-07-07 01:45:01 CHB 1716835?1625593499 第 1 次 等待 1 秒
2021-07-07 01:45:02 CHB 1716835?1625593499 第 1 次 获取到号码【1716835】GSD
2021-07-07 01:45:02 获取到号码【1716835】的GSD为【四川-成都】
2021-07-07 01:45:21 GSD insert 第 1 次 等待 1 秒
2021-07-07 01:45:22 {"status":"ok","msg":"添加成功！210564"}
2021-07-07 01:45:22 下次操作: 2021-07-07 01:45:28

2021-07-07 01:45:28 开始第 3 次操作

2021-07-07 01:45:28 开始操作号码 【1716836】
2021-07-07 01:45:47 GSD getOne 第 1 次 等待 1 秒
2021-07-07 01:45:48 查询号码 【1716836】，返回信息 {"status":"bad","msg":""}
2021-07-07 01:45:48 查询号码 【1716836】，GSD为【""】
2021-07-07 01:45:48 bad
2021-07-07 01:45:53 CHB 1716836?1625593548 第 1 次 等待 1 秒
2021-07-07 01:45:54 CHB 1716836?1625593548 第 1 次 获取到号码【1716836】GSD
2021-07-07 01:45:54 获取到号码【1716836】的GSD为【四川-成都】
2021-07-07 01:46:13 GSD insert 第 1 次 等待 1 秒
2021-07-07 01:46:14 {"status":"ok","msg":"添加成功！210580"}
2021-07-07 01:46:14 下次操作: 2021-07-07 01:46:22

2021-07-07 01:46:22 开始第 4 次操作

2021-07-07 01:46:22 开始操作号码 【1716837】
2021-07-07 01:46:34 GSD getOne 第 1 次 等待 1 秒
2021-07-07 01:46:35 查询号码 【1716837】，返回信息 {"status":"bad","msg":""}
2021-07-07 01:46:35 查询号码 【1716837】，GSD为【""】
2021-07-07 01:46:35 bad
2021-07-07 01:46:37 CHB 1716837?1625593595 第 1 次 等待 1 秒
2021-07-07 01:46:38 CHB 1716837?1625593595 第 1 次 获取到号码【1716837】GSD
2021-07-07 01:46:38 获取到号码【1716837】的GSD为【四川-成都】
2021-07-07 01:46:57 GSD insert 第 1 次 等待 1 秒
2021-07-07 01:46:58 {"status":"ok","msg":"添加成功！210592"}
2021-07-07 01:46:58 下次操作: 2021-07-07 01:47:11

2021-07-07 01:47:11 开始第 5 次操作

2021-07-07 01:47:11 开始操作号码 【1716838】
2021-07-07 01:47:19 GSD getOne 第 1 次 等待 1 秒
2021-07-07 01:47:20 查询号码 【1716838】，返回信息 {"status":"bad","msg":""}
2021-07-07 01:47:20 查询号码 【1716838】，GSD为【""】
2021-07-07 01:47:20 bad
2021-07-07 01:47:22 CHB 1716838?1625593640 第 1 次 等待 1 秒
2021-07-07 01:47:23 CHB 1716838?1625593640 第 1 次 获取到号码【1716838】GSD
2021-07-07 01:47:23 获取到号码【1716838】的GSD为【四川-德阳】
2021-07-07 01:47:42 GSD insert 第 1 次 等待 1 秒
2021-07-07 01:47:43 {"status":"ok","msg":"添加成功！210606"}
2021-07-07 01:47:43 下次操作: 2021-07-07 01:47:52

2021-07-07 01:47:52 开始第 6 次操作

2021-07-07 01:47:52 开始操作号码 【1716839】
2021-07-07 01:48:05 GSD getOne 第 1 次 等待 1 秒
2021-07-07 01:48:06 查询号码 【1716839】，返回信息 {"status":"bad","msg":""}
2021-07-07 01:48:06 查询号码 【1716839】，GSD为【""】
2021-07-07 01:48:07 bad
2021-07-07 01:48:08 CHB 1716839?1625593687 第 1 次 等待 1 秒
2021-07-07 01:48:09 CHB 1716839?1625593687 第 1 次 获取到号码【1716839】GSD
2021-07-07 01:48:09 获取到号码【1716839】的GSD为【四川-成都】
2021-07-07 01:48:28 GSD insert 第 1 次 等待 1 秒
2021-07-07 01:48:29 {"status":"ok","msg":"添加成功！210620"}
2021-07-07 01:48:29 下次操作: 2021-07-07 01:48:36

2021-07-07 01:48:36 开始第 7 次操作

2021-07-07 01:48:36 开始操作号码 【1716840】
2021-07-07 01:48:55 GSD getOne 第 1 次 等待 1 秒
2021-07-07 01:48:56 查询号码 【1716840】，返回信息 {"status":"bad","msg":""}
2021-07-07 01:48:56 查询号码 【1716840】，GSD为【""】
2021-07-07 01:48:56 bad
2021-07-07 01:48:58 CHB 1716840?1625593736 第 1 次 等待 1 秒
2021-07-07 01:48:59 CHB 1716840?1625593736 第 1 次 获取到号码【1716840】GSD
2021-07-07 01:48:59 获取到号码【1716840】的GSD为【江西-赣州】
2021-07-07 01:49:18 GSD insert 第 1 次 等待 1 秒
2021-07-07 01:49:19 {"status":"ok","msg":"添加成功！210631"}
2021-07-07 01:49:19 下次操作: 2021-07-07 01:49:31

2021-07-07 01:49:31 开始第 8 次操作

2021-07-07 01:49:31 开始操作号码 【1716841】
2021-07-07 01:49:38 GSD getOne 第 1 次 等待 1 秒
2021-07-07 01:49:39 查询号码 【1716841】，返回信息 {"status":"bad","msg":""}
2021-07-07 01:49:39 查询号码 【1716841】，GSD为【""】
2021-07-07 01:49:39 bad
2021-07-07 01:49:41 CHB 1716841?1625593779 第 1 次 等待 1 秒
2021-07-07 01:49:42 CHB 1716841?1625593779 第 1 次 获取到号码【1716841】GSD
2021-07-07 01:49:42 获取到号码【1716841】的GSD为【江西-九江】
2021-07-07 01:50:02 GSD insert 第 1 次 等待 1 秒
2021-07-07 01:50:03 {"status":"ok","msg":"添加成功！210642"}
2021-07-07 01:50:03 下次操作: 2021-07-07 01:50:20

2021-07-07 01:50:20 开始第 9 次操作

2021-07-07 01:50:20 开始操作号码 【1716842】
2021-07-07 01:50:23 GSD getOne 第 1 次 等待 1 秒
2021-07-07 01:50:24 查询号码 【1716842】，返回信息 {"status":"bad","msg":""}
2021-07-07 01:50:24 查询号码 【1716842】，GSD为【""】
2021-07-07 01:50:24 bad
2021-07-07 01:50:26 CHB 1716842?1625593824 第 1 次 等待 1 秒
2021-07-07 01:50:27 CHB 1716842?1625593824 第 1 次 获取到号码【1716842】GSD
2021-07-07 01:50:27 获取到号码【1716842】的GSD为【江西-九江】
2021-07-07 01:50:46 GSD insert 第 1 次 等待 1 秒
2021-07-07 01:50:47 {"status":"ok","msg":"添加成功！210654"}
2021-07-07 01:50:47 下次操作: 2021-07-07 01:50:59

2021-07-07 01:50:59 开始第 10 次操作

2021-07-07 01:50:59 开始操作号码 【1716843】
2021-07-07 01:51:06 GSD getOne 第 1 次 等待 1 秒
2021-07-07 01:51:07 查询号码 【1716843】，返回信息 {"status":"bad","msg":""}
2021-07-07 01:51:07 查询号码 【1716843】，GSD为【""】
2021-07-07 01:51:07 bad
2021-07-07 01:51:09 CHB 1716843?1625593867 第 1 次 等待 1 秒
2021-07-07 01:51:10 CHB 1716843?1625593867 第 1 次 获取到号码【1716843】GSD
2021-07-07 01:51:10 获取到号码【1716843】的GSD为【江西-九江】
2021-07-07 01:51:29 GSD insert 第 1 次 等待 1 秒
2021-07-07 01:51:30 {"status":"ok","msg":"添加成功！210663"}
2021-07-07 01:51:30 下次操作: 2021-07-07 01:51:43

2021-07-07 01:51:43 开始第 11 次操作

2021-07-07 01:51:43 开始操作号码 【1716844】
2021-07-07 01:51:49 GSD getOne 第 1 次 等待 1 秒
2021-07-07 01:51:50 查询号码 【1716844】，返回信息 {"status":"bad","msg":""}
2021-07-07 01:51:50 查询号码 【1716844】，GSD为【""】
2021-07-07 01:51:50 bad
2021-07-07 01:51:52 CHB 1716844?1625593910 第 1 次 等待 1 秒
2021-07-07 01:51:53 CHB 1716844?1625593910 第 1 次 获取到号码【1716844】GSD
2021-07-07 01:51:53 获取到号码【1716844】的GSD为【江西-九江】
2021-07-07 01:52:12 GSD insert 第 1 次 等待 1 秒
2021-07-07 01:52:13 {"status":"ok","msg":"添加成功！210673"}
2021-07-07 01:52:13 下次操作: 2021-07-07 01:52:31

2021-07-07 01:52:31 开始第 12 次操作

2021-07-07 01:52:31 开始操作号码 【1716845】
2021-07-07 01:52:39 GSD getOne 第 1 次 等待 1 秒
2021-07-07 01:52:40 查询号码 【1716845】，返回信息 {"status":"bad","msg":""}
2021-07-07 01:52:40 查询号码 【1716845】，GSD为【""】
2021-07-07 01:52:40 bad
2021-07-07 01:52:42 CHB 1716845?1625593960 第 1 次 等待 1 秒
2021-07-07 01:52:43 CHB 1716845?1625593960 第 1 次 获取到号码【1716845】GSD
2021-07-07 01:52:43 获取到号码【1716845】的GSD为【江西-上饶】
2021-07-07 01:53:01 GSD insert 第 1 次 等待 1 秒
2021-07-07 01:53:02 {"status":"ok","msg":"添加成功！210681"}
2021-07-07 01:53:02 下次操作: 2021-07-07 01:53:08

2021-07-07 01:53:08 开始第 13 次操作

2021-07-07 01:53:08 开始操作号码 【1716846】
2021-07-07 01:53:27 GSD getOne 第 1 次 等待 1 秒
2021-07-07 01:53:28 查询号码 【1716846】，返回信息 {"status":"bad","msg":""}
2021-07-07 01:53:28 查询号码 【1716846】，GSD为【""】
2021-07-07 01:53:28 bad
2021-07-07 01:53:30 CHB 1716846?1625594008 第 1 次 等待 1 秒
2021-07-07 01:53:31 CHB 1716846?1625594008 第 1 次 获取到号码【1716846】GSD
2021-07-07 01:53:31 获取到号码【1716846】的GSD为【江西-上饶】
2021-07-07 01:53:50 GSD insert 第 1 次 等待 1 秒
2021-07-07 01:53:51 {"status":"ok","msg":"添加成功！210690"}
2021-07-07 01:53:51 下次操作: 2021-07-07 01:53:58

2021-07-07 01:53:58 开始第 14 次操作

2021-07-07 01:53:58 开始操作号码 【1716847】
2021-07-07 01:54:17 GSD getOne 第 1 次 等待 1 秒
2021-07-07 01:54:18 查询号码 【1716847】，返回信息 {"status":"bad","msg":""}
2021-07-07 01:54:18 查询号码 【1716847】，GSD为【""】
2021-07-07 01:54:18 bad
2021-07-07 01:54:20 CHB 1716847?1625594058 第 1 次 等待 1 秒
2021-07-07 01:54:21 CHB 1716847?1625594058 第 1 次 获取到号码【1716847】GSD
2021-07-07 01:54:21 获取到号码【1716847】的GSD为【江西-上饶】
2021-07-07 01:54:39 GSD insert 第 1 次 等待 1 秒
2021-07-07 01:54:40 {"status":"ok","msg":"添加成功！210701"}
2021-07-07 01:54:40 下次操作: 2021-07-07 01:54:57

2021-07-07 01:54:57 开始第 15 次操作

2021-07-07 01:54:57 开始操作号码 【1716848】
2021-07-07 01:55:02 GSD getOne 第 1 次 等待 1 秒
2021-07-07 01:55:03 查询号码 【1716848】，返回信息 {"status":"bad","msg":""}
2021-07-07 01:55:03 查询号码 【1716848】，GSD为【""】
2021-07-07 01:55:03 bad
2021-07-07 01:55:05 CHB 1716848?1625594103 第 1 次 等待 1 秒
2021-07-07 01:55:06 CHB 1716848?1625594103 第 1 次 获取到号码【1716848】GSD
2021-07-07 01:55:06 获取到号码【1716848】的GSD为【江西-上饶】
2021-07-07 01:55:25 GSD insert 第 1 次 等待 1 秒
2021-07-07 01:55:26 {"status":"ok","msg":"添加成功！210713"}
2021-07-07 01:55:26 下次操作: 2021-07-07 01:55:38

2021-07-07 01:55:38 开始第 16 次操作

2021-07-07 01:55:38 开始操作号码 【1716849】
2021-07-07 01:55:44 GSD getOne 第 1 次 等待 1 秒
2021-07-07 01:55:45 查询号码 【1716849】，返回信息 {"status":"bad","msg":""}
2021-07-07 01:55:45 查询号码 【1716849】，GSD为【""】
2021-07-07 01:55:45 bad
2021-07-07 01:55:47 CHB 1716849?1625594145 第 1 次 等待 1 秒
2021-07-07 01:55:48 CHB 1716849?1625594145 第 1 次 获取到号码【1716849】GSD
2021-07-07 01:55:48 获取到号码【1716849】的GSD为【江西-宜春】
2021-07-07 01:56:07 GSD insert 第 1 次 等待 1 秒
2021-07-07 01:56:08 {"status":"ok","msg":"添加成功！210718"}
2021-07-07 01:56:08 下次操作: 2021-07-07 01:56:19

2021-07-07 01:56:19 开始第 17 次操作

2021-07-07 01:56:19 开始操作号码 【1716850】
2021-07-07 01:56:30 GSD getOne 第 1 次 等待 1 秒
2021-07-07 01:56:31 查询号码 【1716850】，返回信息 {"status":"bad","msg":""}
2021-07-07 01:56:32 查询号码 【1716850】，GSD为【""】
2021-07-07 01:56:32 bad
2021-07-07 01:56:33 CHB 1716850?1625594192 第 1 次 等待 1 秒
2021-07-07 01:56:34 CHB 1716850?1625594192 第 1 次 获取到号码【1716850】GSD
2021-07-07 01:56:34 获取到号码【1716850】的GSD为【贵州-贵阳】
2021-07-07 01:56:53 GSD insert 第 1 次 等待 1 秒
2021-07-07 01:56:54 {"status":"ok","msg":"添加成功！210728"}
2021-07-07 01:56:54 下次操作: 2021-07-07 01:57:02

2021-07-07 01:57:02 开始第 18 次操作

2021-07-07 01:57:02 开始操作号码 【1716851】
2021-07-07 01:57:13 GSD getOne 第 1 次 等待 1 秒
2021-07-07 01:57:14 查询号码 【1716851】，返回信息 {"status":"bad","msg":""}
2021-07-07 01:57:14 查询号码 【1716851】，GSD为【""】
2021-07-07 01:57:14 bad
2021-07-07 01:57:15 CHB 1716851?1625594234 第 1 次 等待 1 秒
2021-07-07 01:57:16 CHB 1716851?1625594234 第 1 次 获取到号码【1716851】GSD
2021-07-07 01:57:16 获取到号码【1716851】的GSD为【贵州-贵阳】
2021-07-07 01:57:35 GSD insert 第 1 次 等待 1 秒
2021-07-07 01:57:36 {"status":"ok","msg":"添加成功！210733"}
2021-07-07 01:57:36 下次操作: 2021-07-07 01:57:47

2021-07-07 01:57:47 开始第 19 次操作

2021-07-07 01:57:47 开始操作号码 【1716852】
2021-07-07 01:57:58 GSD getOne 第 1 次 等待 1 秒
2021-07-07 01:57:59 查询号码 【1716852】，返回信息 {"status":"ok","msg":"贵州-遵义","time_insert":"2020-08-04 15:45","time_update":"2020-11-21 07:07"}
2021-07-07 01:57:59 查询号码 【1716852】，GSD为【"贵州-遵义"】

2021-07-07 01:57:59 开始第 19 次操作

2021-07-07 01:57:59 开始操作号码 【1716853】
2021-07-07 01:58:18 GSD getOne 第 1 次 等待 1 秒
2021-07-07 01:58:19 查询号码 【1716853】，返回信息 {"status":"bad","msg":""}
2021-07-07 01:58:19 查询号码 【1716853】，GSD为【""】
2021-07-07 01:58:19 bad
2021-07-07 01:58:20 CHB 1716853?1625594299 第 1 次 等待 1 秒
2021-07-07 01:58:21 CHB 1716853?1625594299 第 1 次 获取到号码【1716853】GSD
2021-07-07 01:58:21 获取到号码【1716853】的GSD为【贵州-安顺】
2021-07-07 01:58:40 GSD insert 第 1 次 等待 1 秒
2021-07-07 01:58:41 {"status":"ok","msg":"添加成功！210740"}
2021-07-07 01:58:41 下次操作: 2021-07-07 01:58:53

2021-07-07 01:58:53 开始第 20 次操作

2021-07-07 01:58:53 开始操作号码 【1716854】
2021-07-07 01:59:01 GSD getOne 第 1 次 等待 1 秒
2021-07-07 01:59:02 查询号码 【1716854】，返回信息 {"status":"bad","msg":""}
2021-07-07 01:59:02 查询号码 【1716854】，GSD为【""】
2021-07-07 01:59:02 bad
2021-07-07 01:59:04 CHB 1716854?1625594342 第 1 次 等待 1 秒
2021-07-07 01:59:05 CHB 1716854?1625594342 第 1 次 获取到号码【1716854】GSD
2021-07-07 01:59:05 获取到号码【1716854】的GSD为【贵州-贵阳】
2021-07-07 01:59:24 GSD insert 第 1 次 等待 1 秒
2021-07-07 01:59:25 {"status":"ok","msg":"添加成功！210743"}
2021-07-07 01:59:25 下次操作: 2021-07-07 01:59:40

2021-07-07 01:59:40 开始第 21 次操作

2021-07-07 01:59:40 开始操作号码 【1716855】
2021-07-07 01:59:43 GSD getOne 第 1 次 等待 1 秒
2021-07-07 01:59:44 查询号码 【1716855】，返回信息 {"status":"bad","msg":""}
2021-07-07 01:59:44 查询号码 【1716855】，GSD为【""】
2021-07-07 01:59:44 bad
2021-07-07 01:59:47 CHB 1716855?1625594384 第 1 次 等待 1 秒
2021-07-07 01:59:48 CHB 1716855?1625594384 第 1 次 获取到号码【1716855】GSD
2021-07-07 01:59:48 获取到号码【1716855】的GSD为【贵州-贵阳】
2021-07-07 01:59:52 GSD insert 第 1 次 等待 1 秒
2021-07-07 01:59:53 {"status":"ok","msg":"添加成功！210745"}
2021-07-07 01:59:53 下次操作: 2021-07-07 02:00:05

2021-07-07 02:00:05 开始第 22 次操作

2021-07-07 02:00:05 开始操作号码 【1716856】
2021-07-07 02:00:08 GSD getOne 第 1 次 等待 1 秒
2021-07-07 02:00:09 查询号码 【1716856】，返回信息 {"status":"bad","msg":""}
2021-07-07 02:00:09 查询号码 【1716856】，GSD为【""】
2021-07-07 02:00:09 bad
2021-07-07 02:00:10 CHB 1716856?1625594409 第 1 次 等待 1 秒
2021-07-07 02:00:11 CHB 1716856?1625594409 第 1 次 获取到号码【1716856】GSD
2021-07-07 02:00:11 获取到号码【1716856】的GSD为【贵州-铜仁】
2021-07-07 02:00:15 GSD insert 第 1 次 等待 1 秒
2021-07-07 02:00:16 {"status":"ok","msg":"添加成功！210749"}
2021-07-07 02:00:16 下次操作: 2021-07-07 02:00:26

2021-07-07 02:00:26 开始第 23 次操作

2021-07-07 02:00:26 开始操作号码 【1716857】
2021-07-07 02:00:30 GSD getOne 第 1 次 等待 1 秒
2021-07-07 02:00:31 查询号码 【1716857】，返回信息 {"status":"bad","msg":""}
2021-07-07 02:00:31 查询号码 【1716857】，GSD为【""】
2021-07-07 02:00:31 bad
2021-07-07 02:00:32 CHB 1716857?1625594431 第 1 次 等待 1 秒
2021-07-07 02:00:33 CHB 1716857?1625594431 第 1 次 获取到号码【1716857】GSD
2021-07-07 02:00:33 获取到号码【1716857】的GSD为【贵州-毕节】
2021-07-07 02:00:38 GSD insert 第 1 次 等待 1 秒
2021-07-07 02:00:39 {"status":"ok","msg":"添加成功！210751"}
2021-07-07 02:00:39 下次操作: 2021-07-07 02:00:56

2021-07-07 02:00:56 开始第 24 次操作

2021-07-07 02:00:56 开始操作号码 【1716858】
2021-07-07 02:01:00 GSD getOne 第 1 次 等待 1 秒
2021-07-07 02:01:01 查询号码 【1716858】，返回信息 {"status":"bad","msg":""}
2021-07-07 02:01:01 查询号码 【1716858】，GSD为【""】
2021-07-07 02:01:01 bad
2021-07-07 02:01:03 CHB 1716858?1625594461 第 1 次 等待 1 秒
2021-07-07 02:01:04 CHB 1716858?1625594461 第 1 次 获取到号码【1716858】GSD
2021-07-07 02:01:04 获取到号码【1716858】的GSD为【贵州-贵阳】
2021-07-07 02:01:10 GSD insert 第 1 次 等待 1 秒
2021-07-07 02:01:11 {"status":"ok","msg":"添加成功！210754"}
2021-07-07 02:01:11 下次操作: 2021-07-07 02:01:26

2021-07-07 02:01:26 开始第 25 次操作

2021-07-07 02:01:26 开始操作号码 【1716859】
2021-07-07 02:01:29 GSD getOne 第 1 次 等待 1 秒
2021-07-07 02:01:30 查询号码 【1716859】，返回信息 {"status":"bad","msg":""}
2021-07-07 02:01:30 查询号码 【1716859】，GSD为【""】
2021-07-07 02:01:30 bad
2021-07-07 02:01:33 CHB 1716859?1625594490 第 1 次 等待 1 秒
2021-07-07 02:01:34 CHB 1716859?1625594490 第 1 次 获取到号码【1716859】GSD
2021-07-07 02:01:34 获取到号码【1716859】的GSD为【贵州-贵阳】
2021-07-07 02:01:37 GSD insert 第 1 次 等待 1 秒
2021-07-07 02:01:38 {"status":"ok","msg":"添加成功！210756"}
2021-07-07 02:01:38 下次操作: 2021-07-07 02:01:44

2021-07-07 02:01:44 开始第 26 次操作

2021-07-07 02:01:44 开始操作号码 【1716860】
2021-07-07 02:01:48 GSD getOne 第 1 次 等待 1 秒
2021-07-07 02:01:49 查询号码 【1716860】，返回信息 {"status":"bad","msg":""}
2021-07-07 02:01:49 查询号码 【1716860】，GSD为【""】
2021-07-07 02:01:49 bad
2021-07-07 02:01:51 CHB 1716860?1625594509 第 1 次 等待 1 秒
2021-07-07 02:01:52 CHB 1716860?1625594509 第 1 次 获取到号码【1716860】GSD
2021-07-07 02:01:52 获取到号码【1716860】的GSD为【广东-珠海】
2021-07-07 02:01:56 GSD insert 第 1 次 等待 1 秒
2021-07-07 02:01:57 {"status":"ok","msg":"添加成功！210758"}
2021-07-07 02:01:57 下次操作: 2021-07-07 02:02:04

2021-07-07 02:02:04 开始第 27 次操作

2021-07-07 02:02:04 开始操作号码 【1716861】
2021-07-07 02:02:08 GSD getOne 第 1 次 等待 1 秒
2021-07-07 02:02:09 查询号码 【1716861】，返回信息 {"status":"bad","msg":""}
2021-07-07 02:02:09 查询号码 【1716861】，GSD为【""】
2021-07-07 02:02:09 bad
2021-07-07 02:02:11 CHB 1716861?1625594529 第 1 次 等待 1 秒
2021-07-07 02:02:12 CHB 1716861?1625594529 第 1 次 获取到号码【1716861】GSD
2021-07-07 02:02:12 获取到号码【1716861】的GSD为【广东-珠海】
2021-07-07 02:02:16 GSD insert 第 1 次 等待 1 秒
2021-07-07 02:02:17 {"status":"ok","msg":"添加成功！210761"}
2021-07-07 02:02:17 下次操作: 2021-07-07 02:02:27

2021-07-07 02:02:27 开始第 28 次操作

2021-07-07 02:02:27 开始操作号码 【1716862】
2021-07-07 02:02:30 GSD getOne 第 1 次 等待 1 秒
2021-07-07 02:02:31 查询号码 【1716862】，返回信息 {"status":"bad","msg":""}
2021-07-07 02:02:31 查询号码 【1716862】，GSD为【""】
2021-07-07 02:02:31 bad
2021-07-07 02:02:33 CHB 1716862?1625594551 第 1 次 等待 1 秒
2021-07-07 02:02:34 CHB 1716862?1625594551 第 1 次 获取到号码【1716862】GSD
2021-07-07 02:02:34 获取到号码【1716862】的GSD为【广东-珠海】
2021-07-07 02:02:38 GSD insert 第 1 次 等待 1 秒
2021-07-07 02:02:39 {"status":"ok","msg":"添加成功！210763"}
2021-07-07 02:02:39 下次操作: 2021-07-07 02:02:46

2021-07-07 02:02:46 开始第 29 次操作

2021-07-07 02:02:46 开始操作号码 【1716863】
2021-07-07 02:02:49 GSD getOne 第 1 次 等待 1 秒
2021-07-07 02:02:50 查询号码 【1716863】，返回信息 {"status":"bad","msg":""}
2021-07-07 02:02:50 查询号码 【1716863】，GSD为【""】
2021-07-07 02:02:50 bad
2021-07-07 02:02:52 CHB 1716863?1625594570 第 1 次 等待 1 秒
2021-07-07 02:02:53 CHB 1716863?1625594570 第 1 次 获取到号码【1716863】GSD
2021-07-07 02:02:53 获取到号码【1716863】的GSD为【广东-珠海】
2021-07-07 02:02:57 GSD insert 第 1 次 等待 1 秒
2021-07-07 02:02:58 {"status":"ok","msg":"添加成功！210765"}
2021-07-07 02:02:58 下次操作: 2021-07-07 02:03:12

2021-07-07 02:03:12 开始第 30 次操作

2021-07-07 02:03:12 开始操作号码 【1716864】
2021-07-07 02:03:16 GSD getOne 第 1 次 等待 1 秒
2021-07-07 02:03:17 查询号码 【1716864】，返回信息 {"status":"bad","msg":""}
2021-07-07 02:03:17 查询号码 【1716864】，GSD为【""】
2021-07-07 02:03:17 bad
2021-07-07 02:03:19 CHB 1716864?1625594597 第 1 次 等待 1 秒
2021-07-07 02:03:20 CHB 1716864?1625594597 第 1 次 获取到号码【1716864】GSD
2021-07-07 02:03:20 获取到号码【1716864】的GSD为【广东-珠海】
2021-07-07 02:03:23 GSD insert 第 1 次 等待 1 秒
2021-07-07 02:03:24 {"status":"ok","msg":"添加成功！210767"}

2021-07-07 03:03:23 开始第 1 次操作

2021-07-07 03:03:23 开始操作号码 【1716865】
2021-07-07 03:03:27 GSD getOne 第 1 次 等待 1 秒
2021-07-07 03:03:28 查询号码 【1716865】，返回信息 {"status":"bad","msg":""}
2021-07-07 03:03:28 查询号码 【1716865】，GSD为【""】
2021-07-07 03:03:28 bad
2021-07-07 03:03:30 CHB 1716865?1625598208 第 1 次 等待 1 秒
2021-07-07 03:03:31 CHB 1716865?1625598208 第 1 次 获取到号码【1716865】GSD
2021-07-07 03:03:31 获取到号码【1716865】的GSD为【广东-珠海】
2021-07-07 03:03:34 GSD insert 第 1 次 等待 1 秒
2021-07-07 03:03:35 {"status":"ok","msg":"添加成功！211094"}
2021-07-07 03:03:35 下次操作: 2021-07-07 03:03:48

2021-07-07 03:03:48 开始第 2 次操作

2021-07-07 03:03:49 开始操作号码 【1716866】
2021-07-07 03:03:53 GSD getOne 第 1 次 等待 1 秒
2021-07-07 03:03:54 查询号码 【1716866】，返回信息 {"status":"bad","msg":""}
2021-07-07 03:03:54 查询号码 【1716866】，GSD为【""】
2021-07-07 03:03:54 bad
2021-07-07 03:03:56 CHB 1716866?1625598234 第 1 次 等待 1 秒
2021-07-07 03:03:57 CHB 1716866?1625598234 第 1 次 获取到号码【1716866】GSD
2021-07-07 03:03:57 获取到号码【1716866】的GSD为【广东-深圳】
2021-07-07 03:04:00 GSD insert 第 1 次 等待 1 秒
2021-07-07 03:04:02 {"status":"ok","msg":"添加成功！211099"}
2021-07-07 03:04:02 下次操作: 2021-07-07 03:04:15

2021-07-07 03:04:15 开始第 3 次操作

2021-07-07 03:04:15 开始操作号码 【1716867】
2021-07-07 03:04:18 GSD getOne 第 1 次 等待 1 秒
2021-07-07 03:04:19 查询号码 【1716867】，返回信息 {"status":"bad","msg":""}
2021-07-07 03:04:19 查询号码 【1716867】，GSD为【""】
2021-07-07 03:04:19 bad
2021-07-07 03:04:21 CHB 1716867?1625598259 第 1 次 等待 1 秒
2021-07-07 03:04:22 CHB 1716867?1625598259 第 1 次 获取到号码【1716867】GSD
2021-07-07 03:04:22 获取到号码【1716867】的GSD为【广东-珠海】
2021-07-07 03:04:26 GSD insert 第 1 次 等待 1 秒
2021-07-07 03:04:27 {"status":"ok","msg":"添加成功！211104"}
2021-07-07 03:04:27 下次操作: 2021-07-07 03:04:35

2021-07-07 03:04:35 开始第 4 次操作

2021-07-07 03:04:35 开始操作号码 【1716868】
2021-07-07 03:04:38 GSD getOne 第 1 次 等待 1 秒
2021-07-07 03:04:39 查询号码 【1716868】，返回信息 {"status":"bad","msg":""}
2021-07-07 03:04:39 查询号码 【1716868】，GSD为【""】
2021-07-07 03:04:39 bad
2021-07-07 03:04:41 CHB 1716868?1625598279 第 1 次 等待 1 秒
2021-07-07 03:04:42 CHB 1716868?1625598279 第 1 次 获取到号码【1716868】GSD
2021-07-07 03:04:42 获取到号码【1716868】的GSD为【广东-深圳】
2021-07-07 03:04:46 GSD insert 第 1 次 等待 1 秒
2021-07-07 03:04:47 {"status":"ok","msg":"添加成功！211107"}
2021-07-07 03:04:47 下次操作: 2021-07-07 03:04:54

2021-07-07 03:04:54 开始第 5 次操作

2021-07-07 03:04:54 开始操作号码 【1716869】
2021-07-07 03:04:57 GSD getOne 第 1 次 等待 1 秒
2021-07-07 03:04:58 查询号码 【1716869】，返回信息 {"status":"bad","msg":""}
2021-07-07 03:04:58 查询号码 【1716869】，GSD为【""】
2021-07-07 03:04:58 bad
2021-07-07 03:05:00 CHB 1716869?1625598298 第 1 次 等待 1 秒
2021-07-07 03:05:01 CHB 1716869?1625598298 第 1 次 获取到号码【1716869】GSD
2021-07-07 03:05:01 获取到号码【1716869】的GSD为【广东-珠海】
2021-07-07 03:05:05 GSD insert 第 1 次 等待 1 秒
2021-07-07 03:05:06 {"status":"ok","msg":"添加成功！211111"}
2021-07-07 03:05:06 下次操作: 2021-07-07 03:05:24

2021-07-07 03:05:24 开始第 6 次操作

2021-07-07 03:05:24 开始操作号码 【1716870】
2021-07-07 03:05:28 GSD getOne 第 1 次 等待 1 秒
2021-07-07 03:05:29 查询号码 【1716870】，返回信息 {"status":"bad","msg":""}
2021-07-07 03:05:29 查询号码 【1716870】，GSD为【""】
2021-07-07 03:05:29 bad
2021-07-07 03:05:30 CHB 1716870?1625598329 第 1 次 等待 1 秒
2021-07-07 03:05:31 CHB 1716870?1625598329 第 1 次 获取到号码【1716870】GSD
2021-07-07 03:05:32 获取到号码【1716870】的GSD为【云南-昭通】
2021-07-07 03:05:35 GSD insert 第 1 次 等待 1 秒
2021-07-07 03:05:36 {"status":"ok","msg":"添加成功！211116"}
2021-07-07 03:05:36 下次操作: 2021-07-07 03:05:51

2021-07-07 03:05:51 开始第 7 次操作

2021-07-07 03:05:51 开始操作号码 【1716871】
2021-07-07 03:05:55 GSD getOne 第 1 次 等待 1 秒
2021-07-07 03:05:56 查询号码 【1716871】，返回信息 {"status":"bad","msg":""}
2021-07-07 03:05:56 查询号码 【1716871】，GSD为【""】
2021-07-07 03:05:56 bad
2021-07-07 03:05:57 CHB 1716871?1625598356 第 1 次 等待 1 秒
2021-07-07 03:05:58 CHB 1716871?1625598356 第 1 次 获取到号码【1716871】GSD
2021-07-07 03:05:58 获取到号码【1716871】的GSD为【云南-昆明】
2021-07-07 03:06:02 GSD insert 第 1 次 等待 1 秒
2021-07-07 03:06:03 {"status":"ok","msg":"添加成功！211119"}
2021-07-07 03:06:03 下次操作: 2021-07-07 03:06:09

2021-07-07 03:06:09 开始第 8 次操作

2021-07-07 03:06:09 开始操作号码 【1716872】
2021-07-07 03:06:13 GSD getOne 第 1 次 等待 1 秒
2021-07-07 03:06:14 查询号码 【1716872】，返回信息 {"status":"bad","msg":""}
2021-07-07 03:06:14 查询号码 【1716872】，GSD为【""】
2021-07-07 03:06:14 bad
2021-07-07 03:06:15 CHB 1716872?1625598374 第 1 次 等待 1 秒
2021-07-07 03:06:16 CHB 1716872?1625598374 第 1 次 获取到号码【1716872】GSD
2021-07-07 03:06:16 获取到号码【1716872】的GSD为【云南-大理】
2021-07-07 03:06:20 GSD insert 第 1 次 等待 1 秒
2021-07-07 03:06:21 {"status":"ok","msg":"添加成功！211123"}
2021-07-07 03:06:21 下次操作: 2021-07-07 03:06:27

2021-07-07 03:06:27 开始第 9 次操作

2021-07-07 03:06:27 开始操作号码 【1716873】
2021-07-07 03:06:31 GSD getOne 第 1 次 等待 1 秒
2021-07-07 03:06:32 查询号码 【1716873】，返回信息 {"status":"bad","msg":""}
2021-07-07 03:06:32 查询号码 【1716873】，GSD为【""】
2021-07-07 03:06:32 bad
2021-07-07 03:06:33 CHB 1716873?1625598392 第 1 次 等待 1 秒
2021-07-07 03:06:34 CHB 1716873?1625598392 第 1 次 获取到号码【1716873】GSD
2021-07-07 03:06:34 获取到号码【1716873】的GSD为【云南-红河】
2021-07-07 03:06:38 GSD insert 第 1 次 等待 1 秒
2021-07-07 03:06:39 {"status":"ok","msg":"添加成功！211124"}
2021-07-07 03:06:39 下次操作: 2021-07-07 03:06:46

2021-07-07 03:06:46 开始第 10 次操作

2021-07-07 03:06:46 开始操作号码 【1716874】
2021-07-07 03:06:51 GSD getOne 第 1 次 等待 1 秒
2021-07-07 03:06:52 查询号码 【1716874】，返回信息 {"status":"bad","msg":""}
2021-07-07 03:06:52 查询号码 【1716874】，GSD为【""】
2021-07-07 03:06:52 bad
2021-07-07 03:06:53 CHB 1716874?1625598412 第 1 次 等待 1 秒
2021-07-07 03:06:54 CHB 1716874?1625598412 第 1 次 获取到号码【1716874】GSD
2021-07-07 03:06:54 获取到号码【1716874】的GSD为【云南-曲靖】
2021-07-07 03:06:58 GSD insert 第 1 次 等待 1 秒
2021-07-07 03:06:59 {"status":"ok","msg":"添加成功！211126"}
2021-07-07 03:06:59 下次操作: 2021-07-07 03:07:14

2021-07-07 03:07:14 开始第 11 次操作

2021-07-07 03:07:14 开始操作号码 【1716875】
2021-07-07 03:07:18 GSD getOne 第 1 次 等待 1 秒
2021-07-07 03:07:19 查询号码 【1716875】，返回信息 {"status":"bad","msg":""}
2021-07-07 03:07:19 查询号码 【1716875】，GSD为【""】
2021-07-07 03:07:19 bad
2021-07-07 03:07:20 CHB 1716875?1625598439 第 1 次 等待 1 秒
2021-07-07 03:07:21 CHB 1716875?1625598439 第 1 次 获取到号码【1716875】GSD
2021-07-07 03:07:21 获取到号码【1716875】的GSD为【云南-保山】
2021-07-07 03:07:25 GSD insert 第 1 次 等待 1 秒
2021-07-07 03:07:26 {"status":"ok","msg":"添加成功！211129"}
2021-07-07 03:07:26 下次操作: 2021-07-07 03:07:44

2021-07-07 03:07:44 开始第 12 次操作

2021-07-07 03:07:44 开始操作号码 【1716876】
2021-07-07 03:07:47 GSD getOne 第 1 次 等待 1 秒
2021-07-07 03:07:48 查询号码 【1716876】，返回信息 {"status":"bad","msg":""}
2021-07-07 03:07:48 查询号码 【1716876】，GSD为【""】
2021-07-07 03:07:48 bad
2021-07-07 03:07:50 CHB 1716876?1625598468 第 1 次 等待 1 秒
2021-07-07 03:07:51 CHB 1716876?1625598468 第 1 次 获取到号码【1716876】GSD
2021-07-07 03:07:51 获取到号码【1716876】的GSD为【云南-文山】
2021-07-07 03:07:54 GSD insert 第 1 次 等待 1 秒
2021-07-07 03:07:55 {"status":"ok","msg":"添加成功！211131"}
2021-07-07 03:07:55 下次操作: 2021-07-07 03:08:10

2021-07-07 03:08:10 开始第 13 次操作

2021-07-07 03:08:10 开始操作号码 【1716877】
2021-07-07 03:08:14 GSD getOne 第 1 次 等待 1 秒
2021-07-07 03:08:15 查询号码 【1716877】，返回信息 {"status":"bad","msg":""}
2021-07-07 03:08:15 查询号码 【1716877】，GSD为【""】
2021-07-07 03:08:15 bad
2021-07-07 03:08:17 CHB 1716877?1625598495 第 1 次 等待 1 秒
2021-07-07 03:08:18 CHB 1716877?1625598495 第 1 次 获取到号码【1716877】GSD
2021-07-07 03:08:18 获取到号码【1716877】的GSD为【云南-玉溪】
2021-07-07 03:08:21 GSD insert 第 1 次 等待 1 秒
2021-07-07 03:08:22 {"status":"ok","msg":"添加成功！211134"}
2021-07-07 03:08:22 下次操作: 2021-07-07 03:08:30

2021-07-07 03:08:30 开始第 14 次操作

2021-07-07 03:08:30 开始操作号码 【1716878】
2021-07-07 03:08:34 GSD getOne 第 1 次 等待 1 秒
2021-07-07 03:08:35 查询号码 【1716878】，返回信息 {"status":"bad","msg":""}
2021-07-07 03:08:35 查询号码 【1716878】，GSD为【""】
2021-07-07 03:08:35 bad
2021-07-07 03:08:36 CHB 1716878?1625598515 第 1 次 等待 1 秒
2021-07-07 03:08:37 CHB 1716878?1625598515 第 1 次 获取到号码【1716878】GSD
2021-07-07 03:08:37 获取到号码【1716878】的GSD为【云南-楚雄】
2021-07-07 03:08:41 GSD insert 第 1 次 等待 1 秒
2021-07-07 03:08:42 {"status":"ok","msg":"添加成功！211139"}
2021-07-07 03:08:42 下次操作: 2021-07-07 03:08:48

2021-07-07 03:08:48 开始第 15 次操作

2021-07-07 03:08:48 开始操作号码 【1716879】
2021-07-07 03:08:52 GSD getOne 第 1 次 等待 1 秒
2021-07-07 03:08:53 查询号码 【1716879】，返回信息 {"status":"bad","msg":""}
2021-07-07 03:08:53 查询号码 【1716879】，GSD为【""】
2021-07-07 03:08:53 bad
2021-07-07 03:08:54 CHB 1716879?1625598533 第 1 次 等待 1 秒
2021-07-07 03:08:55 CHB 1716879?1625598533 第 1 次 获取到号码【1716879】GSD
2021-07-07 03:08:55 获取到号码【1716879】的GSD为【云南-普洱】
2021-07-07 03:08:59 GSD insert 第 1 次 等待 1 秒
2021-07-07 03:09:00 {"status":"ok","msg":"添加成功！211140"}
2021-07-07 03:09:00 下次操作: 2021-07-07 03:09:14

2021-07-07 03:09:14 开始第 16 次操作

2021-07-07 03:09:14 开始操作号码 【1716880】
2021-07-07 03:09:18 GSD getOne 第 1 次 等待 1 秒
2021-07-07 03:09:19 查询号码 【1716880】，返回信息 {"status":"bad","msg":""}
2021-07-07 03:09:19 查询号码 【1716880】，GSD为【""】
2021-07-07 03:09:19 bad
2021-07-07 03:09:20 CHB 1716880?1625598559 第 1 次 等待 1 秒
2021-07-07 03:09:21 CHB 1716880?1625598559 第 1 次 获取到号码【1716880】GSD
2021-07-07 03:09:21 获取到号码【1716880】的GSD为【广东-珠海】
2021-07-07 03:09:26 GSD insert 第 1 次 等待 1 秒
2021-07-07 03:09:27 {"status":"ok","msg":"添加成功！211142"}
2021-07-07 03:09:27 下次操作: 2021-07-07 03:09:44

2021-07-07 03:09:44 开始第 17 次操作

2021-07-07 03:09:44 开始操作号码 【1716881】
2021-07-07 03:09:48 GSD getOne 第 1 次 等待 1 秒
2021-07-07 03:09:49 查询号码 【1716881】，返回信息 {"status":"bad","msg":""}
2021-07-07 03:09:49 查询号码 【1716881】，GSD为【""】
2021-07-07 03:09:49 bad
2021-07-07 03:09:50 CHB 1716881?1625598589 第 1 次 等待 1 秒
2021-07-07 03:09:51 CHB 1716881?1625598589 第 1 次 获取到号码【1716881】GSD
2021-07-07 03:09:51 获取到号码【1716881】的GSD为【广东-珠海】
2021-07-07 03:09:56 GSD insert 第 1 次 等待 1 秒
2021-07-07 03:09:57 {"status":"ok","msg":"添加成功！211143"}
2021-07-07 03:09:57 下次操作: 2021-07-07 03:10:04

2021-07-07 03:10:04 开始第 18 次操作

2021-07-07 03:10:04 开始操作号码 【1716882】
2021-07-07 03:10:08 GSD getOne 第 1 次 等待 1 秒
2021-07-07 03:10:09 查询号码 【1716882】，返回信息 {"status":"bad","msg":""}
2021-07-07 03:10:09 查询号码 【1716882】，GSD为【""】
2021-07-07 03:10:09 bad
2021-07-07 03:10:10 CHB 1716882?1625598609 第 1 次 等待 1 秒
2021-07-07 03:10:11 CHB 1716882?1625598609 第 1 次 获取到号码【1716882】GSD
2021-07-07 03:10:11 获取到号码【1716882】的GSD为【广东-珠海】
2021-07-07 03:10:15 GSD insert 第 1 次 等待 1 秒
2021-07-07 03:10:16 {"status":"ok","msg":"添加成功！211146"}
2021-07-07 03:10:16 下次操作: 2021-07-07 03:10:32

2021-07-07 03:10:32 开始第 19 次操作

2021-07-07 03:10:32 开始操作号码 【1716883】
2021-07-07 03:10:36 GSD getOne 第 1 次 等待 1 秒
2021-07-07 03:10:37 查询号码 【1716883】，返回信息 {"status":"bad","msg":""}
2021-07-07 03:10:37 查询号码 【1716883】，GSD为【""】
2021-07-07 03:10:37 bad
2021-07-07 03:10:38 CHB 1716883?1625598637 第 1 次 等待 1 秒
2021-07-07 03:10:39 CHB 1716883?1625598637 第 1 次 获取到号码【1716883】GSD
2021-07-07 03:10:39 获取到号码【1716883】的GSD为【广东-惠州】
2021-07-07 03:10:43 GSD insert 第 1 次 等待 1 秒
2021-07-07 03:10:44 {"status":"ok","msg":"添加成功！211147"}
2021-07-07 03:10:44 下次操作: 2021-07-07 03:10:59

2021-07-07 03:10:59 开始第 20 次操作

2021-07-07 03:10:59 开始操作号码 【1716884】
2021-07-07 03:11:02 GSD getOne 第 1 次 等待 1 秒
2021-07-07 03:11:03 查询号码 【1716884】，返回信息 {"status":"bad","msg":""}
2021-07-07 03:11:03 查询号码 【1716884】，GSD为【""】
2021-07-07 03:11:03 bad
2021-07-07 03:11:05 CHB 1716884?1625598663 第 1 次 等待 1 秒
2021-07-07 03:11:06 CHB 1716884?1625598663 第 1 次 获取到号码【1716884】GSD
2021-07-07 03:11:06 获取到号码【1716884】的GSD为【广东-珠海】
2021-07-07 03:11:10 GSD insert 第 1 次 等待 1 秒
2021-07-07 03:11:11 {"status":"ok","msg":"添加成功！211149"}
2021-07-07 03:11:11 下次操作: 2021-07-07 03:11:21

2021-07-07 03:11:21 开始第 21 次操作

2021-07-07 03:11:21 开始操作号码 【1716885】
2021-07-07 03:11:25 GSD getOne 第 1 次 等待 1 秒
2021-07-07 03:11:26 查询号码 【1716885】，返回信息 {"status":"bad","msg":""}
2021-07-07 03:11:26 查询号码 【1716885】，GSD为【""】
2021-07-07 03:11:26 bad
2021-07-07 03:11:27 CHB 1716885?1625598686 第 1 次 等待 1 秒
2021-07-07 03:11:28 CHB 1716885?1625598686 第 1 次 获取到号码【1716885】GSD
2021-07-07 03:11:28 获取到号码【1716885】的GSD为【广东-惠州】
2021-07-07 03:11:32 GSD insert 第 1 次 等待 1 秒
2021-07-07 03:11:33 {"status":"ok","msg":"添加成功！211152"}
2021-07-07 03:11:33 下次操作: 2021-07-07 03:11:40

2021-07-07 03:11:40 开始第 22 次操作

2021-07-07 03:11:40 开始操作号码 【1716886】
2021-07-07 03:11:44 GSD getOne 第 1 次 等待 1 秒
2021-07-07 03:11:45 查询号码 【1716886】，返回信息 {"status":"bad","msg":""}
2021-07-07 03:11:45 查询号码 【1716886】，GSD为【""】
2021-07-07 03:11:45 bad
2021-07-07 03:11:46 CHB 1716886?1625598705 第 1 次 等待 1 秒
2021-07-07 03:11:47 CHB 1716886?1625598705 第 1 次 获取到号码【1716886】GSD
2021-07-07 03:11:47 获取到号码【1716886】的GSD为【广东-深圳】
2021-07-07 03:11:51 GSD insert 第 1 次 等待 1 秒
2021-07-07 03:11:52 {"status":"ok","msg":"添加成功！211155"}
2021-07-07 03:11:52 下次操作: 2021-07-07 03:12:07

2021-07-07 03:12:07 开始第 23 次操作

2021-07-07 03:12:07 开始操作号码 【1716887】
2021-07-07 03:12:11 GSD getOne 第 1 次 等待 1 秒
2021-07-07 03:12:12 查询号码 【1716887】，返回信息 {"status":"bad","msg":""}
2021-07-07 03:12:12 查询号码 【1716887】，GSD为【""】
2021-07-07 03:12:12 bad
2021-07-07 03:12:13 CHB 1716887?1625598732 第 1 次 等待 1 秒
2021-07-07 03:12:14 CHB 1716887?1625598732 第 1 次 获取到号码【1716887】GSD
2021-07-07 03:12:14 获取到号码【1716887】的GSD为【广东-惠州】
2021-07-07 03:12:18 GSD insert 第 1 次 等待 1 秒
2021-07-07 03:12:19 {"status":"ok","msg":"添加成功！211158"}
2021-07-07 03:12:19 下次操作: 2021-07-07 03:12:28

2021-07-07 03:12:28 开始第 24 次操作

2021-07-07 03:12:28 开始操作号码 【1716888】
2021-07-07 03:12:32 GSD getOne 第 1 次 等待 1 秒
2021-07-07 03:12:33 查询号码 【1716888】，返回信息 {"status":"bad","msg":""}
2021-07-07 03:12:33 查询号码 【1716888】，GSD为【""】
2021-07-07 03:12:33 bad
2021-07-07 03:12:35 CHB 1716888?1625598753 第 1 次 等待 1 秒
2021-07-07 03:12:36 CHB 1716888?1625598753 第 1 次 获取到号码【1716888】GSD
2021-07-07 03:12:36 获取到号码【1716888】的GSD为【广东-深圳】
2021-07-07 03:12:39 GSD insert 第 1 次 等待 1 秒
2021-07-07 03:12:40 {"status":"ok","msg":"添加成功！211160"}
2021-07-07 03:12:40 下次操作: 2021-07-07 03:12:51

2021-07-07 03:12:51 开始第 25 次操作

2021-07-07 03:12:51 开始操作号码 【1716889】
2021-07-07 03:12:55 GSD getOne 第 1 次 等待 1 秒
2021-07-07 03:12:56 查询号码 【1716889】，返回信息 {"status":"bad","msg":""}
2021-07-07 03:12:56 查询号码 【1716889】，GSD为【""】
2021-07-07 03:12:56 bad
2021-07-07 03:12:57 CHB 1716889?1625598776 第 1 次 等待 1 秒
2021-07-07 03:12:58 CHB 1716889?1625598776 第 1 次 获取到号码【1716889】GSD
2021-07-07 03:12:59 获取到号码【1716889】的GSD为【广东-惠州】
2021-07-07 03:13:02 GSD insert 第 1 次 等待 1 秒
2021-07-07 03:13:03 {"status":"ok","msg":"添加成功！211163"}
2021-07-07 03:13:03 下次操作: 2021-07-07 03:13:21

2021-07-07 03:13:21 开始第 26 次操作

2021-07-07 03:13:21 开始操作号码 【1716890】
2021-07-07 03:13:25 GSD getOne 第 1 次 等待 1 秒
2021-07-07 03:13:26 查询号码 【1716890】，返回信息 {"status":"bad","msg":""}
2021-07-07 03:13:26 查询号码 【1716890】，GSD为【""】
2021-07-07 03:13:26 bad
2021-07-07 03:13:27 CHB 1716890?1625598806 第 1 次 等待 1 秒
2021-07-07 03:13:28 CHB 1716890?1625598806 第 1 次 获取到号码【1716890】GSD
2021-07-07 03:13:28 获取到号码【1716890】的GSD为【海南-海口】
2021-07-07 03:13:32 GSD insert 第 1 次 等待 1 秒
2021-07-07 03:13:33 {"status":"ok","msg":"添加成功！211165"}
2021-07-07 03:13:33 下次操作: 2021-07-07 03:13:51

2021-07-07 03:13:51 开始第 27 次操作

2021-07-07 03:13:51 开始操作号码 【1716891】
2021-07-07 03:13:55 GSD getOne 第 1 次 等待 1 秒
2021-07-07 03:13:56 查询号码 【1716891】，返回信息 {"status":"bad","msg":""}
2021-07-07 03:13:56 查询号码 【1716891】，GSD为【""】
2021-07-07 03:13:56 bad
2021-07-07 03:13:58 CHB 1716891?1625598836 第 1 次 等待 1 秒
2021-07-07 03:13:59 CHB 1716891?1625598836 第 1 次 获取到号码【1716891】GSD
2021-07-07 03:13:59 获取到号码【1716891】的GSD为【海南-海口】
2021-07-07 03:14:02 GSD insert 第 1 次 等待 1 秒
2021-07-07 03:14:03 {"status":"ok","msg":"添加成功！211168"}
2021-07-07 03:14:03 下次操作: 2021-07-07 03:14:20

2021-07-07 03:14:20 开始第 28 次操作

2021-07-07 03:14:20 开始操作号码 【1716892】
2021-07-07 03:14:25 GSD getOne 第 1 次 等待 1 秒
2021-07-07 03:14:26 查询号码 【1716892】，返回信息 {"status":"bad","msg":""}
2021-07-07 03:14:26 查询号码 【1716892】，GSD为【""】
2021-07-07 03:14:26 bad
2021-07-07 03:14:28 CHB 1716892?1625598866 第 1 次 等待 1 秒
2021-07-07 03:14:29 CHB 1716892?1625598866 第 1 次 获取到号码【1716892】GSD
2021-07-07 03:14:29 获取到号码【1716892】的GSD为【海南-海口】
2021-07-07 03:14:32 GSD insert 第 1 次 等待 1 秒
2021-07-07 03:14:33 {"status":"ok","msg":"添加成功！211171"}
2021-07-07 03:14:33 下次操作: 2021-07-07 03:14:47

2021-07-07 03:14:47 开始第 29 次操作

2021-07-07 03:14:47 开始操作号码 【1716893】
2021-07-07 03:14:51 GSD getOne 第 1 次 等待 1 秒
2021-07-07 03:14:52 查询号码 【1716893】，返回信息 {"status":"bad","msg":""}
2021-07-07 03:14:52 查询号码 【1716893】，GSD为【""】
2021-07-07 03:14:52 bad
2021-07-07 03:14:54 CHB 1716893?1625598892 第 1 次 等待 1 秒
2021-07-07 03:14:55 CHB 1716893?1625598892 第 1 次 获取到号码【1716893】GSD
2021-07-07 03:14:55 获取到号码【1716893】的GSD为【海南-海口】
2021-07-07 03:14:58 GSD insert 第 1 次 等待 1 秒
2021-07-07 03:14:59 {"status":"ok","msg":"添加成功！211173"}
2021-07-07 03:14:59 下次操作: 2021-07-07 03:15:06

2021-07-07 03:15:06 开始第 30 次操作

2021-07-07 03:15:06 开始操作号码 【1716894】
2021-07-07 03:15:10 GSD getOne 第 1 次 等待 1 秒
2021-07-07 03:15:11 查询号码 【1716894】，返回信息 {"status":"bad","msg":""}
2021-07-07 03:15:11 查询号码 【1716894】，GSD为【""】
2021-07-07 03:15:11 bad
2021-07-07 03:15:12 CHB 1716894?1625598911 第 1 次 等待 1 秒
2021-07-07 03:15:13 CHB 1716894?1625598911 第 1 次 获取到号码【1716894】GSD
2021-07-07 03:15:13 获取到号码【1716894】的GSD为【海南-海口】
2021-07-07 03:15:17 GSD insert 第 1 次 等待 1 秒
2021-07-07 03:15:18 {"status":"ok","msg":"添加成功！211175"}

2021-07-07 03:45:10 开始第 1 次操作

2021-07-07 03:45:10 开始操作号码 【1716895】
2021-07-07 03:45:14 GSD getOne 第 1 次 等待 1 秒
2021-07-07 03:45:15 查询号码 【1716895】，返回信息 {"status":"bad","msg":""}
2021-07-07 03:45:15 查询号码 【1716895】，GSD为【""】
2021-07-07 03:45:15 bad
2021-07-07 03:45:17 CHB 1716895?1625600715 第 1 次 等待 1 秒
2021-07-07 03:45:18 CHB 1716895?1625600715 第 1 次 获取到号码【1716895】GSD
2021-07-07 03:45:18 获取到号码【1716895】的GSD为【海南-海口】
2021-07-07 03:45:21 GSD insert 第 1 次 等待 1 秒
2021-07-07 03:45:22 {"status":"ok","msg":"添加成功！211377"}
2021-07-07 03:45:22 下次操作: 2021-07-07 03:45:28

2021-07-07 03:45:28 开始第 2 次操作

2021-07-07 03:45:28 开始操作号码 【1716896】
2021-07-07 03:45:32 GSD getOne 第 1 次 等待 1 秒
2021-07-07 03:45:33 查询号码 【1716896】，返回信息 {"status":"bad","msg":""}
2021-07-07 03:45:33 查询号码 【1716896】，GSD为【""】
2021-07-07 03:45:33 bad
2021-07-07 03:45:35 CHB 1716896?1625600733 第 1 次 等待 1 秒
2021-07-07 03:45:36 CHB 1716896?1625600733 第 1 次 获取到号码【1716896】GSD
2021-07-07 03:45:36 获取到号码【1716896】的GSD为【海南-海口】
2021-07-07 03:45:40 GSD insert 第 1 次 等待 1 秒
2021-07-07 03:45:41 {"status":"ok","msg":"添加成功！211386"}
2021-07-07 03:45:41 下次操作: 2021-07-07 03:45:52

2021-07-07 03:45:52 开始第 3 次操作

2021-07-07 03:45:52 开始操作号码 【1716897】
2021-07-07 03:45:55 GSD getOne 第 1 次 等待 1 秒
2021-07-07 03:45:56 查询号码 【1716897】，返回信息 {"status":"bad","msg":""}
2021-07-07 03:45:57 查询号码 【1716897】，GSD为【""】
2021-07-07 03:45:57 bad
2021-07-07 03:45:58 CHB 1716897?1625600757 第 1 次 等待 1 秒
2021-07-07 03:45:59 CHB 1716897?1625600757 第 1 次 获取到号码【1716897】GSD
2021-07-07 03:45:59 获取到号码【1716897】的GSD为【海南-海口】
2021-07-07 03:46:03 GSD insert 第 1 次 等待 1 秒
2021-07-07 03:46:04 {"status":"ok","msg":"添加成功！211394"}
2021-07-07 03:46:04 下次操作: 2021-07-07 03:46:21

2021-07-07 03:46:21 开始第 4 次操作

2021-07-07 03:46:21 开始操作号码 【1716898】
2021-07-07 03:46:25 GSD getOne 第 1 次 等待 1 秒
2021-07-07 03:46:26 查询号码 【1716898】，返回信息 {"status":"bad","msg":""}
2021-07-07 03:46:26 查询号码 【1716898】，GSD为【""】
2021-07-07 03:46:26 bad
2021-07-07 03:46:27 CHB 1716898?1625600786 第 1 次 等待 1 秒
2021-07-07 03:46:28 CHB 1716898?1625600786 第 1 次 获取到号码【1716898】GSD
2021-07-07 03:46:28 获取到号码【1716898】的GSD为【海南-海口】
2021-07-07 03:46:32 GSD insert 第 1 次 等待 1 秒
2021-07-07 03:46:33 {"status":"ok","msg":"添加成功！211403"}
2021-07-07 03:46:33 下次操作: 2021-07-07 03:46:43

2021-07-07 03:46:43 开始第 5 次操作

2021-07-07 03:46:43 开始操作号码 【1716899】
2021-07-07 03:46:47 GSD getOne 第 1 次 等待 1 秒
2021-07-07 03:46:48 查询号码 【1716899】，返回信息 {"status":"bad","msg":""}
2021-07-07 03:46:48 查询号码 【1716899】，GSD为【""】
2021-07-07 03:46:48 bad
2021-07-07 03:46:50 CHB 1716899?1625600808 第 1 次 等待 1 秒
2021-07-07 03:46:51 CHB 1716899?1625600808 第 1 次 获取到号码【1716899】GSD
2021-07-07 03:46:51 获取到号码【1716899】的GSD为【海南-海口】
2021-07-07 03:46:54 GSD insert 第 1 次 等待 1 秒
2021-07-07 03:46:55 {"status":"ok","msg":"添加成功！211409"}
2021-07-07 03:46:55 下次操作: 2021-07-07 03:47:07

2021-07-07 03:47:07 开始第 6 次操作

2021-07-07 03:47:07 开始操作号码 【1716900】
2021-07-07 03:47:11 GSD getOne 第 1 次 等待 1 秒
2021-07-07 03:47:12 查询号码 【1716900】，返回信息 {"status":"bad","msg":""}
2021-07-07 03:47:12 查询号码 【1716900】，GSD为【""】
2021-07-07 03:47:12 bad
2021-07-07 03:47:13 CHB 1716900?1625600832 第 1 次 等待 1 秒
2021-07-07 03:47:14 CHB 1716900?1625600832 第 1 次 获取到号码【1716900】GSD
2021-07-07 03:47:14 获取到号码【1716900】的GSD为【陕西-西安】
2021-07-07 03:47:18 GSD insert 第 1 次 等待 1 秒
2021-07-07 03:47:19 {"status":"ok","msg":"添加成功！211416"}
2021-07-07 03:47:19 下次操作: 2021-07-07 03:47:36

2021-07-07 03:47:36 开始第 7 次操作

2021-07-07 03:47:36 开始操作号码 【1716901】
2021-07-07 03:47:40 GSD getOne 第 1 次 等待 1 秒
2021-07-07 03:47:41 查询号码 【1716901】，返回信息 {"status":"bad","msg":""}
2021-07-07 03:47:41 查询号码 【1716901】，GSD为【""】
2021-07-07 03:47:41 bad
2021-07-07 03:47:42 CHB 1716901?1625600861 第 1 次 等待 1 秒
2021-07-07 03:47:43 CHB 1716901?1625600861 第 1 次 获取到号码【1716901】GSD
2021-07-07 03:47:43 获取到号码【1716901】的GSD为【陕西-西安】
2021-07-07 03:47:47 GSD insert 第 1 次 等待 1 秒
2021-07-07 03:47:48 {"status":"ok","msg":"添加成功！211423"}
2021-07-07 03:47:48 下次操作: 2021-07-07 03:48:04

2021-07-07 03:48:04 开始第 8 次操作

2021-07-07 03:48:04 开始操作号码 【1716902】
2021-07-07 03:48:08 GSD getOne 第 1 次 等待 1 秒
2021-07-07 03:48:09 查询号码 【1716902】，返回信息 {"status":"bad","msg":""}
2021-07-07 03:48:09 查询号码 【1716902】，GSD为【""】
2021-07-07 03:48:09 bad
2021-07-07 03:48:11 CHB 1716902?1625600889 第 1 次 等待 1 秒
2021-07-07 03:48:12 CHB 1716902?1625600889 第 1 次 获取到号码【1716902】GSD
2021-07-07 03:48:12 获取到号码【1716902】的GSD为【陕西-西安】
2021-07-07 03:48:15 GSD insert 第 1 次 等待 1 秒
2021-07-07 03:48:16 {"status":"ok","msg":"添加成功！211431"}
2021-07-07 03:48:16 下次操作: 2021-07-07 03:48:24

2021-07-07 03:48:24 开始第 9 次操作

2021-07-07 03:48:24 开始操作号码 【1716903】
2021-07-07 03:48:28 GSD getOne 第 1 次 等待 1 秒
2021-07-07 03:48:29 查询号码 【1716903】，返回信息 {"status":"bad","msg":""}
2021-07-07 03:48:29 查询号码 【1716903】，GSD为【""】
2021-07-07 03:48:29 bad
2021-07-07 03:48:31 CHB 1716903?1625600909 第 1 次 等待 1 秒
2021-07-07 03:48:32 CHB 1716903?1625600909 第 1 次 获取到号码【1716903】GSD
2021-07-07 03:48:32 获取到号码【1716903】的GSD为【陕西-西安】
2021-07-07 03:48:35 GSD insert 第 1 次 等待 1 秒
2021-07-07 03:48:36 {"status":"ok","msg":"添加成功！211436"}
2021-07-07 03:48:36 下次操作: 2021-07-07 03:48:47

2021-07-07 03:48:47 开始第 10 次操作

2021-07-07 03:48:47 开始操作号码 【1716904】
2021-07-07 03:48:51 GSD getOne 第 1 次 等待 1 秒
2021-07-07 03:48:52 查询号码 【1716904】，返回信息 {"status":"bad","msg":""}
2021-07-07 03:48:52 查询号码 【1716904】，GSD为【""】
2021-07-07 03:48:52 bad
2021-07-07 03:48:54 CHB 1716904?1625600932 第 1 次 等待 1 秒
2021-07-07 03:48:55 CHB 1716904?1625600932 第 1 次 获取到号码【1716904】GSD
2021-07-07 03:48:55 获取到号码【1716904】的GSD为【陕西-西安】
2021-07-07 03:48:59 GSD insert 第 1 次 等待 1 秒
2021-07-07 03:49:00 {"status":"ok","msg":"添加成功！211443"}
2021-07-07 03:49:00 下次操作: 2021-07-07 03:49:10

2021-07-07 03:49:10 开始第 11 次操作

2021-07-07 03:49:10 开始操作号码 【1716905】
2021-07-07 03:49:13 GSD getOne 第 1 次 等待 1 秒
2021-07-07 03:49:14 查询号码 【1716905】，返回信息 {"status":"bad","msg":""}
2021-07-07 03:49:14 查询号码 【1716905】，GSD为【""】
2021-07-07 03:49:14 bad
2021-07-07 03:49:16 CHB 1716905?1625600954 第 1 次 等待 1 秒
2021-07-07 03:49:17 CHB 1716905?1625600954 第 1 次 获取到号码【1716905】GSD
2021-07-07 03:49:17 获取到号码【1716905】的GSD为【陕西-西安】
2021-07-07 03:49:21 GSD insert 第 1 次 等待 1 秒
2021-07-07 03:49:22 {"status":"ok","msg":"添加成功！211448"}
2021-07-07 03:49:22 下次操作: 2021-07-07 03:49:28

2021-07-07 03:49:28 开始第 12 次操作

2021-07-07 03:49:28 开始操作号码 【1716906】
2021-07-07 03:49:31 GSD getOne 第 1 次 等待 1 秒
2021-07-07 03:49:32 查询号码 【1716906】，返回信息 {"status":"bad","msg":""}
2021-07-07 03:49:32 查询号码 【1716906】，GSD为【""】
2021-07-07 03:49:32 bad
2021-07-07 03:49:34 CHB 1716906?1625600972 第 1 次 等待 1 秒
2021-07-07 03:49:35 CHB 1716906?1625600972 第 1 次 获取到号码【1716906】GSD
2021-07-07 03:49:35 获取到号码【1716906】的GSD为【陕西-西安】
2021-07-07 03:49:38 GSD insert 第 1 次 等待 1 秒
2021-07-07 03:49:39 {"status":"ok","msg":"添加成功！211450"}
2021-07-07 03:49:39 下次操作: 2021-07-07 03:49:47

2021-07-07 03:49:47 开始第 13 次操作

2021-07-07 03:49:47 开始操作号码 【1716907】
2021-07-07 03:49:51 GSD getOne 第 1 次 等待 1 秒
2021-07-07 03:49:52 查询号码 【1716907】，返回信息 {"status":"bad","msg":""}
2021-07-07 03:49:52 查询号码 【1716907】，GSD为【""】
2021-07-07 03:49:52 bad
2021-07-07 03:49:53 CHB 1716907?1625600992 第 1 次 等待 1 秒
2021-07-07 03:49:54 CHB 1716907?1625600992 第 1 次 获取到号码【1716907】GSD
2021-07-07 03:49:55 获取到号码【1716907】的GSD为【陕西-西安】
2021-07-07 03:49:58 GSD insert 第 1 次 等待 1 秒
2021-07-07 03:49:59 {"status":"ok","msg":"添加成功！211454"}
2021-07-07 03:49:59 下次操作: 2021-07-07 03:50:13

2021-07-07 03:50:13 开始第 14 次操作

2021-07-07 03:50:13 开始操作号码 【1716908】
2021-07-07 03:50:17 GSD getOne 第 1 次 等待 1 秒
2021-07-07 03:50:18 查询号码 【1716908】，返回信息 {"status":"bad","msg":""}
2021-07-07 03:50:19 查询号码 【1716908】，GSD为【""】
2021-07-07 03:50:19 bad
2021-07-07 03:50:20 CHB 1716908?1625601019 第 1 次 等待 1 秒
2021-07-07 03:50:21 CHB 1716908?1625601019 第 1 次 获取到号码【1716908】GSD
2021-07-07 03:50:21 获取到号码【1716908】的GSD为【陕西-西安】
2021-07-07 03:50:25 GSD insert 第 1 次 等待 1 秒
2021-07-07 03:50:26 {"status":"ok","msg":"添加成功！211455"}
2021-07-07 03:50:26 下次操作: 2021-07-07 03:50:44

2021-07-07 03:50:44 开始第 15 次操作

2021-07-07 03:50:44 开始操作号码 【1716909】
2021-07-07 03:50:48 GSD getOne 第 1 次 等待 1 秒
2021-07-07 03:50:49 查询号码 【1716909】，返回信息 {"status":"bad","msg":""}
2021-07-07 03:50:49 查询号码 【1716909】，GSD为【""】
2021-07-07 03:50:49 bad
2021-07-07 03:50:50 CHB 1716909?1625601049 第 1 次 等待 1 秒
2021-07-07 03:50:51 CHB 1716909?1625601049 第 1 次 获取到号码【1716909】GSD
2021-07-07 03:50:51 获取到号码【1716909】的GSD为【陕西-西安】
2021-07-07 03:50:55 GSD insert 第 1 次 等待 1 秒
2021-07-07 03:50:56 {"status":"ok","msg":"添加成功！211459"}
2021-07-07 03:50:56 下次操作: 2021-07-07 03:51:06

2021-07-07 03:51:06 开始第 16 次操作

2021-07-07 03:51:06 开始操作号码 【1716910】
2021-07-07 03:51:10 GSD getOne 第 1 次 等待 1 秒
2021-07-07 03:51:11 查询号码 【1716910】，返回信息 {"status":"bad","msg":""}
2021-07-07 03:51:11 查询号码 【1716910】，GSD为【""】
2021-07-07 03:51:11 bad
2021-07-07 03:51:12 CHB 1716910?1625601071 第 1 次 等待 1 秒
2021-07-07 03:51:13 CHB 1716910?1625601071 第 1 次 获取到号码【1716910】GSD
2021-07-07 03:51:13 获取到号码【1716910】的GSD为【陕西-咸阳】
2021-07-07 03:51:17 GSD insert 第 1 次 等待 1 秒
2021-07-07 03:51:18 {"status":"ok","msg":"添加成功！211462"}
2021-07-07 03:51:18 下次操作: 2021-07-07 03:51:35

2021-07-07 03:51:35 开始第 17 次操作

2021-07-07 03:51:35 开始操作号码 【1716911】
2021-07-07 03:51:38 GSD getOne 第 1 次 等待 1 秒
2021-07-07 03:51:39 查询号码 【1716911】，返回信息 {"status":"bad","msg":""}
2021-07-07 03:51:40 查询号码 【1716911】，GSD为【""】
2021-07-07 03:51:40 bad
2021-07-07 03:51:41 CHB 1716911?1625601100 第 1 次 等待 1 秒
2021-07-07 03:51:42 CHB 1716911?1625601100 第 1 次 获取到号码【1716911】GSD
2021-07-07 03:51:42 获取到号码【1716911】的GSD为【陕西-延安】
2021-07-07 03:51:46 GSD insert 第 1 次 等待 1 秒
2021-07-07 03:51:47 {"status":"ok","msg":"添加成功！211465"}
2021-07-07 03:51:47 下次操作: 2021-07-07 03:51:53

2021-07-07 03:51:53 开始第 18 次操作

2021-07-07 03:51:53 开始操作号码 【1716912】
2021-07-07 03:51:56 GSD getOne 第 1 次 等待 1 秒
2021-07-07 03:51:57 查询号码 【1716912】，返回信息 {"status":"bad","msg":""}
2021-07-07 03:51:58 查询号码 【1716912】，GSD为【""】
2021-07-07 03:51:58 bad
2021-07-07 03:51:59 CHB 1716912?1625601118 第 1 次 等待 1 秒
2021-07-07 03:52:00 CHB 1716912?1625601118 第 1 次 获取到号码【1716912】GSD
2021-07-07 03:52:00 获取到号码【1716912】的GSD为【陕西-榆林】
2021-07-07 03:52:04 GSD insert 第 1 次 等待 1 秒
2021-07-07 03:52:05 {"status":"ok","msg":"添加成功！211466"}
2021-07-07 03:52:05 下次操作: 2021-07-07 03:52:14

2021-07-07 03:52:14 开始第 19 次操作

2021-07-07 03:52:14 开始操作号码 【1716913】
2021-07-07 03:52:18 GSD getOne 第 1 次 等待 1 秒
2021-07-07 03:52:19 查询号码 【1716913】，返回信息 {"status":"bad","msg":""}
2021-07-07 03:52:19 查询号码 【1716913】，GSD为【""】
2021-07-07 03:52:19 bad
2021-07-07 03:52:20 CHB 1716913?1625601139 第 1 次 等待 1 秒
2021-07-07 03:52:21 CHB 1716913?1625601139 第 1 次 获取到号码【1716913】GSD
2021-07-07 03:52:21 获取到号码【1716913】的GSD为【陕西-榆林】
2021-07-07 03:52:25 GSD insert 第 1 次 等待 1 秒
2021-07-07 03:52:26 {"status":"ok","msg":"添加成功！211470"}
2021-07-07 03:52:26 下次操作: 2021-07-07 03:52:40

2021-07-07 03:52:40 开始第 20 次操作

2021-07-07 03:52:40 开始操作号码 【1716914】
2021-07-07 03:52:44 GSD getOne 第 1 次 等待 1 秒
2021-07-07 03:52:45 查询号码 【1716914】，返回信息 {"status":"bad","msg":""}
2021-07-07 03:52:45 查询号码 【1716914】，GSD为【""】
2021-07-07 03:52:45 bad
2021-07-07 03:52:46 CHB 1716914?1625601165 第 1 次 等待 1 秒
2021-07-07 03:52:47 CHB 1716914?1625601165 第 1 次 获取到号码【1716914】GSD
2021-07-07 03:52:47 获取到号码【1716914】的GSD为【陕西-西安】
2021-07-07 03:52:51 GSD insert 第 1 次 等待 1 秒
2021-07-07 03:52:52 {"status":"ok","msg":"添加成功！211473"}
2021-07-07 03:52:52 下次操作: 2021-07-07 03:53:10

2021-07-07 03:53:10 开始第 21 次操作

2021-07-07 03:53:10 开始操作号码 【1716915】
2021-07-07 03:53:14 GSD getOne 第 1 次 等待 1 秒
2021-07-07 03:53:15 查询号码 【1716915】，返回信息 {"status":"bad","msg":""}
2021-07-07 03:53:15 查询号码 【1716915】，GSD为【""】
2021-07-07 03:53:15 bad
2021-07-07 03:53:16 CHB 1716915?1625601195 第 1 次 等待 1 秒
2021-07-07 03:53:17 CHB 1716915?1625601195 第 1 次 获取到号码【1716915】GSD
2021-07-07 03:53:18 获取到号码【1716915】的GSD为【陕西-安康】
2021-07-07 03:53:21 GSD insert 第 1 次 等待 1 秒
2021-07-07 03:53:22 {"status":"ok","msg":"添加成功！211474"}
2021-07-07 03:53:22 下次操作: 2021-07-07 03:53:39

2021-07-07 03:53:39 开始第 22 次操作

2021-07-07 03:53:39 开始操作号码 【1716916】
2021-07-07 03:53:43 GSD getOne 第 1 次 等待 1 秒
2021-07-07 03:53:44 查询号码 【1716916】，返回信息 {"status":"bad","msg":""}
2021-07-07 03:53:44 查询号码 【1716916】，GSD为【""】
2021-07-07 03:53:44 bad
2021-07-07 03:53:45 CHB 1716916?1625601224 第 1 次 等待 1 秒
2021-07-07 03:53:46 CHB 1716916?1625601224 第 1 次 获取到号码【1716916】GSD
2021-07-07 03:53:46 获取到号码【1716916】的GSD为【陕西-汉中】
2021-07-07 03:53:50 GSD insert 第 1 次 等待 1 秒
2021-07-07 03:53:51 {"status":"ok","msg":"添加成功！211476"}
2021-07-07 03:53:51 下次操作: 2021-07-07 03:54:06

2021-07-07 03:54:06 开始第 23 次操作

2021-07-07 03:54:06 开始操作号码 【1716917】
2021-07-07 03:54:10 GSD getOne 第 1 次 等待 1 秒
2021-07-07 03:54:11 查询号码 【1716917】，返回信息 {"status":"bad","msg":""}
2021-07-07 03:54:11 查询号码 【1716917】，GSD为【""】
2021-07-07 03:54:11 bad
2021-07-07 03:54:12 CHB 1716917?1625601251 第 1 次 等待 1 秒
2021-07-07 03:54:13 CHB 1716917?1625601251 第 1 次 获取到号码【1716917】GSD
2021-07-07 03:54:14 获取到号码【1716917】的GSD为【陕西-宝鸡】
2021-07-07 03:54:17 GSD insert 第 1 次 等待 1 秒
2021-07-07 03:54:18 {"status":"ok","msg":"添加成功！211477"}
2021-07-07 03:54:18 下次操作: 2021-07-07 03:54:25

2021-07-07 03:54:25 开始第 24 次操作

2021-07-07 03:54:25 开始操作号码 【1716918】
2021-07-07 03:54:29 GSD getOne 第 1 次 等待 1 秒
2021-07-07 03:54:30 查询号码 【1716918】，返回信息 {"status":"bad","msg":""}
2021-07-07 03:54:30 查询号码 【1716918】，GSD为【""】
2021-07-07 03:54:30 bad
2021-07-07 03:54:31 CHB 1716918?1625601270 第 1 次 等待 1 秒
2021-07-07 03:54:32 CHB 1716918?1625601270 第 1 次 获取到号码【1716918】GSD
2021-07-07 03:54:32 获取到号码【1716918】的GSD为【陕西-榆林】
2021-07-07 03:54:36 GSD insert 第 1 次 等待 1 秒
2021-07-07 03:54:37 {"status":"ok","msg":"添加成功！211480"}
2021-07-07 03:54:37 下次操作: 2021-07-07 03:54:47

2021-07-07 03:54:47 开始第 25 次操作

2021-07-07 03:54:47 开始操作号码 【1716919】
2021-07-07 03:54:51 GSD getOne 第 1 次 等待 1 秒
2021-07-07 03:54:52 查询号码 【1716919】，返回信息 {"status":"bad","msg":""}
2021-07-07 03:54:52 查询号码 【1716919】，GSD为【""】
2021-07-07 03:54:52 bad
2021-07-07 03:54:53 CHB 1716919?1625601292 第 1 次 等待 1 秒
2021-07-07 03:54:54 CHB 1716919?1625601292 第 1 次 获取到号码【1716919】GSD
2021-07-07 03:54:54 获取到号码【1716919】的GSD为【陕西-榆林】
2021-07-07 03:54:58 GSD insert 第 1 次 等待 1 秒
2021-07-07 03:54:59 {"status":"ok","msg":"添加成功！211483"}
2021-07-07 03:54:59 下次操作: 2021-07-07 03:55:09

2021-07-07 03:55:09 开始第 26 次操作

2021-07-07 03:55:09 开始操作号码 【1716920】
2021-07-07 03:55:12 GSD getOne 第 1 次 等待 1 秒
2021-07-07 03:55:13 查询号码 【1716920】，返回信息 {"status":"bad","msg":""}
2021-07-07 03:55:14 查询号码 【1716920】，GSD为【""】
2021-07-07 03:55:14 bad
2021-07-07 03:55:15 CHB 1716920?1625601314 第 1 次 等待 1 秒
2021-07-07 03:55:16 CHB 1716920?1625601314 第 1 次 获取到号码【1716920】GSD
2021-07-07 03:55:16 获取到号码【1716920】的GSD为【贵州-贵阳】
2021-07-07 03:55:21 GSD insert 第 1 次 等待 1 秒
2021-07-07 03:55:22 {"status":"ok","msg":"添加成功！211486"}
2021-07-07 03:55:22 下次操作: 2021-07-07 03:55:29

2021-07-07 03:55:29 开始第 27 次操作

2021-07-07 03:55:29 开始操作号码 【1716921】
2021-07-07 03:55:33 GSD getOne 第 1 次 等待 1 秒
2021-07-07 03:55:34 查询号码 【1716921】，返回信息 {"status":"bad","msg":""}
2021-07-07 03:55:34 查询号码 【1716921】，GSD为【""】
2021-07-07 03:55:34 bad
2021-07-07 03:55:35 CHB 1716921?1625601334 第 1 次 等待 1 秒
2021-07-07 03:55:36 CHB 1716921?1625601334 第 1 次 获取到号码【1716921】GSD
2021-07-07 03:55:36 获取到号码【1716921】的GSD为【贵州-贵阳】
2021-07-07 03:55:40 GSD insert 第 1 次 等待 1 秒
2021-07-07 03:55:41 {"status":"ok","msg":"添加成功！211487"}
2021-07-07 03:55:41 下次操作: 2021-07-07 03:55:53

2021-07-07 03:55:53 开始第 28 次操作

2021-07-07 03:55:53 开始操作号码 【1716922】
2021-07-07 03:55:57 GSD getOne 第 1 次 等待 1 秒
2021-07-07 03:55:58 查询号码 【1716922】，返回信息 {"status":"bad","msg":""}
2021-07-07 03:55:58 查询号码 【1716922】，GSD为【""】
2021-07-07 03:55:58 bad
2021-07-07 03:55:59 CHB 1716922?1625601358 第 1 次 等待 1 秒
2021-07-07 03:56:00 CHB 1716922?1625601358 第 1 次 获取到号码【1716922】GSD
2021-07-07 03:56:01 获取到号码【1716922】的GSD为【贵州-贵阳】
2021-07-07 03:56:04 GSD insert 第 1 次 等待 1 秒
2021-07-07 03:56:05 {"status":"ok","msg":"添加成功！211489"}
2021-07-07 03:56:05 下次操作: 2021-07-07 03:56:22

2021-07-07 03:56:22 开始第 29 次操作

2021-07-07 03:56:22 开始操作号码 【1716923】
2021-07-07 03:56:26 GSD getOne 第 1 次 等待 1 秒
2021-07-07 03:56:27 查询号码 【1716923】，返回信息 {"status":"bad","msg":""}
2021-07-07 03:56:27 查询号码 【1716923】，GSD为【""】
2021-07-07 03:56:27 bad
2021-07-07 03:56:28 CHB 1716923?1625601387 第 1 次 等待 1 秒
2021-07-07 03:56:29 CHB 1716923?1625601387 第 1 次 获取到号码【1716923】GSD
2021-07-07 03:56:30 获取到号码【1716923】的GSD为【贵州-贵阳】
2021-07-07 03:56:33 GSD insert 第 1 次 等待 1 秒
2021-07-07 03:56:34 {"status":"ok","msg":"添加成功！211493"}
2021-07-07 03:56:34 下次操作: 2021-07-07 03:56:46

2021-07-07 03:56:46 开始第 30 次操作

2021-07-07 03:56:46 开始操作号码 【1716924】
2021-07-07 03:56:50 GSD getOne 第 1 次 等待 1 秒
2021-07-07 03:56:51 查询号码 【1716924】，返回信息 {"status":"bad","msg":""}
2021-07-07 03:56:51 查询号码 【1716924】，GSD为【""】
2021-07-07 03:56:51 bad
2021-07-07 03:56:53 CHB 1716924?1625601411 第 1 次 等待 1 秒
2021-07-07 03:56:54 CHB 1716924?1625601411 第 1 次 获取到号码【1716924】GSD
2021-07-07 03:56:54 获取到号码【1716924】的GSD为【贵州-贵阳】
2021-07-07 03:56:57 GSD insert 第 1 次 等待 1 秒
2021-07-07 03:56:58 {"status":"ok","msg":"添加成功！211494"}

