2024-06-16 00:23:06 开始第 913 次操作

2024-06-16 00:23:06 开始操作号码 【1460820】
2024-06-16 00:23:13 GSD getOne 第 1 次 等待 3 秒
2024-06-16 00:23:16 查询号码 【1460820】，返回信息 {"status":"ok","msg":"江苏-南京","gid":"81640","time_insert":"2021-06-05 19:06"}
2024-06-16 00:23:16 查询号码 【1460820】，GSD为【"江苏-南京"】

2024-06-16 00:23:17 开始第 914 次操作

2024-06-16 00:23:17 开始操作号码 【1460821】
2024-06-16 00:23:24 GSD getOne 第 1 次 等待 3 秒
2024-06-16 00:23:27 查询号码 【1460821】，返回信息 {"status":"ok","msg":"江苏-南京","gid":"81655","time_insert":"2021-06-05 19:23"}
2024-06-16 00:23:27 查询号码 【1460821】，GSD为【"江苏-南京"】

2024-06-16 00:23:28 开始第 915 次操作

2024-06-16 00:23:28 开始操作号码 【1460822】
2024-06-16 00:23:36 GSD getOne 第 1 次 等待 3 秒
2024-06-16 00:23:39 查询号码 【1460822】，返回信息 {"status":"ok","msg":"江苏-南京","gid":"81672","time_insert":"2021-06-05 19:41"}
2024-06-16 00:23:39 查询号码 【1460822】，GSD为【"江苏-南京"】

2024-06-16 00:23:40 开始第 916 次操作

2024-06-16 00:23:40 开始操作号码 【1460823】
2024-06-16 00:23:46 GSD getOne 第 1 次 等待 3 秒
2024-06-16 00:23:49 查询号码 【1460823】，返回信息 {"status":"ok","msg":"江苏-南京","gid":"81693","time_insert":"2021-06-05 20:04"}
2024-06-16 00:23:49 查询号码 【1460823】，GSD为【"江苏-南京"】

2024-06-16 00:40:09 开始第 917 次操作

2024-06-16 00:40:09 开始操作号码 【1460824】
2024-06-16 00:40:21 GSD getOne 第 1 次 等待 3 秒
2024-06-16 00:40:24 查询号码 【1460824】，返回信息 {"status":"ok","msg":"江苏-南京","gid":"81708","time_insert":"2021-06-05 20:19"}
2024-06-16 00:40:24 查询号码 【1460824】，GSD为【"江苏-南京"】

2024-06-16 00:40:25 开始第 918 次操作

2024-06-16 00:40:25 开始操作号码 【1460825】
2024-06-16 00:40:37 GSD getOne 第 1 次 等待 3 秒
2024-06-16 00:40:40 查询号码 【1460825】，返回信息 {"status":"ok","msg":"江苏-南京","gid":"81730","time_insert":"2021-06-05 20:41"}
2024-06-16 00:40:40 查询号码 【1460825】，GSD为【"江苏-南京"】

2024-06-16 00:40:41 开始第 919 次操作

2024-06-16 00:40:41 开始操作号码 【1460826】
2024-06-16 00:40:54 GSD getOne 第 1 次 等待 3 秒
2024-06-16 00:40:57 查询号码 【1460826】，返回信息 {"status":"ok","msg":"江苏-南京","gid":"81756","time_insert":"2021-06-05 21:10"}
2024-06-16 00:40:57 查询号码 【1460826】，GSD为【"江苏-南京"】

2024-06-16 00:40:58 开始第 920 次操作

2024-06-16 00:40:58 开始操作号码 【1460827】
2024-06-16 00:41:04 GSD getOne 第 1 次 等待 3 秒
2024-06-16 00:41:07 查询号码 【1460827】，返回信息 {"status":"ok","msg":"江苏-南京","gid":"81777","time_insert":"2021-06-05 21:32"}
2024-06-16 00:41:07 查询号码 【1460827】，GSD为【"江苏-南京"】

