2024-09-29 00:23:29 开始第 6997 次操作

2024-09-29 00:23:29 开始操作号码 【1356996】
2024-09-29 00:23:32 GSD getOne 第 1 次 等待 3 秒
2024-09-29 00:23:35 查询号码 【1356996】，返回信息 {"status":"ok","msg":"河南-许昌","gid":"304757","time_insert":"2021-07-17 16:00"}
2024-09-29 00:23:35 查询号码 【1356996】，GSD为【"河南-许昌"】

2024-09-29 00:23:36 开始第 6998 次操作

2024-09-29 00:23:36 开始操作号码 【1356997】
2024-09-29 00:23:38 GSD getOne 第 1 次 等待 3 秒
2024-09-29 00:23:41 查询号码 【1356997】，返回信息 {"status":"ok","msg":"河南-许昌","gid":"53390","time_insert":"2020-03-25 08:41"}
2024-09-29 00:23:42 查询号码 【1356997】，GSD为【"河南-许昌"】

2024-09-29 00:23:43 开始第 6999 次操作

2024-09-29 00:23:43 开始操作号码 【1356998】
2024-09-29 00:23:45 GSD getOne 第 1 次 等待 3 秒
2024-09-29 00:23:48 查询号码 【1356998】，返回信息 {"status":"ok","msg":"河南-许昌","gid":"53391","time_insert":"2021-03-03 20:38"}
2024-09-29 00:23:48 查询号码 【1356998】，GSD为【"河南-许昌"】

2024-09-29 00:23:49 开始第 7000 次操作

2024-09-29 00:23:49 开始操作号码 【1356999】
2024-09-29 00:23:51 GSD getOne 第 1 次 等待 3 秒
2024-09-29 00:23:54 查询号码 【1356999】，返回信息 {"status":"ok","msg":"河南-许昌","gid":"6691","time_insert":"2020-04-16 09:29","time_update":"2020-09-13 22:45"}
2024-09-29 00:23:54 查询号码 【1356999】，GSD为【"河南-许昌"】

