2021-07-31 00:00:30 开始第 16 次操作

2021-07-31 00:00:30 开始操作号码 【1897511】
2021-07-31 00:00:33 GSD getOne 第 1 次 等待 3 秒
2021-07-31 00:00:36 查询号码 【1897511】，返回信息 {"status":"bad","msg":""}
2021-07-31 00:00:36 查询号码 【1897511】，GSD为【""】
2021-07-31 00:00:36 bad
2021-07-31 00:00:38 CHB 1897511?1627660836 第 1 次 等待 3 秒
2021-07-31 00:00:41 CHB 1897511?1627660836 第 1 次 获取到号码【1897511】GSD
2021-07-31 00:00:41 获取到号码【1897511】的GSD为【湖南-长沙】
2021-07-31 00:00:48 GSD insert 第 1 次 等待 3 秒
2021-07-31 00:00:51 {"status":"ok","gid":449848,"msg":"添加成功！"}
2021-07-31 00:00:51 下次操作: 2021-07-31 00:01:03

2021-07-31 00:01:03 开始第 17 次操作

2021-07-31 00:01:03 开始操作号码 【1897510】
2021-07-31 00:01:06 GSD getOne 第 1 次 等待 3 秒
2021-07-31 00:01:09 查询号码 【1897510】，返回信息 {"status":"bad","msg":""}
2021-07-31 00:01:10 查询号码 【1897510】，GSD为【""】
2021-07-31 00:01:10 bad
2021-07-31 00:01:11 CHB 1897510?1627660870 第 1 次 等待 3 秒
2021-07-31 00:01:14 CHB 1897510?1627660870 第 1 次 获取到号码【1897510】GSD
2021-07-31 00:01:14 获取到号码【1897510】的GSD为【湖南-长沙】
2021-07-31 00:01:19 GSD insert 第 1 次 等待 3 秒
2021-07-31 00:01:22 {"status":"ok","gid":449856,"msg":"添加成功！"}
2021-07-31 00:01:22 下次操作: 2021-07-31 00:01:43

2021-07-31 00:01:43 开始第 18 次操作

2021-07-31 00:01:43 开始操作号码 【1897509】
2021-07-31 00:01:48 GSD getOne 第 1 次 等待 3 秒
2021-07-31 00:01:51 查询号码 【1897509】，返回信息 {"status":"bad","msg":""}
2021-07-31 00:01:51 查询号码 【1897509】，GSD为【""】
2021-07-31 00:01:51 bad
2021-07-31 00:01:52 CHB 1897509?1627660911 第 1 次 等待 3 秒
2021-07-31 00:01:55 CHB 1897509?1627660911 第 1 次 获取到号码【1897509】GSD
2021-07-31 00:01:56 获取到号码【1897509】的GSD为【湖南-怀化】
2021-07-31 00:02:00 GSD insert 第 1 次 等待 3 秒
2021-07-31 00:02:03 {"status":"ok","gid":449868,"msg":"添加成功！"}
2021-07-31 00:02:03 下次操作: 2021-07-31 00:02:27

2021-07-31 00:02:27 开始第 19 次操作

2021-07-31 00:02:27 开始操作号码 【1897508】
2021-07-31 00:02:32 GSD getOne 第 1 次 等待 3 秒
2021-07-31 00:02:35 查询号码 【1897508】，返回信息 {"status":"bad","msg":""}
2021-07-31 00:02:35 查询号码 【1897508】，GSD为【""】
2021-07-31 00:02:35 bad
2021-07-31 00:02:36 CHB 1897508?1627660955 第 1 次 等待 3 秒
2021-07-31 00:02:39 CHB 1897508?1627660955 第 1 次 获取到号码【1897508】GSD
2021-07-31 00:02:39 获取到号码【1897508】的GSD为【湖南-怀化】
2021-07-31 00:02:43 GSD insert 第 1 次 等待 3 秒
2021-07-31 00:02:46 {"status":"ok","gid":449879,"msg":"添加成功！"}
2021-07-31 00:02:46 下次操作: 2021-07-31 00:03:03

2021-07-31 00:03:03 开始第 20 次操作

2021-07-31 00:03:03 开始操作号码 【1897507】
2021-07-31 00:03:07 GSD getOne 第 1 次 等待 3 秒
2021-07-31 00:03:10 查询号码 【1897507】，返回信息 {"status":"bad","msg":""}
2021-07-31 00:03:10 查询号码 【1897507】，GSD为【""】
2021-07-31 00:03:10 bad
2021-07-31 00:03:11 CHB 1897507?1627660990 第 1 次 等待 3 秒
2021-07-31 00:03:14 CHB 1897507?1627660990 第 1 次 获取到号码【1897507】GSD
2021-07-31 00:03:14 获取到号码【1897507】的GSD为【湖南-怀化】
2021-07-31 00:03:18 GSD insert 第 1 次 等待 3 秒
2021-07-31 00:03:21 {"status":"ok","gid":449889,"msg":"添加成功！"}
2021-07-31 00:03:21 下次操作: 2021-07-31 00:03:44

2021-07-31 00:03:44 开始第 21 次操作

2021-07-31 00:03:44 开始操作号码 【1897506】
2021-07-31 00:03:48 GSD getOne 第 1 次 等待 3 秒
2021-07-31 00:03:51 查询号码 【1897506】，返回信息 {"status":"bad","msg":""}
2021-07-31 00:03:51 查询号码 【1897506】，GSD为【""】
2021-07-31 00:03:51 bad
2021-07-31 00:03:52 CHB 1897506?1627661031 第 1 次 等待 3 秒
2021-07-31 00:03:55 CHB 1897506?1627661031 第 1 次 获取到号码【1897506】GSD
2021-07-31 00:03:55 获取到号码【1897506】的GSD为【湖南-岳阳】
2021-07-31 00:04:05 GSD insert 第 1 次 等待 3 秒
2021-07-31 00:04:08 {"status":"ok","gid":449902,"msg":"添加成功！"}
2021-07-31 00:04:08 下次操作: 2021-07-31 00:04:30

2021-07-31 00:04:30 开始第 22 次操作

2021-07-31 00:04:30 开始操作号码 【1897505】
2021-07-31 00:04:39 GSD getOne 第 1 次 等待 3 秒
2021-07-31 00:04:42 查询号码 【1897505】，返回信息 {"status":"bad","msg":""}
2021-07-31 00:04:42 查询号码 【1897505】，GSD为【""】
2021-07-31 00:04:42 bad
2021-07-31 00:04:44 CHB 1897505?1627661082 第 1 次 等待 3 秒
2021-07-31 00:04:47 CHB 1897505?1627661082 第 1 次 获取到号码【1897505】GSD
2021-07-31 00:04:47 获取到号码【1897505】的GSD为【湖南-岳阳】
2021-07-31 00:04:52 GSD insert 第 1 次 等待 3 秒
2021-07-31 00:04:55 {"status":"ok","gid":449914,"msg":"添加成功！"}
2021-07-31 00:04:55 下次操作: 2021-07-31 00:05:09

2021-07-31 00:05:09 开始第 23 次操作

2021-07-31 00:05:09 开始操作号码 【1897504】
2021-07-31 00:05:12 GSD getOne 第 1 次 等待 3 秒
2021-07-31 00:05:15 查询号码 【1897504】，返回信息 {"status":"bad","msg":""}
2021-07-31 00:05:16 查询号码 【1897504】，GSD为【""】
2021-07-31 00:05:16 bad
2021-07-31 00:05:17 CHB 1897504?1627661116 第 1 次 等待 3 秒
2021-07-31 00:05:20 CHB 1897504?1627661116 第 1 次 获取到号码【1897504】GSD
2021-07-31 00:05:20 获取到号码【1897504】的GSD为【湖南-岳阳】
2021-07-31 00:05:23 GSD insert 第 1 次 等待 3 秒
2021-07-31 00:05:26 {"status":"ok","gid":449922,"msg":"添加成功！"}
2021-07-31 00:05:26 下次操作: 2021-07-31 00:05:42

2021-07-31 00:05:42 开始第 24 次操作

2021-07-31 00:05:42 开始操作号码 【1897503】
2021-07-31 00:05:46 GSD getOne 第 1 次 等待 3 秒
2021-07-31 00:05:49 查询号码 【1897503】，返回信息 {"status":"bad","msg":""}
2021-07-31 00:05:50 查询号码 【1897503】，GSD为【""】
2021-07-31 00:05:50 bad
2021-07-31 00:05:51 CHB 1897503?1627661150 第 1 次 等待 3 秒
2021-07-31 00:05:54 CHB 1897503?1627661150 第 1 次 获取到号码【1897503】GSD
2021-07-31 00:05:54 获取到号码【1897503】的GSD为【湖南-岳阳】
2021-07-31 00:05:57 GSD insert 第 1 次 等待 3 秒
2021-07-31 00:06:00 {"status":"ok","gid":449933,"msg":"添加成功！"}
2021-07-31 00:06:00 下次操作: 2021-07-31 00:06:12

2021-07-31 00:06:12 开始第 25 次操作

2021-07-31 00:06:12 开始操作号码 【1897502】
2021-07-31 00:06:16 GSD getOne 第 1 次 等待 3 秒
2021-07-31 00:06:19 查询号码 【1897502】，返回信息 {"status":"bad","msg":""}
2021-07-31 00:06:19 查询号码 【1897502】，GSD为【""】
2021-07-31 00:06:19 bad
2021-07-31 00:06:21 CHB 1897502?1627661179 第 1 次 等待 3 秒
2021-07-31 00:06:24 CHB 1897502?1627661179 第 1 次 获取到号码【1897502】GSD
2021-07-31 00:06:24 获取到号码【1897502】的GSD为【湖南-岳阳】
2021-07-31 00:06:31 GSD insert 第 1 次 等待 3 秒
2021-07-31 00:06:34 {"status":"ok","gid":449941,"msg":"添加成功！"}
2021-07-31 00:06:34 下次操作: 2021-07-31 00:06:49

2021-07-31 00:06:49 开始第 26 次操作

2021-07-31 00:06:49 开始操作号码 【1897501】
2021-07-31 00:06:57 GSD getOne 第 1 次 等待 3 秒
2021-07-31 00:07:00 查询号码 【1897501】，返回信息 {"status":"bad","msg":""}
2021-07-31 00:07:00 查询号码 【1897501】，GSD为【""】
2021-07-31 00:07:00 bad
2021-07-31 00:07:02 CHB 1897501?1627661220 第 1 次 等待 3 秒
2021-07-31 00:07:05 CHB 1897501?1627661220 第 1 次 获取到号码【1897501】GSD
2021-07-31 00:07:05 获取到号码【1897501】的GSD为【湖南-岳阳】
2021-07-31 00:07:08 GSD insert 第 1 次 等待 3 秒
2021-07-31 00:07:11 {"status":"ok","gid":449951,"msg":"添加成功！"}
2021-07-31 00:07:11 下次操作: 2021-07-31 00:07:25

2021-07-31 00:07:25 开始第 27 次操作

2021-07-31 00:07:25 开始操作号码 【1897500】
2021-07-31 00:07:31 GSD getOne 第 1 次 等待 3 秒
2021-07-31 00:07:34 查询号码 【1897500】，返回信息 {"status":"ok","msg":"湖南-岳阳","gid":"45315","time_insert":"2017-04-19 11:23","time_update":"2020-09-24 02:39"}
2021-07-31 00:07:34 查询号码 【1897500】，GSD为【"湖南-岳阳"】

2021-07-31 00:07:34 开始第 27 次操作

2021-07-31 00:07:34 开始操作号码 【1897499】
2021-07-31 00:07:43 GSD getOne 第 1 次 等待 3 秒
2021-07-31 00:07:46 查询号码 【1897499】，返回信息 {"status":"bad","msg":""}
2021-07-31 00:07:46 查询号码 【1897499】，GSD为【""】
2021-07-31 00:07:46 bad
2021-07-31 00:07:47 CHB 1897499?1627661266 第 1 次 等待 3 秒
2021-07-31 00:07:50 CHB 1897499?1627661266 第 1 次 获取到号码【1897499】GSD
2021-07-31 00:07:50 获取到号码【1897499】的GSD为【湖南-长沙】
2021-07-31 00:07:54 GSD insert 第 1 次 等待 3 秒
2021-07-31 00:07:57 {"status":"ok","gid":449960,"msg":"添加成功！"}
2021-07-31 00:07:57 下次操作: 2021-07-31 00:08:21

2021-07-31 00:08:21 开始第 28 次操作

2021-07-31 00:08:21 开始操作号码 【1897498】
2021-07-31 00:08:26 GSD getOne 第 1 次 等待 3 秒
2021-07-31 00:08:29 查询号码 【1897498】，返回信息 {"status":"bad","msg":""}
2021-07-31 00:08:29 查询号码 【1897498】，GSD为【""】
2021-07-31 00:08:29 bad
2021-07-31 00:08:30 CHB 1897498?1627661309 第 1 次 等待 3 秒
2021-07-31 00:08:33 CHB 1897498?1627661309 第 1 次 获取到号码【1897498】GSD
2021-07-31 00:08:33 获取到号码【1897498】的GSD为【湖南-长沙】
2021-07-31 00:08:37 GSD insert 第 1 次 等待 3 秒
2021-07-31 00:08:40 {"status":"ok","gid":449972,"msg":"添加成功！"}
2021-07-31 00:08:40 下次操作: 2021-07-31 00:09:02

2021-07-31 00:09:02 开始第 29 次操作

2021-07-31 00:09:02 开始操作号码 【1897497】
2021-07-31 00:09:06 GSD getOne 第 1 次 等待 3 秒
2021-07-31 00:09:09 查询号码 【1897497】，返回信息 {"status":"bad","msg":""}
2021-07-31 00:09:09 查询号码 【1897497】，GSD为【""】
2021-07-31 00:09:09 bad
2021-07-31 00:09:11 CHB 1897497?1627661349 第 1 次 等待 3 秒
2021-07-31 00:09:14 CHB 1897497?1627661349 第 1 次 获取到号码【1897497】GSD
2021-07-31 00:09:14 获取到号码【1897497】的GSD为【湖南-长沙】
2021-07-31 00:09:20 GSD insert 第 1 次 等待 3 秒
2021-07-31 00:09:23 {"status":"ok","gid":449985,"msg":"添加成功！"}
2021-07-31 00:09:23 下次操作: 2021-07-31 00:09:35

2021-07-31 00:09:35 开始第 30 次操作

2021-07-31 00:09:35 开始操作号码 【1897496】
2021-07-31 00:09:51 GSD getOne 第 1 次 等待 3 秒
2021-07-31 00:09:54 查询号码 【1897496】，返回信息 {"status":"bad","msg":""}
2021-07-31 00:09:54 查询号码 【1897496】，GSD为【""】
2021-07-31 00:09:54 bad
2021-07-31 00:09:56 CHB 1897496?1627661394 第 1 次 等待 3 秒
2021-07-31 00:09:59 CHB 1897496?1627661394 第 1 次 获取到号码【1897496】GSD
2021-07-31 00:09:59 获取到号码【1897496】的GSD为【湖南-长沙】
2021-07-31 00:10:04 GSD insert 第 1 次 等待 3 秒
2021-07-31 00:10:07 {"status":"ok","gid":449996,"msg":"添加成功！"}
2021-07-31 00:10:07 下次操作: 2021-07-31 00:10:23

2021-07-31 00:10:23 开始第 31 次操作

2021-07-31 00:10:23 开始操作号码 【1897495】
2021-07-31 00:10:27 GSD getOne 第 1 次 等待 3 秒
2021-07-31 00:10:30 查询号码 【1897495】，返回信息 {"status":"bad","msg":""}
2021-07-31 00:10:31 查询号码 【1897495】，GSD为【""】
2021-07-31 00:10:31 bad
2021-07-31 00:10:32 CHB 1897495?1627661431 第 1 次 等待 3 秒
2021-07-31 00:10:35 CHB 1897495?1627661431 第 1 次 获取到号码【1897495】GSD
2021-07-31 00:10:35 获取到号码【1897495】的GSD为【湖南-长沙】
2021-07-31 00:10:43 GSD insert 第 1 次 等待 3 秒
2021-07-31 00:10:46 {"status":"ok","gid":450005,"msg":"添加成功！"}
2021-07-31 00:10:46 下次操作: 2021-07-31 00:11:00

2021-07-31 00:11:00 开始第 32 次操作

2021-07-31 00:11:00 开始操作号码 【1897494】
2021-07-31 00:11:04 GSD getOne 第 1 次 等待 3 秒
2021-07-31 00:11:07 查询号码 【1897494】，返回信息 {"status":"bad","msg":""}
2021-07-31 00:11:07 查询号码 【1897494】，GSD为【""】
2021-07-31 00:11:07 bad
2021-07-31 00:11:09 CHB 1897494?1627661467 第 1 次 等待 3 秒
2021-07-31 00:11:12 CHB 1897494?1627661467 第 1 次 获取到号码【1897494】GSD
2021-07-31 00:11:12 获取到号码【1897494】的GSD为【湖南-长沙】
2021-07-31 00:11:17 GSD insert 第 1 次 等待 3 秒
2021-07-31 00:11:20 {"status":"ok","gid":450014,"msg":"添加成功！"}
2021-07-31 00:11:20 下次操作: 2021-07-31 00:11:43

2021-07-31 00:11:43 开始第 33 次操作

2021-07-31 00:11:43 开始操作号码 【1897493】
2021-07-31 00:11:48 GSD getOne 第 1 次 等待 3 秒
2021-07-31 00:11:51 查询号码 【1897493】，返回信息 {"status":"bad","msg":""}
2021-07-31 00:11:51 查询号码 【1897493】，GSD为【""】
2021-07-31 00:11:51 bad
2021-07-31 00:11:52 CHB 1897493?1627661511 第 1 次 等待 3 秒
2021-07-31 00:11:55 CHB 1897493?1627661511 第 1 次 获取到号码【1897493】GSD
2021-07-31 00:11:55 获取到号码【1897493】的GSD为【湖南-长沙】
2021-07-31 00:11:59 GSD insert 第 1 次 等待 3 秒
2021-07-31 00:12:02 {"status":"ok","gid":450027,"msg":"添加成功！"}
2021-07-31 00:12:02 下次操作: 2021-07-31 00:12:15

2021-07-31 00:12:15 开始第 34 次操作

2021-07-31 00:12:15 开始操作号码 【1897492】
2021-07-31 00:12:21 GSD getOne 第 1 次 等待 3 秒
2021-07-31 00:12:24 查询号码 【1897492】，返回信息 {"status":"bad","msg":""}
2021-07-31 00:12:24 查询号码 【1897492】，GSD为【""】
2021-07-31 00:12:24 bad
2021-07-31 00:12:26 CHB 1897492?1627661544 第 1 次 等待 3 秒
2021-07-31 00:12:29 CHB 1897492?1627661544 第 1 次 获取到号码【1897492】GSD
2021-07-31 00:12:29 获取到号码【1897492】的GSD为【湖南-长沙】
2021-07-31 00:12:33 GSD insert 第 1 次 等待 3 秒
2021-07-31 00:12:36 {"status":"ok","gid":450033,"msg":"添加成功！"}
2021-07-31 00:12:36 下次操作: 2021-07-31 00:13:00

2021-07-31 00:13:00 开始第 35 次操作

2021-07-31 00:13:00 开始操作号码 【1897491】
2021-07-31 00:13:04 GSD getOne 第 1 次 等待 3 秒
2021-07-31 00:13:07 查询号码 【1897491】，返回信息 {"status":"bad","msg":""}
2021-07-31 00:13:07 查询号码 【1897491】，GSD为【""】
2021-07-31 00:13:07 bad
2021-07-31 00:13:09 CHB 1897491?1627661587 第 1 次 等待 3 秒
2021-07-31 00:13:12 CHB 1897491?1627661587 第 1 次 获取到号码【1897491】GSD
2021-07-31 00:13:12 获取到号码【1897491】的GSD为【湖南-长沙】
2021-07-31 00:13:17 GSD insert 第 1 次 等待 3 秒
2021-07-31 00:13:20 {"status":"ok","gid":450043,"msg":"添加成功！"}
2021-07-31 00:13:20 下次操作: 2021-07-31 00:13:38

2021-07-31 00:13:38 开始第 36 次操作

2021-07-31 00:13:38 开始操作号码 【1897490】
2021-07-31 00:13:43 GSD getOne 第 1 次 等待 3 秒
2021-07-31 00:13:46 查询号码 【1897490】，返回信息 {"status":"bad","msg":""}
2021-07-31 00:13:46 查询号码 【1897490】，GSD为【""】
2021-07-31 00:13:46 bad
2021-07-31 00:13:47 CHB 1897490?1627661626 第 1 次 等待 3 秒
2021-07-31 00:13:50 CHB 1897490?1627661626 第 1 次 获取到号码【1897490】GSD
2021-07-31 00:13:51 获取到号码【1897490】的GSD为【湖南-长沙】
2021-07-31 00:13:55 GSD insert 第 1 次 等待 3 秒
2021-07-31 00:13:58 {"status":"ok","gid":450053,"msg":"添加成功！"}
2021-07-31 00:13:58 下次操作: 2021-07-31 00:14:18

2021-07-31 00:14:18 开始第 37 次操作

2021-07-31 00:14:18 开始操作号码 【1897489】
2021-07-31 00:14:23 GSD getOne 第 1 次 等待 3 秒
2021-07-31 00:14:26 查询号码 【1897489】，返回信息 {"status":"bad","msg":""}
2021-07-31 00:14:26 查询号码 【1897489】，GSD为【""】
2021-07-31 00:14:26 bad
2021-07-31 00:14:27 CHB 1897489?1627661666 第 1 次 等待 3 秒
2021-07-31 00:14:30 CHB 1897489?1627661666 第 1 次 获取到号码【1897489】GSD
2021-07-31 00:14:30 获取到号码【1897489】的GSD为【湖南-长沙】
2021-07-31 00:14:42 GSD insert 第 1 次 等待 3 秒
2021-07-31 00:14:45 {"status":"ok","gid":450064,"msg":"添加成功！"}
2021-07-31 00:14:45 下次操作: 2021-07-31 00:15:06

2021-07-31 00:15:06 开始第 38 次操作

2021-07-31 00:15:06 开始操作号码 【1897488】
2021-07-31 00:15:23 GSD getOne 第 1 次 等待 3 秒
2021-07-31 00:15:26 查询号码 【1897488】，返回信息 {"status":"bad","msg":""}
2021-07-31 00:15:26 查询号码 【1897488】，GSD为【""】
2021-07-31 00:15:26 bad
2021-07-31 00:15:27 CHB 1897488?1627661726 第 1 次 等待 3 秒
2021-07-31 00:15:30 CHB 1897488?1627661726 第 1 次 获取到号码【1897488】GSD
2021-07-31 00:15:30 获取到号码【1897488】的GSD为【湖南-长沙】
2021-07-31 00:15:39 GSD insert 第 1 次 等待 3 秒
2021-07-31 00:15:42 {"status":"ok","gid":450074,"msg":"添加成功！"}
2021-07-31 00:15:42 下次操作: 2021-07-31 00:16:02

2021-07-31 00:16:02 开始第 39 次操作

2021-07-31 00:16:02 开始操作号码 【1897487】
2021-07-31 00:16:06 GSD getOne 第 1 次 等待 3 秒
2021-07-31 00:16:09 查询号码 【1897487】，返回信息 {"status":"bad","msg":""}
2021-07-31 00:16:09 查询号码 【1897487】，GSD为【""】
2021-07-31 00:16:09 bad
2021-07-31 00:16:11 CHB 1897487?1627661769 第 1 次 等待 3 秒
2021-07-31 00:16:14 CHB 1897487?1627661769 第 1 次 获取到号码【1897487】GSD
2021-07-31 00:16:14 获取到号码【1897487】的GSD为【湖南-长沙】
2021-07-31 00:16:17 GSD insert 第 1 次 等待 3 秒
2021-07-31 00:16:20 {"status":"ok","gid":450080,"msg":"添加成功！"}
2021-07-31 00:16:20 下次操作: 2021-07-31 00:16:40

2021-07-31 00:16:40 开始第 40 次操作

2021-07-31 00:16:40 开始操作号码 【1897486】
2021-07-31 00:16:45 GSD getOne 第 1 次 等待 3 秒
2021-07-31 00:16:48 查询号码 【1897486】，返回信息 {"status":"bad","msg":""}
2021-07-31 00:16:48 查询号码 【1897486】，GSD为【""】
2021-07-31 00:16:48 bad
2021-07-31 00:16:49 CHB 1897486?1627661808 第 1 次 等待 3 秒
2021-07-31 00:16:52 CHB 1897486?1627661808 第 1 次 获取到号码【1897486】GSD
2021-07-31 00:16:52 获取到号码【1897486】的GSD为【湖南-长沙】
2021-07-31 00:17:06 GSD insert 第 1 次 等待 3 秒
2021-07-31 00:17:09 {"status":"ok","gid":450089,"msg":"添加成功！"}

2021-07-31 01:01:31 开始第 1 次操作

2021-07-31 01:01:31 开始操作号码 【1897485】
2021-07-31 01:01:35 GSD getOne 第 1 次 等待 3 秒
2021-07-31 01:01:38 查询号码 【1897485】，返回信息 {"status":"bad","msg":""}
2021-07-31 01:01:38 查询号码 【1897485】，GSD为【""】
2021-07-31 01:01:38 bad
2021-07-31 01:01:39 CHB 1897485?1627664498 第 1 次 等待 3 秒
2021-07-31 01:01:42 CHB 1897485?1627664498 第 1 次 获取到号码【1897485】GSD
2021-07-31 01:01:42 获取到号码【1897485】的GSD为【湖南-长沙】
2021-07-31 01:01:47 GSD insert 第 1 次 等待 3 秒
2021-07-31 01:01:50 {"status":"ok","gid":450233,"msg":"添加成功！"}
2021-07-31 01:01:50 下次操作: 2021-07-31 01:02:13

2021-07-31 01:02:13 开始第 2 次操作

2021-07-31 01:02:13 开始操作号码 【1897484】
2021-07-31 01:02:17 GSD getOne 第 1 次 等待 3 秒
2021-07-31 01:02:20 查询号码 【1897484】，返回信息 {"status":"bad","msg":""}
2021-07-31 01:02:20 查询号码 【1897484】，GSD为【""】
2021-07-31 01:02:20 bad
2021-07-31 01:02:21 CHB 1897484?1627664540 第 1 次 等待 3 秒
2021-07-31 01:02:24 CHB 1897484?1627664540 第 1 次 获取到号码【1897484】GSD
2021-07-31 01:02:24 获取到号码【1897484】的GSD为【湖南-长沙】
2021-07-31 01:02:34 GSD insert 第 1 次 等待 3 秒
2021-07-31 01:02:37 {"status":"ok","gid":450241,"msg":"添加成功！"}
2021-07-31 01:02:37 下次操作: 2021-07-31 01:03:00

2021-07-31 01:03:00 开始第 3 次操作

2021-07-31 01:03:00 开始操作号码 【1897483】
2021-07-31 01:03:07 GSD getOne 第 1 次 等待 3 秒
2021-07-31 01:03:10 查询号码 【1897483】，返回信息 {"status":"bad","msg":""}
2021-07-31 01:03:10 查询号码 【1897483】，GSD为【""】
2021-07-31 01:03:10 bad
2021-07-31 01:03:11 CHB 1897483?1627664590 第 1 次 等待 3 秒
2021-07-31 01:03:14 CHB 1897483?1627664590 第 1 次 获取到号码【1897483】GSD
2021-07-31 01:03:14 获取到号码【1897483】的GSD为【湖南-长沙】
2021-07-31 01:03:26 GSD insert 第 1 次 等待 3 秒
2021-07-31 01:03:29 {"status":"ok","gid":450251,"msg":"添加成功！"}
2021-07-31 01:03:29 下次操作: 2021-07-31 01:03:53

2021-07-31 01:03:53 开始第 4 次操作

2021-07-31 01:03:53 开始操作号码 【1897482】
2021-07-31 01:03:57 GSD getOne 第 1 次 等待 3 秒
2021-07-31 01:04:00 查询号码 【1897482】，返回信息 {"status":"ok","msg":"湖南-长沙","gid":"58552","time_insert":"2021-05-14 13:20","time_update":"2021-06-22 17:15"}
2021-07-31 01:04:00 查询号码 【1897482】，GSD为【"湖南-长沙"】

2021-07-31 01:04:00 开始第 4 次操作

2021-07-31 01:04:00 开始操作号码 【1897481】
2021-07-31 01:04:04 GSD getOne 第 1 次 等待 3 秒
2021-07-31 01:04:07 查询号码 【1897481】，返回信息 {"status":"bad","msg":""}
2021-07-31 01:04:07 查询号码 【1897481】，GSD为【""】
2021-07-31 01:04:07 bad
2021-07-31 01:04:09 CHB 1897481?1627664647 第 1 次 等待 3 秒
2021-07-31 01:04:12 CHB 1897481?1627664647 第 1 次 获取到号码【1897481】GSD
2021-07-31 01:04:12 获取到号码【1897481】的GSD为【湖南-长沙】
2021-07-31 01:04:18 GSD insert 第 1 次 等待 3 秒
2021-07-31 01:04:21 {"status":"ok","gid":450267,"msg":"添加成功！"}
2021-07-31 01:04:21 下次操作: 2021-07-31 01:04:43

2021-07-31 01:04:43 开始第 5 次操作

2021-07-31 01:04:43 开始操作号码 【1897480】
2021-07-31 01:04:47 GSD getOne 第 1 次 等待 3 秒
2021-07-31 01:04:50 查询号码 【1897480】，返回信息 {"status":"bad","msg":""}
2021-07-31 01:04:50 查询号码 【1897480】，GSD为【""】
2021-07-31 01:04:50 bad
2021-07-31 01:04:52 CHB 1897480?1627664690 第 1 次 等待 3 秒
2021-07-31 01:04:55 CHB 1897480?1627664690 第 1 次 获取到号码【1897480】GSD
2021-07-31 01:04:55 获取到号码【1897480】的GSD为【湖南-长沙】
2021-07-31 01:05:00 GSD insert 第 1 次 等待 3 秒
2021-07-31 01:05:03 {"status":"ok","gid":450276,"msg":"添加成功！"}
2021-07-31 01:05:03 下次操作: 2021-07-31 01:05:19

2021-07-31 01:05:19 开始第 6 次操作

2021-07-31 01:05:19 开始操作号码 【1897479】
2021-07-31 01:05:26 GSD getOne 第 1 次 等待 3 秒
2021-07-31 01:05:29 查询号码 【1897479】，返回信息 {"status":"bad","msg":""}
2021-07-31 01:05:29 查询号码 【1897479】，GSD为【""】
2021-07-31 01:05:29 bad
2021-07-31 01:05:31 CHB 1897479?1627664729 第 1 次 等待 3 秒
2021-07-31 01:05:34 CHB 1897479?1627664729 第 1 次 获取到号码【1897479】GSD
2021-07-31 01:05:34 获取到号码【1897479】的GSD为【湖南-衡阳】
2021-07-31 01:05:39 GSD insert 第 1 次 等待 3 秒
2021-07-31 01:05:42 {"status":"ok","gid":450284,"msg":"添加成功！"}
2021-07-31 01:05:42 下次操作: 2021-07-31 01:05:57

2021-07-31 01:05:57 开始第 7 次操作

2021-07-31 01:05:57 开始操作号码 【1897478】
2021-07-31 01:06:02 GSD getOne 第 1 次 等待 3 秒
2021-07-31 01:06:05 查询号码 【1897478】，返回信息 {"status":"ok","msg":"湖南-衡阳","gid":"45314","time_insert":"2017-12-14 15:55","time_update":"2020-09-24 09:54"}
2021-07-31 01:06:05 查询号码 【1897478】，GSD为【"湖南-衡阳"】

2021-07-31 01:06:05 开始第 7 次操作

2021-07-31 01:06:05 开始操作号码 【1897477】
2021-07-31 01:06:08 GSD getOne 第 1 次 等待 3 秒
2021-07-31 01:06:11 查询号码 【1897477】，返回信息 {"status":"bad","msg":""}
2021-07-31 01:06:11 查询号码 【1897477】，GSD为【""】
2021-07-31 01:06:11 bad
2021-07-31 01:06:13 CHB 1897477?1627664771 第 1 次 等待 3 秒
2021-07-31 01:06:16 CHB 1897477?1627664771 第 1 次 获取到号码【1897477】GSD
2021-07-31 01:06:16 获取到号码【1897477】的GSD为【湖南-衡阳】
2021-07-31 01:06:21 GSD insert 第 1 次 等待 3 秒
2021-07-31 01:06:24 {"status":"ok","gid":450291,"msg":"添加成功！"}
2021-07-31 01:06:24 下次操作: 2021-07-31 01:06:47

2021-07-31 01:06:47 开始第 8 次操作

2021-07-31 01:06:47 开始操作号码 【1897476】
2021-07-31 01:06:55 GSD getOne 第 1 次 等待 3 秒
2021-07-31 01:06:58 查询号码 【1897476】，返回信息 {"status":"bad","msg":""}
2021-07-31 01:06:58 查询号码 【1897476】，GSD为【""】
2021-07-31 01:06:58 bad
2021-07-31 01:06:59 CHB 1897476?1627664818 第 1 次 等待 3 秒
2021-07-31 01:07:02 CHB 1897476?1627664818 第 1 次 获取到号码【1897476】GSD
2021-07-31 01:07:02 获取到号码【1897476】的GSD为【湖南-衡阳】
2021-07-31 01:07:06 GSD insert 第 1 次 等待 3 秒
2021-07-31 01:07:09 {"status":"ok","gid":450302,"msg":"添加成功！"}
2021-07-31 01:07:09 下次操作: 2021-07-31 01:07:24

2021-07-31 01:07:24 开始第 9 次操作

2021-07-31 01:07:24 开始操作号码 【1897475】
2021-07-31 01:07:27 GSD getOne 第 1 次 等待 3 秒
2021-07-31 01:07:30 查询号码 【1897475】，返回信息 {"status":"bad","msg":""}
2021-07-31 01:07:30 查询号码 【1897475】，GSD为【""】
2021-07-31 01:07:30 bad
2021-07-31 01:07:32 CHB 1897475?1627664850 第 1 次 等待 3 秒
2021-07-31 01:07:35 CHB 1897475?1627664850 第 1 次 获取到号码【1897475】GSD
2021-07-31 01:07:35 获取到号码【1897475】的GSD为【湖南-衡阳】
2021-07-31 01:07:39 GSD insert 第 1 次 等待 3 秒
2021-07-31 01:07:42 {"status":"ok","gid":450310,"msg":"添加成功！"}
2021-07-31 01:07:42 下次操作: 2021-07-31 01:07:59

2021-07-31 01:07:59 开始第 10 次操作

2021-07-31 01:07:59 开始操作号码 【1897474】
2021-07-31 01:08:02 GSD getOne 第 1 次 等待 3 秒
2021-07-31 01:08:05 查询号码 【1897474】，返回信息 {"status":"bad","msg":""}
2021-07-31 01:08:05 查询号码 【1897474】，GSD为【""】
2021-07-31 01:08:05 bad
2021-07-31 01:08:07 CHB 1897474?1627664885 第 1 次 等待 3 秒
2021-07-31 01:08:10 CHB 1897474?1627664885 第 1 次 获取到号码【1897474】GSD
2021-07-31 01:08:10 获取到号码【1897474】的GSD为【湖南-衡阳】
2021-07-31 01:08:13 GSD insert 第 1 次 等待 3 秒
2021-07-31 01:08:16 {"status":"ok","gid":450320,"msg":"添加成功！"}
2021-07-31 01:08:16 下次操作: 2021-07-31 01:08:34

2021-07-31 01:08:34 开始第 11 次操作

2021-07-31 01:08:34 开始操作号码 【1897473】
2021-07-31 01:08:47 GSD getOne 第 1 次 等待 3 秒
2021-07-31 01:08:50 查询号码 【1897473】，返回信息 {"status":"bad","msg":""}
2021-07-31 01:08:50 查询号码 【1897473】，GSD为【""】
2021-07-31 01:08:50 bad
2021-07-31 01:08:51 CHB 1897473?1627664930 第 1 次 等待 3 秒
2021-07-31 01:08:54 CHB 1897473?1627664930 第 1 次 获取到号码【1897473】GSD
2021-07-31 01:08:54 获取到号码【1897473】的GSD为【湖南-衡阳】
2021-07-31 01:08:59 GSD insert 第 1 次 等待 3 秒
2021-07-31 01:09:02 {"status":"ok","gid":450331,"msg":"添加成功！"}
2021-07-31 01:09:02 下次操作: 2021-07-31 01:09:26

2021-07-31 01:09:26 开始第 12 次操作

2021-07-31 01:09:26 开始操作号码 【1897472】
2021-07-31 01:09:29 GSD getOne 第 1 次 等待 3 秒
2021-07-31 01:09:32 查询号码 【1897472】，返回信息 {"status":"bad","msg":""}
2021-07-31 01:09:32 查询号码 【1897472】，GSD为【""】
2021-07-31 01:09:32 bad
2021-07-31 01:09:34 CHB 1897472?1627664972 第 1 次 等待 3 秒
2021-07-31 01:09:37 CHB 1897472?1627664972 第 1 次 获取到号码【1897472】GSD
2021-07-31 01:09:37 获取到号码【1897472】的GSD为【湖南-衡阳】
2021-07-31 01:09:42 GSD insert 第 1 次 等待 3 秒
2021-07-31 01:09:45 {"status":"ok","gid":450340,"msg":"添加成功！"}
2021-07-31 01:09:45 下次操作: 2021-07-31 01:10:03

2021-07-31 01:10:03 开始第 13 次操作

2021-07-31 01:10:03 开始操作号码 【1897471】
2021-07-31 01:10:08 GSD getOne 第 1 次 等待 3 秒
2021-07-31 01:10:11 查询号码 【1897471】，返回信息 {"status":"bad","msg":""}
2021-07-31 01:10:11 查询号码 【1897471】，GSD为【""】
2021-07-31 01:10:11 bad
2021-07-31 01:10:12 CHB 1897471?1627665011 第 1 次 等待 3 秒
2021-07-31 01:10:15 CHB 1897471?1627665011 第 1 次 获取到号码【1897471】GSD
2021-07-31 01:10:15 获取到号码【1897471】的GSD为【湖南-衡阳】
2021-07-31 01:10:18 GSD insert 第 1 次 等待 3 秒
2021-07-31 01:10:21 {"status":"ok","gid":450350,"msg":"添加成功！"}
2021-07-31 01:10:21 下次操作: 2021-07-31 01:10:33

2021-07-31 01:10:33 开始第 14 次操作

2021-07-31 01:10:33 开始操作号码 【1897470】
2021-07-31 01:10:37 GSD getOne 第 1 次 等待 3 秒
2021-07-31 01:10:40 查询号码 【1897470】，返回信息 {"status":"bad","msg":""}
2021-07-31 01:10:40 查询号码 【1897470】，GSD为【""】
2021-07-31 01:10:40 bad
2021-07-31 01:10:41 CHB 1897470?1627665040 第 1 次 等待 3 秒
2021-07-31 01:10:44 CHB 1897470?1627665040 第 1 次 获取到号码【1897470】GSD
2021-07-31 01:10:44 获取到号码【1897470】的GSD为【湖南-衡阳】
2021-07-31 01:10:52 GSD insert 第 1 次 等待 3 秒
2021-07-31 01:10:55 {"status":"ok","gid":450359,"msg":"添加成功！"}
2021-07-31 01:10:55 下次操作: 2021-07-31 01:11:09

2021-07-31 01:11:09 开始第 15 次操作

2021-07-31 01:11:09 开始操作号码 【1897469】
2021-07-31 01:11:12 GSD getOne 第 1 次 等待 3 秒
2021-07-31 01:11:15 查询号码 【1897469】，返回信息 {"status":"bad","msg":""}
2021-07-31 01:11:15 查询号码 【1897469】，GSD为【""】
2021-07-31 01:11:15 bad
2021-07-31 01:11:17 CHB 1897469?1627665075 第 1 次 等待 3 秒
2021-07-31 01:11:20 CHB 1897469?1627665075 第 1 次 获取到号码【1897469】GSD
2021-07-31 01:11:20 获取到号码【1897469】的GSD为【湖南-永州】
2021-07-31 01:11:23 GSD insert 第 1 次 等待 3 秒
2021-07-31 01:11:26 {"status":"ok","gid":450367,"msg":"添加成功！"}
2021-07-31 01:11:26 下次操作: 2021-07-31 01:11:47

2021-07-31 01:11:47 开始第 16 次操作

2021-07-31 01:11:47 开始操作号码 【1897468】
2021-07-31 01:11:52 GSD getOne 第 1 次 等待 3 秒
2021-07-31 01:11:55 查询号码 【1897468】，返回信息 {"status":"bad","msg":""}
2021-07-31 01:11:55 查询号码 【1897468】，GSD为【""】
2021-07-31 01:11:55 bad
2021-07-31 01:11:57 CHB 1897468?1627665115 第 1 次 等待 3 秒
2021-07-31 01:12:00 CHB 1897468?1627665115 第 1 次 获取到号码【1897468】GSD
2021-07-31 01:12:00 获取到号码【1897468】的GSD为【湖南-永州】
2021-07-31 01:12:03 GSD insert 第 1 次 等待 3 秒
2021-07-31 01:12:06 {"status":"ok","gid":450377,"msg":"添加成功！"}
2021-07-31 01:12:06 下次操作: 2021-07-31 01:12:21

2021-07-31 01:12:21 开始第 17 次操作

2021-07-31 01:12:21 开始操作号码 【1897467】
2021-07-31 01:12:24 GSD getOne 第 1 次 等待 3 秒
2021-07-31 01:12:27 查询号码 【1897467】，返回信息 {"status":"ok","msg":"湖南-永州","gid":"45313","time_insert":"2020-06-05 13:38","time_update":"2020-09-24 09:58"}
2021-07-31 01:12:28 查询号码 【1897467】，GSD为【"湖南-永州"】

2021-07-31 01:12:28 开始第 17 次操作

2021-07-31 01:12:28 开始操作号码 【1897466】
2021-07-31 01:12:31 GSD getOne 第 1 次 等待 3 秒
2021-07-31 01:12:34 查询号码 【1897466】，返回信息 {"status":"bad","msg":""}
2021-07-31 01:12:35 查询号码 【1897466】，GSD为【""】
2021-07-31 01:12:35 bad
2021-07-31 01:12:36 CHB 1897466?1627665155 第 1 次 等待 3 秒
2021-07-31 01:12:39 CHB 1897466?1627665155 第 1 次 获取到号码【1897466】GSD
2021-07-31 01:12:39 获取到号码【1897466】的GSD为【湖南-永州】
2021-07-31 01:12:52 GSD insert 第 1 次 等待 3 秒
2021-07-31 01:12:55 {"status":"ok","gid":450386,"msg":"添加成功！"}
2021-07-31 01:12:55 下次操作: 2021-07-31 01:13:13

2021-07-31 01:13:13 开始第 18 次操作

2021-07-31 01:13:13 开始操作号码 【1897465】
2021-07-31 01:13:19 GSD getOne 第 1 次 等待 3 秒
2021-07-31 01:13:22 查询号码 【1897465】，返回信息 {"status":"bad","msg":""}
2021-07-31 01:13:22 查询号码 【1897465】，GSD为【""】
2021-07-31 01:13:22 bad
2021-07-31 01:13:24 CHB 1897465?1627665202 第 1 次 等待 3 秒
2021-07-31 01:13:27 CHB 1897465?1627665202 第 1 次 获取到号码【1897465】GSD
2021-07-31 01:13:27 获取到号码【1897465】的GSD为【湖南-永州】
2021-07-31 01:13:30 GSD insert 第 1 次 等待 3 秒
2021-07-31 01:13:33 {"status":"ok","gid":450396,"msg":"添加成功！"}
2021-07-31 01:13:33 下次操作: 2021-07-31 01:13:47

2021-07-31 01:13:47 开始第 19 次操作

2021-07-31 01:13:47 开始操作号码 【1897464】
2021-07-31 01:13:51 GSD getOne 第 1 次 等待 3 秒
2021-07-31 01:13:54 查询号码 【1897464】，返回信息 {"status":"ok","msg":"湖南-永州","gid":"45312","time_insert":"2018-10-29 14:02","time_update":"2020-09-24 09:47"}
2021-07-31 01:13:54 查询号码 【1897464】，GSD为【"湖南-永州"】

2021-07-31 01:13:54 开始第 19 次操作

2021-07-31 01:13:54 开始操作号码 【1897463】
2021-07-31 01:13:57 GSD getOne 第 1 次 等待 3 秒
2021-07-31 01:14:00 查询号码 【1897463】，返回信息 {"status":"bad","msg":""}
2021-07-31 01:14:01 查询号码 【1897463】，GSD为【""】
2021-07-31 01:14:01 bad
2021-07-31 01:14:02 CHB 1897463?1627665241 第 1 次 等待 3 秒
2021-07-31 01:14:05 CHB 1897463?1627665241 第 1 次 获取到号码【1897463】GSD
2021-07-31 01:14:05 获取到号码【1897463】的GSD为【湖南-永州】
2021-07-31 01:14:09 GSD insert 第 1 次 等待 3 秒
2021-07-31 01:14:12 {"status":"ok","gid":450405,"msg":"添加成功！"}
2021-07-31 01:14:12 下次操作: 2021-07-31 01:14:28

2021-07-31 01:14:28 开始第 20 次操作

2021-07-31 01:14:28 开始操作号码 【1897462】
2021-07-31 01:14:32 GSD getOne 第 1 次 等待 3 秒
2021-07-31 01:14:35 查询号码 【1897462】，返回信息 {"status":"bad","msg":""}
2021-07-31 01:14:35 查询号码 【1897462】，GSD为【""】
2021-07-31 01:14:35 bad
2021-07-31 01:14:36 CHB 1897462?1627665275 第 1 次 等待 3 秒
2021-07-31 01:14:40 CHB 1897462?1627665275 第 1 次 获取到号码【1897462】GSD
2021-07-31 01:14:40 获取到号码【1897462】的GSD为【湖南-永州】
2021-07-31 01:14:45 GSD insert 第 1 次 等待 3 秒
2021-07-31 01:14:48 {"status":"ok","gid":450415,"msg":"添加成功！"}
2021-07-31 01:14:48 下次操作: 2021-07-31 01:15:03

2021-07-31 01:15:03 开始第 21 次操作

2021-07-31 01:15:03 开始操作号码 【1897461】
2021-07-31 01:15:06 GSD getOne 第 1 次 等待 3 秒
2021-07-31 01:15:09 查询号码 【1897461】，返回信息 {"status":"bad","msg":""}
2021-07-31 01:15:09 查询号码 【1897461】，GSD为【""】
2021-07-31 01:15:09 bad
2021-07-31 01:15:11 CHB 1897461?1627665309 第 1 次 等待 3 秒
2021-07-31 01:15:14 CHB 1897461?1627665309 第 1 次 获取到号码【1897461】GSD
2021-07-31 01:15:14 获取到号码【1897461】的GSD为【湖南-永州】
2021-07-31 01:15:17 GSD insert 第 1 次 等待 3 秒
2021-07-31 01:15:20 {"status":"ok","gid":450425,"msg":"添加成功！"}
2021-07-31 01:15:20 下次操作: 2021-07-31 01:15:35

2021-07-31 01:15:35 开始第 22 次操作

2021-07-31 01:15:35 开始操作号码 【1897460】
2021-07-31 01:15:40 GSD getOne 第 1 次 等待 3 秒
2021-07-31 01:15:43 查询号码 【1897460】，返回信息 {"status":"bad","msg":""}
2021-07-31 01:15:43 查询号码 【1897460】，GSD为【""】
2021-07-31 01:15:43 bad
2021-07-31 01:15:45 CHB 1897460?1627665343 第 1 次 等待 3 秒
2021-07-31 01:15:48 CHB 1897460?1627665343 第 1 次 获取到号码【1897460】GSD
2021-07-31 01:15:48 获取到号码【1897460】的GSD为【湖南-永州】
2021-07-31 01:15:51 GSD insert 第 1 次 等待 3 秒
2021-07-31 01:15:54 {"status":"ok","gid":450430,"msg":"添加成功！"}
2021-07-31 01:15:54 下次操作: 2021-07-31 01:16:11

2021-07-31 01:16:11 开始第 23 次操作

2021-07-31 01:16:11 开始操作号码 【1897459】
2021-07-31 01:16:16 GSD getOne 第 1 次 等待 3 秒
2021-07-31 01:16:19 查询号码 【1897459】，返回信息 {"status":"bad","msg":""}
2021-07-31 01:16:20 查询号码 【1897459】，GSD为【""】
2021-07-31 01:16:20 bad
2021-07-31 01:16:21 CHB 1897459?1627665380 第 1 次 等待 3 秒
2021-07-31 01:16:24 CHB 1897459?1627665380 第 1 次 获取到号码【1897459】GSD
2021-07-31 01:16:24 获取到号码【1897459】的GSD为【湖南-怀化】
2021-07-31 01:16:30 GSD insert 第 1 次 等待 3 秒
2021-07-31 01:16:33 {"status":"ok","gid":450442,"msg":"添加成功！"}
2021-07-31 01:16:33 下次操作: 2021-07-31 01:16:55

2021-07-31 01:16:55 开始第 24 次操作

2021-07-31 01:16:55 开始操作号码 【1897458】
2021-07-31 01:16:58 GSD getOne 第 1 次 等待 3 秒
2021-07-31 01:17:01 查询号码 【1897458】，返回信息 {"status":"bad","msg":""}
2021-07-31 01:17:01 查询号码 【1897458】，GSD为【""】
2021-07-31 01:17:01 bad
2021-07-31 01:17:03 CHB 1897458?1627665421 第 1 次 等待 3 秒
2021-07-31 01:17:06 CHB 1897458?1627665421 第 1 次 获取到号码【1897458】GSD
2021-07-31 01:17:06 获取到号码【1897458】的GSD为【湖南-怀化】
2021-07-31 01:17:09 GSD insert 第 1 次 等待 3 秒
2021-07-31 01:17:12 {"status":"ok","gid":450451,"msg":"添加成功！"}
2021-07-31 01:17:12 下次操作: 2021-07-31 01:17:34

2021-07-31 01:17:34 开始第 25 次操作

2021-07-31 01:17:34 开始操作号码 【1897457】
2021-07-31 01:17:39 GSD getOne 第 1 次 等待 3 秒
2021-07-31 01:17:42 查询号码 【1897457】，返回信息 {"status":"bad","msg":""}
2021-07-31 01:17:42 查询号码 【1897457】，GSD为【""】
2021-07-31 01:17:42 bad
2021-07-31 01:17:44 CHB 1897457?1627665462 第 1 次 等待 3 秒
2021-07-31 01:17:47 CHB 1897457?1627665462 第 1 次 获取到号码【1897457】GSD
2021-07-31 01:17:47 获取到号码【1897457】的GSD为【湖南-怀化】
2021-07-31 01:17:50 GSD insert 第 1 次 等待 3 秒
2021-07-31 01:17:53 {"status":"ok","gid":450462,"msg":"添加成功！"}
2021-07-31 01:17:53 下次操作: 2021-07-31 01:18:13

2021-07-31 01:18:13 开始第 26 次操作

2021-07-31 01:18:13 开始操作号码 【1897456】
2021-07-31 01:18:18 GSD getOne 第 1 次 等待 3 秒
2021-07-31 01:18:21 查询号码 【1897456】，返回信息 {"status":"bad","msg":""}
2021-07-31 01:18:21 查询号码 【1897456】，GSD为【""】
2021-07-31 01:18:21 bad
2021-07-31 01:18:22 CHB 1897456?1627665501 第 1 次 等待 3 秒
2021-07-31 01:18:25 CHB 1897456?1627665501 第 1 次 获取到号码【1897456】GSD
2021-07-31 01:18:25 获取到号码【1897456】的GSD为【湖南-怀化】
2021-07-31 01:18:29 GSD insert 第 1 次 等待 3 秒
2021-07-31 01:18:32 {"status":"ok","gid":450471,"msg":"添加成功！"}
2021-07-31 01:18:32 下次操作: 2021-07-31 01:18:47

2021-07-31 01:18:47 开始第 27 次操作

2021-07-31 01:18:47 开始操作号码 【1897455】
2021-07-31 01:18:50 GSD getOne 第 1 次 等待 3 秒
2021-07-31 01:18:53 查询号码 【1897455】，返回信息 {"status":"bad","msg":""}
2021-07-31 01:18:54 查询号码 【1897455】，GSD为【""】
2021-07-31 01:18:54 bad
2021-07-31 01:18:55 CHB 1897455?1627665534 第 1 次 等待 3 秒
2021-07-31 01:18:58 CHB 1897455?1627665534 第 1 次 获取到号码【1897455】GSD
2021-07-31 01:18:58 获取到号码【1897455】的GSD为【湖南-怀化】
2021-07-31 01:19:01 GSD insert 第 1 次 等待 3 秒
2021-07-31 01:19:04 {"status":"ok","gid":450476,"msg":"添加成功！"}
2021-07-31 01:19:04 下次操作: 2021-07-31 01:19:18

2021-07-31 01:19:18 开始第 28 次操作

2021-07-31 01:19:18 开始操作号码 【1897454】
2021-07-31 01:19:22 GSD getOne 第 1 次 等待 3 秒
2021-07-31 01:19:25 查询号码 【1897454】，返回信息 {"status":"bad","msg":""}
2021-07-31 01:19:25 查询号码 【1897454】，GSD为【""】
2021-07-31 01:19:25 bad
2021-07-31 01:19:26 CHB 1897454?1627665565 第 1 次 等待 3 秒
2021-07-31 01:19:29 CHB 1897454?1627665565 第 1 次 获取到号码【1897454】GSD
2021-07-31 01:19:29 获取到号码【1897454】的GSD为【湖南-怀化】
2021-07-31 01:19:34 GSD insert 第 1 次 等待 3 秒
2021-07-31 01:19:37 {"status":"ok","gid":450485,"msg":"添加成功！"}
2021-07-31 01:19:37 下次操作: 2021-07-31 01:19:59

2021-07-31 01:19:59 开始第 29 次操作

2021-07-31 01:19:59 开始操作号码 【1897453】
2021-07-31 01:20:05 GSD getOne 第 1 次 等待 3 秒
2021-07-31 01:20:08 查询号码 【1897453】，返回信息 {"status":"bad","msg":""}
2021-07-31 01:20:08 查询号码 【1897453】，GSD为【""】
2021-07-31 01:20:08 bad
2021-07-31 01:20:09 CHB 1897453?1627665608 第 1 次 等待 3 秒
2021-07-31 01:20:12 CHB 1897453?1627665608 第 1 次 获取到号码【1897453】GSD
2021-07-31 01:20:12 获取到号码【1897453】的GSD为【湖南-怀化】
2021-07-31 01:20:16 GSD insert 第 1 次 等待 3 秒
2021-07-31 01:20:19 {"status":"ok","gid":450495,"msg":"添加成功！"}
2021-07-31 01:20:19 下次操作: 2021-07-31 01:20:38

2021-07-31 01:20:38 开始第 30 次操作

2021-07-31 01:20:38 开始操作号码 【1897452】
2021-07-31 01:20:41 GSD getOne 第 1 次 等待 3 秒
2021-07-31 01:20:44 查询号码 【1897452】，返回信息 {"status":"bad","msg":""}
2021-07-31 01:20:44 查询号码 【1897452】，GSD为【""】
2021-07-31 01:20:44 bad
2021-07-31 01:20:46 CHB 1897452?1627665644 第 1 次 等待 3 秒
2021-07-31 01:20:49 CHB 1897452?1627665644 第 1 次 获取到号码【1897452】GSD
2021-07-31 01:20:49 获取到号码【1897452】的GSD为【湖南-怀化】
2021-07-31 01:20:55 GSD insert 第 1 次 等待 3 秒
2021-07-31 01:20:58 {"status":"ok","gid":450504,"msg":"添加成功！"}
2021-07-31 01:20:58 下次操作: 2021-07-31 01:21:11

2021-07-31 01:21:11 开始第 31 次操作

2021-07-31 01:21:11 开始操作号码 【1897451】
2021-07-31 01:21:15 GSD getOne 第 1 次 等待 3 秒
2021-07-31 01:21:18 查询号码 【1897451】，返回信息 {"status":"bad","msg":""}
2021-07-31 01:21:18 查询号码 【1897451】，GSD为【""】
2021-07-31 01:21:18 bad
2021-07-31 01:21:19 CHB 1897451?1627665678 第 1 次 等待 3 秒
2021-07-31 01:21:22 CHB 1897451?1627665678 第 1 次 获取到号码【1897451】GSD
2021-07-31 01:21:22 获取到号码【1897451】的GSD为【湖南-怀化】
2021-07-31 01:21:26 GSD insert 第 1 次 等待 3 秒
2021-07-31 01:21:29 {"status":"ok","gid":450512,"msg":"添加成功！"}
2021-07-31 01:21:29 下次操作: 2021-07-31 01:21:47

2021-07-31 01:21:47 开始第 32 次操作

2021-07-31 01:21:47 开始操作号码 【1897450】
2021-07-31 01:21:50 GSD getOne 第 1 次 等待 3 秒
2021-07-31 01:21:53 查询号码 【1897450】，返回信息 {"status":"ok","msg":"湖南-怀化","gid":"45311","time_insert":"2018-07-14 08:52","time_update":"2020-09-24 09:42"}
2021-07-31 01:21:53 查询号码 【1897450】，GSD为【"湖南-怀化"】

2021-07-31 01:21:53 开始第 32 次操作

2021-07-31 01:21:53 开始操作号码 【1897449】
2021-07-31 01:21:57 GSD getOne 第 1 次 等待 3 秒
2021-07-31 01:22:00 查询号码 【1897449】，返回信息 {"status":"bad","msg":""}
2021-07-31 01:22:00 查询号码 【1897449】，GSD为【""】
2021-07-31 01:22:00 bad
2021-07-31 01:22:01 CHB 1897449?1627665720 第 1 次 等待 3 秒
2021-07-31 01:22:04 CHB 1897449?1627665720 第 1 次 获取到号码【1897449】GSD
2021-07-31 01:22:04 获取到号码【1897449】的GSD为【湖南-张家界】
2021-07-31 01:22:07 GSD insert 第 1 次 等待 3 秒
2021-07-31 01:22:10 {"status":"ok","gid":450521,"msg":"添加成功！"}
2021-07-31 01:22:10 下次操作: 2021-07-31 01:22:28

2021-07-31 01:22:28 开始第 33 次操作

2021-07-31 01:22:28 开始操作号码 【1897448】
2021-07-31 01:22:32 GSD getOne 第 1 次 等待 3 秒
2021-07-31 01:22:35 查询号码 【1897448】，返回信息 {"status":"ok","msg":"湖南-张家界","gid":"148248","time_insert":"2021-06-28 18:46","time_update":"2021-07-01 13:12"}
2021-07-31 01:22:35 查询号码 【1897448】，GSD为【"湖南-张家界"】

2021-07-31 01:22:35 开始第 33 次操作

2021-07-31 01:22:35 开始操作号码 【1897447】
2021-07-31 01:22:39 GSD getOne 第 1 次 等待 3 秒
2021-07-31 01:22:42 查询号码 【1897447】，返回信息 {"status":"bad","msg":""}
2021-07-31 01:22:42 查询号码 【1897447】，GSD为【""】
2021-07-31 01:22:42 bad
2021-07-31 01:22:44 CHB 1897447?1627665762 第 1 次 等待 3 秒
2021-07-31 01:22:47 CHB 1897447?1627665762 第 1 次 获取到号码【1897447】GSD
2021-07-31 01:22:47 获取到号码【1897447】的GSD为【湖南-张家界】
2021-07-31 01:22:50 GSD insert 第 1 次 等待 3 秒
2021-07-31 01:22:53 {"status":"ok","gid":450530,"msg":"添加成功！"}
2021-07-31 01:22:53 下次操作: 2021-07-31 01:23:05

2021-07-31 01:23:05 开始第 34 次操作

2021-07-31 01:23:05 开始操作号码 【1897446】
2021-07-31 01:23:09 GSD getOne 第 1 次 等待 3 秒
2021-07-31 01:23:12 查询号码 【1897446】，返回信息 {"status":"ok","msg":"湖南-张家界","gid":"45310","time_insert":"2019-01-28 10:00","time_update":"2020-09-24 08:55"}
2021-07-31 01:23:12 查询号码 【1897446】，GSD为【"湖南-张家界"】

2021-07-31 01:23:12 开始第 34 次操作

2021-07-31 01:23:12 开始操作号码 【1897445】
2021-07-31 01:23:16 GSD getOne 第 1 次 等待 3 秒
2021-07-31 01:23:19 查询号码 【1897445】，返回信息 {"status":"bad","msg":""}
2021-07-31 01:23:19 查询号码 【1897445】，GSD为【""】
2021-07-31 01:23:19 bad
2021-07-31 01:23:20 CHB 1897445?1627665799 第 1 次 等待 3 秒
2021-07-31 01:23:23 CHB 1897445?1627665799 第 1 次 获取到号码【1897445】GSD
2021-07-31 01:23:23 获取到号码【1897445】的GSD为【湖南-张家界】
2021-07-31 01:23:27 GSD insert 第 1 次 等待 3 秒
2021-07-31 01:23:30 {"status":"ok","gid":450539,"msg":"添加成功！"}
2021-07-31 01:23:30 下次操作: 2021-07-31 01:23:49

2021-07-31 01:23:49 开始第 35 次操作

2021-07-31 01:23:49 开始操作号码 【1897444】
2021-07-31 01:23:55 GSD getOne 第 1 次 等待 3 秒
2021-07-31 01:23:58 查询号码 【1897444】，返回信息 {"status":"bad","msg":""}
2021-07-31 01:23:58 查询号码 【1897444】，GSD为【""】
2021-07-31 01:23:58 bad
2021-07-31 01:24:00 CHB 1897444?1627665838 第 1 次 等待 3 秒
2021-07-31 01:24:03 CHB 1897444?1627665838 第 1 次 获取到号码【1897444】GSD
2021-07-31 01:24:03 获取到号码【1897444】的GSD为【湖南-张家界】
2021-07-31 01:24:06 GSD insert 第 1 次 等待 3 秒
2021-07-31 01:24:09 {"status":"ok","gid":450549,"msg":"添加成功！"}
2021-07-31 01:24:09 下次操作: 2021-07-31 01:24:29

2021-07-31 01:24:29 开始第 36 次操作

2021-07-31 01:24:29 开始操作号码 【1897443】
2021-07-31 01:24:32 GSD getOne 第 1 次 等待 3 秒
2021-07-31 01:24:35 查询号码 【1897443】，返回信息 {"status":"bad","msg":""}
2021-07-31 01:24:35 查询号码 【1897443】，GSD为【""】
2021-07-31 01:24:35 bad
2021-07-31 01:24:37 CHB 1897443?1627665875 第 1 次 等待 3 秒
2021-07-31 01:24:40 CHB 1897443?1627665875 第 1 次 获取到号码【1897443】GSD
2021-07-31 01:24:40 获取到号码【1897443】的GSD为【湖南-张家界】
2021-07-31 01:24:46 GSD insert 第 1 次 等待 3 秒
2021-07-31 01:24:49 {"status":"ok","gid":450556,"msg":"添加成功！"}
2021-07-31 01:24:49 下次操作: 2021-07-31 01:25:01

2021-07-31 01:25:01 开始第 37 次操作

2021-07-31 01:25:01 开始操作号码 【1897442】
2021-07-31 01:25:04 GSD getOne 第 1 次 等待 3 秒
2021-07-31 01:25:08 查询号码 【1897442】，返回信息 {"status":"bad","msg":""}
2021-07-31 01:25:08 查询号码 【1897442】，GSD为【""】
2021-07-31 01:25:08 bad
2021-07-31 01:25:09 CHB 1897442?1627665908 第 1 次 等待 3 秒
2021-07-31 01:25:12 CHB 1897442?1627665908 第 1 次 获取到号码【1897442】GSD
2021-07-31 01:25:12 获取到号码【1897442】的GSD为【湖南-张家界】
2021-07-31 01:25:19 GSD insert 第 1 次 等待 3 秒
2021-07-31 01:25:22 {"status":"ok","gid":450566,"msg":"添加成功！"}
2021-07-31 01:25:22 下次操作: 2021-07-31 01:25:37

2021-07-31 01:25:37 开始第 38 次操作

2021-07-31 01:25:37 开始操作号码 【1897441】
2021-07-31 01:25:41 GSD getOne 第 1 次 等待 3 秒
2021-07-31 01:25:44 查询号码 【1897441】，返回信息 {"status":"bad","msg":""}
2021-07-31 01:25:44 查询号码 【1897441】，GSD为【""】
2021-07-31 01:25:44 bad
2021-07-31 01:25:45 CHB 1897441?1627665944 第 1 次 等待 3 秒
2021-07-31 01:25:48 CHB 1897441?1627665944 第 1 次 获取到号码【1897441】GSD
2021-07-31 01:25:48 获取到号码【1897441】的GSD为【湖南-张家界】
2021-07-31 01:25:52 GSD insert 第 1 次 等待 3 秒
2021-07-31 01:25:55 {"status":"ok","gid":450574,"msg":"添加成功！"}
2021-07-31 01:25:55 下次操作: 2021-07-31 01:26:14

2021-07-31 01:26:14 开始第 39 次操作

2021-07-31 01:26:14 开始操作号码 【1897440】
2021-07-31 01:26:17 GSD getOne 第 1 次 等待 3 秒
2021-07-31 01:26:20 查询号码 【1897440】，返回信息 {"status":"bad","msg":""}
2021-07-31 01:26:21 查询号码 【1897440】，GSD为【""】
2021-07-31 01:26:21 bad
2021-07-31 01:26:22 CHB 1897440?1627665981 第 1 次 等待 3 秒
2021-07-31 01:26:25 CHB 1897440?1627665981 第 1 次 获取到号码【1897440】GSD
2021-07-31 01:26:25 获取到号码【1897440】的GSD为【湖南-张家界】
2021-07-31 01:26:28 GSD insert 第 1 次 等待 3 秒
2021-07-31 01:26:31 {"status":"ok","gid":450582,"msg":"添加成功！"}
2021-07-31 01:26:31 下次操作: 2021-07-31 01:26:47

2021-07-31 01:26:47 开始第 40 次操作

2021-07-31 01:26:47 开始操作号码 【1897439】
2021-07-31 01:26:50 GSD getOne 第 1 次 等待 3 秒
2021-07-31 01:26:53 查询号码 【1897439】，返回信息 {"status":"bad","msg":""}
2021-07-31 01:26:54 查询号码 【1897439】，GSD为【""】
2021-07-31 01:26:54 bad
2021-07-31 01:26:55 CHB 1897439?1627666014 第 1 次 等待 3 秒
2021-07-31 01:26:58 CHB 1897439?1627666014 第 1 次 获取到号码【1897439】GSD
2021-07-31 01:26:58 获取到号码【1897439】的GSD为【湖南-吉首】
2021-07-31 01:27:13 GSD insert 第 1 次 等待 3 秒
2021-07-31 01:27:16 {"status":"ok","gid":450588,"msg":"添加成功！"}

2021-07-31 01:42:40 开始第 1 次操作

2021-07-31 01:42:40 开始操作号码 【1897438】
2021-07-31 01:42:45 GSD getOne 第 1 次 等待 3 秒
2021-07-31 01:42:48 查询号码 【1897438】，返回信息 {"status":"bad","msg":""}
2021-07-31 01:42:48 查询号码 【1897438】，GSD为【""】
2021-07-31 01:42:48 bad
2021-07-31 01:42:50 CHB 1897438?1627666968 第 1 次 等待 3 秒
2021-07-31 01:42:53 CHB 1897438?1627666968 第 1 次 获取到号码【1897438】GSD
2021-07-31 01:42:53 获取到号码【1897438】的GSD为【湖南-吉首】
2021-07-31 01:42:59 GSD insert 第 1 次 等待 3 秒
2021-07-31 01:43:03 {"status":"ok","gid":450669,"msg":"添加成功！"}
2021-07-31 01:43:03 下次操作: 2021-07-31 01:43:18

2021-07-31 01:43:18 开始第 2 次操作

2021-07-31 01:43:18 开始操作号码 【1897437】
2021-07-31 01:43:21 GSD getOne 第 1 次 等待 3 秒
2021-07-31 01:43:24 查询号码 【1897437】，返回信息 {"status":"bad","msg":""}
2021-07-31 01:43:24 查询号码 【1897437】，GSD为【""】
2021-07-31 01:43:24 bad
2021-07-31 01:43:26 CHB 1897437?1627667004 第 1 次 等待 3 秒
2021-07-31 01:43:29 CHB 1897437?1627667004 第 1 次 获取到号码【1897437】GSD
2021-07-31 01:43:29 获取到号码【1897437】的GSD为【湖南-吉首】
2021-07-31 01:43:32 GSD insert 第 1 次 等待 3 秒
2021-07-31 01:43:35 {"status":"ok","gid":450676,"msg":"添加成功！"}
2021-07-31 01:43:35 下次操作: 2021-07-31 01:43:59

2021-07-31 01:43:59 开始第 3 次操作

2021-07-31 01:43:59 开始操作号码 【1897436】
2021-07-31 01:44:05 GSD getOne 第 1 次 等待 3 秒
2021-07-31 01:44:08 查询号码 【1897436】，返回信息 {"status":"bad","msg":""}
2021-07-31 01:44:08 查询号码 【1897436】，GSD为【""】
2021-07-31 01:44:08 bad
2021-07-31 01:44:10 CHB 1897436?1627667048 第 1 次 等待 3 秒
2021-07-31 01:44:13 CHB 1897436?1627667048 第 1 次 获取到号码【1897436】GSD
2021-07-31 01:44:13 获取到号码【1897436】的GSD为【湖南-吉首】
2021-07-31 01:44:16 GSD insert 第 1 次 等待 3 秒
2021-07-31 01:44:19 {"status":"ok","gid":450689,"msg":"添加成功！"}
2021-07-31 01:44:19 下次操作: 2021-07-31 01:44:36

2021-07-31 01:44:36 开始第 4 次操作

2021-07-31 01:44:36 开始操作号码 【1897435】
2021-07-31 01:44:43 GSD getOne 第 1 次 等待 3 秒
2021-07-31 01:44:46 查询号码 【1897435】，返回信息 {"status":"bad","msg":""}
2021-07-31 01:44:46 查询号码 【1897435】，GSD为【""】
2021-07-31 01:44:46 bad
2021-07-31 01:44:48 CHB 1897435?1627667086 第 1 次 等待 3 秒
2021-07-31 01:44:51 CHB 1897435?1627667086 第 1 次 获取到号码【1897435】GSD
2021-07-31 01:44:51 获取到号码【1897435】的GSD为【湖南-吉首】
2021-07-31 01:44:57 GSD insert 第 1 次 等待 3 秒
2021-07-31 01:45:00 {"status":"ok","gid":450701,"msg":"添加成功！"}
2021-07-31 01:45:00 下次操作: 2021-07-31 01:45:15

2021-07-31 01:45:15 开始第 5 次操作

2021-07-31 01:45:15 开始操作号码 【1897434】
2021-07-31 01:45:18 GSD getOne 第 1 次 等待 3 秒
2021-07-31 01:45:21 查询号码 【1897434】，返回信息 {"status":"bad","msg":""}
2021-07-31 01:45:21 查询号码 【1897434】，GSD为【""】
2021-07-31 01:45:21 bad
2021-07-31 01:45:23 CHB 1897434?1627667121 第 1 次 等待 3 秒
2021-07-31 01:45:26 CHB 1897434?1627667121 第 1 次 获取到号码【1897434】GSD
2021-07-31 01:45:26 获取到号码【1897434】的GSD为【湖南-吉首】
2021-07-31 01:45:30 GSD insert 第 1 次 等待 3 秒
2021-07-31 01:45:33 {"status":"ok","gid":450710,"msg":"添加成功！"}
2021-07-31 01:45:33 下次操作: 2021-07-31 01:45:51

2021-07-31 01:45:51 开始第 6 次操作

2021-07-31 01:45:51 开始操作号码 【1897433】
2021-07-31 01:45:55 GSD getOne 第 1 次 等待 3 秒
2021-07-31 01:45:58 查询号码 【1897433】，返回信息 {"status":"bad","msg":""}
2021-07-31 01:45:58 查询号码 【1897433】，GSD为【""】
2021-07-31 01:45:58 bad
2021-07-31 01:45:59 CHB 1897433?1627667158 第 1 次 等待 3 秒
2021-07-31 01:46:02 CHB 1897433?1627667158 第 1 次 获取到号码【1897433】GSD
2021-07-31 01:46:02 获取到号码【1897433】的GSD为【湖南-吉首】
2021-07-31 01:46:08 GSD insert 第 1 次 等待 3 秒
2021-07-31 01:46:11 {"status":"ok","gid":450721,"msg":"添加成功！"}
2021-07-31 01:46:11 下次操作: 2021-07-31 01:46:25

2021-07-31 01:46:25 开始第 7 次操作

2021-07-31 01:46:25 开始操作号码 【1897432】
2021-07-31 01:46:28 GSD getOne 第 1 次 等待 3 秒
2021-07-31 01:46:31 查询号码 【1897432】，返回信息 {"status":"bad","msg":""}
2021-07-31 01:46:31 查询号码 【1897432】，GSD为【""】
2021-07-31 01:46:31 bad
2021-07-31 01:46:33 CHB 1897432?1627667191 第 1 次 等待 3 秒
2021-07-31 01:46:36 CHB 1897432?1627667191 第 1 次 获取到号码【1897432】GSD
2021-07-31 01:46:36 获取到号码【1897432】的GSD为【湖南-吉首】
2021-07-31 01:46:40 GSD insert 第 1 次 等待 3 秒
2021-07-31 01:46:43 {"status":"ok","gid":450728,"msg":"添加成功！"}
2021-07-31 01:46:43 下次操作: 2021-07-31 01:46:59

2021-07-31 01:46:59 开始第 8 次操作

2021-07-31 01:46:59 开始操作号码 【1897431】
2021-07-31 01:47:03 GSD getOne 第 1 次 等待 3 秒
2021-07-31 01:47:06 查询号码 【1897431】，返回信息 {"status":"bad","msg":""}
2021-07-31 01:47:06 查询号码 【1897431】，GSD为【""】
2021-07-31 01:47:06 bad
2021-07-31 01:47:07 CHB 1897431?1627667226 第 1 次 等待 3 秒
2021-07-31 01:47:10 CHB 1897431?1627667226 第 1 次 获取到号码【1897431】GSD
2021-07-31 01:47:11 获取到号码【1897431】的GSD为【湖南-吉首】
2021-07-31 01:47:14 GSD insert 第 1 次 等待 3 秒
2021-07-31 01:47:17 {"status":"ok","gid":450739,"msg":"添加成功！"}
2021-07-31 01:47:17 下次操作: 2021-07-31 01:47:31

2021-07-31 01:47:31 开始第 9 次操作

2021-07-31 01:47:31 开始操作号码 【1897430】
2021-07-31 01:47:35 GSD getOne 第 1 次 等待 3 秒
2021-07-31 01:47:38 查询号码 【1897430】，返回信息 {"status":"bad","msg":""}
2021-07-31 01:47:38 查询号码 【1897430】，GSD为【""】
2021-07-31 01:47:38 bad
2021-07-31 01:47:39 CHB 1897430?1627667258 第 1 次 等待 3 秒
2021-07-31 01:47:42 CHB 1897430?1627667258 第 1 次 获取到号码【1897430】GSD
2021-07-31 01:47:42 获取到号码【1897430】的GSD为【湖南-吉首】
2021-07-31 01:47:46 GSD insert 第 1 次 等待 3 秒
2021-07-31 01:47:49 {"status":"ok","gid":450747,"msg":"添加成功！"}
2021-07-31 01:47:49 下次操作: 2021-07-31 01:48:06

2021-07-31 01:48:06 开始第 10 次操作

2021-07-31 01:48:06 开始操作号码 【1897429】
2021-07-31 01:48:09 GSD getOne 第 1 次 等待 3 秒
2021-07-31 01:48:12 查询号码 【1897429】，返回信息 {"status":"bad","msg":""}
2021-07-31 01:48:12 查询号码 【1897429】，GSD为【""】
2021-07-31 01:48:12 bad
2021-07-31 01:48:14 CHB 1897429?1627667292 第 1 次 等待 3 秒
2021-07-31 01:48:17 CHB 1897429?1627667292 第 1 次 获取到号码【1897429】GSD
2021-07-31 01:48:17 获取到号码【1897429】的GSD为【湖南-常德】
2021-07-31 01:48:23 GSD insert 第 1 次 等待 3 秒
2021-07-31 01:48:26 {"status":"ok","gid":450759,"msg":"添加成功！"}
2021-07-31 01:48:26 下次操作: 2021-07-31 01:48:49

2021-07-31 01:48:49 开始第 11 次操作

2021-07-31 01:48:49 开始操作号码 【1897428】
2021-07-31 01:48:53 GSD getOne 第 1 次 等待 3 秒
2021-07-31 01:48:56 查询号码 【1897428】，返回信息 {"status":"bad","msg":""}
2021-07-31 01:48:56 查询号码 【1897428】，GSD为【""】
2021-07-31 01:48:56 bad
2021-07-31 01:48:57 CHB 1897428?1627667336 第 1 次 等待 3 秒
2021-07-31 01:49:00 CHB 1897428?1627667336 第 1 次 获取到号码【1897428】GSD
2021-07-31 01:49:00 获取到号码【1897428】的GSD为【湖南-常德】
2021-07-31 01:49:04 GSD insert 第 1 次 等待 3 秒
2021-07-31 01:49:07 {"status":"ok","gid":450772,"msg":"添加成功！"}
2021-07-31 01:49:07 下次操作: 2021-07-31 01:49:27

2021-07-31 01:49:27 开始第 12 次操作

2021-07-31 01:49:27 开始操作号码 【1897427】
2021-07-31 01:49:30 GSD getOne 第 1 次 等待 3 秒
2021-07-31 01:49:33 查询号码 【1897427】，返回信息 {"status":"bad","msg":""}
2021-07-31 01:49:33 查询号码 【1897427】，GSD为【""】
2021-07-31 01:49:33 bad
2021-07-31 01:49:35 CHB 1897427?1627667373 第 1 次 等待 3 秒
2021-07-31 01:49:38 CHB 1897427?1627667373 第 1 次 获取到号码【1897427】GSD
2021-07-31 01:49:38 获取到号码【1897427】的GSD为【湖南-常德】
2021-07-31 01:49:41 GSD insert 第 1 次 等待 3 秒
2021-07-31 01:49:44 {"status":"ok","gid":450782,"msg":"添加成功！"}
2021-07-31 01:49:44 下次操作: 2021-07-31 01:50:01

2021-07-31 01:50:01 开始第 13 次操作

2021-07-31 01:50:01 开始操作号码 【1897426】
2021-07-31 01:50:04 GSD getOne 第 1 次 等待 3 秒
2021-07-31 01:50:07 查询号码 【1897426】，返回信息 {"status":"bad","msg":""}
2021-07-31 01:50:08 查询号码 【1897426】，GSD为【""】
2021-07-31 01:50:08 bad
2021-07-31 01:50:09 CHB 1897426?1627667408 第 1 次 等待 3 秒
2021-07-31 01:50:12 CHB 1897426?1627667408 第 1 次 获取到号码【1897426】GSD
2021-07-31 01:50:12 获取到号码【1897426】的GSD为【湖南-常德】
2021-07-31 01:50:15 GSD insert 第 1 次 等待 3 秒
2021-07-31 01:50:18 {"status":"ok","gid":450794,"msg":"添加成功！"}
2021-07-31 01:50:18 下次操作: 2021-07-31 01:50:41

2021-07-31 01:50:41 开始第 14 次操作

2021-07-31 01:50:41 开始操作号码 【1897425】
2021-07-31 01:50:44 GSD getOne 第 1 次 等待 3 秒
2021-07-31 01:50:47 查询号码 【1897425】，返回信息 {"status":"bad","msg":""}
2021-07-31 01:50:47 查询号码 【1897425】，GSD为【""】
2021-07-31 01:50:47 bad
2021-07-31 01:50:49 CHB 1897425?1627667447 第 1 次 等待 3 秒
2021-07-31 01:50:52 CHB 1897425?1627667447 第 1 次 获取到号码【1897425】GSD
2021-07-31 01:50:52 获取到号码【1897425】的GSD为【湖南-常德】
2021-07-31 01:50:55 GSD insert 第 1 次 等待 3 秒
2021-07-31 01:50:58 {"status":"ok","gid":450802,"msg":"添加成功！"}
2021-07-31 01:50:58 下次操作: 2021-07-31 01:51:16

2021-07-31 01:51:16 开始第 15 次操作

2021-07-31 01:51:16 开始操作号码 【1897424】
2021-07-31 01:51:20 GSD getOne 第 1 次 等待 3 秒
2021-07-31 01:51:23 查询号码 【1897424】，返回信息 {"status":"bad","msg":""}
2021-07-31 01:51:23 查询号码 【1897424】，GSD为【""】
2021-07-31 01:51:23 bad
2021-07-31 01:51:25 CHB 1897424?1627667483 第 1 次 等待 3 秒
2021-07-31 01:51:28 CHB 1897424?1627667483 第 1 次 获取到号码【1897424】GSD
2021-07-31 01:51:28 获取到号码【1897424】的GSD为【湖南-常德】
2021-07-31 01:51:32 GSD insert 第 1 次 等待 3 秒
2021-07-31 01:51:35 {"status":"ok","gid":450813,"msg":"添加成功！"}
2021-07-31 01:51:35 下次操作: 2021-07-31 01:51:47

2021-07-31 01:51:47 开始第 16 次操作

2021-07-31 01:51:47 开始操作号码 【1897423】
2021-07-31 01:51:52 GSD getOne 第 1 次 等待 3 秒
2021-07-31 01:51:55 查询号码 【1897423】，返回信息 {"status":"ok","msg":"湖南-常德","gid":"45309","time_insert":"2017-05-19 08:20","time_update":"2020-09-24 08:59"}
2021-07-31 01:51:55 查询号码 【1897423】，GSD为【"湖南-常德"】

2021-07-31 01:51:55 开始第 16 次操作

2021-07-31 01:51:55 开始操作号码 【1897422】
2021-07-31 01:52:00 GSD getOne 第 1 次 等待 3 秒
2021-07-31 01:52:03 查询号码 【1897422】，返回信息 {"status":"bad","msg":""}
2021-07-31 01:52:03 查询号码 【1897422】，GSD为【""】
2021-07-31 01:52:03 bad
2021-07-31 01:52:05 CHB 1897422?1627667523 第 1 次 等待 3 秒
2021-07-31 01:52:08 CHB 1897422?1627667523 第 1 次 获取到号码【1897422】GSD
2021-07-31 01:52:08 获取到号码【1897422】的GSD为【湖南-常德】
2021-07-31 01:52:13 GSD insert 第 1 次 等待 3 秒
2021-07-31 01:52:16 {"status":"ok","gid":450824,"msg":"添加成功！"}
2021-07-31 01:52:16 下次操作: 2021-07-31 01:52:32

2021-07-31 01:52:32 开始第 17 次操作

2021-07-31 01:52:32 开始操作号码 【1897421】
2021-07-31 01:52:36 GSD getOne 第 1 次 等待 3 秒
2021-07-31 01:52:39 查询号码 【1897421】，返回信息 {"status":"bad","msg":""}
2021-07-31 01:52:39 查询号码 【1897421】，GSD为【""】
2021-07-31 01:52:39 bad
2021-07-31 01:52:41 CHB 1897421?1627667559 第 1 次 等待 3 秒
2021-07-31 01:52:44 CHB 1897421?1627667559 第 1 次 获取到号码【1897421】GSD
2021-07-31 01:52:44 获取到号码【1897421】的GSD为【湖南-常德】
2021-07-31 01:52:47 GSD insert 第 1 次 等待 3 秒
2021-07-31 01:52:50 {"status":"ok","gid":450834,"msg":"添加成功！"}
2021-07-31 01:52:50 下次操作: 2021-07-31 01:53:10

2021-07-31 01:53:10 开始第 18 次操作

2021-07-31 01:53:10 开始操作号码 【1897420】
2021-07-31 01:53:14 GSD getOne 第 1 次 等待 3 秒
2021-07-31 01:53:17 查询号码 【1897420】，返回信息 {"status":"bad","msg":""}
2021-07-31 01:53:17 查询号码 【1897420】，GSD为【""】
2021-07-31 01:53:17 bad
2021-07-31 01:53:18 CHB 1897420?1627667597 第 1 次 等待 3 秒
2021-07-31 01:53:21 CHB 1897420?1627667597 第 1 次 获取到号码【1897420】GSD
2021-07-31 01:53:21 获取到号码【1897420】的GSD为【湖南-常德】
2021-07-31 01:53:25 GSD insert 第 1 次 等待 3 秒
2021-07-31 01:53:28 {"status":"ok","gid":450847,"msg":"添加成功！"}
2021-07-31 01:53:28 下次操作: 2021-07-31 01:53:40

2021-07-31 01:53:40 开始第 19 次操作

2021-07-31 01:53:40 开始操作号码 【1897419】
2021-07-31 01:53:45 GSD getOne 第 1 次 等待 3 秒
2021-07-31 01:53:48 查询号码 【1897419】，返回信息 {"status":"bad","msg":""}
2021-07-31 01:53:48 查询号码 【1897419】，GSD为【""】
2021-07-31 01:53:48 bad
2021-07-31 01:53:49 CHB 1897419?1627667628 第 1 次 等待 3 秒
2021-07-31 01:53:52 CHB 1897419?1627667628 第 1 次 获取到号码【1897419】GSD
2021-07-31 01:53:52 获取到号码【1897419】的GSD为【湖南-株洲】
2021-07-31 01:53:55 GSD insert 第 1 次 等待 3 秒
2021-07-31 01:53:58 {"status":"ok","gid":450853,"msg":"添加成功！"}
2021-07-31 01:53:58 下次操作: 2021-07-31 01:54:15

2021-07-31 01:54:15 开始第 20 次操作

2021-07-31 01:54:15 开始操作号码 【1897418】
2021-07-31 01:54:20 GSD getOne 第 1 次 等待 3 秒
2021-07-31 01:54:23 查询号码 【1897418】，返回信息 {"status":"bad","msg":""}
2021-07-31 01:54:23 查询号码 【1897418】，GSD为【""】
2021-07-31 01:54:23 bad
2021-07-31 01:54:24 CHB 1897418?1627667663 第 1 次 等待 3 秒
2021-07-31 01:54:27 CHB 1897418?1627667663 第 1 次 获取到号码【1897418】GSD
2021-07-31 01:54:27 获取到号码【1897418】的GSD为【湖南-株洲】
2021-07-31 01:54:31 GSD insert 第 1 次 等待 3 秒
2021-07-31 01:54:34 {"status":"ok","gid":450862,"msg":"添加成功！"}
2021-07-31 01:54:34 下次操作: 2021-07-31 01:54:48

2021-07-31 01:54:48 开始第 21 次操作

2021-07-31 01:54:48 开始操作号码 【1897417】
2021-07-31 01:54:54 GSD getOne 第 1 次 等待 3 秒
2021-07-31 01:54:57 查询号码 【1897417】，返回信息 {"status":"bad","msg":""}
2021-07-31 01:54:57 查询号码 【1897417】，GSD为【""】
2021-07-31 01:54:57 bad
2021-07-31 01:54:59 CHB 1897417?1627667697 第 1 次 等待 3 秒
2021-07-31 01:55:02 CHB 1897417?1627667697 第 1 次 获取到号码【1897417】GSD
2021-07-31 01:55:02 获取到号码【1897417】的GSD为【湖南-株洲】
2021-07-31 01:55:05 GSD insert 第 1 次 等待 3 秒
2021-07-31 01:55:08 {"status":"ok","gid":450872,"msg":"添加成功！"}
2021-07-31 01:55:08 下次操作: 2021-07-31 01:55:28

2021-07-31 01:55:28 开始第 22 次操作

2021-07-31 01:55:28 开始操作号码 【1897416】
2021-07-31 01:55:32 GSD getOne 第 1 次 等待 3 秒
2021-07-31 01:55:35 查询号码 【1897416】，返回信息 {"status":"bad","msg":""}
2021-07-31 01:55:35 查询号码 【1897416】，GSD为【""】
2021-07-31 01:55:35 bad
2021-07-31 01:55:37 CHB 1897416?1627667735 第 1 次 等待 3 秒
2021-07-31 01:55:40 CHB 1897416?1627667735 第 1 次 获取到号码【1897416】GSD
2021-07-31 01:55:40 获取到号码【1897416】的GSD为【湖南-株洲】
2021-07-31 01:55:43 GSD insert 第 1 次 等待 3 秒
2021-07-31 01:55:46 {"status":"ok","gid":450882,"msg":"添加成功！"}
2021-07-31 01:55:46 下次操作: 2021-07-31 01:55:58

2021-07-31 01:55:58 开始第 23 次操作

2021-07-31 01:55:58 开始操作号码 【1897415】
2021-07-31 01:56:01 GSD getOne 第 1 次 等待 3 秒
2021-07-31 01:56:04 查询号码 【1897415】，返回信息 {"status":"bad","msg":""}
2021-07-31 01:56:04 查询号码 【1897415】，GSD为【""】
2021-07-31 01:56:04 bad
2021-07-31 01:56:06 CHB 1897415?1627667765 第 1 次 等待 3 秒
2021-07-31 01:56:09 CHB 1897415?1627667765 第 1 次 获取到号码【1897415】GSD
2021-07-31 01:56:09 获取到号码【1897415】的GSD为【湖南-株洲】
2021-07-31 01:56:12 GSD insert 第 1 次 等待 3 秒
2021-07-31 01:56:15 {"status":"ok","gid":450893,"msg":"添加成功！"}
2021-07-31 01:56:15 下次操作: 2021-07-31 01:56:36

2021-07-31 01:56:36 开始第 24 次操作

2021-07-31 01:56:36 开始操作号码 【1897414】
2021-07-31 01:56:42 GSD getOne 第 1 次 等待 3 秒
2021-07-31 01:56:45 查询号码 【1897414】，返回信息 {"status":"bad","msg":""}
2021-07-31 01:56:45 查询号码 【1897414】，GSD为【""】
2021-07-31 01:56:45 bad
2021-07-31 01:56:46 CHB 1897414?1627667805 第 1 次 等待 3 秒
2021-07-31 01:56:49 CHB 1897414?1627667805 第 1 次 获取到号码【1897414】GSD
2021-07-31 01:56:49 获取到号码【1897414】的GSD为【湖南-株洲】
2021-07-31 01:56:53 GSD insert 第 1 次 等待 3 秒
2021-07-31 01:56:56 {"status":"ok","gid":450903,"msg":"添加成功！"}
2021-07-31 01:56:56 下次操作: 2021-07-31 01:57:19

2021-07-31 01:57:19 开始第 25 次操作

2021-07-31 01:57:19 开始操作号码 【1897413】
2021-07-31 01:57:23 GSD getOne 第 1 次 等待 3 秒
2021-07-31 01:57:26 查询号码 【1897413】，返回信息 {"status":"bad","msg":""}
2021-07-31 01:57:26 查询号码 【1897413】，GSD为【""】
2021-07-31 01:57:26 bad
2021-07-31 01:57:28 CHB 1897413?1627667846 第 1 次 等待 3 秒
2021-07-31 01:57:31 CHB 1897413?1627667846 第 1 次 获取到号码【1897413】GSD
2021-07-31 01:57:31 获取到号码【1897413】的GSD为【湖南-株洲】
2021-07-31 01:57:34 GSD insert 第 1 次 等待 3 秒
2021-07-31 01:57:37 {"status":"ok","gid":450914,"msg":"添加成功！"}
2021-07-31 01:57:37 下次操作: 2021-07-31 01:57:50

2021-07-31 01:57:50 开始第 26 次操作

2021-07-31 01:57:50 开始操作号码 【1897412】
2021-07-31 01:57:53 GSD getOne 第 1 次 等待 3 秒
2021-07-31 01:57:56 查询号码 【1897412】，返回信息 {"status":"bad","msg":""}
2021-07-31 01:57:57 查询号码 【1897412】，GSD为【""】
2021-07-31 01:57:57 bad
2021-07-31 01:57:58 CHB 1897412?1627667877 第 1 次 等待 3 秒
2021-07-31 01:58:01 CHB 1897412?1627667877 第 1 次 获取到号码【1897412】GSD
2021-07-31 01:58:01 获取到号码【1897412】的GSD为【湖南-株洲】
2021-07-31 01:58:04 GSD insert 第 1 次 等待 3 秒
2021-07-31 01:58:07 {"status":"ok","gid":450923,"msg":"添加成功！"}
2021-07-31 01:58:07 下次操作: 2021-07-31 01:58:28

2021-07-31 01:58:28 开始第 27 次操作

2021-07-31 01:58:28 开始操作号码 【1897411】
2021-07-31 01:58:32 GSD getOne 第 1 次 等待 3 秒
2021-07-31 01:58:35 查询号码 【1897411】，返回信息 {"status":"ok","msg":"湖南-株洲","gid":"45308","time_insert":"2015-10-11 20:06","time_update":"2020-09-24 05:07"}
2021-07-31 01:58:35 查询号码 【1897411】，GSD为【"湖南-株洲"】

2021-07-31 01:58:35 开始第 27 次操作

2021-07-31 01:58:35 开始操作号码 【1897410】
2021-07-31 01:58:39 GSD getOne 第 1 次 等待 3 秒
2021-07-31 01:58:42 查询号码 【1897410】，返回信息 {"status":"bad","msg":""}
2021-07-31 01:58:42 查询号码 【1897410】，GSD为【""】
2021-07-31 01:58:42 bad
2021-07-31 01:58:43 CHB 1897410?1627667922 第 1 次 等待 3 秒
2021-07-31 01:58:46 CHB 1897410?1627667922 第 1 次 获取到号码【1897410】GSD
2021-07-31 01:58:46 获取到号码【1897410】的GSD为【湖南-株洲】
2021-07-31 01:58:50 GSD insert 第 1 次 等待 3 秒
2021-07-31 01:58:53 {"status":"ok","gid":450936,"msg":"添加成功！"}
2021-07-31 01:58:53 下次操作: 2021-07-31 01:59:06

2021-07-31 01:59:06 开始第 28 次操作

2021-07-31 01:59:06 开始操作号码 【1897409】
2021-07-31 01:59:12 GSD getOne 第 1 次 等待 3 秒
2021-07-31 01:59:15 查询号码 【1897409】，返回信息 {"status":"bad","msg":""}
2021-07-31 01:59:15 查询号码 【1897409】，GSD为【""】
2021-07-31 01:59:15 bad
2021-07-31 01:59:16 CHB 1897409?1627667955 第 1 次 等待 3 秒
2021-07-31 01:59:19 CHB 1897409?1627667955 第 1 次 获取到号码【1897409】GSD
2021-07-31 01:59:19 获取到号码【1897409】的GSD为【湖南-岳阳】
2021-07-31 01:59:22 GSD insert 第 1 次 等待 3 秒
2021-07-31 01:59:25 {"status":"ok","gid":450946,"msg":"添加成功！"}
2021-07-31 01:59:25 下次操作: 2021-07-31 01:59:42

2021-07-31 01:59:42 开始第 29 次操作

2021-07-31 01:59:42 开始操作号码 【1897408】
2021-07-31 01:59:47 GSD getOne 第 1 次 等待 3 秒
2021-07-31 01:59:50 查询号码 【1897408】，返回信息 {"status":"bad","msg":""}
2021-07-31 01:59:50 查询号码 【1897408】，GSD为【""】
2021-07-31 01:59:50 bad
2021-07-31 01:59:51 CHB 1897408?1627667990 第 1 次 等待 3 秒
2021-07-31 01:59:54 CHB 1897408?1627667990 第 1 次 获取到号码【1897408】GSD
2021-07-31 01:59:55 获取到号码【1897408】的GSD为【湖南-岳阳】
2021-07-31 01:59:58 GSD insert 第 1 次 等待 3 秒
2021-07-31 02:00:01 {"status":"ok","gid":450956,"msg":"添加成功！"}
2021-07-31 02:00:01 下次操作: 2021-07-31 02:00:25

2021-07-31 02:00:25 开始第 30 次操作

2021-07-31 02:00:25 开始操作号码 【1897407】
2021-07-31 02:00:29 GSD getOne 第 1 次 等待 3 秒
2021-07-31 02:00:32 查询号码 【1897407】，返回信息 {"status":"bad","msg":""}
2021-07-31 02:00:32 查询号码 【1897407】，GSD为【""】
2021-07-31 02:00:32 bad
2021-07-31 02:00:33 CHB 1897407?1627668032 第 1 次 等待 3 秒
2021-07-31 02:00:36 CHB 1897407?1627668032 第 1 次 获取到号码【1897407】GSD
2021-07-31 02:00:37 获取到号码【1897407】的GSD为【湖南-岳阳】
2021-07-31 02:00:40 GSD insert 第 1 次 等待 3 秒
2021-07-31 02:00:43 {"status":"ok","gid":450967,"msg":"添加成功！"}
2021-07-31 02:00:43 下次操作: 2021-07-31 02:00:56

2021-07-31 02:00:56 开始第 31 次操作

2021-07-31 02:00:56 开始操作号码 【1897406】
2021-07-31 02:01:21 GSD getOne 第 1 次 等待 3 秒
2021-07-31 02:01:24 查询号码 【1897406】，返回信息 {"status":"bad","msg":""}
2021-07-31 02:01:24 查询号码 【1897406】，GSD为【""】
2021-07-31 02:01:24 bad
2021-07-31 02:01:25 CHB 1897406?1627668084 第 1 次 等待 3 秒
2021-07-31 02:01:28 CHB 1897406?1627668084 第 1 次 获取到号码【1897406】GSD
2021-07-31 02:01:29 获取到号码【1897406】的GSD为【湖南-岳阳】
2021-07-31 02:01:32 GSD insert 第 1 次 等待 3 秒
2021-07-31 02:01:35 {"status":"ok","gid":450979,"msg":"添加成功！"}
2021-07-31 02:01:35 下次操作: 2021-07-31 02:01:50

2021-07-31 02:01:50 开始第 32 次操作

2021-07-31 02:01:50 开始操作号码 【1897405】
2021-07-31 02:02:00 GSD getOne 第 1 次 等待 3 秒
2021-07-31 02:02:03 查询号码 【1897405】，返回信息 {"status":"bad","msg":""}
2021-07-31 02:02:03 查询号码 【1897405】，GSD为【""】
2021-07-31 02:02:03 bad
2021-07-31 02:02:04 CHB 1897405?1627668123 第 1 次 等待 3 秒
2021-07-31 02:02:07 CHB 1897405?1627668123 第 1 次 获取到号码【1897405】GSD
2021-07-31 02:02:07 获取到号码【1897405】的GSD为【湖南-岳阳】
2021-07-31 02:02:18 GSD insert 第 1 次 等待 3 秒
2021-07-31 02:02:21 {"status":"ok","gid":450992,"msg":"添加成功！"}
2021-07-31 02:02:21 下次操作: 2021-07-31 02:02:42

2021-07-31 02:02:42 开始第 33 次操作

2021-07-31 02:02:42 开始操作号码 【1897404】
2021-07-31 02:02:46 GSD getOne 第 1 次 等待 3 秒
2021-07-31 02:02:49 查询号码 【1897404】，返回信息 {"status":"bad","msg":""}
2021-07-31 02:02:50 查询号码 【1897404】，GSD为【""】
2021-07-31 02:02:50 bad
2021-07-31 02:02:51 CHB 1897404?1627668170 第 1 次 等待 3 秒
2021-07-31 02:02:54 CHB 1897404?1627668170 第 1 次 获取到号码【1897404】GSD
2021-07-31 02:02:54 获取到号码【1897404】的GSD为【湖南-岳阳】
2021-07-31 02:02:57 GSD insert 第 1 次 等待 3 秒
2021-07-31 02:03:00 {"status":"ok","gid":451002,"msg":"添加成功！"}
2021-07-31 02:03:00 下次操作: 2021-07-31 02:03:23

2021-07-31 02:03:23 开始第 34 次操作

2021-07-31 02:03:23 开始操作号码 【1897403】
2021-07-31 02:03:27 GSD getOne 第 1 次 等待 3 秒
2021-07-31 02:03:30 查询号码 【1897403】，返回信息 {"status":"bad","msg":""}
2021-07-31 02:03:30 查询号码 【1897403】，GSD为【""】
2021-07-31 02:03:30 bad
2021-07-31 02:03:31 CHB 1897403?1627668210 第 1 次 等待 3 秒
2021-07-31 02:03:34 CHB 1897403?1627668210 第 1 次 获取到号码【1897403】GSD
2021-07-31 02:03:34 获取到号码【1897403】的GSD为【湖南-岳阳】
2021-07-31 02:03:43 GSD insert 第 1 次 等待 3 秒
2021-07-31 02:03:46 {"status":"ok","gid":451011,"msg":"添加成功！"}
2021-07-31 02:03:46 下次操作: 2021-07-31 02:03:59

2021-07-31 02:03:59 开始第 35 次操作

2021-07-31 02:03:59 开始操作号码 【1897402】
2021-07-31 02:04:08 GSD getOne 第 1 次 等待 3 秒
2021-07-31 02:04:11 查询号码 【1897402】，返回信息 {"status":"bad","msg":""}
2021-07-31 02:04:11 查询号码 【1897402】，GSD为【""】
2021-07-31 02:04:11 bad
2021-07-31 02:04:13 CHB 1897402?1627668251 第 1 次 等待 3 秒
2021-07-31 02:04:16 CHB 1897402?1627668251 第 1 次 获取到号码【1897402】GSD
2021-07-31 02:04:16 获取到号码【1897402】的GSD为【湖南-岳阳】
2021-07-31 02:04:19 GSD insert 第 1 次 等待 3 秒
2021-07-31 02:04:22 {"status":"ok","gid":451020,"msg":"添加成功！"}
2021-07-31 02:04:22 下次操作: 2021-07-31 02:04:41

2021-07-31 02:04:41 开始第 36 次操作

2021-07-31 02:04:41 开始操作号码 【1897401】
2021-07-31 02:04:45 GSD getOne 第 1 次 等待 3 秒
2021-07-31 02:04:48 查询号码 【1897401】，返回信息 {"status":"bad","msg":""}
2021-07-31 02:04:48 查询号码 【1897401】，GSD为【""】
2021-07-31 02:04:48 bad
2021-07-31 02:04:49 CHB 1897401?1627668288 第 1 次 等待 3 秒
2021-07-31 02:04:52 CHB 1897401?1627668288 第 1 次 获取到号码【1897401】GSD
2021-07-31 02:04:52 获取到号码【1897401】的GSD为【湖南-岳阳】
2021-07-31 02:04:56 GSD insert 第 1 次 等待 3 秒
2021-07-31 02:04:59 {"status":"ok","gid":451029,"msg":"添加成功！"}
2021-07-31 02:04:59 下次操作: 2021-07-31 02:05:13

2021-07-31 02:05:13 开始第 37 次操作

2021-07-31 02:05:13 开始操作号码 【1897400】
2021-07-31 02:05:17 GSD getOne 第 1 次 等待 3 秒
2021-07-31 02:05:20 查询号码 【1897400】，返回信息 {"status":"bad","msg":""}
2021-07-31 02:05:20 查询号码 【1897400】，GSD为【""】
2021-07-31 02:05:20 bad
2021-07-31 02:05:21 CHB 1897400?1627668320 第 1 次 等待 3 秒
2021-07-31 02:05:24 CHB 1897400?1627668320 第 1 次 获取到号码【1897400】GSD
2021-07-31 02:05:24 获取到号码【1897400】的GSD为【湖南-岳阳】
2021-07-31 02:05:28 GSD insert 第 1 次 等待 3 秒
2021-07-31 02:05:31 {"status":"ok","gid":451036,"msg":"添加成功！"}
2021-07-31 02:05:31 下次操作: 2021-07-31 02:05:51

2021-07-31 02:05:51 开始第 38 次操作

2021-07-31 02:05:51 开始操作号码 【1897399】
2021-07-31 02:05:54 GSD getOne 第 1 次 等待 3 秒
2021-07-31 02:05:57 查询号码 【1897399】，返回信息 {"status":"bad","msg":""}
2021-07-31 02:05:57 查询号码 【1897399】，GSD为【""】
2021-07-31 02:05:57 bad
2021-07-31 02:05:59 CHB 1897399?1627668357 第 1 次 等待 3 秒
2021-07-31 02:06:02 CHB 1897399?1627668357 第 1 次 获取到号码【1897399】GSD
2021-07-31 02:06:02 获取到号码【1897399】的GSD为【湖南-邵阳】
2021-07-31 02:06:05 GSD insert 第 1 次 等待 3 秒
2021-07-31 02:06:08 {"status":"ok","gid":451044,"msg":"添加成功！"}
2021-07-31 02:06:08 下次操作: 2021-07-31 02:06:25

2021-07-31 02:06:25 开始第 39 次操作

2021-07-31 02:06:25 开始操作号码 【1897398】
2021-07-31 02:06:29 GSD getOne 第 1 次 等待 3 秒
2021-07-31 02:06:32 查询号码 【1897398】，返回信息 {"status":"ok","msg":"湖南-邵阳","gid":"45307","time_insert":"2018-05-05 14:19","time_update":"2020-09-24 05:11"}
2021-07-31 02:06:32 查询号码 【1897398】，GSD为【"湖南-邵阳"】

2021-07-31 02:06:32 开始第 39 次操作

2021-07-31 02:06:32 开始操作号码 【1897397】
2021-07-31 02:06:37 GSD getOne 第 1 次 等待 3 秒
2021-07-31 02:06:40 查询号码 【1897397】，返回信息 {"status":"bad","msg":""}
2021-07-31 02:06:40 查询号码 【1897397】，GSD为【""】
2021-07-31 02:06:40 bad
2021-07-31 02:06:41 CHB 1897397?1627668400 第 1 次 等待 3 秒
2021-07-31 02:06:44 CHB 1897397?1627668400 第 1 次 获取到号码【1897397】GSD
2021-07-31 02:06:44 获取到号码【1897397】的GSD为【湖南-邵阳】
2021-07-31 02:06:48 GSD insert 第 1 次 等待 3 秒
2021-07-31 02:06:51 {"status":"ok","gid":451055,"msg":"添加成功！"}
2021-07-31 02:06:51 下次操作: 2021-07-31 02:07:03

2021-07-31 02:07:03 开始第 40 次操作

2021-07-31 02:07:03 开始操作号码 【1897396】
2021-07-31 02:07:12 GSD getOne 第 1 次 等待 3 秒
2021-07-31 02:07:15 查询号码 【1897396】，返回信息 {"status":"bad","msg":""}
2021-07-31 02:07:15 查询号码 【1897396】，GSD为【""】
2021-07-31 02:07:15 bad
2021-07-31 02:07:16 CHB 1897396?1627668435 第 1 次 等待 3 秒
2021-07-31 02:07:19 CHB 1897396?1627668435 第 1 次 获取到号码【1897396】GSD
2021-07-31 02:07:19 获取到号码【1897396】的GSD为【湖南-邵阳】
2021-07-31 02:07:23 GSD insert 第 1 次 等待 3 秒
2021-07-31 02:07:26 {"status":"ok","gid":451060,"msg":"添加成功！"}

