2023-09-26 09:26:58 开始第 1 次操作

2023-09-26 09:26:58 开始操作号码 【1890000】
2023-09-26 09:27:01 GSD getOne 第 1 次 等待 3 秒
2023-09-26 09:27:04 查询号码 【1890000】，返回信息 {"status":"ok","msg":"北京-北京","gid":"354093","time_insert":"2021-07-22 09:59"}
2023-09-26 09:27:04 查询号码 【1890000】，GSD为【"北京-北京"】

2023-09-26 09:27:05 开始第 2 次操作

2023-09-26 09:27:05 开始操作号码 【1890001】
2023-09-26 09:27:06 GSD getOne 第 1 次 等待 3 秒
2023-09-26 09:27:09 查询号码 【1890001】，返回信息 {"status":"ok","msg":"北京-北京","gid":"354228","time_insert":"2021-07-22 10:13"}
2023-09-26 09:27:09 查询号码 【1890001】，GSD为【"北京-北京"】

2023-09-26 09:27:10 开始第 3 次操作

2023-09-26 09:27:10 开始操作号码 【1890002】
2023-09-26 09:27:13 GSD getOne 第 1 次 等待 3 秒
2023-09-26 09:27:16 查询号码 【1890002】，返回信息 {"status":"ok","msg":"北京-北京","gid":"354284","time_insert":"2021-07-22 10:26"}
2023-09-26 09:27:16 查询号码 【1890002】，GSD为【"北京-北京"】

2023-09-26 09:27:17 开始第 4 次操作

2023-09-26 09:27:17 开始操作号码 【1890003】
2023-09-26 09:27:18 GSD getOne 第 1 次 等待 3 秒
2023-09-26 09:27:21 查询号码 【1890003】，返回信息 {"status":"ok","msg":"安徽-合肥","gid":"354313","time_insert":"2021-07-22 10:37"}
2023-09-26 09:27:21 查询号码 【1890003】，GSD为【"安徽-合肥"】

