2024-03-31 00:20:41 开始第 1049 次操作

2024-03-31 00:20:41 开始操作号码 【1570962】
2024-03-31 00:20:54 GSD getOne 第 1 次 等待 3 秒
2024-03-31 00:20:57 查询号码 【1570962】，返回信息 {"status":"ok","msg":"宁夏-石嘴山","gid":"98661","time_insert":"2021-06-15 22:37"}
2024-03-31 00:20:57 查询号码 【1570962】，GSD为【"宁夏-石嘴山"】

2024-03-31 00:20:58 开始第 1050 次操作

2024-03-31 00:20:58 开始操作号码 【1570963】
2024-03-31 00:21:04 GSD getOne 第 1 次 等待 3 秒
2024-03-31 00:21:07 查询号码 【1570963】，返回信息 {"status":"ok","msg":"宁夏-吴忠","gid":"98684","time_insert":"2021-06-15 22:55"}
2024-03-31 00:21:07 查询号码 【1570963】，GSD为【"宁夏-吴忠"】

2024-03-31 00:21:08 开始第 1051 次操作

2024-03-31 00:21:08 开始操作号码 【1570964】
2024-03-31 00:21:13 GSD getOne 第 1 次 等待 3 秒
2024-03-31 00:21:16 查询号码 【1570964】，返回信息 {"status":"ok","msg":"宁夏-固原","gid":"98705","time_insert":"2021-06-15 23:15"}
2024-03-31 00:21:16 查询号码 【1570964】，GSD为【"宁夏-固原"】

2024-03-31 00:21:17 开始第 1052 次操作

2024-03-31 00:21:17 开始操作号码 【1570965】
2024-03-31 00:21:23 GSD getOne 第 1 次 等待 3 秒
2024-03-31 00:21:26 查询号码 【1570965】，返回信息 {"status":"ok","msg":"宁夏-中卫","gid":"98724","time_insert":"2021-06-15 23:32"}
2024-03-31 00:21:26 查询号码 【1570965】，GSD为【"宁夏-中卫"】

