2024-04-15 06:10:15 开始第 3621 次操作

2024-04-15 06:10:15 开始操作号码 【1573534】
2024-04-15 06:10:20 GSD getOne 第 1 次 等待 3 秒
2024-04-15 06:10:23 查询号码 【1573534】，返回信息 {"status":"ok","msg":"山西-运城","gid":"262973","time_insert":"2021-07-13 05:57","time_update":"2021-07-28 17:41"}
2024-04-15 06:10:23 查询号码 【1573534】，GSD为【"山西-运城"】

2024-04-15 06:10:24 开始第 3622 次操作

2024-04-15 06:10:24 开始操作号码 【1573535】
2024-04-15 06:10:29 GSD getOne 第 1 次 等待 3 秒
2024-04-15 06:10:32 查询号码 【1573535】，返回信息 {"status":"ok","msg":"山西-运城","gid":"263009","time_insert":"2021-07-13 06:13"}
2024-04-15 06:10:32 查询号码 【1573535】，GSD为【"山西-运城"】

2024-04-15 06:10:33 开始第 3623 次操作

2024-04-15 06:10:33 开始操作号码 【1573536】
2024-04-15 06:10:38 GSD getOne 第 1 次 等待 3 秒
2024-04-15 06:10:41 查询号码 【1573536】，返回信息 {"status":"ok","msg":"山西-运城","gid":"23546","time_insert":"2017-03-15 02:57","time_update":"2020-08-19 08:49"}
2024-04-15 06:10:41 查询号码 【1573536】，GSD为【"山西-运城"】

2024-04-15 06:10:42 开始第 3624 次操作

2024-04-15 06:10:42 开始操作号码 【1573537】
2024-04-15 06:10:47 GSD getOne 第 1 次 等待 3 秒
2024-04-15 06:10:50 查询号码 【1573537】，返回信息 {"status":"ok","msg":"山西-运城","gid":"23547","time_insert":"2018-01-15 11:29","time_update":"2020-08-19 10:05"}
2024-04-15 06:10:50 查询号码 【1573537】，GSD为【"山西-运城"】

