2024-01-11 00:23:32 开始第 7949 次操作

2024-01-11 00:23:32 开始操作号码 【1797861】
2024-01-11 00:23:35 GSD getOne 第 1 次 等待 3 秒
2024-01-11 00:23:38 查询号码 【1797861】，返回信息 {"status":"ok","msg":"-","gid":"641136","time_insert":"2023-04-08 11:45"}
2024-01-11 00:23:38 查询号码 【1797861】，GSD为【"-"】
2024-01-11 00:23:38 ok && -
2024-01-11 00:23:41 CHB 1797861?1704903818 第 1 次 等待 3 秒
2024-01-11 00:23:44 CHB 1797861?1704903818 第 1 次 获取到号码【1797861】GSD
2024-01-11 00:23:44 未获取到号码【1797861】GSD，可能号码格式错误
2024-01-11 00:23:44 获取到号码【1797861】的GSD为【-】
2024-01-11 00:23:46 GSD insert 第 1 次 等待 3 秒
2024-01-11 00:23:49 {"status":"bad","gid":"641136","msg":"添加失败！号码【1797861(-|-)】已存在！"}
2024-01-11 00:23:49 随机等待 98 秒，约 1 分钟
2024-01-11 00:23:49 下次操作: 2024-01-11 00:25:27

2024-01-11 00:25:27 开始第 7950 次操作

2024-01-11 00:25:27 开始操作号码 【1797862】
2024-01-11 00:25:31 GSD getOne 第 1 次 等待 3 秒
2024-01-11 00:25:34 查询号码 【1797862】，返回信息 {"status":"ok","msg":"-","gid":"641140","time_insert":"2023-04-08 11:46"}
2024-01-11 00:25:34 查询号码 【1797862】，GSD为【"-"】
2024-01-11 00:25:34 ok && -
2024-01-11 00:25:36 CHB 1797862?1704903934 第 1 次 等待 3 秒
2024-01-11 00:25:39 CHB 1797862?1704903934 第 1 次 获取到号码【1797862】GSD
2024-01-11 00:25:39 未获取到号码【1797862】GSD，可能号码格式错误
2024-01-11 00:25:39 获取到号码【1797862】的GSD为【-】
2024-01-11 00:25:42 GSD insert 第 1 次 等待 3 秒
2024-01-11 00:25:45 {"status":"bad","gid":"641140","msg":"添加失败！号码【1797862(-|-)】已存在！"}
2024-01-11 00:25:45 随机等待 211 秒，约 3 分钟
2024-01-11 00:25:45 下次操作: 2024-01-11 00:29:16

2024-01-11 00:29:16 开始第 7951 次操作

2024-01-11 00:29:16 开始操作号码 【1797863】
2024-01-11 00:29:18 GSD getOne 第 1 次 等待 3 秒
2024-01-11 00:29:21 查询号码 【1797863】，返回信息 {"status":"ok","msg":"-","gid":"641141","time_insert":"2023-04-08 11:48"}
2024-01-11 00:29:21 查询号码 【1797863】，GSD为【"-"】
2024-01-11 00:29:21 ok && -
2024-01-11 00:29:23 CHB 1797863?1704904161 第 1 次 等待 3 秒
2024-01-11 00:29:26 CHB 1797863?1704904161 第 1 次 获取到号码【1797863】GSD
2024-01-11 00:29:26 未获取到号码【1797863】GSD，可能号码格式错误
2024-01-11 00:29:26 获取到号码【1797863】的GSD为【-】
2024-01-11 00:29:29 GSD insert 第 1 次 等待 3 秒
2024-01-11 00:29:32 {"status":"bad","gid":"641141","msg":"添加失败！号码【1797863(-|-)】已存在！"}
2024-01-11 00:29:32 随机等待 153 秒，约 2 分钟
2024-01-11 00:29:32 下次操作: 2024-01-11 00:32:05

2024-01-11 00:32:05 开始第 7952 次操作

2024-01-11 00:32:05 开始操作号码 【1797864】
2024-01-11 00:32:09 GSD getOne 第 1 次 等待 3 秒
2024-01-11 00:32:12 查询号码 【1797864】，返回信息 {"status":"ok","msg":"-","gid":"641149","time_insert":"2023-04-08 11:53"}
2024-01-11 00:32:12 查询号码 【1797864】，GSD为【"-"】
2024-01-11 00:32:12 ok && -
2024-01-11 00:32:13 CHB 1797864?1704904332 第 1 次 等待 3 秒
2024-01-11 00:32:16 CHB 1797864?1704904332 第 1 次 获取到号码【1797864】GSD
2024-01-11 00:32:17 未获取到号码【1797864】GSD，可能号码格式错误
2024-01-11 00:32:17 获取到号码【1797864】的GSD为【-】
2024-01-11 00:32:19 GSD insert 第 1 次 等待 3 秒
2024-01-11 00:32:22 {"status":"bad","gid":"641149","msg":"添加失败！号码【1797864(-|-)】已存在！"}

2024-01-11 00:41:19 开始第 7953 次操作

2024-01-11 00:41:19 开始操作号码 【1797865】
2024-01-11 00:41:22 GSD getOne 第 1 次 等待 3 秒
2024-01-11 00:41:25 查询号码 【1797865】，返回信息 {"status":"ok","msg":"-","gid":"641153","time_insert":"2023-04-08 11:56"}
2024-01-11 00:41:25 查询号码 【1797865】，GSD为【"-"】
2024-01-11 00:41:25 ok && -
2024-01-11 00:41:27 CHB 1797865?1704904885 第 1 次 等待 3 秒
2024-01-11 00:41:30 CHB 1797865?1704904885 第 1 次 获取到号码【1797865】GSD
2024-01-11 00:41:30 未获取到号码【1797865】GSD，可能号码格式错误
2024-01-11 00:41:30 获取到号码【1797865】的GSD为【-】
2024-01-11 00:41:34 GSD insert 第 1 次 等待 3 秒
2024-01-11 00:41:37 {"status":"bad","gid":"641153","msg":"添加失败！号码【1797865(-|-)】已存在！"}
2024-01-11 00:41:37 随机等待 198 秒，约 3 分钟
2024-01-11 00:41:37 下次操作: 2024-01-11 00:44:55

2024-01-11 00:44:55 开始第 7954 次操作

2024-01-11 00:44:55 开始操作号码 【1797866】
2024-01-11 00:44:58 GSD getOne 第 1 次 等待 3 秒
2024-01-11 00:45:01 查询号码 【1797866】，返回信息 {"status":"ok","msg":"-","gid":"641160","time_insert":"2023-04-08 11:59"}
2024-01-11 00:45:01 查询号码 【1797866】，GSD为【"-"】
2024-01-11 00:45:01 ok && -
2024-01-11 00:46:01 CHB 1797866?1704905101 第 1 次 等待 3 秒
2024-01-11 00:46:04 CHB 1797866?1704905101 第 1 次 获取到号码【1797866】GSD
2024-01-11 00:46:04 未获取到号码【1797866】GSD，可能号码格式错误
2024-01-11 00:46:04 获取到号码【1797866】的GSD为【-】
2024-01-11 00:46:07 GSD insert 第 1 次 等待 3 秒
2024-01-11 00:46:10 {"status":"bad","gid":"641160","msg":"添加失败！号码【1797866(-|-)】已存在！"}
2024-01-11 00:46:10 随机等待 70 秒，约 1 分钟
2024-01-11 00:46:10 下次操作: 2024-01-11 00:47:20

2024-01-11 00:47:20 开始第 7955 次操作

2024-01-11 00:47:20 开始操作号码 【1797867】
2024-01-11 00:47:23 GSD getOne 第 1 次 等待 3 秒
2024-01-11 00:47:26 查询号码 【1797867】，返回信息 {"status":"ok","msg":"-","gid":"641163","time_insert":"2023-04-08 12:01"}
2024-01-11 00:47:26 查询号码 【1797867】，GSD为【"-"】
2024-01-11 00:47:26 ok && -
2024-01-11 00:47:28 CHB 1797867?1704905246 第 1 次 等待 3 秒
2024-01-11 00:47:31 CHB 1797867?1704905246 第 1 次 获取到号码【1797867】GSD
2024-01-11 00:47:31 未获取到号码【1797867】GSD，可能号码格式错误
2024-01-11 00:47:31 获取到号码【1797867】的GSD为【-】
2024-01-11 00:47:34 GSD insert 第 1 次 等待 3 秒
2024-01-11 00:47:37 {"status":"bad","gid":"641163","msg":"添加失败！号码【1797867(-|-)】已存在！"}
2024-01-11 00:47:37 随机等待 128 秒，约 2 分钟
2024-01-11 00:47:37 下次操作: 2024-01-11 00:49:45

2024-01-11 00:49:45 开始第 7956 次操作

2024-01-11 00:49:45 开始操作号码 【1797868】
2024-01-11 00:49:48 GSD getOne 第 1 次 等待 3 秒
2024-01-11 00:49:51 查询号码 【1797868】，返回信息 {"status":"ok","msg":"-","gid":"641169","time_insert":"2023-04-08 12:10"}
2024-01-11 00:49:51 查询号码 【1797868】，GSD为【"-"】
2024-01-11 00:49:51 ok && -
2024-01-11 00:49:53 CHB 1797868?1704905391 第 1 次 等待 3 秒
2024-01-11 00:49:56 CHB 1797868?1704905391 第 1 次 获取到号码【1797868】GSD
2024-01-11 00:49:56 未获取到号码【1797868】GSD，可能号码格式错误
2024-01-11 00:49:56 获取到号码【1797868】的GSD为【-】
2024-01-11 00:50:00 GSD insert 第 1 次 等待 3 秒
2024-01-11 00:50:03 {"status":"bad","gid":"641169","msg":"添加失败！号码【1797868(-|-)】已存在！"}

2024-01-11 01:14:51 开始第 7957 次操作

2024-01-11 01:14:51 开始操作号码 【1797869】
2024-01-11 01:14:54 GSD getOne 第 1 次 等待 3 秒
2024-01-11 01:14:57 查询号码 【1797869】，返回信息 {"status":"ok","msg":"-","gid":"641173","time_insert":"2023-04-08 12:12"}
2024-01-11 01:14:57 查询号码 【1797869】，GSD为【"-"】
2024-01-11 01:14:57 ok && -
2024-01-11 01:15:00 CHB 1797869?1704906897 第 1 次 等待 3 秒
2024-01-11 01:15:03 CHB 1797869?1704906897 第 1 次 获取到号码【1797869】GSD
2024-01-11 01:15:03 未获取到号码【1797869】GSD，可能号码格式错误
2024-01-11 01:15:03 获取到号码【1797869】的GSD为【-】
2024-01-11 01:15:07 GSD insert 第 1 次 等待 3 秒
2024-01-11 01:15:10 {"status":"bad","gid":"641173","msg":"添加失败！号码【1797869(-|-)】已存在！"}
2024-01-11 01:15:10 随机等待 172 秒，约 2 分钟
2024-01-11 01:15:10 下次操作: 2024-01-11 01:18:02

2024-01-11 01:18:02 开始第 7958 次操作

2024-01-11 01:18:02 开始操作号码 【1797870】
2024-01-11 01:18:05 GSD getOne 第 1 次 等待 3 秒
2024-01-11 01:18:08 查询号码 【1797870】，返回信息 {"status":"ok","msg":"-","gid":"641177","time_insert":"2023-04-08 12:14"}
2024-01-11 01:18:08 查询号码 【1797870】，GSD为【"-"】
2024-01-11 01:18:08 ok && -
2024-01-11 01:18:11 CHB 1797870?1704907088 第 1 次 等待 3 秒
2024-01-11 01:18:14 CHB 1797870?1704907088 第 1 次 获取到号码【1797870】GSD
2024-01-11 01:18:14 未获取到号码【1797870】GSD，可能号码格式错误
2024-01-11 01:18:14 获取到号码【1797870】的GSD为【-】
2024-01-11 01:18:17 GSD insert 第 1 次 等待 3 秒
2024-01-11 01:18:20 {"status":"bad","gid":"641177","msg":"添加失败！号码【1797870(-|-)】已存在！"}
2024-01-11 01:18:20 随机等待 140 秒，约 2 分钟
2024-01-11 01:18:20 下次操作: 2024-01-11 01:20:40

2024-01-11 01:20:40 开始第 7959 次操作

2024-01-11 01:20:40 开始操作号码 【1797871】
2024-01-11 01:20:44 GSD getOne 第 1 次 等待 3 秒
2024-01-11 01:20:47 查询号码 【1797871】，返回信息 {"status":"ok","msg":"-","gid":"641181","time_insert":"2023-04-08 12:16"}
2024-01-11 01:20:47 查询号码 【1797871】，GSD为【"-"】
2024-01-11 01:20:47 ok && -
2024-01-11 01:20:49 CHB 1797871?1704907247 第 1 次 等待 3 秒
2024-01-11 01:20:52 CHB 1797871?1704907247 第 1 次 获取到号码【1797871】GSD
2024-01-11 01:20:52 未获取到号码【1797871】GSD，可能号码格式错误
2024-01-11 01:20:52 获取到号码【1797871】的GSD为【-】
2024-01-11 01:20:55 GSD insert 第 1 次 等待 3 秒
2024-01-11 01:20:58 {"status":"bad","gid":"641181","msg":"添加失败！号码【1797871(-|-)】已存在！"}
2024-01-11 01:20:58 随机等待 155 秒，约 2 分钟
2024-01-11 01:20:58 下次操作: 2024-01-11 01:23:33

2024-01-11 01:23:33 开始第 7960 次操作

2024-01-11 01:23:33 开始操作号码 【1797872】
2024-01-11 01:23:36 GSD getOne 第 1 次 等待 3 秒
2024-01-11 01:23:39 查询号码 【1797872】，返回信息 {"status":"ok","msg":"-","gid":"641188","time_insert":"2023-04-08 12:26"}
2024-01-11 01:23:39 查询号码 【1797872】，GSD为【"-"】
2024-01-11 01:23:39 ok && -
2024-01-11 01:23:42 CHB 1797872?1704907419 第 1 次 等待 3 秒
2024-01-11 01:23:45 CHB 1797872?1704907419 第 1 次 获取到号码【1797872】GSD
2024-01-11 01:23:45 未获取到号码【1797872】GSD，可能号码格式错误
2024-01-11 01:23:45 获取到号码【1797872】的GSD为【-】
2024-01-11 01:23:48 GSD insert 第 1 次 等待 3 秒
2024-01-11 01:23:51 {"status":"bad","gid":"641188","msg":"添加失败！号码【1797872(-|-)】已存在！"}

