2021-06-30 17:08:51 开始第 1 次操作

2021-06-30 17:08:51 开始操作号码 【1710715】
2021-06-30 17:08:57 GSD getOne 第 1 次 等待 1 秒
2021-06-30 17:08:58 查询号码 【1710715】，返回信息 {"status":"ok","msg":"-","time_insert":"2021-06-27 15:45"}
2021-06-30 17:08:58 查询号码 【1710715】，GSD为【"-"】
2021-06-30 17:08:58 ok && -
2021-06-30 17:08:59 CHB 1710715?1625044138 第 1 次 等待 1 秒
2021-06-30 17:09:00 CHB 1710715?1625044138 第 1 次 获取到号码【1710715】GSD
2021-06-30 17:09:00 获取到号码【1710715】的GSD为【黑龙江-大庆】
2021-06-30 17:09:06 GSD insert 第 1 次 等待 1 秒
2021-06-30 17:09:07 {"status":"ok","msg":"添加号码已存在，但为‘-’，修改成功！"}
2021-06-30 17:09:07 下次操作: 2021-06-30 17:09:24

2021-06-30 17:09:24 开始第 2 次操作

2021-06-30 17:09:24 开始操作号码 【1710716】
2021-06-30 17:09:28 GSD getOne 第 1 次 等待 1 秒
2021-06-30 17:09:29 查询号码 【1710716】，返回信息 {"status":"ok","msg":"-","time_insert":"2021-06-27 15:45"}
2021-06-30 17:09:29 查询号码 【1710716】，GSD为【"-"】
2021-06-30 17:09:29 ok && -
2021-06-30 17:09:31 CHB 1710716?1625044169 第 1 次 等待 1 秒
2021-06-30 17:09:32 CHB 1710716?1625044169 第 1 次 获取到号码【1710716】GSD
2021-06-30 17:09:32 获取到号码【1710716】的GSD为【黑龙江-大庆】
2021-06-30 17:09:36 GSD insert 第 1 次 等待 1 秒
2021-06-30 17:09:37 {"status":"ok","msg":"添加号码已存在，但为‘-’，修改成功！"}
2021-06-30 17:09:37 下次操作: 2021-06-30 17:09:49

2021-06-30 17:09:49 开始第 3 次操作

2021-06-30 17:09:49 开始操作号码 【1710717】
2021-06-30 17:09:54 GSD getOne 第 1 次 等待 1 秒
2021-06-30 17:09:55 查询号码 【1710717】，返回信息 {"status":"ok","msg":"-","time_insert":"2021-06-27 15:46"}
2021-06-30 17:09:55 查询号码 【1710717】，GSD为【"-"】
2021-06-30 17:09:55 ok && -
2021-06-30 17:09:56 CHB 1710717?1625044195 第 1 次 等待 1 秒
2021-06-30 17:09:57 CHB 1710717?1625044195 第 1 次 获取到号码【1710717】GSD
2021-06-30 17:09:57 获取到号码【1710717】的GSD为【黑龙江-大庆】
2021-06-30 17:10:02 GSD insert 第 1 次 等待 1 秒
2021-06-30 17:10:03 {"status":"ok","msg":"添加号码已存在，但为‘-’，修改成功！"}
2021-06-30 17:10:03 下次操作: 2021-06-30 17:10:17

2021-06-30 17:10:17 开始第 4 次操作

2021-06-30 17:10:17 开始操作号码 【1710718】
2021-06-30 17:10:21 GSD getOne 第 1 次 等待 1 秒
2021-06-30 17:10:22 查询号码 【1710718】，返回信息 {"status":"ok","msg":"-","time_insert":"2021-06-27 15:47"}
2021-06-30 17:10:22 查询号码 【1710718】，GSD为【"-"】
2021-06-30 17:10:22 ok && -
2021-06-30 17:10:23 CHB 1710718?1625044222 第 1 次 等待 1 秒
2021-06-30 17:10:24 CHB 1710718?1625044222 第 1 次 获取到号码【1710718】GSD
2021-06-30 17:10:25 获取到号码【1710718】的GSD为【黑龙江-大庆】
2021-06-30 17:10:32 GSD insert 第 1 次 等待 1 秒
2021-06-30 17:10:33 {"status":"ok","msg":"添加号码已存在，但为‘-’，修改成功！"}
2021-06-30 17:10:33 下次操作: 2021-06-30 17:10:51

2021-06-30 17:10:51 开始第 5 次操作

2021-06-30 17:10:51 开始操作号码 【1710719】
2021-06-30 17:10:55 GSD getOne 第 1 次 等待 1 秒
2021-06-30 17:10:56 查询号码 【1710719】，返回信息 {"status":"ok","msg":"-","time_insert":"2021-06-27 15:48"}
2021-06-30 17:10:56 查询号码 【1710719】，GSD为【"-"】
2021-06-30 17:10:56 ok && -
2021-06-30 17:10:58 CHB 1710719?1625044256 第 1 次 等待 1 秒
2021-06-30 17:10:59 CHB 1710719?1625044256 第 1 次 获取到号码【1710719】GSD
2021-06-30 17:10:59 获取到号码【1710719】的GSD为【黑龙江-大庆】
2021-06-30 17:11:05 GSD insert 第 1 次 等待 1 秒
2021-06-30 17:11:06 {"status":"ok","msg":"添加号码已存在，但为‘-’，修改成功！"}
2021-06-30 17:11:06 下次操作: 2021-06-30 17:11:15

2021-06-30 17:11:15 开始第 6 次操作

2021-06-30 17:11:15 开始操作号码 【1710720】
2021-06-30 17:11:19 GSD getOne 第 1 次 等待 1 秒
2021-06-30 17:11:20 查询号码 【1710720】，返回信息 {"status":"ok","msg":"-","time_insert":"2021-06-27 15:48"}
2021-06-30 17:11:20 查询号码 【1710720】，GSD为【"-"】
2021-06-30 17:11:20 ok && -
2021-06-30 17:11:21 CHB 1710720?1625044280 第 1 次 等待 1 秒
2021-06-30 17:11:22 CHB 1710720?1625044280 第 1 次 获取到号码【1710720】GSD
2021-06-30 17:11:22 获取到号码【1710720】的GSD为【黑龙江-大庆】
2021-06-30 17:11:27 GSD insert 第 1 次 等待 1 秒
2021-06-30 17:11:28 {"status":"ok","msg":"添加号码已存在，但为‘-’，修改成功！"}
2021-06-30 17:11:28 下次操作: 2021-06-30 17:11:40

2021-06-30 17:11:40 开始第 7 次操作

2021-06-30 17:11:40 开始操作号码 【1710721】
2021-06-30 17:11:45 GSD getOne 第 1 次 等待 1 秒
2021-06-30 17:11:46 查询号码 【1710721】，返回信息 {"status":"ok","msg":"-","time_insert":"2021-06-27 15:49"}
2021-06-30 17:11:46 查询号码 【1710721】，GSD为【"-"】
2021-06-30 17:11:46 ok && -
2021-06-30 17:11:47 CHB 1710721?1625044306 第 1 次 等待 1 秒
2021-06-30 17:11:48 CHB 1710721?1625044306 第 1 次 获取到号码【1710721】GSD
2021-06-30 17:11:48 获取到号码【1710721】的GSD为【黑龙江-大庆】
2021-06-30 17:11:52 GSD insert 第 1 次 等待 1 秒
2021-06-30 17:11:53 {"status":"ok","msg":"添加号码已存在，但为‘-’，修改成功！"}
2021-06-30 17:11:53 下次操作: 2021-06-30 17:12:05

2021-06-30 17:12:05 开始第 8 次操作

2021-06-30 17:12:05 开始操作号码 【1710722】
2021-06-30 17:12:09 GSD getOne 第 1 次 等待 1 秒
2021-06-30 17:12:10 查询号码 【1710722】，返回信息 {"status":"ok","msg":"-","time_insert":"2021-06-27 15:50"}
2021-06-30 17:12:10 查询号码 【1710722】，GSD为【"-"】
2021-06-30 17:12:10 ok && -
2021-06-30 17:12:11 CHB 1710722?1625044330 第 1 次 等待 1 秒
2021-06-30 17:12:12 CHB 1710722?1625044330 第 1 次 获取到号码【1710722】GSD
2021-06-30 17:12:13 获取到号码【1710722】的GSD为【黑龙江-大庆】
2021-06-30 17:12:17 GSD insert 第 1 次 等待 1 秒
2021-06-30 17:12:18 {"status":"ok","msg":"添加号码已存在，但为‘-’，修改成功！"}
2021-06-30 17:12:18 下次操作: 2021-06-30 17:12:33

2021-06-30 17:12:33 开始第 9 次操作

2021-06-30 17:12:33 开始操作号码 【1710723】
2021-06-30 17:12:37 GSD getOne 第 1 次 等待 1 秒
2021-06-30 17:12:38 查询号码 【1710723】，返回信息 {"status":"ok","msg":"-","time_insert":"2021-06-27 15:51"}
2021-06-30 17:12:38 查询号码 【1710723】，GSD为【"-"】
2021-06-30 17:12:38 ok && -
2021-06-30 17:12:39 CHB 1710723?1625044358 第 1 次 等待 1 秒
2021-06-30 17:12:40 CHB 1710723?1625044358 第 1 次 获取到号码【1710723】GSD
2021-06-30 17:12:40 获取到号码【1710723】的GSD为【黑龙江-大庆】
2021-06-30 17:12:45 GSD insert 第 1 次 等待 1 秒
2021-06-30 17:12:46 {"status":"ok","msg":"添加号码已存在，但为‘-’，修改成功！"}
2021-06-30 17:12:46 下次操作: 2021-06-30 17:13:03

2021-06-30 17:13:03 开始第 10 次操作

2021-06-30 17:13:03 开始操作号码 【1710724】
2021-06-30 17:13:08 GSD getOne 第 1 次 等待 1 秒
2021-06-30 17:13:09 查询号码 【1710724】，返回信息 {"status":"ok","msg":"-","time_insert":"2021-06-27 15:51"}
2021-06-30 17:13:09 查询号码 【1710724】，GSD为【"-"】
2021-06-30 17:13:09 ok && -
2021-06-30 17:13:10 CHB 1710724?1625044389 第 1 次 等待 1 秒
2021-06-30 17:13:11 CHB 1710724?1625044389 第 1 次 获取到号码【1710724】GSD
2021-06-30 17:13:11 获取到号码【1710724】的GSD为【黑龙江-大庆】
2021-06-30 17:13:16 GSD insert 第 1 次 等待 1 秒
2021-06-30 17:13:17 {"status":"ok","msg":"添加号码已存在，但为‘-’，修改成功！"}
2021-06-30 17:13:17 下次操作: 2021-06-30 17:13:28

2021-06-30 17:13:28 开始第 11 次操作

2021-06-30 17:13:28 开始操作号码 【1710725】
2021-06-30 17:13:31 GSD getOne 第 1 次 等待 1 秒
2021-06-30 17:13:32 查询号码 【1710725】，返回信息 {"status":"ok","msg":"-","time_insert":"2021-06-27 15:52"}
2021-06-30 17:13:32 查询号码 【1710725】，GSD为【"-"】
2021-06-30 17:13:32 ok && -
2021-06-30 17:13:34 CHB 1710725?1625044412 第 1 次 等待 1 秒
2021-06-30 17:13:35 CHB 1710725?1625044412 第 1 次 获取到号码【1710725】GSD
2021-06-30 17:13:35 获取到号码【1710725】的GSD为【黑龙江-大庆】
2021-06-30 17:13:44 GSD insert 第 1 次 等待 1 秒
2021-06-30 17:13:45 {"status":"ok","msg":"添加号码已存在，但为‘-’，修改成功！"}
2021-06-30 17:13:45 下次操作: 2021-06-30 17:14:00

2021-06-30 17:14:00 开始第 12 次操作

2021-06-30 17:14:00 开始操作号码 【1710726】
2021-06-30 17:14:06 GSD getOne 第 1 次 等待 1 秒
2021-06-30 17:14:07 查询号码 【1710726】，返回信息 {"status":"ok","msg":"-","time_insert":"2021-06-27 15:53"}
2021-06-30 17:14:07 查询号码 【1710726】，GSD为【"-"】
2021-06-30 17:14:07 ok && -
2021-06-30 17:14:08 CHB 1710726?1625044447 第 1 次 等待 1 秒
2021-06-30 17:14:09 CHB 1710726?1625044447 第 1 次 获取到号码【1710726】GSD
2021-06-30 17:14:10 获取到号码【1710726】的GSD为【黑龙江-大庆】
2021-06-30 17:14:19 GSD insert 第 1 次 等待 1 秒
2021-06-30 17:14:20 {"status":"ok","msg":"添加号码已存在，但为‘-’，修改成功！"}
2021-06-30 17:14:20 下次操作: 2021-06-30 17:14:34

2021-06-30 17:14:34 开始第 13 次操作

2021-06-30 17:14:34 开始操作号码 【1710727】
2021-06-30 17:14:37 GSD getOne 第 1 次 等待 1 秒
2021-06-30 17:14:38 查询号码 【1710727】，返回信息 {"status":"ok","msg":"-","time_insert":"2021-06-27 15:54"}
2021-06-30 17:14:38 查询号码 【1710727】，GSD为【"-"】
2021-06-30 17:14:38 ok && -
2021-06-30 17:14:40 CHB 1710727?1625044478 第 1 次 等待 1 秒
2021-06-30 17:14:41 CHB 1710727?1625044478 第 1 次 获取到号码【1710727】GSD
2021-06-30 17:14:41 获取到号码【1710727】的GSD为【黑龙江-大庆】
2021-06-30 17:14:45 GSD insert 第 1 次 等待 1 秒
2021-06-30 17:14:46 {"status":"ok","msg":"添加号码已存在，但为‘-’，修改成功！"}
2021-06-30 17:14:46 下次操作: 2021-06-30 17:15:04

2021-06-30 17:15:04 开始第 14 次操作

2021-06-30 17:15:04 开始操作号码 【1710728】
2021-06-30 17:15:09 GSD getOne 第 1 次 等待 1 秒
2021-06-30 17:15:10 查询号码 【1710728】，返回信息 {"status":"ok","msg":"-","time_insert":"2021-06-27 15:54"}
2021-06-30 17:15:10 查询号码 【1710728】，GSD为【"-"】
2021-06-30 17:15:10 ok && -
2021-06-30 17:15:11 CHB 1710728?1625044510 第 1 次 等待 1 秒
2021-06-30 17:15:12 CHB 1710728?1625044510 第 1 次 获取到号码【1710728】GSD
2021-06-30 17:15:12 获取到号码【1710728】的GSD为【黑龙江-大庆】
2021-06-30 17:15:17 GSD insert 第 1 次 等待 1 秒
2021-06-30 17:15:18 {"status":"ok","msg":"添加号码已存在，但为‘-’，修改成功！"}
2021-06-30 17:15:18 下次操作: 2021-06-30 17:15:36

2021-06-30 17:15:36 开始第 15 次操作

2021-06-30 17:15:36 开始操作号码 【1710729】
2021-06-30 17:15:40 GSD getOne 第 1 次 等待 1 秒
2021-06-30 17:15:41 查询号码 【1710729】，返回信息 {"status":"ok","msg":"-","time_insert":"2021-06-27 15:55"}
2021-06-30 17:15:41 查询号码 【1710729】，GSD为【"-"】
2021-06-30 17:15:41 ok && -
2021-06-30 17:15:42 CHB 1710729?1625044541 第 1 次 等待 1 秒
2021-06-30 17:15:43 CHB 1710729?1625044541 第 1 次 获取到号码【1710729】GSD
2021-06-30 17:15:43 获取到号码【1710729】的GSD为【黑龙江-大庆】
2021-06-30 17:15:48 GSD insert 第 1 次 等待 1 秒
2021-06-30 17:15:49 {"status":"ok","msg":"添加号码已存在，但为‘-’，修改成功！"}
2021-06-30 17:15:49 下次操作: 2021-06-30 17:16:03

2021-06-30 17:16:03 开始第 16 次操作

2021-06-30 17:16:03 开始操作号码 【1710730】
2021-06-30 17:16:06 GSD getOne 第 1 次 等待 1 秒
2021-06-30 17:16:07 查询号码 【1710730】，返回信息 {"status":"ok","msg":"-","time_insert":"2021-06-27 15:56"}
2021-06-30 17:16:07 查询号码 【1710730】，GSD为【"-"】
2021-06-30 17:16:07 ok && -
2021-06-30 17:16:09 CHB 1710730?1625044567 第 1 次 等待 1 秒
2021-06-30 17:16:10 CHB 1710730?1625044567 第 1 次 获取到号码【1710730】GSD
2021-06-30 17:16:10 获取到号码【1710730】的GSD为【黑龙江-大庆】
2021-06-30 17:16:14 GSD insert 第 1 次 等待 1 秒
2021-06-30 17:16:15 {"status":"ok","msg":"添加号码已存在，但为‘-’，修改成功！"}
2021-06-30 17:16:15 下次操作: 2021-06-30 17:16:25

2021-06-30 17:16:25 开始第 17 次操作

2021-06-30 17:16:25 开始操作号码 【1710731】
2021-06-30 17:16:30 GSD getOne 第 1 次 等待 1 秒
2021-06-30 17:16:31 查询号码 【1710731】，返回信息 {"status":"ok","msg":"-","time_insert":"2021-06-27 16:43"}
2021-06-30 17:16:31 查询号码 【1710731】，GSD为【"-"】
2021-06-30 17:16:31 ok && -
2021-06-30 17:16:33 CHB 1710731?1625044591 第 1 次 等待 1 秒
2021-06-30 17:16:34 CHB 1710731?1625044591 第 1 次 获取到号码【1710731】GSD
2021-06-30 17:16:34 获取到号码【1710731】的GSD为【黑龙江-大庆】
2021-06-30 17:16:40 GSD insert 第 1 次 等待 1 秒
2021-06-30 17:16:41 {"status":"ok","msg":"添加号码已存在，但为‘-’，修改成功！"}
2021-06-30 17:16:41 下次操作: 2021-06-30 17:16:47

2021-06-30 17:16:47 开始第 18 次操作

2021-06-30 17:16:47 开始操作号码 【1710732】
2021-06-30 17:16:52 GSD getOne 第 1 次 等待 1 秒
2021-06-30 17:16:53 查询号码 【1710732】，返回信息 {"status":"ok","msg":"-","time_insert":"2021-06-27 16:44"}
2021-06-30 17:16:53 查询号码 【1710732】，GSD为【"-"】
2021-06-30 17:16:53 ok && -
2021-06-30 17:16:54 CHB 1710732?1625044613 第 1 次 等待 1 秒
2021-06-30 17:16:55 CHB 1710732?1625044613 第 1 次 获取到号码【1710732】GSD
2021-06-30 17:16:55 获取到号码【1710732】的GSD为【黑龙江-大庆】
2021-06-30 17:16:59 GSD insert 第 1 次 等待 1 秒
2021-06-30 17:17:00 {"status":"ok","msg":"添加号码已存在，但为‘-’，修改成功！"}
2021-06-30 17:17:00 下次操作: 2021-06-30 17:17:15

2021-06-30 17:17:15 开始第 19 次操作

2021-06-30 17:17:15 开始操作号码 【1710733】
2021-06-30 17:17:20 GSD getOne 第 1 次 等待 1 秒
2021-06-30 17:17:21 查询号码 【1710733】，返回信息 {"status":"ok","msg":"-","time_insert":"2021-06-27 16:45"}
2021-06-30 17:17:21 查询号码 【1710733】，GSD为【"-"】
2021-06-30 17:17:21 ok && -
2021-06-30 17:17:22 CHB 1710733?1625044641 第 1 次 等待 1 秒
2021-06-30 17:17:23 CHB 1710733?1625044641 第 1 次 获取到号码【1710733】GSD
2021-06-30 17:17:23 获取到号码【1710733】的GSD为【黑龙江-大庆】
2021-06-30 17:17:28 GSD insert 第 1 次 等待 1 秒
2021-06-30 17:17:29 {"status":"ok","msg":"添加号码已存在，但为‘-’，修改成功！"}
2021-06-30 17:17:29 下次操作: 2021-06-30 17:17:39

2021-06-30 17:17:39 开始第 20 次操作

2021-06-30 17:17:39 开始操作号码 【1710734】
2021-06-30 17:17:45 GSD getOne 第 1 次 等待 1 秒
2021-06-30 17:17:46 查询号码 【1710734】，返回信息 {"status":"ok","msg":"-","time_insert":"2021-06-27 16:46"}
2021-06-30 17:17:46 查询号码 【1710734】，GSD为【"-"】
2021-06-30 17:17:46 ok && -
2021-06-30 17:17:47 CHB 1710734?1625044666 第 1 次 等待 1 秒
2021-06-30 17:17:48 CHB 1710734?1625044666 第 1 次 获取到号码【1710734】GSD
2021-06-30 17:17:48 获取到号码【1710734】的GSD为【黑龙江-大庆】
2021-06-30 17:17:52 GSD insert 第 1 次 等待 1 秒
2021-06-30 17:17:53 {"status":"ok","msg":"添加号码已存在，但为‘-’，修改成功！"}
2021-06-30 17:17:53 下次操作: 2021-06-30 17:18:04

2021-06-30 17:18:04 开始第 21 次操作

2021-06-30 17:18:04 开始操作号码 【1710735】
2021-06-30 17:18:09 GSD getOne 第 1 次 等待 1 秒
2021-06-30 17:18:10 查询号码 【1710735】，返回信息 {"status":"ok","msg":"-","time_insert":"2021-06-27 16:46"}
2021-06-30 17:18:10 查询号码 【1710735】，GSD为【"-"】
2021-06-30 17:18:10 ok && -
2021-06-30 17:18:11 CHB 1710735?1625044690 第 1 次 等待 1 秒
2021-06-30 17:18:12 CHB 1710735?1625044690 第 1 次 获取到号码【1710735】GSD
2021-06-30 17:18:12 获取到号码【1710735】的GSD为【黑龙江-大庆】
2021-06-30 17:18:17 GSD insert 第 1 次 等待 1 秒
2021-06-30 17:18:18 {"status":"ok","msg":"添加号码已存在，但为‘-’，修改成功！"}
2021-06-30 17:18:18 下次操作: 2021-06-30 17:18:27

2021-06-30 17:18:27 开始第 22 次操作

2021-06-30 17:18:27 开始操作号码 【1710736】
2021-06-30 17:18:30 GSD getOne 第 1 次 等待 1 秒
2021-06-30 17:18:31 查询号码 【1710736】，返回信息 {"status":"ok","msg":"-","time_insert":"2021-06-27 16:47"}
2021-06-30 17:18:31 查询号码 【1710736】，GSD为【"-"】
2021-06-30 17:18:31 ok && -
2021-06-30 17:18:33 CHB 1710736?1625044711 第 1 次 等待 1 秒
2021-06-30 17:18:34 CHB 1710736?1625044711 第 1 次 获取到号码【1710736】GSD
2021-06-30 17:18:34 获取到号码【1710736】的GSD为【黑龙江-大庆】
2021-06-30 17:18:38 GSD insert 第 1 次 等待 1 秒
2021-06-30 17:18:39 {"status":"ok","msg":"添加号码已存在，但为‘-’，修改成功！"}
2021-06-30 17:18:39 下次操作: 2021-06-30 17:18:54

2021-06-30 17:18:54 开始第 23 次操作

2021-06-30 17:18:54 开始操作号码 【1710737】
2021-06-30 17:19:01 GSD getOne 第 1 次 等待 1 秒
2021-06-30 17:19:02 查询号码 【1710737】，返回信息 {"status":"ok","msg":"-","time_insert":"2021-06-27 16:48"}
2021-06-30 17:19:02 查询号码 【1710737】，GSD为【"-"】
2021-06-30 17:19:02 ok && -
2021-06-30 17:19:03 CHB 1710737?1625044742 第 1 次 等待 1 秒
2021-06-30 17:19:04 CHB 1710737?1625044742 第 1 次 获取到号码【1710737】GSD
2021-06-30 17:19:04 获取到号码【1710737】的GSD为【黑龙江-大庆】
2021-06-30 17:19:09 GSD insert 第 1 次 等待 1 秒
2021-06-30 17:19:10 {"status":"ok","msg":"添加号码已存在，但为‘-’，修改成功！"}
2021-06-30 17:19:10 下次操作: 2021-06-30 17:19:28

2021-06-30 17:19:28 开始第 24 次操作

2021-06-30 17:19:28 开始操作号码 【1710738】
2021-06-30 17:19:31 GSD getOne 第 1 次 等待 1 秒
2021-06-30 17:19:32 查询号码 【1710738】，返回信息 {"status":"ok","msg":"-","time_insert":"2021-06-27 16:49"}
2021-06-30 17:19:32 查询号码 【1710738】，GSD为【"-"】
2021-06-30 17:19:32 ok && -
2021-06-30 17:19:34 CHB 1710738?1625044772 第 1 次 等待 1 秒
2021-06-30 17:19:35 CHB 1710738?1625044772 第 1 次 获取到号码【1710738】GSD
2021-06-30 17:19:35 获取到号码【1710738】的GSD为【黑龙江-大庆】
2021-06-30 17:19:39 GSD insert 第 1 次 等待 1 秒
2021-06-30 17:19:40 {"status":"ok","msg":"添加号码已存在，但为‘-’，修改成功！"}
2021-06-30 17:19:40 下次操作: 2021-06-30 17:19:51

2021-06-30 17:19:51 开始第 25 次操作

2021-06-30 17:19:51 开始操作号码 【1710739】
2021-06-30 17:19:55 GSD getOne 第 1 次 等待 1 秒
2021-06-30 17:19:56 查询号码 【1710739】，返回信息 {"status":"ok","msg":"-","time_insert":"2021-06-27 16:49"}
2021-06-30 17:19:56 查询号码 【1710739】，GSD为【"-"】
2021-06-30 17:19:56 ok && -
2021-06-30 17:19:57 CHB 1710739?1625044796 第 1 次 等待 1 秒
2021-06-30 17:19:58 CHB 1710739?1625044796 第 1 次 获取到号码【1710739】GSD
2021-06-30 17:19:58 获取到号码【1710739】的GSD为【黑龙江-佳木斯】
2021-06-30 17:20:03 GSD insert 第 1 次 等待 1 秒
2021-06-30 17:20:04 {"status":"ok","msg":"添加号码已存在，但为‘-’，修改成功！"}
2021-06-30 17:20:04 下次操作: 2021-06-30 17:20:18

2021-06-30 17:20:18 开始第 26 次操作

2021-06-30 17:20:18 开始操作号码 【1710740】
2021-06-30 17:20:21 GSD getOne 第 1 次 等待 1 秒
2021-06-30 17:20:22 查询号码 【1710740】，返回信息 {"status":"ok","msg":"黑龙江-佳木斯","time_insert":"2017-04-19 11:23","time_update":"2021-01-22 06:41"}
2021-06-30 17:20:22 查询号码 【1710740】，GSD为【"黑龙江-佳木斯"】

2021-06-30 17:20:22 开始第 26 次操作

2021-06-30 17:20:22 开始操作号码 【1710741】
2021-06-30 17:20:26 GSD getOne 第 1 次 等待 1 秒
2021-06-30 17:20:27 查询号码 【1710741】，返回信息 {"status":"ok","msg":"-","time_insert":"2021-06-27 16:50"}
2021-06-30 17:20:27 查询号码 【1710741】，GSD为【"-"】
2021-06-30 17:20:27 ok && -
2021-06-30 17:20:28 CHB 1710741?1625044827 第 1 次 等待 1 秒
2021-06-30 17:20:29 CHB 1710741?1625044827 第 1 次 获取到号码【1710741】GSD
2021-06-30 17:20:29 获取到号码【1710741】的GSD为【黑龙江-佳木斯】
2021-06-30 17:20:34 GSD insert 第 1 次 等待 1 秒
2021-06-30 17:20:35 {"status":"ok","msg":"添加号码已存在，但为‘-’，修改成功！"}
2021-06-30 17:20:35 下次操作: 2021-06-30 17:20:51

2021-06-30 17:20:51 开始第 27 次操作

2021-06-30 17:20:51 开始操作号码 【1710742】
2021-06-30 17:20:54 GSD getOne 第 1 次 等待 1 秒
2021-06-30 17:20:56 查询号码 【1710742】，返回信息 {"status":"ok","msg":"-","time_insert":"2021-06-27 16:51"}
2021-06-30 17:20:56 查询号码 【1710742】，GSD为【"-"】
2021-06-30 17:20:56 ok && -
2021-06-30 17:20:57 CHB 1710742?1625044856 第 1 次 等待 1 秒
2021-06-30 17:20:58 CHB 1710742?1625044856 第 1 次 获取到号码【1710742】GSD
2021-06-30 17:20:58 获取到号码【1710742】的GSD为【黑龙江-佳木斯】
2021-06-30 17:21:02 GSD insert 第 1 次 等待 1 秒
2021-06-30 17:21:03 {"status":"ok","msg":"添加号码已存在，但为‘-’，修改成功！"}
2021-06-30 17:21:03 下次操作: 2021-06-30 17:21:16

2021-06-30 17:21:16 开始第 28 次操作

2021-06-30 17:21:16 开始操作号码 【1710743】
2021-06-30 17:21:20 GSD getOne 第 1 次 等待 1 秒
2021-06-30 17:21:21 查询号码 【1710743】，返回信息 {"status":"ok","msg":"-","time_insert":"2021-06-27 16:52"}
2021-06-30 17:21:21 查询号码 【1710743】，GSD为【"-"】
2021-06-30 17:21:21 ok && -
2021-06-30 17:21:22 CHB 1710743?1625044881 第 1 次 等待 1 秒
2021-06-30 17:21:23 CHB 1710743?1625044881 第 1 次 获取到号码【1710743】GSD
2021-06-30 17:21:23 获取到号码【1710743】的GSD为【黑龙江-佳木斯】
2021-06-30 17:21:28 GSD insert 第 1 次 等待 1 秒
2021-06-30 17:21:29 {"status":"ok","msg":"添加号码已存在，但为‘-’，修改成功！"}
2021-06-30 17:21:29 下次操作: 2021-06-30 17:21:40

2021-06-30 17:21:40 开始第 29 次操作

2021-06-30 17:21:40 开始操作号码 【1710744】
2021-06-30 17:21:44 GSD getOne 第 1 次 等待 1 秒
2021-06-30 17:21:45 查询号码 【1710744】，返回信息 {"status":"ok","msg":"-","time_insert":"2021-06-27 16:53"}
2021-06-30 17:21:45 查询号码 【1710744】，GSD为【"-"】
2021-06-30 17:21:45 ok && -
2021-06-30 17:21:46 CHB 1710744?1625044905 第 1 次 等待 1 秒
2021-06-30 17:21:47 CHB 1710744?1625044905 第 1 次 获取到号码【1710744】GSD
2021-06-30 17:21:47 获取到号码【1710744】的GSD为【黑龙江-佳木斯】
2021-06-30 17:21:52 GSD insert 第 1 次 等待 1 秒
2021-06-30 17:21:53 {"status":"ok","msg":"添加号码已存在，但为‘-’，修改成功！"}
2021-06-30 17:21:53 下次操作: 2021-06-30 17:21:59

2021-06-30 17:21:59 开始第 30 次操作

2021-06-30 17:21:59 开始操作号码 【1710745】
2021-06-30 17:22:05 GSD getOne 第 1 次 等待 1 秒
2021-06-30 17:22:06 查询号码 【1710745】，返回信息 {"status":"ok","msg":"-","time_insert":"2021-06-27 16:53"}
2021-06-30 17:22:06 查询号码 【1710745】，GSD为【"-"】
2021-06-30 17:22:06 ok && -
2021-06-30 17:22:07 CHB 1710745?1625044926 第 1 次 等待 1 秒
2021-06-30 17:22:08 CHB 1710745?1625044926 第 1 次 获取到号码【1710745】GSD
2021-06-30 17:22:08 获取到号码【1710745】的GSD为【黑龙江-佳木斯】
2021-06-30 17:22:16 GSD insert 第 1 次 等待 1 秒
2021-06-30 17:22:17 {"status":"ok","msg":"添加号码已存在，但为‘-’，修改成功！"}

2021-06-30 17:48:25 开始第 1 次操作

2021-06-30 17:48:25 开始操作号码 【1710746】
2021-06-30 17:48:32 GSD getOne 第 1 次 等待 1 秒
2021-06-30 17:48:33 查询号码 【1710746】，返回信息 {"status":"ok","msg":"-","time_insert":"2021-06-27 16:54"}
2021-06-30 17:48:33 查询号码 【1710746】，GSD为【"-"】
2021-06-30 17:48:33 ok && -
2021-06-30 17:48:33 CHB 1710746?1625046513 第 1 次 等待 1 秒
2021-06-30 17:48:34 CHB 1710746?1625046513 第 1 次 获取到号码【1710746】GSD
2021-06-30 17:48:34 未获取到号码【1710746】GSD，查号吧 521 错误
2021-06-30 17:48:34 获取到号码【1710746】的GSD为【-】
2021-06-30 17:48:42 GSD insert 第 1 次 等待 1 秒
2021-06-30 17:48:43 {"status":"bad","msg":"添加失败！号码【1710746(-|-)】已存在！"}
2021-06-30 17:48:43 下次操作: 2021-06-30 17:48:59

2021-06-30 17:48:59 开始第 2 次操作

2021-06-30 17:48:59 开始操作号码 【1710747】
2021-06-30 17:49:03 GSD getOne 第 1 次 等待 1 秒
2021-06-30 17:49:04 查询号码 【1710747】，返回信息 {"status":"ok","msg":"-","time_insert":"2021-06-27 16:55"}
2021-06-30 17:49:04 查询号码 【1710747】，GSD为【"-"】
2021-06-30 17:49:04 ok && -
2021-06-30 17:49:14 CHB 1710747?1625046544 第 1 次 等待 1 秒
2021-06-30 17:49:15 CHB 1710747?1625046544 第 1 次 获取到号码【1710747】GSD
2021-06-30 17:49:15 获取到号码【1710747】的GSD为【黑龙江-佳木斯】
2021-06-30 17:49:20 GSD insert 第 1 次 等待 1 秒
2021-06-30 17:49:21 {"status":"ok","msg":"添加号码已存在，但为‘-’，修改成功！"}
2021-06-30 17:49:21 下次操作: 2021-06-30 17:49:34

2021-06-30 17:49:34 开始第 3 次操作

2021-06-30 17:49:34 开始操作号码 【1710748】
2021-06-30 17:49:41 GSD getOne 第 1 次 等待 1 秒
2021-06-30 17:49:42 查询号码 【1710748】，返回信息 {"status":"ok","msg":"-","time_insert":"2021-06-27 16:56"}
2021-06-30 17:49:42 查询号码 【1710748】，GSD为【"-"】
2021-06-30 17:49:42 ok && -
2021-06-30 17:49:54 CHB 1710748?1625046582 第 1 次 等待 1 秒
2021-06-30 17:49:55 CHB 1710748?1625046582 第 1 次 获取到号码【1710748】GSD
2021-06-30 17:49:55 获取到号码【1710748】的GSD为【黑龙江-佳木斯】
2021-06-30 17:49:59 GSD insert 第 1 次 等待 1 秒
2021-06-30 17:50:00 {"status":"ok","msg":"添加号码已存在，但为‘-’，修改成功！"}
2021-06-30 17:50:00 下次操作: 2021-06-30 17:50:12

2021-06-30 17:50:12 开始第 4 次操作

2021-06-30 17:50:12 开始操作号码 【1710749】
2021-06-30 17:50:16 GSD getOne 第 1 次 等待 1 秒
2021-06-30 17:50:17 查询号码 【1710749】，返回信息 {"status":"ok","msg":"-","time_insert":"2021-06-27 16:56"}
2021-06-30 17:50:17 查询号码 【1710749】，GSD为【"-"】
2021-06-30 17:50:17 ok && -
2021-06-30 17:50:29 CHB 1710749?1625046617 第 1 次 等待 1 秒
2021-06-30 17:50:30 CHB 1710749?1625046617 第 1 次 获取到号码【1710749】GSD
2021-06-30 17:50:30 未获取到号码【1710749】GSD，查号吧 525 错误
2021-06-30 17:50:30 获取到号码【1710749】的GSD为【-】
2021-06-30 17:50:34 GSD insert 第 1 次 等待 1 秒
2021-06-30 17:50:35 {"status":"bad","msg":"添加失败！号码【1710749(-|-)】已存在！"}
2021-06-30 17:50:35 下次操作: 2021-06-30 17:50:44

2021-06-30 17:50:44 开始第 5 次操作

2021-06-30 17:50:44 开始操作号码 【1710750】
2021-06-30 17:50:50 GSD getOne 第 1 次 等待 1 秒
2021-06-30 17:50:51 查询号码 【1710750】，返回信息 {"status":"ok","msg":"-","time_insert":"2021-06-27 16:57"}
2021-06-30 17:50:51 查询号码 【1710750】，GSD为【"-"】
2021-06-30 17:50:51 ok && -
2021-06-30 17:50:52 CHB 1710750?1625046651 第 1 次 等待 1 秒
2021-06-30 17:50:53 CHB 1710750?1625046651 第 1 次 获取到号码【1710750】GSD
2021-06-30 17:50:53 未获取到号码【1710750】GSD，查号吧 521 错误
2021-06-30 17:50:53 获取到号码【1710750】的GSD为【-】
2021-06-30 17:50:59 GSD insert 第 1 次 等待 1 秒
2021-06-30 17:51:00 {"status":"bad","msg":"添加失败！号码【1710750(-|-)】已存在！"}
2021-06-30 17:51:00 下次操作: 2021-06-30 17:51:15

2021-06-30 17:51:15 开始第 6 次操作

2021-06-30 17:51:15 开始操作号码 【1710751】
2021-06-30 17:51:19 GSD getOne 第 1 次 等待 1 秒
2021-06-30 17:51:20 查询号码 【1710751】，返回信息 {"status":"ok","msg":"-","time_insert":"2021-06-27 16:58"}
2021-06-30 17:51:20 查询号码 【1710751】，GSD为【"-"】
2021-06-30 17:51:20 ok && -
2021-06-30 17:51:21 CHB 1710751?1625046680 第 1 次 等待 1 秒
2021-06-30 17:51:22 CHB 1710751?1625046680 第 1 次 获取到号码【1710751】GSD
2021-06-30 17:51:22 获取到号码【1710751】的GSD为【黑龙江-佳木斯】
2021-06-30 17:51:28 GSD insert 第 1 次 等待 1 秒
2021-06-30 17:51:29 {"status":"ok","msg":"添加号码已存在，但为‘-’，修改成功！"}
2021-06-30 17:51:29 下次操作: 2021-06-30 17:51:40

2021-06-30 17:51:40 开始第 7 次操作

2021-06-30 17:51:40 开始操作号码 【1710752】
2021-06-30 17:51:45 GSD getOne 第 1 次 等待 1 秒
2021-06-30 17:51:46 查询号码 【1710752】，返回信息 {"status":"ok","msg":"-","time_insert":"2021-06-27 16:59"}
2021-06-30 17:51:46 查询号码 【1710752】，GSD为【"-"】
2021-06-30 17:51:46 ok && -
2021-06-30 17:51:48 CHB 1710752?1625046706 第 1 次 等待 1 秒
2021-06-30 17:51:49 CHB 1710752?1625046706 第 1 次 获取到号码【1710752】GSD
2021-06-30 17:51:49 获取到号码【1710752】的GSD为【黑龙江-佳木斯】
2021-06-30 17:51:53 GSD insert 第 1 次 等待 1 秒
2021-06-30 17:51:54 {"status":"ok","msg":"添加号码已存在，但为‘-’，修改成功！"}
2021-06-30 17:51:54 下次操作: 2021-06-30 17:52:11

2021-06-30 17:52:11 开始第 8 次操作

2021-06-30 17:52:11 开始操作号码 【1710753】
2021-06-30 17:52:15 GSD getOne 第 1 次 等待 1 秒
2021-06-30 17:52:16 查询号码 【1710753】，返回信息 {"status":"ok","msg":"-","time_insert":"2021-06-27 16:59"}
2021-06-30 17:52:16 查询号码 【1710753】，GSD为【"-"】
2021-06-30 17:52:16 ok && -
2021-06-30 17:52:17 CHB 1710753?1625046736 第 1 次 等待 1 秒
2021-06-30 17:52:18 CHB 1710753?1625046736 第 1 次 获取到号码【1710753】GSD
2021-06-30 17:52:18 获取到号码【1710753】的GSD为【黑龙江-佳木斯】
2021-06-30 17:52:22 GSD insert 第 1 次 等待 1 秒
2021-06-30 17:52:23 {"status":"ok","msg":"添加号码已存在，但为‘-’，修改成功！"}
2021-06-30 17:52:23 下次操作: 2021-06-30 17:52:39

2021-06-30 17:52:39 开始第 9 次操作

2021-06-30 17:52:39 开始操作号码 【1710754】
2021-06-30 17:52:43 GSD getOne 第 1 次 等待 1 秒
2021-06-30 17:52:44 查询号码 【1710754】，返回信息 {"status":"ok","msg":"-","time_insert":"2021-06-27 17:00"}
2021-06-30 17:52:44 查询号码 【1710754】，GSD为【"-"】
2021-06-30 17:52:44 ok && -
2021-06-30 17:52:45 CHB 1710754?1625046764 第 1 次 等待 1 秒
2021-06-30 17:52:46 CHB 1710754?1625046764 第 1 次 获取到号码【1710754】GSD
2021-06-30 17:52:46 获取到号码【1710754】的GSD为【黑龙江-佳木斯】
2021-06-30 17:52:51 GSD insert 第 1 次 等待 1 秒
2021-06-30 17:52:52 {"status":"ok","msg":"添加号码已存在，但为‘-’，修改成功！"}
2021-06-30 17:52:52 下次操作: 2021-06-30 17:53:04

2021-06-30 17:53:04 开始第 10 次操作

2021-06-30 17:53:04 开始操作号码 【1710755】
2021-06-30 17:53:07 GSD getOne 第 1 次 等待 1 秒
2021-06-30 17:53:08 查询号码 【1710755】，返回信息 {"status":"ok","msg":"-","time_insert":"2021-06-27 17:01"}
2021-06-30 17:53:09 查询号码 【1710755】，GSD为【"-"】
2021-06-30 17:53:09 ok && -
2021-06-30 17:53:10 CHB 1710755?1625046789 第 1 次 等待 1 秒
2021-06-30 17:53:11 CHB 1710755?1625046789 第 1 次 获取到号码【1710755】GSD
2021-06-30 17:53:11 获取到号码【1710755】的GSD为【黑龙江-佳木斯】
2021-06-30 17:53:15 GSD insert 第 1 次 等待 1 秒
2021-06-30 17:53:16 {"status":"ok","msg":"添加号码已存在，但为‘-’，修改成功！"}
2021-06-30 17:53:16 下次操作: 2021-06-30 17:53:32

2021-06-30 17:53:32 开始第 11 次操作

2021-06-30 17:53:32 开始操作号码 【1710756】
2021-06-30 17:53:36 GSD getOne 第 1 次 等待 1 秒
2021-06-30 17:53:37 查询号码 【1710756】，返回信息 {"status":"ok","msg":"-","time_insert":"2021-06-27 17:02"}
2021-06-30 17:53:37 查询号码 【1710756】，GSD为【"-"】
2021-06-30 17:53:37 ok && -
2021-06-30 17:53:38 CHB 1710756?1625046817 第 1 次 等待 1 秒
2021-06-30 17:53:39 CHB 1710756?1625046817 第 1 次 获取到号码【1710756】GSD
2021-06-30 17:53:39 获取到号码【1710756】的GSD为【黑龙江-佳木斯】
2021-06-30 17:53:44 GSD insert 第 1 次 等待 1 秒
2021-06-30 17:53:45 {"status":"ok","msg":"添加号码已存在，但为‘-’，修改成功！"}
2021-06-30 17:53:45 下次操作: 2021-06-30 17:53:53

2021-06-30 17:53:53 开始第 12 次操作

2021-06-30 17:53:53 开始操作号码 【1710757】
2021-06-30 17:53:57 GSD getOne 第 1 次 等待 1 秒
2021-06-30 17:53:58 查询号码 【1710757】，返回信息 {"status":"ok","msg":"-","time_insert":"2021-06-27 17:03"}
2021-06-30 17:53:58 查询号码 【1710757】，GSD为【"-"】
2021-06-30 17:53:58 ok && -
2021-06-30 17:53:59 CHB 1710757?1625046838 第 1 次 等待 1 秒
2021-06-30 17:54:00 CHB 1710757?1625046838 第 1 次 获取到号码【1710757】GSD
2021-06-30 17:54:00 获取到号码【1710757】的GSD为【黑龙江-佳木斯】
2021-06-30 17:54:05 GSD insert 第 1 次 等待 1 秒
2021-06-30 17:54:06 {"status":"ok","msg":"添加号码已存在，但为‘-’，修改成功！"}
2021-06-30 17:54:06 下次操作: 2021-06-30 17:54:17

2021-06-30 17:54:17 开始第 13 次操作

2021-06-30 17:54:17 开始操作号码 【1710758】
2021-06-30 17:54:21 GSD getOne 第 1 次 等待 1 秒
2021-06-30 17:54:22 查询号码 【1710758】，返回信息 {"status":"ok","msg":"-","time_insert":"2021-06-27 17:03"}
2021-06-30 17:54:22 查询号码 【1710758】，GSD为【"-"】
2021-06-30 17:54:22 ok && -
2021-06-30 17:54:24 CHB 1710758?1625046862 第 1 次 等待 1 秒
2021-06-30 17:54:25 CHB 1710758?1625046862 第 1 次 获取到号码【1710758】GSD
2021-06-30 17:54:25 获取到号码【1710758】的GSD为【黑龙江-佳木斯】
2021-06-30 17:54:30 GSD insert 第 1 次 等待 1 秒
2021-06-30 17:54:31 {"status":"ok","msg":"添加号码已存在，但为‘-’，修改成功！"}
2021-06-30 17:54:31 下次操作: 2021-06-30 17:54:48

2021-06-30 17:54:48 开始第 14 次操作

2021-06-30 17:54:48 开始操作号码 【1710759】
2021-06-30 17:54:52 GSD getOne 第 1 次 等待 1 秒
2021-06-30 17:54:53 查询号码 【1710759】，返回信息 {"status":"ok","msg":"-","time_insert":"2021-06-27 17:04"}
2021-06-30 17:54:53 查询号码 【1710759】，GSD为【"-"】
2021-06-30 17:54:53 ok && -
2021-06-30 17:54:54 CHB 1710759?1625046893 第 1 次 等待 1 秒
2021-06-30 17:54:55 CHB 1710759?1625046893 第 1 次 获取到号码【1710759】GSD
2021-06-30 17:54:55 获取到号码【1710759】的GSD为【黑龙江-佳木斯】
2021-06-30 17:55:00 GSD insert 第 1 次 等待 1 秒
2021-06-30 17:55:02 {"status":"ok","msg":"添加号码已存在，但为‘-’，修改成功！"}
2021-06-30 17:55:02 下次操作: 2021-06-30 17:55:12

2021-06-30 17:55:12 开始第 15 次操作

2021-06-30 17:55:12 开始操作号码 【1710760】
2021-06-30 17:55:15 GSD getOne 第 1 次 等待 1 秒
2021-06-30 17:55:16 查询号码 【1710760】，返回信息 {"status":"ok","msg":"-","time_insert":"2021-06-27 17:05"}
2021-06-30 17:55:16 查询号码 【1710760】，GSD为【"-"】
2021-06-30 17:55:16 ok && -
2021-06-30 17:55:17 CHB 1710760?1625046916 第 1 次 等待 1 秒
2021-06-30 17:55:19 CHB 1710760?1625046916 第 1 次 获取到号码【1710760】GSD
2021-06-30 17:55:19 获取到号码【1710760】的GSD为【黑龙江-佳木斯】
2021-06-30 17:55:24 GSD insert 第 1 次 等待 1 秒
2021-06-30 17:55:25 {"status":"ok","msg":"添加号码已存在，但为‘-’，修改成功！"}
2021-06-30 17:55:25 下次操作: 2021-06-30 17:55:33

2021-06-30 17:55:33 开始第 16 次操作

2021-06-30 17:55:33 开始操作号码 【1710761】
2021-06-30 17:55:36 GSD getOne 第 1 次 等待 1 秒
2021-06-30 17:55:37 查询号码 【1710761】，返回信息 {"status":"ok","msg":"-","time_insert":"2021-06-27 17:06"}
2021-06-30 17:55:37 查询号码 【1710761】，GSD为【"-"】
2021-06-30 17:55:37 ok && -
2021-06-30 17:55:39 CHB 1710761?1625046937 第 1 次 等待 1 秒
2021-06-30 17:55:40 CHB 1710761?1625046937 第 1 次 获取到号码【1710761】GSD
2021-06-30 17:55:40 获取到号码【1710761】的GSD为【黑龙江-佳木斯】
2021-06-30 17:55:44 GSD insert 第 1 次 等待 1 秒
2021-06-30 17:55:45 {"status":"ok","msg":"添加号码已存在，但为‘-’，修改成功！"}
2021-06-30 17:55:45 下次操作: 2021-06-30 17:56:00

2021-06-30 17:56:00 开始第 17 次操作

2021-06-30 17:56:00 开始操作号码 【1710762】
2021-06-30 17:56:04 GSD getOne 第 1 次 等待 1 秒
2021-06-30 17:56:05 查询号码 【1710762】，返回信息 {"status":"ok","msg":"-","time_insert":"2021-06-27 17:47"}
2021-06-30 17:56:05 查询号码 【1710762】，GSD为【"-"】
2021-06-30 17:56:05 ok && -
2021-06-30 17:56:07 CHB 1710762?1625046965 第 1 次 等待 1 秒
2021-06-30 17:56:08 CHB 1710762?1625046965 第 1 次 获取到号码【1710762】GSD
2021-06-30 17:56:08 获取到号码【1710762】的GSD为【黑龙江-佳木斯】
2021-06-30 17:56:12 GSD insert 第 1 次 等待 1 秒
2021-06-30 17:56:13 {"status":"ok","msg":"添加号码已存在，但为‘-’，修改成功！"}
2021-06-30 17:56:13 下次操作: 2021-06-30 17:56:20

2021-06-30 17:56:20 开始第 18 次操作

2021-06-30 17:56:20 开始操作号码 【1710763】
2021-06-30 17:56:24 GSD getOne 第 1 次 等待 1 秒
2021-06-30 17:56:25 查询号码 【1710763】，返回信息 {"status":"ok","msg":"-","time_insert":"2021-06-27 17:47"}
2021-06-30 17:56:25 查询号码 【1710763】，GSD为【"-"】
2021-06-30 17:56:25 ok && -
2021-06-30 17:56:26 CHB 1710763?1625046985 第 1 次 等待 1 秒
2021-06-30 17:56:27 CHB 1710763?1625046985 第 1 次 获取到号码【1710763】GSD
2021-06-30 17:56:27 获取到号码【1710763】的GSD为【黑龙江-佳木斯】
2021-06-30 17:56:31 GSD insert 第 1 次 等待 1 秒
2021-06-30 17:56:32 {"status":"ok","msg":"添加号码已存在，但为‘-’，修改成功！"}
2021-06-30 17:56:32 下次操作: 2021-06-30 17:56:41

2021-06-30 17:56:41 开始第 19 次操作

2021-06-30 17:56:41 开始操作号码 【1710764】
2021-06-30 17:56:46 GSD getOne 第 1 次 等待 1 秒
2021-06-30 17:56:47 查询号码 【1710764】，返回信息 {"status":"ok","msg":"-","time_insert":"2021-06-27 17:48"}
2021-06-30 17:56:47 查询号码 【1710764】，GSD为【"-"】
2021-06-30 17:56:47 ok && -
2021-06-30 17:56:48 CHB 1710764?1625047007 第 1 次 等待 1 秒
2021-06-30 17:56:49 CHB 1710764?1625047007 第 1 次 获取到号码【1710764】GSD
2021-06-30 17:56:49 获取到号码【1710764】的GSD为【黑龙江-佳木斯】
2021-06-30 17:56:54 GSD insert 第 1 次 等待 1 秒
2021-06-30 17:56:55 {"status":"ok","msg":"添加号码已存在，但为‘-’，修改成功！"}
2021-06-30 17:56:55 下次操作: 2021-06-30 17:57:13

2021-06-30 17:57:13 开始第 20 次操作

2021-06-30 17:57:13 开始操作号码 【1710765】
2021-06-30 17:57:18 GSD getOne 第 1 次 等待 1 秒
2021-06-30 17:57:19 查询号码 【1710765】，返回信息 {"status":"ok","msg":"-","time_insert":"2021-06-27 17:49"}
2021-06-30 17:57:19 查询号码 【1710765】，GSD为【"-"】
2021-06-30 17:57:19 ok && -
2021-06-30 17:57:22 CHB 1710765?1625047039 第 1 次 等待 1 秒
2021-06-30 17:57:23 CHB 1710765?1625047039 第 1 次 获取到号码【1710765】GSD
2021-06-30 17:57:23 获取到号码【1710765】的GSD为【黑龙江-佳木斯】
2021-06-30 17:57:27 GSD insert 第 1 次 等待 1 秒
2021-06-30 17:57:28 {"status":"ok","msg":"添加号码已存在，但为‘-’，修改成功！"}
2021-06-30 17:57:28 下次操作: 2021-06-30 17:57:34

2021-06-30 17:57:34 开始第 21 次操作

2021-06-30 17:57:34 开始操作号码 【1710766】
2021-06-30 17:57:41 GSD getOne 第 1 次 等待 1 秒
2021-06-30 17:57:42 查询号码 【1710766】，返回信息 {"status":"ok","msg":"-","time_insert":"2021-06-27 17:50"}
2021-06-30 17:57:42 查询号码 【1710766】，GSD为【"-"】
2021-06-30 17:57:42 ok && -
2021-06-30 17:57:49 CHB 1710766?1625047062 第 1 次 等待 1 秒
2021-06-30 17:57:50 CHB 1710766?1625047062 第 1 次 获取到号码【1710766】GSD
2021-06-30 17:57:50 获取到号码【1710766】的GSD为【黑龙江-哈尔滨】
2021-06-30 17:57:56 GSD insert 第 1 次 等待 1 秒
2021-06-30 17:57:57 {"status":"ok","msg":"添加号码已存在，但为‘-’，修改成功！"}
2021-06-30 17:57:57 下次操作: 2021-06-30 17:58:06

2021-06-30 17:58:06 开始第 22 次操作

2021-06-30 17:58:06 开始操作号码 【1710767】
2021-06-30 17:58:10 GSD getOne 第 1 次 等待 1 秒
2021-06-30 17:58:11 查询号码 【1710767】，返回信息 {"status":"ok","msg":"-","time_insert":"2021-06-27 17:51"}
2021-06-30 17:58:11 查询号码 【1710767】，GSD为【"-"】
2021-06-30 17:58:11 ok && -
2021-06-30 17:58:15 CHB 1710767?1625047091 第 1 次 等待 1 秒
2021-06-30 17:58:16 CHB 1710767?1625047091 第 1 次 获取到号码【1710767】GSD
2021-06-30 17:58:16 获取到号码【1710767】的GSD为【黑龙江-佳木斯】
2021-06-30 17:58:20 GSD insert 第 1 次 等待 1 秒
2021-06-30 17:58:21 {"status":"ok","msg":"添加号码已存在，但为‘-’，修改成功！"}
2021-06-30 17:58:21 下次操作: 2021-06-30 17:58:37

2021-06-30 17:58:37 开始第 23 次操作

2021-06-30 17:58:37 开始操作号码 【1710768】
2021-06-30 17:58:45 GSD getOne 第 1 次 等待 1 秒
2021-06-30 17:58:46 查询号码 【1710768】，返回信息 {"status":"ok","msg":"-","time_insert":"2021-06-27 17:51"}
2021-06-30 17:58:46 查询号码 【1710768】，GSD为【"-"】
2021-06-30 17:58:46 ok && -
2021-06-30 17:58:47 CHB 1710768?1625047126 第 1 次 等待 1 秒
2021-06-30 17:58:48 CHB 1710768?1625047126 第 1 次 获取到号码【1710768】GSD
2021-06-30 17:58:48 获取到号码【1710768】的GSD为【黑龙江-佳木斯】
2021-06-30 17:58:55 GSD insert 第 1 次 等待 1 秒
2021-06-30 17:58:56 {"status":"ok","msg":"添加号码已存在，但为‘-’，修改成功！"}
2021-06-30 17:58:56 下次操作: 2021-06-30 17:59:03

2021-06-30 17:59:03 开始第 24 次操作

2021-06-30 17:59:03 开始操作号码 【1710769】
2021-06-30 17:59:06 GSD getOne 第 1 次 等待 1 秒
2021-06-30 17:59:07 查询号码 【1710769】，返回信息 {"status":"ok","msg":"-","time_insert":"2021-06-27 17:52"}
2021-06-30 17:59:07 查询号码 【1710769】，GSD为【"-"】
2021-06-30 17:59:07 ok && -
2021-06-30 17:59:09 CHB 1710769?1625047147 第 1 次 等待 1 秒
2021-06-30 17:59:10 CHB 1710769?1625047147 第 1 次 获取到号码【1710769】GSD
2021-06-30 17:59:10 获取到号码【1710769】的GSD为【黑龙江-佳木斯】
2021-06-30 17:59:14 GSD insert 第 1 次 等待 1 秒
2021-06-30 17:59:15 {"status":"ok","msg":"添加号码已存在，但为‘-’，修改成功！"}
2021-06-30 17:59:15 下次操作: 2021-06-30 17:59:26

2021-06-30 17:59:26 开始第 25 次操作

2021-06-30 17:59:26 开始操作号码 【1710770】
2021-06-30 17:59:30 GSD getOne 第 1 次 等待 1 秒
2021-06-30 17:59:31 查询号码 【1710770】，返回信息 {"status":"ok","msg":"-","time_insert":"2021-06-27 17:53"}
2021-06-30 17:59:31 查询号码 【1710770】，GSD为【"-"】
2021-06-30 17:59:31 ok && -
2021-06-30 17:59:32 CHB 1710770?1625047171 第 1 次 等待 1 秒
2021-06-30 17:59:33 CHB 1710770?1625047171 第 1 次 获取到号码【1710770】GSD
2021-06-30 17:59:33 获取到号码【1710770】的GSD为【浙江-杭州】
2021-06-30 17:59:39 GSD insert 第 1 次 等待 1 秒
2021-06-30 17:59:40 {"status":"ok","msg":"添加号码已存在，但为‘-’，修改成功！"}
2021-06-30 17:59:40 下次操作: 2021-06-30 17:59:56

2021-06-30 17:59:56 开始第 26 次操作

2021-06-30 17:59:56 开始操作号码 【1710771】
2021-06-30 18:00:00 GSD getOne 第 1 次 等待 1 秒
2021-06-30 18:00:01 查询号码 【1710771】，返回信息 {"status":"ok","msg":"-","time_insert":"2021-06-27 17:54"}
2021-06-30 18:00:01 查询号码 【1710771】，GSD为【"-"】
2021-06-30 18:00:01 ok && -
2021-06-30 18:00:02 CHB 1710771?1625047201 第 1 次 等待 1 秒
2021-06-30 18:00:03 CHB 1710771?1625047201 第 1 次 获取到号码【1710771】GSD
2021-06-30 18:00:04 获取到号码【1710771】的GSD为【浙江-杭州】
2021-06-30 18:00:08 GSD insert 第 1 次 等待 1 秒
2021-06-30 18:00:09 {"status":"ok","msg":"添加号码已存在，但为‘-’，修改成功！"}
2021-06-30 18:00:09 下次操作: 2021-06-30 18:00:15

2021-06-30 18:00:15 开始第 27 次操作

2021-06-30 18:00:15 开始操作号码 【1710772】
2021-06-30 18:00:19 GSD getOne 第 1 次 等待 1 秒
2021-06-30 18:00:20 查询号码 【1710772】，返回信息 {"status":"ok","msg":"-","time_insert":"2021-06-27 17:54"}
2021-06-30 18:00:20 查询号码 【1710772】，GSD为【"-"】
2021-06-30 18:00:20 ok && -
2021-06-30 18:00:21 CHB 1710772?1625047220 第 1 次 等待 1 秒
2021-06-30 18:00:22 CHB 1710772?1625047220 第 1 次 获取到号码【1710772】GSD
2021-06-30 18:00:22 获取到号码【1710772】的GSD为【浙江-杭州】
2021-06-30 18:00:27 GSD insert 第 1 次 等待 1 秒
2021-06-30 18:00:28 {"status":"ok","msg":"添加号码已存在，但为‘-’，修改成功！"}
2021-06-30 18:00:28 下次操作: 2021-06-30 18:00:36

2021-06-30 18:00:36 开始第 28 次操作

2021-06-30 18:00:36 开始操作号码 【1710773】
2021-06-30 18:00:39 GSD getOne 第 1 次 等待 1 秒
2021-06-30 18:00:40 查询号码 【1710773】，返回信息 {"status":"ok","msg":"-","time_insert":"2021-06-27 17:55"}
2021-06-30 18:00:40 查询号码 【1710773】，GSD为【"-"】
2021-06-30 18:00:40 ok && -
2021-06-30 18:00:42 CHB 1710773?1625047240 第 1 次 等待 1 秒
2021-06-30 18:00:43 CHB 1710773?1625047240 第 1 次 获取到号码【1710773】GSD
2021-06-30 18:00:43 获取到号码【1710773】的GSD为【浙江-杭州】
2021-06-30 18:00:47 GSD insert 第 1 次 等待 1 秒
2021-06-30 18:00:48 {"status":"ok","msg":"添加号码已存在，但为‘-’，修改成功！"}
2021-06-30 18:00:48 下次操作: 2021-06-30 18:01:02

2021-06-30 18:01:02 开始第 29 次操作

2021-06-30 18:01:02 开始操作号码 【1710774】
2021-06-30 18:01:06 GSD getOne 第 1 次 等待 1 秒
2021-06-30 18:01:07 查询号码 【1710774】，返回信息 {"status":"ok","msg":"-","time_insert":"2021-06-27 17:56"}
2021-06-30 18:01:07 查询号码 【1710774】，GSD为【"-"】
2021-06-30 18:01:07 ok && -
2021-06-30 18:01:08 CHB 1710774?1625047267 第 1 次 等待 1 秒
2021-06-30 18:01:09 CHB 1710774?1625047267 第 1 次 获取到号码【1710774】GSD
2021-06-30 18:01:09 获取到号码【1710774】的GSD为【浙江-杭州】
2021-06-30 18:01:14 GSD insert 第 1 次 等待 1 秒
2021-06-30 18:01:15 {"status":"ok","msg":"添加号码已存在，但为‘-’，修改成功！"}
2021-06-30 18:01:15 下次操作: 2021-06-30 18:01:27

2021-06-30 18:01:27 开始第 30 次操作

2021-06-30 18:01:27 开始操作号码 【1710775】
2021-06-30 18:01:30 GSD getOne 第 1 次 等待 1 秒
2021-06-30 18:01:31 查询号码 【1710775】，返回信息 {"status":"ok","msg":"-","time_insert":"2021-06-27 17:57"}
2021-06-30 18:01:31 查询号码 【1710775】，GSD为【"-"】
2021-06-30 18:01:31 ok && -
2021-06-30 18:01:33 CHB 1710775?1625047291 第 1 次 等待 1 秒
2021-06-30 18:01:34 CHB 1710775?1625047291 第 1 次 获取到号码【1710775】GSD
2021-06-30 18:01:34 获取到号码【1710775】的GSD为【浙江-杭州】
2021-06-30 18:01:38 GSD insert 第 1 次 等待 1 秒
2021-06-30 18:01:39 {"status":"ok","msg":"添加号码已存在，但为‘-’，修改成功！"}

