2024-06-27 00:24:01 开始第 2845 次操作

2024-06-27 00:24:01 开始操作号码 【1462747】
2024-06-27 00:24:20 GSD getOne 第 1 次 等待 3 秒
2024-06-27 00:24:23 查询号码 【1462747】，返回信息 {"status":"ok","msg":"广东-东莞","gid":"184751","time_insert":"2021-07-03 21:43"}
2024-06-27 00:24:23 查询号码 【1462747】，GSD为【"广东-东莞"】

2024-06-27 00:24:24 开始第 2846 次操作

2024-06-27 00:24:24 开始操作号码 【1462748】
2024-06-27 00:24:43 GSD getOne 第 1 次 等待 3 秒
2024-06-27 00:24:46 查询号码 【1462748】，返回信息 {"status":"ok","msg":"广东-东莞","gid":"184926","time_insert":"2021-07-03 21:53"}
2024-06-27 00:24:46 查询号码 【1462748】，GSD为【"广东-东莞"】

2024-06-27 00:24:47 开始第 2847 次操作

2024-06-27 00:24:47 开始操作号码 【1462749】
2024-06-27 00:25:03 GSD getOne 第 1 次 等待 3 秒
2024-06-27 00:25:06 查询号码 【1462749】，返回信息 {"status":"ok","msg":"广东-东莞","gid":"184982","time_insert":"2021-07-03 22:07"}
2024-06-27 00:25:06 查询号码 【1462749】，GSD为【"广东-东莞"】

2024-06-27 00:25:07 开始第 2848 次操作

2024-06-27 00:25:07 开始操作号码 【1462750】
2024-06-27 00:25:34 GSD getOne 第 1 次 等待 3 秒
2024-06-27 00:25:37 查询号码 【1462750】，返回信息 {"status":"ok","msg":"广东-东莞","gid":"185000","time_insert":"2021-07-03 22:18"}
2024-06-27 00:25:37 查询号码 【1462750】，GSD为【"广东-东莞"】

2024-06-27 00:41:42 开始第 2849 次操作

2024-06-27 00:41:42 开始操作号码 【1462751】
2024-06-27 00:42:06 GSD getOne 第 1 次 等待 3 秒
2024-06-27 00:42:09 查询号码 【1462751】，返回信息 {"status":"ok","msg":"广东-东莞","gid":"185025","time_insert":"2021-07-03 22:32"}
2024-06-27 00:42:09 查询号码 【1462751】，GSD为【"广东-东莞"】

2024-06-27 00:42:10 开始第 2850 次操作

2024-06-27 00:42:10 开始操作号码 【1462752】
2024-06-27 00:42:40 GSD getOne 第 1 次 等待 3 秒
2024-06-27 00:42:43 查询号码 【1462752】，返回信息 {"status":"ok","msg":"广东-东莞","gid":"185170","time_insert":"2021-07-03 22:44"}
2024-06-27 00:42:44 查询号码 【1462752】，GSD为【"广东-东莞"】

2024-06-27 00:42:45 开始第 2851 次操作

2024-06-27 00:42:45 开始操作号码 【1462753】
2024-06-27 00:43:12 GSD getOne 第 1 次 等待 3 秒
2024-06-27 00:43:15 查询号码 【1462753】，返回信息 {"status":"ok","msg":"广东-东莞","gid":"185319","time_insert":"2021-07-03 22:56"}
2024-06-27 00:43:15 查询号码 【1462753】，GSD为【"广东-东莞"】

2024-06-27 00:43:16 开始第 2852 次操作

2024-06-27 00:43:16 开始操作号码 【1462754】
2024-06-27 00:43:30 GSD getOne 第 1 次 等待 3 秒
2024-06-27 00:43:33 查询号码 【1462754】，返回信息 {"status":"ok","msg":"广东-东莞","gid":"185362","time_insert":"2021-07-03 23:10"}
2024-06-27 00:43:33 查询号码 【1462754】，GSD为【"广东-东莞"】

2024-06-27 01:16:27 开始第 2853 次操作

2024-06-27 01:16:27 开始操作号码 【1462755】
2024-06-27 01:16:43 GSD getOne 第 1 次 等待 3 秒
2024-06-27 01:16:46 查询号码 【1462755】，返回信息 {"status":"ok","msg":"广东-东莞","gid":"185386","time_insert":"2021-07-03 23:23"}
2024-06-27 01:16:46 查询号码 【1462755】，GSD为【"广东-东莞"】

2024-06-27 01:16:47 开始第 2854 次操作

2024-06-27 01:16:47 开始操作号码 【1462756】
2024-06-27 01:17:04 GSD getOne 第 1 次 等待 3 秒
2024-06-27 01:17:07 查询号码 【1462756】，返回信息 {"status":"ok","msg":"广东-东莞","gid":"185406","time_insert":"2021-07-03 23:33"}
2024-06-27 01:17:07 查询号码 【1462756】，GSD为【"广东-东莞"】

2024-06-27 01:17:08 开始第 2855 次操作

2024-06-27 01:17:08 开始操作号码 【1462757】
2024-06-27 01:17:25 GSD getOne 第 1 次 等待 3 秒
2024-06-27 01:17:28 查询号码 【1462757】，返回信息 {"status":"ok","msg":"广东-东莞","gid":"185429","time_insert":"2021-07-03 23:44"}
2024-06-27 01:17:28 查询号码 【1462757】，GSD为【"广东-东莞"】

2024-06-27 01:17:29 开始第 2856 次操作

2024-06-27 01:17:29 开始操作号码 【1462758】
2024-06-27 01:17:45 GSD getOne 第 1 次 等待 3 秒
2024-06-27 01:17:48 查询号码 【1462758】，返回信息 {"status":"ok","msg":"广东-东莞","gid":"185525","time_insert":"2021-07-03 23:58"}
2024-06-27 01:17:48 查询号码 【1462758】，GSD为【"广东-东莞"】

