2023-10-13 00:40:44 开始第 2801 次操作

2023-10-13 00:40:44 开始操作号码 【1892775】
2023-10-13 00:42:54 GSD getOne 第 1 次 等待 3 秒
2023-10-13 00:45:07 GSD getOne 第 2 次 等待 3 秒
2023-10-13 00:47:20 GSD getOne 第 3 次 等待 3 秒
2023-10-13 00:49:34 GSD getOne 第 4 次 等待 3 秒
2023-10-13 00:51:47 GSD getOne 第 5 次 等待 3 秒
2023-10-13 00:54:00 GSD getOne 第 6 次 等待 3 秒
2023-10-13 00:56:13 GSD getOne 第 7 次 等待 3 秒
2023-10-13 00:58:26 GSD getOne 第 8 次 等待 3 秒
2023-10-13 01:00:39 GSD getOne 第 9 次 等待 3 秒
2023-10-13 01:02:52 GSD getOne 第 10 次 等待 3 秒
2023-10-13 01:02:55 查询号码 【1892775】，返回信息 
2023-10-13 01:02:55 查询失败，3 秒后重新查询
2023-10-13 01:05:09 GSD getOne 第 1 次 等待 3 秒
2023-10-13 01:07:23 GSD getOne 第 2 次 等待 3 秒
2023-10-13 01:09:36 GSD getOne 第 3 次 等待 3 秒
2023-10-13 01:11:49 GSD getOne 第 4 次 等待 3 秒
2023-10-13 01:14:02 GSD getOne 第 5 次 等待 3 秒
2023-10-13 01:16:15 GSD getOne 第 6 次 等待 3 秒
2023-10-13 01:18:28 GSD getOne 第 7 次 等待 3 秒
2023-10-13 01:20:41 GSD getOne 第 8 次 等待 3 秒
2023-10-13 01:22:54 GSD getOne 第 9 次 等待 3 秒
2023-10-13 01:25:08 GSD getOne 第 10 次 等待 3 秒
2023-10-13 01:25:11 查询号码 【1892775】，返回信息 
2023-10-13 01:25:11 查询失败，结束本次操作，期待下次成功~
2023-10-13 01:25:11 随机等待 113 秒，约 1 分钟
2023-10-13 01:25:11 下次操作: 2023-10-13 01:27:04

2023-10-13 01:27:04 开始第 2802 次操作

2023-10-13 01:27:04 开始操作号码 【1892775】
2023-10-13 01:29:13 GSD getOne 第 1 次 等待 3 秒
2023-10-13 01:31:26 GSD getOne 第 2 次 等待 3 秒
2023-10-13 01:33:40 GSD getOne 第 3 次 等待 3 秒
2023-10-13 01:35:53 GSD getOne 第 4 次 等待 3 秒
2023-10-13 01:38:06 GSD getOne 第 5 次 等待 3 秒
2023-10-13 01:40:19 GSD getOne 第 6 次 等待 3 秒
2023-10-13 01:42:32 GSD getOne 第 7 次 等待 3 秒
2023-10-13 01:44:45 GSD getOne 第 8 次 等待 3 秒
2023-10-13 01:46:58 GSD getOne 第 9 次 等待 3 秒
2023-10-13 01:49:11 GSD getOne 第 10 次 等待 3 秒
2023-10-13 01:49:14 查询号码 【1892775】，返回信息 
2023-10-13 01:49:14 查询失败，3 秒后重新查询
2023-10-13 01:51:29 GSD getOne 第 1 次 等待 3 秒
2023-10-13 01:53:42 GSD getOne 第 2 次 等待 3 秒
2023-10-13 01:55:55 GSD getOne 第 3 次 等待 3 秒
2023-10-13 01:58:08 GSD getOne 第 4 次 等待 3 秒
2023-10-13 02:00:21 GSD getOne 第 5 次 等待 3 秒
2023-10-13 02:02:34 GSD getOne 第 6 次 等待 3 秒
2023-10-13 02:04:47 GSD getOne 第 7 次 等待 3 秒
2023-10-13 02:07:00 GSD getOne 第 8 次 等待 3 秒
2023-10-13 02:09:14 GSD getOne 第 9 次 等待 3 秒
2023-10-13 02:11:27 GSD getOne 第 10 次 等待 3 秒
2023-10-13 02:11:30 查询号码 【1892775】，返回信息 
2023-10-13 02:11:30 查询失败，结束本次操作，期待下次成功~
2023-10-13 02:11:30 随机等待 167 秒，约 2 分钟
2023-10-13 02:11:30 下次操作: 2023-10-13 02:14:17

2023-10-13 02:14:17 开始第 2803 次操作

2023-10-13 02:14:17 开始操作号码 【1892775】
2023-10-13 02:16:28 GSD getOne 第 1 次 等待 3 秒
2023-10-13 02:18:41 GSD getOne 第 2 次 等待 3 秒
2023-10-13 02:20:54 GSD getOne 第 3 次 等待 3 秒
2023-10-13 02:23:07 GSD getOne 第 4 次 等待 3 秒
2023-10-13 02:25:20 GSD getOne 第 5 次 等待 3 秒
2023-10-13 02:27:33 GSD getOne 第 6 次 等待 3 秒
2023-10-13 02:29:46 GSD getOne 第 7 次 等待 3 秒
2023-10-13 02:32:00 GSD getOne 第 8 次 等待 3 秒
2023-10-13 02:34:13 GSD getOne 第 9 次 等待 3 秒
2023-10-13 02:36:26 GSD getOne 第 10 次 等待 3 秒
2023-10-13 02:36:29 查询号码 【1892775】，返回信息 
2023-10-13 02:36:29 查询失败，3 秒后重新查询
2023-10-13 02:38:43 GSD getOne 第 1 次 等待 3 秒
2023-10-13 02:40:56 GSD getOne 第 2 次 等待 3 秒
2023-10-13 02:43:09 GSD getOne 第 3 次 等待 3 秒
2023-10-13 02:45:22 GSD getOne 第 4 次 等待 3 秒
2023-10-13 02:47:36 GSD getOne 第 5 次 等待 3 秒
2023-10-13 02:49:49 GSD getOne 第 6 次 等待 3 秒
2023-10-13 02:52:02 GSD getOne 第 7 次 等待 3 秒
2023-10-13 02:54:15 GSD getOne 第 8 次 等待 3 秒
2023-10-13 02:56:28 GSD getOne 第 9 次 等待 3 秒
2023-10-13 02:58:41 GSD getOne 第 10 次 等待 3 秒
2023-10-13 02:58:44 查询号码 【1892775】，返回信息 
2023-10-13 02:58:44 查询失败，结束本次操作，期待下次成功~
2023-10-13 02:58:44 随机等待 125 秒，约 2 分钟
2023-10-13 02:58:44 下次操作: 2023-10-13 03:00:49

2023-10-13 03:00:49 开始第 2804 次操作

2023-10-13 03:00:49 开始操作号码 【1892775】
2023-10-13 03:02:59 GSD getOne 第 1 次 等待 3 秒
2023-10-13 03:05:12 GSD getOne 第 2 次 等待 3 秒
2023-10-13 03:07:25 GSD getOne 第 3 次 等待 3 秒
2023-10-13 03:09:39 GSD getOne 第 4 次 等待 3 秒
2023-10-13 03:11:52 GSD getOne 第 5 次 等待 3 秒
2023-10-13 03:14:05 GSD getOne 第 6 次 等待 3 秒
2023-10-13 03:16:18 GSD getOne 第 7 次 等待 3 秒
2023-10-13 03:18:31 GSD getOne 第 8 次 等待 3 秒
2023-10-13 03:20:44 GSD getOne 第 9 次 等待 3 秒
2023-10-13 03:22:57 GSD getOne 第 10 次 等待 3 秒
2023-10-13 03:23:00 查询号码 【1892775】，返回信息 
2023-10-13 03:23:00 查询失败，3 秒后重新查询
2023-10-13 03:25:14 GSD getOne 第 1 次 等待 3 秒
2023-10-13 03:27:28 GSD getOne 第 2 次 等待 3 秒
2023-10-13 03:29:41 GSD getOne 第 3 次 等待 3 秒
2023-10-13 03:31:54 GSD getOne 第 4 次 等待 3 秒
2023-10-13 03:34:07 GSD getOne 第 5 次 等待 3 秒
2023-10-13 03:36:20 GSD getOne 第 6 次 等待 3 秒
2023-10-13 03:38:33 GSD getOne 第 7 次 等待 3 秒
2023-10-13 03:40:46 GSD getOne 第 8 次 等待 3 秒
2023-10-13 03:42:59 GSD getOne 第 9 次 等待 3 秒
2023-10-13 03:45:13 GSD getOne 第 10 次 等待 3 秒
2023-10-13 03:45:16 查询号码 【1892775】，返回信息 
2023-10-13 03:45:16 查询失败，结束本次操作，期待下次成功~

