2023-11-18 00:25:39 开始第 9073 次操作

2023-11-18 00:25:39 开始操作号码 【1898987】
2023-11-18 00:25:43 GSD getOne 第 1 次 等待 3 秒
2023-11-18 00:25:46 查询号码 【1898987】，返回信息 {"status":"ok","msg":"浙江-杭州","gid":"439172","time_insert":"2021-07-30 01:37"}
2023-11-18 00:25:46 查询号码 【1898987】，GSD为【"浙江-杭州"】

2023-11-18 00:25:47 开始第 9074 次操作

2023-11-18 00:25:47 开始操作号码 【1898988】
2023-11-18 00:25:52 GSD getOne 第 1 次 等待 3 秒
2023-11-18 00:25:55 查询号码 【1898988】，返回信息 {"status":"ok","msg":"浙江-杭州","gid":"439167","time_insert":"2021-07-30 01:37"}
2023-11-18 00:25:55 查询号码 【1898988】，GSD为【"浙江-杭州"】

2023-11-18 00:25:56 开始第 9075 次操作

2023-11-18 00:25:56 开始操作号码 【1898989】
2023-11-18 00:25:59 GSD getOne 第 1 次 等待 3 秒
2023-11-18 00:26:02 查询号码 【1898989】，返回信息 {"status":"ok","msg":"浙江-杭州","gid":"439163","time_insert":"2021-07-30 01:36"}
2023-11-18 00:26:02 查询号码 【1898989】，GSD为【"浙江-杭州"】

2023-11-18 00:26:03 开始第 9076 次操作

2023-11-18 00:26:03 开始操作号码 【1898990】
2023-11-18 00:26:07 GSD getOne 第 1 次 等待 3 秒
2023-11-18 00:26:10 查询号码 【1898990】，返回信息 {"status":"ok","msg":"西藏-拉萨","gid":"45887","time_insert":"2020-06-05 13:38","time_update":"2020-12-20 20:50"}
2023-11-18 00:26:10 查询号码 【1898990】，GSD为【"西藏-拉萨"】

2023-11-18 00:43:49 开始第 9077 次操作

2023-11-18 00:43:49 开始操作号码 【1898991】
2023-11-18 00:43:53 GSD getOne 第 1 次 等待 3 秒
2023-11-18 00:43:56 查询号码 【1898991】，返回信息 {"status":"ok","msg":"西藏-拉萨","gid":"439158","time_insert":"2021-07-30 01:35"}
2023-11-18 00:43:56 查询号码 【1898991】，GSD为【"西藏-拉萨"】

2023-11-18 00:43:57 开始第 9078 次操作

2023-11-18 00:43:57 开始操作号码 【1898992】
2023-11-18 00:44:00 GSD getOne 第 1 次 等待 3 秒
2023-11-18 00:44:03 查询号码 【1898992】，返回信息 {"status":"ok","msg":"西藏-日喀则","gid":"45888","time_insert":"2017-03-31 04:56","time_update":"2020-12-20 21:04"}
2023-11-18 00:44:03 查询号码 【1898992】，GSD为【"西藏-日喀则"】

2023-11-18 00:44:04 开始第 9079 次操作

2023-11-18 00:44:04 开始操作号码 【1898993】
2023-11-18 00:44:09 GSD getOne 第 1 次 等待 3 秒
2023-11-18 00:44:12 查询号码 【1898993】，返回信息 {"status":"ok","msg":"西藏-山南","gid":"45889","time_insert":"2020-07-23 11:28","time_update":"2020-12-20 21:19"}
2023-11-18 00:44:12 查询号码 【1898993】，GSD为【"西藏-山南"】

2023-11-18 00:44:13 开始第 9080 次操作

2023-11-18 00:44:13 开始操作号码 【1898994】
2023-11-18 00:44:17 GSD getOne 第 1 次 等待 3 秒
2023-11-18 00:44:20 查询号码 【1898994】，返回信息 {"status":"ok","msg":"西藏-林芝","gid":"82770","time_insert":"2021-06-06 13:08","time_update":"2021-06-22 20:01"}
2023-11-18 00:44:20 查询号码 【1898994】，GSD为【"西藏-林芝"】

