2024-01-03 00:20:43 开始第 6545 次操作

2024-01-03 00:20:43 开始操作号码 【1796458】
2024-01-03 00:20:47 GSD getOne 第 1 次 等待 3 秒
2024-01-03 00:20:50 查询号码 【1796458】，返回信息 {"status":"ok","msg":"-","gid":"633991","time_insert":"2023-04-04 12:56"}
2024-01-03 00:20:50 查询号码 【1796458】，GSD为【"-"】
2024-01-03 00:20:50 ok && -
2024-01-03 00:20:52 CHB 1796458?1704212450 第 1 次 等待 3 秒
2024-01-03 00:20:55 CHB 1796458?1704212450 第 1 次 获取到号码【1796458】GSD
2024-01-03 00:20:56 未获取到号码【1796458】GSD，可能号码格式错误
2024-01-03 00:20:56 获取到号码【1796458】的GSD为【-】
2024-01-03 00:20:59 GSD insert 第 1 次 等待 3 秒
2024-01-03 00:21:02 {"status":"bad","gid":"633991","msg":"添加失败！号码【1796458(-|-)】已存在！"}
2024-01-03 00:21:02 随机等待 68 秒，约 1 分钟
2024-01-03 00:21:02 下次操作: 2024-01-03 00:22:10

2024-01-03 00:22:10 开始第 6546 次操作

2024-01-03 00:22:10 开始操作号码 【1796459】
2024-01-03 00:22:13 GSD getOne 第 1 次 等待 3 秒
2024-01-03 00:22:16 查询号码 【1796459】，返回信息 {"status":"ok","msg":"-","gid":"633996","time_insert":"2023-04-04 12:58"}
2024-01-03 00:22:16 查询号码 【1796459】，GSD为【"-"】
2024-01-03 00:22:16 ok && -
2024-01-03 00:22:22 CHB 1796459?1704212536 第 1 次 等待 3 秒
2024-01-03 00:22:25 CHB 1796459?1704212536 第 1 次 获取到号码【1796459】GSD
2024-01-03 00:22:25 未获取到号码【1796459】GSD，可能号码格式错误
2024-01-03 00:22:25 获取到号码【1796459】的GSD为【-】
2024-01-03 00:22:28 GSD insert 第 1 次 等待 3 秒
2024-01-03 00:22:31 {"status":"bad","gid":"633996","msg":"添加失败！号码【1796459(-|-)】已存在！"}
2024-01-03 00:22:31 随机等待 127 秒，约 2 分钟
2024-01-03 00:22:31 下次操作: 2024-01-03 00:24:38

2024-01-03 00:24:38 开始第 6547 次操作

2024-01-03 00:24:38 开始操作号码 【1796460】
2024-01-03 00:24:41 GSD getOne 第 1 次 等待 3 秒
2024-01-03 00:24:44 查询号码 【1796460】，返回信息 {"status":"ok","msg":"-","gid":"634008","time_insert":"2023-04-04 13:08"}
2024-01-03 00:24:44 查询号码 【1796460】，GSD为【"-"】
2024-01-03 00:24:44 ok && -
2024-01-03 00:24:47 CHB 1796460?1704212684 第 1 次 等待 3 秒
2024-01-03 00:24:50 CHB 1796460?1704212684 第 1 次 获取到号码【1796460】GSD
2024-01-03 00:24:50 未获取到号码【1796460】GSD，可能号码格式错误
2024-01-03 00:24:50 获取到号码【1796460】的GSD为【-】
2024-01-03 00:24:53 GSD insert 第 1 次 等待 3 秒
2024-01-03 00:24:56 {"status":"bad","gid":"634008","msg":"添加失败！号码【1796460(-|-)】已存在！"}
2024-01-03 00:24:56 随机等待 211 秒，约 3 分钟
2024-01-03 00:24:56 下次操作: 2024-01-03 00:28:27

2024-01-03 00:28:27 开始第 6548 次操作

2024-01-03 00:28:27 开始操作号码 【1796461】
2024-01-03 00:28:30 GSD getOne 第 1 次 等待 3 秒
2024-01-03 00:28:33 查询号码 【1796461】，返回信息 {"status":"ok","msg":"-","gid":"634009","time_insert":"2023-04-04 13:10"}
2024-01-03 00:28:33 查询号码 【1796461】，GSD为【"-"】
2024-01-03 00:28:33 ok && -
2024-01-03 00:28:37 CHB 1796461?1704212913 第 1 次 等待 3 秒
2024-01-03 00:28:40 CHB 1796461?1704212913 第 1 次 获取到号码【1796461】GSD
2024-01-03 00:28:40 未获取到号码【1796461】GSD，可能号码格式错误
2024-01-03 00:28:40 获取到号码【1796461】的GSD为【-】
2024-01-03 00:28:43 GSD insert 第 1 次 等待 3 秒
2024-01-03 00:28:46 {"status":"bad","gid":"634009","msg":"添加失败！号码【1796461(-|-)】已存在！"}

