2024-03-17 00:18:47 开始第 9173 次操作

2024-03-17 00:18:47 开始操作号码 【1689085】
2024-03-17 00:18:52 GSD getOne 第 1 次 等待 3 秒
2024-03-17 00:18:55 查询号码 【1689085】，返回信息 {"status":"ok","msg":"-","gid":"662761","time_insert":"2023-04-18 19:17"}
2024-03-17 00:18:55 查询号码 【1689085】，GSD为【"-"】
2024-03-17 00:18:55 ok && -
2024-03-17 00:18:58 CHB 1689085?1710605935 第 1 次 等待 3 秒
2024-03-17 00:19:01 CHB 1689085?1710605935 第 1 次 获取到号码【1689085】GSD
2024-03-17 00:19:01 未获取到号码【1689085】GSD，可能号码格式错误
2024-03-17 00:19:01 获取到号码【1689085】的GSD为【-】
2024-03-17 00:19:08 GSD insert 第 1 次 等待 3 秒
2024-03-17 00:19:11 {"status":"bad","gid":"662761","msg":"添加失败！号码【1689085(-|-)】已存在！"}
2024-03-17 00:19:11 随机等待 121 秒，约 2 分钟
2024-03-17 00:19:11 下次操作: 2024-03-17 00:21:12

2024-03-17 00:21:12 开始第 9174 次操作

2024-03-17 00:21:12 开始操作号码 【1689086】
2024-03-17 00:21:17 GSD getOne 第 1 次 等待 3 秒
2024-03-17 00:21:20 查询号码 【1689086】，返回信息 {"status":"ok","msg":"-","gid":"662759","time_insert":"2023-04-18 19:15"}
2024-03-17 00:21:20 查询号码 【1689086】，GSD为【"-"】
2024-03-17 00:21:20 ok && -
2024-03-17 00:21:26 CHB 1689086?1710606080 第 1 次 等待 3 秒
2024-03-17 00:21:29 CHB 1689086?1710606080 第 1 次 获取到号码【1689086】GSD
2024-03-17 00:21:29 未获取到号码【1689086】GSD，可能号码格式错误
2024-03-17 00:21:29 获取到号码【1689086】的GSD为【-】
2024-03-17 00:21:34 GSD insert 第 1 次 等待 3 秒
2024-03-17 00:21:37 {"status":"bad","gid":"662759","msg":"添加失败！号码【1689086(-|-)】已存在！"}
2024-03-17 00:21:37 随机等待 87 秒，约 1 分钟
2024-03-17 00:21:37 下次操作: 2024-03-17 00:23:04

2024-03-17 00:23:04 开始第 9175 次操作

2024-03-17 00:23:04 开始操作号码 【1689087】
2024-03-17 00:23:08 GSD getOne 第 1 次 等待 3 秒
2024-03-17 00:23:11 查询号码 【1689087】，返回信息 {"status":"ok","msg":"-","gid":"662755","time_insert":"2023-04-18 19:13"}
2024-03-17 00:23:11 查询号码 【1689087】，GSD为【"-"】
2024-03-17 00:23:11 ok && -
2024-03-17 00:23:14 CHB 1689087?1710606191 第 1 次 等待 3 秒
2024-03-17 00:23:17 CHB 1689087?1710606191 第 1 次 获取到号码【1689087】GSD
2024-03-17 00:23:17 未获取到号码【1689087】GSD，可能号码格式错误
2024-03-17 00:23:17 获取到号码【1689087】的GSD为【-】
2024-03-17 00:23:22 GSD insert 第 1 次 等待 3 秒
2024-03-17 00:23:25 {"status":"bad","gid":"662755","msg":"添加失败！号码【1689087(-|-)】已存在！"}
2024-03-17 00:23:25 随机等待 221 秒，约 3 分钟
2024-03-17 00:23:25 下次操作: 2024-03-17 00:27:06

2024-03-17 00:27:06 开始第 9176 次操作

2024-03-17 00:27:06 开始操作号码 【1689088】
2024-03-17 00:27:14 GSD getOne 第 1 次 等待 3 秒
2024-03-17 00:27:17 查询号码 【1689088】，返回信息 {"status":"ok","msg":"-","gid":"662742","time_insert":"2023-04-18 19:05"}
2024-03-17 00:27:17 查询号码 【1689088】，GSD为【"-"】
2024-03-17 00:27:17 ok && -
2024-03-17 00:27:19 CHB 1689088?1710606437 第 1 次 等待 3 秒
2024-03-17 00:27:22 CHB 1689088?1710606437 第 1 次 获取到号码【1689088】GSD
2024-03-17 00:27:22 未获取到号码【1689088】GSD，可能号码格式错误
2024-03-17 00:27:22 获取到号码【1689088】的GSD为【-】
2024-03-17 00:27:27 GSD insert 第 1 次 等待 3 秒
2024-03-17 00:27:30 {"status":"bad","gid":"662742","msg":"添加失败！号码【1689088(-|-)】已存在！"}

