2024-01-19 00:23:14 开始第 9357 次操作

2024-01-19 00:23:14 开始操作号码 【1799269】
2024-01-19 00:23:21 GSD getOne 第 1 次 等待 3 秒
2024-01-19 00:23:24 查询号码 【1799269】，返回信息 {"status":"ok","msg":"-","gid":"638251","time_insert":"2023-04-06 13:56"}
2024-01-19 00:23:24 查询号码 【1799269】，GSD为【"-"】
2024-01-19 00:23:24 ok && -
2024-01-19 00:23:27 CHB 1799269?1705595004 第 1 次 等待 3 秒
2024-01-19 00:23:30 CHB 1799269?1705595004 第 1 次 获取到号码【1799269】GSD
2024-01-19 00:23:30 未获取到号码【1799269】GSD，可能号码格式错误
2024-01-19 00:23:30 获取到号码【1799269】的GSD为【-】
2024-01-19 00:23:33 GSD insert 第 1 次 等待 3 秒
2024-01-19 00:23:36 {"status":"bad","gid":"638251","msg":"添加失败！号码【1799269(-|-)】已存在！"}
2024-01-19 00:23:36 随机等待 232 秒，约 3 分钟
2024-01-19 00:23:36 下次操作: 2024-01-19 00:27:28

2024-01-19 00:27:28 开始第 9358 次操作

2024-01-19 00:27:28 开始操作号码 【1799270】
2024-01-19 00:27:33 GSD getOne 第 1 次 等待 3 秒
2024-01-19 00:27:36 查询号码 【1799270】，返回信息 {"status":"ok","msg":"-","gid":"638254","time_insert":"2023-04-06 13:58"}
2024-01-19 00:27:36 查询号码 【1799270】，GSD为【"-"】
2024-01-19 00:27:36 ok && -
2024-01-19 00:27:37 CHB 1799270?1705595256 第 1 次 等待 3 秒
2024-01-19 00:27:40 CHB 1799270?1705595256 第 1 次 获取到号码【1799270】GSD
2024-01-19 00:27:40 未获取到号码【1799270】GSD，可能号码格式错误
2024-01-19 00:27:40 获取到号码【1799270】的GSD为【-】
2024-01-19 00:27:44 GSD insert 第 1 次 等待 3 秒
2024-01-19 00:27:47 {"status":"bad","gid":"638254","msg":"添加失败！号码【1799270(-|-)】已存在！"}
2024-01-19 00:27:47 随机等待 234 秒，约 3 分钟
2024-01-19 00:27:47 下次操作: 2024-01-19 00:31:41

2024-01-19 00:31:41 开始第 9359 次操作

2024-01-19 00:31:41 开始操作号码 【1799271】
2024-01-19 00:31:45 GSD getOne 第 1 次 等待 3 秒
2024-01-19 00:31:48 查询号码 【1799271】，返回信息 {"status":"ok","msg":"-","gid":"638258","time_insert":"2023-04-06 14:01"}
2024-01-19 00:31:48 查询号码 【1799271】，GSD为【"-"】
2024-01-19 00:31:48 ok && -
2024-01-19 00:31:50 CHB 1799271?1705595508 第 1 次 等待 3 秒
2024-01-19 00:31:53 CHB 1799271?1705595508 第 1 次 获取到号码【1799271】GSD
2024-01-19 00:31:53 未获取到号码【1799271】GSD，可能号码格式错误
2024-01-19 00:31:53 获取到号码【1799271】的GSD为【-】
2024-01-19 00:31:57 GSD insert 第 1 次 等待 3 秒
2024-01-19 00:32:00 {"status":"bad","gid":"638258","msg":"添加失败！号码【1799271(-|-)】已存在！"}
2024-01-19 00:32:00 随机等待 201 秒，约 3 分钟
2024-01-19 00:32:00 下次操作: 2024-01-19 00:35:21

2024-01-19 00:35:21 开始第 9360 次操作

2024-01-19 00:35:21 开始操作号码 【1799272】
2024-01-19 00:35:25 GSD getOne 第 1 次 等待 3 秒
2024-01-19 00:35:28 查询号码 【1799272】，返回信息 {"status":"ok","msg":"-","gid":"638276","time_insert":"2023-04-06 14:15"}
2024-01-19 00:35:28 查询号码 【1799272】，GSD为【"-"】
2024-01-19 00:35:28 ok && -
2024-01-19 00:35:29 CHB 1799272?1705595728 第 1 次 等待 3 秒
2024-01-19 00:35:32 CHB 1799272?1705595728 第 1 次 获取到号码【1799272】GSD
2024-01-19 00:35:32 未获取到号码【1799272】GSD，可能号码格式错误
2024-01-19 00:35:32 获取到号码【1799272】的GSD为【-】
2024-01-19 00:35:37 GSD insert 第 1 次 等待 3 秒
2024-01-19 00:35:40 {"status":"bad","gid":"638276","msg":"添加失败！号码【1799272(-|-)】已存在！"}

