2024-03-01 00:20:05 开始第 6377 次操作

2024-03-01 00:20:05 开始操作号码 【1686289】
2024-03-01 00:20:09 GSD getOne 第 1 次 等待 3 秒
2024-03-01 00:20:12 查询号码 【1686289】，返回信息 {"status":"ok","msg":"-","gid":"653960","time_insert":"2023-04-14 14:53"}
2024-03-01 00:20:12 查询号码 【1686289】，GSD为【"-"】
2024-03-01 00:20:12 ok && -
2024-03-01 00:20:14 CHB 1686289?1709223612 第 1 次 等待 3 秒
2024-03-01 00:20:17 CHB 1686289?1709223612 第 1 次 获取到号码【1686289】GSD
2024-03-01 00:20:17 未获取到号码【1686289】GSD，可能号码格式错误
2024-03-01 00:20:17 获取到号码【1686289】的GSD为【-】
2024-03-01 00:20:21 GSD insert 第 1 次 等待 3 秒
2024-03-01 00:20:24 {"status":"bad","gid":"653960","msg":"添加失败！号码【1686289(-|-)】已存在！"}
2024-03-01 00:20:24 随机等待 116 秒，约 1 分钟
2024-03-01 00:20:24 下次操作: 2024-03-01 00:22:20

2024-03-01 00:22:20 开始第 6378 次操作

2024-03-01 00:22:20 开始操作号码 【1686290】
2024-03-01 00:22:24 GSD getOne 第 1 次 等待 3 秒
2024-03-01 00:22:27 查询号码 【1686290】，返回信息 {"status":"ok","msg":"-","gid":"653974","time_insert":"2023-04-14 15:05"}
2024-03-01 00:22:27 查询号码 【1686290】，GSD为【"-"】
2024-03-01 00:22:27 ok && -
2024-03-01 00:22:29 CHB 1686290?1709223747 第 1 次 等待 3 秒
2024-03-01 00:22:32 CHB 1686290?1709223747 第 1 次 获取到号码【1686290】GSD
2024-03-01 00:22:32 未获取到号码【1686290】GSD，可能号码格式错误
2024-03-01 00:22:32 获取到号码【1686290】的GSD为【-】
2024-03-01 00:22:37 GSD insert 第 1 次 等待 3 秒
2024-03-01 00:22:40 {"status":"bad","gid":"653974","msg":"添加失败！号码【1686290(-|-)】已存在！"}
2024-03-01 00:22:40 随机等待 83 秒，约 1 分钟
2024-03-01 00:22:40 下次操作: 2024-03-01 00:24:03

2024-03-01 00:24:03 开始第 6379 次操作

2024-03-01 00:24:03 开始操作号码 【1686291】
2024-03-01 00:24:07 GSD getOne 第 1 次 等待 3 秒
2024-03-01 00:24:10 查询号码 【1686291】，返回信息 {"status":"ok","msg":"-","gid":"654012","time_insert":"2023-04-14 15:27"}
2024-03-01 00:24:11 查询号码 【1686291】，GSD为【"-"】
2024-03-01 00:24:11 ok && -
2024-03-01 00:24:13 CHB 1686291?1709223851 第 1 次 等待 3 秒
2024-03-01 00:24:16 CHB 1686291?1709223851 第 1 次 获取到号码【1686291】GSD
2024-03-01 00:24:16 未获取到号码【1686291】GSD，可能号码格式错误
2024-03-01 00:24:16 获取到号码【1686291】的GSD为【-】
2024-03-01 00:24:20 GSD insert 第 1 次 等待 3 秒
2024-03-01 00:24:23 {"status":"bad","gid":"654012","msg":"添加失败！号码【1686291(-|-)】已存在！"}
2024-03-01 00:24:23 随机等待 169 秒，约 2 分钟
2024-03-01 00:24:23 下次操作: 2024-03-01 00:27:12

2024-03-01 00:27:12 开始第 6380 次操作

2024-03-01 00:27:12 开始操作号码 【1686292】
2024-03-01 00:27:17 GSD getOne 第 1 次 等待 3 秒
2024-03-01 00:27:20 查询号码 【1686292】，返回信息 {"status":"ok","msg":"-","gid":"654027","time_insert":"2023-04-14 15:37"}
2024-03-01 00:27:20 查询号码 【1686292】，GSD为【"-"】
2024-03-01 00:27:20 ok && -
2024-03-01 00:27:22 CHB 1686292?1709224040 第 1 次 等待 3 秒
2024-03-01 00:27:25 CHB 1686292?1709224040 第 1 次 获取到号码【1686292】GSD
2024-03-01 00:27:25 未获取到号码【1686292】GSD，可能号码格式错误
2024-03-01 00:27:25 获取到号码【1686292】的GSD为【-】
2024-03-01 00:27:29 GSD insert 第 1 次 等待 3 秒
2024-03-01 00:27:32 {"status":"bad","gid":"654027","msg":"添加失败！号码【1686292(-|-)】已存在！"}

