2024-01-28 00:19:42 开始第 493 次操作

2024-01-28 00:19:42 开始操作号码 【1680405】
2024-01-28 00:19:48 GSD getOne 第 1 次 等待 3 秒
2024-01-28 00:19:51 查询号码 【1680405】，返回信息 {"status":"ok","msg":"-","gid":"525803","time_insert":"2023-02-11 09:03"}
2024-01-28 00:19:51 查询号码 【1680405】，GSD为【"-"】
2024-01-28 00:19:51 ok && -
2024-01-28 00:19:53 CHB 1680405?1706372391 第 1 次 等待 3 秒
2024-01-28 00:19:56 CHB 1680405?1706372391 第 1 次 获取到号码【1680405】GSD
2024-01-28 00:19:56 未获取到号码【1680405】GSD，可能号码格式错误
2024-01-28 00:19:56 获取到号码【1680405】的GSD为【-】
2024-01-28 00:20:00 GSD insert 第 1 次 等待 3 秒
2024-01-28 00:20:03 {"status":"bad","gid":"525803","msg":"添加失败！号码【1680405(-|-)】已存在！"}
2024-01-28 00:20:03 随机等待 82 秒，约 1 分钟
2024-01-28 00:20:03 下次操作: 2024-01-28 00:21:25

2024-01-28 00:21:25 开始第 494 次操作

2024-01-28 00:21:25 开始操作号码 【1680406】
2024-01-28 00:21:29 GSD getOne 第 1 次 等待 3 秒
2024-01-28 00:21:33 查询号码 【1680406】，返回信息 {"status":"ok","msg":"-","gid":"525813","time_insert":"2023-02-11 09:14"}
2024-01-28 00:21:33 查询号码 【1680406】，GSD为【"-"】
2024-01-28 00:21:33 ok && -
2024-01-28 00:21:37 CHB 1680406?1706372493 第 1 次 等待 3 秒
2024-01-28 00:21:40 CHB 1680406?1706372493 第 1 次 获取到号码【1680406】GSD
2024-01-28 00:21:40 未获取到号码【1680406】GSD，可能号码格式错误
2024-01-28 00:21:40 获取到号码【1680406】的GSD为【-】
2024-01-28 00:21:44 GSD insert 第 1 次 等待 3 秒
2024-01-28 00:21:47 {"status":"bad","gid":"525813","msg":"添加失败！号码【1680406(-|-)】已存在！"}
2024-01-28 00:21:47 随机等待 157 秒，约 2 分钟
2024-01-28 00:21:47 下次操作: 2024-01-28 00:24:24

2024-01-28 00:24:24 开始第 495 次操作

2024-01-28 00:24:24 开始操作号码 【1680407】
2024-01-28 00:24:30 GSD getOne 第 1 次 等待 3 秒
2024-01-28 00:24:33 查询号码 【1680407】，返回信息 {"status":"ok","msg":"-","gid":"525824","time_insert":"2023-02-11 09:25"}
2024-01-28 00:24:33 查询号码 【1680407】，GSD为【"-"】
2024-01-28 00:24:33 ok && -
2024-01-28 00:25:02 CHB 1680407?1706372673 第 1 次 等待 3 秒
2024-01-28 00:25:05 CHB 1680407?1706372673 第 1 次 获取到号码【1680407】GSD
2024-01-28 00:25:05 未获取到号码【1680407】GSD，可能号码格式错误
2024-01-28 00:25:05 获取到号码【1680407】的GSD为【-】
2024-01-28 00:25:15 GSD insert 第 1 次 等待 3 秒
2024-01-28 00:25:18 {"status":"bad","gid":"525824","msg":"添加失败！号码【1680407(-|-)】已存在！"}
2024-01-28 00:25:18 随机等待 195 秒，约 3 分钟
2024-01-28 00:25:18 下次操作: 2024-01-28 00:28:33

2024-01-28 00:28:33 开始第 496 次操作

2024-01-28 00:28:33 开始操作号码 【1680408】
2024-01-28 00:28:37 GSD getOne 第 1 次 等待 3 秒
2024-01-28 00:28:40 查询号码 【1680408】，返回信息 {"status":"ok","msg":"-","gid":"525837","time_insert":"2023-02-11 09:37"}
2024-01-28 00:28:40 查询号码 【1680408】，GSD为【"-"】
2024-01-28 00:28:40 ok && -
2024-01-28 00:28:43 CHB 1680408?1706372920 第 1 次 等待 3 秒
2024-01-28 00:28:46 CHB 1680408?1706372920 第 1 次 获取到号码【1680408】GSD
2024-01-28 00:28:46 未获取到号码【1680408】GSD，可能号码格式错误
2024-01-28 00:28:46 获取到号码【1680408】的GSD为【-】
2024-01-28 00:28:51 GSD insert 第 1 次 等待 3 秒
2024-01-28 00:28:54 {"status":"bad","gid":"525837","msg":"添加失败！号码【1680408(-|-)】已存在！"}

