2024-03-04 00:19:10 开始第 6913 次操作

2024-03-04 00:19:10 开始操作号码 【1686825】
2024-03-04 00:19:15 GSD getOne 第 1 次 等待 3 秒
2024-03-04 00:19:18 查询号码 【1686825】，返回信息 {"status":"ok","msg":"-","gid":"666611","time_insert":"2023-04-20 14:29"}
2024-03-04 00:19:18 查询号码 【1686825】，GSD为【"-"】
2024-03-04 00:19:18 ok && -
2024-03-04 00:19:20 CHB 1686825?1709482758 第 1 次 等待 3 秒
2024-03-04 00:19:23 CHB 1686825?1709482758 第 1 次 获取到号码【1686825】GSD
2024-03-04 00:19:23 未获取到号码【1686825】GSD，可能号码格式错误
2024-03-04 00:19:23 获取到号码【1686825】的GSD为【-】
2024-03-04 00:19:30 GSD insert 第 1 次 等待 3 秒
2024-03-04 00:19:33 {"status":"bad","gid":"666611","msg":"添加失败！号码【1686825(-|-)】已存在！"}
2024-03-04 00:19:33 随机等待 77 秒，约 1 分钟
2024-03-04 00:19:33 下次操作: 2024-03-04 00:20:50

2024-03-04 00:20:50 开始第 6914 次操作

2024-03-04 00:20:50 开始操作号码 【1686826】
2024-03-04 00:20:54 GSD getOne 第 1 次 等待 3 秒
2024-03-04 00:20:57 查询号码 【1686826】，返回信息 {"status":"ok","msg":"-","gid":"666644","time_insert":"2023-04-20 14:47"}
2024-03-04 00:20:57 查询号码 【1686826】，GSD为【"-"】
2024-03-04 00:20:57 ok && -
2024-03-04 00:20:59 CHB 1686826?1709482857 第 1 次 等待 3 秒
2024-03-04 00:21:02 CHB 1686826?1709482857 第 1 次 获取到号码【1686826】GSD
2024-03-04 00:21:02 未获取到号码【1686826】GSD，可能号码格式错误
2024-03-04 00:21:02 获取到号码【1686826】的GSD为【-】
2024-03-04 00:21:07 GSD insert 第 1 次 等待 3 秒
2024-03-04 00:21:10 {"status":"bad","gid":"666644","msg":"添加失败！号码【1686826(-|-)】已存在！"}
2024-03-04 00:21:10 随机等待 192 秒，约 3 分钟
2024-03-04 00:21:10 下次操作: 2024-03-04 00:24:22

2024-03-04 00:24:22 开始第 6915 次操作

2024-03-04 00:24:22 开始操作号码 【1686827】
2024-03-04 00:24:26 GSD getOne 第 1 次 等待 3 秒
2024-03-04 00:24:29 查询号码 【1686827】，返回信息 {"status":"ok","msg":"-","gid":"666677","time_insert":"2023-04-20 15:05"}
2024-03-04 00:24:29 查询号码 【1686827】，GSD为【"-"】
2024-03-04 00:24:29 ok && -
2024-03-04 00:24:30 CHB 1686827?1709483069 第 1 次 等待 3 秒
2024-03-04 00:24:33 CHB 1686827?1709483069 第 1 次 获取到号码【1686827】GSD
2024-03-04 00:24:33 未获取到号码【1686827】GSD，可能号码格式错误
2024-03-04 00:24:33 获取到号码【1686827】的GSD为【-】
2024-03-04 00:24:37 GSD insert 第 1 次 等待 3 秒
2024-03-04 00:24:40 {"status":"bad","gid":"666677","msg":"添加失败！号码【1686827(-|-)】已存在！"}
2024-03-04 00:24:40 随机等待 109 秒，约 1 分钟
2024-03-04 00:24:40 下次操作: 2024-03-04 00:26:29

2024-03-04 00:26:29 开始第 6916 次操作

2024-03-04 00:26:29 开始操作号码 【1686828】
2024-03-04 00:26:34 GSD getOne 第 1 次 等待 3 秒
2024-03-04 00:26:37 查询号码 【1686828】，返回信息 {"status":"ok","msg":"-","gid":"666704","time_insert":"2023-04-20 15:24"}
2024-03-04 00:26:37 查询号码 【1686828】，GSD为【"-"】
2024-03-04 00:26:37 ok && -
2024-03-04 00:26:38 CHB 1686828?1709483197 第 1 次 等待 3 秒
2024-03-04 00:26:41 CHB 1686828?1709483197 第 1 次 获取到号码【1686828】GSD
2024-03-04 00:26:41 未获取到号码【1686828】GSD，可能号码格式错误
2024-03-04 00:26:41 获取到号码【1686828】的GSD为【-】
2024-03-04 00:26:45 GSD insert 第 1 次 等待 3 秒
2024-03-04 00:26:48 {"status":"bad","gid":"666704","msg":"添加失败！号码【1686828(-|-)】已存在！"}

