2024-09-05 00:23:49 开始第 2881 次操作

2024-09-05 00:23:49 开始操作号码 【1352880】
2024-09-05 00:23:57 GSD getOne 第 1 次 等待 3 秒
2024-09-05 00:24:00 查询号码 【1352880】，返回信息 {"status":"ok","msg":"广东-深圳","gid":"93629","time_insert":"2021-06-12 21:27"}
2024-09-05 00:24:00 查询号码 【1352880】，GSD为【"广东-深圳"】

2024-09-05 00:24:01 开始第 2882 次操作

2024-09-05 00:24:01 开始操作号码 【1352881】
2024-09-05 00:24:10 GSD getOne 第 1 次 等待 3 秒
2024-09-05 00:24:13 查询号码 【1352881】，返回信息 {"status":"ok","msg":"广东-深圳","gid":"93664","time_insert":"2021-06-12 21:56"}
2024-09-05 00:24:13 查询号码 【1352881】，GSD为【"广东-深圳"】

2024-09-05 00:24:14 开始第 2883 次操作

2024-09-05 00:24:14 开始操作号码 【1352882】
2024-09-05 00:24:23 GSD getOne 第 1 次 等待 3 秒
2024-09-05 00:24:26 查询号码 【1352882】，返回信息 {"status":"ok","msg":"广东-深圳","gid":"93689","time_insert":"2021-06-12 22:18"}
2024-09-05 00:24:26 查询号码 【1352882】，GSD为【"广东-深圳"】

2024-09-05 00:24:27 开始第 2884 次操作

2024-09-05 00:24:27 开始操作号码 【1352883】
2024-09-05 00:24:34 GSD getOne 第 1 次 等待 3 秒
2024-09-05 00:24:37 查询号码 【1352883】，返回信息 {"status":"ok","msg":"广东-深圳","gid":"5462","time_insert":"2017-04-11 09:08","time_update":"2020-09-26 02:29"}
2024-09-05 00:24:37 查询号码 【1352883】，GSD为【"广东-深圳"】

2024-09-05 00:43:03 开始第 2885 次操作

2024-09-05 00:43:03 开始操作号码 【1352884】
2024-09-05 00:43:12 GSD getOne 第 1 次 等待 3 秒
2024-09-05 00:43:15 查询号码 【1352884】，返回信息 {"status":"ok","msg":"广东-深圳","gid":"5463","time_insert":"2016-02-25 20:43","time_update":"2020-12-27 07:27"}
2024-09-05 00:43:15 查询号码 【1352884】，GSD为【"广东-深圳"】

2024-09-05 00:43:16 开始第 2886 次操作

2024-09-05 00:43:16 开始操作号码 【1352885】
2024-09-05 00:44:00 GSD getOne 第 1 次 等待 3 秒
2024-09-05 00:44:03 查询号码 【1352885】，返回信息 {"status":"ok","msg":"广东-深圳","gid":"5464","time_insert":"2016-07-29 19:16","time_update":"2020-09-26 02:33"}
2024-09-05 00:44:03 查询号码 【1352885】，GSD为【"广东-深圳"】

2024-09-05 00:44:04 开始第 2887 次操作

2024-09-05 00:44:04 开始操作号码 【1352886】
2024-09-05 00:44:54 GSD getOne 第 1 次 等待 3 秒
2024-09-05 00:44:57 查询号码 【1352886】，返回信息 {"status":"ok","msg":"广东-深圳","gid":"93724","time_insert":"2021-06-12 22:50"}
2024-09-05 00:44:57 查询号码 【1352886】，GSD为【"广东-深圳"】

2024-09-05 00:44:59 开始第 2888 次操作

2024-09-05 00:44:59 开始操作号码 【1352887】
2024-09-05 00:45:42 GSD getOne 第 1 次 等待 3 秒
2024-09-05 00:45:45 查询号码 【1352887】，返回信息 {"status":"ok","msg":"广东-深圳","gid":"5465","time_insert":"2014-06-11 18:45","time_update":"2020-09-26 02:38"}
2024-09-05 00:45:45 查询号码 【1352887】，GSD为【"广东-深圳"】

