2021-07-16 00:00:05 开始第 21 次操作

2021-07-16 00:00:05 开始操作号码 【1493077】
2021-07-16 00:00:09 GSD getOne 第 1 次 等待 3 秒
2021-07-16 00:00:12 查询号码 【1493077】，返回信息 {"status":"bad","msg":""}
2021-07-16 00:00:12 查询号码 【1493077】，GSD为【""】
2021-07-16 00:00:12 bad
2021-07-16 00:00:16 CHB 1493077?1626364812 第 1 次 等待 3 秒
2021-07-16 00:00:19 CHB 1493077?1626364812 第 1 次 获取到号码【1493077】GSD
2021-07-16 00:00:19 未获取到号码【1493077】GSD，可能号码格式错误
2021-07-16 00:00:19 获取到号码【1493077】的GSD为【-】
2021-07-16 00:00:23 GSD insert 第 1 次 等待 3 秒
2021-07-16 00:00:26 {"status":"ok","gid":288336,"msg":"添加成功！"}
2021-07-16 00:00:26 下次操作: 2021-07-16 00:00:49

2021-07-16 00:00:49 开始第 22 次操作

2021-07-16 00:00:49 开始操作号码 【1493078】
2021-07-16 00:00:56 GSD getOne 第 1 次 等待 3 秒
2021-07-16 00:00:59 查询号码 【1493078】，返回信息 {"status":"bad","msg":""}
2021-07-16 00:00:59 查询号码 【1493078】，GSD为【""】
2021-07-16 00:00:59 bad
2021-07-16 00:01:05 CHB 1493078?1626364859 第 1 次 等待 3 秒
2021-07-16 00:01:08 CHB 1493078?1626364859 第 1 次 获取到号码【1493078】GSD
2021-07-16 00:01:08 未获取到号码【1493078】GSD，可能号码格式错误
2021-07-16 00:01:08 获取到号码【1493078】的GSD为【-】
2021-07-16 00:01:18 GSD insert 第 1 次 等待 3 秒
2021-07-16 00:01:21 {"status":"ok","gid":288353,"msg":"添加成功！"}
2021-07-16 00:01:21 下次操作: 2021-07-16 00:01:45

2021-07-16 00:01:45 开始第 23 次操作

2021-07-16 00:01:45 开始操作号码 【1493079】
2021-07-16 00:02:05 GSD getOne 第 1 次 等待 3 秒
2021-07-16 00:02:08 查询号码 【1493079】，返回信息 {"status":"bad","msg":""}
2021-07-16 00:02:08 查询号码 【1493079】，GSD为【""】
2021-07-16 00:02:08 bad
2021-07-16 00:02:09 CHB 1493079?1626364928 第 1 次 等待 3 秒
2021-07-16 00:02:12 CHB 1493079?1626364928 第 1 次 获取到号码【1493079】GSD
2021-07-16 00:02:12 未获取到号码【1493079】GSD，可能号码格式错误
2021-07-16 00:02:12 获取到号码【1493079】的GSD为【-】
2021-07-16 00:02:19 GSD insert 第 1 次 等待 3 秒
2021-07-16 00:02:22 {"status":"ok","gid":288363,"msg":"添加成功！"}
2021-07-16 00:02:22 下次操作: 2021-07-16 00:02:36

2021-07-16 00:02:36 开始第 24 次操作

2021-07-16 00:02:36 开始操作号码 【1493080】
2021-07-16 00:02:38 GSD getOne 第 1 次 等待 3 秒
2021-07-16 00:02:41 查询号码 【1493080】，返回信息 {"status":"bad","msg":""}
2021-07-16 00:02:41 查询号码 【1493080】，GSD为【""】
2021-07-16 00:02:41 bad
2021-07-16 00:02:43 CHB 1493080?1626364961 第 1 次 等待 3 秒
2021-07-16 00:02:46 CHB 1493080?1626364961 第 1 次 获取到号码【1493080】GSD
2021-07-16 00:02:46 未获取到号码【1493080】GSD，可能号码格式错误
2021-07-16 00:02:46 获取到号码【1493080】的GSD为【-】
2021-07-16 00:02:49 GSD insert 第 1 次 等待 3 秒
2021-07-16 00:02:52 {"status":"ok","gid":288368,"msg":"添加成功！"}
2021-07-16 00:02:52 下次操作: 2021-07-16 00:03:04

2021-07-16 00:03:04 开始第 25 次操作

2021-07-16 00:03:04 开始操作号码 【1493081】
2021-07-16 00:03:09 GSD getOne 第 1 次 等待 3 秒
2021-07-16 00:03:12 查询号码 【1493081】，返回信息 {"status":"bad","msg":""}
2021-07-16 00:03:12 查询号码 【1493081】，GSD为【""】
2021-07-16 00:03:12 bad
2021-07-16 00:03:17 CHB 1493081?1626364992 第 1 次 等待 3 秒
2021-07-16 00:03:20 CHB 1493081?1626364992 第 1 次 获取到号码【1493081】GSD
2021-07-16 00:03:20 未获取到号码【1493081】GSD，可能号码格式错误
2021-07-16 00:03:20 获取到号码【1493081】的GSD为【-】
2021-07-16 00:03:27 GSD insert 第 1 次 等待 3 秒
2021-07-16 00:03:30 {"status":"ok","gid":288375,"msg":"添加成功！"}
2021-07-16 00:03:30 下次操作: 2021-07-16 00:03:47

2021-07-16 00:03:47 开始第 26 次操作

2021-07-16 00:03:47 开始操作号码 【1493082】
2021-07-16 00:03:50 GSD getOne 第 1 次 等待 3 秒
2021-07-16 00:03:53 查询号码 【1493082】，返回信息 {"status":"bad","msg":""}
2021-07-16 00:03:53 查询号码 【1493082】，GSD为【""】
2021-07-16 00:03:53 bad
2021-07-16 00:03:55 CHB 1493082?1626365033 第 1 次 等待 3 秒
2021-07-16 00:03:58 CHB 1493082?1626365033 第 1 次 获取到号码【1493082】GSD
2021-07-16 00:03:58 未获取到号码【1493082】GSD，可能号码格式错误
2021-07-16 00:03:58 获取到号码【1493082】的GSD为【-】
2021-07-16 00:04:01 GSD insert 第 1 次 等待 3 秒
2021-07-16 00:04:04 {"status":"ok","gid":288383,"msg":"添加成功！"}
2021-07-16 00:04:04 下次操作: 2021-07-16 00:04:25

2021-07-16 00:04:25 开始第 27 次操作

2021-07-16 00:04:25 开始操作号码 【1493083】
2021-07-16 00:04:28 GSD getOne 第 1 次 等待 3 秒
2021-07-16 00:04:31 查询号码 【1493083】，返回信息 {"status":"bad","msg":""}
2021-07-16 00:04:31 查询号码 【1493083】，GSD为【""】
2021-07-16 00:04:31 bad
2021-07-16 00:04:33 CHB 1493083?1626365071 第 1 次 等待 3 秒
2021-07-16 00:04:36 CHB 1493083?1626365071 第 1 次 获取到号码【1493083】GSD
2021-07-16 00:04:36 未获取到号码【1493083】GSD，可能号码格式错误
2021-07-16 00:04:36 获取到号码【1493083】的GSD为【-】
2021-07-16 00:04:40 GSD insert 第 1 次 等待 3 秒
2021-07-16 00:04:43 {"status":"ok","gid":288392,"msg":"添加成功！"}
2021-07-16 00:04:43 下次操作: 2021-07-16 00:05:02

2021-07-16 00:05:02 开始第 28 次操作

2021-07-16 00:05:02 开始操作号码 【1493084】
2021-07-16 00:05:05 GSD getOne 第 1 次 等待 3 秒
2021-07-16 00:05:08 查询号码 【1493084】，返回信息 {"status":"bad","msg":""}
2021-07-16 00:05:08 查询号码 【1493084】，GSD为【""】
2021-07-16 00:05:08 bad
2021-07-16 00:05:10 CHB 1493084?1626365108 第 1 次 等待 3 秒
2021-07-16 00:05:13 CHB 1493084?1626365108 第 1 次 获取到号码【1493084】GSD
2021-07-16 00:05:13 未获取到号码【1493084】GSD，可能号码格式错误
2021-07-16 00:05:13 获取到号码【1493084】的GSD为【-】
2021-07-16 00:05:16 GSD insert 第 1 次 等待 3 秒
2021-07-16 00:05:19 {"status":"ok","gid":288403,"msg":"添加成功！"}
2021-07-16 00:05:19 下次操作: 2021-07-16 00:05:32

2021-07-16 00:05:32 开始第 29 次操作

2021-07-16 00:05:32 开始操作号码 【1493085】
2021-07-16 00:05:38 GSD getOne 第 1 次 等待 3 秒
2021-07-16 00:05:41 查询号码 【1493085】，返回信息 {"status":"bad","msg":""}
2021-07-16 00:05:41 查询号码 【1493085】，GSD为【""】
2021-07-16 00:05:41 bad
2021-07-16 00:05:47 CHB 1493085?1626365141 第 1 次 等待 3 秒
2021-07-16 00:05:50 CHB 1493085?1626365141 第 1 次 获取到号码【1493085】GSD
2021-07-16 00:05:50 未获取到号码【1493085】GSD，可能号码格式错误
2021-07-16 00:05:50 获取到号码【1493085】的GSD为【-】
2021-07-16 00:05:52 GSD insert 第 1 次 等待 3 秒
2021-07-16 00:05:55 {"status":"ok","gid":288409,"msg":"添加成功！"}
2021-07-16 00:05:56 下次操作: 2021-07-16 00:06:08

2021-07-16 00:06:08 开始第 30 次操作

2021-07-16 00:06:08 开始操作号码 【1493086】
2021-07-16 00:06:10 GSD getOne 第 1 次 等待 3 秒
2021-07-16 00:06:13 查询号码 【1493086】，返回信息 {"status":"bad","msg":""}
2021-07-16 00:06:13 查询号码 【1493086】，GSD为【""】
2021-07-16 00:06:13 bad
2021-07-16 00:06:16 CHB 1493086?1626365173 第 1 次 等待 3 秒
2021-07-16 00:06:19 CHB 1493086?1626365173 第 1 次 获取到号码【1493086】GSD
2021-07-16 00:06:19 未获取到号码【1493086】GSD，可能号码格式错误
2021-07-16 00:06:19 获取到号码【1493086】的GSD为【-】
2021-07-16 00:06:23 GSD insert 第 1 次 等待 3 秒
2021-07-16 00:06:26 {"status":"ok","gid":288417,"msg":"添加成功！"}
2021-07-16 00:06:26 下次操作: 2021-07-16 00:06:39

2021-07-16 00:06:39 开始第 31 次操作

2021-07-16 00:06:39 开始操作号码 【1493087】
2021-07-16 00:06:42 GSD getOne 第 1 次 等待 3 秒
2021-07-16 00:06:45 查询号码 【1493087】，返回信息 {"status":"bad","msg":""}
2021-07-16 00:06:46 查询号码 【1493087】，GSD为【""】
2021-07-16 00:06:46 bad
2021-07-16 00:06:50 CHB 1493087?1626365206 第 1 次 等待 3 秒
2021-07-16 00:06:53 CHB 1493087?1626365206 第 1 次 获取到号码【1493087】GSD
2021-07-16 00:06:53 未获取到号码【1493087】GSD，可能号码格式错误
2021-07-16 00:06:53 获取到号码【1493087】的GSD为【-】
2021-07-16 00:06:58 GSD insert 第 1 次 等待 3 秒
2021-07-16 00:07:02 {"status":"ok","gid":288423,"msg":"添加成功！"}
2021-07-16 00:07:02 下次操作: 2021-07-16 00:07:24

2021-07-16 00:07:24 开始第 32 次操作

2021-07-16 00:07:24 开始操作号码 【1493088】
2021-07-16 00:07:30 GSD getOne 第 1 次 等待 3 秒
2021-07-16 00:07:33 查询号码 【1493088】，返回信息 {"status":"bad","msg":""}
2021-07-16 00:07:33 查询号码 【1493088】，GSD为【""】
2021-07-16 00:07:33 bad
2021-07-16 00:07:34 CHB 1493088?1626365253 第 1 次 等待 3 秒
2021-07-16 00:07:37 CHB 1493088?1626365253 第 1 次 获取到号码【1493088】GSD
2021-07-16 00:07:37 未获取到号码【1493088】GSD，可能号码格式错误
2021-07-16 00:07:37 获取到号码【1493088】的GSD为【-】
2021-07-16 00:07:40 GSD insert 第 1 次 等待 3 秒
2021-07-16 00:07:43 {"status":"ok","gid":288434,"msg":"添加成功！"}
2021-07-16 00:07:43 下次操作: 2021-07-16 00:07:58

2021-07-16 00:07:58 开始第 33 次操作

2021-07-16 00:07:58 开始操作号码 【1493089】
2021-07-16 00:08:01 GSD getOne 第 1 次 等待 3 秒
2021-07-16 00:08:04 查询号码 【1493089】，返回信息 {"status":"bad","msg":""}
2021-07-16 00:08:04 查询号码 【1493089】，GSD为【""】
2021-07-16 00:08:04 bad
2021-07-16 00:08:05 CHB 1493089?1626365284 第 1 次 等待 3 秒
2021-07-16 00:08:08 CHB 1493089?1626365284 第 1 次 获取到号码【1493089】GSD
2021-07-16 00:08:08 未获取到号码【1493089】GSD，可能号码格式错误
2021-07-16 00:08:08 获取到号码【1493089】的GSD为【-】
2021-07-16 00:08:21 GSD insert 第 1 次 等待 3 秒
2021-07-16 00:08:24 {"status":"ok","gid":288439,"msg":"添加成功！"}
2021-07-16 00:08:24 下次操作: 2021-07-16 00:08:48

2021-07-16 00:08:48 开始第 34 次操作

2021-07-16 00:08:48 开始操作号码 【1493090】
2021-07-16 00:08:54 GSD getOne 第 1 次 等待 3 秒
2021-07-16 00:08:57 查询号码 【1493090】，返回信息 {"status":"bad","msg":""}
2021-07-16 00:08:57 查询号码 【1493090】，GSD为【""】
2021-07-16 00:08:57 bad
2021-07-16 00:08:59 CHB 1493090?1626365337 第 1 次 等待 3 秒
2021-07-16 00:09:02 CHB 1493090?1626365337 第 1 次 获取到号码【1493090】GSD
2021-07-16 00:09:02 未获取到号码【1493090】GSD，可能号码格式错误
2021-07-16 00:09:02 获取到号码【1493090】的GSD为【-】
2021-07-16 00:09:25 GSD insert 第 1 次 等待 3 秒
2021-07-16 00:09:28 {"status":"ok","gid":288446,"msg":"添加成功！"}
2021-07-16 00:09:28 下次操作: 2021-07-16 00:09:51

2021-07-16 00:09:51 开始第 35 次操作

2021-07-16 00:09:51 开始操作号码 【1493091】
2021-07-16 00:09:56 GSD getOne 第 1 次 等待 3 秒
2021-07-16 00:09:59 查询号码 【1493091】，返回信息 {"status":"bad","msg":""}
2021-07-16 00:09:59 查询号码 【1493091】，GSD为【""】
2021-07-16 00:09:59 bad
2021-07-16 00:10:02 CHB 1493091?1626365399 第 1 次 等待 3 秒
2021-07-16 00:10:05 CHB 1493091?1626365399 第 1 次 获取到号码【1493091】GSD
2021-07-16 00:10:05 未获取到号码【1493091】GSD，可能号码格式错误
2021-07-16 00:10:05 获取到号码【1493091】的GSD为【-】
2021-07-16 00:10:08 GSD insert 第 1 次 等待 3 秒
2021-07-16 00:10:11 {"status":"ok","gid":288456,"msg":"添加成功！"}
2021-07-16 00:10:11 下次操作: 2021-07-16 00:10:30

2021-07-16 00:10:30 开始第 36 次操作

2021-07-16 00:10:30 开始操作号码 【1493092】
2021-07-16 00:10:34 GSD getOne 第 1 次 等待 3 秒
2021-07-16 00:10:37 查询号码 【1493092】，返回信息 {"status":"bad","msg":""}
2021-07-16 00:10:37 查询号码 【1493092】，GSD为【""】
2021-07-16 00:10:37 bad
2021-07-16 00:10:38 CHB 1493092?1626365437 第 1 次 等待 3 秒
2021-07-16 00:10:41 CHB 1493092?1626365437 第 1 次 获取到号码【1493092】GSD
2021-07-16 00:10:41 未获取到号码【1493092】GSD，可能号码格式错误
2021-07-16 00:10:41 获取到号码【1493092】的GSD为【-】
2021-07-16 00:10:44 GSD insert 第 1 次 等待 3 秒
2021-07-16 00:10:47 {"status":"ok","gid":288464,"msg":"添加成功！"}
2021-07-16 00:10:47 下次操作: 2021-07-16 00:11:02

2021-07-16 00:11:02 开始第 37 次操作

2021-07-16 00:11:02 开始操作号码 【1493093】
2021-07-16 00:11:05 GSD getOne 第 1 次 等待 3 秒
2021-07-16 00:11:08 查询号码 【1493093】，返回信息 {"status":"bad","msg":""}
2021-07-16 00:11:08 查询号码 【1493093】，GSD为【""】
2021-07-16 00:11:08 bad
2021-07-16 00:11:10 CHB 1493093?1626365468 第 1 次 等待 3 秒
2021-07-16 00:11:13 CHB 1493093?1626365468 第 1 次 获取到号码【1493093】GSD
2021-07-16 00:11:13 未获取到号码【1493093】GSD，可能号码格式错误
2021-07-16 00:11:13 获取到号码【1493093】的GSD为【-】
2021-07-16 00:11:20 GSD insert 第 1 次 等待 3 秒
2021-07-16 00:11:23 {"status":"ok","gid":288471,"msg":"添加成功！"}
2021-07-16 00:11:23 下次操作: 2021-07-16 00:11:42

2021-07-16 00:11:42 开始第 38 次操作

2021-07-16 00:11:42 开始操作号码 【1493094】
2021-07-16 00:11:45 GSD getOne 第 1 次 等待 3 秒
2021-07-16 00:11:48 查询号码 【1493094】，返回信息 {"status":"bad","msg":""}
2021-07-16 00:11:48 查询号码 【1493094】，GSD为【""】
2021-07-16 00:11:48 bad
2021-07-16 00:11:55 CHB 1493094?1626365508 第 1 次 等待 3 秒
2021-07-16 00:11:58 CHB 1493094?1626365508 第 1 次 获取到号码【1493094】GSD
2021-07-16 00:11:58 未获取到号码【1493094】GSD，可能号码格式错误
2021-07-16 00:11:58 获取到号码【1493094】的GSD为【-】
2021-07-16 00:12:01 GSD insert 第 1 次 等待 3 秒
2021-07-16 00:12:05 {"status":"ok","gid":288481,"msg":"添加成功！"}
2021-07-16 00:12:05 下次操作: 2021-07-16 00:12:29

2021-07-16 00:12:29 开始第 39 次操作

2021-07-16 00:12:29 开始操作号码 【1493095】
2021-07-16 00:12:44 GSD getOne 第 1 次 等待 3 秒
2021-07-16 00:12:47 查询号码 【1493095】，返回信息 {"status":"bad","msg":""}
2021-07-16 00:12:47 查询号码 【1493095】，GSD为【""】
2021-07-16 00:12:47 bad
2021-07-16 00:12:53 CHB 1493095?1626365567 第 1 次 等待 3 秒
2021-07-16 00:12:56 CHB 1493095?1626365567 第 1 次 获取到号码【1493095】GSD
2021-07-16 00:12:56 未获取到号码【1493095】GSD，可能号码格式错误
2021-07-16 00:12:56 获取到号码【1493095】的GSD为【-】
2021-07-16 00:12:59 GSD insert 第 1 次 等待 3 秒
2021-07-16 00:13:02 {"status":"ok","gid":288489,"msg":"添加成功！"}
2021-07-16 00:13:02 下次操作: 2021-07-16 00:13:23

2021-07-16 00:13:23 开始第 40 次操作

2021-07-16 00:13:23 开始操作号码 【1493096】
2021-07-16 00:13:31 GSD getOne 第 1 次 等待 3 秒
2021-07-16 00:13:34 查询号码 【1493096】，返回信息 {"status":"bad","msg":""}
2021-07-16 00:13:35 查询号码 【1493096】，GSD为【""】
2021-07-16 00:13:35 bad
2021-07-16 00:13:38 CHB 1493096?1626365615 第 1 次 等待 3 秒
2021-07-16 00:13:41 CHB 1493096?1626365615 第 1 次 获取到号码【1493096】GSD
2021-07-16 00:13:41 未获取到号码【1493096】GSD，可能号码格式错误
2021-07-16 00:13:41 获取到号码【1493096】的GSD为【-】
2021-07-16 00:14:02 GSD insert 第 1 次 等待 3 秒
2021-07-16 00:14:05 {"status":"ok","gid":288496,"msg":"添加成功！"}

