2023-10-10 00:21:41 开始第 2409 次操作

2023-10-10 00:21:41 开始操作号码 【1892408】
2023-10-10 00:21:48 GSD getOne 第 1 次 等待 3 秒
2023-10-10 00:21:51 查询号码 【1892408】，返回信息 {"status":"ok","msg":"广东-广州","gid":"499115","time_insert":"2021-08-07 21:44"}
2023-10-10 00:21:51 查询号码 【1892408】，GSD为【"广东-广州"】

2023-10-10 00:21:52 开始第 2410 次操作

2023-10-10 00:21:52 开始操作号码 【1892409】
2023-10-10 00:21:56 GSD getOne 第 1 次 等待 3 秒
2023-10-10 00:21:59 查询号码 【1892409】，返回信息 {"status":"ok","msg":"广东-广州","gid":"499120","time_insert":"2021-08-07 21:49"}
2023-10-10 00:21:59 查询号码 【1892409】，GSD为【"广东-广州"】

2023-10-10 00:22:00 开始第 2411 次操作

2023-10-10 00:22:00 开始操作号码 【1892410】
2023-10-10 00:22:05 GSD getOne 第 1 次 等待 3 秒
2023-10-10 00:22:08 查询号码 【1892410】，返回信息 {"status":"ok","msg":"广东-广州","gid":"499122","time_insert":"2021-08-07 21:53"}
2023-10-10 00:22:08 查询号码 【1892410】，GSD为【"广东-广州"】

2023-10-10 00:22:09 开始第 2412 次操作

2023-10-10 00:22:09 开始操作号码 【1892411】
2023-10-10 00:22:19 GSD getOne 第 1 次 等待 3 秒
2023-10-10 00:22:22 查询号码 【1892411】，返回信息 {"status":"ok","msg":"广东-广州","gid":"499125","time_insert":"2021-08-07 21:55"}
2023-10-10 00:22:22 查询号码 【1892411】，GSD为【"广东-广州"】

