2024-01-26 00:24:14 开始第 141 次操作

2024-01-26 00:24:14 开始操作号码 【1680053】
2024-01-26 00:24:38 GSD getOne 第 1 次 等待 3 秒
2024-01-26 00:24:41 查询号码 【1680053】，返回信息 {"status":"ok","msg":"-","gid":"521971","time_insert":"2023-02-08 19:45"}
2024-01-26 00:24:41 查询号码 【1680053】，GSD为【"-"】
2024-01-26 00:24:41 ok && -
2024-01-26 00:24:43 CHB 1680053?1706199881 第 1 次 等待 3 秒
2024-01-26 00:24:46 CHB 1680053?1706199881 第 1 次 获取到号码【1680053】GSD
2024-01-26 00:24:46 未获取到号码【1680053】GSD，可能号码格式错误
2024-01-26 00:24:46 获取到号码【1680053】的GSD为【-】
2024-01-26 00:25:10 GSD insert 第 1 次 等待 3 秒
2024-01-26 00:25:13 {"status":"bad","gid":"521971","msg":"添加失败！号码【1680053(-|-)】已存在！"}
2024-01-26 00:25:13 随机等待 120 秒，约 2 分钟
2024-01-26 00:25:13 下次操作: 2024-01-26 00:27:13

2024-01-26 00:27:13 开始第 142 次操作

2024-01-26 00:27:13 开始操作号码 【1680054】
2024-01-26 00:27:36 GSD getOne 第 1 次 等待 3 秒
2024-01-26 00:27:39 查询号码 【1680054】，返回信息 {"status":"ok","msg":"-","gid":"521983","time_insert":"2023-02-08 19:55"}
2024-01-26 00:27:40 查询号码 【1680054】，GSD为【"-"】
2024-01-26 00:27:40 ok && -
2024-01-26 00:27:42 CHB 1680054?1706200060 第 1 次 等待 3 秒
2024-01-26 00:27:45 CHB 1680054?1706200060 第 1 次 获取到号码【1680054】GSD
2024-01-26 00:27:45 未获取到号码【1680054】GSD，可能号码格式错误
2024-01-26 00:27:45 获取到号码【1680054】的GSD为【-】
2024-01-26 00:28:08 GSD insert 第 1 次 等待 3 秒
2024-01-26 00:28:11 {"status":"bad","gid":"521983","msg":"添加失败！号码【1680054(-|-)】已存在！"}
2024-01-26 00:28:11 随机等待 182 秒，约 3 分钟
2024-01-26 00:28:11 下次操作: 2024-01-26 00:31:13

2024-01-26 00:31:13 开始第 143 次操作

2024-01-26 00:31:13 开始操作号码 【1680055】
2024-01-26 00:31:37 GSD getOne 第 1 次 等待 3 秒
2024-01-26 00:31:40 查询号码 【1680055】，返回信息 {"status":"ok","msg":"-","gid":"521992","time_insert":"2023-02-08 20:05"}
2024-01-26 00:31:40 查询号码 【1680055】，GSD为【"-"】
2024-01-26 00:31:40 ok && -
2024-01-26 00:31:42 CHB 1680055?1706200300 第 1 次 等待 3 秒
2024-01-26 00:31:45 CHB 1680055?1706200300 第 1 次 获取到号码【1680055】GSD
2024-01-26 00:31:45 未获取到号码【1680055】GSD，可能号码格式错误
2024-01-26 00:31:45 获取到号码【1680055】的GSD为【-】
2024-01-26 00:32:09 GSD insert 第 1 次 等待 3 秒
2024-01-26 00:32:12 {"status":"bad","gid":"521992","msg":"添加失败！号码【1680055(-|-)】已存在！"}
2024-01-26 00:32:12 随机等待 147 秒，约 2 分钟
2024-01-26 00:32:12 下次操作: 2024-01-26 00:34:39

2024-01-26 00:34:39 开始第 144 次操作

2024-01-26 00:34:39 开始操作号码 【1680056】
2024-01-26 00:35:03 GSD getOne 第 1 次 等待 3 秒
2024-01-26 00:35:06 查询号码 【1680056】，返回信息 {"status":"ok","msg":"-","gid":"522002","time_insert":"2023-02-08 20:16"}
2024-01-26 00:35:06 查询号码 【1680056】，GSD为【"-"】
2024-01-26 00:35:06 ok && -
2024-01-26 00:35:08 CHB 1680056?1706200506 第 1 次 等待 3 秒
2024-01-26 00:35:11 CHB 1680056?1706200506 第 1 次 获取到号码【1680056】GSD
2024-01-26 00:35:12 未获取到号码【1680056】GSD，可能号码格式错误
2024-01-26 00:35:12 获取到号码【1680056】的GSD为【-】
2024-01-26 00:35:35 GSD insert 第 1 次 等待 3 秒
2024-01-26 00:35:38 {"status":"bad","gid":"522002","msg":"添加失败！号码【1680056(-|-)】已存在！"}

