2024-01-13 00:22:52 开始第 8301 次操作

2024-01-13 00:22:52 开始操作号码 【1798213】
2024-01-13 00:22:55 GSD getOne 第 1 次 等待 3 秒
2024-01-13 00:22:58 查询号码 【1798213】，返回信息 {"status":"ok","msg":"-","gid":"632630","time_insert":"2023-04-03 21:59"}
2024-01-13 00:22:58 查询号码 【1798213】，GSD为【"-"】
2024-01-13 00:22:58 ok && -
2024-01-13 00:23:01 CHB 1798213?1705076578 第 1 次 等待 3 秒
2024-01-13 00:23:04 CHB 1798213?1705076578 第 1 次 获取到号码【1798213】GSD
2024-01-13 00:23:04 未获取到号码【1798213】GSD，可能号码格式错误
2024-01-13 00:23:04 获取到号码【1798213】的GSD为【-】
2024-01-13 00:23:07 GSD insert 第 1 次 等待 3 秒
2024-01-13 00:23:10 {"status":"bad","gid":"632630","msg":"添加失败！号码【1798213(-|-)】已存在！"}
2024-01-13 00:23:10 随机等待 232 秒，约 3 分钟
2024-01-13 00:23:10 下次操作: 2024-01-13 00:27:02

2024-01-13 00:27:02 开始第 8302 次操作

2024-01-13 00:27:02 开始操作号码 【1798214】
2024-01-13 00:27:06 GSD getOne 第 1 次 等待 3 秒
2024-01-13 00:27:09 查询号码 【1798214】，返回信息 {"status":"ok","msg":"-","gid":"632637","time_insert":"2023-04-03 22:03"}
2024-01-13 00:27:09 查询号码 【1798214】，GSD为【"-"】
2024-01-13 00:27:09 ok && -
2024-01-13 00:27:11 CHB 1798214?1705076829 第 1 次 等待 3 秒
2024-01-13 00:27:14 CHB 1798214?1705076829 第 1 次 获取到号码【1798214】GSD
2024-01-13 00:27:14 未获取到号码【1798214】GSD，可能号码格式错误
2024-01-13 00:27:14 获取到号码【1798214】的GSD为【-】
2024-01-13 00:27:17 GSD insert 第 1 次 等待 3 秒
2024-01-13 00:27:20 {"status":"bad","gid":"632637","msg":"添加失败！号码【1798214(-|-)】已存在！"}
2024-01-13 00:27:20 随机等待 81 秒，约 1 分钟
2024-01-13 00:27:20 下次操作: 2024-01-13 00:28:41

2024-01-13 00:28:41 开始第 8303 次操作

2024-01-13 00:28:41 开始操作号码 【1798215】
2024-01-13 00:28:44 GSD getOne 第 1 次 等待 3 秒
2024-01-13 00:28:47 查询号码 【1798215】，返回信息 {"status":"ok","msg":"-","gid":"632639","time_insert":"2023-04-03 22:06"}
2024-01-13 00:28:47 查询号码 【1798215】，GSD为【"-"】
2024-01-13 00:28:47 ok && -
2024-01-13 00:28:50 CHB 1798215?1705076927 第 1 次 等待 3 秒
2024-01-13 00:28:53 CHB 1798215?1705076927 第 1 次 获取到号码【1798215】GSD
2024-01-13 00:28:53 未获取到号码【1798215】GSD，可能号码格式错误
2024-01-13 00:28:53 获取到号码【1798215】的GSD为【-】
2024-01-13 00:28:57 GSD insert 第 1 次 等待 3 秒
2024-01-13 00:29:00 {"status":"bad","gid":"632639","msg":"添加失败！号码【1798215(-|-)】已存在！"}
2024-01-13 00:29:00 随机等待 70 秒，约 1 分钟
2024-01-13 00:29:00 下次操作: 2024-01-13 00:30:10

2024-01-13 00:30:10 开始第 8304 次操作

2024-01-13 00:30:10 开始操作号码 【1798216】
2024-01-13 00:30:14 GSD getOne 第 1 次 等待 3 秒
2024-01-13 00:30:17 查询号码 【1798216】，返回信息 {"status":"ok","msg":"-","gid":"632651","time_insert":"2023-04-03 22:13"}
2024-01-13 00:30:17 查询号码 【1798216】，GSD为【"-"】
2024-01-13 00:30:17 ok && -
2024-01-13 00:30:19 CHB 1798216?1705077017 第 1 次 等待 3 秒
2024-01-13 00:30:22 CHB 1798216?1705077017 第 1 次 获取到号码【1798216】GSD
2024-01-13 00:30:22 未获取到号码【1798216】GSD，可能号码格式错误
2024-01-13 00:30:22 获取到号码【1798216】的GSD为【-】
2024-01-13 00:30:35 GSD insert 第 1 次 等待 3 秒
2024-01-13 00:30:38 {"status":"bad","gid":"632651","msg":"添加失败！号码【1798216(-|-)】已存在！"}

