2023-10-16 00:19:47 开始第 3277 次操作

2023-10-16 00:19:47 开始操作号码 【1893243】
2023-10-16 00:21:03 GSD getOne 第 1 次 等待 3 秒
2023-10-16 00:26:07 GSD getOne 第 2 次 等待 3 秒
2023-10-16 00:26:25 GSD getOne 第 3 次 等待 3 秒
2023-10-16 00:26:28 查询号码 【1893243】，返回信息 
2023-10-16 00:26:28 查询失败，3 秒后重新查询
2023-10-16 00:26:31 查询号码 【1893243】，返回信息 
2023-10-16 00:26:31 查询失败，结束本次操作，期待下次成功~
2023-10-16 00:26:31 随机等待 71 秒，约 1 分钟
2023-10-16 00:26:31 下次操作: 2023-10-16 00:27:42

2023-10-16 00:27:42 开始第 3278 次操作

2023-10-16 00:27:42 开始操作号码 【1893243】
2023-10-16 00:30:07 GSD getOne 第 1 次 等待 3 秒
2023-10-16 00:30:10 查询号码 【1893243】，返回信息 
2023-10-16 00:30:10 查询失败，3 秒后重新查询
2023-10-16 00:30:13 查询号码 【1893243】，返回信息 
2023-10-16 00:30:13 查询失败，结束本次操作，期待下次成功~
2023-10-16 00:30:13 随机等待 85 秒，约 1 分钟
2023-10-16 00:30:13 下次操作: 2023-10-16 00:31:38

2023-10-16 00:31:38 开始第 3279 次操作

2023-10-16 00:31:38 开始操作号码 【1893243】
2023-10-16 00:38:32 GSD getOne 第 1 次 等待 3 秒
2023-10-16 00:41:27 GSD getOne 第 2 次 等待 3 秒
2023-10-16 00:41:30 查询号码 【1893243】，返回信息 
2023-10-16 00:41:30 查询失败，3 秒后重新查询
2023-10-16 00:41:33 查询号码 【1893243】，返回信息 
2023-10-16 00:41:33 查询失败，结束本次操作，期待下次成功~
2023-10-16 00:41:33 随机等待 186 秒，约 3 分钟
2023-10-16 00:41:33 下次操作: 2023-10-16 00:44:39

2023-10-16 00:44:39 开始第 3280 次操作

2023-10-16 00:44:39 开始操作号码 【1893243】
2023-10-16 00:47:12 GSD getOne 第 1 次 等待 3 秒
2023-10-16 00:47:22 GSD getOne 第 2 次 等待 3 秒
2023-10-16 00:47:25 查询号码 【1893243】，返回信息 
2023-10-16 00:47:25 查询失败，3 秒后重新查询
2023-10-16 00:47:28 查询号码 【1893243】，返回信息 
2023-10-16 00:47:28 查询失败，结束本次操作，期待下次成功~

