2024-09-02 00:22:34 开始第 2365 次操作

2024-09-02 00:22:34 开始操作号码 【1352364】
2024-09-02 00:22:42 GSD getOne 第 1 次 等待 3 秒
2024-09-02 00:22:45 查询号码 【1352364】，返回信息 {"status":"ok","msg":"河南-南阳","gid":"82959","time_insert":"2021-06-06 16:02"}
2024-09-02 00:22:45 查询号码 【1352364】，GSD为【"河南-南阳"】

2024-09-02 00:22:46 开始第 2366 次操作

2024-09-02 00:22:46 开始操作号码 【1352365】
2024-09-02 00:22:54 GSD getOne 第 1 次 等待 3 秒
2024-09-02 00:22:57 查询号码 【1352365】，返回信息 {"status":"ok","msg":"河南-南阳","gid":"53312","time_insert":"2020-11-20 20:27"}
2024-09-02 00:22:57 查询号码 【1352365】，GSD为【"河南-南阳"】

2024-09-02 00:22:58 开始第 2367 次操作

2024-09-02 00:22:58 开始操作号码 【1352366】
2024-09-02 00:23:06 GSD getOne 第 1 次 等待 3 秒
2024-09-02 00:23:09 查询号码 【1352366】，返回信息 {"status":"ok","msg":"河南-南阳","gid":"82988","time_insert":"2021-06-06 16:25"}
2024-09-02 00:23:09 查询号码 【1352366】，GSD为【"河南-南阳"】

2024-09-02 00:23:10 开始第 2368 次操作

2024-09-02 00:23:10 开始操作号码 【1352367】
2024-09-02 00:23:18 GSD getOne 第 1 次 等待 3 秒
2024-09-02 00:23:21 查询号码 【1352367】，返回信息 {"status":"ok","msg":"河南-南阳","gid":"83014","time_insert":"2021-06-06 16:49"}
2024-09-02 00:23:21 查询号码 【1352367】，GSD为【"河南-南阳"】

2024-09-02 00:42:14 开始第 2369 次操作

2024-09-02 00:42:14 开始操作号码 【1352368】
2024-09-02 00:42:23 GSD getOne 第 1 次 等待 3 秒
2024-09-02 00:42:26 查询号码 【1352368】，返回信息 {"status":"ok","msg":"河南-周口","gid":"83036","time_insert":"2021-06-06 17:10"}
2024-09-02 00:42:26 查询号码 【1352368】，GSD为【"河南-周口"】

2024-09-02 00:42:27 开始第 2370 次操作

2024-09-02 00:42:27 开始操作号码 【1352369】
2024-09-02 00:42:34 GSD getOne 第 1 次 等待 3 秒
2024-09-02 00:42:37 查询号码 【1352369】，返回信息 {"status":"ok","msg":"河南-周口","gid":"83061","time_insert":"2021-06-06 17:34"}
2024-09-02 00:42:37 查询号码 【1352369】，GSD为【"河南-周口"】

2024-09-02 00:42:38 开始第 2371 次操作

2024-09-02 00:42:38 开始操作号码 【1352370】
2024-09-02 00:42:46 GSD getOne 第 1 次 等待 3 秒
2024-09-02 00:42:49 查询号码 【1352370】，返回信息 {"status":"ok","msg":"河南-商丘","gid":"53313","time_insert":"2020-10-31 07:57"}
2024-09-02 00:42:49 查询号码 【1352370】，GSD为【"河南-商丘"】

2024-09-02 00:42:50 开始第 2372 次操作

2024-09-02 00:42:50 开始操作号码 【1352371】
2024-09-02 00:42:58 GSD getOne 第 1 次 等待 3 秒
2024-09-02 00:43:01 查询号码 【1352371】，返回信息 {"status":"ok","msg":"河南-郑州","gid":"5381","time_insert":"2017-04-27 07:14","time_update":"2020-09-14 01:53"}
2024-09-02 00:43:01 查询号码 【1352371】，GSD为【"河南-郑州"】

