2024-05-02 00:21:49 开始第 6549 次操作

2024-05-02 00:21:49 开始操作号码 【1576462】
2024-05-02 00:21:54 GSD getOne 第 1 次 等待 3 秒
2024-05-02 00:21:57 查询号码 【1576462】，返回信息 {"status":"ok","msg":"黑龙江-齐齐哈尔","gid":"409045","time_insert":"2021-07-27 03:48"}
2024-05-02 00:21:57 查询号码 【1576462】，GSD为【"黑龙江-齐齐哈尔"】

2024-05-02 00:21:58 开始第 6550 次操作

2024-05-02 00:21:58 开始操作号码 【1576463】
2024-05-02 00:22:09 GSD getOne 第 1 次 等待 3 秒
2024-05-02 00:22:12 查询号码 【1576463】，返回信息 {"status":"ok","msg":"黑龙江-牡丹江","gid":"409036","time_insert":"2021-07-27 03:47"}
2024-05-02 00:22:12 查询号码 【1576463】，GSD为【"黑龙江-牡丹江"】

2024-05-02 00:22:13 开始第 6551 次操作

2024-05-02 00:22:13 开始操作号码 【1576464】
2024-05-02 00:22:19 GSD getOne 第 1 次 等待 3 秒
2024-05-02 00:22:22 查询号码 【1576464】，返回信息 {"status":"ok","msg":"黑龙江-七台河","gid":"409025","time_insert":"2021-07-27 03:47"}
2024-05-02 00:22:22 查询号码 【1576464】，GSD为【"黑龙江-七台河"】

2024-05-02 00:22:23 开始第 6552 次操作

2024-05-02 00:22:23 开始操作号码 【1576465】
2024-05-02 00:22:28 GSD getOne 第 1 次 等待 3 秒
2024-05-02 00:22:31 查询号码 【1576465】，返回信息 {"status":"ok","msg":"黑龙江-大庆","gid":"409017","time_insert":"2021-07-27 03:46"}
2024-05-02 00:22:31 查询号码 【1576465】，GSD为【"黑龙江-大庆"】

