2024-01-10 00:22:54 开始第 7773 次操作

2024-01-10 00:22:54 开始操作号码 【1797685】
2024-01-10 00:22:57 GSD getOne 第 1 次 等待 3 秒
2024-01-10 00:23:00 查询号码 【1797685】，返回信息 {"status":"ok","msg":"-","gid":"640324","time_insert":"2023-04-08 01:22"}
2024-01-10 00:23:00 查询号码 【1797685】，GSD为【"-"】
2024-01-10 00:23:00 ok && -
2024-01-10 00:23:02 CHB 1797685?1704817380 第 1 次 等待 3 秒
2024-01-10 00:23:05 CHB 1797685?1704817380 第 1 次 获取到号码【1797685】GSD
2024-01-10 00:23:05 未获取到号码【1797685】GSD，可能号码格式错误
2024-01-10 00:23:05 获取到号码【1797685】的GSD为【-】
2024-01-10 00:23:09 GSD insert 第 1 次 等待 3 秒
2024-01-10 00:23:12 {"status":"bad","gid":"640324","msg":"添加失败！号码【1797685(-|-)】已存在！"}
2024-01-10 00:23:12 随机等待 140 秒，约 2 分钟
2024-01-10 00:23:12 下次操作: 2024-01-10 00:25:32

2024-01-10 00:25:32 开始第 7774 次操作

2024-01-10 00:25:32 开始操作号码 【1797686】
2024-01-10 00:25:36 GSD getOne 第 1 次 等待 3 秒
2024-01-10 00:25:39 查询号码 【1797686】，返回信息 {"status":"ok","msg":"-","gid":"640326","time_insert":"2023-04-08 01:24"}
2024-01-10 00:25:39 查询号码 【1797686】，GSD为【"-"】
2024-01-10 00:25:39 ok && -
2024-01-10 00:25:42 CHB 1797686?1704817539 第 1 次 等待 3 秒
2024-01-10 00:25:45 CHB 1797686?1704817539 第 1 次 获取到号码【1797686】GSD
2024-01-10 00:25:45 未获取到号码【1797686】GSD，可能号码格式错误
2024-01-10 00:25:45 获取到号码【1797686】的GSD为【-】
2024-01-10 00:25:48 GSD insert 第 1 次 等待 3 秒
2024-01-10 00:25:51 {"status":"bad","gid":"640326","msg":"添加失败！号码【1797686(-|-)】已存在！"}
2024-01-10 00:25:51 随机等待 222 秒，约 3 分钟
2024-01-10 00:25:51 下次操作: 2024-01-10 00:29:33

2024-01-10 00:29:33 开始第 7775 次操作

2024-01-10 00:29:33 开始操作号码 【1797687】
2024-01-10 00:29:36 GSD getOne 第 1 次 等待 3 秒
2024-01-10 00:29:39 查询号码 【1797687】，返回信息 {"status":"ok","msg":"-","gid":"640330","time_insert":"2023-04-08 01:27"}
2024-01-10 00:29:39 查询号码 【1797687】，GSD为【"-"】
2024-01-10 00:29:39 ok && -
2024-01-10 00:29:42 CHB 1797687?1704817779 第 1 次 等待 3 秒
2024-01-10 00:29:45 CHB 1797687?1704817779 第 1 次 获取到号码【1797687】GSD
2024-01-10 00:29:45 未获取到号码【1797687】GSD，可能号码格式错误
2024-01-10 00:29:45 获取到号码【1797687】的GSD为【-】
2024-01-10 00:29:48 GSD insert 第 1 次 等待 3 秒
2024-01-10 00:29:51 {"status":"bad","gid":"640330","msg":"添加失败！号码【1797687(-|-)】已存在！"}
2024-01-10 00:29:51 随机等待 109 秒，约 1 分钟
2024-01-10 00:29:51 下次操作: 2024-01-10 00:31:40

2024-01-10 00:31:40 开始第 7776 次操作

2024-01-10 00:31:40 开始操作号码 【1797688】
2024-01-10 00:31:43 GSD getOne 第 1 次 等待 3 秒
2024-01-10 00:31:46 查询号码 【1797688】，返回信息 {"status":"ok","msg":"-","gid":"640339","time_insert":"2023-04-08 01:33"}
2024-01-10 00:31:46 查询号码 【1797688】，GSD为【"-"】
2024-01-10 00:31:46 ok && -
2024-01-10 00:31:49 CHB 1797688?1704817906 第 1 次 等待 3 秒
2024-01-10 00:31:52 CHB 1797688?1704817906 第 1 次 获取到号码【1797688】GSD
2024-01-10 00:31:52 未获取到号码【1797688】GSD，可能号码格式错误
2024-01-10 00:31:52 获取到号码【1797688】的GSD为【-】
2024-01-10 00:31:55 GSD insert 第 1 次 等待 3 秒
2024-01-10 00:31:58 {"status":"bad","gid":"640339","msg":"添加失败！号码【1797688(-|-)】已存在！"}

2024-01-10 00:42:25 开始第 7777 次操作

2024-01-10 00:42:25 开始操作号码 【1797689】
2024-01-10 00:42:31 GSD getOne 第 1 次 等待 3 秒
2024-01-10 00:42:34 查询号码 【1797689】，返回信息 {"status":"ok","msg":"-","gid":"640343","time_insert":"2023-04-08 01:35"}
2024-01-10 00:42:34 查询号码 【1797689】，GSD为【"-"】
2024-01-10 00:42:34 ok && -
2024-01-10 00:42:37 CHB 1797689?1704818554 第 1 次 等待 3 秒
2024-01-10 00:42:40 CHB 1797689?1704818554 第 1 次 获取到号码【1797689】GSD
2024-01-10 00:42:40 未获取到号码【1797689】GSD，可能号码格式错误
2024-01-10 00:42:40 获取到号码【1797689】的GSD为【-】
2024-01-10 00:42:44 GSD insert 第 1 次 等待 3 秒
2024-01-10 00:42:47 {"status":"bad","gid":"640343","msg":"添加失败！号码【1797689(-|-)】已存在！"}
2024-01-10 00:42:47 随机等待 172 秒，约 2 分钟
2024-01-10 00:42:47 下次操作: 2024-01-10 00:45:39

2024-01-10 00:45:39 开始第 7778 次操作

2024-01-10 00:45:39 开始操作号码 【1797690】
2024-01-10 00:45:43 GSD getOne 第 1 次 等待 3 秒
2024-01-10 00:45:46 查询号码 【1797690】，返回信息 {"status":"ok","msg":"-","gid":"640347","time_insert":"2023-04-08 01:38"}
2024-01-10 00:45:46 查询号码 【1797690】，GSD为【"-"】
2024-01-10 00:45:46 ok && -
2024-01-10 00:45:48 CHB 1797690?1704818746 第 1 次 等待 3 秒
2024-01-10 00:45:51 CHB 1797690?1704818746 第 1 次 获取到号码【1797690】GSD
2024-01-10 00:45:52 未获取到号码【1797690】GSD，可能号码格式错误
2024-01-10 00:45:52 获取到号码【1797690】的GSD为【-】
2024-01-10 00:45:54 GSD insert 第 1 次 等待 3 秒
2024-01-10 00:45:57 {"status":"bad","gid":"640347","msg":"添加失败！号码【1797690(-|-)】已存在！"}
2024-01-10 00:45:57 随机等待 144 秒，约 2 分钟
2024-01-10 00:45:57 下次操作: 2024-01-10 00:48:21

2024-01-10 00:48:22 开始第 7779 次操作

2024-01-10 00:48:22 开始操作号码 【1797691】
2024-01-10 00:48:25 GSD getOne 第 1 次 等待 3 秒
2024-01-10 00:48:28 查询号码 【1797691】，返回信息 {"status":"ok","msg":"-","gid":"640352","time_insert":"2023-04-08 01:39"}
2024-01-10 00:48:28 查询号码 【1797691】，GSD为【"-"】
2024-01-10 00:48:28 ok && -
2024-01-10 00:48:30 CHB 1797691?1704818908 第 1 次 等待 3 秒
2024-01-10 00:48:33 CHB 1797691?1704818908 第 1 次 获取到号码【1797691】GSD
2024-01-10 00:48:33 未获取到号码【1797691】GSD，可能号码格式错误
2024-01-10 00:48:33 获取到号码【1797691】的GSD为【-】
2024-01-10 00:48:37 GSD insert 第 1 次 等待 3 秒
2024-01-10 00:48:40 {"status":"bad","gid":"640352","msg":"添加失败！号码【1797691(-|-)】已存在！"}
2024-01-10 00:48:40 随机等待 144 秒，约 2 分钟
2024-01-10 00:48:40 下次操作: 2024-01-10 00:51:04

2024-01-10 00:51:04 开始第 7780 次操作

2024-01-10 00:51:04 开始操作号码 【1797692】
2024-01-10 00:51:07 GSD getOne 第 1 次 等待 3 秒
2024-01-10 00:51:10 查询号码 【1797692】，返回信息 {"status":"ok","msg":"-","gid":"640356","time_insert":"2023-04-08 01:42"}
2024-01-10 00:51:10 查询号码 【1797692】，GSD为【"-"】
2024-01-10 00:51:10 ok && -
2024-01-10 00:51:12 CHB 1797692?1704819070 第 1 次 等待 3 秒
2024-01-10 00:51:15 CHB 1797692?1704819070 第 1 次 获取到号码【1797692】GSD
2024-01-10 00:51:16 未获取到号码【1797692】GSD，可能号码格式错误
2024-01-10 00:51:16 获取到号码【1797692】的GSD为【-】
2024-01-10 00:51:19 GSD insert 第 1 次 等待 3 秒
2024-01-10 00:51:22 {"status":"bad","gid":"640356","msg":"添加失败！号码【1797692(-|-)】已存在！"}

