2024-07-11 00:24:17 开始第 5297 次操作

2024-07-11 00:24:17 开始操作号码 【1465199】
2024-07-11 00:24:27 GSD getOne 第 1 次 等待 3 秒
2024-07-11 00:24:30 查询号码 【1465199】，返回信息 {"status":"ok","msg":"广东-东莞","gid":"387180","time_insert":"2021-07-25 08:29"}
2024-07-11 00:24:30 查询号码 【1465199】，GSD为【"广东-东莞"】

2024-07-11 00:24:31 开始第 5298 次操作

2024-07-11 00:24:31 开始操作号码 【1465200】
2024-07-11 00:24:40 GSD getOne 第 1 次 等待 3 秒
2024-07-11 00:24:43 查询号码 【1465200】，返回信息 {"status":"ok","msg":"广东-东莞","gid":"387198","time_insert":"2021-07-25 08:41"}
2024-07-11 00:24:43 查询号码 【1465200】，GSD为【"广东-东莞"】

2024-07-11 00:24:44 开始第 5299 次操作

2024-07-11 00:24:44 开始操作号码 【1465201】
2024-07-11 00:24:52 GSD getOne 第 1 次 等待 3 秒
2024-07-11 00:24:55 查询号码 【1465201】，返回信息 {"status":"ok","msg":"广东-东莞","gid":"387225","time_insert":"2021-07-25 08:55"}
2024-07-11 00:24:55 查询号码 【1465201】，GSD为【"广东-东莞"】

2024-07-11 00:24:56 开始第 5300 次操作

2024-07-11 00:24:56 开始操作号码 【1465202】
2024-07-11 00:25:06 GSD getOne 第 1 次 等待 3 秒
2024-07-11 00:25:09 查询号码 【1465202】，返回信息 {"status":"ok","msg":"广东-东莞","gid":"387247","time_insert":"2021-07-25 09:08"}
2024-07-11 00:25:09 查询号码 【1465202】，GSD为【"广东-东莞"】

