2023-11-09 00:22:42 开始第 7493 次操作

2023-11-09 00:22:42 开始操作号码 【1897407】
2023-11-09 00:22:47 GSD getOne 第 1 次 等待 3 秒
2023-11-09 00:22:50 查询号码 【1897407】，返回信息 {"status":"ok","msg":"湖南-岳阳","gid":"450967","time_insert":"2021-07-31 02:00"}
2023-11-09 00:22:50 查询号码 【1897407】，GSD为【"湖南-岳阳"】

2023-11-09 00:22:51 开始第 7494 次操作

2023-11-09 00:22:51 开始操作号码 【1897408】
2023-11-09 00:22:57 GSD getOne 第 1 次 等待 3 秒
2023-11-09 00:23:00 查询号码 【1897408】，返回信息 {"status":"ok","msg":"湖南-岳阳","gid":"450956","time_insert":"2021-07-31 01:59"}
2023-11-09 00:23:00 查询号码 【1897408】，GSD为【"湖南-岳阳"】

2023-11-09 00:23:01 开始第 7495 次操作

2023-11-09 00:23:01 开始操作号码 【1897409】
2023-11-09 00:23:08 GSD getOne 第 1 次 等待 3 秒
2023-11-09 00:23:11 查询号码 【1897409】，返回信息 {"status":"ok","msg":"湖南-岳阳","gid":"450946","time_insert":"2021-07-31 01:59"}
2023-11-09 00:23:11 查询号码 【1897409】，GSD为【"湖南-岳阳"】

2023-11-09 00:23:12 开始第 7496 次操作

2023-11-09 00:23:12 开始操作号码 【1897410】
2023-11-09 00:23:15 GSD getOne 第 1 次 等待 3 秒
2023-11-09 00:23:18 查询号码 【1897410】，返回信息 {"status":"ok","msg":"湖南-株洲","gid":"450936","time_insert":"2021-07-31 01:58"}
2023-11-09 00:23:18 查询号码 【1897410】，GSD为【"湖南-株洲"】

