2024-08-30 00:23:31 开始第 1849 次操作

2024-08-30 00:23:31 开始操作号码 【1351848】
2024-08-30 00:23:39 GSD getOne 第 1 次 等待 3 秒
2024-08-30 00:23:42 查询号码 【1351848】，返回信息 {"status":"ok","msg":"四川-内江","gid":"5301","time_insert":"2017-07-15 10:56","time_update":"2020-10-11 03:58"}
2024-08-30 00:23:42 查询号码 【1351848】，GSD为【"四川-内江"】

2024-08-30 00:23:43 开始第 1850 次操作

2024-08-30 00:23:43 开始操作号码 【1351849】
2024-08-30 00:23:51 GSD getOne 第 1 次 等待 3 秒
2024-08-30 00:23:54 查询号码 【1351849】，返回信息 {"status":"ok","msg":"四川-内江","gid":"5302","time_insert":"2015-12-29 10:11","time_update":"2020-10-11 04:03"}
2024-08-30 00:23:54 查询号码 【1351849】，GSD为【"四川-内江"】

2024-08-30 00:23:55 开始第 1851 次操作

2024-08-30 00:23:55 开始操作号码 【1351850】
2024-08-30 00:24:03 GSD getOne 第 1 次 等待 3 秒
2024-08-30 00:24:06 查询号码 【1351850】，返回信息 {"status":"ok","msg":"贵州-贵阳","gid":"74174","time_insert":"2021-05-31 05:12"}
2024-08-30 00:24:06 查询号码 【1351850】，GSD为【"贵州-贵阳"】

2024-08-30 00:24:07 开始第 1852 次操作

2024-08-30 00:24:07 开始操作号码 【1351851】
2024-08-30 00:24:19 GSD getOne 第 1 次 等待 3 秒
2024-08-30 00:24:22 查询号码 【1351851】，返回信息 {"status":"ok","msg":"贵州-贵阳","gid":"5303","time_insert":"2018-05-15 20:13","time_update":"2020-11-17 18:00"}
2024-08-30 00:24:22 查询号码 【1351851】，GSD为【"贵州-贵阳"】

2024-08-30 00:42:51 开始第 1853 次操作

2024-08-30 00:42:51 开始操作号码 【1351852】
2024-08-30 00:42:59 GSD getOne 第 1 次 等待 3 秒
2024-08-30 00:43:02 查询号码 【1351852】，返回信息 {"status":"ok","msg":"贵州-遵义","gid":"5304","time_insert":"2017-05-10 13:49","time_update":"2020-11-17 18:05"}
2024-08-30 00:43:02 查询号码 【1351852】，GSD为【"贵州-遵义"】

2024-08-30 00:43:03 开始第 1854 次操作

2024-08-30 00:43:03 开始操作号码 【1351853】
2024-08-30 00:43:14 GSD getOne 第 1 次 等待 3 秒
2024-08-30 00:43:17 查询号码 【1351853】，返回信息 {"status":"ok","msg":"贵州-安顺","gid":"74191","time_insert":"2021-05-31 05:34"}
2024-08-30 00:43:17 查询号码 【1351853】，GSD为【"贵州-安顺"】

2024-08-30 00:43:18 开始第 1855 次操作

2024-08-30 00:43:18 开始操作号码 【1351854】
2024-08-30 00:43:25 GSD getOne 第 1 次 等待 3 秒
2024-08-30 00:43:28 查询号码 【1351854】，返回信息 {"status":"ok","msg":"贵州-都匀","gid":"5305","time_insert":"2020-07-03 00:40","time_update":"2020-11-17 18:08"}
2024-08-30 00:43:28 查询号码 【1351854】，GSD为【"贵州-都匀"】

2024-08-30 00:43:29 开始第 1856 次操作

2024-08-30 00:43:29 开始操作号码 【1351855】
2024-08-30 00:43:37 GSD getOne 第 1 次 等待 3 秒
2024-08-30 00:43:40 查询号码 【1351855】，返回信息 {"status":"ok","msg":"贵州-凯里","gid":"74212","time_insert":"2021-05-31 06:02"}
2024-08-30 00:43:40 查询号码 【1351855】，GSD为【"贵州-凯里"】

