2024-05-16 00:22:32 开始第 9021 次操作

2024-05-16 00:22:32 开始操作号码 【1578927】
2024-05-16 00:22:38 GSD getOne 第 1 次 等待 3 秒
2024-05-16 00:22:41 查询号码 【1578927】，返回信息 {"status":"ok","msg":"-","gid":"380303","time_insert":"2021-07-24 18:47"}
2024-05-16 00:22:41 查询号码 【1578927】，GSD为【"-"】
2024-05-16 00:22:41 ok && -
2024-05-16 00:22:44 CHB 1578927?1715790161 第 1 次 等待 3 秒
2024-05-16 00:22:47 CHB 1578927?1715790161 第 1 次 获取到号码【1578927】GSD
2024-05-16 00:22:47 未获取到号码【1578927】GSD，可能号码格式错误
2024-05-16 00:22:47 获取到号码【1578927】的GSD为【-】
2024-05-16 00:22:55 GSD insert 第 1 次 等待 3 秒
2024-05-16 00:22:58 {"status":"bad","gid":"380303","msg":"添加失败！号码【1578927(-|-)】已存在！"}
2024-05-16 00:22:58 随机等待 90 秒，约 1 分钟
2024-05-16 00:22:58 下次操作: 2024-05-16 00:24:28

2024-05-16 00:24:28 开始第 9022 次操作

2024-05-16 00:24:28 开始操作号码 【1578928】
2024-05-16 00:24:38 GSD getOne 第 1 次 等待 3 秒
2024-05-16 00:24:41 查询号码 【1578928】，返回信息 {"status":"ok","msg":"-","gid":"380294","time_insert":"2021-07-24 18:46"}
2024-05-16 00:24:41 查询号码 【1578928】，GSD为【"-"】
2024-05-16 00:24:41 ok && -
2024-05-16 00:24:44 CHB 1578928?1715790281 第 1 次 等待 3 秒
2024-05-16 00:24:47 CHB 1578928?1715790281 第 1 次 获取到号码【1578928】GSD
2024-05-16 00:24:47 未获取到号码【1578928】GSD，可能号码格式错误
2024-05-16 00:24:47 获取到号码【1578928】的GSD为【-】
2024-05-16 00:24:52 GSD insert 第 1 次 等待 3 秒
2024-05-16 00:24:55 {"status":"bad","gid":"380294","msg":"添加失败！号码【1578928(-|-)】已存在！"}
2024-05-16 00:24:55 随机等待 143 秒，约 2 分钟
2024-05-16 00:24:55 下次操作: 2024-05-16 00:27:18

2024-05-16 00:27:18 开始第 9023 次操作

2024-05-16 00:27:18 开始操作号码 【1578929】
2024-05-16 00:27:23 GSD getOne 第 1 次 等待 3 秒
2024-05-16 00:27:26 查询号码 【1578929】，返回信息 {"status":"ok","msg":"-","gid":"380283","time_insert":"2021-07-24 18:46"}
2024-05-16 00:27:26 查询号码 【1578929】，GSD为【"-"】
2024-05-16 00:27:26 ok && -
2024-05-16 00:27:29 CHB 1578929?1715790446 第 1 次 等待 3 秒
2024-05-16 00:27:32 CHB 1578929?1715790446 第 1 次 获取到号码【1578929】GSD
2024-05-16 00:27:32 未获取到号码【1578929】GSD，可能号码格式错误
2024-05-16 00:27:32 获取到号码【1578929】的GSD为【-】
2024-05-16 00:27:38 GSD insert 第 1 次 等待 3 秒
2024-05-16 00:27:41 {"status":"bad","gid":"380283","msg":"添加失败！号码【1578929(-|-)】已存在！"}
2024-05-16 00:27:41 随机等待 211 秒，约 3 分钟
2024-05-16 00:27:41 下次操作: 2024-05-16 00:31:12

2024-05-16 00:31:12 开始第 9024 次操作

2024-05-16 00:31:12 开始操作号码 【1578930】
2024-05-16 00:31:20 GSD getOne 第 1 次 等待 3 秒
2024-05-16 00:31:23 查询号码 【1578930】，返回信息 {"status":"ok","msg":"-","gid":"380273","time_insert":"2021-07-24 18:45"}
2024-05-16 00:31:23 查询号码 【1578930】，GSD为【"-"】
2024-05-16 00:31:23 ok && -
2024-05-16 00:31:25 CHB 1578930?1715790683 第 1 次 等待 3 秒
2024-05-16 00:31:28 CHB 1578930?1715790683 第 1 次 获取到号码【1578930】GSD
2024-05-16 00:31:28 未获取到号码【1578930】GSD，可能号码格式错误
2024-05-16 00:31:28 获取到号码【1578930】的GSD为【-】
2024-05-16 00:31:38 GSD insert 第 1 次 等待 3 秒
2024-05-16 00:31:41 {"status":"bad","gid":"380273","msg":"添加失败！号码【1578930(-|-)】已存在！"}

