2024-09-11 00:23:04 开始第 3913 次操作

2024-09-11 00:23:04 开始操作号码 【1353912】
2024-09-11 00:23:12 GSD getOne 第 1 次 等待 3 秒
2024-09-11 00:23:15 查询号码 【1353912】，返回信息 {"status":"ok","msg":"广东-河源","gid":"126272","time_insert":"2021-06-25 08:25"}
2024-09-11 00:23:15 查询号码 【1353912】，GSD为【"广东-河源"】

2024-09-11 00:23:16 开始第 3914 次操作

2024-09-11 00:23:16 开始操作号码 【1353913】
2024-09-11 00:23:27 GSD getOne 第 1 次 等待 3 秒
2024-09-11 00:23:30 查询号码 【1353913】，返回信息 {"status":"ok","msg":"广东-河源","gid":"126304","time_insert":"2021-06-25 08:48"}
2024-09-11 00:23:30 查询号码 【1353913】，GSD为【"广东-河源"】

2024-09-11 00:23:31 开始第 3915 次操作

2024-09-11 00:23:31 开始操作号码 【1353914】
2024-09-11 00:23:38 GSD getOne 第 1 次 等待 3 秒
2024-09-11 00:23:41 查询号码 【1353914】，返回信息 {"status":"ok","msg":"广东-河源","gid":"126334","time_insert":"2021-06-25 09:09"}
2024-09-11 00:23:41 查询号码 【1353914】，GSD为【"广东-河源"】

2024-09-11 00:23:42 开始第 3916 次操作

2024-09-11 00:23:42 开始操作号码 【1353915】
2024-09-11 00:23:51 GSD getOne 第 1 次 等待 3 秒
2024-09-11 00:23:54 查询号码 【1353915】，返回信息 {"status":"ok","msg":"广东-梅州","gid":"126370","time_insert":"2021-06-25 09:30"}
2024-09-11 00:23:54 查询号码 【1353915】，GSD为【"广东-梅州"】

2024-09-11 00:43:20 开始第 3917 次操作

2024-09-11 00:43:20 开始操作号码 【1353916】
2024-09-11 00:43:29 GSD getOne 第 1 次 等待 3 秒
2024-09-11 00:43:32 查询号码 【1353916】，返回信息 {"status":"ok","msg":"广东-梅州","gid":"126398","time_insert":"2021-06-25 09:51"}
2024-09-11 00:43:32 查询号码 【1353916】，GSD为【"广东-梅州"】

2024-09-11 00:43:33 开始第 3918 次操作

2024-09-11 00:43:33 开始操作号码 【1353917】
2024-09-11 00:43:41 GSD getOne 第 1 次 等待 3 秒
2024-09-11 00:43:44 查询号码 【1353917】，返回信息 {"status":"ok","msg":"广东-梅州","gid":"126440","time_insert":"2021-06-25 10:07","time_update":"2021-06-25 10:31"}
2024-09-11 00:43:44 查询号码 【1353917】，GSD为【"广东-梅州"】

2024-09-11 00:43:45 开始第 3919 次操作

2024-09-11 00:43:45 开始操作号码 【1353918】
2024-09-11 00:43:53 GSD getOne 第 1 次 等待 3 秒
2024-09-11 00:43:56 查询号码 【1353918】，返回信息 {"status":"ok","msg":"广东-梅州","gid":"126533","time_insert":"2021-06-25 10:32"}
2024-09-11 00:43:56 查询号码 【1353918】，GSD为【"广东-梅州"】

2024-09-11 00:43:57 开始第 3920 次操作

2024-09-11 00:43:57 开始操作号码 【1353919】
2024-09-11 00:44:05 GSD getOne 第 1 次 等待 3 秒
2024-09-11 00:44:08 查询号码 【1353919】，返回信息 {"status":"ok","msg":"广东-梅州","gid":"126626","time_insert":"2021-06-25 10:49"}
2024-09-11 00:44:08 查询号码 【1353919】，GSD为【"广东-梅州"】

2024-09-11 01:16:37 开始第 3921 次操作

2024-09-11 01:16:37 开始操作号码 【1353920】
2024-09-11 01:16:45 GSD getOne 第 1 次 等待 3 秒
2024-09-11 01:16:48 查询号码 【1353920】，返回信息 {"status":"ok","msg":"广东-惠州","gid":"126816","time_insert":"2021-06-25 11:14"}
2024-09-11 01:16:48 查询号码 【1353920】，GSD为【"广东-惠州"】

2024-09-11 01:16:49 开始第 3922 次操作

2024-09-11 01:16:49 开始操作号码 【1353921】
2024-09-11 01:16:57 GSD getOne 第 1 次 等待 3 秒
2024-09-11 01:17:00 查询号码 【1353921】，返回信息 {"status":"ok","msg":"广东-惠州","gid":"126956","time_insert":"2021-06-25 11:34"}
2024-09-11 01:17:00 查询号码 【1353921】，GSD为【"广东-惠州"】

2024-09-11 01:17:01 开始第 3923 次操作

2024-09-11 01:17:01 开始操作号码 【1353922】
2024-09-11 01:17:09 GSD getOne 第 1 次 等待 3 秒
2024-09-11 01:17:12 查询号码 【1353922】，返回信息 {"status":"ok","msg":"广东-惠州","gid":"5691","time_insert":"2017-03-24 11:36","time_update":"2021-05-13 02:17"}
2024-09-11 01:17:12 查询号码 【1353922】，GSD为【"广东-惠州"】

2024-09-11 01:17:13 开始第 3924 次操作

2024-09-11 01:17:13 开始操作号码 【1353923】
2024-09-11 01:17:21 GSD getOne 第 1 次 等待 3 秒
2024-09-11 01:17:24 查询号码 【1353923】，返回信息 {"status":"ok","msg":"广东-惠州","gid":"127022","time_insert":"2021-06-25 11:53"}
2024-09-11 01:17:24 查询号码 【1353923】，GSD为【"广东-惠州"】

2024-09-11 01:38:12 开始第 3925 次操作

2024-09-11 01:38:12 开始操作号码 【1353924】
2024-09-11 01:38:20 GSD getOne 第 1 次 等待 3 秒
2024-09-11 01:38:23 查询号码 【1353924】，返回信息 {"status":"ok","msg":"广东-惠州","gid":"127154","time_insert":"2021-06-25 12:15"}
2024-09-11 01:38:23 查询号码 【1353924】，GSD为【"广东-惠州"】

2024-09-11 01:38:24 开始第 3926 次操作

2024-09-11 01:38:25 开始操作号码 【1353925】
2024-09-11 01:38:32 GSD getOne 第 1 次 等待 3 秒
2024-09-11 01:38:35 查询号码 【1353925】，返回信息 {"status":"ok","msg":"广东-揭阳","gid":"5692","time_insert":"2016-05-04 10:24","time_update":"2020-09-26 11:24"}
2024-09-11 01:38:35 查询号码 【1353925】，GSD为【"广东-揭阳"】

2024-09-11 01:38:36 开始第 3927 次操作

2024-09-11 01:38:36 开始操作号码 【1353926】
2024-09-11 01:38:44 GSD getOne 第 1 次 等待 3 秒
2024-09-11 01:38:47 查询号码 【1353926】，返回信息 {"status":"ok","msg":"广东-揭阳","gid":"127200","time_insert":"2021-06-25 12:36"}
2024-09-11 01:38:47 查询号码 【1353926】，GSD为【"广东-揭阳"】

2024-09-11 01:38:48 开始第 3928 次操作

2024-09-11 01:38:48 开始操作号码 【1353927】
2024-09-11 01:38:56 GSD getOne 第 1 次 等待 3 秒
2024-09-11 01:38:59 查询号码 【1353927】，返回信息 {"status":"ok","msg":"广东-揭阳","gid":"127259","time_insert":"2021-06-25 12:59"}
2024-09-11 01:38:59 查询号码 【1353927】，GSD为【"广东-揭阳"】

