2024-09-15 00:22:37 开始第 4601 次操作

2024-09-15 00:22:37 开始操作号码 【1354600】
2024-09-15 00:22:45 GSD getOne 第 1 次 等待 3 秒
2024-09-15 00:22:48 查询号码 【1354600】，返回信息 {"status":"ok","msg":"山西-大同","gid":"167951","time_insert":"2021-07-01 17:02"}
2024-09-15 00:22:48 查询号码 【1354600】，GSD为【"山西-大同"】

2024-09-15 00:22:49 开始第 4602 次操作

2024-09-15 00:22:49 开始操作号码 【1354601】
2024-09-15 00:22:57 GSD getOne 第 1 次 等待 3 秒
2024-09-15 00:23:00 查询号码 【1354601】，返回信息 {"status":"ok","msg":"山西-大同","gid":"168025","time_insert":"2021-07-01 17:25"}
2024-09-15 00:23:00 查询号码 【1354601】，GSD为【"山西-大同"】

2024-09-15 00:23:01 开始第 4603 次操作

2024-09-15 00:23:01 开始操作号码 【1354602】
2024-09-15 00:23:09 GSD getOne 第 1 次 等待 3 秒
2024-09-15 00:23:12 查询号码 【1354602】，返回信息 {"status":"ok","msg":"山西-大同","gid":"168060","time_insert":"2021-07-01 17:43"}
2024-09-15 00:23:12 查询号码 【1354602】，GSD为【"山西-大同"】

2024-09-15 00:23:13 开始第 4604 次操作

2024-09-15 00:23:13 开始操作号码 【1354603】
2024-09-15 00:23:30 GSD getOne 第 1 次 等待 3 秒
2024-09-15 00:23:33 查询号码 【1354603】，返回信息 {"status":"ok","msg":"山西-大同","gid":"168306","time_insert":"2021-07-01 18:08"}
2024-09-15 00:23:33 查询号码 【1354603】，GSD为【"山西-大同"】

2024-09-15 00:41:57 开始第 4605 次操作

2024-09-15 00:41:57 开始操作号码 【1354604】
2024-09-15 00:42:06 GSD getOne 第 1 次 等待 3 秒
2024-09-15 00:42:09 查询号码 【1354604】，返回信息 {"status":"ok","msg":"山西-大同","gid":"168355","time_insert":"2021-07-01 18:25"}
2024-09-15 00:42:09 查询号码 【1354604】，GSD为【"山西-大同"】

2024-09-15 00:42:10 开始第 4606 次操作

2024-09-15 00:42:10 开始操作号码 【1354605】
2024-09-15 00:42:18 GSD getOne 第 1 次 等待 3 秒
2024-09-15 00:42:21 查询号码 【1354605】，返回信息 {"status":"ok","msg":"山西-大同","gid":"168457","time_insert":"2021-07-01 18:49"}
2024-09-15 00:42:21 查询号码 【1354605】，GSD为【"山西-大同"】

2024-09-15 00:42:22 开始第 4607 次操作

2024-09-15 00:42:22 开始操作号码 【1354606】
2024-09-15 00:42:31 GSD getOne 第 1 次 等待 3 秒
2024-09-15 00:42:34 查询号码 【1354606】，返回信息 {"status":"ok","msg":"山西-大同","gid":"168641","time_insert":"2021-07-01 19:06","time_update":"2021-07-02 17:08"}
2024-09-15 00:42:34 查询号码 【1354606】，GSD为【"山西-大同"】

2024-09-15 00:42:35 开始第 4608 次操作

2024-09-15 00:42:35 开始操作号码 【1354607】
2024-09-15 00:42:44 GSD getOne 第 1 次 等待 3 秒
2024-09-15 00:42:47 查询号码 【1354607】，返回信息 {"status":"ok","msg":"山西-大同","gid":"168684","time_insert":"2021-07-01 19:27"}
2024-09-15 00:42:47 查询号码 【1354607】，GSD为【"山西-大同"】

2024-09-15 01:16:44 开始第 4609 次操作

2024-09-15 01:16:44 开始操作号码 【1354608】
2024-09-15 01:16:55 GSD getOne 第 1 次 等待 3 秒
2024-09-15 01:16:58 查询号码 【1354608】，返回信息 {"status":"ok","msg":"山西-朔州","gid":"168873","time_insert":"2021-07-01 19:49"}
2024-09-15 01:16:58 查询号码 【1354608】，GSD为【"山西-朔州"】

2024-09-15 01:16:59 开始第 4610 次操作

2024-09-15 01:16:59 开始操作号码 【1354609】
2024-09-15 01:17:06 GSD getOne 第 1 次 等待 3 秒
2024-09-15 01:17:09 查询号码 【1354609】，返回信息 {"status":"ok","msg":"山西-朔州","gid":"168979","time_insert":"2021-07-01 20:06"}
2024-09-15 01:17:09 查询号码 【1354609】，GSD为【"山西-朔州"】

2024-09-15 01:17:10 开始第 4611 次操作

2024-09-15 01:17:10 开始操作号码 【1354610】
2024-09-15 01:17:18 GSD getOne 第 1 次 等待 3 秒
2024-09-15 01:17:21 查询号码 【1354610】，返回信息 {"status":"ok","msg":"山西-忻州","gid":"169003","time_insert":"2021-07-01 20:22"}
2024-09-15 01:17:21 查询号码 【1354610】，GSD为【"山西-忻州"】

2024-09-15 01:17:22 开始第 4612 次操作

2024-09-15 01:17:22 开始操作号码 【1354611】
2024-09-15 01:17:33 GSD getOne 第 1 次 等待 3 秒
2024-09-15 01:17:36 查询号码 【1354611】，返回信息 {"status":"ok","msg":"山西-太原","gid":"169032","time_insert":"2021-07-01 20:41","time_update":"2021-07-03 08:52"}
2024-09-15 01:17:36 查询号码 【1354611】，GSD为【"山西-太原"】

2024-09-15 01:37:51 开始第 4613 次操作

2024-09-15 01:37:51 开始操作号码 【1354612】
2024-09-15 01:37:59 GSD getOne 第 1 次 等待 3 秒
2024-09-15 01:38:02 查询号码 【1354612】，返回信息 {"status":"ok","msg":"山西-运城","gid":"169070","time_insert":"2021-07-01 21:05"}
2024-09-15 01:38:02 查询号码 【1354612】，GSD为【"山西-运城"】

2024-09-15 01:38:03 开始第 4614 次操作

2024-09-15 01:38:03 开始操作号码 【1354613】
2024-09-15 01:38:11 GSD getOne 第 1 次 等待 3 秒
2024-09-15 01:38:14 查询号码 【1354613】，返回信息 {"status":"ok","msg":"山西-阳泉","gid":"169103","time_insert":"2021-07-01 21:26"}
2024-09-15 01:38:14 查询号码 【1354613】，GSD为【"山西-阳泉"】

2024-09-15 01:38:15 开始第 4615 次操作

2024-09-15 01:38:15 开始操作号码 【1354614】
2024-09-15 01:38:22 GSD getOne 第 1 次 等待 3 秒
2024-09-15 01:38:25 查询号码 【1354614】，返回信息 {"status":"ok","msg":"山西-晋中","gid":"169342","time_insert":"2021-07-01 21:47"}
2024-09-15 01:38:25 查询号码 【1354614】，GSD为【"山西-晋中"】

2024-09-15 01:38:26 开始第 4616 次操作

2024-09-15 01:38:26 开始操作号码 【1354615】
2024-09-15 01:38:34 GSD getOne 第 1 次 等待 3 秒
2024-09-15 01:38:37 查询号码 【1354615】，返回信息 {"status":"ok","msg":"山西-长治","gid":"169559","time_insert":"2021-07-01 22:09"}
2024-09-15 01:38:37 查询号码 【1354615】，GSD为【"山西-长治"】

2024-09-15 02:24:36 开始第 4617 次操作

2024-09-15 02:24:36 开始操作号码 【1354616】
2024-09-15 02:24:44 GSD getOne 第 1 次 等待 3 秒
2024-09-15 02:24:47 查询号码 【1354616】，返回信息 {"status":"ok","msg":"山西-长治","gid":"169646","time_insert":"2021-07-01 22:27"}
2024-09-15 02:24:47 查询号码 【1354616】，GSD为【"山西-长治"】

2024-09-15 02:24:48 开始第 4618 次操作

2024-09-15 02:24:48 开始操作号码 【1354617】
2024-09-15 02:24:56 GSD getOne 第 1 次 等待 3 秒
2024-09-15 02:24:59 查询号码 【1354617】，返回信息 {"status":"ok","msg":"山西-临汾","gid":"169788","time_insert":"2021-07-01 22:52"}
2024-09-15 02:24:59 查询号码 【1354617】，GSD为【"山西-临汾"】

2024-09-15 02:25:00 开始第 4619 次操作

2024-09-15 02:25:00 开始操作号码 【1354618】
2024-09-15 02:25:07 GSD getOne 第 1 次 等待 3 秒
2024-09-15 02:25:10 查询号码 【1354618】，返回信息 {"status":"ok","msg":"山西-临汾","gid":"169955","time_insert":"2021-07-01 23:16","time_update":"2021-07-03 08:57"}
2024-09-15 02:25:10 查询号码 【1354618】，GSD为【"山西-临汾"】

2024-09-15 02:25:11 开始第 4620 次操作

2024-09-15 02:25:11 开始操作号码 【1354619】
2024-09-15 02:25:19 GSD getOne 第 1 次 等待 3 秒
2024-09-15 02:25:22 查询号码 【1354619】，返回信息 {"status":"ok","msg":"山西-运城","gid":"169987","time_insert":"2021-07-01 23:35"}
2024-09-15 02:25:22 查询号码 【1354619】，GSD为【"山西-运城"】

2024-09-15 02:41:15 开始第 4621 次操作

2024-09-15 02:41:15 开始操作号码 【1354620】
2024-09-15 02:41:23 GSD getOne 第 1 次 等待 3 秒
2024-09-15 02:41:26 查询号码 【1354620】，返回信息 {"status":"ok","msg":"山西-朔州","gid":"5961","time_insert":"2019-04-01 21:12","time_update":"2020-08-20 02:49"}
2024-09-15 02:41:26 查询号码 【1354620】，GSD为【"山西-朔州"】

2024-09-15 02:41:27 开始第 4622 次操作

2024-09-15 02:41:27 开始操作号码 【1354621】
2024-09-15 02:41:34 GSD getOne 第 1 次 等待 3 秒
2024-09-15 02:41:37 查询号码 【1354621】，返回信息 {"status":"ok","msg":"山西-晋城","gid":"170068","time_insert":"2021-07-01 23:57"}
2024-09-15 02:41:38 查询号码 【1354621】，GSD为【"山西-晋城"】

2024-09-15 02:41:39 开始第 4623 次操作

2024-09-15 02:41:39 开始操作号码 【1354622】
2024-09-15 02:41:46 GSD getOne 第 1 次 等待 3 秒
2024-09-15 02:41:49 查询号码 【1354622】，返回信息 {"status":"ok","msg":"山西-晋中","gid":"5962","time_insert":"2020-08-04 14:03","time_update":"2020-08-20 00:42"}
2024-09-15 02:41:49 查询号码 【1354622】，GSD为【"山西-晋中"】

2024-09-15 02:41:50 开始第 4624 次操作

2024-09-15 02:41:50 开始操作号码 【1354623】
2024-09-15 02:41:58 GSD getOne 第 1 次 等待 3 秒
2024-09-15 02:42:01 查询号码 【1354623】，返回信息 {"status":"ok","msg":"山西-晋中","gid":"170275","time_insert":"2021-07-02 00:19"}
2024-09-15 02:42:01 查询号码 【1354623】，GSD为【"山西-晋中"】

