2021-07-28 00:00:39 开始第 15 次操作

2021-07-28 00:00:39 开始操作号码 【1575486】
2021-07-28 00:00:42 GSD getOne 第 1 次 等待 3 秒
2021-07-28 00:00:45 查询号码 【1575486】，返回信息 {"status":"bad","msg":""}
2021-07-28 00:00:45 查询号码 【1575486】，GSD为【""】
2021-07-28 00:00:45 bad
2021-07-28 00:00:50 CHB 1575486?1627401645 第 1 次 等待 3 秒
2021-07-28 00:00:53 CHB 1575486?1627401645 第 1 次 获取到号码【1575486】GSD
2021-07-28 00:00:53 未获取到号码【1575486】GSD，查号吧 400 错误
2021-07-28 00:00:53 获取到号码【1575486】的GSD为【-】
2021-07-28 00:01:08 GSD insert 第 1 次 等待 3 秒
2021-07-28 00:01:11 {"status":"ok","gid":418605,"msg":"添加成功！"}
2021-07-28 00:01:11 下次操作: 2021-07-28 00:01:31

2021-07-28 00:01:31 开始第 16 次操作

2021-07-28 00:01:31 开始操作号码 【1575485】
2021-07-28 00:01:35 GSD getOne 第 1 次 等待 3 秒
2021-07-28 00:01:38 查询号码 【1575485】，返回信息 {"status":"bad","msg":""}
2021-07-28 00:01:38 查询号码 【1575485】，GSD为【""】
2021-07-28 00:01:38 bad
2021-07-28 00:01:40 CHB 1575485?1627401698 第 1 次 等待 3 秒
2021-07-28 00:01:43 CHB 1575485?1627401698 第 1 次 获取到号码【1575485】GSD
2021-07-28 00:01:43 获取到号码【1575485】的GSD为【内蒙古-呼和浩特】
2021-07-28 00:02:04 GSD insert 第 1 次 等待 3 秒
2021-07-28 00:02:07 {"status":"ok","gid":418619,"msg":"添加成功！"}
2021-07-28 00:02:07 下次操作: 2021-07-28 00:02:26

2021-07-28 00:02:26 开始第 17 次操作

2021-07-28 00:02:26 开始操作号码 【1575484】
2021-07-28 00:02:29 GSD getOne 第 1 次 等待 3 秒
2021-07-28 00:02:32 查询号码 【1575484】，返回信息 {"status":"bad","msg":""}
2021-07-28 00:02:32 查询号码 【1575484】，GSD为【""】
2021-07-28 00:02:32 bad
2021-07-28 00:02:34 CHB 1575484?1627401752 第 1 次 等待 3 秒
2021-07-28 00:02:37 CHB 1575484?1627401752 第 1 次 获取到号码【1575484】GSD
2021-07-28 00:02:37 获取到号码【1575484】的GSD为【内蒙古-呼和浩特】
2021-07-28 00:02:48 GSD insert 第 1 次 等待 3 秒
2021-07-28 00:02:51 {"status":"ok","gid":418632,"msg":"添加成功！"}
2021-07-28 00:02:51 下次操作: 2021-07-28 00:03:13

2021-07-28 00:03:13 开始第 18 次操作

2021-07-28 00:03:13 开始操作号码 【1575483】
2021-07-28 00:03:19 GSD getOne 第 1 次 等待 3 秒
2021-07-28 00:03:22 查询号码 【1575483】，返回信息 {"status":"bad","msg":""}
2021-07-28 00:03:22 查询号码 【1575483】，GSD为【""】
2021-07-28 00:03:22 bad
2021-07-28 00:03:23 CHB 1575483?1627401802 第 1 次 等待 3 秒
2021-07-28 00:03:26 CHB 1575483?1627401802 第 1 次 获取到号码【1575483】GSD
2021-07-28 00:03:26 获取到号码【1575483】的GSD为【内蒙古-呼和浩特】
2021-07-28 00:03:45 GSD insert 第 1 次 等待 3 秒
2021-07-28 00:03:48 {"status":"ok","gid":418650,"msg":"添加成功！"}
2021-07-28 00:03:48 下次操作: 2021-07-28 00:04:01

2021-07-28 00:04:01 开始第 19 次操作

2021-07-28 00:04:01 开始操作号码 【1575482】
2021-07-28 00:04:09 GSD getOne 第 1 次 等待 3 秒
2021-07-28 00:04:12 查询号码 【1575482】，返回信息 {"status":"bad","msg":""}
2021-07-28 00:04:12 查询号码 【1575482】，GSD为【""】
2021-07-28 00:04:12 bad
2021-07-28 00:04:14 CHB 1575482?1627401852 第 1 次 等待 3 秒
2021-07-28 00:04:17 CHB 1575482?1627401852 第 1 次 获取到号码【1575482】GSD
2021-07-28 00:04:17 获取到号码【1575482】的GSD为【内蒙古-乌兰浩特】
2021-07-28 00:04:35 GSD insert 第 1 次 等待 3 秒
2021-07-28 00:04:38 {"status":"ok","gid":418659,"msg":"添加成功！"}
2021-07-28 00:04:38 下次操作: 2021-07-28 00:04:54

2021-07-28 00:04:54 开始第 20 次操作

2021-07-28 00:04:54 开始操作号码 【1575481】
2021-07-28 00:04:57 GSD getOne 第 1 次 等待 3 秒
2021-07-28 00:05:00 查询号码 【1575481】，返回信息 {"status":"bad","msg":""}
2021-07-28 00:05:00 查询号码 【1575481】，GSD为【""】
2021-07-28 00:05:00 bad
2021-07-28 00:05:01 CHB 1575481?1627401900 第 1 次 等待 3 秒
2021-07-28 00:05:04 CHB 1575481?1627401900 第 1 次 获取到号码【1575481】GSD
2021-07-28 00:05:04 获取到号码【1575481】的GSD为【内蒙古-呼和浩特】
2021-07-28 00:05:22 GSD insert 第 1 次 等待 3 秒
2021-07-28 00:05:25 {"status":"ok","gid":418671,"msg":"添加成功！"}
2021-07-28 00:05:25 下次操作: 2021-07-28 00:05:41

2021-07-28 00:05:41 开始第 21 次操作

2021-07-28 00:05:41 开始操作号码 【1575480】
2021-07-28 00:05:44 GSD getOne 第 1 次 等待 3 秒
2021-07-28 00:05:47 查询号码 【1575480】，返回信息 {"status":"bad","msg":""}
2021-07-28 00:05:47 查询号码 【1575480】，GSD为【""】
2021-07-28 00:05:47 bad
2021-07-28 00:05:53 CHB 1575480?1627401947 第 1 次 等待 3 秒
2021-07-28 00:05:56 CHB 1575480?1627401947 第 1 次 获取到号码【1575480】GSD
2021-07-28 00:05:56 获取到号码【1575480】的GSD为【内蒙古-呼和浩特】
2021-07-28 00:06:07 GSD insert 第 1 次 等待 3 秒
2021-07-28 00:06:10 {"status":"ok","gid":418682,"msg":"添加成功！"}
2021-07-28 00:06:10 下次操作: 2021-07-28 00:06:28

2021-07-28 00:06:28 开始第 22 次操作

2021-07-28 00:06:28 开始操作号码 【1575479】
2021-07-28 00:06:31 GSD getOne 第 1 次 等待 3 秒
2021-07-28 00:06:34 查询号码 【1575479】，返回信息 {"status":"bad","msg":""}
2021-07-28 00:06:34 查询号码 【1575479】，GSD为【""】
2021-07-28 00:06:34 bad
2021-07-28 00:06:36 CHB 1575479?1627401994 第 1 次 等待 3 秒
2021-07-28 00:06:39 CHB 1575479?1627401994 第 1 次 获取到号码【1575479】GSD
2021-07-28 00:06:39 获取到号码【1575479】的GSD为【内蒙古-锡林郭勒盟】
2021-07-28 00:06:58 GSD insert 第 1 次 等待 3 秒
2021-07-28 00:07:01 {"status":"ok","gid":418696,"msg":"添加成功！"}
2021-07-28 00:07:01 下次操作: 2021-07-28 00:07:20

2021-07-28 00:07:20 开始第 23 次操作

2021-07-28 00:07:20 开始操作号码 【1575478】
2021-07-28 00:07:22 GSD getOne 第 1 次 等待 3 秒
2021-07-28 00:07:25 查询号码 【1575478】，返回信息 {"status":"bad","msg":""}
2021-07-28 00:07:25 查询号码 【1575478】，GSD为【""】
2021-07-28 00:07:25 bad
2021-07-28 00:07:27 CHB 1575478?1627402045 第 1 次 等待 3 秒
2021-07-28 00:07:30 CHB 1575478?1627402045 第 1 次 获取到号码【1575478】GSD
2021-07-28 00:07:30 获取到号码【1575478】的GSD为【内蒙古-巴彦淖尔】
2021-07-28 00:07:50 GSD insert 第 1 次 等待 3 秒
2021-07-28 00:07:53 {"status":"ok","gid":418708,"msg":"添加成功！"}
2021-07-28 00:07:53 下次操作: 2021-07-28 00:08:17

2021-07-28 00:08:17 开始第 24 次操作

2021-07-28 00:08:17 开始操作号码 【1575477】
2021-07-28 00:08:25 GSD getOne 第 1 次 等待 3 秒
2021-07-28 00:08:28 查询号码 【1575477】，返回信息 {"status":"bad","msg":""}
2021-07-28 00:08:28 查询号码 【1575477】，GSD为【""】
2021-07-28 00:08:28 bad
2021-07-28 00:08:30 CHB 1575477?1627402108 第 1 次 等待 3 秒
2021-07-28 00:08:33 CHB 1575477?1627402108 第 1 次 获取到号码【1575477】GSD
2021-07-28 00:08:33 获取到号码【1575477】的GSD为【内蒙古-鄂尔多斯】
2021-07-28 00:08:51 GSD insert 第 1 次 等待 3 秒
2021-07-28 00:08:54 {"status":"ok","gid":418725,"msg":"添加成功！"}
2021-07-28 00:08:54 下次操作: 2021-07-28 00:09:08

2021-07-28 00:09:08 开始第 25 次操作

2021-07-28 00:09:08 开始操作号码 【1575476】
2021-07-28 00:09:14 GSD getOne 第 1 次 等待 3 秒
2021-07-28 00:09:17 查询号码 【1575476】，返回信息 {"status":"bad","msg":""}
2021-07-28 00:09:17 查询号码 【1575476】，GSD为【""】
2021-07-28 00:09:17 bad
2021-07-28 00:09:19 CHB 1575476?1627402157 第 1 次 等待 3 秒
2021-07-28 00:09:22 CHB 1575476?1627402157 第 1 次 获取到号码【1575476】GSD
2021-07-28 00:09:22 获取到号码【1575476】的GSD为【内蒙古-赤峰】
2021-07-28 00:09:40 GSD insert 第 1 次 等待 3 秒
2021-07-28 00:09:43 {"status":"ok","gid":418735,"msg":"添加成功！"}
2021-07-28 00:09:43 下次操作: 2021-07-28 00:10:07

2021-07-28 00:10:07 开始第 26 次操作

2021-07-28 00:10:07 开始操作号码 【1575475】
2021-07-28 00:10:16 GSD getOne 第 1 次 等待 3 秒
2021-07-28 00:10:19 查询号码 【1575475】，返回信息 {"status":"bad","msg":""}
2021-07-28 00:10:19 查询号码 【1575475】，GSD为【""】
2021-07-28 00:10:19 bad
2021-07-28 00:10:21 CHB 1575475?1627402219 第 1 次 等待 3 秒
2021-07-28 00:10:24 CHB 1575475?1627402219 第 1 次 获取到号码【1575475】GSD
2021-07-28 00:10:24 获取到号码【1575475】的GSD为【内蒙古-通辽】
2021-07-28 00:10:42 GSD insert 第 1 次 等待 3 秒
2021-07-28 00:10:45 {"status":"ok","gid":418750,"msg":"添加成功！"}
2021-07-28 00:10:45 下次操作: 2021-07-28 00:11:03

2021-07-28 00:11:03 开始第 27 次操作

2021-07-28 00:11:03 开始操作号码 【1575474】
2021-07-28 00:11:06 GSD getOne 第 1 次 等待 3 秒
2021-07-28 00:11:09 查询号码 【1575474】，返回信息 {"status":"bad","msg":""}
2021-07-28 00:11:09 查询号码 【1575474】，GSD为【""】
2021-07-28 00:11:09 bad
2021-07-28 00:11:11 CHB 1575474?1627402269 第 1 次 等待 3 秒
2021-07-28 00:11:14 CHB 1575474?1627402269 第 1 次 获取到号码【1575474】GSD
2021-07-28 00:11:14 获取到号码【1575474】的GSD为【内蒙古-乌兰察布】
2021-07-28 00:11:32 GSD insert 第 1 次 等待 3 秒
2021-07-28 00:11:35 {"status":"ok","gid":418764,"msg":"添加成功！"}
2021-07-28 00:11:35 下次操作: 2021-07-28 00:11:49

2021-07-28 00:11:49 开始第 28 次操作

2021-07-28 00:11:49 开始操作号码 【1575473】
2021-07-28 00:11:57 GSD getOne 第 1 次 等待 3 秒
2021-07-28 00:12:00 查询号码 【1575473】，返回信息 {"status":"bad","msg":""}
2021-07-28 00:12:00 查询号码 【1575473】，GSD为【""】
2021-07-28 00:12:00 bad
2021-07-28 00:12:02 CHB 1575473?1627402320 第 1 次 等待 3 秒
2021-07-28 00:12:05 CHB 1575473?1627402320 第 1 次 获取到号码【1575473】GSD
2021-07-28 00:12:05 获取到号码【1575473】的GSD为【内蒙古-乌海】
2021-07-28 00:12:23 GSD insert 第 1 次 等待 3 秒
2021-07-28 00:12:26 {"status":"ok","gid":418775,"msg":"添加成功！"}
2021-07-28 00:12:26 下次操作: 2021-07-28 00:12:44

2021-07-28 00:12:44 开始第 29 次操作

2021-07-28 00:12:44 开始操作号码 【1575472】
2021-07-28 00:12:51 GSD getOne 第 1 次 等待 3 秒
2021-07-28 00:12:54 查询号码 【1575472】，返回信息 {"status":"bad","msg":""}
2021-07-28 00:12:54 查询号码 【1575472】，GSD为【""】
2021-07-28 00:12:54 bad
2021-07-28 00:12:55 CHB 1575472?1627402374 第 1 次 等待 3 秒
2021-07-28 00:12:58 CHB 1575472?1627402374 第 1 次 获取到号码【1575472】GSD
2021-07-28 00:12:58 获取到号码【1575472】的GSD为【内蒙古-包头】
2021-07-28 00:13:20 GSD insert 第 1 次 等待 3 秒
2021-07-28 00:13:23 {"status":"ok","gid":418789,"msg":"添加成功！"}
2021-07-28 00:13:23 下次操作: 2021-07-28 00:13:40

2021-07-28 00:13:40 开始第 30 次操作

2021-07-28 00:13:40 开始操作号码 【1575471】
2021-07-28 00:13:46 GSD getOne 第 1 次 等待 3 秒
2021-07-28 00:13:49 查询号码 【1575471】，返回信息 {"status":"bad","msg":""}
2021-07-28 00:13:49 查询号码 【1575471】，GSD为【""】
2021-07-28 00:13:49 bad
2021-07-28 00:13:51 CHB 1575471?1627402429 第 1 次 等待 3 秒
2021-07-28 00:13:54 CHB 1575471?1627402429 第 1 次 获取到号码【1575471】GSD
2021-07-28 00:13:54 获取到号码【1575471】的GSD为【内蒙古-呼和浩特】
2021-07-28 00:14:21 GSD insert 第 1 次 等待 3 秒
2021-07-28 00:14:24 {"status":"ok","gid":418804,"msg":"添加成功！"}
2021-07-28 00:14:24 下次操作: 2021-07-28 00:14:47

2021-07-28 00:14:47 开始第 31 次操作

2021-07-28 00:14:47 开始操作号码 【1575470】
2021-07-28 00:15:08 GSD getOne 第 1 次 等待 3 秒
2021-07-28 00:15:11 查询号码 【1575470】，返回信息 {"status":"bad","msg":""}
2021-07-28 00:15:11 查询号码 【1575470】，GSD为【""】
2021-07-28 00:15:11 bad
2021-07-28 00:15:13 CHB 1575470?1627402511 第 1 次 等待 3 秒
2021-07-28 00:15:16 CHB 1575470?1627402511 第 1 次 获取到号码【1575470】GSD
2021-07-28 00:15:16 获取到号码【1575470】的GSD为【内蒙古-海拉尔】
2021-07-28 00:15:34 GSD insert 第 1 次 等待 3 秒
2021-07-28 00:15:37 {"status":"ok","gid":418812,"msg":"添加成功！"}
2021-07-28 00:15:37 下次操作: 2021-07-28 00:15:50

2021-07-28 00:15:50 开始第 32 次操作

2021-07-28 00:15:50 开始操作号码 【1575469】
2021-07-28 00:15:54 GSD getOne 第 1 次 等待 3 秒
2021-07-28 00:15:57 查询号码 【1575469】，返回信息 {"status":"bad","msg":""}
2021-07-28 00:15:57 查询号码 【1575469】，GSD为【""】
2021-07-28 00:15:57 bad
2021-07-28 00:16:00 CHB 1575469?1627402557 第 1 次 等待 3 秒
2021-07-28 00:16:03 CHB 1575469?1627402557 第 1 次 获取到号码【1575469】GSD
2021-07-28 00:16:03 获取到号码【1575469】的GSD为【黑龙江-双鸭山】
2021-07-28 00:16:18 GSD insert 第 1 次 等待 3 秒
2021-07-28 00:16:21 {"status":"ok","gid":418820,"msg":"添加成功！"}
2021-07-28 00:16:21 下次操作: 2021-07-28 00:16:45

2021-07-28 00:16:45 开始第 33 次操作

2021-07-28 00:16:45 开始操作号码 【1575468】
2021-07-28 00:16:59 GSD getOne 第 1 次 等待 3 秒
2021-07-28 00:17:02 查询号码 【1575468】，返回信息 {"status":"bad","msg":""}
2021-07-28 00:17:02 查询号码 【1575468】，GSD为【""】
2021-07-28 00:17:02 bad
2021-07-28 00:17:04 CHB 1575468?1627402622 第 1 次 等待 3 秒
2021-07-28 00:17:07 CHB 1575468?1627402622 第 1 次 获取到号码【1575468】GSD
2021-07-28 00:17:07 获取到号码【1575468】的GSD为【黑龙江-鹤岗】
2021-07-28 00:17:28 GSD insert 第 1 次 等待 3 秒
2021-07-28 00:17:31 {"status":"ok","gid":418833,"msg":"添加成功！"}
2021-07-28 00:17:31 下次操作: 2021-07-28 00:17:47

2021-07-28 00:17:47 开始第 34 次操作

2021-07-28 00:17:47 开始操作号码 【1575467】
2021-07-28 00:17:50 GSD getOne 第 1 次 等待 3 秒
2021-07-28 00:17:54 查询号码 【1575467】，返回信息 {"status":"bad","msg":""}
2021-07-28 00:17:54 查询号码 【1575467】，GSD为【""】
2021-07-28 00:17:54 bad
2021-07-28 00:17:56 CHB 1575467?1627402674 第 1 次 等待 3 秒
2021-07-28 00:17:59 CHB 1575467?1627402674 第 1 次 获取到号码【1575467】GSD
2021-07-28 00:17:59 获取到号码【1575467】的GSD为【黑龙江-鸡西】
2021-07-28 00:18:09 GSD insert 第 1 次 等待 3 秒
2021-07-28 00:18:12 {"status":"ok","gid":418842,"msg":"添加成功！"}
2021-07-28 00:18:12 下次操作: 2021-07-28 00:18:33

2021-07-28 00:18:33 开始第 35 次操作

2021-07-28 00:18:33 开始操作号码 【1575466】
2021-07-28 00:18:38 GSD getOne 第 1 次 等待 3 秒
2021-07-28 00:18:41 查询号码 【1575466】，返回信息 {"status":"bad","msg":""}
2021-07-28 00:18:41 查询号码 【1575466】，GSD为【""】
2021-07-28 00:18:41 bad
2021-07-28 00:18:43 CHB 1575466?1627402721 第 1 次 等待 3 秒
2021-07-28 00:18:46 CHB 1575466?1627402721 第 1 次 获取到号码【1575466】GSD
2021-07-28 00:18:46 获取到号码【1575466】的GSD为【黑龙江-黑河】
2021-07-28 00:19:07 GSD insert 第 1 次 等待 3 秒
2021-07-28 00:19:10 {"status":"ok","gid":418851,"msg":"添加成功！"}
2021-07-28 00:19:10 下次操作: 2021-07-28 00:19:27

2021-07-28 00:19:27 开始第 36 次操作

2021-07-28 00:19:27 开始操作号码 【1575465】
2021-07-28 00:19:30 GSD getOne 第 1 次 等待 3 秒
2021-07-28 00:19:33 查询号码 【1575465】，返回信息 {"status":"bad","msg":""}
2021-07-28 00:19:33 查询号码 【1575465】，GSD为【""】
2021-07-28 00:19:33 bad
2021-07-28 00:19:35 CHB 1575465?1627402773 第 1 次 等待 3 秒
2021-07-28 00:19:38 CHB 1575465?1627402773 第 1 次 获取到号码【1575465】GSD
2021-07-28 00:19:38 获取到号码【1575465】的GSD为【黑龙江-黑河】
2021-07-28 00:19:56 GSD insert 第 1 次 等待 3 秒
2021-07-28 00:19:59 {"status":"ok","gid":418856,"msg":"添加成功！"}
2021-07-28 00:19:59 下次操作: 2021-07-28 00:20:18

2021-07-28 00:20:18 开始第 37 次操作

2021-07-28 00:20:18 开始操作号码 【1575464】
2021-07-28 00:20:21 GSD getOne 第 1 次 等待 3 秒
2021-07-28 00:20:24 查询号码 【1575464】，返回信息 {"status":"bad","msg":""}
2021-07-28 00:20:24 查询号码 【1575464】，GSD为【""】
2021-07-28 00:20:24 bad
2021-07-28 00:20:26 CHB 1575464?1627402824 第 1 次 等待 3 秒
2021-07-28 00:20:29 CHB 1575464?1627402824 第 1 次 获取到号码【1575464】GSD
2021-07-28 00:20:29 获取到号码【1575464】的GSD为【黑龙江-七台河】
2021-07-28 00:20:48 GSD insert 第 1 次 等待 3 秒
2021-07-28 00:20:51 {"status":"ok","gid":418865,"msg":"添加成功！"}
2021-07-28 00:20:51 下次操作: 2021-07-28 00:21:15

2021-07-28 00:21:15 开始第 38 次操作

2021-07-28 00:21:15 开始操作号码 【1575463】
2021-07-28 00:21:18 GSD getOne 第 1 次 等待 3 秒
2021-07-28 00:21:21 查询号码 【1575463】，返回信息 {"status":"bad","msg":""}
2021-07-28 00:21:21 查询号码 【1575463】，GSD为【""】
2021-07-28 00:21:21 bad
2021-07-28 00:21:22 CHB 1575463?1627402881 第 1 次 等待 3 秒
2021-07-28 00:21:25 CHB 1575463?1627402881 第 1 次 获取到号码【1575463】GSD
2021-07-28 00:21:25 获取到号码【1575463】的GSD为【黑龙江-牡丹江】
2021-07-28 00:21:43 GSD insert 第 1 次 等待 3 秒
2021-07-28 00:21:46 {"status":"ok","gid":418872,"msg":"添加成功！"}
2021-07-28 00:21:46 下次操作: 2021-07-28 00:22:10

2021-07-28 00:22:10 开始第 39 次操作

2021-07-28 00:22:10 开始操作号码 【1575462】
2021-07-28 00:22:13 GSD getOne 第 1 次 等待 3 秒
2021-07-28 00:22:16 查询号码 【1575462】，返回信息 {"status":"bad","msg":""}
2021-07-28 00:22:16 查询号码 【1575462】，GSD为【""】
2021-07-28 00:22:16 bad
2021-07-28 00:22:18 CHB 1575462?1627402936 第 1 次 等待 3 秒
2021-07-28 00:22:21 CHB 1575462?1627402936 第 1 次 获取到号码【1575462】GSD
2021-07-28 00:22:21 获取到号码【1575462】的GSD为【黑龙江-齐齐哈尔】
2021-07-28 00:22:39 GSD insert 第 1 次 等待 3 秒
2021-07-28 00:22:42 {"status":"ok","gid":418882,"msg":"添加成功！"}
2021-07-28 00:22:42 下次操作: 2021-07-28 00:23:06

2021-07-28 00:23:06 开始第 40 次操作

2021-07-28 00:23:06 开始操作号码 【1575461】
2021-07-28 00:23:09 GSD getOne 第 1 次 等待 3 秒
2021-07-28 00:23:12 查询号码 【1575461】，返回信息 {"status":"bad","msg":""}
2021-07-28 00:23:12 查询号码 【1575461】，GSD为【""】
2021-07-28 00:23:12 bad
2021-07-28 00:23:14 CHB 1575461?1627402992 第 1 次 等待 3 秒
2021-07-28 00:23:17 CHB 1575461?1627402992 第 1 次 获取到号码【1575461】GSD
2021-07-28 00:23:17 获取到号码【1575461】的GSD为【黑龙江-哈尔滨】
2021-07-28 00:23:36 GSD insert 第 1 次 等待 3 秒
2021-07-28 00:23:39 {"status":"ok","gid":418889,"msg":"添加成功！"}

2021-07-28 01:02:31 开始第 1 次操作

2021-07-28 01:02:31 开始操作号码 【1575460】
2021-07-28 01:02:36 GSD getOne 第 1 次 等待 3 秒
2021-07-28 01:02:39 查询号码 【1575460】，返回信息 {"status":"bad","msg":""}
2021-07-28 01:02:39 查询号码 【1575460】，GSD为【""】
2021-07-28 01:02:39 bad
2021-07-28 01:02:41 CHB 1575460?1627405359 第 1 次 等待 3 秒
2021-07-28 01:02:44 CHB 1575460?1627405359 第 1 次 获取到号码【1575460】GSD
2021-07-28 01:02:44 获取到号码【1575460】的GSD为【黑龙江-哈尔滨】
2021-07-28 01:02:48 GSD insert 第 1 次 等待 3 秒
2021-07-28 01:02:51 {"status":"ok","gid":418960,"msg":"添加成功！"}
2021-07-28 01:02:51 下次操作: 2021-07-28 01:03:06

2021-07-28 01:03:06 开始第 2 次操作

2021-07-28 01:03:06 开始操作号码 【1575459】
2021-07-28 01:03:09 GSD getOne 第 1 次 等待 3 秒
2021-07-28 01:03:12 查询号码 【1575459】，返回信息 {"status":"ok","msg":"黑龙江-大庆","gid":"23730","time_insert":"2016-03-06 19:42","time_update":"2020-08-22 15:05"}
2021-07-28 01:03:12 查询号码 【1575459】，GSD为【"黑龙江-大庆"】

2021-07-28 01:03:12 开始第 2 次操作

2021-07-28 01:03:12 开始操作号码 【1575458】
2021-07-28 01:03:29 GSD getOne 第 1 次 等待 3 秒
2021-07-28 01:03:32 查询号码 【1575458】，返回信息 {"status":"bad","msg":""}
2021-07-28 01:03:32 查询号码 【1575458】，GSD为【""】
2021-07-28 01:03:32 bad
2021-07-28 01:03:34 CHB 1575458?1627405412 第 1 次 等待 3 秒
2021-07-28 01:03:37 CHB 1575458?1627405412 第 1 次 获取到号码【1575458】GSD
2021-07-28 01:03:37 获取到号码【1575458】的GSD为【黑龙江-伊春】
2021-07-28 01:03:40 GSD insert 第 1 次 等待 3 秒
2021-07-28 01:03:43 {"status":"ok","gid":418968,"msg":"添加成功！"}
2021-07-28 01:03:43 下次操作: 2021-07-28 01:03:58

2021-07-28 01:03:58 开始第 3 次操作

2021-07-28 01:03:58 开始操作号码 【1575457】
2021-07-28 01:04:00 GSD getOne 第 1 次 等待 3 秒
2021-07-28 01:04:03 查询号码 【1575457】，返回信息 {"status":"bad","msg":""}
2021-07-28 01:04:04 查询号码 【1575457】，GSD为【""】
2021-07-28 01:04:04 bad
2021-07-28 01:04:05 CHB 1575457?1627405444 第 1 次 等待 3 秒
2021-07-28 01:04:08 CHB 1575457?1627405444 第 1 次 获取到号码【1575457】GSD
2021-07-28 01:04:08 获取到号码【1575457】的GSD为【浙江-宁波】
2021-07-28 01:04:12 GSD insert 第 1 次 等待 3 秒
2021-07-28 01:04:15 {"status":"ok","gid":418976,"msg":"添加成功！"}
2021-07-28 01:04:15 下次操作: 2021-07-28 01:04:37

2021-07-28 01:04:37 开始第 4 次操作

2021-07-28 01:04:37 开始操作号码 【1575456】
2021-07-28 01:04:50 GSD getOne 第 1 次 等待 3 秒
2021-07-28 01:04:53 查询号码 【1575456】，返回信息 {"status":"bad","msg":""}
2021-07-28 01:04:53 查询号码 【1575456】，GSD为【""】
2021-07-28 01:04:53 bad
2021-07-28 01:04:55 CHB 1575456?1627405493 第 1 次 等待 3 秒
2021-07-28 01:04:58 CHB 1575456?1627405493 第 1 次 获取到号码【1575456】GSD
2021-07-28 01:04:58 获取到号码【1575456】的GSD为【黑龙江-黑河】
2021-07-28 01:05:04 GSD insert 第 1 次 等待 3 秒
2021-07-28 01:05:07 {"status":"ok","gid":418987,"msg":"添加成功！"}
2021-07-28 01:05:07 下次操作: 2021-07-28 01:05:28

2021-07-28 01:05:28 开始第 5 次操作

2021-07-28 01:05:28 开始操作号码 【1575455】
2021-07-28 01:05:31 GSD getOne 第 1 次 等待 3 秒
2021-07-28 01:05:34 查询号码 【1575455】，返回信息 {"status":"bad","msg":""}
2021-07-28 01:05:34 查询号码 【1575455】，GSD为【""】
2021-07-28 01:05:34 bad
2021-07-28 01:05:36 CHB 1575455?1627405534 第 1 次 等待 3 秒
2021-07-28 01:05:39 CHB 1575455?1627405534 第 1 次 获取到号码【1575455】GSD
2021-07-28 01:05:39 获取到号码【1575455】的GSD为【黑龙江-绥化】
2021-07-28 01:05:43 GSD insert 第 1 次 等待 3 秒
2021-07-28 01:05:46 {"status":"ok","gid":418995,"msg":"添加成功！"}
2021-07-28 01:05:46 下次操作: 2021-07-28 01:06:01

2021-07-28 01:06:01 开始第 6 次操作

2021-07-28 01:06:01 开始操作号码 【1575454】
2021-07-28 01:06:04 GSD getOne 第 1 次 等待 3 秒
2021-07-28 01:06:07 查询号码 【1575454】，返回信息 {"status":"bad","msg":""}
2021-07-28 01:06:07 查询号码 【1575454】，GSD为【""】
2021-07-28 01:06:07 bad
2021-07-28 01:06:08 CHB 1575454?1627405567 第 1 次 等待 3 秒
2021-07-28 01:06:11 CHB 1575454?1627405567 第 1 次 获取到号码【1575454】GSD
2021-07-28 01:06:12 获取到号码【1575454】的GSD为【黑龙江-佳木斯】
2021-07-28 01:06:14 GSD insert 第 1 次 等待 3 秒
2021-07-28 01:06:17 {"status":"ok","gid":419003,"msg":"添加成功！"}
2021-07-28 01:06:17 下次操作: 2021-07-28 01:06:40

2021-07-28 01:06:40 开始第 7 次操作

2021-07-28 01:06:40 开始操作号码 【1575453】
2021-07-28 01:06:46 GSD getOne 第 1 次 等待 3 秒
2021-07-28 01:06:49 查询号码 【1575453】，返回信息 {"status":"bad","msg":""}
2021-07-28 01:06:49 查询号码 【1575453】，GSD为【""】
2021-07-28 01:06:49 bad
2021-07-28 01:06:51 CHB 1575453?1627405609 第 1 次 等待 3 秒
2021-07-28 01:06:54 CHB 1575453?1627405609 第 1 次 获取到号码【1575453】GSD
2021-07-28 01:06:54 获取到号码【1575453】的GSD为【黑龙江-牡丹江】
2021-07-28 01:06:57 GSD insert 第 1 次 等待 3 秒
2021-07-28 01:07:00 {"status":"ok","gid":419012,"msg":"添加成功！"}
2021-07-28 01:07:00 下次操作: 2021-07-28 01:07:19

2021-07-28 01:07:19 开始第 8 次操作

2021-07-28 01:07:19 开始操作号码 【1575452】
2021-07-28 01:07:25 GSD getOne 第 1 次 等待 3 秒
2021-07-28 01:07:28 查询号码 【1575452】，返回信息 {"status":"bad","msg":""}
2021-07-28 01:07:28 查询号码 【1575452】，GSD为【""】
2021-07-28 01:07:28 bad
2021-07-28 01:07:30 CHB 1575452?1627405648 第 1 次 等待 3 秒
2021-07-28 01:07:33 CHB 1575452?1627405648 第 1 次 获取到号码【1575452】GSD
2021-07-28 01:07:33 获取到号码【1575452】的GSD为【黑龙江-齐齐哈尔】
2021-07-28 01:07:40 GSD insert 第 1 次 等待 3 秒
2021-07-28 01:07:43 {"status":"ok","gid":419020,"msg":"添加成功！"}
2021-07-28 01:07:43 下次操作: 2021-07-28 01:07:55

2021-07-28 01:07:55 开始第 9 次操作

2021-07-28 01:07:55 开始操作号码 【1575451】
2021-07-28 01:07:57 GSD getOne 第 1 次 等待 3 秒
2021-07-28 01:08:00 查询号码 【1575451】，返回信息 {"status":"bad","msg":""}
2021-07-28 01:08:00 查询号码 【1575451】，GSD为【""】
2021-07-28 01:08:00 bad
2021-07-28 01:08:02 CHB 1575451?1627405680 第 1 次 等待 3 秒
2021-07-28 01:08:05 CHB 1575451?1627405680 第 1 次 获取到号码【1575451】GSD
2021-07-28 01:08:05 获取到号码【1575451】的GSD为【黑龙江-哈尔滨】
2021-07-28 01:08:11 GSD insert 第 1 次 等待 3 秒
2021-07-28 01:08:14 {"status":"ok","gid":419027,"msg":"添加成功！"}
2021-07-28 01:08:14 下次操作: 2021-07-28 01:08:32

2021-07-28 01:08:32 开始第 10 次操作

2021-07-28 01:08:32 开始操作号码 【1575450】
2021-07-28 01:08:35 GSD getOne 第 1 次 等待 3 秒
2021-07-28 01:08:38 查询号码 【1575450】，返回信息 {"status":"bad","msg":""}
2021-07-28 01:08:38 查询号码 【1575450】，GSD为【""】
2021-07-28 01:08:38 bad
2021-07-28 01:08:40 CHB 1575450?1627405718 第 1 次 等待 3 秒
2021-07-28 01:08:43 CHB 1575450?1627405718 第 1 次 获取到号码【1575450】GSD
2021-07-28 01:08:43 获取到号码【1575450】的GSD为【黑龙江-哈尔滨】
2021-07-28 01:08:46 GSD insert 第 1 次 等待 3 秒
2021-07-28 01:08:49 {"status":"ok","gid":419035,"msg":"添加成功！"}
2021-07-28 01:08:49 下次操作: 2021-07-28 01:09:02

2021-07-28 01:09:02 开始第 11 次操作

2021-07-28 01:09:02 开始操作号码 【1575449】
2021-07-28 01:09:07 GSD getOne 第 1 次 等待 3 秒
2021-07-28 01:09:10 查询号码 【1575449】，返回信息 {"status":"bad","msg":""}
2021-07-28 01:09:10 查询号码 【1575449】，GSD为【""】
2021-07-28 01:09:10 bad
2021-07-28 01:09:11 CHB 1575449?1627405750 第 1 次 等待 3 秒
2021-07-28 01:09:14 CHB 1575449?1627405750 第 1 次 获取到号码【1575449】GSD
2021-07-28 01:09:14 获取到号码【1575449】的GSD为【吉林-吉林】
2021-07-28 01:09:19 GSD insert 第 1 次 等待 3 秒
2021-07-28 01:09:22 {"status":"ok","gid":419043,"msg":"添加成功！"}
2021-07-28 01:09:22 下次操作: 2021-07-28 01:09:44

2021-07-28 01:09:44 开始第 12 次操作

2021-07-28 01:09:44 开始操作号码 【1575448】
2021-07-28 01:09:47 GSD getOne 第 1 次 等待 3 秒
2021-07-28 01:09:50 查询号码 【1575448】，返回信息 {"status":"bad","msg":""}
2021-07-28 01:09:50 查询号码 【1575448】，GSD为【""】
2021-07-28 01:09:50 bad
2021-07-28 01:09:51 CHB 1575448?1627405790 第 1 次 等待 3 秒
2021-07-28 01:09:54 CHB 1575448?1627405790 第 1 次 获取到号码【1575448】GSD
2021-07-28 01:09:54 未获取到号码【1575448】GSD，查号吧 400 错误
2021-07-28 01:09:54 获取到号码【1575448】的GSD为【-】
2021-07-28 01:09:56 GSD insert 第 1 次 等待 3 秒
2021-07-28 01:09:59 {"status":"ok","gid":419052,"msg":"添加成功！"}
2021-07-28 01:10:00 下次操作: 2021-07-28 01:10:11

2021-07-28 01:10:12 开始第 13 次操作

2021-07-28 01:10:12 开始操作号码 【1575447】
2021-07-28 01:10:17 GSD getOne 第 1 次 等待 3 秒
2021-07-28 01:10:20 查询号码 【1575447】，返回信息 {"status":"bad","msg":""}
2021-07-28 01:10:20 查询号码 【1575447】，GSD为【""】
2021-07-28 01:10:20 bad
2021-07-28 01:10:21 CHB 1575447?1627405820 第 1 次 等待 3 秒
2021-07-28 01:10:24 CHB 1575447?1627405820 第 1 次 获取到号码【1575447】GSD
2021-07-28 01:10:24 获取到号码【1575447】的GSD为【吉林-吉林】
2021-07-28 01:10:31 GSD insert 第 1 次 等待 3 秒
2021-07-28 01:10:34 {"status":"ok","gid":419062,"msg":"添加成功！"}
2021-07-28 01:10:34 下次操作: 2021-07-28 01:10:51

2021-07-28 01:10:51 开始第 14 次操作

2021-07-28 01:10:51 开始操作号码 【1575446】
2021-07-28 01:11:11 GSD getOne 第 1 次 等待 3 秒
2021-07-28 01:11:14 查询号码 【1575446】，返回信息 {"status":"bad","msg":""}
2021-07-28 01:11:14 查询号码 【1575446】，GSD为【""】
2021-07-28 01:11:14 bad
2021-07-28 01:11:16 CHB 1575446?1627405874 第 1 次 等待 3 秒
2021-07-28 01:11:19 CHB 1575446?1627405874 第 1 次 获取到号码【1575446】GSD
2021-07-28 01:11:19 获取到号码【1575446】的GSD为【吉林-吉林】
2021-07-28 01:11:23 GSD insert 第 1 次 等待 3 秒
2021-07-28 01:11:26 {"status":"ok","gid":419074,"msg":"添加成功！"}
2021-07-28 01:11:26 下次操作: 2021-07-28 01:11:42

2021-07-28 01:11:42 开始第 15 次操作

2021-07-28 01:11:42 开始操作号码 【1575445】
2021-07-28 01:12:10 GSD getOne 第 1 次 等待 3 秒
2021-07-28 01:12:13 查询号码 【1575445】，返回信息 {"status":"bad","msg":""}
2021-07-28 01:12:13 查询号码 【1575445】，GSD为【""】
2021-07-28 01:12:13 bad
2021-07-28 01:12:15 CHB 1575445?1627405933 第 1 次 等待 3 秒
2021-07-28 01:12:18 CHB 1575445?1627405933 第 1 次 获取到号码【1575445】GSD
2021-07-28 01:12:18 获取到号码【1575445】的GSD为【吉林-吉林】
2021-07-28 01:12:21 GSD insert 第 1 次 等待 3 秒
2021-07-28 01:12:24 {"status":"ok","gid":419084,"msg":"添加成功！"}
2021-07-28 01:12:24 下次操作: 2021-07-28 01:12:37

2021-07-28 01:12:37 开始第 16 次操作

2021-07-28 01:12:37 开始操作号码 【1575444】
2021-07-28 01:12:41 GSD getOne 第 1 次 等待 3 秒
2021-07-28 01:12:44 查询号码 【1575444】，返回信息 {"status":"bad","msg":""}
2021-07-28 01:12:44 查询号码 【1575444】，GSD为【""】
2021-07-28 01:12:44 bad
2021-07-28 01:12:45 CHB 1575444?1627405964 第 1 次 等待 3 秒
2021-07-28 01:12:48 CHB 1575444?1627405964 第 1 次 获取到号码【1575444】GSD
2021-07-28 01:12:49 获取到号码【1575444】的GSD为【吉林-吉林】
2021-07-28 01:12:51 GSD insert 第 1 次 等待 3 秒
2021-07-28 01:12:54 {"status":"ok","gid":419089,"msg":"添加成功！"}
2021-07-28 01:12:54 下次操作: 2021-07-28 01:13:14

2021-07-28 01:13:14 开始第 17 次操作

2021-07-28 01:13:14 开始操作号码 【1575443】
2021-07-28 01:13:17 GSD getOne 第 1 次 等待 3 秒
2021-07-28 01:13:20 查询号码 【1575443】，返回信息 {"status":"bad","msg":""}
2021-07-28 01:13:20 查询号码 【1575443】，GSD为【""】
2021-07-28 01:13:20 bad
2021-07-28 01:13:22 CHB 1575443?1627406000 第 1 次 等待 3 秒
2021-07-28 01:13:25 CHB 1575443?1627406000 第 1 次 获取到号码【1575443】GSD
2021-07-28 01:13:25 获取到号码【1575443】的GSD为【吉林-吉林】
2021-07-28 01:13:28 GSD insert 第 1 次 等待 3 秒
2021-07-28 01:13:31 {"status":"ok","gid":419100,"msg":"添加成功！"}
2021-07-28 01:13:31 下次操作: 2021-07-28 01:13:54

2021-07-28 01:13:54 开始第 18 次操作

2021-07-28 01:13:54 开始操作号码 【1575442】
2021-07-28 01:13:58 GSD getOne 第 1 次 等待 3 秒
2021-07-28 01:14:01 查询号码 【1575442】，返回信息 {"status":"bad","msg":""}
2021-07-28 01:14:02 查询号码 【1575442】，GSD为【""】
2021-07-28 01:14:02 bad
2021-07-28 01:14:03 CHB 1575442?1627406042 第 1 次 等待 3 秒
2021-07-28 01:14:06 CHB 1575442?1627406042 第 1 次 获取到号码【1575442】GSD
2021-07-28 01:14:06 获取到号码【1575442】的GSD为【吉林-吉林】
2021-07-28 01:14:12 GSD insert 第 1 次 等待 3 秒
2021-07-28 01:14:15 {"status":"ok","gid":419110,"msg":"添加成功！"}
2021-07-28 01:14:15 下次操作: 2021-07-28 01:14:29

2021-07-28 01:14:29 开始第 19 次操作

2021-07-28 01:14:29 开始操作号码 【1575441】
2021-07-28 01:14:33 GSD getOne 第 1 次 等待 3 秒
2021-07-28 01:14:36 查询号码 【1575441】，返回信息 {"status":"bad","msg":""}
2021-07-28 01:14:36 查询号码 【1575441】，GSD为【""】
2021-07-28 01:14:36 bad
2021-07-28 01:14:38 CHB 1575441?1627406076 第 1 次 等待 3 秒
2021-07-28 01:14:41 CHB 1575441?1627406076 第 1 次 获取到号码【1575441】GSD
2021-07-28 01:14:41 获取到号码【1575441】的GSD为【吉林-吉林】
2021-07-28 01:14:44 GSD insert 第 1 次 等待 3 秒
2021-07-28 01:14:47 {"status":"ok","gid":419118,"msg":"添加成功！"}
2021-07-28 01:14:47 下次操作: 2021-07-28 01:15:10

2021-07-28 01:15:10 开始第 20 次操作

2021-07-28 01:15:10 开始操作号码 【1575440】
2021-07-28 01:15:13 GSD getOne 第 1 次 等待 3 秒
2021-07-28 01:15:16 查询号码 【1575440】，返回信息 {"status":"ok","msg":"吉林-吉林","gid":"51239","time_insert":"2021-04-22 09:29"}
2021-07-28 01:15:16 查询号码 【1575440】，GSD为【"吉林-吉林"】

2021-07-28 01:15:16 开始第 20 次操作

2021-07-28 01:15:16 开始操作号码 【1575439】
2021-07-28 01:15:19 GSD getOne 第 1 次 等待 3 秒
2021-07-28 01:15:22 查询号码 【1575439】，返回信息 {"status":"bad","msg":""}
2021-07-28 01:15:22 查询号码 【1575439】，GSD为【""】
2021-07-28 01:15:22 bad
2021-07-28 01:15:23 CHB 1575439?1627406122 第 1 次 等待 3 秒
2021-07-28 01:15:26 CHB 1575439?1627406122 第 1 次 获取到号码【1575439】GSD
2021-07-28 01:15:27 获取到号码【1575439】的GSD为【吉林-长春】
2021-07-28 01:15:30 GSD insert 第 1 次 等待 3 秒
2021-07-28 01:15:33 {"status":"ok","gid":419127,"msg":"添加成功！"}
2021-07-28 01:15:33 下次操作: 2021-07-28 01:15:50

2021-07-28 01:15:50 开始第 21 次操作

2021-07-28 01:15:50 开始操作号码 【1575438】
2021-07-28 01:15:53 GSD getOne 第 1 次 等待 3 秒
2021-07-28 01:15:56 查询号码 【1575438】，返回信息 {"status":"bad","msg":""}
2021-07-28 01:15:56 查询号码 【1575438】，GSD为【""】
2021-07-28 01:15:56 bad
2021-07-28 01:15:58 CHB 1575438?1627406156 第 1 次 等待 3 秒
2021-07-28 01:16:01 CHB 1575438?1627406156 第 1 次 获取到号码【1575438】GSD
2021-07-28 01:16:01 获取到号码【1575438】的GSD为【吉林-长春】
2021-07-28 01:16:03 GSD insert 第 1 次 等待 3 秒
2021-07-28 01:16:06 {"status":"ok","gid":419135,"msg":"添加成功！"}
2021-07-28 01:16:06 下次操作: 2021-07-28 01:16:26

2021-07-28 01:16:26 开始第 22 次操作

2021-07-28 01:16:26 开始操作号码 【1575437】
2021-07-28 01:16:30 GSD getOne 第 1 次 等待 3 秒
2021-07-28 01:16:33 查询号码 【1575437】，返回信息 {"status":"bad","msg":""}
2021-07-28 01:16:33 查询号码 【1575437】，GSD为【""】
2021-07-28 01:16:33 bad
2021-07-28 01:16:35 CHB 1575437?1627406193 第 1 次 等待 3 秒
2021-07-28 01:16:38 CHB 1575437?1627406193 第 1 次 获取到号码【1575437】GSD
2021-07-28 01:16:38 获取到号码【1575437】的GSD为【吉林-长春】
2021-07-28 01:16:43 GSD insert 第 1 次 等待 3 秒
2021-07-28 01:16:46 {"status":"ok","gid":419142,"msg":"添加成功！"}
2021-07-28 01:16:46 下次操作: 2021-07-28 01:17:01

2021-07-28 01:17:01 开始第 23 次操作

2021-07-28 01:17:01 开始操作号码 【1575436】
2021-07-28 01:17:04 GSD getOne 第 1 次 等待 3 秒
2021-07-28 01:17:07 查询号码 【1575436】，返回信息 {"status":"bad","msg":""}
2021-07-28 01:17:07 查询号码 【1575436】，GSD为【""】
2021-07-28 01:17:07 bad
2021-07-28 01:17:08 CHB 1575436?1627406227 第 1 次 等待 3 秒
2021-07-28 01:17:11 CHB 1575436?1627406227 第 1 次 获取到号码【1575436】GSD
2021-07-28 01:17:11 获取到号码【1575436】的GSD为【吉林-长春】
2021-07-28 01:17:15 GSD insert 第 1 次 等待 3 秒
2021-07-28 01:17:18 {"status":"ok","gid":419149,"msg":"添加成功！"}
2021-07-28 01:17:18 下次操作: 2021-07-28 01:17:40

2021-07-28 01:17:40 开始第 24 次操作

2021-07-28 01:17:40 开始操作号码 【1575435】
2021-07-28 01:17:43 GSD getOne 第 1 次 等待 3 秒
2021-07-28 01:17:46 查询号码 【1575435】，返回信息 {"status":"bad","msg":""}
2021-07-28 01:17:46 查询号码 【1575435】，GSD为【""】
2021-07-28 01:17:46 bad
2021-07-28 01:17:48 CHB 1575435?1627406266 第 1 次 等待 3 秒
2021-07-28 01:17:51 CHB 1575435?1627406266 第 1 次 获取到号码【1575435】GSD
2021-07-28 01:17:51 获取到号码【1575435】的GSD为【吉林-长春】
2021-07-28 01:17:54 GSD insert 第 1 次 等待 3 秒
2021-07-28 01:17:57 {"status":"ok","gid":419156,"msg":"添加成功！"}
2021-07-28 01:17:57 下次操作: 2021-07-28 01:18:17

2021-07-28 01:18:17 开始第 25 次操作

2021-07-28 01:18:17 开始操作号码 【1575434】
2021-07-28 01:18:31 GSD getOne 第 1 次 等待 3 秒
2021-07-28 01:18:34 查询号码 【1575434】，返回信息 {"status":"bad","msg":""}
2021-07-28 01:18:34 查询号码 【1575434】，GSD为【""】
2021-07-28 01:18:34 bad
2021-07-28 01:18:36 CHB 1575434?1627406314 第 1 次 等待 3 秒
2021-07-28 01:18:39 CHB 1575434?1627406314 第 1 次 获取到号码【1575434】GSD
2021-07-28 01:18:39 获取到号码【1575434】的GSD为【吉林-长春】
2021-07-28 01:18:42 GSD insert 第 1 次 等待 3 秒
2021-07-28 01:18:45 {"status":"ok","gid":419166,"msg":"添加成功！"}
2021-07-28 01:18:45 下次操作: 2021-07-28 01:19:08

2021-07-28 01:19:08 开始第 26 次操作

2021-07-28 01:19:08 开始操作号码 【1575433】
2021-07-28 01:19:12 GSD getOne 第 1 次 等待 3 秒
2021-07-28 01:19:15 查询号码 【1575433】，返回信息 {"status":"bad","msg":""}
2021-07-28 01:19:15 查询号码 【1575433】，GSD为【""】
2021-07-28 01:19:15 bad
2021-07-28 01:19:17 CHB 1575433?1627406355 第 1 次 等待 3 秒
2021-07-28 01:19:20 CHB 1575433?1627406355 第 1 次 获取到号码【1575433】GSD
2021-07-28 01:19:20 获取到号码【1575433】的GSD为【吉林-长春】
2021-07-28 01:19:24 GSD insert 第 1 次 等待 3 秒
2021-07-28 01:19:27 {"status":"ok","gid":419177,"msg":"添加成功！"}
2021-07-28 01:19:27 下次操作: 2021-07-28 01:19:51

2021-07-28 01:19:51 开始第 27 次操作

2021-07-28 01:19:51 开始操作号码 【1575432】
2021-07-28 01:19:53 GSD getOne 第 1 次 等待 3 秒
2021-07-28 01:19:56 查询号码 【1575432】，返回信息 {"status":"bad","msg":""}
2021-07-28 01:19:56 查询号码 【1575432】，GSD为【""】
2021-07-28 01:19:56 bad
2021-07-28 01:19:58 CHB 1575432?1627406396 第 1 次 等待 3 秒
2021-07-28 01:20:01 CHB 1575432?1627406396 第 1 次 获取到号码【1575432】GSD
2021-07-28 01:20:01 获取到号码【1575432】的GSD为【吉林-长春】
2021-07-28 01:20:04 GSD insert 第 1 次 等待 3 秒
2021-07-28 01:20:07 {"status":"ok","gid":419186,"msg":"添加成功！"}
2021-07-28 01:20:07 下次操作: 2021-07-28 01:20:31

2021-07-28 01:20:31 开始第 28 次操作

2021-07-28 01:20:31 开始操作号码 【1575431】
2021-07-28 01:20:34 GSD getOne 第 1 次 等待 3 秒
2021-07-28 01:20:37 查询号码 【1575431】，返回信息 {"status":"bad","msg":""}
2021-07-28 01:20:37 查询号码 【1575431】，GSD为【""】
2021-07-28 01:20:37 bad
2021-07-28 01:20:43 CHB 1575431?1627406437 第 1 次 等待 3 秒
2021-07-28 01:20:46 CHB 1575431?1627406437 第 1 次 获取到号码【1575431】GSD
2021-07-28 01:20:46 获取到号码【1575431】的GSD为【吉林-长春】
2021-07-28 01:20:49 GSD insert 第 1 次 等待 3 秒
2021-07-28 01:20:52 {"status":"ok","gid":419196,"msg":"添加成功！"}
2021-07-28 01:20:52 下次操作: 2021-07-28 01:21:13

2021-07-28 01:21:13 开始第 29 次操作

2021-07-28 01:21:13 开始操作号码 【1575430】
2021-07-28 01:21:16 GSD getOne 第 1 次 等待 3 秒
2021-07-28 01:21:19 查询号码 【1575430】，返回信息 {"status":"bad","msg":""}
2021-07-28 01:21:19 查询号码 【1575430】，GSD为【""】
2021-07-28 01:21:19 bad
2021-07-28 01:21:21 CHB 1575430?1627406479 第 1 次 等待 3 秒
2021-07-28 01:21:24 CHB 1575430?1627406479 第 1 次 获取到号码【1575430】GSD
2021-07-28 01:21:24 获取到号码【1575430】的GSD为【吉林-长春】
2021-07-28 01:21:27 GSD insert 第 1 次 等待 3 秒
2021-07-28 01:21:30 {"status":"ok","gid":419205,"msg":"添加成功！"}
2021-07-28 01:21:30 下次操作: 2021-07-28 01:21:44

2021-07-28 01:21:44 开始第 30 次操作

2021-07-28 01:21:44 开始操作号码 【1575429】
2021-07-28 01:21:47 GSD getOne 第 1 次 等待 3 秒
2021-07-28 01:21:50 查询号码 【1575429】，返回信息 {"status":"bad","msg":""}
2021-07-28 01:21:50 查询号码 【1575429】，GSD为【""】
2021-07-28 01:21:50 bad
2021-07-28 01:21:52 CHB 1575429?1627406510 第 1 次 等待 3 秒
2021-07-28 01:21:55 CHB 1575429?1627406510 第 1 次 获取到号码【1575429】GSD
2021-07-28 01:21:55 获取到号码【1575429】的GSD为【辽宁-朝阳】
2021-07-28 01:21:58 GSD insert 第 1 次 等待 3 秒
2021-07-28 01:22:01 {"status":"ok","gid":419214,"msg":"添加成功！"}
2021-07-28 01:22:01 下次操作: 2021-07-28 01:22:14

2021-07-28 01:22:14 开始第 31 次操作

2021-07-28 01:22:14 开始操作号码 【1575428】
2021-07-28 01:22:17 GSD getOne 第 1 次 等待 3 秒
2021-07-28 01:22:20 查询号码 【1575428】，返回信息 {"status":"bad","msg":""}
2021-07-28 01:22:20 查询号码 【1575428】，GSD为【""】
2021-07-28 01:22:20 bad
2021-07-28 01:22:21 CHB 1575428?1627406540 第 1 次 等待 3 秒
2021-07-28 01:22:24 CHB 1575428?1627406540 第 1 次 获取到号码【1575428】GSD
2021-07-28 01:22:24 获取到号码【1575428】的GSD为【辽宁-朝阳】
2021-07-28 01:22:27 GSD insert 第 1 次 等待 3 秒
2021-07-28 01:22:30 {"status":"ok","gid":419218,"msg":"添加成功！"}
2021-07-28 01:22:30 下次操作: 2021-07-28 01:22:53

2021-07-28 01:22:53 开始第 32 次操作

2021-07-28 01:22:53 开始操作号码 【1575427】
2021-07-28 01:22:56 GSD getOne 第 1 次 等待 3 秒
2021-07-28 01:22:59 查询号码 【1575427】，返回信息 {"status":"bad","msg":""}
2021-07-28 01:22:59 查询号码 【1575427】，GSD为【""】
2021-07-28 01:22:59 bad
2021-07-28 01:23:01 CHB 1575427?1627406579 第 1 次 等待 3 秒
2021-07-28 01:23:04 CHB 1575427?1627406579 第 1 次 获取到号码【1575427】GSD
2021-07-28 01:23:04 获取到号码【1575427】的GSD为【辽宁-朝阳】
2021-07-28 01:23:14 GSD insert 第 1 次 等待 3 秒
2021-07-28 01:23:17 {"status":"ok","gid":419231,"msg":"添加成功！"}
2021-07-28 01:23:17 下次操作: 2021-07-28 01:23:37

2021-07-28 01:23:37 开始第 33 次操作

2021-07-28 01:23:37 开始操作号码 【1575426】
2021-07-28 01:23:40 GSD getOne 第 1 次 等待 3 秒
2021-07-28 01:23:43 查询号码 【1575426】，返回信息 {"status":"bad","msg":""}
2021-07-28 01:23:43 查询号码 【1575426】，GSD为【""】
2021-07-28 01:23:43 bad
2021-07-28 01:23:45 CHB 1575426?1627406623 第 1 次 等待 3 秒
2021-07-28 01:23:48 CHB 1575426?1627406623 第 1 次 获取到号码【1575426】GSD
2021-07-28 01:23:48 获取到号码【1575426】的GSD为【辽宁-朝阳】
2021-07-28 01:23:51 GSD insert 第 1 次 等待 3 秒
2021-07-28 01:23:54 {"status":"ok","gid":419240,"msg":"添加成功！"}
2021-07-28 01:23:54 下次操作: 2021-07-28 01:24:16

2021-07-28 01:24:16 开始第 34 次操作

2021-07-28 01:24:16 开始操作号码 【1575425】
2021-07-28 01:24:19 GSD getOne 第 1 次 等待 3 秒
2021-07-28 01:24:22 查询号码 【1575425】，返回信息 {"status":"bad","msg":""}
2021-07-28 01:24:22 查询号码 【1575425】，GSD为【""】
2021-07-28 01:24:22 bad
2021-07-28 01:24:24 CHB 1575425?1627406662 第 1 次 等待 3 秒
2021-07-28 01:24:27 CHB 1575425?1627406662 第 1 次 获取到号码【1575425】GSD
2021-07-28 01:24:27 获取到号码【1575425】的GSD为【辽宁-朝阳】
2021-07-28 01:24:30 GSD insert 第 1 次 等待 3 秒
2021-07-28 01:24:33 {"status":"ok","gid":419245,"msg":"添加成功！"}
2021-07-28 01:24:33 下次操作: 2021-07-28 01:24:49

2021-07-28 01:24:49 开始第 35 次操作

2021-07-28 01:24:49 开始操作号码 【1575424】
2021-07-28 01:24:52 GSD getOne 第 1 次 等待 3 秒
2021-07-28 01:24:55 查询号码 【1575424】，返回信息 {"status":"bad","msg":""}
2021-07-28 01:24:56 查询号码 【1575424】，GSD为【""】
2021-07-28 01:24:56 bad
2021-07-28 01:24:57 CHB 1575424?1627406696 第 1 次 等待 3 秒
2021-07-28 01:25:00 CHB 1575424?1627406696 第 1 次 获取到号码【1575424】GSD
2021-07-28 01:25:00 获取到号码【1575424】的GSD为【辽宁-朝阳】
2021-07-28 01:25:03 GSD insert 第 1 次 等待 3 秒
2021-07-28 01:25:06 {"status":"ok","gid":419252,"msg":"添加成功！"}
2021-07-28 01:25:06 下次操作: 2021-07-28 01:25:18

2021-07-28 01:25:18 开始第 36 次操作

2021-07-28 01:25:18 开始操作号码 【1575423】
2021-07-28 01:25:21 GSD getOne 第 1 次 等待 3 秒
2021-07-28 01:25:24 查询号码 【1575423】，返回信息 {"status":"bad","msg":""}
2021-07-28 01:25:24 查询号码 【1575423】，GSD为【""】
2021-07-28 01:25:24 bad
2021-07-28 01:25:25 CHB 1575423?1627406724 第 1 次 等待 3 秒
2021-07-28 01:25:28 CHB 1575423?1627406724 第 1 次 获取到号码【1575423】GSD
2021-07-28 01:25:28 获取到号码【1575423】的GSD为【辽宁-朝阳】
2021-07-28 01:25:39 GSD insert 第 1 次 等待 3 秒
2021-07-28 01:25:42 {"status":"ok","gid":419262,"msg":"添加成功！"}
2021-07-28 01:25:42 下次操作: 2021-07-28 01:25:56

2021-07-28 01:25:56 开始第 37 次操作

2021-07-28 01:25:56 开始操作号码 【1575422】
2021-07-28 01:25:58 GSD getOne 第 1 次 等待 3 秒
2021-07-28 01:26:01 查询号码 【1575422】，返回信息 {"status":"bad","msg":""}
2021-07-28 01:26:01 查询号码 【1575422】，GSD为【""】
2021-07-28 01:26:01 bad
2021-07-28 01:26:03 CHB 1575422?1627406761 第 1 次 等待 3 秒
2021-07-28 01:26:06 CHB 1575422?1627406761 第 1 次 获取到号码【1575422】GSD
2021-07-28 01:26:06 获取到号码【1575422】的GSD为【辽宁-朝阳】
2021-07-28 01:26:09 GSD insert 第 1 次 等待 3 秒
2021-07-28 01:26:12 {"status":"ok","gid":419271,"msg":"添加成功！"}
2021-07-28 01:26:12 下次操作: 2021-07-28 01:26:24

2021-07-28 01:26:24 开始第 38 次操作

2021-07-28 01:26:24 开始操作号码 【1575421】
2021-07-28 01:26:27 GSD getOne 第 1 次 等待 3 秒
2021-07-28 01:26:30 查询号码 【1575421】，返回信息 {"status":"bad","msg":""}
2021-07-28 01:26:30 查询号码 【1575421】，GSD为【""】
2021-07-28 01:26:30 bad
2021-07-28 01:26:31 CHB 1575421?1627406790 第 1 次 等待 3 秒
2021-07-28 01:26:34 CHB 1575421?1627406790 第 1 次 获取到号码【1575421】GSD
2021-07-28 01:26:35 获取到号码【1575421】的GSD为【辽宁-朝阳】
2021-07-28 01:26:37 GSD insert 第 1 次 等待 3 秒
2021-07-28 01:26:40 {"status":"ok","gid":419277,"msg":"添加成功！"}
2021-07-28 01:26:40 下次操作: 2021-07-28 01:27:02

2021-07-28 01:27:02 开始第 39 次操作

2021-07-28 01:27:02 开始操作号码 【1575420】
2021-07-28 01:27:05 GSD getOne 第 1 次 等待 3 秒
2021-07-28 01:27:08 查询号码 【1575420】，返回信息 {"status":"bad","msg":""}
2021-07-28 01:27:08 查询号码 【1575420】，GSD为【""】
2021-07-28 01:27:08 bad
2021-07-28 01:27:10 CHB 1575420?1627406828 第 1 次 等待 3 秒
2021-07-28 01:27:13 CHB 1575420?1627406828 第 1 次 获取到号码【1575420】GSD
2021-07-28 01:27:13 获取到号码【1575420】的GSD为【辽宁-朝阳】
2021-07-28 01:27:16 GSD insert 第 1 次 等待 3 秒
2021-07-28 01:27:19 {"status":"ok","gid":419284,"msg":"添加成功！"}
2021-07-28 01:27:19 下次操作: 2021-07-28 01:27:42

2021-07-28 01:27:42 开始第 40 次操作

2021-07-28 01:27:42 开始操作号码 【1575419】
2021-07-28 01:27:48 GSD getOne 第 1 次 等待 3 秒
2021-07-28 01:27:51 查询号码 【1575419】，返回信息 {"status":"bad","msg":""}
2021-07-28 01:27:51 查询号码 【1575419】，GSD为【""】
2021-07-28 01:27:51 bad
2021-07-28 01:27:52 CHB 1575419?1627406871 第 1 次 等待 3 秒
2021-07-28 01:27:55 CHB 1575419?1627406871 第 1 次 获取到号码【1575419】GSD
2021-07-28 01:27:55 获取到号码【1575419】的GSD为【辽宁-锦州】
2021-07-28 01:27:58 GSD insert 第 1 次 等待 3 秒
2021-07-28 01:28:01 {"status":"ok","gid":419292,"msg":"添加成功！"}

