2024-05-14 00:24:34 开始第 8669 次操作

2024-05-14 00:24:34 开始操作号码 【1578577】
2024-05-14 00:24:42 GSD getOne 第 1 次 等待 3 秒
2024-05-14 00:24:45 查询号码 【1578577】，返回信息 {"status":"ok","msg":"-","gid":"384658","time_insert":"2021-07-25 03:36"}
2024-05-14 00:24:45 查询号码 【1578577】，GSD为【"-"】
2024-05-14 00:24:45 ok && -
2024-05-14 00:24:48 CHB 1578577?1715617486 第 1 次 等待 3 秒
2024-05-14 00:24:51 CHB 1578577?1715617486 第 1 次 获取到号码【1578577】GSD
2024-05-14 00:24:51 未获取到号码【1578577】GSD，可能号码格式错误
2024-05-14 00:24:51 获取到号码【1578577】的GSD为【-】
2024-05-14 00:25:00 GSD insert 第 1 次 等待 3 秒
2024-05-14 00:25:03 {"status":"bad","gid":"384658","msg":"添加失败！号码【1578577(-|-)】已存在！"}
2024-05-14 00:25:03 随机等待 190 秒，约 3 分钟
2024-05-14 00:25:03 下次操作: 2024-05-14 00:28:13

2024-05-14 00:28:13 开始第 8670 次操作

2024-05-14 00:28:13 开始操作号码 【1578578】
2024-05-14 00:28:18 GSD getOne 第 1 次 等待 3 秒
2024-05-14 00:28:21 查询号码 【1578578】，返回信息 {"status":"ok","msg":"河南-驻马店","gid":"57680","time_insert":"2021-05-12 10:52","time_update":"2023-05-25 16:47"}
2024-05-14 00:28:21 查询号码 【1578578】，GSD为【"河南-驻马店"】

2024-05-14 00:28:22 开始第 8671 次操作

2024-05-14 00:28:22 开始操作号码 【1578579】
2024-05-14 00:28:28 GSD getOne 第 1 次 等待 3 秒
2024-05-14 00:28:31 查询号码 【1578579】，返回信息 {"status":"ok","msg":"-","gid":"384506","time_insert":"2021-07-25 03:09"}
2024-05-14 00:28:31 查询号码 【1578579】，GSD为【"-"】
2024-05-14 00:28:31 ok && -
2024-05-14 00:28:35 CHB 1578579?1715617711 第 1 次 等待 3 秒
2024-05-14 00:28:38 CHB 1578579?1715617711 第 1 次 获取到号码【1578579】GSD
2024-05-14 00:28:38 未获取到号码【1578579】GSD，可能号码格式错误
2024-05-14 00:28:38 获取到号码【1578579】的GSD为【-】
2024-05-14 00:28:43 GSD insert 第 1 次 等待 3 秒
2024-05-14 00:28:46 {"status":"bad","gid":"384506","msg":"添加失败！号码【1578579(-|-)】已存在！"}
2024-05-14 00:28:46 随机等待 84 秒，约 1 分钟
2024-05-14 00:28:46 下次操作: 2024-05-14 00:30:10

2024-05-14 00:30:10 开始第 8672 次操作

2024-05-14 00:30:10 开始操作号码 【1578580】
2024-05-14 00:30:18 GSD getOne 第 1 次 等待 3 秒
2024-05-14 00:30:21 查询号码 【1578580】，返回信息 {"status":"ok","msg":"河南-信阳","gid":"384500","time_insert":"2021-07-25 03:08","time_update":"2023-05-25 16:47"}
2024-05-14 00:30:21 查询号码 【1578580】，GSD为【"河南-信阳"】

