2024-09-28 00:25:02 开始第 6829 次操作

2024-09-28 00:25:02 开始操作号码 【1356828】
2024-09-28 00:25:04 GSD getOne 第 1 次 等待 3 秒
2024-09-28 00:25:07 查询号码 【1356828】，返回信息 {"status":"ok","msg":"四川-甘孜","gid":"6611","time_insert":"2017-05-13 13:54","time_update":"2020-10-12 20:41"}
2024-09-28 00:25:07 查询号码 【1356828】，GSD为【"四川-甘孜"】

2024-09-28 00:25:08 开始第 6830 次操作

2024-09-28 00:25:08 开始操作号码 【1356829】
2024-09-28 00:25:09 GSD getOne 第 1 次 等待 3 秒
2024-09-28 00:25:12 查询号码 【1356829】，返回信息 {"status":"ok","msg":"四川-甘孜","gid":"6612","time_insert":"2014-02-26 08:54","time_update":"2020-10-12 20:45"}
2024-09-28 00:25:13 查询号码 【1356829】，GSD为【"四川-甘孜"】

2024-09-28 00:25:14 开始第 6831 次操作

2024-09-28 00:25:14 开始操作号码 【1356830】
2024-09-28 00:25:15 GSD getOne 第 1 次 等待 3 秒
2024-09-28 00:25:18 查询号码 【1356830】，返回信息 {"status":"ok","msg":"四川-眉山","gid":"6613","time_insert":"2017-06-08 21:32","time_update":"2020-10-12 20:49"}
2024-09-28 00:25:18 查询号码 【1356830】，GSD为【"四川-眉山"】

2024-09-28 00:25:19 开始第 6832 次操作

2024-09-28 00:25:19 开始操作号码 【1356831】
2024-09-28 00:25:21 GSD getOne 第 1 次 等待 3 秒
2024-09-28 00:25:24 查询号码 【1356831】，返回信息 {"status":"ok","msg":"四川-眉山","gid":"6614","time_insert":"2017-04-25 22:53","time_update":"2020-10-12 20:54"}
2024-09-28 00:25:24 查询号码 【1356831】，GSD为【"四川-眉山"】

2024-09-28 00:44:44 开始第 6833 次操作

2024-09-28 00:44:44 开始操作号码 【1356832】
2024-09-28 00:44:46 GSD getOne 第 1 次 等待 3 秒
2024-09-28 00:44:49 查询号码 【1356832】，返回信息 {"status":"ok","msg":"四川-自贡","gid":"6615","time_insert":"2018-04-25 16:07","time_update":"2020-10-12 20:54"}
2024-09-28 00:44:49 查询号码 【1356832】，GSD为【"四川-自贡"】

2024-09-28 00:44:50 开始第 6834 次操作

2024-09-28 00:44:50 开始操作号码 【1356833】
2024-09-28 00:44:52 GSD getOne 第 1 次 等待 3 秒
2024-09-28 00:44:55 查询号码 【1356833】，返回信息 {"status":"ok","msg":"四川-自贡","gid":"6616","time_insert":"2017-08-31 11:06","time_update":"2020-10-12 20:58"}
2024-09-28 00:44:55 查询号码 【1356833】，GSD为【"四川-自贡"】

2024-09-28 00:44:56 开始第 6835 次操作

2024-09-28 00:44:56 开始操作号码 【1356834】
2024-09-28 00:44:58 GSD getOne 第 1 次 等待 3 秒
2024-09-28 00:45:01 查询号码 【1356834】，返回信息 {"status":"ok","msg":"四川-达州","gid":"6617","time_insert":"2018-01-22 09:06","time_update":"2020-10-12 21:02"}
2024-09-28 00:45:01 查询号码 【1356834】，GSD为【"四川-达州"】

2024-09-28 00:45:02 开始第 6836 次操作

2024-09-28 00:45:02 开始操作号码 【1356835】
2024-09-28 00:45:04 GSD getOne 第 1 次 等待 3 秒
2024-09-28 00:45:07 查询号码 【1356835】，返回信息 {"status":"ok","msg":"四川-达州","gid":"6618","time_insert":"2016-02-26 08:03","time_update":"2020-10-12 21:06"}
2024-09-28 00:45:07 查询号码 【1356835】，GSD为【"四川-达州"】

