2024-03-15 00:21:26 开始第 8817 次操作

2024-03-15 00:21:26 开始操作号码 【1688729】
2024-03-15 00:21:31 GSD getOne 第 1 次 等待 3 秒
2024-03-15 00:21:34 查询号码 【1688729】，返回信息 {"status":"ok","msg":"-","gid":"664650","time_insert":"2023-04-19 16:50"}
2024-03-15 00:21:34 查询号码 【1688729】，GSD为【"-"】
2024-03-15 00:21:34 ok && -
2024-03-15 00:21:37 CHB 1688729?1710433294 第 1 次 等待 3 秒
2024-03-15 00:21:40 CHB 1688729?1710433294 第 1 次 获取到号码【1688729】GSD
2024-03-15 00:21:40 未获取到号码【1688729】GSD，可能号码格式错误
2024-03-15 00:21:40 获取到号码【1688729】的GSD为【-】
2024-03-15 00:21:45 GSD insert 第 1 次 等待 3 秒
2024-03-15 00:21:48 {"status":"bad","gid":"664650","msg":"添加失败！号码【1688729(-|-)】已存在！"}
2024-03-15 00:21:48 随机等待 229 秒，约 3 分钟
2024-03-15 00:21:48 下次操作: 2024-03-15 00:25:37

2024-03-15 00:25:37 开始第 8818 次操作

2024-03-15 00:25:37 开始操作号码 【1688730】
2024-03-15 00:25:43 GSD getOne 第 1 次 等待 3 秒
2024-03-15 00:25:46 查询号码 【1688730】，返回信息 {"status":"ok","msg":"-","gid":"664644","time_insert":"2023-04-19 16:47"}
2024-03-15 00:25:46 查询号码 【1688730】，GSD为【"-"】
2024-03-15 00:25:46 ok && -
2024-03-15 00:25:49 CHB 1688730?1710433546 第 1 次 等待 3 秒
2024-03-15 00:25:52 CHB 1688730?1710433546 第 1 次 获取到号码【1688730】GSD
2024-03-15 00:25:52 未获取到号码【1688730】GSD，可能号码格式错误
2024-03-15 00:25:52 获取到号码【1688730】的GSD为【-】
2024-03-15 00:26:00 GSD insert 第 1 次 等待 3 秒
2024-03-15 00:26:03 {"status":"bad","gid":"664644","msg":"添加失败！号码【1688730(-|-)】已存在！"}
2024-03-15 00:26:03 随机等待 221 秒，约 3 分钟
2024-03-15 00:26:03 下次操作: 2024-03-15 00:29:44

2024-03-15 00:29:44 开始第 8819 次操作

2024-03-15 00:29:44 开始操作号码 【1688731】
2024-03-15 00:29:48 GSD getOne 第 1 次 等待 3 秒
2024-03-15 00:29:51 查询号码 【1688731】，返回信息 {"status":"ok","msg":"-","gid":"664640","time_insert":"2023-04-19 16:44"}
2024-03-15 00:29:51 查询号码 【1688731】，GSD为【"-"】
2024-03-15 00:29:51 ok && -
2024-03-15 00:29:54 CHB 1688731?1710433791 第 1 次 等待 3 秒
2024-03-15 00:29:57 CHB 1688731?1710433791 第 1 次 获取到号码【1688731】GSD
2024-03-15 00:29:57 未获取到号码【1688731】GSD，可能号码格式错误
2024-03-15 00:29:57 获取到号码【1688731】的GSD为【-】
2024-03-15 00:30:02 GSD insert 第 1 次 等待 3 秒
2024-03-15 00:30:05 {"status":"bad","gid":"664640","msg":"添加失败！号码【1688731(-|-)】已存在！"}
2024-03-15 00:30:05 随机等待 204 秒，约 3 分钟
2024-03-15 00:30:05 下次操作: 2024-03-15 00:33:29

2024-03-15 00:33:29 开始第 8820 次操作

2024-03-15 00:33:29 开始操作号码 【1688732】
2024-03-15 00:33:34 GSD getOne 第 1 次 等待 3 秒
2024-03-15 00:33:37 查询号码 【1688732】，返回信息 {"status":"ok","msg":"-","gid":"664631","time_insert":"2023-04-19 16:38"}
2024-03-15 00:33:37 查询号码 【1688732】，GSD为【"-"】
2024-03-15 00:33:37 ok && -
2024-03-15 00:33:40 CHB 1688732?1710434017 第 1 次 等待 3 秒
2024-03-15 00:33:43 CHB 1688732?1710434017 第 1 次 获取到号码【1688732】GSD
2024-03-15 00:33:43 未获取到号码【1688732】GSD，可能号码格式错误
2024-03-15 00:33:43 获取到号码【1688732】的GSD为【-】
2024-03-15 00:33:51 GSD insert 第 1 次 等待 3 秒
2024-03-15 00:33:54 {"status":"bad","gid":"664631","msg":"添加失败！号码【1688732(-|-)】已存在！"}

2024-03-15 00:38:38 开始第 8821 次操作

2024-03-15 00:38:38 开始操作号码 【1688733】
2024-03-15 00:38:45 GSD getOne 第 1 次 等待 3 秒
2024-03-15 00:38:48 查询号码 【1688733】，返回信息 {"status":"ok","msg":"-","gid":"664627","time_insert":"2023-04-19 16:36"}
2024-03-15 00:38:48 查询号码 【1688733】，GSD为【"-"】
2024-03-15 00:38:48 ok && -
2024-03-15 00:38:50 CHB 1688733?1710434328 第 1 次 等待 3 秒
2024-03-15 00:38:53 CHB 1688733?1710434328 第 1 次 获取到号码【1688733】GSD
2024-03-15 00:38:53 未获取到号码【1688733】GSD，可能号码格式错误
2024-03-15 00:38:53 获取到号码【1688733】的GSD为【-】
2024-03-15 00:39:00 GSD insert 第 1 次 等待 3 秒
2024-03-15 00:39:03 {"status":"bad","gid":"664627","msg":"添加失败！号码【1688733(-|-)】已存在！"}
2024-03-15 00:39:03 随机等待 194 秒，约 3 分钟
2024-03-15 00:39:03 下次操作: 2024-03-15 00:42:17

2024-03-15 00:42:17 开始第 8822 次操作

2024-03-15 00:42:17 开始操作号码 【1688734】
2024-03-15 00:42:22 GSD getOne 第 1 次 等待 3 秒
2024-03-15 00:42:25 查询号码 【1688734】，返回信息 {"status":"ok","msg":"-","gid":"664624","time_insert":"2023-04-19 16:34"}
2024-03-15 00:42:25 查询号码 【1688734】，GSD为【"-"】
2024-03-15 00:42:25 ok && -
2024-03-15 00:42:27 CHB 1688734?1710434545 第 1 次 等待 3 秒
2024-03-15 00:42:30 CHB 1688734?1710434545 第 1 次 获取到号码【1688734】GSD
2024-03-15 00:42:30 未获取到号码【1688734】GSD，可能号码格式错误
2024-03-15 00:42:30 获取到号码【1688734】的GSD为【-】
2024-03-15 00:42:36 GSD insert 第 1 次 等待 3 秒
2024-03-15 00:42:39 {"status":"bad","gid":"664624","msg":"添加失败！号码【1688734(-|-)】已存在！"}
2024-03-15 00:42:39 随机等待 214 秒，约 3 分钟
2024-03-15 00:42:39 下次操作: 2024-03-15 00:46:13

2024-03-15 00:46:13 开始第 8823 次操作

2024-03-15 00:46:13 开始操作号码 【1688735】
2024-03-15 00:46:18 GSD getOne 第 1 次 等待 3 秒
2024-03-15 00:46:21 查询号码 【1688735】，返回信息 {"status":"ok","msg":"-","gid":"664619","time_insert":"2023-04-19 16:31"}
2024-03-15 00:46:21 查询号码 【1688735】，GSD为【"-"】
2024-03-15 00:46:21 ok && -
2024-03-15 00:46:24 CHB 1688735?1710434781 第 1 次 等待 3 秒
2024-03-15 00:46:27 CHB 1688735?1710434781 第 1 次 获取到号码【1688735】GSD
2024-03-15 00:46:27 未获取到号码【1688735】GSD，可能号码格式错误
2024-03-15 00:46:27 获取到号码【1688735】的GSD为【-】
2024-03-15 00:46:31 GSD insert 第 1 次 等待 3 秒
2024-03-15 00:46:34 {"status":"bad","gid":"664619","msg":"添加失败！号码【1688735(-|-)】已存在！"}
2024-03-15 00:46:34 随机等待 230 秒，约 3 分钟
2024-03-15 00:46:34 下次操作: 2024-03-15 00:50:24

2024-03-15 00:50:24 开始第 8824 次操作

2024-03-15 00:50:24 开始操作号码 【1688736】
2024-03-15 00:50:29 GSD getOne 第 1 次 等待 3 秒
2024-03-15 00:50:32 查询号码 【1688736】，返回信息 {"status":"ok","msg":"-","gid":"664606","time_insert":"2023-04-19 16:22"}
2024-03-15 00:50:32 查询号码 【1688736】，GSD为【"-"】
2024-03-15 00:50:32 ok && -
2024-03-15 00:50:34 CHB 1688736?1710435032 第 1 次 等待 3 秒
2024-03-15 00:50:37 CHB 1688736?1710435032 第 1 次 获取到号码【1688736】GSD
2024-03-15 00:50:37 未获取到号码【1688736】GSD，可能号码格式错误
2024-03-15 00:50:37 获取到号码【1688736】的GSD为【-】
2024-03-15 00:50:41 GSD insert 第 1 次 等待 3 秒
2024-03-15 00:50:45 {"status":"bad","gid":"664606","msg":"添加失败！号码【1688736(-|-)】已存在！"}

2024-03-15 01:14:55 开始第 8825 次操作

2024-03-15 01:14:55 开始操作号码 【1688737】
2024-03-15 01:15:00 GSD getOne 第 1 次 等待 3 秒
2024-03-15 01:15:03 查询号码 【1688737】，返回信息 {"status":"ok","msg":"-","gid":"664604","time_insert":"2023-04-19 16:20"}
2024-03-15 01:15:03 查询号码 【1688737】，GSD为【"-"】
2024-03-15 01:15:03 ok && -
2024-03-15 01:15:05 CHB 1688737?1710436503 第 1 次 等待 3 秒
2024-03-15 01:15:08 CHB 1688737?1710436503 第 1 次 获取到号码【1688737】GSD
2024-03-15 01:15:08 未获取到号码【1688737】GSD，可能号码格式错误
2024-03-15 01:15:08 获取到号码【1688737】的GSD为【-】
2024-03-15 01:15:14 GSD insert 第 1 次 等待 3 秒
2024-03-15 01:15:17 {"status":"bad","gid":"664604","msg":"添加失败！号码【1688737(-|-)】已存在！"}
2024-03-15 01:15:17 随机等待 205 秒，约 3 分钟
2024-03-15 01:15:17 下次操作: 2024-03-15 01:18:42

2024-03-15 01:18:42 开始第 8826 次操作

2024-03-15 01:18:42 开始操作号码 【1688738】
2024-03-15 01:18:46 GSD getOne 第 1 次 等待 3 秒
2024-03-15 01:18:49 查询号码 【1688738】，返回信息 {"status":"ok","msg":"-","gid":"664602","time_insert":"2023-04-19 16:17"}
2024-03-15 01:18:49 查询号码 【1688738】，GSD为【"-"】
2024-03-15 01:18:49 ok && -
2024-03-15 01:18:52 CHB 1688738?1710436729 第 1 次 等待 3 秒
2024-03-15 01:18:55 CHB 1688738?1710436729 第 1 次 获取到号码【1688738】GSD
2024-03-15 01:18:55 未获取到号码【1688738】GSD，可能号码格式错误
2024-03-15 01:18:55 获取到号码【1688738】的GSD为【-】
2024-03-15 01:19:02 GSD insert 第 1 次 等待 3 秒
2024-03-15 01:19:05 {"status":"bad","gid":"664602","msg":"添加失败！号码【1688738(-|-)】已存在！"}
2024-03-15 01:19:05 随机等待 233 秒，约 3 分钟
2024-03-15 01:19:05 下次操作: 2024-03-15 01:22:58

2024-03-15 01:22:58 开始第 8827 次操作

2024-03-15 01:22:58 开始操作号码 【1688739】
2024-03-15 01:23:03 GSD getOne 第 1 次 等待 3 秒
2024-03-15 01:23:06 查询号码 【1688739】，返回信息 {"status":"ok","msg":"-","gid":"664597","time_insert":"2023-04-19 16:15"}
2024-03-15 01:23:06 查询号码 【1688739】，GSD为【"-"】
2024-03-15 01:23:06 ok && -
2024-03-15 01:23:09 CHB 1688739?1710436986 第 1 次 等待 3 秒
2024-03-15 01:23:12 CHB 1688739?1710436986 第 1 次 获取到号码【1688739】GSD
2024-03-15 01:23:12 未获取到号码【1688739】GSD，可能号码格式错误
2024-03-15 01:23:12 获取到号码【1688739】的GSD为【-】
2024-03-15 01:23:16 GSD insert 第 1 次 等待 3 秒
2024-03-15 01:23:19 {"status":"bad","gid":"664597","msg":"添加失败！号码【1688739(-|-)】已存在！"}
2024-03-15 01:23:19 随机等待 166 秒，约 2 分钟
2024-03-15 01:23:19 下次操作: 2024-03-15 01:26:05

2024-03-15 01:26:05 开始第 8828 次操作

2024-03-15 01:26:05 开始操作号码 【1688740】
2024-03-15 01:26:10 GSD getOne 第 1 次 等待 3 秒
2024-03-15 01:26:13 查询号码 【1688740】，返回信息 {"status":"ok","msg":"-","gid":"664581","time_insert":"2023-04-19 16:01"}
2024-03-15 01:26:13 查询号码 【1688740】，GSD为【"-"】
2024-03-15 01:26:13 ok && -
2024-03-15 01:26:16 CHB 1688740?1710437173 第 1 次 等待 3 秒
2024-03-15 01:26:19 CHB 1688740?1710437173 第 1 次 获取到号码【1688740】GSD
2024-03-15 01:26:19 未获取到号码【1688740】GSD，可能号码格式错误
2024-03-15 01:26:19 获取到号码【1688740】的GSD为【-】
2024-03-15 01:26:23 GSD insert 第 1 次 等待 3 秒
2024-03-15 01:26:26 {"status":"bad","gid":"664581","msg":"添加失败！号码【1688740(-|-)】已存在！"}

