2023-12-30 00:23:19 开始第 5841 次操作

2023-12-30 00:23:19 开始操作号码 【1795755】
2023-12-30 00:23:23 GSD getOne 第 1 次 等待 3 秒
2023-12-30 00:23:26 查询号码 【1795755】，返回信息 {"status":"ok","msg":"-","gid":"660088","time_insert":"2023-04-17 13:33"}
2023-12-30 00:23:26 查询号码 【1795755】，GSD为【"-"】
2023-12-30 00:23:26 ok && -
2023-12-30 00:23:29 CHB 1795755?1703867006 第 1 次 等待 3 秒
2023-12-30 00:23:32 CHB 1795755?1703867006 第 1 次 获取到号码【1795755】GSD
2023-12-30 00:23:32 未获取到号码【1795755】GSD，可能号码格式错误
2023-12-30 00:23:32 获取到号码【1795755】的GSD为【-】
2023-12-30 00:23:37 GSD insert 第 1 次 等待 3 秒
2023-12-30 00:23:40 {"status":"bad","gid":"660088","msg":"添加失败！号码【1795755(-|-)】已存在！"}
2023-12-30 00:23:40 随机等待 221 秒，约 3 分钟
2023-12-30 00:23:40 下次操作: 2023-12-30 00:27:21

2023-12-30 00:27:21 开始第 5842 次操作

2023-12-30 00:27:21 开始操作号码 【1795756】
2023-12-30 00:27:24 GSD getOne 第 1 次 等待 3 秒
2023-12-30 00:27:27 查询号码 【1795756】，返回信息 {"status":"ok","msg":"-","gid":"660120","time_insert":"2023-04-17 13:52"}
2023-12-30 00:27:27 查询号码 【1795756】，GSD为【"-"】
2023-12-30 00:27:27 ok && -
2023-12-30 00:27:30 CHB 1795756?1703867247 第 1 次 等待 3 秒
2023-12-30 00:27:33 CHB 1795756?1703867247 第 1 次 获取到号码【1795756】GSD
2023-12-30 00:27:33 未获取到号码【1795756】GSD，可能号码格式错误
2023-12-30 00:27:33 获取到号码【1795756】的GSD为【-】
2023-12-30 00:27:36 GSD insert 第 1 次 等待 3 秒
2023-12-30 00:27:39 {"status":"bad","gid":"660120","msg":"添加失败！号码【1795756(-|-)】已存在！"}
2023-12-30 00:27:39 随机等待 196 秒，约 3 分钟
2023-12-30 00:27:39 下次操作: 2023-12-30 00:30:55

2023-12-30 00:30:55 开始第 5843 次操作

2023-12-30 00:30:55 开始操作号码 【1795757】
2023-12-30 00:30:59 GSD getOne 第 1 次 等待 3 秒
2023-12-30 00:31:02 查询号码 【1795757】，返回信息 {"status":"ok","msg":"-","gid":"660144","time_insert":"2023-04-17 14:10"}
2023-12-30 00:31:02 查询号码 【1795757】，GSD为【"-"】
2023-12-30 00:31:02 ok && -
2023-12-30 00:31:04 CHB 1795757?1703867462 第 1 次 等待 3 秒
2023-12-30 00:31:07 CHB 1795757?1703867462 第 1 次 获取到号码【1795757】GSD
2023-12-30 00:31:07 未获取到号码【1795757】GSD，可能号码格式错误
2023-12-30 00:31:07 获取到号码【1795757】的GSD为【-】
2023-12-30 00:31:11 GSD insert 第 1 次 等待 3 秒
2023-12-30 00:31:14 {"status":"bad","gid":"660144","msg":"添加失败！号码【1795757(-|-)】已存在！"}
2023-12-30 00:31:14 随机等待 79 秒，约 1 分钟
2023-12-30 00:31:14 下次操作: 2023-12-30 00:32:33

2023-12-30 00:32:33 开始第 5844 次操作

2023-12-30 00:32:33 开始操作号码 【1795758】
2023-12-30 00:32:38 GSD getOne 第 1 次 等待 3 秒
2023-12-30 00:32:41 查询号码 【1795758】，返回信息 {"status":"ok","msg":"-","gid":"660177","time_insert":"2023-04-17 14:30"}
2023-12-30 00:32:41 查询号码 【1795758】，GSD为【"-"】
2023-12-30 00:32:41 ok && -
2023-12-30 00:32:42 CHB 1795758?1703867561 第 1 次 等待 3 秒
2023-12-30 00:32:45 CHB 1795758?1703867561 第 1 次 获取到号码【1795758】GSD
2023-12-30 00:32:45 未获取到号码【1795758】GSD，可能号码格式错误
2023-12-30 00:32:45 获取到号码【1795758】的GSD为【-】
2023-12-30 00:32:49 GSD insert 第 1 次 等待 3 秒
2023-12-30 00:32:52 {"status":"bad","gid":"660177","msg":"添加失败！号码【1795758(-|-)】已存在！"}

