2024-08-04 00:24:27 开始第 9489 次操作

2024-08-04 00:24:27 开始操作号码 【1469391】
2024-08-04 00:24:29 GSD getOne 第 1 次 等待 3 秒
2024-08-04 00:24:32 查询号码 【1469391】，返回信息 {"status":"ok","msg":"广东-广州","gid":"360083","time_insert":"2021-07-22 23:53","time_update":"2023-05-22 14:19"}
2024-08-04 00:24:32 查询号码 【1469391】，GSD为【"广东-广州"】

2024-08-04 00:24:33 开始第 9490 次操作

2024-08-04 00:24:33 开始操作号码 【1469392】
2024-08-04 00:24:34 GSD getOne 第 1 次 等待 3 秒
2024-08-04 00:24:37 查询号码 【1469392】，返回信息 {"status":"ok","msg":"广东-广州","gid":"360072","time_insert":"2021-07-22 23:52","time_update":"2023-05-22 14:09"}
2024-08-04 00:24:37 查询号码 【1469392】，GSD为【"广东-广州"】

2024-08-04 00:24:38 开始第 9491 次操作

2024-08-04 00:24:38 开始操作号码 【1469393】
2024-08-04 00:24:40 GSD getOne 第 1 次 等待 3 秒
2024-08-04 00:24:43 查询号码 【1469393】，返回信息 {"status":"ok","msg":"广东-广州","gid":"360064","time_insert":"2021-07-22 23:52","time_update":"2023-05-22 13:52"}
2024-08-04 00:24:43 查询号码 【1469393】，GSD为【"广东-广州"】

2024-08-04 00:24:44 开始第 9492 次操作

2024-08-04 00:24:44 开始操作号码 【1469394】
2024-08-04 00:24:46 GSD getOne 第 1 次 等待 3 秒
2024-08-04 00:24:49 查询号码 【1469394】，返回信息 {"status":"ok","msg":"广东-广州","gid":"360055","time_insert":"2021-07-22 23:51","time_update":"2023-05-22 13:39"}
2024-08-04 00:24:49 查询号码 【1469394】，GSD为【"广东-广州"】

