2024-05-21 00:23:21 开始第 9893 次操作

2024-05-21 00:23:21 开始操作号码 【1579799】
2024-05-21 00:23:38 GSD getOne 第 1 次 等待 3 秒
2024-05-21 00:23:41 查询号码 【1579799】，返回信息 {"status":"ok","msg":"江西-抚州","gid":"369202","time_insert":"2021-07-23 19:37"}
2024-05-21 00:23:41 查询号码 【1579799】，GSD为【"江西-抚州"】

2024-05-21 00:23:42 开始第 9894 次操作

2024-05-21 00:23:42 开始操作号码 【1579800】
2024-05-21 00:23:50 GSD getOne 第 1 次 等待 3 秒
2024-05-21 00:23:53 查询号码 【1579800】，返回信息 {"status":"ok","msg":"江西-抚州","gid":"369197","time_insert":"2021-07-23 19:37"}
2024-05-21 00:23:53 查询号码 【1579800】，GSD为【"江西-抚州"】

2024-05-21 00:23:54 开始第 9895 次操作

2024-05-21 00:23:54 开始操作号码 【1579801】
2024-05-21 00:24:03 GSD getOne 第 1 次 等待 3 秒
2024-05-21 00:24:06 查询号码 【1579801】，返回信息 {"status":"ok","msg":"江西-抚州","gid":"369051","time_insert":"2021-07-23 19:05"}
2024-05-21 00:24:06 查询号码 【1579801】，GSD为【"江西-抚州"】

2024-05-21 00:24:07 开始第 9896 次操作

2024-05-21 00:24:07 开始操作号码 【1579802】
2024-05-21 00:24:12 GSD getOne 第 1 次 等待 3 秒
2024-05-21 00:24:15 查询号码 【1579802】，返回信息 {"status":"ok","msg":"江西-抚州","gid":"369045","time_insert":"2021-07-23 19:04"}
2024-05-21 00:24:15 查询号码 【1579802】，GSD为【"江西-抚州"】

