2024-03-28 00:22:45 开始第 517 次操作

2024-03-28 00:22:45 开始操作号码 【1570430】
2024-03-28 00:22:51 GSD getOne 第 1 次 等待 3 秒
2024-03-28 00:22:54 查询号码 【1570430】，返回信息 {"status":"ok","msg":"吉林-长春","gid":"89559","time_insert":"2021-06-10 12:05"}
2024-03-28 00:22:54 查询号码 【1570430】，GSD为【"吉林-长春"】

2024-03-28 00:22:55 开始第 518 次操作

2024-03-28 00:22:55 开始操作号码 【1570431】
2024-03-28 00:23:01 GSD getOne 第 1 次 等待 3 秒
2024-03-28 00:23:04 查询号码 【1570431】，返回信息 {"status":"ok","msg":"吉林-长春","gid":"89579","time_insert":"2021-06-10 12:21"}
2024-03-28 00:23:04 查询号码 【1570431】，GSD为【"吉林-长春"】

2024-03-28 00:23:05 开始第 519 次操作

2024-03-28 00:23:05 开始操作号码 【1570432】
2024-03-28 00:23:11 GSD getOne 第 1 次 等待 3 秒
2024-03-28 00:23:14 查询号码 【1570432】，返回信息 {"status":"ok","msg":"吉林-吉林","gid":"89596","time_insert":"2021-06-10 12:36"}
2024-03-28 00:23:14 查询号码 【1570432】，GSD为【"吉林-吉林"】

2024-03-28 00:23:15 开始第 520 次操作

2024-03-28 00:23:15 开始操作号码 【1570433】
2024-03-28 00:23:19 GSD getOne 第 1 次 等待 3 秒
2024-03-28 00:23:22 查询号码 【1570433】，返回信息 {"status":"ok","msg":"吉林-延边","gid":"89619","time_insert":"2021-06-10 12:56"}
2024-03-28 00:23:22 查询号码 【1570433】，GSD为【"吉林-延边"】

2024-03-28 00:41:20 开始第 521 次操作

2024-03-28 00:41:20 开始操作号码 【1570434】
2024-03-28 00:41:26 GSD getOne 第 1 次 等待 3 秒
2024-03-28 00:41:29 查询号码 【1570434】，返回信息 {"status":"ok","msg":"吉林-四平","gid":"89641","time_insert":"2021-06-10 13:16"}
2024-03-28 00:41:29 查询号码 【1570434】，GSD为【"吉林-四平"】

2024-03-28 00:41:30 开始第 522 次操作

2024-03-28 00:41:30 开始操作号码 【1570435】
2024-03-28 00:41:35 GSD getOne 第 1 次 等待 3 秒
2024-03-28 00:41:38 查询号码 【1570435】，返回信息 {"status":"ok","msg":"吉林-通化","gid":"89659","time_insert":"2021-06-10 13:31"}
2024-03-28 00:41:38 查询号码 【1570435】，GSD为【"吉林-通化"】

2024-03-28 00:41:39 开始第 523 次操作

2024-03-28 00:41:39 开始操作号码 【1570436】
2024-03-28 00:41:44 GSD getOne 第 1 次 等待 3 秒
2024-03-28 00:41:47 查询号码 【1570436】，返回信息 {"status":"ok","msg":"吉林-白城","gid":"89682","time_insert":"2021-06-10 13:51"}
2024-03-28 00:41:47 查询号码 【1570436】，GSD为【"吉林-白城"】

2024-03-28 00:41:48 开始第 524 次操作

2024-03-28 00:41:48 开始操作号码 【1570437】
2024-03-28 00:41:52 GSD getOne 第 1 次 等待 3 秒
2024-03-28 00:41:55 查询号码 【1570437】，返回信息 {"status":"ok","msg":"吉林-辽源","gid":"89703","time_insert":"2021-06-10 14:10"}
2024-03-28 00:41:55 查询号码 【1570437】，GSD为【"吉林-辽源"】

2024-03-28 01:14:47 开始第 525 次操作

2024-03-28 01:14:47 开始操作号码 【1570438】
2024-03-28 01:14:53 GSD getOne 第 1 次 等待 3 秒
2024-03-28 01:14:56 查询号码 【1570438】，返回信息 {"status":"ok","msg":"吉林-松原","gid":"89725","time_insert":"2021-06-10 14:30"}
2024-03-28 01:14:56 查询号码 【1570438】，GSD为【"吉林-松原"】

2024-03-28 01:14:57 开始第 526 次操作

2024-03-28 01:14:57 开始操作号码 【1570439】
2024-03-28 01:15:03 GSD getOne 第 1 次 等待 3 秒
2024-03-28 01:15:06 查询号码 【1570439】，返回信息 {"status":"ok","msg":"吉林-白山","gid":"89746","time_insert":"2021-06-10 14:47"}
2024-03-28 01:15:06 查询号码 【1570439】，GSD为【"吉林-白山"】

2024-03-28 01:15:07 开始第 527 次操作

2024-03-28 01:15:07 开始操作号码 【1570440】
2024-03-28 01:15:11 GSD getOne 第 1 次 等待 3 秒
2024-03-28 01:15:14 查询号码 【1570440】，返回信息 {"status":"ok","msg":"吉林-长春","gid":"89762","time_insert":"2021-06-10 15:02"}
2024-03-28 01:15:14 查询号码 【1570440】，GSD为【"吉林-长春"】

2024-03-28 01:15:15 开始第 528 次操作

2024-03-28 01:15:15 开始操作号码 【1570441】
2024-03-28 01:15:20 GSD getOne 第 1 次 等待 3 秒
2024-03-28 01:15:23 查询号码 【1570441】，返回信息 {"status":"ok","msg":"吉林-长春","gid":"89783","time_insert":"2021-06-10 15:21"}
2024-03-28 01:15:23 查询号码 【1570441】，GSD为【"吉林-长春"】

