2023-12-29 00:21:47 开始第 5661 次操作

2023-12-29 00:21:47 开始操作号码 【1795575】
2023-12-29 00:21:50 GSD getOne 第 1 次 等待 3 秒
2023-12-29 00:21:53 查询号码 【1795575】，返回信息 {"status":"ok","msg":"-","gid":"655664","time_insert":"2023-04-15 08:50"}
2023-12-29 00:21:53 查询号码 【1795575】，GSD为【"-"】
2023-12-29 00:21:53 ok && -
2023-12-29 00:21:56 CHB 1795575?1703780513 第 1 次 等待 3 秒
2023-12-29 00:21:59 CHB 1795575?1703780513 第 1 次 获取到号码【1795575】GSD
2023-12-29 00:21:59 未获取到号码【1795575】GSD，可能号码格式错误
2023-12-29 00:21:59 获取到号码【1795575】的GSD为【-】
2023-12-29 00:22:03 GSD insert 第 1 次 等待 3 秒
2023-12-29 00:22:06 {"status":"bad","gid":"655664","msg":"添加失败！号码【1795575(-|-)】已存在！"}
2023-12-29 00:22:06 随机等待 131 秒，约 2 分钟
2023-12-29 00:22:06 下次操作: 2023-12-29 00:24:17

2023-12-29 00:24:17 开始第 5662 次操作

2023-12-29 00:24:17 开始操作号码 【1795576】
2023-12-29 00:24:21 GSD getOne 第 1 次 等待 3 秒
2023-12-29 00:24:24 查询号码 【1795576】，返回信息 {"status":"ok","msg":"-","gid":"655688","time_insert":"2023-04-15 09:08"}
2023-12-29 00:24:24 查询号码 【1795576】，GSD为【"-"】
2023-12-29 00:24:24 ok && -
2023-12-29 00:24:27 CHB 1795576?1703780664 第 1 次 等待 3 秒
2023-12-29 00:24:30 CHB 1795576?1703780664 第 1 次 获取到号码【1795576】GSD
2023-12-29 00:24:30 未获取到号码【1795576】GSD，可能号码格式错误
2023-12-29 00:24:30 获取到号码【1795576】的GSD为【-】
2023-12-29 00:24:34 GSD insert 第 1 次 等待 3 秒
2023-12-29 00:24:37 {"status":"bad","gid":"655688","msg":"添加失败！号码【1795576(-|-)】已存在！"}
2023-12-29 00:24:37 随机等待 121 秒，约 2 分钟
2023-12-29 00:24:37 下次操作: 2023-12-29 00:26:38

2023-12-29 00:26:38 开始第 5663 次操作

2023-12-29 00:26:38 开始操作号码 【1795577】
2023-12-29 00:26:45 GSD getOne 第 1 次 等待 3 秒
2023-12-29 00:26:48 查询号码 【1795577】，返回信息 {"status":"ok","msg":"-","gid":"655709","time_insert":"2023-04-15 09:27"}
2023-12-29 00:26:48 查询号码 【1795577】，GSD为【"-"】
2023-12-29 00:26:48 ok && -
2023-12-29 00:26:50 CHB 1795577?1703780808 第 1 次 等待 3 秒
2023-12-29 00:26:53 CHB 1795577?1703780808 第 1 次 获取到号码【1795577】GSD
2023-12-29 00:26:53 未获取到号码【1795577】GSD，可能号码格式错误
2023-12-29 00:26:53 获取到号码【1795577】的GSD为【-】
2023-12-29 00:26:59 GSD insert 第 1 次 等待 3 秒
2023-12-29 00:27:02 {"status":"bad","gid":"655709","msg":"添加失败！号码【1795577(-|-)】已存在！"}
2023-12-29 00:27:02 随机等待 150 秒，约 2 分钟
2023-12-29 00:27:02 下次操作: 2023-12-29 00:29:32

2023-12-29 00:29:32 开始第 5664 次操作

2023-12-29 00:29:32 开始操作号码 【1795578】
2023-12-29 00:29:35 GSD getOne 第 1 次 等待 3 秒
2023-12-29 00:29:38 查询号码 【1795578】，返回信息 {"status":"ok","msg":"-","gid":"655724","time_insert":"2023-04-15 09:44"}
2023-12-29 00:29:38 查询号码 【1795578】，GSD为【"-"】
2023-12-29 00:29:38 ok && -
2023-12-29 00:29:41 CHB 1795578?1703780978 第 1 次 等待 3 秒
2023-12-29 00:29:44 CHB 1795578?1703780978 第 1 次 获取到号码【1795578】GSD
2023-12-29 00:29:44 未获取到号码【1795578】GSD，可能号码格式错误
2023-12-29 00:29:44 获取到号码【1795578】的GSD为【-】
2023-12-29 00:29:48 GSD insert 第 1 次 等待 3 秒
2023-12-29 00:29:51 {"status":"bad","gid":"655724","msg":"添加失败！号码【1795578(-|-)】已存在！"}

