2023-10-06 00:23:12 开始第 1701 次操作

2023-10-06 00:23:12 开始操作号码 【1891700】
2023-10-06 00:23:15 GSD getOne 第 1 次 等待 3 秒
2023-10-06 00:23:18 查询号码 【1891700】，返回信息 {"status":"ok","msg":"上海-上海","gid":"496792","time_insert":"2021-08-05 17:50"}
2023-10-06 00:23:18 查询号码 【1891700】，GSD为【"上海-上海"】

2023-10-06 00:23:19 开始第 1702 次操作

2023-10-06 00:23:19 开始操作号码 【1891701】
2023-10-06 00:23:23 GSD getOne 第 1 次 等待 3 秒
2023-10-06 00:23:26 查询号码 【1891701】，返回信息 {"status":"ok","msg":"上海-上海","gid":"496800","time_insert":"2021-08-05 18:00"}
2023-10-06 00:23:26 查询号码 【1891701】，GSD为【"上海-上海"】

2023-10-06 00:23:27 开始第 1703 次操作

2023-10-06 00:23:27 开始操作号码 【1891702】
2023-10-06 00:23:31 GSD getOne 第 1 次 等待 3 秒
2023-10-06 00:23:34 查询号码 【1891702】，返回信息 {"status":"ok","msg":"上海-上海","gid":"496801","time_insert":"2021-08-05 18:04"}
2023-10-06 00:23:34 查询号码 【1891702】，GSD为【"上海-上海"】

2023-10-06 00:23:35 开始第 1704 次操作

2023-10-06 00:23:35 开始操作号码 【1891703】
2023-10-06 00:23:37 GSD getOne 第 1 次 等待 3 秒
2023-10-06 00:23:40 查询号码 【1891703】，返回信息 {"status":"ok","msg":"上海-上海","gid":"496809","time_insert":"2021-08-05 18:15"}
2023-10-06 00:23:40 查询号码 【1891703】，GSD为【"上海-上海"】

2023-10-06 00:41:26 开始第 1705 次操作

2023-10-06 00:41:26 开始操作号码 【1891704】
2023-10-06 00:41:30 GSD getOne 第 1 次 等待 3 秒
2023-10-06 00:41:33 查询号码 【1891704】，返回信息 {"status":"ok","msg":"上海-上海","gid":"496812","time_insert":"2021-08-05 18:19"}
2023-10-06 00:41:33 查询号码 【1891704】，GSD为【"上海-上海"】

2023-10-06 00:41:34 开始第 1706 次操作

2023-10-06 00:41:34 开始操作号码 【1891705】
2023-10-06 00:41:36 GSD getOne 第 1 次 等待 3 秒
2023-10-06 00:41:39 查询号码 【1891705】，返回信息 {"status":"ok","msg":"上海-上海","gid":"496818","time_insert":"2021-08-05 18:31"}
2023-10-06 00:41:39 查询号码 【1891705】，GSD为【"上海-上海"】

2023-10-06 00:41:41 开始第 1707 次操作

2023-10-06 00:41:41 开始操作号码 【1891706】
2023-10-06 00:41:44 GSD getOne 第 1 次 等待 3 秒
2023-10-06 00:41:47 查询号码 【1891706】，返回信息 {"status":"ok","msg":"上海-上海","gid":"496821","time_insert":"2021-08-05 18:35"}
2023-10-06 00:41:47 查询号码 【1891706】，GSD为【"上海-上海"】

2023-10-06 00:41:48 开始第 1708 次操作

2023-10-06 00:41:48 开始操作号码 【1891707】
2023-10-06 00:41:59 GSD getOne 第 1 次 等待 3 秒
2023-10-06 00:42:02 查询号码 【1891707】，返回信息 {"status":"ok","msg":"上海-上海","gid":"496824","time_insert":"2021-08-05 18:42"}
2023-10-06 00:42:02 查询号码 【1891707】，GSD为【"上海-上海"】

