2024-02-02 00:20:54 开始第 1381 次操作

2024-02-02 00:20:54 开始操作号码 【1681293】
2024-02-02 00:21:01 GSD getOne 第 1 次 等待 3 秒
2024-02-02 00:21:04 查询号码 【1681293】，返回信息 {"status":"ok","msg":"-","gid":"538320","time_insert":"2023-02-18 16:25"}
2024-02-02 00:21:04 查询号码 【1681293】，GSD为【"-"】
2024-02-02 00:21:04 ok && -
2024-02-02 00:21:06 CHB 1681293?1706804464 第 1 次 等待 3 秒
2024-02-02 00:21:09 CHB 1681293?1706804464 第 1 次 获取到号码【1681293】GSD
2024-02-02 00:21:10 未获取到号码【1681293】GSD，可能号码格式错误
2024-02-02 00:21:10 获取到号码【1681293】的GSD为【-】
2024-02-02 00:21:14 GSD insert 第 1 次 等待 3 秒
2024-02-02 00:21:17 {"status":"bad","gid":"538320","msg":"添加失败！号码【1681293(-|-)】已存在！"}
2024-02-02 00:21:17 随机等待 161 秒，约 2 分钟
2024-02-02 00:21:17 下次操作: 2024-02-02 00:23:58

2024-02-02 00:23:58 开始第 1382 次操作

2024-02-02 00:23:58 开始操作号码 【1681294】
2024-02-02 00:24:03 GSD getOne 第 1 次 等待 3 秒
2024-02-02 00:24:06 查询号码 【1681294】，返回信息 {"status":"ok","msg":"-","gid":"538340","time_insert":"2023-02-18 16:38"}
2024-02-02 00:24:06 查询号码 【1681294】，GSD为【"-"】
2024-02-02 00:24:06 ok && -
2024-02-02 00:24:08 CHB 1681294?1706804646 第 1 次 等待 3 秒
2024-02-02 00:24:11 CHB 1681294?1706804646 第 1 次 获取到号码【1681294】GSD
2024-02-02 00:24:11 未获取到号码【1681294】GSD，可能号码格式错误
2024-02-02 00:24:11 获取到号码【1681294】的GSD为【-】
2024-02-02 00:24:15 GSD insert 第 1 次 等待 3 秒
2024-02-02 00:24:18 {"status":"bad","gid":"538340","msg":"添加失败！号码【1681294(-|-)】已存在！"}
2024-02-02 00:24:18 随机等待 171 秒，约 2 分钟
2024-02-02 00:24:18 下次操作: 2024-02-02 00:27:09

2024-02-02 00:27:09 开始第 1383 次操作

2024-02-02 00:27:09 开始操作号码 【1681295】
2024-02-02 00:27:18 GSD getOne 第 1 次 等待 3 秒
2024-02-02 00:27:22 查询号码 【1681295】，返回信息 {"status":"ok","msg":"-","gid":"538356","time_insert":"2023-02-18 16:48"}
2024-02-02 00:27:22 查询号码 【1681295】，GSD为【"-"】
2024-02-02 00:27:22 ok && -
2024-02-02 00:27:26 CHB 1681295?1706804842 第 1 次 等待 3 秒
2024-02-02 00:27:29 CHB 1681295?1706804842 第 1 次 获取到号码【1681295】GSD
2024-02-02 00:27:29 未获取到号码【1681295】GSD，可能号码格式错误
2024-02-02 00:27:29 获取到号码【1681295】的GSD为【-】
2024-02-02 00:27:34 GSD insert 第 1 次 等待 3 秒
2024-02-02 00:27:37 {"status":"bad","gid":"538356","msg":"添加失败！号码【1681295(-|-)】已存在！"}
2024-02-02 00:27:37 随机等待 209 秒，约 3 分钟
2024-02-02 00:27:37 下次操作: 2024-02-02 00:31:06

2024-02-02 00:31:06 开始第 1384 次操作

2024-02-02 00:31:06 开始操作号码 【1681296】
2024-02-02 00:31:15 GSD getOne 第 1 次 等待 3 秒
2024-02-02 00:31:18 查询号码 【1681296】，返回信息 {"status":"ok","msg":"-","gid":"538383","time_insert":"2023-02-18 17:02"}
2024-02-02 00:31:18 查询号码 【1681296】，GSD为【"-"】
2024-02-02 00:31:18 ok && -
2024-02-02 00:31:20 CHB 1681296?1706805078 第 1 次 等待 3 秒
2024-02-02 00:31:23 CHB 1681296?1706805078 第 1 次 获取到号码【1681296】GSD
2024-02-02 00:31:23 未获取到号码【1681296】GSD，可能号码格式错误
2024-02-02 00:31:23 获取到号码【1681296】的GSD为【-】
2024-02-02 00:31:30 GSD insert 第 1 次 等待 3 秒
2024-02-02 00:31:33 {"status":"bad","gid":"538383","msg":"添加失败！号码【1681296(-|-)】已存在！"}

