2021-07-06 00:00:07 开始第 15 次操作

2021-07-06 00:00:07 开始操作号码 【1716156】
2021-07-06 00:00:17 GSD getOne 第 1 次 等待 1 秒
2021-07-06 00:00:18 查询号码 【1716156】，返回信息 {"status":"bad","msg":""}
2021-07-06 00:00:18 查询号码 【1716156】，GSD为【""】
2021-07-06 00:00:18 bad
2021-07-06 00:00:20 CHB 1716156?1625500818 第 1 次 等待 1 秒
2021-07-06 00:00:21 CHB 1716156?1625500818 第 1 次 获取到号码【1716156】GSD
2021-07-06 00:00:21 获取到号码【1716156】的GSD为【河南-新乡】
2021-07-06 00:00:26 GSD insert 第 1 次 等待 1 秒
2021-07-06 00:00:27 {"status":"ok","msg":"添加成功！201807"}
2021-07-06 00:00:27 下次操作: 2021-07-06 00:00:45

2021-07-06 00:00:45 开始第 16 次操作

2021-07-06 00:00:45 开始操作号码 【1716157】
2021-07-06 00:00:51 GSD getOne 第 1 次 等待 1 秒
2021-07-06 00:00:52 查询号码 【1716157】，返回信息 {"status":"bad","msg":""}
2021-07-06 00:00:52 查询号码 【1716157】，GSD为【""】
2021-07-06 00:00:52 bad
2021-07-06 00:00:54 CHB 1716157?1625500852 第 1 次 等待 1 秒
2021-07-06 00:00:55 CHB 1716157?1625500852 第 1 次 获取到号码【1716157】GSD
2021-07-06 00:00:55 获取到号码【1716157】的GSD为【河南-新乡】
2021-07-06 00:00:59 GSD insert 第 1 次 等待 1 秒
2021-07-06 00:01:00 {"status":"ok","msg":"添加成功！201815"}
2021-07-06 00:01:00 下次操作: 2021-07-06 00:01:09

2021-07-06 00:01:09 开始第 17 次操作

2021-07-06 00:01:09 开始操作号码 【1716158】
2021-07-06 00:01:13 GSD getOne 第 1 次 等待 1 秒
2021-07-06 00:01:14 查询号码 【1716158】，返回信息 {"status":"bad","msg":""}
2021-07-06 00:01:14 查询号码 【1716158】，GSD为【""】
2021-07-06 00:01:14 bad
2021-07-06 00:01:15 CHB 1716158?1625500874 第 1 次 等待 1 秒
2021-07-06 00:01:16 CHB 1716158?1625500874 第 1 次 获取到号码【1716158】GSD
2021-07-06 00:01:16 获取到号码【1716158】的GSD为【河南-新乡】
2021-07-06 00:01:20 GSD insert 第 1 次 等待 1 秒
2021-07-06 00:01:21 {"status":"ok","msg":"添加成功！201821"}
2021-07-06 00:01:21 下次操作: 2021-07-06 00:01:37

2021-07-06 00:01:37 开始第 18 次操作

2021-07-06 00:01:37 开始操作号码 【1716159】
2021-07-06 00:01:46 GSD getOne 第 1 次 等待 1 秒
2021-07-06 00:01:47 查询号码 【1716159】，返回信息 {"status":"bad","msg":""}
2021-07-06 00:01:47 查询号码 【1716159】，GSD为【""】
2021-07-06 00:01:47 bad
2021-07-06 00:01:49 CHB 1716159?1625500907 第 1 次 等待 1 秒
2021-07-06 00:01:50 CHB 1716159?1625500907 第 1 次 获取到号码【1716159】GSD
2021-07-06 00:01:50 获取到号码【1716159】的GSD为【河南-商丘】
2021-07-06 00:01:54 GSD insert 第 1 次 等待 1 秒
2021-07-06 00:01:55 {"status":"ok","msg":"添加成功！201830"}
2021-07-06 00:01:55 下次操作: 2021-07-06 00:02:04

2021-07-06 00:02:04 开始第 19 次操作

2021-07-06 00:02:04 开始操作号码 【1716160】
2021-07-06 00:02:10 GSD getOne 第 1 次 等待 1 秒
2021-07-06 00:02:11 查询号码 【1716160】，返回信息 {"status":"bad","msg":""}
2021-07-06 00:02:11 查询号码 【1716160】，GSD为【""】
2021-07-06 00:02:11 bad
2021-07-06 00:02:12 CHB 1716160?1625500931 第 1 次 等待 1 秒
2021-07-06 00:02:13 CHB 1716160?1625500931 第 1 次 获取到号码【1716160】GSD
2021-07-06 00:02:13 获取到号码【1716160】的GSD为【山东-济南】
2021-07-06 00:02:18 GSD insert 第 1 次 等待 1 秒
2021-07-06 00:02:19 {"status":"ok","msg":"添加成功！201832"}
2021-07-06 00:02:19 下次操作: 2021-07-06 00:02:29

2021-07-06 00:02:29 开始第 20 次操作

2021-07-06 00:02:29 开始操作号码 【1716161】
2021-07-06 00:02:33 GSD getOne 第 1 次 等待 1 秒
2021-07-06 00:02:34 查询号码 【1716161】，返回信息 {"status":"bad","msg":""}
2021-07-06 00:02:34 查询号码 【1716161】，GSD为【""】
2021-07-06 00:02:34 bad
2021-07-06 00:02:39 CHB 1716161?1625500954 第 1 次 等待 1 秒
2021-07-06 00:02:40 CHB 1716161?1625500954 第 1 次 获取到号码【1716161】GSD
2021-07-06 00:02:40 获取到号码【1716161】的GSD为【山东-青岛】
2021-07-06 00:02:44 GSD insert 第 1 次 等待 1 秒
2021-07-06 00:02:45 {"status":"ok","msg":"添加成功！201838"}
2021-07-06 00:02:45 下次操作: 2021-07-06 00:03:02

2021-07-06 00:03:02 开始第 21 次操作

2021-07-06 00:03:02 开始操作号码 【1716162】
2021-07-06 00:03:06 GSD getOne 第 1 次 等待 1 秒
2021-07-06 00:03:07 查询号码 【1716162】，返回信息 {"status":"bad","msg":""}
2021-07-06 00:03:07 查询号码 【1716162】，GSD为【""】
2021-07-06 00:03:07 bad
2021-07-06 00:03:08 CHB 1716162?1625500987 第 1 次 等待 1 秒
2021-07-06 00:03:09 CHB 1716162?1625500987 第 1 次 获取到号码【1716162】GSD
2021-07-06 00:03:09 获取到号码【1716162】的GSD为【山东-济南】
2021-07-06 00:03:16 GSD insert 第 1 次 等待 1 秒
2021-07-06 00:03:17 {"status":"ok","msg":"添加成功！201847"}
2021-07-06 00:03:17 下次操作: 2021-07-06 00:03:29

2021-07-06 00:03:29 开始第 22 次操作

2021-07-06 00:03:29 开始操作号码 【1716163】
2021-07-06 00:03:35 GSD getOne 第 1 次 等待 1 秒
2021-07-06 00:03:36 查询号码 【1716163】，返回信息 {"status":"bad","msg":""}
2021-07-06 00:03:36 查询号码 【1716163】，GSD为【""】
2021-07-06 00:03:36 bad
2021-07-06 00:03:42 CHB 1716163?1625501016 第 1 次 等待 1 秒
2021-07-06 00:03:43 CHB 1716163?1625501016 第 1 次 获取到号码【1716163】GSD
2021-07-06 00:03:43 获取到号码【1716163】的GSD为【山东-济南】
2021-07-06 00:03:47 GSD insert 第 1 次 等待 1 秒
2021-07-06 00:03:48 {"status":"ok","msg":"添加成功！201852"}
2021-07-06 00:03:48 下次操作: 2021-07-06 00:04:05

2021-07-06 00:04:05 开始第 23 次操作

2021-07-06 00:04:05 开始操作号码 【1716164】
2021-07-06 00:04:09 GSD getOne 第 1 次 等待 1 秒
2021-07-06 00:04:10 查询号码 【1716164】，返回信息 {"status":"bad","msg":""}
2021-07-06 00:04:10 查询号码 【1716164】，GSD为【""】
2021-07-06 00:04:10 bad
2021-07-06 00:04:12 CHB 1716164?1625501050 第 1 次 等待 1 秒
2021-07-06 00:04:13 CHB 1716164?1625501050 第 1 次 获取到号码【1716164】GSD
2021-07-06 00:04:13 获取到号码【1716164】的GSD为【山东-济南】
2021-07-06 00:04:23 GSD insert 第 1 次 等待 1 秒
2021-07-06 00:04:24 {"status":"ok","msg":"添加成功！201861"}
2021-07-06 00:04:24 下次操作: 2021-07-06 00:04:32

2021-07-06 00:04:32 开始第 24 次操作

2021-07-06 00:04:32 开始操作号码 【1716165】
2021-07-06 00:04:38 GSD getOne 第 1 次 等待 1 秒
2021-07-06 00:04:39 查询号码 【1716165】，返回信息 {"status":"bad","msg":""}
2021-07-06 00:04:39 查询号码 【1716165】，GSD为【""】
2021-07-06 00:04:39 bad
2021-07-06 00:04:41 CHB 1716165?1625501079 第 1 次 等待 1 秒
2021-07-06 00:04:42 CHB 1716165?1625501079 第 1 次 获取到号码【1716165】GSD
2021-07-06 00:04:42 获取到号码【1716165】的GSD为【山东-济南】
2021-07-06 00:04:45 GSD insert 第 1 次 等待 1 秒
2021-07-06 00:04:46 {"status":"ok","msg":"添加成功！201864"}
2021-07-06 00:04:46 下次操作: 2021-07-06 00:04:58

2021-07-06 00:04:58 开始第 25 次操作

2021-07-06 00:04:58 开始操作号码 【1716166】
2021-07-06 00:05:05 GSD getOne 第 1 次 等待 1 秒
2021-07-06 00:05:06 查询号码 【1716166】，返回信息 {"status":"bad","msg":""}
2021-07-06 00:05:06 查询号码 【1716166】，GSD为【""】
2021-07-06 00:05:06 bad
2021-07-06 00:05:08 CHB 1716166?1625501106 第 1 次 等待 1 秒
2021-07-06 00:05:09 CHB 1716166?1625501106 第 1 次 获取到号码【1716166】GSD
2021-07-06 00:05:09 获取到号码【1716166】的GSD为【山东-青岛】
2021-07-06 00:05:15 GSD insert 第 1 次 等待 1 秒
2021-07-06 00:05:16 {"status":"ok","msg":"添加成功！201874"}
2021-07-06 00:05:16 下次操作: 2021-07-06 00:05:26

2021-07-06 00:05:27 开始第 26 次操作

2021-07-06 00:05:27 开始操作号码 【1716167】
2021-07-06 00:05:30 GSD getOne 第 1 次 等待 1 秒
2021-07-06 00:05:31 查询号码 【1716167】，返回信息 {"status":"bad","msg":""}
2021-07-06 00:05:31 查询号码 【1716167】，GSD为【""】
2021-07-06 00:05:31 bad
2021-07-06 00:05:33 CHB 1716167?1625501131 第 1 次 等待 1 秒
2021-07-06 00:05:34 CHB 1716167?1625501131 第 1 次 获取到号码【1716167】GSD
2021-07-06 00:05:34 获取到号码【1716167】的GSD为【山东-济南】
2021-07-06 00:05:38 GSD insert 第 1 次 等待 1 秒
2021-07-06 00:05:39 {"status":"ok","msg":"添加成功！201877"}
2021-07-06 00:05:39 下次操作: 2021-07-06 00:05:47

2021-07-06 00:05:47 开始第 27 次操作

2021-07-06 00:05:47 开始操作号码 【1716168】
2021-07-06 00:05:51 GSD getOne 第 1 次 等待 1 秒
2021-07-06 00:05:52 查询号码 【1716168】，返回信息 {"status":"bad","msg":""}
2021-07-06 00:05:52 查询号码 【1716168】，GSD为【""】
2021-07-06 00:05:52 bad
2021-07-06 00:05:53 CHB 1716168?1625501152 第 1 次 等待 1 秒
2021-07-06 00:05:54 CHB 1716168?1625501152 第 1 次 获取到号码【1716168】GSD
2021-07-06 00:05:55 获取到号码【1716168】的GSD为【山东-济南】
2021-07-06 00:05:58 GSD insert 第 1 次 等待 1 秒
2021-07-06 00:05:59 {"status":"ok","msg":"添加成功！201882"}
2021-07-06 00:05:59 下次操作: 2021-07-06 00:06:13

2021-07-06 00:06:13 开始第 28 次操作

2021-07-06 00:06:13 开始操作号码 【1716169】
2021-07-06 00:06:20 GSD getOne 第 1 次 等待 1 秒
2021-07-06 00:06:21 查询号码 【1716169】，返回信息 {"status":"bad","msg":""}
2021-07-06 00:06:21 查询号码 【1716169】，GSD为【""】
2021-07-06 00:06:21 bad
2021-07-06 00:06:22 CHB 1716169?1625501181 第 1 次 等待 1 秒
2021-07-06 00:06:23 CHB 1716169?1625501181 第 1 次 获取到号码【1716169】GSD
2021-07-06 00:06:24 获取到号码【1716169】的GSD为【山东-济南】
2021-07-06 00:06:27 GSD insert 第 1 次 等待 1 秒
2021-07-06 00:06:28 {"status":"ok","msg":"添加成功！201890"}
2021-07-06 00:06:28 下次操作: 2021-07-06 00:06:46

2021-07-06 00:06:46 开始第 29 次操作

2021-07-06 00:06:46 开始操作号码 【1716170】
2021-07-06 00:06:50 GSD getOne 第 1 次 等待 1 秒
2021-07-06 00:06:51 查询号码 【1716170】，返回信息 {"status":"bad","msg":""}
2021-07-06 00:06:51 查询号码 【1716170】，GSD为【""】
2021-07-06 00:06:51 bad
2021-07-06 00:06:53 CHB 1716170?1625501211 第 1 次 等待 1 秒
2021-07-06 00:06:54 CHB 1716170?1625501211 第 1 次 获取到号码【1716170】GSD
2021-07-06 00:06:54 获取到号码【1716170】的GSD为【黑龙江-哈尔滨】
2021-07-06 00:07:00 GSD insert 第 1 次 等待 1 秒
2021-07-06 00:07:01 {"status":"ok","msg":"添加成功！201896"}
2021-07-06 00:07:01 下次操作: 2021-07-06 00:07:12

2021-07-06 00:07:12 开始第 30 次操作

2021-07-06 00:07:12 开始操作号码 【1716171】
2021-07-06 00:07:16 GSD getOne 第 1 次 等待 1 秒
2021-07-06 00:07:17 查询号码 【1716171】，返回信息 {"status":"bad","msg":""}
2021-07-06 00:07:17 查询号码 【1716171】，GSD为【""】
2021-07-06 00:07:17 bad
2021-07-06 00:07:19 CHB 1716171?1625501237 第 1 次 等待 1 秒
2021-07-06 00:07:20 CHB 1716171?1625501237 第 1 次 获取到号码【1716171】GSD
2021-07-06 00:07:20 获取到号码【1716171】的GSD为【黑龙江-佳木斯】
2021-07-06 00:07:42 GSD insert 第 1 次 等待 1 秒
2021-07-06 00:07:43 {"status":"ok","msg":"添加成功！201904"}

2021-07-06 01:34:16 开始第 1 次操作

2021-07-06 01:34:16 开始操作号码 【1716172】
2021-07-06 01:34:22 GSD getOne 第 1 次 等待 1 秒
2021-07-06 01:34:23 查询号码 【1716172】，返回信息 {"status":"bad","msg":""}
2021-07-06 01:34:23 查询号码 【1716172】，GSD为【""】
2021-07-06 01:34:23 bad
2021-07-06 01:34:29 CHB 1716172?1625506463 第 1 次 等待 1 秒
2021-07-06 01:34:30 CHB 1716172?1625506463 第 1 次 获取到号码【1716172】GSD
2021-07-06 01:34:30 获取到号码【1716172】的GSD为【黑龙江-佳木斯】
2021-07-06 01:34:49 GSD insert 第 1 次 等待 1 秒
2021-07-06 01:34:50 {"status":"ok","msg":"添加成功！202158"}
2021-07-06 01:34:50 下次操作: 2021-07-06 01:35:06

2021-07-06 01:35:06 开始第 2 次操作

2021-07-06 01:35:06 开始操作号码 【1716173】
2021-07-06 01:35:13 GSD getOne 第 1 次 等待 1 秒
2021-07-06 01:35:14 查询号码 【1716173】，返回信息 {"status":"bad","msg":""}
2021-07-06 01:35:14 查询号码 【1716173】，GSD为【""】
2021-07-06 01:35:14 bad
2021-07-06 01:35:19 CHB 1716173?1625506514 第 1 次 等待 1 秒
2021-07-06 01:35:20 CHB 1716173?1625506514 第 1 次 获取到号码【1716173】GSD
2021-07-06 01:35:20 获取到号码【1716173】的GSD为【黑龙江-佳木斯】
2021-07-06 01:35:40 GSD insert 第 1 次 等待 1 秒
2021-07-06 01:35:41 {"status":"ok","msg":"添加成功！202168"}
2021-07-06 01:35:41 下次操作: 2021-07-06 01:35:59

2021-07-06 01:35:59 开始第 3 次操作

2021-07-06 01:35:59 开始操作号码 【1716174】
2021-07-06 01:36:03 GSD getOne 第 1 次 等待 1 秒
2021-07-06 01:36:04 查询号码 【1716174】，返回信息 {"status":"bad","msg":""}
2021-07-06 01:36:04 查询号码 【1716174】，GSD为【""】
2021-07-06 01:36:04 bad
2021-07-06 01:36:06 CHB 1716174?1625506564 第 1 次 等待 1 秒
2021-07-06 01:36:07 CHB 1716174?1625506564 第 1 次 获取到号码【1716174】GSD
2021-07-06 01:36:07 获取到号码【1716174】的GSD为【黑龙江-哈尔滨】
2021-07-06 01:36:42 GSD insert 第 1 次 等待 1 秒
2021-07-06 01:36:43 {"status":"ok","msg":"添加成功！202183"}
2021-07-06 01:36:43 下次操作: 2021-07-06 01:36:53

2021-07-06 01:36:53 开始第 4 次操作

2021-07-06 01:36:53 开始操作号码 【1716175】
2021-07-06 01:37:13 GSD getOne 第 1 次 等待 1 秒
2021-07-06 01:37:14 查询号码 【1716175】，返回信息 {"status":"bad","msg":""}
2021-07-06 01:37:14 查询号码 【1716175】，GSD为【""】
2021-07-06 01:37:14 bad
2021-07-06 01:37:20 CHB 1716175?1625506634 第 1 次 等待 1 秒
2021-07-06 01:37:21 CHB 1716175?1625506634 第 1 次 获取到号码【1716175】GSD
2021-07-06 01:37:21 获取到号码【1716175】的GSD为【黑龙江-佳木斯】
2021-07-06 01:37:44 GSD insert 第 1 次 等待 1 秒
2021-07-06 01:37:45 {"status":"ok","msg":"添加成功！202194"}
2021-07-06 01:37:45 下次操作: 2021-07-06 01:37:56

2021-07-06 01:37:56 开始第 5 次操作

2021-07-06 01:37:56 开始操作号码 【1716176】
2021-07-06 01:38:06 GSD getOne 第 1 次 等待 1 秒
2021-07-06 01:38:07 查询号码 【1716176】，返回信息 {"status":"bad","msg":""}
2021-07-06 01:38:07 查询号码 【1716176】，GSD为【""】
2021-07-06 01:38:07 bad
2021-07-06 01:38:12 CHB 1716176?1625506687 第 1 次 等待 1 秒
2021-07-06 01:38:13 CHB 1716176?1625506687 第 1 次 获取到号码【1716176】GSD
2021-07-06 01:38:14 获取到号码【1716176】的GSD为【黑龙江-哈尔滨】
2021-07-06 01:38:32 GSD insert 第 1 次 等待 1 秒
2021-07-06 01:38:34 {"status":"ok","msg":"添加成功！202205"}
2021-07-06 01:38:34 下次操作: 2021-07-06 01:38:52

2021-07-06 01:38:52 开始第 6 次操作

2021-07-06 01:38:52 开始操作号码 【1716177】
2021-07-06 01:38:55 GSD getOne 第 1 次 等待 1 秒
2021-07-06 01:38:56 查询号码 【1716177】，返回信息 {"status":"bad","msg":""}
2021-07-06 01:38:56 查询号码 【1716177】，GSD为【""】
2021-07-06 01:38:56 bad
2021-07-06 01:38:58 CHB 1716177?1625506736 第 1 次 等待 1 秒
2021-07-06 01:38:59 CHB 1716177?1625506736 第 1 次 获取到号码【1716177】GSD
2021-07-06 01:38:59 获取到号码【1716177】的GSD为【黑龙江-哈尔滨】
2021-07-06 01:39:18 GSD insert 第 1 次 等待 1 秒
2021-07-06 01:39:19 {"status":"ok","msg":"添加成功！202213"}
2021-07-06 01:39:19 下次操作: 2021-07-06 01:39:30

2021-07-06 01:39:30 开始第 7 次操作

2021-07-06 01:39:30 开始操作号码 【1716178】
2021-07-06 01:39:41 GSD getOne 第 1 次 等待 1 秒
2021-07-06 01:39:42 查询号码 【1716178】，返回信息 {"status":"bad","msg":""}
2021-07-06 01:39:42 查询号码 【1716178】，GSD为【""】
2021-07-06 01:39:42 bad
2021-07-06 01:39:43 CHB 1716178?1625506782 第 1 次 等待 1 秒
2021-07-06 01:39:44 CHB 1716178?1625506782 第 1 次 获取到号码【1716178】GSD
2021-07-06 01:39:44 获取到号码【1716178】的GSD为【黑龙江-哈尔滨】
2021-07-06 01:40:03 GSD insert 第 1 次 等待 1 秒
2021-07-06 01:40:04 {"status":"ok","msg":"添加成功！202223"}
2021-07-06 01:40:04 下次操作: 2021-07-06 01:40:18

2021-07-06 01:40:18 开始第 8 次操作

2021-07-06 01:40:18 开始操作号码 【1716179】
2021-07-06 01:40:38 GSD getOne 第 1 次 等待 1 秒
2021-07-06 01:40:39 查询号码 【1716179】，返回信息 {"status":"bad","msg":""}
2021-07-06 01:40:39 查询号码 【1716179】，GSD为【""】
2021-07-06 01:40:39 bad
2021-07-06 01:40:44 CHB 1716179?1625506839 第 1 次 等待 1 秒
2021-07-06 01:40:45 CHB 1716179?1625506839 第 1 次 获取到号码【1716179】GSD
2021-07-06 01:40:45 获取到号码【1716179】的GSD为【黑龙江-哈尔滨】
2021-07-06 01:41:04 GSD insert 第 1 次 等待 1 秒
2021-07-06 01:41:05 {"status":"ok","msg":"添加成功！202236"}
2021-07-06 01:41:05 下次操作: 2021-07-06 01:41:12

2021-07-06 01:41:12 开始第 9 次操作

2021-07-06 01:41:12 开始操作号码 【1716180】
2021-07-06 01:41:31 GSD getOne 第 1 次 等待 1 秒
2021-07-06 01:41:32 查询号码 【1716180】，返回信息 {"status":"bad","msg":""}
2021-07-06 01:41:32 查询号码 【1716180】，GSD为【""】
2021-07-06 01:41:32 bad
2021-07-06 01:41:34 CHB 1716180?1625506892 第 1 次 等待 1 秒
2021-07-06 01:41:35 CHB 1716180?1625506892 第 1 次 获取到号码【1716180】GSD
2021-07-06 01:41:35 获取到号码【1716180】的GSD为【黑龙江-哈尔滨】
2021-07-06 01:41:54 GSD insert 第 1 次 等待 1 秒
2021-07-06 01:41:55 {"status":"ok","msg":"添加成功！202248"}
2021-07-06 01:41:55 下次操作: 2021-07-06 01:42:02

2021-07-06 01:42:02 开始第 10 次操作

2021-07-06 01:42:02 开始操作号码 【1716181】
2021-07-06 01:42:21 GSD getOne 第 1 次 等待 1 秒
2021-07-06 01:42:22 查询号码 【1716181】，返回信息 {"status":"bad","msg":""}
2021-07-06 01:42:22 查询号码 【1716181】，GSD为【""】
2021-07-06 01:42:22 bad
2021-07-06 01:42:24 CHB 1716181?1625506942 第 1 次 等待 1 秒
2021-07-06 01:42:25 CHB 1716181?1625506942 第 1 次 获取到号码【1716181】GSD
2021-07-06 01:42:25 获取到号码【1716181】的GSD为【黑龙江-哈尔滨】
2021-07-06 01:42:45 GSD insert 第 1 次 等待 1 秒
2021-07-06 01:42:46 {"status":"ok","msg":"添加成功！202259"}
2021-07-06 01:42:46 下次操作: 2021-07-06 01:42:52

2021-07-06 01:42:52 开始第 11 次操作

2021-07-06 01:42:52 开始操作号码 【1716182】
2021-07-06 01:43:11 GSD getOne 第 1 次 等待 1 秒
2021-07-06 01:43:12 查询号码 【1716182】，返回信息 {"status":"bad","msg":""}
2021-07-06 01:43:12 查询号码 【1716182】，GSD为【""】
2021-07-06 01:43:12 bad
2021-07-06 01:43:13 CHB 1716182?1625506992 第 1 次 等待 1 秒
2021-07-06 01:43:14 CHB 1716182?1625506992 第 1 次 获取到号码【1716182】GSD
2021-07-06 01:43:14 获取到号码【1716182】的GSD为【黑龙江-哈尔滨】
2021-07-06 01:43:33 GSD insert 第 1 次 等待 1 秒
2021-07-06 01:43:34 {"status":"ok","msg":"添加成功！202274"}
2021-07-06 01:43:34 下次操作: 2021-07-06 01:43:43

2021-07-06 01:43:43 开始第 12 次操作

2021-07-06 01:43:43 开始操作号码 【1716183】
2021-07-06 01:44:05 GSD getOne 第 1 次 等待 1 秒
2021-07-06 01:44:06 查询号码 【1716183】，返回信息 {"status":"bad","msg":""}
2021-07-06 01:44:06 查询号码 【1716183】，GSD为【""】
2021-07-06 01:44:06 bad
2021-07-06 01:44:07 CHB 1716183?1625507046 第 1 次 等待 1 秒
2021-07-06 01:44:08 CHB 1716183?1625507046 第 1 次 获取到号码【1716183】GSD
2021-07-06 01:44:09 获取到号码【1716183】的GSD为【黑龙江-哈尔滨】
2021-07-06 01:44:45 GSD insert 第 1 次 等待 1 秒
2021-07-06 01:44:46 {"status":"ok","msg":"添加成功！202291"}
2021-07-06 01:44:46 下次操作: 2021-07-06 01:45:03

2021-07-06 01:45:03 开始第 13 次操作

2021-07-06 01:45:03 开始操作号码 【1716184】
2021-07-06 01:45:11 GSD getOne 第 1 次 等待 1 秒
2021-07-06 01:45:12 查询号码 【1716184】，返回信息 {"status":"bad","msg":""}
2021-07-06 01:45:12 查询号码 【1716184】，GSD为【""】
2021-07-06 01:45:12 bad
2021-07-06 01:45:14 CHB 1716184?1625507112 第 1 次 等待 1 秒
2021-07-06 01:45:15 CHB 1716184?1625507112 第 1 次 获取到号码【1716184】GSD
2021-07-06 01:45:15 获取到号码【1716184】的GSD为【黑龙江-哈尔滨】
2021-07-06 01:45:34 GSD insert 第 1 次 等待 1 秒
2021-07-06 01:45:35 {"status":"ok","msg":"添加成功！202302"}
2021-07-06 01:45:35 下次操作: 2021-07-06 01:45:52

2021-07-06 01:45:52 开始第 14 次操作

2021-07-06 01:45:52 开始操作号码 【1716185】
2021-07-06 01:45:56 GSD getOne 第 1 次 等待 1 秒
2021-07-06 01:45:57 查询号码 【1716185】，返回信息 {"status":"bad","msg":""}
2021-07-06 01:45:58 查询号码 【1716185】，GSD为【""】
2021-07-06 01:45:58 bad
2021-07-06 01:45:59 CHB 1716185?1625507158 第 1 次 等待 1 秒
2021-07-06 01:46:00 CHB 1716185?1625507158 第 1 次 获取到号码【1716185】GSD
2021-07-06 01:46:00 获取到号码【1716185】的GSD为【黑龙江-哈尔滨】
2021-07-06 01:46:19 GSD insert 第 1 次 等待 1 秒
2021-07-06 01:46:20 {"status":"ok","msg":"添加成功！202312"}
2021-07-06 01:46:20 下次操作: 2021-07-06 01:46:33

2021-07-06 01:46:33 开始第 15 次操作

2021-07-06 01:46:33 开始操作号码 【1716186】
2021-07-06 01:46:44 GSD getOne 第 1 次 等待 1 秒
2021-07-06 01:46:45 查询号码 【1716186】，返回信息 {"status":"bad","msg":""}
2021-07-06 01:46:45 查询号码 【1716186】，GSD为【""】
2021-07-06 01:46:45 bad
2021-07-06 01:46:47 CHB 1716186?1625507205 第 1 次 等待 1 秒
2021-07-06 01:46:48 CHB 1716186?1625507205 第 1 次 获取到号码【1716186】GSD
2021-07-06 01:46:48 获取到号码【1716186】的GSD为【黑龙江-哈尔滨】
2021-07-06 01:47:11 GSD insert 第 1 次 等待 1 秒
2021-07-06 01:47:12 {"status":"ok","msg":"添加成功！202325"}
2021-07-06 01:47:12 下次操作: 2021-07-06 01:47:23

2021-07-06 01:47:23 开始第 16 次操作

2021-07-06 01:47:23 开始操作号码 【1716187】
2021-07-06 01:47:34 GSD getOne 第 1 次 等待 1 秒
2021-07-06 01:47:35 查询号码 【1716187】，返回信息 {"status":"bad","msg":""}
2021-07-06 01:47:35 查询号码 【1716187】，GSD为【""】
2021-07-06 01:47:35 bad
2021-07-06 01:47:36 CHB 1716187?1625507255 第 1 次 等待 1 秒
2021-07-06 01:47:37 CHB 1716187?1625507255 第 1 次 获取到号码【1716187】GSD
2021-07-06 01:47:37 获取到号码【1716187】的GSD为【黑龙江-哈尔滨】
2021-07-06 01:47:59 GSD insert 第 1 次 等待 1 秒
2021-07-06 01:48:00 {"status":"ok","msg":"添加成功！202332"}
2021-07-06 01:48:01 下次操作: 2021-07-06 01:48:15

2021-07-06 01:48:16 开始第 17 次操作

2021-07-06 01:48:16 开始操作号码 【1716188】
2021-07-06 01:48:22 GSD getOne 第 1 次 等待 1 秒
2021-07-06 01:48:23 查询号码 【1716188】，返回信息 {"status":"bad","msg":""}
2021-07-06 01:48:23 查询号码 【1716188】，GSD为【""】
2021-07-06 01:48:23 bad
2021-07-06 01:48:25 CHB 1716188?1625507303 第 1 次 等待 1 秒
2021-07-06 01:48:26 CHB 1716188?1625507303 第 1 次 获取到号码【1716188】GSD
2021-07-06 01:48:26 获取到号码【1716188】的GSD为【黑龙江-哈尔滨】
2021-07-06 01:48:45 GSD insert 第 1 次 等待 1 秒
2021-07-06 01:48:46 {"status":"ok","msg":"添加成功！202338"}
2021-07-06 01:48:46 下次操作: 2021-07-06 01:48:52

2021-07-06 01:48:52 开始第 18 次操作

2021-07-06 01:48:52 开始操作号码 【1716189】
2021-07-06 01:49:11 GSD getOne 第 1 次 等待 1 秒
2021-07-06 01:49:12 查询号码 【1716189】，返回信息 {"status":"bad","msg":""}
2021-07-06 01:49:12 查询号码 【1716189】，GSD为【""】
2021-07-06 01:49:12 bad
2021-07-06 01:49:14 CHB 1716189?1625507352 第 1 次 等待 1 秒
2021-07-06 01:49:15 CHB 1716189?1625507352 第 1 次 获取到号码【1716189】GSD
2021-07-06 01:49:15 获取到号码【1716189】的GSD为【黑龙江-哈尔滨】
2021-07-06 01:49:50 GSD insert 第 1 次 等待 1 秒
2021-07-06 01:49:51 {"status":"ok","msg":"添加成功！202347"}
2021-07-06 01:49:51 下次操作: 2021-07-06 01:50:08

2021-07-06 01:50:08 开始第 19 次操作

2021-07-06 01:50:08 开始操作号码 【1716190】
2021-07-06 01:50:13 GSD getOne 第 1 次 等待 1 秒
2021-07-06 01:50:14 查询号码 【1716190】，返回信息 {"status":"bad","msg":""}
2021-07-06 01:50:14 查询号码 【1716190】，GSD为【""】
2021-07-06 01:50:14 bad
2021-07-06 01:50:20 CHB 1716190?1625507414 第 1 次 等待 1 秒
2021-07-06 01:50:21 CHB 1716190?1625507414 第 1 次 获取到号码【1716190】GSD
2021-07-06 01:50:21 获取到号码【1716190】的GSD为【辽宁-大连】
2021-07-06 01:50:40 GSD insert 第 1 次 等待 1 秒
2021-07-06 01:50:41 {"status":"ok","msg":"添加成功！202359"}
2021-07-06 01:50:41 下次操作: 2021-07-06 01:50:50

2021-07-06 01:50:50 开始第 20 次操作

2021-07-06 01:50:50 开始操作号码 【1716191】
2021-07-06 01:51:11 GSD getOne 第 1 次 等待 1 秒
2021-07-06 01:51:12 查询号码 【1716191】，返回信息 {"status":"bad","msg":""}
2021-07-06 01:51:12 查询号码 【1716191】，GSD为【""】
2021-07-06 01:51:12 bad
2021-07-06 01:51:18 CHB 1716191?1625507472 第 1 次 等待 1 秒
2021-07-06 01:51:19 CHB 1716191?1625507472 第 1 次 获取到号码【1716191】GSD
2021-07-06 01:51:19 获取到号码【1716191】的GSD为【辽宁-大连】
2021-07-06 01:51:38 GSD insert 第 1 次 等待 1 秒
2021-07-06 01:51:39 {"status":"ok","msg":"添加成功！202369"}
2021-07-06 01:51:39 下次操作: 2021-07-06 01:51:54

2021-07-06 01:51:54 开始第 21 次操作

2021-07-06 01:51:54 开始操作号码 【1716192】
2021-07-06 01:52:00 GSD getOne 第 1 次 等待 1 秒
2021-07-06 01:52:01 查询号码 【1716192】，返回信息 {"status":"bad","msg":""}
2021-07-06 01:52:01 查询号码 【1716192】，GSD为【""】
2021-07-06 01:52:01 bad
2021-07-06 01:52:07 CHB 1716192?1625507521 第 1 次 等待 1 秒
2021-07-06 01:52:08 CHB 1716192?1625507521 第 1 次 获取到号码【1716192】GSD
2021-07-06 01:52:08 获取到号码【1716192】的GSD为【辽宁-大连】
2021-07-06 01:52:27 GSD insert 第 1 次 等待 1 秒
2021-07-06 01:52:28 {"status":"ok","msg":"添加成功！202379"}
2021-07-06 01:52:28 下次操作: 2021-07-06 01:52:36

2021-07-06 01:52:36 开始第 22 次操作

2021-07-06 01:52:36 开始操作号码 【1716193】
2021-07-06 01:52:55 GSD getOne 第 1 次 等待 1 秒
2021-07-06 01:52:56 查询号码 【1716193】，返回信息 {"status":"bad","msg":""}
2021-07-06 01:52:56 查询号码 【1716193】，GSD为【""】
2021-07-06 01:52:56 bad
2021-07-06 01:52:58 CHB 1716193?1625507576 第 1 次 等待 1 秒
2021-07-06 01:52:59 CHB 1716193?1625507576 第 1 次 获取到号码【1716193】GSD
2021-07-06 01:52:59 获取到号码【1716193】的GSD为【辽宁-大连】
2021-07-06 01:53:19 GSD insert 第 1 次 等待 1 秒
2021-07-06 01:53:20 {"status":"ok","msg":"添加成功！202386"}
2021-07-06 01:53:20 下次操作: 2021-07-06 01:53:28

2021-07-06 01:53:28 开始第 23 次操作

2021-07-06 01:53:28 开始操作号码 【1716194】
2021-07-06 01:53:47 GSD getOne 第 1 次 等待 1 秒
2021-07-06 01:53:48 查询号码 【1716194】，返回信息 {"status":"bad","msg":""}
2021-07-06 01:53:48 查询号码 【1716194】，GSD为【""】
2021-07-06 01:53:48 bad
2021-07-06 01:53:50 CHB 1716194?1625507628 第 1 次 等待 1 秒
2021-07-06 01:53:51 CHB 1716194?1625507628 第 1 次 获取到号码【1716194】GSD
2021-07-06 01:53:51 获取到号码【1716194】的GSD为【辽宁-大连】
2021-07-06 01:54:10 GSD insert 第 1 次 等待 1 秒
2021-07-06 01:54:11 {"status":"ok","msg":"添加成功！202394"}
2021-07-06 01:54:11 下次操作: 2021-07-06 01:54:24

2021-07-06 01:54:24 开始第 24 次操作

2021-07-06 01:54:24 开始操作号码 【1716195】
2021-07-06 01:54:35 GSD getOne 第 1 次 等待 1 秒
2021-07-06 01:54:36 查询号码 【1716195】，返回信息 {"status":"bad","msg":""}
2021-07-06 01:54:36 查询号码 【1716195】，GSD为【""】
2021-07-06 01:54:36 bad
2021-07-06 01:54:37 CHB 1716195?1625507676 第 1 次 等待 1 秒
2021-07-06 01:54:38 CHB 1716195?1625507676 第 1 次 获取到号码【1716195】GSD
2021-07-06 01:54:39 获取到号码【1716195】的GSD为【辽宁-大连】
2021-07-06 01:54:58 GSD insert 第 1 次 等待 1 秒
2021-07-06 01:54:59 {"status":"ok","msg":"添加成功！202403"}
2021-07-06 01:54:59 下次操作: 2021-07-06 01:55:15

2021-07-06 01:55:15 开始第 25 次操作

2021-07-06 01:55:15 开始操作号码 【1716196】
2021-07-06 01:55:22 GSD getOne 第 1 次 等待 1 秒
2021-07-06 01:55:23 查询号码 【1716196】，返回信息 {"status":"bad","msg":""}
2021-07-06 01:55:23 查询号码 【1716196】，GSD为【""】
2021-07-06 01:55:23 bad
2021-07-06 01:55:29 CHB 1716196?1625507723 第 1 次 等待 1 秒
2021-07-06 01:55:30 CHB 1716196?1625507723 第 1 次 获取到号码【1716196】GSD
2021-07-06 01:55:30 获取到号码【1716196】的GSD为【辽宁-大连】
2021-07-06 01:55:49 GSD insert 第 1 次 等待 1 秒
2021-07-06 01:55:50 {"status":"ok","msg":"添加成功！202409"}
2021-07-06 01:55:50 下次操作: 2021-07-06 01:55:59

2021-07-06 01:55:59 开始第 26 次操作

2021-07-06 01:55:59 开始操作号码 【1716197】
2021-07-06 01:56:19 GSD getOne 第 1 次 等待 1 秒
2021-07-06 01:56:20 查询号码 【1716197】，返回信息 {"status":"bad","msg":""}
2021-07-06 01:56:20 查询号码 【1716197】，GSD为【""】
2021-07-06 01:56:20 bad
2021-07-06 01:56:22 CHB 1716197?1625507780 第 1 次 等待 1 秒
2021-07-06 01:56:23 CHB 1716197?1625507780 第 1 次 获取到号码【1716197】GSD
2021-07-06 01:56:23 未获取到号码【1716197】GSD，查号吧 400 错误
2021-07-06 01:56:23 获取到号码【1716197】的GSD为【-】
2021-07-06 01:56:45 GSD insert 第 1 次 等待 1 秒
2021-07-06 01:56:46 {"status":"ok","msg":"添加成功！202417"}
2021-07-06 01:56:46 下次操作: 2021-07-06 01:57:02

2021-07-06 01:57:02 开始第 27 次操作

2021-07-06 01:57:02 开始操作号码 【1716198】
2021-07-06 01:57:09 GSD getOne 第 1 次 等待 1 秒
2021-07-06 01:57:10 查询号码 【1716198】，返回信息 {"status":"bad","msg":""}
2021-07-06 01:57:10 查询号码 【1716198】，GSD为【""】
2021-07-06 01:57:10 bad
2021-07-06 01:57:12 CHB 1716198?1625507830 第 1 次 等待 1 秒
2021-07-06 01:57:13 CHB 1716198?1625507830 第 1 次 获取到号码【1716198】GSD
2021-07-06 01:57:13 获取到号码【1716198】的GSD为【辽宁-大连】
2021-07-06 01:57:32 GSD insert 第 1 次 等待 1 秒
2021-07-06 01:57:33 {"status":"ok","msg":"添加成功！202420"}
2021-07-06 01:57:33 下次操作: 2021-07-06 01:57:49

2021-07-06 01:57:49 开始第 28 次操作

2021-07-06 01:57:49 开始操作号码 【1716199】
2021-07-06 01:57:55 GSD getOne 第 1 次 等待 1 秒
2021-07-06 01:57:56 查询号码 【1716199】，返回信息 {"status":"bad","msg":""}
2021-07-06 01:57:56 查询号码 【1716199】，GSD为【""】
2021-07-06 01:57:56 bad
2021-07-06 01:57:58 CHB 1716199?1625507876 第 1 次 等待 1 秒
2021-07-06 01:57:59 CHB 1716199?1625507876 第 1 次 获取到号码【1716199】GSD
2021-07-06 01:57:59 获取到号码【1716199】的GSD为【辽宁-大连】
2021-07-06 01:58:35 GSD insert 第 1 次 等待 1 秒
2021-07-06 01:58:36 {"status":"ok","msg":"添加成功！202422"}
2021-07-06 01:58:36 下次操作: 2021-07-06 01:58:49

2021-07-06 01:58:49 开始第 29 次操作

2021-07-06 01:58:49 开始操作号码 【1716200】
2021-07-06 01:59:03 GSD getOne 第 1 次 等待 1 秒
2021-07-06 01:59:04 查询号码 【1716200】，返回信息 {"status":"bad","msg":""}
2021-07-06 01:59:04 查询号码 【1716200】，GSD为【""】
2021-07-06 01:59:04 bad
2021-07-06 01:59:05 CHB 1716200?1625507944 第 1 次 等待 1 秒
2021-07-06 01:59:06 CHB 1716200?1625507944 第 1 次 获取到号码【1716200】GSD
2021-07-06 01:59:06 未获取到号码【1716200】GSD，查号吧 400 错误
2021-07-06 01:59:06 获取到号码【1716200】的GSD为【-】
2021-07-06 01:59:25 GSD insert 第 1 次 等待 1 秒
2021-07-06 01:59:26 {"status":"ok","msg":"添加成功！202427"}
2021-07-06 01:59:26 下次操作: 2021-07-06 01:59:43

2021-07-06 01:59:43 开始第 30 次操作

2021-07-06 01:59:43 开始操作号码 【1716201】
2021-07-06 01:59:53 GSD getOne 第 1 次 等待 1 秒
2021-07-06 01:59:54 查询号码 【1716201】，返回信息 {"status":"bad","msg":""}
2021-07-06 01:59:54 查询号码 【1716201】，GSD为【""】
2021-07-06 01:59:54 bad
2021-07-06 01:59:56 CHB 1716201?1625507994 第 1 次 等待 1 秒
2021-07-06 01:59:57 CHB 1716201?1625507994 第 1 次 获取到号码【1716201】GSD
2021-07-06 01:59:57 获取到号码【1716201】的GSD为【天津-天津】
2021-07-06 02:00:16 GSD insert 第 1 次 等待 1 秒
2021-07-06 02:00:17 {"status":"ok","msg":"添加成功！202431"}

2021-07-06 02:54:07 开始第 1 次操作

2021-07-06 02:54:07 开始操作号码 【1716202】
2021-07-06 02:54:13 GSD getOne 第 1 次 等待 1 秒
2021-07-06 02:54:14 查询号码 【1716202】，返回信息 {"status":"bad","msg":""}
2021-07-06 02:54:14 查询号码 【1716202】，GSD为【""】
2021-07-06 02:54:14 bad
2021-07-06 02:54:15 CHB 1716202?1625511254 第 1 次 等待 1 秒
2021-07-06 02:54:16 CHB 1716202?1625511254 第 1 次 获取到号码【1716202】GSD
2021-07-06 02:54:16 获取到号码【1716202】的GSD为【天津-天津】
2021-07-06 02:54:20 GSD insert 第 1 次 等待 1 秒
2021-07-06 02:54:21 {"status":"ok","msg":"添加成功！202532"}
2021-07-06 02:54:21 下次操作: 2021-07-06 02:54:31

2021-07-06 02:54:31 开始第 2 次操作

2021-07-06 02:54:31 开始操作号码 【1716203】
2021-07-06 02:54:35 GSD getOne 第 1 次 等待 1 秒
2021-07-06 02:54:36 查询号码 【1716203】，返回信息 {"status":"bad","msg":""}
2021-07-06 02:54:36 查询号码 【1716203】，GSD为【""】
2021-07-06 02:54:36 bad
2021-07-06 02:54:38 CHB 1716203?1625511276 第 1 次 等待 1 秒
2021-07-06 02:54:39 CHB 1716203?1625511276 第 1 次 获取到号码【1716203】GSD
2021-07-06 02:54:39 获取到号码【1716203】的GSD为【天津-天津】
2021-07-06 02:54:43 GSD insert 第 1 次 等待 1 秒
2021-07-06 02:54:44 {"status":"ok","msg":"添加成功！202537"}
2021-07-06 02:54:44 下次操作: 2021-07-06 02:55:01

2021-07-06 02:55:01 开始第 3 次操作

2021-07-06 02:55:01 开始操作号码 【1716204】
2021-07-06 02:55:04 GSD getOne 第 1 次 等待 1 秒
2021-07-06 02:55:05 查询号码 【1716204】，返回信息 {"status":"bad","msg":""}
2021-07-06 02:55:06 查询号码 【1716204】，GSD为【""】
2021-07-06 02:55:06 bad
2021-07-06 02:55:07 CHB 1716204?1625511306 第 1 次 等待 1 秒
2021-07-06 02:55:08 CHB 1716204?1625511306 第 1 次 获取到号码【1716204】GSD
2021-07-06 02:55:08 获取到号码【1716204】的GSD为【天津-天津】
2021-07-06 02:55:12 GSD insert 第 1 次 等待 1 秒
2021-07-06 02:55:13 {"status":"ok","msg":"添加成功！202542"}
2021-07-06 02:55:13 下次操作: 2021-07-06 02:55:19

2021-07-06 02:55:19 开始第 4 次操作

2021-07-06 02:55:19 开始操作号码 【1716205】
2021-07-06 02:55:22 GSD getOne 第 1 次 等待 1 秒
2021-07-06 02:55:23 查询号码 【1716205】，返回信息 {"status":"bad","msg":""}
2021-07-06 02:55:24 查询号码 【1716205】，GSD为【""】
2021-07-06 02:55:24 bad
2021-07-06 02:55:25 CHB 1716205?1625511324 第 1 次 等待 1 秒
2021-07-06 02:55:26 CHB 1716205?1625511324 第 1 次 获取到号码【1716205】GSD
2021-07-06 02:55:26 获取到号码【1716205】的GSD为【天津-天津】
2021-07-06 02:55:30 GSD insert 第 1 次 等待 1 秒
2021-07-06 02:55:31 {"status":"ok","msg":"添加成功！202546"}
2021-07-06 02:55:31 下次操作: 2021-07-06 02:55:37

2021-07-06 02:55:37 开始第 5 次操作

2021-07-06 02:55:37 开始操作号码 【1716206】
2021-07-06 02:55:41 GSD getOne 第 1 次 等待 1 秒
2021-07-06 02:55:42 查询号码 【1716206】，返回信息 {"status":"bad","msg":""}
2021-07-06 02:55:42 查询号码 【1716206】，GSD为【""】
2021-07-06 02:55:42 bad
2021-07-06 02:55:43 CHB 1716206?1625511342 第 1 次 等待 1 秒
2021-07-06 02:55:44 CHB 1716206?1625511342 第 1 次 获取到号码【1716206】GSD
2021-07-06 02:55:45 获取到号码【1716206】的GSD为【天津-天津】
2021-07-06 02:55:48 GSD insert 第 1 次 等待 1 秒
2021-07-06 02:55:49 {"status":"ok","msg":"添加成功！202551"}
2021-07-06 02:55:49 下次操作: 2021-07-06 02:55:56

2021-07-06 02:55:56 开始第 6 次操作

2021-07-06 02:55:56 开始操作号码 【1716207】
2021-07-06 02:56:00 GSD getOne 第 1 次 等待 1 秒
2021-07-06 02:56:01 查询号码 【1716207】，返回信息 {"status":"bad","msg":""}
2021-07-06 02:56:01 查询号码 【1716207】，GSD为【""】
2021-07-06 02:56:01 bad
2021-07-06 02:56:06 CHB 1716207?1625511361 第 1 次 等待 1 秒
2021-07-06 02:56:07 CHB 1716207?1625511361 第 1 次 获取到号码【1716207】GSD
2021-07-06 02:56:07 获取到号码【1716207】的GSD为【天津-天津】
2021-07-06 02:56:11 GSD insert 第 1 次 等待 1 秒
2021-07-06 02:56:12 {"status":"ok","msg":"添加成功！202555"}
2021-07-06 02:56:12 下次操作: 2021-07-06 02:56:21

2021-07-06 02:56:21 开始第 7 次操作

2021-07-06 02:56:21 开始操作号码 【1716208】
2021-07-06 02:56:25 GSD getOne 第 1 次 等待 1 秒
2021-07-06 02:56:26 查询号码 【1716208】，返回信息 {"status":"bad","msg":""}
2021-07-06 02:56:26 查询号码 【1716208】，GSD为【""】
2021-07-06 02:56:26 bad
2021-07-06 02:56:28 CHB 1716208?1625511386 第 1 次 等待 1 秒
2021-07-06 02:56:29 CHB 1716208?1625511386 第 1 次 获取到号码【1716208】GSD
2021-07-06 02:56:29 获取到号码【1716208】的GSD为【天津-天津】
2021-07-06 02:56:32 GSD insert 第 1 次 等待 1 秒
2021-07-06 02:56:33 {"status":"ok","msg":"添加成功！202560"}
2021-07-06 02:56:33 下次操作: 2021-07-06 02:56:44

2021-07-06 02:56:44 开始第 8 次操作

2021-07-06 02:56:44 开始操作号码 【1716209】
2021-07-06 02:56:48 GSD getOne 第 1 次 等待 1 秒
2021-07-06 02:56:49 查询号码 【1716209】，返回信息 {"status":"bad","msg":""}
2021-07-06 02:56:49 查询号码 【1716209】，GSD为【""】
2021-07-06 02:56:49 bad
2021-07-06 02:56:51 CHB 1716209?1625511409 第 1 次 等待 1 秒
2021-07-06 02:56:52 CHB 1716209?1625511409 第 1 次 获取到号码【1716209】GSD
2021-07-06 02:56:52 获取到号码【1716209】的GSD为【天津-天津】
2021-07-06 02:56:56 GSD insert 第 1 次 等待 1 秒
2021-07-06 02:56:57 {"status":"ok","msg":"添加成功！202563"}
2021-07-06 02:56:57 下次操作: 2021-07-06 02:57:10

2021-07-06 02:57:10 开始第 9 次操作

2021-07-06 02:57:10 开始操作号码 【1716210】
2021-07-06 02:57:13 GSD getOne 第 1 次 等待 1 秒
2021-07-06 02:57:14 查询号码 【1716210】，返回信息 {"status":"bad","msg":""}
2021-07-06 02:57:14 查询号码 【1716210】，GSD为【""】
2021-07-06 02:57:14 bad
2021-07-06 02:57:16 CHB 1716210?1625511434 第 1 次 等待 1 秒
2021-07-06 02:57:17 CHB 1716210?1625511434 第 1 次 获取到号码【1716210】GSD
2021-07-06 02:57:17 获取到号码【1716210】的GSD为【上海-上海】
2021-07-06 02:57:21 GSD insert 第 1 次 等待 1 秒
2021-07-06 02:57:22 {"status":"ok","msg":"添加成功！202568"}
2021-07-06 02:57:22 下次操作: 2021-07-06 02:57:40

2021-07-06 02:57:40 开始第 10 次操作

2021-07-06 02:57:40 开始操作号码 【1716211】
2021-07-06 02:57:44 GSD getOne 第 1 次 等待 1 秒
2021-07-06 02:57:45 查询号码 【1716211】，返回信息 {"status":"bad","msg":""}
2021-07-06 02:57:45 查询号码 【1716211】，GSD为【""】
2021-07-06 02:57:45 bad
2021-07-06 02:57:46 CHB 1716211?1625511465 第 1 次 等待 1 秒
2021-07-06 02:57:47 CHB 1716211?1625511465 第 1 次 获取到号码【1716211】GSD
2021-07-06 02:57:47 获取到号码【1716211】的GSD为【上海-上海】
2021-07-06 02:57:51 GSD insert 第 1 次 等待 1 秒
2021-07-06 02:57:52 {"status":"ok","msg":"添加成功！202573"}
2021-07-06 02:57:52 下次操作: 2021-07-06 02:57:58

2021-07-06 02:57:58 开始第 11 次操作

2021-07-06 02:57:58 开始操作号码 【1716212】
2021-07-06 02:58:01 GSD getOne 第 1 次 等待 1 秒
2021-07-06 02:58:02 查询号码 【1716212】，返回信息 {"status":"bad","msg":""}
2021-07-06 02:58:03 查询号码 【1716212】，GSD为【""】
2021-07-06 02:58:03 bad
2021-07-06 02:58:04 CHB 1716212?1625511483 第 1 次 等待 1 秒
2021-07-06 02:58:05 CHB 1716212?1625511483 第 1 次 获取到号码【1716212】GSD
2021-07-06 02:58:05 获取到号码【1716212】的GSD为【上海-上海】
2021-07-06 02:58:09 GSD insert 第 1 次 等待 1 秒
2021-07-06 02:58:10 {"status":"ok","msg":"添加成功！202575"}
2021-07-06 02:58:10 下次操作: 2021-07-06 02:58:28

2021-07-06 02:58:28 开始第 12 次操作

2021-07-06 02:58:28 开始操作号码 【1716213】
2021-07-06 02:58:32 GSD getOne 第 1 次 等待 1 秒
2021-07-06 02:58:33 查询号码 【1716213】，返回信息 {"status":"bad","msg":""}
2021-07-06 02:58:33 查询号码 【1716213】，GSD为【""】
2021-07-06 02:58:33 bad
2021-07-06 02:58:35 CHB 1716213?1625511513 第 1 次 等待 1 秒
2021-07-06 02:58:36 CHB 1716213?1625511513 第 1 次 获取到号码【1716213】GSD
2021-07-06 02:58:36 未获取到号码【1716213】GSD，查号吧 400 错误
2021-07-06 02:58:36 获取到号码【1716213】的GSD为【-】
2021-07-06 02:58:40 GSD insert 第 1 次 等待 1 秒
2021-07-06 02:58:41 {"status":"ok","msg":"添加成功！202582"}
2021-07-06 02:58:41 下次操作: 2021-07-06 02:58:55

2021-07-06 02:58:55 开始第 13 次操作

2021-07-06 02:58:55 开始操作号码 【1716214】
2021-07-06 02:58:58 GSD getOne 第 1 次 等待 1 秒
2021-07-06 02:58:59 查询号码 【1716214】，返回信息 {"status":"bad","msg":""}
2021-07-06 02:58:59 查询号码 【1716214】，GSD为【""】
2021-07-06 02:58:59 bad
2021-07-06 02:59:01 CHB 1716214?1625511539 第 1 次 等待 1 秒
2021-07-06 02:59:02 CHB 1716214?1625511539 第 1 次 获取到号码【1716214】GSD
2021-07-06 02:59:02 获取到号码【1716214】的GSD为【上海-上海】
2021-07-06 02:59:07 GSD insert 第 1 次 等待 1 秒
2021-07-06 02:59:08 {"status":"ok","msg":"添加成功！202584"}
2021-07-06 02:59:08 下次操作: 2021-07-06 02:59:17

2021-07-06 02:59:17 开始第 14 次操作

2021-07-06 02:59:17 开始操作号码 【1716215】
2021-07-06 02:59:20 GSD getOne 第 1 次 等待 1 秒
2021-07-06 02:59:21 查询号码 【1716215】，返回信息 {"status":"bad","msg":""}
2021-07-06 02:59:21 查询号码 【1716215】，GSD为【""】
2021-07-06 02:59:21 bad
2021-07-06 02:59:23 CHB 1716215?1625511561 第 1 次 等待 1 秒
2021-07-06 02:59:24 CHB 1716215?1625511561 第 1 次 获取到号码【1716215】GSD
2021-07-06 02:59:24 获取到号码【1716215】的GSD为【上海-上海】
2021-07-06 02:59:28 GSD insert 第 1 次 等待 1 秒
2021-07-06 02:59:29 {"status":"ok","msg":"添加成功！202592"}
2021-07-06 02:59:29 下次操作: 2021-07-06 02:59:40

2021-07-06 02:59:40 开始第 15 次操作

2021-07-06 02:59:40 开始操作号码 【1716216】
2021-07-06 02:59:44 GSD getOne 第 1 次 等待 1 秒
2021-07-06 02:59:45 查询号码 【1716216】，返回信息 {"status":"bad","msg":""}
2021-07-06 02:59:45 查询号码 【1716216】，GSD为【""】
2021-07-06 02:59:45 bad
2021-07-06 02:59:50 CHB 1716216?1625511585 第 1 次 等待 1 秒
2021-07-06 02:59:51 CHB 1716216?1625511585 第 1 次 获取到号码【1716216】GSD
2021-07-06 02:59:51 获取到号码【1716216】的GSD为【上海-上海】
2021-07-06 02:59:55 GSD insert 第 1 次 等待 1 秒
2021-07-06 02:59:56 {"status":"ok","msg":"添加成功！202595"}
2021-07-06 02:59:56 下次操作: 2021-07-06 03:00:02

2021-07-06 03:00:02 开始第 16 次操作

2021-07-06 03:00:02 开始操作号码 【1716217】
2021-07-06 03:00:05 GSD getOne 第 1 次 等待 1 秒
2021-07-06 03:00:06 查询号码 【1716217】，返回信息 {"status":"bad","msg":""}
2021-07-06 03:00:06 查询号码 【1716217】，GSD为【""】
2021-07-06 03:00:06 bad
2021-07-06 03:00:08 CHB 1716217?1625511606 第 1 次 等待 1 秒
2021-07-06 03:00:09 CHB 1716217?1625511606 第 1 次 获取到号码【1716217】GSD
2021-07-06 03:00:09 获取到号码【1716217】的GSD为【上海-上海】
2021-07-06 03:00:13 GSD insert 第 1 次 等待 1 秒
2021-07-06 03:00:14 {"status":"ok","msg":"添加成功！202600"}
2021-07-06 03:00:14 下次操作: 2021-07-06 03:00:23

2021-07-06 03:00:23 开始第 17 次操作

2021-07-06 03:00:23 开始操作号码 【1716218】
2021-07-06 03:00:26 GSD getOne 第 1 次 等待 1 秒
2021-07-06 03:00:27 查询号码 【1716218】，返回信息 {"status":"bad","msg":""}
2021-07-06 03:00:28 查询号码 【1716218】，GSD为【""】
2021-07-06 03:00:28 bad
2021-07-06 03:00:29 CHB 1716218?1625511628 第 1 次 等待 1 秒
2021-07-06 03:00:30 CHB 1716218?1625511628 第 1 次 获取到号码【1716218】GSD
2021-07-06 03:00:30 获取到号码【1716218】的GSD为【上海-上海】
2021-07-06 03:00:34 GSD insert 第 1 次 等待 1 秒
2021-07-06 03:00:35 {"status":"ok","msg":"添加成功！202605"}
2021-07-06 03:00:35 下次操作: 2021-07-06 03:00:51

2021-07-06 03:00:51 开始第 18 次操作

2021-07-06 03:00:51 开始操作号码 【1716219】
2021-07-06 03:00:54 GSD getOne 第 1 次 等待 1 秒
2021-07-06 03:00:55 查询号码 【1716219】，返回信息 {"status":"bad","msg":""}
2021-07-06 03:00:55 查询号码 【1716219】，GSD为【""】
2021-07-06 03:00:55 bad
2021-07-06 03:00:57 CHB 1716219?1625511655 第 1 次 等待 1 秒
2021-07-06 03:00:58 CHB 1716219?1625511655 第 1 次 获取到号码【1716219】GSD
2021-07-06 03:00:58 获取到号码【1716219】的GSD为【上海-上海】
2021-07-06 03:01:02 GSD insert 第 1 次 等待 1 秒
2021-07-06 03:01:03 {"status":"ok","msg":"添加成功！202612"}
2021-07-06 03:01:03 下次操作: 2021-07-06 03:01:09

2021-07-06 03:01:09 开始第 19 次操作

2021-07-06 03:01:09 开始操作号码 【1716220】
2021-07-06 03:01:13 GSD getOne 第 1 次 等待 1 秒
2021-07-06 03:01:14 查询号码 【1716220】，返回信息 {"status":"bad","msg":""}
2021-07-06 03:01:14 查询号码 【1716220】，GSD为【""】
2021-07-06 03:01:14 bad
2021-07-06 03:01:19 CHB 1716220?1625511674 第 1 次 等待 1 秒
2021-07-06 03:01:20 CHB 1716220?1625511674 第 1 次 获取到号码【1716220】GSD
2021-07-06 03:01:20 获取到号码【1716220】的GSD为【天津-天津】
2021-07-06 03:01:23 GSD insert 第 1 次 等待 1 秒
2021-07-06 03:01:24 {"status":"ok","msg":"添加成功！202616"}
2021-07-06 03:01:24 下次操作: 2021-07-06 03:01:41

2021-07-06 03:01:41 开始第 20 次操作

2021-07-06 03:01:41 开始操作号码 【1716221】
2021-07-06 03:01:45 GSD getOne 第 1 次 等待 1 秒
2021-07-06 03:01:46 查询号码 【1716221】，返回信息 {"status":"bad","msg":""}
2021-07-06 03:01:46 查询号码 【1716221】，GSD为【""】
2021-07-06 03:01:46 bad
2021-07-06 03:01:52 CHB 1716221?1625511706 第 1 次 等待 1 秒
2021-07-06 03:01:53 CHB 1716221?1625511706 第 1 次 获取到号码【1716221】GSD
2021-07-06 03:01:53 获取到号码【1716221】的GSD为【天津-天津】
2021-07-06 03:01:57 GSD insert 第 1 次 等待 1 秒
2021-07-06 03:01:58 {"status":"ok","msg":"添加成功！202622"}
2021-07-06 03:01:58 下次操作: 2021-07-06 03:02:06

2021-07-06 03:02:06 开始第 21 次操作

2021-07-06 03:02:06 开始操作号码 【1716222】
2021-07-06 03:02:09 GSD getOne 第 1 次 等待 1 秒
2021-07-06 03:02:11 查询号码 【1716222】，返回信息 {"status":"bad","msg":""}
2021-07-06 03:02:11 查询号码 【1716222】，GSD为【""】
2021-07-06 03:02:11 bad
2021-07-06 03:02:12 CHB 1716222?1625511731 第 1 次 等待 1 秒
2021-07-06 03:02:13 CHB 1716222?1625511731 第 1 次 获取到号码【1716222】GSD
2021-07-06 03:02:13 获取到号码【1716222】的GSD为【天津-天津】
2021-07-06 03:02:17 GSD insert 第 1 次 等待 1 秒
2021-07-06 03:02:18 {"status":"ok","msg":"添加成功！202625"}
2021-07-06 03:02:18 下次操作: 2021-07-06 03:02:25

2021-07-06 03:02:25 开始第 22 次操作

2021-07-06 03:02:25 开始操作号码 【1716223】
2021-07-06 03:02:29 GSD getOne 第 1 次 等待 1 秒
2021-07-06 03:02:30 查询号码 【1716223】，返回信息 {"status":"bad","msg":""}
2021-07-06 03:02:30 查询号码 【1716223】，GSD为【""】
2021-07-06 03:02:30 bad
2021-07-06 03:02:31 CHB 1716223?1625511750 第 1 次 等待 1 秒
2021-07-06 03:02:32 CHB 1716223?1625511750 第 1 次 获取到号码【1716223】GSD
2021-07-06 03:02:32 获取到号码【1716223】的GSD为【天津-天津】
2021-07-06 03:02:36 GSD insert 第 1 次 等待 1 秒
2021-07-06 03:02:37 {"status":"ok","msg":"添加成功！202630"}
2021-07-06 03:02:37 下次操作: 2021-07-06 03:02:51

2021-07-06 03:02:51 开始第 23 次操作

2021-07-06 03:02:51 开始操作号码 【1716224】
2021-07-06 03:02:55 GSD getOne 第 1 次 等待 1 秒
2021-07-06 03:02:56 查询号码 【1716224】，返回信息 {"status":"bad","msg":""}
2021-07-06 03:02:56 查询号码 【1716224】，GSD为【""】
2021-07-06 03:02:56 bad
2021-07-06 03:02:57 CHB 1716224?1625511776 第 1 次 等待 1 秒
2021-07-06 03:02:58 CHB 1716224?1625511776 第 1 次 获取到号码【1716224】GSD
2021-07-06 03:02:58 获取到号码【1716224】的GSD为【天津-天津】
2021-07-06 03:03:02 GSD insert 第 1 次 等待 1 秒
2021-07-06 03:03:03 {"status":"ok","msg":"添加成功！202638"}
2021-07-06 03:03:03 下次操作: 2021-07-06 03:03:10

2021-07-06 03:03:10 开始第 24 次操作

2021-07-06 03:03:10 开始操作号码 【1716225】
2021-07-06 03:03:14 GSD getOne 第 1 次 等待 1 秒
2021-07-06 03:03:15 查询号码 【1716225】，返回信息 {"status":"bad","msg":""}
2021-07-06 03:03:15 查询号码 【1716225】，GSD为【""】
2021-07-06 03:03:15 bad
2021-07-06 03:03:16 CHB 1716225?1625511795 第 1 次 等待 1 秒
2021-07-06 03:03:17 CHB 1716225?1625511795 第 1 次 获取到号码【1716225】GSD
2021-07-06 03:03:18 获取到号码【1716225】的GSD为【天津-天津】
2021-07-06 03:03:21 GSD insert 第 1 次 等待 1 秒
2021-07-06 03:03:22 {"status":"ok","msg":"添加成功！202641"}
2021-07-06 03:03:22 下次操作: 2021-07-06 03:03:36

2021-07-06 03:03:36 开始第 25 次操作

2021-07-06 03:03:36 开始操作号码 【1716226】
2021-07-06 03:03:40 GSD getOne 第 1 次 等待 1 秒
2021-07-06 03:03:41 查询号码 【1716226】，返回信息 {"status":"bad","msg":""}
2021-07-06 03:03:41 查询号码 【1716226】，GSD为【""】
2021-07-06 03:03:41 bad
2021-07-06 03:03:43 CHB 1716226?1625511821 第 1 次 等待 1 秒
2021-07-06 03:03:44 CHB 1716226?1625511821 第 1 次 获取到号码【1716226】GSD
2021-07-06 03:03:44 获取到号码【1716226】的GSD为【天津-天津】
2021-07-06 03:03:47 GSD insert 第 1 次 等待 1 秒
2021-07-06 03:03:48 {"status":"ok","msg":"添加成功！202647"}
2021-07-06 03:03:48 下次操作: 2021-07-06 03:03:59

2021-07-06 03:03:59 开始第 26 次操作

2021-07-06 03:03:59 开始操作号码 【1716227】
2021-07-06 03:04:03 GSD getOne 第 1 次 等待 1 秒
2021-07-06 03:04:04 查询号码 【1716227】，返回信息 {"status":"bad","msg":""}
2021-07-06 03:04:04 查询号码 【1716227】，GSD为【""】
2021-07-06 03:04:04 bad
2021-07-06 03:04:06 CHB 1716227?1625511844 第 1 次 等待 1 秒
2021-07-06 03:04:07 CHB 1716227?1625511844 第 1 次 获取到号码【1716227】GSD
2021-07-06 03:04:07 获取到号码【1716227】的GSD为【天津-天津】
2021-07-06 03:04:10 GSD insert 第 1 次 等待 1 秒
2021-07-06 03:04:11 {"status":"ok","msg":"添加成功！202652"}
2021-07-06 03:04:11 下次操作: 2021-07-06 03:04:20

2021-07-06 03:04:20 开始第 27 次操作

2021-07-06 03:04:20 开始操作号码 【1716228】
2021-07-06 03:04:24 GSD getOne 第 1 次 等待 1 秒
2021-07-06 03:04:25 查询号码 【1716228】，返回信息 {"status":"bad","msg":""}
2021-07-06 03:04:25 查询号码 【1716228】，GSD为【""】
2021-07-06 03:04:25 bad
2021-07-06 03:04:27 CHB 1716228?1625511865 第 1 次 等待 1 秒
2021-07-06 03:04:28 CHB 1716228?1625511865 第 1 次 获取到号码【1716228】GSD
2021-07-06 03:04:28 获取到号码【1716228】的GSD为【天津-天津】
2021-07-06 03:04:31 GSD insert 第 1 次 等待 1 秒
2021-07-06 03:04:32 {"status":"ok","msg":"添加成功！202655"}
2021-07-06 03:04:32 下次操作: 2021-07-06 03:04:40

2021-07-06 03:04:40 开始第 28 次操作

2021-07-06 03:04:40 开始操作号码 【1716229】
2021-07-06 03:04:44 GSD getOne 第 1 次 等待 1 秒
2021-07-06 03:04:45 查询号码 【1716229】，返回信息 {"status":"bad","msg":""}
2021-07-06 03:04:45 查询号码 【1716229】，GSD为【""】
2021-07-06 03:04:45 bad
2021-07-06 03:04:47 CHB 1716229?1625511885 第 1 次 等待 1 秒
2021-07-06 03:04:48 CHB 1716229?1625511885 第 1 次 获取到号码【1716229】GSD
2021-07-06 03:04:48 获取到号码【1716229】的GSD为【天津-天津】
2021-07-06 03:04:51 GSD insert 第 1 次 等待 1 秒
2021-07-06 03:04:52 {"status":"ok","msg":"添加成功！202661"}
2021-07-06 03:04:52 下次操作: 2021-07-06 03:05:05

2021-07-06 03:05:05 开始第 29 次操作

2021-07-06 03:05:05 开始操作号码 【1716230】
2021-07-06 03:05:09 GSD getOne 第 1 次 等待 1 秒
2021-07-06 03:05:10 查询号码 【1716230】，返回信息 {"status":"bad","msg":""}
2021-07-06 03:05:10 查询号码 【1716230】，GSD为【""】
2021-07-06 03:05:10 bad
2021-07-06 03:05:12 CHB 1716230?1625511910 第 1 次 等待 1 秒
2021-07-06 03:05:13 CHB 1716230?1625511910 第 1 次 获取到号码【1716230】GSD
2021-07-06 03:05:13 获取到号码【1716230】的GSD为【重庆-重庆】
2021-07-06 03:05:16 GSD insert 第 1 次 等待 1 秒
2021-07-06 03:05:17 {"status":"ok","msg":"添加成功！202664"}
2021-07-06 03:05:17 下次操作: 2021-07-06 03:05:23

2021-07-06 03:05:23 开始第 30 次操作

2021-07-06 03:05:23 开始操作号码 【1716231】
2021-07-06 03:05:27 GSD getOne 第 1 次 等待 1 秒
2021-07-06 03:05:28 查询号码 【1716231】，返回信息 {"status":"bad","msg":""}
2021-07-06 03:05:28 查询号码 【1716231】，GSD为【""】
2021-07-06 03:05:28 bad
2021-07-06 03:05:30 CHB 1716231?1625511928 第 1 次 等待 1 秒
2021-07-06 03:05:31 CHB 1716231?1625511928 第 1 次 获取到号码【1716231】GSD
2021-07-06 03:05:31 获取到号码【1716231】的GSD为【重庆-重庆】
2021-07-06 03:05:35 GSD insert 第 1 次 等待 1 秒
2021-07-06 03:05:36 {"status":"ok","msg":"添加成功！202671"}

2021-07-06 03:36:03 开始第 1 次操作

2021-07-06 03:36:03 开始操作号码 【1716232】
2021-07-06 03:36:07 GSD getOne 第 1 次 等待 1 秒
2021-07-06 03:36:08 查询号码 【1716232】，返回信息 {"status":"bad","msg":""}
2021-07-06 03:36:08 查询号码 【1716232】，GSD为【""】
2021-07-06 03:36:08 bad
2021-07-06 03:36:09 CHB 1716232?1625513768 第 1 次 等待 1 秒
2021-07-06 03:36:10 CHB 1716232?1625513768 第 1 次 获取到号码【1716232】GSD
2021-07-06 03:36:10 获取到号码【1716232】的GSD为【重庆-重庆】
2021-07-06 03:36:30 GSD insert 第 1 次 等待 1 秒
2021-07-06 03:36:31 {"status":"ok","msg":"添加成功！202846"}
2021-07-06 03:36:31 下次操作: 2021-07-06 03:36:40

2021-07-06 03:36:40 开始第 2 次操作

2021-07-06 03:36:40 开始操作号码 【1716233】
2021-07-06 03:36:51 GSD getOne 第 1 次 等待 1 秒
2021-07-06 03:36:52 查询号码 【1716233】，返回信息 {"status":"bad","msg":""}
2021-07-06 03:36:52 查询号码 【1716233】，GSD为【""】
2021-07-06 03:36:52 bad
2021-07-06 03:36:53 CHB 1716233?1625513812 第 1 次 等待 1 秒
2021-07-06 03:36:54 CHB 1716233?1625513812 第 1 次 获取到号码【1716233】GSD
2021-07-06 03:36:54 获取到号码【1716233】的GSD为【重庆-重庆】
2021-07-06 03:37:13 GSD insert 第 1 次 等待 1 秒
2021-07-06 03:37:14 {"status":"ok","msg":"添加成功！202857"}
2021-07-06 03:37:14 下次操作: 2021-07-06 03:37:26

2021-07-06 03:37:26 开始第 3 次操作

2021-07-06 03:37:26 开始操作号码 【1716234】
2021-07-06 03:37:33 GSD getOne 第 1 次 等待 1 秒
2021-07-06 03:37:34 查询号码 【1716234】，返回信息 {"status":"bad","msg":""}
2021-07-06 03:37:34 查询号码 【1716234】，GSD为【""】
2021-07-06 03:37:34 bad
2021-07-06 03:37:35 CHB 1716234?1625513854 第 1 次 等待 1 秒
2021-07-06 03:37:36 CHB 1716234?1625513854 第 1 次 获取到号码【1716234】GSD
2021-07-06 03:37:36 获取到号码【1716234】的GSD为【重庆-重庆】
2021-07-06 03:37:56 GSD insert 第 1 次 等待 1 秒
2021-07-06 03:37:57 {"status":"ok","msg":"添加成功！202865"}
2021-07-06 03:37:57 下次操作: 2021-07-06 03:38:03

2021-07-06 03:38:03 开始第 4 次操作

2021-07-06 03:38:03 开始操作号码 【1716235】
2021-07-06 03:38:22 GSD getOne 第 1 次 等待 1 秒
2021-07-06 03:38:23 查询号码 【1716235】，返回信息 {"status":"bad","msg":""}
2021-07-06 03:38:23 查询号码 【1716235】，GSD为【""】
2021-07-06 03:38:23 bad
2021-07-06 03:38:30 CHB 1716235?1625513903 第 1 次 等待 1 秒
2021-07-06 03:38:31 CHB 1716235?1625513903 第 1 次 获取到号码【1716235】GSD
2021-07-06 03:38:31 获取到号码【1716235】的GSD为【重庆-重庆】
2021-07-06 03:38:42 GSD insert 第 1 次 等待 1 秒
2021-07-06 03:38:43 {"status":"ok","msg":"添加成功！202876"}
2021-07-06 03:38:43 下次操作: 2021-07-06 03:39:01

2021-07-06 03:39:01 开始第 5 次操作

2021-07-06 03:39:01 开始操作号码 【1716236】
2021-07-06 03:39:05 GSD getOne 第 1 次 等待 1 秒
2021-07-06 03:39:06 查询号码 【1716236】，返回信息 {"status":"bad","msg":""}
2021-07-06 03:39:06 查询号码 【1716236】，GSD为【""】
2021-07-06 03:39:06 bad
2021-07-06 03:39:07 CHB 1716236?1625513946 第 1 次 等待 1 秒
2021-07-06 03:39:08 CHB 1716236?1625513946 第 1 次 获取到号码【1716236】GSD
2021-07-06 03:39:08 获取到号码【1716236】的GSD为【重庆-重庆】
2021-07-06 03:39:27 GSD insert 第 1 次 等待 1 秒
2021-07-06 03:39:28 {"status":"ok","msg":"添加成功！202883"}
2021-07-06 03:39:28 下次操作: 2021-07-06 03:39:46

2021-07-06 03:39:46 开始第 6 次操作

2021-07-06 03:39:46 开始操作号码 【1716237】
2021-07-06 03:39:50 GSD getOne 第 1 次 等待 1 秒
2021-07-06 03:39:51 查询号码 【1716237】，返回信息 {"status":"bad","msg":""}
2021-07-06 03:39:51 查询号码 【1716237】，GSD为【""】
2021-07-06 03:39:51 bad
2021-07-06 03:39:52 CHB 1716237?1625513991 第 1 次 等待 1 秒
2021-07-06 03:39:53 CHB 1716237?1625513991 第 1 次 获取到号码【1716237】GSD
2021-07-06 03:39:53 获取到号码【1716237】的GSD为【重庆-重庆】
2021-07-06 03:40:13 GSD insert 第 1 次 等待 1 秒
2021-07-06 03:40:14 {"status":"ok","msg":"添加成功！202894"}
2021-07-06 03:40:14 下次操作: 2021-07-06 03:40:25

2021-07-06 03:40:25 开始第 7 次操作

2021-07-06 03:40:25 开始操作号码 【1716238】
2021-07-06 03:40:35 GSD getOne 第 1 次 等待 1 秒
2021-07-06 03:40:36 查询号码 【1716238】，返回信息 {"status":"bad","msg":""}
2021-07-06 03:40:37 查询号码 【1716238】，GSD为【""】
2021-07-06 03:40:37 bad
2021-07-06 03:40:38 CHB 1716238?1625514037 第 1 次 等待 1 秒
2021-07-06 03:40:39 CHB 1716238?1625514037 第 1 次 获取到号码【1716238】GSD
2021-07-06 03:40:39 获取到号码【1716238】的GSD为【重庆-重庆】
2021-07-06 03:40:58 GSD insert 第 1 次 等待 1 秒
2021-07-06 03:40:59 {"status":"ok","msg":"添加成功！202904"}
2021-07-06 03:40:59 下次操作: 2021-07-06 03:41:14

2021-07-06 03:41:14 开始第 8 次操作

2021-07-06 03:41:14 开始操作号码 【1716239】
2021-07-06 03:41:18 GSD getOne 第 1 次 等待 1 秒
2021-07-06 03:41:19 查询号码 【1716239】，返回信息 {"status":"bad","msg":""}
2021-07-06 03:41:19 查询号码 【1716239】，GSD为【""】
2021-07-06 03:41:19 bad
2021-07-06 03:41:21 CHB 1716239?1625514079 第 1 次 等待 1 秒
2021-07-06 03:41:22 CHB 1716239?1625514079 第 1 次 获取到号码【1716239】GSD
2021-07-06 03:41:22 获取到号码【1716239】的GSD为【重庆-重庆】
2021-07-06 03:41:41 GSD insert 第 1 次 等待 1 秒
2021-07-06 03:41:42 {"status":"ok","msg":"添加成功！202914"}
2021-07-06 03:41:42 下次操作: 2021-07-06 03:42:00

2021-07-06 03:42:00 开始第 9 次操作

2021-07-06 03:42:00 开始操作号码 【1716240】
2021-07-06 03:42:03 GSD getOne 第 1 次 等待 1 秒
2021-07-06 03:42:04 查询号码 【1716240】，返回信息 {"status":"bad","msg":""}
2021-07-06 03:42:05 查询号码 【1716240】，GSD为【""】
2021-07-06 03:42:05 bad
2021-07-06 03:42:06 CHB 1716240?1625514125 第 1 次 等待 1 秒
2021-07-06 03:42:07 CHB 1716240?1625514125 第 1 次 获取到号码【1716240】GSD
2021-07-06 03:42:07 获取到号码【1716240】的GSD为【辽宁-沈阳】
2021-07-06 03:42:26 GSD insert 第 1 次 等待 1 秒
2021-07-06 03:42:27 {"status":"ok","msg":"添加成功！202922"}
2021-07-06 03:42:27 下次操作: 2021-07-06 03:42:39

2021-07-06 03:42:39 开始第 10 次操作

2021-07-06 03:42:39 开始操作号码 【1716241】
2021-07-06 03:42:46 GSD getOne 第 1 次 等待 1 秒
2021-07-06 03:42:47 查询号码 【1716241】，返回信息 {"status":"bad","msg":""}
2021-07-06 03:42:47 查询号码 【1716241】，GSD为【""】
2021-07-06 03:42:47 bad
2021-07-06 03:42:49 CHB 1716241?1625514167 第 1 次 等待 1 秒
2021-07-06 03:42:50 CHB 1716241?1625514167 第 1 次 获取到号码【1716241】GSD
2021-07-06 03:42:50 获取到号码【1716241】的GSD为【辽宁-沈阳】
2021-07-06 03:43:09 GSD insert 第 1 次 等待 1 秒
2021-07-06 03:43:10 {"status":"ok","msg":"添加成功！202934"}
2021-07-06 03:43:10 下次操作: 2021-07-06 03:43:27

2021-07-06 03:43:27 开始第 11 次操作

2021-07-06 03:43:27 开始操作号码 【1716242】
2021-07-06 03:43:31 GSD getOne 第 1 次 等待 1 秒
2021-07-06 03:43:32 查询号码 【1716242】，返回信息 {"status":"bad","msg":""}
2021-07-06 03:43:32 查询号码 【1716242】，GSD为【""】
2021-07-06 03:43:32 bad
2021-07-06 03:43:33 CHB 1716242?1625514212 第 1 次 等待 1 秒
2021-07-06 03:43:34 CHB 1716242?1625514212 第 1 次 获取到号码【1716242】GSD
2021-07-06 03:43:34 获取到号码【1716242】的GSD为【辽宁-沈阳】
2021-07-06 03:43:53 GSD insert 第 1 次 等待 1 秒
2021-07-06 03:43:54 {"status":"ok","msg":"添加成功！202943"}
2021-07-06 03:43:54 下次操作: 2021-07-06 03:44:07

2021-07-06 03:44:07 开始第 12 次操作

2021-07-06 03:44:07 开始操作号码 【1716243】
2021-07-06 03:44:15 GSD getOne 第 1 次 等待 1 秒
2021-07-06 03:44:16 查询号码 【1716243】，返回信息 {"status":"bad","msg":""}
2021-07-06 03:44:16 查询号码 【1716243】，GSD为【""】
2021-07-06 03:44:16 bad
2021-07-06 03:44:17 CHB 1716243?1625514256 第 1 次 等待 1 秒
2021-07-06 03:44:18 CHB 1716243?1625514256 第 1 次 获取到号码【1716243】GSD
2021-07-06 03:44:18 获取到号码【1716243】的GSD为【辽宁-沈阳】
2021-07-06 03:44:37 GSD insert 第 1 次 等待 1 秒
2021-07-06 03:44:38 {"status":"ok","msg":"添加成功！202951"}
2021-07-06 03:44:38 下次操作: 2021-07-06 03:44:54

2021-07-06 03:44:54 开始第 13 次操作

2021-07-06 03:44:54 开始操作号码 【1716244】
2021-07-06 03:44:58 GSD getOne 第 1 次 等待 1 秒
2021-07-06 03:44:59 查询号码 【1716244】，返回信息 {"status":"bad","msg":""}
2021-07-06 03:44:59 查询号码 【1716244】，GSD为【""】
2021-07-06 03:44:59 bad
2021-07-06 03:45:01 CHB 1716244?1625514299 第 1 次 等待 1 秒
2021-07-06 03:45:02 CHB 1716244?1625514299 第 1 次 获取到号码【1716244】GSD
2021-07-06 03:45:02 获取到号码【1716244】的GSD为【辽宁-沈阳】
2021-07-06 03:45:21 GSD insert 第 1 次 等待 1 秒
2021-07-06 03:45:22 {"status":"ok","msg":"添加成功！202959"}
2021-07-06 03:45:22 下次操作: 2021-07-06 03:45:32

2021-07-06 03:45:32 开始第 14 次操作

2021-07-06 03:45:32 开始操作号码 【1716245】
2021-07-06 03:45:43 GSD getOne 第 1 次 等待 1 秒
2021-07-06 03:45:44 查询号码 【1716245】，返回信息 {"status":"bad","msg":""}
2021-07-06 03:45:44 查询号码 【1716245】，GSD为【""】
2021-07-06 03:45:44 bad
2021-07-06 03:45:45 CHB 1716245?1625514344 第 1 次 等待 1 秒
2021-07-06 03:45:46 CHB 1716245?1625514344 第 1 次 获取到号码【1716245】GSD
2021-07-06 03:45:46 获取到号码【1716245】的GSD为【辽宁-沈阳】
2021-07-06 03:46:05 GSD insert 第 1 次 等待 1 秒
2021-07-06 03:46:06 {"status":"ok","msg":"添加成功！202969"}
2021-07-06 03:46:06 下次操作: 2021-07-06 03:46:13

2021-07-06 03:46:13 开始第 15 次操作

2021-07-06 03:46:13 开始操作号码 【1716246】
2021-07-06 03:46:32 GSD getOne 第 1 次 等待 1 秒
2021-07-06 03:46:33 查询号码 【1716246】，返回信息 {"status":"bad","msg":""}
2021-07-06 03:46:33 查询号码 【1716246】，GSD为【""】
2021-07-06 03:46:33 bad
2021-07-06 03:46:35 CHB 1716246?1625514393 第 1 次 等待 1 秒
2021-07-06 03:46:36 CHB 1716246?1625514393 第 1 次 获取到号码【1716246】GSD
2021-07-06 03:46:36 获取到号码【1716246】的GSD为【辽宁-沈阳】
2021-07-06 03:46:56 GSD insert 第 1 次 等待 1 秒
2021-07-06 03:46:57 {"status":"ok","msg":"添加成功！202983"}
2021-07-06 03:46:57 下次操作: 2021-07-06 03:47:06

2021-07-06 03:47:06 开始第 16 次操作

2021-07-06 03:47:06 开始操作号码 【1716247】
2021-07-06 03:47:17 GSD getOne 第 1 次 等待 1 秒
2021-07-06 03:47:18 查询号码 【1716247】，返回信息 {"status":"bad","msg":""}
2021-07-06 03:47:18 查询号码 【1716247】，GSD为【""】
2021-07-06 03:47:18 bad
2021-07-06 03:47:19 CHB 1716247?1625514438 第 1 次 等待 1 秒
2021-07-06 03:47:20 CHB 1716247?1625514438 第 1 次 获取到号码【1716247】GSD
2021-07-06 03:47:20 获取到号码【1716247】的GSD为【辽宁-沈阳】
2021-07-06 03:47:40 GSD insert 第 1 次 等待 1 秒
2021-07-06 03:47:41 {"status":"ok","msg":"添加成功！202992"}
2021-07-06 03:47:41 下次操作: 2021-07-06 03:47:56

2021-07-06 03:47:56 开始第 17 次操作

2021-07-06 03:47:56 开始操作号码 【1716248】
2021-07-06 03:47:59 GSD getOne 第 1 次 等待 1 秒
2021-07-06 03:48:00 查询号码 【1716248】，返回信息 {"status":"bad","msg":""}
2021-07-06 03:48:00 查询号码 【1716248】，GSD为【""】
2021-07-06 03:48:00 bad
2021-07-06 03:48:02 CHB 1716248?1625514480 第 1 次 等待 1 秒
2021-07-06 03:48:03 CHB 1716248?1625514480 第 1 次 获取到号码【1716248】GSD
2021-07-06 03:48:03 获取到号码【1716248】的GSD为【辽宁-沈阳】
2021-07-06 03:48:22 GSD insert 第 1 次 等待 1 秒
2021-07-06 03:48:23 {"status":"ok","msg":"添加成功！203000"}
2021-07-06 03:48:23 下次操作: 2021-07-06 03:48:36

2021-07-06 03:48:36 开始第 18 次操作

2021-07-06 03:48:36 开始操作号码 【1716249】
2021-07-06 03:48:43 GSD getOne 第 1 次 等待 1 秒
2021-07-06 03:48:44 查询号码 【1716249】，返回信息 {"status":"bad","msg":""}
2021-07-06 03:48:44 查询号码 【1716249】，GSD为【""】
2021-07-06 03:48:44 bad
2021-07-06 03:48:50 CHB 1716249?1625514524 第 1 次 等待 1 秒
2021-07-06 03:48:51 CHB 1716249?1625514524 第 1 次 获取到号码【1716249】GSD
2021-07-06 03:48:51 获取到号码【1716249】的GSD为【辽宁-沈阳】
2021-07-06 03:49:10 GSD insert 第 1 次 等待 1 秒
2021-07-06 03:49:11 {"status":"ok","msg":"添加成功！203011"}
2021-07-06 03:49:11 下次操作: 2021-07-06 03:49:18

2021-07-06 03:49:18 开始第 19 次操作

2021-07-06 03:49:18 开始操作号码 【1716250】
2021-07-06 03:49:37 GSD getOne 第 1 次 等待 1 秒
2021-07-06 03:49:38 查询号码 【1716250】，返回信息 {"status":"bad","msg":""}
2021-07-06 03:49:38 查询号码 【1716250】，GSD为【""】
2021-07-06 03:49:38 bad
2021-07-06 03:49:39 CHB 1716250?1625514578 第 1 次 等待 1 秒
2021-07-06 03:49:40 CHB 1716250?1625514578 第 1 次 获取到号码【1716250】GSD
2021-07-06 03:49:41 获取到号码【1716250】的GSD为【辽宁-大连】
2021-07-06 03:50:00 GSD insert 第 1 次 等待 1 秒
2021-07-06 03:50:01 {"status":"ok","msg":"添加成功！203022"}
2021-07-06 03:50:01 下次操作: 2021-07-06 03:50:09

2021-07-06 03:50:09 开始第 20 次操作

2021-07-06 03:50:09 开始操作号码 【1716251】
2021-07-06 03:50:20 GSD getOne 第 1 次 等待 1 秒
2021-07-06 03:50:21 查询号码 【1716251】，返回信息 {"status":"bad","msg":""}
2021-07-06 03:50:21 查询号码 【1716251】，GSD为【""】
2021-07-06 03:50:21 bad
2021-07-06 03:50:22 CHB 1716251?1625514621 第 1 次 等待 1 秒
2021-07-06 03:50:23 CHB 1716251?1625514621 第 1 次 获取到号码【1716251】GSD
2021-07-06 03:50:23 获取到号码【1716251】的GSD为【辽宁-大连】
2021-07-06 03:50:42 GSD insert 第 1 次 等待 1 秒
2021-07-06 03:50:43 {"status":"ok","msg":"添加成功！203031"}
2021-07-06 03:50:43 下次操作: 2021-07-06 03:50:51

2021-07-06 03:50:51 开始第 21 次操作

2021-07-06 03:50:51 开始操作号码 【1716252】
2021-07-06 03:51:02 GSD getOne 第 1 次 等待 1 秒
2021-07-06 03:51:03 查询号码 【1716252】，返回信息 {"status":"bad","msg":""}
2021-07-06 03:51:04 查询号码 【1716252】，GSD为【""】
2021-07-06 03:51:04 bad
2021-07-06 03:51:08 CHB 1716252?1625514664 第 1 次 等待 1 秒
2021-07-06 03:51:09 CHB 1716252?1625514664 第 1 次 获取到号码【1716252】GSD
2021-07-06 03:51:09 获取到号码【1716252】的GSD为【辽宁-大连】
2021-07-06 03:51:29 GSD insert 第 1 次 等待 1 秒
2021-07-06 03:51:30 {"status":"ok","msg":"添加成功！203040"}
2021-07-06 03:51:30 下次操作: 2021-07-06 03:51:37

2021-07-06 03:51:37 开始第 22 次操作

2021-07-06 03:51:37 开始操作号码 【1716253】
2021-07-06 03:51:56 GSD getOne 第 1 次 等待 1 秒
2021-07-06 03:51:57 查询号码 【1716253】，返回信息 {"status":"bad","msg":""}
2021-07-06 03:51:57 查询号码 【1716253】，GSD为【""】
2021-07-06 03:51:57 bad
2021-07-06 03:51:58 CHB 1716253?1625514717 第 1 次 等待 1 秒
2021-07-06 03:51:59 CHB 1716253?1625514717 第 1 次 获取到号码【1716253】GSD
2021-07-06 03:51:59 获取到号码【1716253】的GSD为【辽宁-大连】
2021-07-06 03:52:18 GSD insert 第 1 次 等待 1 秒
2021-07-06 03:52:19 {"status":"ok","msg":"添加成功！203047"}
2021-07-06 03:52:19 下次操作: 2021-07-06 03:52:27

2021-07-06 03:52:27 开始第 23 次操作

2021-07-06 03:52:27 开始操作号码 【1716254】
2021-07-06 03:52:38 GSD getOne 第 1 次 等待 1 秒
2021-07-06 03:52:39 查询号码 【1716254】，返回信息 {"status":"bad","msg":""}
2021-07-06 03:52:39 查询号码 【1716254】，GSD为【""】
2021-07-06 03:52:39 bad
2021-07-06 03:52:41 CHB 1716254?1625514759 第 1 次 等待 1 秒
2021-07-06 03:52:42 CHB 1716254?1625514759 第 1 次 获取到号码【1716254】GSD
2021-07-06 03:52:42 获取到号码【1716254】的GSD为【辽宁-大连】
2021-07-06 03:53:01 GSD insert 第 1 次 等待 1 秒
2021-07-06 03:53:02 {"status":"ok","msg":"添加成功！203055"}
2021-07-06 03:53:02 下次操作: 2021-07-06 03:53:11

2021-07-06 03:53:11 开始第 24 次操作

2021-07-06 03:53:11 开始操作号码 【1716255】
2021-07-06 03:53:22 GSD getOne 第 1 次 等待 1 秒
2021-07-06 03:53:23 查询号码 【1716255】，返回信息 {"status":"bad","msg":""}
2021-07-06 03:53:23 查询号码 【1716255】，GSD为【""】
2021-07-06 03:53:23 bad
2021-07-06 03:53:24 CHB 1716255?1625514803 第 1 次 等待 1 秒
2021-07-06 03:53:25 CHB 1716255?1625514803 第 1 次 获取到号码【1716255】GSD
2021-07-06 03:53:25 获取到号码【1716255】的GSD为【辽宁-大连】
2021-07-06 03:53:44 GSD insert 第 1 次 等待 1 秒
2021-07-06 03:53:45 {"status":"ok","msg":"添加成功！203061"}
2021-07-06 03:53:45 下次操作: 2021-07-06 03:53:54

2021-07-06 03:53:54 开始第 25 次操作

2021-07-06 03:53:54 开始操作号码 【1716256】
2021-07-06 03:54:05 GSD getOne 第 1 次 等待 1 秒
2021-07-06 03:54:06 查询号码 【1716256】，返回信息 {"status":"bad","msg":""}
2021-07-06 03:54:07 查询号码 【1716256】，GSD为【""】
2021-07-06 03:54:07 bad
2021-07-06 03:54:08 CHB 1716256?1625514847 第 1 次 等待 1 秒
2021-07-06 03:54:09 CHB 1716256?1625514847 第 1 次 获取到号码【1716256】GSD
2021-07-06 03:54:09 获取到号码【1716256】的GSD为【辽宁-大连】
2021-07-06 03:54:28 GSD insert 第 1 次 等待 1 秒
2021-07-06 03:54:29 {"status":"ok","msg":"添加成功！203065"}
2021-07-06 03:54:29 下次操作: 2021-07-06 03:54:44

2021-07-06 03:54:44 开始第 26 次操作

2021-07-06 03:54:44 开始操作号码 【1716257】
2021-07-06 03:54:48 GSD getOne 第 1 次 等待 1 秒
2021-07-06 03:54:49 查询号码 【1716257】，返回信息 {"status":"bad","msg":""}
2021-07-06 03:54:49 查询号码 【1716257】，GSD为【""】
2021-07-06 03:54:49 bad
2021-07-06 03:54:50 CHB 1716257?1625514889 第 1 次 等待 1 秒
2021-07-06 03:54:51 CHB 1716257?1625514889 第 1 次 获取到号码【1716257】GSD
2021-07-06 03:54:51 获取到号码【1716257】的GSD为【辽宁-大连】
2021-07-06 03:55:10 GSD insert 第 1 次 等待 1 秒
2021-07-06 03:55:11 {"status":"ok","msg":"添加成功！203069"}
2021-07-06 03:55:11 下次操作: 2021-07-06 03:55:24

2021-07-06 03:55:24 开始第 27 次操作

2021-07-06 03:55:24 开始操作号码 【1716258】
2021-07-06 03:55:31 GSD getOne 第 1 次 等待 1 秒
2021-07-06 03:55:32 查询号码 【1716258】，返回信息 {"status":"bad","msg":""}
2021-07-06 03:55:32 查询号码 【1716258】，GSD为【""】
2021-07-06 03:55:32 bad
2021-07-06 03:55:34 CHB 1716258?1625514932 第 1 次 等待 1 秒
2021-07-06 03:55:35 CHB 1716258?1625514932 第 1 次 获取到号码【1716258】GSD
2021-07-06 03:55:35 获取到号码【1716258】的GSD为【辽宁-大连】
2021-07-06 03:55:54 GSD insert 第 1 次 等待 1 秒
2021-07-06 03:55:55 {"status":"ok","msg":"添加成功！203076"}
2021-07-06 03:55:55 下次操作: 2021-07-06 03:56:10

2021-07-06 03:56:10 开始第 28 次操作

2021-07-06 03:56:10 开始操作号码 【1716259】
2021-07-06 03:56:15 GSD getOne 第 1 次 等待 1 秒
2021-07-06 03:56:16 查询号码 【1716259】，返回信息 {"status":"bad","msg":""}
2021-07-06 03:56:16 查询号码 【1716259】，GSD为【""】
2021-07-06 03:56:16 bad
2021-07-06 03:56:17 CHB 1716259?1625514976 第 1 次 等待 1 秒
2021-07-06 03:56:18 CHB 1716259?1625514976 第 1 次 获取到号码【1716259】GSD
2021-07-06 03:56:18 获取到号码【1716259】的GSD为【辽宁-大连】
2021-07-06 03:56:37 GSD insert 第 1 次 等待 1 秒
2021-07-06 03:56:38 {"status":"ok","msg":"添加成功！203082"}
2021-07-06 03:56:38 下次操作: 2021-07-06 03:56:54

2021-07-06 03:56:54 开始第 29 次操作

2021-07-06 03:56:54 开始操作号码 【1716260】
2021-07-06 03:56:58 GSD getOne 第 1 次 等待 1 秒
2021-07-06 03:56:59 查询号码 【1716260】，返回信息 {"status":"bad","msg":""}
2021-07-06 03:56:59 查询号码 【1716260】，GSD为【""】
2021-07-06 03:56:59 bad
2021-07-06 03:57:01 CHB 1716260?1625515019 第 1 次 等待 1 秒
2021-07-06 03:57:02 CHB 1716260?1625515019 第 1 次 获取到号码【1716260】GSD
2021-07-06 03:57:02 获取到号码【1716260】的GSD为【福建-泉州】
2021-07-06 03:57:21 GSD insert 第 1 次 等待 1 秒
2021-07-06 03:57:22 {"status":"ok","msg":"添加成功！203088"}
2021-07-06 03:57:22 下次操作: 2021-07-06 03:57:35

2021-07-06 03:57:35 开始第 30 次操作

2021-07-06 03:57:35 开始操作号码 【1716261】
2021-07-06 03:57:42 GSD getOne 第 1 次 等待 1 秒
2021-07-06 03:57:43 查询号码 【1716261】，返回信息 {"status":"bad","msg":""}
2021-07-06 03:57:43 查询号码 【1716261】，GSD为【""】
2021-07-06 03:57:43 bad
2021-07-06 03:57:44 CHB 1716261?1625515063 第 1 次 等待 1 秒
2021-07-06 03:57:45 CHB 1716261?1625515063 第 1 次 获取到号码【1716261】GSD
2021-07-06 03:57:45 获取到号码【1716261】的GSD为【福建-泉州】
2021-07-06 03:58:05 GSD insert 第 1 次 等待 1 秒
2021-07-06 03:58:06 {"status":"ok","msg":"添加成功！203094"}

2021-07-06 04:39:56 开始第 1 次操作

2021-07-06 04:39:56 开始操作号码 【1716262】
2021-07-06 04:40:00 GSD getOne 第 1 次 等待 1 秒
2021-07-06 04:40:01 查询号码 【1716262】，返回信息 {"status":"bad","msg":""}
2021-07-06 04:40:01 查询号码 【1716262】，GSD为【""】
2021-07-06 04:40:01 bad
2021-07-06 04:40:02 CHB 1716262?1625517601 第 1 次 等待 1 秒
2021-07-06 04:40:03 CHB 1716262?1625517601 第 1 次 获取到号码【1716262】GSD
2021-07-06 04:40:03 获取到号码【1716262】的GSD为【福建-福州】
2021-07-06 04:40:22 GSD insert 第 1 次 等待 1 秒
2021-07-06 04:40:23 {"status":"ok","msg":"添加成功！203194"}
2021-07-06 04:40:23 下次操作: 2021-07-06 04:40:31

2021-07-06 04:40:31 开始第 2 次操作

2021-07-06 04:40:31 开始操作号码 【1716263】
2021-07-06 04:40:42 GSD getOne 第 1 次 等待 1 秒
2021-07-06 04:40:43 查询号码 【1716263】，返回信息 {"status":"bad","msg":""}
2021-07-06 04:40:43 查询号码 【1716263】，GSD为【""】
2021-07-06 04:40:43 bad
2021-07-06 04:40:44 CHB 1716263?1625517643 第 1 次 等待 1 秒
2021-07-06 04:40:45 CHB 1716263?1625517643 第 1 次 获取到号码【1716263】GSD
2021-07-06 04:40:45 获取到号码【1716263】的GSD为【福建-莆田】
2021-07-06 04:41:04 GSD insert 第 1 次 等待 1 秒
2021-07-06 04:41:05 {"status":"ok","msg":"添加成功！203205"}
2021-07-06 04:41:05 下次操作: 2021-07-06 04:41:11

2021-07-06 04:41:11 开始第 3 次操作

2021-07-06 04:41:11 开始操作号码 【1716264】
2021-07-06 04:41:31 GSD getOne 第 1 次 等待 1 秒
2021-07-06 04:41:32 查询号码 【1716264】，返回信息 {"status":"bad","msg":""}
2021-07-06 04:41:32 查询号码 【1716264】，GSD为【""】
2021-07-06 04:41:32 bad
2021-07-06 04:41:34 CHB 1716264?1625517692 第 1 次 等待 1 秒
2021-07-06 04:41:35 CHB 1716264?1625517692 第 1 次 获取到号码【1716264】GSD
2021-07-06 04:41:35 获取到号码【1716264】的GSD为【福建-龙岩】
2021-07-06 04:41:54 GSD insert 第 1 次 等待 1 秒
2021-07-06 04:41:55 {"status":"ok","msg":"添加成功！203218"}
2021-07-06 04:41:55 下次操作: 2021-07-06 04:42:07

2021-07-06 04:42:07 开始第 4 次操作

2021-07-06 04:42:07 开始操作号码 【1716265】
2021-07-06 04:42:14 GSD getOne 第 1 次 等待 1 秒
2021-07-06 04:42:15 查询号码 【1716265】，返回信息 {"status":"bad","msg":""}
2021-07-06 04:42:15 查询号码 【1716265】，GSD为【""】
2021-07-06 04:42:15 bad
2021-07-06 04:42:16 CHB 1716265?1625517735 第 1 次 等待 1 秒
2021-07-06 04:42:17 CHB 1716265?1625517735 第 1 次 获取到号码【1716265】GSD
2021-07-06 04:42:17 获取到号码【1716265】的GSD为【福建-莆田】
2021-07-06 04:42:36 GSD insert 第 1 次 等待 1 秒
2021-07-06 04:42:37 {"status":"ok","msg":"添加成功！203231"}
2021-07-06 04:42:37 下次操作: 2021-07-06 04:42:48

2021-07-06 04:42:48 开始第 5 次操作

2021-07-06 04:42:48 开始操作号码 【1716266】
2021-07-06 04:42:59 GSD getOne 第 1 次 等待 1 秒
2021-07-06 04:43:00 查询号码 【1716266】，返回信息 {"status":"bad","msg":""}
2021-07-06 04:43:00 查询号码 【1716266】，GSD为【""】
2021-07-06 04:43:00 bad
2021-07-06 04:43:05 CHB 1716266?1625517780 第 1 次 等待 1 秒
2021-07-06 04:43:06 CHB 1716266?1625517780 第 1 次 获取到号码【1716266】GSD
2021-07-06 04:43:06 获取到号码【1716266】的GSD为【福建-厦门】
2021-07-06 04:43:26 GSD insert 第 1 次 等待 1 秒
2021-07-06 04:43:27 {"status":"ok","msg":"添加成功！203243"}
2021-07-06 04:43:27 下次操作: 2021-07-06 04:43:35

2021-07-06 04:43:35 开始第 6 次操作

2021-07-06 04:43:35 开始操作号码 【1716267】
2021-07-06 04:43:45 GSD getOne 第 1 次 等待 1 秒
2021-07-06 04:43:46 查询号码 【1716267】，返回信息 {"status":"bad","msg":""}
2021-07-06 04:43:47 查询号码 【1716267】，GSD为【""】
2021-07-06 04:43:47 bad
2021-07-06 04:43:48 CHB 1716267?1625517827 第 1 次 等待 1 秒
2021-07-06 04:43:49 CHB 1716267?1625517827 第 1 次 获取到号码【1716267】GSD
2021-07-06 04:43:49 获取到号码【1716267】的GSD为【福建-莆田】
2021-07-06 04:44:08 GSD insert 第 1 次 等待 1 秒
2021-07-06 04:44:09 {"status":"ok","msg":"添加成功！203252"}
2021-07-06 04:44:09 下次操作: 2021-07-06 04:44:27

2021-07-06 04:44:27 开始第 7 次操作

2021-07-06 04:44:27 开始操作号码 【1716268】
2021-07-06 04:44:31 GSD getOne 第 1 次 等待 1 秒
2021-07-06 04:44:32 查询号码 【1716268】，返回信息 {"status":"bad","msg":""}
2021-07-06 04:44:32 查询号码 【1716268】，GSD为【""】
2021-07-06 04:44:32 bad
2021-07-06 04:44:33 CHB 1716268?1625517872 第 1 次 等待 1 秒
2021-07-06 04:44:34 CHB 1716268?1625517872 第 1 次 获取到号码【1716268】GSD
2021-07-06 04:44:34 获取到号码【1716268】的GSD为【福建-莆田】
2021-07-06 04:44:54 GSD insert 第 1 次 等待 1 秒
2021-07-06 04:44:55 {"status":"ok","msg":"添加成功！203265"}
2021-07-06 04:44:55 下次操作: 2021-07-06 04:45:05

2021-07-06 04:45:05 开始第 8 次操作

2021-07-06 04:45:05 开始操作号码 【1716269】
2021-07-06 04:45:16 GSD getOne 第 1 次 等待 1 秒
2021-07-06 04:45:17 查询号码 【1716269】，返回信息 {"status":"bad","msg":""}
2021-07-06 04:45:17 查询号码 【1716269】，GSD为【""】
2021-07-06 04:45:17 bad
2021-07-06 04:45:18 CHB 1716269?1625517917 第 1 次 等待 1 秒
2021-07-06 04:45:19 CHB 1716269?1625517917 第 1 次 获取到号码【1716269】GSD
2021-07-06 04:45:19 未获取到号码【1716269】GSD，查号吧 400 错误
2021-07-06 04:45:19 获取到号码【1716269】的GSD为【-】
2021-07-06 04:45:38 GSD insert 第 1 次 等待 1 秒
2021-07-06 04:45:39 {"status":"ok","msg":"添加成功！203277"}
2021-07-06 04:45:39 下次操作: 2021-07-06 04:45:45

2021-07-06 04:45:45 开始第 9 次操作

2021-07-06 04:45:45 开始操作号码 【1716270】
2021-07-06 04:46:04 GSD getOne 第 1 次 等待 1 秒
2021-07-06 04:46:05 查询号码 【1716270】，返回信息 {"status":"bad","msg":""}
2021-07-06 04:46:05 查询号码 【1716270】，GSD为【""】
2021-07-06 04:46:05 bad
2021-07-06 04:46:07 CHB 1716270?1625517965 第 1 次 等待 1 秒
2021-07-06 04:46:08 CHB 1716270?1625517965 第 1 次 获取到号码【1716270】GSD
2021-07-06 04:46:08 获取到号码【1716270】的GSD为【湖北-武汉】
2021-07-06 04:46:26 GSD insert 第 1 次 等待 1 秒
2021-07-06 04:46:27 {"status":"ok","msg":"添加成功！203288"}
2021-07-06 04:46:27 下次操作: 2021-07-06 04:46:35

2021-07-06 04:46:36 开始第 10 次操作

2021-07-06 04:46:36 开始操作号码 【1716271】
2021-07-06 04:46:47 GSD getOne 第 1 次 等待 1 秒
2021-07-06 04:46:48 查询号码 【1716271】，返回信息 {"status":"bad","msg":""}
2021-07-06 04:46:48 查询号码 【1716271】，GSD为【""】
2021-07-06 04:46:48 bad
2021-07-06 04:46:53 CHB 1716271?1625518008 第 1 次 等待 1 秒
2021-07-06 04:46:54 CHB 1716271?1625518008 第 1 次 获取到号码【1716271】GSD
2021-07-06 04:46:54 获取到号码【1716271】的GSD为【湖北-武汉】
2021-07-06 04:47:13 GSD insert 第 1 次 等待 1 秒
2021-07-06 04:47:14 {"status":"ok","msg":"添加成功！203298"}
2021-07-06 04:47:14 下次操作: 2021-07-06 04:47:25

2021-07-06 04:47:25 开始第 11 次操作

2021-07-06 04:47:25 开始操作号码 【1716272】
2021-07-06 04:47:36 GSD getOne 第 1 次 等待 1 秒
2021-07-06 04:47:37 查询号码 【1716272】，返回信息 {"status":"bad","msg":""}
2021-07-06 04:47:37 查询号码 【1716272】，GSD为【""】
2021-07-06 04:47:37 bad
2021-07-06 04:47:38 CHB 1716272?1625518057 第 1 次 等待 1 秒
2021-07-06 04:47:39 CHB 1716272?1625518057 第 1 次 获取到号码【1716272】GSD
2021-07-06 04:47:39 获取到号码【1716272】的GSD为【湖北-武汉】
2021-07-06 04:47:58 GSD insert 第 1 次 等待 1 秒
2021-07-06 04:47:59 {"status":"ok","msg":"添加成功！203308"}
2021-07-06 04:47:59 下次操作: 2021-07-06 04:48:07

2021-07-06 04:48:07 开始第 12 次操作

2021-07-06 04:48:07 开始操作号码 【1716273】
2021-07-06 04:48:18 GSD getOne 第 1 次 等待 1 秒
2021-07-06 04:48:19 查询号码 【1716273】，返回信息 {"status":"bad","msg":""}
2021-07-06 04:48:19 查询号码 【1716273】，GSD为【""】
2021-07-06 04:48:19 bad
2021-07-06 04:48:21 CHB 1716273?1625518099 第 1 次 等待 1 秒
2021-07-06 04:48:22 CHB 1716273?1625518099 第 1 次 获取到号码【1716273】GSD
2021-07-06 04:48:22 获取到号码【1716273】的GSD为【湖北-武汉】
2021-07-06 04:48:41 GSD insert 第 1 次 等待 1 秒
2021-07-06 04:48:42 {"status":"ok","msg":"添加成功！203320"}
2021-07-06 04:48:42 下次操作: 2021-07-06 04:48:52

2021-07-06 04:48:52 开始第 13 次操作

2021-07-06 04:48:52 开始操作号码 【1716274】
2021-07-06 04:49:03 GSD getOne 第 1 次 等待 1 秒
2021-07-06 04:49:04 查询号码 【1716274】，返回信息 {"status":"bad","msg":""}
2021-07-06 04:49:04 查询号码 【1716274】，GSD为【""】
2021-07-06 04:49:04 bad
2021-07-06 04:49:09 CHB 1716274?1625518144 第 1 次 等待 1 秒
2021-07-06 04:49:10 CHB 1716274?1625518144 第 1 次 获取到号码【1716274】GSD
2021-07-06 04:49:10 获取到号码【1716274】的GSD为【湖北-武汉】
2021-07-06 04:49:29 GSD insert 第 1 次 等待 1 秒
2021-07-06 04:49:30 {"status":"ok","msg":"添加成功！203334"}
2021-07-06 04:49:30 下次操作: 2021-07-06 04:49:43

2021-07-06 04:49:43 开始第 14 次操作

2021-07-06 04:49:43 开始操作号码 【1716275】
2021-07-06 04:49:50 GSD getOne 第 1 次 等待 1 秒
2021-07-06 04:49:51 查询号码 【1716275】，返回信息 {"status":"bad","msg":""}
2021-07-06 04:49:51 查询号码 【1716275】，GSD为【""】
2021-07-06 04:49:51 bad
2021-07-06 04:49:53 CHB 1716275?1625518191 第 1 次 等待 1 秒
2021-07-06 04:49:54 CHB 1716275?1625518191 第 1 次 获取到号码【1716275】GSD
2021-07-06 04:49:54 获取到号码【1716275】的GSD为【湖北-武汉】
2021-07-06 04:50:13 GSD insert 第 1 次 等待 1 秒
2021-07-06 04:50:14 {"status":"ok","msg":"添加成功！203345"}
2021-07-06 04:50:14 下次操作: 2021-07-06 04:50:21

2021-07-06 04:50:21 开始第 15 次操作

2021-07-06 04:50:21 开始操作号码 【1716276】
2021-07-06 04:50:40 GSD getOne 第 1 次 等待 1 秒
2021-07-06 04:50:41 查询号码 【1716276】，返回信息 {"status":"bad","msg":""}
2021-07-06 04:50:41 查询号码 【1716276】，GSD为【""】
2021-07-06 04:50:41 bad
2021-07-06 04:50:43 CHB 1716276?1625518241 第 1 次 等待 1 秒
2021-07-06 04:50:44 CHB 1716276?1625518241 第 1 次 获取到号码【1716276】GSD
2021-07-06 04:50:44 获取到号码【1716276】的GSD为【湖北-武汉】
2021-07-06 04:51:03 GSD insert 第 1 次 等待 1 秒
2021-07-06 04:51:04 {"status":"ok","msg":"添加成功！203356"}
2021-07-06 04:51:04 下次操作: 2021-07-06 04:51:17

2021-07-06 04:51:17 开始第 16 次操作

2021-07-06 04:51:17 开始操作号码 【1716277】
2021-07-06 04:51:23 GSD getOne 第 1 次 等待 1 秒
2021-07-06 04:51:24 查询号码 【1716277】，返回信息 {"status":"bad","msg":""}
2021-07-06 04:51:24 查询号码 【1716277】，GSD为【""】
2021-07-06 04:51:24 bad
2021-07-06 04:51:26 CHB 1716277?1625518284 第 1 次 等待 1 秒
2021-07-06 04:51:27 CHB 1716277?1625518284 第 1 次 获取到号码【1716277】GSD
2021-07-06 04:51:27 获取到号码【1716277】的GSD为【湖北-武汉】
2021-07-06 04:51:46 GSD insert 第 1 次 等待 1 秒
2021-07-06 04:51:47 {"status":"ok","msg":"添加成功！203366"}
2021-07-06 04:51:47 下次操作: 2021-07-06 04:51:56

2021-07-06 04:51:56 开始第 17 次操作

2021-07-06 04:51:56 开始操作号码 【1716278】
2021-07-06 04:52:07 GSD getOne 第 1 次 等待 1 秒
2021-07-06 04:52:08 查询号码 【1716278】，返回信息 {"status":"bad","msg":""}
2021-07-06 04:52:08 查询号码 【1716278】，GSD为【""】
2021-07-06 04:52:08 bad
2021-07-06 04:52:09 CHB 1716278?1625518328 第 1 次 等待 1 秒
2021-07-06 04:52:10 CHB 1716278?1625518328 第 1 次 获取到号码【1716278】GSD
2021-07-06 04:52:10 获取到号码【1716278】的GSD为【湖北-武汉】
2021-07-06 04:52:29 GSD insert 第 1 次 等待 1 秒
2021-07-06 04:52:30 {"status":"ok","msg":"添加成功！203375"}
2021-07-06 04:52:30 下次操作: 2021-07-06 04:52:48

2021-07-06 04:52:48 开始第 18 次操作

2021-07-06 04:52:48 开始操作号码 【1716279】
2021-07-06 04:52:52 GSD getOne 第 1 次 等待 1 秒
2021-07-06 04:52:53 查询号码 【1716279】，返回信息 {"status":"bad","msg":""}
2021-07-06 04:52:53 查询号码 【1716279】，GSD为【""】
2021-07-06 04:52:53 bad
2021-07-06 04:52:55 CHB 1716279?1625518373 第 1 次 等待 1 秒
2021-07-06 04:52:56 CHB 1716279?1625518373 第 1 次 获取到号码【1716279】GSD
2021-07-06 04:52:56 获取到号码【1716279】的GSD为【湖北-武汉】
2021-07-06 04:53:15 GSD insert 第 1 次 等待 1 秒
2021-07-06 04:53:16 {"status":"ok","msg":"添加成功！203383"}
2021-07-06 04:53:16 下次操作: 2021-07-06 04:53:23

2021-07-06 04:53:23 开始第 19 次操作

2021-07-06 04:53:23 开始操作号码 【1716280】
2021-07-06 04:53:42 GSD getOne 第 1 次 等待 1 秒
2021-07-06 04:53:43 查询号码 【1716280】，返回信息 {"status":"bad","msg":""}
2021-07-06 04:53:43 查询号码 【1716280】，GSD为【""】
2021-07-06 04:53:43 bad
2021-07-06 04:53:44 CHB 1716280?1625518423 第 1 次 等待 1 秒
2021-07-06 04:53:45 CHB 1716280?1625518423 第 1 次 获取到号码【1716280】GSD
2021-07-06 04:53:45 获取到号码【1716280】的GSD为【四川-成都】
2021-07-06 04:54:04 GSD insert 第 1 次 等待 1 秒
2021-07-06 04:54:05 {"status":"ok","msg":"添加成功！203391"}
2021-07-06 04:54:06 下次操作: 2021-07-06 04:54:14

2021-07-06 04:54:15 开始第 20 次操作

2021-07-06 04:54:15 开始操作号码 【1716281】
2021-07-06 04:54:25 GSD getOne 第 1 次 等待 1 秒
2021-07-06 04:54:26 查询号码 【1716281】，返回信息 {"status":"bad","msg":""}
2021-07-06 04:54:26 查询号码 【1716281】，GSD为【""】
2021-07-06 04:54:26 bad
2021-07-06 04:54:28 CHB 1716281?1625518466 第 1 次 等待 1 秒
2021-07-06 04:54:29 CHB 1716281?1625518466 第 1 次 获取到号码【1716281】GSD
2021-07-06 04:54:29 获取到号码【1716281】的GSD为【四川-成都】
2021-07-06 04:54:48 GSD insert 第 1 次 等待 1 秒
2021-07-06 04:54:49 {"status":"ok","msg":"添加成功！203396"}
2021-07-06 04:54:49 下次操作: 2021-07-06 04:55:06

2021-07-06 04:55:06 开始第 21 次操作

2021-07-06 04:55:06 开始操作号码 【1716282】
2021-07-06 04:55:10 GSD getOne 第 1 次 等待 1 秒
2021-07-06 04:55:11 查询号码 【1716282】，返回信息 {"status":"bad","msg":""}
2021-07-06 04:55:11 查询号码 【1716282】，GSD为【""】
2021-07-06 04:55:11 bad
2021-07-06 04:55:12 CHB 1716282?1625518511 第 1 次 等待 1 秒
2021-07-06 04:55:13 CHB 1716282?1625518511 第 1 次 获取到号码【1716282】GSD
2021-07-06 04:55:13 未获取到号码【1716282】GSD，查号吧 400 错误
2021-07-06 04:55:13 获取到号码【1716282】的GSD为【-】
2021-07-06 04:55:32 GSD insert 第 1 次 等待 1 秒
2021-07-06 04:55:33 {"status":"ok","msg":"添加成功！203401"}
2021-07-06 04:55:33 下次操作: 2021-07-06 04:55:45

2021-07-06 04:55:45 开始第 22 次操作

2021-07-06 04:55:45 开始操作号码 【1716283】
2021-07-06 04:55:51 GSD getOne 第 1 次 等待 1 秒
2021-07-06 04:55:52 查询号码 【1716283】，返回信息 {"status":"bad","msg":""}
2021-07-06 04:55:53 查询号码 【1716283】，GSD为【""】
2021-07-06 04:55:53 bad
2021-07-06 04:55:58 CHB 1716283?1625518553 第 1 次 等待 1 秒
2021-07-06 04:55:59 CHB 1716283?1625518553 第 1 次 获取到号码【1716283】GSD
2021-07-06 04:55:59 获取到号码【1716283】的GSD为【四川-成都】
2021-07-06 04:56:18 GSD insert 第 1 次 等待 1 秒
2021-07-06 04:56:19 {"status":"ok","msg":"添加成功！203407"}
2021-07-06 04:56:19 下次操作: 2021-07-06 04:56:33

2021-07-06 04:56:33 开始第 23 次操作

2021-07-06 04:56:33 开始操作号码 【1716284】
2021-07-06 04:56:38 GSD getOne 第 1 次 等待 1 秒
2021-07-06 04:56:39 查询号码 【1716284】，返回信息 {"status":"bad","msg":""}
2021-07-06 04:56:39 查询号码 【1716284】，GSD为【""】
2021-07-06 04:56:39 bad
2021-07-06 04:56:40 CHB 1716284?1625518599 第 1 次 等待 1 秒
2021-07-06 04:56:41 CHB 1716284?1625518599 第 1 次 获取到号码【1716284】GSD
2021-07-06 04:56:41 获取到号码【1716284】的GSD为【四川-成都】
2021-07-06 04:57:00 GSD insert 第 1 次 等待 1 秒
2021-07-06 04:57:01 {"status":"ok","msg":"添加成功！203413"}
2021-07-06 04:57:01 下次操作: 2021-07-06 04:57:13

2021-07-06 04:57:13 开始第 24 次操作

2021-07-06 04:57:13 开始操作号码 【1716285】
2021-07-06 04:57:20 GSD getOne 第 1 次 等待 1 秒
2021-07-06 04:57:21 查询号码 【1716285】，返回信息 {"status":"bad","msg":""}
2021-07-06 04:57:21 查询号码 【1716285】，GSD为【""】
2021-07-06 04:57:21 bad
2021-07-06 04:57:23 CHB 1716285?1625518641 第 1 次 等待 1 秒
2021-07-06 04:57:24 CHB 1716285?1625518641 第 1 次 获取到号码【1716285】GSD
2021-07-06 04:57:24 获取到号码【1716285】的GSD为【四川-成都】
2021-07-06 04:58:41 GSD insert 第 1 次 等待 1 秒
2021-07-06 04:58:42 {"status":"ok","msg":"添加成功！203424"}
2021-07-06 04:58:42 下次操作: 2021-07-06 04:58:52

2021-07-06 04:58:52 开始第 25 次操作

2021-07-06 04:58:52 开始操作号码 【1716286】
2021-07-06 04:59:05 GSD getOne 第 1 次 等待 1 秒
2021-07-06 04:59:06 查询号码 【1716286】，返回信息 {"status":"bad","msg":""}
2021-07-06 04:59:06 查询号码 【1716286】，GSD为【""】
2021-07-06 04:59:06 bad
2021-07-06 04:59:09 CHB 1716286?1625518746 第 1 次 等待 1 秒
2021-07-06 04:59:10 CHB 1716286?1625518746 第 1 次 获取到号码【1716286】GSD
2021-07-06 04:59:10 获取到号码【1716286】的GSD为【四川-成都】
2021-07-06 04:59:31 GSD insert 第 1 次 等待 1 秒
2021-07-06 04:59:32 {"status":"ok","msg":"添加成功！203427"}
2021-07-06 04:59:32 下次操作: 2021-07-06 04:59:48

2021-07-06 04:59:48 开始第 26 次操作

2021-07-06 04:59:48 开始操作号码 【1716287】
2021-07-06 04:59:53 GSD getOne 第 1 次 等待 1 秒
2021-07-06 04:59:54 查询号码 【1716287】，返回信息 {"status":"bad","msg":""}
2021-07-06 04:59:54 查询号码 【1716287】，GSD为【""】
2021-07-06 04:59:54 bad
2021-07-06 05:00:00 CHB 1716287?1625518794 第 1 次 等待 1 秒
2021-07-06 05:00:01 CHB 1716287?1625518794 第 1 次 获取到号码【1716287】GSD
2021-07-06 05:00:01 获取到号码【1716287】的GSD为【四川-成都】
2021-07-06 05:00:20 GSD insert 第 1 次 等待 1 秒
2021-07-06 05:00:21 {"status":"ok","msg":"添加成功！203431"}
2021-07-06 05:00:21 下次操作: 2021-07-06 05:00:27

2021-07-06 05:00:27 开始第 27 次操作

2021-07-06 05:00:27 开始操作号码 【1716288】
2021-07-06 05:00:46 GSD getOne 第 1 次 等待 1 秒
2021-07-06 05:00:47 查询号码 【1716288】，返回信息 {"status":"bad","msg":""}
2021-07-06 05:00:47 查询号码 【1716288】，GSD为【""】
2021-07-06 05:00:47 bad
2021-07-06 05:00:49 CHB 1716288?1625518847 第 1 次 等待 1 秒
2021-07-06 05:00:50 CHB 1716288?1625518847 第 1 次 获取到号码【1716288】GSD
2021-07-06 05:00:50 获取到号码【1716288】的GSD为【四川-成都】
2021-07-06 05:01:09 GSD insert 第 1 次 等待 1 秒
2021-07-06 05:01:10 {"status":"ok","msg":"添加成功！203435"}
2021-07-06 05:01:10 下次操作: 2021-07-06 05:01:17

2021-07-06 05:01:17 开始第 28 次操作

2021-07-06 05:01:17 开始操作号码 【1716289】
2021-07-06 05:01:36 GSD getOne 第 1 次 等待 1 秒
2021-07-06 05:01:37 查询号码 【1716289】，返回信息 {"status":"bad","msg":""}
2021-07-06 05:01:37 查询号码 【1716289】，GSD为【""】
2021-07-06 05:01:37 bad
2021-07-06 05:01:38 CHB 1716289?1625518897 第 1 次 等待 1 秒
2021-07-06 05:01:39 CHB 1716289?1625518897 第 1 次 获取到号码【1716289】GSD
2021-07-06 05:01:39 获取到号码【1716289】的GSD为【四川-成都】
2021-07-06 05:01:58 GSD insert 第 1 次 等待 1 秒
2021-07-06 05:01:59 {"status":"ok","msg":"添加成功！203439"}
2021-07-06 05:01:59 下次操作: 2021-07-06 05:02:15

2021-07-06 05:02:15 开始第 29 次操作

2021-07-06 05:02:15 开始操作号码 【1716290】
2021-07-06 05:02:19 GSD getOne 第 1 次 等待 1 秒
2021-07-06 05:02:20 查询号码 【1716290】，返回信息 {"status":"bad","msg":""}
2021-07-06 05:02:20 查询号码 【1716290】，GSD为【""】
2021-07-06 05:02:20 bad
2021-07-06 05:02:26 CHB 1716290?1625518940 第 1 次 等待 1 秒
2021-07-06 05:02:27 CHB 1716290?1625518940 第 1 次 获取到号码【1716290】GSD
2021-07-06 05:02:27 获取到号码【1716290】的GSD为【江西-上饶】
2021-07-06 05:02:46 GSD insert 第 1 次 等待 1 秒
2021-07-06 05:02:47 {"status":"ok","msg":"添加成功！203443"}
2021-07-06 05:02:47 下次操作: 2021-07-06 05:03:05

2021-07-06 05:03:05 开始第 30 次操作

2021-07-06 05:03:05 开始操作号码 【1716291】
2021-07-06 05:03:09 GSD getOne 第 1 次 等待 1 秒
2021-07-06 05:03:10 查询号码 【1716291】，返回信息 {"status":"bad","msg":""}
2021-07-06 05:03:10 查询号码 【1716291】，GSD为【""】
2021-07-06 05:03:10 bad
2021-07-06 05:03:12 CHB 1716291?1625518990 第 1 次 等待 1 秒
2021-07-06 05:03:13 CHB 1716291?1625518990 第 1 次 获取到号码【1716291】GSD
2021-07-06 05:03:13 获取到号码【1716291】的GSD为【江西-宜春】
2021-07-06 05:03:32 GSD insert 第 1 次 等待 1 秒
2021-07-06 05:03:33 {"status":"ok","msg":"添加成功！203446"}

