2024-09-22 00:23:53 开始第 5797 次操作

2024-09-22 00:23:53 开始操作号码 【1355796】
2024-09-22 00:23:56 GSD getOne 第 1 次 等待 3 秒
2024-09-22 00:23:59 查询号码 【1355796】，返回信息 {"status":"ok","msg":"广西-玉林","gid":"228995","time_insert":"2021-07-09 06:53"}
2024-09-22 00:23:59 查询号码 【1355796】，GSD为【"广西-玉林"】

2024-09-22 00:24:00 开始第 5798 次操作

2024-09-22 00:24:00 开始操作号码 【1355797】
2024-09-22 00:24:02 GSD getOne 第 1 次 等待 3 秒
2024-09-22 00:24:05 查询号码 【1355797】，返回信息 {"status":"ok","msg":"广西-南宁","gid":"229097","time_insert":"2021-07-09 07:04"}
2024-09-22 00:24:06 查询号码 【1355797】，GSD为【"广西-南宁"】

2024-09-22 00:24:07 开始第 5799 次操作

2024-09-22 00:24:07 开始操作号码 【1355798】
2024-09-22 00:24:09 GSD getOne 第 1 次 等待 3 秒
2024-09-22 00:24:12 查询号码 【1355798】，返回信息 {"status":"ok","msg":"广西-南宁","gid":"229127","time_insert":"2021-07-09 07:19"}
2024-09-22 00:24:12 查询号码 【1355798】，GSD为【"广西-南宁"】

2024-09-22 00:24:13 开始第 5800 次操作

2024-09-22 00:24:13 开始操作号码 【1355799】
2024-09-22 00:24:15 GSD getOne 第 1 次 等待 3 秒
2024-09-22 00:24:18 查询号码 【1355799】，返回信息 {"status":"ok","msg":"广西-南宁","gid":"229150","time_insert":"2021-07-09 07:31"}
2024-09-22 00:24:18 查询号码 【1355799】，GSD为【"广西-南宁"】

2024-09-22 00:42:57 开始第 5801 次操作

2024-09-22 00:42:57 开始操作号码 【1355800】
2024-09-22 00:42:59 GSD getOne 第 1 次 等待 3 秒
2024-09-22 00:43:02 查询号码 【1355800】，返回信息 {"status":"ok","msg":"广西-防城港","gid":"229214","time_insert":"2021-07-09 07:41"}
2024-09-22 00:43:02 查询号码 【1355800】，GSD为【"广西-防城港"】

2024-09-22 00:43:03 开始第 5802 次操作

2024-09-22 00:43:03 开始操作号码 【1355801】
2024-09-22 00:43:05 GSD getOne 第 1 次 等待 3 秒
2024-09-22 00:43:08 查询号码 【1355801】，返回信息 {"status":"ok","msg":"广西-南宁","gid":"229409","time_insert":"2021-07-09 07:56"}
2024-09-22 00:43:08 查询号码 【1355801】，GSD为【"广西-南宁"】

2024-09-22 00:43:09 开始第 5803 次操作

2024-09-22 00:43:09 开始操作号码 【1355802】
2024-09-22 00:43:11 GSD getOne 第 1 次 等待 3 秒
2024-09-22 00:43:14 查询号码 【1355802】，返回信息 {"status":"ok","msg":"广西-柳州","gid":"229483","time_insert":"2021-07-09 08:06"}
2024-09-22 00:43:14 查询号码 【1355802】，GSD为【"广西-柳州"】

2024-09-22 00:43:15 开始第 5804 次操作

2024-09-22 00:43:15 开始操作号码 【1355803】
2024-09-22 00:43:17 GSD getOne 第 1 次 等待 3 秒
2024-09-22 00:43:20 查询号码 【1355803】，返回信息 {"status":"ok","msg":"广西-桂林","gid":"229507","time_insert":"2021-07-09 08:22"}
2024-09-22 00:43:20 查询号码 【1355803】，GSD为【"广西-桂林"】

2024-09-22 01:17:48 开始第 5805 次操作

2024-09-22 01:17:48 开始操作号码 【1355804】
2024-09-22 01:17:50 GSD getOne 第 1 次 等待 3 秒
2024-09-22 01:17:53 查询号码 【1355804】，返回信息 {"status":"ok","msg":"广西-梧州","gid":"229531","time_insert":"2021-07-09 08:35"}
2024-09-22 01:17:53 查询号码 【1355804】，GSD为【"广西-梧州"】

2024-09-22 01:17:54 开始第 5806 次操作

2024-09-22 01:17:54 开始操作号码 【1355805】
2024-09-22 01:17:56 GSD getOne 第 1 次 等待 3 秒
2024-09-22 01:17:59 查询号码 【1355805】，返回信息 {"status":"ok","msg":"广西-玉林","gid":"229556","time_insert":"2021-07-09 08:49"}
2024-09-22 01:17:59 查询号码 【1355805】，GSD为【"广西-玉林"】

2024-09-22 01:18:00 开始第 5807 次操作

2024-09-22 01:18:00 开始操作号码 【1355806】
2024-09-22 01:18:02 GSD getOne 第 1 次 等待 3 秒
2024-09-22 01:18:05 查询号码 【1355806】，返回信息 {"status":"ok","msg":"广西-百色","gid":"229580","time_insert":"2021-07-09 09:03"}
2024-09-22 01:18:05 查询号码 【1355806】，GSD为【"广西-百色"】

2024-09-22 01:18:06 开始第 5808 次操作

2024-09-22 01:18:06 开始操作号码 【1355807】
2024-09-22 01:18:08 GSD getOne 第 1 次 等待 3 秒
2024-09-22 01:18:11 查询号码 【1355807】，返回信息 {"status":"ok","msg":"广西-钦州","gid":"229598","time_insert":"2021-07-09 09:14","time_update":"2021-07-09 10:30"}
2024-09-22 01:18:11 查询号码 【1355807】，GSD为【"广西-钦州"】

2024-09-22 01:39:10 开始第 5809 次操作

2024-09-22 01:39:10 开始操作号码 【1355808】
2024-09-22 01:39:12 GSD getOne 第 1 次 等待 3 秒
2024-09-22 01:39:15 查询号码 【1355808】，返回信息 {"status":"ok","msg":"广西-河池","gid":"6428","time_insert":"2018-12-11 18:49","time_update":"2020-12-18 12:48"}
2024-09-22 01:39:15 查询号码 【1355808】，GSD为【"广西-河池"】

2024-09-22 01:39:16 开始第 5810 次操作

2024-09-22 01:39:16 开始操作号码 【1355809】
2024-09-22 01:39:18 GSD getOne 第 1 次 等待 3 秒
2024-09-22 01:39:21 查询号码 【1355809】，返回信息 {"status":"ok","msg":"广西-北海","gid":"229621","time_insert":"2021-07-09 09:29","time_update":"2021-07-09 10:34"}
2024-09-22 01:39:21 查询号码 【1355809】，GSD为【"广西-北海"】

2024-09-22 01:39:22 开始第 5811 次操作

2024-09-22 01:39:22 开始操作号码 【1355810】
2024-09-22 01:39:24 GSD getOne 第 1 次 等待 3 秒
2024-09-22 01:39:27 查询号码 【1355810】，返回信息 {"status":"ok","msg":"广西-南宁","gid":"229661","time_insert":"2021-07-09 09:40"}
2024-09-22 01:39:27 查询号码 【1355810】，GSD为【"广西-南宁"】

2024-09-22 01:39:28 开始第 5812 次操作

2024-09-22 01:39:28 开始操作号码 【1355811】
2024-09-22 01:39:31 GSD getOne 第 1 次 等待 3 秒
2024-09-22 01:39:34 查询号码 【1355811】，返回信息 {"status":"ok","msg":"广西-南宁","gid":"229814","time_insert":"2021-07-09 09:55"}
2024-09-22 01:39:34 查询号码 【1355811】，GSD为【"广西-南宁"】

2024-09-22 02:24:33 开始第 5813 次操作

2024-09-22 02:24:33 开始操作号码 【1355812】
2024-09-22 02:24:35 GSD getOne 第 1 次 等待 3 秒
2024-09-22 02:24:38 查询号码 【1355812】，返回信息 {"status":"ok","msg":"广西-柳州","gid":"229837","time_insert":"2021-07-09 10:08"}
2024-09-22 02:24:38 查询号码 【1355812】，GSD为【"广西-柳州"】

2024-09-22 02:24:39 开始第 5814 次操作

2024-09-22 02:24:39 开始操作号码 【1355813】
2024-09-22 02:24:41 GSD getOne 第 1 次 等待 3 秒
2024-09-22 02:24:44 查询号码 【1355813】，返回信息 {"status":"ok","msg":"广西-桂林","gid":"6429","time_insert":"2017-05-01 00:00","time_update":"2020-12-18 12:53"}
2024-09-22 02:24:44 查询号码 【1355813】，GSD为【"广西-桂林"】

2024-09-22 02:24:45 开始第 5815 次操作

2024-09-22 02:24:45 开始操作号码 【1355814】
2024-09-22 02:24:47 GSD getOne 第 1 次 等待 3 秒
2024-09-22 02:24:50 查询号码 【1355814】，返回信息 {"status":"ok","msg":"广西-南宁","gid":"229908","time_insert":"2021-07-09 10:23"}
2024-09-22 02:24:50 查询号码 【1355814】，GSD为【"广西-南宁"】

2024-09-22 02:24:51 开始第 5816 次操作

2024-09-22 02:24:51 开始操作号码 【1355815】
2024-09-22 02:24:54 GSD getOne 第 1 次 等待 3 秒
2024-09-22 02:24:57 查询号码 【1355815】，返回信息 {"status":"ok","msg":"广西-玉林","gid":"230009","time_insert":"2021-07-09 10:40"}
2024-09-22 02:24:57 查询号码 【1355815】，GSD为【"广西-玉林"】

2024-09-22 02:41:16 开始第 5817 次操作

2024-09-22 02:41:16 开始操作号码 【1355816】
2024-09-22 02:41:18 GSD getOne 第 1 次 等待 3 秒
2024-09-22 02:41:21 查询号码 【1355816】，返回信息 {"status":"ok","msg":"广西-柳州","gid":"230098","time_insert":"2021-07-09 10:51"}
2024-09-22 02:41:21 查询号码 【1355816】，GSD为【"广西-柳州"】

2024-09-22 02:41:22 开始第 5818 次操作

2024-09-22 02:41:22 开始操作号码 【1355817】
2024-09-22 02:41:24 GSD getOne 第 1 次 等待 3 秒
2024-09-22 02:41:27 查询号码 【1355817】，返回信息 {"status":"ok","msg":"广西-玉林","gid":"230275","time_insert":"2021-07-09 11:02"}
2024-09-22 02:41:27 查询号码 【1355817】，GSD为【"广西-玉林"】

2024-09-22 02:41:28 开始第 5819 次操作

2024-09-22 02:41:28 开始操作号码 【1355818】
2024-09-22 02:41:30 GSD getOne 第 1 次 等待 3 秒
2024-09-22 02:41:33 查询号码 【1355818】，返回信息 {"status":"ok","msg":"广西-南宁","gid":"6430","time_insert":"2015-03-24 11:51","time_update":"2020-12-18 12:57"}
2024-09-22 02:41:33 查询号码 【1355818】，GSD为【"广西-南宁"】

2024-09-22 02:41:34 开始第 5820 次操作

2024-09-22 02:41:34 开始操作号码 【1355819】
2024-09-22 02:41:35 GSD getOne 第 1 次 等待 3 秒
2024-09-22 02:41:38 查询号码 【1355819】，返回信息 {"status":"ok","msg":"广西-南宁","gid":"230328","time_insert":"2021-07-09 11:10"}
2024-09-22 02:41:39 查询号码 【1355819】，GSD为【"广西-南宁"】

2024-09-22 03:15:02 开始第 5821 次操作

2024-09-22 03:15:02 开始操作号码 【1355820】
2024-09-22 03:15:06 GSD getOne 第 1 次 等待 3 秒
2024-09-22 03:15:09 查询号码 【1355820】，返回信息 {"status":"ok","msg":"广西-防城港","gid":"230348","time_insert":"2021-07-09 11:21"}
2024-09-22 03:15:09 查询号码 【1355820】，GSD为【"广西-防城港"】

2024-09-22 03:15:10 开始第 5822 次操作

2024-09-22 03:15:10 开始操作号码 【1355821】
2024-09-22 03:15:12 GSD getOne 第 1 次 等待 3 秒
2024-09-22 03:15:15 查询号码 【1355821】，返回信息 {"status":"ok","msg":"广西-南宁","gid":"6431","time_insert":"2017-08-19 18:42","time_update":"2020-12-18 13:01"}
2024-09-22 03:15:15 查询号码 【1355821】，GSD为【"广西-南宁"】

2024-09-22 03:15:16 开始第 5823 次操作

2024-09-22 03:15:16 开始操作号码 【1355822】
2024-09-22 03:15:18 GSD getOne 第 1 次 等待 3 秒
2024-09-22 03:15:21 查询号码 【1355822】，返回信息 {"status":"ok","msg":"广西-柳州","gid":"230376","time_insert":"2021-07-09 11:36"}
2024-09-22 03:15:21 查询号码 【1355822】，GSD为【"广西-柳州"】

2024-09-22 03:15:22 开始第 5824 次操作

2024-09-22 03:15:22 开始操作号码 【1355823】
2024-09-22 03:15:24 GSD getOne 第 1 次 等待 3 秒
2024-09-22 03:15:27 查询号码 【1355823】，返回信息 {"status":"ok","msg":"广西-桂林","gid":"230481","time_insert":"2021-07-09 11:50"}
2024-09-22 03:15:27 查询号码 【1355823】，GSD为【"广西-桂林"】

