2024-03-02 00:20:45 开始第 6553 次操作

2024-03-02 00:20:45 开始操作号码 【1686465】
2024-03-02 00:20:50 GSD getOne 第 1 次 等待 3 秒
2024-03-02 00:20:53 查询号码 【1686465】，返回信息 {"status":"ok","msg":"-","gid":"657953","time_insert":"2023-04-16 13:53"}
2024-03-02 00:20:54 查询号码 【1686465】，GSD为【"-"】
2024-03-02 00:20:54 ok && -
2024-03-02 00:20:57 CHB 1686465?1709310054 第 1 次 等待 3 秒
2024-03-02 00:21:00 CHB 1686465?1709310054 第 1 次 获取到号码【1686465】GSD
2024-03-02 00:21:00 未获取到号码【1686465】GSD，可能号码格式错误
2024-03-02 00:21:00 获取到号码【1686465】的GSD为【-】
2024-03-02 00:21:04 GSD insert 第 1 次 等待 3 秒
2024-03-02 00:21:07 {"status":"bad","gid":"657953","msg":"添加失败！号码【1686465(-|-)】已存在！"}
2024-03-02 00:21:07 随机等待 219 秒，约 3 分钟
2024-03-02 00:21:07 下次操作: 2024-03-02 00:24:46

2024-03-02 00:24:46 开始第 6554 次操作

2024-03-02 00:24:46 开始操作号码 【1686466】
2024-03-02 00:24:57 GSD getOne 第 1 次 等待 3 秒
2024-03-02 00:25:00 查询号码 【1686466】，返回信息 {"status":"ok","msg":"-","gid":"657974","time_insert":"2023-04-16 14:17"}
2024-03-02 00:25:00 查询号码 【1686466】，GSD为【"-"】
2024-03-02 00:25:00 ok && -
2024-03-02 00:25:03 CHB 1686466?1709310300 第 1 次 等待 3 秒
2024-03-02 00:25:06 CHB 1686466?1709310300 第 1 次 获取到号码【1686466】GSD
2024-03-02 00:25:06 未获取到号码【1686466】GSD，可能号码格式错误
2024-03-02 00:25:06 获取到号码【1686466】的GSD为【-】
2024-03-02 00:25:12 GSD insert 第 1 次 等待 3 秒
2024-03-02 00:25:15 {"status":"bad","gid":"657974","msg":"添加失败！号码【1686466(-|-)】已存在！"}
2024-03-02 00:25:15 随机等待 95 秒，约 1 分钟
2024-03-02 00:25:15 下次操作: 2024-03-02 00:26:50

2024-03-02 00:26:50 开始第 6555 次操作

2024-03-02 00:26:50 开始操作号码 【1686467】
2024-03-02 00:26:56 GSD getOne 第 1 次 等待 3 秒
2024-03-02 00:26:59 查询号码 【1686467】，返回信息 {"status":"ok","msg":"-","gid":"658002","time_insert":"2023-04-16 14:39"}
2024-03-02 00:26:59 查询号码 【1686467】，GSD为【"-"】
2024-03-02 00:26:59 ok && -
2024-03-02 00:27:02 CHB 1686467?1709310419 第 1 次 等待 3 秒
2024-03-02 00:27:05 CHB 1686467?1709310419 第 1 次 获取到号码【1686467】GSD
2024-03-02 00:27:05 未获取到号码【1686467】GSD，可能号码格式错误
2024-03-02 00:27:05 获取到号码【1686467】的GSD为【-】
2024-03-02 00:27:10 GSD insert 第 1 次 等待 3 秒
2024-03-02 00:27:13 {"status":"bad","gid":"658002","msg":"添加失败！号码【1686467(-|-)】已存在！"}
2024-03-02 00:27:13 随机等待 222 秒，约 3 分钟
2024-03-02 00:27:13 下次操作: 2024-03-02 00:30:55

2024-03-02 00:30:55 开始第 6556 次操作

2024-03-02 00:30:55 开始操作号码 【1686468】
2024-03-02 00:31:01 GSD getOne 第 1 次 等待 3 秒
2024-03-02 00:31:04 查询号码 【1686468】，返回信息 {"status":"ok","msg":"-","gid":"658024","time_insert":"2023-04-16 14:52"}
2024-03-02 00:31:04 查询号码 【1686468】，GSD为【"-"】
2024-03-02 00:31:04 ok && -
2024-03-02 00:32:08 CHB 1686468?1709310664 第 1 次 等待 3 秒
2024-03-02 00:32:11 CHB 1686468?1709310664 第 1 次 获取到号码【1686468】GSD
2024-03-02 00:32:11 未获取到号码【1686468】GSD，可能号码格式错误
2024-03-02 00:32:11 获取到号码【1686468】的GSD为【-】
2024-03-02 00:32:21 GSD insert 第 1 次 等待 3 秒
2024-03-02 00:32:24 {"status":"bad","gid":"658024","msg":"添加失败！号码【1686468(-|-)】已存在！"}

