2021-07-23 00:00:18 开始第 22 次操作

2021-07-23 00:00:18 开始操作号码 【1498715】
2021-07-23 00:00:23 GSD getOne 第 1 次 等待 3 秒
2021-07-23 00:00:26 查询号码 【1498715】，返回信息 {"status":"bad","msg":""}
2021-07-23 00:00:26 查询号码 【1498715】，GSD为【""】
2021-07-23 00:00:26 bad
2021-07-23 00:00:28 CHB 1498715?1626969626 第 1 次 等待 3 秒
2021-07-23 00:00:31 CHB 1498715?1626969626 第 1 次 获取到号码【1498715】GSD
2021-07-23 00:00:31 未获取到号码【1498715】GSD，可能号码格式错误
2021-07-23 00:00:31 获取到号码【1498715】的GSD为【-】
2021-07-23 00:00:34 GSD insert 第 1 次 等待 3 秒
2021-07-23 00:00:37 {"status":"ok","gid":360188,"msg":"添加成功！"}
2021-07-23 00:00:37 下次操作: 2021-07-23 00:00:49

2021-07-23 00:00:49 开始第 23 次操作

2021-07-23 00:00:49 开始操作号码 【1498716】
2021-07-23 00:00:52 GSD getOne 第 1 次 等待 3 秒
2021-07-23 00:00:55 查询号码 【1498716】，返回信息 {"status":"bad","msg":""}
2021-07-23 00:00:55 查询号码 【1498716】，GSD为【""】
2021-07-23 00:00:55 bad
2021-07-23 00:00:56 CHB 1498716?1626969655 第 1 次 等待 3 秒
2021-07-23 00:00:59 CHB 1498716?1626969655 第 1 次 获取到号码【1498716】GSD
2021-07-23 00:00:59 未获取到号码【1498716】GSD，可能号码格式错误
2021-07-23 00:00:59 获取到号码【1498716】的GSD为【-】
2021-07-23 00:01:02 GSD insert 第 1 次 等待 3 秒
2021-07-23 00:01:05 {"status":"ok","gid":360196,"msg":"添加成功！"}
2021-07-23 00:01:05 下次操作: 2021-07-23 00:01:28

2021-07-23 00:01:28 开始第 24 次操作

2021-07-23 00:01:28 开始操作号码 【1498717】
2021-07-23 00:01:33 GSD getOne 第 1 次 等待 3 秒
2021-07-23 00:01:36 查询号码 【1498717】，返回信息 {"status":"bad","msg":""}
2021-07-23 00:01:36 查询号码 【1498717】，GSD为【""】
2021-07-23 00:01:36 bad
2021-07-23 00:01:38 CHB 1498717?1626969696 第 1 次 等待 3 秒
2021-07-23 00:01:41 CHB 1498717?1626969696 第 1 次 获取到号码【1498717】GSD
2021-07-23 00:01:41 未获取到号码【1498717】GSD，可能号码格式错误
2021-07-23 00:01:41 获取到号码【1498717】的GSD为【-】
2021-07-23 00:01:44 GSD insert 第 1 次 等待 3 秒
2021-07-23 00:01:47 {"status":"ok","gid":360205,"msg":"添加成功！"}
2021-07-23 00:01:47 下次操作: 2021-07-23 00:02:08

2021-07-23 00:02:08 开始第 25 次操作

2021-07-23 00:02:08 开始操作号码 【1498718】
2021-07-23 00:02:10 GSD getOne 第 1 次 等待 3 秒
2021-07-23 00:02:13 查询号码 【1498718】，返回信息 {"status":"bad","msg":""}
2021-07-23 00:02:14 查询号码 【1498718】，GSD为【""】
2021-07-23 00:02:14 bad
2021-07-23 00:02:15 CHB 1498718?1626969734 第 1 次 等待 3 秒
2021-07-23 00:02:18 CHB 1498718?1626969734 第 1 次 获取到号码【1498718】GSD
2021-07-23 00:02:18 未获取到号码【1498718】GSD，可能号码格式错误
2021-07-23 00:02:18 获取到号码【1498718】的GSD为【-】
2021-07-23 00:02:21 GSD insert 第 1 次 等待 3 秒
2021-07-23 00:02:24 {"status":"ok","gid":360211,"msg":"添加成功！"}
2021-07-23 00:02:24 下次操作: 2021-07-23 00:02:38

2021-07-23 00:02:38 开始第 26 次操作

2021-07-23 00:02:38 开始操作号码 【1498719】
2021-07-23 00:02:44 GSD getOne 第 1 次 等待 3 秒
2021-07-23 00:02:47 查询号码 【1498719】，返回信息 {"status":"bad","msg":""}
2021-07-23 00:02:47 查询号码 【1498719】，GSD为【""】
2021-07-23 00:02:47 bad
2021-07-23 00:02:49 CHB 1498719?1626969767 第 1 次 等待 3 秒
2021-07-23 00:02:52 CHB 1498719?1626969767 第 1 次 获取到号码【1498719】GSD
2021-07-23 00:02:52 未获取到号码【1498719】GSD，可能号码格式错误
2021-07-23 00:02:52 获取到号码【1498719】的GSD为【-】
2021-07-23 00:02:55 GSD insert 第 1 次 等待 3 秒
2021-07-23 00:02:58 {"status":"ok","gid":360220,"msg":"添加成功！"}
2021-07-23 00:02:58 下次操作: 2021-07-23 00:03:16

2021-07-23 00:03:16 开始第 27 次操作

2021-07-23 00:03:16 开始操作号码 【1498720】
2021-07-23 00:03:23 GSD getOne 第 1 次 等待 3 秒
2021-07-23 00:03:26 查询号码 【1498720】，返回信息 {"status":"bad","msg":""}
2021-07-23 00:03:26 查询号码 【1498720】，GSD为【""】
2021-07-23 00:03:26 bad
2021-07-23 00:03:28 CHB 1498720?1626969806 第 1 次 等待 3 秒
2021-07-23 00:03:31 CHB 1498720?1626969806 第 1 次 获取到号码【1498720】GSD
2021-07-23 00:03:31 未获取到号码【1498720】GSD，可能号码格式错误
2021-07-23 00:03:31 获取到号码【1498720】的GSD为【-】
2021-07-23 00:03:33 GSD insert 第 1 次 等待 3 秒
2021-07-23 00:03:36 {"status":"ok","gid":360231,"msg":"添加成功！"}
2021-07-23 00:03:36 下次操作: 2021-07-23 00:03:54

2021-07-23 00:03:54 开始第 28 次操作

2021-07-23 00:03:54 开始操作号码 【1498721】
2021-07-23 00:04:09 GSD getOne 第 1 次 等待 3 秒
2021-07-23 00:04:12 查询号码 【1498721】，返回信息 {"status":"bad","msg":""}
2021-07-23 00:04:12 查询号码 【1498721】，GSD为【""】
2021-07-23 00:04:12 bad
2021-07-23 00:04:13 CHB 1498721?1626969852 第 1 次 等待 3 秒
2021-07-23 00:04:16 CHB 1498721?1626969852 第 1 次 获取到号码【1498721】GSD
2021-07-23 00:04:17 未获取到号码【1498721】GSD，可能号码格式错误
2021-07-23 00:04:17 获取到号码【1498721】的GSD为【-】
2021-07-23 00:04:30 GSD insert 第 1 次 等待 3 秒
2021-07-23 00:04:33 {"status":"ok","gid":360242,"msg":"添加成功！"}
2021-07-23 00:04:33 下次操作: 2021-07-23 00:04:56

2021-07-23 00:04:56 开始第 29 次操作

2021-07-23 00:04:56 开始操作号码 【1498722】
2021-07-23 00:05:00 GSD getOne 第 1 次 等待 3 秒
2021-07-23 00:05:03 查询号码 【1498722】，返回信息 {"status":"bad","msg":""}
2021-07-23 00:05:03 查询号码 【1498722】，GSD为【""】
2021-07-23 00:05:03 bad
2021-07-23 00:05:04 CHB 1498722?1626969903 第 1 次 等待 3 秒
2021-07-23 00:05:07 CHB 1498722?1626969903 第 1 次 获取到号码【1498722】GSD
2021-07-23 00:05:08 未获取到号码【1498722】GSD，可能号码格式错误
2021-07-23 00:05:08 获取到号码【1498722】的GSD为【-】
2021-07-23 00:05:10 GSD insert 第 1 次 等待 3 秒
2021-07-23 00:05:13 {"status":"ok","gid":360248,"msg":"添加成功！"}
2021-07-23 00:05:13 下次操作: 2021-07-23 00:05:34

2021-07-23 00:05:34 开始第 30 次操作

2021-07-23 00:05:34 开始操作号码 【1498723】
2021-07-23 00:05:37 GSD getOne 第 1 次 等待 3 秒
2021-07-23 00:05:40 查询号码 【1498723】，返回信息 {"status":"bad","msg":""}
2021-07-23 00:05:40 查询号码 【1498723】，GSD为【""】
2021-07-23 00:05:40 bad
2021-07-23 00:05:42 CHB 1498723?1626969940 第 1 次 等待 3 秒
2021-07-23 00:05:45 CHB 1498723?1626969940 第 1 次 获取到号码【1498723】GSD
2021-07-23 00:05:45 未获取到号码【1498723】GSD，可能号码格式错误
2021-07-23 00:05:45 获取到号码【1498723】的GSD为【-】
2021-07-23 00:05:51 GSD insert 第 1 次 等待 3 秒
2021-07-23 00:05:54 {"status":"ok","gid":360257,"msg":"添加成功！"}
2021-07-23 00:05:54 下次操作: 2021-07-23 00:06:15

2021-07-23 00:06:15 开始第 31 次操作

2021-07-23 00:06:15 开始操作号码 【1498724】
2021-07-23 00:06:18 GSD getOne 第 1 次 等待 3 秒
2021-07-23 00:06:21 查询号码 【1498724】，返回信息 {"status":"bad","msg":""}
2021-07-23 00:06:21 查询号码 【1498724】，GSD为【""】
2021-07-23 00:06:21 bad
2021-07-23 00:06:23 CHB 1498724?1626969981 第 1 次 等待 3 秒
2021-07-23 00:06:26 CHB 1498724?1626969981 第 1 次 获取到号码【1498724】GSD
2021-07-23 00:06:26 未获取到号码【1498724】GSD，可能号码格式错误
2021-07-23 00:06:26 获取到号码【1498724】的GSD为【-】
2021-07-23 00:06:28 GSD insert 第 1 次 等待 3 秒
2021-07-23 00:06:31 {"status":"ok","gid":360265,"msg":"添加成功！"}
2021-07-23 00:06:31 下次操作: 2021-07-23 00:06:44

2021-07-23 00:06:44 开始第 32 次操作

2021-07-23 00:06:44 开始操作号码 【1498725】
2021-07-23 00:06:48 GSD getOne 第 1 次 等待 3 秒
2021-07-23 00:06:51 查询号码 【1498725】，返回信息 {"status":"bad","msg":""}
2021-07-23 00:06:51 查询号码 【1498725】，GSD为【""】
2021-07-23 00:06:51 bad
2021-07-23 00:06:53 CHB 1498725?1626970011 第 1 次 等待 3 秒
2021-07-23 00:06:56 CHB 1498725?1626970011 第 1 次 获取到号码【1498725】GSD
2021-07-23 00:06:56 未获取到号码【1498725】GSD，可能号码格式错误
2021-07-23 00:06:56 获取到号码【1498725】的GSD为【-】
2021-07-23 00:06:59 GSD insert 第 1 次 等待 3 秒
2021-07-23 00:07:02 {"status":"ok","gid":360274,"msg":"添加成功！"}
2021-07-23 00:07:02 下次操作: 2021-07-23 00:07:25

2021-07-23 00:07:25 开始第 33 次操作

2021-07-23 00:07:25 开始操作号码 【1498726】
2021-07-23 00:07:31 GSD getOne 第 1 次 等待 3 秒
2021-07-23 00:07:34 查询号码 【1498726】，返回信息 {"status":"bad","msg":""}
2021-07-23 00:07:34 查询号码 【1498726】，GSD为【""】
2021-07-23 00:07:34 bad
2021-07-23 00:07:36 CHB 1498726?1626970054 第 1 次 等待 3 秒
2021-07-23 00:07:39 CHB 1498726?1626970054 第 1 次 获取到号码【1498726】GSD
2021-07-23 00:07:39 未获取到号码【1498726】GSD，可能号码格式错误
2021-07-23 00:07:39 获取到号码【1498726】的GSD为【-】
2021-07-23 00:07:41 GSD insert 第 1 次 等待 3 秒
2021-07-23 00:07:44 {"status":"ok","gid":360282,"msg":"添加成功！"}
2021-07-23 00:07:44 下次操作: 2021-07-23 00:07:58

2021-07-23 00:07:58 开始第 34 次操作

2021-07-23 00:07:58 开始操作号码 【1498727】
2021-07-23 00:08:02 GSD getOne 第 1 次 等待 3 秒
2021-07-23 00:08:05 查询号码 【1498727】，返回信息 {"status":"bad","msg":""}
2021-07-23 00:08:05 查询号码 【1498727】，GSD为【""】
2021-07-23 00:08:05 bad
2021-07-23 00:08:07 CHB 1498727?1626970085 第 1 次 等待 3 秒
2021-07-23 00:08:10 CHB 1498727?1626970085 第 1 次 获取到号码【1498727】GSD
2021-07-23 00:08:10 未获取到号码【1498727】GSD，可能号码格式错误
2021-07-23 00:08:10 获取到号码【1498727】的GSD为【-】
2021-07-23 00:08:13 GSD insert 第 1 次 等待 3 秒
2021-07-23 00:08:16 {"status":"ok","gid":360291,"msg":"添加成功！"}
2021-07-23 00:08:16 下次操作: 2021-07-23 00:08:37

2021-07-23 00:08:37 开始第 35 次操作

2021-07-23 00:08:37 开始操作号码 【1498728】
2021-07-23 00:08:40 GSD getOne 第 1 次 等待 3 秒
2021-07-23 00:08:43 查询号码 【1498728】，返回信息 {"status":"bad","msg":""}
2021-07-23 00:08:43 查询号码 【1498728】，GSD为【""】
2021-07-23 00:08:43 bad
2021-07-23 00:08:45 CHB 1498728?1626970123 第 1 次 等待 3 秒
2021-07-23 00:08:48 CHB 1498728?1626970123 第 1 次 获取到号码【1498728】GSD
2021-07-23 00:08:48 未获取到号码【1498728】GSD，可能号码格式错误
2021-07-23 00:08:48 获取到号码【1498728】的GSD为【-】
2021-07-23 00:08:51 GSD insert 第 1 次 等待 3 秒
2021-07-23 00:08:54 {"status":"ok","gid":360297,"msg":"添加成功！"}
2021-07-23 00:08:54 下次操作: 2021-07-23 00:09:16

2021-07-23 00:09:16 开始第 36 次操作

2021-07-23 00:09:16 开始操作号码 【1498729】
2021-07-23 00:09:19 GSD getOne 第 1 次 等待 3 秒
2021-07-23 00:09:22 查询号码 【1498729】，返回信息 {"status":"bad","msg":""}
2021-07-23 00:09:22 查询号码 【1498729】，GSD为【""】
2021-07-23 00:09:22 bad
2021-07-23 00:09:23 CHB 1498729?1626970162 第 1 次 等待 3 秒
2021-07-23 00:09:26 CHB 1498729?1626970162 第 1 次 获取到号码【1498729】GSD
2021-07-23 00:09:26 未获取到号码【1498729】GSD，可能号码格式错误
2021-07-23 00:09:26 获取到号码【1498729】的GSD为【-】
2021-07-23 00:09:29 GSD insert 第 1 次 等待 3 秒
2021-07-23 00:09:32 {"status":"ok","gid":360305,"msg":"添加成功！"}
2021-07-23 00:09:32 下次操作: 2021-07-23 00:09:46

2021-07-23 00:09:46 开始第 37 次操作

2021-07-23 00:09:46 开始操作号码 【1498730】
2021-07-23 00:09:49 GSD getOne 第 1 次 等待 3 秒
2021-07-23 00:09:52 查询号码 【1498730】，返回信息 {"status":"bad","msg":""}
2021-07-23 00:09:52 查询号码 【1498730】，GSD为【""】
2021-07-23 00:09:52 bad
2021-07-23 00:09:54 CHB 1498730?1626970192 第 1 次 等待 3 秒
2021-07-23 00:09:57 CHB 1498730?1626970192 第 1 次 获取到号码【1498730】GSD
2021-07-23 00:09:57 未获取到号码【1498730】GSD，可能号码格式错误
2021-07-23 00:09:57 获取到号码【1498730】的GSD为【-】
2021-07-23 00:10:01 GSD insert 第 1 次 等待 3 秒
2021-07-23 00:10:04 {"status":"ok","gid":360314,"msg":"添加成功！"}
2021-07-23 00:10:04 下次操作: 2021-07-23 00:10:21

2021-07-23 00:10:21 开始第 38 次操作

2021-07-23 00:10:21 开始操作号码 【1498731】
2021-07-23 00:10:24 GSD getOne 第 1 次 等待 3 秒
2021-07-23 00:10:27 查询号码 【1498731】，返回信息 {"status":"bad","msg":""}
2021-07-23 00:10:27 查询号码 【1498731】，GSD为【""】
2021-07-23 00:10:27 bad
2021-07-23 00:10:29 CHB 1498731?1626970227 第 1 次 等待 3 秒
2021-07-23 00:10:32 CHB 1498731?1626970227 第 1 次 获取到号码【1498731】GSD
2021-07-23 00:10:32 未获取到号码【1498731】GSD，可能号码格式错误
2021-07-23 00:10:32 获取到号码【1498731】的GSD为【-】
2021-07-23 00:10:35 GSD insert 第 1 次 等待 3 秒
2021-07-23 00:10:38 {"status":"ok","gid":360321,"msg":"添加成功！"}
2021-07-23 00:10:38 下次操作: 2021-07-23 00:10:52

2021-07-23 00:10:52 开始第 39 次操作

2021-07-23 00:10:52 开始操作号码 【1498732】
2021-07-23 00:10:54 GSD getOne 第 1 次 等待 3 秒
2021-07-23 00:10:57 查询号码 【1498732】，返回信息 {"status":"bad","msg":""}
2021-07-23 00:10:57 查询号码 【1498732】，GSD为【""】
2021-07-23 00:10:57 bad
2021-07-23 00:10:59 CHB 1498732?1626970257 第 1 次 等待 3 秒
2021-07-23 00:11:02 CHB 1498732?1626970257 第 1 次 获取到号码【1498732】GSD
2021-07-23 00:11:02 未获取到号码【1498732】GSD，可能号码格式错误
2021-07-23 00:11:02 获取到号码【1498732】的GSD为【-】
2021-07-23 00:11:05 GSD insert 第 1 次 等待 3 秒
2021-07-23 00:11:08 {"status":"ok","gid":360326,"msg":"添加成功！"}
2021-07-23 00:11:08 下次操作: 2021-07-23 00:11:30

2021-07-23 00:11:30 开始第 40 次操作

2021-07-23 00:11:30 开始操作号码 【1498733】
2021-07-23 00:11:32 GSD getOne 第 1 次 等待 3 秒
2021-07-23 00:11:35 查询号码 【1498733】，返回信息 {"status":"bad","msg":""}
2021-07-23 00:11:35 查询号码 【1498733】，GSD为【""】
2021-07-23 00:11:35 bad
2021-07-23 00:11:37 CHB 1498733?1626970295 第 1 次 等待 3 秒
2021-07-23 00:11:40 CHB 1498733?1626970295 第 1 次 获取到号码【1498733】GSD
2021-07-23 00:11:40 未获取到号码【1498733】GSD，可能号码格式错误
2021-07-23 00:11:40 获取到号码【1498733】的GSD为【-】
2021-07-23 00:11:46 GSD insert 第 1 次 等待 3 秒
2021-07-23 00:11:49 {"status":"ok","gid":360335,"msg":"添加成功！"}

2021-07-23 01:03:49 开始第 1 次操作

2021-07-23 01:03:49 开始操作号码 【1498734】
2021-07-23 01:04:01 GSD getOne 第 1 次 等待 3 秒
2021-07-23 01:04:04 查询号码 【1498734】，返回信息 {"status":"bad","msg":""}
2021-07-23 01:04:04 查询号码 【1498734】，GSD为【""】
2021-07-23 01:04:04 bad
2021-07-23 01:04:06 CHB 1498734?1626973444 第 1 次 等待 3 秒
2021-07-23 01:04:09 CHB 1498734?1626973444 第 1 次 获取到号码【1498734】GSD
2021-07-23 01:04:09 未获取到号码【1498734】GSD，可能号码格式错误
2021-07-23 01:04:09 获取到号码【1498734】的GSD为【-】
2021-07-23 01:04:16 GSD insert 第 1 次 等待 3 秒
2021-07-23 01:04:19 {"status":"ok","gid":360507,"msg":"添加成功！"}
2021-07-23 01:04:19 下次操作: 2021-07-23 01:04:35

2021-07-23 01:04:35 开始第 2 次操作

2021-07-23 01:04:35 开始操作号码 【1498735】
2021-07-23 01:04:39 GSD getOne 第 1 次 等待 3 秒
2021-07-23 01:04:42 查询号码 【1498735】，返回信息 {"status":"bad","msg":""}
2021-07-23 01:04:42 查询号码 【1498735】，GSD为【""】
2021-07-23 01:04:42 bad
2021-07-23 01:04:44 CHB 1498735?1626973482 第 1 次 等待 3 秒
2021-07-23 01:04:47 CHB 1498735?1626973482 第 1 次 获取到号码【1498735】GSD
2021-07-23 01:04:47 未获取到号码【1498735】GSD，可能号码格式错误
2021-07-23 01:04:47 获取到号码【1498735】的GSD为【-】
2021-07-23 01:04:50 GSD insert 第 1 次 等待 3 秒
2021-07-23 01:04:53 {"status":"ok","gid":360514,"msg":"添加成功！"}
2021-07-23 01:04:53 下次操作: 2021-07-23 01:05:16

2021-07-23 01:05:16 开始第 3 次操作

2021-07-23 01:05:16 开始操作号码 【1498736】
2021-07-23 01:05:20 GSD getOne 第 1 次 等待 3 秒
2021-07-23 01:05:23 查询号码 【1498736】，返回信息 {"status":"bad","msg":""}
2021-07-23 01:05:23 查询号码 【1498736】，GSD为【""】
2021-07-23 01:05:23 bad
2021-07-23 01:05:25 CHB 1498736?1626973523 第 1 次 等待 3 秒
2021-07-23 01:05:28 CHB 1498736?1626973523 第 1 次 获取到号码【1498736】GSD
2021-07-23 01:05:28 未获取到号码【1498736】GSD，可能号码格式错误
2021-07-23 01:05:28 获取到号码【1498736】的GSD为【-】
2021-07-23 01:05:31 GSD insert 第 1 次 等待 3 秒
2021-07-23 01:05:34 {"status":"ok","gid":360522,"msg":"添加成功！"}
2021-07-23 01:05:34 下次操作: 2021-07-23 01:05:54

2021-07-23 01:05:54 开始第 4 次操作

2021-07-23 01:05:54 开始操作号码 【1498737】
2021-07-23 01:05:58 GSD getOne 第 1 次 等待 3 秒
2021-07-23 01:06:01 查询号码 【1498737】，返回信息 {"status":"bad","msg":""}
2021-07-23 01:06:01 查询号码 【1498737】，GSD为【""】
2021-07-23 01:06:01 bad
2021-07-23 01:06:02 CHB 1498737?1626973561 第 1 次 等待 3 秒
2021-07-23 01:06:05 CHB 1498737?1626973561 第 1 次 获取到号码【1498737】GSD
2021-07-23 01:06:05 未获取到号码【1498737】GSD，可能号码格式错误
2021-07-23 01:06:05 获取到号码【1498737】的GSD为【-】
2021-07-23 01:06:08 GSD insert 第 1 次 等待 3 秒
2021-07-23 01:06:11 {"status":"ok","gid":360532,"msg":"添加成功！"}
2021-07-23 01:06:11 下次操作: 2021-07-23 01:06:23

2021-07-23 01:06:23 开始第 5 次操作

2021-07-23 01:06:23 开始操作号码 【1498738】
2021-07-23 01:06:26 GSD getOne 第 1 次 等待 3 秒
2021-07-23 01:06:29 查询号码 【1498738】，返回信息 {"status":"bad","msg":""}
2021-07-23 01:06:29 查询号码 【1498738】，GSD为【""】
2021-07-23 01:06:29 bad
2021-07-23 01:06:31 CHB 1498738?1626973589 第 1 次 等待 3 秒
2021-07-23 01:06:34 CHB 1498738?1626973589 第 1 次 获取到号码【1498738】GSD
2021-07-23 01:06:34 未获取到号码【1498738】GSD，可能号码格式错误
2021-07-23 01:06:34 获取到号码【1498738】的GSD为【-】
2021-07-23 01:06:36 GSD insert 第 1 次 等待 3 秒
2021-07-23 01:06:39 {"status":"ok","gid":360539,"msg":"添加成功！"}
2021-07-23 01:06:39 下次操作: 2021-07-23 01:06:54

2021-07-23 01:06:54 开始第 6 次操作

2021-07-23 01:06:54 开始操作号码 【1498739】
2021-07-23 01:07:00 GSD getOne 第 1 次 等待 3 秒
2021-07-23 01:07:03 查询号码 【1498739】，返回信息 {"status":"bad","msg":""}
2021-07-23 01:07:03 查询号码 【1498739】，GSD为【""】
2021-07-23 01:07:03 bad
2021-07-23 01:07:05 CHB 1498739?1626973623 第 1 次 等待 3 秒
2021-07-23 01:07:08 CHB 1498739?1626973623 第 1 次 获取到号码【1498739】GSD
2021-07-23 01:07:08 未获取到号码【1498739】GSD，可能号码格式错误
2021-07-23 01:07:08 获取到号码【1498739】的GSD为【-】
2021-07-23 01:07:11 GSD insert 第 1 次 等待 3 秒
2021-07-23 01:07:14 {"status":"ok","gid":360545,"msg":"添加成功！"}
2021-07-23 01:07:14 下次操作: 2021-07-23 01:07:30

2021-07-23 01:07:30 开始第 7 次操作

2021-07-23 01:07:30 开始操作号码 【1498740】
2021-07-23 01:07:34 GSD getOne 第 1 次 等待 3 秒
2021-07-23 01:07:37 查询号码 【1498740】，返回信息 {"status":"bad","msg":""}
2021-07-23 01:07:37 查询号码 【1498740】，GSD为【""】
2021-07-23 01:07:37 bad
2021-07-23 01:07:39 CHB 1498740?1626973657 第 1 次 等待 3 秒
2021-07-23 01:07:42 CHB 1498740?1626973657 第 1 次 获取到号码【1498740】GSD
2021-07-23 01:07:42 未获取到号码【1498740】GSD，可能号码格式错误
2021-07-23 01:07:42 获取到号码【1498740】的GSD为【-】
2021-07-23 01:07:45 GSD insert 第 1 次 等待 3 秒
2021-07-23 01:07:48 {"status":"ok","gid":360555,"msg":"添加成功！"}
2021-07-23 01:07:48 下次操作: 2021-07-23 01:08:04

2021-07-23 01:08:04 开始第 8 次操作

2021-07-23 01:08:04 开始操作号码 【1498741】
2021-07-23 01:08:10 GSD getOne 第 1 次 等待 3 秒
2021-07-23 01:08:13 查询号码 【1498741】，返回信息 {"status":"bad","msg":""}
2021-07-23 01:08:13 查询号码 【1498741】，GSD为【""】
2021-07-23 01:08:13 bad
2021-07-23 01:08:14 CHB 1498741?1626973693 第 1 次 等待 3 秒
2021-07-23 01:08:17 CHB 1498741?1626973693 第 1 次 获取到号码【1498741】GSD
2021-07-23 01:08:17 未获取到号码【1498741】GSD，可能号码格式错误
2021-07-23 01:08:17 获取到号码【1498741】的GSD为【-】
2021-07-23 01:08:21 GSD insert 第 1 次 等待 3 秒
2021-07-23 01:08:24 {"status":"ok","gid":360562,"msg":"添加成功！"}
2021-07-23 01:08:24 下次操作: 2021-07-23 01:08:48

2021-07-23 01:08:48 开始第 9 次操作

2021-07-23 01:08:48 开始操作号码 【1498742】
2021-07-23 01:08:51 GSD getOne 第 1 次 等待 3 秒
2021-07-23 01:08:54 查询号码 【1498742】，返回信息 {"status":"bad","msg":""}
2021-07-23 01:08:54 查询号码 【1498742】，GSD为【""】
2021-07-23 01:08:54 bad
2021-07-23 01:08:56 CHB 1498742?1626973734 第 1 次 等待 3 秒
2021-07-23 01:08:59 CHB 1498742?1626973734 第 1 次 获取到号码【1498742】GSD
2021-07-23 01:08:59 未获取到号码【1498742】GSD，可能号码格式错误
2021-07-23 01:08:59 获取到号码【1498742】的GSD为【-】
2021-07-23 01:09:03 GSD insert 第 1 次 等待 3 秒
2021-07-23 01:09:06 {"status":"ok","gid":360578,"msg":"添加成功！"}
2021-07-23 01:09:06 下次操作: 2021-07-23 01:09:25

2021-07-23 01:09:25 开始第 10 次操作

2021-07-23 01:09:25 开始操作号码 【1498743】
2021-07-23 01:09:29 GSD getOne 第 1 次 等待 3 秒
2021-07-23 01:09:32 查询号码 【1498743】，返回信息 {"status":"bad","msg":""}
2021-07-23 01:09:32 查询号码 【1498743】，GSD为【""】
2021-07-23 01:09:32 bad
2021-07-23 01:09:34 CHB 1498743?1626973772 第 1 次 等待 3 秒
2021-07-23 01:09:37 CHB 1498743?1626973772 第 1 次 获取到号码【1498743】GSD
2021-07-23 01:09:37 未获取到号码【1498743】GSD，可能号码格式错误
2021-07-23 01:09:37 获取到号码【1498743】的GSD为【-】
2021-07-23 01:09:40 GSD insert 第 1 次 等待 3 秒
2021-07-23 01:09:43 {"status":"ok","gid":360588,"msg":"添加成功！"}
2021-07-23 01:09:43 下次操作: 2021-07-23 01:09:59

2021-07-23 01:09:59 开始第 11 次操作

2021-07-23 01:09:59 开始操作号码 【1498744】
2021-07-23 01:10:01 GSD getOne 第 1 次 等待 3 秒
2021-07-23 01:10:04 查询号码 【1498744】，返回信息 {"status":"bad","msg":""}
2021-07-23 01:10:04 查询号码 【1498744】，GSD为【""】
2021-07-23 01:10:04 bad
2021-07-23 01:10:06 CHB 1498744?1626973804 第 1 次 等待 3 秒
2021-07-23 01:10:09 CHB 1498744?1626973804 第 1 次 获取到号码【1498744】GSD
2021-07-23 01:10:09 未获取到号码【1498744】GSD，可能号码格式错误
2021-07-23 01:10:09 获取到号码【1498744】的GSD为【-】
2021-07-23 01:10:12 GSD insert 第 1 次 等待 3 秒
2021-07-23 01:10:15 {"status":"ok","gid":360595,"msg":"添加成功！"}
2021-07-23 01:10:15 下次操作: 2021-07-23 01:10:33

2021-07-23 01:10:33 开始第 12 次操作

2021-07-23 01:10:33 开始操作号码 【1498745】
2021-07-23 01:10:36 GSD getOne 第 1 次 等待 3 秒
2021-07-23 01:10:39 查询号码 【1498745】，返回信息 {"status":"bad","msg":""}
2021-07-23 01:10:39 查询号码 【1498745】，GSD为【""】
2021-07-23 01:10:39 bad
2021-07-23 01:10:40 CHB 1498745?1626973839 第 1 次 等待 3 秒
2021-07-23 01:10:43 CHB 1498745?1626973839 第 1 次 获取到号码【1498745】GSD
2021-07-23 01:10:43 未获取到号码【1498745】GSD，可能号码格式错误
2021-07-23 01:10:43 获取到号码【1498745】的GSD为【-】
2021-07-23 01:10:46 GSD insert 第 1 次 等待 3 秒
2021-07-23 01:10:49 {"status":"ok","gid":360603,"msg":"添加成功！"}
2021-07-23 01:10:49 下次操作: 2021-07-23 01:11:10

2021-07-23 01:11:10 开始第 13 次操作

2021-07-23 01:11:10 开始操作号码 【1498746】
2021-07-23 01:11:13 GSD getOne 第 1 次 等待 3 秒
2021-07-23 01:11:16 查询号码 【1498746】，返回信息 {"status":"bad","msg":""}
2021-07-23 01:11:16 查询号码 【1498746】，GSD为【""】
2021-07-23 01:11:16 bad
2021-07-23 01:11:18 CHB 1498746?1626973876 第 1 次 等待 3 秒
2021-07-23 01:11:21 CHB 1498746?1626973876 第 1 次 获取到号码【1498746】GSD
2021-07-23 01:11:21 未获取到号码【1498746】GSD，可能号码格式错误
2021-07-23 01:11:21 获取到号码【1498746】的GSD为【-】
2021-07-23 01:11:23 GSD insert 第 1 次 等待 3 秒
2021-07-23 01:11:26 {"status":"ok","gid":360612,"msg":"添加成功！"}
2021-07-23 01:11:26 下次操作: 2021-07-23 01:11:46

2021-07-23 01:11:46 开始第 14 次操作

2021-07-23 01:11:46 开始操作号码 【1498747】
2021-07-23 01:11:49 GSD getOne 第 1 次 等待 3 秒
2021-07-23 01:11:52 查询号码 【1498747】，返回信息 {"status":"bad","msg":""}
2021-07-23 01:11:52 查询号码 【1498747】，GSD为【""】
2021-07-23 01:11:52 bad
2021-07-23 01:11:54 CHB 1498747?1626973912 第 1 次 等待 3 秒
2021-07-23 01:11:57 CHB 1498747?1626973912 第 1 次 获取到号码【1498747】GSD
2021-07-23 01:11:57 未获取到号码【1498747】GSD，可能号码格式错误
2021-07-23 01:11:57 获取到号码【1498747】的GSD为【-】
2021-07-23 01:12:00 GSD insert 第 1 次 等待 3 秒
2021-07-23 01:12:03 {"status":"ok","gid":360622,"msg":"添加成功！"}
2021-07-23 01:12:03 下次操作: 2021-07-23 01:12:17

2021-07-23 01:12:17 开始第 15 次操作

2021-07-23 01:12:17 开始操作号码 【1498748】
2021-07-23 01:12:20 GSD getOne 第 1 次 等待 3 秒
2021-07-23 01:12:23 查询号码 【1498748】，返回信息 {"status":"bad","msg":""}
2021-07-23 01:12:23 查询号码 【1498748】，GSD为【""】
2021-07-23 01:12:23 bad
2021-07-23 01:12:24 CHB 1498748?1626973943 第 1 次 等待 3 秒
2021-07-23 01:12:27 CHB 1498748?1626973943 第 1 次 获取到号码【1498748】GSD
2021-07-23 01:12:27 未获取到号码【1498748】GSD，可能号码格式错误
2021-07-23 01:12:27 获取到号码【1498748】的GSD为【-】
2021-07-23 01:12:36 GSD insert 第 1 次 等待 3 秒
2021-07-23 01:12:39 {"status":"ok","gid":360632,"msg":"添加成功！"}
2021-07-23 01:12:39 下次操作: 2021-07-23 01:13:00

2021-07-23 01:13:00 开始第 16 次操作

2021-07-23 01:13:00 开始操作号码 【1498749】
2021-07-23 01:13:03 GSD getOne 第 1 次 等待 3 秒
2021-07-23 01:13:06 查询号码 【1498749】，返回信息 {"status":"bad","msg":""}
2021-07-23 01:13:06 查询号码 【1498749】，GSD为【""】
2021-07-23 01:13:06 bad
2021-07-23 01:13:08 CHB 1498749?1626973986 第 1 次 等待 3 秒
2021-07-23 01:13:11 CHB 1498749?1626973986 第 1 次 获取到号码【1498749】GSD
2021-07-23 01:13:11 未获取到号码【1498749】GSD，可能号码格式错误
2021-07-23 01:13:11 获取到号码【1498749】的GSD为【-】
2021-07-23 01:13:15 GSD insert 第 1 次 等待 3 秒
2021-07-23 01:13:18 {"status":"ok","gid":360639,"msg":"添加成功！"}
2021-07-23 01:13:18 下次操作: 2021-07-23 01:13:31

2021-07-23 01:13:31 开始第 17 次操作

2021-07-23 01:13:31 开始操作号码 【1498750】
2021-07-23 01:13:34 GSD getOne 第 1 次 等待 3 秒
2021-07-23 01:13:37 查询号码 【1498750】，返回信息 {"status":"bad","msg":""}
2021-07-23 01:13:37 查询号码 【1498750】，GSD为【""】
2021-07-23 01:13:37 bad
2021-07-23 01:13:38 CHB 1498750?1626974017 第 1 次 等待 3 秒
2021-07-23 01:13:41 CHB 1498750?1626974017 第 1 次 获取到号码【1498750】GSD
2021-07-23 01:13:41 未获取到号码【1498750】GSD，可能号码格式错误
2021-07-23 01:13:41 获取到号码【1498750】的GSD为【-】
2021-07-23 01:13:44 GSD insert 第 1 次 等待 3 秒
2021-07-23 01:13:47 {"status":"ok","gid":360650,"msg":"添加成功！"}
2021-07-23 01:13:47 下次操作: 2021-07-23 01:14:10

2021-07-23 01:14:10 开始第 18 次操作

2021-07-23 01:14:10 开始操作号码 【1498751】
2021-07-23 01:14:14 GSD getOne 第 1 次 等待 3 秒
2021-07-23 01:14:17 查询号码 【1498751】，返回信息 {"status":"bad","msg":""}
2021-07-23 01:14:17 查询号码 【1498751】，GSD为【""】
2021-07-23 01:14:17 bad
2021-07-23 01:14:19 CHB 1498751?1626974057 第 1 次 等待 3 秒
2021-07-23 01:14:22 CHB 1498751?1626974057 第 1 次 获取到号码【1498751】GSD
2021-07-23 01:14:22 未获取到号码【1498751】GSD，可能号码格式错误
2021-07-23 01:14:22 获取到号码【1498751】的GSD为【-】
2021-07-23 01:14:25 GSD insert 第 1 次 等待 3 秒
2021-07-23 01:14:28 {"status":"ok","gid":360658,"msg":"添加成功！"}
2021-07-23 01:14:28 下次操作: 2021-07-23 01:14:44

2021-07-23 01:14:44 开始第 19 次操作

2021-07-23 01:14:44 开始操作号码 【1498752】
2021-07-23 01:14:46 GSD getOne 第 1 次 等待 3 秒
2021-07-23 01:14:49 查询号码 【1498752】，返回信息 {"status":"bad","msg":""}
2021-07-23 01:14:49 查询号码 【1498752】，GSD为【""】
2021-07-23 01:14:49 bad
2021-07-23 01:14:51 CHB 1498752?1626974089 第 1 次 等待 3 秒
2021-07-23 01:14:54 CHB 1498752?1626974089 第 1 次 获取到号码【1498752】GSD
2021-07-23 01:14:54 未获取到号码【1498752】GSD，可能号码格式错误
2021-07-23 01:14:54 获取到号码【1498752】的GSD为【-】
2021-07-23 01:14:57 GSD insert 第 1 次 等待 3 秒
2021-07-23 01:15:00 {"status":"ok","gid":360667,"msg":"添加成功！"}
2021-07-23 01:15:00 下次操作: 2021-07-23 01:15:18

2021-07-23 01:15:18 开始第 20 次操作

2021-07-23 01:15:18 开始操作号码 【1498753】
2021-07-23 01:15:22 GSD getOne 第 1 次 等待 3 秒
2021-07-23 01:15:25 查询号码 【1498753】，返回信息 {"status":"bad","msg":""}
2021-07-23 01:15:25 查询号码 【1498753】，GSD为【""】
2021-07-23 01:15:25 bad
2021-07-23 01:15:27 CHB 1498753?1626974125 第 1 次 等待 3 秒
2021-07-23 01:15:30 CHB 1498753?1626974125 第 1 次 获取到号码【1498753】GSD
2021-07-23 01:15:30 未获取到号码【1498753】GSD，可能号码格式错误
2021-07-23 01:15:30 获取到号码【1498753】的GSD为【-】
2021-07-23 01:15:33 GSD insert 第 1 次 等待 3 秒
2021-07-23 01:15:36 {"status":"ok","gid":360677,"msg":"添加成功！"}
2021-07-23 01:15:36 下次操作: 2021-07-23 01:15:56

2021-07-23 01:15:56 开始第 21 次操作

2021-07-23 01:15:56 开始操作号码 【1498754】
2021-07-23 01:16:02 GSD getOne 第 1 次 等待 3 秒
2021-07-23 01:16:05 查询号码 【1498754】，返回信息 {"status":"bad","msg":""}
2021-07-23 01:16:05 查询号码 【1498754】，GSD为【""】
2021-07-23 01:16:05 bad
2021-07-23 01:16:06 CHB 1498754?1626974165 第 1 次 等待 3 秒
2021-07-23 01:16:09 CHB 1498754?1626974165 第 1 次 获取到号码【1498754】GSD
2021-07-23 01:16:10 未获取到号码【1498754】GSD，可能号码格式错误
2021-07-23 01:16:10 获取到号码【1498754】的GSD为【-】
2021-07-23 01:16:15 GSD insert 第 1 次 等待 3 秒
2021-07-23 01:16:18 {"status":"ok","gid":360687,"msg":"添加成功！"}
2021-07-23 01:16:18 下次操作: 2021-07-23 01:16:37

2021-07-23 01:16:37 开始第 22 次操作

2021-07-23 01:16:37 开始操作号码 【1498755】
2021-07-23 01:16:40 GSD getOne 第 1 次 等待 3 秒
2021-07-23 01:16:43 查询号码 【1498755】，返回信息 {"status":"bad","msg":""}
2021-07-23 01:16:43 查询号码 【1498755】，GSD为【""】
2021-07-23 01:16:43 bad
2021-07-23 01:16:45 CHB 1498755?1626974203 第 1 次 等待 3 秒
2021-07-23 01:16:48 CHB 1498755?1626974203 第 1 次 获取到号码【1498755】GSD
2021-07-23 01:16:48 未获取到号码【1498755】GSD，可能号码格式错误
2021-07-23 01:16:48 获取到号码【1498755】的GSD为【-】
2021-07-23 01:16:50 GSD insert 第 1 次 等待 3 秒
2021-07-23 01:16:53 {"status":"ok","gid":360695,"msg":"添加成功！"}
2021-07-23 01:16:53 下次操作: 2021-07-23 01:17:12

2021-07-23 01:17:12 开始第 23 次操作

2021-07-23 01:17:12 开始操作号码 【1498756】
2021-07-23 01:17:15 GSD getOne 第 1 次 等待 3 秒
2021-07-23 01:17:18 查询号码 【1498756】，返回信息 {"status":"bad","msg":""}
2021-07-23 01:17:18 查询号码 【1498756】，GSD为【""】
2021-07-23 01:17:18 bad
2021-07-23 01:17:20 CHB 1498756?1626974238 第 1 次 等待 3 秒
2021-07-23 01:17:23 CHB 1498756?1626974238 第 1 次 获取到号码【1498756】GSD
2021-07-23 01:17:23 未获取到号码【1498756】GSD，可能号码格式错误
2021-07-23 01:17:23 获取到号码【1498756】的GSD为【-】
2021-07-23 01:17:26 GSD insert 第 1 次 等待 3 秒
2021-07-23 01:17:29 {"status":"ok","gid":360705,"msg":"添加成功！"}
2021-07-23 01:17:29 下次操作: 2021-07-23 01:17:50

2021-07-23 01:17:50 开始第 24 次操作

2021-07-23 01:17:50 开始操作号码 【1498757】
2021-07-23 01:17:58 GSD getOne 第 1 次 等待 3 秒
2021-07-23 01:18:01 查询号码 【1498757】，返回信息 {"status":"bad","msg":""}
2021-07-23 01:18:01 查询号码 【1498757】，GSD为【""】
2021-07-23 01:18:01 bad
2021-07-23 01:18:03 CHB 1498757?1626974281 第 1 次 等待 3 秒
2021-07-23 01:18:06 CHB 1498757?1626974281 第 1 次 获取到号码【1498757】GSD
2021-07-23 01:18:06 未获取到号码【1498757】GSD，可能号码格式错误
2021-07-23 01:18:06 获取到号码【1498757】的GSD为【-】
2021-07-23 01:18:12 GSD insert 第 1 次 等待 3 秒
2021-07-23 01:18:15 {"status":"ok","gid":360719,"msg":"添加成功！"}
2021-07-23 01:18:15 下次操作: 2021-07-23 01:18:34

2021-07-23 01:18:34 开始第 25 次操作

2021-07-23 01:18:34 开始操作号码 【1498758】
2021-07-23 01:18:37 GSD getOne 第 1 次 等待 3 秒
2021-07-23 01:18:40 查询号码 【1498758】，返回信息 {"status":"bad","msg":""}
2021-07-23 01:18:40 查询号码 【1498758】，GSD为【""】
2021-07-23 01:18:40 bad
2021-07-23 01:18:42 CHB 1498758?1626974320 第 1 次 等待 3 秒
2021-07-23 01:18:45 CHB 1498758?1626974320 第 1 次 获取到号码【1498758】GSD
2021-07-23 01:18:45 未获取到号码【1498758】GSD，可能号码格式错误
2021-07-23 01:18:45 获取到号码【1498758】的GSD为【-】
2021-07-23 01:18:47 GSD insert 第 1 次 等待 3 秒
2021-07-23 01:18:50 {"status":"ok","gid":360731,"msg":"添加成功！"}
2021-07-23 01:18:50 下次操作: 2021-07-23 01:19:13

2021-07-23 01:19:13 开始第 26 次操作

2021-07-23 01:19:13 开始操作号码 【1498759】
2021-07-23 01:19:17 GSD getOne 第 1 次 等待 3 秒
2021-07-23 01:19:20 查询号码 【1498759】，返回信息 {"status":"bad","msg":""}
2021-07-23 01:19:20 查询号码 【1498759】，GSD为【""】
2021-07-23 01:19:20 bad
2021-07-23 01:19:22 CHB 1498759?1626974360 第 1 次 等待 3 秒
2021-07-23 01:19:25 CHB 1498759?1626974360 第 1 次 获取到号码【1498759】GSD
2021-07-23 01:19:25 未获取到号码【1498759】GSD，可能号码格式错误
2021-07-23 01:19:25 获取到号码【1498759】的GSD为【-】
2021-07-23 01:19:28 GSD insert 第 1 次 等待 3 秒
2021-07-23 01:19:31 {"status":"ok","gid":360740,"msg":"添加成功！"}
2021-07-23 01:19:31 下次操作: 2021-07-23 01:19:47

2021-07-23 01:19:47 开始第 27 次操作

2021-07-23 01:19:47 开始操作号码 【1498760】
2021-07-23 01:19:50 GSD getOne 第 1 次 等待 3 秒
2021-07-23 01:19:53 查询号码 【1498760】，返回信息 {"status":"bad","msg":""}
2021-07-23 01:19:53 查询号码 【1498760】，GSD为【""】
2021-07-23 01:19:53 bad
2021-07-23 01:19:55 CHB 1498760?1626974393 第 1 次 等待 3 秒
2021-07-23 01:19:58 CHB 1498760?1626974393 第 1 次 获取到号码【1498760】GSD
2021-07-23 01:19:58 未获取到号码【1498760】GSD，可能号码格式错误
2021-07-23 01:19:58 获取到号码【1498760】的GSD为【-】
2021-07-23 01:20:00 GSD insert 第 1 次 等待 3 秒
2021-07-23 01:20:03 {"status":"ok","gid":360751,"msg":"添加成功！"}
2021-07-23 01:20:03 下次操作: 2021-07-23 01:20:27

2021-07-23 01:20:27 开始第 28 次操作

2021-07-23 01:20:27 开始操作号码 【1498761】
2021-07-23 01:20:30 GSD getOne 第 1 次 等待 3 秒
2021-07-23 01:20:33 查询号码 【1498761】，返回信息 {"status":"bad","msg":""}
2021-07-23 01:20:33 查询号码 【1498761】，GSD为【""】
2021-07-23 01:20:33 bad
2021-07-23 01:20:35 CHB 1498761?1626974433 第 1 次 等待 3 秒
2021-07-23 01:20:38 CHB 1498761?1626974433 第 1 次 获取到号码【1498761】GSD
2021-07-23 01:20:38 未获取到号码【1498761】GSD，可能号码格式错误
2021-07-23 01:20:38 获取到号码【1498761】的GSD为【-】
2021-07-23 01:20:40 GSD insert 第 1 次 等待 3 秒
2021-07-23 01:20:43 {"status":"ok","gid":360763,"msg":"添加成功！"}
2021-07-23 01:20:43 下次操作: 2021-07-23 01:21:05

2021-07-23 01:21:05 开始第 29 次操作

2021-07-23 01:21:05 开始操作号码 【1498762】
2021-07-23 01:21:09 GSD getOne 第 1 次 等待 3 秒
2021-07-23 01:21:12 查询号码 【1498762】，返回信息 {"status":"bad","msg":""}
2021-07-23 01:21:12 查询号码 【1498762】，GSD为【""】
2021-07-23 01:21:12 bad
2021-07-23 01:21:14 CHB 1498762?1626974472 第 1 次 等待 3 秒
2021-07-23 01:21:17 CHB 1498762?1626974472 第 1 次 获取到号码【1498762】GSD
2021-07-23 01:21:17 未获取到号码【1498762】GSD，可能号码格式错误
2021-07-23 01:21:17 获取到号码【1498762】的GSD为【-】
2021-07-23 01:21:22 GSD insert 第 1 次 等待 3 秒
2021-07-23 01:21:25 {"status":"ok","gid":360773,"msg":"添加成功！"}
2021-07-23 01:21:25 下次操作: 2021-07-23 01:21:43

2021-07-23 01:21:43 开始第 30 次操作

2021-07-23 01:21:43 开始操作号码 【1498763】
2021-07-23 01:21:45 GSD getOne 第 1 次 等待 3 秒
2021-07-23 01:21:48 查询号码 【1498763】，返回信息 {"status":"bad","msg":""}
2021-07-23 01:21:49 查询号码 【1498763】，GSD为【""】
2021-07-23 01:21:49 bad
2021-07-23 01:21:50 CHB 1498763?1626974509 第 1 次 等待 3 秒
2021-07-23 01:21:53 CHB 1498763?1626974509 第 1 次 获取到号码【1498763】GSD
2021-07-23 01:21:53 未获取到号码【1498763】GSD，可能号码格式错误
2021-07-23 01:21:53 获取到号码【1498763】的GSD为【-】
2021-07-23 01:21:56 GSD insert 第 1 次 等待 3 秒
2021-07-23 01:21:59 {"status":"ok","gid":360781,"msg":"添加成功！"}
2021-07-23 01:21:59 下次操作: 2021-07-23 01:22:20

2021-07-23 01:22:20 开始第 31 次操作

2021-07-23 01:22:20 开始操作号码 【1498764】
2021-07-23 01:22:23 GSD getOne 第 1 次 等待 3 秒
2021-07-23 01:22:26 查询号码 【1498764】，返回信息 {"status":"bad","msg":""}
2021-07-23 01:22:26 查询号码 【1498764】，GSD为【""】
2021-07-23 01:22:26 bad
2021-07-23 01:22:28 CHB 1498764?1626974546 第 1 次 等待 3 秒
2021-07-23 01:22:31 CHB 1498764?1626974546 第 1 次 获取到号码【1498764】GSD
2021-07-23 01:22:31 未获取到号码【1498764】GSD，可能号码格式错误
2021-07-23 01:22:31 获取到号码【1498764】的GSD为【-】
2021-07-23 01:22:33 GSD insert 第 1 次 等待 3 秒
2021-07-23 01:22:36 {"status":"ok","gid":360790,"msg":"添加成功！"}
2021-07-23 01:22:36 下次操作: 2021-07-23 01:22:50

2021-07-23 01:22:51 开始第 32 次操作

2021-07-23 01:22:51 开始操作号码 【1498765】
2021-07-23 01:22:54 GSD getOne 第 1 次 等待 3 秒
2021-07-23 01:22:57 查询号码 【1498765】，返回信息 {"status":"bad","msg":""}
2021-07-23 01:22:57 查询号码 【1498765】，GSD为【""】
2021-07-23 01:22:57 bad
2021-07-23 01:22:59 CHB 1498765?1626974577 第 1 次 等待 3 秒
2021-07-23 01:23:02 CHB 1498765?1626974577 第 1 次 获取到号码【1498765】GSD
2021-07-23 01:23:02 未获取到号码【1498765】GSD，可能号码格式错误
2021-07-23 01:23:02 获取到号码【1498765】的GSD为【-】
2021-07-23 01:23:05 GSD insert 第 1 次 等待 3 秒
2021-07-23 01:23:08 {"status":"ok","gid":360799,"msg":"添加成功！"}
2021-07-23 01:23:08 下次操作: 2021-07-23 01:23:20

2021-07-23 01:23:20 开始第 33 次操作

2021-07-23 01:23:20 开始操作号码 【1498766】
2021-07-23 01:23:22 GSD getOne 第 1 次 等待 3 秒
2021-07-23 01:23:25 查询号码 【1498766】，返回信息 {"status":"bad","msg":""}
2021-07-23 01:23:25 查询号码 【1498766】，GSD为【""】
2021-07-23 01:23:25 bad
2021-07-23 01:23:27 CHB 1498766?1626974605 第 1 次 等待 3 秒
2021-07-23 01:23:30 CHB 1498766?1626974605 第 1 次 获取到号码【1498766】GSD
2021-07-23 01:23:30 未获取到号码【1498766】GSD，可能号码格式错误
2021-07-23 01:23:30 获取到号码【1498766】的GSD为【-】
2021-07-23 01:23:33 GSD insert 第 1 次 等待 3 秒
2021-07-23 01:23:36 {"status":"ok","gid":360808,"msg":"添加成功！"}
2021-07-23 01:23:36 下次操作: 2021-07-23 01:23:58

2021-07-23 01:23:58 开始第 34 次操作

2021-07-23 01:23:58 开始操作号码 【1498767】
2021-07-23 01:24:00 GSD getOne 第 1 次 等待 3 秒
2021-07-23 01:24:03 查询号码 【1498767】，返回信息 {"status":"bad","msg":""}
2021-07-23 01:24:03 查询号码 【1498767】，GSD为【""】
2021-07-23 01:24:03 bad
2021-07-23 01:24:05 CHB 1498767?1626974643 第 1 次 等待 3 秒
2021-07-23 01:24:08 CHB 1498767?1626974643 第 1 次 获取到号码【1498767】GSD
2021-07-23 01:24:08 未获取到号码【1498767】GSD，可能号码格式错误
2021-07-23 01:24:08 获取到号码【1498767】的GSD为【-】
2021-07-23 01:24:11 GSD insert 第 1 次 等待 3 秒
2021-07-23 01:24:14 {"status":"ok","gid":360817,"msg":"添加成功！"}
2021-07-23 01:24:14 下次操作: 2021-07-23 01:24:36

2021-07-23 01:24:36 开始第 35 次操作

2021-07-23 01:24:36 开始操作号码 【1498768】
2021-07-23 01:24:39 GSD getOne 第 1 次 等待 3 秒
2021-07-23 01:24:42 查询号码 【1498768】，返回信息 {"status":"bad","msg":""}
2021-07-23 01:24:42 查询号码 【1498768】，GSD为【""】
2021-07-23 01:24:42 bad
2021-07-23 01:24:44 CHB 1498768?1626974682 第 1 次 等待 3 秒
2021-07-23 01:24:47 CHB 1498768?1626974682 第 1 次 获取到号码【1498768】GSD
2021-07-23 01:24:47 未获取到号码【1498768】GSD，可能号码格式错误
2021-07-23 01:24:47 获取到号码【1498768】的GSD为【-】
2021-07-23 01:24:53 GSD insert 第 1 次 等待 3 秒
2021-07-23 01:24:56 {"status":"ok","gid":360829,"msg":"添加成功！"}
2021-07-23 01:24:56 下次操作: 2021-07-23 01:25:19

2021-07-23 01:25:19 开始第 36 次操作

2021-07-23 01:25:19 开始操作号码 【1498769】
2021-07-23 01:25:22 GSD getOne 第 1 次 等待 3 秒
2021-07-23 01:25:25 查询号码 【1498769】，返回信息 {"status":"bad","msg":""}
2021-07-23 01:25:25 查询号码 【1498769】，GSD为【""】
2021-07-23 01:25:25 bad
2021-07-23 01:25:26 CHB 1498769?1626974725 第 1 次 等待 3 秒
2021-07-23 01:25:29 CHB 1498769?1626974725 第 1 次 获取到号码【1498769】GSD
2021-07-23 01:25:29 未获取到号码【1498769】GSD，可能号码格式错误
2021-07-23 01:25:29 获取到号码【1498769】的GSD为【-】
2021-07-23 01:25:32 GSD insert 第 1 次 等待 3 秒
2021-07-23 01:25:35 {"status":"ok","gid":360838,"msg":"添加成功！"}
2021-07-23 01:25:35 下次操作: 2021-07-23 01:25:57

2021-07-23 01:25:57 开始第 37 次操作

2021-07-23 01:25:57 开始操作号码 【1498770】
2021-07-23 01:26:08 GSD getOne 第 1 次 等待 3 秒
2021-07-23 01:26:11 查询号码 【1498770】，返回信息 {"status":"bad","msg":""}
2021-07-23 01:26:11 查询号码 【1498770】，GSD为【""】
2021-07-23 01:26:11 bad
2021-07-23 01:26:13 CHB 1498770?1626974771 第 1 次 等待 3 秒
2021-07-23 01:26:16 CHB 1498770?1626974771 第 1 次 获取到号码【1498770】GSD
2021-07-23 01:26:16 未获取到号码【1498770】GSD，可能号码格式错误
2021-07-23 01:26:16 获取到号码【1498770】的GSD为【-】
2021-07-23 01:26:19 GSD insert 第 1 次 等待 3 秒
2021-07-23 01:26:22 {"status":"ok","gid":360850,"msg":"添加成功！"}
2021-07-23 01:26:22 下次操作: 2021-07-23 01:26:34

2021-07-23 01:26:34 开始第 38 次操作

2021-07-23 01:26:34 开始操作号码 【1498771】
2021-07-23 01:26:38 GSD getOne 第 1 次 等待 3 秒
2021-07-23 01:26:41 查询号码 【1498771】，返回信息 {"status":"bad","msg":""}
2021-07-23 01:26:41 查询号码 【1498771】，GSD为【""】
2021-07-23 01:26:41 bad
2021-07-23 01:26:43 CHB 1498771?1626974801 第 1 次 等待 3 秒
2021-07-23 01:26:46 CHB 1498771?1626974801 第 1 次 获取到号码【1498771】GSD
2021-07-23 01:26:46 未获取到号码【1498771】GSD，可能号码格式错误
2021-07-23 01:26:46 获取到号码【1498771】的GSD为【-】
2021-07-23 01:26:49 GSD insert 第 1 次 等待 3 秒
2021-07-23 01:26:52 {"status":"ok","gid":360859,"msg":"添加成功！"}
2021-07-23 01:26:52 下次操作: 2021-07-23 01:27:10

2021-07-23 01:27:10 开始第 39 次操作

2021-07-23 01:27:10 开始操作号码 【1498772】
2021-07-23 01:27:13 GSD getOne 第 1 次 等待 3 秒
2021-07-23 01:27:16 查询号码 【1498772】，返回信息 {"status":"bad","msg":""}
2021-07-23 01:27:16 查询号码 【1498772】，GSD为【""】
2021-07-23 01:27:16 bad
2021-07-23 01:27:18 CHB 1498772?1626974836 第 1 次 等待 3 秒
2021-07-23 01:27:21 CHB 1498772?1626974836 第 1 次 获取到号码【1498772】GSD
2021-07-23 01:27:21 未获取到号码【1498772】GSD，可能号码格式错误
2021-07-23 01:27:21 获取到号码【1498772】的GSD为【-】
2021-07-23 01:27:25 GSD insert 第 1 次 等待 3 秒
2021-07-23 01:27:28 {"status":"ok","gid":360866,"msg":"添加成功！"}
2021-07-23 01:27:28 下次操作: 2021-07-23 01:27:51

2021-07-23 01:27:51 开始第 40 次操作

2021-07-23 01:27:51 开始操作号码 【1498773】
2021-07-23 01:27:54 GSD getOne 第 1 次 等待 3 秒
2021-07-23 01:27:57 查询号码 【1498773】，返回信息 {"status":"bad","msg":""}
2021-07-23 01:27:57 查询号码 【1498773】，GSD为【""】
2021-07-23 01:27:57 bad
2021-07-23 01:27:58 CHB 1498773?1626974877 第 1 次 等待 3 秒
2021-07-23 01:28:01 CHB 1498773?1626974877 第 1 次 获取到号码【1498773】GSD
2021-07-23 01:28:01 未获取到号码【1498773】GSD，可能号码格式错误
2021-07-23 01:28:01 获取到号码【1498773】的GSD为【-】
2021-07-23 01:28:04 GSD insert 第 1 次 等待 3 秒
2021-07-23 01:28:07 {"status":"ok","gid":360876,"msg":"添加成功！"}

