2024-05-06 00:21:58 开始第 7257 次操作

2024-05-06 00:21:58 开始操作号码 【1577170】
2024-05-06 00:22:05 GSD getOne 第 1 次 等待 3 秒
2024-05-06 00:22:08 查询号码 【1577170】，返回信息 {"status":"ok","msg":"陕西-西安","gid":"401309","time_insert":"2021-07-26 13:05"}
2024-05-06 00:22:08 查询号码 【1577170】，GSD为【"陕西-西安"】

2024-05-06 00:22:09 开始第 7258 次操作

2024-05-06 00:22:09 开始操作号码 【1577171】
2024-05-06 00:22:14 GSD getOne 第 1 次 等待 3 秒
2024-05-06 00:22:17 查询号码 【1577171】，返回信息 {"status":"ok","msg":"陕西-西安","gid":"401298","time_insert":"2021-07-26 13:05"}
2024-05-06 00:22:17 查询号码 【1577171】，GSD为【"陕西-西安"】

2024-05-06 00:22:18 开始第 7259 次操作

2024-05-06 00:22:18 开始操作号码 【1577172】
2024-05-06 00:22:29 GSD getOne 第 1 次 等待 3 秒
2024-05-06 00:22:32 查询号码 【1577172】，返回信息 {"status":"ok","msg":"陕西-西安","gid":"24019","time_insert":"2017-07-16 18:46","time_update":"2020-12-09 00:39"}
2024-05-06 00:22:33 查询号码 【1577172】，GSD为【"陕西-西安"】

2024-05-06 00:22:34 开始第 7260 次操作

2024-05-06 00:22:34 开始操作号码 【1577173】
2024-05-06 00:22:47 GSD getOne 第 1 次 等待 3 秒
2024-05-06 00:22:50 查询号码 【1577173】，返回信息 {"status":"ok","msg":"陕西-西安","gid":"401285","time_insert":"2021-07-26 13:04"}
2024-05-06 00:22:50 查询号码 【1577173】，GSD为【"陕西-西安"】

2024-05-06 00:38:40 开始第 7261 次操作

2024-05-06 00:38:40 开始操作号码 【1577174】
2024-05-06 00:38:52 GSD getOne 第 1 次 等待 3 秒
2024-05-06 00:38:55 查询号码 【1577174】，返回信息 {"status":"ok","msg":"陕西-西安","gid":"401269","time_insert":"2021-07-26 13:03"}
2024-05-06 00:38:55 查询号码 【1577174】，GSD为【"陕西-西安"】

2024-05-06 00:38:56 开始第 7262 次操作

2024-05-06 00:38:56 开始操作号码 【1577175】
2024-05-06 00:39:07 GSD getOne 第 1 次 等待 3 秒
2024-05-06 00:39:10 查询号码 【1577175】，返回信息 {"status":"ok","msg":"陕西-西安","gid":"401256","time_insert":"2021-07-26 13:03"}
2024-05-06 00:39:10 查询号码 【1577175】，GSD为【"陕西-西安"】

2024-05-06 00:39:11 开始第 7263 次操作

2024-05-06 00:39:11 开始操作号码 【1577176】
2024-05-06 00:39:17 GSD getOne 第 1 次 等待 3 秒
2024-05-06 00:39:20 查询号码 【1577176】，返回信息 {"status":"ok","msg":"陕西-西安","gid":"401244","time_insert":"2021-07-26 13:02"}
2024-05-06 00:39:20 查询号码 【1577176】，GSD为【"陕西-西安"】

2024-05-06 00:39:21 开始第 7264 次操作

2024-05-06 00:39:21 开始操作号码 【1577177】
2024-05-06 00:39:28 GSD getOne 第 1 次 等待 3 秒
2024-05-06 00:39:31 查询号码 【1577177】，返回信息 {"status":"ok","msg":"陕西-西安","gid":"401229","time_insert":"2021-07-26 13:01"}
2024-05-06 00:39:31 查询号码 【1577177】，GSD为【"陕西-西安"】

2024-05-06 01:15:12 开始第 7265 次操作

2024-05-06 01:15:12 开始操作号码 【1577178】
2024-05-06 01:15:18 GSD getOne 第 1 次 等待 3 秒
2024-05-06 01:15:21 查询号码 【1577178】，返回信息 {"status":"ok","msg":"陕西-西安","gid":"401221","time_insert":"2021-07-26 13:01"}
2024-05-06 01:15:21 查询号码 【1577178】，GSD为【"陕西-西安"】

2024-05-06 01:15:22 开始第 7266 次操作

2024-05-06 01:15:22 开始操作号码 【1577179】
2024-05-06 01:15:29 GSD getOne 第 1 次 等待 3 秒
2024-05-06 01:15:32 查询号码 【1577179】，返回信息 {"status":"ok","msg":"陕西-西安","gid":"401210","time_insert":"2021-07-26 13:00"}
2024-05-06 01:15:32 查询号码 【1577179】，GSD为【"陕西-西安"】

2024-05-06 01:15:33 开始第 7267 次操作

2024-05-06 01:15:33 开始操作号码 【1577180】
2024-05-06 01:15:40 GSD getOne 第 1 次 等待 3 秒
2024-05-06 01:15:43 查询号码 【1577180】，返回信息 {"status":"ok","msg":"陕西-咸阳","gid":"24020","time_insert":"2016-11-23 15:03","time_update":"2020-12-09 00:36"}
2024-05-06 01:15:43 查询号码 【1577180】，GSD为【"陕西-咸阳"】

2024-05-06 01:15:44 开始第 7268 次操作

2024-05-06 01:15:44 开始操作号码 【1577181】
2024-05-06 01:15:53 GSD getOne 第 1 次 等待 3 秒
2024-05-06 01:15:56 查询号码 【1577181】，返回信息 {"status":"ok","msg":"陕西-延安","gid":"401196","time_insert":"2021-07-26 12:59"}
2024-05-06 01:15:56 查询号码 【1577181】，GSD为【"陕西-延安"】

2024-05-06 01:37:43 开始第 7269 次操作

2024-05-06 01:37:43 开始操作号码 【1577182】
2024-05-06 01:37:49 GSD getOne 第 1 次 等待 3 秒
2024-05-06 01:37:52 查询号码 【1577182】，返回信息 {"status":"ok","msg":"陕西-榆林","gid":"401184","time_insert":"2021-07-26 12:59"}
2024-05-06 01:37:52 查询号码 【1577182】，GSD为【"陕西-榆林"】

2024-05-06 01:37:53 开始第 7270 次操作

2024-05-06 01:37:53 开始操作号码 【1577183】
2024-05-06 01:37:59 GSD getOne 第 1 次 等待 3 秒
2024-05-06 01:38:02 查询号码 【1577183】，返回信息 {"status":"ok","msg":"陕西-渭南","gid":"401172","time_insert":"2021-07-26 12:58"}
2024-05-06 01:38:02 查询号码 【1577183】，GSD为【"陕西-渭南"】

2024-05-06 01:38:03 开始第 7271 次操作

2024-05-06 01:38:03 开始操作号码 【1577184】
2024-05-06 01:38:09 GSD getOne 第 1 次 等待 3 秒
2024-05-06 01:38:12 查询号码 【1577184】，返回信息 {"status":"ok","msg":"陕西-榆林","gid":"401163","time_insert":"2021-07-26 12:58"}
2024-05-06 01:38:12 查询号码 【1577184】，GSD为【"陕西-榆林"】

2024-05-06 01:38:13 开始第 7272 次操作

2024-05-06 01:38:13 开始操作号码 【1577185】
2024-05-06 01:38:19 GSD getOne 第 1 次 等待 3 秒
2024-05-06 01:38:22 查询号码 【1577185】，返回信息 {"status":"ok","msg":"陕西-安康","gid":"401149","time_insert":"2021-07-26 12:57"}
2024-05-06 01:38:22 查询号码 【1577185】，GSD为【"陕西-安康"】

