2024-10-13 00:23:54 开始第 9389 次操作

2024-10-13 00:23:54 开始操作号码 【1359388】
2024-10-13 00:23:56 GSD getOne 第 1 次 等待 3 秒
2024-10-13 00:23:59 查询号码 【1359388】，返回信息 {"status":"ok","msg":"湖北-荆州","gid":"7075","time_insert":"2018-09-12 15:01","time_update":"2020-09-15 11:48"}
2024-10-13 00:23:59 查询号码 【1359388】，GSD为【"湖北-荆州"】

2024-10-13 00:24:00 开始第 9390 次操作

2024-10-13 00:24:00 开始操作号码 【1359389】
2024-10-13 00:24:01 GSD getOne 第 1 次 等待 3 秒
2024-10-13 00:24:04 查询号码 【1359389】，返回信息 {"status":"ok","msg":"湖北-荆州","gid":"305733","time_insert":"2021-07-17 18:04"}
2024-10-13 00:24:05 查询号码 【1359389】，GSD为【"湖北-荆州"】

2024-10-13 00:24:06 开始第 9391 次操作

2024-10-13 00:24:06 开始操作号码 【1359390】
2024-10-13 00:24:07 GSD getOne 第 1 次 等待 3 秒
2024-10-13 00:24:10 查询号码 【1359390】，返回信息 {"status":"ok","msg":"湖北-武汉","gid":"305718","time_insert":"2021-07-17 18:03"}
2024-10-13 00:24:10 查询号码 【1359390】，GSD为【"湖北-武汉"】

2024-10-13 00:24:11 开始第 9392 次操作

2024-10-13 00:24:11 开始操作号码 【1359391】
2024-10-13 00:24:29 GSD getOne 第 1 次 等待 3 秒
2024-10-13 00:24:32 查询号码 【1359391】，返回信息 {"status":"ok","msg":"湖北-武汉","gid":"7076","time_insert":"2017-04-23 08:28","time_update":"2020-09-15 11:52"}
2024-10-13 00:24:32 查询号码 【1359391】，GSD为【"湖北-武汉"】

