2024-05-13 00:20:53 开始第 8493 次操作

2024-05-13 00:20:53 开始操作号码 【1578405】
2024-05-13 00:21:02 GSD getOne 第 1 次 等待 3 秒
2024-05-13 00:21:05 查询号码 【1578405】，返回信息 {"status":"ok","msg":"-","gid":"386826","time_insert":"2021-07-25 07:46"}
2024-05-13 00:21:05 查询号码 【1578405】，GSD为【"-"】
2024-05-13 00:21:05 ok && -
2024-05-13 00:21:07 CHB 1578405?1715530865 第 1 次 等待 3 秒
2024-05-13 00:21:10 CHB 1578405?1715530865 第 1 次 获取到号码【1578405】GSD
2024-05-13 00:21:10 0: 江苏-南京
2024-05-13 00:21:10 获取到号码【1578405】的GSD为【江苏-南京】
2024-05-13 00:21:18 GSD insert 第 1 次 等待 3 秒
2024-05-13 00:21:21 {"status":"ok","gid":"386826","msg":"添加号码已存在，但为‘-’，修改为【江苏-南京】成功！"}
2024-05-13 00:21:21 随机等待 152 秒，约 2 分钟
2024-05-13 00:21:21 下次操作: 2024-05-13 00:23:53

2024-05-13 00:23:53 开始第 8494 次操作

2024-05-13 00:23:53 开始操作号码 【1578406】
2024-05-13 00:24:02 GSD getOne 第 1 次 等待 3 秒
2024-05-13 00:24:05 查询号码 【1578406】，返回信息 {"status":"ok","msg":"-","gid":"386816","time_insert":"2021-07-25 07:45"}
2024-05-13 00:24:05 查询号码 【1578406】，GSD为【"-"】
2024-05-13 00:24:05 ok && -
2024-05-13 00:24:07 CHB 1578406?1715531045 第 1 次 等待 3 秒
2024-05-13 00:24:10 CHB 1578406?1715531045 第 1 次 获取到号码【1578406】GSD
2024-05-13 00:24:10 0: 江苏-南京
2024-05-13 00:24:10 获取到号码【1578406】的GSD为【江苏-南京】
2024-05-13 00:24:16 GSD insert 第 1 次 等待 3 秒
2024-05-13 00:24:19 {"status":"ok","gid":"386816","msg":"添加号码已存在，但为‘-’，修改为【江苏-南京】成功！"}
2024-05-13 00:24:19 随机等待 228 秒，约 3 分钟
2024-05-13 00:24:19 下次操作: 2024-05-13 00:28:07

2024-05-13 00:28:07 开始第 8495 次操作

2024-05-13 00:28:07 开始操作号码 【1578407】
2024-05-13 00:28:13 GSD getOne 第 1 次 等待 3 秒
2024-05-13 00:28:16 查询号码 【1578407】，返回信息 {"status":"ok","msg":"-","gid":"386804","time_insert":"2021-07-25 07:45"}
2024-05-13 00:28:16 查询号码 【1578407】，GSD为【"-"】
2024-05-13 00:28:16 ok && -
2024-05-13 00:28:18 CHB 1578407?1715531296 第 1 次 等待 3 秒
2024-05-13 00:28:21 CHB 1578407?1715531296 第 1 次 获取到号码【1578407】GSD
2024-05-13 00:28:21 0: 江苏-南京
2024-05-13 00:28:21 获取到号码【1578407】的GSD为【江苏-南京】
2024-05-13 00:28:28 GSD insert 第 1 次 等待 3 秒
2024-05-13 00:28:31 {"status":"ok","gid":"386804","msg":"添加号码已存在，但为‘-’，修改为【江苏-南京】成功！"}
2024-05-13 00:28:31 随机等待 100 秒，约 1 分钟
2024-05-13 00:28:31 下次操作: 2024-05-13 00:30:11

2024-05-13 00:30:11 开始第 8496 次操作

2024-05-13 00:30:11 开始操作号码 【1578408】
2024-05-13 00:30:16 GSD getOne 第 1 次 等待 3 秒
2024-05-13 00:30:19 查询号码 【1578408】，返回信息 {"status":"ok","msg":"-","gid":"386795","time_insert":"2021-07-25 07:44"}
2024-05-13 00:30:19 查询号码 【1578408】，GSD为【"-"】
2024-05-13 00:30:19 ok && -
2024-05-13 00:30:22 CHB 1578408?1715531419 第 1 次 等待 3 秒
2024-05-13 00:30:25 CHB 1578408?1715531419 第 1 次 获取到号码【1578408】GSD
2024-05-13 00:30:25 0: 江苏-南京
2024-05-13 00:30:25 获取到号码【1578408】的GSD为【江苏-南京】
2024-05-13 00:30:34 GSD insert 第 1 次 等待 3 秒
2024-05-13 00:30:37 {"status":"ok","gid":"386795","msg":"添加号码已存在，但为‘-’，修改为【江苏-南京】成功！"}

2024-05-13 00:38:23 开始第 8497 次操作

2024-05-13 00:38:23 开始操作号码 【1578409】
2024-05-13 00:38:33 GSD getOne 第 1 次 等待 3 秒
2024-05-13 00:38:37 查询号码 【1578409】，返回信息 {"status":"ok","msg":"-","gid":"386786","time_insert":"2021-07-25 07:43"}
2024-05-13 00:38:37 查询号码 【1578409】，GSD为【"-"】
2024-05-13 00:38:37 ok && -
2024-05-13 00:38:39 CHB 1578409?1715531917 第 1 次 等待 3 秒
2024-05-13 00:38:42 CHB 1578409?1715531917 第 1 次 获取到号码【1578409】GSD
2024-05-13 00:38:42 0: 江苏-南京
2024-05-13 00:38:42 获取到号码【1578409】的GSD为【江苏-南京】
2024-05-13 00:38:49 GSD insert 第 1 次 等待 3 秒
2024-05-13 00:38:52 {"status":"ok","gid":"386786","msg":"添加号码已存在，但为‘-’，修改为【江苏-南京】成功！"}
2024-05-13 00:38:52 随机等待 218 秒，约 3 分钟
2024-05-13 00:38:52 下次操作: 2024-05-13 00:42:30

2024-05-13 00:42:30 开始第 8498 次操作

2024-05-13 00:42:30 开始操作号码 【1578410】
2024-05-13 00:42:36 GSD getOne 第 1 次 等待 3 秒
2024-05-13 00:42:39 查询号码 【1578410】，返回信息 {"status":"ok","msg":"-","gid":"386775","time_insert":"2021-07-25 07:43"}
2024-05-13 00:42:39 查询号码 【1578410】，GSD为【"-"】
2024-05-13 00:42:39 ok && -
2024-05-13 00:42:41 CHB 1578410?1715532159 第 1 次 等待 3 秒
2024-05-13 00:42:44 CHB 1578410?1715532159 第 1 次 获取到号码【1578410】GSD
2024-05-13 00:42:44 0: 江苏-南京
2024-05-13 00:42:44 获取到号码【1578410】的GSD为【江苏-南京】
2024-05-13 00:42:53 GSD insert 第 1 次 等待 3 秒
2024-05-13 00:42:56 {"status":"ok","gid":"386775","msg":"添加号码已存在，但为‘-’，修改为【江苏-南京】成功！"}
2024-05-13 00:42:56 随机等待 141 秒，约 2 分钟
2024-05-13 00:42:56 下次操作: 2024-05-13 00:45:17

2024-05-13 00:45:17 开始第 8499 次操作

2024-05-13 00:45:17 开始操作号码 【1578411】
2024-05-13 00:45:25 GSD getOne 第 1 次 等待 3 秒
2024-05-13 00:45:28 查询号码 【1578411】，返回信息 {"status":"ok","msg":"-","gid":"386763","time_insert":"2021-07-25 07:42"}
2024-05-13 00:45:28 查询号码 【1578411】，GSD为【"-"】
2024-05-13 00:45:28 ok && -
2024-05-13 00:45:30 CHB 1578411?1715532328 第 1 次 等待 3 秒
2024-05-13 00:45:33 CHB 1578411?1715532328 第 1 次 获取到号码【1578411】GSD
2024-05-13 00:45:33 未获取到号码【1578411】GSD，可能号码格式错误
2024-05-13 00:45:33 获取到号码【1578411】的GSD为【-】
2024-05-13 00:45:38 GSD insert 第 1 次 等待 3 秒
2024-05-13 00:45:41 {"status":"bad","gid":"386763","msg":"添加失败！号码【1578411(-|-)】已存在！"}
2024-05-13 00:45:41 随机等待 172 秒，约 2 分钟
2024-05-13 00:45:41 下次操作: 2024-05-13 00:48:33

2024-05-13 00:48:33 开始第 8500 次操作

2024-05-13 00:48:33 开始操作号码 【1578412】
2024-05-13 00:48:42 GSD getOne 第 1 次 等待 3 秒
2024-05-13 00:48:45 查询号码 【1578412】，返回信息 {"status":"ok","msg":"-","gid":"386755","time_insert":"2021-07-25 07:41"}
2024-05-13 00:48:45 查询号码 【1578412】，GSD为【"-"】
2024-05-13 00:48:45 ok && -
2024-05-13 00:48:48 CHB 1578412?1715532525 第 1 次 等待 3 秒
2024-05-13 00:48:51 CHB 1578412?1715532525 第 1 次 获取到号码【1578412】GSD
2024-05-13 00:48:51 未获取到号码【1578412】GSD，可能号码格式错误
2024-05-13 00:48:51 获取到号码【1578412】的GSD为【-】
2024-05-13 00:49:00 GSD insert 第 1 次 等待 3 秒
2024-05-13 00:49:03 {"status":"bad","gid":"386755","msg":"添加失败！号码【1578412(-|-)】已存在！"}

2024-05-13 01:14:26 开始第 8501 次操作

2024-05-13 01:14:26 开始操作号码 【1578413】
2024-05-13 01:14:32 GSD getOne 第 1 次 等待 3 秒
2024-05-13 01:14:35 查询号码 【1578413】，返回信息 {"status":"ok","msg":"-","gid":"386742","time_insert":"2021-07-25 07:41"}
2024-05-13 01:14:35 查询号码 【1578413】，GSD为【"-"】
2024-05-13 01:14:35 ok && -
2024-05-13 01:14:38 CHB 1578413?1715534075 第 1 次 等待 3 秒
2024-05-13 01:14:41 CHB 1578413?1715534075 第 1 次 获取到号码【1578413】GSD
2024-05-13 01:14:41 0: 江苏-南京
2024-05-13 01:14:41 获取到号码【1578413】的GSD为【江苏-南京】
2024-05-13 01:14:47 GSD insert 第 1 次 等待 3 秒
2024-05-13 01:14:50 {"status":"ok","gid":"386742","msg":"添加号码已存在，但为‘-’，修改为【江苏-南京】成功！"}
2024-05-13 01:14:50 随机等待 79 秒，约 1 分钟
2024-05-13 01:14:50 下次操作: 2024-05-13 01:16:09

2024-05-13 01:16:09 开始第 8502 次操作

2024-05-13 01:16:09 开始操作号码 【1578414】
2024-05-13 01:16:15 GSD getOne 第 1 次 等待 3 秒
2024-05-13 01:16:18 查询号码 【1578414】，返回信息 {"status":"ok","msg":"-","gid":"386736","time_insert":"2021-07-25 07:40"}
2024-05-13 01:16:18 查询号码 【1578414】，GSD为【"-"】
2024-05-13 01:16:18 ok && -
2024-05-13 01:16:21 CHB 1578414?1715534178 第 1 次 等待 3 秒
2024-05-13 01:16:24 CHB 1578414?1715534178 第 1 次 获取到号码【1578414】GSD
2024-05-13 01:16:24 未获取到号码【1578414】GSD，可能号码格式错误
2024-05-13 01:16:24 获取到号码【1578414】的GSD为【-】
2024-05-13 01:16:38 GSD insert 第 1 次 等待 3 秒
2024-05-13 01:16:41 {"status":"bad","gid":"386736","msg":"添加失败！号码【1578414(-|-)】已存在！"}
2024-05-13 01:16:41 随机等待 140 秒，约 2 分钟
2024-05-13 01:16:41 下次操作: 2024-05-13 01:19:01

2024-05-13 01:19:01 开始第 8503 次操作

2024-05-13 01:19:01 开始操作号码 【1578415】
2024-05-13 01:19:06 GSD getOne 第 1 次 等待 3 秒
2024-05-13 01:19:09 查询号码 【1578415】，返回信息 {"status":"ok","msg":"-","gid":"386728","time_insert":"2021-07-25 07:40"}
2024-05-13 01:19:09 查询号码 【1578415】，GSD为【"-"】
2024-05-13 01:19:09 ok && -
2024-05-13 01:19:12 CHB 1578415?1715534349 第 1 次 等待 3 秒
2024-05-13 01:19:15 CHB 1578415?1715534349 第 1 次 获取到号码【1578415】GSD
2024-05-13 01:19:15 未获取到号码【1578415】GSD，可能号码格式错误
2024-05-13 01:19:15 获取到号码【1578415】的GSD为【-】
2024-05-13 01:19:30 GSD insert 第 1 次 等待 3 秒
2024-05-13 01:19:33 {"status":"bad","gid":"386728","msg":"添加失败！号码【1578415(-|-)】已存在！"}
2024-05-13 01:19:33 随机等待 196 秒，约 3 分钟
2024-05-13 01:19:33 下次操作: 2024-05-13 01:22:49

2024-05-13 01:22:49 开始第 8504 次操作

2024-05-13 01:22:49 开始操作号码 【1578416】
2024-05-13 01:22:54 GSD getOne 第 1 次 等待 3 秒
2024-05-13 01:22:57 查询号码 【1578416】，返回信息 {"status":"ok","msg":"河北-邢台","gid":"386718","time_insert":"2021-07-25 07:39","time_update":"2023-05-25 16:37"}
2024-05-13 01:22:57 查询号码 【1578416】，GSD为【"河北-邢台"】

