2023-11-12 00:20:15 开始第 8021 次操作

2023-11-12 00:20:15 开始操作号码 【1897935】
2023-11-12 00:20:19 GSD getOne 第 1 次 等待 3 秒
2023-11-12 00:20:22 查询号码 【1897935】，返回信息 {"status":"ok","msg":"江西-上饶","gid":"444790","time_insert":"2021-07-30 13:48"}
2023-11-12 00:20:22 查询号码 【1897935】，GSD为【"江西-上饶"】

2023-11-12 00:20:23 开始第 8022 次操作

2023-11-12 00:20:23 开始操作号码 【1897936】
2023-11-12 00:20:26 GSD getOne 第 1 次 等待 3 秒
2023-11-12 00:20:29 查询号码 【1897936】，返回信息 {"status":"ok","msg":"江西-上饶","gid":"444782","time_insert":"2021-07-30 13:47","time_update":"2021-08-10 13:03"}
2023-11-12 00:20:29 查询号码 【1897936】，GSD为【"江西-上饶"】

2023-11-12 00:20:30 开始第 8023 次操作

2023-11-12 00:20:30 开始操作号码 【1897937】
2023-11-12 00:20:32 GSD getOne 第 1 次 等待 3 秒
2023-11-12 00:20:35 查询号码 【1897937】，返回信息 {"status":"ok","msg":"江西-上饶","gid":"444775","time_insert":"2021-07-30 13:47"}
2023-11-12 00:20:36 查询号码 【1897937】，GSD为【"江西-上饶"】

2023-11-12 00:20:37 开始第 8024 次操作

2023-11-12 00:20:37 开始操作号码 【1897938】
2023-11-12 00:20:43 GSD getOne 第 1 次 等待 3 秒
2023-11-12 00:20:46 查询号码 【1897938】，返回信息 {"status":"ok","msg":"江西-上饶","gid":"444765","time_insert":"2021-07-30 13:46"}
2023-11-12 00:20:46 查询号码 【1897938】，GSD为【"江西-上饶"】

2023-11-12 00:38:00 开始第 8025 次操作

2023-11-12 00:38:00 开始操作号码 【1897939】
2023-11-12 00:38:06 GSD getOne 第 1 次 等待 3 秒
2023-11-12 00:38:09 查询号码 【1897939】，返回信息 {"status":"ok","msg":"江西-上饶","gid":"444759","time_insert":"2021-07-30 13:46"}
2023-11-12 00:38:09 查询号码 【1897939】，GSD为【"江西-上饶"】

2023-11-12 00:38:10 开始第 8026 次操作

2023-11-12 00:38:10 开始操作号码 【1897940】
2023-11-12 00:38:13 GSD getOne 第 1 次 等待 3 秒
2023-11-12 00:38:16 查询号码 【1897940】，返回信息 {"status":"ok","msg":"江西-抚州","gid":"444750","time_insert":"2021-07-30 13:45"}
2023-11-12 00:38:16 查询号码 【1897940】，GSD为【"江西-抚州"】

2023-11-12 00:38:17 开始第 8027 次操作

2023-11-12 00:38:17 开始操作号码 【1897941】
2023-11-12 00:38:21 GSD getOne 第 1 次 等待 3 秒
2023-11-12 00:38:24 查询号码 【1897941】，返回信息 {"status":"ok","msg":"江西-抚州","gid":"45336","time_insert":"2018-12-29 08:43","time_update":"2020-09-07 21:34"}
2023-11-12 00:38:24 查询号码 【1897941】，GSD为【"江西-抚州"】

2023-11-12 00:38:25 开始第 8028 次操作

2023-11-12 00:38:25 开始操作号码 【1897942】
2023-11-12 00:38:29 GSD getOne 第 1 次 等待 3 秒
2023-11-12 00:38:32 查询号码 【1897942】，返回信息 {"status":"ok","msg":"江西-抚州","gid":"444739","time_insert":"2021-07-30 13:44"}
2023-11-12 00:38:32 查询号码 【1897942】，GSD为【"江西-抚州"】

2023-11-12 01:13:39 开始第 8029 次操作

2023-11-12 01:13:39 开始操作号码 【1897943】
2023-11-12 01:13:42 GSD getOne 第 1 次 等待 3 秒
2023-11-12 01:13:45 查询号码 【1897943】，返回信息 {"status":"ok","msg":"江西-抚州","gid":"444732","time_insert":"2021-07-30 13:44"}
2023-11-12 01:13:46 查询号码 【1897943】，GSD为【"江西-抚州"】

2023-11-12 01:13:47 开始第 8030 次操作

2023-11-12 01:13:47 开始操作号码 【1897944】
2023-11-12 01:13:50 GSD getOne 第 1 次 等待 3 秒
2023-11-12 01:13:53 查询号码 【1897944】，返回信息 {"status":"ok","msg":"江西-抚州","gid":"444725","time_insert":"2021-07-30 13:43"}
2023-11-12 01:13:53 查询号码 【1897944】，GSD为【"江西-抚州"】

2023-11-12 01:13:54 开始第 8031 次操作

2023-11-12 01:13:54 开始操作号码 【1897945】
2023-11-12 01:13:57 GSD getOne 第 1 次 等待 3 秒
2023-11-12 01:14:00 查询号码 【1897945】，返回信息 {"status":"ok","msg":"江西-抚州","gid":"444718","time_insert":"2021-07-30 13:42"}
2023-11-12 01:14:00 查询号码 【1897945】，GSD为【"江西-抚州"】

2023-11-12 01:14:01 开始第 8032 次操作

2023-11-12 01:14:01 开始操作号码 【1897946】
2023-11-12 01:14:05 GSD getOne 第 1 次 等待 3 秒
2023-11-12 01:14:08 查询号码 【1897946】，返回信息 {"status":"ok","msg":"江西-抚州","gid":"444710","time_insert":"2021-07-30 13:42"}
2023-11-12 01:14:09 查询号码 【1897946】，GSD为【"江西-抚州"】

2023-11-12 01:38:01 开始第 8033 次操作

2023-11-12 01:38:01 开始操作号码 【1897947】
2023-11-12 01:38:07 GSD getOne 第 1 次 等待 3 秒
2023-11-12 01:38:10 查询号码 【1897947】，返回信息 {"status":"ok","msg":"江西-抚州","gid":"444703","time_insert":"2021-07-30 13:41"}
2023-11-12 01:38:10 查询号码 【1897947】，GSD为【"江西-抚州"】

2023-11-12 01:38:11 开始第 8034 次操作

2023-11-12 01:38:11 开始操作号码 【1897948】
2023-11-12 01:38:14 GSD getOne 第 1 次 等待 3 秒
2023-11-12 01:38:17 查询号码 【1897948】，返回信息 {"status":"ok","msg":"江西-抚州","gid":"444696","time_insert":"2021-07-30 13:41"}
2023-11-12 01:38:17 查询号码 【1897948】，GSD为【"江西-抚州"】

2023-11-12 01:38:18 开始第 8035 次操作

2023-11-12 01:38:18 开始操作号码 【1897949】
2023-11-12 01:38:21 GSD getOne 第 1 次 等待 3 秒
2023-11-12 01:38:24 查询号码 【1897949】，返回信息 {"status":"ok","msg":"江西-抚州","gid":"444690","time_insert":"2021-07-30 13:40"}
2023-11-12 01:38:24 查询号码 【1897949】，GSD为【"江西-抚州"】

2023-11-12 01:38:25 开始第 8036 次操作

2023-11-12 01:38:25 开始操作号码 【1897950】
2023-11-12 01:38:29 GSD getOne 第 1 次 等待 3 秒
2023-11-12 01:38:32 查询号码 【1897950】，返回信息 {"status":"ok","msg":"江西-宜春","gid":"444684","time_insert":"2021-07-30 13:40"}
2023-11-12 01:38:32 查询号码 【1897950】，GSD为【"江西-宜春"】

2023-11-12 02:19:44 开始第 8037 次操作

2023-11-12 02:19:44 开始操作号码 【1897951】
2023-11-12 02:19:51 GSD getOne 第 1 次 等待 3 秒
2023-11-12 02:19:54 查询号码 【1897951】，返回信息 {"status":"ok","msg":"江西-宜春","gid":"444674","time_insert":"2021-07-30 13:39"}
2023-11-12 02:19:54 查询号码 【1897951】，GSD为【"江西-宜春"】

2023-11-12 02:19:55 开始第 8038 次操作

2023-11-12 02:19:55 开始操作号码 【1897952】
2023-11-12 02:20:01 GSD getOne 第 1 次 等待 3 秒
2023-11-12 02:20:04 查询号码 【1897952】，返回信息 {"status":"ok","msg":"江西-宜春","gid":"444668","time_insert":"2021-07-30 13:38"}
2023-11-12 02:20:04 查询号码 【1897952】，GSD为【"江西-宜春"】

2023-11-12 02:20:05 开始第 8039 次操作

2023-11-12 02:20:05 开始操作号码 【1897953】
2023-11-12 02:20:10 GSD getOne 第 1 次 等待 3 秒
2023-11-12 02:20:13 查询号码 【1897953】，返回信息 {"status":"ok","msg":"江西-宜春","gid":"444663","time_insert":"2021-07-30 13:38"}
2023-11-12 02:20:13 查询号码 【1897953】，GSD为【"江西-宜春"】

2023-11-12 02:20:14 开始第 8040 次操作

2023-11-12 02:20:14 开始操作号码 【1897954】
2023-11-12 02:20:18 GSD getOne 第 1 次 等待 3 秒
2023-11-12 02:20:21 查询号码 【1897954】，返回信息 {"status":"ok","msg":"江西-宜春","gid":"444657","time_insert":"2021-07-30 13:37"}
2023-11-12 02:20:21 查询号码 【1897954】，GSD为【"江西-宜春"】

2023-11-12 02:37:44 开始第 8041 次操作

2023-11-12 02:37:44 开始操作号码 【1897955】
2023-11-12 02:37:48 GSD getOne 第 1 次 等待 3 秒
2023-11-12 02:37:51 查询号码 【1897955】，返回信息 {"status":"ok","msg":"江西-宜春","gid":"45337","time_insert":"2019-11-15 11:24","time_update":"2020-09-07 21:30"}
2023-11-12 02:37:51 查询号码 【1897955】，GSD为【"江西-宜春"】

2023-11-12 02:37:52 开始第 8042 次操作

2023-11-12 02:37:52 开始操作号码 【1897956】
2023-11-12 02:37:57 GSD getOne 第 1 次 等待 3 秒
2023-11-12 02:38:00 查询号码 【1897956】，返回信息 {"status":"ok","msg":"江西-宜春","gid":"444651","time_insert":"2021-07-30 13:36"}
2023-11-12 02:38:00 查询号码 【1897956】，GSD为【"江西-宜春"】

2023-11-12 02:38:01 开始第 8043 次操作

2023-11-12 02:38:01 开始操作号码 【1897957】
2023-11-12 02:38:04 GSD getOne 第 1 次 等待 3 秒
2023-11-12 02:38:07 查询号码 【1897957】，返回信息 {"status":"ok","msg":"江西-宜春","gid":"444643","time_insert":"2021-07-30 13:36"}
2023-11-12 02:38:07 查询号码 【1897957】，GSD为【"江西-宜春"】

2023-11-12 02:38:08 开始第 8044 次操作

2023-11-12 02:38:08 开始操作号码 【1897958】
2023-11-12 02:38:11 GSD getOne 第 1 次 等待 3 秒
2023-11-12 02:38:14 查询号码 【1897958】，返回信息 {"status":"ok","msg":"江西-宜春","gid":"444611","time_insert":"2021-07-30 13:28"}
2023-11-12 02:38:14 查询号码 【1897958】，GSD为【"江西-宜春"】

