2024-09-27 00:25:20 开始第 6657 次操作

2024-09-27 00:25:20 开始操作号码 【1356656】
2024-09-27 00:25:21 GSD getOne 第 1 次 等待 3 秒
2024-09-27 00:25:24 查询号码 【1356656】，返回信息 {"status":"ok","msg":"浙江-宁波","gid":"287066","time_insert":"2021-07-15 20:15"}
2024-09-27 00:25:25 查询号码 【1356656】，GSD为【"浙江-宁波"】

2024-09-27 00:25:26 开始第 6658 次操作

2024-09-27 00:25:26 开始操作号码 【1356657】
2024-09-27 00:25:28 GSD getOne 第 1 次 等待 3 秒
2024-09-27 00:25:31 查询号码 【1356657】，返回信息 {"status":"ok","msg":"浙江-宁波","gid":"287102","time_insert":"2021-07-15 20:27"}
2024-09-27 00:25:31 查询号码 【1356657】，GSD为【"浙江-宁波"】

2024-09-27 00:25:32 开始第 6659 次操作

2024-09-27 00:25:32 开始操作号码 【1356658】
2024-09-27 00:25:34 GSD getOne 第 1 次 等待 3 秒
2024-09-27 00:25:37 查询号码 【1356658】，返回信息 {"status":"ok","msg":"浙江-宁波","gid":"287138","time_insert":"2021-07-15 20:38"}
2024-09-27 00:25:37 查询号码 【1356658】，GSD为【"浙江-宁波"】

2024-09-27 00:25:38 开始第 6660 次操作

2024-09-27 00:25:38 开始操作号码 【1356659】
2024-09-27 00:25:41 GSD getOne 第 1 次 等待 3 秒
2024-09-27 00:25:44 查询号码 【1356659】，返回信息 {"status":"ok","msg":"浙江-宁波","gid":"287164","time_insert":"2021-07-15 20:51"}
2024-09-27 00:25:44 查询号码 【1356659】，GSD为【"浙江-宁波"】

2024-09-27 00:45:27 开始第 6661 次操作

2024-09-27 00:45:27 开始操作号码 【1356660】
2024-09-27 00:45:30 GSD getOne 第 1 次 等待 3 秒
2024-09-27 00:45:33 查询号码 【1356660】，返回信息 {"status":"ok","msg":"浙江-宁波","gid":"287229","time_insert":"2021-07-15 21:05"}
2024-09-27 00:45:33 查询号码 【1356660】，GSD为【"浙江-宁波"】

2024-09-27 00:45:34 开始第 6662 次操作

2024-09-27 00:45:34 开始操作号码 【1356661】
2024-09-27 00:45:36 GSD getOne 第 1 次 等待 3 秒
2024-09-27 00:45:39 查询号码 【1356661】，返回信息 {"status":"ok","msg":"浙江-宁波","gid":"287337","time_insert":"2021-07-15 21:18"}
2024-09-27 00:45:39 查询号码 【1356661】，GSD为【"浙江-宁波"】

2024-09-27 00:45:40 开始第 6663 次操作

2024-09-27 00:45:40 开始操作号码 【1356662】
2024-09-27 00:45:42 GSD getOne 第 1 次 等待 3 秒
2024-09-27 00:45:45 查询号码 【1356662】，返回信息 {"status":"ok","msg":"浙江-宁波","gid":"287423","time_insert":"2021-07-15 21:30"}
2024-09-27 00:45:45 查询号码 【1356662】，GSD为【"浙江-宁波"】

2024-09-27 00:45:46 开始第 6664 次操作

2024-09-27 00:45:46 开始操作号码 【1356663】
2024-09-27 00:45:50 GSD getOne 第 1 次 等待 3 秒
2024-09-27 00:45:53 查询号码 【1356663】，返回信息 {"status":"ok","msg":"浙江-宁波","gid":"287484","time_insert":"2021-07-15 21:43"}
2024-09-27 00:45:53 查询号码 【1356663】，GSD为【"浙江-宁波"】

