2024-05-15 00:23:54 开始第 8845 次操作

2024-05-15 00:23:54 开始操作号码 【1578751】
2024-05-15 00:24:01 GSD getOne 第 1 次 等待 3 秒
2024-05-15 00:24:04 查询号码 【1578751】，返回信息 {"status":"ok","msg":"-","gid":"382519","time_insert":"2021-07-24 23:04"}
2024-05-15 00:24:04 查询号码 【1578751】，GSD为【"-"】
2024-05-15 00:24:04 ok && -
2024-05-15 00:24:07 CHB 1578751?1715703844 第 1 次 等待 3 秒
2024-05-15 00:24:10 CHB 1578751?1715703844 第 1 次 获取到号码【1578751】GSD
2024-05-15 00:24:10 未获取到号码【1578751】GSD，可能号码格式错误
2024-05-15 00:24:10 获取到号码【1578751】的GSD为【-】
2024-05-15 00:24:19 GSD insert 第 1 次 等待 3 秒
2024-05-15 00:24:22 {"status":"bad","gid":"382519","msg":"添加失败！号码【1578751(-|-)】已存在！"}
2024-05-15 00:24:22 随机等待 146 秒，约 2 分钟
2024-05-15 00:24:22 下次操作: 2024-05-15 00:26:48

2024-05-15 00:26:48 开始第 8846 次操作

2024-05-15 00:26:48 开始操作号码 【1578752】
2024-05-15 00:26:54 GSD getOne 第 1 次 等待 3 秒
2024-05-15 00:26:57 查询号码 【1578752】，返回信息 {"status":"ok","msg":"-","gid":"382501","time_insert":"2021-07-24 23:03"}
2024-05-15 00:26:58 查询号码 【1578752】，GSD为【"-"】
2024-05-15 00:26:58 ok && -
2024-05-15 00:27:00 CHB 1578752?1715704018 第 1 次 等待 3 秒
2024-05-15 00:27:03 CHB 1578752?1715704018 第 1 次 获取到号码【1578752】GSD
2024-05-15 00:27:03 未获取到号码【1578752】GSD，可能号码格式错误
2024-05-15 00:27:03 获取到号码【1578752】的GSD为【-】
2024-05-15 00:27:09 GSD insert 第 1 次 等待 3 秒
2024-05-15 00:27:12 {"status":"bad","gid":"382501","msg":"添加失败！号码【1578752(-|-)】已存在！"}
2024-05-15 00:27:12 随机等待 168 秒，约 2 分钟
2024-05-15 00:27:12 下次操作: 2024-05-15 00:30:00

2024-05-15 00:30:00 开始第 8847 次操作

2024-05-15 00:30:00 开始操作号码 【1578753】
2024-05-15 00:30:07 GSD getOne 第 1 次 等待 3 秒
2024-05-15 00:30:10 查询号码 【1578753】，返回信息 {"status":"ok","msg":"-","gid":"382493","time_insert":"2021-07-24 23:02"}
2024-05-15 00:30:10 查询号码 【1578753】，GSD为【"-"】
2024-05-15 00:30:10 ok && -
2024-05-15 00:30:16 CHB 1578753?1715704210 第 1 次 等待 3 秒
2024-05-15 00:30:19 CHB 1578753?1715704210 第 1 次 获取到号码【1578753】GSD
2024-05-15 00:30:19 未获取到号码【1578753】GSD，可能号码格式错误
2024-05-15 00:30:19 获取到号码【1578753】的GSD为【-】
2024-05-15 00:30:24 GSD insert 第 1 次 等待 3 秒
2024-05-15 00:30:27 {"status":"bad","gid":"382493","msg":"添加失败！号码【1578753(-|-)】已存在！"}
2024-05-15 00:30:27 随机等待 109 秒，约 1 分钟
2024-05-15 00:30:27 下次操作: 2024-05-15 00:32:16

2024-05-15 00:32:16 开始第 8848 次操作

2024-05-15 00:32:16 开始操作号码 【1578754】
2024-05-15 00:32:24 GSD getOne 第 1 次 等待 3 秒
2024-05-15 00:32:27 查询号码 【1578754】，返回信息 {"status":"ok","msg":"-","gid":"382470","time_insert":"2021-07-24 22:56"}
2024-05-15 00:32:27 查询号码 【1578754】，GSD为【"-"】
2024-05-15 00:32:27 ok && -
2024-05-15 00:32:30 CHB 1578754?1715704347 第 1 次 等待 3 秒
2024-05-15 00:32:33 CHB 1578754?1715704347 第 1 次 获取到号码【1578754】GSD
2024-05-15 00:32:33 未获取到号码【1578754】GSD，可能号码格式错误
2024-05-15 00:32:33 获取到号码【1578754】的GSD为【-】
2024-05-15 00:32:38 GSD insert 第 1 次 等待 3 秒
2024-05-15 00:32:41 {"status":"bad","gid":"382470","msg":"添加失败！号码【1578754(-|-)】已存在！"}

