2024-08-01 00:24:07 开始第 8965 次操作

2024-08-01 00:24:07 开始操作号码 【1468867】
2024-08-01 00:24:16 GSD getOne 第 1 次 等待 3 秒
2024-08-01 00:24:19 查询号码 【1468867】，返回信息 {"status":"ok","msg":"江苏-南京","gid":"366242","time_insert":"2021-07-23 13:44","time_update":"2023-05-23 11:08"}
2024-08-01 00:24:19 查询号码 【1468867】，GSD为【"江苏-南京"】

2024-08-01 00:24:20 开始第 8966 次操作

2024-08-01 00:24:20 开始操作号码 【1468868】
2024-08-01 00:24:28 GSD getOne 第 1 次 等待 3 秒
2024-08-01 00:24:31 查询号码 【1468868】，返回信息 {"status":"ok","msg":"江苏-南京","gid":"366234","time_insert":"2021-07-23 13:43","time_update":"2023-05-23 11:16"}
2024-08-01 00:24:31 查询号码 【1468868】，GSD为【"江苏-南京"】

2024-08-01 00:24:32 开始第 8967 次操作

2024-08-01 00:24:32 开始操作号码 【1468869】
2024-08-01 00:24:40 GSD getOne 第 1 次 等待 3 秒
2024-08-01 00:24:43 查询号码 【1468869】，返回信息 {"status":"ok","msg":"江苏-南京","gid":"366226","time_insert":"2021-07-23 13:43","time_update":"2023-05-23 11:17"}
2024-08-01 00:24:43 查询号码 【1468869】，GSD为【"江苏-南京"】

2024-08-01 00:24:44 开始第 8968 次操作

2024-08-01 00:24:44 开始操作号码 【1468870】
2024-08-01 00:24:52 GSD getOne 第 1 次 等待 3 秒
2024-08-01 00:24:55 查询号码 【1468870】，返回信息 {"status":"ok","msg":"江苏-南京","gid":"366215","time_insert":"2021-07-23 13:42","time_update":"2023-05-23 11:18"}
2024-08-01 00:24:55 查询号码 【1468870】，GSD为【"江苏-南京"】

