2024-07-22 00:24:37 开始第 7213 次操作

2024-07-22 00:24:37 开始操作号码 【1467115】
2024-07-22 00:24:45 GSD getOne 第 1 次 等待 3 秒
2024-07-22 00:24:48 查询号码 【1467115】，返回信息 {"status":"ok","msg":"江苏-南京","gid":"389043","time_insert":"2021-07-25 12:52"}
2024-07-22 00:24:48 查询号码 【1467115】，GSD为【"江苏-南京"】

2024-07-22 00:24:49 开始第 7214 次操作

2024-07-22 00:24:49 开始操作号码 【1467116】
2024-07-22 00:24:56 GSD getOne 第 1 次 等待 3 秒
2024-07-22 00:24:59 查询号码 【1467116】，返回信息 {"status":"ok","msg":"江苏-南京","gid":"389033","time_insert":"2021-07-25 12:52"}
2024-07-22 00:24:59 查询号码 【1467116】，GSD为【"江苏-南京"】

2024-07-22 00:25:00 开始第 7215 次操作

2024-07-22 00:25:00 开始操作号码 【1467117】
2024-07-22 00:25:08 GSD getOne 第 1 次 等待 3 秒
2024-07-22 00:25:11 查询号码 【1467117】，返回信息 {"status":"ok","msg":"江苏-南京","gid":"389022","time_insert":"2021-07-25 12:51"}
2024-07-22 00:25:12 查询号码 【1467117】，GSD为【"江苏-南京"】

2024-07-22 00:25:13 开始第 7216 次操作

2024-07-22 00:25:13 开始操作号码 【1467118】
2024-07-22 00:25:20 GSD getOne 第 1 次 等待 3 秒
2024-07-22 00:25:23 查询号码 【1467118】，返回信息 {"status":"ok","msg":"江苏-南京","gid":"389012","time_insert":"2021-07-25 12:50"}
2024-07-22 00:25:23 查询号码 【1467118】，GSD为【"江苏-南京"】

