2023-12-23 00:21:34 开始第 4597 次操作

2023-12-23 00:21:34 开始操作号码 【1794511】
2023-12-23 00:21:39 GSD getOne 第 1 次 等待 3 秒
2023-12-23 00:21:42 查询号码 【1794511】，返回信息 {"status":"ok","msg":"-","gid":"652799","time_insert":"2023-04-14 02:17"}
2023-12-23 00:21:42 查询号码 【1794511】，GSD为【"-"】
2023-12-23 00:21:42 ok && -
2023-12-23 00:21:48 CHB 1794511?1703262102 第 1 次 等待 3 秒
2023-12-23 00:21:51 CHB 1794511?1703262102 第 1 次 获取到号码【1794511】GSD
2023-12-23 00:21:51 未获取到号码【1794511】GSD，可能号码格式错误
2023-12-23 00:21:51 获取到号码【1794511】的GSD为【-】
2023-12-23 00:21:55 GSD insert 第 1 次 等待 3 秒
2023-12-23 00:21:58 {"status":"bad","gid":"652799","msg":"添加失败！号码【1794511(-|-)】已存在！"}
2023-12-23 00:21:58 随机等待 88 秒，约 1 分钟
2023-12-23 00:21:58 下次操作: 2023-12-23 00:23:26

2023-12-23 00:23:26 开始第 4598 次操作

2023-12-23 00:23:26 开始操作号码 【1794512】
2023-12-23 00:23:30 GSD getOne 第 1 次 等待 3 秒
2023-12-23 00:23:33 查询号码 【1794512】，返回信息 {"status":"ok","msg":"-","gid":"652829","time_insert":"2023-04-14 02:37"}
2023-12-23 00:23:33 查询号码 【1794512】，GSD为【"-"】
2023-12-23 00:23:33 ok && -
2023-12-23 00:23:36 CHB 1794512?1703262213 第 1 次 等待 3 秒
2023-12-23 00:23:39 CHB 1794512?1703262213 第 1 次 获取到号码【1794512】GSD
2023-12-23 00:23:39 未获取到号码【1794512】GSD，可能号码格式错误
2023-12-23 00:23:39 获取到号码【1794512】的GSD为【-】
2023-12-23 00:23:44 GSD insert 第 1 次 等待 3 秒
2023-12-23 00:23:47 {"status":"bad","gid":"652829","msg":"添加失败！号码【1794512(-|-)】已存在！"}
2023-12-23 00:23:47 随机等待 182 秒，约 3 分钟
2023-12-23 00:23:47 下次操作: 2023-12-23 00:26:49

2023-12-23 00:26:49 开始第 4599 次操作

2023-12-23 00:26:49 开始操作号码 【1794513】
2023-12-23 00:26:54 GSD getOne 第 1 次 等待 3 秒
2023-12-23 00:26:57 查询号码 【1794513】，返回信息 {"status":"ok","msg":"-","gid":"652860","time_insert":"2023-04-14 02:55"}
2023-12-23 00:26:57 查询号码 【1794513】，GSD为【"-"】
2023-12-23 00:26:57 ok && -
2023-12-23 00:27:00 CHB 1794513?1703262417 第 1 次 等待 3 秒
2023-12-23 00:27:03 CHB 1794513?1703262417 第 1 次 获取到号码【1794513】GSD
2023-12-23 00:27:03 未获取到号码【1794513】GSD，可能号码格式错误
2023-12-23 00:27:03 获取到号码【1794513】的GSD为【-】
2023-12-23 00:27:07 GSD insert 第 1 次 等待 3 秒
2023-12-23 00:27:10 {"status":"bad","gid":"652860","msg":"添加失败！号码【1794513(-|-)】已存在！"}
2023-12-23 00:27:10 随机等待 229 秒，约 3 分钟
2023-12-23 00:27:10 下次操作: 2023-12-23 00:30:59

2023-12-23 00:30:59 开始第 4600 次操作

2023-12-23 00:30:59 开始操作号码 【1794514】
2023-12-23 00:31:03 GSD getOne 第 1 次 等待 3 秒
2023-12-23 00:31:06 查询号码 【1794514】，返回信息 {"status":"ok","msg":"-","gid":"652888","time_insert":"2023-04-14 03:14"}
2023-12-23 00:31:06 查询号码 【1794514】，GSD为【"-"】
2023-12-23 00:31:06 ok && -
2023-12-23 00:31:13 CHB 1794514?1703262666 第 1 次 等待 3 秒
2023-12-23 00:31:16 CHB 1794514?1703262666 第 1 次 获取到号码【1794514】GSD
2023-12-23 00:31:16 未获取到号码【1794514】GSD，可能号码格式错误
2023-12-23 00:31:16 获取到号码【1794514】的GSD为【-】
2023-12-23 00:31:20 GSD insert 第 1 次 等待 3 秒
2023-12-23 00:31:23 {"status":"bad","gid":"652888","msg":"添加失败！号码【1794514(-|-)】已存在！"}

