2021-07-05 00:00:55 开始第 8 次操作

2021-07-05 00:00:55 开始操作号码 【1715483】
2021-07-05 00:00:59 GSD getOne 第 1 次 等待 1 秒
2021-07-05 00:01:00 查询号码 【1715483】，返回信息 {"status":"bad","msg":""}
2021-07-05 00:01:00 查询号码 【1715483】，GSD为【""】
2021-07-05 00:01:00 bad
2021-07-05 00:01:02 CHB 1715483?1625414460 第 1 次 等待 1 秒
2021-07-05 00:01:03 CHB 1715483?1625414460 第 1 次 获取到号码【1715483】GSD
2021-07-05 00:01:03 获取到号码【1715483】的GSD为【广东-深圳】
2021-07-05 00:01:26 GSD insert 第 1 次 等待 1 秒
2021-07-05 00:01:27 {"status":"ok","msg":"添加成功！193982"}
2021-07-05 00:01:27 下次操作: 2021-07-05 00:01:40

2021-07-05 00:01:40 开始第 9 次操作

2021-07-05 00:01:40 开始操作号码 【1715484】
2021-07-05 00:01:50 GSD getOne 第 1 次 等待 1 秒
2021-07-05 00:01:51 查询号码 【1715484】，返回信息 {"status":"bad","msg":""}
2021-07-05 00:01:51 查询号码 【1715484】，GSD为【""】
2021-07-05 00:01:51 bad
2021-07-05 00:01:53 CHB 1715484?1625414511 第 1 次 等待 1 秒
2021-07-05 00:01:54 CHB 1715484?1625414511 第 1 次 获取到号码【1715484】GSD
2021-07-05 00:01:54 获取到号码【1715484】的GSD为【广东-深圳】
2021-07-05 00:02:14 GSD insert 第 1 次 等待 1 秒
2021-07-05 00:02:15 {"status":"ok","msg":"添加成功！193988"}
2021-07-05 00:02:15 下次操作: 2021-07-05 00:02:22

2021-07-05 00:02:22 开始第 10 次操作

2021-07-05 00:02:22 开始操作号码 【1715485】
2021-07-05 00:02:42 GSD getOne 第 1 次 等待 1 秒
2021-07-05 00:02:43 查询号码 【1715485】，返回信息 {"status":"bad","msg":""}
2021-07-05 00:02:43 查询号码 【1715485】，GSD为【""】
2021-07-05 00:02:43 bad
2021-07-05 00:02:45 CHB 1715485?1625414564 第 1 次 等待 1 秒
2021-07-05 00:02:46 CHB 1715485?1625414564 第 1 次 获取到号码【1715485】GSD
2021-07-05 00:02:46 获取到号码【1715485】的GSD为【广东-深圳】
2021-07-05 00:03:09 GSD insert 第 1 次 等待 1 秒
2021-07-05 00:03:10 {"status":"ok","msg":"添加成功！193999"}
2021-07-05 00:03:10 下次操作: 2021-07-05 00:03:20

2021-07-05 00:03:20 开始第 11 次操作

2021-07-05 00:03:20 开始操作号码 【1715486】
2021-07-05 00:03:40 GSD getOne 第 1 次 等待 1 秒
2021-07-05 00:03:41 查询号码 【1715486】，返回信息 {"status":"bad","msg":""}
2021-07-05 00:03:41 查询号码 【1715486】，GSD为【""】
2021-07-05 00:03:41 bad
2021-07-05 00:03:44 CHB 1715486?1625414621 第 1 次 等待 1 秒
2021-07-05 00:03:45 CHB 1715486?1625414621 第 1 次 获取到号码【1715486】GSD
2021-07-05 00:03:45 获取到号码【1715486】的GSD为【广东-深圳】
2021-07-05 00:04:06 GSD insert 第 1 次 等待 1 秒
2021-07-05 00:04:07 {"status":"ok","msg":"添加成功！194009"}
2021-07-05 00:04:07 下次操作: 2021-07-05 00:04:18

2021-07-05 00:04:18 开始第 12 次操作

2021-07-05 00:04:18 开始操作号码 【1715487】
2021-07-05 00:04:33 GSD getOne 第 1 次 等待 1 秒
2021-07-05 00:04:34 查询号码 【1715487】，返回信息 {"status":"bad","msg":""}
2021-07-05 00:04:34 查询号码 【1715487】，GSD为【""】
2021-07-05 00:04:34 bad
2021-07-05 00:04:37 CHB 1715487?1625414674 第 1 次 等待 1 秒
2021-07-05 00:04:38 CHB 1715487?1625414674 第 1 次 获取到号码【1715487】GSD
2021-07-05 00:04:38 获取到号码【1715487】的GSD为【广东-深圳】
2021-07-05 00:04:59 GSD insert 第 1 次 等待 1 秒
2021-07-05 00:05:00 {"status":"ok","msg":"添加成功！194020"}
2021-07-05 00:05:00 下次操作: 2021-07-05 00:05:17

2021-07-05 00:05:17 开始第 13 次操作

2021-07-05 00:05:17 开始操作号码 【1715488】
2021-07-05 00:05:23 GSD getOne 第 1 次 等待 1 秒
2021-07-05 00:05:24 查询号码 【1715488】，返回信息 {"status":"bad","msg":""}
2021-07-05 00:05:25 查询号码 【1715488】，GSD为【""】
2021-07-05 00:05:25 bad
2021-07-05 00:05:32 CHB 1715488?1625414725 第 1 次 等待 1 秒
2021-07-05 00:05:33 CHB 1715488?1625414725 第 1 次 获取到号码【1715488】GSD
2021-07-05 00:05:33 获取到号码【1715488】的GSD为【广东-深圳】
2021-07-05 00:05:44 GSD insert 第 1 次 等待 1 秒
2021-07-05 00:05:45 {"status":"ok","msg":"添加成功！194025"}
2021-07-05 00:05:45 下次操作: 2021-07-05 00:05:59

2021-07-05 00:05:59 开始第 14 次操作

2021-07-05 00:05:59 开始操作号码 【1715489】
2021-07-05 00:06:05 GSD getOne 第 1 次 等待 1 秒
2021-07-05 00:06:06 查询号码 【1715489】，返回信息 {"status":"bad","msg":""}
2021-07-05 00:06:06 查询号码 【1715489】，GSD为【""】
2021-07-05 00:06:06 bad
2021-07-05 00:06:12 CHB 1715489?1625414766 第 1 次 等待 1 秒
2021-07-05 00:06:13 CHB 1715489?1625414766 第 1 次 获取到号码【1715489】GSD
2021-07-05 00:06:13 获取到号码【1715489】的GSD为【广东-深圳】
2021-07-05 00:06:36 GSD insert 第 1 次 等待 1 秒
2021-07-05 00:06:37 {"status":"ok","msg":"添加成功！194032"}
2021-07-05 00:06:37 下次操作: 2021-07-05 00:06:52

2021-07-05 00:06:52 开始第 15 次操作

2021-07-05 00:06:52 开始操作号码 【1715490】
2021-07-05 00:06:56 GSD getOne 第 1 次 等待 1 秒
2021-07-05 00:06:57 查询号码 【1715490】，返回信息 {"status":"bad","msg":""}
2021-07-05 00:06:58 查询号码 【1715490】，GSD为【""】
2021-07-05 00:06:58 bad
2021-07-05 00:07:03 CHB 1715490?1625414818 第 1 次 等待 1 秒
2021-07-05 00:07:04 CHB 1715490?1625414818 第 1 次 获取到号码【1715490】GSD
2021-07-05 00:07:04 获取到号码【1715490】的GSD为【安徽-合肥】
2021-07-05 00:07:25 GSD insert 第 1 次 等待 1 秒
2021-07-05 00:07:26 {"status":"ok","msg":"添加成功！194041"}
2021-07-05 00:07:26 下次操作: 2021-07-05 00:07:38

2021-07-05 00:07:38 开始第 16 次操作

2021-07-05 00:07:38 开始操作号码 【1715491】
2021-07-05 00:07:51 GSD getOne 第 1 次 等待 1 秒
2021-07-05 00:07:52 查询号码 【1715491】，返回信息 {"status":"bad","msg":""}
2021-07-05 00:07:52 查询号码 【1715491】，GSD为【""】
2021-07-05 00:07:52 bad
2021-07-05 00:07:55 CHB 1715491?1625414872 第 1 次 等待 1 秒
2021-07-05 00:07:56 CHB 1715491?1625414872 第 1 次 获取到号码【1715491】GSD
2021-07-05 00:07:56 获取到号码【1715491】的GSD为【安徽-合肥】
2021-07-05 00:08:16 GSD insert 第 1 次 等待 1 秒
2021-07-05 00:08:17 {"status":"ok","msg":"添加成功！194047"}
2021-07-05 00:08:17 下次操作: 2021-07-05 00:08:30

2021-07-05 00:08:30 开始第 17 次操作

2021-07-05 00:08:30 开始操作号码 【1715492】
2021-07-05 00:08:37 GSD getOne 第 1 次 等待 1 秒
2021-07-05 00:08:38 查询号码 【1715492】，返回信息 {"status":"bad","msg":""}
2021-07-05 00:08:38 查询号码 【1715492】，GSD为【""】
2021-07-05 00:08:38 bad
2021-07-05 00:08:40 CHB 1715492?1625414918 第 1 次 等待 1 秒
2021-07-05 00:08:41 CHB 1715492?1625414918 第 1 次 获取到号码【1715492】GSD
2021-07-05 00:08:41 获取到号码【1715492】的GSD为【安徽-合肥】
2021-07-05 00:09:00 GSD insert 第 1 次 等待 1 秒
2021-07-05 00:09:01 {"status":"ok","msg":"添加成功！194053"}
2021-07-05 00:09:01 下次操作: 2021-07-05 00:09:14

2021-07-05 00:09:14 开始第 18 次操作

2021-07-05 00:09:14 开始操作号码 【1715493】
2021-07-05 00:09:23 GSD getOne 第 1 次 等待 1 秒
2021-07-05 00:09:24 查询号码 【1715493】，返回信息 {"status":"bad","msg":""}
2021-07-05 00:09:25 查询号码 【1715493】，GSD为【""】
2021-07-05 00:09:25 bad
2021-07-05 00:09:26 CHB 1715493?1625414965 第 1 次 等待 1 秒
2021-07-05 00:09:27 CHB 1715493?1625414965 第 1 次 获取到号码【1715493】GSD
2021-07-05 00:09:27 获取到号码【1715493】的GSD为【安徽-合肥】
2021-07-05 00:10:35 GSD insert 第 1 次 等待 1 秒
2021-07-05 00:10:36 {"status":"ok","msg":"添加成功！194062"}
2021-07-05 00:10:36 下次操作: 2021-07-05 00:10:51

2021-07-05 00:10:51 开始第 19 次操作

2021-07-05 00:10:51 开始操作号码 【1715494】
2021-07-05 00:11:01 GSD getOne 第 1 次 等待 1 秒
2021-07-05 00:11:02 查询号码 【1715494】，返回信息 {"status":"bad","msg":""}
2021-07-05 00:11:03 查询号码 【1715494】，GSD为【""】
2021-07-05 00:11:03 bad
2021-07-05 00:11:09 CHB 1715494?1625415063 第 1 次 等待 1 秒
2021-07-05 00:11:10 CHB 1715494?1625415063 第 1 次 获取到号码【1715494】GSD
2021-07-05 00:11:10 获取到号码【1715494】的GSD为【安徽-合肥】
2021-07-05 00:11:22 GSD insert 第 1 次 等待 1 秒
2021-07-05 00:11:23 {"status":"ok","msg":"添加成功！194068"}
2021-07-05 00:11:23 下次操作: 2021-07-05 00:11:40

2021-07-05 00:11:40 开始第 20 次操作

2021-07-05 00:11:40 开始操作号码 【1715495】
2021-07-05 00:11:45 GSD getOne 第 1 次 等待 1 秒
2021-07-05 00:11:46 查询号码 【1715495】，返回信息 {"status":"bad","msg":""}
2021-07-05 00:11:46 查询号码 【1715495】，GSD为【""】
2021-07-05 00:11:46 bad
2021-07-05 00:11:49 CHB 1715495?1625415106 第 1 次 等待 1 秒
2021-07-05 00:11:50 CHB 1715495?1625415106 第 1 次 获取到号码【1715495】GSD
2021-07-05 00:11:50 获取到号码【1715495】的GSD为【安徽-合肥】
2021-07-05 00:12:09 GSD insert 第 1 次 等待 1 秒
2021-07-05 00:12:10 {"status":"ok","msg":"添加成功！194074"}
2021-07-05 00:12:10 下次操作: 2021-07-05 00:12:21

2021-07-05 00:12:21 开始第 21 次操作

2021-07-05 00:12:21 开始操作号码 【1715496】
2021-07-05 00:12:33 GSD getOne 第 1 次 等待 1 秒
2021-07-05 00:12:34 查询号码 【1715496】，返回信息 {"status":"bad","msg":""}
2021-07-05 00:12:35 查询号码 【1715496】，GSD为【""】
2021-07-05 00:12:35 bad
2021-07-05 00:12:37 CHB 1715496?1625415155 第 1 次 等待 1 秒
2021-07-05 00:12:38 CHB 1715496?1625415155 第 1 次 获取到号码【1715496】GSD
2021-07-05 00:12:38 获取到号码【1715496】的GSD为【安徽-合肥】
2021-07-05 00:12:58 GSD insert 第 1 次 等待 1 秒
2021-07-05 00:12:59 {"status":"ok","msg":"添加成功！194077"}
2021-07-05 00:12:59 下次操作: 2021-07-05 00:13:15

2021-07-05 00:13:15 开始第 22 次操作

2021-07-05 00:13:15 开始操作号码 【1715497】
2021-07-05 00:13:19 GSD getOne 第 1 次 等待 1 秒
2021-07-05 00:13:20 查询号码 【1715497】，返回信息 {"status":"bad","msg":""}
2021-07-05 00:13:20 查询号码 【1715497】，GSD为【""】
2021-07-05 00:13:20 bad
2021-07-05 00:13:24 CHB 1715497?1625415200 第 1 次 等待 1 秒
2021-07-05 00:13:25 CHB 1715497?1625415200 第 1 次 获取到号码【1715497】GSD
2021-07-05 00:13:25 获取到号码【1715497】的GSD为【安徽-合肥】
2021-07-05 00:13:55 GSD insert 第 1 次 等待 1 秒
2021-07-05 00:13:56 {"status":"ok","msg":"添加成功！194082"}
2021-07-05 00:13:56 下次操作: 2021-07-05 00:14:11

2021-07-05 00:14:11 开始第 23 次操作

2021-07-05 00:14:11 开始操作号码 【1715498】
2021-07-05 00:14:15 GSD getOne 第 1 次 等待 1 秒
2021-07-05 00:14:16 查询号码 【1715498】，返回信息 {"status":"bad","msg":""}
2021-07-05 00:14:16 查询号码 【1715498】，GSD为【""】
2021-07-05 00:14:16 bad
2021-07-05 00:14:20 CHB 1715498?1625415256 第 1 次 等待 1 秒
2021-07-05 00:14:21 CHB 1715498?1625415256 第 1 次 获取到号码【1715498】GSD
2021-07-05 00:14:21 获取到号码【1715498】的GSD为【安徽-合肥】
2021-07-05 00:14:49 GSD insert 第 1 次 等待 1 秒
2021-07-05 00:14:50 {"status":"ok","msg":"添加成功！194086"}
2021-07-05 00:14:50 下次操作: 2021-07-05 00:15:07

2021-07-05 00:15:07 开始第 24 次操作

2021-07-05 00:15:07 开始操作号码 【1715499】
2021-07-05 00:15:11 GSD getOne 第 1 次 等待 1 秒
2021-07-05 00:15:12 查询号码 【1715499】，返回信息 {"status":"bad","msg":""}
2021-07-05 00:15:12 查询号码 【1715499】，GSD为【""】
2021-07-05 00:15:12 bad
2021-07-05 00:15:25 CHB 1715499?1625415312 第 1 次 等待 1 秒
2021-07-05 00:15:26 CHB 1715499?1625415312 第 1 次 获取到号码【1715499】GSD
2021-07-05 00:15:26 获取到号码【1715499】的GSD为【安徽-合肥】
2021-07-05 00:15:37 GSD insert 第 1 次 等待 1 秒
2021-07-05 00:15:38 {"status":"ok","msg":"添加成功！194091"}
2021-07-05 00:15:38 下次操作: 2021-07-05 00:15:47

2021-07-05 00:15:47 开始第 25 次操作

2021-07-05 00:15:47 开始操作号码 【1715500】
2021-07-05 00:16:00 GSD getOne 第 1 次 等待 1 秒
2021-07-05 00:16:01 查询号码 【1715500】，返回信息 {"status":"bad","msg":""}
2021-07-05 00:16:01 查询号码 【1715500】，GSD为【""】
2021-07-05 00:16:01 bad
2021-07-05 00:16:03 CHB 1715500?1625415361 第 1 次 等待 1 秒
2021-07-05 00:16:04 CHB 1715500?1625415361 第 1 次 获取到号码【1715500】GSD
2021-07-05 00:16:04 获取到号码【1715500】的GSD为【河南-郑州】
2021-07-05 00:16:25 GSD insert 第 1 次 等待 1 秒
2021-07-05 00:16:26 {"status":"ok","msg":"添加成功！194098"}
2021-07-05 00:16:26 下次操作: 2021-07-05 00:16:34

2021-07-05 00:16:34 开始第 26 次操作

2021-07-05 00:16:34 开始操作号码 【1715501】
2021-07-05 00:16:54 GSD getOne 第 1 次 等待 1 秒
2021-07-05 00:16:55 查询号码 【1715501】，返回信息 {"status":"bad","msg":""}
2021-07-05 00:16:55 查询号码 【1715501】，GSD为【""】
2021-07-05 00:16:55 bad
2021-07-05 00:16:57 CHB 1715501?1625415415 第 1 次 等待 1 秒
2021-07-05 00:16:58 CHB 1715501?1625415415 第 1 次 获取到号码【1715501】GSD
2021-07-05 00:16:58 获取到号码【1715501】的GSD为【河南-洛阳】
2021-07-05 00:17:33 GSD insert 第 1 次 等待 1 秒
2021-07-05 00:17:34 {"status":"ok","msg":"添加成功！194104"}
2021-07-05 00:17:34 下次操作: 2021-07-05 00:17:42

2021-07-05 00:17:42 开始第 27 次操作

2021-07-05 00:17:42 开始操作号码 【1715502】
2021-07-05 00:17:53 GSD getOne 第 1 次 等待 1 秒
2021-07-05 00:17:54 查询号码 【1715502】，返回信息 {"status":"bad","msg":""}
2021-07-05 00:17:54 查询号码 【1715502】，GSD为【""】
2021-07-05 00:17:54 bad
2021-07-05 00:17:57 CHB 1715502?1625415474 第 1 次 等待 1 秒
2021-07-05 00:17:58 CHB 1715502?1625415474 第 1 次 获取到号码【1715502】GSD
2021-07-05 00:17:58 获取到号码【1715502】的GSD为【河南-洛阳】
2021-07-05 00:18:18 GSD insert 第 1 次 等待 1 秒
2021-07-05 00:18:19 {"status":"ok","msg":"添加成功！194108"}
2021-07-05 00:18:19 下次操作: 2021-07-05 00:18:34

2021-07-05 00:18:34 开始第 28 次操作

2021-07-05 00:18:34 开始操作号码 【1715503】
2021-07-05 00:18:43 GSD getOne 第 1 次 等待 1 秒
2021-07-05 00:18:44 查询号码 【1715503】，返回信息 {"status":"bad","msg":""}
2021-07-05 00:18:44 查询号码 【1715503】，GSD为【""】
2021-07-05 00:18:44 bad
2021-07-05 00:18:46 CHB 1715503?1625415524 第 1 次 等待 1 秒
2021-07-05 00:18:47 CHB 1715503?1625415524 第 1 次 获取到号码【1715503】GSD
2021-07-05 00:18:47 获取到号码【1715503】的GSD为【河南-洛阳】
2021-07-05 00:19:07 GSD insert 第 1 次 等待 1 秒
2021-07-05 00:19:08 {"status":"ok","msg":"添加成功！194113"}
2021-07-05 00:19:08 下次操作: 2021-07-05 00:19:16

2021-07-05 00:19:16 开始第 29 次操作

2021-07-05 00:19:16 开始操作号码 【1715504】
2021-07-05 00:19:37 GSD getOne 第 1 次 等待 1 秒
2021-07-05 00:19:38 查询号码 【1715504】，返回信息 {"status":"bad","msg":""}
2021-07-05 00:19:38 查询号码 【1715504】，GSD为【""】
2021-07-05 00:19:38 bad
2021-07-05 00:19:40 CHB 1715504?1625415578 第 1 次 等待 1 秒
2021-07-05 00:19:41 CHB 1715504?1625415578 第 1 次 获取到号码【1715504】GSD
2021-07-05 00:19:41 获取到号码【1715504】的GSD为【河南-洛阳】
2021-07-05 00:20:01 GSD insert 第 1 次 等待 1 秒
2021-07-05 00:20:02 {"status":"ok","msg":"添加成功！194117"}
2021-07-05 00:20:02 下次操作: 2021-07-05 00:20:11

2021-07-05 00:20:11 开始第 30 次操作

2021-07-05 00:20:11 开始操作号码 【1715505】
2021-07-05 00:20:22 GSD getOne 第 1 次 等待 1 秒
2021-07-05 00:20:23 查询号码 【1715505】，返回信息 {"status":"bad","msg":""}
2021-07-05 00:20:23 查询号码 【1715505】，GSD为【""】
2021-07-05 00:20:23 bad
2021-07-05 00:20:25 CHB 1715505?1625415623 第 1 次 等待 1 秒
2021-07-05 00:20:26 CHB 1715505?1625415623 第 1 次 获取到号码【1715505】GSD
2021-07-05 00:20:26 获取到号码【1715505】的GSD为【河南-洛阳】
2021-07-05 00:20:47 GSD insert 第 1 次 等待 1 秒
2021-07-05 00:20:48 {"status":"ok","msg":"添加成功！194121"}

2021-07-05 01:32:40 开始第 1 次操作

2021-07-05 01:32:40 开始操作号码 【1715506】
2021-07-05 01:32:45 GSD getOne 第 1 次 等待 1 秒
2021-07-05 01:32:46 查询号码 【1715506】，返回信息 {"status":"bad","msg":""}
2021-07-05 01:32:46 查询号码 【1715506】，GSD为【""】
2021-07-05 01:32:46 bad
2021-07-05 01:32:51 CHB 1715506?1625419966 第 1 次 等待 1 秒
2021-07-05 01:32:52 CHB 1715506?1625419966 第 1 次 获取到号码【1715506】GSD
2021-07-05 01:32:52 获取到号码【1715506】的GSD为【河南-安阳】
2021-07-05 01:33:11 GSD insert 第 1 次 等待 1 秒
2021-07-05 01:33:12 {"status":"ok","msg":"添加成功！194352"}
2021-07-05 01:33:12 下次操作: 2021-07-05 01:33:28

2021-07-05 01:33:28 开始第 2 次操作

2021-07-05 01:33:28 开始操作号码 【1715507】
2021-07-05 01:33:32 GSD getOne 第 1 次 等待 1 秒
2021-07-05 01:33:33 查询号码 【1715507】，返回信息 {"status":"bad","msg":""}
2021-07-05 01:33:33 查询号码 【1715507】，GSD为【""】
2021-07-05 01:33:33 bad
2021-07-05 01:33:35 CHB 1715507?1625420013 第 1 次 等待 1 秒
2021-07-05 01:33:36 CHB 1715507?1625420013 第 1 次 获取到号码【1715507】GSD
2021-07-05 01:33:36 获取到号码【1715507】的GSD为【河南-安阳】
2021-07-05 01:33:59 GSD insert 第 1 次 等待 1 秒
2021-07-05 01:34:00 {"status":"ok","msg":"添加成功！194358"}
2021-07-05 01:34:00 下次操作: 2021-07-05 01:34:10

2021-07-05 01:34:10 开始第 3 次操作

2021-07-05 01:34:10 开始操作号码 【1715508】
2021-07-05 01:34:21 GSD getOne 第 1 次 等待 1 秒
2021-07-05 01:34:22 查询号码 【1715508】，返回信息 {"status":"bad","msg":""}
2021-07-05 01:34:22 查询号码 【1715508】，GSD为【""】
2021-07-05 01:34:22 bad
2021-07-05 01:34:24 CHB 1715508?1625420062 第 1 次 等待 1 秒
2021-07-05 01:34:25 CHB 1715508?1625420062 第 1 次 获取到号码【1715508】GSD
2021-07-05 01:34:25 获取到号码【1715508】的GSD为【河南-安阳】
2021-07-05 01:34:44 GSD insert 第 1 次 等待 1 秒
2021-07-05 01:34:45 {"status":"ok","msg":"添加成功！194366"}
2021-07-05 01:34:45 下次操作: 2021-07-05 01:34:58

2021-07-05 01:34:58 开始第 4 次操作

2021-07-05 01:34:58 开始操作号码 【1715509】
2021-07-05 01:35:05 GSD getOne 第 1 次 等待 1 秒
2021-07-05 01:35:06 查询号码 【1715509】，返回信息 {"status":"bad","msg":""}
2021-07-05 01:35:06 查询号码 【1715509】，GSD为【""】
2021-07-05 01:35:06 bad
2021-07-05 01:35:08 CHB 1715509?1625420106 第 1 次 等待 1 秒
2021-07-05 01:35:09 CHB 1715509?1625420106 第 1 次 获取到号码【1715509】GSD
2021-07-05 01:35:09 获取到号码【1715509】的GSD为【河南-安阳】
2021-07-05 01:35:29 GSD insert 第 1 次 等待 1 秒
2021-07-05 01:35:30 {"status":"ok","msg":"添加成功！194372"}
2021-07-05 01:35:30 下次操作: 2021-07-05 01:35:48

2021-07-05 01:35:48 开始第 5 次操作

2021-07-05 01:35:48 开始操作号码 【1715510】
2021-07-05 01:35:53 GSD getOne 第 1 次 等待 1 秒
2021-07-05 01:35:54 查询号码 【1715510】，返回信息 {"status":"bad","msg":""}
2021-07-05 01:35:54 查询号码 【1715510】，GSD为【""】
2021-07-05 01:35:54 bad
2021-07-05 01:35:55 CHB 1715510?1625420154 第 1 次 等待 1 秒
2021-07-05 01:35:56 CHB 1715510?1625420154 第 1 次 获取到号码【1715510】GSD
2021-07-05 01:35:56 获取到号码【1715510】的GSD为【江苏-无锡】
2021-07-05 01:36:15 GSD insert 第 1 次 等待 1 秒
2021-07-05 01:36:16 {"status":"ok","msg":"添加成功！194381"}
2021-07-05 01:36:16 下次操作: 2021-07-05 01:36:24

2021-07-05 01:36:24 开始第 6 次操作

2021-07-05 01:36:24 开始操作号码 【1715511】
2021-07-05 01:36:35 GSD getOne 第 1 次 等待 1 秒
2021-07-05 01:36:36 查询号码 【1715511】，返回信息 {"status":"bad","msg":""}
2021-07-05 01:36:36 查询号码 【1715511】，GSD为【""】
2021-07-05 01:36:36 bad
2021-07-05 01:36:38 CHB 1715511?1625420196 第 1 次 等待 1 秒
2021-07-05 01:36:39 CHB 1715511?1625420196 第 1 次 获取到号码【1715511】GSD
2021-07-05 01:36:39 获取到号码【1715511】的GSD为【江苏-镇江】
2021-07-05 01:36:58 GSD insert 第 1 次 等待 1 秒
2021-07-05 01:36:59 {"status":"ok","msg":"添加成功！194386"}
2021-07-05 01:36:59 下次操作: 2021-07-05 01:37:07

2021-07-05 01:37:07 开始第 7 次操作

2021-07-05 01:37:07 开始操作号码 【1715512】
2021-07-05 01:37:18 GSD getOne 第 1 次 等待 1 秒
2021-07-05 01:37:19 查询号码 【1715512】，返回信息 {"status":"bad","msg":""}
2021-07-05 01:37:19 查询号码 【1715512】，GSD为【""】
2021-07-05 01:37:19 bad
2021-07-05 01:37:20 CHB 1715512?1625420239 第 1 次 等待 1 秒
2021-07-05 01:37:21 CHB 1715512?1625420239 第 1 次 获取到号码【1715512】GSD
2021-07-05 01:37:21 获取到号码【1715512】的GSD为【江苏-苏州】
2021-07-05 01:37:40 GSD insert 第 1 次 等待 1 秒
2021-07-05 01:37:41 {"status":"ok","msg":"添加成功！194392"}
2021-07-05 01:37:41 下次操作: 2021-07-05 01:37:49

2021-07-05 01:37:49 开始第 8 次操作

2021-07-05 01:37:49 开始操作号码 【1715513】
2021-07-05 01:38:01 GSD getOne 第 1 次 等待 1 秒
2021-07-05 01:38:02 查询号码 【1715513】，返回信息 {"status":"bad","msg":""}
2021-07-05 01:38:02 查询号码 【1715513】，GSD为【""】
2021-07-05 01:38:02 bad
2021-07-05 01:38:07 CHB 1715513?1625420282 第 1 次 等待 1 秒
2021-07-05 01:38:08 CHB 1715513?1625420282 第 1 次 获取到号码【1715513】GSD
2021-07-05 01:38:08 获取到号码【1715513】的GSD为【江苏-南通】
2021-07-05 01:38:30 GSD insert 第 1 次 等待 1 秒
2021-07-05 01:38:31 {"status":"ok","msg":"添加成功！194399"}
2021-07-05 01:38:31 下次操作: 2021-07-05 01:38:42

2021-07-05 01:38:42 开始第 9 次操作

2021-07-05 01:38:42 开始操作号码 【1715514】
2021-07-05 01:38:53 GSD getOne 第 1 次 等待 1 秒
2021-07-05 01:38:54 查询号码 【1715514】，返回信息 {"status":"bad","msg":""}
2021-07-05 01:38:54 查询号码 【1715514】，GSD为【""】
2021-07-05 01:38:54 bad
2021-07-05 01:38:56 CHB 1715514?1625420334 第 1 次 等待 1 秒
2021-07-05 01:38:57 CHB 1715514?1625420334 第 1 次 获取到号码【1715514】GSD
2021-07-05 01:38:57 获取到号码【1715514】的GSD为【江苏-扬州】
2021-07-05 01:39:16 GSD insert 第 1 次 等待 1 秒
2021-07-05 01:39:17 {"status":"ok","msg":"添加成功！194408"}
2021-07-05 01:39:17 下次操作: 2021-07-05 01:39:29

2021-07-05 01:39:29 开始第 10 次操作

2021-07-05 01:39:29 开始操作号码 【1715515】
2021-07-05 01:39:40 GSD getOne 第 1 次 等待 1 秒
2021-07-05 01:39:41 查询号码 【1715515】，返回信息 {"status":"bad","msg":""}
2021-07-05 01:39:41 查询号码 【1715515】，GSD为【""】
2021-07-05 01:39:41 bad
2021-07-05 01:39:43 CHB 1715515?1625420381 第 1 次 等待 1 秒
2021-07-05 01:39:44 CHB 1715515?1625420381 第 1 次 获取到号码【1715515】GSD
2021-07-05 01:39:44 获取到号码【1715515】的GSD为【江苏-盐城】
2021-07-05 01:40:07 GSD insert 第 1 次 等待 1 秒
2021-07-05 01:40:08 {"status":"ok","msg":"添加成功！194412"}
2021-07-05 01:40:08 下次操作: 2021-07-05 01:40:16

2021-07-05 01:40:16 开始第 11 次操作

2021-07-05 01:40:16 开始操作号码 【1715516】
2021-07-05 01:40:28 GSD getOne 第 1 次 等待 1 秒
2021-07-05 01:40:29 查询号码 【1715516】，返回信息 {"status":"bad","msg":""}
2021-07-05 01:40:29 查询号码 【1715516】，GSD为【""】
2021-07-05 01:40:29 bad
2021-07-05 01:40:35 CHB 1715516?1625420429 第 1 次 等待 1 秒
2021-07-05 01:40:36 CHB 1715516?1625420429 第 1 次 获取到号码【1715516】GSD
2021-07-05 01:40:36 获取到号码【1715516】的GSD为【江苏-徐州】
2021-07-05 01:40:59 GSD insert 第 1 次 等待 1 秒
2021-07-05 01:41:00 {"status":"ok","msg":"添加成功！194419"}
2021-07-05 01:41:00 下次操作: 2021-07-05 01:41:17

2021-07-05 01:41:17 开始第 12 次操作

2021-07-05 01:41:17 开始操作号码 【1715517】
2021-07-05 01:41:20 GSD getOne 第 1 次 等待 1 秒
2021-07-05 01:41:21 查询号码 【1715517】，返回信息 {"status":"bad","msg":""}
2021-07-05 01:41:21 查询号码 【1715517】，GSD为【""】
2021-07-05 01:41:21 bad
2021-07-05 01:41:23 CHB 1715517?1625420481 第 1 次 等待 1 秒
2021-07-05 01:41:24 CHB 1715517?1625420481 第 1 次 获取到号码【1715517】GSD
2021-07-05 01:41:24 获取到号码【1715517】的GSD为【江苏-淮安】
2021-07-05 01:41:48 GSD insert 第 1 次 等待 1 秒
2021-07-05 01:41:49 {"status":"ok","msg":"添加成功！194427"}
2021-07-05 01:41:49 下次操作: 2021-07-05 01:41:57

2021-07-05 01:41:57 开始第 13 次操作

2021-07-05 01:41:57 开始操作号码 【1715518】
2021-07-05 01:42:12 GSD getOne 第 1 次 等待 1 秒
2021-07-05 01:42:13 查询号码 【1715518】，返回信息 {"status":"bad","msg":""}
2021-07-05 01:42:13 查询号码 【1715518】，GSD为【""】
2021-07-05 01:42:13 bad
2021-07-05 01:42:18 CHB 1715518?1625420533 第 1 次 等待 1 秒
2021-07-05 01:42:19 CHB 1715518?1625420533 第 1 次 获取到号码【1715518】GSD
2021-07-05 01:42:19 获取到号码【1715518】的GSD为【江苏-连云港】
2021-07-05 01:42:38 GSD insert 第 1 次 等待 1 秒
2021-07-05 01:42:39 {"status":"ok","msg":"添加成功！194437"}
2021-07-05 01:42:39 下次操作: 2021-07-05 01:42:46

2021-07-05 01:42:46 开始第 14 次操作

2021-07-05 01:42:46 开始操作号码 【1715519】
2021-07-05 01:43:05 GSD getOne 第 1 次 等待 1 秒
2021-07-05 01:43:06 查询号码 【1715519】，返回信息 {"status":"bad","msg":""}
2021-07-05 01:43:06 查询号码 【1715519】，GSD为【""】
2021-07-05 01:43:06 bad
2021-07-05 01:43:09 CHB 1715519?1625420586 第 1 次 等待 1 秒
2021-07-05 01:43:10 CHB 1715519?1625420586 第 1 次 获取到号码【1715519】GSD
2021-07-05 01:43:10 获取到号码【1715519】的GSD为【江苏-常州】
2021-07-05 01:43:29 GSD insert 第 1 次 等待 1 秒
2021-07-05 01:43:30 {"status":"ok","msg":"添加成功！194449"}
2021-07-05 01:43:30 下次操作: 2021-07-05 01:43:37

2021-07-05 01:43:37 开始第 15 次操作

2021-07-05 01:43:37 开始操作号码 【1715520】
2021-07-05 01:43:56 GSD getOne 第 1 次 等待 1 秒
2021-07-05 01:43:57 查询号码 【1715520】，返回信息 {"status":"bad","msg":""}
2021-07-05 01:43:57 查询号码 【1715520】，GSD为【""】
2021-07-05 01:43:57 bad
2021-07-05 01:43:59 CHB 1715520?1625420637 第 1 次 等待 1 秒
2021-07-05 01:44:00 CHB 1715520?1625420637 第 1 次 获取到号码【1715520】GSD
2021-07-05 01:44:00 获取到号码【1715520】的GSD为【江苏-苏州】
2021-07-05 01:44:18 GSD insert 第 1 次 等待 1 秒
2021-07-05 01:44:19 {"status":"ok","msg":"添加成功！194458"}
2021-07-05 01:44:19 下次操作: 2021-07-05 01:44:29

2021-07-05 01:44:29 开始第 16 次操作

2021-07-05 01:44:29 开始操作号码 【1715521】
2021-07-05 01:44:41 GSD getOne 第 1 次 等待 1 秒
2021-07-05 01:44:42 查询号码 【1715521】，返回信息 {"status":"bad","msg":""}
2021-07-05 01:44:42 查询号码 【1715521】，GSD为【""】
2021-07-05 01:44:42 bad
2021-07-05 01:44:45 CHB 1715521?1625420682 第 1 次 等待 1 秒
2021-07-05 01:44:46 CHB 1715521?1625420682 第 1 次 获取到号码【1715521】GSD
2021-07-05 01:44:46 获取到号码【1715521】的GSD为【江苏-苏州】
2021-07-05 01:45:08 GSD insert 第 1 次 等待 1 秒
2021-07-05 01:45:09 {"status":"ok","msg":"添加成功！194466"}
2021-07-05 01:45:09 下次操作: 2021-07-05 01:45:26

2021-07-05 01:45:26 开始第 17 次操作

2021-07-05 01:45:26 开始操作号码 【1715522】
2021-07-05 01:45:30 GSD getOne 第 1 次 等待 1 秒
2021-07-05 01:45:31 查询号码 【1715522】，返回信息 {"status":"bad","msg":""}
2021-07-05 01:45:31 查询号码 【1715522】，GSD为【""】
2021-07-05 01:45:31 bad
2021-07-05 01:45:32 CHB 1715522?1625420731 第 1 次 等待 1 秒
2021-07-05 01:45:33 CHB 1715522?1625420731 第 1 次 获取到号码【1715522】GSD
2021-07-05 01:45:33 获取到号码【1715522】的GSD为【江苏-南京】
2021-07-05 01:45:52 GSD insert 第 1 次 等待 1 秒
2021-07-05 01:45:53 {"status":"ok","msg":"添加成功！194474"}
2021-07-05 01:45:53 下次操作: 2021-07-05 01:46:08

2021-07-05 01:46:08 开始第 18 次操作

2021-07-05 01:46:08 开始操作号码 【1715523】
2021-07-05 01:46:12 GSD getOne 第 1 次 等待 1 秒
2021-07-05 01:46:13 查询号码 【1715523】，返回信息 {"status":"bad","msg":""}
2021-07-05 01:46:13 查询号码 【1715523】，GSD为【""】
2021-07-05 01:46:13 bad
2021-07-05 01:46:15 CHB 1715523?1625420773 第 1 次 等待 1 秒
2021-07-05 01:46:16 CHB 1715523?1625420773 第 1 次 获取到号码【1715523】GSD
2021-07-05 01:46:16 获取到号码【1715523】的GSD为【江苏-泰州】
2021-07-05 01:46:41 GSD insert 第 1 次 等待 1 秒
2021-07-05 01:46:42 {"status":"ok","msg":"添加成功！194484"}
2021-07-05 01:46:42 下次操作: 2021-07-05 01:47:00

2021-07-05 01:47:00 开始第 19 次操作

2021-07-05 01:47:00 开始操作号码 【1715524】
2021-07-05 01:47:04 GSD getOne 第 1 次 等待 1 秒
2021-07-05 01:47:05 查询号码 【1715524】，返回信息 {"status":"bad","msg":""}
2021-07-05 01:47:05 查询号码 【1715524】，GSD为【""】
2021-07-05 01:47:05 bad
2021-07-05 01:47:06 CHB 1715524?1625420825 第 1 次 等待 1 秒
2021-07-05 01:47:07 CHB 1715524?1625420825 第 1 次 获取到号码【1715524】GSD
2021-07-05 01:47:07 获取到号码【1715524】的GSD为【江苏-苏州】
2021-07-05 01:47:29 GSD insert 第 1 次 等待 1 秒
2021-07-05 01:47:30 {"status":"ok","msg":"添加成功！194491"}
2021-07-05 01:47:30 下次操作: 2021-07-05 01:47:45

2021-07-05 01:47:45 开始第 20 次操作

2021-07-05 01:47:45 开始操作号码 【1715525】
2021-07-05 01:47:51 GSD getOne 第 1 次 等待 1 秒
2021-07-05 01:47:52 查询号码 【1715525】，返回信息 {"status":"bad","msg":""}
2021-07-05 01:47:52 查询号码 【1715525】，GSD为【""】
2021-07-05 01:47:52 bad
2021-07-05 01:47:54 CHB 1715525?1625420872 第 1 次 等待 1 秒
2021-07-05 01:47:55 CHB 1715525?1625420872 第 1 次 获取到号码【1715525】GSD
2021-07-05 01:47:55 获取到号码【1715525】的GSD为【江苏-苏州】
2021-07-05 01:48:14 GSD insert 第 1 次 等待 1 秒
2021-07-05 01:48:15 {"status":"ok","msg":"添加成功！194497"}
2021-07-05 01:48:15 下次操作: 2021-07-05 01:48:32

2021-07-05 01:48:32 开始第 21 次操作

2021-07-05 01:48:32 开始操作号码 【1715526】
2021-07-05 01:48:40 GSD getOne 第 1 次 等待 1 秒
2021-07-05 01:48:41 查询号码 【1715526】，返回信息 {"status":"bad","msg":""}
2021-07-05 01:48:41 查询号码 【1715526】，GSD为【""】
2021-07-05 01:48:41 bad
2021-07-05 01:48:46 CHB 1715526?1625420921 第 1 次 等待 1 秒
2021-07-05 01:48:47 CHB 1715526?1625420921 第 1 次 获取到号码【1715526】GSD
2021-07-05 01:48:47 获取到号码【1715526】的GSD为【江苏-苏州】
2021-07-05 01:49:08 GSD insert 第 1 次 等待 1 秒
2021-07-05 01:49:09 {"status":"ok","msg":"添加成功！194505"}
2021-07-05 01:49:09 下次操作: 2021-07-05 01:49:20

2021-07-05 01:49:20 开始第 22 次操作

2021-07-05 01:49:20 开始操作号码 【1715527】
2021-07-05 01:49:32 GSD getOne 第 1 次 等待 1 秒
2021-07-05 01:49:33 查询号码 【1715527】，返回信息 {"status":"bad","msg":""}
2021-07-05 01:49:33 查询号码 【1715527】，GSD为【""】
2021-07-05 01:49:33 bad
2021-07-05 01:49:35 CHB 1715527?1625420973 第 1 次 等待 1 秒
2021-07-05 01:49:36 CHB 1715527?1625420973 第 1 次 获取到号码【1715527】GSD
2021-07-05 01:49:36 获取到号码【1715527】的GSD为【江苏-宿迁】
2021-07-05 01:49:57 GSD insert 第 1 次 等待 1 秒
2021-07-05 01:49:58 {"status":"ok","msg":"添加成功！194512"}
2021-07-05 01:49:58 下次操作: 2021-07-05 01:50:06

2021-07-05 01:50:06 开始第 23 次操作

2021-07-05 01:50:06 开始操作号码 【1715528】
2021-07-05 01:50:17 GSD getOne 第 1 次 等待 1 秒
2021-07-05 01:50:18 查询号码 【1715528】，返回信息 {"status":"bad","msg":""}
2021-07-05 01:50:18 查询号码 【1715528】，GSD为【""】
2021-07-05 01:50:18 bad
2021-07-05 01:50:19 CHB 1715528?1625421018 第 1 次 等待 1 秒
2021-07-05 01:50:20 CHB 1715528?1625421018 第 1 次 获取到号码【1715528】GSD
2021-07-05 01:50:21 获取到号码【1715528】的GSD为【江苏-苏州】
2021-07-05 01:50:40 GSD insert 第 1 次 等待 1 秒
2021-07-05 01:50:41 {"status":"ok","msg":"添加成功！194517"}
2021-07-05 01:50:41 下次操作: 2021-07-05 01:50:55

2021-07-05 01:50:55 开始第 24 次操作

2021-07-05 01:50:55 开始操作号码 【1715529】
2021-07-05 01:50:59 GSD getOne 第 1 次 等待 1 秒
2021-07-05 01:51:00 查询号码 【1715529】，返回信息 {"status":"bad","msg":""}
2021-07-05 01:51:00 查询号码 【1715529】，GSD为【""】
2021-07-05 01:51:00 bad
2021-07-05 01:51:02 CHB 1715529?1625421060 第 1 次 等待 1 秒
2021-07-05 01:51:03 CHB 1715529?1625421060 第 1 次 获取到号码【1715529】GSD
2021-07-05 01:51:03 获取到号码【1715529】的GSD为【江苏-苏州】
2021-07-05 01:51:22 GSD insert 第 1 次 等待 1 秒
2021-07-05 01:51:23 {"status":"ok","msg":"添加成功！194523"}
2021-07-05 01:51:23 下次操作: 2021-07-05 01:51:38

2021-07-05 01:51:38 开始第 25 次操作

2021-07-05 01:51:38 开始操作号码 【1715530】
2021-07-05 01:51:41 GSD getOne 第 1 次 等待 1 秒
2021-07-05 01:51:42 查询号码 【1715530】，返回信息 {"status":"bad","msg":""}
2021-07-05 01:51:43 查询号码 【1715530】，GSD为【""】
2021-07-05 01:51:43 bad
2021-07-05 01:51:48 CHB 1715530?1625421103 第 1 次 等待 1 秒
2021-07-05 01:51:49 CHB 1715530?1625421103 第 1 次 获取到号码【1715530】GSD
2021-07-05 01:51:50 获取到号码【1715530】的GSD为【山东-青岛】
2021-07-05 01:52:09 GSD insert 第 1 次 等待 1 秒
2021-07-05 01:52:10 {"status":"ok","msg":"添加成功！194530"}
2021-07-05 01:52:10 下次操作: 2021-07-05 01:52:27

2021-07-05 01:52:27 开始第 26 次操作

2021-07-05 01:52:27 开始操作号码 【1715531】
2021-07-05 01:52:30 GSD getOne 第 1 次 等待 1 秒
2021-07-05 01:52:31 查询号码 【1715531】，返回信息 {"status":"bad","msg":""}
2021-07-05 01:52:31 查询号码 【1715531】，GSD为【""】
2021-07-05 01:52:31 bad
2021-07-05 01:52:33 CHB 1715531?1625421151 第 1 次 等待 1 秒
2021-07-05 01:52:34 CHB 1715531?1625421151 第 1 次 获取到号码【1715531】GSD
2021-07-05 01:52:34 获取到号码【1715531】的GSD为【山东-济南】
2021-07-05 01:52:53 GSD insert 第 1 次 等待 1 秒
2021-07-05 01:52:54 {"status":"ok","msg":"添加成功！194535"}
2021-07-05 01:52:54 下次操作: 2021-07-05 01:53:10

2021-07-05 01:53:10 开始第 27 次操作

2021-07-05 01:53:10 开始操作号码 【1715532】
2021-07-05 01:53:14 GSD getOne 第 1 次 等待 1 秒
2021-07-05 01:53:15 查询号码 【1715532】，返回信息 {"status":"bad","msg":""}
2021-07-05 01:53:15 查询号码 【1715532】，GSD为【""】
2021-07-05 01:53:15 bad
2021-07-05 01:53:16 CHB 1715532?1625421195 第 1 次 等待 1 秒
2021-07-05 01:53:17 CHB 1715532?1625421195 第 1 次 获取到号码【1715532】GSD
2021-07-05 01:53:17 获取到号码【1715532】的GSD为【山东-青岛】
2021-07-05 01:53:36 GSD insert 第 1 次 等待 1 秒
2021-07-05 01:53:37 {"status":"ok","msg":"添加成功！194544"}
2021-07-05 01:53:37 下次操作: 2021-07-05 01:53:44

2021-07-05 01:53:44 开始第 28 次操作

2021-07-05 01:53:44 开始操作号码 【1715533】
2021-07-05 01:54:04 GSD getOne 第 1 次 等待 1 秒
2021-07-05 01:54:05 查询号码 【1715533】，返回信息 {"status":"bad","msg":""}
2021-07-05 01:54:05 查询号码 【1715533】，GSD为【""】
2021-07-05 01:54:05 bad
2021-07-05 01:54:08 CHB 1715533?1625421245 第 1 次 等待 1 秒
2021-07-05 01:54:09 CHB 1715533?1625421245 第 1 次 获取到号码【1715533】GSD
2021-07-05 01:54:09 获取到号码【1715533】的GSD为【山东-青岛】
2021-07-05 01:54:28 GSD insert 第 1 次 等待 1 秒
2021-07-05 01:54:29 {"status":"ok","msg":"添加成功！194554"}
2021-07-05 01:54:29 下次操作: 2021-07-05 01:54:41

2021-07-05 01:54:41 开始第 29 次操作

2021-07-05 01:54:41 开始操作号码 【1715534】
2021-07-05 01:54:47 GSD getOne 第 1 次 等待 1 秒
2021-07-05 01:54:48 查询号码 【1715534】，返回信息 {"status":"bad","msg":""}
2021-07-05 01:54:49 查询号码 【1715534】，GSD为【""】
2021-07-05 01:54:49 bad
2021-07-05 01:54:50 CHB 1715534?1625421289 第 1 次 等待 1 秒
2021-07-05 01:54:51 CHB 1715534?1625421289 第 1 次 获取到号码【1715534】GSD
2021-07-05 01:54:51 获取到号码【1715534】的GSD为【山东-青岛】
2021-07-05 01:55:10 GSD insert 第 1 次 等待 1 秒
2021-07-05 01:55:11 {"status":"ok","msg":"添加成功！194558"}
2021-07-05 01:55:11 下次操作: 2021-07-05 01:55:18

2021-07-05 01:55:18 开始第 30 次操作

2021-07-05 01:55:18 开始操作号码 【1715535】
2021-07-05 01:55:37 GSD getOne 第 1 次 等待 1 秒
2021-07-05 01:55:38 查询号码 【1715535】，返回信息 {"status":"ok","msg":"山东-烟台","time_insert":"2020-08-04 15:44","time_update":"2020-09-09 14:14"}
2021-07-05 01:55:38 查询号码 【1715535】，GSD为【"山东-烟台"】

2021-07-05 01:55:38 开始第 30 次操作

2021-07-05 01:55:38 开始操作号码 【1715536】
2021-07-05 01:55:57 GSD getOne 第 1 次 等待 1 秒
2021-07-05 01:55:58 查询号码 【1715536】，返回信息 {"status":"bad","msg":""}
2021-07-05 01:55:58 查询号码 【1715536】，GSD为【""】
2021-07-05 01:55:58 bad
2021-07-05 01:56:00 CHB 1715536?1625421358 第 1 次 等待 1 秒
2021-07-05 01:56:01 CHB 1715536?1625421358 第 1 次 获取到号码【1715536】GSD
2021-07-05 01:56:01 获取到号码【1715536】的GSD为【山东-潍坊】
2021-07-05 01:56:21 GSD insert 第 1 次 等待 1 秒
2021-07-05 01:56:22 {"status":"ok","msg":"添加成功！194565"}

