2024-04-09 00:22:47 开始第 2637 次操作

2024-04-09 00:22:47 开始操作号码 【1572550】
2024-04-09 00:22:54 GSD getOne 第 1 次 等待 3 秒
2024-04-09 00:22:57 查询号码 【1572550】，返回信息 {"status":"ok","msg":"山东-烟台","gid":"177815","time_insert":"2021-07-03 01:32"}
2024-04-09 00:22:57 查询号码 【1572550】，GSD为【"山东-烟台"】

2024-04-09 00:22:58 开始第 2638 次操作

2024-04-09 00:22:58 开始操作号码 【1572551】
2024-04-09 00:23:04 GSD getOne 第 1 次 等待 3 秒
2024-04-09 00:23:07 查询号码 【1572551】，返回信息 {"status":"ok","msg":"山东-烟台","gid":"177993","time_insert":"2021-07-03 01:50"}
2024-04-09 00:23:07 查询号码 【1572551】，GSD为【"山东-烟台"】

2024-04-09 00:23:08 开始第 2639 次操作

2024-04-09 00:23:08 开始操作号码 【1572552】
2024-04-09 00:23:13 GSD getOne 第 1 次 等待 3 秒
2024-04-09 00:23:16 查询号码 【1572552】，返回信息 {"status":"ok","msg":"山东-烟台","gid":"178108","time_insert":"2021-07-03 02:10"}
2024-04-09 00:23:16 查询号码 【1572552】，GSD为【"山东-烟台"】

2024-04-09 00:23:17 开始第 2640 次操作

2024-04-09 00:23:17 开始操作号码 【1572553】
2024-04-09 00:23:22 GSD getOne 第 1 次 等待 3 秒
2024-04-09 00:23:25 查询号码 【1572553】，返回信息 {"status":"ok","msg":"山东-烟台","gid":"178133","time_insert":"2021-07-03 02:25"}
2024-04-09 00:23:25 查询号码 【1572553】，GSD为【"山东-烟台"】

