2024-04-17 00:22:11 开始第 3897 次操作

2024-04-17 00:22:11 开始操作号码 【1573810】
2024-04-17 00:22:17 GSD getOne 第 1 次 等待 3 秒
2024-04-17 00:22:20 查询号码 【1573810】，返回信息 {"status":"ok","msg":"河南-商丘","gid":"281555","time_insert":"2021-07-15 09:08","time_update":"2021-07-28 16:15"}
2024-04-17 00:22:20 查询号码 【1573810】，GSD为【"河南-商丘"】

2024-04-17 00:22:21 开始第 3898 次操作

2024-04-17 00:22:21 开始操作号码 【1573811】
2024-04-17 00:22:26 GSD getOne 第 1 次 等待 3 秒
2024-04-17 00:22:29 查询号码 【1573811】，返回信息 {"status":"ok","msg":"河南-商丘","gid":"281585","time_insert":"2021-07-15 09:26"}
2024-04-17 00:22:29 查询号码 【1573811】，GSD为【"河南-商丘"】

2024-04-17 00:22:30 开始第 3899 次操作

2024-04-17 00:22:30 开始操作号码 【1573812】
2024-04-17 00:22:35 GSD getOne 第 1 次 等待 3 秒
2024-04-17 00:22:38 查询号码 【1573812】，返回信息 {"status":"ok","msg":"河南-商丘","gid":"281662","time_insert":"2021-07-15 09:42"}
2024-04-17 00:22:38 查询号码 【1573812】，GSD为【"河南-商丘"】

2024-04-17 00:22:39 开始第 3900 次操作

2024-04-17 00:22:39 开始操作号码 【1573813】
2024-04-17 00:22:45 GSD getOne 第 1 次 等待 3 秒
2024-04-17 00:22:48 查询号码 【1573813】，返回信息 {"status":"ok","msg":"河南-商丘","gid":"281885","time_insert":"2021-07-15 10:02"}
2024-04-17 00:22:48 查询号码 【1573813】，GSD为【"河南-商丘"】

2024-04-17 00:37:37 开始第 3901 次操作

2024-04-17 00:37:37 开始操作号码 【1573814】
2024-04-17 00:37:42 GSD getOne 第 1 次 等待 3 秒
2024-04-17 00:37:45 查询号码 【1573814】，返回信息 {"status":"ok","msg":"河南-商丘","gid":"282017","time_insert":"2021-07-15 10:22"}
2024-04-17 00:37:45 查询号码 【1573814】，GSD为【"河南-商丘"】

2024-04-17 00:37:46 开始第 3902 次操作

2024-04-17 00:37:46 开始操作号码 【1573815】
2024-04-17 00:37:52 GSD getOne 第 1 次 等待 3 秒
2024-04-17 00:37:55 查询号码 【1573815】，返回信息 {"status":"ok","msg":"河南-平顶山","gid":"54739","time_insert":"2020-07-29 13:15"}
2024-04-17 00:37:55 查询号码 【1573815】，GSD为【"河南-平顶山"】

2024-04-17 00:37:56 开始第 3903 次操作

2024-04-17 00:37:56 开始操作号码 【1573816】
2024-04-17 00:38:03 GSD getOne 第 1 次 等待 3 秒
2024-04-17 00:38:06 查询号码 【1573816】，返回信息 {"status":"ok","msg":"河南-平顶山","gid":"282136","time_insert":"2021-07-15 10:41"}
2024-04-17 00:38:06 查询号码 【1573816】，GSD为【"河南-平顶山"】

2024-04-17 00:38:07 开始第 3904 次操作

2024-04-17 00:38:07 开始操作号码 【1573817】
2024-04-17 00:38:15 GSD getOne 第 1 次 等待 3 秒
2024-04-17 00:38:18 查询号码 【1573817】，返回信息 {"status":"ok","msg":"河南-平顶山","gid":"54740","time_insert":"2020-08-03 19:31"}
2024-04-17 00:38:18 查询号码 【1573817】，GSD为【"河南-平顶山"】

