2024-03-14 00:20:24 开始第 8641 次操作

2024-03-14 00:20:24 开始操作号码 【1688553】
2024-03-14 00:20:33 GSD getOne 第 1 次 等待 3 秒
2024-03-14 00:20:36 查询号码 【1688553】，返回信息 {"status":"ok","msg":"-","gid":"665548","time_insert":"2023-04-20 02:33"}
2024-03-14 00:20:36 查询号码 【1688553】，GSD为【"-"】
2024-03-14 00:20:36 ok && -
2024-03-14 00:20:38 CHB 1688553?1710346836 第 1 次 等待 3 秒
2024-03-14 00:20:41 CHB 1688553?1710346836 第 1 次 获取到号码【1688553】GSD
2024-03-14 00:20:41 未获取到号码【1688553】GSD，可能号码格式错误
2024-03-14 00:20:41 获取到号码【1688553】的GSD为【-】
2024-03-14 00:20:47 GSD insert 第 1 次 等待 3 秒
2024-03-14 00:20:50 {"status":"bad","gid":"665548","msg":"添加失败！号码【1688553(-|-)】已存在！"}
2024-03-14 00:20:50 随机等待 188 秒，约 3 分钟
2024-03-14 00:20:50 下次操作: 2024-03-14 00:23:58

2024-03-14 00:23:58 开始第 8642 次操作

2024-03-14 00:23:58 开始操作号码 【1688554】
2024-03-14 00:24:05 GSD getOne 第 1 次 等待 3 秒
2024-03-14 00:24:08 查询号码 【1688554】，返回信息 {"status":"ok","msg":"-","gid":"665545","time_insert":"2023-04-20 02:31"}
2024-03-14 00:24:08 查询号码 【1688554】，GSD为【"-"】
2024-03-14 00:24:08 ok && -
2024-03-14 00:24:10 CHB 1688554?1710347048 第 1 次 等待 3 秒
2024-03-14 00:24:13 CHB 1688554?1710347048 第 1 次 获取到号码【1688554】GSD
2024-03-14 00:24:13 未获取到号码【1688554】GSD，可能号码格式错误
2024-03-14 00:24:13 获取到号码【1688554】的GSD为【-】
2024-03-14 00:24:19 GSD insert 第 1 次 等待 3 秒
2024-03-14 00:24:22 {"status":"bad","gid":"665545","msg":"添加失败！号码【1688554(-|-)】已存在！"}
2024-03-14 00:24:22 随机等待 228 秒，约 3 分钟
2024-03-14 00:24:22 下次操作: 2024-03-14 00:28:10

2024-03-14 00:28:10 开始第 8643 次操作

2024-03-14 00:28:10 开始操作号码 【1688555】
2024-03-14 00:28:15 GSD getOne 第 1 次 等待 3 秒
2024-03-14 00:28:18 查询号码 【1688555】，返回信息 {"status":"ok","msg":"-","gid":"665542","time_insert":"2023-04-20 02:30"}
2024-03-14 00:28:19 查询号码 【1688555】，GSD为【"-"】
2024-03-14 00:28:19 ok && -
2024-03-14 00:28:21 CHB 1688555?1710347299 第 1 次 等待 3 秒
2024-03-14 00:28:24 CHB 1688555?1710347299 第 1 次 获取到号码【1688555】GSD
2024-03-14 00:28:24 未获取到号码【1688555】GSD，可能号码格式错误
2024-03-14 00:28:24 获取到号码【1688555】的GSD为【-】
2024-03-14 00:28:29 GSD insert 第 1 次 等待 3 秒
2024-03-14 00:28:32 {"status":"bad","gid":"665542","msg":"添加失败！号码【1688555(-|-)】已存在！"}
2024-03-14 00:28:32 随机等待 102 秒，约 1 分钟
2024-03-14 00:28:32 下次操作: 2024-03-14 00:30:14

2024-03-14 00:30:14 开始第 8644 次操作

2024-03-14 00:30:14 开始操作号码 【1688556】
2024-03-14 00:30:19 GSD getOne 第 1 次 等待 3 秒
2024-03-14 00:30:22 查询号码 【1688556】，返回信息 {"status":"ok","msg":"-","gid":"665534","time_insert":"2023-04-20 02:22"}
2024-03-14 00:30:22 查询号码 【1688556】，GSD为【"-"】
2024-03-14 00:30:22 ok && -
2024-03-14 00:30:25 CHB 1688556?1710347422 第 1 次 等待 3 秒
2024-03-14 00:30:28 CHB 1688556?1710347422 第 1 次 获取到号码【1688556】GSD
2024-03-14 00:30:28 未获取到号码【1688556】GSD，可能号码格式错误
2024-03-14 00:30:28 获取到号码【1688556】的GSD为【-】
2024-03-14 00:30:33 GSD insert 第 1 次 等待 3 秒
2024-03-14 00:30:36 {"status":"bad","gid":"665534","msg":"添加失败！号码【1688556(-|-)】已存在！"}

