2023-12-05 00:23:46 开始第 1425 次操作

2023-12-05 00:23:46 开始操作号码 【1791340】
2023-12-05 00:23:50 GSD getOne 第 1 次 等待 3 秒
2023-12-05 00:23:53 查询号码 【1791340】，返回信息 {"status":"ok","msg":"-","gid":"571270","time_insert":"2023-03-05 11:58"}
2023-12-05 00:23:53 查询号码 【1791340】，GSD为【"-"】
2023-12-05 00:23:53 ok && -
2023-12-05 00:23:58 CHB 1791340?1701707033 第 1 次 等待 3 秒
2023-12-05 00:24:01 CHB 1791340?1701707033 第 1 次 获取到号码【1791340】GSD
2023-12-05 00:24:01 未获取到号码【1791340】GSD，可能号码格式错误
2023-12-05 00:24:01 获取到号码【1791340】的GSD为【-】
2023-12-05 00:24:10 GSD insert 第 1 次 等待 3 秒
2023-12-05 00:24:13 {"status":"bad","gid":"571270","msg":"添加失败！号码【1791340(-|-)】已存在！"}
2023-12-05 00:24:13 随机等待 169 秒，约 2 分钟
2023-12-05 00:24:13 下次操作: 2023-12-05 00:27:02

2023-12-05 00:27:02 开始第 1426 次操作

2023-12-05 00:27:02 开始操作号码 【1791341】
2023-12-05 00:27:05 GSD getOne 第 1 次 等待 3 秒
2023-12-05 00:27:08 查询号码 【1791341】，返回信息 {"status":"ok","msg":"-","gid":"571300","time_insert":"2023-03-05 12:17"}
2023-12-05 00:27:08 查询号码 【1791341】，GSD为【"-"】
2023-12-05 00:27:08 ok && -
2023-12-05 00:27:11 CHB 1791341?1701707228 第 1 次 等待 3 秒
2023-12-05 00:27:14 CHB 1791341?1701707228 第 1 次 获取到号码【1791341】GSD
2023-12-05 00:27:14 未获取到号码【1791341】GSD，可能号码格式错误
2023-12-05 00:27:14 获取到号码【1791341】的GSD为【-】
2023-12-05 00:27:19 GSD insert 第 1 次 等待 3 秒
2023-12-05 00:27:22 {"status":"bad","gid":"571300","msg":"添加失败！号码【1791341(-|-)】已存在！"}
2023-12-05 00:27:22 随机等待 201 秒，约 3 分钟
2023-12-05 00:27:22 下次操作: 2023-12-05 00:30:43

2023-12-05 00:30:43 开始第 1427 次操作

2023-12-05 00:30:43 开始操作号码 【1791342】
2023-12-05 00:30:46 GSD getOne 第 1 次 等待 3 秒
2023-12-05 00:30:49 查询号码 【1791342】，返回信息 {"status":"ok","msg":"-","gid":"571320","time_insert":"2023-03-05 12:33"}
2023-12-05 00:30:49 查询号码 【1791342】，GSD为【"-"】
2023-12-05 00:30:49 ok && -
2023-12-05 00:30:51 CHB 1791342?1701707449 第 1 次 等待 3 秒
2023-12-05 00:30:54 CHB 1791342?1701707449 第 1 次 获取到号码【1791342】GSD
2023-12-05 00:30:55 未获取到号码【1791342】GSD，可能号码格式错误
2023-12-05 00:30:55 获取到号码【1791342】的GSD为【-】
2023-12-05 00:30:58 GSD insert 第 1 次 等待 3 秒
2023-12-05 00:31:01 {"status":"bad","gid":"571320","msg":"添加失败！号码【1791342(-|-)】已存在！"}
2023-12-05 00:31:01 随机等待 180 秒，约 3 分钟
2023-12-05 00:31:01 下次操作: 2023-12-05 00:34:01

2023-12-05 00:34:01 开始第 1428 次操作

2023-12-05 00:34:01 开始操作号码 【1791343】
2023-12-05 00:34:05 GSD getOne 第 1 次 等待 3 秒
2023-12-05 00:34:08 查询号码 【1791343】，返回信息 {"status":"ok","msg":"-","gid":"571353","time_insert":"2023-03-05 12:52"}
2023-12-05 00:34:08 查询号码 【1791343】，GSD为【"-"】
2023-12-05 00:34:08 ok && -
2023-12-05 00:34:10 CHB 1791343?1701707648 第 1 次 等待 3 秒
2023-12-05 00:34:13 CHB 1791343?1701707648 第 1 次 获取到号码【1791343】GSD
2023-12-05 00:34:13 未获取到号码【1791343】GSD，可能号码格式错误
2023-12-05 00:34:13 获取到号码【1791343】的GSD为【-】
2023-12-05 00:34:17 GSD insert 第 1 次 等待 3 秒
2023-12-05 00:34:20 {"status":"bad","gid":"571353","msg":"添加失败！号码【1791343(-|-)】已存在！"}

2023-12-05 00:41:02 开始第 1429 次操作

2023-12-05 00:41:02 开始操作号码 【1791344】
2023-12-05 00:41:09 GSD getOne 第 1 次 等待 3 秒
2023-12-05 00:41:12 查询号码 【1791344】，返回信息 {"status":"ok","msg":"-","gid":"571376","time_insert":"2023-03-05 13:08"}
2023-12-05 00:41:12 查询号码 【1791344】，GSD为【"-"】
2023-12-05 00:41:12 ok && -
2023-12-05 00:41:14 CHB 1791344?1701708072 第 1 次 等待 3 秒
2023-12-05 00:41:17 CHB 1791344?1701708072 第 1 次 获取到号码【1791344】GSD
2023-12-05 00:41:17 未获取到号码【1791344】GSD，可能号码格式错误
2023-12-05 00:41:17 获取到号码【1791344】的GSD为【-】
2023-12-05 00:41:21 GSD insert 第 1 次 等待 3 秒
2023-12-05 00:41:24 {"status":"bad","gid":"571376","msg":"添加失败！号码【1791344(-|-)】已存在！"}
2023-12-05 00:41:24 随机等待 87 秒，约 1 分钟
2023-12-05 00:41:24 下次操作: 2023-12-05 00:42:51

2023-12-05 00:42:51 开始第 1430 次操作

2023-12-05 00:42:51 开始操作号码 【1791345】
2023-12-05 00:42:54 GSD getOne 第 1 次 等待 3 秒
2023-12-05 00:42:57 查询号码 【1791345】，返回信息 {"status":"ok","msg":"-","gid":"571405","time_insert":"2023-03-05 13:27"}
2023-12-05 00:42:57 查询号码 【1791345】，GSD为【"-"】
2023-12-05 00:42:57 ok && -
2023-12-05 00:43:00 CHB 1791345?1701708177 第 1 次 等待 3 秒
2023-12-05 00:43:03 CHB 1791345?1701708177 第 1 次 获取到号码【1791345】GSD
2023-12-05 00:43:03 未获取到号码【1791345】GSD，可能号码格式错误
2023-12-05 00:43:03 获取到号码【1791345】的GSD为【-】
2023-12-05 00:43:07 GSD insert 第 1 次 等待 3 秒
2023-12-05 00:43:10 {"status":"bad","gid":"571405","msg":"添加失败！号码【1791345(-|-)】已存在！"}
2023-12-05 00:43:10 随机等待 192 秒，约 3 分钟
2023-12-05 00:43:10 下次操作: 2023-12-05 00:46:22

2023-12-05 00:46:22 开始第 1431 次操作

2023-12-05 00:46:22 开始操作号码 【1791346】
2023-12-05 00:48:32 GSD getOne 第 1 次 等待 3 秒
2023-12-05 00:48:42 GSD getOne 第 2 次 等待 3 秒
2023-12-05 00:48:45 查询号码 【1791346】，返回信息 {"status":"ok","msg":"-","gid":"571433","time_insert":"2023-03-05 13:44"}
2023-12-05 00:48:45 查询号码 【1791346】，GSD为【"-"】
2023-12-05 00:48:45 ok && -
2023-12-05 00:48:54 CHB 1791346?1701708525 第 1 次 等待 3 秒
2023-12-05 00:48:57 CHB 1791346?1701708525 第 1 次 获取到号码【1791346】GSD
2023-12-05 00:48:57 未获取到号码【1791346】GSD，可能号码格式错误
2023-12-05 00:48:57 获取到号码【1791346】的GSD为【-】
2023-12-05 00:49:06 GSD insert 第 1 次 等待 3 秒
2023-12-05 00:49:09 {"status":"bad","gid":"571433","msg":"添加失败！号码【1791346(-|-)】已存在！"}
2023-12-05 00:49:09 随机等待 227 秒，约 3 分钟
2023-12-05 00:49:09 下次操作: 2023-12-05 00:52:56

2023-12-05 00:52:56 开始第 1432 次操作

2023-12-05 00:52:56 开始操作号码 【1791347】
2023-12-05 00:53:33 GSD getOne 第 1 次 等待 3 秒
2023-12-05 00:53:36 查询号码 【1791347】，返回信息 {"status":"ok","msg":"-","gid":"571463","time_insert":"2023-03-05 14:00"}
2023-12-05 00:53:36 查询号码 【1791347】，GSD为【"-"】
2023-12-05 00:53:36 ok && -
2023-12-05 00:54:12 CHB 1791347?1701708816 第 1 次 等待 3 秒
2023-12-05 00:54:15 CHB 1791347?1701708816 第 1 次 获取到号码【1791347】GSD
2023-12-05 00:54:15 未获取到号码【1791347】GSD，可能号码格式错误
2023-12-05 00:54:15 获取到号码【1791347】的GSD为【-】
2023-12-05 00:54:20 GSD insert 第 1 次 等待 3 秒
2023-12-05 00:54:23 {"status":"bad","gid":"571463","msg":"添加失败！号码【1791347(-|-)】已存在！"}

