2024-01-05 00:22:43 开始第 6897 次操作

2024-01-05 00:22:43 开始操作号码 【1796810】
2024-01-05 00:22:46 GSD getOne 第 1 次 等待 3 秒
2024-01-05 00:22:49 查询号码 【1796810】，返回信息 {"status":"ok","msg":"-","gid":"635691","time_insert":"2023-04-05 07:26"}
2024-01-05 00:22:49 查询号码 【1796810】，GSD为【"-"】
2024-01-05 00:22:49 ok && -
2024-01-05 00:22:51 CHB 1796810?1704385369 第 1 次 等待 3 秒
2024-01-05 00:22:54 CHB 1796810?1704385369 第 1 次 获取到号码【1796810】GSD
2024-01-05 00:22:54 未获取到号码【1796810】GSD，可能号码格式错误
2024-01-05 00:22:54 获取到号码【1796810】的GSD为【-】
2024-01-05 00:22:58 GSD insert 第 1 次 等待 3 秒
2024-01-05 00:23:01 {"status":"bad","gid":"635691","msg":"添加失败！号码【1796810(-|-)】已存在！"}
2024-01-05 00:23:01 随机等待 66 秒，约 1 分钟
2024-01-05 00:23:01 下次操作: 2024-01-05 00:24:07

2024-01-05 00:24:07 开始第 6898 次操作

2024-01-05 00:24:07 开始操作号码 【1796811】
2024-01-05 00:24:10 GSD getOne 第 1 次 等待 3 秒
2024-01-05 00:24:13 查询号码 【1796811】，返回信息 {"status":"ok","msg":"-","gid":"635697","time_insert":"2023-04-05 07:29"}
2024-01-05 00:24:13 查询号码 【1796811】，GSD为【"-"】
2024-01-05 00:24:13 ok && -
2024-01-05 00:24:15 CHB 1796811?1704385453 第 1 次 等待 3 秒
2024-01-05 00:24:18 CHB 1796811?1704385453 第 1 次 获取到号码【1796811】GSD
2024-01-05 00:24:18 未获取到号码【1796811】GSD，可能号码格式错误
2024-01-05 00:24:18 获取到号码【1796811】的GSD为【-】
2024-01-05 00:24:22 GSD insert 第 1 次 等待 3 秒
2024-01-05 00:24:25 {"status":"bad","gid":"635697","msg":"添加失败！号码【1796811(-|-)】已存在！"}
2024-01-05 00:24:25 随机等待 227 秒，约 3 分钟
2024-01-05 00:24:25 下次操作: 2024-01-05 00:28:12

2024-01-05 00:28:12 开始第 6899 次操作

2024-01-05 00:28:12 开始操作号码 【1796812】
2024-01-05 00:28:14 GSD getOne 第 1 次 等待 3 秒
2024-01-05 00:28:17 查询号码 【1796812】，返回信息 {"status":"ok","msg":"-","gid":"635703","time_insert":"2023-04-05 07:33"}
2024-01-05 00:28:18 查询号码 【1796812】，GSD为【"-"】
2024-01-05 00:28:18 ok && -
2024-01-05 00:28:20 CHB 1796812?1704385698 第 1 次 等待 3 秒
2024-01-05 00:28:23 CHB 1796812?1704385698 第 1 次 获取到号码【1796812】GSD
2024-01-05 00:28:23 未获取到号码【1796812】GSD，可能号码格式错误
2024-01-05 00:28:23 获取到号码【1796812】的GSD为【-】
2024-01-05 00:28:25 GSD insert 第 1 次 等待 3 秒
2024-01-05 00:28:28 {"status":"bad","gid":"635703","msg":"添加失败！号码【1796812(-|-)】已存在！"}
2024-01-05 00:28:28 随机等待 77 秒，约 1 分钟
2024-01-05 00:28:28 下次操作: 2024-01-05 00:29:45

2024-01-05 00:29:45 开始第 6900 次操作

2024-01-05 00:29:45 开始操作号码 【1796813】
2024-01-05 00:29:48 GSD getOne 第 1 次 等待 3 秒
2024-01-05 00:29:51 查询号码 【1796813】，返回信息 {"status":"ok","msg":"-","gid":"635706","time_insert":"2023-04-05 07:35"}
2024-01-05 00:29:51 查询号码 【1796813】，GSD为【"-"】
2024-01-05 00:29:51 ok && -
2024-01-05 00:29:53 CHB 1796813?1704385791 第 1 次 等待 3 秒
2024-01-05 00:29:56 CHB 1796813?1704385791 第 1 次 获取到号码【1796813】GSD
2024-01-05 00:29:56 未获取到号码【1796813】GSD，可能号码格式错误
2024-01-05 00:29:56 获取到号码【1796813】的GSD为【-】
2024-01-05 00:30:00 GSD insert 第 1 次 等待 3 秒
2024-01-05 00:30:03 {"status":"bad","gid":"635706","msg":"添加失败！号码【1796813(-|-)】已存在！"}

