2024-01-07 00:21:07 开始第 7249 次操作

2024-01-07 00:21:07 开始操作号码 【1797161】
2024-01-07 00:21:11 GSD getOne 第 1 次 等待 3 秒
2024-01-07 00:21:14 查询号码 【1797161】，返回信息 {"status":"ok","msg":"-","gid":"637489","time_insert":"2023-04-06 05:11"}
2024-01-07 00:21:14 查询号码 【1797161】，GSD为【"-"】
2024-01-07 00:21:14 ok && -
2024-01-07 00:21:16 CHB 1797161?1704558074 第 1 次 等待 3 秒
2024-01-07 00:21:19 CHB 1797161?1704558074 第 1 次 获取到号码【1797161】GSD
2024-01-07 00:21:20 未获取到号码【1797161】GSD，可能号码格式错误
2024-01-07 00:21:20 获取到号码【1797161】的GSD为【-】
2024-01-07 00:21:22 GSD insert 第 1 次 等待 3 秒
2024-01-07 00:21:25 {"status":"bad","gid":"637489","msg":"添加失败！号码【1797161(-|-)】已存在！"}
2024-01-07 00:21:25 随机等待 87 秒，约 1 分钟
2024-01-07 00:21:25 下次操作: 2024-01-07 00:22:52

2024-01-07 00:22:52 开始第 7250 次操作

2024-01-07 00:22:52 开始操作号码 【1797162】
2024-01-07 00:22:56 GSD getOne 第 1 次 等待 3 秒
2024-01-07 00:22:59 查询号码 【1797162】，返回信息 {"status":"ok","msg":"-","gid":"637491","time_insert":"2023-04-06 05:13"}
2024-01-07 00:22:59 查询号码 【1797162】，GSD为【"-"】
2024-01-07 00:22:59 ok && -
2024-01-07 00:23:01 CHB 1797162?1704558179 第 1 次 等待 3 秒
2024-01-07 00:23:04 CHB 1797162?1704558179 第 1 次 获取到号码【1797162】GSD
2024-01-07 00:23:04 未获取到号码【1797162】GSD，可能号码格式错误
2024-01-07 00:23:04 获取到号码【1797162】的GSD为【-】
2024-01-07 00:23:07 GSD insert 第 1 次 等待 3 秒
2024-01-07 00:23:10 {"status":"bad","gid":"637491","msg":"添加失败！号码【1797162(-|-)】已存在！"}
2024-01-07 00:23:10 随机等待 142 秒，约 2 分钟
2024-01-07 00:23:10 下次操作: 2024-01-07 00:25:32

2024-01-07 00:25:32 开始第 7251 次操作

2024-01-07 00:25:32 开始操作号码 【1797163】
2024-01-07 00:25:38 GSD getOne 第 1 次 等待 3 秒
2024-01-07 00:25:41 查询号码 【1797163】，返回信息 {"status":"ok","msg":"-","gid":"637495","time_insert":"2023-04-06 05:16"}
2024-01-07 00:25:41 查询号码 【1797163】，GSD为【"-"】
2024-01-07 00:25:41 ok && -
2024-01-07 00:25:44 CHB 1797163?1704558341 第 1 次 等待 3 秒
2024-01-07 00:25:47 CHB 1797163?1704558341 第 1 次 获取到号码【1797163】GSD
2024-01-07 00:25:47 未获取到号码【1797163】GSD，可能号码格式错误
2024-01-07 00:25:47 获取到号码【1797163】的GSD为【-】
2024-01-07 00:25:51 GSD insert 第 1 次 等待 3 秒
2024-01-07 00:25:54 {"status":"bad","gid":"637495","msg":"添加失败！号码【1797163(-|-)】已存在！"}
2024-01-07 00:25:54 随机等待 183 秒，约 3 分钟
2024-01-07 00:25:54 下次操作: 2024-01-07 00:28:57

2024-01-07 00:28:57 开始第 7252 次操作

2024-01-07 00:28:57 开始操作号码 【1797164】
2024-01-07 00:29:00 GSD getOne 第 1 次 等待 3 秒
2024-01-07 00:29:03 查询号码 【1797164】，返回信息 {"status":"ok","msg":"-","gid":"637505","time_insert":"2023-04-06 05:21"}
2024-01-07 00:29:03 查询号码 【1797164】，GSD为【"-"】
2024-01-07 00:29:03 ok && -
2024-01-07 00:29:05 CHB 1797164?1704558543 第 1 次 等待 3 秒
2024-01-07 00:29:08 CHB 1797164?1704558543 第 1 次 获取到号码【1797164】GSD
2024-01-07 00:29:08 未获取到号码【1797164】GSD，可能号码格式错误
2024-01-07 00:29:08 获取到号码【1797164】的GSD为【-】
2024-01-07 00:29:13 GSD insert 第 1 次 等待 3 秒
2024-01-07 00:29:16 {"status":"bad","gid":"637505","msg":"添加失败！号码【1797164(-|-)】已存在！"}

