2024-02-29 00:21:10 开始第 6201 次操作

2024-02-29 00:21:10 开始操作号码 【1686113】
2024-02-29 00:21:14 GSD getOne 第 1 次 等待 3 秒
2024-02-29 00:21:17 查询号码 【1686113】，返回信息 {"status":"ok","msg":"-","gid":"649666","time_insert":"2023-04-12 15:41"}
2024-02-29 00:21:17 查询号码 【1686113】，GSD为【"-"】
2024-02-29 00:21:17 ok && -
2024-02-29 00:21:20 CHB 1686113?1709137277 第 1 次 等待 3 秒
2024-02-29 00:21:23 CHB 1686113?1709137277 第 1 次 获取到号码【1686113】GSD
2024-02-29 00:21:23 未获取到号码【1686113】GSD，可能号码格式错误
2024-02-29 00:21:23 获取到号码【1686113】的GSD为【-】
2024-02-29 00:21:27 GSD insert 第 1 次 等待 3 秒
2024-02-29 00:21:30 {"status":"bad","gid":"649666","msg":"添加失败！号码【1686113(-|-)】已存在！"}
2024-02-29 00:21:30 随机等待 225 秒，约 3 分钟
2024-02-29 00:21:30 下次操作: 2024-02-29 00:25:15

2024-02-29 00:25:15 开始第 6202 次操作

2024-02-29 00:25:15 开始操作号码 【1686114】
2024-02-29 00:25:19 GSD getOne 第 1 次 等待 3 秒
2024-02-29 00:25:22 查询号码 【1686114】，返回信息 {"status":"ok","msg":"-","gid":"649685","time_insert":"2023-04-12 15:53"}
2024-02-29 00:25:22 查询号码 【1686114】，GSD为【"-"】
2024-02-29 00:25:22 ok && -
2024-02-29 00:25:24 CHB 1686114?1709137522 第 1 次 等待 3 秒
2024-02-29 00:25:27 CHB 1686114?1709137522 第 1 次 获取到号码【1686114】GSD
2024-02-29 00:25:27 未获取到号码【1686114】GSD，可能号码格式错误
2024-02-29 00:25:27 获取到号码【1686114】的GSD为【-】
2024-02-29 00:25:31 GSD insert 第 1 次 等待 3 秒
2024-02-29 00:25:34 {"status":"bad","gid":"649685","msg":"添加失败！号码【1686114(-|-)】已存在！"}
2024-02-29 00:25:34 随机等待 200 秒，约 3 分钟
2024-02-29 00:25:34 下次操作: 2024-02-29 00:28:54

2024-02-29 00:28:54 开始第 6203 次操作

2024-02-29 00:28:54 开始操作号码 【1686115】
2024-02-29 00:28:58 GSD getOne 第 1 次 等待 3 秒
2024-02-29 00:29:01 查询号码 【1686115】，返回信息 {"status":"ok","msg":"-","gid":"649720","time_insert":"2023-04-12 16:16"}
2024-02-29 00:29:01 查询号码 【1686115】，GSD为【"-"】
2024-02-29 00:29:01 ok && -
2024-02-29 00:29:03 CHB 1686115?1709137741 第 1 次 等待 3 秒
2024-02-29 00:29:06 CHB 1686115?1709137741 第 1 次 获取到号码【1686115】GSD
2024-02-29 00:29:06 未获取到号码【1686115】GSD，可能号码格式错误
2024-02-29 00:29:06 获取到号码【1686115】的GSD为【-】
2024-02-29 00:29:11 GSD insert 第 1 次 等待 3 秒
2024-02-29 00:29:14 {"status":"bad","gid":"649720","msg":"添加失败！号码【1686115(-|-)】已存在！"}
2024-02-29 00:29:14 随机等待 169 秒，约 2 分钟
2024-02-29 00:29:14 下次操作: 2024-02-29 00:32:03

2024-02-29 00:32:03 开始第 6204 次操作

2024-02-29 00:32:03 开始操作号码 【1686116】
2024-02-29 00:32:07 GSD getOne 第 1 次 等待 3 秒
2024-02-29 00:32:10 查询号码 【1686116】，返回信息 {"status":"ok","msg":"-","gid":"649746","time_insert":"2023-04-12 16:35"}
2024-02-29 00:32:10 查询号码 【1686116】，GSD为【"-"】
2024-02-29 00:32:10 ok && -
2024-02-29 00:32:12 CHB 1686116?1709137930 第 1 次 等待 3 秒
2024-02-29 00:32:15 CHB 1686116?1709137930 第 1 次 获取到号码【1686116】GSD
2024-02-29 00:32:15 未获取到号码【1686116】GSD，可能号码格式错误
2024-02-29 00:32:15 获取到号码【1686116】的GSD为【-】
2024-02-29 00:32:19 GSD insert 第 1 次 等待 3 秒
2024-02-29 00:32:22 {"status":"bad","gid":"649746","msg":"添加失败！号码【1686116(-|-)】已存在！"}

