2024-04-03 00:21:55 开始第 1581 次操作

2024-04-03 00:21:55 开始操作号码 【1571494】
2024-04-03 00:22:02 GSD getOne 第 1 次 等待 3 秒
2024-04-03 00:22:05 查询号码 【1571494】，返回信息 {"status":"ok","msg":"新疆-阿克苏","gid":"111561","time_insert":"2021-06-21 22:42"}
2024-04-03 00:22:05 查询号码 【1571494】，GSD为【"新疆-阿克苏"】

2024-04-03 00:22:06 开始第 1582 次操作

2024-04-03 00:22:06 开始操作号码 【1571495】
2024-04-03 00:22:13 GSD getOne 第 1 次 等待 3 秒
2024-04-03 00:22:16 查询号码 【1571495】，返回信息 {"status":"ok","msg":"新疆-库尔勒","gid":"111603","time_insert":"2021-06-21 22:59"}
2024-04-03 00:22:16 查询号码 【1571495】，GSD为【"新疆-库尔勒"】

2024-04-03 00:22:17 开始第 1583 次操作

2024-04-03 00:22:17 开始操作号码 【1571496】
2024-04-03 00:22:22 GSD getOne 第 1 次 等待 3 秒
2024-04-03 00:22:25 查询号码 【1571496】，返回信息 {"status":"ok","msg":"新疆-昌吉","gid":"111639","time_insert":"2021-06-21 23:15"}
2024-04-03 00:22:26 查询号码 【1571496】，GSD为【"新疆-昌吉"】

2024-04-03 00:22:27 开始第 1584 次操作

2024-04-03 00:22:27 开始操作号码 【1571497】
2024-04-03 00:22:32 GSD getOne 第 1 次 等待 3 秒
2024-04-03 00:22:35 查询号码 【1571497】，返回信息 {"status":"ok","msg":"新疆-乌鲁木齐","gid":"111668","time_insert":"2021-06-21 23:34"}
2024-04-03 00:22:36 查询号码 【1571497】，GSD为【"新疆-乌鲁木齐"】

2024-04-03 00:40:06 开始第 1585 次操作

2024-04-03 00:40:06 开始操作号码 【1571498】
2024-04-03 00:40:14 GSD getOne 第 1 次 等待 3 秒
2024-04-03 00:40:17 查询号码 【1571498】，返回信息 {"status":"ok","msg":"新疆-伊犁","gid":"111696","time_insert":"2021-06-21 23:52"}
2024-04-03 00:40:17 查询号码 【1571498】，GSD为【"新疆-伊犁"】

2024-04-03 00:40:18 开始第 1586 次操作

2024-04-03 00:40:18 开始操作号码 【1571499】
2024-04-03 00:40:23 GSD getOne 第 1 次 等待 3 秒
2024-04-03 00:40:26 查询号码 【1571499】，返回信息 {"status":"ok","msg":"新疆-喀什","gid":"111732","time_insert":"2021-06-22 00:12"}
2024-04-03 00:40:26 查询号码 【1571499】，GSD为【"新疆-喀什"】

2024-04-03 00:40:27 开始第 1587 次操作

2024-04-03 00:40:27 开始操作号码 【1571500】
2024-04-03 00:40:33 GSD getOne 第 1 次 等待 3 秒
2024-04-03 00:40:36 查询号码 【1571500】，返回信息 {"status":"ok","msg":"福建-宁德","gid":"111778","time_insert":"2021-06-22 00:29"}
2024-04-03 00:40:36 查询号码 【1571500】，GSD为【"福建-宁德"】

2024-04-03 00:40:37 开始第 1588 次操作

2024-04-03 00:40:37 开始操作号码 【1571501】
2024-04-03 00:40:41 GSD getOne 第 1 次 等待 3 秒
2024-04-03 00:40:44 查询号码 【1571501】，返回信息 {"status":"ok","msg":"福建-宁德","gid":"111805","time_insert":"2021-06-22 00:47"}
2024-04-03 00:40:44 查询号码 【1571501】，GSD为【"福建-宁德"】

