2023-10-17 00:23:16 开始第 3437 次操作

2023-10-17 00:23:16 开始操作号码 【1893351】
2023-10-17 00:23:38 GSD getOne 第 1 次 等待 3 秒
2023-10-17 00:23:41 查询号码 【1893351】，返回信息 {"status":"ok","msg":"广东-惠州","gid":"494564","time_insert":"2021-08-04 05:04"}
2023-10-17 00:23:41 查询号码 【1893351】，GSD为【"广东-惠州"】

2023-10-17 00:23:42 开始第 3438 次操作

2023-10-17 00:23:42 开始操作号码 【1893352】
2023-10-17 00:24:43 GSD getOne 第 1 次 等待 3 秒
2023-10-17 00:24:46 查询号码 【1893352】，返回信息 {"status":"ok","msg":"广东-惠州","gid":"494559","time_insert":"2021-08-04 05:03"}
2023-10-17 00:24:47 查询号码 【1893352】，GSD为【"广东-惠州"】

2023-10-17 00:24:48 开始第 3439 次操作

2023-10-17 00:24:48 开始操作号码 【1893353】
2023-10-17 00:24:51 GSD getOne 第 1 次 等待 3 秒
2023-10-17 00:24:54 查询号码 【1893353】，返回信息 {"status":"ok","msg":"广东-惠州","gid":"494553","time_insert":"2021-08-04 05:01","time_update":"2021-08-04 05:42"}
2023-10-17 00:24:54 查询号码 【1893353】，GSD为【"广东-惠州"】

2023-10-17 00:24:55 开始第 3440 次操作

2023-10-17 00:24:55 开始操作号码 【1893354】
2023-10-17 00:25:45 GSD getOne 第 1 次 等待 3 秒
2023-10-17 00:25:48 查询号码 【1893354】，返回信息 {"status":"ok","msg":"广东-惠州","gid":"494545","time_insert":"2021-08-04 04:59"}
2023-10-17 00:25:48 查询号码 【1893354】，GSD为【"广东-惠州"】

