2024-04-06 00:22:44 开始第 2101 次操作

2024-04-06 00:22:44 开始操作号码 【1572014】
2024-04-06 00:22:53 GSD getOne 第 1 次 等待 3 秒
2024-04-06 00:22:56 查询号码 【1572014】，返回信息 {"status":"ok","msg":"河北-保定","gid":"138366","time_insert":"2021-06-27 10:42"}
2024-04-06 00:22:56 查询号码 【1572014】，GSD为【"河北-保定"】

2024-04-06 00:22:57 开始第 2102 次操作

2024-04-06 00:22:57 开始操作号码 【1572015】
2024-04-06 00:23:03 GSD getOne 第 1 次 等待 3 秒
2024-04-06 00:23:06 查询号码 【1572015】，返回信息 {"status":"ok","msg":"河北-保定","gid":"138543","time_insert":"2021-06-27 11:01"}
2024-04-06 00:23:06 查询号码 【1572015】，GSD为【"河北-保定"】

2024-04-06 00:23:07 开始第 2103 次操作

2024-04-06 00:23:07 开始操作号码 【1572016】
2024-04-06 00:23:11 GSD getOne 第 1 次 等待 3 秒
2024-04-06 00:23:14 查询号码 【1572016】，返回信息 {"status":"ok","msg":"河北-保定","gid":"138676","time_insert":"2021-06-27 11:18"}
2024-04-06 00:23:15 查询号码 【1572016】，GSD为【"河北-保定"】

2024-04-06 00:23:16 开始第 2104 次操作

2024-04-06 00:23:16 开始操作号码 【1572017】
2024-04-06 00:23:21 GSD getOne 第 1 次 等待 3 秒
2024-04-06 00:23:24 查询号码 【1572017】，返回信息 {"status":"ok","msg":"河北-保定","gid":"54708","time_insert":"2020-12-13 11:23"}
2024-04-06 00:23:24 查询号码 【1572017】，GSD为【"河北-保定"】

