2023-11-19 00:20:46 开始第 9245 次操作

2023-11-19 00:20:46 开始操作号码 【1899159】
2023-11-19 00:20:50 GSD getOne 第 1 次 等待 3 秒
2023-11-19 00:20:53 查询号码 【1899159】，返回信息 {"status":"ok","msg":"陕西-铜川","gid":"438147","time_insert":"2021-07-29 22:59"}
2023-11-19 00:20:53 查询号码 【1899159】，GSD为【"陕西-铜川"】

2023-11-19 00:20:54 开始第 9246 次操作

2023-11-19 00:20:54 开始操作号码 【1899160】
2023-11-19 00:21:01 GSD getOne 第 1 次 等待 3 秒
2023-11-19 00:21:04 查询号码 【1899160】，返回信息 {"status":"ok","msg":"陕西-汉中","gid":"438138","time_insert":"2021-07-29 22:59"}
2023-11-19 00:21:04 查询号码 【1899160】，GSD为【"陕西-汉中"】

2023-11-19 00:21:05 开始第 9247 次操作

2023-11-19 00:21:05 开始操作号码 【1899161】
2023-11-19 00:21:18 GSD getOne 第 1 次 等待 3 秒
2023-11-19 00:21:21 查询号码 【1899161】，返回信息 {"status":"ok","msg":"陕西-汉中","gid":"438130","time_insert":"2021-07-29 22:58"}
2023-11-19 00:21:21 查询号码 【1899161】，GSD为【"陕西-汉中"】

2023-11-19 00:21:22 开始第 9248 次操作

2023-11-19 00:21:22 开始操作号码 【1899162】
2023-11-19 00:21:27 GSD getOne 第 1 次 等待 3 秒
2023-11-19 00:21:30 查询号码 【1899162】，返回信息 {"status":"ok","msg":"陕西-汉中","gid":"45993","time_insert":"2019-04-10 07:19","time_update":"2020-12-09 11:43"}
2023-11-19 00:21:30 查询号码 【1899162】，GSD为【"陕西-汉中"】

2023-11-19 00:39:07 开始第 9249 次操作

2023-11-19 00:39:07 开始操作号码 【1899163】
2023-11-19 00:39:19 GSD getOne 第 1 次 等待 3 秒
2023-11-19 00:39:22 查询号码 【1899163】，返回信息 {"status":"ok","msg":"陕西-渭南","gid":"438123","time_insert":"2021-07-29 22:57"}
2023-11-19 00:39:22 查询号码 【1899163】，GSD为【"陕西-渭南"】

2023-11-19 00:39:23 开始第 9250 次操作

2023-11-19 00:39:23 开始操作号码 【1899164】
2023-11-19 00:39:30 GSD getOne 第 1 次 等待 3 秒
2023-11-19 00:39:33 查询号码 【1899164】，返回信息 {"status":"ok","msg":"陕西-渭南","gid":"438115","time_insert":"2021-07-29 22:57"}
2023-11-19 00:39:33 查询号码 【1899164】，GSD为【"陕西-渭南"】

2023-11-19 00:39:34 开始第 9251 次操作

2023-11-19 00:39:34 开始操作号码 【1899165】
2023-11-19 00:39:37 GSD getOne 第 1 次 等待 3 秒
2023-11-19 00:39:40 查询号码 【1899165】，返回信息 {"status":"ok","msg":"陕西-渭南","gid":"438108","time_insert":"2021-07-29 22:56"}
2023-11-19 00:39:40 查询号码 【1899165】，GSD为【"陕西-渭南"】

2023-11-19 00:39:41 开始第 9252 次操作

2023-11-19 00:39:41 开始操作号码 【1899166】
2023-11-19 00:39:46 GSD getOne 第 1 次 等待 3 秒
2023-11-19 00:39:49 查询号码 【1899166】，返回信息 {"status":"ok","msg":"陕西-渭南","gid":"438101","time_insert":"2021-07-29 22:56"}
2023-11-19 00:39:49 查询号码 【1899166】，GSD为【"陕西-渭南"】

