2024-01-12 00:23:32 开始第 8125 次操作

2024-01-12 00:23:32 开始操作号码 【1798037】
2024-01-12 00:23:35 GSD getOne 第 1 次 等待 3 秒
2024-01-12 00:23:38 查询号码 【1798037】，返回信息 {"status":"ok","msg":"-","gid":"631701","time_insert":"2023-04-03 11:56"}
2024-01-12 00:23:38 查询号码 【1798037】，GSD为【"-"】
2024-01-12 00:23:38 ok && -
2024-01-12 00:23:40 CHB 1798037?1704990218 第 1 次 等待 3 秒
2024-01-12 00:23:43 CHB 1798037?1704990218 第 1 次 获取到号码【1798037】GSD
2024-01-12 00:23:43 未获取到号码【1798037】GSD，可能号码格式错误
2024-01-12 00:23:43 获取到号码【1798037】的GSD为【-】
2024-01-12 00:23:50 GSD insert 第 1 次 等待 3 秒
2024-01-12 00:23:53 {"status":"bad","gid":"631701","msg":"添加失败！号码【1798037(-|-)】已存在！"}
2024-01-12 00:23:53 随机等待 187 秒，约 3 分钟
2024-01-12 00:23:53 下次操作: 2024-01-12 00:27:00

2024-01-12 00:27:00 开始第 8126 次操作

2024-01-12 00:27:00 开始操作号码 【1798038】
2024-01-12 00:27:03 GSD getOne 第 1 次 等待 3 秒
2024-01-12 00:27:06 查询号码 【1798038】，返回信息 {"status":"ok","msg":"-","gid":"631709","time_insert":"2023-04-03 11:58"}
2024-01-12 00:27:06 查询号码 【1798038】，GSD为【"-"】
2024-01-12 00:27:06 ok && -
2024-01-12 00:27:08 CHB 1798038?1704990426 第 1 次 等待 3 秒
2024-01-12 00:27:11 CHB 1798038?1704990426 第 1 次 获取到号码【1798038】GSD
2024-01-12 00:27:11 未获取到号码【1798038】GSD，可能号码格式错误
2024-01-12 00:27:11 获取到号码【1798038】的GSD为【-】
2024-01-12 00:27:13 GSD insert 第 1 次 等待 3 秒
2024-01-12 00:27:16 {"status":"bad","gid":"631709","msg":"添加失败！号码【1798038(-|-)】已存在！"}
2024-01-12 00:27:17 随机等待 78 秒，约 1 分钟
2024-01-12 00:27:17 下次操作: 2024-01-12 00:28:35

2024-01-12 00:28:35 开始第 8127 次操作

2024-01-12 00:28:35 开始操作号码 【1798039】
2024-01-12 00:28:41 GSD getOne 第 1 次 等待 3 秒
2024-01-12 00:28:44 查询号码 【1798039】，返回信息 {"status":"ok","msg":"-","gid":"631711","time_insert":"2023-04-03 12:00"}
2024-01-12 00:28:44 查询号码 【1798039】，GSD为【"-"】
2024-01-12 00:28:44 ok && -
2024-01-12 00:28:46 CHB 1798039?1704990524 第 1 次 等待 3 秒
2024-01-12 00:28:49 CHB 1798039?1704990524 第 1 次 获取到号码【1798039】GSD
2024-01-12 00:28:49 未获取到号码【1798039】GSD，可能号码格式错误
2024-01-12 00:28:49 获取到号码【1798039】的GSD为【-】
2024-01-12 00:28:52 GSD insert 第 1 次 等待 3 秒
2024-01-12 00:28:55 {"status":"bad","gid":"631711","msg":"添加失败！号码【1798039(-|-)】已存在！"}
2024-01-12 00:28:55 随机等待 71 秒，约 1 分钟
2024-01-12 00:28:55 下次操作: 2024-01-12 00:30:06

2024-01-12 00:30:06 开始第 8128 次操作

2024-01-12 00:30:06 开始操作号码 【1798040】
2024-01-12 00:30:09 GSD getOne 第 1 次 等待 3 秒
2024-01-12 00:30:12 查询号码 【1798040】，返回信息 {"status":"ok","msg":"-","gid":"631725","time_insert":"2023-04-03 12:14"}
2024-01-12 00:30:12 查询号码 【1798040】，GSD为【"-"】
2024-01-12 00:30:12 ok && -
2024-01-12 00:30:13 CHB 1798040?1704990612 第 1 次 等待 3 秒
2024-01-12 00:30:16 CHB 1798040?1704990612 第 1 次 获取到号码【1798040】GSD
2024-01-12 00:30:17 未获取到号码【1798040】GSD，可能号码格式错误
2024-01-12 00:30:17 获取到号码【1798040】的GSD为【-】
2024-01-12 00:30:19 GSD insert 第 1 次 等待 3 秒
2024-01-12 00:30:22 {"status":"bad","gid":"631725","msg":"添加失败！号码【1798040(-|-)】已存在！"}

