2024-07-28 00:22:57 开始第 8265 次操作

2024-07-28 00:22:57 开始操作号码 【1468167】
2024-07-28 00:23:05 GSD getOne 第 1 次 等待 3 秒
2024-07-28 00:23:08 查询号码 【1468167】，返回信息 {"status":"ok","msg":"江苏-南京","gid":"375305","time_insert":"2021-07-24 07:56","time_update":"2023-05-21 18:40"}
2024-07-28 00:23:08 查询号码 【1468167】，GSD为【"江苏-南京"】

2024-07-28 00:23:09 开始第 8266 次操作

2024-07-28 00:23:09 开始操作号码 【1468168】
2024-07-28 00:23:17 GSD getOne 第 1 次 等待 3 秒
2024-07-28 00:23:20 查询号码 【1468168】，返回信息 {"status":"ok","msg":"江苏-南京","gid":"375296","time_insert":"2021-07-24 07:55","time_update":"2023-05-21 18:44"}
2024-07-28 00:23:20 查询号码 【1468168】，GSD为【"江苏-南京"】

2024-07-28 00:23:21 开始第 8267 次操作

2024-07-28 00:23:21 开始操作号码 【1468169】
2024-07-28 00:23:28 GSD getOne 第 1 次 等待 3 秒
2024-07-28 00:23:31 查询号码 【1468169】，返回信息 {"status":"ok","msg":"江苏-南京","gid":"375289","time_insert":"2021-07-24 07:54","time_update":"2023-05-21 18:49"}
2024-07-28 00:23:31 查询号码 【1468169】，GSD为【"江苏-南京"】

2024-07-28 00:23:32 开始第 8268 次操作

2024-07-28 00:23:32 开始操作号码 【1468170】
2024-07-28 00:23:40 GSD getOne 第 1 次 等待 3 秒
2024-07-28 00:23:43 查询号码 【1468170】，返回信息 {"status":"ok","msg":"江苏-南京","gid":"375281","time_insert":"2021-07-24 07:54","time_update":"2023-05-21 18:51"}
2024-07-28 00:23:43 查询号码 【1468170】，GSD为【"江苏-南京"】

2024-07-28 00:40:05 开始第 8269 次操作

2024-07-28 00:40:05 开始操作号码 【1468171】
2024-07-28 00:40:13 GSD getOne 第 1 次 等待 3 秒
2024-07-28 00:40:16 查询号码 【1468171】，返回信息 {"status":"ok","msg":"江苏-南京","gid":"375273","time_insert":"2021-07-24 07:53","time_update":"2023-05-21 18:53"}
2024-07-28 00:40:17 查询号码 【1468171】，GSD为【"江苏-南京"】

2024-07-28 00:40:18 开始第 8270 次操作

2024-07-28 00:40:18 开始操作号码 【1468172】
2024-07-28 00:40:26 GSD getOne 第 1 次 等待 3 秒
2024-07-28 00:40:29 查询号码 【1468172】，返回信息 {"status":"ok","msg":"江苏-南京","gid":"375266","time_insert":"2021-07-24 07:53","time_update":"2023-05-21 18:59"}
2024-07-28 00:40:29 查询号码 【1468172】，GSD为【"江苏-南京"】

2024-07-28 00:40:30 开始第 8271 次操作

2024-07-28 00:40:30 开始操作号码 【1468173】
2024-07-28 00:40:38 GSD getOne 第 1 次 等待 3 秒
2024-07-28 00:40:41 查询号码 【1468173】，返回信息 {"status":"ok","msg":"江苏-南京","gid":"375257","time_insert":"2021-07-24 07:52","time_update":"2023-05-21 19:01"}
2024-07-28 00:40:41 查询号码 【1468173】，GSD为【"江苏-南京"】

2024-07-28 00:40:42 开始第 8272 次操作

2024-07-28 00:40:42 开始操作号码 【1468174】
2024-07-28 00:40:54 GSD getOne 第 1 次 等待 3 秒
2024-07-28 00:40:57 查询号码 【1468174】，返回信息 {"status":"ok","msg":"江苏-南京","gid":"375245","time_insert":"2021-07-24 07:52","time_update":"2023-05-21 19:07"}
2024-07-28 00:40:57 查询号码 【1468174】，GSD为【"江苏-南京"】

