2024-09-23 00:22:18 开始第 5969 次操作

2024-09-23 00:22:18 开始操作号码 【1355968】
2024-09-23 00:22:20 GSD getOne 第 1 次 等待 3 秒
2024-09-23 00:22:23 查询号码 【1355968】，返回信息 {"status":"ok","msg":"福建-漳州","gid":"237306","time_insert":"2021-07-10 06:45"}
2024-09-23 00:22:23 查询号码 【1355968】，GSD为【"福建-漳州"】

2024-09-23 00:22:24 开始第 5970 次操作

2024-09-23 00:22:24 开始操作号码 【1355969】
2024-09-23 00:22:26 GSD getOne 第 1 次 等待 3 秒
2024-09-23 00:22:29 查询号码 【1355969】，返回信息 {"status":"ok","msg":"福建-漳州","gid":"237466","time_insert":"2021-07-10 07:00"}
2024-09-23 00:22:29 查询号码 【1355969】，GSD为【"福建-漳州"】

2024-09-23 00:22:30 开始第 5971 次操作

2024-09-23 00:22:30 开始操作号码 【1355970】
2024-09-23 00:22:32 GSD getOne 第 1 次 等待 3 秒
2024-09-23 00:22:35 查询号码 【1355970】，返回信息 {"status":"ok","msg":"广东-东莞","gid":"237506","time_insert":"2021-07-10 07:13"}
2024-09-23 00:22:35 查询号码 【1355970】，GSD为【"广东-东莞"】

2024-09-23 00:22:36 开始第 5972 次操作

2024-09-23 00:22:36 开始操作号码 【1355971】
2024-09-23 00:22:39 GSD getOne 第 1 次 等待 3 秒
2024-09-23 00:22:42 查询号码 【1355971】，返回信息 {"status":"ok","msg":"广东-东莞","gid":"6495","time_insert":"2014-12-31 11:05","time_update":"2020-09-26 18:26"}
2024-09-23 00:22:42 查询号码 【1355971】，GSD为【"广东-东莞"】

