2024-06-26 00:24:12 开始第 2669 次操作

2024-06-26 00:24:12 开始操作号码 【1462572】
2024-06-26 00:24:33 GSD getOne 第 1 次 等待 3 秒
2024-06-26 00:24:36 查询号码 【1462572】，返回信息 {"status":"ok","msg":"广东-东莞","gid":"168047","time_insert":"2021-07-01 17:36"}
2024-06-26 00:24:36 查询号码 【1462572】，GSD为【"广东-东莞"】

2024-06-26 00:24:37 开始第 2670 次操作

2024-06-26 00:24:37 开始操作号码 【1462573】
2024-06-26 00:25:00 GSD getOne 第 1 次 等待 3 秒
2024-06-26 00:25:03 查询号码 【1462573】，返回信息 {"status":"ok","msg":"广东-东莞","gid":"168231","time_insert":"2021-07-01 18:00"}
2024-06-26 00:25:03 查询号码 【1462573】，GSD为【"广东-东莞"】

2024-06-26 00:25:04 开始第 2671 次操作

2024-06-26 00:25:04 开始操作号码 【1462574】
2024-06-26 00:25:18 GSD getOne 第 1 次 等待 3 秒
2024-06-26 00:25:21 查询号码 【1462574】，返回信息 {"status":"ok","msg":"广东-东莞","gid":"168351","time_insert":"2021-07-01 18:21"}
2024-06-26 00:25:21 查询号码 【1462574】，GSD为【"广东-东莞"】

2024-06-26 00:25:22 开始第 2672 次操作

2024-06-26 00:25:22 开始操作号码 【1462575】
2024-06-26 00:25:38 GSD getOne 第 1 次 等待 3 秒
2024-06-26 00:25:41 查询号码 【1462575】，返回信息 {"status":"ok","msg":"广东-东莞","gid":"168375","time_insert":"2021-07-01 18:39"}
2024-06-26 00:25:41 查询号码 【1462575】，GSD为【"广东-东莞"】

2024-06-26 00:41:43 开始第 2673 次操作

2024-06-26 00:41:43 开始操作号码 【1462576】
2024-06-26 00:42:03 GSD getOne 第 1 次 等待 3 秒
2024-06-26 00:42:06 查询号码 【1462576】，返回信息 {"status":"ok","msg":"广东-东莞","gid":"168566","time_insert":"2021-07-01 18:57"}
2024-06-26 00:42:06 查询号码 【1462576】，GSD为【"广东-东莞"】

2024-06-26 00:42:07 开始第 2674 次操作

2024-06-26 00:42:07 开始操作号码 【1462577】
2024-06-26 00:42:27 GSD getOne 第 1 次 等待 3 秒
2024-06-26 00:42:30 查询号码 【1462577】，返回信息 {"status":"ok","msg":"广东-东莞","gid":"168669","time_insert":"2021-07-01 19:16"}
2024-06-26 00:42:31 查询号码 【1462577】，GSD为【"广东-东莞"】

2024-06-26 00:42:32 开始第 2675 次操作

2024-06-26 00:42:32 开始操作号码 【1462578】
2024-06-26 00:43:14 GSD getOne 第 1 次 等待 3 秒
2024-06-26 00:43:17 查询号码 【1462578】，返回信息 {"status":"ok","msg":"广东-东莞","gid":"168749","time_insert":"2021-07-01 19:40"}
2024-06-26 00:43:17 查询号码 【1462578】，GSD为【"广东-东莞"】

2024-06-26 00:43:18 开始第 2676 次操作

2024-06-26 00:43:19 开始操作号码 【1462579】
2024-06-26 00:44:19 GSD getOne 第 1 次 等待 3 秒
2024-06-26 00:44:22 查询号码 【1462579】，返回信息 {"status":"ok","msg":"广东-东莞","gid":"168974","time_insert":"2021-07-01 20:02"}
2024-06-26 00:44:22 查询号码 【1462579】，GSD为【"广东-东莞"】

2024-06-26 01:17:31 开始第 2677 次操作

2024-06-26 01:17:31 开始操作号码 【1462580】
2024-06-26 01:17:46 GSD getOne 第 1 次 等待 3 秒
2024-06-26 01:17:49 查询号码 【1462580】，返回信息 {"status":"ok","msg":"广东-东莞","gid":"169000","time_insert":"2021-07-01 20:21"}
2024-06-26 01:17:49 查询号码 【1462580】，GSD为【"广东-东莞"】

2024-06-26 01:17:50 开始第 2678 次操作

2024-06-26 01:17:50 开始操作号码 【1462581】
2024-06-26 01:18:16 GSD getOne 第 1 次 等待 3 秒
2024-06-26 01:18:19 查询号码 【1462581】，返回信息 {"status":"ok","msg":"广东-东莞","gid":"169027","time_insert":"2021-07-01 20:38"}
2024-06-26 01:18:19 查询号码 【1462581】，GSD为【"广东-东莞"】

2024-06-26 01:18:20 开始第 2679 次操作

2024-06-26 01:18:20 开始操作号码 【1462582】
2024-06-26 01:18:38 GSD getOne 第 1 次 等待 3 秒
2024-06-26 01:18:41 查询号码 【1462582】，返回信息 {"status":"ok","msg":"广东-东莞","gid":"169048","time_insert":"2021-07-01 20:54"}
2024-06-26 01:18:41 查询号码 【1462582】，GSD为【"广东-东莞"】

2024-06-26 01:18:42 开始第 2680 次操作

2024-06-26 01:18:42 开始操作号码 【1462583】
2024-06-26 01:19:01 GSD getOne 第 1 次 等待 3 秒
2024-06-26 01:19:04 查询号码 【1462583】，返回信息 {"status":"ok","msg":"广东-东莞","gid":"169084","time_insert":"2021-07-01 21:14"}
2024-06-26 01:19:05 查询号码 【1462583】，GSD为【"广东-东莞"】

