2024-10-15 00:24:31 开始第 9721 次操作

2024-10-15 00:24:31 开始操作号码 【1359720】
2024-10-15 00:24:39 GSD getOne 第 1 次 等待 3 秒
2024-10-15 00:24:42 查询号码 【1359720】，返回信息 {"status":"ok","msg":"广西-柳州","gid":"303710","time_insert":"2021-07-17 13:53"}
2024-10-15 00:24:42 查询号码 【1359720】，GSD为【"广西-柳州"】

2024-10-15 00:24:43 开始第 9722 次操作

2024-10-15 00:24:43 开始操作号码 【1359721】
2024-10-15 00:24:46 GSD getOne 第 1 次 等待 3 秒
2024-10-15 00:24:49 查询号码 【1359721】，返回信息 {"status":"ok","msg":"广西-柳州","gid":"303697","time_insert":"2021-07-17 13:52"}
2024-10-15 00:24:49 查询号码 【1359721】，GSD为【"广西-柳州"】

2024-10-15 00:24:50 开始第 9723 次操作

2024-10-15 00:24:50 开始操作号码 【1359722】
2024-10-15 00:24:52 GSD getOne 第 1 次 等待 3 秒
2024-10-15 00:24:55 查询号码 【1359722】，返回信息 {"status":"ok","msg":"广西-柳州","gid":"303683","time_insert":"2021-07-17 13:51"}
2024-10-15 00:24:55 查询号码 【1359722】，GSD为【"广西-柳州"】

2024-10-15 00:24:56 开始第 9724 次操作

2024-10-15 00:24:56 开始操作号码 【1359723】
2024-10-15 00:25:13 GSD getOne 第 1 次 等待 3 秒
2024-10-15 00:25:16 查询号码 【1359723】，返回信息 {"status":"ok","msg":"广西-来宾","gid":"303673","time_insert":"2021-07-17 13:50"}
2024-10-15 00:25:16 查询号码 【1359723】，GSD为【"广西-来宾"】

2024-10-15 00:45:34 开始第 9725 次操作

2024-10-15 00:45:34 开始操作号码 【1359724】
2024-10-15 00:45:47 GSD getOne 第 1 次 等待 3 秒
2024-10-15 00:45:50 查询号码 【1359724】，返回信息 {"status":"ok","msg":"广西-柳州","gid":"303659","time_insert":"2021-07-17 13:49"}
2024-10-15 00:45:50 查询号码 【1359724】，GSD为【"广西-柳州"】

2024-10-15 00:45:51 开始第 9726 次操作

2024-10-15 00:45:51 开始操作号码 【1359725】
2024-10-15 00:45:54 GSD getOne 第 1 次 等待 3 秒
2024-10-15 00:45:57 查询号码 【1359725】，返回信息 {"status":"ok","msg":"广西-柳州","gid":"303650","time_insert":"2021-07-17 13:48"}
2024-10-15 00:45:57 查询号码 【1359725】，GSD为【"广西-柳州"】

2024-10-15 00:45:58 开始第 9727 次操作

2024-10-15 00:45:58 开始操作号码 【1359726】
2024-10-15 00:46:00 GSD getOne 第 1 次 等待 3 秒
2024-10-15 00:46:03 查询号码 【1359726】，返回信息 {"status":"ok","msg":"广西-柳州","gid":"303638","time_insert":"2021-07-17 13:47"}
2024-10-15 00:46:03 查询号码 【1359726】，GSD为【"广西-柳州"】

2024-10-15 00:46:04 开始第 9728 次操作

2024-10-15 00:46:04 开始操作号码 【1359727】
2024-10-15 00:46:06 GSD getOne 第 1 次 等待 3 秒
2024-10-15 00:46:09 查询号码 【1359727】，返回信息 {"status":"ok","msg":"广西-柳州","gid":"303626","time_insert":"2021-07-17 13:46"}
2024-10-15 00:46:09 查询号码 【1359727】，GSD为【"广西-柳州"】

