2024-02-22 00:21:37 开始第 4945 次操作

2024-02-22 00:21:37 开始操作号码 【1684857】
2024-02-22 00:21:45 GSD getOne 第 1 次 等待 3 秒
2024-02-22 00:21:48 查询号码 【1684857】，返回信息 {"status":"ok","msg":"-","gid":"620744","time_insert":"2023-03-28 22:26"}
2024-02-22 00:21:48 查询号码 【1684857】，GSD为【"-"】
2024-02-22 00:21:48 ok && -
2024-02-22 00:21:50 CHB 1684857?1708532508 第 1 次 等待 3 秒
2024-02-22 00:21:53 CHB 1684857?1708532508 第 1 次 获取到号码【1684857】GSD
2024-02-22 00:21:53 未获取到号码【1684857】GSD，可能号码格式错误
2024-02-22 00:21:53 获取到号码【1684857】的GSD为【-】
2024-02-22 00:21:59 GSD insert 第 1 次 等待 3 秒
2024-02-22 00:22:02 {"status":"bad","gid":"620744","msg":"添加失败！号码【1684857(-|-)】已存在！"}
2024-02-22 00:22:02 随机等待 145 秒，约 2 分钟
2024-02-22 00:22:02 下次操作: 2024-02-22 00:24:27

2024-02-22 00:24:27 开始第 4946 次操作

2024-02-22 00:24:27 开始操作号码 【1684858】
2024-02-22 00:24:32 GSD getOne 第 1 次 等待 3 秒
2024-02-22 00:24:35 查询号码 【1684858】，返回信息 {"status":"ok","msg":"-","gid":"620757","time_insert":"2023-03-28 22:36"}
2024-02-22 00:24:35 查询号码 【1684858】，GSD为【"-"】
2024-02-22 00:24:35 ok && -
2024-02-22 00:24:38 CHB 1684858?1708532675 第 1 次 等待 3 秒
2024-02-22 00:24:41 CHB 1684858?1708532675 第 1 次 获取到号码【1684858】GSD
2024-02-22 00:24:41 未获取到号码【1684858】GSD，可能号码格式错误
2024-02-22 00:24:41 获取到号码【1684858】的GSD为【-】
2024-02-22 00:24:46 GSD insert 第 1 次 等待 3 秒
2024-02-22 00:24:49 {"status":"bad","gid":"620757","msg":"添加失败！号码【1684858(-|-)】已存在！"}
2024-02-22 00:24:49 随机等待 185 秒，约 3 分钟
2024-02-22 00:24:49 下次操作: 2024-02-22 00:27:54

2024-02-22 00:27:54 开始第 4947 次操作

2024-02-22 00:27:54 开始操作号码 【1684859】
2024-02-22 00:28:00 GSD getOne 第 1 次 等待 3 秒
2024-02-22 00:28:03 查询号码 【1684859】，返回信息 {"status":"ok","msg":"-","gid":"620781","time_insert":"2023-03-28 22:56"}
2024-02-22 00:28:03 查询号码 【1684859】，GSD为【"-"】
2024-02-22 00:28:03 ok && -
2024-02-22 00:28:05 CHB 1684859?1708532883 第 1 次 等待 3 秒
2024-02-22 00:28:08 CHB 1684859?1708532883 第 1 次 获取到号码【1684859】GSD
2024-02-22 00:28:08 未获取到号码【1684859】GSD，可能号码格式错误
2024-02-22 00:28:08 获取到号码【1684859】的GSD为【-】
2024-02-22 00:28:13 GSD insert 第 1 次 等待 3 秒
2024-02-22 00:28:16 {"status":"bad","gid":"620781","msg":"添加失败！号码【1684859(-|-)】已存在！"}
2024-02-22 00:28:16 随机等待 121 秒，约 2 分钟
2024-02-22 00:28:16 下次操作: 2024-02-22 00:30:17

2024-02-22 00:30:17 开始第 4948 次操作

2024-02-22 00:30:17 开始操作号码 【1684860】
2024-02-22 00:30:22 GSD getOne 第 1 次 等待 3 秒
2024-02-22 00:30:25 查询号码 【1684860】，返回信息 {"status":"ok","msg":"-","gid":"620791","time_insert":"2023-03-28 23:06"}
2024-02-22 00:30:25 查询号码 【1684860】，GSD为【"-"】
2024-02-22 00:30:25 ok && -
2024-02-22 00:30:27 CHB 1684860?1708533025 第 1 次 等待 3 秒
2024-02-22 00:30:30 CHB 1684860?1708533025 第 1 次 获取到号码【1684860】GSD
2024-02-22 00:30:31 未获取到号码【1684860】GSD，可能号码格式错误
2024-02-22 00:30:31 获取到号码【1684860】的GSD为【-】
2024-02-22 00:30:36 GSD insert 第 1 次 等待 3 秒
2024-02-22 00:30:39 {"status":"bad","gid":"620791","msg":"添加失败！号码【1684860(-|-)】已存在！"}

2024-02-22 00:38:51 开始第 4949 次操作

2024-02-22 00:38:51 开始操作号码 【1684861】
2024-02-22 00:39:00 GSD getOne 第 1 次 等待 3 秒
2024-02-22 00:39:03 查询号码 【1684861】，返回信息 {"status":"ok","msg":"-","gid":"620806","time_insert":"2023-03-28 23:23"}
2024-02-22 00:39:03 查询号码 【1684861】，GSD为【"-"】
2024-02-22 00:39:03 ok && -
2024-02-22 00:39:06 CHB 1684861?1708533543 第 1 次 等待 3 秒
2024-02-22 00:39:09 CHB 1684861?1708533543 第 1 次 获取到号码【1684861】GSD
2024-02-22 00:39:09 未获取到号码【1684861】GSD，可能号码格式错误
2024-02-22 00:39:09 获取到号码【1684861】的GSD为【-】
2024-02-22 00:39:17 GSD insert 第 1 次 等待 3 秒
2024-02-22 00:39:20 {"status":"bad","gid":"620806","msg":"添加失败！号码【1684861(-|-)】已存在！"}
2024-02-22 00:39:20 随机等待 95 秒，约 1 分钟
2024-02-22 00:39:20 下次操作: 2024-02-22 00:40:55

2024-02-22 00:40:55 开始第 4950 次操作

2024-02-22 00:40:55 开始操作号码 【1684862】
2024-02-22 00:41:01 GSD getOne 第 1 次 等待 3 秒
2024-02-22 00:41:04 查询号码 【1684862】，返回信息 {"status":"ok","msg":"-","gid":"620826","time_insert":"2023-03-28 23:42"}
2024-02-22 00:41:04 查询号码 【1684862】，GSD为【"-"】
2024-02-22 00:41:04 ok && -
2024-02-22 00:41:24 CHB 1684862?1708533664 第 1 次 等待 3 秒
2024-02-22 00:41:27 CHB 1684862?1708533664 第 1 次 获取到号码【1684862】GSD
2024-02-22 00:41:27 未获取到号码【1684862】GSD，可能号码格式错误
2024-02-22 00:41:27 获取到号码【1684862】的GSD为【-】
2024-02-22 00:41:36 GSD insert 第 1 次 等待 3 秒
2024-02-22 00:41:39 {"status":"bad","gid":"620826","msg":"添加失败！号码【1684862(-|-)】已存在！"}
2024-02-22 00:41:39 随机等待 158 秒，约 2 分钟
2024-02-22 00:41:39 下次操作: 2024-02-22 00:44:17

2024-02-22 00:44:18 开始第 4951 次操作

2024-02-22 00:44:18 开始操作号码 【1684863】
2024-02-22 00:44:24 GSD getOne 第 1 次 等待 3 秒
2024-02-22 00:44:27 查询号码 【1684863】，返回信息 {"status":"ok","msg":"-","gid":"620849","time_insert":"2023-03-29 00:03"}
2024-02-22 00:44:27 查询号码 【1684863】，GSD为【"-"】
2024-02-22 00:44:27 ok && -
2024-02-22 00:44:29 CHB 1684863?1708533867 第 1 次 等待 3 秒
2024-02-22 00:44:32 CHB 1684863?1708533867 第 1 次 获取到号码【1684863】GSD
2024-02-22 00:44:32 未获取到号码【1684863】GSD，可能号码格式错误
2024-02-22 00:44:32 获取到号码【1684863】的GSD为【-】
2024-02-22 00:44:37 GSD insert 第 1 次 等待 3 秒
2024-02-22 00:44:40 {"status":"bad","gid":"620849","msg":"添加失败！号码【1684863(-|-)】已存在！"}
2024-02-22 00:44:40 随机等待 166 秒，约 2 分钟
2024-02-22 00:44:40 下次操作: 2024-02-22 00:47:26

2024-02-22 00:47:26 开始第 4952 次操作

2024-02-22 00:47:26 开始操作号码 【1684864】
2024-02-22 00:47:35 GSD getOne 第 1 次 等待 3 秒
2024-02-22 00:47:38 查询号码 【1684864】，返回信息 {"status":"ok","msg":"-","gid":"620863","time_insert":"2023-03-29 00:19"}
2024-02-22 00:47:38 查询号码 【1684864】，GSD为【"-"】
2024-02-22 00:47:38 ok && -
2024-02-22 00:47:40 CHB 1684864?1708534058 第 1 次 等待 3 秒
2024-02-22 00:47:43 CHB 1684864?1708534058 第 1 次 获取到号码【1684864】GSD
2024-02-22 00:47:43 未获取到号码【1684864】GSD，可能号码格式错误
2024-02-22 00:47:43 获取到号码【1684864】的GSD为【-】
2024-02-22 00:47:54 GSD insert 第 1 次 等待 3 秒
2024-02-22 00:47:57 {"status":"bad","gid":"620863","msg":"添加失败！号码【1684864(-|-)】已存在！"}

2024-02-22 01:15:17 开始第 4953 次操作

2024-02-22 01:15:17 开始操作号码 【1684865】
2024-02-22 01:15:21 GSD getOne 第 1 次 等待 3 秒
2024-02-22 01:15:24 查询号码 【1684865】，返回信息 {"status":"ok","msg":"-","gid":"620877","time_insert":"2023-03-29 00:36"}
2024-02-22 01:15:24 查询号码 【1684865】，GSD为【"-"】
2024-02-22 01:15:24 ok && -
2024-02-22 01:15:27 CHB 1684865?1708535724 第 1 次 等待 3 秒
2024-02-22 01:15:30 CHB 1684865?1708535724 第 1 次 获取到号码【1684865】GSD
2024-02-22 01:15:30 未获取到号码【1684865】GSD，可能号码格式错误
2024-02-22 01:15:30 获取到号码【1684865】的GSD为【-】
2024-02-22 01:15:34 GSD insert 第 1 次 等待 3 秒
2024-02-22 01:15:37 {"status":"bad","gid":"620877","msg":"添加失败！号码【1684865(-|-)】已存在！"}
2024-02-22 01:15:37 随机等待 234 秒，约 3 分钟
2024-02-22 01:15:37 下次操作: 2024-02-22 01:19:31

2024-02-22 01:19:31 开始第 4954 次操作

2024-02-22 01:19:31 开始操作号码 【1684866】
2024-02-22 01:19:36 GSD getOne 第 1 次 等待 3 秒
2024-02-22 01:19:39 查询号码 【1684866】，返回信息 {"status":"ok","msg":"-","gid":"620897","time_insert":"2023-03-29 00:55"}
2024-02-22 01:19:39 查询号码 【1684866】，GSD为【"-"】
2024-02-22 01:19:39 ok && -
2024-02-22 01:19:41 CHB 1684866?1708535979 第 1 次 等待 3 秒
2024-02-22 01:19:44 CHB 1684866?1708535979 第 1 次 获取到号码【1684866】GSD
2024-02-22 01:19:44 未获取到号码【1684866】GSD，可能号码格式错误
2024-02-22 01:19:44 获取到号码【1684866】的GSD为【-】
2024-02-22 01:19:49 GSD insert 第 1 次 等待 3 秒
2024-02-22 01:19:52 {"status":"bad","gid":"620897","msg":"添加失败！号码【1684866(-|-)】已存在！"}
2024-02-22 01:19:52 随机等待 175 秒，约 2 分钟
2024-02-22 01:19:52 下次操作: 2024-02-22 01:22:47

2024-02-22 01:22:47 开始第 4955 次操作

2024-02-22 01:22:47 开始操作号码 【1684867】
2024-02-22 01:22:52 GSD getOne 第 1 次 等待 3 秒
2024-02-22 01:22:55 查询号码 【1684867】，返回信息 {"status":"ok","msg":"-","gid":"620909","time_insert":"2023-03-29 01:08"}
2024-02-22 01:22:55 查询号码 【1684867】，GSD为【"-"】
2024-02-22 01:22:55 ok && -
2024-02-22 01:22:57 CHB 1684867?1708536175 第 1 次 等待 3 秒
2024-02-22 01:23:00 CHB 1684867?1708536175 第 1 次 获取到号码【1684867】GSD
2024-02-22 01:23:00 未获取到号码【1684867】GSD，可能号码格式错误
2024-02-22 01:23:00 获取到号码【1684867】的GSD为【-】
2024-02-22 01:23:04 GSD insert 第 1 次 等待 3 秒
2024-02-22 01:23:07 {"status":"bad","gid":"620909","msg":"添加失败！号码【1684867(-|-)】已存在！"}
2024-02-22 01:23:07 随机等待 184 秒，约 3 分钟
2024-02-22 01:23:07 下次操作: 2024-02-22 01:26:11

2024-02-22 01:26:11 开始第 4956 次操作

2024-02-22 01:26:11 开始操作号码 【1684868】
2024-02-22 01:26:17 GSD getOne 第 1 次 等待 3 秒
2024-02-22 01:26:20 查询号码 【1684868】，返回信息 {"status":"ok","msg":"-","gid":"620920","time_insert":"2023-03-29 01:22"}
2024-02-22 01:26:20 查询号码 【1684868】，GSD为【"-"】
2024-02-22 01:26:20 ok && -
2024-02-22 01:26:22 CHB 1684868?1708536380 第 1 次 等待 3 秒
2024-02-22 01:26:25 CHB 1684868?1708536380 第 1 次 获取到号码【1684868】GSD
2024-02-22 01:26:25 未获取到号码【1684868】GSD，可能号码格式错误
2024-02-22 01:26:25 获取到号码【1684868】的GSD为【-】
2024-02-22 01:26:29 GSD insert 第 1 次 等待 3 秒
2024-02-22 01:26:32 {"status":"bad","gid":"620920","msg":"添加失败！号码【1684868(-|-)】已存在！"}

2024-02-22 01:37:50 开始第 4957 次操作

2024-02-22 01:37:50 开始操作号码 【1684869】
2024-02-22 01:37:56 GSD getOne 第 1 次 等待 3 秒
2024-02-22 01:37:59 查询号码 【1684869】，返回信息 {"status":"ok","msg":"-","gid":"620939","time_insert":"2023-03-29 01:44"}
2024-02-22 01:37:59 查询号码 【1684869】，GSD为【"-"】
2024-02-22 01:37:59 ok && -
2024-02-22 01:38:02 CHB 1684869?1708537079 第 1 次 等待 3 秒
2024-02-22 01:38:05 CHB 1684869?1708537079 第 1 次 获取到号码【1684869】GSD
2024-02-22 01:38:05 未获取到号码【1684869】GSD，可能号码格式错误
2024-02-22 01:38:05 获取到号码【1684869】的GSD为【-】
2024-02-22 01:38:10 GSD insert 第 1 次 等待 3 秒
2024-02-22 01:38:13 {"status":"bad","gid":"620939","msg":"添加失败！号码【1684869(-|-)】已存在！"}
2024-02-22 01:38:13 随机等待 142 秒，约 2 分钟
2024-02-22 01:38:13 下次操作: 2024-02-22 01:40:35

2024-02-22 01:40:35 开始第 4958 次操作

2024-02-22 01:40:35 开始操作号码 【1684870】
2024-02-22 01:40:39 GSD getOne 第 1 次 等待 3 秒
2024-02-22 01:40:42 查询号码 【1684870】，返回信息 {"status":"ok","msg":"-","gid":"620953","time_insert":"2023-03-29 01:54"}
2024-02-22 01:40:42 查询号码 【1684870】，GSD为【"-"】
2024-02-22 01:40:42 ok && -
2024-02-22 01:40:44 CHB 1684870?1708537242 第 1 次 等待 3 秒
2024-02-22 01:40:47 CHB 1684870?1708537242 第 1 次 获取到号码【1684870】GSD
2024-02-22 01:40:47 未获取到号码【1684870】GSD，可能号码格式错误
2024-02-22 01:40:47 获取到号码【1684870】的GSD为【-】
2024-02-22 01:40:52 GSD insert 第 1 次 等待 3 秒
2024-02-22 01:40:55 {"status":"bad","gid":"620953","msg":"添加失败！号码【1684870(-|-)】已存在！"}
2024-02-22 01:40:55 随机等待 167 秒，约 2 分钟
2024-02-22 01:40:55 下次操作: 2024-02-22 01:43:42

2024-02-22 01:43:42 开始第 4959 次操作

2024-02-22 01:43:42 开始操作号码 【1684871】
2024-02-22 01:43:46 GSD getOne 第 1 次 等待 3 秒
2024-02-22 01:43:49 查询号码 【1684871】，返回信息 {"status":"ok","msg":"-","gid":"620967","time_insert":"2023-03-29 02:11"}
2024-02-22 01:43:49 查询号码 【1684871】，GSD为【"-"】
2024-02-22 01:43:49 ok && -
2024-02-22 01:44:04 CHB 1684871?1708537429 第 1 次 等待 3 秒
2024-02-22 01:44:07 CHB 1684871?1708537429 第 1 次 获取到号码【1684871】GSD
2024-02-22 01:44:07 未获取到号码【1684871】GSD，可能号码格式错误
2024-02-22 01:44:07 获取到号码【1684871】的GSD为【-】
2024-02-22 01:44:15 GSD insert 第 1 次 等待 3 秒
2024-02-22 01:44:18 {"status":"bad","gid":"620967","msg":"添加失败！号码【1684871(-|-)】已存在！"}
2024-02-22 01:44:18 随机等待 67 秒，约 1 分钟
2024-02-22 01:44:18 下次操作: 2024-02-22 01:45:25

2024-02-22 01:45:25 开始第 4960 次操作

2024-02-22 01:45:25 开始操作号码 【1684872】
2024-02-22 01:45:38 GSD getOne 第 1 次 等待 3 秒
2024-02-22 01:45:41 查询号码 【1684872】，返回信息 {"status":"ok","msg":"-","gid":"620987","time_insert":"2023-03-29 02:35"}
2024-02-22 01:45:41 查询号码 【1684872】，GSD为【"-"】
2024-02-22 01:45:41 ok && -
2024-02-22 01:45:43 CHB 1684872?1708537541 第 1 次 等待 3 秒
2024-02-22 01:45:46 CHB 1684872?1708537541 第 1 次 获取到号码【1684872】GSD
2024-02-22 01:45:47 未获取到号码【1684872】GSD，可能号码格式错误
2024-02-22 01:45:47 获取到号码【1684872】的GSD为【-】
2024-02-22 01:45:51 GSD insert 第 1 次 等待 3 秒
2024-02-22 01:45:54 {"status":"bad","gid":"620987","msg":"添加失败！号码【1684872(-|-)】已存在！"}

2024-02-22 02:21:30 开始第 4961 次操作

2024-02-22 02:21:30 开始操作号码 【1684873】
2024-02-22 02:21:34 GSD getOne 第 1 次 等待 3 秒
2024-02-22 02:21:37 查询号码 【1684873】，返回信息 {"status":"ok","msg":"-","gid":"621003","time_insert":"2023-03-29 02:52"}
2024-02-22 02:21:37 查询号码 【1684873】，GSD为【"-"】
2024-02-22 02:21:37 ok && -
2024-02-22 02:21:40 CHB 1684873?1708539697 第 1 次 等待 3 秒
2024-02-22 02:21:43 CHB 1684873?1708539697 第 1 次 获取到号码【1684873】GSD
2024-02-22 02:21:43 未获取到号码【1684873】GSD，可能号码格式错误
2024-02-22 02:21:43 获取到号码【1684873】的GSD为【-】
2024-02-22 02:21:48 GSD insert 第 1 次 等待 3 秒
2024-02-22 02:21:51 {"status":"bad","gid":"621003","msg":"添加失败！号码【1684873(-|-)】已存在！"}
2024-02-22 02:21:51 随机等待 115 秒，约 1 分钟
2024-02-22 02:21:51 下次操作: 2024-02-22 02:23:46

2024-02-22 02:23:46 开始第 4962 次操作

2024-02-22 02:23:46 开始操作号码 【1684874】
2024-02-22 02:23:51 GSD getOne 第 1 次 等待 3 秒
2024-02-22 02:23:54 查询号码 【1684874】，返回信息 {"status":"ok","msg":"-","gid":"621013","time_insert":"2023-03-29 03:02"}
2024-02-22 02:23:54 查询号码 【1684874】，GSD为【"-"】
2024-02-22 02:23:54 ok && -
2024-02-22 02:23:56 CHB 1684874?1708539834 第 1 次 等待 3 秒
2024-02-22 02:23:59 CHB 1684874?1708539834 第 1 次 获取到号码【1684874】GSD
2024-02-22 02:23:59 未获取到号码【1684874】GSD，可能号码格式错误
2024-02-22 02:23:59 获取到号码【1684874】的GSD为【-】
2024-02-22 02:24:03 GSD insert 第 1 次 等待 3 秒
2024-02-22 02:24:06 {"status":"bad","gid":"621013","msg":"添加失败！号码【1684874(-|-)】已存在！"}
2024-02-22 02:24:06 随机等待 67 秒，约 1 分钟
2024-02-22 02:24:06 下次操作: 2024-02-22 02:25:13

2024-02-22 02:25:13 开始第 4963 次操作

2024-02-22 02:25:13 开始操作号码 【1684875】
2024-02-22 02:25:17 GSD getOne 第 1 次 等待 3 秒
2024-02-22 02:25:20 查询号码 【1684875】，返回信息 {"status":"ok","msg":"-","gid":"621034","time_insert":"2023-03-29 03:23"}
2024-02-22 02:25:20 查询号码 【1684875】，GSD为【"-"】
2024-02-22 02:25:20 ok && -
2024-02-22 02:25:22 CHB 1684875?1708539920 第 1 次 等待 3 秒
2024-02-22 02:25:25 CHB 1684875?1708539920 第 1 次 获取到号码【1684875】GSD
2024-02-22 02:25:26 未获取到号码【1684875】GSD，可能号码格式错误
2024-02-22 02:25:26 获取到号码【1684875】的GSD为【-】
2024-02-22 02:25:30 GSD insert 第 1 次 等待 3 秒
2024-02-22 02:25:33 {"status":"bad","gid":"621034","msg":"添加失败！号码【1684875(-|-)】已存在！"}
2024-02-22 02:25:33 随机等待 195 秒，约 3 分钟
2024-02-22 02:25:33 下次操作: 2024-02-22 02:28:48

2024-02-22 02:28:48 开始第 4964 次操作

2024-02-22 02:28:48 开始操作号码 【1684876】
2024-02-22 02:28:52 GSD getOne 第 1 次 等待 3 秒
2024-02-22 02:28:55 查询号码 【1684876】，返回信息 {"status":"ok","msg":"-","gid":"621050","time_insert":"2023-03-29 03:40"}
2024-02-22 02:28:55 查询号码 【1684876】，GSD为【"-"】
2024-02-22 02:28:55 ok && -
2024-02-22 02:28:58 CHB 1684876?1708540135 第 1 次 等待 3 秒
2024-02-22 02:29:01 CHB 1684876?1708540135 第 1 次 获取到号码【1684876】GSD
2024-02-22 02:29:01 未获取到号码【1684876】GSD，可能号码格式错误
2024-02-22 02:29:01 获取到号码【1684876】的GSD为【-】
2024-02-22 02:29:05 GSD insert 第 1 次 等待 3 秒
2024-02-22 02:29:08 {"status":"bad","gid":"621050","msg":"添加失败！号码【1684876(-|-)】已存在！"}

