2024-07-20 00:24:34 开始第 6865 次操作

2024-07-20 00:24:34 开始操作号码 【1466767】
2024-07-20 00:24:45 GSD getOne 第 1 次 等待 3 秒
2024-07-20 00:24:48 查询号码 【1466767】，返回信息 {"status":"ok","msg":"广东-广州","gid":"393690","time_insert":"2021-07-25 21:16"}
2024-07-20 00:24:48 查询号码 【1466767】，GSD为【"广东-广州"】

2024-07-20 00:24:49 开始第 6866 次操作

2024-07-20 00:24:49 开始操作号码 【1466768】
2024-07-20 00:24:57 GSD getOne 第 1 次 等待 3 秒
2024-07-20 00:25:00 查询号码 【1466768】，返回信息 {"status":"ok","msg":"广东-广州","gid":"393682","time_insert":"2021-07-25 21:16"}
2024-07-20 00:25:00 查询号码 【1466768】，GSD为【"广东-广州"】

2024-07-20 00:25:01 开始第 6867 次操作

2024-07-20 00:25:01 开始操作号码 【1466769】
2024-07-20 00:25:10 GSD getOne 第 1 次 等待 3 秒
2024-07-20 00:25:13 查询号码 【1466769】，返回信息 {"status":"ok","msg":"广东-广州","gid":"393673","time_insert":"2021-07-25 21:15"}
2024-07-20 00:25:13 查询号码 【1466769】，GSD为【"广东-广州"】

2024-07-20 00:25:14 开始第 6868 次操作

2024-07-20 00:25:14 开始操作号码 【1466770】
2024-07-20 00:25:23 GSD getOne 第 1 次 等待 3 秒
2024-07-20 00:25:26 查询号码 【1466770】，返回信息 {"status":"ok","msg":"广东-广州","gid":"393666","time_insert":"2021-07-25 21:14"}
2024-07-20 00:25:26 查询号码 【1466770】，GSD为【"广东-广州"】

2024-07-20 00:42:49 开始第 6869 次操作

2024-07-20 00:42:49 开始操作号码 【1466771】
2024-07-20 00:42:57 GSD getOne 第 1 次 等待 3 秒
2024-07-20 00:43:00 查询号码 【1466771】，返回信息 {"status":"ok","msg":"广东-广州","gid":"393655","time_insert":"2021-07-25 21:14"}
2024-07-20 00:43:00 查询号码 【1466771】，GSD为【"广东-广州"】

2024-07-20 00:43:01 开始第 6870 次操作

2024-07-20 00:43:01 开始操作号码 【1466772】
2024-07-20 00:43:10 GSD getOne 第 1 次 等待 3 秒
2024-07-20 00:43:13 查询号码 【1466772】，返回信息 {"status":"ok","msg":"广东-广州","gid":"393643","time_insert":"2021-07-25 21:13"}
2024-07-20 00:43:13 查询号码 【1466772】，GSD为【"广东-广州"】

2024-07-20 00:43:14 开始第 6871 次操作

2024-07-20 00:43:14 开始操作号码 【1466773】
2024-07-20 00:43:22 GSD getOne 第 1 次 等待 3 秒
2024-07-20 00:43:25 查询号码 【1466773】，返回信息 {"status":"ok","msg":"广东-广州","gid":"393633","time_insert":"2021-07-25 21:12"}
2024-07-20 00:43:25 查询号码 【1466773】，GSD为【"广东-广州"】

2024-07-20 00:43:26 开始第 6872 次操作

2024-07-20 00:43:26 开始操作号码 【1466774】
2024-07-20 00:43:35 GSD getOne 第 1 次 等待 3 秒
2024-07-20 00:43:38 查询号码 【1466774】，返回信息 {"status":"ok","msg":"广东-广州","gid":"393621","time_insert":"2021-07-25 21:12"}
2024-07-20 00:43:38 查询号码 【1466774】，GSD为【"广东-广州"】

