2024-05-22 00:22:14 开始第 65 次操作

2024-05-22 00:22:14 开始操作号码 【1579971】
2024-05-22 00:22:39 GSD getOne 第 1 次 等待 3 秒
2024-05-22 00:22:42 查询号码 【1579971】，返回信息 {"status":"ok","msg":"湖南-长沙","gid":"367167","time_insert":"2021-07-23 15:35"}
2024-05-22 00:22:42 查询号码 【1579971】，GSD为【"湖南-长沙"】

2024-05-22 00:22:43 开始第 66 次操作

2024-05-22 00:22:43 开始操作号码 【1579972】
2024-05-22 00:23:08 GSD getOne 第 1 次 等待 3 秒
2024-05-22 00:23:11 查询号码 【1579972】，返回信息 {"status":"ok","msg":"湖南-长沙","gid":"367165","time_insert":"2021-07-23 15:34"}
2024-05-22 00:23:12 查询号码 【1579972】，GSD为【"湖南-长沙"】

2024-05-22 00:23:13 开始第 67 次操作

2024-05-22 00:23:13 开始操作号码 【1579973】
2024-05-22 00:23:19 GSD getOne 第 1 次 等待 3 秒
2024-05-22 00:23:22 查询号码 【1579973】，返回信息 {"status":"ok","msg":"湖南-长沙","gid":"367162","time_insert":"2021-07-23 15:34"}
2024-05-22 00:23:22 查询号码 【1579973】，GSD为【"湖南-长沙"】

2024-05-22 00:23:23 开始第 68 次操作

2024-05-22 00:23:23 开始操作号码 【1579974】
2024-05-22 00:23:29 GSD getOne 第 1 次 等待 3 秒
2024-05-22 00:23:32 查询号码 【1579974】，返回信息 {"status":"ok","msg":"湖南-长沙","gid":"367161","time_insert":"2021-07-23 15:33"}
2024-05-22 00:23:32 查询号码 【1579974】，GSD为【"湖南-长沙"】

