2024-02-25 00:19:10 开始第 5485 次操作

2024-02-25 00:19:10 开始操作号码 【1685397】
2024-02-25 00:19:16 GSD getOne 第 1 次 等待 3 秒
2024-02-25 00:19:19 查询号码 【1685397】，返回信息 {"status":"ok","msg":"-","gid":"633038","time_insert":"2023-04-04 02:17"}
2024-02-25 00:19:19 查询号码 【1685397】，GSD为【"-"】
2024-02-25 00:19:19 ok && -
2024-02-25 00:19:23 CHB 1685397?1708791559 第 1 次 等待 3 秒
2024-02-25 00:19:26 CHB 1685397?1708791559 第 1 次 获取到号码【1685397】GSD
2024-02-25 00:19:26 未获取到号码【1685397】GSD，可能号码格式错误
2024-02-25 00:19:26 获取到号码【1685397】的GSD为【-】
2024-02-25 00:19:30 GSD insert 第 1 次 等待 3 秒
2024-02-25 00:19:33 {"status":"bad","gid":"633038","msg":"添加失败！号码【1685397(-|-)】已存在！"}
2024-02-25 00:19:33 随机等待 135 秒，约 2 分钟
2024-02-25 00:19:33 下次操作: 2024-02-25 00:21:48

2024-02-25 00:21:48 开始第 5486 次操作

2024-02-25 00:21:48 开始操作号码 【1685398】
2024-02-25 00:21:54 GSD getOne 第 1 次 等待 3 秒
2024-02-25 00:21:57 查询号码 【1685398】，返回信息 {"status":"ok","msg":"-","gid":"633055","time_insert":"2023-04-04 02:32"}
2024-02-25 00:21:57 查询号码 【1685398】，GSD为【"-"】
2024-02-25 00:21:57 ok && -
2024-02-25 00:21:59 CHB 1685398?1708791717 第 1 次 等待 3 秒
2024-02-25 00:22:03 CHB 1685398?1708791717 第 1 次 获取到号码【1685398】GSD
2024-02-25 00:22:03 未获取到号码【1685398】GSD，可能号码格式错误
2024-02-25 00:22:03 获取到号码【1685398】的GSD为【-】
2024-02-25 00:22:07 GSD insert 第 1 次 等待 3 秒
2024-02-25 00:22:10 {"status":"bad","gid":"633055","msg":"添加失败！号码【1685398(-|-)】已存在！"}
2024-02-25 00:22:10 随机等待 165 秒，约 2 分钟
2024-02-25 00:22:10 下次操作: 2024-02-25 00:24:55

2024-02-25 00:24:55 开始第 5487 次操作

2024-02-25 00:24:55 开始操作号码 【1685399】
2024-02-25 00:25:00 GSD getOne 第 1 次 等待 3 秒
2024-02-25 00:25:03 查询号码 【1685399】，返回信息 {"status":"ok","msg":"-","gid":"633094","time_insert":"2023-04-04 02:55"}
2024-02-25 00:25:03 查询号码 【1685399】，GSD为【"-"】
2024-02-25 00:25:03 ok && -
2024-02-25 00:25:09 CHB 1685399?1708791903 第 1 次 等待 3 秒
2024-02-25 00:25:12 CHB 1685399?1708791903 第 1 次 获取到号码【1685399】GSD
2024-02-25 00:25:12 未获取到号码【1685399】GSD，可能号码格式错误
2024-02-25 00:25:12 获取到号码【1685399】的GSD为【-】
2024-02-25 00:25:18 GSD insert 第 1 次 等待 3 秒
2024-02-25 00:25:21 {"status":"bad","gid":"633094","msg":"添加失败！号码【1685399(-|-)】已存在！"}
2024-02-25 00:25:21 随机等待 183 秒，约 3 分钟
2024-02-25 00:25:21 下次操作: 2024-02-25 00:28:24

2024-02-25 00:28:24 开始第 5488 次操作

2024-02-25 00:28:24 开始操作号码 【1685400】
2024-02-25 00:28:30 GSD getOne 第 1 次 等待 3 秒
2024-02-25 00:28:33 查询号码 【1685400】，返回信息 {"status":"ok","msg":"-","gid":"633108","time_insert":"2023-04-04 03:03"}
2024-02-25 00:28:33 查询号码 【1685400】，GSD为【"-"】
2024-02-25 00:28:33 ok && -
2024-02-25 00:28:35 CHB 1685400?1708792113 第 1 次 等待 3 秒
2024-02-25 00:28:38 CHB 1685400?1708792113 第 1 次 获取到号码【1685400】GSD
2024-02-25 00:28:38 未获取到号码【1685400】GSD，可能号码格式错误
2024-02-25 00:28:38 获取到号码【1685400】的GSD为【-】
2024-02-25 00:28:49 GSD insert 第 1 次 等待 3 秒
2024-02-25 00:28:52 {"status":"bad","gid":"633108","msg":"添加失败！号码【1685400(-|-)】已存在！"}

