2023-10-29 00:19:24 开始第 5561 次操作

2023-10-29 00:19:24 开始操作号码 【1895475】
2023-10-29 00:19:27 GSD getOne 第 1 次 等待 3 秒
2023-10-29 00:19:30 查询号码 【1895475】，返回信息 {"status":"ok","msg":"山东-菏泽","gid":"473835","time_insert":"2021-08-02 01:45"}
2023-10-29 00:19:31 查询号码 【1895475】，GSD为【"山东-菏泽"】

2023-10-29 00:19:32 开始第 5562 次操作

2023-10-29 00:19:32 开始操作号码 【1895476】
2023-10-29 00:19:34 GSD getOne 第 1 次 等待 3 秒
2023-10-29 00:19:37 查询号码 【1895476】，返回信息 {"status":"ok","msg":"山东-菏泽","gid":"473826","time_insert":"2021-08-02 01:44"}
2023-10-29 00:19:38 查询号码 【1895476】，GSD为【"山东-菏泽"】

2023-10-29 00:19:39 开始第 5563 次操作

2023-10-29 00:19:39 开始操作号码 【1895477】
2023-10-29 00:19:56 GSD getOne 第 1 次 等待 3 秒
2023-10-29 00:19:59 查询号码 【1895477】，返回信息 {"status":"ok","msg":"山东-菏泽","gid":"473816","time_insert":"2021-08-02 01:44"}
2023-10-29 00:19:59 查询号码 【1895477】，GSD为【"山东-菏泽"】

2023-10-29 00:20:00 开始第 5564 次操作

2023-10-29 00:20:00 开始操作号码 【1895478】
2023-10-29 00:20:05 GSD getOne 第 1 次 等待 3 秒
2023-10-29 00:20:08 查询号码 【1895478】，返回信息 {"status":"ok","msg":"山东-菏泽","gid":"473805","time_insert":"2021-08-02 01:43"}
2023-10-29 00:20:08 查询号码 【1895478】，GSD为【"山东-菏泽"】

2023-10-29 00:38:06 开始第 5565 次操作

2023-10-29 00:38:06 开始操作号码 【1895479】
2023-10-29 00:38:12 GSD getOne 第 1 次 等待 3 秒
2023-10-29 00:38:15 查询号码 【1895479】，返回信息 {"status":"ok","msg":"山东-菏泽","gid":"56221","time_insert":"2020-11-01 13:56"}
2023-10-29 00:38:15 查询号码 【1895479】，GSD为【"山东-菏泽"】

2023-10-29 00:38:16 开始第 5566 次操作

2023-10-29 00:38:16 开始操作号码 【1895480】
2023-10-29 00:38:24 GSD getOne 第 1 次 等待 3 秒
2023-10-29 00:38:27 查询号码 【1895480】，返回信息 {"status":"ok","msg":"山东-枣庄","gid":"473796","time_insert":"2021-08-02 01:42"}
2023-10-29 00:38:27 查询号码 【1895480】，GSD为【"山东-枣庄"】

2023-10-29 00:38:28 开始第 5567 次操作

2023-10-29 00:38:28 开始操作号码 【1895481】
2023-10-29 00:38:41 GSD getOne 第 1 次 等待 3 秒
2023-10-29 00:38:44 查询号码 【1895481】，返回信息 {"status":"ok","msg":"山东-枣庄","gid":"473790","time_insert":"2021-08-02 01:41"}
2023-10-29 00:38:44 查询号码 【1895481】，GSD为【"山东-枣庄"】

2023-10-29 00:38:45 开始第 5568 次操作

2023-10-29 00:38:45 开始操作号码 【1895482】
2023-10-29 00:39:00 GSD getOne 第 1 次 等待 3 秒
2023-10-29 00:39:03 查询号码 【1895482】，返回信息 {"status":"ok","msg":"山东-枣庄","gid":"473728","time_insert":"2021-08-02 01:27"}
2023-10-29 00:39:03 查询号码 【1895482】，GSD为【"山东-枣庄"】

2023-10-29 01:13:40 开始第 5569 次操作

2023-10-29 01:13:40 开始操作号码 【1895483】
2023-10-29 01:13:50 GSD getOne 第 1 次 等待 3 秒
2023-10-29 01:13:53 查询号码 【1895483】，返回信息 {"status":"ok","msg":"山东-青岛","gid":"473722","time_insert":"2021-08-02 01:27"}
2023-10-29 01:13:53 查询号码 【1895483】，GSD为【"山东-青岛"】

2023-10-29 01:13:54 开始第 5570 次操作

2023-10-29 01:13:54 开始操作号码 【1895484】
2023-10-29 01:13:57 GSD getOne 第 1 次 等待 3 秒
2023-10-29 01:14:00 查询号码 【1895484】，返回信息 {"status":"ok","msg":"山东-青岛","gid":"473715","time_insert":"2021-08-02 01:26"}
2023-10-29 01:14:00 查询号码 【1895484】，GSD为【"山东-青岛"】

2023-10-29 01:14:01 开始第 5571 次操作

2023-10-29 01:14:01 开始操作号码 【1895485】
2023-10-29 01:14:05 GSD getOne 第 1 次 等待 3 秒
2023-10-29 01:14:08 查询号码 【1895485】，返回信息 {"status":"ok","msg":"山东-泰安","gid":"473708","time_insert":"2021-08-02 01:25"}
2023-10-29 01:14:08 查询号码 【1895485】，GSD为【"山东-泰安"】

2023-10-29 01:14:09 开始第 5572 次操作

2023-10-29 01:14:09 开始操作号码 【1895486】
2023-10-29 01:14:58 GSD getOne 第 1 次 等待 3 秒
2023-10-29 01:15:01 查询号码 【1895486】，返回信息 {"status":"ok","msg":"山东-泰安","gid":"473697","time_insert":"2021-08-02 01:25"}
2023-10-29 01:15:01 查询号码 【1895486】，GSD为【"山东-泰安"】

2023-10-29 01:37:49 开始第 5573 次操作

2023-10-29 01:37:49 开始操作号码 【1895487】
2023-10-29 01:37:53 GSD getOne 第 1 次 等待 3 秒
2023-10-29 01:37:56 查询号码 【1895487】，返回信息 {"status":"ok","msg":"山东-泰安","gid":"473690","time_insert":"2021-08-02 01:24"}
2023-10-29 01:37:56 查询号码 【1895487】，GSD为【"山东-泰安"】

2023-10-29 01:37:57 开始第 5574 次操作

2023-10-29 01:37:57 开始操作号码 【1895488】
2023-10-29 01:38:02 GSD getOne 第 1 次 等待 3 秒
2023-10-29 01:38:05 查询号码 【1895488】，返回信息 {"status":"ok","msg":"山东-泰安","gid":"473679","time_insert":"2021-08-02 01:24"}
2023-10-29 01:38:05 查询号码 【1895488】，GSD为【"山东-泰安"】

2023-10-29 01:38:06 开始第 5575 次操作

2023-10-29 01:38:06 开始操作号码 【1895489】
2023-10-29 01:38:10 GSD getOne 第 1 次 等待 3 秒
2023-10-29 01:38:13 查询号码 【1895489】，返回信息 {"status":"ok","msg":"山东-泰安","gid":"473670","time_insert":"2021-08-02 01:23"}
2023-10-29 01:38:13 查询号码 【1895489】，GSD为【"山东-泰安"】

2023-10-29 01:38:14 开始第 5576 次操作

2023-10-29 01:38:14 开始操作号码 【1895490】
2023-10-29 01:38:17 GSD getOne 第 1 次 等待 3 秒
2023-10-29 01:38:20 查询号码 【1895490】，返回信息 {"status":"ok","msg":"山东-临沂","gid":"473662","time_insert":"2021-08-02 01:22"}
2023-10-29 01:38:20 查询号码 【1895490】，GSD为【"山东-临沂"】

