2021-08-01 00:00:41 开始第 17 次操作

2021-08-01 00:00:41 开始操作号码 【1896516】
2021-08-01 00:00:44 GSD getOne 第 1 次 等待 3 秒
2021-08-01 00:00:47 查询号码 【1896516】，返回信息 {"status":"bad","msg":""}
2021-08-01 00:00:47 查询号码 【1896516】，GSD为【""】
2021-08-01 00:00:47 bad
2021-08-01 00:00:49 CHB 1896516?1627747247 第 1 次 等待 3 秒
2021-08-01 00:00:52 CHB 1896516?1627747247 第 1 次 获取到号码【1896516】GSD
2021-08-01 00:00:52 获取到号码【1896516】的GSD为【福建-厦门】
2021-08-01 00:01:05 GSD insert 第 1 次 等待 3 秒
2021-08-01 00:01:08 {"status":"ok","gid":461569,"msg":"添加成功！"}
2021-08-01 00:01:08 下次操作: 2021-08-01 00:01:21

2021-08-01 00:01:21 开始第 18 次操作

2021-08-01 00:01:21 开始操作号码 【1896515】
2021-08-01 00:01:31 GSD getOne 第 1 次 等待 3 秒
2021-08-01 00:01:34 查询号码 【1896515】，返回信息 {"status":"bad","msg":""}
2021-08-01 00:01:34 查询号码 【1896515】，GSD为【""】
2021-08-01 00:01:34 bad
2021-08-01 00:01:36 CHB 1896515?1627747294 第 1 次 等待 3 秒
2021-08-01 00:01:39 CHB 1896515?1627747294 第 1 次 获取到号码【1896515】GSD
2021-08-01 00:01:39 获取到号码【1896515】的GSD为【福建-厦门】
2021-08-01 00:01:45 GSD insert 第 1 次 等待 3 秒
2021-08-01 00:01:48 {"status":"ok","gid":461577,"msg":"添加成功！"}
2021-08-01 00:01:48 下次操作: 2021-08-01 00:02:04

2021-08-01 00:02:04 开始第 19 次操作

2021-08-01 00:02:04 开始操作号码 【1896514】
2021-08-01 00:02:09 GSD getOne 第 1 次 等待 3 秒
2021-08-01 00:02:12 查询号码 【1896514】，返回信息 {"status":"bad","msg":""}
2021-08-01 00:02:13 查询号码 【1896514】，GSD为【""】
2021-08-01 00:02:13 bad
2021-08-01 00:02:14 CHB 1896514?1627747333 第 1 次 等待 3 秒
2021-08-01 00:02:17 CHB 1896514?1627747333 第 1 次 获取到号码【1896514】GSD
2021-08-01 00:02:17 获取到号码【1896514】的GSD为【福建-厦门】
2021-08-01 00:02:23 GSD insert 第 1 次 等待 3 秒
2021-08-01 00:02:26 {"status":"ok","gid":461585,"msg":"添加成功！"}
2021-08-01 00:02:26 下次操作: 2021-08-01 00:02:45

2021-08-01 00:02:45 开始第 20 次操作

2021-08-01 00:02:45 开始操作号码 【1896513】
2021-08-01 00:02:52 GSD getOne 第 1 次 等待 3 秒
2021-08-01 00:02:55 查询号码 【1896513】，返回信息 {"status":"bad","msg":""}
2021-08-01 00:02:55 查询号码 【1896513】，GSD为【""】
2021-08-01 00:02:55 bad
2021-08-01 00:02:57 CHB 1896513?1627747375 第 1 次 等待 3 秒
2021-08-01 00:03:00 CHB 1896513?1627747375 第 1 次 获取到号码【1896513】GSD
2021-08-01 00:03:00 获取到号码【1896513】的GSD为【福建-厦门】
2021-08-01 00:03:06 GSD insert 第 1 次 等待 3 秒
2021-08-01 00:03:09 {"status":"ok","gid":461594,"msg":"添加成功！"}
2021-08-01 00:03:09 下次操作: 2021-08-01 00:03:24

2021-08-01 00:03:24 开始第 21 次操作

2021-08-01 00:03:24 开始操作号码 【1896512】
2021-08-01 00:03:30 GSD getOne 第 1 次 等待 3 秒
2021-08-01 00:03:33 查询号码 【1896512】，返回信息 {"status":"ok","msg":"福建-厦门","gid":"45249","time_insert":"2019-11-15 11:24","time_update":"2020-09-05 07:53"}
2021-08-01 00:03:33 查询号码 【1896512】，GSD为【"福建-厦门"】

2021-08-01 00:03:33 开始第 21 次操作

2021-08-01 00:03:33 开始操作号码 【1896511】
2021-08-01 00:03:39 GSD getOne 第 1 次 等待 3 秒
2021-08-01 00:03:42 查询号码 【1896511】，返回信息 {"status":"bad","msg":""}
2021-08-01 00:03:42 查询号码 【1896511】，GSD为【""】
2021-08-01 00:03:42 bad
2021-08-01 00:03:43 CHB 1896511?1627747422 第 1 次 等待 3 秒
2021-08-01 00:03:46 CHB 1896511?1627747422 第 1 次 获取到号码【1896511】GSD
2021-08-01 00:03:46 获取到号码【1896511】的GSD为【福建-厦门】
2021-08-01 00:03:53 GSD insert 第 1 次 等待 3 秒
2021-08-01 00:03:56 {"status":"ok","gid":461604,"msg":"添加成功！"}
2021-08-01 00:03:56 下次操作: 2021-08-01 00:04:20

2021-08-01 00:04:20 开始第 22 次操作

2021-08-01 00:04:20 开始操作号码 【1896510】
2021-08-01 00:04:27 GSD getOne 第 1 次 等待 3 秒
2021-08-01 00:04:30 查询号码 【1896510】，返回信息 {"status":"bad","msg":""}
2021-08-01 00:04:30 查询号码 【1896510】，GSD为【""】
2021-08-01 00:04:30 bad
2021-08-01 00:04:32 CHB 1896510?1627747470 第 1 次 等待 3 秒
2021-08-01 00:04:35 CHB 1896510?1627747470 第 1 次 获取到号码【1896510】GSD
2021-08-01 00:04:35 获取到号码【1896510】的GSD为【福建-厦门】
2021-08-01 00:04:38 GSD insert 第 1 次 等待 3 秒
2021-08-01 00:04:41 {"status":"ok","gid":461612,"msg":"添加成功！"}
2021-08-01 00:04:41 下次操作: 2021-08-01 00:04:54

2021-08-01 00:04:54 开始第 23 次操作

2021-08-01 00:04:54 开始操作号码 【1896509】
2021-08-01 00:05:02 GSD getOne 第 1 次 等待 3 秒
2021-08-01 00:05:05 查询号码 【1896509】，返回信息 {"status":"bad","msg":""}
2021-08-01 00:05:05 查询号码 【1896509】，GSD为【""】
2021-08-01 00:05:05 bad
2021-08-01 00:05:10 CHB 1896509?1627747505 第 1 次 等待 3 秒
2021-08-01 00:05:13 CHB 1896509?1627747505 第 1 次 获取到号码【1896509】GSD
2021-08-01 00:05:13 获取到号码【1896509】的GSD为【福建-福州】
2021-08-01 00:05:17 GSD insert 第 1 次 等待 3 秒
2021-08-01 00:05:20 {"status":"ok","gid":461621,"msg":"添加成功！"}
2021-08-01 00:05:20 下次操作: 2021-08-01 00:05:39

2021-08-01 00:05:39 开始第 24 次操作

2021-08-01 00:05:39 开始操作号码 【1896508】
2021-08-01 00:05:45 GSD getOne 第 1 次 等待 3 秒
2021-08-01 00:05:48 查询号码 【1896508】，返回信息 {"status":"bad","msg":""}
2021-08-01 00:05:48 查询号码 【1896508】，GSD为【""】
2021-08-01 00:05:48 bad
2021-08-01 00:05:49 CHB 1896508?1627747548 第 1 次 等待 3 秒
2021-08-01 00:05:52 CHB 1896508?1627747548 第 1 次 获取到号码【1896508】GSD
2021-08-01 00:05:52 未获取到号码【1896508】GSD，查号吧 400 错误
2021-08-01 00:05:52 获取到号码【1896508】的GSD为【-】
2021-08-01 00:05:57 GSD insert 第 1 次 等待 3 秒
2021-08-01 00:06:00 {"status":"ok","gid":461630,"msg":"添加成功！"}
2021-08-01 00:06:00 下次操作: 2021-08-01 00:06:21

2021-08-01 00:06:21 开始第 25 次操作

2021-08-01 00:06:21 开始操作号码 【1896507】
2021-08-01 00:06:26 GSD getOne 第 1 次 等待 3 秒
2021-08-01 00:06:29 查询号码 【1896507】，返回信息 {"status":"bad","msg":""}
2021-08-01 00:06:29 查询号码 【1896507】，GSD为【""】
2021-08-01 00:06:29 bad
2021-08-01 00:06:31 CHB 1896507?1627747589 第 1 次 等待 3 秒
2021-08-01 00:06:34 CHB 1896507?1627747589 第 1 次 获取到号码【1896507】GSD
2021-08-01 00:06:34 获取到号码【1896507】的GSD为【福建-福州】
2021-08-01 00:06:38 GSD insert 第 1 次 等待 3 秒
2021-08-01 00:06:41 {"status":"ok","gid":461639,"msg":"添加成功！"}
2021-08-01 00:06:41 下次操作: 2021-08-01 00:06:58

2021-08-01 00:06:58 开始第 26 次操作

2021-08-01 00:06:58 开始操作号码 【1896506】
2021-08-01 00:07:05 GSD getOne 第 1 次 等待 3 秒
2021-08-01 00:07:08 查询号码 【1896506】，返回信息 {"status":"bad","msg":""}
2021-08-01 00:07:08 查询号码 【1896506】，GSD为【""】
2021-08-01 00:07:08 bad
2021-08-01 00:07:09 CHB 1896506?1627747628 第 1 次 等待 3 秒
2021-08-01 00:07:12 CHB 1896506?1627747628 第 1 次 获取到号码【1896506】GSD
2021-08-01 00:07:12 获取到号码【1896506】的GSD为【福建-福州】
2021-08-01 00:07:16 GSD insert 第 1 次 等待 3 秒
2021-08-01 00:07:19 {"status":"ok","gid":461643,"msg":"添加成功！"}
2021-08-01 00:07:19 下次操作: 2021-08-01 00:07:36

2021-08-01 00:07:36 开始第 27 次操作

2021-08-01 00:07:36 开始操作号码 【1896505】
2021-08-01 00:07:41 GSD getOne 第 1 次 等待 3 秒
2021-08-01 00:07:44 查询号码 【1896505】，返回信息 {"status":"bad","msg":""}
2021-08-01 00:07:44 查询号码 【1896505】，GSD为【""】
2021-08-01 00:07:44 bad
2021-08-01 00:07:45 CHB 1896505?1627747664 第 1 次 等待 3 秒
2021-08-01 00:07:48 CHB 1896505?1627747664 第 1 次 获取到号码【1896505】GSD
2021-08-01 00:07:48 获取到号码【1896505】的GSD为【福建-福州】
2021-08-01 00:07:52 GSD insert 第 1 次 等待 3 秒
2021-08-01 00:07:55 {"status":"ok","gid":461652,"msg":"添加成功！"}
2021-08-01 00:07:55 下次操作: 2021-08-01 00:08:11

2021-08-01 00:08:11 开始第 28 次操作

2021-08-01 00:08:11 开始操作号码 【1896504】
2021-08-01 00:08:16 GSD getOne 第 1 次 等待 3 秒
2021-08-01 00:08:19 查询号码 【1896504】，返回信息 {"status":"bad","msg":""}
2021-08-01 00:08:19 查询号码 【1896504】，GSD为【""】
2021-08-01 00:08:19 bad
2021-08-01 00:08:20 CHB 1896504?1627747699 第 1 次 等待 3 秒
2021-08-01 00:08:23 CHB 1896504?1627747699 第 1 次 获取到号码【1896504】GSD
2021-08-01 00:08:24 获取到号码【1896504】的GSD为【福建-福州】
2021-08-01 00:08:31 GSD insert 第 1 次 等待 3 秒
2021-08-01 00:08:34 {"status":"ok","gid":461662,"msg":"添加成功！"}
2021-08-01 00:08:34 下次操作: 2021-08-01 00:08:55

2021-08-01 00:08:55 开始第 29 次操作

2021-08-01 00:08:55 开始操作号码 【1896503】
2021-08-01 00:09:04 GSD getOne 第 1 次 等待 3 秒
2021-08-01 00:09:07 查询号码 【1896503】，返回信息 {"status":"bad","msg":""}
2021-08-01 00:09:07 查询号码 【1896503】，GSD为【""】
2021-08-01 00:09:07 bad
2021-08-01 00:09:09 CHB 1896503?1627747747 第 1 次 等待 3 秒
2021-08-01 00:09:12 CHB 1896503?1627747747 第 1 次 获取到号码【1896503】GSD
2021-08-01 00:09:12 获取到号码【1896503】的GSD为【福建-福州】
2021-08-01 00:09:16 GSD insert 第 1 次 等待 3 秒
2021-08-01 00:09:19 {"status":"ok","gid":461672,"msg":"添加成功！"}
2021-08-01 00:09:19 下次操作: 2021-08-01 00:09:40

2021-08-01 00:09:40 开始第 30 次操作

2021-08-01 00:09:40 开始操作号码 【1896502】
2021-08-01 00:09:44 GSD getOne 第 1 次 等待 3 秒
2021-08-01 00:09:47 查询号码 【1896502】，返回信息 {"status":"bad","msg":""}
2021-08-01 00:09:47 查询号码 【1896502】，GSD为【""】
2021-08-01 00:09:47 bad
2021-08-01 00:09:48 CHB 1896502?1627747787 第 1 次 等待 3 秒
2021-08-01 00:09:51 CHB 1896502?1627747787 第 1 次 获取到号码【1896502】GSD
2021-08-01 00:09:51 获取到号码【1896502】的GSD为【福建-福州】
2021-08-01 00:09:58 GSD insert 第 1 次 等待 3 秒
2021-08-01 00:10:01 {"status":"ok","gid":461681,"msg":"添加成功！"}
2021-08-01 00:10:01 下次操作: 2021-08-01 00:10:13

2021-08-01 00:10:13 开始第 31 次操作

2021-08-01 00:10:13 开始操作号码 【1896501】
2021-08-01 00:10:17 GSD getOne 第 1 次 等待 3 秒
2021-08-01 00:10:20 查询号码 【1896501】，返回信息 {"status":"bad","msg":""}
2021-08-01 00:10:21 查询号码 【1896501】，GSD为【""】
2021-08-01 00:10:21 bad
2021-08-01 00:10:22 CHB 1896501?1627747821 第 1 次 等待 3 秒
2021-08-01 00:10:25 CHB 1896501?1627747821 第 1 次 获取到号码【1896501】GSD
2021-08-01 00:10:25 获取到号码【1896501】的GSD为【福建-福州】
2021-08-01 00:10:31 GSD insert 第 1 次 等待 3 秒
2021-08-01 00:10:34 {"status":"ok","gid":461689,"msg":"添加成功！"}
2021-08-01 00:10:34 下次操作: 2021-08-01 00:10:57

2021-08-01 00:10:58 开始第 32 次操作

2021-08-01 00:10:58 开始操作号码 【1896500】
2021-08-01 00:11:06 GSD getOne 第 1 次 等待 3 秒
2021-08-01 00:11:09 查询号码 【1896500】，返回信息 {"status":"ok","msg":"福建-福州","gid":"45248","time_insert":"2019-11-15 11:24","time_update":"2020-09-05 07:57"}
2021-08-01 00:11:09 查询号码 【1896500】，GSD为【"福建-福州"】

2021-08-01 00:11:09 开始第 32 次操作

2021-08-01 00:11:09 开始操作号码 【1896499】
2021-08-01 00:11:13 GSD getOne 第 1 次 等待 3 秒
2021-08-01 00:11:16 查询号码 【1896499】，返回信息 {"status":"ok","msg":"上海-上海","gid":"64982","time_insert":"2021-05-22 20:08","time_update":"2021-06-22 07:50"}
2021-08-01 00:11:16 查询号码 【1896499】，GSD为【"上海-上海"】

2021-08-01 00:11:16 开始第 32 次操作

2021-08-01 00:11:16 开始操作号码 【1896498】
2021-08-01 00:11:20 GSD getOne 第 1 次 等待 3 秒
2021-08-01 00:11:23 查询号码 【1896498】，返回信息 {"status":"bad","msg":""}
2021-08-01 00:11:23 查询号码 【1896498】，GSD为【""】
2021-08-01 00:11:23 bad
2021-08-01 00:11:25 CHB 1896498?1627747883 第 1 次 等待 3 秒
2021-08-01 00:11:28 CHB 1896498?1627747883 第 1 次 获取到号码【1896498】GSD
2021-08-01 00:11:28 获取到号码【1896498】的GSD为【上海-上海】
2021-08-01 00:11:35 GSD insert 第 1 次 等待 3 秒
2021-08-01 00:11:38 {"status":"ok","gid":461703,"msg":"添加成功！"}
2021-08-01 00:11:38 下次操作: 2021-08-01 00:11:59

2021-08-01 00:11:59 开始第 33 次操作

2021-08-01 00:11:59 开始操作号码 【1896497】
2021-08-01 00:12:02 GSD getOne 第 1 次 等待 3 秒
2021-08-01 00:12:05 查询号码 【1896497】，返回信息 {"status":"bad","msg":""}
2021-08-01 00:12:05 查询号码 【1896497】，GSD为【""】
2021-08-01 00:12:05 bad
2021-08-01 00:12:11 CHB 1896497?1627747925 第 1 次 等待 3 秒
2021-08-01 00:12:14 CHB 1896497?1627747925 第 1 次 获取到号码【1896497】GSD
2021-08-01 00:12:14 获取到号码【1896497】的GSD为【上海-上海】
2021-08-01 00:12:18 GSD insert 第 1 次 等待 3 秒
2021-08-01 00:12:21 {"status":"ok","gid":461713,"msg":"添加成功！"}
2021-08-01 00:12:21 下次操作: 2021-08-01 00:12:39

2021-08-01 00:12:39 开始第 34 次操作

2021-08-01 00:12:39 开始操作号码 【1896496】
2021-08-01 00:12:43 GSD getOne 第 1 次 等待 3 秒
2021-08-01 00:12:46 查询号码 【1896496】，返回信息 {"status":"bad","msg":""}
2021-08-01 00:12:46 查询号码 【1896496】，GSD为【""】
2021-08-01 00:12:46 bad
2021-08-01 00:12:47 CHB 1896496?1627747966 第 1 次 等待 3 秒
2021-08-01 00:12:50 CHB 1896496?1627747966 第 1 次 获取到号码【1896496】GSD
2021-08-01 00:12:51 获取到号码【1896496】的GSD为【上海-上海】
2021-08-01 00:12:58 GSD insert 第 1 次 等待 3 秒
2021-08-01 00:13:01 {"status":"ok","gid":461721,"msg":"添加成功！"}
2021-08-01 00:13:01 下次操作: 2021-08-01 00:13:14

2021-08-01 00:13:14 开始第 35 次操作

2021-08-01 00:13:14 开始操作号码 【1896495】
2021-08-01 00:13:18 GSD getOne 第 1 次 等待 3 秒
2021-08-01 00:13:21 查询号码 【1896495】，返回信息 {"status":"bad","msg":""}
2021-08-01 00:13:21 查询号码 【1896495】，GSD为【""】
2021-08-01 00:13:21 bad
2021-08-01 00:13:22 CHB 1896495?1627748001 第 1 次 等待 3 秒
2021-08-01 00:13:25 CHB 1896495?1627748001 第 1 次 获取到号码【1896495】GSD
2021-08-01 00:13:25 获取到号码【1896495】的GSD为【上海-上海】
2021-08-01 00:13:29 GSD insert 第 1 次 等待 3 秒
2021-08-01 00:13:32 {"status":"ok","gid":461727,"msg":"添加成功！"}
2021-08-01 00:13:32 下次操作: 2021-08-01 00:13:52

2021-08-01 00:13:52 开始第 36 次操作

2021-08-01 00:13:52 开始操作号码 【1896494】
2021-08-01 00:13:56 GSD getOne 第 1 次 等待 3 秒
2021-08-01 00:13:59 查询号码 【1896494】，返回信息 {"status":"bad","msg":""}
2021-08-01 00:13:59 查询号码 【1896494】，GSD为【""】
2021-08-01 00:13:59 bad
2021-08-01 00:14:01 CHB 1896494?1627748039 第 1 次 等待 3 秒
2021-08-01 00:14:04 CHB 1896494?1627748039 第 1 次 获取到号码【1896494】GSD
2021-08-01 00:14:04 获取到号码【1896494】的GSD为【上海-上海】
2021-08-01 00:14:07 GSD insert 第 1 次 等待 3 秒
2021-08-01 00:14:10 {"status":"ok","gid":461735,"msg":"添加成功！"}
2021-08-01 00:14:10 下次操作: 2021-08-01 00:14:22

2021-08-01 00:14:22 开始第 37 次操作

2021-08-01 00:14:22 开始操作号码 【1896493】
2021-08-01 00:14:32 GSD getOne 第 1 次 等待 3 秒
2021-08-01 00:14:35 查询号码 【1896493】，返回信息 {"status":"bad","msg":""}
2021-08-01 00:14:35 查询号码 【1896493】，GSD为【""】
2021-08-01 00:14:35 bad
2021-08-01 00:14:37 CHB 1896493?1627748075 第 1 次 等待 3 秒
2021-08-01 00:14:40 CHB 1896493?1627748075 第 1 次 获取到号码【1896493】GSD
2021-08-01 00:14:40 获取到号码【1896493】的GSD为【上海-上海】
2021-08-01 00:15:28 GSD insert 第 1 次 等待 3 秒
2021-08-01 00:15:31 {"status":"ok","gid":461745,"msg":"添加成功！"}
2021-08-01 00:15:31 下次操作: 2021-08-01 00:15:54

2021-08-01 00:15:55 开始第 38 次操作

2021-08-01 00:15:55 开始操作号码 【1896492】
2021-08-01 00:16:00 GSD getOne 第 1 次 等待 3 秒
2021-08-01 00:16:03 查询号码 【1896492】，返回信息 {"status":"bad","msg":""}
2021-08-01 00:16:04 查询号码 【1896492】，GSD为【""】
2021-08-01 00:16:04 bad
2021-08-01 00:16:05 CHB 1896492?1627748164 第 1 次 等待 3 秒
2021-08-01 00:16:08 CHB 1896492?1627748164 第 1 次 获取到号码【1896492】GSD
2021-08-01 00:16:08 获取到号码【1896492】的GSD为【上海-上海】
2021-08-01 00:16:17 GSD insert 第 1 次 等待 3 秒
2021-08-01 00:16:20 {"status":"ok","gid":461753,"msg":"添加成功！"}
2021-08-01 00:16:20 下次操作: 2021-08-01 00:16:38

2021-08-01 00:16:38 开始第 39 次操作

2021-08-01 00:16:38 开始操作号码 【1896491】
2021-08-01 00:16:44 GSD getOne 第 1 次 等待 3 秒
2021-08-01 00:16:47 查询号码 【1896491】，返回信息 {"status":"bad","msg":""}
2021-08-01 00:16:47 查询号码 【1896491】，GSD为【""】
2021-08-01 00:16:47 bad
2021-08-01 00:16:48 CHB 1896491?1627748207 第 1 次 等待 3 秒
2021-08-01 00:16:51 CHB 1896491?1627748207 第 1 次 获取到号码【1896491】GSD
2021-08-01 00:16:51 获取到号码【1896491】的GSD为【上海-上海】
2021-08-01 00:16:59 GSD insert 第 1 次 等待 3 秒
2021-08-01 00:17:02 {"status":"ok","gid":461758,"msg":"添加成功！"}
2021-08-01 00:17:02 下次操作: 2021-08-01 00:17:26

2021-08-01 00:17:26 开始第 40 次操作

2021-08-01 00:17:26 开始操作号码 【1896490】
2021-08-01 00:17:40 GSD getOne 第 1 次 等待 3 秒
2021-08-01 00:17:43 查询号码 【1896490】，返回信息 {"status":"bad","msg":""}
2021-08-01 00:17:43 查询号码 【1896490】，GSD为【""】
2021-08-01 00:17:43 bad
2021-08-01 00:17:45 CHB 1896490?1627748263 第 1 次 等待 3 秒
2021-08-01 00:17:48 CHB 1896490?1627748263 第 1 次 获取到号码【1896490】GSD
2021-08-01 00:17:48 获取到号码【1896490】的GSD为【上海-上海】
2021-08-01 00:17:54 GSD insert 第 1 次 等待 3 秒
2021-08-01 00:17:57 {"status":"ok","gid":461768,"msg":"添加成功！"}

