2024-04-16 00:21:22 开始第 3721 次操作

2024-04-16 00:21:22 开始操作号码 【1573634】
2024-04-16 00:21:26 GSD getOne 第 1 次 等待 3 秒
2024-04-16 00:21:29 查询号码 【1573634】，返回信息 {"status":"ok","msg":"重庆-万州","gid":"23584","time_insert":"2017-05-10 16:05","time_update":"2021-01-12 06:50"}
2024-04-16 00:21:29 查询号码 【1573634】，GSD为【"重庆-万州"】

2024-04-16 00:21:30 开始第 3722 次操作

2024-04-16 00:21:30 开始操作号码 【1573635】
2024-04-16 00:21:37 GSD getOne 第 1 次 等待 3 秒
2024-04-16 00:21:40 查询号码 【1573635】，返回信息 {"status":"ok","msg":"重庆-万州","gid":"23585","time_insert":"2016-10-15 08:37","time_update":"2021-01-12 06:57"}
2024-04-16 00:21:40 查询号码 【1573635】，GSD为【"重庆-万州"】

2024-04-16 00:21:41 开始第 3723 次操作

2024-04-16 00:21:41 开始操作号码 【1573636】
2024-04-16 00:21:46 GSD getOne 第 1 次 等待 3 秒
2024-04-16 00:21:49 查询号码 【1573636】，返回信息 {"status":"ok","msg":"重庆-万州","gid":"23586","time_insert":"2018-03-23 16:40","time_update":"2021-01-12 06:59"}
2024-04-16 00:21:49 查询号码 【1573636】，GSD为【"重庆-万州"】

2024-04-16 00:21:50 开始第 3724 次操作

2024-04-16 00:21:50 开始操作号码 【1573637】
2024-04-16 00:21:56 GSD getOne 第 1 次 等待 3 秒
2024-04-16 00:21:59 查询号码 【1573637】，返回信息 {"status":"ok","msg":"重庆-万州","gid":"23587","time_insert":"2017-06-09 23:41","time_update":"2021-01-12 07:07"}
2024-04-16 00:21:59 查询号码 【1573637】，GSD为【"重庆-万州"】

