2023-11-20 00:20:37 开始第 9421 次操作

2023-11-20 00:20:37 开始操作号码 【1899335】
2023-11-20 00:20:41 GSD getOne 第 1 次 等待 3 秒
2023-11-20 00:20:44 查询号码 【1899335】，返回信息 {"status":"ok","msg":"甘肃-平凉","gid":"46014","time_insert":"2014-02-07 11:14","time_update":"2020-12-14 11:24"}
2023-11-20 00:20:44 查询号码 【1899335】，GSD为【"甘肃-平凉"】

2023-11-20 00:20:45 开始第 9422 次操作

2023-11-20 00:20:45 开始操作号码 【1899336】
2023-11-20 00:20:48 GSD getOne 第 1 次 等待 3 秒
2023-11-20 00:20:51 查询号码 【1899336】，返回信息 {"status":"ok","msg":"甘肃-平凉","gid":"436494","time_insert":"2021-07-29 19:23"}
2023-11-20 00:20:51 查询号码 【1899336】，GSD为【"甘肃-平凉"】

2023-11-20 00:20:52 开始第 9423 次操作

2023-11-20 00:20:52 开始操作号码 【1899337】
2023-11-20 00:20:56 GSD getOne 第 1 次 等待 3 秒
2023-11-20 00:20:59 查询号码 【1899337】，返回信息 {"status":"ok","msg":"甘肃-平凉","gid":"436492","time_insert":"2021-07-29 19:22"}
2023-11-20 00:20:59 查询号码 【1899337】，GSD为【"甘肃-平凉"】

2023-11-20 00:21:00 开始第 9424 次操作

2023-11-20 00:21:00 开始操作号码 【1899338】
2023-11-20 00:21:03 GSD getOne 第 1 次 等待 3 秒
2023-11-20 00:21:06 查询号码 【1899338】，返回信息 {"status":"ok","msg":"甘肃-白银","gid":"436490","time_insert":"2021-07-29 19:21"}
2023-11-20 00:21:06 查询号码 【1899338】，GSD为【"甘肃-白银"】

2023-11-20 00:38:57 开始第 9425 次操作

2023-11-20 00:38:57 开始操作号码 【1899339】
2023-11-20 00:39:02 GSD getOne 第 1 次 等待 3 秒
2023-11-20 00:39:05 查询号码 【1899339】，返回信息 {"status":"ok","msg":"甘肃-白银","gid":"51089","time_insert":"2021-04-22 09:09"}
2023-11-20 00:39:05 查询号码 【1899339】，GSD为【"甘肃-白银"】

2023-11-20 00:39:06 开始第 9426 次操作

2023-11-20 00:39:06 开始操作号码 【1899340】
2023-11-20 00:39:10 GSD getOne 第 1 次 等待 3 秒
2023-11-20 00:39:13 查询号码 【1899340】，返回信息 {"status":"ok","msg":"甘肃-庆阳","gid":"436488","time_insert":"2021-07-29 19:20"}
2023-11-20 00:39:13 查询号码 【1899340】，GSD为【"甘肃-庆阳"】

2023-11-20 00:39:14 开始第 9427 次操作

2023-11-20 00:39:14 开始操作号码 【1899341】
2023-11-20 00:39:18 GSD getOne 第 1 次 等待 3 秒
2023-11-20 00:39:21 查询号码 【1899341】，返回信息 {"status":"ok","msg":"甘肃-庆阳","gid":"436485","time_insert":"2021-07-29 19:19"}
2023-11-20 00:39:21 查询号码 【1899341】，GSD为【"甘肃-庆阳"】

2023-11-20 00:39:22 开始第 9428 次操作

2023-11-20 00:39:22 开始操作号码 【1899342】
2023-11-20 00:39:30 GSD getOne 第 1 次 等待 3 秒
2023-11-20 00:39:33 查询号码 【1899342】，返回信息 {"status":"ok","msg":"甘肃-庆阳","gid":"436481","time_insert":"2021-07-29 19:19"}
2023-11-20 00:39:33 查询号码 【1899342】，GSD为【"甘肃-庆阳"】

