2023-11-28 00:23:44 开始第 197 次操作

2023-11-28 00:23:44 开始操作号码 【1790112】
2023-11-28 00:23:48 GSD getOne 第 1 次 等待 3 秒
2023-11-28 00:23:51 查询号码 【1790112】，返回信息 {"status":"ok","msg":"-","gid":"534866","time_insert":"2023-02-17 01:16"}
2023-11-28 00:23:51 查询号码 【1790112】，GSD为【"-"】
2023-11-28 00:23:51 ok && -
2023-11-28 00:23:54 CHB 1790112?1701102231 第 1 次 等待 3 秒
2023-11-28 00:23:57 CHB 1790112?1701102231 第 1 次 获取到号码【1790112】GSD
2023-11-28 00:23:57 未获取到号码【1790112】GSD，可能号码格式错误
2023-11-28 00:23:57 获取到号码【1790112】的GSD为【-】
2023-11-28 00:24:01 GSD insert 第 1 次 等待 3 秒
2023-11-28 00:24:04 {"status":"bad","gid":"534866","msg":"添加失败！号码【1790112(-|-)】已存在！"}
2023-11-28 00:24:04 随机等待 89 秒，约 1 分钟
2023-11-28 00:24:04 下次操作: 2023-11-28 00:25:33

2023-11-28 00:25:33 开始第 198 次操作

2023-11-28 00:25:33 开始操作号码 【1790113】
2023-11-28 00:25:36 GSD getOne 第 1 次 等待 3 秒
2023-11-28 00:25:39 查询号码 【1790113】，返回信息 {"status":"ok","msg":"-","gid":"534891","time_insert":"2023-02-17 01:34"}
2023-11-28 00:25:39 查询号码 【1790113】，GSD为【"-"】
2023-11-28 00:25:39 ok && -
2023-11-28 00:25:41 CHB 1790113?1701102339 第 1 次 等待 3 秒
2023-11-28 00:25:44 CHB 1790113?1701102339 第 1 次 获取到号码【1790113】GSD
2023-11-28 00:25:44 未获取到号码【1790113】GSD，可能号码格式错误
2023-11-28 00:25:44 获取到号码【1790113】的GSD为【-】
2023-11-28 00:25:50 GSD insert 第 1 次 等待 3 秒
2023-11-28 00:25:53 {"status":"bad","gid":"534891","msg":"添加失败！号码【1790113(-|-)】已存在！"}
2023-11-28 00:25:53 随机等待 218 秒，约 3 分钟
2023-11-28 00:25:53 下次操作: 2023-11-28 00:29:31

2023-11-28 00:29:31 开始第 199 次操作

2023-11-28 00:29:31 开始操作号码 【1790114】
2023-11-28 00:29:35 GSD getOne 第 1 次 等待 3 秒
2023-11-28 00:29:38 查询号码 【1790114】，返回信息 {"status":"ok","msg":"-","gid":"534912","time_insert":"2023-02-17 01:53"}
2023-11-28 00:29:38 查询号码 【1790114】，GSD为【"-"】
2023-11-28 00:29:38 ok && -
2023-11-28 00:29:40 CHB 1790114?1701102578 第 1 次 等待 3 秒
2023-11-28 00:29:43 CHB 1790114?1701102578 第 1 次 获取到号码【1790114】GSD
2023-11-28 00:29:43 未获取到号码【1790114】GSD，可能号码格式错误
2023-11-28 00:29:43 获取到号码【1790114】的GSD为【-】
2023-11-28 00:29:46 GSD insert 第 1 次 等待 3 秒
2023-11-28 00:29:49 {"status":"bad","gid":"534912","msg":"添加失败！号码【1790114(-|-)】已存在！"}
2023-11-28 00:29:49 随机等待 224 秒，约 3 分钟
2023-11-28 00:29:49 下次操作: 2023-11-28 00:33:33

2023-11-28 00:33:33 开始第 200 次操作

2023-11-28 00:33:33 开始操作号码 【1790115】
2023-11-28 00:33:37 GSD getOne 第 1 次 等待 3 秒
2023-11-28 00:33:40 查询号码 【1790115】，返回信息 {"status":"ok","msg":"-","gid":"534935","time_insert":"2023-02-17 02:13"}
2023-11-28 00:33:40 查询号码 【1790115】，GSD为【"-"】
2023-11-28 00:33:40 ok && -
2023-11-28 00:33:43 CHB 1790115?1701102820 第 1 次 等待 3 秒
2023-11-28 00:33:46 CHB 1790115?1701102820 第 1 次 获取到号码【1790115】GSD
2023-11-28 00:33:46 未获取到号码【1790115】GSD，可能号码格式错误
2023-11-28 00:33:46 获取到号码【1790115】的GSD为【-】
2023-11-28 00:33:50 GSD insert 第 1 次 等待 3 秒
2023-11-28 00:33:53 {"status":"bad","gid":"534935","msg":"添加失败！号码【1790115(-|-)】已存在！"}

