2023-12-06 00:23:57 开始第 1597 次操作

2023-12-06 00:23:57 开始操作号码 【1791512】
2023-12-06 00:24:01 GSD getOne 第 1 次 等待 3 秒
2023-12-06 00:24:04 查询号码 【1791512】，返回信息 {"status":"ok","msg":"-","gid":"575839","time_insert":"2023-03-07 15:09"}
2023-12-06 00:24:04 查询号码 【1791512】，GSD为【"-"】
2023-12-06 00:24:04 ok && -
2023-12-06 00:24:06 CHB 1791512?1701793444 第 1 次 等待 3 秒
2023-12-06 00:24:09 CHB 1791512?1701793444 第 1 次 获取到号码【1791512】GSD
2023-12-06 00:24:09 未获取到号码【1791512】GSD，可能号码格式错误
2023-12-06 00:24:09 获取到号码【1791512】的GSD为【-】
2023-12-06 00:24:15 GSD insert 第 1 次 等待 3 秒
2023-12-06 00:24:18 {"status":"bad","gid":"575839","msg":"添加失败！号码【1791512(-|-)】已存在！"}
2023-12-06 00:24:18 随机等待 135 秒，约 2 分钟
2023-12-06 00:24:18 下次操作: 2023-12-06 00:26:33

2023-12-06 00:26:33 开始第 1598 次操作

2023-12-06 00:26:33 开始操作号码 【1791513】
2023-12-06 00:26:38 GSD getOne 第 1 次 等待 3 秒
2023-12-06 00:26:41 查询号码 【1791513】，返回信息 {"status":"ok","msg":"-","gid":"575861","time_insert":"2023-03-07 15:25"}
2023-12-06 00:26:41 查询号码 【1791513】，GSD为【"-"】
2023-12-06 00:26:41 ok && -
2023-12-06 00:26:44 CHB 1791513?1701793601 第 1 次 等待 3 秒
2023-12-06 00:26:47 CHB 1791513?1701793601 第 1 次 获取到号码【1791513】GSD
2023-12-06 00:26:47 未获取到号码【1791513】GSD，可能号码格式错误
2023-12-06 00:26:47 获取到号码【1791513】的GSD为【-】
2023-12-06 00:26:50 GSD insert 第 1 次 等待 3 秒
2023-12-06 00:26:53 {"status":"bad","gid":"575861","msg":"添加失败！号码【1791513(-|-)】已存在！"}
2023-12-06 00:26:53 随机等待 102 秒，约 1 分钟
2023-12-06 00:26:53 下次操作: 2023-12-06 00:28:35

2023-12-06 00:28:35 开始第 1599 次操作

2023-12-06 00:28:35 开始操作号码 【1791514】
2023-12-06 00:28:39 GSD getOne 第 1 次 等待 3 秒
2023-12-06 00:28:42 查询号码 【1791514】，返回信息 {"status":"ok","msg":"-","gid":"575886","time_insert":"2023-03-07 15:41"}
2023-12-06 00:28:42 查询号码 【1791514】，GSD为【"-"】
2023-12-06 00:28:42 ok && -
2023-12-06 00:28:44 CHB 1791514?1701793722 第 1 次 等待 3 秒
2023-12-06 00:28:47 CHB 1791514?1701793722 第 1 次 获取到号码【1791514】GSD
2023-12-06 00:28:47 未获取到号码【1791514】GSD，可能号码格式错误
2023-12-06 00:28:47 获取到号码【1791514】的GSD为【-】
2023-12-06 00:28:51 GSD insert 第 1 次 等待 3 秒
2023-12-06 00:28:54 {"status":"bad","gid":"575886","msg":"添加失败！号码【1791514(-|-)】已存在！"}
2023-12-06 00:28:54 随机等待 198 秒，约 3 分钟
2023-12-06 00:28:54 下次操作: 2023-12-06 00:32:12

2023-12-06 00:32:12 开始第 1600 次操作

2023-12-06 00:32:12 开始操作号码 【1791515】
2023-12-06 00:32:19 GSD getOne 第 1 次 等待 3 秒
2023-12-06 00:32:22 查询号码 【1791515】，返回信息 {"status":"ok","msg":"-","gid":"575918","time_insert":"2023-03-07 16:00"}
2023-12-06 00:32:22 查询号码 【1791515】，GSD为【"-"】
2023-12-06 00:32:22 ok && -
2023-12-06 00:32:24 CHB 1791515?1701793942 第 1 次 等待 3 秒
2023-12-06 00:32:27 CHB 1791515?1701793942 第 1 次 获取到号码【1791515】GSD
2023-12-06 00:32:27 未获取到号码【1791515】GSD，可能号码格式错误
2023-12-06 00:32:27 获取到号码【1791515】的GSD为【-】
2023-12-06 00:32:36 GSD insert 第 1 次 等待 3 秒
2023-12-06 00:32:39 {"status":"bad","gid":"575918","msg":"添加失败！号码【1791515(-|-)】已存在！"}

2023-12-06 00:41:38 开始第 1601 次操作

2023-12-06 00:41:38 开始操作号码 【1791516】
2023-12-06 00:41:43 GSD getOne 第 1 次 等待 3 秒
2023-12-06 00:41:46 查询号码 【1791516】，返回信息 {"status":"ok","msg":"-","gid":"575944","time_insert":"2023-03-07 16:19"}
2023-12-06 00:41:46 查询号码 【1791516】，GSD为【"-"】
2023-12-06 00:41:46 ok && -
2023-12-06 00:41:49 CHB 1791516?1701794506 第 1 次 等待 3 秒
2023-12-06 00:41:52 CHB 1791516?1701794506 第 1 次 获取到号码【1791516】GSD
2023-12-06 00:41:52 未获取到号码【1791516】GSD，可能号码格式错误
2023-12-06 00:41:52 获取到号码【1791516】的GSD为【-】
2023-12-06 00:41:56 GSD insert 第 1 次 等待 3 秒
2023-12-06 00:41:59 {"status":"bad","gid":"575944","msg":"添加失败！号码【1791516(-|-)】已存在！"}
2023-12-06 00:41:59 随机等待 139 秒，约 2 分钟
2023-12-06 00:41:59 下次操作: 2023-12-06 00:44:18

2023-12-06 00:44:18 开始第 1602 次操作

2023-12-06 00:44:18 开始操作号码 【1791517】
2023-12-06 00:44:21 GSD getOne 第 1 次 等待 3 秒
2023-12-06 00:44:24 查询号码 【1791517】，返回信息 {"status":"ok","msg":"-","gid":"575962","time_insert":"2023-03-07 16:35"}
2023-12-06 00:44:24 查询号码 【1791517】，GSD为【"-"】
2023-12-06 00:44:24 ok && -
2023-12-06 00:44:28 CHB 1791517?1701794664 第 1 次 等待 3 秒
2023-12-06 00:44:31 CHB 1791517?1701794664 第 1 次 获取到号码【1791517】GSD
2023-12-06 00:44:31 未获取到号码【1791517】GSD，可能号码格式错误
2023-12-06 00:44:31 获取到号码【1791517】的GSD为【-】
2023-12-06 00:44:35 GSD insert 第 1 次 等待 3 秒
2023-12-06 00:44:38 {"status":"bad","gid":"575962","msg":"添加失败！号码【1791517(-|-)】已存在！"}
2023-12-06 00:44:38 随机等待 224 秒，约 3 分钟
2023-12-06 00:44:38 下次操作: 2023-12-06 00:48:22

2023-12-06 00:48:22 开始第 1603 次操作

2023-12-06 00:48:22 开始操作号码 【1791518】
2023-12-06 00:48:26 GSD getOne 第 1 次 等待 3 秒
2023-12-06 00:48:29 查询号码 【1791518】，返回信息 {"status":"ok","msg":"-","gid":"575995","time_insert":"2023-03-07 16:54"}
2023-12-06 00:48:29 查询号码 【1791518】，GSD为【"-"】
2023-12-06 00:48:29 ok && -
2023-12-06 00:48:31 CHB 1791518?1701794909 第 1 次 等待 3 秒
2023-12-06 00:48:34 CHB 1791518?1701794909 第 1 次 获取到号码【1791518】GSD
2023-12-06 00:48:34 未获取到号码【1791518】GSD，可能号码格式错误
2023-12-06 00:48:34 获取到号码【1791518】的GSD为【-】
2023-12-06 00:48:38 GSD insert 第 1 次 等待 3 秒
2023-12-06 00:48:41 {"status":"bad","gid":"575995","msg":"添加失败！号码【1791518(-|-)】已存在！"}
2023-12-06 00:48:41 随机等待 136 秒，约 2 分钟
2023-12-06 00:48:41 下次操作: 2023-12-06 00:50:57

2023-12-06 00:50:57 开始第 1604 次操作

2023-12-06 00:50:57 开始操作号码 【1791519】
2023-12-06 00:51:01 GSD getOne 第 1 次 等待 3 秒
2023-12-06 00:51:04 查询号码 【1791519】，返回信息 {"status":"ok","msg":"-","gid":"576015","time_insert":"2023-03-07 17:10"}
2023-12-06 00:51:04 查询号码 【1791519】，GSD为【"-"】
2023-12-06 00:51:04 ok && -
2023-12-06 00:51:06 CHB 1791519?1701795064 第 1 次 等待 3 秒
2023-12-06 00:51:09 CHB 1791519?1701795064 第 1 次 获取到号码【1791519】GSD
2023-12-06 00:51:09 未获取到号码【1791519】GSD，可能号码格式错误
2023-12-06 00:51:09 获取到号码【1791519】的GSD为【-】
2023-12-06 00:51:13 GSD insert 第 1 次 等待 3 秒
2023-12-06 00:51:16 {"status":"bad","gid":"576015","msg":"添加失败！号码【1791519(-|-)】已存在！"}

