2024-09-24 00:24:21 开始第 6141 次操作

2024-09-24 00:24:21 开始操作号码 【1356140】
2024-09-24 00:24:23 GSD getOne 第 1 次 等待 3 秒
2024-09-24 00:24:26 查询号码 【1356140】，返回信息 {"status":"ok","msg":"山东-潍坊","gid":"249380","time_insert":"2021-07-11 16:33"}
2024-09-24 00:24:26 查询号码 【1356140】，GSD为【"山东-潍坊"】

2024-09-24 00:24:27 开始第 6142 次操作

2024-09-24 00:24:27 开始操作号码 【1356141】
2024-09-24 00:24:29 GSD getOne 第 1 次 等待 3 秒
2024-09-24 00:24:32 查询号码 【1356141】，返回信息 {"status":"ok","msg":"山东-潍坊","gid":"249488","time_insert":"2021-07-11 16:44"}
2024-09-24 00:24:33 查询号码 【1356141】，GSD为【"山东-潍坊"】

2024-09-24 00:24:34 开始第 6143 次操作

2024-09-24 00:24:34 开始操作号码 【1356142】
2024-09-24 00:24:36 GSD getOne 第 1 次 等待 3 秒
2024-09-24 00:24:39 查询号码 【1356142】，返回信息 {"status":"ok","msg":"山东-潍坊","gid":"249637","time_insert":"2021-07-11 16:55","time_update":"2021-07-11 18:26"}
2024-09-24 00:24:39 查询号码 【1356142】，GSD为【"山东-潍坊"】

2024-09-24 00:24:40 开始第 6144 次操作

2024-09-24 00:24:40 开始操作号码 【1356143】
2024-09-24 00:24:42 GSD getOne 第 1 次 等待 3 秒
2024-09-24 00:24:45 查询号码 【1356143】，返回信息 {"status":"ok","msg":"山东-潍坊","gid":"6512","time_insert":"2018-07-08 13:50","time_update":"2020-09-10 22:24"}
2024-09-24 00:24:45 查询号码 【1356143】，GSD为【"山东-潍坊"】

2024-09-24 00:44:21 开始第 6145 次操作

2024-09-24 00:44:21 开始操作号码 【1356144】
2024-09-24 00:44:24 GSD getOne 第 1 次 等待 3 秒
2024-09-24 00:44:27 查询号码 【1356144】，返回信息 {"status":"ok","msg":"山东-潍坊","gid":"249680","time_insert":"2021-07-11 17:08"}
2024-09-24 00:44:27 查询号码 【1356144】，GSD为【"山东-潍坊"】

2024-09-24 00:44:28 开始第 6146 次操作

2024-09-24 00:44:28 开始操作号码 【1356145】
2024-09-24 00:44:30 GSD getOne 第 1 次 等待 3 秒
2024-09-24 00:44:33 查询号码 【1356145】，返回信息 {"status":"ok","msg":"山东-聊城","gid":"249701","time_insert":"2021-07-11 17:19"}
2024-09-24 00:44:33 查询号码 【1356145】，GSD为【"山东-聊城"】

2024-09-24 00:44:34 开始第 6147 次操作

2024-09-24 00:44:34 开始操作号码 【1356146】
2024-09-24 00:44:36 GSD getOne 第 1 次 等待 3 秒
2024-09-24 00:44:39 查询号码 【1356146】，返回信息 {"status":"ok","msg":"山东-聊城","gid":"249724","time_insert":"2021-07-11 17:32"}
2024-09-24 00:44:39 查询号码 【1356146】，GSD为【"山东-聊城"】

2024-09-24 00:44:40 开始第 6148 次操作

2024-09-24 00:44:40 开始操作号码 【1356147】
2024-09-24 00:44:42 GSD getOne 第 1 次 等待 3 秒
2024-09-24 00:44:45 查询号码 【1356147】，返回信息 {"status":"ok","msg":"山东-聊城","gid":"249864","time_insert":"2021-07-11 17:47"}
2024-09-24 00:44:45 查询号码 【1356147】，GSD为【"山东-聊城"】

