2021-07-21 00:00:12 开始第 11 次操作

2021-07-21 00:00:12 开始操作号码 【1497305】
2021-07-21 00:00:16 GSD getOne 第 1 次 等待 3 秒
2021-07-21 00:00:19 查询号码 【1497305】，返回信息 {"status":"bad","msg":""}
2021-07-21 00:00:19 查询号码 【1497305】，GSD为【""】
2021-07-21 00:00:19 bad
2021-07-21 00:00:20 CHB 1497305?1626796819 第 1 次 等待 3 秒
2021-07-21 00:00:23 CHB 1497305?1626796819 第 1 次 未获取到 等待 23 秒 下次操作: 2021-07-21 00:00:46
2021-07-21 00:00:46 CHB 1497305?1626796846 第 2 次 等待 3 秒
2021-07-21 00:00:49 CHB 1497305?1626796846 第 2 次 未获取到 等待 22 秒 下次操作: 2021-07-21 00:01:11
2021-07-21 00:01:12 CHB 1497305?1626796871 第 3 次 等待 3 秒
2021-07-21 00:01:15 CHB 1497305?1626796871 第 3 次 跳过号码【1497305】
2021-07-21 00:01:15 未获取到号码【1497305】源码
2021-07-21 00:01:15 获取到号码【1497305】的GSD为【-】
2021-07-21 00:01:22 GSD insert 第 1 次 等待 3 秒
2021-07-21 00:01:25 {"status":"ok","gid":341263,"msg":"添加成功！"}
2021-07-21 00:01:25 下次操作: 2021-07-21 00:01:37

2021-07-21 00:01:37 开始第 12 次操作

2021-07-21 00:01:37 开始操作号码 【1497306】
2021-07-21 00:01:43 GSD getOne 第 1 次 等待 3 秒
2021-07-21 00:01:46 查询号码 【1497306】，返回信息 {"status":"bad","msg":""}
2021-07-21 00:01:46 查询号码 【1497306】，GSD为【""】
2021-07-21 00:01:46 bad
2021-07-21 00:01:47 CHB 1497306?1626796906 第 1 次 等待 3 秒
2021-07-21 00:01:50 CHB 1497306?1626796906 第 1 次 未获取到 等待 20 秒 下次操作: 2021-07-21 00:02:10
2021-07-21 00:02:10 CHB 1497306?1626796930 第 2 次 等待 3 秒
2021-07-21 00:02:13 CHB 1497306?1626796930 第 2 次 未获取到 等待 23 秒 下次操作: 2021-07-21 00:02:36
2021-07-21 00:02:37 CHB 1497306?1626796956 第 3 次 等待 3 秒
2021-07-21 00:02:40 CHB 1497306?1626796956 第 3 次 跳过号码【1497306】
2021-07-21 00:02:40 未获取到号码【1497306】源码
2021-07-21 00:02:40 获取到号码【1497306】的GSD为【-】
2021-07-21 00:02:42 GSD insert 第 1 次 等待 3 秒
2021-07-21 00:02:45 {"status":"ok","gid":341275,"msg":"添加成功！"}
2021-07-21 00:02:45 下次操作: 2021-07-21 00:03:05

2021-07-21 00:03:05 开始第 13 次操作

2021-07-21 00:03:05 开始操作号码 【1497307】
2021-07-21 00:03:09 GSD getOne 第 1 次 等待 3 秒
2021-07-21 00:03:12 查询号码 【1497307】，返回信息 {"status":"bad","msg":""}
2021-07-21 00:03:12 查询号码 【1497307】，GSD为【""】
2021-07-21 00:03:12 bad
2021-07-21 00:03:13 CHB 1497307?1626796992 第 1 次 等待 3 秒
2021-07-21 00:03:16 CHB 1497307?1626796992 第 1 次 未获取到 等待 22 秒 下次操作: 2021-07-21 00:03:38
2021-07-21 00:03:39 CHB 1497307?1626797018 第 2 次 等待 3 秒
2021-07-21 00:03:42 CHB 1497307?1626797018 第 2 次 未获取到 等待 24 秒 下次操作: 2021-07-21 00:04:06
2021-07-21 00:04:06 CHB 1497307?1626797046 第 3 次 等待 3 秒
2021-07-21 00:04:09 CHB 1497307?1626797046 第 3 次 跳过号码【1497307】
2021-07-21 00:04:09 未获取到号码【1497307】源码
2021-07-21 00:04:09 获取到号码【1497307】的GSD为【-】
2021-07-21 00:04:14 GSD insert 第 1 次 等待 3 秒
2021-07-21 00:04:17 {"status":"ok","gid":341288,"msg":"添加成功！"}
2021-07-21 00:04:17 下次操作: 2021-07-21 00:04:40

2021-07-21 00:04:40 开始第 14 次操作

2021-07-21 00:04:40 开始操作号码 【1497308】
2021-07-21 00:04:43 GSD getOne 第 1 次 等待 3 秒
2021-07-21 00:04:46 查询号码 【1497308】，返回信息 {"status":"bad","msg":""}
2021-07-21 00:04:46 查询号码 【1497308】，GSD为【""】
2021-07-21 00:04:46 bad
2021-07-21 00:04:47 CHB 1497308?1626797086 第 1 次 等待 3 秒
2021-07-21 00:04:50 CHB 1497308?1626797086 第 1 次 未获取到 等待 13 秒 下次操作: 2021-07-21 00:05:03
2021-07-21 00:05:04 CHB 1497308?1626797103 第 2 次 等待 3 秒
2021-07-21 00:05:07 CHB 1497308?1626797103 第 2 次 未获取到 等待 21 秒 下次操作: 2021-07-21 00:05:28
2021-07-21 00:05:28 CHB 1497308?1626797128 第 3 次 等待 3 秒
2021-07-21 00:05:31 CHB 1497308?1626797128 第 3 次 跳过号码【1497308】
2021-07-21 00:05:31 未获取到号码【1497308】源码
2021-07-21 00:05:31 获取到号码【1497308】的GSD为【-】
2021-07-21 00:05:41 GSD insert 第 1 次 等待 3 秒
2021-07-21 00:05:44 {"status":"ok","gid":341304,"msg":"添加成功！"}
2021-07-21 00:05:44 下次操作: 2021-07-21 00:05:59

2021-07-21 00:05:59 开始第 15 次操作

2021-07-21 00:05:59 开始操作号码 【1497309】
2021-07-21 00:06:01 GSD getOne 第 1 次 等待 3 秒
2021-07-21 00:06:04 查询号码 【1497309】，返回信息 {"status":"bad","msg":""}
2021-07-21 00:06:05 查询号码 【1497309】，GSD为【""】
2021-07-21 00:06:05 bad
2021-07-21 00:06:05 CHB 1497309?1626797165 第 1 次 等待 3 秒
2021-07-21 00:06:08 CHB 1497309?1626797165 第 1 次 未获取到 等待 16 秒 下次操作: 2021-07-21 00:06:24
2021-07-21 00:06:25 CHB 1497309?1626797184 第 2 次 等待 3 秒
2021-07-21 00:06:28 CHB 1497309?1626797184 第 2 次 未获取到 等待 22 秒 下次操作: 2021-07-21 00:06:50
2021-07-21 00:06:50 CHB 1497309?1626797210 第 3 次 等待 3 秒
2021-07-21 00:06:53 CHB 1497309?1626797210 第 3 次 跳过号码【1497309】
2021-07-21 00:06:53 未获取到号码【1497309】源码
2021-07-21 00:06:53 获取到号码【1497309】的GSD为【-】
2021-07-21 00:06:56 GSD insert 第 1 次 等待 3 秒
2021-07-21 00:06:59 {"status":"ok","gid":341318,"msg":"添加成功！"}
2021-07-21 00:06:59 下次操作: 2021-07-21 00:07:13

2021-07-21 00:07:13 开始第 16 次操作

2021-07-21 00:07:13 开始操作号码 【1497310】
2021-07-21 00:07:17 GSD getOne 第 1 次 等待 3 秒
2021-07-21 00:07:20 查询号码 【1497310】，返回信息 {"status":"bad","msg":""}
2021-07-21 00:07:20 查询号码 【1497310】，GSD为【""】
2021-07-21 00:07:20 bad
2021-07-21 00:07:21 CHB 1497310?1626797240 第 1 次 等待 3 秒
2021-07-21 00:07:24 CHB 1497310?1626797240 第 1 次 未获取到 等待 14 秒 下次操作: 2021-07-21 00:07:38
2021-07-21 00:07:39 CHB 1497310?1626797258 第 2 次 等待 3 秒
2021-07-21 00:07:42 CHB 1497310?1626797258 第 2 次 未获取到 等待 21 秒 下次操作: 2021-07-21 00:08:03
2021-07-21 00:08:03 CHB 1497310?1626797283 第 3 次 等待 3 秒
2021-07-21 00:08:06 CHB 1497310?1626797283 第 3 次 跳过号码【1497310】
2021-07-21 00:08:06 未获取到号码【1497310】源码
2021-07-21 00:08:06 获取到号码【1497310】的GSD为【-】
2021-07-21 00:08:10 GSD insert 第 1 次 等待 3 秒
2021-07-21 00:08:13 {"status":"ok","gid":341330,"msg":"添加成功！"}
2021-07-21 00:08:13 下次操作: 2021-07-21 00:08:26

2021-07-21 00:08:26 开始第 17 次操作

2021-07-21 00:08:26 开始操作号码 【1497311】
2021-07-21 00:08:31 GSD getOne 第 1 次 等待 3 秒
2021-07-21 00:08:34 查询号码 【1497311】，返回信息 {"status":"bad","msg":""}
2021-07-21 00:08:34 查询号码 【1497311】，GSD为【""】
2021-07-21 00:08:34 bad
2021-07-21 00:08:35 CHB 1497311?1626797314 第 1 次 等待 3 秒
2021-07-21 00:08:38 CHB 1497311?1626797314 第 1 次 未获取到 等待 23 秒 下次操作: 2021-07-21 00:09:01
2021-07-21 00:09:01 CHB 1497311?1626797341 第 2 次 等待 3 秒
2021-07-21 00:09:04 CHB 1497311?1626797341 第 2 次 未获取到 等待 21 秒 下次操作: 2021-07-21 00:09:25
2021-07-21 00:09:26 CHB 1497311?1626797365 第 3 次 等待 3 秒
2021-07-21 00:09:29 CHB 1497311?1626797365 第 3 次 跳过号码【1497311】
2021-07-21 00:09:29 未获取到号码【1497311】源码
2021-07-21 00:09:29 获取到号码【1497311】的GSD为【-】
2021-07-21 00:09:32 GSD insert 第 1 次 等待 3 秒
2021-07-21 00:09:35 {"status":"ok","gid":341345,"msg":"添加成功！"}
2021-07-21 00:09:35 下次操作: 2021-07-21 00:09:58

2021-07-21 00:09:58 开始第 18 次操作

2021-07-21 00:09:58 开始操作号码 【1497312】
2021-07-21 00:10:05 GSD getOne 第 1 次 等待 3 秒
2021-07-21 00:10:08 查询号码 【1497312】，返回信息 {"status":"bad","msg":""}
2021-07-21 00:10:08 查询号码 【1497312】，GSD为【""】
2021-07-21 00:10:08 bad
2021-07-21 00:10:09 CHB 1497312?1626797408 第 1 次 等待 3 秒
2021-07-21 00:10:12 CHB 1497312?1626797408 第 1 次 未获取到 等待 20 秒 下次操作: 2021-07-21 00:10:32
2021-07-21 00:10:32 CHB 1497312?1626797432 第 2 次 等待 3 秒
2021-07-21 00:10:35 CHB 1497312?1626797432 第 2 次 未获取到 等待 18 秒 下次操作: 2021-07-21 00:10:53
2021-07-21 00:10:54 CHB 1497312?1626797453 第 3 次 等待 3 秒
2021-07-21 00:10:57 CHB 1497312?1626797453 第 3 次 跳过号码【1497312】
2021-07-21 00:10:57 未获取到号码【1497312】源码
2021-07-21 00:10:57 获取到号码【1497312】的GSD为【-】
2021-07-21 00:11:06 GSD insert 第 1 次 等待 3 秒
2021-07-21 00:11:09 {"status":"ok","gid":341358,"msg":"添加成功！"}
2021-07-21 00:11:09 下次操作: 2021-07-21 00:11:28

2021-07-21 00:11:28 开始第 19 次操作

2021-07-21 00:11:28 开始操作号码 【1497313】
2021-07-21 00:11:30 GSD getOne 第 1 次 等待 3 秒
2021-07-21 00:11:33 查询号码 【1497313】，返回信息 {"status":"bad","msg":""}
2021-07-21 00:11:33 查询号码 【1497313】，GSD为【""】
2021-07-21 00:11:33 bad
2021-07-21 00:11:34 CHB 1497313?1626797493 第 1 次 等待 3 秒
2021-07-21 00:11:37 CHB 1497313?1626797493 第 1 次 未获取到 等待 21 秒 下次操作: 2021-07-21 00:11:58
2021-07-21 00:11:59 CHB 1497313?1626797518 第 2 次 等待 3 秒
2021-07-21 00:12:02 CHB 1497313?1626797518 第 2 次 未获取到 等待 20 秒 下次操作: 2021-07-21 00:12:22
2021-07-21 00:12:22 CHB 1497313?1626797542 第 3 次 等待 3 秒
2021-07-21 00:12:25 CHB 1497313?1626797542 第 3 次 跳过号码【1497313】
2021-07-21 00:12:25 未获取到号码【1497313】源码
2021-07-21 00:12:25 获取到号码【1497313】的GSD为【-】
2021-07-21 00:12:32 GSD insert 第 1 次 等待 3 秒
2021-07-21 00:12:35 {"status":"ok","gid":341373,"msg":"添加成功！"}
2021-07-21 00:12:35 下次操作: 2021-07-21 00:12:59

2021-07-21 00:12:59 开始第 20 次操作

2021-07-21 00:12:59 开始操作号码 【1497314】
2021-07-21 00:13:02 GSD getOne 第 1 次 等待 3 秒
2021-07-21 00:13:05 查询号码 【1497314】，返回信息 {"status":"bad","msg":""}
2021-07-21 00:13:05 查询号码 【1497314】，GSD为【""】
2021-07-21 00:13:05 bad
2021-07-21 00:13:05 CHB 1497314?1626797585 第 1 次 等待 3 秒
2021-07-21 00:13:08 CHB 1497314?1626797585 第 1 次 未获取到 等待 13 秒 下次操作: 2021-07-21 00:13:21
2021-07-21 00:13:22 CHB 1497314?1626797601 第 2 次 等待 3 秒
2021-07-21 00:13:25 CHB 1497314?1626797601 第 2 次 未获取到 等待 21 秒 下次操作: 2021-07-21 00:13:46
2021-07-21 00:13:47 CHB 1497314?1626797626 第 3 次 等待 3 秒
2021-07-21 00:13:50 CHB 1497314?1626797626 第 3 次 跳过号码【1497314】
2021-07-21 00:13:50 未获取到号码【1497314】源码
2021-07-21 00:13:50 获取到号码【1497314】的GSD为【-】
2021-07-21 00:13:53 GSD insert 第 1 次 等待 3 秒
2021-07-21 00:13:56 {"status":"ok","gid":341387,"msg":"添加成功！"}
2021-07-21 00:13:56 下次操作: 2021-07-21 00:14:15

2021-07-21 00:14:15 开始第 21 次操作

2021-07-21 00:14:15 开始操作号码 【1497315】
2021-07-21 00:14:22 GSD getOne 第 1 次 等待 3 秒
2021-07-21 00:14:25 查询号码 【1497315】，返回信息 {"status":"bad","msg":""}
2021-07-21 00:14:25 查询号码 【1497315】，GSD为【""】
2021-07-21 00:14:25 bad
2021-07-21 00:14:25 CHB 1497315?1626797665 第 1 次 等待 3 秒
2021-07-21 00:14:28 CHB 1497315?1626797665 第 1 次 未获取到 等待 15 秒 下次操作: 2021-07-21 00:14:43
2021-07-21 00:14:44 CHB 1497315?1626797683 第 2 次 等待 3 秒
2021-07-21 00:14:47 CHB 1497315?1626797683 第 2 次 未获取到 等待 12 秒 下次操作: 2021-07-21 00:14:59
2021-07-21 00:14:59 CHB 1497315?1626797699 第 3 次 等待 3 秒
2021-07-21 00:15:02 CHB 1497315?1626797699 第 3 次 跳过号码【1497315】
2021-07-21 00:15:02 未获取到号码【1497315】源码
2021-07-21 00:15:02 获取到号码【1497315】的GSD为【-】
2021-07-21 00:15:23 GSD insert 第 1 次 等待 3 秒
2021-07-21 00:15:26 {"status":"ok","gid":341400,"msg":"添加成功！"}
2021-07-21 00:15:26 下次操作: 2021-07-21 00:15:49

2021-07-21 00:15:49 开始第 22 次操作

2021-07-21 00:15:49 开始操作号码 【1497316】
2021-07-21 00:15:51 GSD getOne 第 1 次 等待 3 秒
2021-07-21 00:15:54 查询号码 【1497316】，返回信息 {"status":"bad","msg":""}
2021-07-21 00:15:54 查询号码 【1497316】，GSD为【""】
2021-07-21 00:15:54 bad
2021-07-21 00:15:55 CHB 1497316?1626797754 第 1 次 等待 3 秒
2021-07-21 00:15:58 CHB 1497316?1626797754 第 1 次 未获取到 等待 24 秒 下次操作: 2021-07-21 00:16:22
2021-07-21 00:16:23 CHB 1497316?1626797782 第 2 次 等待 3 秒
2021-07-21 00:16:26 CHB 1497316?1626797782 第 2 次 未获取到 等待 14 秒 下次操作: 2021-07-21 00:16:40
2021-07-21 00:16:40 CHB 1497316?1626797800 第 3 次 等待 3 秒
2021-07-21 00:16:43 CHB 1497316?1626797800 第 3 次 跳过号码【1497316】
2021-07-21 00:16:43 未获取到号码【1497316】源码
2021-07-21 00:16:43 获取到号码【1497316】的GSD为【-】
2021-07-21 00:16:49 GSD insert 第 1 次 等待 3 秒
2021-07-21 00:16:52 {"status":"ok","gid":341415,"msg":"添加成功！"}
2021-07-21 00:16:52 下次操作: 2021-07-21 00:17:11

2021-07-21 00:17:11 开始第 23 次操作

2021-07-21 00:17:11 开始操作号码 【1497317】
2021-07-21 00:17:18 GSD getOne 第 1 次 等待 3 秒
2021-07-21 00:17:21 查询号码 【1497317】，返回信息 {"status":"bad","msg":""}
2021-07-21 00:17:21 查询号码 【1497317】，GSD为【""】
2021-07-21 00:17:21 bad
2021-07-21 00:17:21 CHB 1497317?1626797841 第 1 次 等待 3 秒
2021-07-21 00:17:24 CHB 1497317?1626797841 第 1 次 未获取到 等待 15 秒 下次操作: 2021-07-21 00:17:39
2021-07-21 00:17:40 CHB 1497317?1626797859 第 2 次 等待 3 秒
2021-07-21 00:17:43 CHB 1497317?1626797859 第 2 次 未获取到 等待 13 秒 下次操作: 2021-07-21 00:17:56
2021-07-21 00:17:57 CHB 1497317?1626797876 第 3 次 等待 3 秒
2021-07-21 00:18:00 CHB 1497317?1626797876 第 3 次 跳过号码【1497317】
2021-07-21 00:18:00 未获取到号码【1497317】源码
2021-07-21 00:18:00 获取到号码【1497317】的GSD为【-】
2021-07-21 00:18:04 GSD insert 第 1 次 等待 3 秒
2021-07-21 00:18:07 {"status":"ok","gid":341425,"msg":"添加成功！"}
2021-07-21 00:18:07 下次操作: 2021-07-21 00:18:29

2021-07-21 00:18:29 开始第 24 次操作

2021-07-21 00:18:29 开始操作号码 【1497318】
2021-07-21 00:18:33 GSD getOne 第 1 次 等待 3 秒
2021-07-21 00:18:36 查询号码 【1497318】，返回信息 {"status":"bad","msg":""}
2021-07-21 00:18:36 查询号码 【1497318】，GSD为【""】
2021-07-21 00:18:36 bad
2021-07-21 00:18:37 CHB 1497318?1626797916 第 1 次 等待 3 秒
2021-07-21 00:18:40 CHB 1497318?1626797916 第 1 次 未获取到 等待 22 秒 下次操作: 2021-07-21 00:19:02
2021-07-21 00:19:02 CHB 1497318?1626797942 第 2 次 等待 3 秒
2021-07-21 00:19:05 CHB 1497318?1626797942 第 2 次 未获取到 等待 20 秒 下次操作: 2021-07-21 00:19:25
2021-07-21 00:19:26 CHB 1497318?1626797965 第 3 次 等待 3 秒
2021-07-21 00:19:29 CHB 1497318?1626797965 第 3 次 跳过号码【1497318】
2021-07-21 00:19:29 未获取到号码【1497318】源码
2021-07-21 00:19:29 获取到号码【1497318】的GSD为【-】
2021-07-21 00:19:31 GSD insert 第 1 次 等待 3 秒
2021-07-21 00:19:34 {"status":"ok","gid":341439,"msg":"添加成功！"}
2021-07-21 00:19:34 下次操作: 2021-07-21 00:19:46

2021-07-21 00:19:46 开始第 25 次操作

2021-07-21 00:19:46 开始操作号码 【1497319】
2021-07-21 00:19:56 GSD getOne 第 1 次 等待 3 秒
2021-07-21 00:19:59 查询号码 【1497319】，返回信息 {"status":"bad","msg":""}
2021-07-21 00:19:59 查询号码 【1497319】，GSD为【""】
2021-07-21 00:19:59 bad
2021-07-21 00:20:00 CHB 1497319?1626797999 第 1 次 等待 3 秒
2021-07-21 00:20:03 CHB 1497319?1626797999 第 1 次 未获取到 等待 14 秒 下次操作: 2021-07-21 00:20:17
2021-07-21 00:20:18 CHB 1497319?1626798017 第 2 次 等待 3 秒
2021-07-21 00:20:21 CHB 1497319?1626798017 第 2 次 未获取到 等待 23 秒 下次操作: 2021-07-21 00:20:44
2021-07-21 00:20:44 CHB 1497319?1626798044 第 3 次 等待 3 秒
2021-07-21 00:20:47 CHB 1497319?1626798044 第 3 次 跳过号码【1497319】
2021-07-21 00:20:47 未获取到号码【1497319】源码
2021-07-21 00:20:47 获取到号码【1497319】的GSD为【-】
2021-07-21 00:20:51 GSD insert 第 1 次 等待 3 秒
2021-07-21 00:20:54 {"status":"ok","gid":341450,"msg":"添加成功！"}
2021-07-21 00:20:54 下次操作: 2021-07-21 00:21:06

2021-07-21 00:21:06 开始第 26 次操作

2021-07-21 00:21:06 开始操作号码 【1497320】
2021-07-21 00:21:11 GSD getOne 第 1 次 等待 3 秒
2021-07-21 00:21:14 查询号码 【1497320】，返回信息 {"status":"bad","msg":""}
2021-07-21 00:21:14 查询号码 【1497320】，GSD为【""】
2021-07-21 00:21:14 bad
2021-07-21 00:21:14 CHB 1497320?1626798074 第 1 次 等待 3 秒
2021-07-21 00:21:17 CHB 1497320?1626798074 第 1 次 未获取到 等待 16 秒 下次操作: 2021-07-21 00:21:33
2021-07-21 00:21:34 CHB 1497320?1626798093 第 2 次 等待 3 秒
2021-07-21 00:21:37 CHB 1497320?1626798093 第 2 次 未获取到 等待 15 秒 下次操作: 2021-07-21 00:21:52
2021-07-21 00:21:53 CHB 1497320?1626798112 第 3 次 等待 3 秒
2021-07-21 00:21:56 CHB 1497320?1626798112 第 3 次 跳过号码【1497320】
2021-07-21 00:21:56 未获取到号码【1497320】源码
2021-07-21 00:21:56 获取到号码【1497320】的GSD为【-】
2021-07-21 00:21:59 GSD insert 第 1 次 等待 3 秒
2021-07-21 00:22:02 {"status":"ok","gid":341458,"msg":"添加成功！"}
2021-07-21 00:22:02 下次操作: 2021-07-21 00:22:16

2021-07-21 00:22:16 开始第 27 次操作

2021-07-21 00:22:16 开始操作号码 【1497321】
2021-07-21 00:22:22 GSD getOne 第 1 次 等待 3 秒
2021-07-21 00:22:25 查询号码 【1497321】，返回信息 {"status":"bad","msg":""}
2021-07-21 00:22:25 查询号码 【1497321】，GSD为【""】
2021-07-21 00:22:25 bad
2021-07-21 00:22:26 CHB 1497321?1626798145 第 1 次 等待 3 秒
2021-07-21 00:22:29 CHB 1497321?1626798145 第 1 次 未获取到 等待 17 秒 下次操作: 2021-07-21 00:22:46
2021-07-21 00:22:47 CHB 1497321?1626798166 第 2 次 等待 3 秒
2021-07-21 00:22:50 CHB 1497321?1626798166 第 2 次 未获取到 等待 18 秒 下次操作: 2021-07-21 00:23:08
2021-07-21 00:23:12 CHB 1497321?1626798188 第 3 次 等待 3 秒
2021-07-21 00:23:15 CHB 1497321?1626798188 第 3 次 跳过号码【1497321】
2021-07-21 00:23:15 未获取到号码【1497321】源码
2021-07-21 00:23:15 获取到号码【1497321】的GSD为【-】
2021-07-21 00:23:24 GSD insert 第 1 次 等待 3 秒
2021-07-21 00:23:27 {"status":"ok","gid":341467,"msg":"添加成功！"}
2021-07-21 00:23:27 下次操作: 2021-07-21 00:23:51

2021-07-21 00:23:51 开始第 28 次操作

2021-07-21 00:23:51 开始操作号码 【1497322】
2021-07-21 00:23:53 GSD getOne 第 1 次 等待 3 秒
2021-07-21 00:23:56 查询号码 【1497322】，返回信息 {"status":"bad","msg":""}
2021-07-21 00:23:56 查询号码 【1497322】，GSD为【""】
2021-07-21 00:23:56 bad
2021-07-21 00:23:57 CHB 1497322?1626798236 第 1 次 等待 3 秒
2021-07-21 00:24:00 CHB 1497322?1626798236 第 1 次 未获取到 等待 15 秒 下次操作: 2021-07-21 00:24:15
2021-07-21 00:24:15 CHB 1497322?1626798255 第 2 次 等待 3 秒
2021-07-21 00:24:18 CHB 1497322?1626798255 第 2 次 未获取到 等待 13 秒 下次操作: 2021-07-21 00:24:31
2021-07-21 00:24:32 CHB 1497322?1626798271 第 3 次 等待 3 秒
2021-07-21 00:24:35 CHB 1497322?1626798271 第 3 次 跳过号码【1497322】
2021-07-21 00:24:35 未获取到号码【1497322】源码
2021-07-21 00:24:35 获取到号码【1497322】的GSD为【-】
2021-07-21 00:24:38 GSD insert 第 1 次 等待 3 秒
2021-07-21 00:24:41 {"status":"ok","gid":341473,"msg":"添加成功！"}
2021-07-21 00:24:41 下次操作: 2021-07-21 00:25:01

2021-07-21 00:25:01 开始第 29 次操作

2021-07-21 00:25:01 开始操作号码 【1497323】
2021-07-21 00:25:23 GSD getOne 第 1 次 等待 3 秒
2021-07-21 00:25:26 查询号码 【1497323】，返回信息 {"status":"bad","msg":""}
2021-07-21 00:25:26 查询号码 【1497323】，GSD为【""】
2021-07-21 00:25:26 bad
2021-07-21 00:25:26 CHB 1497323?1626798326 第 1 次 等待 3 秒
2021-07-21 00:25:29 CHB 1497323?1626798326 第 1 次 未获取到 等待 20 秒 下次操作: 2021-07-21 00:25:49
2021-07-21 00:25:50 CHB 1497323?1626798349 第 2 次 等待 3 秒
2021-07-21 00:25:53 CHB 1497323?1626798349 第 2 次 未获取到 等待 15 秒 下次操作: 2021-07-21 00:26:08
2021-07-21 00:26:13 CHB 1497323?1626798368 第 3 次 等待 3 秒
2021-07-21 00:26:16 CHB 1497323?1626798368 第 3 次 跳过号码【1497323】
2021-07-21 00:26:16 未获取到号码【1497323】源码
2021-07-21 00:26:16 获取到号码【1497323】的GSD为【-】
2021-07-21 00:26:18 GSD insert 第 1 次 等待 3 秒
2021-07-21 00:26:21 {"status":"ok","gid":341482,"msg":"添加成功！"}
2021-07-21 00:26:21 下次操作: 2021-07-21 00:26:41

2021-07-21 00:26:41 开始第 30 次操作

2021-07-21 00:26:41 开始操作号码 【1497324】
2021-07-21 00:26:47 GSD getOne 第 1 次 等待 3 秒
2021-07-21 00:26:50 查询号码 【1497324】，返回信息 {"status":"bad","msg":""}
2021-07-21 00:26:50 查询号码 【1497324】，GSD为【""】
2021-07-21 00:26:50 bad
2021-07-21 00:26:51 CHB 1497324?1626798410 第 1 次 等待 3 秒
2021-07-21 00:26:54 CHB 1497324?1626798410 第 1 次 未获取到 等待 23 秒 下次操作: 2021-07-21 00:27:17
2021-07-21 00:27:17 CHB 1497324?1626798437 第 2 次 等待 3 秒
2021-07-21 00:27:20 CHB 1497324?1626798437 第 2 次 未获取到 等待 14 秒 下次操作: 2021-07-21 00:27:34
2021-07-21 00:27:35 CHB 1497324?1626798454 第 3 次 等待 3 秒
2021-07-21 00:27:38 CHB 1497324?1626798454 第 3 次 跳过号码【1497324】
2021-07-21 00:27:38 未获取到号码【1497324】源码
2021-07-21 00:27:38 获取到号码【1497324】的GSD为【-】
2021-07-21 00:27:44 GSD insert 第 1 次 等待 3 秒
2021-07-21 00:27:47 {"status":"ok","gid":341487,"msg":"添加成功！"}
2021-07-21 00:27:47 下次操作: 2021-07-21 00:28:04

2021-07-21 00:28:04 开始第 31 次操作

2021-07-21 00:28:04 开始操作号码 【1497325】
2021-07-21 00:28:07 GSD getOne 第 1 次 等待 3 秒
2021-07-21 00:28:10 查询号码 【1497325】，返回信息 {"status":"bad","msg":""}
2021-07-21 00:28:10 查询号码 【1497325】，GSD为【""】
2021-07-21 00:28:10 bad
2021-07-21 00:28:11 CHB 1497325?1626798490 第 1 次 等待 3 秒
2021-07-21 00:28:14 CHB 1497325?1626798490 第 1 次 未获取到 等待 19 秒 下次操作: 2021-07-21 00:28:33
2021-07-21 00:28:34 CHB 1497325?1626798513 第 2 次 等待 3 秒
2021-07-21 00:28:37 CHB 1497325?1626798513 第 2 次 未获取到 等待 17 秒 下次操作: 2021-07-21 00:28:54
2021-07-21 00:28:54 CHB 1497325?1626798534 第 3 次 等待 3 秒
2021-07-21 00:28:57 CHB 1497325?1626798534 第 3 次 跳过号码【1497325】
2021-07-21 00:28:57 未获取到号码【1497325】源码
2021-07-21 00:28:57 获取到号码【1497325】的GSD为【-】
2021-07-21 00:29:00 GSD insert 第 1 次 等待 3 秒
2021-07-21 00:29:03 {"status":"ok","gid":341494,"msg":"添加成功！"}
2021-07-21 00:29:03 下次操作: 2021-07-21 00:29:23

2021-07-21 00:29:23 开始第 32 次操作

2021-07-21 00:29:23 开始操作号码 【1497326】
2021-07-21 00:29:27 GSD getOne 第 1 次 等待 3 秒
2021-07-21 00:29:30 查询号码 【1497326】，返回信息 {"status":"bad","msg":""}
2021-07-21 00:29:30 查询号码 【1497326】，GSD为【""】
2021-07-21 00:29:30 bad
2021-07-21 00:29:30 CHB 1497326?1626798570 第 1 次 等待 3 秒
2021-07-21 00:29:33 CHB 1497326?1626798570 第 1 次 未获取到 等待 16 秒 下次操作: 2021-07-21 00:29:49
2021-07-21 00:29:50 CHB 1497326?1626798589 第 2 次 等待 3 秒
2021-07-21 00:29:53 CHB 1497326?1626798589 第 2 次 未获取到 等待 16 秒 下次操作: 2021-07-21 00:30:09
2021-07-21 00:30:10 CHB 1497326?1626798609 第 3 次 等待 3 秒
2021-07-21 00:30:13 CHB 1497326?1626798609 第 3 次 跳过号码【1497326】
2021-07-21 00:30:13 未获取到号码【1497326】源码
2021-07-21 00:30:13 获取到号码【1497326】的GSD为【-】
2021-07-21 00:30:17 GSD insert 第 1 次 等待 3 秒
2021-07-21 00:30:20 {"status":"ok","gid":341499,"msg":"添加成功！"}
2021-07-21 00:30:20 下次操作: 2021-07-21 00:30:39

2021-07-21 00:30:39 开始第 33 次操作

2021-07-21 00:30:39 开始操作号码 【1497327】
2021-07-21 00:30:43 GSD getOne 第 1 次 等待 3 秒
2021-07-21 00:30:46 查询号码 【1497327】，返回信息 {"status":"bad","msg":""}
2021-07-21 00:30:46 查询号码 【1497327】，GSD为【""】
2021-07-21 00:30:46 bad
2021-07-21 00:30:47 CHB 1497327?1626798646 第 1 次 等待 3 秒
2021-07-21 00:30:50 CHB 1497327?1626798646 第 1 次 未获取到 等待 24 秒 下次操作: 2021-07-21 00:31:14
2021-07-21 00:31:14 CHB 1497327?1626798674 第 2 次 等待 3 秒
2021-07-21 00:31:17 CHB 1497327?1626798674 第 2 次 未获取到 等待 16 秒 下次操作: 2021-07-21 00:31:33
2021-07-21 00:31:34 CHB 1497327?1626798693 第 3 次 等待 3 秒
2021-07-21 00:31:37 CHB 1497327?1626798693 第 3 次 跳过号码【1497327】
2021-07-21 00:31:37 未获取到号码【1497327】源码
2021-07-21 00:31:37 获取到号码【1497327】的GSD为【-】
2021-07-21 00:31:55 GSD insert 第 1 次 等待 3 秒
2021-07-21 00:31:58 {"status":"ok","gid":341502,"msg":"添加成功！"}
2021-07-21 00:31:58 下次操作: 2021-07-21 00:32:17

2021-07-21 00:32:17 开始第 34 次操作

2021-07-21 00:32:17 开始操作号码 【1497328】
2021-07-21 00:32:20 GSD getOne 第 1 次 等待 3 秒
2021-07-21 00:32:23 查询号码 【1497328】，返回信息 {"status":"bad","msg":""}
2021-07-21 00:32:23 查询号码 【1497328】，GSD为【""】
2021-07-21 00:32:23 bad
2021-07-21 00:32:24 CHB 1497328?1626798743 第 1 次 等待 3 秒
2021-07-21 00:32:27 CHB 1497328?1626798743 第 1 次 未获取到 等待 12 秒 下次操作: 2021-07-21 00:32:39
2021-07-21 00:32:39 CHB 1497328?1626798759 第 2 次 等待 3 秒
2021-07-21 00:32:42 CHB 1497328?1626798759 第 2 次 未获取到 等待 19 秒 下次操作: 2021-07-21 00:33:01
2021-07-21 00:33:02 CHB 1497328?1626798781 第 3 次 等待 3 秒
2021-07-21 00:33:05 CHB 1497328?1626798781 第 3 次 跳过号码【1497328】
2021-07-21 00:33:05 未获取到号码【1497328】源码
2021-07-21 00:33:05 获取到号码【1497328】的GSD为【-】
2021-07-21 00:33:09 GSD insert 第 1 次 等待 3 秒
2021-07-21 00:33:12 {"status":"ok","gid":341507,"msg":"添加成功！"}
2021-07-21 00:33:12 下次操作: 2021-07-21 00:33:29

2021-07-21 00:33:29 开始第 35 次操作

2021-07-21 00:33:29 开始操作号码 【1497329】
2021-07-21 00:33:33 GSD getOne 第 1 次 等待 3 秒
2021-07-21 00:33:36 查询号码 【1497329】，返回信息 {"status":"bad","msg":""}
2021-07-21 00:33:36 查询号码 【1497329】，GSD为【""】
2021-07-21 00:33:36 bad
2021-07-21 00:33:37 CHB 1497329?1626798816 第 1 次 等待 3 秒
2021-07-21 00:33:40 CHB 1497329?1626798816 第 1 次 未获取到 等待 20 秒 下次操作: 2021-07-21 00:34:00
2021-07-21 00:34:00 CHB 1497329?1626798840 第 2 次 等待 3 秒
2021-07-21 00:34:03 CHB 1497329?1626798840 第 2 次 未获取到 等待 17 秒 下次操作: 2021-07-21 00:34:20
2021-07-21 00:34:21 CHB 1497329?1626798860 第 3 次 等待 3 秒
2021-07-21 00:34:24 CHB 1497329?1626798860 第 3 次 跳过号码【1497329】
2021-07-21 00:34:24 未获取到号码【1497329】源码
2021-07-21 00:34:24 获取到号码【1497329】的GSD为【-】
2021-07-21 00:34:29 GSD insert 第 1 次 等待 3 秒
2021-07-21 00:34:32 {"status":"ok","gid":341516,"msg":"添加成功！"}
2021-07-21 00:34:32 下次操作: 2021-07-21 00:34:46

2021-07-21 00:34:46 开始第 36 次操作

2021-07-21 00:34:46 开始操作号码 【1497330】
2021-07-21 00:34:48 GSD getOne 第 1 次 等待 3 秒
2021-07-21 00:34:51 查询号码 【1497330】，返回信息 {"status":"bad","msg":""}
2021-07-21 00:34:51 查询号码 【1497330】，GSD为【""】
2021-07-21 00:34:51 bad
2021-07-21 00:34:56 CHB 1497330?1626798891 第 1 次 等待 3 秒
2021-07-21 00:34:59 CHB 1497330?1626798891 第 1 次 未获取到 等待 15 秒 下次操作: 2021-07-21 00:35:14
2021-07-21 00:35:15 CHB 1497330?1626798914 第 2 次 等待 3 秒
2021-07-21 00:35:18 CHB 1497330?1626798914 第 2 次 未获取到 等待 20 秒 下次操作: 2021-07-21 00:35:38
2021-07-21 00:35:39 CHB 1497330?1626798938 第 3 次 等待 3 秒
2021-07-21 00:35:42 CHB 1497330?1626798938 第 3 次 跳过号码【1497330】
2021-07-21 00:35:42 未获取到号码【1497330】源码
2021-07-21 00:35:42 获取到号码【1497330】的GSD为【-】
2021-07-21 00:35:45 GSD insert 第 1 次 等待 3 秒
2021-07-21 00:35:48 {"status":"ok","gid":341519,"msg":"添加成功！"}
2021-07-21 00:35:48 下次操作: 2021-07-21 00:36:09

2021-07-21 00:36:09 开始第 37 次操作

2021-07-21 00:36:09 开始操作号码 【1497331】
2021-07-21 00:36:39 GSD getOne 第 1 次 等待 3 秒
2021-07-21 00:36:42 查询号码 【1497331】，返回信息 {"status":"bad","msg":""}
2021-07-21 00:36:42 查询号码 【1497331】，GSD为【""】
2021-07-21 00:36:42 bad
2021-07-21 00:36:42 CHB 1497331?1626799002 第 1 次 等待 3 秒
2021-07-21 00:36:45 CHB 1497331?1626799002 第 1 次 未获取到 等待 15 秒 下次操作: 2021-07-21 00:37:00
2021-07-21 00:37:01 CHB 1497331?1626799020 第 2 次 等待 3 秒
2021-07-21 00:37:04 CHB 1497331?1626799020 第 2 次 未获取到 等待 19 秒 下次操作: 2021-07-21 00:37:23
2021-07-21 00:37:24 CHB 1497331?1626799043 第 3 次 等待 3 秒
2021-07-21 00:37:27 CHB 1497331?1626799043 第 3 次 跳过号码【1497331】
2021-07-21 00:37:27 未获取到号码【1497331】源码
2021-07-21 00:37:27 获取到号码【1497331】的GSD为【-】
2021-07-21 00:37:30 GSD insert 第 1 次 等待 3 秒
2021-07-21 00:37:33 {"status":"ok","gid":341526,"msg":"添加成功！"}
2021-07-21 00:37:33 下次操作: 2021-07-21 00:37:51

2021-07-21 00:37:51 开始第 38 次操作

2021-07-21 00:37:51 开始操作号码 【1497332】
2021-07-21 00:38:00 GSD getOne 第 1 次 等待 3 秒
2021-07-21 00:38:03 查询号码 【1497332】，返回信息 {"status":"bad","msg":""}
2021-07-21 00:38:03 查询号码 【1497332】，GSD为【""】
2021-07-21 00:38:03 bad
2021-07-21 00:38:04 CHB 1497332?1626799083 第 1 次 等待 3 秒
2021-07-21 00:38:07 CHB 1497332?1626799083 第 1 次 未获取到 等待 24 秒 下次操作: 2021-07-21 00:38:31
2021-07-21 00:38:32 CHB 1497332?1626799111 第 2 次 等待 3 秒
2021-07-21 00:38:35 CHB 1497332?1626799111 第 2 次 未获取到 等待 17 秒 下次操作: 2021-07-21 00:38:52
2021-07-21 00:38:52 CHB 1497332?1626799132 第 3 次 等待 3 秒
2021-07-21 00:38:55 CHB 1497332?1626799132 第 3 次 跳过号码【1497332】
2021-07-21 00:38:55 未获取到号码【1497332】源码
2021-07-21 00:38:55 获取到号码【1497332】的GSD为【-】
2021-07-21 00:39:01 GSD insert 第 1 次 等待 3 秒
2021-07-21 00:39:04 {"status":"ok","gid":341529,"msg":"添加成功！"}
2021-07-21 00:39:04 下次操作: 2021-07-21 00:39:18

2021-07-21 00:39:18 开始第 39 次操作

2021-07-21 00:39:18 开始操作号码 【1497333】
2021-07-21 00:39:25 GSD getOne 第 1 次 等待 3 秒
2021-07-21 00:39:28 查询号码 【1497333】，返回信息 {"status":"bad","msg":""}
2021-07-21 00:39:28 查询号码 【1497333】，GSD为【""】
2021-07-21 00:39:28 bad
2021-07-21 00:39:28 CHB 1497333?1626799168 第 1 次 等待 3 秒
2021-07-21 00:39:31 CHB 1497333?1626799168 第 1 次 未获取到 等待 17 秒 下次操作: 2021-07-21 00:39:48
2021-07-21 00:39:49 CHB 1497333?1626799189 第 2 次 等待 3 秒
2021-07-21 00:39:52 CHB 1497333?1626799189 第 2 次 未获取到 等待 19 秒 下次操作: 2021-07-21 00:40:11
2021-07-21 00:40:12 CHB 1497333?1626799211 第 3 次 等待 3 秒
2021-07-21 00:40:15 CHB 1497333?1626799211 第 3 次 跳过号码【1497333】
2021-07-21 00:40:15 未获取到号码【1497333】源码
2021-07-21 00:40:15 获取到号码【1497333】的GSD为【-】
2021-07-21 00:40:17 GSD insert 第 1 次 等待 3 秒
2021-07-21 00:40:20 {"status":"ok","gid":341536,"msg":"添加成功！"}
2021-07-21 00:40:20 下次操作: 2021-07-21 00:40:39

2021-07-21 00:40:39 开始第 40 次操作

2021-07-21 00:40:39 开始操作号码 【1497334】
2021-07-21 00:40:43 GSD getOne 第 1 次 等待 3 秒
2021-07-21 00:40:46 查询号码 【1497334】，返回信息 {"status":"bad","msg":""}
2021-07-21 00:40:46 查询号码 【1497334】，GSD为【""】
2021-07-21 00:40:46 bad
2021-07-21 00:40:47 CHB 1497334?1626799246 第 1 次 等待 3 秒
2021-07-21 00:40:50 CHB 1497334?1626799246 第 1 次 未获取到 等待 21 秒 下次操作: 2021-07-21 00:41:11
2021-07-21 00:41:11 CHB 1497334?1626799271 第 2 次 等待 3 秒
2021-07-21 00:41:14 CHB 1497334?1626799271 第 2 次 未获取到 等待 22 秒 下次操作: 2021-07-21 00:41:36
2021-07-21 00:41:38 CHB 1497334?1626799296 第 3 次 等待 3 秒
2021-07-21 00:41:41 CHB 1497334?1626799296 第 3 次 跳过号码【1497334】
2021-07-21 00:41:41 未获取到号码【1497334】源码
2021-07-21 00:41:41 获取到号码【1497334】的GSD为【-】
2021-07-21 00:41:48 GSD insert 第 1 次 等待 3 秒
2021-07-21 00:41:51 {"status":"ok","gid":341538,"msg":"添加成功！"}

