2024-02-15 00:21:17 开始第 3701 次操作

2024-02-15 00:21:17 开始操作号码 【1683613】
2024-02-15 00:21:22 GSD getOne 第 1 次 等待 3 秒
2024-02-15 00:21:25 查询号码 【1683613】，返回信息 {"status":"ok","msg":"-","gid":"590851","time_insert":"2023-03-14 20:19"}
2024-02-15 00:21:25 查询号码 【1683613】，GSD为【"-"】
2024-02-15 00:21:25 ok && -
2024-02-15 00:21:28 CHB 1683613?1707927685 第 1 次 等待 3 秒
2024-02-15 00:21:31 CHB 1683613?1707927685 第 1 次 获取到号码【1683613】GSD
2024-02-15 00:21:31 未获取到号码【1683613】GSD，可能号码格式错误
2024-02-15 00:21:31 获取到号码【1683613】的GSD为【-】
2024-02-15 00:21:37 GSD insert 第 1 次 等待 3 秒
2024-02-15 00:21:40 {"status":"bad","gid":"590851","msg":"添加失败！号码【1683613(-|-)】已存在！"}
2024-02-15 00:21:40 随机等待 123 秒，约 2 分钟
2024-02-15 00:21:40 下次操作: 2024-02-15 00:23:43

2024-02-15 00:23:43 开始第 3702 次操作

2024-02-15 00:23:43 开始操作号码 【1683614】
2024-02-15 00:23:48 GSD getOne 第 1 次 等待 3 秒
2024-02-15 00:23:51 查询号码 【1683614】，返回信息 {"status":"ok","msg":"-","gid":"590883","time_insert":"2023-03-14 20:44"}
2024-02-15 00:23:51 查询号码 【1683614】，GSD为【"-"】
2024-02-15 00:23:51 ok && -
2024-02-15 00:23:55 CHB 1683614?1707927831 第 1 次 等待 3 秒
2024-02-15 00:23:58 CHB 1683614?1707927831 第 1 次 获取到号码【1683614】GSD
2024-02-15 00:23:58 未获取到号码【1683614】GSD，可能号码格式错误
2024-02-15 00:23:58 获取到号码【1683614】的GSD为【-】
2024-02-15 00:24:03 GSD insert 第 1 次 等待 3 秒
2024-02-15 00:24:06 {"status":"bad","gid":"590883","msg":"添加失败！号码【1683614(-|-)】已存在！"}
2024-02-15 00:24:06 随机等待 151 秒，约 2 分钟
2024-02-15 00:24:06 下次操作: 2024-02-15 00:26:37

2024-02-15 00:26:37 开始第 3703 次操作

2024-02-15 00:26:37 开始操作号码 【1683615】
2024-02-15 00:26:42 GSD getOne 第 1 次 等待 3 秒
2024-02-15 00:26:45 查询号码 【1683615】，返回信息 {"status":"ok","msg":"-","gid":"590899","time_insert":"2023-03-14 20:57"}
2024-02-15 00:26:45 查询号码 【1683615】，GSD为【"-"】
2024-02-15 00:26:45 ok && -
2024-02-15 00:26:47 CHB 1683615?1707928005 第 1 次 等待 3 秒
2024-02-15 00:26:50 CHB 1683615?1707928005 第 1 次 获取到号码【1683615】GSD
2024-02-15 00:26:50 未获取到号码【1683615】GSD，可能号码格式错误
2024-02-15 00:26:50 获取到号码【1683615】的GSD为【-】
2024-02-15 00:26:55 GSD insert 第 1 次 等待 3 秒
2024-02-15 00:26:58 {"status":"bad","gid":"590899","msg":"添加失败！号码【1683615(-|-)】已存在！"}
2024-02-15 00:26:58 随机等待 217 秒，约 3 分钟
2024-02-15 00:26:58 下次操作: 2024-02-15 00:30:35

2024-02-15 00:30:35 开始第 3704 次操作

2024-02-15 00:30:35 开始操作号码 【1683616】
2024-02-15 00:30:40 GSD getOne 第 1 次 等待 3 秒
2024-02-15 00:30:43 查询号码 【1683616】，返回信息 {"status":"ok","msg":"-","gid":"590909","time_insert":"2023-03-14 21:06"}
2024-02-15 00:30:43 查询号码 【1683616】，GSD为【"-"】
2024-02-15 00:30:43 ok && -
2024-02-15 00:30:45 CHB 1683616?1707928243 第 1 次 等待 3 秒
2024-02-15 00:30:48 CHB 1683616?1707928243 第 1 次 获取到号码【1683616】GSD
2024-02-15 00:30:48 未获取到号码【1683616】GSD，可能号码格式错误
2024-02-15 00:30:48 获取到号码【1683616】的GSD为【-】
2024-02-15 00:30:54 GSD insert 第 1 次 等待 3 秒
2024-02-15 00:30:57 {"status":"bad","gid":"590909","msg":"添加失败！号码【1683616(-|-)】已存在！"}

2024-02-15 00:38:49 开始第 3705 次操作

2024-02-15 00:38:49 开始操作号码 【1683617】
2024-02-15 00:38:54 GSD getOne 第 1 次 等待 3 秒
2024-02-15 00:38:57 查询号码 【1683617】，返回信息 {"status":"ok","msg":"-","gid":"590921","time_insert":"2023-03-14 21:16"}
2024-02-15 00:38:57 查询号码 【1683617】，GSD为【"-"】
2024-02-15 00:38:57 ok && -
2024-02-15 00:39:00 CHB 1683617?1707928737 第 1 次 等待 3 秒
2024-02-15 00:39:03 CHB 1683617?1707928737 第 1 次 获取到号码【1683617】GSD
2024-02-15 00:39:03 未获取到号码【1683617】GSD，可能号码格式错误
2024-02-15 00:39:03 获取到号码【1683617】的GSD为【-】
2024-02-15 00:39:09 GSD insert 第 1 次 等待 3 秒
2024-02-15 00:39:12 {"status":"bad","gid":"590921","msg":"添加失败！号码【1683617(-|-)】已存在！"}
2024-02-15 00:39:12 随机等待 192 秒，约 3 分钟
2024-02-15 00:39:12 下次操作: 2024-02-15 00:42:24

2024-02-15 00:42:24 开始第 3706 次操作

2024-02-15 00:42:24 开始操作号码 【1683618】
2024-02-15 00:42:30 GSD getOne 第 1 次 等待 3 秒
2024-02-15 00:42:33 查询号码 【1683618】，返回信息 {"status":"ok","msg":"-","gid":"590945","time_insert":"2023-03-14 21:36"}
2024-02-15 00:42:33 查询号码 【1683618】，GSD为【"-"】
2024-02-15 00:42:33 ok && -
2024-02-15 00:42:36 CHB 1683618?1707928953 第 1 次 等待 3 秒
2024-02-15 00:42:39 CHB 1683618?1707928953 第 1 次 获取到号码【1683618】GSD
2024-02-15 00:42:39 未获取到号码【1683618】GSD，可能号码格式错误
2024-02-15 00:42:39 获取到号码【1683618】的GSD为【-】
2024-02-15 00:42:45 GSD insert 第 1 次 等待 3 秒
2024-02-15 00:42:48 {"status":"bad","gid":"590945","msg":"添加失败！号码【1683618(-|-)】已存在！"}
2024-02-15 00:42:48 随机等待 143 秒，约 2 分钟
2024-02-15 00:42:48 下次操作: 2024-02-15 00:45:11

2024-02-15 00:45:11 开始第 3707 次操作

2024-02-15 00:45:11 开始操作号码 【1683619】
2024-02-15 00:45:16 GSD getOne 第 1 次 等待 3 秒
2024-02-15 00:45:19 查询号码 【1683619】，返回信息 {"status":"ok","msg":"-","gid":"590974","time_insert":"2023-03-14 21:53"}
2024-02-15 00:45:19 查询号码 【1683619】，GSD为【"-"】
2024-02-15 00:45:19 ok && -
2024-02-15 00:45:21 CHB 1683619?1707929119 第 1 次 等待 3 秒
2024-02-15 00:45:24 CHB 1683619?1707929119 第 1 次 获取到号码【1683619】GSD
2024-02-15 00:45:24 未获取到号码【1683619】GSD，可能号码格式错误
2024-02-15 00:45:24 获取到号码【1683619】的GSD为【-】
2024-02-15 00:45:29 GSD insert 第 1 次 等待 3 秒
2024-02-15 00:45:32 {"status":"bad","gid":"590974","msg":"添加失败！号码【1683619(-|-)】已存在！"}
2024-02-15 00:45:32 随机等待 170 秒，约 2 分钟
2024-02-15 00:45:32 下次操作: 2024-02-15 00:48:22

2024-02-15 00:48:22 开始第 3708 次操作

2024-02-15 00:48:22 开始操作号码 【1683620】
2024-02-15 00:48:26 GSD getOne 第 1 次 等待 3 秒
2024-02-15 00:48:29 查询号码 【1683620】，返回信息 {"status":"ok","msg":"-","gid":"590996","time_insert":"2023-03-14 22:10"}
2024-02-15 00:48:29 查询号码 【1683620】，GSD为【"-"】
2024-02-15 00:48:29 ok && -
2024-02-15 00:48:32 CHB 1683620?1707929309 第 1 次 等待 3 秒
2024-02-15 00:48:35 CHB 1683620?1707929309 第 1 次 获取到号码【1683620】GSD
2024-02-15 00:48:35 未获取到号码【1683620】GSD，可能号码格式错误
2024-02-15 00:48:35 获取到号码【1683620】的GSD为【-】
2024-02-15 00:48:40 GSD insert 第 1 次 等待 3 秒
2024-02-15 00:48:43 {"status":"bad","gid":"590996","msg":"添加失败！号码【1683620(-|-)】已存在！"}

