2021-07-22 00:00:04 开始第 14 次操作

2021-07-22 00:00:04 开始操作号码 【1497948】
2021-07-22 00:00:07 GSD getOne 第 1 次 等待 3 秒
2021-07-22 00:00:10 查询号码 【1497948】，返回信息 {"status":"bad","msg":""}
2021-07-22 00:00:10 查询号码 【1497948】，GSD为【""】
2021-07-22 00:00:10 bad
2021-07-22 00:00:12 CHB 1497948?1626883210 第 1 次 等待 3 秒
2021-07-22 00:00:15 CHB 1497948?1626883210 第 1 次 获取到号码【1497948】GSD
2021-07-22 00:00:15 获取到号码【1497948】的GSD为【江苏-南京】
2021-07-22 00:00:34 GSD insert 第 1 次 等待 3 秒
2021-07-22 00:00:37 {"status":"ok","gid":350175,"msg":"添加成功！"}
2021-07-22 00:00:37 下次操作: 2021-07-22 00:01:01

2021-07-22 00:01:01 开始第 15 次操作

2021-07-22 00:01:01 开始操作号码 【1497949】
2021-07-22 00:01:08 GSD getOne 第 1 次 等待 3 秒
2021-07-22 00:01:11 查询号码 【1497949】，返回信息 {"status":"bad","msg":""}
2021-07-22 00:01:11 查询号码 【1497949】，GSD为【""】
2021-07-22 00:01:11 bad
2021-07-22 00:01:12 CHB 1497949?1626883271 第 1 次 等待 3 秒
2021-07-22 00:01:15 CHB 1497949?1626883271 第 1 次 获取到号码【1497949】GSD
2021-07-22 00:01:15 获取到号码【1497949】的GSD为【江苏-南京】
2021-07-22 00:01:33 GSD insert 第 1 次 等待 3 秒
2021-07-22 00:01:36 {"status":"ok","gid":350185,"msg":"添加成功！"}
2021-07-22 00:01:37 下次操作: 2021-07-22 00:01:52

2021-07-22 00:01:52 开始第 16 次操作

2021-07-22 00:01:52 开始操作号码 【1497950】
2021-07-22 00:02:03 GSD getOne 第 1 次 等待 3 秒
2021-07-22 00:02:06 查询号码 【1497950】，返回信息 {"status":"bad","msg":""}
2021-07-22 00:02:06 查询号码 【1497950】，GSD为【""】
2021-07-22 00:02:06 bad
2021-07-22 00:02:08 CHB 1497950?1626883326 第 1 次 等待 3 秒
2021-07-22 00:02:11 CHB 1497950?1626883326 第 1 次 获取到号码【1497950】GSD
2021-07-22 00:02:11 获取到号码【1497950】的GSD为【江苏-南京】
2021-07-22 00:02:29 GSD insert 第 1 次 等待 3 秒
2021-07-22 00:02:32 {"status":"ok","gid":350194,"msg":"添加成功！"}
2021-07-22 00:02:32 下次操作: 2021-07-22 00:02:52

2021-07-22 00:02:52 开始第 17 次操作

2021-07-22 00:02:52 开始操作号码 【1497951】
2021-07-22 00:02:55 GSD getOne 第 1 次 等待 3 秒
2021-07-22 00:02:58 查询号码 【1497951】，返回信息 {"status":"bad","msg":""}
2021-07-22 00:02:58 查询号码 【1497951】，GSD为【""】
2021-07-22 00:02:58 bad
2021-07-22 00:03:00 CHB 1497951?1626883378 第 1 次 等待 3 秒
2021-07-22 00:03:03 CHB 1497951?1626883378 第 1 次 获取到号码【1497951】GSD
2021-07-22 00:03:03 获取到号码【1497951】的GSD为【江苏-南京】
2021-07-22 00:03:21 GSD insert 第 1 次 等待 3 秒
2021-07-22 00:03:24 {"status":"ok","gid":350204,"msg":"添加成功！"}
2021-07-22 00:03:24 下次操作: 2021-07-22 00:03:40

2021-07-22 00:03:40 开始第 18 次操作

2021-07-22 00:03:40 开始操作号码 【1497952】
2021-07-22 00:03:43 GSD getOne 第 1 次 等待 3 秒
2021-07-22 00:03:46 查询号码 【1497952】，返回信息 {"status":"bad","msg":""}
2021-07-22 00:03:46 查询号码 【1497952】，GSD为【""】
2021-07-22 00:03:46 bad
2021-07-22 00:03:48 CHB 1497952?1626883426 第 1 次 等待 3 秒
2021-07-22 00:03:51 CHB 1497952?1626883426 第 1 次 获取到号码【1497952】GSD
2021-07-22 00:03:51 获取到号码【1497952】的GSD为【江苏-南京】
2021-07-22 00:04:29 GSD insert 第 1 次 等待 3 秒
2021-07-22 00:04:32 {"status":"ok","gid":350217,"msg":"添加成功！"}
2021-07-22 00:04:32 下次操作: 2021-07-22 00:04:46

2021-07-22 00:04:46 开始第 19 次操作

2021-07-22 00:04:46 开始操作号码 【1497953】
2021-07-22 00:04:51 GSD getOne 第 1 次 等待 3 秒
2021-07-22 00:04:54 查询号码 【1497953】，返回信息 {"status":"bad","msg":""}
2021-07-22 00:04:54 查询号码 【1497953】，GSD为【""】
2021-07-22 00:04:54 bad
2021-07-22 00:04:57 CHB 1497953?1626883494 第 1 次 等待 3 秒
2021-07-22 00:05:00 CHB 1497953?1626883494 第 1 次 获取到号码【1497953】GSD
2021-07-22 00:05:00 获取到号码【1497953】的GSD为【江苏-南京】
2021-07-22 00:05:21 GSD insert 第 1 次 等待 3 秒
2021-07-22 00:05:24 {"status":"ok","gid":350225,"msg":"添加成功！"}
2021-07-22 00:05:24 下次操作: 2021-07-22 00:05:46

2021-07-22 00:05:46 开始第 20 次操作

2021-07-22 00:05:46 开始操作号码 【1497954】
2021-07-22 00:05:50 GSD getOne 第 1 次 等待 3 秒
2021-07-22 00:05:53 查询号码 【1497954】，返回信息 {"status":"bad","msg":""}
2021-07-22 00:05:53 查询号码 【1497954】，GSD为【""】
2021-07-22 00:05:53 bad
2021-07-22 00:05:56 CHB 1497954?1626883553 第 1 次 等待 3 秒
2021-07-22 00:05:59 CHB 1497954?1626883553 第 1 次 获取到号码【1497954】GSD
2021-07-22 00:05:59 获取到号码【1497954】的GSD为【江苏-南京】
2021-07-22 00:06:11 GSD insert 第 1 次 等待 3 秒
2021-07-22 00:06:14 {"status":"ok","gid":350235,"msg":"添加成功！"}
2021-07-22 00:06:14 下次操作: 2021-07-22 00:06:34

2021-07-22 00:06:34 开始第 21 次操作

2021-07-22 00:06:34 开始操作号码 【1497955】
2021-07-22 00:06:39 GSD getOne 第 1 次 等待 3 秒
2021-07-22 00:06:42 查询号码 【1497955】，返回信息 {"status":"bad","msg":""}
2021-07-22 00:06:42 查询号码 【1497955】，GSD为【""】
2021-07-22 00:06:42 bad
2021-07-22 00:06:44 CHB 1497955?1626883602 第 1 次 等待 3 秒
2021-07-22 00:06:47 CHB 1497955?1626883602 第 1 次 获取到号码【1497955】GSD
2021-07-22 00:06:47 获取到号码【1497955】的GSD为【江苏-南京】
2021-07-22 00:07:05 GSD insert 第 1 次 等待 3 秒
2021-07-22 00:07:08 {"status":"ok","gid":350247,"msg":"添加成功！"}
2021-07-22 00:07:08 下次操作: 2021-07-22 00:07:29

2021-07-22 00:07:29 开始第 22 次操作

2021-07-22 00:07:29 开始操作号码 【1497956】
2021-07-22 00:07:32 GSD getOne 第 1 次 等待 3 秒
2021-07-22 00:07:35 查询号码 【1497956】，返回信息 {"status":"bad","msg":""}
2021-07-22 00:07:35 查询号码 【1497956】，GSD为【""】
2021-07-22 00:07:35 bad
2021-07-22 00:07:37 CHB 1497956?1626883655 第 1 次 等待 3 秒
2021-07-22 00:07:40 CHB 1497956?1626883655 第 1 次 获取到号码【1497956】GSD
2021-07-22 00:07:40 获取到号码【1497956】的GSD为【江苏-南京】
2021-07-22 00:07:58 GSD insert 第 1 次 等待 3 秒
2021-07-22 00:08:01 {"status":"ok","gid":350257,"msg":"添加成功！"}
2021-07-22 00:08:01 下次操作: 2021-07-22 00:08:14

2021-07-22 00:08:14 开始第 23 次操作

2021-07-22 00:08:14 开始操作号码 【1497957】
2021-07-22 00:08:17 GSD getOne 第 1 次 等待 3 秒
2021-07-22 00:08:20 查询号码 【1497957】，返回信息 {"status":"bad","msg":""}
2021-07-22 00:08:20 查询号码 【1497957】，GSD为【""】
2021-07-22 00:08:20 bad
2021-07-22 00:08:22 CHB 1497957?1626883700 第 1 次 等待 3 秒
2021-07-22 00:08:25 CHB 1497957?1626883700 第 1 次 获取到号码【1497957】GSD
2021-07-22 00:08:25 获取到号码【1497957】的GSD为【江苏-南京】
2021-07-22 00:08:50 GSD insert 第 1 次 等待 3 秒
2021-07-22 00:08:53 {"status":"ok","gid":350265,"msg":"添加成功！"}
2021-07-22 00:08:53 下次操作: 2021-07-22 00:09:10

2021-07-22 00:09:10 开始第 24 次操作

2021-07-22 00:09:10 开始操作号码 【1497958】
2021-07-22 00:09:19 GSD getOne 第 1 次 等待 3 秒
2021-07-22 00:09:22 查询号码 【1497958】，返回信息 {"status":"bad","msg":""}
2021-07-22 00:09:23 查询号码 【1497958】，GSD为【""】
2021-07-22 00:09:23 bad
2021-07-22 00:09:24 CHB 1497958?1626883763 第 1 次 等待 3 秒
2021-07-22 00:09:27 CHB 1497958?1626883763 第 1 次 获取到号码【1497958】GSD
2021-07-22 00:09:28 获取到号码【1497958】的GSD为【江苏-南京】
2021-07-22 00:09:46 GSD insert 第 1 次 等待 3 秒
2021-07-22 00:09:49 {"status":"ok","gid":350278,"msg":"添加成功！"}
2021-07-22 00:09:49 下次操作: 2021-07-22 00:10:06

2021-07-22 00:10:06 开始第 25 次操作

2021-07-22 00:10:06 开始操作号码 【1497959】
2021-07-22 00:10:09 GSD getOne 第 1 次 等待 3 秒
2021-07-22 00:10:12 查询号码 【1497959】，返回信息 {"status":"bad","msg":""}
2021-07-22 00:10:12 查询号码 【1497959】，GSD为【""】
2021-07-22 00:10:12 bad
2021-07-22 00:10:14 CHB 1497959?1626883812 第 1 次 等待 3 秒
2021-07-22 00:10:17 CHB 1497959?1626883812 第 1 次 获取到号码【1497959】GSD
2021-07-22 00:10:17 获取到号码【1497959】的GSD为【江苏-南京】
2021-07-22 00:10:36 GSD insert 第 1 次 等待 3 秒
2021-07-22 00:10:39 {"status":"ok","gid":350286,"msg":"添加成功！"}
2021-07-22 00:10:39 下次操作: 2021-07-22 00:10:53

2021-07-22 00:10:53 开始第 26 次操作

2021-07-22 00:10:53 开始操作号码 【1497960】
2021-07-22 00:10:56 GSD getOne 第 1 次 等待 3 秒
2021-07-22 00:10:59 查询号码 【1497960】，返回信息 {"status":"bad","msg":""}
2021-07-22 00:10:59 查询号码 【1497960】，GSD为【""】
2021-07-22 00:10:59 bad
2021-07-22 00:11:01 CHB 1497960?1626883859 第 1 次 等待 3 秒
2021-07-22 00:11:04 CHB 1497960?1626883859 第 1 次 获取到号码【1497960】GSD
2021-07-22 00:11:04 获取到号码【1497960】的GSD为【江苏-南京】
2021-07-22 00:11:22 GSD insert 第 1 次 等待 3 秒
2021-07-22 00:11:25 {"status":"ok","gid":350293,"msg":"添加成功！"}
2021-07-22 00:11:25 下次操作: 2021-07-22 00:11:49

2021-07-22 00:11:49 开始第 27 次操作

2021-07-22 00:11:49 开始操作号码 【1497961】
2021-07-22 00:11:52 GSD getOne 第 1 次 等待 3 秒
2021-07-22 00:11:55 查询号码 【1497961】，返回信息 {"status":"bad","msg":""}
2021-07-22 00:11:55 查询号码 【1497961】，GSD为【""】
2021-07-22 00:11:55 bad
2021-07-22 00:11:58 CHB 1497961?1626883915 第 1 次 等待 3 秒
2021-07-22 00:12:01 CHB 1497961?1626883915 第 1 次 获取到号码【1497961】GSD
2021-07-22 00:12:01 获取到号码【1497961】的GSD为【江苏-南京】
2021-07-22 00:12:15 GSD insert 第 1 次 等待 3 秒
2021-07-22 00:12:18 {"status":"ok","gid":350298,"msg":"添加成功！"}
2021-07-22 00:12:18 下次操作: 2021-07-22 00:12:35

2021-07-22 00:12:35 开始第 28 次操作

2021-07-22 00:12:35 开始操作号码 【1497962】
2021-07-22 00:12:38 GSD getOne 第 1 次 等待 3 秒
2021-07-22 00:12:41 查询号码 【1497962】，返回信息 {"status":"bad","msg":""}
2021-07-22 00:12:41 查询号码 【1497962】，GSD为【""】
2021-07-22 00:12:41 bad
2021-07-22 00:12:44 CHB 1497962?1626883961 第 1 次 等待 3 秒
2021-07-22 00:12:47 CHB 1497962?1626883961 第 1 次 获取到号码【1497962】GSD
2021-07-22 00:12:47 获取到号码【1497962】的GSD为【江苏-南京】
2021-07-22 00:12:58 GSD insert 第 1 次 等待 3 秒
2021-07-22 00:13:01 {"status":"ok","gid":350311,"msg":"添加成功！"}
2021-07-22 00:13:01 下次操作: 2021-07-22 00:13:14

2021-07-22 00:13:14 开始第 29 次操作

2021-07-22 00:13:14 开始操作号码 【1497963】
2021-07-22 00:13:17 GSD getOne 第 1 次 等待 3 秒
2021-07-22 00:13:20 查询号码 【1497963】，返回信息 {"status":"bad","msg":""}
2021-07-22 00:13:20 查询号码 【1497963】，GSD为【""】
2021-07-22 00:13:20 bad
2021-07-22 00:13:22 CHB 1497963?1626884000 第 1 次 等待 3 秒
2021-07-22 00:13:25 CHB 1497963?1626884000 第 1 次 获取到号码【1497963】GSD
2021-07-22 00:13:25 获取到号码【1497963】的GSD为【江苏-南京】
2021-07-22 00:13:53 GSD insert 第 1 次 等待 3 秒
2021-07-22 00:13:56 {"status":"ok","gid":350319,"msg":"添加成功！"}
2021-07-22 00:13:56 下次操作: 2021-07-22 00:14:17

2021-07-22 00:14:17 开始第 30 次操作

2021-07-22 00:14:17 开始操作号码 【1497964】
2021-07-22 00:14:34 GSD getOne 第 1 次 等待 3 秒
2021-07-22 00:14:37 查询号码 【1497964】，返回信息 {"status":"bad","msg":""}
2021-07-22 00:14:37 查询号码 【1497964】，GSD为【""】
2021-07-22 00:14:37 bad
2021-07-22 00:14:39 CHB 1497964?1626884077 第 1 次 等待 3 秒
2021-07-22 00:14:42 CHB 1497964?1626884077 第 1 次 获取到号码【1497964】GSD
2021-07-22 00:14:42 获取到号码【1497964】的GSD为【江苏-南京】
2021-07-22 00:15:01 GSD insert 第 1 次 等待 3 秒
2021-07-22 00:15:04 {"status":"ok","gid":350328,"msg":"添加成功！"}
2021-07-22 00:15:04 下次操作: 2021-07-22 00:15:17

2021-07-22 00:15:17 开始第 31 次操作

2021-07-22 00:15:17 开始操作号码 【1497965】
2021-07-22 00:15:22 GSD getOne 第 1 次 等待 3 秒
2021-07-22 00:15:25 查询号码 【1497965】，返回信息 {"status":"bad","msg":""}
2021-07-22 00:15:25 查询号码 【1497965】，GSD为【""】
2021-07-22 00:15:25 bad
2021-07-22 00:15:26 CHB 1497965?1626884125 第 1 次 等待 3 秒
2021-07-22 00:15:29 CHB 1497965?1626884125 第 1 次 获取到号码【1497965】GSD
2021-07-22 00:15:29 获取到号码【1497965】的GSD为【江苏-南京】
2021-07-22 00:16:05 GSD insert 第 1 次 等待 3 秒
2021-07-22 00:16:08 {"status":"ok","gid":350337,"msg":"添加成功！"}
2021-07-22 00:16:08 下次操作: 2021-07-22 00:16:28

2021-07-22 00:16:28 开始第 32 次操作

2021-07-22 00:16:28 开始操作号码 【1497966】
2021-07-22 00:16:32 GSD getOne 第 1 次 等待 3 秒
2021-07-22 00:16:35 查询号码 【1497966】，返回信息 {"status":"bad","msg":""}
2021-07-22 00:16:35 查询号码 【1497966】，GSD为【""】
2021-07-22 00:16:35 bad
2021-07-22 00:16:38 CHB 1497966?1626884195 第 1 次 等待 3 秒
2021-07-22 00:16:41 CHB 1497966?1626884195 第 1 次 获取到号码【1497966】GSD
2021-07-22 00:16:41 获取到号码【1497966】的GSD为【江苏-南京】
2021-07-22 00:16:52 GSD insert 第 1 次 等待 3 秒
2021-07-22 00:16:55 {"status":"ok","gid":350342,"msg":"添加成功！"}
2021-07-22 00:16:55 下次操作: 2021-07-22 00:17:17

2021-07-22 00:17:17 开始第 33 次操作

2021-07-22 00:17:17 开始操作号码 【1497967】
2021-07-22 00:17:23 GSD getOne 第 1 次 等待 3 秒
2021-07-22 00:17:26 查询号码 【1497967】，返回信息 {"status":"bad","msg":""}
2021-07-22 00:17:26 查询号码 【1497967】，GSD为【""】
2021-07-22 00:17:26 bad
2021-07-22 00:17:28 CHB 1497967?1626884246 第 1 次 等待 3 秒
2021-07-22 00:17:31 CHB 1497967?1626884246 第 1 次 获取到号码【1497967】GSD
2021-07-22 00:17:31 获取到号码【1497967】的GSD为【江苏-南京】
2021-07-22 00:17:49 GSD insert 第 1 次 等待 3 秒
2021-07-22 00:17:52 {"status":"ok","gid":350347,"msg":"添加成功！"}
2021-07-22 00:17:52 下次操作: 2021-07-22 00:18:05

2021-07-22 00:18:05 开始第 34 次操作

2021-07-22 00:18:05 开始操作号码 【1497968】
2021-07-22 00:18:11 GSD getOne 第 1 次 等待 3 秒
2021-07-22 00:18:14 查询号码 【1497968】，返回信息 {"status":"bad","msg":""}
2021-07-22 00:18:14 查询号码 【1497968】，GSD为【""】
2021-07-22 00:18:14 bad
2021-07-22 00:18:19 CHB 1497968?1626884294 第 1 次 等待 3 秒
2021-07-22 00:18:22 CHB 1497968?1626884294 第 1 次 获取到号码【1497968】GSD
2021-07-22 00:18:23 获取到号码【1497968】的GSD为【江苏-南京】
2021-07-22 00:18:32 GSD insert 第 1 次 等待 3 秒
2021-07-22 00:18:35 {"status":"ok","gid":350352,"msg":"添加成功！"}
2021-07-22 00:18:35 下次操作: 2021-07-22 00:18:57

2021-07-22 00:18:57 开始第 35 次操作

2021-07-22 00:18:57 开始操作号码 【1497969】
2021-07-22 00:19:02 GSD getOne 第 1 次 等待 3 秒
2021-07-22 00:19:05 查询号码 【1497969】，返回信息 {"status":"bad","msg":""}
2021-07-22 00:19:05 查询号码 【1497969】，GSD为【""】
2021-07-22 00:19:05 bad
2021-07-22 00:19:06 CHB 1497969?1626884345 第 1 次 等待 3 秒
2021-07-22 00:19:09 CHB 1497969?1626884345 第 1 次 获取到号码【1497969】GSD
2021-07-22 00:19:09 获取到号码【1497969】的GSD为【江苏-南京】
2021-07-22 00:19:28 GSD insert 第 1 次 等待 3 秒
2021-07-22 00:19:31 {"status":"ok","gid":350356,"msg":"添加成功！"}
2021-07-22 00:19:31 下次操作: 2021-07-22 00:19:47

2021-07-22 00:19:47 开始第 36 次操作

2021-07-22 00:19:47 开始操作号码 【1497970】
2021-07-22 00:19:52 GSD getOne 第 1 次 等待 3 秒
2021-07-22 00:19:55 查询号码 【1497970】，返回信息 {"status":"bad","msg":""}
2021-07-22 00:19:55 查询号码 【1497970】，GSD为【""】
2021-07-22 00:19:55 bad
2021-07-22 00:19:57 CHB 1497970?1626884395 第 1 次 等待 3 秒
2021-07-22 00:20:00 CHB 1497970?1626884395 第 1 次 获取到号码【1497970】GSD
2021-07-22 00:20:00 获取到号码【1497970】的GSD为【江苏-南京】
2021-07-22 00:20:18 GSD insert 第 1 次 等待 3 秒
2021-07-22 00:20:21 {"status":"ok","gid":350362,"msg":"添加成功！"}
2021-07-22 00:20:21 下次操作: 2021-07-22 00:20:37

2021-07-22 00:20:37 开始第 37 次操作

2021-07-22 00:20:37 开始操作号码 【1497971】
2021-07-22 00:20:40 GSD getOne 第 1 次 等待 3 秒
2021-07-22 00:20:43 查询号码 【1497971】，返回信息 {"status":"bad","msg":""}
2021-07-22 00:20:43 查询号码 【1497971】，GSD为【""】
2021-07-22 00:20:43 bad
2021-07-22 00:20:45 CHB 1497971?1626884443 第 1 次 等待 3 秒
2021-07-22 00:20:48 CHB 1497971?1626884443 第 1 次 获取到号码【1497971】GSD
2021-07-22 00:20:48 获取到号码【1497971】的GSD为【江苏-南京】
2021-07-22 00:21:10 GSD insert 第 1 次 等待 3 秒
2021-07-22 00:21:13 {"status":"ok","gid":350369,"msg":"添加成功！"}
2021-07-22 00:21:13 下次操作: 2021-07-22 00:21:31

2021-07-22 00:21:31 开始第 38 次操作

2021-07-22 00:21:31 开始操作号码 【1497972】
2021-07-22 00:21:39 GSD getOne 第 1 次 等待 3 秒
2021-07-22 00:21:42 查询号码 【1497972】，返回信息 {"status":"bad","msg":""}
2021-07-22 00:21:42 查询号码 【1497972】，GSD为【""】
2021-07-22 00:21:42 bad
2021-07-22 00:21:44 CHB 1497972?1626884502 第 1 次 等待 3 秒
2021-07-22 00:21:47 CHB 1497972?1626884502 第 1 次 获取到号码【1497972】GSD
2021-07-22 00:21:47 获取到号码【1497972】的GSD为【江苏-南京】
2021-07-22 00:22:22 GSD insert 第 1 次 等待 3 秒
2021-07-22 00:22:25 {"status":"ok","gid":350377,"msg":"添加成功！"}
2021-07-22 00:22:25 下次操作: 2021-07-22 00:22:42

2021-07-22 00:22:42 开始第 39 次操作

2021-07-22 00:22:42 开始操作号码 【1497973】
2021-07-22 00:22:47 GSD getOne 第 1 次 等待 3 秒
2021-07-22 00:22:50 查询号码 【1497973】，返回信息 {"status":"bad","msg":""}
2021-07-22 00:22:50 查询号码 【1497973】，GSD为【""】
2021-07-22 00:22:50 bad
2021-07-22 00:22:52 CHB 1497973?1626884570 第 1 次 等待 3 秒
2021-07-22 00:22:55 CHB 1497973?1626884570 第 1 次 获取到号码【1497973】GSD
2021-07-22 00:22:55 获取到号码【1497973】的GSD为【江苏-南京】
2021-07-22 00:23:13 GSD insert 第 1 次 等待 3 秒
2021-07-22 00:23:16 {"status":"ok","gid":350382,"msg":"添加成功！"}
2021-07-22 00:23:16 下次操作: 2021-07-22 00:23:30

2021-07-22 00:23:30 开始第 40 次操作

2021-07-22 00:23:30 开始操作号码 【1497974】
2021-07-22 00:23:35 GSD getOne 第 1 次 等待 3 秒
2021-07-22 00:23:38 查询号码 【1497974】，返回信息 {"status":"bad","msg":""}
2021-07-22 00:23:38 查询号码 【1497974】，GSD为【""】
2021-07-22 00:23:38 bad
2021-07-22 00:23:43 CHB 1497974?1626884618 第 1 次 等待 3 秒
2021-07-22 00:23:46 CHB 1497974?1626884618 第 1 次 获取到号码【1497974】GSD
2021-07-22 00:23:46 获取到号码【1497974】的GSD为【江苏-南京】
2021-07-22 00:23:56 GSD insert 第 1 次 等待 3 秒
2021-07-22 00:23:59 {"status":"ok","gid":350388,"msg":"添加成功！"}

2021-07-22 01:44:16 开始第 1 次操作

2021-07-22 01:44:16 开始操作号码 【1497975】
2021-07-22 01:44:20 GSD getOne 第 1 次 等待 3 秒
2021-07-22 01:44:23 查询号码 【1497975】，返回信息 {"status":"bad","msg":""}
2021-07-22 01:44:23 查询号码 【1497975】，GSD为【""】
2021-07-22 01:44:23 bad
2021-07-22 01:44:25 CHB 1497975?1626889463 第 1 次 等待 3 秒
2021-07-22 01:44:28 CHB 1497975?1626889463 第 1 次 获取到号码【1497975】GSD
2021-07-22 01:44:28 获取到号码【1497975】的GSD为【江苏-南京】
2021-07-22 01:45:48 GSD insert 第 1 次 等待 3 秒
2021-07-22 01:45:51 {"status":"ok","gid":350807,"msg":"添加成功！"}
2021-07-22 01:45:51 下次操作: 2021-07-22 01:46:08

2021-07-22 01:46:08 开始第 2 次操作

2021-07-22 01:46:08 开始操作号码 【1497976】
2021-07-22 01:46:49 GSD getOne 第 1 次 等待 3 秒
2021-07-22 01:46:52 查询号码 【1497976】，返回信息 {"status":"bad","msg":""}
2021-07-22 01:46:52 查询号码 【1497976】，GSD为【""】
2021-07-22 01:46:52 bad
2021-07-22 01:46:54 CHB 1497976?1626889612 第 1 次 等待 3 秒
2021-07-22 01:46:57 CHB 1497976?1626889612 第 1 次 获取到号码【1497976】GSD
2021-07-22 01:46:57 获取到号码【1497976】的GSD为【江苏-南京】
2021-07-22 01:47:15 GSD insert 第 1 次 等待 3 秒
2021-07-22 01:47:18 {"status":"ok","gid":350817,"msg":"添加成功！"}
2021-07-22 01:47:18 下次操作: 2021-07-22 01:47:38

2021-07-22 01:47:38 开始第 3 次操作

2021-07-22 01:47:38 开始操作号码 【1497977】
2021-07-22 01:47:41 GSD getOne 第 1 次 等待 3 秒
2021-07-22 01:47:44 查询号码 【1497977】，返回信息 {"status":"bad","msg":""}
2021-07-22 01:47:44 查询号码 【1497977】，GSD为【""】
2021-07-22 01:47:44 bad
2021-07-22 01:47:46 CHB 1497977?1626889664 第 1 次 等待 3 秒
2021-07-22 01:47:49 CHB 1497977?1626889664 第 1 次 获取到号码【1497977】GSD
2021-07-22 01:47:49 获取到号码【1497977】的GSD为【江苏-南京】
2021-07-22 01:48:57 GSD insert 第 1 次 等待 3 秒
2021-07-22 01:49:00 {"status":"ok","gid":350834,"msg":"添加成功！"}
2021-07-22 01:49:00 下次操作: 2021-07-22 01:49:18

2021-07-22 01:49:18 开始第 4 次操作

2021-07-22 01:49:18 开始操作号码 【1497978】
2021-07-22 01:49:21 GSD getOne 第 1 次 等待 3 秒
2021-07-22 01:49:24 查询号码 【1497978】，返回信息 {"status":"bad","msg":""}
2021-07-22 01:49:25 查询号码 【1497978】，GSD为【""】
2021-07-22 01:49:25 bad
2021-07-22 01:49:26 CHB 1497978?1626889765 第 1 次 等待 3 秒
2021-07-22 01:49:29 CHB 1497978?1626889765 第 1 次 获取到号码【1497978】GSD
2021-07-22 01:49:29 获取到号码【1497978】的GSD为【江苏-南京】
2021-07-22 01:49:47 GSD insert 第 1 次 等待 3 秒
2021-07-22 01:49:50 {"status":"ok","gid":350842,"msg":"添加成功！"}
2021-07-22 01:49:50 下次操作: 2021-07-22 01:50:10

2021-07-22 01:50:10 开始第 5 次操作

2021-07-22 01:50:10 开始操作号码 【1497979】
2021-07-22 01:50:14 GSD getOne 第 1 次 等待 3 秒
2021-07-22 01:50:17 查询号码 【1497979】，返回信息 {"status":"bad","msg":""}
2021-07-22 01:50:17 查询号码 【1497979】，GSD为【""】
2021-07-22 01:50:17 bad
2021-07-22 01:50:19 CHB 1497979?1626889817 第 1 次 等待 3 秒
2021-07-22 01:50:22 CHB 1497979?1626889817 第 1 次 获取到号码【1497979】GSD
2021-07-22 01:50:22 获取到号码【1497979】的GSD为【江苏-南京】
2021-07-22 01:50:40 GSD insert 第 1 次 等待 3 秒
2021-07-22 01:50:43 {"status":"ok","gid":350849,"msg":"添加成功！"}
2021-07-22 01:50:43 下次操作: 2021-07-22 01:51:04

2021-07-22 01:51:04 开始第 6 次操作

2021-07-22 01:51:04 开始操作号码 【1497980】
2021-07-22 01:51:08 GSD getOne 第 1 次 等待 3 秒
2021-07-22 01:51:11 查询号码 【1497980】，返回信息 {"status":"bad","msg":""}
2021-07-22 01:51:11 查询号码 【1497980】，GSD为【""】
2021-07-22 01:51:11 bad
2021-07-22 01:51:12 CHB 1497980?1626889871 第 1 次 等待 3 秒
2021-07-22 01:51:15 CHB 1497980?1626889871 第 1 次 获取到号码【1497980】GSD
2021-07-22 01:51:16 获取到号码【1497980】的GSD为【江苏-南京】
2021-07-22 01:51:34 GSD insert 第 1 次 等待 3 秒
2021-07-22 01:51:37 {"status":"ok","gid":350860,"msg":"添加成功！"}
2021-07-22 01:51:37 下次操作: 2021-07-22 01:51:53

2021-07-22 01:51:53 开始第 7 次操作

2021-07-22 01:51:53 开始操作号码 【1497981】
2021-07-22 01:51:56 GSD getOne 第 1 次 等待 3 秒
2021-07-22 01:51:59 查询号码 【1497981】，返回信息 {"status":"bad","msg":""}
2021-07-22 01:51:59 查询号码 【1497981】，GSD为【""】
2021-07-22 01:51:59 bad
2021-07-22 01:52:00 CHB 1497981?1626889919 第 1 次 等待 3 秒
2021-07-22 01:52:03 CHB 1497981?1626889919 第 1 次 获取到号码【1497981】GSD
2021-07-22 01:52:03 获取到号码【1497981】的GSD为【江苏-南京】
2021-07-22 01:52:22 GSD insert 第 1 次 等待 3 秒
2021-07-22 01:52:25 {"status":"ok","gid":350865,"msg":"添加成功！"}
2021-07-22 01:52:25 下次操作: 2021-07-22 01:52:44

2021-07-22 01:52:44 开始第 8 次操作

2021-07-22 01:52:44 开始操作号码 【1497982】
2021-07-22 01:52:47 GSD getOne 第 1 次 等待 3 秒
2021-07-22 01:52:50 查询号码 【1497982】，返回信息 {"status":"bad","msg":""}
2021-07-22 01:52:50 查询号码 【1497982】，GSD为【""】
2021-07-22 01:52:50 bad
2021-07-22 01:52:52 CHB 1497982?1626889970 第 1 次 等待 3 秒
2021-07-22 01:52:55 CHB 1497982?1626889970 第 1 次 获取到号码【1497982】GSD
2021-07-22 01:52:55 获取到号码【1497982】的GSD为【江苏-南京】
2021-07-22 01:53:22 GSD insert 第 1 次 等待 3 秒
2021-07-22 01:53:25 {"status":"ok","gid":350874,"msg":"添加成功！"}
2021-07-22 01:53:25 下次操作: 2021-07-22 01:53:41

2021-07-22 01:53:41 开始第 9 次操作

2021-07-22 01:53:41 开始操作号码 【1497983】
2021-07-22 01:53:44 GSD getOne 第 1 次 等待 3 秒
2021-07-22 01:53:47 查询号码 【1497983】，返回信息 {"status":"bad","msg":""}
2021-07-22 01:53:47 查询号码 【1497983】，GSD为【""】
2021-07-22 01:53:47 bad
2021-07-22 01:53:49 CHB 1497983?1626890027 第 1 次 等待 3 秒
2021-07-22 01:53:52 CHB 1497983?1626890027 第 1 次 获取到号码【1497983】GSD
2021-07-22 01:53:52 获取到号码【1497983】的GSD为【江苏-南京】
2021-07-22 01:54:12 GSD insert 第 1 次 等待 3 秒
2021-07-22 01:54:15 {"status":"ok","gid":350885,"msg":"添加成功！"}
2021-07-22 01:54:15 下次操作: 2021-07-22 01:54:32

2021-07-22 01:54:32 开始第 10 次操作

2021-07-22 01:54:32 开始操作号码 【1497984】
2021-07-22 01:54:35 GSD getOne 第 1 次 等待 3 秒
2021-07-22 01:54:38 查询号码 【1497984】，返回信息 {"status":"bad","msg":""}
2021-07-22 01:54:38 查询号码 【1497984】，GSD为【""】
2021-07-22 01:54:38 bad
2021-07-22 01:54:40 CHB 1497984?1626890078 第 1 次 等待 3 秒
2021-07-22 01:54:43 CHB 1497984?1626890078 第 1 次 获取到号码【1497984】GSD
2021-07-22 01:54:43 获取到号码【1497984】的GSD为【江苏-南京】
2021-07-22 01:55:01 GSD insert 第 1 次 等待 3 秒
2021-07-22 01:55:04 {"status":"ok","gid":350893,"msg":"添加成功！"}
2021-07-22 01:55:04 下次操作: 2021-07-22 01:55:17

2021-07-22 01:55:17 开始第 11 次操作

2021-07-22 01:55:17 开始操作号码 【1497985】
2021-07-22 01:55:22 GSD getOne 第 1 次 等待 3 秒
2021-07-22 01:55:25 查询号码 【1497985】，返回信息 {"status":"bad","msg":""}
2021-07-22 01:55:25 查询号码 【1497985】，GSD为【""】
2021-07-22 01:55:25 bad
2021-07-22 01:55:26 CHB 1497985?1626890125 第 1 次 等待 3 秒
2021-07-22 01:55:29 CHB 1497985?1626890125 第 1 次 获取到号码【1497985】GSD
2021-07-22 01:55:30 获取到号码【1497985】的GSD为【江苏-南京】
2021-07-22 01:55:48 GSD insert 第 1 次 等待 3 秒
2021-07-22 01:55:51 {"status":"ok","gid":350902,"msg":"添加成功！"}
2021-07-22 01:55:51 下次操作: 2021-07-22 01:56:10

2021-07-22 01:56:10 开始第 12 次操作

2021-07-22 01:56:10 开始操作号码 【1497986】
2021-07-22 01:56:13 GSD getOne 第 1 次 等待 3 秒
2021-07-22 01:56:16 查询号码 【1497986】，返回信息 {"status":"bad","msg":""}
2021-07-22 01:56:16 查询号码 【1497986】，GSD为【""】
2021-07-22 01:56:16 bad
2021-07-22 01:56:18 CHB 1497986?1626890176 第 1 次 等待 3 秒
2021-07-22 01:56:21 CHB 1497986?1626890176 第 1 次 获取到号码【1497986】GSD
2021-07-22 01:56:21 获取到号码【1497986】的GSD为【江苏-南京】
2021-07-22 01:56:39 GSD insert 第 1 次 等待 3 秒
2021-07-22 01:56:42 {"status":"ok","gid":350911,"msg":"添加成功！"}
2021-07-22 01:56:42 下次操作: 2021-07-22 01:57:00

2021-07-22 01:57:00 开始第 13 次操作

2021-07-22 01:57:00 开始操作号码 【1497987】
2021-07-22 01:57:04 GSD getOne 第 1 次 等待 3 秒
2021-07-22 01:57:07 查询号码 【1497987】，返回信息 {"status":"bad","msg":""}
2021-07-22 01:57:07 查询号码 【1497987】，GSD为【""】
2021-07-22 01:57:07 bad
2021-07-22 01:57:08 CHB 1497987?1626890227 第 1 次 等待 3 秒
2021-07-22 01:57:11 CHB 1497987?1626890227 第 1 次 获取到号码【1497987】GSD
2021-07-22 01:57:11 获取到号码【1497987】的GSD为【江苏-南京】
2021-07-22 01:57:32 GSD insert 第 1 次 等待 3 秒
2021-07-22 01:57:35 {"status":"ok","gid":350919,"msg":"添加成功！"}
2021-07-22 01:57:35 下次操作: 2021-07-22 01:57:50

2021-07-22 01:57:50 开始第 14 次操作

2021-07-22 01:57:50 开始操作号码 【1497988】
2021-07-22 01:57:53 GSD getOne 第 1 次 等待 3 秒
2021-07-22 01:57:56 查询号码 【1497988】，返回信息 {"status":"bad","msg":""}
2021-07-22 01:57:56 查询号码 【1497988】，GSD为【""】
2021-07-22 01:57:56 bad
2021-07-22 01:57:58 CHB 1497988?1626890276 第 1 次 等待 3 秒
2021-07-22 01:58:01 CHB 1497988?1626890276 第 1 次 获取到号码【1497988】GSD
2021-07-22 01:58:01 获取到号码【1497988】的GSD为【江苏-南京】
2021-07-22 01:58:19 GSD insert 第 1 次 等待 3 秒
2021-07-22 01:58:22 {"status":"ok","gid":350931,"msg":"添加成功！"}
2021-07-22 01:58:22 下次操作: 2021-07-22 01:58:45

2021-07-22 01:58:45 开始第 15 次操作

2021-07-22 01:58:45 开始操作号码 【1497989】
2021-07-22 01:58:47 GSD getOne 第 1 次 等待 3 秒
2021-07-22 01:58:50 查询号码 【1497989】，返回信息 {"status":"bad","msg":""}
2021-07-22 01:58:51 查询号码 【1497989】，GSD为【""】
2021-07-22 01:58:51 bad
2021-07-22 01:58:52 CHB 1497989?1626890331 第 1 次 等待 3 秒
2021-07-22 01:58:55 CHB 1497989?1626890331 第 1 次 获取到号码【1497989】GSD
2021-07-22 01:58:55 获取到号码【1497989】的GSD为【江苏-南京】
2021-07-22 01:59:30 GSD insert 第 1 次 等待 3 秒
2021-07-22 01:59:33 {"status":"ok","gid":350942,"msg":"添加成功！"}
2021-07-22 01:59:33 下次操作: 2021-07-22 01:59:52

2021-07-22 01:59:52 开始第 16 次操作

2021-07-22 01:59:52 开始操作号码 【1497990】
2021-07-22 01:59:55 GSD getOne 第 1 次 等待 3 秒
2021-07-22 01:59:58 查询号码 【1497990】，返回信息 {"status":"bad","msg":""}
2021-07-22 01:59:58 查询号码 【1497990】，GSD为【""】
2021-07-22 01:59:58 bad
2021-07-22 01:59:59 CHB 1497990?1626890398 第 1 次 等待 3 秒
2021-07-22 02:00:02 CHB 1497990?1626890398 第 1 次 获取到号码【1497990】GSD
2021-07-22 02:00:02 获取到号码【1497990】的GSD为【江苏-南京】
2021-07-22 02:00:32 GSD insert 第 1 次 等待 3 秒
2021-07-22 02:00:35 {"status":"ok","gid":350950,"msg":"添加成功！"}
2021-07-22 02:00:35 下次操作: 2021-07-22 02:00:52

2021-07-22 02:00:52 开始第 17 次操作

2021-07-22 02:00:52 开始操作号码 【1497991】
2021-07-22 02:00:55 GSD getOne 第 1 次 等待 3 秒
2021-07-22 02:00:58 查询号码 【1497991】，返回信息 {"status":"bad","msg":""}
2021-07-22 02:00:58 查询号码 【1497991】，GSD为【""】
2021-07-22 02:00:58 bad
2021-07-22 02:00:59 CHB 1497991?1626890458 第 1 次 等待 3 秒
2021-07-22 02:01:02 CHB 1497991?1626890458 第 1 次 获取到号码【1497991】GSD
2021-07-22 02:01:02 获取到号码【1497991】的GSD为【江苏-南京】
2021-07-22 02:01:21 GSD insert 第 1 次 等待 3 秒
2021-07-22 02:01:24 {"status":"ok","gid":350955,"msg":"添加成功！"}
2021-07-22 02:01:24 下次操作: 2021-07-22 02:01:38

2021-07-22 02:01:38 开始第 18 次操作

2021-07-22 02:01:38 开始操作号码 【1497992】
2021-07-22 02:01:41 GSD getOne 第 1 次 等待 3 秒
2021-07-22 02:01:44 查询号码 【1497992】，返回信息 {"status":"bad","msg":""}
2021-07-22 02:01:44 查询号码 【1497992】，GSD为【""】
2021-07-22 02:01:44 bad
2021-07-22 02:01:46 CHB 1497992?1626890504 第 1 次 等待 3 秒
2021-07-22 02:01:49 CHB 1497992?1626890504 第 1 次 获取到号码【1497992】GSD
2021-07-22 02:01:49 获取到号码【1497992】的GSD为【江苏-南京】
2021-07-22 02:02:23 GSD insert 第 1 次 等待 3 秒
2021-07-22 02:02:26 {"status":"ok","gid":350964,"msg":"添加成功！"}
2021-07-22 02:02:26 下次操作: 2021-07-22 02:02:44

2021-07-22 02:02:44 开始第 19 次操作

2021-07-22 02:02:44 开始操作号码 【1497993】
2021-07-22 02:02:48 GSD getOne 第 1 次 等待 3 秒
2021-07-22 02:02:51 查询号码 【1497993】，返回信息 {"status":"bad","msg":""}
2021-07-22 02:02:51 查询号码 【1497993】，GSD为【""】
2021-07-22 02:02:51 bad
2021-07-22 02:02:53 CHB 1497993?1626890571 第 1 次 等待 3 秒
2021-07-22 02:02:56 CHB 1497993?1626890571 第 1 次 获取到号码【1497993】GSD
2021-07-22 02:02:56 获取到号码【1497993】的GSD为【江苏-南京】
2021-07-22 02:03:15 GSD insert 第 1 次 等待 3 秒
2021-07-22 02:03:18 {"status":"ok","gid":350968,"msg":"添加成功！"}
2021-07-22 02:03:18 下次操作: 2021-07-22 02:03:31

2021-07-22 02:03:31 开始第 20 次操作

2021-07-22 02:03:31 开始操作号码 【1497994】
2021-07-22 02:03:37 GSD getOne 第 1 次 等待 3 秒
2021-07-22 02:03:40 查询号码 【1497994】，返回信息 {"status":"bad","msg":""}
2021-07-22 02:03:40 查询号码 【1497994】，GSD为【""】
2021-07-22 02:03:40 bad
2021-07-22 02:03:41 CHB 1497994?1626890620 第 1 次 等待 3 秒
2021-07-22 02:03:44 CHB 1497994?1626890620 第 1 次 获取到号码【1497994】GSD
2021-07-22 02:03:45 获取到号码【1497994】的GSD为【江苏-南京】
2021-07-22 02:04:02 GSD insert 第 1 次 等待 3 秒
2021-07-22 02:04:05 {"status":"ok","gid":350974,"msg":"添加成功！"}
2021-07-22 02:04:05 下次操作: 2021-07-22 02:04:17

2021-07-22 02:04:17 开始第 21 次操作

2021-07-22 02:04:17 开始操作号码 【1497995】
2021-07-22 02:04:23 GSD getOne 第 1 次 等待 3 秒
2021-07-22 02:04:26 查询号码 【1497995】，返回信息 {"status":"bad","msg":""}
2021-07-22 02:04:26 查询号码 【1497995】，GSD为【""】
2021-07-22 02:04:26 bad
2021-07-22 02:04:28 CHB 1497995?1626890666 第 1 次 等待 3 秒
2021-07-22 02:04:31 CHB 1497995?1626890666 第 1 次 获取到号码【1497995】GSD
2021-07-22 02:04:31 获取到号码【1497995】的GSD为【江苏-南京】
2021-07-22 02:04:49 GSD insert 第 1 次 等待 3 秒
2021-07-22 02:04:52 {"status":"ok","gid":350981,"msg":"添加成功！"}
2021-07-22 02:04:52 下次操作: 2021-07-22 02:05:15

2021-07-22 02:05:15 开始第 22 次操作

2021-07-22 02:05:15 开始操作号码 【1497996】
2021-07-22 02:05:19 GSD getOne 第 1 次 等待 3 秒
2021-07-22 02:05:22 查询号码 【1497996】，返回信息 {"status":"bad","msg":""}
2021-07-22 02:05:22 查询号码 【1497996】，GSD为【""】
2021-07-22 02:05:22 bad
2021-07-22 02:05:24 CHB 1497996?1626890722 第 1 次 等待 3 秒
2021-07-22 02:05:27 CHB 1497996?1626890722 第 1 次 获取到号码【1497996】GSD
2021-07-22 02:05:27 获取到号码【1497996】的GSD为【江苏-南京】
2021-07-22 02:05:46 GSD insert 第 1 次 等待 3 秒
2021-07-22 02:05:49 {"status":"ok","gid":350989,"msg":"添加成功！"}
2021-07-22 02:05:49 下次操作: 2021-07-22 02:06:11

2021-07-22 02:06:11 开始第 23 次操作

2021-07-22 02:06:11 开始操作号码 【1497997】
2021-07-22 02:06:18 GSD getOne 第 1 次 等待 3 秒
2021-07-22 02:06:21 查询号码 【1497997】，返回信息 {"status":"bad","msg":""}
2021-07-22 02:06:21 查询号码 【1497997】，GSD为【""】
2021-07-22 02:06:21 bad
2021-07-22 02:06:22 CHB 1497997?1626890781 第 1 次 等待 3 秒
2021-07-22 02:06:25 CHB 1497997?1626890781 第 1 次 获取到号码【1497997】GSD
2021-07-22 02:06:25 获取到号码【1497997】的GSD为【江苏-南京】
2021-07-22 02:06:44 GSD insert 第 1 次 等待 3 秒
2021-07-22 02:06:47 {"status":"ok","gid":350996,"msg":"添加成功！"}
2021-07-22 02:06:47 下次操作: 2021-07-22 02:07:08

2021-07-22 02:07:08 开始第 24 次操作

2021-07-22 02:07:08 开始操作号码 【1497998】
2021-07-22 02:07:11 GSD getOne 第 1 次 等待 3 秒
2021-07-22 02:07:14 查询号码 【1497998】，返回信息 {"status":"bad","msg":""}
2021-07-22 02:07:14 查询号码 【1497998】，GSD为【""】
2021-07-22 02:07:14 bad
2021-07-22 02:07:16 CHB 1497998?1626890834 第 1 次 等待 3 秒
2021-07-22 02:07:19 CHB 1497998?1626890834 第 1 次 获取到号码【1497998】GSD
2021-07-22 02:07:19 获取到号码【1497998】的GSD为【江苏-南京】
2021-07-22 02:07:39 GSD insert 第 1 次 等待 3 秒
2021-07-22 02:07:42 {"status":"ok","gid":351008,"msg":"添加成功！"}
2021-07-22 02:07:42 下次操作: 2021-07-22 02:08:06

2021-07-22 02:08:06 开始第 25 次操作

2021-07-22 02:08:06 开始操作号码 【1497999】
2021-07-22 02:08:09 GSD getOne 第 1 次 等待 3 秒
2021-07-22 02:08:12 查询号码 【1497999】，返回信息 {"status":"bad","msg":""}
2021-07-22 02:08:12 查询号码 【1497999】，GSD为【""】
2021-07-22 02:08:12 bad
2021-07-22 02:08:13 CHB 1497999?1626890892 第 1 次 等待 3 秒
2021-07-22 02:08:16 CHB 1497999?1626890892 第 1 次 获取到号码【1497999】GSD
2021-07-22 02:08:17 获取到号码【1497999】的GSD为【江苏-南京】
2021-07-22 02:08:36 GSD insert 第 1 次 等待 3 秒
2021-07-22 02:08:39 {"status":"ok","gid":351015,"msg":"添加成功！"}
2021-07-22 02:08:39 下次操作: 2021-07-22 02:08:52

2021-07-22 02:08:52 开始第 26 次操作

2021-07-22 02:08:52 开始操作号码 【1498000】
2021-07-22 02:08:55 GSD getOne 第 1 次 等待 3 秒
2021-07-22 02:08:58 查询号码 【1498000】，返回信息 {"status":"bad","msg":""}
2021-07-22 02:08:58 查询号码 【1498000】，GSD为【""】
2021-07-22 02:08:58 bad
2021-07-22 02:08:59 CHB 1498000?1626890938 第 1 次 等待 3 秒
2021-07-22 02:09:02 CHB 1498000?1626890938 第 1 次 获取到号码【1498000】GSD
2021-07-22 02:09:02 获取到号码【1498000】的GSD为【江苏-南京】
2021-07-22 02:09:21 GSD insert 第 1 次 等待 3 秒
2021-07-22 02:09:24 {"status":"ok","gid":351019,"msg":"添加成功！"}
2021-07-22 02:09:24 下次操作: 2021-07-22 02:09:46

2021-07-22 02:09:46 开始第 27 次操作

2021-07-22 02:09:46 开始操作号码 【1498001】
2021-07-22 02:09:51 GSD getOne 第 1 次 等待 3 秒
2021-07-22 02:09:54 查询号码 【1498001】，返回信息 {"status":"bad","msg":""}
2021-07-22 02:09:54 查询号码 【1498001】，GSD为【""】
2021-07-22 02:09:54 bad
2021-07-22 02:09:56 CHB 1498001?1626890994 第 1 次 等待 3 秒
2021-07-22 02:09:59 CHB 1498001?1626890994 第 1 次 获取到号码【1498001】GSD
2021-07-22 02:09:59 获取到号码【1498001】的GSD为【江苏-南京】
2021-07-22 02:10:17 GSD insert 第 1 次 等待 3 秒
2021-07-22 02:10:20 {"status":"ok","gid":351025,"msg":"添加成功！"}
2021-07-22 02:10:20 下次操作: 2021-07-22 02:10:37

2021-07-22 02:10:37 开始第 28 次操作

2021-07-22 02:10:37 开始操作号码 【1498002】
2021-07-22 02:10:41 GSD getOne 第 1 次 等待 3 秒
2021-07-22 02:10:44 查询号码 【1498002】，返回信息 {"status":"bad","msg":""}
2021-07-22 02:10:44 查询号码 【1498002】，GSD为【""】
2021-07-22 02:10:44 bad
2021-07-22 02:10:45 CHB 1498002?1626891044 第 1 次 等待 3 秒
2021-07-22 02:10:48 CHB 1498002?1626891044 第 1 次 获取到号码【1498002】GSD
2021-07-22 02:10:48 获取到号码【1498002】的GSD为【江苏-南京】
2021-07-22 02:11:06 GSD insert 第 1 次 等待 3 秒
2021-07-22 02:11:09 {"status":"ok","gid":351032,"msg":"添加成功！"}
2021-07-22 02:11:09 下次操作: 2021-07-22 02:11:27

2021-07-22 02:11:27 开始第 29 次操作

2021-07-22 02:11:27 开始操作号码 【1498003】
2021-07-22 02:11:30 GSD getOne 第 1 次 等待 3 秒
2021-07-22 02:11:33 查询号码 【1498003】，返回信息 {"status":"bad","msg":""}
2021-07-22 02:11:33 查询号码 【1498003】，GSD为【""】
2021-07-22 02:11:33 bad
2021-07-22 02:11:35 CHB 1498003?1626891093 第 1 次 等待 3 秒
2021-07-22 02:11:38 CHB 1498003?1626891093 第 1 次 获取到号码【1498003】GSD
2021-07-22 02:11:38 获取到号码【1498003】的GSD为【江苏-南京】
2021-07-22 02:11:56 GSD insert 第 1 次 等待 3 秒
2021-07-22 02:11:59 {"status":"ok","gid":351039,"msg":"添加成功！"}
2021-07-22 02:11:59 下次操作: 2021-07-22 02:12:22

2021-07-22 02:12:22 开始第 30 次操作

2021-07-22 02:12:22 开始操作号码 【1498004】
2021-07-22 02:12:25 GSD getOne 第 1 次 等待 3 秒
2021-07-22 02:12:28 查询号码 【1498004】，返回信息 {"status":"bad","msg":""}
2021-07-22 02:12:28 查询号码 【1498004】，GSD为【""】
2021-07-22 02:12:28 bad
2021-07-22 02:12:29 CHB 1498004?1626891148 第 1 次 等待 3 秒
2021-07-22 02:12:32 CHB 1498004?1626891148 第 1 次 获取到号码【1498004】GSD
2021-07-22 02:12:32 获取到号码【1498004】的GSD为【江苏-南京】
2021-07-22 02:12:50 GSD insert 第 1 次 等待 3 秒
2021-07-22 02:12:53 {"status":"ok","gid":351044,"msg":"添加成功！"}
2021-07-22 02:12:53 下次操作: 2021-07-22 02:13:13

2021-07-22 02:13:13 开始第 31 次操作

2021-07-22 02:13:13 开始操作号码 【1498005】
2021-07-22 02:13:19 GSD getOne 第 1 次 等待 3 秒
2021-07-22 02:13:22 查询号码 【1498005】，返回信息 {"status":"bad","msg":""}
2021-07-22 02:13:22 查询号码 【1498005】，GSD为【""】
2021-07-22 02:13:22 bad
2021-07-22 02:13:24 CHB 1498005?1626891202 第 1 次 等待 3 秒
2021-07-22 02:13:27 CHB 1498005?1626891202 第 1 次 获取到号码【1498005】GSD
2021-07-22 02:13:27 获取到号码【1498005】的GSD为【江苏-南京】
2021-07-22 02:13:45 GSD insert 第 1 次 等待 3 秒
2021-07-22 02:13:48 {"status":"ok","gid":351049,"msg":"添加成功！"}
2021-07-22 02:13:48 下次操作: 2021-07-22 02:14:11

2021-07-22 02:14:11 开始第 32 次操作

2021-07-22 02:14:11 开始操作号码 【1498006】
2021-07-22 02:14:14 GSD getOne 第 1 次 等待 3 秒
2021-07-22 02:14:17 查询号码 【1498006】，返回信息 {"status":"bad","msg":""}
2021-07-22 02:14:17 查询号码 【1498006】，GSD为【""】
2021-07-22 02:14:17 bad
2021-07-22 02:14:18 CHB 1498006?1626891257 第 1 次 等待 3 秒
2021-07-22 02:14:21 CHB 1498006?1626891257 第 1 次 获取到号码【1498006】GSD
2021-07-22 02:14:21 获取到号码【1498006】的GSD为【江苏-南京】
2021-07-22 02:14:40 GSD insert 第 1 次 等待 3 秒
2021-07-22 02:14:43 {"status":"ok","gid":351055,"msg":"添加成功！"}
2021-07-22 02:14:43 下次操作: 2021-07-22 02:15:04

2021-07-22 02:15:04 开始第 33 次操作

2021-07-22 02:15:04 开始操作号码 【1498007】
2021-07-22 02:15:07 GSD getOne 第 1 次 等待 3 秒
2021-07-22 02:15:10 查询号码 【1498007】，返回信息 {"status":"bad","msg":""}
2021-07-22 02:15:10 查询号码 【1498007】，GSD为【""】
2021-07-22 02:15:10 bad
2021-07-22 02:15:12 CHB 1498007?1626891310 第 1 次 等待 3 秒
2021-07-22 02:15:15 CHB 1498007?1626891310 第 1 次 获取到号码【1498007】GSD
2021-07-22 02:15:15 获取到号码【1498007】的GSD为【江苏-南京】
2021-07-22 02:15:33 GSD insert 第 1 次 等待 3 秒
2021-07-22 02:15:36 {"status":"ok","gid":351061,"msg":"添加成功！"}
2021-07-22 02:15:36 下次操作: 2021-07-22 02:16:00

2021-07-22 02:16:00 开始第 34 次操作

2021-07-22 02:16:00 开始操作号码 【1498008】
2021-07-22 02:16:02 GSD getOne 第 1 次 等待 3 秒
2021-07-22 02:16:05 查询号码 【1498008】，返回信息 {"status":"bad","msg":""}
2021-07-22 02:16:05 查询号码 【1498008】，GSD为【""】
2021-07-22 02:16:05 bad
2021-07-22 02:16:07 CHB 1498008?1626891365 第 1 次 等待 3 秒
2021-07-22 02:16:10 CHB 1498008?1626891365 第 1 次 获取到号码【1498008】GSD
2021-07-22 02:16:10 获取到号码【1498008】的GSD为【江苏-南京】
2021-07-22 02:16:28 GSD insert 第 1 次 等待 3 秒
2021-07-22 02:16:31 {"status":"ok","gid":351068,"msg":"添加成功！"}
2021-07-22 02:16:31 下次操作: 2021-07-22 02:16:46

2021-07-22 02:16:46 开始第 35 次操作

2021-07-22 02:16:46 开始操作号码 【1498009】
2021-07-22 02:16:49 GSD getOne 第 1 次 等待 3 秒
2021-07-22 02:16:52 查询号码 【1498009】，返回信息 {"status":"bad","msg":""}
2021-07-22 02:16:52 查询号码 【1498009】，GSD为【""】
2021-07-22 02:16:52 bad
2021-07-22 02:16:54 CHB 1498009?1626891412 第 1 次 等待 3 秒
2021-07-22 02:16:57 CHB 1498009?1626891412 第 1 次 获取到号码【1498009】GSD
2021-07-22 02:16:57 获取到号码【1498009】的GSD为【江苏-南京】
2021-07-22 02:17:15 GSD insert 第 1 次 等待 3 秒
2021-07-22 02:17:18 {"status":"ok","gid":351072,"msg":"添加成功！"}
2021-07-22 02:17:18 下次操作: 2021-07-22 02:17:40

2021-07-22 02:17:40 开始第 36 次操作

2021-07-22 02:17:40 开始操作号码 【1498010】
2021-07-22 02:17:43 GSD getOne 第 1 次 等待 3 秒
2021-07-22 02:17:46 查询号码 【1498010】，返回信息 {"status":"bad","msg":""}
2021-07-22 02:17:46 查询号码 【1498010】，GSD为【""】
2021-07-22 02:17:46 bad
2021-07-22 02:17:47 CHB 1498010?1626891466 第 1 次 等待 3 秒
2021-07-22 02:17:50 CHB 1498010?1626891466 第 1 次 获取到号码【1498010】GSD
2021-07-22 02:17:50 获取到号码【1498010】的GSD为【江苏-南京】
2021-07-22 02:18:08 GSD insert 第 1 次 等待 3 秒
2021-07-22 02:18:11 {"status":"ok","gid":351076,"msg":"添加成功！"}
2021-07-22 02:18:11 下次操作: 2021-07-22 02:18:30

2021-07-22 02:18:30 开始第 37 次操作

2021-07-22 02:18:30 开始操作号码 【1498011】
2021-07-22 02:18:33 GSD getOne 第 1 次 等待 3 秒
2021-07-22 02:18:36 查询号码 【1498011】，返回信息 {"status":"bad","msg":""}
2021-07-22 02:18:36 查询号码 【1498011】，GSD为【""】
2021-07-22 02:18:36 bad
2021-07-22 02:18:38 CHB 1498011?1626891516 第 1 次 等待 3 秒
2021-07-22 02:18:41 CHB 1498011?1626891516 第 1 次 获取到号码【1498011】GSD
2021-07-22 02:18:41 获取到号码【1498011】的GSD为【江苏-南京】
2021-07-22 02:19:16 GSD insert 第 1 次 等待 3 秒
2021-07-22 02:19:19 {"status":"ok","gid":351082,"msg":"添加成功！"}
2021-07-22 02:19:19 下次操作: 2021-07-22 02:19:35

2021-07-22 02:19:35 开始第 38 次操作

2021-07-22 02:19:35 开始操作号码 【1498012】
2021-07-22 02:19:40 GSD getOne 第 1 次 等待 3 秒
2021-07-22 02:19:43 查询号码 【1498012】，返回信息 {"status":"bad","msg":""}
2021-07-22 02:19:43 查询号码 【1498012】，GSD为【""】
2021-07-22 02:19:43 bad
2021-07-22 02:19:45 CHB 1498012?1626891583 第 1 次 等待 3 秒
2021-07-22 02:19:48 CHB 1498012?1626891583 第 1 次 获取到号码【1498012】GSD
2021-07-22 02:19:48 获取到号码【1498012】的GSD为【江苏-南京】
2021-07-22 02:20:06 GSD insert 第 1 次 等待 3 秒
2021-07-22 02:20:09 {"status":"ok","gid":351086,"msg":"添加成功！"}
2021-07-22 02:20:09 下次操作: 2021-07-22 02:20:24

2021-07-22 02:20:24 开始第 39 次操作

2021-07-22 02:20:24 开始操作号码 【1498013】
2021-07-22 02:20:27 GSD getOne 第 1 次 等待 3 秒
2021-07-22 02:20:30 查询号码 【1498013】，返回信息 {"status":"bad","msg":""}
2021-07-22 02:20:30 查询号码 【1498013】，GSD为【""】
2021-07-22 02:20:30 bad
2021-07-22 02:20:31 CHB 1498013?1626891630 第 1 次 等待 3 秒
2021-07-22 02:20:34 CHB 1498013?1626891630 第 1 次 获取到号码【1498013】GSD
2021-07-22 02:20:34 获取到号码【1498013】的GSD为【江苏-南京】
2021-07-22 02:20:52 GSD insert 第 1 次 等待 3 秒
2021-07-22 02:20:55 {"status":"ok","gid":351093,"msg":"添加成功！"}
2021-07-22 02:20:55 下次操作: 2021-07-22 02:21:09

2021-07-22 02:21:09 开始第 40 次操作

2021-07-22 02:21:09 开始操作号码 【1498014】
2021-07-22 02:21:12 GSD getOne 第 1 次 等待 3 秒
2021-07-22 02:21:15 查询号码 【1498014】，返回信息 {"status":"bad","msg":""}
2021-07-22 02:21:15 查询号码 【1498014】，GSD为【""】
2021-07-22 02:21:15 bad
2021-07-22 02:21:17 CHB 1498014?1626891675 第 1 次 等待 3 秒
2021-07-22 02:21:20 CHB 1498014?1626891675 第 1 次 获取到号码【1498014】GSD
2021-07-22 02:21:20 获取到号码【1498014】的GSD为【江苏-南京】
2021-07-22 02:21:39 GSD insert 第 1 次 等待 3 秒
2021-07-22 02:21:42 {"status":"ok","gid":351100,"msg":"添加成功！"}

2021-07-22 02:47:53 开始第 1 次操作

2021-07-22 02:47:53 开始操作号码 【1498015】
2021-07-22 02:47:55 GSD getOne 第 1 次 等待 3 秒
2021-07-22 02:47:58 查询号码 【1498015】，返回信息 {"status":"bad","msg":""}
2021-07-22 02:47:58 查询号码 【1498015】，GSD为【""】
2021-07-22 02:47:58 bad
2021-07-22 02:48:00 CHB 1498015?1626893278 第 1 次 等待 3 秒
2021-07-22 02:48:03 CHB 1498015?1626893278 第 1 次 获取到号码【1498015】GSD
2021-07-22 02:48:03 获取到号码【1498015】的GSD为【江苏-南京】
2021-07-22 02:48:21 GSD insert 第 1 次 等待 3 秒
2021-07-22 02:48:24 {"status":"ok","gid":351188,"msg":"添加成功！"}
2021-07-22 02:48:24 下次操作: 2021-07-22 02:48:41

2021-07-22 02:48:41 开始第 2 次操作

2021-07-22 02:48:41 开始操作号码 【1498016】
2021-07-22 02:48:44 GSD getOne 第 1 次 等待 3 秒
2021-07-22 02:48:47 查询号码 【1498016】，返回信息 {"status":"bad","msg":""}
2021-07-22 02:48:47 查询号码 【1498016】，GSD为【""】
2021-07-22 02:48:47 bad
2021-07-22 02:48:48 CHB 1498016?1626893327 第 1 次 等待 3 秒
2021-07-22 02:48:51 CHB 1498016?1626893327 第 1 次 获取到号码【1498016】GSD
2021-07-22 02:48:51 获取到号码【1498016】的GSD为【江苏-南京】
2021-07-22 02:49:09 GSD insert 第 1 次 等待 3 秒
2021-07-22 02:49:12 {"status":"ok","gid":351193,"msg":"添加成功！"}
2021-07-22 02:49:12 下次操作: 2021-07-22 02:49:35

2021-07-22 02:49:35 开始第 3 次操作

2021-07-22 02:49:35 开始操作号码 【1498017】
2021-07-22 02:49:38 GSD getOne 第 1 次 等待 3 秒
2021-07-22 02:49:41 查询号码 【1498017】，返回信息 {"status":"bad","msg":""}
2021-07-22 02:49:41 查询号码 【1498017】，GSD为【""】
2021-07-22 02:49:41 bad
2021-07-22 02:49:43 CHB 1498017?1626893381 第 1 次 等待 3 秒
2021-07-22 02:49:46 CHB 1498017?1626893381 第 1 次 获取到号码【1498017】GSD
2021-07-22 02:49:46 获取到号码【1498017】的GSD为【江苏-南京】
2021-07-22 02:50:04 GSD insert 第 1 次 等待 3 秒
2021-07-22 02:50:07 {"status":"ok","gid":351205,"msg":"添加成功！"}
2021-07-22 02:50:07 下次操作: 2021-07-22 02:50:28

2021-07-22 02:50:28 开始第 4 次操作

2021-07-22 02:50:28 开始操作号码 【1498018】
2021-07-22 02:50:30 GSD getOne 第 1 次 等待 3 秒
2021-07-22 02:50:33 查询号码 【1498018】，返回信息 {"status":"bad","msg":""}
2021-07-22 02:50:34 查询号码 【1498018】，GSD为【""】
2021-07-22 02:50:34 bad
2021-07-22 02:50:35 CHB 1498018?1626893434 第 1 次 等待 3 秒
2021-07-22 02:50:38 CHB 1498018?1626893434 第 1 次 获取到号码【1498018】GSD
2021-07-22 02:50:38 获取到号码【1498018】的GSD为【江苏-南京】
2021-07-22 02:50:56 GSD insert 第 1 次 等待 3 秒
2021-07-22 02:50:59 {"status":"ok","gid":351215,"msg":"添加成功！"}
2021-07-22 02:50:59 下次操作: 2021-07-22 02:51:14

2021-07-22 02:51:14 开始第 5 次操作

2021-07-22 02:51:14 开始操作号码 【1498019】
2021-07-22 02:51:17 GSD getOne 第 1 次 等待 3 秒
2021-07-22 02:51:20 查询号码 【1498019】，返回信息 {"status":"bad","msg":""}
2021-07-22 02:51:20 查询号码 【1498019】，GSD为【""】
2021-07-22 02:51:20 bad
2021-07-22 02:51:21 CHB 1498019?1626893480 第 1 次 等待 3 秒
2021-07-22 02:51:24 CHB 1498019?1626893480 第 1 次 获取到号码【1498019】GSD
2021-07-22 02:51:24 获取到号码【1498019】的GSD为【江苏-南京】
2021-07-22 02:51:42 GSD insert 第 1 次 等待 3 秒
2021-07-22 02:51:45 {"status":"ok","gid":351225,"msg":"添加成功！"}
2021-07-22 02:51:45 下次操作: 2021-07-22 02:51:59

2021-07-22 02:51:59 开始第 6 次操作

2021-07-22 02:51:59 开始操作号码 【1498020】
2021-07-22 02:52:02 GSD getOne 第 1 次 等待 3 秒
2021-07-22 02:52:05 查询号码 【1498020】，返回信息 {"status":"bad","msg":""}
2021-07-22 02:52:05 查询号码 【1498020】，GSD为【""】
2021-07-22 02:52:05 bad
2021-07-22 02:52:06 CHB 1498020?1626893525 第 1 次 等待 3 秒
2021-07-22 02:52:09 CHB 1498020?1626893525 第 1 次 获取到号码【1498020】GSD
2021-07-22 02:52:09 未获取到号码【1498020】GSD，查号吧 400 错误
2021-07-22 02:52:09 获取到号码【1498020】的GSD为【-】
2021-07-22 02:52:27 GSD insert 第 1 次 等待 3 秒
2021-07-22 02:52:30 {"status":"ok","gid":351237,"msg":"添加成功！"}
2021-07-22 02:52:30 下次操作: 2021-07-22 02:52:54

2021-07-22 02:52:54 开始第 7 次操作

2021-07-22 02:52:54 开始操作号码 【1498021】
2021-07-22 02:52:59 GSD getOne 第 1 次 等待 3 秒
2021-07-22 02:53:02 查询号码 【1498021】，返回信息 {"status":"bad","msg":""}
2021-07-22 02:53:02 查询号码 【1498021】，GSD为【""】
2021-07-22 02:53:02 bad
2021-07-22 02:53:03 CHB 1498021?1626893582 第 1 次 等待 3 秒
2021-07-22 02:53:06 CHB 1498021?1626893582 第 1 次 获取到号码【1498021】GSD
2021-07-22 02:53:06 获取到号码【1498021】的GSD为【江苏-南京】
2021-07-22 02:53:24 GSD insert 第 1 次 等待 3 秒
2021-07-22 02:53:27 {"status":"ok","gid":351249,"msg":"添加成功！"}
2021-07-22 02:53:28 下次操作: 2021-07-22 02:53:46

2021-07-22 02:53:46 开始第 8 次操作

2021-07-22 02:53:46 开始操作号码 【1498022】
2021-07-22 02:53:48 GSD getOne 第 1 次 等待 3 秒
2021-07-22 02:53:51 查询号码 【1498022】，返回信息 {"status":"bad","msg":""}
2021-07-22 02:53:51 查询号码 【1498022】，GSD为【""】
2021-07-22 02:53:51 bad
2021-07-22 02:53:53 CHB 1498022?1626893631 第 1 次 等待 3 秒
2021-07-22 02:53:56 CHB 1498022?1626893631 第 1 次 获取到号码【1498022】GSD
2021-07-22 02:53:56 获取到号码【1498022】的GSD为【江苏-南京】
2021-07-22 02:54:14 GSD insert 第 1 次 等待 3 秒
2021-07-22 02:54:17 {"status":"ok","gid":351262,"msg":"添加成功！"}
2021-07-22 02:54:17 下次操作: 2021-07-22 02:54:33

2021-07-22 02:54:33 开始第 9 次操作

2021-07-22 02:54:33 开始操作号码 【1498023】
2021-07-22 02:54:37 GSD getOne 第 1 次 等待 3 秒
2021-07-22 02:54:40 查询号码 【1498023】，返回信息 {"status":"bad","msg":""}
2021-07-22 02:54:40 查询号码 【1498023】，GSD为【""】
2021-07-22 02:54:40 bad
2021-07-22 02:54:42 CHB 1498023?1626893680 第 1 次 等待 3 秒
2021-07-22 02:54:45 CHB 1498023?1626893680 第 1 次 获取到号码【1498023】GSD
2021-07-22 02:54:45 获取到号码【1498023】的GSD为【江苏-南京】
2021-07-22 02:55:03 GSD insert 第 1 次 等待 3 秒
2021-07-22 02:55:06 {"status":"ok","gid":351273,"msg":"添加成功！"}
2021-07-22 02:55:06 下次操作: 2021-07-22 02:55:25

2021-07-22 02:55:25 开始第 10 次操作

2021-07-22 02:55:25 开始操作号码 【1498024】
2021-07-22 02:55:27 GSD getOne 第 1 次 等待 3 秒
2021-07-22 02:55:30 查询号码 【1498024】，返回信息 {"status":"bad","msg":""}
2021-07-22 02:55:31 查询号码 【1498024】，GSD为【""】
2021-07-22 02:55:31 bad
2021-07-22 02:55:32 CHB 1498024?1626893731 第 1 次 等待 3 秒
2021-07-22 02:55:35 CHB 1498024?1626893731 第 1 次 获取到号码【1498024】GSD
2021-07-22 02:55:35 获取到号码【1498024】的GSD为【江苏-南京】
2021-07-22 02:55:53 GSD insert 第 1 次 等待 3 秒
2021-07-22 02:55:56 {"status":"ok","gid":351286,"msg":"添加成功！"}
2021-07-22 02:55:56 下次操作: 2021-07-22 02:56:10

2021-07-22 02:56:10 开始第 11 次操作

2021-07-22 02:56:10 开始操作号码 【1498025】
2021-07-22 02:56:13 GSD getOne 第 1 次 等待 3 秒
2021-07-22 02:56:16 查询号码 【1498025】，返回信息 {"status":"bad","msg":""}
2021-07-22 02:56:16 查询号码 【1498025】，GSD为【""】
2021-07-22 02:56:16 bad
2021-07-22 02:56:18 CHB 1498025?1626893776 第 1 次 等待 3 秒
2021-07-22 02:56:21 CHB 1498025?1626893776 第 1 次 获取到号码【1498025】GSD
2021-07-22 02:56:21 获取到号码【1498025】的GSD为【江苏-南京】
2021-07-22 02:56:39 GSD insert 第 1 次 等待 3 秒
2021-07-22 02:56:42 {"status":"ok","gid":351298,"msg":"添加成功！"}
2021-07-22 02:56:42 下次操作: 2021-07-22 02:57:04

2021-07-22 02:57:04 开始第 12 次操作

2021-07-22 02:57:04 开始操作号码 【1498026】
2021-07-22 02:57:06 GSD getOne 第 1 次 等待 3 秒
2021-07-22 02:57:09 查询号码 【1498026】，返回信息 {"status":"bad","msg":""}
2021-07-22 02:57:09 查询号码 【1498026】，GSD为【""】
2021-07-22 02:57:09 bad
2021-07-22 02:57:11 CHB 1498026?1626893829 第 1 次 等待 3 秒
2021-07-22 02:57:14 CHB 1498026?1626893829 第 1 次 获取到号码【1498026】GSD
2021-07-22 02:57:14 获取到号码【1498026】的GSD为【江苏-南京】
2021-07-22 02:57:32 GSD insert 第 1 次 等待 3 秒
2021-07-22 02:57:35 {"status":"ok","gid":351310,"msg":"添加成功！"}
2021-07-22 02:57:35 下次操作: 2021-07-22 02:57:55

2021-07-22 02:57:55 开始第 13 次操作

2021-07-22 02:57:55 开始操作号码 【1498027】
2021-07-22 02:57:58 GSD getOne 第 1 次 等待 3 秒
2021-07-22 02:58:01 查询号码 【1498027】，返回信息 {"status":"bad","msg":""}
2021-07-22 02:58:01 查询号码 【1498027】，GSD为【""】
2021-07-22 02:58:01 bad
2021-07-22 02:58:03 CHB 1498027?1626893881 第 1 次 等待 3 秒
2021-07-22 02:58:06 CHB 1498027?1626893881 第 1 次 获取到号码【1498027】GSD
2021-07-22 02:58:06 获取到号码【1498027】的GSD为【江苏-南京】
2021-07-22 02:58:24 GSD insert 第 1 次 等待 3 秒
2021-07-22 02:58:27 {"status":"ok","gid":351324,"msg":"添加成功！"}
2021-07-22 02:58:27 下次操作: 2021-07-22 02:58:47

2021-07-22 02:58:47 开始第 14 次操作

2021-07-22 02:58:47 开始操作号码 【1498028】
2021-07-22 02:58:49 GSD getOne 第 1 次 等待 3 秒
2021-07-22 02:58:52 查询号码 【1498028】，返回信息 {"status":"bad","msg":""}
2021-07-22 02:58:52 查询号码 【1498028】，GSD为【""】
2021-07-22 02:58:52 bad
2021-07-22 02:58:54 CHB 1498028?1626893932 第 1 次 等待 3 秒
2021-07-22 02:58:57 CHB 1498028?1626893932 第 1 次 获取到号码【1498028】GSD
2021-07-22 02:58:57 获取到号码【1498028】的GSD为【江苏-南京】
2021-07-22 02:59:15 GSD insert 第 1 次 等待 3 秒
2021-07-22 02:59:18 {"status":"ok","gid":351337,"msg":"添加成功！"}
2021-07-22 02:59:18 下次操作: 2021-07-22 02:59:35

2021-07-22 02:59:35 开始第 15 次操作

2021-07-22 02:59:35 开始操作号码 【1498029】
2021-07-22 02:59:38 GSD getOne 第 1 次 等待 3 秒
2021-07-22 02:59:41 查询号码 【1498029】，返回信息 {"status":"bad","msg":""}
2021-07-22 02:59:41 查询号码 【1498029】，GSD为【""】
2021-07-22 02:59:41 bad
2021-07-22 02:59:43 CHB 1498029?1626893981 第 1 次 等待 3 秒
2021-07-22 02:59:46 CHB 1498029?1626893981 第 1 次 获取到号码【1498029】GSD
2021-07-22 02:59:46 获取到号码【1498029】的GSD为【江苏-南京】
2021-07-22 03:00:03 GSD insert 第 1 次 等待 3 秒
2021-07-22 03:00:06 {"status":"ok","gid":351348,"msg":"添加成功！"}
2021-07-22 03:00:07 下次操作: 2021-07-22 03:00:25

2021-07-22 03:00:25 开始第 16 次操作

2021-07-22 03:00:25 开始操作号码 【1498030】
2021-07-22 03:00:27 GSD getOne 第 1 次 等待 3 秒
2021-07-22 03:00:30 查询号码 【1498030】，返回信息 {"status":"bad","msg":""}
2021-07-22 03:00:30 查询号码 【1498030】，GSD为【""】
2021-07-22 03:00:30 bad
2021-07-22 03:00:32 CHB 1498030?1626894030 第 1 次 等待 3 秒
2021-07-22 03:00:35 CHB 1498030?1626894030 第 1 次 获取到号码【1498030】GSD
2021-07-22 03:00:35 获取到号码【1498030】的GSD为【江苏-南京】
2021-07-22 03:01:08 GSD insert 第 1 次 等待 3 秒
2021-07-22 03:01:11 {"status":"ok","gid":351361,"msg":"添加成功！"}
2021-07-22 03:01:11 下次操作: 2021-07-22 03:01:29

2021-07-22 03:01:29 开始第 17 次操作

2021-07-22 03:01:29 开始操作号码 【1498031】
2021-07-22 03:02:25 GSD getOne 第 1 次 等待 3 秒
2021-07-22 03:02:28 查询号码 【1498031】，返回信息 {"status":"bad","msg":""}
2021-07-22 03:02:28 查询号码 【1498031】，GSD为【""】
2021-07-22 03:02:28 bad
2021-07-22 03:02:29 CHB 1498031?1626894148 第 1 次 等待 3 秒
2021-07-22 03:02:32 CHB 1498031?1626894148 第 1 次 获取到号码【1498031】GSD
2021-07-22 03:02:33 获取到号码【1498031】的GSD为【江苏-南京】
2021-07-22 03:02:50 GSD insert 第 1 次 等待 3 秒
2021-07-22 03:02:53 {"status":"ok","gid":351379,"msg":"添加成功！"}
2021-07-22 03:02:53 下次操作: 2021-07-22 03:03:07

2021-07-22 03:03:07 开始第 18 次操作

2021-07-22 03:03:07 开始操作号码 【1498032】
2021-07-22 03:03:10 GSD getOne 第 1 次 等待 3 秒
2021-07-22 03:03:13 查询号码 【1498032】，返回信息 {"status":"bad","msg":""}
2021-07-22 03:03:13 查询号码 【1498032】，GSD为【""】
2021-07-22 03:03:13 bad
2021-07-22 03:03:15 CHB 1498032?1626894193 第 1 次 等待 3 秒
2021-07-22 03:03:18 CHB 1498032?1626894193 第 1 次 获取到号码【1498032】GSD
2021-07-22 03:03:18 获取到号码【1498032】的GSD为【江苏-南京】
2021-07-22 03:03:36 GSD insert 第 1 次 等待 3 秒
2021-07-22 03:03:39 {"status":"ok","gid":351389,"msg":"添加成功！"}
2021-07-22 03:03:39 下次操作: 2021-07-22 03:03:53

2021-07-22 03:03:53 开始第 19 次操作

2021-07-22 03:03:53 开始操作号码 【1498033】
2021-07-22 03:03:55 GSD getOne 第 1 次 等待 3 秒
2021-07-22 03:03:58 查询号码 【1498033】，返回信息 {"status":"bad","msg":""}
2021-07-22 03:03:58 查询号码 【1498033】，GSD为【""】
2021-07-22 03:03:58 bad
2021-07-22 03:04:00 CHB 1498033?1626894238 第 1 次 等待 3 秒
2021-07-22 03:04:03 CHB 1498033?1626894238 第 1 次 获取到号码【1498033】GSD
2021-07-22 03:04:03 获取到号码【1498033】的GSD为【江苏-南京】
2021-07-22 03:04:23 GSD insert 第 1 次 等待 3 秒
2021-07-22 03:04:26 {"status":"ok","gid":351399,"msg":"添加成功！"}
2021-07-22 03:04:26 下次操作: 2021-07-22 03:04:38

2021-07-22 03:04:38 开始第 20 次操作

2021-07-22 03:04:38 开始操作号码 【1498034】
2021-07-22 03:05:00 GSD getOne 第 1 次 等待 3 秒
2021-07-22 03:05:03 查询号码 【1498034】，返回信息 {"status":"bad","msg":""}
2021-07-22 03:05:03 查询号码 【1498034】，GSD为【""】
2021-07-22 03:05:03 bad
2021-07-22 03:05:04 CHB 1498034?1626894303 第 1 次 等待 3 秒
2021-07-22 03:05:07 CHB 1498034?1626894303 第 1 次 获取到号码【1498034】GSD
2021-07-22 03:05:07 获取到号码【1498034】的GSD为【江苏-南京】
2021-07-22 03:05:25 GSD insert 第 1 次 等待 3 秒
2021-07-22 03:05:28 {"status":"ok","gid":351404,"msg":"添加成功！"}
2021-07-22 03:05:28 下次操作: 2021-07-22 03:05:45

2021-07-22 03:05:45 开始第 21 次操作

2021-07-22 03:05:45 开始操作号码 【1498035】
2021-07-22 03:05:48 GSD getOne 第 1 次 等待 3 秒
2021-07-22 03:05:51 查询号码 【1498035】，返回信息 {"status":"bad","msg":""}
2021-07-22 03:05:51 查询号码 【1498035】，GSD为【""】
2021-07-22 03:05:51 bad
2021-07-22 03:05:53 CHB 1498035?1626894351 第 1 次 等待 3 秒
2021-07-22 03:05:56 CHB 1498035?1626894351 第 1 次 获取到号码【1498035】GSD
2021-07-22 03:05:56 获取到号码【1498035】的GSD为【江苏-南京】
2021-07-22 03:06:14 GSD insert 第 1 次 等待 3 秒
2021-07-22 03:06:17 {"status":"ok","gid":351413,"msg":"添加成功！"}
2021-07-22 03:06:17 下次操作: 2021-07-22 03:06:38

2021-07-22 03:06:38 开始第 22 次操作

2021-07-22 03:06:38 开始操作号码 【1498036】
2021-07-22 03:06:40 GSD getOne 第 1 次 等待 3 秒
2021-07-22 03:06:43 查询号码 【1498036】，返回信息 {"status":"bad","msg":""}
2021-07-22 03:06:44 查询号码 【1498036】，GSD为【""】
2021-07-22 03:06:44 bad
2021-07-22 03:06:45 CHB 1498036?1626894404 第 1 次 等待 3 秒
2021-07-22 03:06:48 CHB 1498036?1626894404 第 1 次 获取到号码【1498036】GSD
2021-07-22 03:06:48 获取到号码【1498036】的GSD为【江苏-南京】
2021-07-22 03:07:06 GSD insert 第 1 次 等待 3 秒
2021-07-22 03:07:09 {"status":"ok","gid":351426,"msg":"添加成功！"}
2021-07-22 03:07:09 下次操作: 2021-07-22 03:07:33

2021-07-22 03:07:33 开始第 23 次操作

2021-07-22 03:07:33 开始操作号码 【1498037】
2021-07-22 03:07:36 GSD getOne 第 1 次 等待 3 秒
2021-07-22 03:07:39 查询号码 【1498037】，返回信息 {"status":"bad","msg":""}
2021-07-22 03:07:39 查询号码 【1498037】，GSD为【""】
2021-07-22 03:07:39 bad
2021-07-22 03:07:40 CHB 1498037?1626894459 第 1 次 等待 3 秒
2021-07-22 03:07:43 CHB 1498037?1626894459 第 1 次 获取到号码【1498037】GSD
2021-07-22 03:07:43 获取到号码【1498037】的GSD为【江苏-南京】
2021-07-22 03:08:01 GSD insert 第 1 次 等待 3 秒
2021-07-22 03:08:04 {"status":"ok","gid":351439,"msg":"添加成功！"}
2021-07-22 03:08:04 下次操作: 2021-07-22 03:08:20

2021-07-22 03:08:20 开始第 24 次操作

2021-07-22 03:08:20 开始操作号码 【1498038】
2021-07-22 03:08:23 GSD getOne 第 1 次 等待 3 秒
2021-07-22 03:08:26 查询号码 【1498038】，返回信息 {"status":"bad","msg":""}
2021-07-22 03:08:26 查询号码 【1498038】，GSD为【""】
2021-07-22 03:08:26 bad
2021-07-22 03:08:28 CHB 1498038?1626894506 第 1 次 等待 3 秒
2021-07-22 03:08:31 CHB 1498038?1626894506 第 1 次 获取到号码【1498038】GSD
2021-07-22 03:08:31 获取到号码【1498038】的GSD为【江苏-南京】
2021-07-22 03:08:49 GSD insert 第 1 次 等待 3 秒
2021-07-22 03:08:52 {"status":"ok","gid":351451,"msg":"添加成功！"}
2021-07-22 03:08:52 下次操作: 2021-07-22 03:09:04

2021-07-22 03:09:04 开始第 25 次操作

2021-07-22 03:09:04 开始操作号码 【1498039】
2021-07-22 03:09:07 GSD getOne 第 1 次 等待 3 秒
2021-07-22 03:09:10 查询号码 【1498039】，返回信息 {"status":"bad","msg":""}
2021-07-22 03:09:10 查询号码 【1498039】，GSD为【""】
2021-07-22 03:09:10 bad
2021-07-22 03:09:12 CHB 1498039?1626894550 第 1 次 等待 3 秒
2021-07-22 03:09:15 CHB 1498039?1626894550 第 1 次 获取到号码【1498039】GSD
2021-07-22 03:09:15 获取到号码【1498039】的GSD为【江苏-南京】
2021-07-22 03:09:33 GSD insert 第 1 次 等待 3 秒
2021-07-22 03:09:36 {"status":"ok","gid":351462,"msg":"添加成功！"}
2021-07-22 03:09:36 下次操作: 2021-07-22 03:09:59

2021-07-22 03:09:59 开始第 26 次操作

2021-07-22 03:09:59 开始操作号码 【1498040】
2021-07-22 03:10:02 GSD getOne 第 1 次 等待 3 秒
2021-07-22 03:10:05 查询号码 【1498040】，返回信息 {"status":"bad","msg":""}
2021-07-22 03:10:05 查询号码 【1498040】，GSD为【""】
2021-07-22 03:10:05 bad
2021-07-22 03:10:06 CHB 1498040?1626894605 第 1 次 等待 3 秒
2021-07-22 03:10:09 CHB 1498040?1626894605 第 1 次 获取到号码【1498040】GSD
2021-07-22 03:10:09 获取到号码【1498040】的GSD为【江苏-南京】
2021-07-22 03:10:27 GSD insert 第 1 次 等待 3 秒
2021-07-22 03:10:30 {"status":"ok","gid":351475,"msg":"添加成功！"}
2021-07-22 03:10:30 下次操作: 2021-07-22 03:10:46

2021-07-22 03:10:46 开始第 27 次操作

2021-07-22 03:10:46 开始操作号码 【1498041】
2021-07-22 03:10:49 GSD getOne 第 1 次 等待 3 秒
2021-07-22 03:10:52 查询号码 【1498041】，返回信息 {"status":"bad","msg":""}
2021-07-22 03:10:52 查询号码 【1498041】，GSD为【""】
2021-07-22 03:10:52 bad
2021-07-22 03:10:53 CHB 1498041?1626894652 第 1 次 等待 3 秒
2021-07-22 03:10:56 CHB 1498041?1626894652 第 1 次 获取到号码【1498041】GSD
2021-07-22 03:10:56 获取到号码【1498041】的GSD为【江苏-南京】
2021-07-22 03:11:14 GSD insert 第 1 次 等待 3 秒
2021-07-22 03:11:17 {"status":"ok","gid":351484,"msg":"添加成功！"}
2021-07-22 03:11:17 下次操作: 2021-07-22 03:11:32

2021-07-22 03:11:32 开始第 28 次操作

2021-07-22 03:11:32 开始操作号码 【1498042】
2021-07-22 03:11:35 GSD getOne 第 1 次 等待 3 秒
2021-07-22 03:11:38 查询号码 【1498042】，返回信息 {"status":"bad","msg":""}
2021-07-22 03:11:38 查询号码 【1498042】，GSD为【""】
2021-07-22 03:11:38 bad
2021-07-22 03:11:39 CHB 1498042?1626894698 第 1 次 等待 3 秒
2021-07-22 03:11:42 CHB 1498042?1626894698 第 1 次 获取到号码【1498042】GSD
2021-07-22 03:11:43 获取到号码【1498042】的GSD为【江苏-南京】
2021-07-22 03:12:01 GSD insert 第 1 次 等待 3 秒
2021-07-22 03:12:04 {"status":"ok","gid":351494,"msg":"添加成功！"}
2021-07-22 03:12:04 下次操作: 2021-07-22 03:12:23

2021-07-22 03:12:23 开始第 29 次操作

2021-07-22 03:12:23 开始操作号码 【1498043】
2021-07-22 03:12:25 GSD getOne 第 1 次 等待 3 秒
2021-07-22 03:12:28 查询号码 【1498043】，返回信息 {"status":"bad","msg":""}
2021-07-22 03:12:28 查询号码 【1498043】，GSD为【""】
2021-07-22 03:12:28 bad
2021-07-22 03:12:30 CHB 1498043?1626894748 第 1 次 等待 3 秒
2021-07-22 03:12:33 CHB 1498043?1626894748 第 1 次 获取到号码【1498043】GSD
2021-07-22 03:12:33 获取到号码【1498043】的GSD为【江苏-南京】
2021-07-22 03:12:51 GSD insert 第 1 次 等待 3 秒
2021-07-22 03:12:54 {"status":"ok","gid":351508,"msg":"添加成功！"}
2021-07-22 03:12:54 下次操作: 2021-07-22 03:13:06

2021-07-22 03:13:06 开始第 30 次操作

2021-07-22 03:13:06 开始操作号码 【1498044】
2021-07-22 03:13:09 GSD getOne 第 1 次 等待 3 秒
2021-07-22 03:13:12 查询号码 【1498044】，返回信息 {"status":"bad","msg":""}
2021-07-22 03:13:13 查询号码 【1498044】，GSD为【""】
2021-07-22 03:13:13 bad
2021-07-22 03:13:14 CHB 1498044?1626894793 第 1 次 等待 3 秒
2021-07-22 03:13:17 CHB 1498044?1626894793 第 1 次 获取到号码【1498044】GSD
2021-07-22 03:13:17 获取到号码【1498044】的GSD为【江苏-南京】
2021-07-22 03:13:35 GSD insert 第 1 次 等待 3 秒
2021-07-22 03:13:38 {"status":"ok","gid":351517,"msg":"添加成功！"}
2021-07-22 03:13:38 下次操作: 2021-07-22 03:13:50

2021-07-22 03:13:50 开始第 31 次操作

2021-07-22 03:13:50 开始操作号码 【1498045】
2021-07-22 03:13:54 GSD getOne 第 1 次 等待 3 秒
2021-07-22 03:13:57 查询号码 【1498045】，返回信息 {"status":"bad","msg":""}
2021-07-22 03:13:57 查询号码 【1498045】，GSD为【""】
2021-07-22 03:13:57 bad
2021-07-22 03:13:58 CHB 1498045?1626894837 第 1 次 等待 3 秒
2021-07-22 03:14:01 CHB 1498045?1626894837 第 1 次 获取到号码【1498045】GSD
2021-07-22 03:14:01 获取到号码【1498045】的GSD为【江苏-南京】
2021-07-22 03:14:19 GSD insert 第 1 次 等待 3 秒
2021-07-22 03:14:22 {"status":"ok","gid":351525,"msg":"添加成功！"}
2021-07-22 03:14:22 下次操作: 2021-07-22 03:14:36

2021-07-22 03:14:36 开始第 32 次操作

2021-07-22 03:14:36 开始操作号码 【1498046】
2021-07-22 03:14:39 GSD getOne 第 1 次 等待 3 秒
2021-07-22 03:14:42 查询号码 【1498046】，返回信息 {"status":"bad","msg":""}
2021-07-22 03:14:42 查询号码 【1498046】，GSD为【""】
2021-07-22 03:14:42 bad
2021-07-22 03:14:44 CHB 1498046?1626894882 第 1 次 等待 3 秒
2021-07-22 03:14:47 CHB 1498046?1626894882 第 1 次 获取到号码【1498046】GSD
2021-07-22 03:14:47 获取到号码【1498046】的GSD为【江苏-南京】
2021-07-22 03:15:05 GSD insert 第 1 次 等待 3 秒
2021-07-22 03:15:08 {"status":"ok","gid":351532,"msg":"添加成功！"}
2021-07-22 03:15:08 下次操作: 2021-07-22 03:15:28

2021-07-22 03:15:28 开始第 33 次操作

2021-07-22 03:15:28 开始操作号码 【1498047】
2021-07-22 03:15:30 GSD getOne 第 1 次 等待 3 秒
2021-07-22 03:15:33 查询号码 【1498047】，返回信息 {"status":"bad","msg":""}
2021-07-22 03:15:33 查询号码 【1498047】，GSD为【""】
2021-07-22 03:15:33 bad
2021-07-22 03:15:35 CHB 1498047?1626894933 第 1 次 等待 3 秒
2021-07-22 03:15:38 CHB 1498047?1626894933 第 1 次 获取到号码【1498047】GSD
2021-07-22 03:15:38 获取到号码【1498047】的GSD为【江苏-南京】
2021-07-22 03:15:56 GSD insert 第 1 次 等待 3 秒
2021-07-22 03:15:59 {"status":"ok","gid":351541,"msg":"添加成功！"}
2021-07-22 03:15:59 下次操作: 2021-07-22 03:16:11

2021-07-22 03:16:11 开始第 34 次操作

2021-07-22 03:16:11 开始操作号码 【1498048】
2021-07-22 03:16:15 GSD getOne 第 1 次 等待 3 秒
2021-07-22 03:16:18 查询号码 【1498048】，返回信息 {"status":"bad","msg":""}
2021-07-22 03:16:18 查询号码 【1498048】，GSD为【""】
2021-07-22 03:16:18 bad
2021-07-22 03:16:19 CHB 1498048?1626894978 第 1 次 等待 3 秒
2021-07-22 03:16:22 CHB 1498048?1626894978 第 1 次 获取到号码【1498048】GSD
2021-07-22 03:16:22 获取到号码【1498048】的GSD为【江苏-南京】
2021-07-22 03:16:40 GSD insert 第 1 次 等待 3 秒
2021-07-22 03:16:43 {"status":"ok","gid":351544,"msg":"添加成功！"}
2021-07-22 03:16:43 下次操作: 2021-07-22 03:16:58

2021-07-22 03:16:58 开始第 35 次操作

2021-07-22 03:16:58 开始操作号码 【1498049】
2021-07-22 03:17:01 GSD getOne 第 1 次 等待 3 秒
2021-07-22 03:17:04 查询号码 【1498049】，返回信息 {"status":"bad","msg":""}
2021-07-22 03:17:04 查询号码 【1498049】，GSD为【""】
2021-07-22 03:17:04 bad
2021-07-22 03:17:06 CHB 1498049?1626895024 第 1 次 等待 3 秒
2021-07-22 03:17:09 CHB 1498049?1626895024 第 1 次 获取到号码【1498049】GSD
2021-07-22 03:17:09 获取到号码【1498049】的GSD为【江苏-南京】
2021-07-22 03:17:27 GSD insert 第 1 次 等待 3 秒
2021-07-22 03:17:30 {"status":"ok","gid":351548,"msg":"添加成功！"}
2021-07-22 03:17:30 下次操作: 2021-07-22 03:17:52

2021-07-22 03:17:52 开始第 36 次操作

2021-07-22 03:17:52 开始操作号码 【1498050】
2021-07-22 03:17:54 GSD getOne 第 1 次 等待 3 秒
2021-07-22 03:17:57 查询号码 【1498050】，返回信息 {"status":"bad","msg":""}
2021-07-22 03:17:57 查询号码 【1498050】，GSD为【""】
2021-07-22 03:17:57 bad
2021-07-22 03:17:59 CHB 1498050?1626895077 第 1 次 等待 3 秒
2021-07-22 03:18:02 CHB 1498050?1626895077 第 1 次 获取到号码【1498050】GSD
2021-07-22 03:18:02 获取到号码【1498050】的GSD为【江苏-南京】
2021-07-22 03:18:20 GSD insert 第 1 次 等待 3 秒
2021-07-22 03:18:23 {"status":"ok","gid":351552,"msg":"添加成功！"}
2021-07-22 03:18:23 下次操作: 2021-07-22 03:18:35

2021-07-22 03:18:35 开始第 37 次操作

2021-07-22 03:18:35 开始操作号码 【1498051】
2021-07-22 03:18:38 GSD getOne 第 1 次 等待 3 秒
2021-07-22 03:18:41 查询号码 【1498051】，返回信息 {"status":"bad","msg":""}
2021-07-22 03:18:42 查询号码 【1498051】，GSD为【""】
2021-07-22 03:18:42 bad
2021-07-22 03:18:43 CHB 1498051?1626895122 第 1 次 等待 3 秒
2021-07-22 03:18:46 CHB 1498051?1626895122 第 1 次 获取到号码【1498051】GSD
2021-07-22 03:18:46 获取到号码【1498051】的GSD为【江苏-南京】
2021-07-22 03:19:04 GSD insert 第 1 次 等待 3 秒
2021-07-22 03:19:07 {"status":"ok","gid":351554,"msg":"添加成功！"}
2021-07-22 03:19:07 下次操作: 2021-07-22 03:19:20

2021-07-22 03:19:20 开始第 38 次操作

2021-07-22 03:19:20 开始操作号码 【1498052】
2021-07-22 03:19:23 GSD getOne 第 1 次 等待 3 秒
2021-07-22 03:19:26 查询号码 【1498052】，返回信息 {"status":"bad","msg":""}
2021-07-22 03:19:26 查询号码 【1498052】，GSD为【""】
2021-07-22 03:19:26 bad
2021-07-22 03:19:27 CHB 1498052?1626895166 第 1 次 等待 3 秒
2021-07-22 03:19:30 CHB 1498052?1626895166 第 1 次 获取到号码【1498052】GSD
2021-07-22 03:19:30 获取到号码【1498052】的GSD为【江苏-南京】
2021-07-22 03:19:49 GSD insert 第 1 次 等待 3 秒
2021-07-22 03:19:52 {"status":"ok","gid":351557,"msg":"添加成功！"}
2021-07-22 03:19:52 下次操作: 2021-07-22 03:20:06

2021-07-22 03:20:06 开始第 39 次操作

2021-07-22 03:20:06 开始操作号码 【1498053】
2021-07-22 03:20:09 GSD getOne 第 1 次 等待 3 秒
2021-07-22 03:20:12 查询号码 【1498053】，返回信息 {"status":"bad","msg":""}
2021-07-22 03:20:12 查询号码 【1498053】，GSD为【""】
2021-07-22 03:20:12 bad
2021-07-22 03:20:13 CHB 1498053?1626895212 第 1 次 等待 3 秒
2021-07-22 03:20:16 CHB 1498053?1626895212 第 1 次 获取到号码【1498053】GSD
2021-07-22 03:20:16 获取到号码【1498053】的GSD为【江苏-南京】
2021-07-22 03:20:34 GSD insert 第 1 次 等待 3 秒
2021-07-22 03:20:37 {"status":"ok","gid":351561,"msg":"添加成功！"}
2021-07-22 03:20:37 下次操作: 2021-07-22 03:20:54

2021-07-22 03:20:54 开始第 40 次操作

2021-07-22 03:20:54 开始操作号码 【1498054】
2021-07-22 03:20:57 GSD getOne 第 1 次 等待 3 秒
2021-07-22 03:21:00 查询号码 【1498054】，返回信息 {"status":"bad","msg":""}
2021-07-22 03:21:00 查询号码 【1498054】，GSD为【""】
2021-07-22 03:21:00 bad
2021-07-22 03:21:01 CHB 1498054?1626895260 第 1 次 等待 3 秒
2021-07-22 03:21:04 CHB 1498054?1626895260 第 1 次 获取到号码【1498054】GSD
2021-07-22 03:21:04 获取到号码【1498054】的GSD为【江苏-南京】
2021-07-22 03:21:23 GSD insert 第 1 次 等待 3 秒
2021-07-22 03:21:26 {"status":"ok","gid":351564,"msg":"添加成功！"}

