2023-10-12 00:12:41 开始第 2699 次操作

2023-10-12 00:12:41 开始操作号码 【1892687】
2023-10-12 00:14:53 GSD getOne 第 1 次 等待 3 秒
2023-10-12 00:17:06 GSD getOne 第 2 次 等待 3 秒
2023-10-12 00:19:19 GSD getOne 第 3 次 等待 3 秒
2023-10-12 00:21:32 GSD getOne 第 4 次 等待 3 秒
2023-10-12 00:23:45 GSD getOne 第 5 次 等待 3 秒
2023-10-12 00:25:58 GSD getOne 第 6 次 等待 3 秒
2023-10-12 00:28:11 GSD getOne 第 7 次 等待 3 秒
2023-10-12 00:30:24 GSD getOne 第 8 次 等待 3 秒
2023-10-12 00:32:38 GSD getOne 第 9 次 等待 3 秒
2023-10-12 00:34:51 GSD getOne 第 10 次 等待 3 秒
2023-10-12 00:34:54 查询号码 【1892687】，返回信息 
2023-10-12 00:34:54 查询失败，3 秒后重新查询
2023-10-12 00:37:08 GSD getOne 第 1 次 等待 3 秒
2023-10-12 00:39:21 GSD getOne 第 2 次 等待 3 秒
2023-10-12 00:41:34 GSD getOne 第 3 次 等待 3 秒
2023-10-12 00:43:47 GSD getOne 第 4 次 等待 3 秒
2023-10-12 00:46:00 GSD getOne 第 5 次 等待 3 秒
2023-10-12 00:48:13 GSD getOne 第 6 次 等待 3 秒
2023-10-12 00:50:27 GSD getOne 第 7 次 等待 3 秒
2023-10-12 00:52:40 GSD getOne 第 8 次 等待 3 秒
2023-10-12 00:54:53 GSD getOne 第 9 次 等待 3 秒
2023-10-12 00:57:06 GSD getOne 第 10 次 等待 3 秒
2023-10-12 00:57:09 查询号码 【1892687】，返回信息 
2023-10-12 00:57:09 查询失败，结束本次操作，期待下次成功~
2023-10-12 00:57:09 随机等待 134 秒，约 2 分钟
2023-10-12 00:57:09 下次操作: 2023-10-12 00:59:23

2023-10-12 00:59:23 开始第 2700 次操作

2023-10-12 00:59:23 开始操作号码 【1892687】
2023-10-12 01:01:34 GSD getOne 第 1 次 等待 3 秒
2023-10-12 01:03:47 GSD getOne 第 2 次 等待 3 秒
2023-10-12 01:06:00 GSD getOne 第 3 次 等待 3 秒
2023-10-12 01:08:14 GSD getOne 第 4 次 等待 3 秒
2023-10-12 01:10:27 GSD getOne 第 5 次 等待 3 秒
2023-10-12 01:12:40 GSD getOne 第 6 次 等待 3 秒
2023-10-12 01:14:53 GSD getOne 第 7 次 等待 3 秒
2023-10-12 01:17:06 GSD getOne 第 8 次 等待 3 秒
2023-10-12 01:19:19 GSD getOne 第 9 次 等待 3 秒
2023-10-12 01:21:32 GSD getOne 第 10 次 等待 3 秒
2023-10-12 01:21:35 查询号码 【1892687】，返回信息 
2023-10-12 01:21:35 查询失败，3 秒后重新查询
2023-10-12 01:23:50 GSD getOne 第 1 次 等待 3 秒
2023-10-12 01:26:03 GSD getOne 第 2 次 等待 3 秒
2023-10-12 01:28:16 GSD getOne 第 3 次 等待 3 秒
2023-10-12 01:30:29 GSD getOne 第 4 次 等待 3 秒
2023-10-12 01:32:42 GSD getOne 第 5 次 等待 3 秒
2023-10-12 01:34:55 GSD getOne 第 6 次 等待 3 秒
2023-10-12 01:37:08 GSD getOne 第 7 次 等待 3 秒
2023-10-12 01:39:21 GSD getOne 第 8 次 等待 3 秒
2023-10-12 01:41:34 GSD getOne 第 9 次 等待 3 秒
2023-10-12 01:43:48 GSD getOne 第 10 次 等待 3 秒
2023-10-12 01:43:51 查询号码 【1892687】，返回信息 
2023-10-12 01:43:51 查询失败，结束本次操作，期待下次成功~

