2024-03-18 00:19:15 开始第 9353 次操作

2024-03-18 00:19:15 开始操作号码 【1689265】
2024-03-18 00:19:20 GSD getOne 第 1 次 等待 3 秒
2024-03-18 00:19:24 查询号码 【1689265】，返回信息 {"status":"ok","msg":"-","gid":"661754","time_insert":"2023-04-18 07:28"}
2024-03-18 00:19:24 查询号码 【1689265】，GSD为【"-"】
2024-03-18 00:19:24 ok && -
2024-03-18 00:19:30 CHB 1689265?1710692364 第 1 次 等待 3 秒
2024-03-18 00:19:33 CHB 1689265?1710692364 第 1 次 获取到号码【1689265】GSD
2024-03-18 00:19:33 未获取到号码【1689265】GSD，可能号码格式错误
2024-03-18 00:19:33 获取到号码【1689265】的GSD为【-】
2024-03-18 00:19:38 GSD insert 第 1 次 等待 3 秒
2024-03-18 00:19:41 {"status":"bad","gid":"661754","msg":"添加失败！号码【1689265(-|-)】已存在！"}
2024-03-18 00:19:41 随机等待 176 秒，约 2 分钟
2024-03-18 00:19:41 下次操作: 2024-03-18 00:22:37

2024-03-18 00:22:37 开始第 9354 次操作

2024-03-18 00:22:37 开始操作号码 【1689266】
2024-03-18 00:22:42 GSD getOne 第 1 次 等待 3 秒
2024-03-18 00:22:45 查询号码 【1689266】，返回信息 {"status":"ok","msg":"-","gid":"661752","time_insert":"2023-04-18 07:26"}
2024-03-18 00:22:45 查询号码 【1689266】，GSD为【"-"】
2024-03-18 00:22:45 ok && -
2024-03-18 00:22:47 CHB 1689266?1710692565 第 1 次 等待 3 秒
2024-03-18 00:22:50 CHB 1689266?1710692565 第 1 次 获取到号码【1689266】GSD
2024-03-18 00:22:50 未获取到号码【1689266】GSD，可能号码格式错误
2024-03-18 00:22:50 获取到号码【1689266】的GSD为【-】
2024-03-18 00:22:56 GSD insert 第 1 次 等待 3 秒
2024-03-18 00:22:59 {"status":"bad","gid":"661752","msg":"添加失败！号码【1689266(-|-)】已存在！"}
2024-03-18 00:22:59 随机等待 91 秒，约 1 分钟
2024-03-18 00:22:59 下次操作: 2024-03-18 00:24:30

2024-03-18 00:24:30 开始第 9355 次操作

2024-03-18 00:24:30 开始操作号码 【1689267】
2024-03-18 00:24:34 GSD getOne 第 1 次 等待 3 秒
2024-03-18 00:24:37 查询号码 【1689267】，返回信息 {"status":"ok","msg":"-","gid":"661747","time_insert":"2023-04-18 07:25"}
2024-03-18 00:24:37 查询号码 【1689267】，GSD为【"-"】
2024-03-18 00:24:37 ok && -
2024-03-18 00:24:43 CHB 1689267?1710692677 第 1 次 等待 3 秒
2024-03-18 00:24:46 CHB 1689267?1710692677 第 1 次 获取到号码【1689267】GSD
2024-03-18 00:24:46 未获取到号码【1689267】GSD，可能号码格式错误
2024-03-18 00:24:46 获取到号码【1689267】的GSD为【-】
2024-03-18 00:24:51 GSD insert 第 1 次 等待 3 秒
2024-03-18 00:24:54 {"status":"bad","gid":"661747","msg":"添加失败！号码【1689267(-|-)】已存在！"}
2024-03-18 00:24:54 随机等待 209 秒，约 3 分钟
2024-03-18 00:24:54 下次操作: 2024-03-18 00:28:23

2024-03-18 00:28:23 开始第 9356 次操作

2024-03-18 00:28:23 开始操作号码 【1689268】
2024-03-18 00:28:28 GSD getOne 第 1 次 等待 3 秒
2024-03-18 00:28:31 查询号码 【1689268】，返回信息 {"status":"ok","msg":"-","gid":"661741","time_insert":"2023-04-18 07:19"}
2024-03-18 00:28:31 查询号码 【1689268】，GSD为【"-"】
2024-03-18 00:28:31 ok && -
2024-03-18 00:28:34 CHB 1689268?1710692911 第 1 次 等待 3 秒
2024-03-18 00:28:37 CHB 1689268?1710692911 第 1 次 获取到号码【1689268】GSD
2024-03-18 00:28:37 未获取到号码【1689268】GSD，可能号码格式错误
2024-03-18 00:28:37 获取到号码【1689268】的GSD为【-】
2024-03-18 00:28:43 GSD insert 第 1 次 等待 3 秒
2024-03-18 00:28:46 {"status":"bad","gid":"661741","msg":"添加失败！号码【1689268(-|-)】已存在！"}

2024-03-18 00:37:51 开始第 9357 次操作

2024-03-18 00:37:51 开始操作号码 【1689269】
2024-03-18 00:37:57 GSD getOne 第 1 次 等待 3 秒
2024-03-18 00:38:00 查询号码 【1689269】，返回信息 {"status":"ok","msg":"-","gid":"661738","time_insert":"2023-04-18 07:17"}
2024-03-18 00:38:00 查询号码 【1689269】，GSD为【"-"】
2024-03-18 00:38:00 ok && -
2024-03-18 00:38:03 CHB 1689269?1710693480 第 1 次 等待 3 秒
2024-03-18 00:38:06 CHB 1689269?1710693480 第 1 次 获取到号码【1689269】GSD
2024-03-18 00:38:06 未获取到号码【1689269】GSD，可能号码格式错误
2024-03-18 00:38:06 获取到号码【1689269】的GSD为【-】
2024-03-18 00:38:10 GSD insert 第 1 次 等待 3 秒
2024-03-18 00:38:13 {"status":"bad","gid":"661738","msg":"添加失败！号码【1689269(-|-)】已存在！"}
2024-03-18 00:38:13 随机等待 85 秒，约 1 分钟
2024-03-18 00:38:13 下次操作: 2024-03-18 00:39:38

2024-03-18 00:39:38 开始第 9358 次操作

2024-03-18 00:39:38 开始操作号码 【1689270】
2024-03-18 00:39:43 GSD getOne 第 1 次 等待 3 秒
2024-03-18 00:39:46 查询号码 【1689270】，返回信息 {"status":"ok","msg":"-","gid":"661732","time_insert":"2023-04-18 07:15"}
2024-03-18 00:39:46 查询号码 【1689270】，GSD为【"-"】
2024-03-18 00:39:46 ok && -
2024-03-18 00:39:48 CHB 1689270?1710693586 第 1 次 等待 3 秒
2024-03-18 00:39:51 CHB 1689270?1710693586 第 1 次 获取到号码【1689270】GSD
2024-03-18 00:39:51 未获取到号码【1689270】GSD，可能号码格式错误
2024-03-18 00:39:51 获取到号码【1689270】的GSD为【-】
2024-03-18 00:39:57 GSD insert 第 1 次 等待 3 秒
2024-03-18 00:40:00 {"status":"bad","gid":"661732","msg":"添加失败！号码【1689270(-|-)】已存在！"}
2024-03-18 00:40:00 随机等待 211 秒，约 3 分钟
2024-03-18 00:40:00 下次操作: 2024-03-18 00:43:31

2024-03-18 00:43:31 开始第 9359 次操作

2024-03-18 00:43:31 开始操作号码 【1689271】
2024-03-18 00:43:36 GSD getOne 第 1 次 等待 3 秒
2024-03-18 00:43:39 查询号码 【1689271】，返回信息 {"status":"ok","msg":"-","gid":"661728","time_insert":"2023-04-18 07:12"}
2024-03-18 00:43:39 查询号码 【1689271】，GSD为【"-"】
2024-03-18 00:43:39 ok && -
2024-03-18 00:43:41 CHB 1689271?1710693819 第 1 次 等待 3 秒
2024-03-18 00:43:44 CHB 1689271?1710693819 第 1 次 获取到号码【1689271】GSD
2024-03-18 00:43:44 未获取到号码【1689271】GSD，可能号码格式错误
2024-03-18 00:43:44 获取到号码【1689271】的GSD为【-】
2024-03-18 00:43:49 GSD insert 第 1 次 等待 3 秒
2024-03-18 00:43:52 {"status":"bad","gid":"661728","msg":"添加失败！号码【1689271(-|-)】已存在！"}
2024-03-18 00:43:52 随机等待 154 秒，约 2 分钟
2024-03-18 00:43:52 下次操作: 2024-03-18 00:46:26

2024-03-18 00:46:27 开始第 9360 次操作

2024-03-18 00:46:27 开始操作号码 【1689272】
2024-03-18 00:46:31 GSD getOne 第 1 次 等待 3 秒
2024-03-18 00:46:34 查询号码 【1689272】，返回信息 {"status":"ok","msg":"-","gid":"661714","time_insert":"2023-04-18 07:02"}
2024-03-18 00:46:35 查询号码 【1689272】，GSD为【"-"】
2024-03-18 00:46:35 ok && -
2024-03-18 00:46:37 CHB 1689272?1710693995 第 1 次 等待 3 秒
2024-03-18 00:46:40 CHB 1689272?1710693995 第 1 次 获取到号码【1689272】GSD
2024-03-18 00:46:40 未获取到号码【1689272】GSD，可能号码格式错误
2024-03-18 00:46:40 获取到号码【1689272】的GSD为【-】
2024-03-18 00:46:45 GSD insert 第 1 次 等待 3 秒
2024-03-18 00:46:48 {"status":"bad","gid":"661714","msg":"添加失败！号码【1689272(-|-)】已存在！"}

2024-03-18 01:13:52 开始第 9361 次操作

2024-03-18 01:13:52 开始操作号码 【1689273】
2024-03-18 01:13:57 GSD getOne 第 1 次 等待 3 秒
2024-03-18 01:14:00 查询号码 【1689273】，返回信息 {"status":"ok","msg":"-","gid":"661711","time_insert":"2023-04-18 07:00"}
2024-03-18 01:14:00 查询号码 【1689273】，GSD为【"-"】
2024-03-18 01:14:00 ok && -
2024-03-18 01:14:03 CHB 1689273?1710695640 第 1 次 等待 3 秒
2024-03-18 01:14:06 CHB 1689273?1710695640 第 1 次 获取到号码【1689273】GSD
2024-03-18 01:14:06 未获取到号码【1689273】GSD，可能号码格式错误
2024-03-18 01:14:06 获取到号码【1689273】的GSD为【-】
2024-03-18 01:14:10 GSD insert 第 1 次 等待 3 秒
2024-03-18 01:14:13 {"status":"bad","gid":"661711","msg":"添加失败！号码【1689273(-|-)】已存在！"}
2024-03-18 01:14:13 随机等待 191 秒，约 3 分钟
2024-03-18 01:14:13 下次操作: 2024-03-18 01:17:24

2024-03-18 01:17:24 开始第 9362 次操作

2024-03-18 01:17:24 开始操作号码 【1689274】
2024-03-18 01:17:29 GSD getOne 第 1 次 等待 3 秒
2024-03-18 01:17:32 查询号码 【1689274】，返回信息 {"status":"ok","msg":"-","gid":"661708","time_insert":"2023-04-18 06:59"}
2024-03-18 01:17:32 查询号码 【1689274】，GSD为【"-"】
2024-03-18 01:17:32 ok && -
2024-03-18 01:17:35 CHB 1689274?1710695852 第 1 次 等待 3 秒
2024-03-18 01:17:38 CHB 1689274?1710695852 第 1 次 获取到号码【1689274】GSD
2024-03-18 01:17:38 未获取到号码【1689274】GSD，可能号码格式错误
2024-03-18 01:17:38 获取到号码【1689274】的GSD为【-】
2024-03-18 01:17:44 GSD insert 第 1 次 等待 3 秒
2024-03-18 01:17:47 {"status":"bad","gid":"661708","msg":"添加失败！号码【1689274(-|-)】已存在！"}
2024-03-18 01:17:47 随机等待 109 秒，约 1 分钟
2024-03-18 01:17:47 下次操作: 2024-03-18 01:19:36

2024-03-18 01:19:36 开始第 9363 次操作

2024-03-18 01:19:36 开始操作号码 【1689275】
2024-03-18 01:19:40 GSD getOne 第 1 次 等待 3 秒
2024-03-18 01:19:43 查询号码 【1689275】，返回信息 {"status":"ok","msg":"-","gid":"661704","time_insert":"2023-04-18 06:56"}
2024-03-18 01:19:43 查询号码 【1689275】，GSD为【"-"】
2024-03-18 01:19:43 ok && -
2024-03-18 01:19:46 CHB 1689275?1710695983 第 1 次 等待 3 秒
2024-03-18 01:19:49 CHB 1689275?1710695983 第 1 次 获取到号码【1689275】GSD
2024-03-18 01:19:49 未获取到号码【1689275】GSD，可能号码格式错误
2024-03-18 01:19:49 获取到号码【1689275】的GSD为【-】
2024-03-18 01:19:54 GSD insert 第 1 次 等待 3 秒
2024-03-18 01:19:57 {"status":"bad","gid":"661704","msg":"添加失败！号码【1689275(-|-)】已存在！"}
2024-03-18 01:19:57 随机等待 118 秒，约 1 分钟
2024-03-18 01:19:57 下次操作: 2024-03-18 01:21:55

2024-03-18 01:21:55 开始第 9364 次操作

2024-03-18 01:21:55 开始操作号码 【1689276】
2024-03-18 01:21:59 GSD getOne 第 1 次 等待 3 秒
2024-03-18 01:22:02 查询号码 【1689276】，返回信息 {"status":"ok","msg":"-","gid":"661702","time_insert":"2023-04-18 06:53"}
2024-03-18 01:22:03 查询号码 【1689276】，GSD为【"-"】
2024-03-18 01:22:03 ok && -
2024-03-18 01:22:05 CHB 1689276?1710696123 第 1 次 等待 3 秒
2024-03-18 01:22:08 CHB 1689276?1710696123 第 1 次 获取到号码【1689276】GSD
2024-03-18 01:22:08 未获取到号码【1689276】GSD，可能号码格式错误
2024-03-18 01:22:08 获取到号码【1689276】的GSD为【-】
2024-03-18 01:22:12 GSD insert 第 1 次 等待 3 秒
2024-03-18 01:22:15 {"status":"bad","gid":"661702","msg":"添加失败！号码【1689276(-|-)】已存在！"}

2024-03-18 01:37:41 开始第 9365 次操作

2024-03-18 01:37:41 开始操作号码 【1689277】
2024-03-18 01:37:45 GSD getOne 第 1 次 等待 3 秒
2024-03-18 01:37:48 查询号码 【1689277】，返回信息 {"status":"ok","msg":"-","gid":"661698","time_insert":"2023-04-18 06:51"}
2024-03-18 01:37:48 查询号码 【1689277】，GSD为【"-"】
2024-03-18 01:37:48 ok && -
2024-03-18 01:37:51 CHB 1689277?1710697068 第 1 次 等待 3 秒
2024-03-18 01:37:54 CHB 1689277?1710697068 第 1 次 获取到号码【1689277】GSD
2024-03-18 01:37:54 未获取到号码【1689277】GSD，可能号码格式错误
2024-03-18 01:37:54 获取到号码【1689277】的GSD为【-】
2024-03-18 01:38:00 GSD insert 第 1 次 等待 3 秒
2024-03-18 01:38:03 {"status":"bad","gid":"661698","msg":"添加失败！号码【1689277(-|-)】已存在！"}
2024-03-18 01:38:03 随机等待 191 秒，约 3 分钟
2024-03-18 01:38:03 下次操作: 2024-03-18 01:41:14

2024-03-18 01:41:14 开始第 9366 次操作

2024-03-18 01:41:14 开始操作号码 【1689278】
2024-03-18 01:41:21 GSD getOne 第 1 次 等待 3 秒
2024-03-18 01:41:24 查询号码 【1689278】，返回信息 {"status":"ok","msg":"-","gid":"661695","time_insert":"2023-04-18 06:48"}
2024-03-18 01:41:24 查询号码 【1689278】，GSD为【"-"】
2024-03-18 01:41:24 ok && -
2024-03-18 01:41:26 CHB 1689278?1710697284 第 1 次 等待 3 秒
2024-03-18 01:41:29 CHB 1689278?1710697284 第 1 次 获取到号码【1689278】GSD
2024-03-18 01:41:29 未获取到号码【1689278】GSD，可能号码格式错误
2024-03-18 01:41:29 获取到号码【1689278】的GSD为【-】
2024-03-18 01:41:36 GSD insert 第 1 次 等待 3 秒
2024-03-18 01:41:39 {"status":"bad","gid":"661695","msg":"添加失败！号码【1689278(-|-)】已存在！"}
2024-03-18 01:41:39 随机等待 89 秒，约 1 分钟
2024-03-18 01:41:39 下次操作: 2024-03-18 01:43:08

2024-03-18 01:43:08 开始第 9367 次操作

2024-03-18 01:43:08 开始操作号码 【1689279】
2024-03-18 01:43:12 GSD getOne 第 1 次 等待 3 秒
2024-03-18 01:43:15 查询号码 【1689279】，返回信息 {"status":"ok","msg":"-","gid":"661692","time_insert":"2023-04-18 06:46"}
2024-03-18 01:43:15 查询号码 【1689279】，GSD为【"-"】
2024-03-18 01:43:15 ok && -
2024-03-18 01:43:17 CHB 1689279?1710697395 第 1 次 等待 3 秒
2024-03-18 01:43:20 CHB 1689279?1710697395 第 1 次 获取到号码【1689279】GSD
2024-03-18 01:43:20 未获取到号码【1689279】GSD，可能号码格式错误
2024-03-18 01:43:20 获取到号码【1689279】的GSD为【-】
2024-03-18 01:43:24 GSD insert 第 1 次 等待 3 秒
2024-03-18 01:43:27 {"status":"bad","gid":"661692","msg":"添加失败！号码【1689279(-|-)】已存在！"}
2024-03-18 01:43:27 随机等待 69 秒，约 1 分钟
2024-03-18 01:43:27 下次操作: 2024-03-18 01:44:36

2024-03-18 01:44:36 开始第 9368 次操作

2024-03-18 01:44:36 开始操作号码 【1689280】
2024-03-18 01:44:40 GSD getOne 第 1 次 等待 3 秒
2024-03-18 01:44:43 查询号码 【1689280】，返回信息 {"status":"ok","msg":"-","gid":"661687","time_insert":"2023-04-18 06:44"}
2024-03-18 01:44:44 查询号码 【1689280】，GSD为【"-"】
2024-03-18 01:44:44 ok && -
2024-03-18 01:44:46 CHB 1689280?1710697484 第 1 次 等待 3 秒
2024-03-18 01:44:49 CHB 1689280?1710697484 第 1 次 获取到号码【1689280】GSD
2024-03-18 01:44:49 未获取到号码【1689280】GSD，可能号码格式错误
2024-03-18 01:44:49 获取到号码【1689280】的GSD为【-】
2024-03-18 01:44:53 GSD insert 第 1 次 等待 3 秒
2024-03-18 01:44:56 {"status":"bad","gid":"661687","msg":"添加失败！号码【1689280(-|-)】已存在！"}

2024-03-18 02:18:56 开始第 9369 次操作

2024-03-18 02:18:56 开始操作号码 【1689281】
2024-03-18 02:19:01 GSD getOne 第 1 次 等待 3 秒
2024-03-18 02:19:04 查询号码 【1689281】，返回信息 {"status":"ok","msg":"-","gid":"661683","time_insert":"2023-04-18 06:41"}
2024-03-18 02:19:04 查询号码 【1689281】，GSD为【"-"】
2024-03-18 02:19:04 ok && -
2024-03-18 02:19:07 CHB 1689281?1710699544 第 1 次 等待 3 秒
2024-03-18 02:19:10 CHB 1689281?1710699544 第 1 次 获取到号码【1689281】GSD
2024-03-18 02:19:10 未获取到号码【1689281】GSD，可能号码格式错误
2024-03-18 02:19:10 获取到号码【1689281】的GSD为【-】
2024-03-18 02:19:14 GSD insert 第 1 次 等待 3 秒
2024-03-18 02:19:17 {"status":"bad","gid":"661683","msg":"添加失败！号码【1689281(-|-)】已存在！"}
2024-03-18 02:19:17 随机等待 137 秒，约 2 分钟
2024-03-18 02:19:17 下次操作: 2024-03-18 02:21:34

2024-03-18 02:21:34 开始第 9370 次操作

2024-03-18 02:21:34 开始操作号码 【1689282】
2024-03-18 02:21:39 GSD getOne 第 1 次 等待 3 秒
2024-03-18 02:21:42 查询号码 【1689282】，返回信息 {"status":"ok","msg":"-","gid":"661680","time_insert":"2023-04-18 06:39"}
2024-03-18 02:21:42 查询号码 【1689282】，GSD为【"-"】
2024-03-18 02:21:42 ok && -
2024-03-18 02:21:44 CHB 1689282?1710699702 第 1 次 等待 3 秒
2024-03-18 02:21:47 CHB 1689282?1710699702 第 1 次 获取到号码【1689282】GSD
2024-03-18 02:21:47 未获取到号码【1689282】GSD，可能号码格式错误
2024-03-18 02:21:47 获取到号码【1689282】的GSD为【-】
2024-03-18 02:21:51 GSD insert 第 1 次 等待 3 秒
2024-03-18 02:21:54 {"status":"bad","gid":"661680","msg":"添加失败！号码【1689282(-|-)】已存在！"}
2024-03-18 02:21:54 随机等待 222 秒，约 3 分钟
2024-03-18 02:21:54 下次操作: 2024-03-18 02:25:36

2024-03-18 02:25:36 开始第 9371 次操作

2024-03-18 02:25:36 开始操作号码 【1689283】
2024-03-18 02:25:41 GSD getOne 第 1 次 等待 3 秒
2024-03-18 02:25:44 查询号码 【1689283】，返回信息 {"status":"ok","msg":"-","gid":"661674","time_insert":"2023-04-18 06:37"}
2024-03-18 02:25:44 查询号码 【1689283】，GSD为【"-"】
2024-03-18 02:25:44 ok && -
2024-03-18 02:25:45 CHB 1689283?1710699944 第 1 次 等待 3 秒
2024-03-18 02:25:49 CHB 1689283?1710699944 第 1 次 获取到号码【1689283】GSD
2024-03-18 02:25:49 未获取到号码【1689283】GSD，可能号码格式错误
2024-03-18 02:25:49 获取到号码【1689283】的GSD为【-】
2024-03-18 02:25:55 GSD insert 第 1 次 等待 3 秒
2024-03-18 02:25:58 {"status":"bad","gid":"661674","msg":"添加失败！号码【1689283(-|-)】已存在！"}
2024-03-18 02:25:58 随机等待 231 秒，约 3 分钟
2024-03-18 02:25:58 下次操作: 2024-03-18 02:29:49

2024-03-18 02:29:49 开始第 9372 次操作

2024-03-18 02:29:49 开始操作号码 【1689284】
2024-03-18 02:29:54 GSD getOne 第 1 次 等待 3 秒
2024-03-18 02:29:57 查询号码 【1689284】，返回信息 {"status":"ok","msg":"-","gid":"661667","time_insert":"2023-04-18 06:33"}
2024-03-18 02:29:57 查询号码 【1689284】，GSD为【"-"】
2024-03-18 02:29:57 ok && -
2024-03-18 02:29:59 CHB 1689284?1710700197 第 1 次 等待 3 秒
2024-03-18 02:30:02 CHB 1689284?1710700197 第 1 次 获取到号码【1689284】GSD
2024-03-18 02:30:02 未获取到号码【1689284】GSD，可能号码格式错误
2024-03-18 02:30:02 获取到号码【1689284】的GSD为【-】
2024-03-18 02:30:07 GSD insert 第 1 次 等待 3 秒
2024-03-18 02:30:10 {"status":"bad","gid":"661667","msg":"添加失败！号码【1689284(-|-)】已存在！"}

