2023-12-12 00:24:19 开始第 2653 次操作

2023-12-12 00:24:19 开始操作号码 【1792567】
2023-12-12 00:24:23 GSD getOne 第 1 次 等待 3 秒
2023-12-12 00:24:26 查询号码 【1792567】，返回信息 {"status":"ok","msg":"-","gid":"602939","time_insert":"2023-03-20 14:43"}
2023-12-12 00:24:26 查询号码 【1792567】，GSD为【"-"】
2023-12-12 00:24:26 ok && -
2023-12-12 00:24:28 CHB 1792567?1702311866 第 1 次 等待 3 秒
2023-12-12 00:24:31 CHB 1792567?1702311866 第 1 次 获取到号码【1792567】GSD
2023-12-12 00:24:31 未获取到号码【1792567】GSD，可能号码格式错误
2023-12-12 00:24:31 获取到号码【1792567】的GSD为【-】
2023-12-12 00:24:34 GSD insert 第 1 次 等待 3 秒
2023-12-12 00:24:37 {"status":"bad","gid":"602939","msg":"添加失败！号码【1792567(-|-)】已存在！"}
2023-12-12 00:24:37 随机等待 110 秒，约 1 分钟
2023-12-12 00:24:37 下次操作: 2023-12-12 00:26:27

2023-12-12 00:26:27 开始第 2654 次操作

2023-12-12 00:26:27 开始操作号码 【1792568】
2023-12-12 00:26:31 GSD getOne 第 1 次 等待 3 秒
2023-12-12 00:26:34 查询号码 【1792568】，返回信息 {"status":"ok","msg":"-","gid":"602974","time_insert":"2023-03-20 15:01"}
2023-12-12 00:26:34 查询号码 【1792568】，GSD为【"-"】
2023-12-12 00:26:34 ok && -
2023-12-12 00:26:36 CHB 1792568?1702311994 第 1 次 等待 3 秒
2023-12-12 00:26:39 CHB 1792568?1702311994 第 1 次 获取到号码【1792568】GSD
2023-12-12 00:26:39 未获取到号码【1792568】GSD，可能号码格式错误
2023-12-12 00:26:39 获取到号码【1792568】的GSD为【-】
2023-12-12 00:26:42 GSD insert 第 1 次 等待 3 秒
2023-12-12 00:26:45 {"status":"bad","gid":"602974","msg":"添加失败！号码【1792568(-|-)】已存在！"}
2023-12-12 00:26:45 随机等待 162 秒，约 2 分钟
2023-12-12 00:26:45 下次操作: 2023-12-12 00:29:27

2023-12-12 00:29:27 开始第 2655 次操作

2023-12-12 00:29:27 开始操作号码 【1792569】
2023-12-12 00:29:31 GSD getOne 第 1 次 等待 3 秒
2023-12-12 00:29:34 查询号码 【1792569】，返回信息 {"status":"ok","msg":"-","gid":"602999","time_insert":"2023-03-20 15:20"}
2023-12-12 00:29:34 查询号码 【1792569】，GSD为【"-"】
2023-12-12 00:29:34 ok && -
2023-12-12 00:29:37 CHB 1792569?1702312174 第 1 次 等待 3 秒
2023-12-12 00:29:40 CHB 1792569?1702312174 第 1 次 获取到号码【1792569】GSD
2023-12-12 00:29:40 未获取到号码【1792569】GSD，可能号码格式错误
2023-12-12 00:29:40 获取到号码【1792569】的GSD为【-】
2023-12-12 00:29:43 GSD insert 第 1 次 等待 3 秒
2023-12-12 00:29:46 {"status":"bad","gid":"602999","msg":"添加失败！号码【1792569(-|-)】已存在！"}
2023-12-12 00:29:47 随机等待 119 秒，约 1 分钟
2023-12-12 00:29:47 下次操作: 2023-12-12 00:31:45

2023-12-12 00:31:46 开始第 2656 次操作

2023-12-12 00:31:46 开始操作号码 【1792570】
2023-12-12 00:31:50 GSD getOne 第 1 次 等待 3 秒
2023-12-12 00:31:53 查询号码 【1792570】，返回信息 {"status":"ok","msg":"-","gid":"603032","time_insert":"2023-03-20 15:40"}
2023-12-12 00:31:53 查询号码 【1792570】，GSD为【"-"】
2023-12-12 00:31:53 ok && -
2023-12-12 00:31:55 CHB 1792570?1702312313 第 1 次 等待 3 秒
2023-12-12 00:31:58 CHB 1792570?1702312313 第 1 次 获取到号码【1792570】GSD
2023-12-12 00:31:58 未获取到号码【1792570】GSD，可能号码格式错误
2023-12-12 00:31:58 获取到号码【1792570】的GSD为【-】
2023-12-12 00:32:01 GSD insert 第 1 次 等待 3 秒
2023-12-12 00:32:04 {"status":"bad","gid":"603032","msg":"添加失败！号码【1792570(-|-)】已存在！"}

