2023-09-28 00:22:04 开始第 289 次操作

2023-09-28 00:22:04 开始操作号码 【1890288】
2023-09-28 00:22:11 GSD getOne 第 1 次 等待 3 秒
2023-09-28 00:22:14 查询号码 【1890288】，返回信息 {"status":"ok","msg":"广东-江门","gid":"384396","time_insert":"2021-07-25 03:00"}
2023-09-28 00:22:14 查询号码 【1890288】，GSD为【"广东-江门"】

2023-09-28 00:22:15 开始第 290 次操作

2023-09-28 00:22:15 开始操作号码 【1890289】
2023-09-28 00:22:17 GSD getOne 第 1 次 等待 3 秒
2023-09-28 00:22:20 查询号码 【1890289】，返回信息 {"status":"ok","msg":"广东-佛山","gid":"384540","time_insert":"2021-07-25 03:13"}
2023-09-28 00:22:20 查询号码 【1890289】，GSD为【"广东-佛山"】

2023-09-28 00:22:21 开始第 291 次操作

2023-09-28 00:22:21 开始操作号码 【1890290】
2023-09-28 00:22:24 GSD getOne 第 1 次 等待 3 秒
2023-09-28 00:22:27 查询号码 【1890290】，返回信息 {"status":"ok","msg":"广东-深圳","gid":"384607","time_insert":"2021-07-25 03:24"}
2023-09-28 00:22:27 查询号码 【1890290】，GSD为【"广东-深圳"】

2023-09-28 00:22:28 开始第 292 次操作

2023-09-28 00:22:28 开始操作号码 【1890291】
2023-09-28 00:22:36 GSD getOne 第 1 次 等待 3 秒
2023-09-28 00:22:39 查询号码 【1890291】，返回信息 {"status":"ok","msg":"广东-深圳","gid":"384662","time_insert":"2021-07-25 03:37"}
2023-09-28 00:22:39 查询号码 【1890291】，GSD为【"广东-深圳"】

