2024-07-27 00:25:25 开始第 8089 次操作

2024-07-27 00:25:25 开始操作号码 【1467991】
2024-07-27 00:25:34 GSD getOne 第 1 次 等待 3 秒
2024-07-27 00:25:37 查询号码 【1467991】，返回信息 {"status":"ok","msg":"广东-广州","gid":"377714","time_insert":"2021-07-24 13:41"}
2024-07-27 00:25:37 查询号码 【1467991】，GSD为【"广东-广州"】

2024-07-27 00:25:38 开始第 8090 次操作

2024-07-27 00:25:38 开始操作号码 【1467992】
2024-07-27 00:25:46 GSD getOne 第 1 次 等待 3 秒
2024-07-27 00:25:49 查询号码 【1467992】，返回信息 {"status":"ok","msg":"广东-广州","gid":"377704","time_insert":"2021-07-24 13:40"}
2024-07-27 00:25:49 查询号码 【1467992】，GSD为【"广东-广州"】

2024-07-27 00:25:50 开始第 8091 次操作

2024-07-27 00:25:50 开始操作号码 【1467993】
2024-07-27 00:25:58 GSD getOne 第 1 次 等待 3 秒
2024-07-27 00:26:01 查询号码 【1467993】，返回信息 {"status":"ok","msg":"广东-广州","gid":"377691","time_insert":"2021-07-24 13:40"}
2024-07-27 00:26:01 查询号码 【1467993】，GSD为【"广东-广州"】

2024-07-27 00:26:02 开始第 8092 次操作

2024-07-27 00:26:02 开始操作号码 【1467994】
2024-07-27 00:26:10 GSD getOne 第 1 次 等待 3 秒
2024-07-27 00:26:13 查询号码 【1467994】，返回信息 {"status":"ok","msg":"广东-广州","gid":"377681","time_insert":"2021-07-24 13:39"}
2024-07-27 00:26:13 查询号码 【1467994】，GSD为【"广东-广州"】

2024-07-27 00:43:41 开始第 8093 次操作

2024-07-27 00:43:41 开始操作号码 【1467995】
2024-07-27 00:43:52 GSD getOne 第 1 次 等待 3 秒
2024-07-27 00:43:55 查询号码 【1467995】，返回信息 {"status":"ok","msg":"广东-广州","gid":"377671","time_insert":"2021-07-24 13:38"}
2024-07-27 00:43:55 查询号码 【1467995】，GSD为【"广东-广州"】

2024-07-27 00:43:56 开始第 8094 次操作

2024-07-27 00:43:56 开始操作号码 【1467996】
2024-07-27 00:44:06 GSD getOne 第 1 次 等待 3 秒
2024-07-27 00:44:09 查询号码 【1467996】，返回信息 {"status":"ok","msg":"广东-广州","gid":"377664","time_insert":"2021-07-24 13:38"}
2024-07-27 00:44:09 查询号码 【1467996】，GSD为【"广东-广州"】

2024-07-27 00:44:10 开始第 8095 次操作

2024-07-27 00:44:10 开始操作号码 【1467997】
2024-07-27 00:44:19 GSD getOne 第 1 次 等待 3 秒
2024-07-27 00:44:22 查询号码 【1467997】，返回信息 {"status":"ok","msg":"广东-广州","gid":"377654","time_insert":"2021-07-24 13:37"}
2024-07-27 00:44:22 查询号码 【1467997】，GSD为【"广东-广州"】

2024-07-27 00:44:23 开始第 8096 次操作

2024-07-27 00:44:23 开始操作号码 【1467998】
2024-07-27 00:44:40 GSD getOne 第 1 次 等待 3 秒
2024-07-27 00:44:43 查询号码 【1467998】，返回信息 {"status":"ok","msg":"广东-广州","gid":"377647","time_insert":"2021-07-24 13:37"}
2024-07-27 00:44:43 查询号码 【1467998】，GSD为【"广东-广州"】

2024-07-27 01:16:14 开始第 8097 次操作

2024-07-27 01:16:14 开始操作号码 【1467999】
2024-07-27 01:16:22 GSD getOne 第 1 次 等待 3 秒
2024-07-27 01:16:25 查询号码 【1467999】，返回信息 {"status":"ok","msg":"广东-广州","gid":"377638","time_insert":"2021-07-24 13:36"}
2024-07-27 01:16:25 查询号码 【1467999】，GSD为【"广东-广州"】

2024-07-27 01:16:26 开始第 8098 次操作

2024-07-27 01:16:26 开始操作号码 【1468000】
2024-07-27 01:16:34 GSD getOne 第 1 次 等待 3 秒
2024-07-27 01:16:37 查询号码 【1468000】，返回信息 {"status":"ok","msg":"江苏-南京","gid":"377535","time_insert":"2021-07-24 13:13","time_update":"2023-05-21 09:09"}
2024-07-27 01:16:37 查询号码 【1468000】，GSD为【"江苏-南京"】

2024-07-27 01:16:38 开始第 8099 次操作

2024-07-27 01:16:38 开始操作号码 【1468001】
2024-07-27 01:16:46 GSD getOne 第 1 次 等待 3 秒
2024-07-27 01:16:49 查询号码 【1468001】，返回信息 {"status":"ok","msg":"江苏-南京","gid":"377527","time_insert":"2021-07-24 13:12","time_update":"2023-05-21 09:10"}
2024-07-27 01:16:49 查询号码 【1468001】，GSD为【"江苏-南京"】

2024-07-27 01:16:50 开始第 8100 次操作

2024-07-27 01:16:50 开始操作号码 【1468002】
2024-07-27 01:16:58 GSD getOne 第 1 次 等待 3 秒
2024-07-27 01:17:01 查询号码 【1468002】，返回信息 {"status":"ok","msg":"江苏-南京","gid":"377522","time_insert":"2021-07-24 13:12","time_update":"2023-05-21 09:11"}
2024-07-27 01:17:01 查询号码 【1468002】，GSD为【"江苏-南京"】

2024-07-27 01:37:40 开始第 8101 次操作

2024-07-27 01:37:40 开始操作号码 【1468003】
2024-07-27 01:37:50 GSD getOne 第 1 次 等待 3 秒
2024-07-27 01:37:53 查询号码 【1468003】，返回信息 {"status":"ok","msg":"江苏-南京","gid":"377517","time_insert":"2021-07-24 13:11","time_update":"2023-05-21 09:12"}
2024-07-27 01:37:53 查询号码 【1468003】，GSD为【"江苏-南京"】

2024-07-27 01:37:54 开始第 8102 次操作

2024-07-27 01:37:54 开始操作号码 【1468004】
2024-07-27 01:38:03 GSD getOne 第 1 次 等待 3 秒
2024-07-27 01:38:06 查询号码 【1468004】，返回信息 {"status":"ok","msg":"江苏-南京","gid":"377510","time_insert":"2021-07-24 13:11","time_update":"2023-05-21 09:14"}
2024-07-27 01:38:06 查询号码 【1468004】，GSD为【"江苏-南京"】

2024-07-27 01:38:07 开始第 8103 次操作

2024-07-27 01:38:07 开始操作号码 【1468005】
2024-07-27 01:38:15 GSD getOne 第 1 次 等待 3 秒
2024-07-27 01:38:18 查询号码 【1468005】，返回信息 {"status":"ok","msg":"江苏-南京","gid":"377500","time_insert":"2021-07-24 13:10","time_update":"2023-05-21 09:14"}
2024-07-27 01:38:18 查询号码 【1468005】，GSD为【"江苏-南京"】

2024-07-27 01:38:19 开始第 8104 次操作

2024-07-27 01:38:19 开始操作号码 【1468006】
2024-07-27 01:38:20 GSD getOne 第 1 次 等待 3 秒
2024-07-27 01:38:23 查询号码 【1468006】，返回信息 {"status":"ok","msg":"江苏-南京","gid":"377490","time_insert":"2021-07-24 13:10","time_update":"2023-05-21 09:16"}
2024-07-27 01:38:23 查询号码 【1468006】，GSD为【"江苏-南京"】

2024-07-27 02:24:12 开始第 8105 次操作

2024-07-27 02:24:12 开始操作号码 【1468007】
2024-07-27 02:24:20 GSD getOne 第 1 次 等待 3 秒
2024-07-27 02:24:23 查询号码 【1468007】，返回信息 {"status":"ok","msg":"江苏-南京","gid":"377479","time_insert":"2021-07-24 13:09","time_update":"2023-05-21 09:16"}
2024-07-27 02:24:23 查询号码 【1468007】，GSD为【"江苏-南京"】

2024-07-27 02:24:24 开始第 8106 次操作

2024-07-27 02:24:24 开始操作号码 【1468008】
2024-07-27 02:24:32 GSD getOne 第 1 次 等待 3 秒
2024-07-27 02:24:35 查询号码 【1468008】，返回信息 {"status":"ok","msg":"江苏-南京","gid":"377468","time_insert":"2021-07-24 13:09","time_update":"2023-05-21 09:17"}
2024-07-27 02:24:35 查询号码 【1468008】，GSD为【"江苏-南京"】

2024-07-27 02:24:36 开始第 8107 次操作

2024-07-27 02:24:36 开始操作号码 【1468009】
2024-07-27 02:24:43 GSD getOne 第 1 次 等待 3 秒
2024-07-27 02:24:46 查询号码 【1468009】，返回信息 {"status":"ok","msg":"江苏-南京","gid":"377459","time_insert":"2021-07-24 13:08","time_update":"2023-05-21 09:25"}
2024-07-27 02:24:46 查询号码 【1468009】，GSD为【"江苏-南京"】

2024-07-27 02:24:47 开始第 8108 次操作

2024-07-27 02:24:47 开始操作号码 【1468010】
2024-07-27 02:24:55 GSD getOne 第 1 次 等待 3 秒
2024-07-27 02:24:58 查询号码 【1468010】，返回信息 {"status":"ok","msg":"江苏-南京","gid":"377447","time_insert":"2021-07-24 13:07","time_update":"2023-05-21 09:31"}
2024-07-27 02:24:58 查询号码 【1468010】，GSD为【"江苏-南京"】

2024-07-27 02:39:52 开始第 8109 次操作

2024-07-27 02:39:52 开始操作号码 【1468011】
2024-07-27 02:40:04 GSD getOne 第 1 次 等待 3 秒
2024-07-27 02:40:07 查询号码 【1468011】，返回信息 {"status":"ok","msg":"江苏-南京","gid":"377438","time_insert":"2021-07-24 13:07","time_update":"2023-05-21 09:33"}
2024-07-27 02:40:07 查询号码 【1468011】，GSD为【"江苏-南京"】

2024-07-27 02:40:08 开始第 8110 次操作

2024-07-27 02:40:08 开始操作号码 【1468012】
2024-07-27 02:40:16 GSD getOne 第 1 次 等待 3 秒
2024-07-27 02:40:19 查询号码 【1468012】，返回信息 {"status":"ok","msg":"江苏-南京","gid":"377425","time_insert":"2021-07-24 13:06","time_update":"2023-05-21 09:35"}
2024-07-27 02:40:19 查询号码 【1468012】，GSD为【"江苏-南京"】

2024-07-27 02:40:20 开始第 8111 次操作

2024-07-27 02:40:20 开始操作号码 【1468013】
2024-07-27 02:40:28 GSD getOne 第 1 次 等待 3 秒
2024-07-27 02:40:31 查询号码 【1468013】，返回信息 {"status":"ok","msg":"江苏-南京","gid":"377414","time_insert":"2021-07-24 13:05","time_update":"2023-05-21 09:39"}
2024-07-27 02:40:31 查询号码 【1468013】，GSD为【"江苏-南京"】

2024-07-27 02:40:32 开始第 8112 次操作

2024-07-27 02:40:32 开始操作号码 【1468014】
2024-07-27 02:40:40 GSD getOne 第 1 次 等待 3 秒
2024-07-27 02:40:43 查询号码 【1468014】，返回信息 {"status":"ok","msg":"江苏-南京","gid":"377404","time_insert":"2021-07-24 13:05","time_update":"2023-05-21 09:44"}
2024-07-27 02:40:43 查询号码 【1468014】，GSD为【"江苏-南京"】

2024-07-27 03:16:58 开始第 8113 次操作

2024-07-27 03:16:58 开始操作号码 【1468015】
2024-07-27 03:17:07 GSD getOne 第 1 次 等待 3 秒
2024-07-27 03:17:10 查询号码 【1468015】，返回信息 {"status":"ok","msg":"江苏-南京","gid":"377395","time_insert":"2021-07-24 13:04","time_update":"2023-05-21 09:50"}
2024-07-27 03:17:10 查询号码 【1468015】，GSD为【"江苏-南京"】

2024-07-27 03:17:11 开始第 8114 次操作

2024-07-27 03:17:11 开始操作号码 【1468016】
2024-07-27 03:17:19 GSD getOne 第 1 次 等待 3 秒
2024-07-27 03:17:22 查询号码 【1468016】，返回信息 {"status":"ok","msg":"江苏-南京","gid":"377383","time_insert":"2021-07-24 13:04","time_update":"2023-05-21 09:54"}
2024-07-27 03:17:22 查询号码 【1468016】，GSD为【"江苏-南京"】

2024-07-27 03:17:23 开始第 8115 次操作

2024-07-27 03:17:23 开始操作号码 【1468017】
2024-07-27 03:17:31 GSD getOne 第 1 次 等待 3 秒
2024-07-27 03:17:34 查询号码 【1468017】，返回信息 {"status":"ok","msg":"江苏-南京","gid":"377373","time_insert":"2021-07-24 13:03","time_update":"2023-05-21 09:57"}
2024-07-27 03:17:34 查询号码 【1468017】，GSD为【"江苏-南京"】

2024-07-27 03:17:35 开始第 8116 次操作

2024-07-27 03:17:35 开始操作号码 【1468018】
2024-07-27 03:17:43 GSD getOne 第 1 次 等待 3 秒
2024-07-27 03:17:46 查询号码 【1468018】，返回信息 {"status":"ok","msg":"江苏-南京","gid":"377365","time_insert":"2021-07-24 13:02","time_update":"2023-05-21 09:57"}
2024-07-27 03:17:46 查询号码 【1468018】，GSD为【"江苏-南京"】

2024-07-27 03:37:51 开始第 8117 次操作

2024-07-27 03:37:51 开始操作号码 【1468019】
2024-07-27 03:37:59 GSD getOne 第 1 次 等待 3 秒
2024-07-27 03:38:02 查询号码 【1468019】，返回信息 {"status":"ok","msg":"江苏-南京","gid":"377357","time_insert":"2021-07-24 13:02","time_update":"2023-05-21 10:02"}
2024-07-27 03:38:02 查询号码 【1468019】，GSD为【"江苏-南京"】

2024-07-27 03:38:03 开始第 8118 次操作

2024-07-27 03:38:03 开始操作号码 【1468020】
2024-07-27 03:38:11 GSD getOne 第 1 次 等待 3 秒
2024-07-27 03:38:14 查询号码 【1468020】，返回信息 {"status":"ok","msg":"江苏-南京","gid":"377346","time_insert":"2021-07-24 13:01","time_update":"2023-05-21 10:07"}
2024-07-27 03:38:14 查询号码 【1468020】，GSD为【"江苏-南京"】

2024-07-27 03:38:15 开始第 8119 次操作

2024-07-27 03:38:15 开始操作号码 【1468021】
2024-07-27 03:38:23 GSD getOne 第 1 次 等待 3 秒
2024-07-27 03:38:26 查询号码 【1468021】，返回信息 {"status":"ok","msg":"江苏-南京","gid":"377337","time_insert":"2021-07-24 13:01","time_update":"2023-05-21 10:12"}
2024-07-27 03:38:26 查询号码 【1468021】，GSD为【"江苏-南京"】

2024-07-27 03:38:27 开始第 8120 次操作

2024-07-27 03:38:27 开始操作号码 【1468022】
2024-07-27 03:38:35 GSD getOne 第 1 次 等待 3 秒
2024-07-27 03:38:38 查询号码 【1468022】，返回信息 {"status":"ok","msg":"江苏-南京","gid":"377327","time_insert":"2021-07-24 13:00","time_update":"2023-05-21 10:14"}
2024-07-27 03:38:38 查询号码 【1468022】，GSD为【"江苏-南京"】

2024-07-27 04:21:52 开始第 8121 次操作

2024-07-27 04:21:52 开始操作号码 【1468023】
2024-07-27 04:21:59 GSD getOne 第 1 次 等待 3 秒
2024-07-27 04:22:02 查询号码 【1468023】，返回信息 {"status":"ok","msg":"江苏-南京","gid":"377319","time_insert":"2021-07-24 13:00","time_update":"2023-05-21 10:16"}
2024-07-27 04:22:03 查询号码 【1468023】，GSD为【"江苏-南京"】

2024-07-27 04:22:04 开始第 8122 次操作

2024-07-27 04:22:04 开始操作号码 【1468024】
2024-07-27 04:22:12 GSD getOne 第 1 次 等待 3 秒
2024-07-27 04:22:15 查询号码 【1468024】，返回信息 {"status":"ok","msg":"江苏-南京","gid":"377309","time_insert":"2021-07-24 12:59","time_update":"2023-05-21 10:17"}
2024-07-27 04:22:15 查询号码 【1468024】，GSD为【"江苏-南京"】

2024-07-27 04:22:16 开始第 8123 次操作

2024-07-27 04:22:16 开始操作号码 【1468025】
2024-07-27 04:22:23 GSD getOne 第 1 次 等待 3 秒
2024-07-27 04:22:27 查询号码 【1468025】，返回信息 {"status":"ok","msg":"江苏-南京","gid":"377298","time_insert":"2021-07-24 12:59","time_update":"2023-05-21 10:24"}
2024-07-27 04:22:27 查询号码 【1468025】，GSD为【"江苏-南京"】

2024-07-27 04:22:28 开始第 8124 次操作

2024-07-27 04:22:28 开始操作号码 【1468026】
2024-07-27 04:22:44 GSD getOne 第 1 次 等待 3 秒
2024-07-27 04:22:47 查询号码 【1468026】，返回信息 {"status":"ok","msg":"江苏-南京","gid":"377290","time_insert":"2021-07-24 12:58","time_update":"2023-05-21 10:26"}
2024-07-27 04:22:47 查询号码 【1468026】，GSD为【"江苏-南京"】

2024-07-27 04:38:02 开始第 8125 次操作

2024-07-27 04:38:02 开始操作号码 【1468027】
2024-07-27 04:38:10 GSD getOne 第 1 次 等待 3 秒
2024-07-27 04:38:13 查询号码 【1468027】，返回信息 {"status":"ok","msg":"江苏-南京","gid":"377277","time_insert":"2021-07-24 12:57","time_update":"2023-05-21 10:30"}
2024-07-27 04:38:13 查询号码 【1468027】，GSD为【"江苏-南京"】

2024-07-27 04:38:14 开始第 8126 次操作

2024-07-27 04:38:14 开始操作号码 【1468028】
2024-07-27 04:38:22 GSD getOne 第 1 次 等待 3 秒
2024-07-27 04:38:25 查询号码 【1468028】，返回信息 {"status":"ok","msg":"江苏-南京","gid":"377268","time_insert":"2021-07-24 12:57","time_update":"2023-05-21 10:31"}
2024-07-27 04:38:25 查询号码 【1468028】，GSD为【"江苏-南京"】

2024-07-27 04:38:26 开始第 8127 次操作

2024-07-27 04:38:26 开始操作号码 【1468029】
2024-07-27 04:38:35 GSD getOne 第 1 次 等待 3 秒
2024-07-27 04:38:38 查询号码 【1468029】，返回信息 {"status":"ok","msg":"江苏-南京","gid":"377258","time_insert":"2021-07-24 12:56","time_update":"2023-05-21 10:36"}
2024-07-27 04:38:38 查询号码 【1468029】，GSD为【"江苏-南京"】

2024-07-27 04:38:39 开始第 8128 次操作

2024-07-27 04:38:39 开始操作号码 【1468030】
2024-07-27 04:38:47 GSD getOne 第 1 次 等待 3 秒
2024-07-27 04:38:50 查询号码 【1468030】，返回信息 {"status":"ok","msg":"江苏-南京","gid":"377249","time_insert":"2021-07-24 12:56","time_update":"2023-05-21 10:39"}
2024-07-27 04:38:50 查询号码 【1468030】，GSD为【"江苏-南京"】

2024-07-27 05:19:02 开始第 8129 次操作

2024-07-27 05:19:02 开始操作号码 【1468031】
2024-07-27 05:19:09 GSD getOne 第 1 次 等待 3 秒
2024-07-27 05:19:12 查询号码 【1468031】，返回信息 {"status":"ok","msg":"江苏-南京","gid":"377241","time_insert":"2021-07-24 12:55","time_update":"2023-05-21 10:44"}
2024-07-27 05:19:12 查询号码 【1468031】，GSD为【"江苏-南京"】

2024-07-27 05:19:13 开始第 8130 次操作

2024-07-27 05:19:13 开始操作号码 【1468032】
2024-07-27 05:19:21 GSD getOne 第 1 次 等待 3 秒
2024-07-27 05:19:24 查询号码 【1468032】，返回信息 {"status":"ok","msg":"江苏-南京","gid":"377230","time_insert":"2021-07-24 12:55","time_update":"2023-05-21 10:49"}
2024-07-27 05:19:24 查询号码 【1468032】，GSD为【"江苏-南京"】

2024-07-27 05:19:25 开始第 8131 次操作

2024-07-27 05:19:25 开始操作号码 【1468033】
2024-07-27 05:19:33 GSD getOne 第 1 次 等待 3 秒
2024-07-27 05:19:36 查询号码 【1468033】，返回信息 {"status":"ok","msg":"江苏-南京","gid":"377220","time_insert":"2021-07-24 12:54","time_update":"2023-05-21 10:49"}
2024-07-27 05:19:36 查询号码 【1468033】，GSD为【"江苏-南京"】

2024-07-27 05:19:37 开始第 8132 次操作

2024-07-27 05:19:37 开始操作号码 【1468034】
2024-07-27 05:19:45 GSD getOne 第 1 次 等待 3 秒
2024-07-27 05:19:48 查询号码 【1468034】，返回信息 {"status":"ok","msg":"江苏-南京","gid":"377210","time_insert":"2021-07-24 12:53","time_update":"2023-05-21 10:52"}
2024-07-27 05:19:48 查询号码 【1468034】，GSD为【"江苏-南京"】

2024-07-27 05:38:40 开始第 8133 次操作

2024-07-27 05:38:40 开始操作号码 【1468035】
2024-07-27 05:38:48 GSD getOne 第 1 次 等待 3 秒
2024-07-27 05:38:51 查询号码 【1468035】，返回信息 {"status":"ok","msg":"江苏-南京","gid":"377200","time_insert":"2021-07-24 12:53","time_update":"2023-05-21 10:52"}
2024-07-27 05:38:51 查询号码 【1468035】，GSD为【"江苏-南京"】

2024-07-27 05:38:52 开始第 8134 次操作

2024-07-27 05:38:52 开始操作号码 【1468036】
2024-07-27 05:39:00 GSD getOne 第 1 次 等待 3 秒
2024-07-27 05:39:03 查询号码 【1468036】，返回信息 {"status":"ok","msg":"江苏-南京","gid":"377188","time_insert":"2021-07-24 12:52","time_update":"2023-05-21 11:01"}
2024-07-27 05:39:03 查询号码 【1468036】，GSD为【"江苏-南京"】

2024-07-27 05:39:04 开始第 8135 次操作

2024-07-27 05:39:04 开始操作号码 【1468037】
2024-07-27 05:39:13 GSD getOne 第 1 次 等待 3 秒
2024-07-27 05:39:16 查询号码 【1468037】，返回信息 {"status":"ok","msg":"江苏-南京","gid":"377177","time_insert":"2021-07-24 12:51","time_update":"2023-05-21 11:02"}
2024-07-27 05:39:16 查询号码 【1468037】，GSD为【"江苏-南京"】

2024-07-27 05:39:17 开始第 8136 次操作

2024-07-27 05:39:17 开始操作号码 【1468038】
2024-07-27 05:39:25 GSD getOne 第 1 次 等待 3 秒
2024-07-27 05:39:28 查询号码 【1468038】，返回信息 {"status":"ok","msg":"江苏-南京","gid":"377167","time_insert":"2021-07-24 12:51","time_update":"2023-05-21 11:04"}
2024-07-27 05:39:28 查询号码 【1468038】，GSD为【"江苏-南京"】

2024-07-27 06:18:32 开始第 8137 次操作

2024-07-27 06:18:32 开始操作号码 【1468039】
2024-07-27 06:18:39 GSD getOne 第 1 次 等待 3 秒
2024-07-27 06:18:42 查询号码 【1468039】，返回信息 {"status":"ok","msg":"江苏-南京","gid":"377159","time_insert":"2021-07-24 12:50","time_update":"2023-05-21 11:06"}
2024-07-27 06:18:42 查询号码 【1468039】，GSD为【"江苏-南京"】

2024-07-27 06:18:43 开始第 8138 次操作

2024-07-27 06:18:43 开始操作号码 【1468040】
2024-07-27 06:18:51 GSD getOne 第 1 次 等待 3 秒
2024-07-27 06:18:54 查询号码 【1468040】，返回信息 {"status":"ok","msg":"江苏-南京","gid":"377088","time_insert":"2021-07-24 12:26","time_update":"2023-05-21 11:08"}
2024-07-27 06:18:54 查询号码 【1468040】，GSD为【"江苏-南京"】

2024-07-27 06:18:55 开始第 8139 次操作

2024-07-27 06:18:55 开始操作号码 【1468041】
2024-07-27 06:19:03 GSD getOne 第 1 次 等待 3 秒
2024-07-27 06:19:06 查询号码 【1468041】，返回信息 {"status":"ok","msg":"江苏-南京","gid":"377084","time_insert":"2021-07-24 12:25","time_update":"2023-05-21 11:18"}
2024-07-27 06:19:06 查询号码 【1468041】，GSD为【"江苏-南京"】

2024-07-27 06:19:07 开始第 8140 次操作

2024-07-27 06:19:07 开始操作号码 【1468042】
2024-07-27 06:19:14 GSD getOne 第 1 次 等待 3 秒
2024-07-27 06:19:17 查询号码 【1468042】，返回信息 {"status":"ok","msg":"江苏-南京","gid":"377080","time_insert":"2021-07-24 12:25","time_update":"2023-05-21 11:22"}
2024-07-27 06:19:17 查询号码 【1468042】，GSD为【"江苏-南京"】

2024-07-27 06:38:09 开始第 8141 次操作

2024-07-27 06:38:09 开始操作号码 【1468043】
2024-07-27 06:38:17 GSD getOne 第 1 次 等待 3 秒
2024-07-27 06:38:20 查询号码 【1468043】，返回信息 {"status":"ok","msg":"江苏-南京","gid":"377077","time_insert":"2021-07-24 12:24","time_update":"2023-05-21 11:25"}
2024-07-27 06:38:20 查询号码 【1468043】，GSD为【"江苏-南京"】

2024-07-27 06:38:21 开始第 8142 次操作

2024-07-27 06:38:21 开始操作号码 【1468044】
2024-07-27 06:38:31 GSD getOne 第 1 次 等待 3 秒
2024-07-27 06:38:34 查询号码 【1468044】，返回信息 {"status":"ok","msg":"江苏-南京","gid":"377072","time_insert":"2021-07-24 12:23","time_update":"2023-05-21 11:27"}
2024-07-27 06:38:34 查询号码 【1468044】，GSD为【"江苏-南京"】

2024-07-27 06:38:35 开始第 8143 次操作

2024-07-27 06:38:35 开始操作号码 【1468045】
2024-07-27 06:38:43 GSD getOne 第 1 次 等待 3 秒
2024-07-27 06:38:46 查询号码 【1468045】，返回信息 {"status":"ok","msg":"江苏-南京","gid":"377066","time_insert":"2021-07-24 12:22","time_update":"2023-05-21 11:30"}
2024-07-27 06:38:46 查询号码 【1468045】，GSD为【"江苏-南京"】

2024-07-27 06:38:47 开始第 8144 次操作

2024-07-27 06:38:47 开始操作号码 【1468046】
2024-07-27 06:38:55 GSD getOne 第 1 次 等待 3 秒
2024-07-27 06:38:58 查询号码 【1468046】，返回信息 {"status":"ok","msg":"江苏-南京","gid":"377056","time_insert":"2021-07-24 12:21","time_update":"2023-05-21 11:38"}
2024-07-27 06:38:58 查询号码 【1468046】，GSD为【"江苏-南京"】

2024-07-27 07:18:21 开始第 8145 次操作

2024-07-27 07:18:21 开始操作号码 【1468047】
2024-07-27 07:18:30 GSD getOne 第 1 次 等待 3 秒
2024-07-27 07:18:33 查询号码 【1468047】，返回信息 {"status":"ok","msg":"江苏-南京","gid":"377048","time_insert":"2021-07-24 12:20","time_update":"2023-05-21 11:38"}
2024-07-27 07:18:33 查询号码 【1468047】，GSD为【"江苏-南京"】

2024-07-27 07:18:34 开始第 8146 次操作

2024-07-27 07:18:34 开始操作号码 【1468048】
2024-07-27 07:18:43 GSD getOne 第 1 次 等待 3 秒
2024-07-27 07:18:46 查询号码 【1468048】，返回信息 {"status":"ok","msg":"江苏-南京","gid":"377040","time_insert":"2021-07-24 12:19","time_update":"2023-05-21 11:40"}
2024-07-27 07:18:46 查询号码 【1468048】，GSD为【"江苏-南京"】

2024-07-27 07:18:47 开始第 8147 次操作

2024-07-27 07:18:47 开始操作号码 【1468049】
2024-07-27 07:18:55 GSD getOne 第 1 次 等待 3 秒
2024-07-27 07:18:58 查询号码 【1468049】，返回信息 {"status":"ok","msg":"江苏-南京","gid":"377035","time_insert":"2021-07-24 12:19","time_update":"2023-05-21 11:41"}
2024-07-27 07:18:58 查询号码 【1468049】，GSD为【"江苏-南京"】

2024-07-27 07:18:59 开始第 8148 次操作

2024-07-27 07:18:59 开始操作号码 【1468050】
2024-07-27 07:19:07 GSD getOne 第 1 次 等待 3 秒
2024-07-27 07:19:10 查询号码 【1468050】，返回信息 {"status":"ok","msg":"江苏-南京","gid":"377026","time_insert":"2021-07-24 12:18","time_update":"2023-05-21 11:51"}
2024-07-27 07:19:10 查询号码 【1468050】，GSD为【"江苏-南京"】

2024-07-27 07:38:09 开始第 8149 次操作

2024-07-27 07:38:09 开始操作号码 【1468051】
2024-07-27 07:38:17 GSD getOne 第 1 次 等待 3 秒
2024-07-27 07:38:20 查询号码 【1468051】，返回信息 {"status":"ok","msg":"江苏-南京","gid":"377014","time_insert":"2021-07-24 12:17","time_update":"2023-05-21 11:56"}
2024-07-27 07:38:20 查询号码 【1468051】，GSD为【"江苏-南京"】

2024-07-27 07:38:21 开始第 8150 次操作

2024-07-27 07:38:21 开始操作号码 【1468052】
2024-07-27 07:38:28 GSD getOne 第 1 次 等待 3 秒
2024-07-27 07:38:31 查询号码 【1468052】，返回信息 {"status":"ok","msg":"江苏-南京","gid":"377005","time_insert":"2021-07-24 12:16","time_update":"2023-05-21 11:57"}
2024-07-27 07:38:31 查询号码 【1468052】，GSD为【"江苏-南京"】

2024-07-27 07:38:32 开始第 8151 次操作

2024-07-27 07:38:32 开始操作号码 【1468053】
2024-07-27 07:38:41 GSD getOne 第 1 次 等待 3 秒
2024-07-27 07:38:44 查询号码 【1468053】，返回信息 {"status":"ok","msg":"江苏-南京","gid":"376996","time_insert":"2021-07-24 12:15","time_update":"2023-05-21 12:01"}
2024-07-27 07:38:44 查询号码 【1468053】，GSD为【"江苏-南京"】

2024-07-27 07:38:45 开始第 8152 次操作

2024-07-27 07:38:45 开始操作号码 【1468054】
2024-07-27 07:38:53 GSD getOne 第 1 次 等待 3 秒
2024-07-27 07:38:56 查询号码 【1468054】，返回信息 {"status":"ok","msg":"江苏-南京","gid":"376984","time_insert":"2021-07-24 12:14","time_update":"2023-05-21 12:04"}
2024-07-27 07:38:56 查询号码 【1468054】，GSD为【"江苏-南京"】

2024-07-27 09:23:16 开始第 8153 次操作

2024-07-27 09:23:16 开始操作号码 【1468055】
2024-07-27 09:23:24 GSD getOne 第 1 次 等待 3 秒
2024-07-27 09:23:27 查询号码 【1468055】，返回信息 {"status":"ok","msg":"江苏-南京","gid":"376973","time_insert":"2021-07-24 12:14","time_update":"2023-05-21 12:08"}
2024-07-27 09:23:27 查询号码 【1468055】，GSD为【"江苏-南京"】

2024-07-27 09:23:28 开始第 8154 次操作

2024-07-27 09:23:28 开始操作号码 【1468056】
2024-07-27 09:23:36 GSD getOne 第 1 次 等待 3 秒
2024-07-27 09:23:39 查询号码 【1468056】，返回信息 {"status":"ok","msg":"江苏-南京","gid":"376964","time_insert":"2021-07-24 12:13","time_update":"2023-05-21 12:09"}
2024-07-27 09:23:39 查询号码 【1468056】，GSD为【"江苏-南京"】

2024-07-27 09:23:40 开始第 8155 次操作

2024-07-27 09:23:40 开始操作号码 【1468057】
2024-07-27 09:23:48 GSD getOne 第 1 次 等待 3 秒
2024-07-27 09:23:51 查询号码 【1468057】，返回信息 {"status":"ok","msg":"江苏-南京","gid":"376951","time_insert":"2021-07-24 12:12","time_update":"2023-05-21 12:11"}
2024-07-27 09:23:51 查询号码 【1468057】，GSD为【"江苏-南京"】

2024-07-27 09:23:52 开始第 8156 次操作

2024-07-27 09:23:52 开始操作号码 【1468058】
2024-07-27 09:24:02 GSD getOne 第 1 次 等待 3 秒
2024-07-27 09:24:05 查询号码 【1468058】，返回信息 {"status":"ok","msg":"江苏-南京","gid":"376938","time_insert":"2021-07-24 12:11","time_update":"2023-05-21 12:12"}
2024-07-27 09:24:05 查询号码 【1468058】，GSD为【"江苏-南京"】

2024-07-27 10:20:58 开始第 8157 次操作

2024-07-27 10:20:58 开始操作号码 【1468059】
2024-07-27 10:21:07 GSD getOne 第 1 次 等待 3 秒
2024-07-27 10:21:10 查询号码 【1468059】，返回信息 {"status":"ok","msg":"江苏-南京","gid":"376926","time_insert":"2021-07-24 12:10","time_update":"2023-05-21 12:17"}
2024-07-27 10:21:10 查询号码 【1468059】，GSD为【"江苏-南京"】

2024-07-27 10:21:11 开始第 8158 次操作

2024-07-27 10:21:11 开始操作号码 【1468060】
2024-07-27 10:21:19 GSD getOne 第 1 次 等待 3 秒
2024-07-27 10:21:22 查询号码 【1468060】，返回信息 {"status":"ok","msg":"江苏-南京","gid":"376915","time_insert":"2021-07-24 12:09","time_update":"2023-05-21 12:18"}
2024-07-27 10:21:22 查询号码 【1468060】，GSD为【"江苏-南京"】

2024-07-27 10:21:23 开始第 8159 次操作

2024-07-27 10:21:23 开始操作号码 【1468061】
2024-07-27 10:21:31 GSD getOne 第 1 次 等待 3 秒
2024-07-27 10:21:34 查询号码 【1468061】，返回信息 {"status":"ok","msg":"江苏-南京","gid":"376899","time_insert":"2021-07-24 12:08","time_update":"2023-05-21 12:24"}
2024-07-27 10:21:34 查询号码 【1468061】，GSD为【"江苏-南京"】

2024-07-27 10:21:35 开始第 8160 次操作

2024-07-27 10:21:35 开始操作号码 【1468062】
2024-07-27 10:21:43 GSD getOne 第 1 次 等待 3 秒
2024-07-27 10:21:46 查询号码 【1468062】，返回信息 {"status":"ok","msg":"江苏-南京","gid":"376889","time_insert":"2021-07-24 12:08","time_update":"2023-05-21 12:32"}
2024-07-27 10:21:46 查询号码 【1468062】，GSD为【"江苏-南京"】

