2024-07-05 00:22:54 开始第 4245 次操作

2024-07-05 00:22:54 开始操作号码 【1464147】
2024-07-05 00:23:03 GSD getOne 第 1 次 等待 3 秒
2024-07-05 00:23:06 查询号码 【1464147】，返回信息 {"status":"ok","msg":"江苏-南京","gid":"289158","time_insert":"2021-07-16 01:57"}
2024-07-05 00:23:06 查询号码 【1464147】，GSD为【"江苏-南京"】

2024-07-05 00:23:07 开始第 4246 次操作

2024-07-05 00:23:07 开始操作号码 【1464148】
2024-07-05 00:23:15 GSD getOne 第 1 次 等待 3 秒
2024-07-05 00:23:18 查询号码 【1464148】，返回信息 {"status":"ok","msg":"江苏-南京","gid":"289293","time_insert":"2021-07-16 02:07"}
2024-07-05 00:23:18 查询号码 【1464148】，GSD为【"江苏-南京"】

2024-07-05 00:23:19 开始第 4247 次操作

2024-07-05 00:23:19 开始操作号码 【1464149】
2024-07-05 00:23:28 GSD getOne 第 1 次 等待 3 秒
2024-07-05 00:23:31 查询号码 【1464149】，返回信息 {"status":"ok","msg":"江苏-南京","gid":"289361","time_insert":"2021-07-16 02:20"}
2024-07-05 00:23:31 查询号码 【1464149】，GSD为【"江苏-南京"】

2024-07-05 00:23:32 开始第 4248 次操作

2024-07-05 00:23:32 开始操作号码 【1464150】
2024-07-05 00:23:40 GSD getOne 第 1 次 等待 3 秒
2024-07-05 00:23:43 查询号码 【1464150】，返回信息 {"status":"ok","msg":"江苏-南京","gid":"289379","time_insert":"2021-07-16 02:30"}
2024-07-05 00:23:43 查询号码 【1464150】，GSD为【"江苏-南京"】

