2024-02-17 00:20:58 开始第 4057 次操作

2024-02-17 00:20:58 开始操作号码 【1683969】
2024-02-17 00:21:05 GSD getOne 第 1 次 等待 3 秒
2024-02-17 00:21:08 查询号码 【1683969】，返回信息 {"status":"ok","msg":"-","gid":"598945","time_insert":"2023-03-18 18:20"}
2024-02-17 00:21:09 查询号码 【1683969】，GSD为【"-"】
2024-02-17 00:21:09 ok && -
2024-02-17 00:21:15 CHB 1683969?1708100469 第 1 次 等待 3 秒
2024-02-17 00:21:18 CHB 1683969?1708100469 第 1 次 获取到号码【1683969】GSD
2024-02-17 00:21:18 未获取到号码【1683969】GSD，可能号码格式错误
2024-02-17 00:21:18 获取到号码【1683969】的GSD为【-】
2024-02-17 00:21:22 GSD insert 第 1 次 等待 3 秒
2024-02-17 00:21:25 {"status":"bad","gid":"598945","msg":"添加失败！号码【1683969(-|-)】已存在！"}
2024-02-17 00:21:25 随机等待 193 秒，约 3 分钟
2024-02-17 00:21:25 下次操作: 2024-02-17 00:24:38

2024-02-17 00:24:38 开始第 4058 次操作

2024-02-17 00:24:38 开始操作号码 【1683970】
2024-02-17 00:24:43 GSD getOne 第 1 次 等待 3 秒
2024-02-17 00:24:46 查询号码 【1683970】，返回信息 {"status":"ok","msg":"-","gid":"598957","time_insert":"2023-03-18 18:30"}
2024-02-17 00:24:46 查询号码 【1683970】，GSD为【"-"】
2024-02-17 00:24:46 ok && -
2024-02-17 00:24:52 CHB 1683970?1708100686 第 1 次 等待 3 秒
2024-02-17 00:24:55 CHB 1683970?1708100686 第 1 次 获取到号码【1683970】GSD
2024-02-17 00:24:55 未获取到号码【1683970】GSD，可能号码格式错误
2024-02-17 00:24:55 获取到号码【1683970】的GSD为【-】
2024-02-17 00:25:00 GSD insert 第 1 次 等待 3 秒
2024-02-17 00:25:03 {"status":"bad","gid":"598957","msg":"添加失败！号码【1683970(-|-)】已存在！"}
2024-02-17 00:25:03 随机等待 230 秒，约 3 分钟
2024-02-17 00:25:03 下次操作: 2024-02-17 00:28:53

2024-02-17 00:28:53 开始第 4059 次操作

2024-02-17 00:28:53 开始操作号码 【1683971】
2024-02-17 00:28:58 GSD getOne 第 1 次 等待 3 秒
2024-02-17 00:29:01 查询号码 【1683971】，返回信息 {"status":"ok","msg":"-","gid":"598988","time_insert":"2023-03-18 18:47"}
2024-02-17 00:29:01 查询号码 【1683971】，GSD为【"-"】
2024-02-17 00:29:01 ok && -
2024-02-17 00:29:03 CHB 1683971?1708100941 第 1 次 等待 3 秒
2024-02-17 00:29:06 CHB 1683971?1708100941 第 1 次 获取到号码【1683971】GSD
2024-02-17 00:29:06 未获取到号码【1683971】GSD，可能号码格式错误
2024-02-17 00:29:06 获取到号码【1683971】的GSD为【-】
2024-02-17 00:29:12 GSD insert 第 1 次 等待 3 秒
2024-02-17 00:29:15 {"status":"bad","gid":"598988","msg":"添加失败！号码【1683971(-|-)】已存在！"}
2024-02-17 00:29:15 随机等待 112 秒，约 1 分钟
2024-02-17 00:29:15 下次操作: 2024-02-17 00:31:07

2024-02-17 00:31:07 开始第 4060 次操作

2024-02-17 00:31:07 开始操作号码 【1683972】
2024-02-17 00:31:12 GSD getOne 第 1 次 等待 3 秒
2024-02-17 00:31:15 查询号码 【1683972】，返回信息 {"status":"ok","msg":"-","gid":"599025","time_insert":"2023-03-18 19:09"}
2024-02-17 00:31:15 查询号码 【1683972】，GSD为【"-"】
2024-02-17 00:31:15 ok && -
2024-02-17 00:31:17 CHB 1683972?1708101075 第 1 次 等待 3 秒
2024-02-17 00:31:20 CHB 1683972?1708101075 第 1 次 获取到号码【1683972】GSD
2024-02-17 00:31:20 未获取到号码【1683972】GSD，可能号码格式错误
2024-02-17 00:31:20 获取到号码【1683972】的GSD为【-】
2024-02-17 00:31:26 GSD insert 第 1 次 等待 3 秒
2024-02-17 00:31:29 {"status":"bad","gid":"599025","msg":"添加失败！号码【1683972(-|-)】已存在！"}

2024-02-17 00:39:18 开始第 4061 次操作

2024-02-17 00:39:18 开始操作号码 【1683973】
2024-02-17 00:39:23 GSD getOne 第 1 次 等待 3 秒
2024-02-17 00:39:26 查询号码 【1683973】，返回信息 {"status":"ok","msg":"-","gid":"599066","time_insert":"2023-03-18 19:33"}
2024-02-17 00:39:26 查询号码 【1683973】，GSD为【"-"】
2024-02-17 00:39:26 ok && -
2024-02-17 00:39:28 CHB 1683973?1708101566 第 1 次 等待 3 秒
2024-02-17 00:39:32 CHB 1683973?1708101566 第 1 次 获取到号码【1683973】GSD
2024-02-17 00:39:32 未获取到号码【1683973】GSD，可能号码格式错误
2024-02-17 00:39:32 获取到号码【1683973】的GSD为【-】
2024-02-17 00:39:36 GSD insert 第 1 次 等待 3 秒
2024-02-17 00:39:39 {"status":"bad","gid":"599066","msg":"添加失败！号码【1683973(-|-)】已存在！"}
2024-02-17 00:39:39 随机等待 153 秒，约 2 分钟
2024-02-17 00:39:39 下次操作: 2024-02-17 00:42:12

2024-02-17 00:42:12 开始第 4062 次操作

2024-02-17 00:42:12 开始操作号码 【1683974】
2024-02-17 00:42:17 GSD getOne 第 1 次 等待 3 秒
2024-02-17 00:42:20 查询号码 【1683974】，返回信息 {"status":"ok","msg":"-","gid":"599100","time_insert":"2023-03-18 19:52"}
2024-02-17 00:42:21 查询号码 【1683974】，GSD为【"-"】
2024-02-17 00:42:21 ok && -
2024-02-17 00:42:23 CHB 1683974?1708101741 第 1 次 等待 3 秒
2024-02-17 00:42:26 CHB 1683974?1708101741 第 1 次 获取到号码【1683974】GSD
2024-02-17 00:42:26 未获取到号码【1683974】GSD，可能号码格式错误
2024-02-17 00:42:26 获取到号码【1683974】的GSD为【-】
2024-02-17 00:42:31 GSD insert 第 1 次 等待 3 秒
2024-02-17 00:42:34 {"status":"bad","gid":"599100","msg":"添加失败！号码【1683974(-|-)】已存在！"}
2024-02-17 00:42:34 随机等待 75 秒，约 1 分钟
2024-02-17 00:42:34 下次操作: 2024-02-17 00:43:49

2024-02-17 00:43:49 开始第 4063 次操作

2024-02-17 00:43:49 开始操作号码 【1683975】
2024-02-17 00:43:54 GSD getOne 第 1 次 等待 3 秒
2024-02-17 00:43:57 查询号码 【1683975】，返回信息 {"status":"ok","msg":"-","gid":"599128","time_insert":"2023-03-18 20:15"}
2024-02-17 00:43:57 查询号码 【1683975】，GSD为【"-"】
2024-02-17 00:43:57 ok && -
2024-02-17 00:44:00 CHB 1683975?1708101837 第 1 次 等待 3 秒
2024-02-17 00:44:03 CHB 1683975?1708101837 第 1 次 获取到号码【1683975】GSD
2024-02-17 00:44:03 未获取到号码【1683975】GSD，可能号码格式错误
2024-02-17 00:44:03 获取到号码【1683975】的GSD为【-】
2024-02-17 00:44:11 GSD insert 第 1 次 等待 3 秒
2024-02-17 00:44:14 {"status":"bad","gid":"599128","msg":"添加失败！号码【1683975(-|-)】已存在！"}
2024-02-17 00:44:14 随机等待 186 秒，约 3 分钟
2024-02-17 00:44:14 下次操作: 2024-02-17 00:47:20

2024-02-17 00:47:21 开始第 4064 次操作

2024-02-17 00:47:21 开始操作号码 【1683976】
2024-02-17 00:47:28 GSD getOne 第 1 次 等待 3 秒
2024-02-17 00:47:31 查询号码 【1683976】，返回信息 {"status":"ok","msg":"-","gid":"599154","time_insert":"2023-03-18 20:32"}
2024-02-17 00:47:31 查询号码 【1683976】，GSD为【"-"】
2024-02-17 00:47:31 ok && -
2024-02-17 00:47:38 CHB 1683976?1708102051 第 1 次 等待 3 秒
2024-02-17 00:47:41 CHB 1683976?1708102051 第 1 次 获取到号码【1683976】GSD
2024-02-17 00:47:41 未获取到号码【1683976】GSD，可能号码格式错误
2024-02-17 00:47:41 获取到号码【1683976】的GSD为【-】
2024-02-17 00:47:45 GSD insert 第 1 次 等待 3 秒
2024-02-17 00:47:48 {"status":"bad","gid":"599154","msg":"添加失败！号码【1683976(-|-)】已存在！"}

