2023-11-04 00:21:52 开始第 6605 次操作

2023-11-04 00:21:52 开始操作号码 【1896519】
2023-11-04 00:21:58 GSD getOne 第 1 次 等待 3 秒
2023-11-04 00:22:01 查询号码 【1896519】，返回信息 {"status":"ok","msg":"福建-厦门","gid":"461543","time_insert":"2021-07-31 23:59"}
2023-11-04 00:22:01 查询号码 【1896519】，GSD为【"福建-厦门"】

2023-11-04 00:22:02 开始第 6606 次操作

2023-11-04 00:22:02 开始操作号码 【1896520】
2023-11-04 00:22:05 GSD getOne 第 1 次 等待 3 秒
2023-11-04 00:22:08 查询号码 【1896520】，返回信息 {"status":"ok","msg":"福建-漳州","gid":"461538","time_insert":"2021-07-31 23:58"}
2023-11-04 00:22:08 查询号码 【1896520】，GSD为【"福建-漳州"】

2023-11-04 00:22:09 开始第 6607 次操作

2023-11-04 00:22:09 开始操作号码 【1896521】
2023-11-04 00:22:15 GSD getOne 第 1 次 等待 3 秒
2023-11-04 00:22:18 查询号码 【1896521】，返回信息 {"status":"ok","msg":"福建-漳州","gid":"461531","time_insert":"2021-07-31 23:57"}
2023-11-04 00:22:18 查询号码 【1896521】，GSD为【"福建-漳州"】

2023-11-04 00:22:19 开始第 6608 次操作

2023-11-04 00:22:19 开始操作号码 【1896522】
2023-11-04 00:22:22 GSD getOne 第 1 次 等待 3 秒
2023-11-04 00:22:25 查询号码 【1896522】，返回信息 {"status":"ok","msg":"福建-漳州","gid":"461522","time_insert":"2021-07-31 23:56"}
2023-11-04 00:22:25 查询号码 【1896522】，GSD为【"福建-漳州"】

2023-11-04 00:40:19 开始第 6609 次操作

2023-11-04 00:40:19 开始操作号码 【1896523】
2023-11-04 00:40:24 GSD getOne 第 1 次 等待 3 秒
2023-11-04 00:40:27 查询号码 【1896523】，返回信息 {"status":"ok","msg":"福建-漳州","gid":"461511","time_insert":"2021-07-31 23:56"}
2023-11-04 00:40:27 查询号码 【1896523】，GSD为【"福建-漳州"】

2023-11-04 00:40:28 开始第 6610 次操作

2023-11-04 00:40:28 开始操作号码 【1896524】
2023-11-04 00:40:32 GSD getOne 第 1 次 等待 3 秒
2023-11-04 00:40:35 查询号码 【1896524】，返回信息 {"status":"ok","msg":"福建-漳州","gid":"461493","time_insert":"2021-07-31 23:54"}
2023-11-04 00:40:35 查询号码 【1896524】，GSD为【"福建-漳州"】

2023-11-04 00:40:36 开始第 6611 次操作

2023-11-04 00:40:36 开始操作号码 【1896525】
2023-11-04 00:40:39 GSD getOne 第 1 次 等待 3 秒
2023-11-04 00:40:42 查询号码 【1896525】，返回信息 {"status":"ok","msg":"福建-漳州","gid":"461484","time_insert":"2021-07-31 23:53"}
2023-11-04 00:40:42 查询号码 【1896525】，GSD为【"福建-漳州"】

2023-11-04 00:40:43 开始第 6612 次操作

2023-11-04 00:40:43 开始操作号码 【1896526】
2023-11-04 00:40:49 GSD getOne 第 1 次 等待 3 秒
2023-11-04 00:40:52 查询号码 【1896526】，返回信息 {"status":"ok","msg":"福建-漳州","gid":"461476","time_insert":"2021-07-31 23:52"}
2023-11-04 00:40:52 查询号码 【1896526】，GSD为【"福建-漳州"】

