2021-07-18 00:00:26 开始第 23 次操作

2021-07-18 00:00:26 开始操作号码 【1494799】
2021-07-18 00:00:54 GSD getOne 第 1 次 等待 3 秒
2021-07-18 00:00:57 查询号码 【1494799】，返回信息 {"status":"bad","msg":""}
2021-07-18 00:00:57 查询号码 【1494799】，GSD为【""】
2021-07-18 00:00:57 bad
2021-07-18 00:00:58 CHB 1494799?1626537657 第 1 次 等待 3 秒
2021-07-18 00:01:01 CHB 1494799?1626537657 第 1 次 获取到号码【1494799】GSD
2021-07-18 00:01:01 未获取到号码【1494799】GSD，可能号码格式错误
2021-07-18 00:01:01 获取到号码【1494799】的GSD为【-】
2021-07-18 00:01:04 GSD insert 第 1 次 等待 3 秒
2021-07-18 00:01:07 {"status":"ok","gid":308521,"msg":"添加成功！"}
2021-07-18 00:01:07 下次操作: 2021-07-18 00:01:21

2021-07-18 00:01:21 开始第 24 次操作

2021-07-18 00:01:21 开始操作号码 【1494800】
2021-07-18 00:01:25 GSD getOne 第 1 次 等待 3 秒
2021-07-18 00:01:28 查询号码 【1494800】，返回信息 {"status":"bad","msg":""}
2021-07-18 00:01:28 查询号码 【1494800】，GSD为【""】
2021-07-18 00:01:28 bad
2021-07-18 00:01:30 CHB 1494800?1626537688 第 1 次 等待 3 秒
2021-07-18 00:01:33 CHB 1494800?1626537688 第 1 次 获取到号码【1494800】GSD
2021-07-18 00:01:33 未获取到号码【1494800】GSD，可能号码格式错误
2021-07-18 00:01:33 获取到号码【1494800】的GSD为【-】
2021-07-18 00:01:42 GSD insert 第 1 次 等待 3 秒
2021-07-18 00:01:45 {"status":"ok","gid":308531,"msg":"添加成功！"}
2021-07-18 00:01:45 下次操作: 2021-07-18 00:02:09

2021-07-18 00:02:09 开始第 25 次操作

2021-07-18 00:02:09 开始操作号码 【1494801】
2021-07-18 00:02:20 GSD getOne 第 1 次 等待 3 秒
2021-07-18 00:02:23 查询号码 【1494801】，返回信息 {"status":"bad","msg":""}
2021-07-18 00:02:23 查询号码 【1494801】，GSD为【""】
2021-07-18 00:02:23 bad
2021-07-18 00:02:25 CHB 1494801?1626537743 第 1 次 等待 3 秒
2021-07-18 00:02:28 CHB 1494801?1626537743 第 1 次 获取到号码【1494801】GSD
2021-07-18 00:02:28 未获取到号码【1494801】GSD，可能号码格式错误
2021-07-18 00:02:28 获取到号码【1494801】的GSD为【-】
2021-07-18 00:02:32 GSD insert 第 1 次 等待 3 秒
2021-07-18 00:02:35 {"status":"ok","gid":308542,"msg":"添加成功！"}
2021-07-18 00:02:35 下次操作: 2021-07-18 00:02:50

2021-07-18 00:02:50 开始第 26 次操作

2021-07-18 00:02:50 开始操作号码 【1494802】
2021-07-18 00:02:53 GSD getOne 第 1 次 等待 3 秒
2021-07-18 00:02:56 查询号码 【1494802】，返回信息 {"status":"bad","msg":""}
2021-07-18 00:02:56 查询号码 【1494802】，GSD为【""】
2021-07-18 00:02:56 bad
2021-07-18 00:02:58 CHB 1494802?1626537776 第 1 次 等待 3 秒
2021-07-18 00:03:01 CHB 1494802?1626537776 第 1 次 获取到号码【1494802】GSD
2021-07-18 00:03:01 未获取到号码【1494802】GSD，可能号码格式错误
2021-07-18 00:03:01 获取到号码【1494802】的GSD为【-】
2021-07-18 00:03:03 GSD insert 第 1 次 等待 3 秒
2021-07-18 00:03:06 {"status":"ok","gid":308550,"msg":"添加成功！"}
2021-07-18 00:03:06 下次操作: 2021-07-18 00:03:18

2021-07-18 00:03:18 开始第 27 次操作

2021-07-18 00:03:18 开始操作号码 【1494803】
2021-07-18 00:03:25 GSD getOne 第 1 次 等待 3 秒
2021-07-18 00:03:28 查询号码 【1494803】，返回信息 {"status":"bad","msg":""}
2021-07-18 00:03:28 查询号码 【1494803】，GSD为【""】
2021-07-18 00:03:28 bad
2021-07-18 00:03:29 CHB 1494803?1626537808 第 1 次 等待 3 秒
2021-07-18 00:03:32 CHB 1494803?1626537808 第 1 次 获取到号码【1494803】GSD
2021-07-18 00:03:32 未获取到号码【1494803】GSD，可能号码格式错误
2021-07-18 00:03:32 获取到号码【1494803】的GSD为【-】
2021-07-18 00:03:35 GSD insert 第 1 次 等待 3 秒
2021-07-18 00:03:38 {"status":"ok","gid":308559,"msg":"添加成功！"}
2021-07-18 00:03:38 下次操作: 2021-07-18 00:03:57

2021-07-18 00:03:57 开始第 28 次操作

2021-07-18 00:03:57 开始操作号码 【1494804】
2021-07-18 00:04:08 GSD getOne 第 1 次 等待 3 秒
2021-07-18 00:04:11 查询号码 【1494804】，返回信息 {"status":"bad","msg":""}
2021-07-18 00:04:11 查询号码 【1494804】，GSD为【""】
2021-07-18 00:04:11 bad
2021-07-18 00:04:12 CHB 1494804?1626537851 第 1 次 等待 3 秒
2021-07-18 00:04:15 CHB 1494804?1626537851 第 1 次 获取到号码【1494804】GSD
2021-07-18 00:04:15 未获取到号码【1494804】GSD，可能号码格式错误
2021-07-18 00:04:15 获取到号码【1494804】的GSD为【-】
2021-07-18 00:04:18 GSD insert 第 1 次 等待 3 秒
2021-07-18 00:04:21 {"status":"ok","gid":308572,"msg":"添加成功！"}
2021-07-18 00:04:21 下次操作: 2021-07-18 00:04:36

2021-07-18 00:04:36 开始第 29 次操作

2021-07-18 00:04:36 开始操作号码 【1494805】
2021-07-18 00:04:40 GSD getOne 第 1 次 等待 3 秒
2021-07-18 00:04:43 查询号码 【1494805】，返回信息 {"status":"bad","msg":""}
2021-07-18 00:04:43 查询号码 【1494805】，GSD为【""】
2021-07-18 00:04:43 bad
2021-07-18 00:04:44 CHB 1494805?1626537883 第 1 次 等待 3 秒
2021-07-18 00:04:47 CHB 1494805?1626537883 第 1 次 获取到号码【1494805】GSD
2021-07-18 00:04:47 未获取到号码【1494805】GSD，可能号码格式错误
2021-07-18 00:04:47 获取到号码【1494805】的GSD为【-】
2021-07-18 00:04:53 GSD insert 第 1 次 等待 3 秒
2021-07-18 00:04:56 {"status":"ok","gid":308579,"msg":"添加成功！"}
2021-07-18 00:04:56 下次操作: 2021-07-18 00:05:10

2021-07-18 00:05:10 开始第 30 次操作

2021-07-18 00:05:10 开始操作号码 【1494806】
2021-07-18 00:05:14 GSD getOne 第 1 次 等待 3 秒
2021-07-18 00:05:17 查询号码 【1494806】，返回信息 {"status":"bad","msg":""}
2021-07-18 00:05:17 查询号码 【1494806】，GSD为【""】
2021-07-18 00:05:17 bad
2021-07-18 00:05:19 CHB 1494806?1626537917 第 1 次 等待 3 秒
2021-07-18 00:05:22 CHB 1494806?1626537917 第 1 次 获取到号码【1494806】GSD
2021-07-18 00:05:22 未获取到号码【1494806】GSD，可能号码格式错误
2021-07-18 00:05:22 获取到号码【1494806】的GSD为【-】
2021-07-18 00:05:24 GSD insert 第 1 次 等待 3 秒
2021-07-18 00:05:27 {"status":"ok","gid":308588,"msg":"添加成功！"}
2021-07-18 00:05:27 下次操作: 2021-07-18 00:05:44

2021-07-18 00:05:44 开始第 31 次操作

2021-07-18 00:05:44 开始操作号码 【1494807】
2021-07-18 00:05:51 GSD getOne 第 1 次 等待 3 秒
2021-07-18 00:05:54 查询号码 【1494807】，返回信息 {"status":"bad","msg":""}
2021-07-18 00:05:54 查询号码 【1494807】，GSD为【""】
2021-07-18 00:05:54 bad
2021-07-18 00:05:55 CHB 1494807?1626537954 第 1 次 等待 3 秒
2021-07-18 00:05:58 CHB 1494807?1626537954 第 1 次 获取到号码【1494807】GSD
2021-07-18 00:05:58 未获取到号码【1494807】GSD，可能号码格式错误
2021-07-18 00:05:58 获取到号码【1494807】的GSD为【-】
2021-07-18 00:06:03 GSD insert 第 1 次 等待 3 秒
2021-07-18 00:06:06 {"status":"ok","gid":308598,"msg":"添加成功！"}
2021-07-18 00:06:06 下次操作: 2021-07-18 00:06:20

2021-07-18 00:06:20 开始第 32 次操作

2021-07-18 00:06:20 开始操作号码 【1494808】
2021-07-18 00:06:23 GSD getOne 第 1 次 等待 3 秒
2021-07-18 00:06:26 查询号码 【1494808】，返回信息 {"status":"bad","msg":""}
2021-07-18 00:06:26 查询号码 【1494808】，GSD为【""】
2021-07-18 00:06:26 bad
2021-07-18 00:06:28 CHB 1494808?1626537986 第 1 次 等待 3 秒
2021-07-18 00:06:31 CHB 1494808?1626537986 第 1 次 获取到号码【1494808】GSD
2021-07-18 00:06:31 未获取到号码【1494808】GSD，可能号码格式错误
2021-07-18 00:06:31 获取到号码【1494808】的GSD为【-】
2021-07-18 00:06:37 GSD insert 第 1 次 等待 3 秒
2021-07-18 00:06:40 {"status":"ok","gid":308605,"msg":"添加成功！"}
2021-07-18 00:06:40 下次操作: 2021-07-18 00:07:03

2021-07-18 00:07:03 开始第 33 次操作

2021-07-18 00:07:03 开始操作号码 【1494809】
2021-07-18 00:07:07 GSD getOne 第 1 次 等待 3 秒
2021-07-18 00:07:10 查询号码 【1494809】，返回信息 {"status":"bad","msg":""}
2021-07-18 00:07:10 查询号码 【1494809】，GSD为【""】
2021-07-18 00:07:10 bad
2021-07-18 00:07:12 CHB 1494809?1626538030 第 1 次 等待 3 秒
2021-07-18 00:07:15 CHB 1494809?1626538030 第 1 次 获取到号码【1494809】GSD
2021-07-18 00:07:15 未获取到号码【1494809】GSD，可能号码格式错误
2021-07-18 00:07:15 获取到号码【1494809】的GSD为【-】
2021-07-18 00:07:18 GSD insert 第 1 次 等待 3 秒
2021-07-18 00:07:21 {"status":"ok","gid":308615,"msg":"添加成功！"}
2021-07-18 00:07:21 下次操作: 2021-07-18 00:07:35

2021-07-18 00:07:35 开始第 34 次操作

2021-07-18 00:07:35 开始操作号码 【1494810】
2021-07-18 00:07:38 GSD getOne 第 1 次 等待 3 秒
2021-07-18 00:07:41 查询号码 【1494810】，返回信息 {"status":"bad","msg":""}
2021-07-18 00:07:41 查询号码 【1494810】，GSD为【""】
2021-07-18 00:07:41 bad
2021-07-18 00:07:43 CHB 1494810?1626538061 第 1 次 等待 3 秒
2021-07-18 00:07:46 CHB 1494810?1626538061 第 1 次 获取到号码【1494810】GSD
2021-07-18 00:07:46 未获取到号码【1494810】GSD，可能号码格式错误
2021-07-18 00:07:46 获取到号码【1494810】的GSD为【-】
2021-07-18 00:07:48 GSD insert 第 1 次 等待 3 秒
2021-07-18 00:07:51 {"status":"ok","gid":308623,"msg":"添加成功！"}
2021-07-18 00:07:51 下次操作: 2021-07-18 00:08:09

2021-07-18 00:08:10 开始第 35 次操作

2021-07-18 00:08:10 开始操作号码 【1494811】
2021-07-18 00:08:17 GSD getOne 第 1 次 等待 3 秒
2021-07-18 00:08:20 查询号码 【1494811】，返回信息 {"status":"bad","msg":""}
2021-07-18 00:08:20 查询号码 【1494811】，GSD为【""】
2021-07-18 00:08:20 bad
2021-07-18 00:08:22 CHB 1494811?1626538100 第 1 次 等待 3 秒
2021-07-18 00:08:25 CHB 1494811?1626538100 第 1 次 获取到号码【1494811】GSD
2021-07-18 00:08:25 未获取到号码【1494811】GSD，可能号码格式错误
2021-07-18 00:08:25 获取到号码【1494811】的GSD为【-】
2021-07-18 00:08:33 GSD insert 第 1 次 等待 3 秒
2021-07-18 00:08:36 {"status":"ok","gid":308634,"msg":"添加成功！"}
2021-07-18 00:08:36 下次操作: 2021-07-18 00:08:50

2021-07-18 00:08:50 开始第 36 次操作

2021-07-18 00:08:50 开始操作号码 【1494812】
2021-07-18 00:08:56 GSD getOne 第 1 次 等待 3 秒
2021-07-18 00:08:59 查询号码 【1494812】，返回信息 {"status":"bad","msg":""}
2021-07-18 00:08:59 查询号码 【1494812】，GSD为【""】
2021-07-18 00:08:59 bad
2021-07-18 00:09:01 CHB 1494812?1626538139 第 1 次 等待 3 秒
2021-07-18 00:09:04 CHB 1494812?1626538139 第 1 次 获取到号码【1494812】GSD
2021-07-18 00:09:04 未获取到号码【1494812】GSD，可能号码格式错误
2021-07-18 00:09:04 获取到号码【1494812】的GSD为【-】
2021-07-18 00:09:09 GSD insert 第 1 次 等待 3 秒
2021-07-18 00:09:12 {"status":"ok","gid":308643,"msg":"添加成功！"}
2021-07-18 00:09:12 下次操作: 2021-07-18 00:09:36

2021-07-18 00:09:36 开始第 37 次操作

2021-07-18 00:09:36 开始操作号码 【1494813】
2021-07-18 00:09:40 GSD getOne 第 1 次 等待 3 秒
2021-07-18 00:09:43 查询号码 【1494813】，返回信息 {"status":"bad","msg":""}
2021-07-18 00:09:43 查询号码 【1494813】，GSD为【""】
2021-07-18 00:09:43 bad
2021-07-18 00:09:45 CHB 1494813?1626538183 第 1 次 等待 3 秒
2021-07-18 00:09:48 CHB 1494813?1626538183 第 1 次 获取到号码【1494813】GSD
2021-07-18 00:09:48 未获取到号码【1494813】GSD，可能号码格式错误
2021-07-18 00:09:48 获取到号码【1494813】的GSD为【-】
2021-07-18 00:09:51 GSD insert 第 1 次 等待 3 秒
2021-07-18 00:09:54 {"status":"ok","gid":308652,"msg":"添加成功！"}
2021-07-18 00:09:54 下次操作: 2021-07-18 00:10:10

2021-07-18 00:10:10 开始第 38 次操作

2021-07-18 00:10:10 开始操作号码 【1494814】
2021-07-18 00:10:14 GSD getOne 第 1 次 等待 3 秒
2021-07-18 00:10:17 查询号码 【1494814】，返回信息 {"status":"bad","msg":""}
2021-07-18 00:10:17 查询号码 【1494814】，GSD为【""】
2021-07-18 00:10:17 bad
2021-07-18 00:10:18 CHB 1494814?1626538217 第 1 次 等待 3 秒
2021-07-18 00:10:21 CHB 1494814?1626538217 第 1 次 获取到号码【1494814】GSD
2021-07-18 00:10:21 未获取到号码【1494814】GSD，可能号码格式错误
2021-07-18 00:10:21 获取到号码【1494814】的GSD为【-】
2021-07-18 00:10:37 GSD insert 第 1 次 等待 3 秒
2021-07-18 00:10:40 {"status":"ok","gid":308659,"msg":"添加成功！"}
2021-07-18 00:10:40 下次操作: 2021-07-18 00:10:59

2021-07-18 00:10:59 开始第 39 次操作

2021-07-18 00:10:59 开始操作号码 【1494815】
2021-07-18 00:11:29 GSD getOne 第 1 次 等待 3 秒
2021-07-18 00:11:32 查询号码 【1494815】，返回信息 {"status":"bad","msg":""}
2021-07-18 00:11:33 查询号码 【1494815】，GSD为【""】
2021-07-18 00:11:33 bad
2021-07-18 00:11:34 CHB 1494815?1626538293 第 1 次 等待 3 秒
2021-07-18 00:11:37 CHB 1494815?1626538293 第 1 次 获取到号码【1494815】GSD
2021-07-18 00:11:37 未获取到号码【1494815】GSD，可能号码格式错误
2021-07-18 00:11:37 获取到号码【1494815】的GSD为【-】
2021-07-18 00:11:42 GSD insert 第 1 次 等待 3 秒
2021-07-18 00:11:45 {"status":"ok","gid":308673,"msg":"添加成功！"}
2021-07-18 00:11:45 下次操作: 2021-07-18 00:11:57

2021-07-18 00:11:57 开始第 40 次操作

2021-07-18 00:11:57 开始操作号码 【1494816】
2021-07-18 00:12:00 GSD getOne 第 1 次 等待 3 秒
2021-07-18 00:12:03 查询号码 【1494816】，返回信息 {"status":"bad","msg":""}
2021-07-18 00:12:03 查询号码 【1494816】，GSD为【""】
2021-07-18 00:12:03 bad
2021-07-18 00:12:05 CHB 1494816?1626538323 第 1 次 等待 3 秒
2021-07-18 00:12:08 CHB 1494816?1626538323 第 1 次 获取到号码【1494816】GSD
2021-07-18 00:12:08 未获取到号码【1494816】GSD，可能号码格式错误
2021-07-18 00:12:08 获取到号码【1494816】的GSD为【-】
2021-07-18 00:12:11 GSD insert 第 1 次 等待 3 秒
2021-07-18 00:12:14 {"status":"ok","gid":308680,"msg":"添加成功！"}

