2024-05-20 00:21:28 开始第 9717 次操作

2024-05-20 00:21:28 开始操作号码 【1579623】
2024-05-20 00:21:35 GSD getOne 第 1 次 等待 3 秒
2024-05-20 00:21:38 查询号码 【1579623】，返回信息 {"status":"ok","msg":"江苏-无锡","gid":"371333","time_insert":"2021-07-24 00:09","time_update":"2023-05-26 22:35"}
2024-05-20 00:21:38 查询号码 【1579623】，GSD为【"江苏-无锡"】

2024-05-20 00:21:39 开始第 9718 次操作

2024-05-20 00:21:39 开始操作号码 【1579624】
2024-05-20 00:21:46 GSD getOne 第 1 次 等待 3 秒
2024-05-20 00:21:49 查询号码 【1579624】，返回信息 {"status":"ok","msg":"河南-开封","gid":"371326","time_insert":"2021-07-24 00:09","time_update":"2023-05-26 22:41"}
2024-05-20 00:21:49 查询号码 【1579624】，GSD为【"河南-开封"】

2024-05-20 00:21:50 开始第 9719 次操作

2024-05-20 00:21:50 开始操作号码 【1579625】
2024-05-20 00:21:59 GSD getOne 第 1 次 等待 3 秒
2024-05-20 00:22:02 查询号码 【1579625】，返回信息 {"status":"ok","msg":"江苏-无锡","gid":"371315","time_insert":"2021-07-24 00:08","time_update":"2023-05-26 22:42"}
2024-05-20 00:22:02 查询号码 【1579625】，GSD为【"江苏-无锡"】

2024-05-20 00:22:03 开始第 9720 次操作

2024-05-20 00:22:03 开始操作号码 【1579626】
2024-05-20 00:22:08 GSD getOne 第 1 次 等待 3 秒
2024-05-20 00:22:11 查询号码 【1579626】，返回信息 {"status":"ok","msg":"江苏-无锡","gid":"371308","time_insert":"2021-07-24 00:07","time_update":"2023-05-26 22:47"}
2024-05-20 00:22:11 查询号码 【1579626】，GSD为【"江苏-无锡"】

2024-05-20 00:39:51 开始第 9721 次操作

2024-05-20 00:39:51 开始操作号码 【1579627】
2024-05-20 00:40:00 GSD getOne 第 1 次 等待 3 秒
2024-05-20 00:40:03 查询号码 【1579627】，返回信息 {"status":"ok","msg":"江苏-无锡","gid":"371299","time_insert":"2021-07-24 00:07","time_update":"2023-05-26 22:50"}
2024-05-20 00:40:03 查询号码 【1579627】，GSD为【"江苏-无锡"】

2024-05-20 00:40:04 开始第 9722 次操作

2024-05-20 00:40:04 开始操作号码 【1579628】
2024-05-20 00:40:18 GSD getOne 第 1 次 等待 3 秒
2024-05-20 00:40:21 查询号码 【1579628】，返回信息 {"status":"ok","msg":"江苏-苏州","gid":"371292","time_insert":"2021-07-24 00:06","time_update":"2023-05-26 22:55"}
2024-05-20 00:40:21 查询号码 【1579628】，GSD为【"江苏-苏州"】

2024-05-20 00:40:22 开始第 9723 次操作

2024-05-20 00:40:22 开始操作号码 【1579629】
2024-05-20 00:40:27 GSD getOne 第 1 次 等待 3 秒
2024-05-20 00:40:30 查询号码 【1579629】，返回信息 {"status":"ok","msg":"江苏-苏州","gid":"371281","time_insert":"2021-07-24 00:05","time_update":"2023-05-26 22:56"}
2024-05-20 00:40:30 查询号码 【1579629】，GSD为【"江苏-苏州"】

2024-05-20 00:40:31 开始第 9724 次操作

2024-05-20 00:40:31 开始操作号码 【1579630】
2024-05-20 00:40:40 GSD getOne 第 1 次 等待 3 秒
2024-05-20 00:40:43 查询号码 【1579630】，返回信息 {"status":"ok","msg":"江苏-苏州","gid":"371268","time_insert":"2021-07-24 00:05","time_update":"2023-05-26 23:02"}
2024-05-20 00:40:43 查询号码 【1579630】，GSD为【"江苏-苏州"】

2024-05-20 01:15:43 开始第 9725 次操作

2024-05-20 01:15:43 开始操作号码 【1579631】
2024-05-20 01:15:50 GSD getOne 第 1 次 等待 3 秒
2024-05-20 01:15:53 查询号码 【1579631】，返回信息 {"status":"ok","msg":"江苏-苏州","gid":"371261","time_insert":"2021-07-24 00:04","time_update":"2023-05-26 23:03"}
2024-05-20 01:15:53 查询号码 【1579631】，GSD为【"江苏-苏州"】

2024-05-20 01:15:54 开始第 9726 次操作

2024-05-20 01:15:54 开始操作号码 【1579632】
2024-05-20 01:16:00 GSD getOne 第 1 次 等待 3 秒
2024-05-20 01:16:03 查询号码 【1579632】，返回信息 {"status":"ok","msg":"江苏-苏州","gid":"371252","time_insert":"2021-07-24 00:03","time_update":"2023-05-26 23:10"}
2024-05-20 01:16:03 查询号码 【1579632】，GSD为【"江苏-苏州"】

2024-05-20 01:16:04 开始第 9727 次操作

2024-05-20 01:16:04 开始操作号码 【1579633】
2024-05-20 01:16:11 GSD getOne 第 1 次 等待 3 秒
2024-05-20 01:16:14 查询号码 【1579633】，返回信息 {"status":"ok","msg":"河北-保定","gid":"371243","time_insert":"2021-07-24 00:03","time_update":"2023-05-26 23:10"}
2024-05-20 01:16:14 查询号码 【1579633】，GSD为【"河北-保定"】

2024-05-20 01:16:15 开始第 9728 次操作

2024-05-20 01:16:15 开始操作号码 【1579634】
2024-05-20 01:16:25 GSD getOne 第 1 次 等待 3 秒
2024-05-20 01:16:28 查询号码 【1579634】，返回信息 {"status":"ok","msg":"河南-驻马店","gid":"371235","time_insert":"2021-07-24 00:02","time_update":"2023-05-26 23:16"}
2024-05-20 01:16:28 查询号码 【1579634】，GSD为【"河南-驻马店"】

