2024-04-25 00:21:03 开始第 5309 次操作

2024-04-25 00:21:03 开始操作号码 【1575222】
2024-04-25 00:21:09 GSD getOne 第 1 次 等待 3 秒
2024-04-25 00:21:12 查询号码 【1575222】，返回信息 {"status":"ok","msg":"云南-曲靖","gid":"421292","time_insert":"2021-07-28 05:02"}
2024-04-25 00:21:12 查询号码 【1575222】，GSD为【"云南-曲靖"】

2024-04-25 00:21:13 开始第 5310 次操作

2024-04-25 00:21:13 开始操作号码 【1575223】
2024-04-25 00:21:18 GSD getOne 第 1 次 等待 3 秒
2024-04-25 00:21:21 查询号码 【1575223】，返回信息 {"status":"ok","msg":"云南-曲靖","gid":"421284","time_insert":"2021-07-28 05:02"}
2024-04-25 00:21:21 查询号码 【1575223】，GSD为【"云南-曲靖"】

2024-04-25 00:21:22 开始第 5311 次操作

2024-04-25 00:21:22 开始操作号码 【1575224】
2024-04-25 00:21:28 GSD getOne 第 1 次 等待 3 秒
2024-04-25 00:21:31 查询号码 【1575224】，返回信息 {"status":"ok","msg":"云南-曲靖","gid":"421279","time_insert":"2021-07-28 05:01"}
2024-04-25 00:21:31 查询号码 【1575224】，GSD为【"云南-曲靖"】

2024-04-25 00:21:32 开始第 5312 次操作

2024-04-25 00:21:32 开始操作号码 【1575225】
2024-04-25 00:21:38 GSD getOne 第 1 次 等待 3 秒
2024-04-25 00:21:41 查询号码 【1575225】，返回信息 {"status":"ok","msg":"云南-红河","gid":"421275","time_insert":"2021-07-28 05:00"}
2024-04-25 00:21:41 查询号码 【1575225】，GSD为【"云南-红河"】

2024-04-25 00:39:08 开始第 5313 次操作

2024-04-25 00:39:08 开始操作号码 【1575226】
2024-04-25 00:39:18 GSD getOne 第 1 次 等待 3 秒
2024-04-25 00:39:21 查询号码 【1575226】，返回信息 {"status":"ok","msg":"云南-红河","gid":"421269","time_insert":"2021-07-28 05:00","time_update":"2021-07-28 15:02"}
2024-04-25 00:39:21 查询号码 【1575226】，GSD为【"云南-红河"】

2024-04-25 00:39:22 开始第 5314 次操作

2024-04-25 00:39:22 开始操作号码 【1575227】
2024-04-25 00:39:29 GSD getOne 第 1 次 等待 3 秒
2024-04-25 00:39:32 查询号码 【1575227】，返回信息 {"status":"ok","msg":"云南-红河","gid":"23692","time_insert":"2017-08-23 22:54","time_update":"2020-12-01 04:54"}
2024-04-25 00:39:32 查询号码 【1575227】，GSD为【"云南-红河"】

2024-04-25 00:39:33 开始第 5315 次操作

2024-04-25 00:39:33 开始操作号码 【1575228】
2024-04-25 00:39:39 GSD getOne 第 1 次 等待 3 秒
2024-04-25 00:39:42 查询号码 【1575228】，返回信息 {"status":"ok","msg":"云南-红河","gid":"23693","time_insert":"2017-07-27 08:31","time_update":"2020-12-01 04:58"}
2024-04-25 00:39:42 查询号码 【1575228】，GSD为【"云南-红河"】

2024-04-25 00:39:43 开始第 5316 次操作

2024-04-25 00:39:43 开始操作号码 【1575229】
2024-04-25 00:39:48 GSD getOne 第 1 次 等待 3 秒
2024-04-25 00:39:51 查询号码 【1575229】，返回信息 {"status":"ok","msg":"云南-红河","gid":"23694","time_insert":"2017-08-22 15:03","time_update":"2020-12-01 05:03"}
2024-04-25 00:39:51 查询号码 【1575229】，GSD为【"云南-红河"】

2024-04-25 01:17:22 开始第 5317 次操作

2024-04-25 01:17:22 开始操作号码 【1575230】
2024-04-25 01:17:27 GSD getOne 第 1 次 等待 3 秒
2024-04-25 01:17:30 查询号码 【1575230】，返回信息 {"status":"ok","msg":"云南-西双版纳","gid":"23695","time_insert":"2017-08-03 00:40","time_update":"2020-12-01 05:07"}
2024-04-25 01:17:30 查询号码 【1575230】，GSD为【"云南-西双版纳"】

2024-04-25 01:17:31 开始第 5318 次操作

2024-04-25 01:17:31 开始操作号码 【1575231】
2024-04-25 01:17:36 GSD getOne 第 1 次 等待 3 秒
2024-04-25 01:17:39 查询号码 【1575231】，返回信息 {"status":"ok","msg":"云南-西双版纳","gid":"23696","time_insert":"2017-05-25 15:43","time_update":"2020-12-01 05:07"}
2024-04-25 01:17:39 查询号码 【1575231】，GSD为【"云南-西双版纳"】

2024-04-25 01:17:40 开始第 5319 次操作

2024-04-25 01:17:40 开始操作号码 【1575232】
2024-04-25 01:17:45 GSD getOne 第 1 次 等待 3 秒
2024-04-25 01:17:48 查询号码 【1575232】，返回信息 {"status":"ok","msg":"云南-西双版纳","gid":"23697","time_insert":"2017-08-02 22:18","time_update":"2020-12-01 05:11"}
2024-04-25 01:17:48 查询号码 【1575232】，GSD为【"云南-西双版纳"】

2024-04-25 01:17:49 开始第 5320 次操作

2024-04-25 01:17:49 开始操作号码 【1575233】
2024-04-25 01:17:55 GSD getOne 第 1 次 等待 3 秒
2024-04-25 01:17:58 查询号码 【1575233】，返回信息 {"status":"ok","msg":"云南-西双版纳","gid":"421258","time_insert":"2021-07-28 04:59"}
2024-04-25 01:17:58 查询号码 【1575233】，GSD为【"云南-西双版纳"】

