2023-12-28 00:22:00 开始第 5485 次操作

2023-12-28 00:22:00 开始操作号码 【1795399】
2023-12-28 00:22:07 GSD getOne 第 1 次 等待 3 秒
2023-12-28 00:22:10 查询号码 【1795399】，返回信息 {"status":"ok","msg":"-","gid":"650842","time_insert":"2023-04-13 05:00"}
2023-12-28 00:22:10 查询号码 【1795399】，GSD为【"-"】
2023-12-28 00:22:10 ok && -
2023-12-28 00:22:12 CHB 1795399?1703694130 第 1 次 等待 3 秒
2023-12-28 00:22:15 CHB 1795399?1703694130 第 1 次 获取到号码【1795399】GSD
2023-12-28 00:22:15 未获取到号码【1795399】GSD，可能号码格式错误
2023-12-28 00:22:15 获取到号码【1795399】的GSD为【-】
2023-12-28 00:22:19 GSD insert 第 1 次 等待 3 秒
2023-12-28 00:22:22 {"status":"bad","gid":"650842","msg":"添加失败！号码【1795399(-|-)】已存在！"}
2023-12-28 00:22:22 随机等待 143 秒，约 2 分钟
2023-12-28 00:22:22 下次操作: 2023-12-28 00:24:45

2023-12-28 00:24:45 开始第 5486 次操作

2023-12-28 00:24:45 开始操作号码 【1795400】
2023-12-28 00:24:49 GSD getOne 第 1 次 等待 3 秒
2023-12-28 00:24:52 查询号码 【1795400】，返回信息 {"status":"ok","msg":"-","gid":"650871","time_insert":"2023-04-13 05:18"}
2023-12-28 00:24:52 查询号码 【1795400】，GSD为【"-"】
2023-12-28 00:24:52 ok && -
2023-12-28 00:24:54 CHB 1795400?1703694292 第 1 次 等待 3 秒
2023-12-28 00:24:57 CHB 1795400?1703694292 第 1 次 获取到号码【1795400】GSD
2023-12-28 00:24:57 未获取到号码【1795400】GSD，可能号码格式错误
2023-12-28 00:24:57 获取到号码【1795400】的GSD为【-】
2023-12-28 00:25:01 GSD insert 第 1 次 等待 3 秒
2023-12-28 00:25:04 {"status":"bad","gid":"650871","msg":"添加失败！号码【1795400(-|-)】已存在！"}
2023-12-28 00:25:04 随机等待 111 秒，约 1 分钟
2023-12-28 00:25:04 下次操作: 2023-12-28 00:26:55

2023-12-28 00:26:55 开始第 5487 次操作

2023-12-28 00:26:55 开始操作号码 【1795401】
2023-12-28 00:26:58 GSD getOne 第 1 次 等待 3 秒
2023-12-28 00:27:01 查询号码 【1795401】，返回信息 {"status":"ok","msg":"-","gid":"650903","time_insert":"2023-04-13 05:37"}
2023-12-28 00:27:01 查询号码 【1795401】，GSD为【"-"】
2023-12-28 00:27:01 ok && -
2023-12-28 00:27:04 CHB 1795401?1703694421 第 1 次 等待 3 秒
2023-12-28 00:27:07 CHB 1795401?1703694421 第 1 次 获取到号码【1795401】GSD
2023-12-28 00:27:07 未获取到号码【1795401】GSD，可能号码格式错误
2023-12-28 00:27:07 获取到号码【1795401】的GSD为【-】
2023-12-28 00:27:11 GSD insert 第 1 次 等待 3 秒
2023-12-28 00:27:14 {"status":"bad","gid":"650903","msg":"添加失败！号码【1795401(-|-)】已存在！"}
2023-12-28 00:27:14 随机等待 181 秒，约 3 分钟
2023-12-28 00:27:14 下次操作: 2023-12-28 00:30:15

2023-12-28 00:30:15 开始第 5488 次操作

2023-12-28 00:30:15 开始操作号码 【1795402】
2023-12-28 00:30:19 GSD getOne 第 1 次 等待 3 秒
2023-12-28 00:30:22 查询号码 【1795402】，返回信息 {"status":"ok","msg":"-","gid":"650932","time_insert":"2023-04-13 05:55"}
2023-12-28 00:30:22 查询号码 【1795402】，GSD为【"-"】
2023-12-28 00:30:22 ok && -
2023-12-28 00:30:24 CHB 1795402?1703694622 第 1 次 等待 3 秒
2023-12-28 00:30:27 CHB 1795402?1703694622 第 1 次 获取到号码【1795402】GSD
2023-12-28 00:30:27 未获取到号码【1795402】GSD，可能号码格式错误
2023-12-28 00:30:27 获取到号码【1795402】的GSD为【-】
2023-12-28 00:30:31 GSD insert 第 1 次 等待 3 秒
2023-12-28 00:30:34 {"status":"bad","gid":"650932","msg":"添加失败！号码【1795402(-|-)】已存在！"}

