2023-11-29 00:23:48 开始第 373 次操作

2023-11-29 00:23:48 开始操作号码 【1790288】
2023-11-29 00:23:51 GSD getOne 第 1 次 等待 3 秒
2023-11-29 00:23:54 查询号码 【1790288】，返回信息 {"status":"ok","msg":"-","gid":"539498","time_insert":"2023-02-19 04:44"}
2023-11-29 00:23:54 查询号码 【1790288】，GSD为【"-"】
2023-11-29 00:23:54 ok && -
2023-11-29 00:23:57 CHB 1790288?1701188634 第 1 次 等待 3 秒
2023-11-29 00:24:00 CHB 1790288?1701188634 第 1 次 获取到号码【1790288】GSD
2023-11-29 00:24:00 未获取到号码【1790288】GSD，可能号码格式错误
2023-11-29 00:24:00 获取到号码【1790288】的GSD为【-】
2023-11-29 00:24:04 GSD insert 第 1 次 等待 3 秒
2023-11-29 00:24:07 {"status":"bad","gid":"539498","msg":"添加失败！号码【1790288(-|-)】已存在！"}
2023-11-29 00:24:07 随机等待 226 秒，约 3 分钟
2023-11-29 00:24:07 下次操作: 2023-11-29 00:27:53

2023-11-29 00:27:53 开始第 374 次操作

2023-11-29 00:27:53 开始操作号码 【1790289】
2023-11-29 00:27:57 GSD getOne 第 1 次 等待 3 秒
2023-11-29 00:28:00 查询号码 【1790289】，返回信息 {"status":"ok","msg":"-","gid":"539535","time_insert":"2023-02-19 05:02"}
2023-11-29 00:28:00 查询号码 【1790289】，GSD为【"-"】
2023-11-29 00:28:00 ok && -
2023-11-29 00:28:03 CHB 1790289?1701188880 第 1 次 等待 3 秒
2023-11-29 00:28:06 CHB 1790289?1701188880 第 1 次 获取到号码【1790289】GSD
2023-11-29 00:28:06 未获取到号码【1790289】GSD，可能号码格式错误
2023-11-29 00:28:06 获取到号码【1790289】的GSD为【-】
2023-11-29 00:28:10 GSD insert 第 1 次 等待 3 秒
2023-11-29 00:28:13 {"status":"bad","gid":"539535","msg":"添加失败！号码【1790289(-|-)】已存在！"}
2023-11-29 00:28:13 随机等待 150 秒，约 2 分钟
2023-11-29 00:28:13 下次操作: 2023-11-29 00:30:43

2023-11-29 00:30:43 开始第 375 次操作

2023-11-29 00:30:43 开始操作号码 【1790290】
2023-11-29 00:30:46 GSD getOne 第 1 次 等待 3 秒
2023-11-29 00:30:49 查询号码 【1790290】，返回信息 {"status":"ok","msg":"-","gid":"539560","time_insert":"2023-02-19 05:20"}
2023-11-29 00:30:49 查询号码 【1790290】，GSD为【"-"】
2023-11-29 00:30:49 ok && -
2023-11-29 00:30:52 CHB 1790290?1701189049 第 1 次 等待 3 秒
2023-11-29 00:30:55 CHB 1790290?1701189049 第 1 次 获取到号码【1790290】GSD
2023-11-29 00:30:55 未获取到号码【1790290】GSD，可能号码格式错误
2023-11-29 00:30:55 获取到号码【1790290】的GSD为【-】
2023-11-29 00:30:58 GSD insert 第 1 次 等待 3 秒
2023-11-29 00:31:01 {"status":"bad","gid":"539560","msg":"添加失败！号码【1790290(-|-)】已存在！"}
2023-11-29 00:31:01 随机等待 173 秒，约 2 分钟
2023-11-29 00:31:01 下次操作: 2023-11-29 00:33:54

2023-11-29 00:33:54 开始第 376 次操作

2023-11-29 00:33:54 开始操作号码 【1790291】
2023-11-29 00:33:59 GSD getOne 第 1 次 等待 3 秒
2023-11-29 00:34:02 查询号码 【1790291】，返回信息 {"status":"ok","msg":"-","gid":"539587","time_insert":"2023-02-19 05:37"}
2023-11-29 00:34:02 查询号码 【1790291】，GSD为【"-"】
2023-11-29 00:34:02 ok && -
2023-11-29 00:34:05 CHB 1790291?1701189242 第 1 次 等待 3 秒
2023-11-29 00:34:08 CHB 1790291?1701189242 第 1 次 获取到号码【1790291】GSD
2023-11-29 00:34:08 未获取到号码【1790291】GSD，可能号码格式错误
2023-11-29 00:34:08 获取到号码【1790291】的GSD为【-】
2023-11-29 00:34:11 GSD insert 第 1 次 等待 3 秒
2023-11-29 00:34:14 {"status":"bad","gid":"539587","msg":"添加失败！号码【1790291(-|-)】已存在！"}

2023-11-29 00:41:40 开始第 377 次操作

2023-11-29 00:41:40 开始操作号码 【1790292】
2023-11-29 00:41:51 GSD getOne 第 1 次 等待 3 秒
2023-11-29 00:41:54 查询号码 【1790292】，返回信息 {"status":"ok","msg":"-","gid":"539624","time_insert":"2023-02-19 05:56"}
2023-11-29 00:41:54 查询号码 【1790292】，GSD为【"-"】
2023-11-29 00:41:54 ok && -
2023-11-29 00:41:56 CHB 1790292?1701189714 第 1 次 等待 3 秒
2023-11-29 00:41:59 CHB 1790292?1701189714 第 1 次 获取到号码【1790292】GSD
2023-11-29 00:41:59 未获取到号码【1790292】GSD，可能号码格式错误
2023-11-29 00:41:59 获取到号码【1790292】的GSD为【-】
2023-11-29 00:42:06 GSD insert 第 1 次 等待 3 秒
2023-11-29 00:42:09 {"status":"bad","gid":"539624","msg":"添加失败！号码【1790292(-|-)】已存在！"}
2023-11-29 00:42:09 随机等待 132 秒，约 2 分钟
2023-11-29 00:42:09 下次操作: 2023-11-29 00:44:21

2023-11-29 00:44:21 开始第 378 次操作

2023-11-29 00:44:21 开始操作号码 【1790293】
2023-11-29 00:44:25 GSD getOne 第 1 次 等待 3 秒
2023-11-29 00:44:28 查询号码 【1790293】，返回信息 {"status":"ok","msg":"-","gid":"539650","time_insert":"2023-02-19 06:14"}
2023-11-29 00:44:28 查询号码 【1790293】，GSD为【"-"】
2023-11-29 00:44:28 ok && -
2023-11-29 00:44:31 CHB 1790293?1701189868 第 1 次 等待 3 秒
2023-11-29 00:44:34 CHB 1790293?1701189868 第 1 次 获取到号码【1790293】GSD
2023-11-29 00:44:34 未获取到号码【1790293】GSD，可能号码格式错误
2023-11-29 00:44:34 获取到号码【1790293】的GSD为【-】
2023-11-29 00:44:38 GSD insert 第 1 次 等待 3 秒
2023-11-29 00:44:41 {"status":"bad","gid":"539650","msg":"添加失败！号码【1790293(-|-)】已存在！"}
2023-11-29 00:44:41 随机等待 112 秒，约 1 分钟
2023-11-29 00:44:41 下次操作: 2023-11-29 00:46:33

2023-11-29 00:46:33 开始第 379 次操作

2023-11-29 00:46:33 开始操作号码 【1790294】
2023-11-29 00:46:36 GSD getOne 第 1 次 等待 3 秒
2023-11-29 00:46:39 查询号码 【1790294】，返回信息 {"status":"ok","msg":"-","gid":"539676","time_insert":"2023-02-19 06:29"}
2023-11-29 00:46:39 查询号码 【1790294】，GSD为【"-"】
2023-11-29 00:46:39 ok && -
2023-11-29 00:46:42 CHB 1790294?1701189999 第 1 次 等待 3 秒
2023-11-29 00:46:45 CHB 1790294?1701189999 第 1 次 获取到号码【1790294】GSD
2023-11-29 00:46:45 未获取到号码【1790294】GSD，可能号码格式错误
2023-11-29 00:46:45 获取到号码【1790294】的GSD为【-】
2023-11-29 00:46:49 GSD insert 第 1 次 等待 3 秒
2023-11-29 00:46:52 {"status":"bad","gid":"539676","msg":"添加失败！号码【1790294(-|-)】已存在！"}
2023-11-29 00:46:52 随机等待 151 秒，约 2 分钟
2023-11-29 00:46:52 下次操作: 2023-11-29 00:49:23

2023-11-29 00:49:23 开始第 380 次操作

2023-11-29 00:49:23 开始操作号码 【1790295】
2023-11-29 00:49:27 GSD getOne 第 1 次 等待 3 秒
2023-11-29 00:49:30 查询号码 【1790295】，返回信息 {"status":"ok","msg":"-","gid":"539711","time_insert":"2023-02-19 06:48"}
2023-11-29 00:49:30 查询号码 【1790295】，GSD为【"-"】
2023-11-29 00:49:30 ok && -
2023-11-29 00:49:32 CHB 1790295?1701190170 第 1 次 等待 3 秒
2023-11-29 00:49:35 CHB 1790295?1701190170 第 1 次 获取到号码【1790295】GSD
2023-11-29 00:49:35 未获取到号码【1790295】GSD，可能号码格式错误
2023-11-29 00:49:35 获取到号码【1790295】的GSD为【-】
2023-11-29 00:49:39 GSD insert 第 1 次 等待 3 秒
2023-11-29 00:49:42 {"status":"bad","gid":"539711","msg":"添加失败！号码【1790295(-|-)】已存在！"}

