2024-03-20 00:21:49 开始第 9705 次操作

2024-03-20 00:21:49 开始操作号码 【1689617】
2024-03-20 00:21:54 GSD getOne 第 1 次 等待 3 秒
2024-03-20 00:21:57 查询号码 【1689617】，返回信息 {"status":"ok","msg":"-","gid":"659975","time_insert":"2023-04-17 12:20"}
2024-03-20 00:21:57 查询号码 【1689617】，GSD为【"-"】
2024-03-20 00:21:57 ok && -
2024-03-20 00:22:00 CHB 1689617?1710865317 第 1 次 等待 3 秒
2024-03-20 00:22:03 CHB 1689617?1710865317 第 1 次 获取到号码【1689617】GSD
2024-03-20 00:22:03 未获取到号码【1689617】GSD，可能号码格式错误
2024-03-20 00:22:03 获取到号码【1689617】的GSD为【-】
2024-03-20 00:22:07 GSD insert 第 1 次 等待 3 秒
2024-03-20 00:22:10 {"status":"bad","gid":"659975","msg":"添加失败！号码【1689617(-|-)】已存在！"}
2024-03-20 00:22:10 随机等待 135 秒，约 2 分钟
2024-03-20 00:22:10 下次操作: 2024-03-20 00:24:25

2024-03-20 00:24:25 开始第 9706 次操作

2024-03-20 00:24:25 开始操作号码 【1689618】
2024-03-20 00:24:30 GSD getOne 第 1 次 等待 3 秒
2024-03-20 00:24:33 查询号码 【1689618】，返回信息 {"status":"ok","msg":"-","gid":"659967","time_insert":"2023-04-17 12:17"}
2024-03-20 00:24:33 查询号码 【1689618】，GSD为【"-"】
2024-03-20 00:24:33 ok && -
2024-03-20 00:24:40 CHB 1689618?1710865473 第 1 次 等待 3 秒
2024-03-20 00:24:43 CHB 1689618?1710865473 第 1 次 获取到号码【1689618】GSD
2024-03-20 00:24:43 未获取到号码【1689618】GSD，可能号码格式错误
2024-03-20 00:24:43 获取到号码【1689618】的GSD为【-】
2024-03-20 00:24:48 GSD insert 第 1 次 等待 3 秒
2024-03-20 00:24:51 {"status":"bad","gid":"659967","msg":"添加失败！号码【1689618(-|-)】已存在！"}
2024-03-20 00:24:51 随机等待 183 秒，约 3 分钟
2024-03-20 00:24:51 下次操作: 2024-03-20 00:27:54

2024-03-20 00:27:54 开始第 9707 次操作

2024-03-20 00:27:54 开始操作号码 【1689619】
2024-03-20 00:28:02 GSD getOne 第 1 次 等待 3 秒
2024-03-20 00:28:05 查询号码 【1689619】，返回信息 {"status":"ok","msg":"-","gid":"659963","time_insert":"2023-04-17 12:15"}
2024-03-20 00:28:05 查询号码 【1689619】，GSD为【"-"】
2024-03-20 00:28:05 ok && -
2024-03-20 00:28:07 CHB 1689619?1710865685 第 1 次 等待 3 秒
2024-03-20 00:28:10 CHB 1689619?1710865685 第 1 次 获取到号码【1689619】GSD
2024-03-20 00:28:10 未获取到号码【1689619】GSD，可能号码格式错误
2024-03-20 00:28:10 获取到号码【1689619】的GSD为【-】
2024-03-20 00:28:15 GSD insert 第 1 次 等待 3 秒
2024-03-20 00:28:18 {"status":"bad","gid":"659963","msg":"添加失败！号码【1689619(-|-)】已存在！"}
2024-03-20 00:28:18 随机等待 206 秒，约 3 分钟
2024-03-20 00:28:18 下次操作: 2024-03-20 00:31:44

2024-03-20 00:31:44 开始第 9708 次操作

2024-03-20 00:31:44 开始操作号码 【1689620】
2024-03-20 00:31:49 GSD getOne 第 1 次 等待 3 秒
2024-03-20 00:31:52 查询号码 【1689620】，返回信息 {"status":"ok","msg":"-","gid":"659949","time_insert":"2023-04-17 12:02"}
2024-03-20 00:31:52 查询号码 【1689620】，GSD为【"-"】
2024-03-20 00:31:52 ok && -
2024-03-20 00:33:13 CHB 1689620?1710865912 第 1 次 等待 3 秒
2024-03-20 00:33:16 CHB 1689620?1710865912 第 1 次 获取到号码【1689620】GSD
2024-03-20 00:33:16 未获取到号码【1689620】GSD，可能号码格式错误
2024-03-20 00:33:16 获取到号码【1689620】的GSD为【-】
2024-03-20 00:33:20 GSD insert 第 1 次 等待 3 秒
2024-03-20 00:33:23 {"status":"bad","gid":"659949","msg":"添加失败！号码【1689620(-|-)】已存在！"}

2024-03-20 00:41:02 开始第 9709 次操作

2024-03-20 00:41:02 开始操作号码 【1689621】
2024-03-20 00:41:13 GSD getOne 第 1 次 等待 3 秒
2024-03-20 00:41:16 查询号码 【1689621】，返回信息 {"status":"ok","msg":"-","gid":"659945","time_insert":"2023-04-17 12:00"}
2024-03-20 00:41:16 查询号码 【1689621】，GSD为【"-"】
2024-03-20 00:41:16 ok && -
2024-03-20 00:41:19 CHB 1689621?1710866476 第 1 次 等待 3 秒
2024-03-20 00:41:22 CHB 1689621?1710866476 第 1 次 获取到号码【1689621】GSD
2024-03-20 00:41:22 未获取到号码【1689621】GSD，可能号码格式错误
2024-03-20 00:41:22 获取到号码【1689621】的GSD为【-】
2024-03-20 00:41:28 GSD insert 第 1 次 等待 3 秒
2024-03-20 00:41:31 {"status":"bad","gid":"659945","msg":"添加失败！号码【1689621(-|-)】已存在！"}
2024-03-20 00:41:31 随机等待 114 秒，约 1 分钟
2024-03-20 00:41:31 下次操作: 2024-03-20 00:43:25

2024-03-20 00:43:25 开始第 9710 次操作

2024-03-20 00:43:25 开始操作号码 【1689622】
2024-03-20 00:43:31 GSD getOne 第 1 次 等待 3 秒
2024-03-20 00:43:34 查询号码 【1689622】，返回信息 {"status":"ok","msg":"-","gid":"659940","time_insert":"2023-04-17 11:58"}
2024-03-20 00:43:34 查询号码 【1689622】，GSD为【"-"】
2024-03-20 00:43:34 ok && -
2024-03-20 00:43:37 CHB 1689622?1710866614 第 1 次 等待 3 秒
2024-03-20 00:43:40 CHB 1689622?1710866614 第 1 次 获取到号码【1689622】GSD
2024-03-20 00:43:40 未获取到号码【1689622】GSD，可能号码格式错误
2024-03-20 00:43:40 获取到号码【1689622】的GSD为【-】
2024-03-20 00:43:45 GSD insert 第 1 次 等待 3 秒
2024-03-20 00:43:48 {"status":"bad","gid":"659940","msg":"添加失败！号码【1689622(-|-)】已存在！"}
2024-03-20 00:43:48 随机等待 142 秒，约 2 分钟
2024-03-20 00:43:48 下次操作: 2024-03-20 00:46:10

2024-03-20 00:46:10 开始第 9711 次操作

2024-03-20 00:46:10 开始操作号码 【1689623】
2024-03-20 00:46:15 GSD getOne 第 1 次 等待 3 秒
2024-03-20 00:46:18 查询号码 【1689623】，返回信息 {"status":"ok","msg":"-","gid":"659935","time_insert":"2023-04-17 11:55"}
2024-03-20 00:46:18 查询号码 【1689623】，GSD为【"-"】
2024-03-20 00:46:18 ok && -
2024-03-20 00:46:24 CHB 1689623?1710866778 第 1 次 等待 3 秒
2024-03-20 00:46:27 CHB 1689623?1710866778 第 1 次 获取到号码【1689623】GSD
2024-03-20 00:46:27 未获取到号码【1689623】GSD，可能号码格式错误
2024-03-20 00:46:27 获取到号码【1689623】的GSD为【-】
2024-03-20 00:46:32 GSD insert 第 1 次 等待 3 秒
2024-03-20 00:46:35 {"status":"bad","gid":"659935","msg":"添加失败！号码【1689623(-|-)】已存在！"}
2024-03-20 00:46:35 随机等待 70 秒，约 1 分钟
2024-03-20 00:46:35 下次操作: 2024-03-20 00:47:45

2024-03-20 00:47:45 开始第 9712 次操作

2024-03-20 00:47:45 开始操作号码 【1689624】
2024-03-20 00:47:51 GSD getOne 第 1 次 等待 3 秒
2024-03-20 00:47:54 查询号码 【1689624】，返回信息 {"status":"ok","msg":"-","gid":"659932","time_insert":"2023-04-17 11:52"}
2024-03-20 00:47:54 查询号码 【1689624】，GSD为【"-"】
2024-03-20 00:47:54 ok && -
2024-03-20 00:47:56 CHB 1689624?1710866874 第 1 次 等待 3 秒
2024-03-20 00:47:59 CHB 1689624?1710866874 第 1 次 获取到号码【1689624】GSD
2024-03-20 00:47:59 未获取到号码【1689624】GSD，可能号码格式错误
2024-03-20 00:47:59 获取到号码【1689624】的GSD为【-】
2024-03-20 00:48:04 GSD insert 第 1 次 等待 3 秒
2024-03-20 00:48:07 {"status":"bad","gid":"659932","msg":"添加失败！号码【1689624(-|-)】已存在！"}

