2024-06-24 00:21:37 开始第 2317 次操作

2024-06-24 00:21:37 开始操作号码 【1462221】
2024-06-24 00:22:48 GSD getOne 第 1 次 等待 3 秒
2024-06-24 00:22:51 查询号码 【1462221】，返回信息 {"status":"ok","msg":"广东-东莞","gid":"133934","time_insert":"2021-06-26 19:18"}
2024-06-24 00:22:51 查询号码 【1462221】，GSD为【"广东-东莞"】

2024-06-24 00:22:52 开始第 2318 次操作

2024-06-24 00:22:52 开始操作号码 【1462222】
2024-06-24 00:23:10 GSD getOne 第 1 次 等待 3 秒
2024-06-24 00:23:13 查询号码 【1462222】，返回信息 {"status":"ok","msg":"广东-东莞","gid":"134018","time_insert":"2021-06-26 19:38"}
2024-06-24 00:23:13 查询号码 【1462222】，GSD为【"广东-东莞"】

2024-06-24 00:23:14 开始第 2319 次操作

2024-06-24 00:23:14 开始操作号码 【1462223】
2024-06-24 00:23:33 GSD getOne 第 1 次 等待 3 秒
2024-06-24 00:23:36 查询号码 【1462223】，返回信息 {"status":"ok","msg":"广东-东莞","gid":"134230","time_insert":"2021-06-26 19:58"}
2024-06-24 00:23:36 查询号码 【1462223】，GSD为【"广东-东莞"】

2024-06-24 00:23:37 开始第 2320 次操作

2024-06-24 00:23:37 开始操作号码 【1462224】
2024-06-24 00:23:54 GSD getOne 第 1 次 等待 3 秒
2024-06-24 00:23:57 查询号码 【1462224】，返回信息 {"status":"ok","msg":"广东-东莞","gid":"134270","time_insert":"2021-06-26 20:21"}
2024-06-24 00:23:57 查询号码 【1462224】，GSD为【"广东-东莞"】

2024-06-24 00:39:04 开始第 2321 次操作

2024-06-24 00:39:04 开始操作号码 【1462225】
2024-06-24 00:39:22 GSD getOne 第 1 次 等待 3 秒
2024-06-24 00:39:25 查询号码 【1462225】，返回信息 {"status":"ok","msg":"广东-东莞","gid":"134308","time_insert":"2021-06-26 20:44","time_update":"2021-07-27 09:12"}
2024-06-24 00:39:25 查询号码 【1462225】，GSD为【"广东-东莞"】

2024-06-24 00:39:26 开始第 2322 次操作

2024-06-24 00:39:26 开始操作号码 【1462226】
2024-06-24 00:39:56 GSD getOne 第 1 次 等待 3 秒
2024-06-24 00:39:59 查询号码 【1462226】，返回信息 {"status":"ok","msg":"广东-东莞","gid":"134345","time_insert":"2021-06-26 21:09"}
2024-06-24 00:39:59 查询号码 【1462226】，GSD为【"广东-东莞"】

2024-06-24 00:40:00 开始第 2323 次操作

2024-06-24 00:40:00 开始操作号码 【1462227】
2024-06-24 00:42:16 GSD getOne 第 1 次 等待 3 秒
2024-06-24 00:42:19 查询号码 【1462227】，返回信息 {"status":"ok","msg":"广东-东莞","gid":"134484","time_insert":"2021-06-26 21:28"}
2024-06-24 00:42:19 查询号码 【1462227】，GSD为【"广东-东莞"】

2024-06-24 00:42:20 开始第 2324 次操作

2024-06-24 00:42:20 开始操作号码 【1462228】
2024-06-24 00:42:35 GSD getOne 第 1 次 等待 3 秒
2024-06-24 00:42:38 查询号码 【1462228】，返回信息 {"status":"ok","msg":"广东-东莞","gid":"134660","time_insert":"2021-06-26 21:44"}
2024-06-24 00:42:38 查询号码 【1462228】，GSD为【"广东-东莞"】

