2024-02-24 00:20:22 开始第 5305 次操作

2024-02-24 00:20:22 开始操作号码 【1685217】
2024-02-24 00:20:26 GSD getOne 第 1 次 等待 3 秒
2024-02-24 00:20:29 查询号码 【1685217】，返回信息 {"status":"ok","msg":"-","gid":"628827","time_insert":"2023-04-02 00:48"}
2024-02-24 00:20:29 查询号码 【1685217】，GSD为【"-"】
2024-02-24 00:20:29 ok && -
2024-02-24 00:20:31 CHB 1685217?1708705229 第 1 次 等待 3 秒
2024-02-24 00:20:34 CHB 1685217?1708705229 第 1 次 获取到号码【1685217】GSD
2024-02-24 00:20:34 未获取到号码【1685217】GSD，可能号码格式错误
2024-02-24 00:20:34 获取到号码【1685217】的GSD为【-】
2024-02-24 00:20:39 GSD insert 第 1 次 等待 3 秒
2024-02-24 00:20:42 {"status":"bad","gid":"628827","msg":"添加失败！号码【1685217(-|-)】已存在！"}
2024-02-24 00:20:42 随机等待 198 秒，约 3 分钟
2024-02-24 00:20:42 下次操作: 2024-02-24 00:24:00

2024-02-24 00:24:00 开始第 5306 次操作

2024-02-24 00:24:00 开始操作号码 【1685218】
2024-02-24 00:24:08 GSD getOne 第 1 次 等待 3 秒
2024-02-24 00:24:11 查询号码 【1685218】，返回信息 {"status":"ok","msg":"-","gid":"628855","time_insert":"2023-04-02 01:09"}
2024-02-24 00:24:11 查询号码 【1685218】，GSD为【"-"】
2024-02-24 00:24:11 ok && -
2024-02-24 00:24:14 CHB 1685218?1708705451 第 1 次 等待 3 秒
2024-02-24 00:24:17 CHB 1685218?1708705451 第 1 次 获取到号码【1685218】GSD
2024-02-24 00:24:17 未获取到号码【1685218】GSD，可能号码格式错误
2024-02-24 00:24:17 获取到号码【1685218】的GSD为【-】
2024-02-24 00:24:25 GSD insert 第 1 次 等待 3 秒
2024-02-24 00:24:28 {"status":"bad","gid":"628855","msg":"添加失败！号码【1685218(-|-)】已存在！"}
2024-02-24 00:24:28 随机等待 66 秒，约 1 分钟
2024-02-24 00:24:28 下次操作: 2024-02-24 00:25:34

2024-02-24 00:25:34 开始第 5307 次操作

2024-02-24 00:25:34 开始操作号码 【1685219】
2024-02-24 00:25:40 GSD getOne 第 1 次 等待 3 秒
2024-02-24 00:25:43 查询号码 【1685219】，返回信息 {"status":"ok","msg":"-","gid":"628889","time_insert":"2023-04-02 01:31"}
2024-02-24 00:25:43 查询号码 【1685219】，GSD为【"-"】
2024-02-24 00:25:43 ok && -
2024-02-24 00:25:49 CHB 1685219?1708705543 第 1 次 等待 3 秒
2024-02-24 00:25:52 CHB 1685219?1708705543 第 1 次 获取到号码【1685219】GSD
2024-02-24 00:25:52 未获取到号码【1685219】GSD，可能号码格式错误
2024-02-24 00:25:52 获取到号码【1685219】的GSD为【-】
2024-02-24 00:25:56 GSD insert 第 1 次 等待 3 秒
2024-02-24 00:25:59 {"status":"bad","gid":"628889","msg":"添加失败！号码【1685219(-|-)】已存在！"}
2024-02-24 00:25:59 随机等待 90 秒，约 1 分钟
2024-02-24 00:25:59 下次操作: 2024-02-24 00:27:29

2024-02-24 00:27:29 开始第 5308 次操作

2024-02-24 00:27:29 开始操作号码 【1685220】
2024-02-24 00:27:34 GSD getOne 第 1 次 等待 3 秒
2024-02-24 00:27:37 查询号码 【1685220】，返回信息 {"status":"ok","msg":"-","gid":"628908","time_insert":"2023-04-02 01:44"}
2024-02-24 00:27:37 查询号码 【1685220】，GSD为【"-"】
2024-02-24 00:27:37 ok && -
2024-02-24 00:27:39 CHB 1685220?1708705657 第 1 次 等待 3 秒
2024-02-24 00:27:42 CHB 1685220?1708705657 第 1 次 获取到号码【1685220】GSD
2024-02-24 00:27:42 未获取到号码【1685220】GSD，可能号码格式错误
2024-02-24 00:27:42 获取到号码【1685220】的GSD为【-】
2024-02-24 00:27:46 GSD insert 第 1 次 等待 3 秒
2024-02-24 00:27:49 {"status":"bad","gid":"628908","msg":"添加失败！号码【1685220(-|-)】已存在！"}

