2023-11-15 00:18:37 开始第 8549 次操作

2023-11-15 00:18:37 开始操作号码 【1898463】
2023-11-15 00:18:41 GSD getOne 第 1 次 等待 3 秒
2023-11-15 00:18:44 查询号码 【1898463】，返回信息 {"status":"ok","msg":"贵州-黔南","gid":"443336","time_insert":"2021-07-30 11:06"}
2023-11-15 00:18:44 查询号码 【1898463】，GSD为【"贵州-黔南"】

2023-11-15 00:18:45 开始第 8550 次操作

2023-11-15 00:18:45 开始操作号码 【1898464】
2023-11-15 00:18:52 GSD getOne 第 1 次 等待 3 秒
2023-11-15 00:18:55 查询号码 【1898464】，返回信息 {"status":"ok","msg":"贵州-黔南","gid":"45730","time_insert":"2018-11-07 18:05","time_update":"2020-11-24 12:33"}
2023-11-15 00:18:55 查询号码 【1898464】，GSD为【"贵州-黔南"】

2023-11-15 00:18:56 开始第 8551 次操作

2023-11-15 00:18:56 开始操作号码 【1898465】
2023-11-15 00:19:00 GSD getOne 第 1 次 等待 3 秒
2023-11-15 00:19:03 查询号码 【1898465】，返回信息 {"status":"ok","msg":"贵州-铜仁","gid":"443319","time_insert":"2021-07-30 11:04"}
2023-11-15 00:19:03 查询号码 【1898465】，GSD为【"贵州-铜仁"】

2023-11-15 00:19:04 开始第 8552 次操作

2023-11-15 00:19:04 开始操作号码 【1898466】
2023-11-15 00:19:07 GSD getOne 第 1 次 等待 3 秒
2023-11-15 00:19:10 查询号码 【1898466】，返回信息 {"status":"ok","msg":"贵州-铜仁","gid":"443307","time_insert":"2021-07-30 11:04"}
2023-11-15 00:19:10 查询号码 【1898466】，GSD为【"贵州-铜仁"】

