2024-02-07 00:20:57 开始第 2273 次操作

2024-02-07 00:20:57 开始操作号码 【1682185】
2024-02-07 00:21:01 GSD getOne 第 1 次 等待 3 秒
2024-02-07 00:21:04 查询号码 【1682185】，返回信息 {"status":"ok","msg":"-","gid":"557827","time_insert":"2023-02-27 04:09"}
2024-02-07 00:21:04 查询号码 【1682185】，GSD为【"-"】
2024-02-07 00:21:04 ok && -
2024-02-07 00:21:06 CHB 1682185?1707236464 第 1 次 等待 3 秒
2024-02-07 00:21:09 CHB 1682185?1707236464 第 1 次 获取到号码【1682185】GSD
2024-02-07 00:21:09 未获取到号码【1682185】GSD，可能号码格式错误
2024-02-07 00:21:09 获取到号码【1682185】的GSD为【-】
2024-02-07 00:21:16 GSD insert 第 1 次 等待 3 秒
2024-02-07 00:21:19 {"status":"bad","gid":"557827","msg":"添加失败！号码【1682185(-|-)】已存在！"}
2024-02-07 00:21:19 随机等待 156 秒，约 2 分钟
2024-02-07 00:21:19 下次操作: 2024-02-07 00:23:55

2024-02-07 00:23:55 开始第 2274 次操作

2024-02-07 00:23:55 开始操作号码 【1682186】
2024-02-07 00:23:59 GSD getOne 第 1 次 等待 3 秒
2024-02-07 00:24:02 查询号码 【1682186】，返回信息 {"status":"ok","msg":"-","gid":"557857","time_insert":"2023-02-27 04:27"}
2024-02-07 00:24:03 查询号码 【1682186】，GSD为【"-"】
2024-02-07 00:24:03 ok && -
2024-02-07 00:24:05 CHB 1682186?1707236643 第 1 次 等待 3 秒
2024-02-07 00:24:08 CHB 1682186?1707236643 第 1 次 获取到号码【1682186】GSD
2024-02-07 00:24:08 未获取到号码【1682186】GSD，可能号码格式错误
2024-02-07 00:24:08 获取到号码【1682186】的GSD为【-】
2024-02-07 00:24:11 GSD insert 第 1 次 等待 3 秒
2024-02-07 00:24:14 {"status":"bad","gid":"557857","msg":"添加失败！号码【1682186(-|-)】已存在！"}
2024-02-07 00:24:14 随机等待 228 秒，约 3 分钟
2024-02-07 00:24:14 下次操作: 2024-02-07 00:28:02

2024-02-07 00:28:02 开始第 2275 次操作

2024-02-07 00:28:02 开始操作号码 【1682187】
2024-02-07 00:28:07 GSD getOne 第 1 次 等待 3 秒
2024-02-07 00:28:10 查询号码 【1682187】，返回信息 {"status":"ok","msg":"-","gid":"557878","time_insert":"2023-02-27 04:36"}
2024-02-07 00:28:10 查询号码 【1682187】，GSD为【"-"】
2024-02-07 00:28:10 ok && -
2024-02-07 00:28:12 CHB 1682187?1707236890 第 1 次 等待 3 秒
2024-02-07 00:28:15 CHB 1682187?1707236890 第 1 次 获取到号码【1682187】GSD
2024-02-07 00:28:15 未获取到号码【1682187】GSD，可能号码格式错误
2024-02-07 00:28:15 获取到号码【1682187】的GSD为【-】
2024-02-07 00:28:20 GSD insert 第 1 次 等待 3 秒
2024-02-07 00:28:23 {"status":"bad","gid":"557878","msg":"添加失败！号码【1682187(-|-)】已存在！"}
2024-02-07 00:28:23 随机等待 123 秒，约 2 分钟
2024-02-07 00:28:23 下次操作: 2024-02-07 00:30:26

2024-02-07 00:30:26 开始第 2276 次操作

2024-02-07 00:30:26 开始操作号码 【1682188】
2024-02-07 00:30:30 GSD getOne 第 1 次 等待 3 秒
2024-02-07 00:30:33 查询号码 【1682188】，返回信息 {"status":"ok","msg":"-","gid":"557897","time_insert":"2023-02-27 04:47"}
2024-02-07 00:30:33 查询号码 【1682188】，GSD为【"-"】
2024-02-07 00:30:33 ok && -
2024-02-07 00:30:35 CHB 1682188?1707237033 第 1 次 等待 3 秒
2024-02-07 00:30:38 CHB 1682188?1707237033 第 1 次 获取到号码【1682188】GSD
2024-02-07 00:30:38 未获取到号码【1682188】GSD，可能号码格式错误
2024-02-07 00:30:38 获取到号码【1682188】的GSD为【-】
2024-02-07 00:30:43 GSD insert 第 1 次 等待 3 秒
2024-02-07 00:30:46 {"status":"bad","gid":"557897","msg":"添加失败！号码【1682188(-|-)】已存在！"}

