2024-04-24 00:21:31 开始第 5133 次操作

2024-04-24 00:21:31 开始操作号码 【1575046】
2024-04-24 00:21:40 GSD getOne 第 1 次 等待 3 秒
2024-04-24 00:21:43 查询号码 【1575046】，返回信息 {"status":"ok","msg":"内蒙古-通辽","gid":"423064","time_insert":"2021-07-28 10:07"}
2024-04-24 00:21:43 查询号码 【1575046】，GSD为【"内蒙古-通辽"】

2024-04-24 00:21:44 开始第 5134 次操作

2024-04-24 00:21:44 开始操作号码 【1575047】
2024-04-24 00:21:51 GSD getOne 第 1 次 等待 3 秒
2024-04-24 00:21:54 查询号码 【1575047】，返回信息 {"status":"ok","msg":"内蒙古-通辽","gid":"423058","time_insert":"2021-07-28 10:06"}
2024-04-24 00:21:55 查询号码 【1575047】，GSD为【"内蒙古-通辽"】

2024-04-24 00:21:56 开始第 5135 次操作

2024-04-24 00:21:56 开始操作号码 【1575048】
2024-04-24 00:22:01 GSD getOne 第 1 次 等待 3 秒
2024-04-24 00:22:04 查询号码 【1575048】，返回信息 {"status":"ok","msg":"内蒙古-通辽","gid":"423048","time_insert":"2021-07-28 10:05"}
2024-04-24 00:22:04 查询号码 【1575048】，GSD为【"内蒙古-通辽"】

2024-04-24 00:22:05 开始第 5136 次操作

2024-04-24 00:22:05 开始操作号码 【1575049】
2024-04-24 00:22:11 GSD getOne 第 1 次 等待 3 秒
2024-04-24 00:22:14 查询号码 【1575049】，返回信息 {"status":"ok","msg":"内蒙古-通辽","gid":"423042","time_insert":"2021-07-28 10:05"}
2024-04-24 00:22:14 查询号码 【1575049】，GSD为【"内蒙古-通辽"】

2024-04-24 00:39:30 开始第 5137 次操作

2024-04-24 00:39:30 开始操作号码 【1575050】
2024-04-24 00:39:35 GSD getOne 第 1 次 等待 3 秒
2024-04-24 00:39:38 查询号码 【1575050】，返回信息 {"status":"ok","msg":"内蒙古-通辽","gid":"423036","time_insert":"2021-07-28 10:04"}
2024-04-24 00:39:38 查询号码 【1575050】，GSD为【"内蒙古-通辽"】

2024-04-24 00:39:39 开始第 5138 次操作

2024-04-24 00:39:39 开始操作号码 【1575051】
2024-04-24 00:39:44 GSD getOne 第 1 次 等待 3 秒
2024-04-24 00:39:47 查询号码 【1575051】，返回信息 {"status":"ok","msg":"内蒙古-通辽","gid":"423031","time_insert":"2021-07-28 10:04"}
2024-04-24 00:39:47 查询号码 【1575051】，GSD为【"内蒙古-通辽"】

2024-04-24 00:39:48 开始第 5139 次操作

2024-04-24 00:39:48 开始操作号码 【1575052】
2024-04-24 00:39:53 GSD getOne 第 1 次 等待 3 秒
2024-04-24 00:39:56 查询号码 【1575052】，返回信息 {"status":"ok","msg":"内蒙古-通辽","gid":"423026","time_insert":"2021-07-28 10:03"}
2024-04-24 00:39:56 查询号码 【1575052】，GSD为【"内蒙古-通辽"】

2024-04-24 00:39:57 开始第 5140 次操作

2024-04-24 00:39:57 开始操作号码 【1575053】
2024-04-24 00:40:03 GSD getOne 第 1 次 等待 3 秒
2024-04-24 00:40:06 查询号码 【1575053】，返回信息 {"status":"ok","msg":"内蒙古-通辽","gid":"423018","time_insert":"2021-07-28 10:03"}
2024-04-24 00:40:06 查询号码 【1575053】，GSD为【"内蒙古-通辽"】

2024-04-24 01:16:05 开始第 5141 次操作

2024-04-24 01:16:05 开始操作号码 【1575054】
2024-04-24 01:16:11 GSD getOne 第 1 次 等待 3 秒
2024-04-24 01:16:14 查询号码 【1575054】，返回信息 {"status":"ok","msg":"内蒙古-通辽","gid":"423011","time_insert":"2021-07-28 10:02"}
2024-04-24 01:16:14 查询号码 【1575054】，GSD为【"内蒙古-通辽"】

2024-04-24 01:16:15 开始第 5142 次操作

2024-04-24 01:16:15 开始操作号码 【1575055】
2024-04-24 01:16:20 GSD getOne 第 1 次 等待 3 秒
2024-04-24 01:16:23 查询号码 【1575055】，返回信息 {"status":"ok","msg":"内蒙古-通辽","gid":"423002","time_insert":"2021-07-28 10:01"}
2024-04-24 01:16:23 查询号码 【1575055】，GSD为【"内蒙古-通辽"】

2024-04-24 01:16:24 开始第 5143 次操作

2024-04-24 01:16:24 开始操作号码 【1575056】
2024-04-24 01:16:33 GSD getOne 第 1 次 等待 3 秒
2024-04-24 01:16:36 查询号码 【1575056】，返回信息 {"status":"ok","msg":"内蒙古-通辽","gid":"422995","time_insert":"2021-07-28 10:01"}
2024-04-24 01:16:36 查询号码 【1575056】，GSD为【"内蒙古-通辽"】

2024-04-24 01:16:37 开始第 5144 次操作

2024-04-24 01:16:37 开始操作号码 【1575057】
2024-04-24 01:16:44 GSD getOne 第 1 次 等待 3 秒
2024-04-24 01:16:47 查询号码 【1575057】，返回信息 {"status":"ok","msg":"内蒙古-通辽","gid":"422992","time_insert":"2021-07-28 10:00"}
2024-04-24 01:16:47 查询号码 【1575057】，GSD为【"内蒙古-通辽"】

2024-04-24 01:38:03 开始第 5145 次操作

2024-04-24 01:38:03 开始操作号码 【1575058】
2024-04-24 01:38:09 GSD getOne 第 1 次 等待 3 秒
2024-04-24 01:38:12 查询号码 【1575058】，返回信息 {"status":"ok","msg":"内蒙古-通辽","gid":"422983","time_insert":"2021-07-28 10:00"}
2024-04-24 01:38:12 查询号码 【1575058】，GSD为【"内蒙古-通辽"】

2024-04-24 01:38:13 开始第 5146 次操作

2024-04-24 01:38:13 开始操作号码 【1575059】
2024-04-24 01:38:19 GSD getOne 第 1 次 等待 3 秒
2024-04-24 01:38:22 查询号码 【1575059】，返回信息 {"status":"ok","msg":"内蒙古-通辽","gid":"422976","time_insert":"2021-07-28 09:59"}
2024-04-24 01:38:22 查询号码 【1575059】，GSD为【"内蒙古-通辽"】

2024-04-24 01:38:23 开始第 5147 次操作

2024-04-24 01:38:23 开始操作号码 【1575060】
2024-04-24 01:38:32 GSD getOne 第 1 次 等待 3 秒
2024-04-24 01:38:35 查询号码 【1575060】，返回信息 {"status":"ok","msg":"内蒙古-乌兰察布","gid":"422971","time_insert":"2021-07-28 09:58"}
2024-04-24 01:38:35 查询号码 【1575060】，GSD为【"内蒙古-乌兰察布"】

2024-04-24 01:38:37 开始第 5148 次操作

2024-04-24 01:38:37 开始操作号码 【1575061】
2024-04-24 01:38:46 GSD getOne 第 1 次 等待 3 秒
2024-04-24 01:38:49 查询号码 【1575061】，返回信息 {"status":"ok","msg":"内蒙古-乌兰察布","gid":"422961","time_insert":"2021-07-28 09:58"}
2024-04-24 01:38:49 查询号码 【1575061】，GSD为【"内蒙古-乌兰察布"】

2024-04-24 02:21:19 开始第 5149 次操作

2024-04-24 02:21:19 开始操作号码 【1575062】
2024-04-24 02:21:24 GSD getOne 第 1 次 等待 3 秒
2024-04-24 02:21:27 查询号码 【1575062】，返回信息 {"status":"ok","msg":"内蒙古-乌兰察布","gid":"422951","time_insert":"2021-07-28 09:57"}
2024-04-24 02:21:27 查询号码 【1575062】，GSD为【"内蒙古-乌兰察布"】

2024-04-24 02:21:28 开始第 5150 次操作

2024-04-24 02:21:28 开始操作号码 【1575063】
2024-04-24 02:21:35 GSD getOne 第 1 次 等待 3 秒
2024-04-24 02:21:38 查询号码 【1575063】，返回信息 {"status":"ok","msg":"内蒙古-鄂尔多斯","gid":"422946","time_insert":"2021-07-28 09:57"}
2024-04-24 02:21:38 查询号码 【1575063】，GSD为【"内蒙古-鄂尔多斯"】

2024-04-24 02:21:39 开始第 5151 次操作

2024-04-24 02:21:39 开始操作号码 【1575064】
2024-04-24 02:21:45 GSD getOne 第 1 次 等待 3 秒
2024-04-24 02:21:48 查询号码 【1575064】，返回信息 {"status":"ok","msg":"内蒙古-鄂尔多斯","gid":"422939","time_insert":"2021-07-28 09:56"}
2024-04-24 02:21:48 查询号码 【1575064】，GSD为【"内蒙古-鄂尔多斯"】

2024-04-24 02:21:49 开始第 5152 次操作

2024-04-24 02:21:49 开始操作号码 【1575065】
2024-04-24 02:21:55 GSD getOne 第 1 次 等待 3 秒
2024-04-24 02:21:58 查询号码 【1575065】，返回信息 {"status":"ok","msg":"内蒙古-鄂尔多斯","gid":"422931","time_insert":"2021-07-28 09:55"}
2024-04-24 02:21:58 查询号码 【1575065】，GSD为【"内蒙古-鄂尔多斯"】

2024-04-24 02:37:43 开始第 5153 次操作

2024-04-24 02:37:43 开始操作号码 【1575066】
2024-04-24 02:37:49 GSD getOne 第 1 次 等待 3 秒
2024-04-24 02:37:52 查询号码 【1575066】，返回信息 {"status":"ok","msg":"内蒙古-鄂尔多斯","gid":"422926","time_insert":"2021-07-28 09:55"}
2024-04-24 02:37:53 查询号码 【1575066】，GSD为【"内蒙古-鄂尔多斯"】

2024-04-24 02:37:54 开始第 5154 次操作

2024-04-24 02:37:54 开始操作号码 【1575067】
2024-04-24 02:38:00 GSD getOne 第 1 次 等待 3 秒
2024-04-24 02:38:03 查询号码 【1575067】，返回信息 {"status":"ok","msg":"内蒙古-鄂尔多斯","gid":"422920","time_insert":"2021-07-28 09:54"}
2024-04-24 02:38:03 查询号码 【1575067】，GSD为【"内蒙古-鄂尔多斯"】

2024-04-24 02:38:04 开始第 5155 次操作

2024-04-24 02:38:04 开始操作号码 【1575068】
2024-04-24 02:38:09 GSD getOne 第 1 次 等待 3 秒
2024-04-24 02:38:12 查询号码 【1575068】，返回信息 {"status":"ok","msg":"内蒙古-鄂尔多斯","gid":"422914","time_insert":"2021-07-28 09:54"}
2024-04-24 02:38:12 查询号码 【1575068】，GSD为【"内蒙古-鄂尔多斯"】

2024-04-24 02:38:13 开始第 5156 次操作

2024-04-24 02:38:13 开始操作号码 【1575069】
2024-04-24 02:38:19 GSD getOne 第 1 次 等待 3 秒
2024-04-24 02:38:22 查询号码 【1575069】，返回信息 {"status":"ok","msg":"内蒙古-鄂尔多斯","gid":"422910","time_insert":"2021-07-28 09:53"}
2024-04-24 02:38:22 查询号码 【1575069】，GSD为【"内蒙古-鄂尔多斯"】

