2024-07-18 00:24:44 开始第 6513 次操作

2024-07-18 00:24:44 开始操作号码 【1466415】
2024-07-18 00:24:53 GSD getOne 第 1 次 等待 3 秒
2024-07-18 00:24:56 查询号码 【1466415】，返回信息 {"status":"ok","msg":"广东-广州","gid":"398092","time_insert":"2021-07-26 05:54"}
2024-07-18 00:24:56 查询号码 【1466415】，GSD为【"广东-广州"】

2024-07-18 00:24:57 开始第 6514 次操作

2024-07-18 00:24:57 开始操作号码 【1466416】
2024-07-18 00:25:06 GSD getOne 第 1 次 等待 3 秒
2024-07-18 00:25:09 查询号码 【1466416】，返回信息 {"status":"ok","msg":"广东-广州","gid":"398080","time_insert":"2021-07-26 05:53"}
2024-07-18 00:25:09 查询号码 【1466416】，GSD为【"广东-广州"】

2024-07-18 00:25:10 开始第 6515 次操作

2024-07-18 00:25:10 开始操作号码 【1466417】
2024-07-18 00:25:19 GSD getOne 第 1 次 等待 3 秒
2024-07-18 00:25:22 查询号码 【1466417】，返回信息 {"status":"ok","msg":"广东-广州","gid":"398068","time_insert":"2021-07-26 05:53"}
2024-07-18 00:25:22 查询号码 【1466417】，GSD为【"广东-广州"】

2024-07-18 00:25:23 开始第 6516 次操作

2024-07-18 00:25:23 开始操作号码 【1466418】
2024-07-18 00:25:34 GSD getOne 第 1 次 等待 3 秒
2024-07-18 00:25:37 查询号码 【1466418】，返回信息 {"status":"ok","msg":"广东-广州","gid":"398058","time_insert":"2021-07-26 05:52"}
2024-07-18 00:25:37 查询号码 【1466418】，GSD为【"广东-广州"】

2024-07-18 00:43:00 开始第 6517 次操作

2024-07-18 00:43:00 开始操作号码 【1466419】
2024-07-18 00:43:09 GSD getOne 第 1 次 等待 3 秒
2024-07-18 00:43:12 查询号码 【1466419】，返回信息 {"status":"ok","msg":"广东-广州","gid":"398047","time_insert":"2021-07-26 05:51"}
2024-07-18 00:43:12 查询号码 【1466419】，GSD为【"广东-广州"】

2024-07-18 00:43:13 开始第 6518 次操作

2024-07-18 00:43:13 开始操作号码 【1466420】
2024-07-18 00:43:22 GSD getOne 第 1 次 等待 3 秒
2024-07-18 00:43:25 查询号码 【1466420】，返回信息 {"status":"ok","msg":"广东-广州","gid":"398039","time_insert":"2021-07-26 05:51"}
2024-07-18 00:43:25 查询号码 【1466420】，GSD为【"广东-广州"】

2024-07-18 00:43:26 开始第 6519 次操作

2024-07-18 00:43:26 开始操作号码 【1466421】
2024-07-18 00:43:35 GSD getOne 第 1 次 等待 3 秒
2024-07-18 00:43:38 查询号码 【1466421】，返回信息 {"status":"ok","msg":"广东-广州","gid":"398027","time_insert":"2021-07-26 05:50"}
2024-07-18 00:43:38 查询号码 【1466421】，GSD为【"广东-广州"】

2024-07-18 00:43:39 开始第 6520 次操作

2024-07-18 00:43:39 开始操作号码 【1466422】
2024-07-18 00:43:48 GSD getOne 第 1 次 等待 3 秒
2024-07-18 00:43:51 查询号码 【1466422】，返回信息 {"status":"ok","msg":"广东-广州","gid":"398014","time_insert":"2021-07-26 05:50"}
2024-07-18 00:43:51 查询号码 【1466422】，GSD为【"广东-广州"】

2024-07-18 01:16:35 开始第 6521 次操作

2024-07-18 01:16:35 开始操作号码 【1466423】
2024-07-18 01:16:44 GSD getOne 第 1 次 等待 3 秒
2024-07-18 01:16:47 查询号码 【1466423】，返回信息 {"status":"ok","msg":"广东-广州","gid":"398005","time_insert":"2021-07-26 05:49"}
2024-07-18 01:16:47 查询号码 【1466423】，GSD为【"广东-广州"】

2024-07-18 01:16:48 开始第 6522 次操作

2024-07-18 01:16:48 开始操作号码 【1466424】
2024-07-18 01:16:58 GSD getOne 第 1 次 等待 3 秒
2024-07-18 01:17:01 查询号码 【1466424】，返回信息 {"status":"ok","msg":"广东-广州","gid":"397996","time_insert":"2021-07-26 05:49"}
2024-07-18 01:17:01 查询号码 【1466424】，GSD为【"广东-广州"】

2024-07-18 01:17:02 开始第 6523 次操作

2024-07-18 01:17:02 开始操作号码 【1466425】
2024-07-18 01:17:10 GSD getOne 第 1 次 等待 3 秒
2024-07-18 01:17:13 查询号码 【1466425】，返回信息 {"status":"ok","msg":"广东-广州","gid":"397987","time_insert":"2021-07-26 05:48"}
2024-07-18 01:17:13 查询号码 【1466425】，GSD为【"广东-广州"】

2024-07-18 01:17:14 开始第 6524 次操作

2024-07-18 01:17:14 开始操作号码 【1466426】
2024-07-18 01:17:23 GSD getOne 第 1 次 等待 3 秒
2024-07-18 01:17:26 查询号码 【1466426】，返回信息 {"status":"ok","msg":"广东-广州","gid":"397977","time_insert":"2021-07-26 05:47"}
2024-07-18 01:17:26 查询号码 【1466426】，GSD为【"广东-广州"】

2024-07-18 01:37:49 开始第 6525 次操作

2024-07-18 01:37:49 开始操作号码 【1466427】
2024-07-18 01:37:58 GSD getOne 第 1 次 等待 3 秒
2024-07-18 01:38:01 查询号码 【1466427】，返回信息 {"status":"ok","msg":"广东-广州","gid":"397967","time_insert":"2021-07-26 05:47"}
2024-07-18 01:38:01 查询号码 【1466427】，GSD为【"广东-广州"】

2024-07-18 01:38:02 开始第 6526 次操作

2024-07-18 01:38:02 开始操作号码 【1466428】
2024-07-18 01:38:10 GSD getOne 第 1 次 等待 3 秒
2024-07-18 01:38:13 查询号码 【1466428】，返回信息 {"status":"ok","msg":"广东-广州","gid":"397955","time_insert":"2021-07-26 05:46"}
2024-07-18 01:38:13 查询号码 【1466428】，GSD为【"广东-广州"】

2024-07-18 01:38:14 开始第 6527 次操作

2024-07-18 01:38:14 开始操作号码 【1466429】
2024-07-18 01:38:23 GSD getOne 第 1 次 等待 3 秒
2024-07-18 01:38:26 查询号码 【1466429】，返回信息 {"status":"ok","msg":"广东-广州","gid":"397945","time_insert":"2021-07-26 05:46"}
2024-07-18 01:38:26 查询号码 【1466429】，GSD为【"广东-广州"】

2024-07-18 01:38:27 开始第 6528 次操作

2024-07-18 01:38:27 开始操作号码 【1466430】
2024-07-18 01:38:35 GSD getOne 第 1 次 等待 3 秒
2024-07-18 01:38:38 查询号码 【1466430】，返回信息 {"status":"ok","msg":"广东-广州","gid":"397937","time_insert":"2021-07-26 05:45"}
2024-07-18 01:38:39 查询号码 【1466430】，GSD为【"广东-广州"】

2024-07-18 02:25:49 开始第 6529 次操作

2024-07-18 02:25:49 开始操作号码 【1466431】
2024-07-18 02:25:58 GSD getOne 第 1 次 等待 3 秒
2024-07-18 02:26:01 查询号码 【1466431】，返回信息 {"status":"ok","msg":"广东-广州","gid":"397928","time_insert":"2021-07-26 05:45"}
2024-07-18 02:26:01 查询号码 【1466431】，GSD为【"广东-广州"】

2024-07-18 02:26:02 开始第 6530 次操作

2024-07-18 02:26:02 开始操作号码 【1466432】
2024-07-18 02:26:10 GSD getOne 第 1 次 等待 3 秒
2024-07-18 02:26:13 查询号码 【1466432】，返回信息 {"status":"ok","msg":"广东-广州","gid":"397918","time_insert":"2021-07-26 05:44"}
2024-07-18 02:26:13 查询号码 【1466432】，GSD为【"广东-广州"】

2024-07-18 02:26:14 开始第 6531 次操作

2024-07-18 02:26:14 开始操作号码 【1466433】
2024-07-18 02:26:22 GSD getOne 第 1 次 等待 3 秒
2024-07-18 02:26:25 查询号码 【1466433】，返回信息 {"status":"ok","msg":"广东-广州","gid":"397907","time_insert":"2021-07-26 05:44"}
2024-07-18 02:26:25 查询号码 【1466433】，GSD为【"广东-广州"】

2024-07-18 02:26:26 开始第 6532 次操作

2024-07-18 02:26:26 开始操作号码 【1466434】
2024-07-18 02:26:34 GSD getOne 第 1 次 等待 3 秒
2024-07-18 02:26:37 查询号码 【1466434】，返回信息 {"status":"ok","msg":"广东-广州","gid":"397898","time_insert":"2021-07-26 05:43"}
2024-07-18 02:26:37 查询号码 【1466434】，GSD为【"广东-广州"】

2024-07-18 02:42:51 开始第 6533 次操作

2024-07-18 02:42:51 开始操作号码 【1466435】
2024-07-18 02:42:59 GSD getOne 第 1 次 等待 3 秒
2024-07-18 02:43:02 查询号码 【1466435】，返回信息 {"status":"ok","msg":"广东-广州","gid":"397888","time_insert":"2021-07-26 05:43"}
2024-07-18 02:43:02 查询号码 【1466435】，GSD为【"广东-广州"】

2024-07-18 02:43:03 开始第 6534 次操作

2024-07-18 02:43:03 开始操作号码 【1466436】
2024-07-18 02:43:12 GSD getOne 第 1 次 等待 3 秒
2024-07-18 02:43:15 查询号码 【1466436】，返回信息 {"status":"ok","msg":"广东-广州","gid":"397877","time_insert":"2021-07-26 05:42"}
2024-07-18 02:43:15 查询号码 【1466436】，GSD为【"广东-广州"】

2024-07-18 02:43:16 开始第 6535 次操作

2024-07-18 02:43:16 开始操作号码 【1466437】
2024-07-18 02:43:24 GSD getOne 第 1 次 等待 3 秒
2024-07-18 02:43:27 查询号码 【1466437】，返回信息 {"status":"ok","msg":"广东-广州","gid":"397872","time_insert":"2021-07-26 05:42"}
2024-07-18 02:43:27 查询号码 【1466437】，GSD为【"广东-广州"】

2024-07-18 02:43:28 开始第 6536 次操作

2024-07-18 02:43:28 开始操作号码 【1466438】
2024-07-18 02:43:36 GSD getOne 第 1 次 等待 3 秒
2024-07-18 02:43:39 查询号码 【1466438】，返回信息 {"status":"ok","msg":"广东-广州","gid":"397866","time_insert":"2021-07-26 05:41"}
2024-07-18 02:43:39 查询号码 【1466438】，GSD为【"广东-广州"】

2024-07-18 03:13:58 开始第 6537 次操作

2024-07-18 03:13:58 开始操作号码 【1466439】
2024-07-18 03:14:07 GSD getOne 第 1 次 等待 3 秒
2024-07-18 03:14:10 查询号码 【1466439】，返回信息 {"status":"ok","msg":"广东-广州","gid":"397860","time_insert":"2021-07-26 05:40"}
2024-07-18 03:14:10 查询号码 【1466439】，GSD为【"广东-广州"】

2024-07-18 03:14:11 开始第 6538 次操作

2024-07-18 03:14:11 开始操作号码 【1466440】
2024-07-18 03:14:20 GSD getOne 第 1 次 等待 3 秒
2024-07-18 03:14:23 查询号码 【1466440】，返回信息 {"status":"ok","msg":"广东-广州","gid":"397795","time_insert":"2021-07-26 05:10"}
2024-07-18 03:14:23 查询号码 【1466440】，GSD为【"广东-广州"】

2024-07-18 03:14:24 开始第 6539 次操作

2024-07-18 03:14:24 开始操作号码 【1466441】
2024-07-18 03:14:32 GSD getOne 第 1 次 等待 3 秒
2024-07-18 03:14:35 查询号码 【1466441】，返回信息 {"status":"ok","msg":"广东-广州","gid":"397793","time_insert":"2021-07-26 05:09","time_update":"2021-08-01 02:38"}
2024-07-18 03:14:35 查询号码 【1466441】，GSD为【"广东-广州"】

2024-07-18 03:14:36 开始第 6540 次操作

2024-07-18 03:14:36 开始操作号码 【1466442】
2024-07-18 03:14:46 GSD getOne 第 1 次 等待 3 秒
2024-07-18 03:14:49 查询号码 【1466442】，返回信息 {"status":"ok","msg":"广东-广州","gid":"397789","time_insert":"2021-07-26 05:08"}
2024-07-18 03:14:49 查询号码 【1466442】，GSD为【"广东-广州"】

2024-07-18 03:37:52 开始第 6541 次操作

2024-07-18 03:37:52 开始操作号码 【1466443】
2024-07-18 03:38:00 GSD getOne 第 1 次 等待 3 秒
2024-07-18 03:38:03 查询号码 【1466443】，返回信息 {"status":"ok","msg":"广东-广州","gid":"397786","time_insert":"2021-07-26 05:07","time_update":"2021-08-01 02:53"}
2024-07-18 03:38:04 查询号码 【1466443】，GSD为【"广东-广州"】

2024-07-18 03:38:05 开始第 6542 次操作

2024-07-18 03:38:05 开始操作号码 【1466444】
2024-07-18 03:38:19 GSD getOne 第 1 次 等待 3 秒
2024-07-18 03:38:22 查询号码 【1466444】，返回信息 {"status":"ok","msg":"广东-广州","gid":"397785","time_insert":"2021-07-26 05:06"}
2024-07-18 03:38:22 查询号码 【1466444】，GSD为【"广东-广州"】

2024-07-18 03:38:23 开始第 6543 次操作

2024-07-18 03:38:23 开始操作号码 【1466445】
2024-07-18 03:38:31 GSD getOne 第 1 次 等待 3 秒
2024-07-18 03:38:34 查询号码 【1466445】，返回信息 {"status":"ok","msg":"广东-广州","gid":"397783","time_insert":"2021-07-26 05:05"}
2024-07-18 03:38:34 查询号码 【1466445】，GSD为【"广东-广州"】

2024-07-18 03:38:35 开始第 6544 次操作

2024-07-18 03:38:35 开始操作号码 【1466446】
2024-07-18 03:38:45 GSD getOne 第 1 次 等待 3 秒
2024-07-18 03:38:48 查询号码 【1466446】，返回信息 {"status":"ok","msg":"广东-广州","gid":"397779","time_insert":"2021-07-26 05:05"}
2024-07-18 03:38:48 查询号码 【1466446】，GSD为【"广东-广州"】

