2023-10-22 00:20:08 开始第 4321 次操作

2023-10-22 00:20:08 开始操作号码 【1894235】
2023-10-22 00:20:12 GSD getOne 第 1 次 等待 3 秒
2023-10-22 00:20:15 查询号码 【1894235】，返回信息 {"status":"ok","msg":"江西-南昌","gid":"488458","time_insert":"2021-08-03 08:03"}
2023-10-22 00:20:15 查询号码 【1894235】，GSD为【"江西-南昌"】

2023-10-22 00:20:16 开始第 4322 次操作

2023-10-22 00:20:16 开始操作号码 【1894236】
2023-10-22 00:20:19 GSD getOne 第 1 次 等待 3 秒
2023-10-22 00:20:22 查询号码 【1894236】，返回信息 {"status":"ok","msg":"江西-赣州","gid":"488448","time_insert":"2021-08-03 08:02"}
2023-10-22 00:20:22 查询号码 【1894236】，GSD为【"江西-赣州"】

2023-10-22 00:20:23 开始第 4323 次操作

2023-10-22 00:20:23 开始操作号码 【1894237】
2023-10-22 00:20:36 GSD getOne 第 1 次 等待 3 秒
2023-10-22 00:20:39 查询号码 【1894237】，返回信息 {"status":"ok","msg":"江西-赣州","gid":"488438","time_insert":"2021-08-03 08:01"}
2023-10-22 00:20:39 查询号码 【1894237】，GSD为【"江西-赣州"】

2023-10-22 00:20:40 开始第 4324 次操作

2023-10-22 00:20:40 开始操作号码 【1894238】
2023-10-22 00:20:45 GSD getOne 第 1 次 等待 3 秒
2023-10-22 00:20:48 查询号码 【1894238】，返回信息 {"status":"ok","msg":"江西-鹰潭","gid":"488430","time_insert":"2021-08-03 08:01"}
2023-10-22 00:20:48 查询号码 【1894238】，GSD为【"江西-鹰潭"】

