2024-06-20 00:23:13 开始第 1613 次操作

2024-06-20 00:23:13 开始操作号码 【1461520】
2024-06-20 00:23:20 GSD getOne 第 1 次 等待 3 秒
2024-06-20 00:23:23 查询号码 【1461520】，返回信息 {"status":"ok","msg":"江苏-南京","gid":"99860","time_insert":"2021-06-16 15:41"}
2024-06-20 00:23:23 查询号码 【1461520】，GSD为【"江苏-南京"】

2024-06-20 00:23:24 开始第 1614 次操作

2024-06-20 00:23:24 开始操作号码 【1461521】
2024-06-20 00:23:31 GSD getOne 第 1 次 等待 3 秒
2024-06-20 00:23:34 查询号码 【1461521】，返回信息 {"status":"ok","msg":"江苏-南京","gid":"99879","time_insert":"2021-06-16 15:59"}
2024-06-20 00:23:34 查询号码 【1461521】，GSD为【"江苏-南京"】

2024-06-20 00:23:35 开始第 1615 次操作

2024-06-20 00:23:35 开始操作号码 【1461522】
2024-06-20 00:23:42 GSD getOne 第 1 次 等待 3 秒
2024-06-20 00:23:45 查询号码 【1461522】，返回信息 {"status":"ok","msg":"江苏-南京","gid":"99906","time_insert":"2021-06-16 16:19"}
2024-06-20 00:23:45 查询号码 【1461522】，GSD为【"江苏-南京"】

2024-06-20 00:23:46 开始第 1616 次操作

2024-06-20 00:23:46 开始操作号码 【1461523】
2024-06-20 00:23:53 GSD getOne 第 1 次 等待 3 秒
2024-06-20 00:23:56 查询号码 【1461523】，返回信息 {"status":"ok","msg":"江苏-南京","gid":"99932","time_insert":"2021-06-16 16:41"}
2024-06-20 00:23:56 查询号码 【1461523】，GSD为【"江苏-南京"】

