2024-10-01 00:25:44 开始第 7333 次操作

2024-10-01 00:25:44 开始操作号码 【1357332】
2024-10-01 00:25:46 GSD getOne 第 1 次 等待 3 秒
2024-10-01 00:25:49 查询号码 【1357332】，返回信息 {"status":"ok","msg":"山东-淄博","gid":"326405","time_insert":"2021-07-19 13:40"}
2024-10-01 00:25:49 查询号码 【1357332】，GSD为【"山东-淄博"】

2024-10-01 00:25:50 开始第 7334 次操作

2024-10-01 00:25:50 开始操作号码 【1357333】
2024-10-01 00:25:53 GSD getOne 第 1 次 等待 3 秒
2024-10-01 00:25:56 查询号码 【1357333】，返回信息 {"status":"ok","msg":"山东-淄博","gid":"326399","time_insert":"2021-07-19 13:39"}
2024-10-01 00:25:56 查询号码 【1357333】，GSD为【"山东-淄博"】

2024-10-01 00:25:57 开始第 7335 次操作

2024-10-01 00:25:57 开始操作号码 【1357334】
2024-10-01 00:25:59 GSD getOne 第 1 次 等待 3 秒
2024-10-01 00:26:02 查询号码 【1357334】，返回信息 {"status":"ok","msg":"山东-淄博","gid":"326394","time_insert":"2021-07-19 13:39"}
2024-10-01 00:26:02 查询号码 【1357334】，GSD为【"山东-淄博"】

2024-10-01 00:26:03 开始第 7336 次操作

2024-10-01 00:26:03 开始操作号码 【1357335】
2024-10-01 00:26:06 GSD getOne 第 1 次 等待 3 秒
2024-10-01 00:26:09 查询号码 【1357335】，返回信息 {"status":"ok","msg":"山东-淄博","gid":"326386","time_insert":"2021-07-19 13:38"}
2024-10-01 00:26:09 查询号码 【1357335】，GSD为【"山东-淄博"】

