2024-06-25 00:22:56 开始第 2493 次操作

2024-06-25 00:22:56 开始操作号码 【1462397】
2024-06-25 00:23:12 GSD getOne 第 1 次 等待 3 秒
2024-06-25 00:23:15 查询号码 【1462397】，返回信息 {"status":"ok","msg":"广东-东莞","gid":"151614","time_insert":"2021-06-29 06:04"}
2024-06-25 00:23:15 查询号码 【1462397】，GSD为【"广东-东莞"】

2024-06-25 00:23:16 开始第 2494 次操作

2024-06-25 00:23:16 开始操作号码 【1462398】
2024-06-25 00:23:36 GSD getOne 第 1 次 等待 3 秒
2024-06-25 00:23:39 查询号码 【1462398】，返回信息 {"status":"ok","msg":"广东-东莞","gid":"151666","time_insert":"2021-06-29 06:28"}
2024-06-25 00:23:39 查询号码 【1462398】，GSD为【"广东-东莞"】

2024-06-25 00:23:40 开始第 2495 次操作

2024-06-25 00:23:40 开始操作号码 【1462399】
2024-06-25 00:23:53 GSD getOne 第 1 次 等待 3 秒
2024-06-25 00:23:56 查询号码 【1462399】，返回信息 {"status":"ok","msg":"广东-东莞","gid":"151742","time_insert":"2021-06-29 06:45"}
2024-06-25 00:23:56 查询号码 【1462399】，GSD为【"广东-东莞"】

2024-06-25 00:23:57 开始第 2496 次操作

2024-06-25 00:23:57 开始操作号码 【1462400】
2024-06-25 00:24:11 GSD getOne 第 1 次 等待 3 秒
2024-06-25 00:24:14 查询号码 【1462400】，返回信息 {"status":"ok","msg":"广东-东莞","gid":"151937","time_insert":"2021-06-29 07:03"}
2024-06-25 00:24:14 查询号码 【1462400】，GSD为【"广东-东莞"】

2024-06-25 00:40:53 开始第 2497 次操作

2024-06-25 00:40:53 开始操作号码 【1462401】
2024-06-25 00:41:16 GSD getOne 第 1 次 等待 3 秒
2024-06-25 00:41:19 查询号码 【1462401】，返回信息 {"status":"ok","msg":"广东-东莞","gid":"151974","time_insert":"2021-06-29 07:22"}
2024-06-25 00:41:19 查询号码 【1462401】，GSD为【"广东-东莞"】

2024-06-25 00:41:20 开始第 2498 次操作

2024-06-25 00:41:20 开始操作号码 【1462402】
2024-06-25 00:41:52 GSD getOne 第 1 次 等待 3 秒
2024-06-25 00:41:55 查询号码 【1462402】，返回信息 {"status":"ok","msg":"广东-东莞","gid":"152058","time_insert":"2021-06-29 07:46"}
2024-06-25 00:41:55 查询号码 【1462402】，GSD为【"广东-东莞"】

2024-06-25 00:41:56 开始第 2499 次操作

2024-06-25 00:41:56 开始操作号码 【1462403】
2024-06-25 00:42:23 GSD getOne 第 1 次 等待 3 秒
2024-06-25 00:42:26 查询号码 【1462403】，返回信息 {"status":"ok","msg":"广东-东莞","gid":"152254","time_insert":"2021-06-29 08:05"}
2024-06-25 00:42:26 查询号码 【1462403】，GSD为【"广东-东莞"】

2024-06-25 00:42:27 开始第 2500 次操作

2024-06-25 00:42:27 开始操作号码 【1462404】
2024-06-25 00:42:50 GSD getOne 第 1 次 等待 3 秒
2024-06-25 00:42:53 查询号码 【1462404】，返回信息 {"status":"ok","msg":"广东-东莞","gid":"152302","time_insert":"2021-06-29 08:26"}
2024-06-25 00:42:53 查询号码 【1462404】，GSD为【"广东-东莞"】

2024-06-25 01:16:39 开始第 2501 次操作

2024-06-25 01:16:39 开始操作号码 【1462405】
2024-06-25 01:17:42 GSD getOne 第 1 次 等待 3 秒
2024-06-25 01:17:45 查询号码 【1462405】，返回信息 {"status":"ok","msg":"广东-东莞","gid":"152340","time_insert":"2021-06-29 08:50"}
2024-06-25 01:17:45 查询号码 【1462405】，GSD为【"广东-东莞"】

2024-06-25 01:17:46 开始第 2502 次操作

2024-06-25 01:17:46 开始操作号码 【1462406】
2024-06-25 01:18:33 GSD getOne 第 1 次 等待 3 秒
2024-06-25 01:18:36 查询号码 【1462406】，返回信息 {"status":"ok","msg":"广东-东莞","gid":"152357","time_insert":"2021-06-29 09:06"}
2024-06-25 01:18:36 查询号码 【1462406】，GSD为【"广东-东莞"】

2024-06-25 01:18:37 开始第 2503 次操作

2024-06-25 01:18:37 开始操作号码 【1462407】
2024-06-25 01:18:57 GSD getOne 第 1 次 等待 3 秒
2024-06-25 01:19:00 查询号码 【1462407】，返回信息 {"status":"ok","msg":"广东-东莞","gid":"152384","time_insert":"2021-06-29 09:25"}
2024-06-25 01:19:00 查询号码 【1462407】，GSD为【"广东-东莞"】

2024-06-25 01:19:01 开始第 2504 次操作

2024-06-25 01:19:01 开始操作号码 【1462408】
2024-06-25 01:19:17 GSD getOne 第 1 次 等待 3 秒
2024-06-25 01:19:20 查询号码 【1462408】，返回信息 {"status":"ok","msg":"广东-东莞","gid":"152413","time_insert":"2021-06-29 09:48"}
2024-06-25 01:19:20 查询号码 【1462408】，GSD为【"广东-东莞"】

