2024-09-17 00:24:37 开始第 4941 次操作

2024-09-17 00:24:37 开始操作号码 【1354940】
2024-09-17 00:24:48 GSD getOne 第 1 次 等待 3 秒
2024-09-17 00:24:51 查询号码 【1354940】，返回信息 {"status":"ok","msg":"广东-东莞","gid":"6147","time_insert":"2014-10-22 11:49","time_update":"2020-09-26 15:38"}
2024-09-17 00:24:51 查询号码 【1354940】，GSD为【"广东-东莞"】

2024-09-17 00:24:52 开始第 4942 次操作

2024-09-17 00:24:52 开始操作号码 【1354941】
2024-09-17 00:25:00 GSD getOne 第 1 次 等待 3 秒
2024-09-17 00:25:03 查询号码 【1354941】，返回信息 {"status":"ok","msg":"广东-东莞","gid":"6148","time_insert":"2018-01-19 12:26","time_update":"2020-09-26 15:42"}
2024-09-17 00:25:03 查询号码 【1354941】，GSD为【"广东-东莞"】

2024-09-17 00:25:04 开始第 4943 次操作

2024-09-17 00:25:04 开始操作号码 【1354942】
2024-09-17 00:25:11 GSD getOne 第 1 次 等待 3 秒
2024-09-17 00:25:14 查询号码 【1354942】，返回信息 {"status":"ok","msg":"广东-东莞","gid":"184588","time_insert":"2021-07-03 21:25"}
2024-09-17 00:25:15 查询号码 【1354942】，GSD为【"广东-东莞"】

2024-09-17 00:25:16 开始第 4944 次操作

2024-09-17 00:25:16 开始操作号码 【1354943】
2024-09-17 00:25:23 GSD getOne 第 1 次 等待 3 秒
2024-09-17 00:25:26 查询号码 【1354943】，返回信息 {"status":"ok","msg":"广东-东莞","gid":"184657","time_insert":"2021-07-03 21:37"}
2024-09-17 00:25:26 查询号码 【1354943】，GSD为【"广东-东莞"】

2024-09-17 00:46:02 开始第 4945 次操作

2024-09-17 00:46:02 开始操作号码 【1354944】
2024-09-17 00:46:10 GSD getOne 第 1 次 等待 3 秒
2024-09-17 00:46:13 查询号码 【1354944】，返回信息 {"status":"ok","msg":"广东-东莞","gid":"184911","time_insert":"2021-07-03 21:52"}
2024-09-17 00:46:13 查询号码 【1354944】，GSD为【"广东-东莞"】

2024-09-17 00:46:14 开始第 4946 次操作

2024-09-17 00:46:14 开始操作号码 【1354945】
2024-09-17 00:46:21 GSD getOne 第 1 次 等待 3 秒
2024-09-17 00:46:24 查询号码 【1354945】，返回信息 {"status":"ok","msg":"广东-东莞","gid":"184981","time_insert":"2021-07-03 22:06"}
2024-09-17 00:46:24 查询号码 【1354945】，GSD为【"广东-东莞"】

2024-09-17 00:46:25 开始第 4947 次操作

2024-09-17 00:46:25 开始操作号码 【1354946】
2024-09-17 00:46:33 GSD getOne 第 1 次 等待 3 秒
2024-09-17 00:46:36 查询号码 【1354946】，返回信息 {"status":"ok","msg":"广东-东莞","gid":"6149","time_insert":"2017-05-02 16:18","time_update":"2020-09-26 15:46"}
2024-09-17 00:46:36 查询号码 【1354946】，GSD为【"广东-东莞"】

2024-09-17 00:46:37 开始第 4948 次操作

2024-09-17 00:46:37 开始操作号码 【1354947】
2024-09-17 00:46:45 GSD getOne 第 1 次 等待 3 秒
2024-09-17 00:46:48 查询号码 【1354947】，返回信息 {"status":"ok","msg":"广东-东莞","gid":"185003","time_insert":"2021-07-03 22:20"}
2024-09-17 00:46:48 查询号码 【1354947】，GSD为【"广东-东莞"】

2024-09-17 01:17:27 开始第 4949 次操作

2024-09-17 01:17:27 开始操作号码 【1354948】
2024-09-17 01:17:36 GSD getOne 第 1 次 等待 3 秒
2024-09-17 01:17:39 查询号码 【1354948】，返回信息 {"status":"ok","msg":"广东-东莞","gid":"6150","time_insert":"2017-04-20 15:10","time_update":"2020-09-26 15:50"}
2024-09-17 01:17:39 查询号码 【1354948】，GSD为【"广东-东莞"】

2024-09-17 01:17:40 开始第 4950 次操作

2024-09-17 01:17:40 开始操作号码 【1354949】
2024-09-17 01:17:48 GSD getOne 第 1 次 等待 3 秒
2024-09-17 01:17:51 查询号码 【1354949】，返回信息 {"status":"ok","msg":"广东-东莞","gid":"185041","time_insert":"2021-07-03 22:37"}
2024-09-17 01:17:51 查询号码 【1354949】，GSD为【"广东-东莞"】

2024-09-17 01:17:52 开始第 4951 次操作

2024-09-17 01:17:52 开始操作号码 【1354950】
2024-09-17 01:17:59 GSD getOne 第 1 次 等待 3 秒
2024-09-17 01:18:02 查询号码 【1354950】，返回信息 {"status":"ok","msg":"湖南-郴州","gid":"185234","time_insert":"2021-07-03 22:48"}
2024-09-17 01:18:02 查询号码 【1354950】，GSD为【"湖南-郴州"】

2024-09-17 01:18:03 开始第 4952 次操作

2024-09-17 01:18:03 开始操作号码 【1354951】
2024-09-17 01:18:11 GSD getOne 第 1 次 等待 3 秒
2024-09-17 01:18:14 查询号码 【1354951】，返回信息 {"status":"ok","msg":"湖南-郴州","gid":"185347","time_insert":"2021-07-03 23:01"}
2024-09-17 01:18:14 查询号码 【1354951】，GSD为【"湖南-郴州"】

