2024-03-05 00:22:37 开始第 7041 次操作

2024-03-05 00:22:37 开始操作号码 【1686953】
2024-03-05 00:22:41 GSD getOne 第 1 次 等待 3 秒
2024-03-05 00:22:44 查询号码 【1686953】，返回信息 {"status":"ok","msg":"-","gid":"669760","time_insert":"2023-04-22 01:07"}
2024-03-05 00:22:45 查询号码 【1686953】，GSD为【"-"】
2024-03-05 00:22:45 ok && -
2024-03-05 00:22:47 CHB 1686953?1709569365 第 1 次 等待 3 秒
2024-03-05 00:22:50 CHB 1686953?1709569365 第 1 次 获取到号码【1686953】GSD
2024-03-05 00:22:50 未获取到号码【1686953】GSD，可能号码格式错误
2024-03-05 00:22:50 获取到号码【1686953】的GSD为【-】
2024-03-05 00:22:55 GSD insert 第 1 次 等待 3 秒
2024-03-05 00:22:58 {"status":"bad","gid":"669760","msg":"添加失败！号码【1686953(-|-)】已存在！"}
2024-03-05 00:22:58 随机等待 148 秒，约 2 分钟
2024-03-05 00:22:58 下次操作: 2024-03-05 00:25:26

2024-03-05 00:25:26 开始第 7042 次操作

2024-03-05 00:25:26 开始操作号码 【1686954】
2024-03-05 00:25:30 GSD getOne 第 1 次 等待 3 秒
2024-03-05 00:25:33 查询号码 【1686954】，返回信息 {"status":"ok","msg":"-","gid":"669795","time_insert":"2023-04-22 01:31"}
2024-03-05 00:25:33 查询号码 【1686954】，GSD为【"-"】
2024-03-05 00:25:33 ok && -
2024-03-05 00:25:36 CHB 1686954?1709569533 第 1 次 等待 3 秒
2024-03-05 00:25:39 CHB 1686954?1709569533 第 1 次 获取到号码【1686954】GSD
2024-03-05 00:25:39 未获取到号码【1686954】GSD，可能号码格式错误
2024-03-05 00:25:39 获取到号码【1686954】的GSD为【-】
2024-03-05 00:25:43 GSD insert 第 1 次 等待 3 秒
2024-03-05 00:25:46 {"status":"bad","gid":"669795","msg":"添加失败！号码【1686954(-|-)】已存在！"}
2024-03-05 00:25:46 随机等待 223 秒，约 3 分钟
2024-03-05 00:25:46 下次操作: 2024-03-05 00:29:29

2024-03-05 00:29:29 开始第 7043 次操作

2024-03-05 00:29:29 开始操作号码 【1686955】
2024-03-05 00:29:34 GSD getOne 第 1 次 等待 3 秒
2024-03-05 00:29:37 查询号码 【1686955】，返回信息 {"status":"ok","msg":"-","gid":"669828","time_insert":"2023-04-22 01:52"}
2024-03-05 00:29:37 查询号码 【1686955】，GSD为【"-"】
2024-03-05 00:29:37 ok && -
2024-03-05 00:29:39 CHB 1686955?1709569777 第 1 次 等待 3 秒
2024-03-05 00:29:42 CHB 1686955?1709569777 第 1 次 获取到号码【1686955】GSD
2024-03-05 00:29:42 未获取到号码【1686955】GSD，可能号码格式错误
2024-03-05 00:29:42 获取到号码【1686955】的GSD为【-】
2024-03-05 00:29:47 GSD insert 第 1 次 等待 3 秒
2024-03-05 00:29:50 {"status":"bad","gid":"669828","msg":"添加失败！号码【1686955(-|-)】已存在！"}
2024-03-05 00:29:50 随机等待 67 秒，约 1 分钟
2024-03-05 00:29:50 下次操作: 2024-03-05 00:30:57

2024-03-05 00:30:57 开始第 7044 次操作

2024-03-05 00:30:57 开始操作号码 【1686956】
2024-03-05 00:31:02 GSD getOne 第 1 次 等待 3 秒
2024-03-05 00:31:05 查询号码 【1686956】，返回信息 {"status":"ok","msg":"-","gid":"669852","time_insert":"2023-04-22 02:06"}
2024-03-05 00:31:05 查询号码 【1686956】，GSD为【"-"】
2024-03-05 00:31:05 ok && -
2024-03-05 00:31:15 CHB 1686956?1709569865 第 1 次 等待 3 秒
2024-03-05 00:31:18 CHB 1686956?1709569865 第 1 次 获取到号码【1686956】GSD
2024-03-05 00:31:18 未获取到号码【1686956】GSD，可能号码格式错误
2024-03-05 00:31:18 获取到号码【1686956】的GSD为【-】
2024-03-05 00:31:24 GSD insert 第 1 次 等待 3 秒
2024-03-05 00:31:27 {"status":"bad","gid":"669852","msg":"添加失败！号码【1686956(-|-)】已存在！"}

2024-03-05 00:39:21 开始第 7045 次操作

2024-03-05 00:39:21 开始操作号码 【1686957】
2024-03-05 00:39:30 GSD getOne 第 1 次 等待 3 秒
2024-03-05 00:39:33 查询号码 【1686957】，返回信息 {"status":"ok","msg":"-","gid":"669881","time_insert":"2023-04-22 02:28"}
2024-03-05 00:39:33 查询号码 【1686957】，GSD为【"-"】
2024-03-05 00:39:33 ok && -
2024-03-05 00:39:36 CHB 1686957?1709570373 第 1 次 等待 3 秒
2024-03-05 00:39:39 CHB 1686957?1709570373 第 1 次 获取到号码【1686957】GSD
2024-03-05 00:39:39 未获取到号码【1686957】GSD，可能号码格式错误
2024-03-05 00:39:39 获取到号码【1686957】的GSD为【-】
2024-03-05 00:39:44 GSD insert 第 1 次 等待 3 秒
2024-03-05 00:39:47 {"status":"bad","gid":"669881","msg":"添加失败！号码【1686957(-|-)】已存在！"}
2024-03-05 00:39:47 随机等待 209 秒，约 3 分钟
2024-03-05 00:39:47 下次操作: 2024-03-05 00:43:16

2024-03-05 00:43:16 开始第 7046 次操作

2024-03-05 00:43:16 开始操作号码 【1686958】
2024-03-05 00:43:21 GSD getOne 第 1 次 等待 3 秒
2024-03-05 00:43:24 查询号码 【1686958】，返回信息 {"status":"ok","msg":"-","gid":"669924","time_insert":"2023-04-22 02:51"}
2024-03-05 00:43:24 查询号码 【1686958】，GSD为【"-"】
2024-03-05 00:43:24 ok && -
2024-03-05 00:43:27 CHB 1686958?1709570604 第 1 次 等待 3 秒
2024-03-05 00:43:30 CHB 1686958?1709570604 第 1 次 获取到号码【1686958】GSD
2024-03-05 00:43:30 未获取到号码【1686958】GSD，可能号码格式错误
2024-03-05 00:43:30 获取到号码【1686958】的GSD为【-】
2024-03-05 00:43:36 GSD insert 第 1 次 等待 3 秒
2024-03-05 00:43:39 {"status":"bad","gid":"669924","msg":"添加失败！号码【1686958(-|-)】已存在！"}
2024-03-05 00:43:39 随机等待 87 秒，约 1 分钟
2024-03-05 00:43:39 下次操作: 2024-03-05 00:45:06

2024-03-05 00:45:06 开始第 7047 次操作

2024-03-05 00:45:06 开始操作号码 【1686959】
2024-03-05 00:45:10 GSD getOne 第 1 次 等待 3 秒
2024-03-05 00:45:13 查询号码 【1686959】，返回信息 {"status":"ok","msg":"-","gid":"669948","time_insert":"2023-04-22 03:11"}
2024-03-05 00:45:13 查询号码 【1686959】，GSD为【"-"】
2024-03-05 00:45:13 ok && -
2024-03-05 00:45:16 CHB 1686959?1709570713 第 1 次 等待 3 秒
2024-03-05 00:45:19 CHB 1686959?1709570713 第 1 次 获取到号码【1686959】GSD
2024-03-05 00:45:19 未获取到号码【1686959】GSD，可能号码格式错误
2024-03-05 00:45:19 获取到号码【1686959】的GSD为【-】
2024-03-05 00:45:23 GSD insert 第 1 次 等待 3 秒
2024-03-05 00:45:26 {"status":"bad","gid":"669948","msg":"添加失败！号码【1686959(-|-)】已存在！"}
2024-03-05 00:45:26 随机等待 77 秒，约 1 分钟
2024-03-05 00:45:26 下次操作: 2024-03-05 00:46:43

2024-03-05 00:46:43 开始第 7048 次操作

2024-03-05 00:46:43 开始操作号码 【1686960】
2024-03-05 00:46:48 GSD getOne 第 1 次 等待 3 秒
2024-03-05 00:46:51 查询号码 【1686960】，返回信息 {"status":"ok","msg":"-","gid":"669979","time_insert":"2023-04-22 03:28"}
2024-03-05 00:46:51 查询号码 【1686960】，GSD为【"-"】
2024-03-05 00:46:51 ok && -
2024-03-05 00:46:53 CHB 1686960?1709570811 第 1 次 等待 3 秒
2024-03-05 00:46:56 CHB 1686960?1709570811 第 1 次 获取到号码【1686960】GSD
2024-03-05 00:46:56 未获取到号码【1686960】GSD，可能号码格式错误
2024-03-05 00:46:56 获取到号码【1686960】的GSD为【-】
2024-03-05 00:47:01 GSD insert 第 1 次 等待 3 秒
2024-03-05 00:47:04 {"status":"bad","gid":"669979","msg":"添加失败！号码【1686960(-|-)】已存在！"}

2024-03-05 01:17:49 开始第 7049 次操作

2024-03-05 01:17:49 开始操作号码 【1686961】
2024-03-05 01:17:54 GSD getOne 第 1 次 等待 3 秒
2024-03-05 01:17:57 查询号码 【1686961】，返回信息 {"status":"ok","msg":"-","gid":"669997","time_insert":"2023-04-22 03:38"}
2024-03-05 01:17:57 查询号码 【1686961】，GSD为【"-"】
2024-03-05 01:17:57 ok && -
2024-03-05 01:17:59 CHB 1686961?1709572677 第 1 次 等待 3 秒
2024-03-05 01:18:02 CHB 1686961?1709572677 第 1 次 获取到号码【1686961】GSD
2024-03-05 01:18:02 未获取到号码【1686961】GSD，可能号码格式错误
2024-03-05 01:18:02 获取到号码【1686961】的GSD为【-】
2024-03-05 01:18:07 GSD insert 第 1 次 等待 3 秒
2024-03-05 01:18:10 {"status":"bad","gid":"669997","msg":"添加失败！号码【1686961(-|-)】已存在！"}
2024-03-05 01:18:10 随机等待 217 秒，约 3 分钟
2024-03-05 01:18:10 下次操作: 2024-03-05 01:21:47

2024-03-05 01:21:47 开始第 7050 次操作

2024-03-05 01:21:47 开始操作号码 【1686962】
2024-03-05 01:21:51 GSD getOne 第 1 次 等待 3 秒
2024-03-05 01:21:54 查询号码 【1686962】，返回信息 {"status":"ok","msg":"-","gid":"670017","time_insert":"2023-04-22 03:49"}
2024-03-05 01:21:54 查询号码 【1686962】，GSD为【"-"】
2024-03-05 01:21:54 ok && -
2024-03-05 01:21:57 CHB 1686962?1709572914 第 1 次 等待 3 秒
2024-03-05 01:22:00 CHB 1686962?1709572914 第 1 次 获取到号码【1686962】GSD
2024-03-05 01:22:00 未获取到号码【1686962】GSD，可能号码格式错误
2024-03-05 01:22:00 获取到号码【1686962】的GSD为【-】
2024-03-05 01:22:04 GSD insert 第 1 次 等待 3 秒
2024-03-05 01:22:07 {"status":"bad","gid":"670017","msg":"添加失败！号码【1686962(-|-)】已存在！"}
2024-03-05 01:22:07 随机等待 121 秒，约 2 分钟
2024-03-05 01:22:07 下次操作: 2024-03-05 01:24:08

2024-03-05 01:24:08 开始第 7051 次操作

2024-03-05 01:24:08 开始操作号码 【1686963】
2024-03-05 01:24:13 GSD getOne 第 1 次 等待 3 秒
2024-03-05 01:24:16 查询号码 【1686963】，返回信息 {"status":"ok","msg":"-","gid":"670051","time_insert":"2023-04-22 04:12"}
2024-03-05 01:24:16 查询号码 【1686963】，GSD为【"-"】
2024-03-05 01:24:16 ok && -
2024-03-05 01:24:19 CHB 1686963?1709573056 第 1 次 等待 3 秒
2024-03-05 01:24:22 CHB 1686963?1709573056 第 1 次 获取到号码【1686963】GSD
2024-03-05 01:24:22 未获取到号码【1686963】GSD，可能号码格式错误
2024-03-05 01:24:22 获取到号码【1686963】的GSD为【-】
2024-03-05 01:24:27 GSD insert 第 1 次 等待 3 秒
2024-03-05 01:24:30 {"status":"bad","gid":"670051","msg":"添加失败！号码【1686963(-|-)】已存在！"}
2024-03-05 01:24:30 随机等待 78 秒，约 1 分钟
2024-03-05 01:24:30 下次操作: 2024-03-05 01:25:48

2024-03-05 01:25:48 开始第 7052 次操作

2024-03-05 01:25:48 开始操作号码 【1686964】
2024-03-05 01:25:53 GSD getOne 第 1 次 等待 3 秒
2024-03-05 01:25:56 查询号码 【1686964】，返回信息 {"status":"ok","msg":"-","gid":"670066","time_insert":"2023-04-22 04:21"}
2024-03-05 01:25:56 查询号码 【1686964】，GSD为【"-"】
2024-03-05 01:25:56 ok && -
2024-03-05 01:25:59 CHB 1686964?1709573156 第 1 次 等待 3 秒
2024-03-05 01:26:02 CHB 1686964?1709573156 第 1 次 获取到号码【1686964】GSD
2024-03-05 01:26:02 未获取到号码【1686964】GSD，可能号码格式错误
2024-03-05 01:26:02 获取到号码【1686964】的GSD为【-】
2024-03-05 01:26:06 GSD insert 第 1 次 等待 3 秒
2024-03-05 01:26:09 {"status":"bad","gid":"670066","msg":"添加失败！号码【1686964(-|-)】已存在！"}

2024-03-05 01:37:44 开始第 7053 次操作

2024-03-05 01:37:44 开始操作号码 【1686965】
2024-03-05 01:37:49 GSD getOne 第 1 次 等待 3 秒
2024-03-05 01:37:52 查询号码 【1686965】，返回信息 {"status":"ok","msg":"-","gid":"670090","time_insert":"2023-04-22 04:35"}
2024-03-05 01:37:52 查询号码 【1686965】，GSD为【"-"】
2024-03-05 01:37:52 ok && -
2024-03-05 01:37:54 CHB 1686965?1709573872 第 1 次 等待 3 秒
2024-03-05 01:37:57 CHB 1686965?1709573872 第 1 次 获取到号码【1686965】GSD
2024-03-05 01:37:57 未获取到号码【1686965】GSD，可能号码格式错误
2024-03-05 01:37:57 获取到号码【1686965】的GSD为【-】
2024-03-05 01:38:03 GSD insert 第 1 次 等待 3 秒
2024-03-05 01:38:06 {"status":"bad","gid":"670090","msg":"添加失败！号码【1686965(-|-)】已存在！"}
2024-03-05 01:38:06 随机等待 114 秒，约 1 分钟
2024-03-05 01:38:06 下次操作: 2024-03-05 01:40:00

2024-03-05 01:40:00 开始第 7054 次操作

2024-03-05 01:40:00 开始操作号码 【1686966】
2024-03-05 01:40:06 GSD getOne 第 1 次 等待 3 秒
2024-03-05 01:40:09 查询号码 【1686966】，返回信息 {"status":"ok","msg":"-","gid":"670108","time_insert":"2023-04-22 04:45"}
2024-03-05 01:40:09 查询号码 【1686966】，GSD为【"-"】
2024-03-05 01:40:09 ok && -
2024-03-05 01:40:16 CHB 1686966?1709574009 第 1 次 等待 3 秒
2024-03-05 01:40:19 CHB 1686966?1709574009 第 1 次 获取到号码【1686966】GSD
2024-03-05 01:40:19 未获取到号码【1686966】GSD，可能号码格式错误
2024-03-05 01:40:19 获取到号码【1686966】的GSD为【-】
2024-03-05 01:40:23 GSD insert 第 1 次 等待 3 秒
2024-03-05 01:40:26 {"status":"bad","gid":"670108","msg":"添加失败！号码【1686966(-|-)】已存在！"}
2024-03-05 01:40:26 随机等待 207 秒，约 3 分钟
2024-03-05 01:40:26 下次操作: 2024-03-05 01:43:53

2024-03-05 01:43:53 开始第 7055 次操作

2024-03-05 01:43:53 开始操作号码 【1686967】
2024-03-05 01:43:58 GSD getOne 第 1 次 等待 3 秒
2024-03-05 01:44:01 查询号码 【1686967】，返回信息 {"status":"ok","msg":"-","gid":"670137","time_insert":"2023-04-22 05:03"}
2024-03-05 01:44:01 查询号码 【1686967】，GSD为【"-"】
2024-03-05 01:44:01 ok && -
2024-03-05 01:44:03 CHB 1686967?1709574241 第 1 次 等待 3 秒
2024-03-05 01:44:06 CHB 1686967?1709574241 第 1 次 获取到号码【1686967】GSD
2024-03-05 01:44:06 未获取到号码【1686967】GSD，可能号码格式错误
2024-03-05 01:44:06 获取到号码【1686967】的GSD为【-】
2024-03-05 01:44:10 GSD insert 第 1 次 等待 3 秒
2024-03-05 01:44:13 {"status":"bad","gid":"670137","msg":"添加失败！号码【1686967(-|-)】已存在！"}
2024-03-05 01:44:13 随机等待 195 秒，约 3 分钟
2024-03-05 01:44:13 下次操作: 2024-03-05 01:47:28

2024-03-05 01:47:28 开始第 7056 次操作

2024-03-05 01:47:28 开始操作号码 【1686968】
2024-03-05 01:47:32 GSD getOne 第 1 次 等待 3 秒
2024-03-05 01:47:35 查询号码 【1686968】，返回信息 {"status":"ok","msg":"-","gid":"670168","time_insert":"2023-04-22 05:25"}
2024-03-05 01:47:35 查询号码 【1686968】，GSD为【"-"】
2024-03-05 01:47:35 ok && -
2024-03-05 01:47:37 CHB 1686968?1709574455 第 1 次 等待 3 秒
2024-03-05 01:47:40 CHB 1686968?1709574455 第 1 次 获取到号码【1686968】GSD
2024-03-05 01:47:40 未获取到号码【1686968】GSD，可能号码格式错误
2024-03-05 01:47:40 获取到号码【1686968】的GSD为【-】
2024-03-05 01:47:44 GSD insert 第 1 次 等待 3 秒
2024-03-05 01:47:47 {"status":"bad","gid":"670168","msg":"添加失败！号码【1686968(-|-)】已存在！"}

2024-03-05 02:19:41 开始第 7057 次操作

2024-03-05 02:19:41 开始操作号码 【1686969】
2024-03-05 02:19:46 GSD getOne 第 1 次 等待 3 秒
2024-03-05 02:19:49 查询号码 【1686969】，返回信息 {"status":"ok","msg":"-","gid":"670207","time_insert":"2023-04-22 05:45"}
2024-03-05 02:19:49 查询号码 【1686969】，GSD为【"-"】
2024-03-05 02:19:49 ok && -
2024-03-05 02:19:52 CHB 1686969?1709576389 第 1 次 等待 3 秒
2024-03-05 02:19:55 CHB 1686969?1709576389 第 1 次 获取到号码【1686969】GSD
2024-03-05 02:19:55 未获取到号码【1686969】GSD，可能号码格式错误
2024-03-05 02:19:55 获取到号码【1686969】的GSD为【-】
2024-03-05 02:19:59 GSD insert 第 1 次 等待 3 秒
2024-03-05 02:20:02 {"status":"bad","gid":"670207","msg":"添加失败！号码【1686969(-|-)】已存在！"}
2024-03-05 02:20:02 随机等待 217 秒，约 3 分钟
2024-03-05 02:20:02 下次操作: 2024-03-05 02:23:39

2024-03-05 02:23:39 开始第 7058 次操作

2024-03-05 02:23:39 开始操作号码 【1686970】
2024-03-05 02:23:43 GSD getOne 第 1 次 等待 3 秒
2024-03-05 02:23:46 查询号码 【1686970】，返回信息 {"status":"ok","msg":"-","gid":"670225","time_insert":"2023-04-22 05:55"}
2024-03-05 02:23:47 查询号码 【1686970】，GSD为【"-"】
2024-03-05 02:23:47 ok && -
2024-03-05 02:23:49 CHB 1686970?1709576627 第 1 次 等待 3 秒
2024-03-05 02:23:52 CHB 1686970?1709576627 第 1 次 获取到号码【1686970】GSD
2024-03-05 02:23:52 未获取到号码【1686970】GSD，可能号码格式错误
2024-03-05 02:23:52 获取到号码【1686970】的GSD为【-】
2024-03-05 02:23:56 GSD insert 第 1 次 等待 3 秒
2024-03-05 02:23:59 {"status":"bad","gid":"670225","msg":"添加失败！号码【1686970(-|-)】已存在！"}
2024-03-05 02:23:59 随机等待 108 秒，约 1 分钟
2024-03-05 02:23:59 下次操作: 2024-03-05 02:25:47

2024-03-05 02:25:47 开始第 7059 次操作

2024-03-05 02:25:47 开始操作号码 【1686971】
2024-03-05 02:25:52 GSD getOne 第 1 次 等待 3 秒
2024-03-05 02:25:55 查询号码 【1686971】，返回信息 {"status":"ok","msg":"-","gid":"670238","time_insert":"2023-04-22 06:06"}
2024-03-05 02:25:55 查询号码 【1686971】，GSD为【"-"】
2024-03-05 02:25:55 ok && -
2024-03-05 02:25:57 CHB 1686971?1709576755 第 1 次 等待 3 秒
2024-03-05 02:26:00 CHB 1686971?1709576755 第 1 次 获取到号码【1686971】GSD
2024-03-05 02:26:01 未获取到号码【1686971】GSD，可能号码格式错误
2024-03-05 02:26:01 获取到号码【1686971】的GSD为【-】
2024-03-05 02:26:05 GSD insert 第 1 次 等待 3 秒
2024-03-05 02:26:08 {"status":"bad","gid":"670238","msg":"添加失败！号码【1686971(-|-)】已存在！"}
2024-03-05 02:26:08 随机等待 69 秒，约 1 分钟
2024-03-05 02:26:08 下次操作: 2024-03-05 02:27:17

2024-03-05 02:27:17 开始第 7060 次操作

2024-03-05 02:27:17 开始操作号码 【1686972】
2024-03-05 02:27:21 GSD getOne 第 1 次 等待 3 秒
2024-03-05 02:27:24 查询号码 【1686972】，返回信息 {"status":"ok","msg":"-","gid":"670260","time_insert":"2023-04-22 06:20"}
2024-03-05 02:27:24 查询号码 【1686972】，GSD为【"-"】
2024-03-05 02:27:24 ok && -
2024-03-05 02:27:27 CHB 1686972?1709576844 第 1 次 等待 3 秒
2024-03-05 02:27:30 CHB 1686972?1709576844 第 1 次 获取到号码【1686972】GSD
2024-03-05 02:27:30 未获取到号码【1686972】GSD，可能号码格式错误
2024-03-05 02:27:30 获取到号码【1686972】的GSD为【-】
2024-03-05 02:27:35 GSD insert 第 1 次 等待 3 秒
2024-03-05 02:27:38 {"status":"bad","gid":"670260","msg":"添加失败！号码【1686972(-|-)】已存在！"}

2024-03-05 02:39:09 开始第 7061 次操作

2024-03-05 02:39:09 开始操作号码 【1686973】
2024-03-05 02:39:13 GSD getOne 第 1 次 等待 3 秒
2024-03-05 02:39:16 查询号码 【1686973】，返回信息 {"status":"ok","msg":"-","gid":"670292","time_insert":"2023-04-22 06:41"}
2024-03-05 02:39:16 查询号码 【1686973】，GSD为【"-"】
2024-03-05 02:39:16 ok && -
2024-03-05 02:39:18 CHB 1686973?1709577556 第 1 次 等待 3 秒
2024-03-05 02:39:21 CHB 1686973?1709577556 第 1 次 获取到号码【1686973】GSD
2024-03-05 02:39:21 未获取到号码【1686973】GSD，可能号码格式错误
2024-03-05 02:39:21 获取到号码【1686973】的GSD为【-】
2024-03-05 02:39:25 GSD insert 第 1 次 等待 3 秒
2024-03-05 02:39:28 {"status":"bad","gid":"670292","msg":"添加失败！号码【1686973(-|-)】已存在！"}
2024-03-05 02:39:28 随机等待 226 秒，约 3 分钟
2024-03-05 02:39:28 下次操作: 2024-03-05 02:43:14

2024-03-05 02:43:14 开始第 7062 次操作

2024-03-05 02:43:14 开始操作号码 【1686974】
2024-03-05 02:43:20 GSD getOne 第 1 次 等待 3 秒
2024-03-05 02:43:23 查询号码 【1686974】，返回信息 {"status":"ok","msg":"-","gid":"670326","time_insert":"2023-04-22 07:01"}
2024-03-05 02:43:23 查询号码 【1686974】，GSD为【"-"】
2024-03-05 02:43:23 ok && -
2024-03-05 02:43:25 CHB 1686974?1709577803 第 1 次 等待 3 秒
2024-03-05 02:43:28 CHB 1686974?1709577803 第 1 次 获取到号码【1686974】GSD
2024-03-05 02:43:28 未获取到号码【1686974】GSD，可能号码格式错误
2024-03-05 02:43:28 获取到号码【1686974】的GSD为【-】
2024-03-05 02:43:33 GSD insert 第 1 次 等待 3 秒
2024-03-05 02:43:36 {"status":"bad","gid":"670326","msg":"添加失败！号码【1686974(-|-)】已存在！"}
2024-03-05 02:43:36 随机等待 88 秒，约 1 分钟
2024-03-05 02:43:36 下次操作: 2024-03-05 02:45:04

2024-03-05 02:45:04 开始第 7063 次操作

2024-03-05 02:45:04 开始操作号码 【1686975】
2024-03-05 02:45:08 GSD getOne 第 1 次 等待 3 秒
2024-03-05 02:45:11 查询号码 【1686975】，返回信息 {"status":"ok","msg":"-","gid":"670357","time_insert":"2023-04-22 07:21"}
2024-03-05 02:45:11 查询号码 【1686975】，GSD为【"-"】
2024-03-05 02:45:11 ok && -
2024-03-05 02:45:13 CHB 1686975?1709577911 第 1 次 等待 3 秒
2024-03-05 02:45:16 CHB 1686975?1709577911 第 1 次 获取到号码【1686975】GSD
2024-03-05 02:45:16 未获取到号码【1686975】GSD，可能号码格式错误
2024-03-05 02:45:16 获取到号码【1686975】的GSD为【-】
2024-03-05 02:45:21 GSD insert 第 1 次 等待 3 秒
2024-03-05 02:45:24 {"status":"bad","gid":"670357","msg":"添加失败！号码【1686975(-|-)】已存在！"}
2024-03-05 02:45:24 随机等待 87 秒，约 1 分钟
2024-03-05 02:45:24 下次操作: 2024-03-05 02:46:51

2024-03-05 02:46:51 开始第 7064 次操作

2024-03-05 02:46:51 开始操作号码 【1686976】
2024-03-05 02:46:55 GSD getOne 第 1 次 等待 3 秒
2024-03-05 02:46:58 查询号码 【1686976】，返回信息 {"status":"ok","msg":"-","gid":"670375","time_insert":"2023-04-22 07:33"}
2024-03-05 02:46:58 查询号码 【1686976】，GSD为【"-"】
2024-03-05 02:46:58 ok && -
2024-03-05 02:47:00 CHB 1686976?1709578018 第 1 次 等待 3 秒
2024-03-05 02:47:03 CHB 1686976?1709578018 第 1 次 获取到号码【1686976】GSD
2024-03-05 02:47:03 未获取到号码【1686976】GSD，可能号码格式错误
2024-03-05 02:47:03 获取到号码【1686976】的GSD为【-】
2024-03-05 02:47:07 GSD insert 第 1 次 等待 3 秒
2024-03-05 02:47:10 {"status":"bad","gid":"670375","msg":"添加失败！号码【1686976(-|-)】已存在！"}

2024-03-05 03:14:08 开始第 7065 次操作

2024-03-05 03:14:08 开始操作号码 【1686977】
2024-03-05 03:14:13 GSD getOne 第 1 次 等待 3 秒
2024-03-05 03:14:16 查询号码 【1686977】，返回信息 {"status":"ok","msg":"-","gid":"670388","time_insert":"2023-04-22 07:41"}
2024-03-05 03:14:16 查询号码 【1686977】，GSD为【"-"】
2024-03-05 03:14:16 ok && -
2024-03-05 03:14:18 CHB 1686977?1709579656 第 1 次 等待 3 秒
2024-03-05 03:14:21 CHB 1686977?1709579656 第 1 次 获取到号码【1686977】GSD
2024-03-05 03:14:21 未获取到号码【1686977】GSD，可能号码格式错误
2024-03-05 03:14:21 获取到号码【1686977】的GSD为【-】
2024-03-05 03:14:27 GSD insert 第 1 次 等待 3 秒
2024-03-05 03:14:30 {"status":"bad","gid":"670388","msg":"添加失败！号码【1686977(-|-)】已存在！"}
2024-03-05 03:14:30 随机等待 183 秒，约 3 分钟
2024-03-05 03:14:30 下次操作: 2024-03-05 03:17:33

2024-03-05 03:17:33 开始第 7066 次操作

2024-03-05 03:17:33 开始操作号码 【1686978】
2024-03-05 03:17:37 GSD getOne 第 1 次 等待 3 秒
2024-03-05 03:17:40 查询号码 【1686978】，返回信息 {"status":"ok","msg":"-","gid":"672425","time_insert":"2023-04-23 08:44"}
2024-03-05 03:17:40 查询号码 【1686978】，GSD为【"-"】
2024-03-05 03:17:40 ok && -
2024-03-05 03:17:43 CHB 1686978?1709579860 第 1 次 等待 3 秒
2024-03-05 03:17:46 CHB 1686978?1709579860 第 1 次 获取到号码【1686978】GSD
2024-03-05 03:17:46 未获取到号码【1686978】GSD，可能号码格式错误
2024-03-05 03:17:46 获取到号码【1686978】的GSD为【-】
2024-03-05 03:17:50 GSD insert 第 1 次 等待 3 秒
2024-03-05 03:17:53 {"status":"bad","gid":"672425","msg":"添加失败！号码【1686978(-|-)】已存在！"}
2024-03-05 03:17:53 随机等待 120 秒，约 2 分钟
2024-03-05 03:17:53 下次操作: 2024-03-05 03:19:53

2024-03-05 03:19:53 开始第 7067 次操作

2024-03-05 03:19:53 开始操作号码 【1686979】
2024-03-05 03:19:58 GSD getOne 第 1 次 等待 3 秒
2024-03-05 03:20:01 查询号码 【1686979】，返回信息 {"status":"ok","msg":"-","gid":"672441","time_insert":"2023-04-23 08:58"}
2024-03-05 03:20:01 查询号码 【1686979】，GSD为【"-"】
2024-03-05 03:20:01 ok && -
2024-03-05 03:20:03 CHB 1686979?1709580001 第 1 次 等待 3 秒
2024-03-05 03:20:06 CHB 1686979?1709580001 第 1 次 获取到号码【1686979】GSD
2024-03-05 03:20:06 未获取到号码【1686979】GSD，可能号码格式错误
2024-03-05 03:20:06 获取到号码【1686979】的GSD为【-】
2024-03-05 03:20:10 GSD insert 第 1 次 等待 3 秒
2024-03-05 03:20:13 {"status":"bad","gid":"672441","msg":"添加失败！号码【1686979(-|-)】已存在！"}
2024-03-05 03:20:13 随机等待 174 秒，约 2 分钟
2024-03-05 03:20:13 下次操作: 2024-03-05 03:23:07

2024-03-05 03:23:07 开始第 7068 次操作

2024-03-05 03:23:07 开始操作号码 【1686980】
2024-03-05 03:23:12 GSD getOne 第 1 次 等待 3 秒
2024-03-05 03:23:15 查询号码 【1686980】，返回信息 {"status":"ok","msg":"-","gid":"672466","time_insert":"2023-04-23 09:18"}
2024-03-05 03:23:15 查询号码 【1686980】，GSD为【"-"】
2024-03-05 03:23:15 ok && -
2024-03-05 03:23:17 CHB 1686980?1709580195 第 1 次 等待 3 秒
2024-03-05 03:23:20 CHB 1686980?1709580195 第 1 次 获取到号码【1686980】GSD
2024-03-05 03:23:20 未获取到号码【1686980】GSD，可能号码格式错误
2024-03-05 03:23:20 获取到号码【1686980】的GSD为【-】
2024-03-05 03:23:24 GSD insert 第 1 次 等待 3 秒
2024-03-05 03:23:27 {"status":"bad","gid":"672466","msg":"添加失败！号码【1686980(-|-)】已存在！"}

2024-03-05 03:37:34 开始第 7069 次操作

2024-03-05 03:37:34 开始操作号码 【1686981】
2024-03-05 03:37:40 GSD getOne 第 1 次 等待 3 秒
2024-03-05 03:37:43 查询号码 【1686981】，返回信息 {"status":"ok","msg":"-","gid":"672476","time_insert":"2023-04-23 09:28"}
2024-03-05 03:37:43 查询号码 【1686981】，GSD为【"-"】
2024-03-05 03:37:43 ok && -
2024-03-05 03:37:45 CHB 1686981?1709581063 第 1 次 等待 3 秒
2024-03-05 03:37:48 CHB 1686981?1709581063 第 1 次 获取到号码【1686981】GSD
2024-03-05 03:37:48 未获取到号码【1686981】GSD，可能号码格式错误
2024-03-05 03:37:48 获取到号码【1686981】的GSD为【-】
2024-03-05 03:37:52 GSD insert 第 1 次 等待 3 秒
2024-03-05 03:37:55 {"status":"bad","gid":"672476","msg":"添加失败！号码【1686981(-|-)】已存在！"}
2024-03-05 03:37:55 随机等待 85 秒，约 1 分钟
2024-03-05 03:37:55 下次操作: 2024-03-05 03:39:20

2024-03-05 03:39:20 开始第 7070 次操作

2024-03-05 03:39:20 开始操作号码 【1686982】
2024-03-05 03:39:25 GSD getOne 第 1 次 等待 3 秒
2024-03-05 03:39:28 查询号码 【1686982】，返回信息 {"status":"ok","msg":"-","gid":"672498","time_insert":"2023-04-23 09:49"}
2024-03-05 03:39:28 查询号码 【1686982】，GSD为【"-"】
2024-03-05 03:39:28 ok && -
2024-03-05 03:39:30 CHB 1686982?1709581168 第 1 次 等待 3 秒
2024-03-05 03:39:33 CHB 1686982?1709581168 第 1 次 获取到号码【1686982】GSD
2024-03-05 03:39:33 未获取到号码【1686982】GSD，可能号码格式错误
2024-03-05 03:39:33 获取到号码【1686982】的GSD为【-】
2024-03-05 03:39:38 GSD insert 第 1 次 等待 3 秒
2024-03-05 03:39:41 {"status":"bad","gid":"672498","msg":"添加失败！号码【1686982(-|-)】已存在！"}
2024-03-05 03:39:41 随机等待 123 秒，约 2 分钟
2024-03-05 03:39:41 下次操作: 2024-03-05 03:41:44

2024-03-05 03:41:44 开始第 7071 次操作

2024-03-05 03:41:44 开始操作号码 【1686983】
2024-03-05 03:41:48 GSD getOne 第 1 次 等待 3 秒
2024-03-05 03:41:51 查询号码 【1686983】，返回信息 {"status":"ok","msg":"-","gid":"672509","time_insert":"2023-04-23 09:57"}
2024-03-05 03:41:51 查询号码 【1686983】，GSD为【"-"】
2024-03-05 03:41:51 ok && -
2024-03-05 03:41:54 CHB 1686983?1709581311 第 1 次 等待 3 秒
2024-03-05 03:41:57 CHB 1686983?1709581311 第 1 次 获取到号码【1686983】GSD
2024-03-05 03:41:57 未获取到号码【1686983】GSD，可能号码格式错误
2024-03-05 03:41:57 获取到号码【1686983】的GSD为【-】
2024-03-05 03:42:04 GSD insert 第 1 次 等待 3 秒
2024-03-05 03:42:07 {"status":"bad","gid":"672509","msg":"添加失败！号码【1686983(-|-)】已存在！"}
2024-03-05 03:42:07 随机等待 127 秒，约 2 分钟
2024-03-05 03:42:07 下次操作: 2024-03-05 03:44:14

2024-03-05 03:44:14 开始第 7072 次操作

2024-03-05 03:44:14 开始操作号码 【1686984】
2024-03-05 03:44:18 GSD getOne 第 1 次 等待 3 秒
2024-03-05 03:44:21 查询号码 【1686984】，返回信息 {"status":"ok","msg":"-","gid":"672528","time_insert":"2023-04-23 10:17"}
2024-03-05 03:44:21 查询号码 【1686984】，GSD为【"-"】
2024-03-05 03:44:21 ok && -
2024-03-05 03:44:23 CHB 1686984?1709581461 第 1 次 等待 3 秒
2024-03-05 03:44:26 CHB 1686984?1709581461 第 1 次 获取到号码【1686984】GSD
2024-03-05 03:44:26 未获取到号码【1686984】GSD，可能号码格式错误
2024-03-05 03:44:26 获取到号码【1686984】的GSD为【-】
2024-03-05 03:44:31 GSD insert 第 1 次 等待 3 秒
2024-03-05 03:44:34 {"status":"bad","gid":"672528","msg":"添加失败！号码【1686984(-|-)】已存在！"}

2024-03-05 04:17:24 开始第 7073 次操作

2024-03-05 04:17:24 开始操作号码 【1686985】
2024-03-05 04:17:29 GSD getOne 第 1 次 等待 3 秒
2024-03-05 04:17:32 查询号码 【1686985】，返回信息 {"status":"ok","msg":"-","gid":"672545","time_insert":"2023-04-23 10:28"}
2024-03-05 04:17:32 查询号码 【1686985】，GSD为【"-"】
2024-03-05 04:17:32 ok && -
2024-03-05 04:17:35 CHB 1686985?1709583452 第 1 次 等待 3 秒
2024-03-05 04:17:38 CHB 1686985?1709583452 第 1 次 获取到号码【1686985】GSD
2024-03-05 04:17:38 未获取到号码【1686985】GSD，可能号码格式错误
2024-03-05 04:17:38 获取到号码【1686985】的GSD为【-】
2024-03-05 04:17:42 GSD insert 第 1 次 等待 3 秒
2024-03-05 04:17:45 {"status":"bad","gid":"672545","msg":"添加失败！号码【1686985(-|-)】已存在！"}
2024-03-05 04:17:45 随机等待 137 秒，约 2 分钟
2024-03-05 04:17:45 下次操作: 2024-03-05 04:20:02

2024-03-05 04:20:02 开始第 7074 次操作

2024-03-05 04:20:02 开始操作号码 【1686986】
2024-03-05 04:20:09 GSD getOne 第 1 次 等待 3 秒
2024-03-05 04:20:12 查询号码 【1686986】，返回信息 {"status":"ok","msg":"-","gid":"672559","time_insert":"2023-04-23 10:42"}
2024-03-05 04:20:12 查询号码 【1686986】，GSD为【"-"】
2024-03-05 04:20:12 ok && -
2024-03-05 04:20:15 CHB 1686986?1709583612 第 1 次 等待 3 秒
2024-03-05 04:20:18 CHB 1686986?1709583612 第 1 次 获取到号码【1686986】GSD
2024-03-05 04:20:18 未获取到号码【1686986】GSD，可能号码格式错误
2024-03-05 04:20:18 获取到号码【1686986】的GSD为【-】
2024-03-05 04:20:22 GSD insert 第 1 次 等待 3 秒
2024-03-05 04:20:25 {"status":"bad","gid":"672559","msg":"添加失败！号码【1686986(-|-)】已存在！"}
2024-03-05 04:20:25 随机等待 167 秒，约 2 分钟
2024-03-05 04:20:25 下次操作: 2024-03-05 04:23:12

2024-03-05 04:23:12 开始第 7075 次操作

2024-03-05 04:23:12 开始操作号码 【1686987】
2024-03-05 04:23:17 GSD getOne 第 1 次 等待 3 秒
2024-03-05 04:23:20 查询号码 【1686987】，返回信息 {"status":"ok","msg":"-","gid":"672577","time_insert":"2023-04-23 10:52"}
2024-03-05 04:23:20 查询号码 【1686987】，GSD为【"-"】
2024-03-05 04:23:20 ok && -
2024-03-05 04:23:22 CHB 1686987?1709583800 第 1 次 等待 3 秒
2024-03-05 04:23:25 CHB 1686987?1709583800 第 1 次 获取到号码【1686987】GSD
2024-03-05 04:23:25 未获取到号码【1686987】GSD，可能号码格式错误
2024-03-05 04:23:25 获取到号码【1686987】的GSD为【-】
2024-03-05 04:23:30 GSD insert 第 1 次 等待 3 秒
2024-03-05 04:23:33 {"status":"bad","gid":"672577","msg":"添加失败！号码【1686987(-|-)】已存在！"}
2024-03-05 04:23:33 随机等待 194 秒，约 3 分钟
2024-03-05 04:23:33 下次操作: 2024-03-05 04:26:47

2024-03-05 04:26:47 开始第 7076 次操作

2024-03-05 04:26:47 开始操作号码 【1686988】
2024-03-05 04:26:51 GSD getOne 第 1 次 等待 3 秒
2024-03-05 04:26:54 查询号码 【1686988】，返回信息 {"status":"ok","msg":"-","gid":"672604","time_insert":"2023-04-23 11:09"}
2024-03-05 04:26:54 查询号码 【1686988】，GSD为【"-"】
2024-03-05 04:26:54 ok && -
2024-03-05 04:26:56 CHB 1686988?1709584014 第 1 次 等待 3 秒
2024-03-05 04:26:59 CHB 1686988?1709584014 第 1 次 获取到号码【1686988】GSD
2024-03-05 04:26:59 未获取到号码【1686988】GSD，可能号码格式错误
2024-03-05 04:26:59 获取到号码【1686988】的GSD为【-】
2024-03-05 04:27:03 GSD insert 第 1 次 等待 3 秒
2024-03-05 04:27:06 {"status":"bad","gid":"672604","msg":"添加失败！号码【1686988(-|-)】已存在！"}

2024-03-05 04:38:05 开始第 7077 次操作

2024-03-05 04:38:05 开始操作号码 【1686989】
2024-03-05 04:38:14 GSD getOne 第 1 次 等待 3 秒
2024-03-05 04:38:17 查询号码 【1686989】，返回信息 {"status":"ok","msg":"-","gid":"672630","time_insert":"2023-04-23 11:27"}
2024-03-05 04:38:17 查询号码 【1686989】，GSD为【"-"】
2024-03-05 04:38:17 ok && -
2024-03-05 04:38:21 CHB 1686989?1709584697 第 1 次 等待 3 秒
2024-03-05 04:38:24 CHB 1686989?1709584697 第 1 次 获取到号码【1686989】GSD
2024-03-05 04:38:24 未获取到号码【1686989】GSD，可能号码格式错误
2024-03-05 04:38:24 获取到号码【1686989】的GSD为【-】
2024-03-05 04:38:30 GSD insert 第 1 次 等待 3 秒
2024-03-05 04:38:33 {"status":"bad","gid":"672630","msg":"添加失败！号码【1686989(-|-)】已存在！"}
2024-03-05 04:38:33 随机等待 71 秒，约 1 分钟
2024-03-05 04:38:33 下次操作: 2024-03-05 04:39:44

2024-03-05 04:39:44 开始第 7078 次操作

2024-03-05 04:39:44 开始操作号码 【1686990】
2024-03-05 04:39:49 GSD getOne 第 1 次 等待 3 秒
2024-03-05 04:39:52 查询号码 【1686990】，返回信息 {"status":"ok","msg":"-","gid":"672647","time_insert":"2023-04-23 11:36"}
2024-03-05 04:39:52 查询号码 【1686990】，GSD为【"-"】
2024-03-05 04:39:52 ok && -
2024-03-05 04:39:55 CHB 1686990?1709584792 第 1 次 等待 3 秒
2024-03-05 04:39:58 CHB 1686990?1709584792 第 1 次 获取到号码【1686990】GSD
2024-03-05 04:39:58 未获取到号码【1686990】GSD，可能号码格式错误
2024-03-05 04:39:58 获取到号码【1686990】的GSD为【-】
2024-03-05 04:40:02 GSD insert 第 1 次 等待 3 秒
2024-03-05 04:40:05 {"status":"bad","gid":"672647","msg":"添加失败！号码【1686990(-|-)】已存在！"}
2024-03-05 04:40:05 随机等待 227 秒，约 3 分钟
2024-03-05 04:40:05 下次操作: 2024-03-05 04:43:52

2024-03-05 04:43:52 开始第 7079 次操作

2024-03-05 04:43:52 开始操作号码 【1686991】
2024-03-05 04:43:57 GSD getOne 第 1 次 等待 3 秒
2024-03-05 04:44:00 查询号码 【1686991】，返回信息 {"status":"ok","msg":"-","gid":"672686","time_insert":"2023-04-23 11:58"}
2024-03-05 04:44:00 查询号码 【1686991】，GSD为【"-"】
2024-03-05 04:44:00 ok && -
2024-03-05 04:44:04 CHB 1686991?1709585040 第 1 次 等待 3 秒
2024-03-05 04:44:07 CHB 1686991?1709585040 第 1 次 获取到号码【1686991】GSD
2024-03-05 04:44:07 未获取到号码【1686991】GSD，可能号码格式错误
2024-03-05 04:44:07 获取到号码【1686991】的GSD为【-】
2024-03-05 04:44:11 GSD insert 第 1 次 等待 3 秒
2024-03-05 04:44:14 {"status":"bad","gid":"672686","msg":"添加失败！号码【1686991(-|-)】已存在！"}
2024-03-05 04:44:14 随机等待 82 秒，约 1 分钟
2024-03-05 04:44:14 下次操作: 2024-03-05 04:45:36

2024-03-05 04:45:36 开始第 7080 次操作

2024-03-05 04:45:36 开始操作号码 【1686992】
2024-03-05 04:45:43 GSD getOne 第 1 次 等待 3 秒
2024-03-05 04:45:46 查询号码 【1686992】，返回信息 {"status":"ok","msg":"-","gid":"672716","time_insert":"2023-04-23 12:19"}
2024-03-05 04:45:46 查询号码 【1686992】，GSD为【"-"】
2024-03-05 04:45:46 ok && -
2024-03-05 04:45:49 CHB 1686992?1709585146 第 1 次 等待 3 秒
2024-03-05 04:45:52 CHB 1686992?1709585146 第 1 次 获取到号码【1686992】GSD
2024-03-05 04:45:52 未获取到号码【1686992】GSD，可能号码格式错误
2024-03-05 04:45:52 获取到号码【1686992】的GSD为【-】
2024-03-05 04:45:56 GSD insert 第 1 次 等待 3 秒
2024-03-05 04:45:59 {"status":"bad","gid":"672716","msg":"添加失败！号码【1686992(-|-)】已存在！"}

2024-03-05 05:15:05 开始第 7081 次操作

2024-03-05 05:15:05 开始操作号码 【1686993】
2024-03-05 05:15:09 GSD getOne 第 1 次 等待 3 秒
2024-03-05 05:15:12 查询号码 【1686993】，返回信息 {"status":"ok","msg":"-","gid":"672752","time_insert":"2023-04-23 12:41"}
2024-03-05 05:15:12 查询号码 【1686993】，GSD为【"-"】
2024-03-05 05:15:12 ok && -
2024-03-05 05:15:14 CHB 1686993?1709586912 第 1 次 等待 3 秒
2024-03-05 05:15:17 CHB 1686993?1709586912 第 1 次 获取到号码【1686993】GSD
2024-03-05 05:15:17 未获取到号码【1686993】GSD，可能号码格式错误
2024-03-05 05:15:17 获取到号码【1686993】的GSD为【-】
2024-03-05 05:15:22 GSD insert 第 1 次 等待 3 秒
2024-03-05 05:15:25 {"status":"bad","gid":"672752","msg":"添加失败！号码【1686993(-|-)】已存在！"}
2024-03-05 05:15:25 随机等待 152 秒，约 2 分钟
2024-03-05 05:15:25 下次操作: 2024-03-05 05:17:57

2024-03-05 05:17:57 开始第 7082 次操作

2024-03-05 05:17:57 开始操作号码 【1686994】
2024-03-05 05:18:01 GSD getOne 第 1 次 等待 3 秒
2024-03-05 05:18:04 查询号码 【1686994】，返回信息 {"status":"ok","msg":"-","gid":"672777","time_insert":"2023-04-23 12:58"}
2024-03-05 05:18:04 查询号码 【1686994】，GSD为【"-"】
2024-03-05 05:18:04 ok && -
2024-03-05 05:18:07 CHB 1686994?1709587084 第 1 次 等待 3 秒
2024-03-05 05:18:10 CHB 1686994?1709587084 第 1 次 获取到号码【1686994】GSD
2024-03-05 05:18:10 未获取到号码【1686994】GSD，可能号码格式错误
2024-03-05 05:18:10 获取到号码【1686994】的GSD为【-】
2024-03-05 05:18:14 GSD insert 第 1 次 等待 3 秒
2024-03-05 05:18:17 {"status":"bad","gid":"672777","msg":"添加失败！号码【1686994(-|-)】已存在！"}
2024-03-05 05:18:17 随机等待 219 秒，约 3 分钟
2024-03-05 05:18:17 下次操作: 2024-03-05 05:21:56

2024-03-05 05:21:56 开始第 7083 次操作

2024-03-05 05:21:56 开始操作号码 【1686995】
2024-03-05 05:22:01 GSD getOne 第 1 次 等待 3 秒
2024-03-05 05:22:04 查询号码 【1686995】，返回信息 {"status":"ok","msg":"-","gid":"672804","time_insert":"2023-04-23 13:15"}
2024-03-05 05:22:04 查询号码 【1686995】，GSD为【"-"】
2024-03-05 05:22:04 ok && -
2024-03-05 05:22:06 CHB 1686995?1709587324 第 1 次 等待 3 秒
2024-03-05 05:22:09 CHB 1686995?1709587324 第 1 次 获取到号码【1686995】GSD
2024-03-05 05:22:09 未获取到号码【1686995】GSD，可能号码格式错误
2024-03-05 05:22:09 获取到号码【1686995】的GSD为【-】
2024-03-05 05:22:14 GSD insert 第 1 次 等待 3 秒
2024-03-05 05:22:17 {"status":"bad","gid":"672804","msg":"添加失败！号码【1686995(-|-)】已存在！"}
2024-03-05 05:22:17 随机等待 167 秒，约 2 分钟
2024-03-05 05:22:17 下次操作: 2024-03-05 05:25:04

2024-03-05 05:25:04 开始第 7084 次操作

2024-03-05 05:25:04 开始操作号码 【1686996】
2024-03-05 05:25:08 GSD getOne 第 1 次 等待 3 秒
2024-03-05 05:25:11 查询号码 【1686996】，返回信息 {"status":"ok","msg":"-","gid":"672825","time_insert":"2023-04-23 13:29"}
2024-03-05 05:25:11 查询号码 【1686996】，GSD为【"-"】
2024-03-05 05:25:11 ok && -
2024-03-05 05:25:14 CHB 1686996?1709587511 第 1 次 等待 3 秒
2024-03-05 05:25:17 CHB 1686996?1709587511 第 1 次 获取到号码【1686996】GSD
2024-03-05 05:25:17 未获取到号码【1686996】GSD，可能号码格式错误
2024-03-05 05:25:17 获取到号码【1686996】的GSD为【-】
2024-03-05 05:25:22 GSD insert 第 1 次 等待 3 秒
2024-03-05 05:25:25 {"status":"bad","gid":"672825","msg":"添加失败！号码【1686996(-|-)】已存在！"}

2024-03-05 05:37:44 开始第 7085 次操作

2024-03-05 05:37:44 开始操作号码 【1686997】
2024-03-05 05:37:50 GSD getOne 第 1 次 等待 3 秒
2024-03-05 05:37:53 查询号码 【1686997】，返回信息 {"status":"ok","msg":"-","gid":"672842","time_insert":"2023-04-23 13:38"}
2024-03-05 05:37:53 查询号码 【1686997】，GSD为【"-"】
2024-03-05 05:37:53 ok && -
2024-03-05 05:37:55 CHB 1686997?1709588273 第 1 次 等待 3 秒
2024-03-05 05:37:58 CHB 1686997?1709588273 第 1 次 获取到号码【1686997】GSD
2024-03-05 05:37:58 未获取到号码【1686997】GSD，可能号码格式错误
2024-03-05 05:37:58 获取到号码【1686997】的GSD为【-】
2024-03-05 05:38:02 GSD insert 第 1 次 等待 3 秒
2024-03-05 05:38:05 {"status":"bad","gid":"672842","msg":"添加失败！号码【1686997(-|-)】已存在！"}
2024-03-05 05:38:05 随机等待 211 秒，约 3 分钟
2024-03-05 05:38:05 下次操作: 2024-03-05 05:41:36

2024-03-05 05:41:36 开始第 7086 次操作

2024-03-05 05:41:36 开始操作号码 【1686998】
2024-03-05 05:41:41 GSD getOne 第 1 次 等待 3 秒
2024-03-05 05:41:44 查询号码 【1686998】，返回信息 {"status":"ok","msg":"-","gid":"672878","time_insert":"2023-04-23 13:59"}
2024-03-05 05:41:44 查询号码 【1686998】，GSD为【"-"】
2024-03-05 05:41:44 ok && -
2024-03-05 05:41:46 CHB 1686998?1709588504 第 1 次 等待 3 秒
2024-03-05 05:41:49 CHB 1686998?1709588504 第 1 次 获取到号码【1686998】GSD
2024-03-05 05:41:49 未获取到号码【1686998】GSD，可能号码格式错误
2024-03-05 05:41:49 获取到号码【1686998】的GSD为【-】
2024-03-05 05:41:54 GSD insert 第 1 次 等待 3 秒
2024-03-05 05:41:57 {"status":"bad","gid":"672878","msg":"添加失败！号码【1686998(-|-)】已存在！"}
2024-03-05 05:41:57 随机等待 210 秒，约 3 分钟
2024-03-05 05:41:57 下次操作: 2024-03-05 05:45:27

2024-03-05 05:45:27 开始第 7087 次操作

2024-03-05 05:45:27 开始操作号码 【1686999】
2024-03-05 05:45:31 GSD getOne 第 1 次 等待 3 秒
2024-03-05 05:45:34 查询号码 【1686999】，返回信息 {"status":"ok","msg":"-","gid":"672889","time_insert":"2023-04-23 14:11"}
2024-03-05 05:45:34 查询号码 【1686999】，GSD为【"-"】
2024-03-05 05:45:34 ok && -
2024-03-05 05:45:36 CHB 1686999?1709588734 第 1 次 等待 3 秒
2024-03-05 05:45:39 CHB 1686999?1709588734 第 1 次 获取到号码【1686999】GSD
2024-03-05 05:45:39 未获取到号码【1686999】GSD，可能号码格式错误
2024-03-05 05:45:39 获取到号码【1686999】的GSD为【-】
2024-03-05 05:45:44 GSD insert 第 1 次 等待 3 秒
2024-03-05 05:45:47 {"status":"bad","gid":"672889","msg":"添加失败！号码【1686999(-|-)】已存在！"}
2024-03-05 05:45:47 随机等待 231 秒，约 3 分钟
2024-03-05 05:45:47 下次操作: 2024-03-05 05:49:38

2024-03-05 05:49:38 开始第 7088 次操作

2024-03-05 05:49:38 开始操作号码 【1687000】
2024-03-05 05:49:43 GSD getOne 第 1 次 等待 3 秒
2024-03-05 05:49:46 查询号码 【1687000】，返回信息 {"status":"ok","msg":"-","gid":"672916","time_insert":"2023-04-23 14:32"}
2024-03-05 05:49:46 查询号码 【1687000】，GSD为【"-"】
2024-03-05 05:49:46 ok && -
2024-03-05 05:49:48 CHB 1687000?1709588986 第 1 次 等待 3 秒
2024-03-05 05:49:51 CHB 1687000?1709588986 第 1 次 获取到号码【1687000】GSD
2024-03-05 05:49:51 未获取到号码【1687000】GSD，可能号码格式错误
2024-03-05 05:49:51 获取到号码【1687000】的GSD为【-】
2024-03-05 05:49:55 GSD insert 第 1 次 等待 3 秒
2024-03-05 05:49:58 {"status":"bad","gid":"672916","msg":"添加失败！号码【1687000(-|-)】已存在！"}

2024-03-05 06:15:08 开始第 7089 次操作

2024-03-05 06:15:08 开始操作号码 【1687001】
2024-03-05 06:15:12 GSD getOne 第 1 次 等待 3 秒
2024-03-05 06:15:15 查询号码 【1687001】，返回信息 {"status":"ok","msg":"-","gid":"672946","time_insert":"2023-04-23 14:47"}
2024-03-05 06:15:15 查询号码 【1687001】，GSD为【"-"】
2024-03-05 06:15:15 ok && -
2024-03-05 06:15:18 CHB 1687001?1709590515 第 1 次 等待 3 秒
2024-03-05 06:15:21 CHB 1687001?1709590515 第 1 次 获取到号码【1687001】GSD
2024-03-05 06:15:21 未获取到号码【1687001】GSD，可能号码格式错误
2024-03-05 06:15:21 获取到号码【1687001】的GSD为【-】
2024-03-05 06:15:25 GSD insert 第 1 次 等待 3 秒
2024-03-05 06:15:28 {"status":"bad","gid":"672946","msg":"添加失败！号码【1687001(-|-)】已存在！"}
2024-03-05 06:15:28 随机等待 221 秒，约 3 分钟
2024-03-05 06:15:28 下次操作: 2024-03-05 06:19:09

2024-03-05 06:19:09 开始第 7090 次操作

2024-03-05 06:19:09 开始操作号码 【1687002】
2024-03-05 06:19:13 GSD getOne 第 1 次 等待 3 秒
2024-03-05 06:19:16 查询号码 【1687002】，返回信息 {"status":"ok","msg":"-","gid":"672974","time_insert":"2023-04-23 15:05"}
2024-03-05 06:19:16 查询号码 【1687002】，GSD为【"-"】
2024-03-05 06:19:16 ok && -
2024-03-05 06:19:19 CHB 1687002?1709590756 第 1 次 等待 3 秒
2024-03-05 06:19:22 CHB 1687002?1709590756 第 1 次 获取到号码【1687002】GSD
2024-03-05 06:19:22 未获取到号码【1687002】GSD，可能号码格式错误
2024-03-05 06:19:22 获取到号码【1687002】的GSD为【-】
2024-03-05 06:19:26 GSD insert 第 1 次 等待 3 秒
2024-03-05 06:19:29 {"status":"bad","gid":"672974","msg":"添加失败！号码【1687002(-|-)】已存在！"}
2024-03-05 06:19:29 随机等待 89 秒，约 1 分钟
2024-03-05 06:19:29 下次操作: 2024-03-05 06:20:58

2024-03-05 06:20:58 开始第 7091 次操作

2024-03-05 06:20:58 开始操作号码 【1687003】
2024-03-05 06:21:03 GSD getOne 第 1 次 等待 3 秒
2024-03-05 06:21:06 查询号码 【1687003】，返回信息 {"status":"ok","msg":"-","gid":"672995","time_insert":"2023-04-23 15:20"}
2024-03-05 06:21:06 查询号码 【1687003】，GSD为【"-"】
2024-03-05 06:21:06 ok && -
2024-03-05 06:21:08 CHB 1687003?1709590866 第 1 次 等待 3 秒
2024-03-05 06:21:11 CHB 1687003?1709590866 第 1 次 获取到号码【1687003】GSD
2024-03-05 06:21:11 未获取到号码【1687003】GSD，可能号码格式错误
2024-03-05 06:21:11 获取到号码【1687003】的GSD为【-】
2024-03-05 06:21:16 GSD insert 第 1 次 等待 3 秒
2024-03-05 06:21:19 {"status":"bad","gid":"672995","msg":"添加失败！号码【1687003(-|-)】已存在！"}
2024-03-05 06:21:19 随机等待 179 秒，约 2 分钟
2024-03-05 06:21:19 下次操作: 2024-03-05 06:24:18

2024-03-05 06:24:18 开始第 7092 次操作

2024-03-05 06:24:18 开始操作号码 【1687004】
2024-03-05 06:24:22 GSD getOne 第 1 次 等待 3 秒
2024-03-05 06:24:25 查询号码 【1687004】，返回信息 {"status":"ok","msg":"-","gid":"673026","time_insert":"2023-04-23 15:36"}
2024-03-05 06:24:25 查询号码 【1687004】，GSD为【"-"】
2024-03-05 06:24:25 ok && -
2024-03-05 06:24:27 CHB 1687004?1709591065 第 1 次 等待 3 秒
2024-03-05 06:24:30 CHB 1687004?1709591065 第 1 次 获取到号码【1687004】GSD
2024-03-05 06:24:31 未获取到号码【1687004】GSD，可能号码格式错误
2024-03-05 06:24:31 获取到号码【1687004】的GSD为【-】
2024-03-05 06:24:35 GSD insert 第 1 次 等待 3 秒
2024-03-05 06:24:38 {"status":"bad","gid":"673026","msg":"添加失败！号码【1687004(-|-)】已存在！"}

2024-03-05 06:37:46 开始第 7093 次操作

2024-03-05 06:37:46 开始操作号码 【1687005】
2024-03-05 06:37:51 GSD getOne 第 1 次 等待 3 秒
2024-03-05 06:37:54 查询号码 【1687005】，返回信息 {"status":"ok","msg":"-","gid":"673054","time_insert":"2023-04-23 15:52"}
2024-03-05 06:37:54 查询号码 【1687005】，GSD为【"-"】
2024-03-05 06:37:54 ok && -
2024-03-05 06:37:57 CHB 1687005?1709591874 第 1 次 等待 3 秒
2024-03-05 06:38:00 CHB 1687005?1709591874 第 1 次 获取到号码【1687005】GSD
2024-03-05 06:38:00 未获取到号码【1687005】GSD，可能号码格式错误
2024-03-05 06:38:00 获取到号码【1687005】的GSD为【-】
2024-03-05 06:38:05 GSD insert 第 1 次 等待 3 秒
2024-03-05 06:38:08 {"status":"bad","gid":"673054","msg":"添加失败！号码【1687005(-|-)】已存在！"}
2024-03-05 06:38:08 随机等待 97 秒，约 1 分钟
2024-03-05 06:38:08 下次操作: 2024-03-05 06:39:45

2024-03-05 06:39:45 开始第 7094 次操作

2024-03-05 06:39:45 开始操作号码 【1687006】
2024-03-05 06:39:49 GSD getOne 第 1 次 等待 3 秒
2024-03-05 06:39:52 查询号码 【1687006】，返回信息 {"status":"ok","msg":"-","gid":"673079","time_insert":"2023-04-23 16:10"}
2024-03-05 06:39:52 查询号码 【1687006】，GSD为【"-"】
2024-03-05 06:39:52 ok && -
2024-03-05 06:39:55 CHB 1687006?1709591992 第 1 次 等待 3 秒
2024-03-05 06:39:58 CHB 1687006?1709591992 第 1 次 获取到号码【1687006】GSD
2024-03-05 06:39:58 未获取到号码【1687006】GSD，可能号码格式错误
2024-03-05 06:39:58 获取到号码【1687006】的GSD为【-】
2024-03-05 06:40:02 GSD insert 第 1 次 等待 3 秒
2024-03-05 06:40:05 {"status":"bad","gid":"673079","msg":"添加失败！号码【1687006(-|-)】已存在！"}
2024-03-05 06:40:05 随机等待 225 秒，约 3 分钟
2024-03-05 06:40:05 下次操作: 2024-03-05 06:43:50

2024-03-05 06:43:50 开始第 7095 次操作

2024-03-05 06:43:50 开始操作号码 【1687007】
2024-03-05 06:43:56 GSD getOne 第 1 次 等待 3 秒
2024-03-05 06:43:59 查询号码 【1687007】，返回信息 {"status":"ok","msg":"-","gid":"673111","time_insert":"2023-04-23 16:31"}
2024-03-05 06:43:59 查询号码 【1687007】，GSD为【"-"】
2024-03-05 06:43:59 ok && -
2024-03-05 06:44:01 CHB 1687007?1709592239 第 1 次 等待 3 秒
2024-03-05 06:44:04 CHB 1687007?1709592239 第 1 次 获取到号码【1687007】GSD
2024-03-05 06:44:04 未获取到号码【1687007】GSD，可能号码格式错误
2024-03-05 06:44:04 获取到号码【1687007】的GSD为【-】
2024-03-05 06:44:09 GSD insert 第 1 次 等待 3 秒
2024-03-05 06:44:12 {"status":"bad","gid":"673111","msg":"添加失败！号码【1687007(-|-)】已存在！"}
2024-03-05 06:44:12 随机等待 72 秒，约 1 分钟
2024-03-05 06:44:12 下次操作: 2024-03-05 06:45:24

2024-03-05 06:45:24 开始第 7096 次操作

2024-03-05 06:45:24 开始操作号码 【1687008】
2024-03-05 06:45:29 GSD getOne 第 1 次 等待 3 秒
2024-03-05 06:45:32 查询号码 【1687008】，返回信息 {"status":"ok","msg":"-","gid":"673132","time_insert":"2023-04-23 16:41"}
2024-03-05 06:45:32 查询号码 【1687008】，GSD为【"-"】
2024-03-05 06:45:32 ok && -
2024-03-05 06:45:34 CHB 1687008?1709592332 第 1 次 等待 3 秒
2024-03-05 06:45:37 CHB 1687008?1709592332 第 1 次 获取到号码【1687008】GSD
2024-03-05 06:45:37 未获取到号码【1687008】GSD，可能号码格式错误
2024-03-05 06:45:37 获取到号码【1687008】的GSD为【-】
2024-03-05 06:45:41 GSD insert 第 1 次 等待 3 秒
2024-03-05 06:45:44 {"status":"bad","gid":"673132","msg":"添加失败！号码【1687008(-|-)】已存在！"}

2024-03-05 07:17:27 开始第 7097 次操作

2024-03-05 07:17:27 开始操作号码 【1687009】
2024-03-05 07:17:32 GSD getOne 第 1 次 等待 3 秒
2024-03-05 07:17:35 查询号码 【1687009】，返回信息 {"status":"ok","msg":"-","gid":"673163","time_insert":"2023-04-23 16:57"}
2024-03-05 07:17:35 查询号码 【1687009】，GSD为【"-"】
2024-03-05 07:17:35 ok && -
2024-03-05 07:17:37 CHB 1687009?1709594255 第 1 次 等待 3 秒
2024-03-05 07:17:40 CHB 1687009?1709594255 第 1 次 获取到号码【1687009】GSD
2024-03-05 07:17:40 未获取到号码【1687009】GSD，可能号码格式错误
2024-03-05 07:17:40 获取到号码【1687009】的GSD为【-】
2024-03-05 07:17:45 GSD insert 第 1 次 等待 3 秒
2024-03-05 07:17:48 {"status":"bad","gid":"673163","msg":"添加失败！号码【1687009(-|-)】已存在！"}
2024-03-05 07:17:48 随机等待 101 秒，约 1 分钟
2024-03-05 07:17:48 下次操作: 2024-03-05 07:19:29

2024-03-05 07:19:29 开始第 7098 次操作

2024-03-05 07:19:29 开始操作号码 【1687010】
2024-03-05 07:19:34 GSD getOne 第 1 次 等待 3 秒
2024-03-05 07:19:37 查询号码 【1687010】，返回信息 {"status":"ok","msg":"-","gid":"673177","time_insert":"2023-04-23 17:06"}
2024-03-05 07:19:37 查询号码 【1687010】，GSD为【"-"】
2024-03-05 07:19:37 ok && -
2024-03-05 07:19:40 CHB 1687010?1709594377 第 1 次 等待 3 秒
2024-03-05 07:19:43 CHB 1687010?1709594377 第 1 次 获取到号码【1687010】GSD
2024-03-05 07:19:43 未获取到号码【1687010】GSD，可能号码格式错误
2024-03-05 07:19:43 获取到号码【1687010】的GSD为【-】
2024-03-05 07:19:48 GSD insert 第 1 次 等待 3 秒
2024-03-05 07:19:51 {"status":"bad","gid":"673177","msg":"添加失败！号码【1687010(-|-)】已存在！"}
2024-03-05 07:19:51 随机等待 156 秒，约 2 分钟
2024-03-05 07:19:51 下次操作: 2024-03-05 07:22:27

2024-03-05 07:22:27 开始第 7099 次操作

2024-03-05 07:22:27 开始操作号码 【1687011】
2024-03-05 07:22:31 GSD getOne 第 1 次 等待 3 秒
2024-03-05 07:22:34 查询号码 【1687011】，返回信息 {"status":"ok","msg":"-","gid":"673191","time_insert":"2023-04-23 17:14"}
2024-03-05 07:22:34 查询号码 【1687011】，GSD为【"-"】
2024-03-05 07:22:34 ok && -
2024-03-05 07:22:37 CHB 1687011?1709594554 第 1 次 等待 3 秒
2024-03-05 07:22:40 CHB 1687011?1709594554 第 1 次 获取到号码【1687011】GSD
2024-03-05 07:22:40 未获取到号码【1687011】GSD，可能号码格式错误
2024-03-05 07:22:40 获取到号码【1687011】的GSD为【-】
2024-03-05 07:22:45 GSD insert 第 1 次 等待 3 秒
2024-03-05 07:22:48 {"status":"bad","gid":"673191","msg":"添加失败！号码【1687011(-|-)】已存在！"}
2024-03-05 07:22:48 随机等待 114 秒，约 1 分钟
2024-03-05 07:22:48 下次操作: 2024-03-05 07:24:42

2024-03-05 07:24:42 开始第 7100 次操作

2024-03-05 07:24:42 开始操作号码 【1687012】
2024-03-05 07:24:46 GSD getOne 第 1 次 等待 3 秒
2024-03-05 07:24:49 查询号码 【1687012】，返回信息 {"status":"ok","msg":"-","gid":"673212","time_insert":"2023-04-23 17:26"}
2024-03-05 07:24:49 查询号码 【1687012】，GSD为【"-"】
2024-03-05 07:24:49 ok && -
2024-03-05 07:24:51 CHB 1687012?1709594689 第 1 次 等待 3 秒
2024-03-05 07:24:54 CHB 1687012?1709594689 第 1 次 获取到号码【1687012】GSD
2024-03-05 07:24:54 未获取到号码【1687012】GSD，可能号码格式错误
2024-03-05 07:24:54 获取到号码【1687012】的GSD为【-】
2024-03-05 07:24:59 GSD insert 第 1 次 等待 3 秒
2024-03-05 07:25:02 {"status":"bad","gid":"673212","msg":"添加失败！号码【1687012(-|-)】已存在！"}

