2024-02-05 00:19:06 开始第 1921 次操作

2024-02-05 00:19:06 开始操作号码 【1681833】
2024-02-05 00:19:11 GSD getOne 第 1 次 等待 3 秒
2024-02-05 00:19:14 查询号码 【1681833】，返回信息 {"status":"ok","msg":"-","gid":"550272","time_insert":"2023-02-23 21:34"}
2024-02-05 00:19:14 查询号码 【1681833】，GSD为【"-"】
2024-02-05 00:19:14 ok && -
2024-02-05 00:19:16 CHB 1681833?1707063554 第 1 次 等待 3 秒
2024-02-05 00:19:19 CHB 1681833?1707063554 第 1 次 获取到号码【1681833】GSD
2024-02-05 00:19:19 未获取到号码【1681833】GSD，可能号码格式错误
2024-02-05 00:19:19 获取到号码【1681833】的GSD为【-】
2024-02-05 00:19:24 GSD insert 第 1 次 等待 3 秒
2024-02-05 00:19:27 {"status":"bad","gid":"550272","msg":"添加失败！号码【1681833(-|-)】已存在！"}
2024-02-05 00:19:27 随机等待 80 秒，约 1 分钟
2024-02-05 00:19:27 下次操作: 2024-02-05 00:20:47

2024-02-05 00:20:47 开始第 1922 次操作

2024-02-05 00:20:47 开始操作号码 【1681834】
2024-02-05 00:20:53 GSD getOne 第 1 次 等待 3 秒
2024-02-05 00:20:56 查询号码 【1681834】，返回信息 {"status":"ok","msg":"-","gid":"550300","time_insert":"2023-02-23 21:52"}
2024-02-05 00:20:56 查询号码 【1681834】，GSD为【"-"】
2024-02-05 00:20:56 ok && -
2024-02-05 00:21:01 CHB 1681834?1707063656 第 1 次 等待 3 秒
2024-02-05 00:21:04 CHB 1681834?1707063656 第 1 次 获取到号码【1681834】GSD
2024-02-05 00:21:04 未获取到号码【1681834】GSD，可能号码格式错误
2024-02-05 00:21:04 获取到号码【1681834】的GSD为【-】
2024-02-05 00:21:10 GSD insert 第 1 次 等待 3 秒
2024-02-05 00:21:13 {"status":"bad","gid":"550300","msg":"添加失败！号码【1681834(-|-)】已存在！"}
2024-02-05 00:21:13 随机等待 141 秒，约 2 分钟
2024-02-05 00:21:13 下次操作: 2024-02-05 00:23:34

2024-02-05 00:23:34 开始第 1923 次操作

2024-02-05 00:23:34 开始操作号码 【1681835】
2024-02-05 00:23:39 GSD getOne 第 1 次 等待 3 秒
2024-02-05 00:23:42 查询号码 【1681835】，返回信息 {"status":"ok","msg":"-","gid":"550322","time_insert":"2023-02-23 22:03"}
2024-02-05 00:23:42 查询号码 【1681835】，GSD为【"-"】
2024-02-05 00:23:42 ok && -
2024-02-05 00:23:45 CHB 1681835?1707063822 第 1 次 等待 3 秒
2024-02-05 00:23:48 CHB 1681835?1707063822 第 1 次 获取到号码【1681835】GSD
2024-02-05 00:23:48 未获取到号码【1681835】GSD，可能号码格式错误
2024-02-05 00:23:48 获取到号码【1681835】的GSD为【-】
2024-02-05 00:23:52 GSD insert 第 1 次 等待 3 秒
2024-02-05 00:23:55 {"status":"bad","gid":"550322","msg":"添加失败！号码【1681835(-|-)】已存在！"}
2024-02-05 00:23:55 随机等待 183 秒，约 3 分钟
2024-02-05 00:23:55 下次操作: 2024-02-05 00:26:58

2024-02-05 00:26:58 开始第 1924 次操作

2024-02-05 00:26:58 开始操作号码 【1681836】
2024-02-05 00:27:07 GSD getOne 第 1 次 等待 3 秒
2024-02-05 00:27:10 查询号码 【1681836】，返回信息 {"status":"ok","msg":"-","gid":"550343","time_insert":"2023-02-23 22:17"}
2024-02-05 00:27:10 查询号码 【1681836】，GSD为【"-"】
2024-02-05 00:27:10 ok && -
2024-02-05 00:27:13 CHB 1681836?1707064030 第 1 次 等待 3 秒
2024-02-05 00:27:16 CHB 1681836?1707064030 第 1 次 获取到号码【1681836】GSD
2024-02-05 00:27:16 未获取到号码【1681836】GSD，可能号码格式错误
2024-02-05 00:27:16 获取到号码【1681836】的GSD为【-】
2024-02-05 00:27:22 GSD insert 第 1 次 等待 3 秒
2024-02-05 00:27:25 {"status":"bad","gid":"550343","msg":"添加失败！号码【1681836(-|-)】已存在！"}

