2023-11-05 00:20:16 开始第 6785 次操作

2023-11-05 00:20:16 开始操作号码 【1896699】
2023-11-05 00:20:21 GSD getOne 第 1 次 等待 3 秒
2023-11-05 00:20:24 查询号码 【1896699】，返回信息 {"status":"ok","msg":"陕西-榆林","gid":"459320","time_insert":"2021-07-31 19:09","time_update":"2021-07-31 19:54"}
2023-11-05 00:20:25 查询号码 【1896699】，GSD为【"陕西-榆林"】

2023-11-05 00:20:26 开始第 6786 次操作

2023-11-05 00:20:26 开始操作号码 【1896700】
2023-11-05 00:20:36 GSD getOne 第 1 次 等待 3 秒
2023-11-05 00:20:39 查询号码 【1896700】，返回信息 {"status":"ok","msg":"浙江-衢州","gid":"459311","time_insert":"2021-07-31 19:08"}
2023-11-05 00:20:39 查询号码 【1896700】，GSD为【"浙江-衢州"】

2023-11-05 00:20:40 开始第 6787 次操作

2023-11-05 00:20:40 开始操作号码 【1896701】
2023-11-05 00:20:45 GSD getOne 第 1 次 等待 3 秒
2023-11-05 00:20:48 查询号码 【1896701】，返回信息 {"status":"ok","msg":"浙江-衢州","gid":"459305","time_insert":"2021-07-31 19:07"}
2023-11-05 00:20:48 查询号码 【1896701】，GSD为【"浙江-衢州"】

2023-11-05 00:20:49 开始第 6788 次操作

2023-11-05 00:20:49 开始操作号码 【1896702】
2023-11-05 00:20:53 GSD getOne 第 1 次 等待 3 秒
2023-11-05 00:20:56 查询号码 【1896702】，返回信息 {"status":"ok","msg":"浙江-衢州","gid":"459297","time_insert":"2021-07-31 19:07"}
2023-11-05 00:20:56 查询号码 【1896702】，GSD为【"浙江-衢州"】

