2024-09-12 00:24:11 开始第 4085 次操作

2024-09-12 00:24:11 开始操作号码 【1354084】
2024-09-12 00:24:19 GSD getOne 第 1 次 等待 3 秒
2024-09-12 00:24:22 查询号码 【1354084】，返回信息 {"status":"ok","msg":"四川-成都","gid":"5785","time_insert":"2018-02-01 14:02","time_update":"2020-10-11 09:47"}
2024-09-12 00:24:22 查询号码 【1354084】，GSD为【"四川-成都"】

2024-09-12 00:24:23 开始第 4086 次操作

2024-09-12 00:24:23 开始操作号码 【1354085】
2024-09-12 00:24:39 GSD getOne 第 1 次 等待 3 秒
2024-09-12 00:24:42 查询号码 【1354085】，返回信息 {"status":"ok","msg":"四川-成都","gid":"5786","time_insert":"2019-06-11 18:53","time_update":"2020-10-11 09:52"}
2024-09-12 00:24:42 查询号码 【1354085】，GSD为【"四川-成都"】

2024-09-12 00:24:43 开始第 4087 次操作

2024-09-12 00:24:43 开始操作号码 【1354086】
2024-09-12 00:24:54 GSD getOne 第 1 次 等待 3 秒
2024-09-12 00:24:57 查询号码 【1354086】，返回信息 {"status":"ok","msg":"四川-成都","gid":"5787","time_insert":"2018-04-28 17:25","time_update":"2020-10-11 09:57"}
2024-09-12 00:24:57 查询号码 【1354086】，GSD为【"四川-成都"】

2024-09-12 00:24:58 开始第 4088 次操作

2024-09-12 00:24:58 开始操作号码 【1354087】
2024-09-12 00:25:07 GSD getOne 第 1 次 等待 3 秒
2024-09-12 00:25:10 查询号码 【1354087】，返回信息 {"status":"ok","msg":"四川-成都","gid":"5788","time_insert":"2015-02-11 22:06","time_update":"2020-10-11 09:58"}
2024-09-12 00:25:10 查询号码 【1354087】，GSD为【"四川-成都"】

2024-09-12 00:43:48 开始第 4089 次操作

2024-09-12 00:43:48 开始操作号码 【1354088】
2024-09-12 00:43:56 GSD getOne 第 1 次 等待 3 秒
2024-09-12 00:43:59 查询号码 【1354088】，返回信息 {"status":"ok","msg":"四川-成都","gid":"5789","time_insert":"2018-12-04 12:31","time_update":"2020-10-11 10:01"}
2024-09-12 00:43:59 查询号码 【1354088】，GSD为【"四川-成都"】

2024-09-12 00:44:00 开始第 4090 次操作

2024-09-12 00:44:00 开始操作号码 【1354089】
2024-09-12 00:44:08 GSD getOne 第 1 次 等待 3 秒
2024-09-12 00:44:11 查询号码 【1354089】，返回信息 {"status":"ok","msg":"四川-成都","gid":"5790","time_insert":"2018-06-28 23:14","time_update":"2020-10-11 10:05"}
2024-09-12 00:44:11 查询号码 【1354089】，GSD为【"四川-成都"】

2024-09-12 00:44:12 开始第 4091 次操作

2024-09-12 00:44:12 开始操作号码 【1354090】
2024-09-12 00:44:23 GSD getOne 第 1 次 等待 3 秒
2024-09-12 00:44:26 查询号码 【1354090】，返回信息 {"status":"ok","msg":"四川-乐山","gid":"5791","time_insert":"2017-12-03 14:23","time_update":"2020-10-11 10:10"}
2024-09-12 00:44:26 查询号码 【1354090】，GSD为【"四川-乐山"】

2024-09-12 00:44:27 开始第 4092 次操作

2024-09-12 00:44:27 开始操作号码 【1354091】
2024-09-12 00:44:35 GSD getOne 第 1 次 等待 3 秒
2024-09-12 00:44:38 查询号码 【1354091】，返回信息 {"status":"ok","msg":"四川-乐山","gid":"5792","time_insert":"2018-10-26 20:28","time_update":"2020-10-11 10:14"}
2024-09-12 00:44:38 查询号码 【1354091】，GSD为【"四川-乐山"】

