2023-10-07 00:22:20 开始第 1877 次操作

2023-10-07 00:22:21 开始操作号码 【1891876】
2023-10-07 00:22:24 GSD getOne 第 1 次 等待 3 秒
2023-10-07 00:22:27 查询号码 【1891876】，返回信息 {"status":"ok","msg":"上海-上海","gid":"497635","time_insert":"2021-08-06 14:25"}
2023-10-07 00:22:27 查询号码 【1891876】，GSD为【"上海-上海"】

2023-10-07 00:22:28 开始第 1878 次操作

2023-10-07 00:22:28 开始操作号码 【1891877】
2023-10-07 00:22:31 GSD getOne 第 1 次 等待 3 秒
2023-10-07 00:22:34 查询号码 【1891877】，返回信息 {"status":"ok","msg":"上海-上海","gid":"497640","time_insert":"2021-08-06 14:31"}
2023-10-07 00:22:34 查询号码 【1891877】，GSD为【"上海-上海"】

2023-10-07 00:22:35 开始第 1879 次操作

2023-10-07 00:22:35 开始操作号码 【1891878】
2023-10-07 00:22:42 GSD getOne 第 1 次 等待 3 秒
2023-10-07 00:22:45 查询号码 【1891878】，返回信息 {"status":"ok","msg":"上海-上海","gid":"497642","time_insert":"2021-08-06 14:33"}
2023-10-07 00:22:45 查询号码 【1891878】，GSD为【"上海-上海"】

2023-10-07 00:22:46 开始第 1880 次操作

2023-10-07 00:22:46 开始操作号码 【1891879】
2023-10-07 00:22:50 GSD getOne 第 1 次 等待 3 秒
2023-10-07 00:22:53 查询号码 【1891879】，返回信息 {"status":"ok","msg":"上海-上海","gid":"497646","time_insert":"2021-08-06 14:40"}
2023-10-07 00:22:53 查询号码 【1891879】，GSD为【"上海-上海"】

2023-10-07 00:40:35 开始第 1881 次操作

2023-10-07 00:40:35 开始操作号码 【1891880】
2023-10-07 00:40:37 GSD getOne 第 1 次 等待 3 秒
2023-10-07 00:40:40 查询号码 【1891880】，返回信息 {"status":"ok","msg":"上海-上海","gid":"497652","time_insert":"2021-08-06 14:45"}
2023-10-07 00:40:40 查询号码 【1891880】，GSD为【"上海-上海"】

2023-10-07 00:40:41 开始第 1882 次操作

2023-10-07 00:40:41 开始操作号码 【1891881】
2023-10-07 00:40:44 GSD getOne 第 1 次 等待 3 秒
2023-10-07 00:40:47 查询号码 【1891881】，返回信息 {"status":"ok","msg":"上海-上海","gid":"497658","time_insert":"2021-08-06 14:53"}
2023-10-07 00:40:47 查询号码 【1891881】，GSD为【"上海-上海"】

2023-10-07 00:40:48 开始第 1883 次操作

2023-10-07 00:40:48 开始操作号码 【1891882】
2023-10-07 00:40:51 GSD getOne 第 1 次 等待 3 秒
2023-10-07 00:40:54 查询号码 【1891882】，返回信息 {"status":"ok","msg":"上海-上海","gid":"497659","time_insert":"2021-08-06 14:53"}
2023-10-07 00:40:54 查询号码 【1891882】，GSD为【"上海-上海"】

2023-10-07 00:40:55 开始第 1884 次操作

2023-10-07 00:40:55 开始操作号码 【1891883】
2023-10-07 00:40:58 GSD getOne 第 1 次 等待 3 秒
2023-10-07 00:41:01 查询号码 【1891883】，返回信息 {"status":"ok","msg":"上海-上海","gid":"497663","time_insert":"2021-08-06 14:57"}
2023-10-07 00:41:02 查询号码 【1891883】，GSD为【"上海-上海"】

