2024-03-16 00:21:45 开始第 8997 次操作

2024-03-16 00:21:45 开始操作号码 【1688909】
2024-03-16 00:22:51 GSD getOne 第 1 次 等待 3 秒
2024-03-16 00:22:54 查询号码 【1688909】，返回信息 {"status":"ok","msg":"-","gid":"663636","time_insert":"2023-04-19 05:00"}
2024-03-16 00:22:54 查询号码 【1688909】，GSD为【"-"】
2024-03-16 00:22:54 ok && -
2024-03-16 00:22:57 CHB 1688909?1710519774 第 1 次 等待 3 秒
2024-03-16 00:23:00 CHB 1688909?1710519774 第 1 次 获取到号码【1688909】GSD
2024-03-16 00:23:00 未获取到号码【1688909】GSD，可能号码格式错误
2024-03-16 00:23:00 获取到号码【1688909】的GSD为【-】
2024-03-16 00:23:08 GSD insert 第 1 次 等待 3 秒
2024-03-16 00:23:11 {"status":"bad","gid":"663636","msg":"添加失败！号码【1688909(-|-)】已存在！"}
2024-03-16 00:23:11 随机等待 194 秒，约 3 分钟
2024-03-16 00:23:11 下次操作: 2024-03-16 00:26:25

2024-03-16 00:26:25 开始第 8998 次操作

2024-03-16 00:26:25 开始操作号码 【1688910】
2024-03-16 00:26:30 GSD getOne 第 1 次 等待 3 秒
2024-03-16 00:26:33 查询号码 【1688910】，返回信息 {"status":"ok","msg":"-","gid":"663633","time_insert":"2023-04-19 04:58"}
2024-03-16 00:26:33 查询号码 【1688910】，GSD为【"-"】
2024-03-16 00:26:33 ok && -
2024-03-16 00:26:35 CHB 1688910?1710519993 第 1 次 等待 3 秒
2024-03-16 00:26:38 CHB 1688910?1710519993 第 1 次 获取到号码【1688910】GSD
2024-03-16 00:26:38 未获取到号码【1688910】GSD，可能号码格式错误
2024-03-16 00:26:38 获取到号码【1688910】的GSD为【-】
2024-03-16 00:26:43 GSD insert 第 1 次 等待 3 秒
2024-03-16 00:26:46 {"status":"bad","gid":"663633","msg":"添加失败！号码【1688910(-|-)】已存在！"}
2024-03-16 00:26:46 随机等待 206 秒，约 3 分钟
2024-03-16 00:26:46 下次操作: 2024-03-16 00:30:12

2024-03-16 00:30:12 开始第 8999 次操作

2024-03-16 00:30:12 开始操作号码 【1688911】
2024-03-16 00:30:17 GSD getOne 第 1 次 等待 3 秒
2024-03-16 00:30:20 查询号码 【1688911】，返回信息 {"status":"ok","msg":"-","gid":"663632","time_insert":"2023-04-19 04:56"}
2024-03-16 00:30:20 查询号码 【1688911】，GSD为【"-"】
2024-03-16 00:30:20 ok && -
2024-03-16 00:30:22 CHB 1688911?1710520220 第 1 次 等待 3 秒
2024-03-16 00:30:25 CHB 1688911?1710520220 第 1 次 获取到号码【1688911】GSD
2024-03-16 00:30:25 未获取到号码【1688911】GSD，可能号码格式错误
2024-03-16 00:30:25 获取到号码【1688911】的GSD为【-】
2024-03-16 00:30:35 GSD insert 第 1 次 等待 3 秒
2024-03-16 00:30:38 {"status":"bad","gid":"663632","msg":"添加失败！号码【1688911(-|-)】已存在！"}
2024-03-16 00:30:38 随机等待 142 秒，约 2 分钟
2024-03-16 00:30:38 下次操作: 2024-03-16 00:33:00

2024-03-16 00:33:00 开始第 9000 次操作

2024-03-16 00:33:00 开始操作号码 【1688912】
2024-03-16 00:33:05 GSD getOne 第 1 次 等待 3 秒
2024-03-16 00:33:08 查询号码 【1688912】，返回信息 {"status":"ok","msg":"-","gid":"663624","time_insert":"2023-04-19 04:52"}
2024-03-16 00:33:08 查询号码 【1688912】，GSD为【"-"】
2024-03-16 00:33:08 ok && -
2024-03-16 00:33:10 CHB 1688912?1710520388 第 1 次 等待 3 秒
2024-03-16 00:33:13 CHB 1688912?1710520388 第 1 次 获取到号码【1688912】GSD
2024-03-16 00:33:13 未获取到号码【1688912】GSD，可能号码格式错误
2024-03-16 00:33:13 获取到号码【1688912】的GSD为【-】
2024-03-16 00:33:19 GSD insert 第 1 次 等待 3 秒
2024-03-16 00:33:22 {"status":"bad","gid":"663624","msg":"添加失败！号码【1688912(-|-)】已存在！"}

