2024-06-14 00:24:43 开始第 561 次操作

2024-06-14 00:24:43 开始操作号码 【1460468】
2024-06-14 00:24:57 GSD getOne 第 1 次 等待 3 秒
2024-06-14 00:25:00 查询号码 【1460468】，返回信息 {"status":"ok","msg":"江苏-南京","gid":"74321","time_insert":"2021-05-31 08:18"}
2024-06-14 00:25:00 查询号码 【1460468】，GSD为【"江苏-南京"】

2024-06-14 00:25:01 开始第 562 次操作

2024-06-14 00:25:01 开始操作号码 【1460469】
2024-06-14 00:25:08 GSD getOne 第 1 次 等待 3 秒
2024-06-14 00:25:11 查询号码 【1460469】，返回信息 {"status":"ok","msg":"江苏-南京","gid":"74343","time_insert":"2021-05-31 08:45"}
2024-06-14 00:25:11 查询号码 【1460469】，GSD为【"江苏-南京"】

2024-06-14 00:25:12 开始第 563 次操作

2024-06-14 00:25:12 开始操作号码 【1460470】
2024-06-14 00:25:20 GSD getOne 第 1 次 等待 3 秒
2024-06-14 00:25:23 查询号码 【1460470】，返回信息 {"status":"ok","msg":"江苏-南京","gid":"74365","time_insert":"2021-05-31 09:15"}
2024-06-14 00:25:23 查询号码 【1460470】，GSD为【"江苏-南京"】

2024-06-14 00:25:24 开始第 564 次操作

2024-06-14 00:25:24 开始操作号码 【1460471】
2024-06-14 00:25:31 GSD getOne 第 1 次 等待 3 秒
2024-06-14 00:25:34 查询号码 【1460471】，返回信息 {"status":"ok","msg":"江苏-南京","gid":"74387","time_insert":"2021-05-31 09:41"}
2024-06-14 00:25:34 查询号码 【1460471】，GSD为【"江苏-南京"】

2024-06-14 00:43:41 开始第 565 次操作

2024-06-14 00:43:41 开始操作号码 【1460472】
2024-06-14 00:43:50 GSD getOne 第 1 次 等待 3 秒
2024-06-14 00:43:53 查询号码 【1460472】，返回信息 {"status":"ok","msg":"江苏-南京","gid":"74406","time_insert":"2021-05-31 10:07"}
2024-06-14 00:43:53 查询号码 【1460472】，GSD为【"江苏-南京"】

2024-06-14 00:43:54 开始第 566 次操作

2024-06-14 00:43:54 开始操作号码 【1460473】
2024-06-14 00:44:00 GSD getOne 第 1 次 等待 3 秒
2024-06-14 00:44:03 查询号码 【1460473】，返回信息 {"status":"ok","msg":"江苏-南京","gid":"74428","time_insert":"2021-05-31 10:35"}
2024-06-14 00:44:03 查询号码 【1460473】，GSD为【"江苏-南京"】

2024-06-14 00:44:04 开始第 567 次操作

2024-06-14 00:44:04 开始操作号码 【1460474】
2024-06-14 00:44:15 GSD getOne 第 1 次 等待 3 秒
2024-06-14 00:44:18 查询号码 【1460474】，返回信息 {"status":"ok","msg":"江苏-南京","gid":"74447","time_insert":"2021-05-31 11:02"}
2024-06-14 00:44:18 查询号码 【1460474】，GSD为【"江苏-南京"】

2024-06-14 00:44:19 开始第 568 次操作

2024-06-14 00:44:19 开始操作号码 【1460475】
2024-06-14 00:44:28 GSD getOne 第 1 次 等待 3 秒
2024-06-14 00:44:31 查询号码 【1460475】，返回信息 {"status":"ok","msg":"江苏-南京","gid":"74462","time_insert":"2021-05-31 11:20"}
2024-06-14 00:44:31 查询号码 【1460475】，GSD为【"江苏-南京"】

2024-06-14 01:17:07 开始第 569 次操作

2024-06-14 01:17:07 开始操作号码 【1460476】
2024-06-14 01:17:15 GSD getOne 第 1 次 等待 3 秒
2024-06-14 01:17:18 查询号码 【1460476】，返回信息 {"status":"ok","msg":"江苏-南京","gid":"74482","time_insert":"2021-05-31 11:44"}
2024-06-14 01:17:18 查询号码 【1460476】，GSD为【"江苏-南京"】

2024-06-14 01:17:19 开始第 570 次操作

2024-06-14 01:17:19 开始操作号码 【1460477】
2024-06-14 01:17:26 GSD getOne 第 1 次 等待 3 秒
2024-06-14 01:17:29 查询号码 【1460477】，返回信息 {"status":"ok","msg":"江苏-南京","gid":"74498","time_insert":"2021-05-31 12:01"}
2024-06-14 01:17:29 查询号码 【1460477】，GSD为【"江苏-南京"】

2024-06-14 01:17:30 开始第 571 次操作

2024-06-14 01:17:30 开始操作号码 【1460478】
2024-06-14 01:17:40 GSD getOne 第 1 次 等待 3 秒
2024-06-14 01:17:43 查询号码 【1460478】，返回信息 {"status":"ok","msg":"江苏-南京","gid":"74513","time_insert":"2021-05-31 12:24"}
2024-06-14 01:17:43 查询号码 【1460478】，GSD为【"江苏-南京"】

2024-06-14 01:17:44 开始第 572 次操作

2024-06-14 01:17:44 开始操作号码 【1460479】
2024-06-14 01:17:49 GSD getOne 第 1 次 等待 3 秒
2024-06-14 01:17:52 查询号码 【1460479】，返回信息 {"status":"ok","msg":"江苏-南京","gid":"74526","time_insert":"2021-05-31 12:42"}
2024-06-14 01:17:52 查询号码 【1460479】，GSD为【"江苏-南京"】

2024-06-14 01:37:43 开始第 573 次操作

2024-06-14 01:37:43 开始操作号码 【1460480】
2024-06-14 01:38:07 GSD getOne 第 1 次 等待 3 秒
2024-06-14 01:38:10 查询号码 【1460480】，返回信息 {"status":"ok","msg":"江苏-南京","gid":"74543","time_insert":"2021-05-31 13:01"}
2024-06-14 01:38:10 查询号码 【1460480】，GSD为【"江苏-南京"】

2024-06-14 01:38:11 开始第 574 次操作

2024-06-14 01:38:11 开始操作号码 【1460481】
2024-06-14 01:38:31 GSD getOne 第 1 次 等待 3 秒
2024-06-14 01:38:34 查询号码 【1460481】，返回信息 {"status":"ok","msg":"江苏-南京","gid":"74567","time_insert":"2021-05-31 13:29"}
2024-06-14 01:38:34 查询号码 【1460481】，GSD为【"江苏-南京"】

2024-06-14 01:38:35 开始第 575 次操作

2024-06-14 01:38:35 开始操作号码 【1460482】
2024-06-14 01:38:42 GSD getOne 第 1 次 等待 3 秒
2024-06-14 01:38:45 查询号码 【1460482】，返回信息 {"status":"ok","msg":"江苏-南京","gid":"74583","time_insert":"2021-05-31 13:51"}
2024-06-14 01:38:45 查询号码 【1460482】，GSD为【"江苏-南京"】

2024-06-14 01:38:46 开始第 576 次操作

2024-06-14 01:38:46 开始操作号码 【1460483】
2024-06-14 01:38:54 GSD getOne 第 1 次 等待 3 秒
2024-06-14 01:38:57 查询号码 【1460483】，返回信息 {"status":"ok","msg":"江苏-南京","gid":"74606","time_insert":"2021-05-31 14:15"}
2024-06-14 01:38:57 查询号码 【1460483】，GSD为【"江苏-南京"】

