2021-07-08 00:07:03 开始第 1 次操作

2021-07-08 00:07:03 开始操作号码 【1717441】
2021-07-08 00:07:13 GSD getOne 第 1 次 等待 1 秒
2021-07-08 00:07:14 查询号码 【1717441】，返回信息 {"status":"bad","msg":""}
2021-07-08 00:07:14 查询号码 【1717441】，GSD为【""】
2021-07-08 00:07:14 bad
2021-07-08 00:07:16 CHB 1717441?1625674034 第 1 次 等待 1 秒
2021-07-08 00:07:17 CHB 1717441?1625674034 第 1 次 获取到号码【1717441】GSD
2021-07-08 00:07:17 获取到号码【1717441】的GSD为【河南-信阳】
2021-07-08 00:07:38 GSD insert 第 1 次 等待 1 秒
2021-07-08 00:07:39 {"status":"ok","msg":"添加成功！218071"}
2021-07-08 00:07:39 下次操作: 2021-07-08 00:07:56

2021-07-08 00:07:56 开始第 2 次操作

2021-07-08 00:07:56 开始操作号码 【1717442】
2021-07-08 00:08:01 GSD getOne 第 1 次 等待 1 秒
2021-07-08 00:08:02 查询号码 【1717442】，返回信息 {"status":"bad","msg":""}
2021-07-08 00:08:02 查询号码 【1717442】，GSD为【""】
2021-07-08 00:08:02 bad
2021-07-08 00:08:03 CHB 1717442?1625674082 第 1 次 等待 1 秒
2021-07-08 00:08:04 CHB 1717442?1625674082 第 1 次 获取到号码【1717442】GSD
2021-07-08 00:08:04 获取到号码【1717442】的GSD为【河南-信阳】
2021-07-08 00:10:15 GSD insert 第 1 次 等待 1 秒
2021-07-08 00:10:20 GSD insert 第 2 次 等待 1 秒
2021-07-08 00:10:21 {"status":"ok","msg":"添加成功！218103"}
2021-07-08 00:10:21 下次操作: 2021-07-08 00:10:38

2021-07-08 00:10:38 开始第 3 次操作

2021-07-08 00:10:38 开始操作号码 【1717443】
2021-07-08 00:10:48 GSD getOne 第 1 次 等待 1 秒
2021-07-08 00:10:49 查询号码 【1717443】，返回信息 {"status":"bad","msg":""}
2021-07-08 00:10:49 查询号码 【1717443】，GSD为【""】
2021-07-08 00:10:49 bad
2021-07-08 00:10:51 CHB 1717443?1625674249 第 1 次 等待 1 秒
2021-07-08 00:10:52 CHB 1717443?1625674249 第 1 次 获取到号码【1717443】GSD
2021-07-08 00:10:52 获取到号码【1717443】的GSD为【河南-信阳】
2021-07-08 00:11:11 GSD insert 第 1 次 等待 1 秒
2021-07-08 00:11:12 {"status":"ok","msg":"添加成功！218115"}
2021-07-08 00:11:12 下次操作: 2021-07-08 00:11:18

2021-07-08 00:11:18 开始第 4 次操作

2021-07-08 00:11:18 开始操作号码 【1717444】
2021-07-08 00:11:37 GSD getOne 第 1 次 等待 1 秒
2021-07-08 00:11:38 查询号码 【1717444】，返回信息 {"status":"bad","msg":""}
2021-07-08 00:11:38 查询号码 【1717444】，GSD为【""】
2021-07-08 00:11:38 bad
2021-07-08 00:11:41 CHB 1717444?1625674298 第 1 次 等待 1 秒
2021-07-08 00:11:42 CHB 1717444?1625674298 第 1 次 获取到号码【1717444】GSD
2021-07-08 00:11:42 获取到号码【1717444】的GSD为【河南-开封】
2021-07-08 00:12:04 GSD insert 第 1 次 等待 1 秒
2021-07-08 00:12:05 {"status":"ok","msg":"添加成功！218125"}
2021-07-08 00:12:05 下次操作: 2021-07-08 00:12:16

2021-07-08 00:12:16 开始第 5 次操作

2021-07-08 00:12:16 开始操作号码 【1717445】
2021-07-08 00:12:36 GSD getOne 第 1 次 等待 1 秒
2021-07-08 00:12:37 查询号码 【1717445】，返回信息 {"status":"bad","msg":""}
2021-07-08 00:12:37 查询号码 【1717445】，GSD为【""】
2021-07-08 00:12:37 bad
2021-07-08 00:12:39 CHB 1717445?1625674357 第 1 次 等待 1 秒
2021-07-08 00:12:40 CHB 1717445?1625674357 第 1 次 获取到号码【1717445】GSD
2021-07-08 00:12:40 获取到号码【1717445】的GSD为【河南-开封】
2021-07-08 00:13:02 GSD insert 第 1 次 等待 1 秒
2021-07-08 00:13:03 {"status":"ok","msg":"添加成功！218136"}
2021-07-08 00:13:03 下次操作: 2021-07-08 00:13:20

2021-07-08 00:13:20 开始第 6 次操作

2021-07-08 00:13:20 开始操作号码 【1717446】
2021-07-08 00:13:29 GSD getOne 第 1 次 等待 1 秒
2021-07-08 00:13:30 查询号码 【1717446】，返回信息 {"status":"bad","msg":""}
2021-07-08 00:13:30 查询号码 【1717446】，GSD为【""】
2021-07-08 00:13:30 bad
2021-07-08 00:13:31 CHB 1717446?1625674410 第 1 次 等待 1 秒
2021-07-08 00:13:32 CHB 1717446?1625674410 第 1 次 获取到号码【1717446】GSD
2021-07-08 00:13:32 获取到号码【1717446】的GSD为【河南-开封】
2021-07-08 00:13:51 GSD insert 第 1 次 等待 1 秒
2021-07-08 00:13:52 {"status":"ok","msg":"添加成功！218145"}
2021-07-08 00:13:52 下次操作: 2021-07-08 00:14:07

2021-07-08 00:14:08 开始第 7 次操作

2021-07-08 00:14:08 开始操作号码 【1717447】
2021-07-08 00:14:11 GSD getOne 第 1 次 等待 1 秒
2021-07-08 00:14:12 查询号码 【1717447】，返回信息 {"status":"bad","msg":""}
2021-07-08 00:14:12 查询号码 【1717447】，GSD为【""】
2021-07-08 00:14:12 bad
2021-07-08 00:14:14 CHB 1717447?1625674452 第 1 次 等待 1 秒
2021-07-08 00:14:15 CHB 1717447?1625674452 第 1 次 获取到号码【1717447】GSD
2021-07-08 00:14:15 获取到号码【1717447】的GSD为【河南-开封】
2021-07-08 00:14:39 GSD insert 第 1 次 等待 1 秒
2021-07-08 00:14:40 {"status":"ok","msg":"添加成功！218154"}
2021-07-08 00:14:41 下次操作: 2021-07-08 00:14:58

2021-07-08 00:14:59 开始第 8 次操作

2021-07-08 00:14:59 开始操作号码 【1717448】
2021-07-08 00:15:03 GSD getOne 第 1 次 等待 1 秒
2021-07-08 00:15:04 查询号码 【1717448】，返回信息 {"status":"bad","msg":""}
2021-07-08 00:15:04 查询号码 【1717448】，GSD为【""】
2021-07-08 00:15:04 bad
2021-07-08 00:15:06 CHB 1717448?1625674504 第 1 次 等待 1 秒
2021-07-08 00:15:07 CHB 1717448?1625674504 第 1 次 获取到号码【1717448】GSD
2021-07-08 00:15:07 获取到号码【1717448】的GSD为【河南-开封】
2021-07-08 00:15:30 GSD insert 第 1 次 等待 1 秒
2021-07-08 00:15:31 {"status":"ok","msg":"添加成功！218163"}
2021-07-08 00:15:31 下次操作: 2021-07-08 00:15:42

2021-07-08 00:15:42 开始第 9 次操作

2021-07-08 00:15:42 开始操作号码 【1717449】
2021-07-08 00:15:53 GSD getOne 第 1 次 等待 1 秒
2021-07-08 00:15:54 查询号码 【1717449】，返回信息 {"status":"bad","msg":""}
2021-07-08 00:15:54 查询号码 【1717449】，GSD为【""】
2021-07-08 00:15:54 bad
2021-07-08 00:15:56 CHB 1717449?1625674554 第 1 次 等待 1 秒
2021-07-08 00:15:57 CHB 1717449?1625674554 第 1 次 获取到号码【1717449】GSD
2021-07-08 00:15:57 获取到号码【1717449】的GSD为【河南-焦作】
2021-07-08 00:16:16 GSD insert 第 1 次 等待 1 秒
2021-07-08 00:16:17 {"status":"ok","msg":"添加成功！218170"}
2021-07-08 00:16:17 下次操作: 2021-07-08 00:16:33

2021-07-08 00:16:33 开始第 10 次操作

2021-07-08 00:16:33 开始操作号码 【1717450】
2021-07-08 00:16:39 GSD getOne 第 1 次 等待 1 秒
2021-07-08 00:16:40 查询号码 【1717450】，返回信息 {"status":"bad","msg":""}
2021-07-08 00:16:40 查询号码 【1717450】，GSD为【""】
2021-07-08 00:16:40 bad
2021-07-08 00:16:41 CHB 1717450?1625674600 第 1 次 等待 1 秒
2021-07-08 00:16:42 CHB 1717450?1625674600 第 1 次 获取到号码【1717450】GSD
2021-07-08 00:16:43 获取到号码【1717450】的GSD为【黑龙江-大庆】
2021-07-08 00:17:02 GSD insert 第 1 次 等待 1 秒
2021-07-08 00:17:03 {"status":"ok","msg":"添加成功！218181"}
2021-07-08 00:17:03 下次操作: 2021-07-08 00:17:11

2021-07-08 00:17:11 开始第 11 次操作

2021-07-08 00:17:11 开始操作号码 【1717451】
2021-07-08 00:17:23 GSD getOne 第 1 次 等待 1 秒
2021-07-08 00:17:24 查询号码 【1717451】，返回信息 {"status":"bad","msg":""}
2021-07-08 00:17:24 查询号码 【1717451】，GSD为【""】
2021-07-08 00:17:24 bad
2021-07-08 00:17:27 CHB 1717451?1625674644 第 1 次 等待 1 秒
2021-07-08 00:17:28 CHB 1717451?1625674644 第 1 次 获取到号码【1717451】GSD
2021-07-08 00:17:28 获取到号码【1717451】的GSD为【黑龙江-哈尔滨】
2021-07-08 00:17:49 GSD insert 第 1 次 等待 1 秒
2021-07-08 00:17:50 {"status":"ok","msg":"添加成功！218189"}
2021-07-08 00:17:50 下次操作: 2021-07-08 00:18:07

2021-07-08 00:18:07 开始第 12 次操作

2021-07-08 00:18:07 开始操作号码 【1717452】
2021-07-08 00:18:11 GSD getOne 第 1 次 等待 1 秒
2021-07-08 00:18:12 查询号码 【1717452】，返回信息 {"status":"bad","msg":""}
2021-07-08 00:18:12 查询号码 【1717452】，GSD为【""】
2021-07-08 00:18:12 bad
2021-07-08 00:18:13 CHB 1717452?1625674692 第 1 次 等待 1 秒
2021-07-08 00:18:14 CHB 1717452?1625674692 第 1 次 获取到号码【1717452】GSD
2021-07-08 00:18:14 获取到号码【1717452】的GSD为【黑龙江-大庆】
2021-07-08 00:18:33 GSD insert 第 1 次 等待 1 秒
2021-07-08 00:18:35 {"status":"ok","msg":"添加成功！218196"}
2021-07-08 00:18:35 下次操作: 2021-07-08 00:18:47

2021-07-08 00:18:47 开始第 13 次操作

2021-07-08 00:18:47 开始操作号码 【1717453】
2021-07-08 00:19:01 GSD getOne 第 1 次 等待 1 秒
2021-07-08 00:19:02 查询号码 【1717453】，返回信息 {"status":"bad","msg":""}
2021-07-08 00:19:02 查询号码 【1717453】，GSD为【""】
2021-07-08 00:19:02 bad
2021-07-08 00:19:04 CHB 1717453?1625674742 第 1 次 等待 1 秒
2021-07-08 00:19:05 CHB 1717453?1625674742 第 1 次 获取到号码【1717453】GSD
2021-07-08 00:19:05 获取到号码【1717453】的GSD为【黑龙江-大庆】
2021-07-08 00:19:24 GSD insert 第 1 次 等待 1 秒
2021-07-08 00:19:25 {"status":"ok","msg":"添加成功！218205"}
2021-07-08 00:19:25 下次操作: 2021-07-08 00:19:34

2021-07-08 00:19:34 开始第 14 次操作

2021-07-08 00:19:34 开始操作号码 【1717454】
2021-07-08 00:19:45 GSD getOne 第 1 次 等待 1 秒
2021-07-08 00:19:46 查询号码 【1717454】，返回信息 {"status":"bad","msg":""}
2021-07-08 00:19:46 查询号码 【1717454】，GSD为【""】
2021-07-08 00:19:46 bad
2021-07-08 00:19:47 CHB 1717454?1625674786 第 1 次 等待 1 秒
2021-07-08 00:19:48 CHB 1717454?1625674786 第 1 次 获取到号码【1717454】GSD
2021-07-08 00:19:48 获取到号码【1717454】的GSD为【黑龙江-佳木斯】
2021-07-08 00:20:08 GSD insert 第 1 次 等待 1 秒
2021-07-08 00:20:09 {"status":"ok","msg":"添加成功！218211"}
2021-07-08 00:20:09 下次操作: 2021-07-08 00:20:21

2021-07-08 00:20:21 开始第 15 次操作

2021-07-08 00:20:21 开始操作号码 【1717455】
2021-07-08 00:20:28 GSD getOne 第 1 次 等待 1 秒
2021-07-08 00:20:29 查询号码 【1717455】，返回信息 {"status":"bad","msg":""}
2021-07-08 00:20:29 查询号码 【1717455】，GSD为【""】
2021-07-08 00:20:29 bad
2021-07-08 00:20:31 CHB 1717455?1625674829 第 1 次 等待 1 秒
2021-07-08 00:20:32 CHB 1717455?1625674829 第 1 次 获取到号码【1717455】GSD
2021-07-08 00:20:32 获取到号码【1717455】的GSD为【黑龙江-大庆】
2021-07-08 00:20:51 GSD insert 第 1 次 等待 1 秒
2021-07-08 00:20:52 {"status":"ok","msg":"添加成功！218220"}
2021-07-08 00:20:52 下次操作: 2021-07-08 00:21:01

2021-07-08 00:21:01 开始第 16 次操作

2021-07-08 00:21:01 开始操作号码 【1717456】
2021-07-08 00:21:13 GSD getOne 第 1 次 等待 1 秒
2021-07-08 00:21:14 查询号码 【1717456】，返回信息 {"status":"bad","msg":""}
2021-07-08 00:21:14 查询号码 【1717456】，GSD为【""】
2021-07-08 00:21:14 bad
2021-07-08 00:21:15 CHB 1717456?1625674874 第 1 次 等待 1 秒
2021-07-08 00:21:16 CHB 1717456?1625674874 第 1 次 获取到号码【1717456】GSD
2021-07-08 00:21:16 获取到号码【1717456】的GSD为【黑龙江-大庆】
2021-07-08 00:21:37 GSD insert 第 1 次 等待 1 秒
2021-07-08 00:21:38 {"status":"ok","msg":"添加成功！218224"}
2021-07-08 00:21:38 下次操作: 2021-07-08 00:21:55

2021-07-08 00:21:55 开始第 17 次操作

2021-07-08 00:21:55 开始操作号码 【1717457】
2021-07-08 00:22:00 GSD getOne 第 1 次 等待 1 秒
2021-07-08 00:22:01 查询号码 【1717457】，返回信息 {"status":"bad","msg":""}
2021-07-08 00:22:01 查询号码 【1717457】，GSD为【""】
2021-07-08 00:22:01 bad
2021-07-08 00:22:03 CHB 1717457?1625674921 第 1 次 等待 1 秒
2021-07-08 00:22:04 CHB 1717457?1625674921 第 1 次 获取到号码【1717457】GSD
2021-07-08 00:22:04 获取到号码【1717457】的GSD为【黑龙江-大庆】
2021-07-08 00:24:15 GSD insert 第 1 次 等待 1 秒
2021-07-08 00:24:22 GSD insert 第 2 次 等待 1 秒
2021-07-08 00:24:23 {"status":"ok","msg":"添加成功！218236"}
2021-07-08 00:24:23 下次操作: 2021-07-08 00:24:32

2021-07-08 00:24:32 开始第 18 次操作

2021-07-08 00:24:32 开始操作号码 【1717458】
2021-07-08 00:24:43 GSD getOne 第 1 次 等待 1 秒
2021-07-08 00:24:44 查询号码 【1717458】，返回信息 {"status":"bad","msg":""}
2021-07-08 00:24:44 查询号码 【1717458】，GSD为【""】
2021-07-08 00:24:44 bad
2021-07-08 00:24:45 CHB 1717458?1625675084 第 1 次 等待 1 秒
2021-07-08 00:24:46 CHB 1717458?1625675084 第 1 次 获取到号码【1717458】GSD
2021-07-08 00:24:46 获取到号码【1717458】的GSD为【黑龙江-佳木斯】
2021-07-08 00:25:07 GSD insert 第 1 次 等待 1 秒
2021-07-08 00:25:08 {"status":"ok","msg":"添加成功！218237"}
2021-07-08 00:25:08 下次操作: 2021-07-08 00:25:17

2021-07-08 00:25:17 开始第 19 次操作

2021-07-08 00:25:17 开始操作号码 【1717459】
2021-07-08 00:25:35 GSD getOne 第 1 次 等待 1 秒
2021-07-08 00:25:36 查询号码 【1717459】，返回信息 {"status":"bad","msg":""}
2021-07-08 00:25:36 查询号码 【1717459】，GSD为【""】
2021-07-08 00:25:36 bad
2021-07-08 00:25:38 CHB 1717459?1625675136 第 1 次 等待 1 秒
2021-07-08 00:25:39 CHB 1717459?1625675136 第 1 次 获取到号码【1717459】GSD
2021-07-08 00:25:39 获取到号码【1717459】的GSD为【黑龙江-大庆】
2021-07-08 00:25:59 GSD insert 第 1 次 等待 1 秒
2021-07-08 00:26:00 {"status":"ok","msg":"添加成功！218238"}
2021-07-08 00:26:00 下次操作: 2021-07-08 00:26:13

2021-07-08 00:26:13 开始第 20 次操作

2021-07-08 00:26:13 开始操作号码 【1717460】
2021-07-08 00:26:22 GSD getOne 第 1 次 等待 1 秒
2021-07-08 00:26:23 查询号码 【1717460】，返回信息 {"status":"bad","msg":""}
2021-07-08 00:26:23 查询号码 【1717460】，GSD为【""】
2021-07-08 00:26:23 bad
2021-07-08 00:26:25 CHB 1717460?1625675183 第 1 次 等待 1 秒
2021-07-08 00:26:26 CHB 1717460?1625675183 第 1 次 获取到号码【1717460】GSD
2021-07-08 00:26:26 获取到号码【1717460】的GSD为【河南-许昌】
2021-07-08 00:26:45 GSD insert 第 1 次 等待 1 秒
2021-07-08 00:26:46 {"status":"ok","msg":"添加成功！218241"}
2021-07-08 00:26:46 下次操作: 2021-07-08 00:27:04

2021-07-08 00:27:04 开始第 21 次操作

2021-07-08 00:27:04 开始操作号码 【1717461】
2021-07-08 00:27:10 GSD getOne 第 1 次 等待 1 秒
2021-07-08 00:27:11 查询号码 【1717461】，返回信息 {"status":"bad","msg":""}
2021-07-08 00:27:11 查询号码 【1717461】，GSD为【""】
2021-07-08 00:27:11 bad
2021-07-08 00:27:14 CHB 1717461?1625675231 第 1 次 等待 1 秒
2021-07-08 00:27:15 CHB 1717461?1625675231 第 1 次 获取到号码【1717461】GSD
2021-07-08 00:27:15 获取到号码【1717461】的GSD为【河南-许昌】
2021-07-08 00:27:35 GSD insert 第 1 次 等待 1 秒
2021-07-08 00:27:36 {"status":"ok","msg":"添加成功！218242"}
2021-07-08 00:27:36 下次操作: 2021-07-08 00:27:43

2021-07-08 00:27:43 开始第 22 次操作

2021-07-08 00:27:43 开始操作号码 【1717462】
2021-07-08 00:28:02 GSD getOne 第 1 次 等待 1 秒
2021-07-08 00:28:03 查询号码 【1717462】，返回信息 {"status":"bad","msg":""}
2021-07-08 00:28:03 查询号码 【1717462】，GSD为【""】
2021-07-08 00:28:03 bad
2021-07-08 00:28:05 CHB 1717462?1625675283 第 1 次 等待 1 秒
2021-07-08 00:28:06 CHB 1717462?1625675283 第 1 次 获取到号码【1717462】GSD
2021-07-08 00:28:06 获取到号码【1717462】的GSD为【河南-许昌】
2021-07-08 00:28:29 GSD insert 第 1 次 等待 1 秒
2021-07-08 00:28:30 {"status":"ok","msg":"添加成功！218245"}
2021-07-08 00:28:30 下次操作: 2021-07-08 00:28:38

2021-07-08 00:28:38 开始第 23 次操作

2021-07-08 00:28:38 开始操作号码 【1717463】
2021-07-08 00:30:48 GSD getOne 第 1 次 等待 1 秒
2021-07-08 00:32:59 GSD getOne 第 2 次 等待 1 秒
2021-07-08 00:33:08 GSD getOne 第 3 次 等待 1 秒
2021-07-08 00:33:09 查询号码 【1717463】，返回信息 {"status":"bad","msg":""}
2021-07-08 00:33:10 查询号码 【1717463】，GSD为【""】
2021-07-08 00:33:10 bad
2021-07-08 00:33:11 CHB 1717463?1625675590 第 1 次 等待 1 秒
2021-07-08 00:33:12 CHB 1717463?1625675590 第 1 次 获取到号码【1717463】GSD
2021-07-08 00:33:12 获取到号码【1717463】的GSD为【河南-许昌】
2021-07-08 00:33:31 GSD insert 第 1 次 等待 1 秒
2021-07-08 00:33:32 {"status":"ok","msg":"添加成功！218253"}
2021-07-08 00:33:32 下次操作: 2021-07-08 00:33:46

2021-07-08 00:33:46 开始第 24 次操作

2021-07-08 00:33:46 开始操作号码 【1717464】
2021-07-08 00:33:53 GSD getOne 第 1 次 等待 1 秒
2021-07-08 00:33:54 查询号码 【1717464】，返回信息 {"status":"bad","msg":""}
2021-07-08 00:33:54 查询号码 【1717464】，GSD为【""】
2021-07-08 00:33:54 bad
2021-07-08 00:33:59 CHB 1717464?1625675634 第 1 次 等待 1 秒
2021-07-08 00:34:00 CHB 1717464?1625675634 第 1 次 获取到号码【1717464】GSD
2021-07-08 00:34:00 获取到号码【1717464】的GSD为【河南-许昌】
2021-07-08 00:34:39 GSD insert 第 1 次 等待 1 秒
2021-07-08 00:34:40 {"status":"ok","msg":"添加成功！218254"}
2021-07-08 00:34:40 下次操作: 2021-07-08 00:34:48

2021-07-08 00:34:48 开始第 25 次操作

2021-07-08 00:34:48 开始操作号码 【1717465】
2021-07-08 00:34:59 GSD getOne 第 1 次 等待 1 秒
2021-07-08 00:35:00 查询号码 【1717465】，返回信息 {"status":"bad","msg":""}
2021-07-08 00:35:00 查询号码 【1717465】，GSD为【""】
2021-07-08 00:35:00 bad
2021-07-08 00:35:06 CHB 1717465?1625675700 第 1 次 等待 1 秒
2021-07-08 00:35:07 CHB 1717465?1625675700 第 1 次 获取到号码【1717465】GSD
2021-07-08 00:35:07 获取到号码【1717465】的GSD为【河南-濮阳】
2021-07-08 00:35:32 GSD insert 第 1 次 等待 1 秒
2021-07-08 00:35:33 {"status":"ok","msg":"添加成功！218257"}
2021-07-08 00:35:33 下次操作: 2021-07-08 00:35:47

2021-07-08 00:35:48 开始第 26 次操作

2021-07-08 00:35:48 开始操作号码 【1717466】
2021-07-08 00:35:55 GSD getOne 第 1 次 等待 1 秒
2021-07-08 00:35:56 查询号码 【1717466】，返回信息 {"status":"bad","msg":""}
2021-07-08 00:35:56 查询号码 【1717466】，GSD为【""】
2021-07-08 00:35:56 bad
2021-07-08 00:35:58 CHB 1717466?1625675756 第 1 次 等待 1 秒
2021-07-08 00:35:59 CHB 1717466?1625675756 第 1 次 获取到号码【1717466】GSD
2021-07-08 00:35:59 获取到号码【1717466】的GSD为【河南-濮阳】
2021-07-08 00:36:18 GSD insert 第 1 次 等待 1 秒
2021-07-08 00:36:19 {"status":"ok","msg":"添加成功！218260"}
2021-07-08 00:36:19 下次操作: 2021-07-08 00:36:36

2021-07-08 00:36:36 开始第 27 次操作

2021-07-08 00:36:36 开始操作号码 【1717467】
2021-07-08 00:36:40 GSD getOne 第 1 次 等待 1 秒
2021-07-08 00:36:41 查询号码 【1717467】，返回信息 {"status":"bad","msg":""}
2021-07-08 00:36:41 查询号码 【1717467】，GSD为【""】
2021-07-08 00:36:41 bad
2021-07-08 00:36:43 CHB 1717467?1625675801 第 1 次 等待 1 秒
2021-07-08 00:36:44 CHB 1717467?1625675801 第 1 次 获取到号码【1717467】GSD
2021-07-08 00:36:44 获取到号码【1717467】的GSD为【河南-漯河】
2021-07-08 00:37:21 GSD insert 第 1 次 等待 1 秒
2021-07-08 00:37:22 {"status":"ok","msg":"添加成功！218263"}
2021-07-08 00:37:22 下次操作: 2021-07-08 00:37:40

2021-07-08 00:37:40 开始第 28 次操作

2021-07-08 00:37:40 开始操作号码 【1717468】
2021-07-08 00:37:44 GSD getOne 第 1 次 等待 1 秒
2021-07-08 00:37:45 查询号码 【1717468】，返回信息 {"status":"bad","msg":""}
2021-07-08 00:37:46 查询号码 【1717468】，GSD为【""】
2021-07-08 00:37:46 bad
2021-07-08 00:37:48 CHB 1717468?1625675866 第 1 次 等待 1 秒
2021-07-08 00:37:49 CHB 1717468?1625675866 第 1 次 获取到号码【1717468】GSD
2021-07-08 00:37:49 获取到号码【1717468】的GSD为【河南-鹤壁】
2021-07-08 00:38:32 GSD insert 第 1 次 等待 1 秒
2021-07-08 00:38:33 {"status":"ok","msg":"添加成功！218266"}
2021-07-08 00:38:33 下次操作: 2021-07-08 00:38:44

2021-07-08 00:38:44 开始第 29 次操作

2021-07-08 00:38:44 开始操作号码 【1717469】
2021-07-08 00:38:59 GSD getOne 第 1 次 等待 1 秒
2021-07-08 00:39:00 查询号码 【1717469】，返回信息 {"status":"bad","msg":""}
2021-07-08 00:39:00 查询号码 【1717469】，GSD为【""】
2021-07-08 00:39:00 bad
2021-07-08 00:39:02 CHB 1717469?1625675940 第 1 次 等待 1 秒
2021-07-08 00:39:03 CHB 1717469?1625675940 第 1 次 获取到号码【1717469】GSD
2021-07-08 00:39:03 获取到号码【1717469】的GSD为【河南-三门峡】
2021-07-08 00:39:28 GSD insert 第 1 次 等待 1 秒
2021-07-08 00:39:29 {"status":"ok","msg":"添加成功！218270"}
2021-07-08 00:39:29 下次操作: 2021-07-08 00:39:36

2021-07-08 00:39:36 开始第 30 次操作

2021-07-08 00:39:36 开始操作号码 【1717470】
2021-07-08 00:39:55 GSD getOne 第 1 次 等待 1 秒
2021-07-08 00:39:56 查询号码 【1717470】，返回信息 {"status":"bad","msg":""}
2021-07-08 00:39:56 查询号码 【1717470】，GSD为【""】
2021-07-08 00:39:56 bad
2021-07-08 00:39:58 CHB 1717470?1625675996 第 1 次 等待 1 秒
2021-07-08 00:39:59 CHB 1717470?1625675996 第 1 次 获取到号码【1717470】GSD
2021-07-08 00:39:59 获取到号码【1717470】的GSD为【云南-大理】
2021-07-08 00:40:19 GSD insert 第 1 次 等待 1 秒
2021-07-08 00:40:20 {"status":"ok","msg":"添加成功！218273"}

2021-07-08 01:45:36 开始第 1 次操作

2021-07-08 01:45:36 开始操作号码 【1717471】
2021-07-08 01:45:42 GSD getOne 第 1 次 等待 1 秒
2021-07-08 01:45:43 查询号码 【1717471】，返回信息 {"status":"bad","msg":""}
2021-07-08 01:45:43 查询号码 【1717471】，GSD为【""】
2021-07-08 01:45:43 bad
2021-07-08 01:45:44 CHB 1717471?1625679943 第 1 次 等待 1 秒
2021-07-08 01:45:45 CHB 1717471?1625679943 第 1 次 获取到号码【1717471】GSD
2021-07-08 01:45:46 获取到号码【1717471】的GSD为【云南-大理】
2021-07-08 01:45:49 GSD insert 第 1 次 等待 1 秒
2021-07-08 01:45:50 {"status":"ok","msg":"添加成功！218527"}
2021-07-08 01:45:50 下次操作: 2021-07-08 01:45:59

2021-07-08 01:45:59 开始第 2 次操作

2021-07-08 01:45:59 开始操作号码 【1717472】
2021-07-08 01:46:03 GSD getOne 第 1 次 等待 1 秒
2021-07-08 01:46:04 查询号码 【1717472】，返回信息 {"status":"bad","msg":""}
2021-07-08 01:46:04 查询号码 【1717472】，GSD为【""】
2021-07-08 01:46:04 bad
2021-07-08 01:46:05 CHB 1717472?1625679964 第 1 次 等待 1 秒
2021-07-08 01:46:06 CHB 1717472?1625679964 第 1 次 获取到号码【1717472】GSD
2021-07-08 01:46:06 获取到号码【1717472】的GSD为【云南-大理】
2021-07-08 01:46:10 GSD insert 第 1 次 等待 1 秒
2021-07-08 01:46:11 {"status":"ok","msg":"添加成功！218529"}
2021-07-08 01:46:11 下次操作: 2021-07-08 01:46:27

2021-07-08 01:46:27 开始第 3 次操作

2021-07-08 01:46:27 开始操作号码 【1717473】
2021-07-08 01:46:32 GSD getOne 第 1 次 等待 1 秒
2021-07-08 01:46:33 查询号码 【1717473】，返回信息 {"status":"bad","msg":""}
2021-07-08 01:46:33 查询号码 【1717473】，GSD为【""】
2021-07-08 01:46:33 bad
2021-07-08 01:46:34 CHB 1717473?1625679993 第 1 次 等待 1 秒
2021-07-08 01:46:35 CHB 1717473?1625679993 第 1 次 获取到号码【1717473】GSD
2021-07-08 01:46:35 获取到号码【1717473】的GSD为【云南-昭通】
2021-07-08 01:46:45 GSD insert 第 1 次 等待 1 秒
2021-07-08 01:46:46 {"status":"ok","msg":"添加成功！218532"}
2021-07-08 01:46:46 下次操作: 2021-07-08 01:46:59

2021-07-08 01:46:59 开始第 4 次操作

2021-07-08 01:46:59 开始操作号码 【1717474】
2021-07-08 01:47:17 GSD getOne 第 1 次 等待 1 秒
2021-07-08 01:47:19 查询号码 【1717474】，返回信息 {"status":"bad","msg":""}
2021-07-08 01:47:19 查询号码 【1717474】，GSD为【""】
2021-07-08 01:47:19 bad
2021-07-08 01:47:20 CHB 1717474?1625680039 第 1 次 等待 1 秒
2021-07-08 01:47:21 CHB 1717474?1625680039 第 1 次 获取到号码【1717474】GSD
2021-07-08 01:47:21 获取到号码【1717474】的GSD为【云南-楚雄】
2021-07-08 01:47:25 GSD insert 第 1 次 等待 1 秒
2021-07-08 01:47:26 {"status":"ok","msg":"添加成功！218538"}
2021-07-08 01:47:26 下次操作: 2021-07-08 01:47:38

2021-07-08 01:47:38 开始第 5 次操作

2021-07-08 01:47:38 开始操作号码 【1717475】
2021-07-08 01:47:43 GSD getOne 第 1 次 等待 1 秒
2021-07-08 01:47:44 查询号码 【1717475】，返回信息 {"status":"bad","msg":""}
2021-07-08 01:47:44 查询号码 【1717475】，GSD为【""】
2021-07-08 01:47:44 bad
2021-07-08 01:47:46 CHB 1717475?1625680064 第 1 次 等待 1 秒
2021-07-08 01:47:47 CHB 1717475?1625680064 第 1 次 获取到号码【1717475】GSD
2021-07-08 01:47:47 获取到号码【1717475】的GSD为【云南-文山】
2021-07-08 01:47:51 GSD insert 第 1 次 等待 1 秒
2021-07-08 01:47:52 {"status":"ok","msg":"添加成功！218543"}
2021-07-08 01:47:52 下次操作: 2021-07-08 01:48:00

2021-07-08 01:48:00 开始第 6 次操作

2021-07-08 01:48:00 开始操作号码 【1717476】
2021-07-08 01:48:03 GSD getOne 第 1 次 等待 1 秒
2021-07-08 01:48:04 查询号码 【1717476】，返回信息 {"status":"bad","msg":""}
2021-07-08 01:48:05 查询号码 【1717476】，GSD为【""】
2021-07-08 01:48:05 bad
2021-07-08 01:48:06 CHB 1717476?1625680085 第 1 次 等待 1 秒
2021-07-08 01:48:07 CHB 1717476?1625680085 第 1 次 获取到号码【1717476】GSD
2021-07-08 01:48:07 获取到号码【1717476】的GSD为【云南-保山】
2021-07-08 01:48:11 GSD insert 第 1 次 等待 1 秒
2021-07-08 01:48:12 {"status":"ok","msg":"添加成功！218547"}
2021-07-08 01:48:12 下次操作: 2021-07-08 01:48:30

2021-07-08 01:48:30 开始第 7 次操作

2021-07-08 01:48:30 开始操作号码 【1717477】
2021-07-08 01:48:33 GSD getOne 第 1 次 等待 1 秒
2021-07-08 01:48:34 查询号码 【1717477】，返回信息 {"status":"bad","msg":""}
2021-07-08 01:48:34 查询号码 【1717477】，GSD为【""】
2021-07-08 01:48:34 bad
2021-07-08 01:48:36 CHB 1717477?1625680114 第 1 次 等待 1 秒
2021-07-08 01:48:37 CHB 1717477?1625680114 第 1 次 获取到号码【1717477】GSD
2021-07-08 01:48:37 获取到号码【1717477】的GSD为【云南-玉溪】
2021-07-08 01:48:41 GSD insert 第 1 次 等待 1 秒
2021-07-08 01:48:42 {"status":"ok","msg":"添加成功！218551"}
2021-07-08 01:48:42 下次操作: 2021-07-08 01:48:53

2021-07-08 01:48:53 开始第 8 次操作

2021-07-08 01:48:53 开始操作号码 【1717478】
2021-07-08 01:48:56 GSD getOne 第 1 次 等待 1 秒
2021-07-08 01:48:57 查询号码 【1717478】，返回信息 {"status":"bad","msg":""}
2021-07-08 01:48:57 查询号码 【1717478】，GSD为【""】
2021-07-08 01:48:57 bad
2021-07-08 01:48:59 CHB 1717478?1625680137 第 1 次 等待 1 秒
2021-07-08 01:49:00 CHB 1717478?1625680137 第 1 次 获取到号码【1717478】GSD
2021-07-08 01:49:00 获取到号码【1717478】的GSD为【云南-普洱】
2021-07-08 01:49:04 GSD insert 第 1 次 等待 1 秒
2021-07-08 01:49:05 {"status":"ok","msg":"添加成功！218554"}
2021-07-08 01:49:05 下次操作: 2021-07-08 01:49:16

2021-07-08 01:49:16 开始第 9 次操作

2021-07-08 01:49:16 开始操作号码 【1717479】
2021-07-08 01:49:19 GSD getOne 第 1 次 等待 1 秒
2021-07-08 01:49:20 查询号码 【1717479】，返回信息 {"status":"bad","msg":""}
2021-07-08 01:49:20 查询号码 【1717479】，GSD为【""】
2021-07-08 01:49:20 bad
2021-07-08 01:49:22 CHB 1717479?1625680160 第 1 次 等待 1 秒
2021-07-08 01:49:23 CHB 1717479?1625680160 第 1 次 获取到号码【1717479】GSD
2021-07-08 01:49:23 获取到号码【1717479】的GSD为【云南-临沧】
2021-07-08 01:49:26 GSD insert 第 1 次 等待 1 秒
2021-07-08 01:49:27 {"status":"ok","msg":"添加成功！218560"}
2021-07-08 01:49:27 下次操作: 2021-07-08 01:49:41

2021-07-08 01:49:41 开始第 10 次操作

2021-07-08 01:49:41 开始操作号码 【1717480】
2021-07-08 01:49:46 GSD getOne 第 1 次 等待 1 秒
2021-07-08 01:49:47 查询号码 【1717480】，返回信息 {"status":"bad","msg":""}
2021-07-08 01:49:47 查询号码 【1717480】，GSD为【""】
2021-07-08 01:49:47 bad
2021-07-08 01:49:48 CHB 1717480?1625680187 第 1 次 等待 1 秒
2021-07-08 01:49:49 CHB 1717480?1625680187 第 1 次 获取到号码【1717480】GSD
2021-07-08 01:49:50 获取到号码【1717480】的GSD为【广东-汕头】
2021-07-08 01:49:53 GSD insert 第 1 次 等待 1 秒
2021-07-08 01:49:54 {"status":"ok","msg":"添加成功！218564"}
2021-07-08 01:49:54 下次操作: 2021-07-08 01:50:06

2021-07-08 01:50:06 开始第 11 次操作

2021-07-08 01:50:06 开始操作号码 【1717481】
2021-07-08 01:50:10 GSD getOne 第 1 次 等待 1 秒
2021-07-08 01:50:11 查询号码 【1717481】，返回信息 {"status":"bad","msg":""}
2021-07-08 01:50:11 查询号码 【1717481】，GSD为【""】
2021-07-08 01:50:11 bad
2021-07-08 01:50:12 CHB 1717481?1625680211 第 1 次 等待 1 秒
2021-07-08 01:50:13 CHB 1717481?1625680211 第 1 次 获取到号码【1717481】GSD
2021-07-08 01:50:13 获取到号码【1717481】的GSD为【广东-汕头】
2021-07-08 01:50:17 GSD insert 第 1 次 等待 1 秒
2021-07-08 01:50:18 {"status":"ok","msg":"添加成功！218571"}
2021-07-08 01:50:18 下次操作: 2021-07-08 01:50:29

2021-07-08 01:50:29 开始第 12 次操作

2021-07-08 01:50:29 开始操作号码 【1717482】
2021-07-08 01:50:33 GSD getOne 第 1 次 等待 1 秒
2021-07-08 01:50:34 查询号码 【1717482】，返回信息 {"status":"bad","msg":""}
2021-07-08 01:50:34 查询号码 【1717482】，GSD为【""】
2021-07-08 01:50:34 bad
2021-07-08 01:50:36 CHB 1717482?1625680234 第 1 次 等待 1 秒
2021-07-08 01:50:37 CHB 1717482?1625680234 第 1 次 获取到号码【1717482】GSD
2021-07-08 01:50:37 获取到号码【1717482】的GSD为【广东-江门】
2021-07-08 01:50:43 GSD insert 第 1 次 等待 1 秒
2021-07-08 01:50:44 {"status":"ok","msg":"添加成功！218575"}
2021-07-08 01:50:44 下次操作: 2021-07-08 01:50:56

2021-07-08 01:50:56 开始第 13 次操作

2021-07-08 01:50:56 开始操作号码 【1717483】
2021-07-08 01:51:01 GSD getOne 第 1 次 等待 1 秒
2021-07-08 01:51:02 查询号码 【1717483】，返回信息 {"status":"bad","msg":""}
2021-07-08 01:51:02 查询号码 【1717483】，GSD为【""】
2021-07-08 01:51:02 bad
2021-07-08 01:51:03 CHB 1717483?1625680262 第 1 次 等待 1 秒
2021-07-08 01:51:04 CHB 1717483?1625680262 第 1 次 获取到号码【1717483】GSD
2021-07-08 01:51:05 获取到号码【1717483】的GSD为【广东-江门】
2021-07-08 01:51:08 GSD insert 第 1 次 等待 1 秒
2021-07-08 01:51:09 {"status":"ok","msg":"添加成功！218582"}
2021-07-08 01:51:09 下次操作: 2021-07-08 01:51:20

2021-07-08 01:51:20 开始第 14 次操作

2021-07-08 01:51:20 开始操作号码 【1717484】
2021-07-08 01:51:24 GSD getOne 第 1 次 等待 1 秒
2021-07-08 01:51:25 查询号码 【1717484】，返回信息 {"status":"bad","msg":""}
2021-07-08 01:51:25 查询号码 【1717484】，GSD为【""】
2021-07-08 01:51:25 bad
2021-07-08 01:51:26 CHB 1717484?1625680285 第 1 次 等待 1 秒
2021-07-08 01:51:27 CHB 1717484?1625680285 第 1 次 获取到号码【1717484】GSD
2021-07-08 01:51:27 获取到号码【1717484】的GSD为【广东-江门】
2021-07-08 01:51:31 GSD insert 第 1 次 等待 1 秒
2021-07-08 01:51:32 {"status":"ok","msg":"添加成功！218589"}
2021-07-08 01:51:32 下次操作: 2021-07-08 01:51:42

2021-07-08 01:51:42 开始第 15 次操作

2021-07-08 01:51:42 开始操作号码 【1717485】
2021-07-08 01:51:46 GSD getOne 第 1 次 等待 1 秒
2021-07-08 01:51:47 查询号码 【1717485】，返回信息 {"status":"bad","msg":""}
2021-07-08 01:51:47 查询号码 【1717485】，GSD为【""】
2021-07-08 01:51:47 bad
2021-07-08 01:51:48 CHB 1717485?1625680307 第 1 次 等待 1 秒
2021-07-08 01:51:49 CHB 1717485?1625680307 第 1 次 获取到号码【1717485】GSD
2021-07-08 01:51:49 获取到号码【1717485】的GSD为【广东-江门】
2021-07-08 01:51:53 GSD insert 第 1 次 等待 1 秒
2021-07-08 01:51:54 {"status":"ok","msg":"添加成功！218597"}
2021-07-08 01:51:54 下次操作: 2021-07-08 01:52:04

2021-07-08 01:52:04 开始第 16 次操作

2021-07-08 01:52:04 开始操作号码 【1717486】
2021-07-08 01:52:08 GSD getOne 第 1 次 等待 1 秒
2021-07-08 01:52:09 查询号码 【1717486】，返回信息 {"status":"bad","msg":""}
2021-07-08 01:52:09 查询号码 【1717486】，GSD为【""】
2021-07-08 01:52:09 bad
2021-07-08 01:52:10 CHB 1717486?1625680329 第 1 次 等待 1 秒
2021-07-08 01:52:11 CHB 1717486?1625680329 第 1 次 获取到号码【1717486】GSD
2021-07-08 01:52:11 获取到号码【1717486】的GSD为【广东-江门】
2021-07-08 01:52:15 GSD insert 第 1 次 等待 1 秒
2021-07-08 01:52:16 {"status":"ok","msg":"添加成功！218600"}
2021-07-08 01:52:16 下次操作: 2021-07-08 01:52:23

2021-07-08 01:52:23 开始第 17 次操作

2021-07-08 01:52:23 开始操作号码 【1717487】
2021-07-08 01:52:27 GSD getOne 第 1 次 等待 1 秒
2021-07-08 01:52:28 查询号码 【1717487】，返回信息 {"status":"bad","msg":""}
2021-07-08 01:52:28 查询号码 【1717487】，GSD为【""】
2021-07-08 01:52:28 bad
2021-07-08 01:52:30 CHB 1717487?1625680348 第 1 次 等待 1 秒
2021-07-08 01:52:31 CHB 1717487?1625680348 第 1 次 获取到号码【1717487】GSD
2021-07-08 01:52:31 获取到号码【1717487】的GSD为【广东-湛江】
2021-07-08 01:52:36 GSD insert 第 1 次 等待 1 秒
2021-07-08 01:52:37 {"status":"ok","msg":"添加成功！218607"}
2021-07-08 01:52:37 下次操作: 2021-07-08 01:52:52

2021-07-08 01:52:52 开始第 18 次操作

2021-07-08 01:52:52 开始操作号码 【1717488】
2021-07-08 01:52:56 GSD getOne 第 1 次 等待 1 秒
2021-07-08 01:52:57 查询号码 【1717488】，返回信息 {"status":"bad","msg":""}
2021-07-08 01:52:57 查询号码 【1717488】，GSD为【""】
2021-07-08 01:52:57 bad
2021-07-08 01:52:58 CHB 1717488?1625680377 第 1 次 等待 1 秒
2021-07-08 01:52:59 CHB 1717488?1625680377 第 1 次 获取到号码【1717488】GSD
2021-07-08 01:52:59 获取到号码【1717488】的GSD为【广东-湛江】
2021-07-08 01:53:03 GSD insert 第 1 次 等待 1 秒
2021-07-08 01:53:04 {"status":"ok","msg":"添加成功！218613"}
2021-07-08 01:53:04 下次操作: 2021-07-08 01:53:22

2021-07-08 01:53:22 开始第 19 次操作

2021-07-08 01:53:22 开始操作号码 【1717489】
2021-07-08 01:53:26 GSD getOne 第 1 次 等待 1 秒
2021-07-08 01:53:27 查询号码 【1717489】，返回信息 {"status":"bad","msg":""}
2021-07-08 01:53:27 查询号码 【1717489】，GSD为【""】
2021-07-08 01:53:27 bad
2021-07-08 01:53:28 CHB 1717489?1625680407 第 1 次 等待 1 秒
2021-07-08 01:53:29 CHB 1717489?1625680407 第 1 次 获取到号码【1717489】GSD
2021-07-08 01:53:29 获取到号码【1717489】的GSD为【广东-韶关】
2021-07-08 01:53:34 GSD insert 第 1 次 等待 1 秒
2021-07-08 01:53:35 {"status":"ok","msg":"添加成功！218622"}
2021-07-08 01:53:35 下次操作: 2021-07-08 01:53:45

2021-07-08 01:53:45 开始第 20 次操作

2021-07-08 01:53:45 开始操作号码 【1717490】
2021-07-08 01:53:48 GSD getOne 第 1 次 等待 1 秒
2021-07-08 01:53:49 查询号码 【1717490】，返回信息 {"status":"bad","msg":""}
2021-07-08 01:53:50 查询号码 【1717490】，GSD为【""】
2021-07-08 01:53:50 bad
2021-07-08 01:53:51 CHB 1717490?1625680430 第 1 次 等待 1 秒
2021-07-08 01:53:52 CHB 1717490?1625680430 第 1 次 获取到号码【1717490】GSD
2021-07-08 01:53:52 获取到号码【1717490】的GSD为【安徽-阜阳】
2021-07-08 01:53:56 GSD insert 第 1 次 等待 1 秒
2021-07-08 01:53:57 {"status":"ok","msg":"添加成功！218628"}
2021-07-08 01:53:57 下次操作: 2021-07-08 01:54:11

2021-07-08 01:54:11 开始第 21 次操作

2021-07-08 01:54:11 开始操作号码 【1717491】
2021-07-08 01:54:15 GSD getOne 第 1 次 等待 1 秒
2021-07-08 01:54:16 查询号码 【1717491】，返回信息 {"status":"bad","msg":""}
2021-07-08 01:54:16 查询号码 【1717491】，GSD为【""】
2021-07-08 01:54:16 bad
2021-07-08 01:54:17 CHB 1717491?1625680456 第 1 次 等待 1 秒
2021-07-08 01:54:18 CHB 1717491?1625680456 第 1 次 获取到号码【1717491】GSD
2021-07-08 01:54:18 获取到号码【1717491】的GSD为【安徽-铜陵】
2021-07-08 01:54:22 GSD insert 第 1 次 等待 1 秒
2021-07-08 01:54:23 {"status":"ok","msg":"添加成功！218635"}
2021-07-08 01:54:23 下次操作: 2021-07-08 01:54:39

2021-07-08 01:54:39 开始第 22 次操作

2021-07-08 01:54:39 开始操作号码 【1717492】
2021-07-08 01:54:42 GSD getOne 第 1 次 等待 1 秒
2021-07-08 01:54:43 查询号码 【1717492】，返回信息 {"status":"bad","msg":""}
2021-07-08 01:54:43 查询号码 【1717492】，GSD为【""】
2021-07-08 01:54:43 bad
2021-07-08 01:54:45 CHB 1717492?1625680483 第 1 次 等待 1 秒
2021-07-08 01:54:46 CHB 1717492?1625680483 第 1 次 获取到号码【1717492】GSD
2021-07-08 01:54:46 获取到号码【1717492】的GSD为【安徽-芜湖】
2021-07-08 01:54:50 GSD insert 第 1 次 等待 1 秒
2021-07-08 01:54:51 {"status":"ok","msg":"添加成功！218643"}
2021-07-08 01:54:51 下次操作: 2021-07-08 01:54:58

2021-07-08 01:54:58 开始第 23 次操作

2021-07-08 01:54:58 开始操作号码 【1717493】
2021-07-08 01:55:01 GSD getOne 第 1 次 等待 1 秒
2021-07-08 01:55:02 查询号码 【1717493】，返回信息 {"status":"bad","msg":""}
2021-07-08 01:55:02 查询号码 【1717493】，GSD为【""】
2021-07-08 01:55:02 bad
2021-07-08 01:55:04 CHB 1717493?1625680502 第 1 次 等待 1 秒
2021-07-08 01:55:05 CHB 1717493?1625680502 第 1 次 获取到号码【1717493】GSD
2021-07-08 01:55:05 获取到号码【1717493】的GSD为【安徽-芜湖】
2021-07-08 01:55:08 GSD insert 第 1 次 等待 1 秒
2021-07-08 01:55:09 {"status":"ok","msg":"添加成功！218649"}
2021-07-08 01:55:09 下次操作: 2021-07-08 01:55:16

2021-07-08 01:55:16 开始第 24 次操作

2021-07-08 01:55:16 开始操作号码 【1717494】
2021-07-08 01:55:20 GSD getOne 第 1 次 等待 1 秒
2021-07-08 01:55:21 查询号码 【1717494】，返回信息 {"status":"bad","msg":""}
2021-07-08 01:55:21 查询号码 【1717494】，GSD为【""】
2021-07-08 01:55:21 bad
2021-07-08 01:55:23 CHB 1717494?1625680521 第 1 次 等待 1 秒
2021-07-08 01:55:24 CHB 1717494?1625680521 第 1 次 获取到号码【1717494】GSD
2021-07-08 01:55:24 获取到号码【1717494】的GSD为【安徽-蚌埠】
2021-07-08 01:55:28 GSD insert 第 1 次 等待 1 秒
2021-07-08 01:55:29 {"status":"ok","msg":"添加成功！218653"}
2021-07-08 01:55:29 下次操作: 2021-07-08 01:55:42

2021-07-08 01:55:42 开始第 25 次操作

2021-07-08 01:55:42 开始操作号码 【1717495】
2021-07-08 01:55:46 GSD getOne 第 1 次 等待 1 秒
2021-07-08 01:55:47 查询号码 【1717495】，返回信息 {"status":"bad","msg":""}
2021-07-08 01:55:47 查询号码 【1717495】，GSD为【""】
2021-07-08 01:55:47 bad
2021-07-08 01:55:48 CHB 1717495?1625680547 第 1 次 等待 1 秒
2021-07-08 01:55:49 CHB 1717495?1625680547 第 1 次 获取到号码【1717495】GSD
2021-07-08 01:55:49 获取到号码【1717495】的GSD为【安徽-蚌埠】
2021-07-08 01:55:53 GSD insert 第 1 次 等待 1 秒
2021-07-08 01:55:54 {"status":"ok","msg":"添加成功！218660"}
2021-07-08 01:55:54 下次操作: 2021-07-08 01:56:08

2021-07-08 01:56:08 开始第 26 次操作

2021-07-08 01:56:08 开始操作号码 【1717496】
2021-07-08 01:56:12 GSD getOne 第 1 次 等待 1 秒
2021-07-08 01:56:13 查询号码 【1717496】，返回信息 {"status":"bad","msg":""}
2021-07-08 01:56:13 查询号码 【1717496】，GSD为【""】
2021-07-08 01:56:13 bad
2021-07-08 01:56:14 CHB 1717496?1625680573 第 1 次 等待 1 秒
2021-07-08 01:56:15 CHB 1717496?1625680573 第 1 次 获取到号码【1717496】GSD
2021-07-08 01:56:15 获取到号码【1717496】的GSD为【安徽-黄山】
2021-07-08 01:56:19 GSD insert 第 1 次 等待 1 秒
2021-07-08 01:56:20 {"status":"ok","msg":"添加成功！218668"}
2021-07-08 01:56:20 下次操作: 2021-07-08 01:56:35

2021-07-08 01:56:35 开始第 27 次操作

2021-07-08 01:56:35 开始操作号码 【1717497】
2021-07-08 01:56:39 GSD getOne 第 1 次 等待 1 秒
2021-07-08 01:56:40 查询号码 【1717497】，返回信息 {"status":"bad","msg":""}
2021-07-08 01:56:40 查询号码 【1717497】，GSD为【""】
2021-07-08 01:56:40 bad
2021-07-08 01:56:46 CHB 1717497?1625680600 第 1 次 等待 1 秒
2021-07-08 01:56:47 CHB 1717497?1625680600 第 1 次 获取到号码【1717497】GSD
2021-07-08 01:56:47 获取到号码【1717497】的GSD为【安徽-黄山】
2021-07-08 01:56:52 GSD insert 第 1 次 等待 1 秒
2021-07-08 01:56:53 {"status":"ok","msg":"添加成功！218677"}
2021-07-08 01:56:53 下次操作: 2021-07-08 01:57:11

2021-07-08 01:57:11 开始第 28 次操作

2021-07-08 01:57:11 开始操作号码 【1717498】
2021-07-08 01:57:15 GSD getOne 第 1 次 等待 1 秒
2021-07-08 01:57:16 查询号码 【1717498】，返回信息 {"status":"bad","msg":""}
2021-07-08 01:57:16 查询号码 【1717498】，GSD为【""】
2021-07-08 01:57:16 bad
2021-07-08 01:57:17 CHB 1717498?1625680636 第 1 次 等待 1 秒
2021-07-08 01:57:18 CHB 1717498?1625680636 第 1 次 获取到号码【1717498】GSD
2021-07-08 01:57:18 获取到号码【1717498】的GSD为【安徽-马鞍山】
2021-07-08 01:57:22 GSD insert 第 1 次 等待 1 秒
2021-07-08 01:57:23 {"status":"ok","msg":"添加成功！218687"}
2021-07-08 01:57:23 下次操作: 2021-07-08 01:57:40

2021-07-08 01:57:40 开始第 29 次操作

2021-07-08 01:57:40 开始操作号码 【1717499】
2021-07-08 01:57:44 GSD getOne 第 1 次 等待 1 秒
2021-07-08 01:57:45 查询号码 【1717499】，返回信息 {"status":"bad","msg":""}
2021-07-08 01:57:45 查询号码 【1717499】，GSD为【""】
2021-07-08 01:57:45 bad
2021-07-08 01:57:47 CHB 1717499?1625680665 第 1 次 等待 1 秒
2021-07-08 01:57:48 CHB 1717499?1625680665 第 1 次 获取到号码【1717499】GSD
2021-07-08 01:57:48 获取到号码【1717499】的GSD为【安徽-马鞍山】
2021-07-08 01:57:55 GSD insert 第 1 次 等待 1 秒
2021-07-08 01:57:56 {"status":"ok","msg":"添加成功！218697"}
2021-07-08 01:57:56 下次操作: 2021-07-08 01:58:08

2021-07-08 01:58:08 开始第 30 次操作

2021-07-08 01:58:08 开始操作号码 【1717500】
2021-07-08 01:58:15 GSD getOne 第 1 次 等待 1 秒
2021-07-08 01:58:16 查询号码 【1717500】，返回信息 {"status":"bad","msg":""}
2021-07-08 01:58:16 查询号码 【1717500】，GSD为【""】
2021-07-08 01:58:16 bad
2021-07-08 01:58:18 CHB 1717500?1625680696 第 1 次 等待 1 秒
2021-07-08 01:58:19 CHB 1717500?1625680696 第 1 次 获取到号码【1717500】GSD
2021-07-08 01:58:19 获取到号码【1717500】的GSD为【河南-三门峡】
2021-07-08 01:58:22 GSD insert 第 1 次 等待 1 秒
2021-07-08 01:58:23 {"status":"ok","msg":"添加成功！218707"}

