2023-11-01 00:22:38 开始第 6077 次操作

2023-11-01 00:22:38 开始操作号码 【1895991】
2023-11-01 00:22:45 GSD getOne 第 1 次 等待 3 秒
2023-11-01 00:22:48 查询号码 【1895991】，返回信息 {"status":"ok","msg":"福建-泉州","gid":"467817","time_insert":"2021-08-01 13:40"}
2023-11-01 00:22:49 查询号码 【1895991】，GSD为【"福建-泉州"】

2023-11-01 00:22:50 开始第 6078 次操作

2023-11-01 00:22:50 开始操作号码 【1895992】
2023-11-01 00:22:52 GSD getOne 第 1 次 等待 3 秒
2023-11-01 00:22:55 查询号码 【1895992】，返回信息 {"status":"ok","msg":"福建-泉州","gid":"467797","time_insert":"2021-08-01 13:38"}
2023-11-01 00:22:55 查询号码 【1895992】，GSD为【"福建-泉州"】

2023-11-01 00:22:56 开始第 6079 次操作

2023-11-01 00:22:56 开始操作号码 【1895993】
2023-11-01 00:22:59 GSD getOne 第 1 次 等待 3 秒
2023-11-01 00:23:02 查询号码 【1895993】，返回信息 {"status":"ok","msg":"福建-泉州","gid":"467789","time_insert":"2021-08-01 13:37"}
2023-11-01 00:23:02 查询号码 【1895993】，GSD为【"福建-泉州"】

2023-11-01 00:23:03 开始第 6080 次操作

2023-11-01 00:23:03 开始操作号码 【1895994】
2023-11-01 00:23:09 GSD getOne 第 1 次 等待 3 秒
2023-11-01 00:23:12 查询号码 【1895994】，返回信息 {"status":"ok","msg":"福建-泉州","gid":"467782","time_insert":"2021-08-01 13:36"}
2023-11-01 00:23:12 查询号码 【1895994】，GSD为【"福建-泉州"】

2023-11-01 00:41:09 开始第 6081 次操作

2023-11-01 00:41:09 开始操作号码 【1895995】
2023-11-01 00:41:14 GSD getOne 第 1 次 等待 3 秒
2023-11-01 00:41:17 查询号码 【1895995】，返回信息 {"status":"ok","msg":"福建-泉州","gid":"467657","time_insert":"2021-08-01 13:17"}
2023-11-01 00:41:17 查询号码 【1895995】，GSD为【"福建-泉州"】

2023-11-01 00:41:18 开始第 6082 次操作

2023-11-01 00:41:18 开始操作号码 【1895996】
2023-11-01 00:41:25 GSD getOne 第 1 次 等待 3 秒
2023-11-01 00:41:28 查询号码 【1895996】，返回信息 {"status":"ok","msg":"福建-泉州","gid":"467648","time_insert":"2021-08-01 13:16"}
2023-11-01 00:41:28 查询号码 【1895996】，GSD为【"福建-泉州"】

2023-11-01 00:41:29 开始第 6083 次操作

2023-11-01 00:41:29 开始操作号码 【1895997】
2023-11-01 00:41:32 GSD getOne 第 1 次 等待 3 秒
2023-11-01 00:41:35 查询号码 【1895997】，返回信息 {"status":"ok","msg":"福建-泉州","gid":"467636","time_insert":"2021-08-01 13:15"}
2023-11-01 00:41:35 查询号码 【1895997】，GSD为【"福建-泉州"】

2023-11-01 00:41:36 开始第 6084 次操作

2023-11-01 00:41:36 开始操作号码 【1895998】
2023-11-01 00:41:39 GSD getOne 第 1 次 等待 3 秒
2023-11-01 00:41:42 查询号码 【1895998】，返回信息 {"status":"ok","msg":"福建-泉州","gid":"467626","time_insert":"2021-08-01 13:15"}
2023-11-01 00:41:42 查询号码 【1895998】，GSD为【"福建-泉州"】

