2024-01-17 00:23:47 开始第 9005 次操作

2024-01-17 00:23:47 开始操作号码 【1798917】
2024-01-17 00:23:51 GSD getOne 第 1 次 等待 3 秒
2024-01-17 00:23:54 查询号码 【1798917】，返回信息 {"status":"ok","msg":"-","gid":"636415","time_insert":"2023-04-05 16:18"}
2024-01-17 00:23:54 查询号码 【1798917】，GSD为【"-"】
2024-01-17 00:23:54 ok && -
2024-01-17 00:23:58 CHB 1798917?1705422234 第 1 次 等待 3 秒
2024-01-17 00:24:01 CHB 1798917?1705422234 第 1 次 获取到号码【1798917】GSD
2024-01-17 00:24:01 未获取到号码【1798917】GSD，可能号码格式错误
2024-01-17 00:24:01 获取到号码【1798917】的GSD为【-】
2024-01-17 00:24:07 GSD insert 第 1 次 等待 3 秒
2024-01-17 00:24:10 {"status":"bad","gid":"636415","msg":"添加失败！号码【1798917(-|-)】已存在！"}
2024-01-17 00:24:10 随机等待 161 秒，约 2 分钟
2024-01-17 00:24:10 下次操作: 2024-01-17 00:26:51

2024-01-17 00:26:51 开始第 9006 次操作

2024-01-17 00:26:51 开始操作号码 【1798918】
2024-01-17 00:26:55 GSD getOne 第 1 次 等待 3 秒
2024-01-17 00:26:58 查询号码 【1798918】，返回信息 {"status":"ok","msg":"-","gid":"636418","time_insert":"2023-04-05 16:20"}
2024-01-17 00:26:58 查询号码 【1798918】，GSD为【"-"】
2024-01-17 00:26:58 ok && -
2024-01-17 00:27:01 CHB 1798918?1705422418 第 1 次 等待 3 秒
2024-01-17 00:27:04 CHB 1798918?1705422418 第 1 次 获取到号码【1798918】GSD
2024-01-17 00:27:04 未获取到号码【1798918】GSD，可能号码格式错误
2024-01-17 00:27:04 获取到号码【1798918】的GSD为【-】
2024-01-17 00:27:07 GSD insert 第 1 次 等待 3 秒
2024-01-17 00:27:10 {"status":"bad","gid":"636418","msg":"添加失败！号码【1798918(-|-)】已存在！"}
2024-01-17 00:27:10 随机等待 153 秒，约 2 分钟
2024-01-17 00:27:10 下次操作: 2024-01-17 00:29:43

2024-01-17 00:29:43 开始第 9007 次操作

2024-01-17 00:29:43 开始操作号码 【1798919】
2024-01-17 00:29:50 GSD getOne 第 1 次 等待 3 秒
2024-01-17 00:29:53 查询号码 【1798919】，返回信息 {"status":"ok","msg":"-","gid":"636422","time_insert":"2023-04-05 16:23"}
2024-01-17 00:29:53 查询号码 【1798919】，GSD为【"-"】
2024-01-17 00:29:53 ok && -
2024-01-17 00:29:55 CHB 1798919?1705422593 第 1 次 等待 3 秒
2024-01-17 00:29:58 CHB 1798919?1705422593 第 1 次 获取到号码【1798919】GSD
2024-01-17 00:29:58 未获取到号码【1798919】GSD，可能号码格式错误
2024-01-17 00:29:58 获取到号码【1798919】的GSD为【-】
2024-01-17 00:30:03 GSD insert 第 1 次 等待 3 秒
2024-01-17 00:30:06 {"status":"bad","gid":"636422","msg":"添加失败！号码【1798919(-|-)】已存在！"}
2024-01-17 00:30:06 随机等待 223 秒，约 3 分钟
2024-01-17 00:30:06 下次操作: 2024-01-17 00:33:49

2024-01-17 00:33:49 开始第 9008 次操作

2024-01-17 00:33:49 开始操作号码 【1798920】
2024-01-17 00:33:56 GSD getOne 第 1 次 等待 3 秒
2024-01-17 00:33:59 查询号码 【1798920】，返回信息 {"status":"ok","msg":"-","gid":"636433","time_insert":"2023-04-05 16:33"}
2024-01-17 00:33:59 查询号码 【1798920】，GSD为【"-"】
2024-01-17 00:33:59 ok && -
2024-01-17 00:34:01 CHB 1798920?1705422839 第 1 次 等待 3 秒
2024-01-17 00:34:04 CHB 1798920?1705422839 第 1 次 获取到号码【1798920】GSD
2024-01-17 00:34:04 未获取到号码【1798920】GSD，可能号码格式错误
2024-01-17 00:34:04 获取到号码【1798920】的GSD为【-】
2024-01-17 00:34:08 GSD insert 第 1 次 等待 3 秒
2024-01-17 00:34:11 {"status":"bad","gid":"636433","msg":"添加失败！号码【1798920(-|-)】已存在！"}

2024-01-17 00:42:35 开始第 9009 次操作

2024-01-17 00:42:35 开始操作号码 【1798921】
2024-01-17 00:42:40 GSD getOne 第 1 次 等待 3 秒
2024-01-17 00:42:43 查询号码 【1798921】，返回信息 {"status":"ok","msg":"-","gid":"636438","time_insert":"2023-04-05 16:34"}
2024-01-17 00:42:44 查询号码 【1798921】，GSD为【"-"】
2024-01-17 00:42:44 ok && -
2024-01-17 00:42:46 CHB 1798921?1705423364 第 1 次 等待 3 秒
2024-01-17 00:42:49 CHB 1798921?1705423364 第 1 次 获取到号码【1798921】GSD
2024-01-17 00:42:49 未获取到号码【1798921】GSD，可能号码格式错误
2024-01-17 00:42:49 获取到号码【1798921】的GSD为【-】
2024-01-17 00:42:54 GSD insert 第 1 次 等待 3 秒
2024-01-17 00:42:57 {"status":"bad","gid":"636438","msg":"添加失败！号码【1798921(-|-)】已存在！"}
2024-01-17 00:42:57 随机等待 136 秒，约 2 分钟
2024-01-17 00:42:57 下次操作: 2024-01-17 00:45:13

2024-01-17 00:45:13 开始第 9010 次操作

2024-01-17 00:45:13 开始操作号码 【1798922】
2024-01-17 00:45:17 GSD getOne 第 1 次 等待 3 秒
2024-01-17 00:45:20 查询号码 【1798922】，返回信息 {"status":"ok","msg":"-","gid":"636441","time_insert":"2023-04-05 16:37"}
2024-01-17 00:45:20 查询号码 【1798922】，GSD为【"-"】
2024-01-17 00:45:20 ok && -
2024-01-17 00:45:22 CHB 1798922?1705423520 第 1 次 等待 3 秒
2024-01-17 00:45:25 CHB 1798922?1705423520 第 1 次 获取到号码【1798922】GSD
2024-01-17 00:45:25 未获取到号码【1798922】GSD，可能号码格式错误
2024-01-17 00:45:25 获取到号码【1798922】的GSD为【-】
2024-01-17 00:45:29 GSD insert 第 1 次 等待 3 秒
2024-01-17 00:45:32 {"status":"bad","gid":"636441","msg":"添加失败！号码【1798922(-|-)】已存在！"}
2024-01-17 00:45:32 随机等待 115 秒，约 1 分钟
2024-01-17 00:45:32 下次操作: 2024-01-17 00:47:27

2024-01-17 00:47:27 开始第 9011 次操作

2024-01-17 00:47:27 开始操作号码 【1798923】
2024-01-17 00:47:31 GSD getOne 第 1 次 等待 3 秒
2024-01-17 00:47:34 查询号码 【1798923】，返回信息 {"status":"ok","msg":"-","gid":"636446","time_insert":"2023-04-05 16:39"}
2024-01-17 00:47:34 查询号码 【1798923】，GSD为【"-"】
2024-01-17 00:47:34 ok && -
2024-01-17 00:47:36 CHB 1798923?1705423654 第 1 次 等待 3 秒
2024-01-17 00:47:39 CHB 1798923?1705423654 第 1 次 获取到号码【1798923】GSD
2024-01-17 00:47:39 未获取到号码【1798923】GSD，可能号码格式错误
2024-01-17 00:47:39 获取到号码【1798923】的GSD为【-】
2024-01-17 00:47:43 GSD insert 第 1 次 等待 3 秒
2024-01-17 00:47:46 {"status":"bad","gid":"636446","msg":"添加失败！号码【1798923(-|-)】已存在！"}
2024-01-17 00:47:46 随机等待 202 秒，约 3 分钟
2024-01-17 00:47:46 下次操作: 2024-01-17 00:51:08

2024-01-17 00:51:08 开始第 9012 次操作

2024-01-17 00:51:08 开始操作号码 【1798924】
2024-01-17 00:51:12 GSD getOne 第 1 次 等待 3 秒
2024-01-17 00:51:15 查询号码 【1798924】，返回信息 {"status":"ok","msg":"-","gid":"636451","time_insert":"2023-04-05 16:45"}
2024-01-17 00:51:15 查询号码 【1798924】，GSD为【"-"】
2024-01-17 00:51:15 ok && -
2024-01-17 00:51:17 CHB 1798924?1705423875 第 1 次 等待 3 秒
2024-01-17 00:51:20 CHB 1798924?1705423875 第 1 次 获取到号码【1798924】GSD
2024-01-17 00:51:21 未获取到号码【1798924】GSD，可能号码格式错误
2024-01-17 00:51:21 获取到号码【1798924】的GSD为【-】
2024-01-17 00:51:25 GSD insert 第 1 次 等待 3 秒
2024-01-17 00:51:28 {"status":"bad","gid":"636451","msg":"添加失败！号码【1798924(-|-)】已存在！"}

2024-01-17 01:16:00 开始第 9013 次操作

2024-01-17 01:16:00 开始操作号码 【1798925】
2024-01-17 01:16:04 GSD getOne 第 1 次 等待 3 秒
2024-01-17 01:16:07 查询号码 【1798925】，返回信息 {"status":"ok","msg":"-","gid":"636455","time_insert":"2023-04-05 16:47"}
2024-01-17 01:16:07 查询号码 【1798925】，GSD为【"-"】
2024-01-17 01:16:07 ok && -
2024-01-17 01:16:10 CHB 1798925?1705425367 第 1 次 等待 3 秒
2024-01-17 01:16:13 CHB 1798925?1705425367 第 1 次 获取到号码【1798925】GSD
2024-01-17 01:16:13 未获取到号码【1798925】GSD，可能号码格式错误
2024-01-17 01:16:13 获取到号码【1798925】的GSD为【-】
2024-01-17 01:16:19 GSD insert 第 1 次 等待 3 秒
2024-01-17 01:16:22 {"status":"bad","gid":"636455","msg":"添加失败！号码【1798925(-|-)】已存在！"}
2024-01-17 01:16:22 随机等待 122 秒，约 2 分钟
2024-01-17 01:16:22 下次操作: 2024-01-17 01:18:24

2024-01-17 01:18:24 开始第 9014 次操作

2024-01-17 01:18:24 开始操作号码 【1798926】
2024-01-17 01:18:28 GSD getOne 第 1 次 等待 3 秒
2024-01-17 01:18:31 查询号码 【1798926】，返回信息 {"status":"ok","msg":"-","gid":"636461","time_insert":"2023-04-05 16:50"}
2024-01-17 01:18:31 查询号码 【1798926】，GSD为【"-"】
2024-01-17 01:18:31 ok && -
2024-01-17 01:18:34 CHB 1798926?1705425511 第 1 次 等待 3 秒
2024-01-17 01:18:37 CHB 1798926?1705425511 第 1 次 获取到号码【1798926】GSD
2024-01-17 01:18:37 未获取到号码【1798926】GSD，可能号码格式错误
2024-01-17 01:18:37 获取到号码【1798926】的GSD为【-】
2024-01-17 01:18:41 GSD insert 第 1 次 等待 3 秒
2024-01-17 01:18:44 {"status":"bad","gid":"636461","msg":"添加失败！号码【1798926(-|-)】已存在！"}
2024-01-17 01:18:44 随机等待 132 秒，约 2 分钟
2024-01-17 01:18:44 下次操作: 2024-01-17 01:20:56

2024-01-17 01:20:56 开始第 9015 次操作

2024-01-17 01:20:56 开始操作号码 【1798927】
2024-01-17 01:21:00 GSD getOne 第 1 次 等待 3 秒
2024-01-17 01:21:03 查询号码 【1798927】，返回信息 {"status":"ok","msg":"-","gid":"636462","time_insert":"2023-04-05 16:52"}
2024-01-17 01:21:03 查询号码 【1798927】，GSD为【"-"】
2024-01-17 01:21:03 ok && -
2024-01-17 01:21:06 CHB 1798927?1705425663 第 1 次 等待 3 秒
2024-01-17 01:21:09 CHB 1798927?1705425663 第 1 次 获取到号码【1798927】GSD
2024-01-17 01:21:09 未获取到号码【1798927】GSD，可能号码格式错误
2024-01-17 01:21:09 获取到号码【1798927】的GSD为【-】
2024-01-17 01:21:13 GSD insert 第 1 次 等待 3 秒
2024-01-17 01:21:16 {"status":"bad","gid":"636462","msg":"添加失败！号码【1798927(-|-)】已存在！"}
2024-01-17 01:21:16 随机等待 233 秒，约 3 分钟
2024-01-17 01:21:16 下次操作: 2024-01-17 01:25:09

2024-01-17 01:25:09 开始第 9016 次操作

2024-01-17 01:25:09 开始操作号码 【1798928】
2024-01-17 01:25:13 GSD getOne 第 1 次 等待 3 秒
2024-01-17 01:25:16 查询号码 【1798928】，返回信息 {"status":"ok","msg":"-","gid":"636467","time_insert":"2023-04-05 16:54"}
2024-01-17 01:25:16 查询号码 【1798928】，GSD为【"-"】
2024-01-17 01:25:16 ok && -
2024-01-17 01:25:20 CHB 1798928?1705425916 第 1 次 等待 3 秒
2024-01-17 01:25:23 CHB 1798928?1705425916 第 1 次 获取到号码【1798928】GSD
2024-01-17 01:25:23 未获取到号码【1798928】GSD，可能号码格式错误
2024-01-17 01:25:23 获取到号码【1798928】的GSD为【-】
2024-01-17 01:25:27 GSD insert 第 1 次 等待 3 秒
2024-01-17 01:25:30 {"status":"bad","gid":"636467","msg":"添加失败！号码【1798928(-|-)】已存在！"}

2024-01-17 01:37:58 开始第 9017 次操作

2024-01-17 01:37:58 开始操作号码 【1798929】
2024-01-17 01:38:04 GSD getOne 第 1 次 等待 3 秒
2024-01-17 01:38:07 查询号码 【1798929】，返回信息 {"status":"ok","msg":"-","gid":"636472","time_insert":"2023-04-05 16:56"}
2024-01-17 01:38:07 查询号码 【1798929】，GSD为【"-"】
2024-01-17 01:38:07 ok && -
2024-01-17 01:38:09 CHB 1798929?1705426687 第 1 次 等待 3 秒
2024-01-17 01:38:12 CHB 1798929?1705426687 第 1 次 获取到号码【1798929】GSD
2024-01-17 01:38:12 未获取到号码【1798929】GSD，可能号码格式错误
2024-01-17 01:38:12 获取到号码【1798929】的GSD为【-】
2024-01-17 01:38:16 GSD insert 第 1 次 等待 3 秒
2024-01-17 01:38:19 {"status":"bad","gid":"636472","msg":"添加失败！号码【1798929(-|-)】已存在！"}
2024-01-17 01:38:19 随机等待 100 秒，约 1 分钟
2024-01-17 01:38:19 下次操作: 2024-01-17 01:39:59

2024-01-17 01:39:59 开始第 9018 次操作

2024-01-17 01:39:59 开始操作号码 【1798930】
2024-01-17 01:40:03 GSD getOne 第 1 次 等待 3 秒
2024-01-17 01:40:06 查询号码 【1798930】，返回信息 {"status":"ok","msg":"-","gid":"636477","time_insert":"2023-04-05 16:59"}
2024-01-17 01:40:06 查询号码 【1798930】，GSD为【"-"】
2024-01-17 01:40:06 ok && -
2024-01-17 01:40:09 CHB 1798930?1705426806 第 1 次 等待 3 秒
2024-01-17 01:40:12 CHB 1798930?1705426806 第 1 次 获取到号码【1798930】GSD
2024-01-17 01:40:12 未获取到号码【1798930】GSD，可能号码格式错误
2024-01-17 01:40:12 获取到号码【1798930】的GSD为【-】
2024-01-17 01:40:16 GSD insert 第 1 次 等待 3 秒
2024-01-17 01:40:19 {"status":"bad","gid":"636477","msg":"添加失败！号码【1798930(-|-)】已存在！"}
2024-01-17 01:40:19 随机等待 88 秒，约 1 分钟
2024-01-17 01:40:19 下次操作: 2024-01-17 01:41:47

2024-01-17 01:41:47 开始第 9019 次操作

2024-01-17 01:41:47 开始操作号码 【1798931】
2024-01-17 01:41:51 GSD getOne 第 1 次 等待 3 秒
2024-01-17 01:41:54 查询号码 【1798931】，返回信息 {"status":"ok","msg":"-","gid":"636479","time_insert":"2023-04-05 17:02"}
2024-01-17 01:41:54 查询号码 【1798931】，GSD为【"-"】
2024-01-17 01:41:54 ok && -
2024-01-17 01:41:56 CHB 1798931?1705426914 第 1 次 等待 3 秒
2024-01-17 01:41:59 CHB 1798931?1705426914 第 1 次 获取到号码【1798931】GSD
2024-01-17 01:42:00 未获取到号码【1798931】GSD，可能号码格式错误
2024-01-17 01:42:00 获取到号码【1798931】的GSD为【-】
2024-01-17 01:42:04 GSD insert 第 1 次 等待 3 秒
2024-01-17 01:42:07 {"status":"bad","gid":"636479","msg":"添加失败！号码【1798931(-|-)】已存在！"}
2024-01-17 01:42:07 随机等待 66 秒，约 1 分钟
2024-01-17 01:42:07 下次操作: 2024-01-17 01:43:13

2024-01-17 01:43:13 开始第 9020 次操作

2024-01-17 01:43:13 开始操作号码 【1798932】
2024-01-17 01:43:17 GSD getOne 第 1 次 等待 3 秒
2024-01-17 01:43:20 查询号码 【1798932】，返回信息 {"status":"ok","msg":"-","gid":"636491","time_insert":"2023-04-05 17:13"}
2024-01-17 01:43:20 查询号码 【1798932】，GSD为【"-"】
2024-01-17 01:43:20 ok && -
2024-01-17 01:43:22 CHB 1798932?1705427000 第 1 次 等待 3 秒
2024-01-17 01:43:25 CHB 1798932?1705427000 第 1 次 获取到号码【1798932】GSD
2024-01-17 01:43:25 未获取到号码【1798932】GSD，可能号码格式错误
2024-01-17 01:43:25 获取到号码【1798932】的GSD为【-】
2024-01-17 01:43:29 GSD insert 第 1 次 等待 3 秒
2024-01-17 01:43:32 {"status":"bad","gid":"636491","msg":"添加失败！号码【1798932(-|-)】已存在！"}

2024-01-17 02:22:08 开始第 9021 次操作

2024-01-17 02:22:08 开始操作号码 【1798933】
2024-01-17 02:22:12 GSD getOne 第 1 次 等待 3 秒
2024-01-17 02:22:15 查询号码 【1798933】，返回信息 {"status":"ok","msg":"-","gid":"636494","time_insert":"2023-04-05 17:15"}
2024-01-17 02:22:15 查询号码 【1798933】，GSD为【"-"】
2024-01-17 02:22:15 ok && -
2024-01-17 02:22:17 CHB 1798933?1705429335 第 1 次 等待 3 秒
2024-01-17 02:22:20 CHB 1798933?1705429335 第 1 次 获取到号码【1798933】GSD
2024-01-17 02:22:20 未获取到号码【1798933】GSD，可能号码格式错误
2024-01-17 02:22:20 获取到号码【1798933】的GSD为【-】
2024-01-17 02:22:24 GSD insert 第 1 次 等待 3 秒
2024-01-17 02:22:27 {"status":"bad","gid":"636494","msg":"添加失败！号码【1798933(-|-)】已存在！"}
2024-01-17 02:22:27 随机等待 166 秒，约 2 分钟
2024-01-17 02:22:27 下次操作: 2024-01-17 02:25:13

2024-01-17 02:25:13 开始第 9022 次操作

2024-01-17 02:25:13 开始操作号码 【1798934】
2024-01-17 02:25:17 GSD getOne 第 1 次 等待 3 秒
2024-01-17 02:25:20 查询号码 【1798934】，返回信息 {"status":"ok","msg":"-","gid":"636499","time_insert":"2023-04-05 17:18"}
2024-01-17 02:25:20 查询号码 【1798934】，GSD为【"-"】
2024-01-17 02:25:20 ok && -
2024-01-17 02:25:22 CHB 1798934?1705429520 第 1 次 等待 3 秒
2024-01-17 02:25:25 CHB 1798934?1705429520 第 1 次 获取到号码【1798934】GSD
2024-01-17 02:25:26 未获取到号码【1798934】GSD，可能号码格式错误
2024-01-17 02:25:26 获取到号码【1798934】的GSD为【-】
2024-01-17 02:25:29 GSD insert 第 1 次 等待 3 秒
2024-01-17 02:25:32 {"status":"bad","gid":"636499","msg":"添加失败！号码【1798934(-|-)】已存在！"}
2024-01-17 02:25:32 随机等待 162 秒，约 2 分钟
2024-01-17 02:25:32 下次操作: 2024-01-17 02:28:14

2024-01-17 02:28:14 开始第 9023 次操作

2024-01-17 02:28:14 开始操作号码 【1798935】
2024-01-17 02:28:19 GSD getOne 第 1 次 等待 3 秒
2024-01-17 02:28:22 查询号码 【1798935】，返回信息 {"status":"ok","msg":"-","gid":"636502","time_insert":"2023-04-05 17:20"}
2024-01-17 02:28:22 查询号码 【1798935】，GSD为【"-"】
2024-01-17 02:28:22 ok && -
2024-01-17 02:28:24 CHB 1798935?1705429702 第 1 次 等待 3 秒
2024-01-17 02:28:27 CHB 1798935?1705429702 第 1 次 获取到号码【1798935】GSD
2024-01-17 02:28:27 未获取到号码【1798935】GSD，可能号码格式错误
2024-01-17 02:28:27 获取到号码【1798935】的GSD为【-】
2024-01-17 02:28:31 GSD insert 第 1 次 等待 3 秒
2024-01-17 02:28:34 {"status":"bad","gid":"636502","msg":"添加失败！号码【1798935(-|-)】已存在！"}
2024-01-17 02:28:34 随机等待 167 秒，约 2 分钟
2024-01-17 02:28:34 下次操作: 2024-01-17 02:31:21

2024-01-17 02:31:21 开始第 9024 次操作

2024-01-17 02:31:21 开始操作号码 【1798936】
2024-01-17 02:31:25 GSD getOne 第 1 次 等待 3 秒
2024-01-17 02:31:28 查询号码 【1798936】，返回信息 {"status":"ok","msg":"-","gid":"636511","time_insert":"2023-04-05 17:27"}
2024-01-17 02:31:28 查询号码 【1798936】，GSD为【"-"】
2024-01-17 02:31:28 ok && -
2024-01-17 02:31:31 CHB 1798936?1705429888 第 1 次 等待 3 秒
2024-01-17 02:31:34 CHB 1798936?1705429888 第 1 次 获取到号码【1798936】GSD
2024-01-17 02:31:34 未获取到号码【1798936】GSD，可能号码格式错误
2024-01-17 02:31:34 获取到号码【1798936】的GSD为【-】
2024-01-17 02:31:38 GSD insert 第 1 次 等待 3 秒
2024-01-17 02:31:41 {"status":"bad","gid":"636511","msg":"添加失败！号码【1798936(-|-)】已存在！"}

2024-01-17 02:38:53 开始第 9025 次操作

2024-01-17 02:38:53 开始操作号码 【1798937】
2024-01-17 02:38:57 GSD getOne 第 1 次 等待 3 秒
2024-01-17 02:39:00 查询号码 【1798937】，返回信息 {"status":"ok","msg":"-","gid":"636515","time_insert":"2023-04-05 17:29"}
2024-01-17 02:39:00 查询号码 【1798937】，GSD为【"-"】
2024-01-17 02:39:00 ok && -
2024-01-17 02:39:02 CHB 1798937?1705430340 第 1 次 等待 3 秒
2024-01-17 02:39:05 CHB 1798937?1705430340 第 1 次 获取到号码【1798937】GSD
2024-01-17 02:39:05 未获取到号码【1798937】GSD，可能号码格式错误
2024-01-17 02:39:05 获取到号码【1798937】的GSD为【-】
2024-01-17 02:39:10 GSD insert 第 1 次 等待 3 秒
2024-01-17 02:39:13 {"status":"bad","gid":"636515","msg":"添加失败！号码【1798937(-|-)】已存在！"}
2024-01-17 02:39:13 随机等待 99 秒，约 1 分钟
2024-01-17 02:39:13 下次操作: 2024-01-17 02:40:52

2024-01-17 02:40:52 开始第 9026 次操作

2024-01-17 02:40:52 开始操作号码 【1798938】
2024-01-17 02:40:56 GSD getOne 第 1 次 等待 3 秒
2024-01-17 02:40:59 查询号码 【1798938】，返回信息 {"status":"ok","msg":"-","gid":"636518","time_insert":"2023-04-05 17:32"}
2024-01-17 02:40:59 查询号码 【1798938】，GSD为【"-"】
2024-01-17 02:40:59 ok && -
2024-01-17 02:41:01 CHB 1798938?1705430459 第 1 次 等待 3 秒
2024-01-17 02:41:04 CHB 1798938?1705430459 第 1 次 获取到号码【1798938】GSD
2024-01-17 02:41:04 未获取到号码【1798938】GSD，可能号码格式错误
2024-01-17 02:41:04 获取到号码【1798938】的GSD为【-】
2024-01-17 02:41:07 GSD insert 第 1 次 等待 3 秒
2024-01-17 02:41:10 {"status":"bad","gid":"636518","msg":"添加失败！号码【1798938(-|-)】已存在！"}
2024-01-17 02:41:10 随机等待 179 秒，约 2 分钟
2024-01-17 02:41:10 下次操作: 2024-01-17 02:44:09

2024-01-17 02:44:09 开始第 9027 次操作

2024-01-17 02:44:09 开始操作号码 【1798939】
2024-01-17 02:44:13 GSD getOne 第 1 次 等待 3 秒
2024-01-17 02:44:16 查询号码 【1798939】，返回信息 {"status":"ok","msg":"-","gid":"636523","time_insert":"2023-04-05 17:34"}
2024-01-17 02:44:16 查询号码 【1798939】，GSD为【"-"】
2024-01-17 02:44:16 ok && -
2024-01-17 02:44:18 CHB 1798939?1705430656 第 1 次 等待 3 秒
2024-01-17 02:44:21 CHB 1798939?1705430656 第 1 次 获取到号码【1798939】GSD
2024-01-17 02:44:21 未获取到号码【1798939】GSD，可能号码格式错误
2024-01-17 02:44:21 获取到号码【1798939】的GSD为【-】
2024-01-17 02:44:25 GSD insert 第 1 次 等待 3 秒
2024-01-17 02:44:28 {"status":"bad","gid":"636523","msg":"添加失败！号码【1798939(-|-)】已存在！"}
2024-01-17 02:44:28 随机等待 86 秒，约 1 分钟
2024-01-17 02:44:28 下次操作: 2024-01-17 02:45:54

2024-01-17 02:45:54 开始第 9028 次操作

2024-01-17 02:45:54 开始操作号码 【1798940】
2024-01-17 02:45:58 GSD getOne 第 1 次 等待 3 秒
2024-01-17 02:46:01 查询号码 【1798940】，返回信息 {"status":"ok","msg":"-","gid":"636528","time_insert":"2023-04-05 17:37"}
2024-01-17 02:46:01 查询号码 【1798940】，GSD为【"-"】
2024-01-17 02:46:01 ok && -
2024-01-17 02:46:03 CHB 1798940?1705430761 第 1 次 等待 3 秒
2024-01-17 02:46:06 CHB 1798940?1705430761 第 1 次 获取到号码【1798940】GSD
2024-01-17 02:46:06 未获取到号码【1798940】GSD，可能号码格式错误
2024-01-17 02:46:06 获取到号码【1798940】的GSD为【-】
2024-01-17 02:46:09 GSD insert 第 1 次 等待 3 秒
2024-01-17 02:46:12 {"status":"bad","gid":"636528","msg":"添加失败！号码【1798940(-|-)】已存在！"}

2024-01-17 03:14:20 开始第 9029 次操作

2024-01-17 03:14:20 开始操作号码 【1798941】
2024-01-17 03:14:24 GSD getOne 第 1 次 等待 3 秒
2024-01-17 03:14:27 查询号码 【1798941】，返回信息 {"status":"ok","msg":"-","gid":"636532","time_insert":"2023-04-05 17:40"}
2024-01-17 03:14:27 查询号码 【1798941】，GSD为【"-"】
2024-01-17 03:14:27 ok && -
2024-01-17 03:14:30 CHB 1798941?1705432467 第 1 次 等待 3 秒
2024-01-17 03:14:33 CHB 1798941?1705432467 第 1 次 获取到号码【1798941】GSD
2024-01-17 03:14:33 未获取到号码【1798941】GSD，可能号码格式错误
2024-01-17 03:14:33 获取到号码【1798941】的GSD为【-】
2024-01-17 03:14:38 GSD insert 第 1 次 等待 3 秒
2024-01-17 03:14:41 {"status":"bad","gid":"636532","msg":"添加失败！号码【1798941(-|-)】已存在！"}
2024-01-17 03:14:41 随机等待 168 秒，约 2 分钟
2024-01-17 03:14:41 下次操作: 2024-01-17 03:17:29

2024-01-17 03:17:29 开始第 9030 次操作

2024-01-17 03:17:29 开始操作号码 【1798942】
2024-01-17 03:17:33 GSD getOne 第 1 次 等待 3 秒
2024-01-17 03:17:36 查询号码 【1798942】，返回信息 {"status":"ok","msg":"-","gid":"636537","time_insert":"2023-04-05 17:43"}
2024-01-17 03:17:36 查询号码 【1798942】，GSD为【"-"】
2024-01-17 03:17:36 ok && -
2024-01-17 03:17:38 CHB 1798942?1705432656 第 1 次 等待 3 秒
2024-01-17 03:17:41 CHB 1798942?1705432656 第 1 次 获取到号码【1798942】GSD
2024-01-17 03:17:41 未获取到号码【1798942】GSD，可能号码格式错误
2024-01-17 03:17:41 获取到号码【1798942】的GSD为【-】
2024-01-17 03:17:45 GSD insert 第 1 次 等待 3 秒
2024-01-17 03:17:48 {"status":"bad","gid":"636537","msg":"添加失败！号码【1798942(-|-)】已存在！"}
2024-01-17 03:17:48 随机等待 233 秒，约 3 分钟
2024-01-17 03:17:48 下次操作: 2024-01-17 03:21:41

2024-01-17 03:21:41 开始第 9031 次操作

2024-01-17 03:21:41 开始操作号码 【1798943】
2024-01-17 03:21:44 GSD getOne 第 1 次 等待 3 秒
2024-01-17 03:21:47 查询号码 【1798943】，返回信息 {"status":"ok","msg":"-","gid":"636544","time_insert":"2023-04-05 17:46"}
2024-01-17 03:21:47 查询号码 【1798943】，GSD为【"-"】
2024-01-17 03:21:47 ok && -
2024-01-17 03:21:50 CHB 1798943?1705432907 第 1 次 等待 3 秒
2024-01-17 03:21:53 CHB 1798943?1705432907 第 1 次 获取到号码【1798943】GSD
2024-01-17 03:21:53 未获取到号码【1798943】GSD，可能号码格式错误
2024-01-17 03:21:53 获取到号码【1798943】的GSD为【-】
2024-01-17 03:21:56 GSD insert 第 1 次 等待 3 秒
2024-01-17 03:21:59 {"status":"bad","gid":"636544","msg":"添加失败！号码【1798943(-|-)】已存在！"}
2024-01-17 03:22:00 随机等待 86 秒，约 1 分钟
2024-01-17 03:22:00 下次操作: 2024-01-17 03:23:26

2024-01-17 03:23:26 开始第 9032 次操作

2024-01-17 03:23:26 开始操作号码 【1798944】
2024-01-17 03:23:29 GSD getOne 第 1 次 等待 3 秒
2024-01-17 03:23:32 查询号码 【1798944】，返回信息 {"status":"ok","msg":"-","gid":"636555","time_insert":"2023-04-05 17:55"}
2024-01-17 03:23:32 查询号码 【1798944】，GSD为【"-"】
2024-01-17 03:23:32 ok && -
2024-01-17 03:23:34 CHB 1798944?1705433012 第 1 次 等待 3 秒
2024-01-17 03:23:37 CHB 1798944?1705433012 第 1 次 获取到号码【1798944】GSD
2024-01-17 03:23:38 未获取到号码【1798944】GSD，可能号码格式错误
2024-01-17 03:23:38 获取到号码【1798944】的GSD为【-】
2024-01-17 03:23:41 GSD insert 第 1 次 等待 3 秒
2024-01-17 03:23:44 {"status":"bad","gid":"636555","msg":"添加失败！号码【1798944(-|-)】已存在！"}

