2024-06-21 00:24:38 开始第 1789 次操作

2024-06-21 00:24:38 开始操作号码 【1461696】
2024-06-21 00:24:56 GSD getOne 第 1 次 等待 3 秒
2024-06-21 00:24:59 查询号码 【1461696】，返回信息 {"status":"ok","msg":"江苏-南京","gid":"105811","time_insert":"2021-06-19 09:18"}
2024-06-21 00:24:59 查询号码 【1461696】，GSD为【"江苏-南京"】

2024-06-21 00:25:00 开始第 1790 次操作

2024-06-21 00:25:00 开始操作号码 【1461697】
2024-06-21 00:25:22 GSD getOne 第 1 次 等待 3 秒
2024-06-21 00:25:25 查询号码 【1461697】，返回信息 {"status":"ok","msg":"江苏-南京","gid":"105832","time_insert":"2021-06-19 09:33"}
2024-06-21 00:25:25 查询号码 【1461697】，GSD为【"江苏-南京"】

2024-06-21 00:25:26 开始第 1791 次操作

2024-06-21 00:25:26 开始操作号码 【1461698】
2024-06-21 00:25:49 GSD getOne 第 1 次 等待 3 秒
2024-06-21 00:25:52 查询号码 【1461698】，返回信息 {"status":"ok","msg":"江苏-南京","gid":"105857","time_insert":"2021-06-19 09:54"}
2024-06-21 00:25:52 查询号码 【1461698】，GSD为【"江苏-南京"】

2024-06-21 00:25:53 开始第 1792 次操作

2024-06-21 00:25:53 开始操作号码 【1461699】
2024-06-21 00:26:03 GSD getOne 第 1 次 等待 3 秒
2024-06-21 00:26:06 查询号码 【1461699】，返回信息 {"status":"ok","msg":"江苏-南京","gid":"105876","time_insert":"2021-06-19 10:09"}
2024-06-21 00:26:06 查询号码 【1461699】，GSD为【"江苏-南京"】

