2024-04-01 00:20:07 开始第 1229 次操作

2024-04-01 00:20:07 开始操作号码 【1571142】
2024-04-01 00:20:11 GSD getOne 第 1 次 等待 3 秒
2024-04-01 00:20:14 查询号码 【1571142】，返回信息 {"status":"ok","msg":"北京-北京","gid":"102257","time_insert":"2021-06-17 23:43"}
2024-04-01 00:20:14 查询号码 【1571142】，GSD为【"北京-北京"】

2024-04-01 00:20:15 开始第 1230 次操作

2024-04-01 00:20:15 开始操作号码 【1571143】
2024-04-01 00:20:21 GSD getOne 第 1 次 等待 3 秒
2024-04-01 00:20:24 查询号码 【1571143】，返回信息 {"status":"ok","msg":"北京-北京","gid":"102277","time_insert":"2021-06-17 23:58"}
2024-04-01 00:20:24 查询号码 【1571143】，GSD为【"北京-北京"】

2024-04-01 00:20:25 开始第 1231 次操作

2024-04-01 00:20:25 开始操作号码 【1571144】
2024-04-01 00:20:30 GSD getOne 第 1 次 等待 3 秒
2024-04-01 00:20:33 查询号码 【1571144】，返回信息 {"status":"ok","msg":"北京-北京","gid":"102299","time_insert":"2021-06-18 00:17","time_update":"2021-06-18 00:20"}
2024-04-01 00:20:33 查询号码 【1571144】，GSD为【"北京-北京"】

2024-04-01 00:20:34 开始第 1232 次操作

2024-04-01 00:20:34 开始操作号码 【1571145】
2024-04-01 00:20:39 GSD getOne 第 1 次 等待 3 秒
2024-04-01 00:20:42 查询号码 【1571145】，返回信息 {"status":"ok","msg":"北京-北京","gid":"102319","time_insert":"2021-06-18 00:35"}
2024-04-01 00:20:42 查询号码 【1571145】，GSD为【"北京-北京"】

