2024-02-19 00:20:25 开始第 4417 次操作

2024-02-19 00:20:25 开始操作号码 【1684329】
2024-02-19 00:20:29 GSD getOne 第 1 次 等待 3 秒
2024-02-19 00:20:32 查询号码 【1684329】，返回信息 {"status":"ok","msg":"-","gid":"607987","time_insert":"2023-03-22 22:00"}
2024-02-19 00:20:32 查询号码 【1684329】，GSD为【"-"】
2024-02-19 00:20:32 ok && -
2024-02-19 00:20:37 CHB 1684329?1708273232 第 1 次 等待 3 秒
2024-02-19 00:20:40 CHB 1684329?1708273232 第 1 次 获取到号码【1684329】GSD
2024-02-19 00:20:40 未获取到号码【1684329】GSD，可能号码格式错误
2024-02-19 00:20:40 获取到号码【1684329】的GSD为【-】
2024-02-19 00:20:45 GSD insert 第 1 次 等待 3 秒
2024-02-19 00:20:48 {"status":"bad","gid":"607987","msg":"添加失败！号码【1684329(-|-)】已存在！"}
2024-02-19 00:20:48 随机等待 227 秒，约 3 分钟
2024-02-19 00:20:48 下次操作: 2024-02-19 00:24:35

2024-02-19 00:24:35 开始第 4418 次操作

2024-02-19 00:24:35 开始操作号码 【1684330】
2024-02-19 00:24:42 GSD getOne 第 1 次 等待 3 秒
2024-02-19 00:24:45 查询号码 【1684330】，返回信息 {"status":"ok","msg":"-","gid":"608016","time_insert":"2023-03-22 22:22"}
2024-02-19 00:24:45 查询号码 【1684330】，GSD为【"-"】
2024-02-19 00:24:45 ok && -
2024-02-19 00:24:47 CHB 1684330?1708273485 第 1 次 等待 3 秒
2024-02-19 00:24:51 CHB 1684330?1708273485 第 1 次 获取到号码【1684330】GSD
2024-02-19 00:24:51 未获取到号码【1684330】GSD，可能号码格式错误
2024-02-19 00:24:51 获取到号码【1684330】的GSD为【-】
2024-02-19 00:24:56 GSD insert 第 1 次 等待 3 秒
2024-02-19 00:24:59 {"status":"bad","gid":"608016","msg":"添加失败！号码【1684330(-|-)】已存在！"}
2024-02-19 00:24:59 随机等待 205 秒，约 3 分钟
2024-02-19 00:24:59 下次操作: 2024-02-19 00:28:24

2024-02-19 00:28:24 开始第 4419 次操作

2024-02-19 00:28:24 开始操作号码 【1684331】
2024-02-19 00:28:29 GSD getOne 第 1 次 等待 3 秒
2024-02-19 00:28:32 查询号码 【1684331】，返回信息 {"status":"ok","msg":"-","gid":"608058","time_insert":"2023-03-22 22:45"}
2024-02-19 00:28:32 查询号码 【1684331】，GSD为【"-"】
2024-02-19 00:28:32 ok && -
2024-02-19 00:28:34 CHB 1684331?1708273712 第 1 次 等待 3 秒
2024-02-19 00:28:37 CHB 1684331?1708273712 第 1 次 获取到号码【1684331】GSD
2024-02-19 00:28:38 未获取到号码【1684331】GSD，可能号码格式错误
2024-02-19 00:28:38 获取到号码【1684331】的GSD为【-】
2024-02-19 00:28:42 GSD insert 第 1 次 等待 3 秒
2024-02-19 00:28:45 {"status":"bad","gid":"608058","msg":"添加失败！号码【1684331(-|-)】已存在！"}
2024-02-19 00:28:46 随机等待 231 秒，约 3 分钟
2024-02-19 00:28:46 下次操作: 2024-02-19 00:32:37

2024-02-19 00:32:37 开始第 4420 次操作

2024-02-19 00:32:37 开始操作号码 【1684332】
2024-02-19 00:32:42 GSD getOne 第 1 次 等待 3 秒
2024-02-19 00:32:45 查询号码 【1684332】，返回信息 {"status":"ok","msg":"-","gid":"608082","time_insert":"2023-03-22 23:02"}
2024-02-19 00:32:45 查询号码 【1684332】，GSD为【"-"】
2024-02-19 00:32:45 ok && -
2024-02-19 00:32:48 CHB 1684332?1708273965 第 1 次 等待 3 秒
2024-02-19 00:32:51 CHB 1684332?1708273965 第 1 次 获取到号码【1684332】GSD
2024-02-19 00:32:51 未获取到号码【1684332】GSD，可能号码格式错误
2024-02-19 00:32:51 获取到号码【1684332】的GSD为【-】
2024-02-19 00:32:56 GSD insert 第 1 次 等待 3 秒
2024-02-19 00:32:59 {"status":"bad","gid":"608082","msg":"添加失败！号码【1684332(-|-)】已存在！"}

