2024-04-18 00:23:00 开始第 4073 次操作

2024-04-18 00:23:00 开始操作号码 【1573986】
2024-04-18 00:23:05 GSD getOne 第 1 次 等待 3 秒
2024-04-18 00:23:08 查询号码 【1573986】，返回信息 {"status":"ok","msg":"新疆-库尔勒","gid":"23645","time_insert":"2017-01-16 17:48","time_update":"2020-12-22 17:29"}
2024-04-18 00:23:08 查询号码 【1573986】，GSD为【"新疆-库尔勒"】

2024-04-18 00:23:09 开始第 4074 次操作

2024-04-18 00:23:09 开始操作号码 【1573987】
2024-04-18 00:23:15 GSD getOne 第 1 次 等待 3 秒
2024-04-18 00:23:18 查询号码 【1573987】，返回信息 {"status":"ok","msg":"新疆-库尔勒","gid":"299942","time_insert":"2021-07-17 04:44"}
2024-04-18 00:23:18 查询号码 【1573987】，GSD为【"新疆-库尔勒"】

2024-04-18 00:23:19 开始第 4075 次操作

2024-04-18 00:23:19 开始操作号码 【1573988】
2024-04-18 00:23:23 GSD getOne 第 1 次 等待 3 秒
2024-04-18 00:23:26 查询号码 【1573988】，返回信息 {"status":"ok","msg":"新疆-库尔勒","gid":"75790","time_insert":"2021-06-01 13:44","time_update":"2021-06-06 08:01"}
2024-04-18 00:23:26 查询号码 【1573988】，GSD为【"新疆-库尔勒"】

2024-04-18 00:23:27 开始第 4076 次操作

2024-04-18 00:23:27 开始操作号码 【1573989】
2024-04-18 00:23:33 GSD getOne 第 1 次 等待 3 秒
2024-04-18 00:23:36 查询号码 【1573989】，返回信息 {"status":"ok","msg":"新疆-库尔勒","gid":"300146","time_insert":"2021-07-17 05:02"}
2024-04-18 00:23:36 查询号码 【1573989】，GSD为【"新疆-库尔勒"】

2024-04-18 00:40:25 开始第 4077 次操作

2024-04-18 00:40:25 开始操作号码 【1573990】
2024-04-18 00:40:33 GSD getOne 第 1 次 等待 3 秒
2024-04-18 00:40:36 查询号码 【1573990】，返回信息 {"status":"ok","msg":"新疆-喀什","gid":"300212","time_insert":"2021-07-17 05:18"}
2024-04-18 00:40:36 查询号码 【1573990】，GSD为【"新疆-喀什"】

2024-04-18 00:40:37 开始第 4078 次操作

2024-04-18 00:40:37 开始操作号码 【1573991】
2024-04-18 00:40:41 GSD getOne 第 1 次 等待 3 秒
2024-04-18 00:40:44 查询号码 【1573991】，返回信息 {"status":"ok","msg":"新疆-喀什","gid":"300244","time_insert":"2021-07-17 05:37"}
2024-04-18 00:40:44 查询号码 【1573991】，GSD为【"新疆-喀什"】

2024-04-18 00:40:45 开始第 4079 次操作

2024-04-18 00:40:45 开始操作号码 【1573992】
2024-04-18 00:40:50 GSD getOne 第 1 次 等待 3 秒
2024-04-18 00:40:53 查询号码 【1573992】，返回信息 {"status":"ok","msg":"新疆-喀什","gid":"300426","time_insert":"2021-07-17 05:56"}
2024-04-18 00:40:53 查询号码 【1573992】，GSD为【"新疆-喀什"】

2024-04-18 00:40:54 开始第 4080 次操作

2024-04-18 00:40:54 开始操作号码 【1573993】
2024-04-18 00:41:01 GSD getOne 第 1 次 等待 3 秒
2024-04-18 00:41:04 查询号码 【1573993】，返回信息 {"status":"ok","msg":"新疆-喀什","gid":"300552","time_insert":"2021-07-17 06:13"}
2024-04-18 00:41:04 查询号码 【1573993】，GSD为【"新疆-喀什"】

2024-04-18 01:14:45 开始第 4081 次操作

2024-04-18 01:14:45 开始操作号码 【1573994】
2024-04-18 01:14:50 GSD getOne 第 1 次 等待 3 秒
2024-04-18 01:14:53 查询号码 【1573994】，返回信息 {"status":"ok","msg":"新疆-喀什","gid":"300599","time_insert":"2021-07-17 06:32"}
2024-04-18 01:14:53 查询号码 【1573994】，GSD为【"新疆-喀什"】

2024-04-18 01:14:54 开始第 4082 次操作

2024-04-18 01:14:54 开始操作号码 【1573995】
2024-04-18 01:15:00 GSD getOne 第 1 次 等待 3 秒
2024-04-18 01:15:03 查询号码 【1573995】，返回信息 {"status":"ok","msg":"新疆-喀什","gid":"300744","time_insert":"2021-07-17 06:50"}
2024-04-18 01:15:03 查询号码 【1573995】，GSD为【"新疆-喀什"】

2024-04-18 01:15:04 开始第 4083 次操作

2024-04-18 01:15:04 开始操作号码 【1573996】
2024-04-18 01:15:10 GSD getOne 第 1 次 等待 3 秒
2024-04-18 01:15:13 查询号码 【1573996】，返回信息 {"status":"ok","msg":"新疆-喀什","gid":"300912","time_insert":"2021-07-17 07:05"}
2024-04-18 01:15:13 查询号码 【1573996】，GSD为【"新疆-喀什"】

2024-04-18 01:15:14 开始第 4084 次操作

2024-04-18 01:15:14 开始操作号码 【1573997】
2024-04-18 01:15:20 GSD getOne 第 1 次 等待 3 秒
2024-04-18 01:15:23 查询号码 【1573997】，返回信息 {"status":"ok","msg":"新疆-喀什","gid":"300985","time_insert":"2021-07-17 07:24"}
2024-04-18 01:15:23 查询号码 【1573997】，GSD为【"新疆-喀什"】

2024-04-18 01:37:41 开始第 4085 次操作

2024-04-18 01:37:41 开始操作号码 【1573998】
2024-04-18 01:37:47 GSD getOne 第 1 次 等待 3 秒
2024-04-18 01:37:50 查询号码 【1573998】，返回信息 {"status":"ok","msg":"新疆-喀什","gid":"301029","time_insert":"2021-07-17 07:39"}
2024-04-18 01:37:50 查询号码 【1573998】，GSD为【"新疆-喀什"】

2024-04-18 01:37:51 开始第 4086 次操作

2024-04-18 01:37:51 开始操作号码 【1573999】
2024-04-18 01:37:58 GSD getOne 第 1 次 等待 3 秒
2024-04-18 01:38:01 查询号码 【1573999】，返回信息 {"status":"ok","msg":"新疆-喀什","gid":"301263","time_insert":"2021-07-17 07:59"}
2024-04-18 01:38:01 查询号码 【1573999】，GSD为【"新疆-喀什"】

2024-04-18 01:38:02 开始第 4087 次操作

2024-04-18 01:38:02 开始操作号码 【1574000】
2024-04-18 01:38:07 GSD getOne 第 1 次 等待 3 秒
2024-04-18 01:38:10 查询号码 【1574000】，返回信息 {"status":"ok","msg":"上海-上海","gid":"301355","time_insert":"2021-07-17 08:19"}
2024-04-18 01:38:10 查询号码 【1574000】，GSD为【"上海-上海"】

2024-04-18 01:38:11 开始第 4088 次操作

2024-04-18 01:38:11 开始操作号码 【1574001】
2024-04-18 01:38:17 GSD getOne 第 1 次 等待 3 秒
2024-04-18 01:38:20 查询号码 【1574001】，返回信息 {"status":"ok","msg":"上海-上海","gid":"301405","time_insert":"2021-07-17 08:38"}
2024-04-18 01:38:20 查询号码 【1574001】，GSD为【"上海-上海"】

2024-04-18 02:22:51 开始第 4089 次操作

2024-04-18 02:22:51 开始操作号码 【1574002】
2024-04-18 02:22:56 GSD getOne 第 1 次 等待 3 秒
2024-04-18 02:22:59 查询号码 【1574002】，返回信息 {"status":"ok","msg":"上海-上海","gid":"301493","time_insert":"2021-07-17 08:54"}
2024-04-18 02:22:59 查询号码 【1574002】，GSD为【"上海-上海"】

2024-04-18 02:23:00 开始第 4090 次操作

2024-04-18 02:23:00 开始操作号码 【1574003】
2024-04-18 02:23:05 GSD getOne 第 1 次 等待 3 秒
2024-04-18 02:23:08 查询号码 【1574003】，返回信息 {"status":"ok","msg":"上海-上海","gid":"301529","time_insert":"2021-07-17 09:09"}
2024-04-18 02:23:08 查询号码 【1574003】，GSD为【"上海-上海"】

2024-04-18 02:23:09 开始第 4091 次操作

2024-04-18 02:23:09 开始操作号码 【1574004】
2024-04-18 02:23:16 GSD getOne 第 1 次 等待 3 秒
2024-04-18 02:23:19 查询号码 【1574004】，返回信息 {"status":"ok","msg":"上海-上海","gid":"301557","time_insert":"2021-07-17 09:26"}
2024-04-18 02:23:19 查询号码 【1574004】，GSD为【"上海-上海"】

2024-04-18 02:23:20 开始第 4092 次操作

2024-04-18 02:23:20 开始操作号码 【1574005】
2024-04-18 02:23:26 GSD getOne 第 1 次 等待 3 秒
2024-04-18 02:23:29 查询号码 【1574005】，返回信息 {"status":"ok","msg":"上海-上海","gid":"301707","time_insert":"2021-07-17 09:44"}
2024-04-18 02:23:29 查询号码 【1574005】，GSD为【"上海-上海"】

2024-04-18 02:38:35 开始第 4093 次操作

2024-04-18 02:38:35 开始操作号码 【1574006】
2024-04-18 02:38:42 GSD getOne 第 1 次 等待 3 秒
2024-04-18 02:38:45 查询号码 【1574006】，返回信息 {"status":"ok","msg":"上海-上海","gid":"301952","time_insert":"2021-07-17 10:02"}
2024-04-18 02:38:45 查询号码 【1574006】，GSD为【"上海-上海"】

2024-04-18 02:38:46 开始第 4094 次操作

2024-04-18 02:38:46 开始操作号码 【1574007】
2024-04-18 02:38:51 GSD getOne 第 1 次 等待 3 秒
2024-04-18 02:38:54 查询号码 【1574007】，返回信息 {"status":"ok","msg":"上海-上海","gid":"302013","time_insert":"2021-07-17 10:19"}
2024-04-18 02:38:54 查询号码 【1574007】，GSD为【"上海-上海"】

2024-04-18 02:38:55 开始第 4095 次操作

2024-04-18 02:38:55 开始操作号码 【1574008】
2024-04-18 02:39:01 GSD getOne 第 1 次 等待 3 秒
2024-04-18 02:39:04 查询号码 【1574008】，返回信息 {"status":"ok","msg":"上海-上海","gid":"302056","time_insert":"2021-07-17 10:36"}
2024-04-18 02:39:04 查询号码 【1574008】，GSD为【"上海-上海"】

2024-04-18 02:39:05 开始第 4096 次操作

2024-04-18 02:39:05 开始操作号码 【1574009】
2024-04-18 02:39:10 GSD getOne 第 1 次 等待 3 秒
2024-04-18 02:39:13 查询号码 【1574009】，返回信息 {"status":"ok","msg":"上海-上海","gid":"302225","time_insert":"2021-07-17 10:55"}
2024-04-18 02:39:13 查询号码 【1574009】，GSD为【"上海-上海"】

2024-04-18 03:11:21 开始第 4097 次操作

2024-04-18 03:11:21 开始操作号码 【1574010】
2024-04-18 03:11:27 GSD getOne 第 1 次 等待 3 秒
2024-04-18 03:11:30 查询号码 【1574010】，返回信息 {"status":"ok","msg":"上海-上海","gid":"302303","time_insert":"2021-07-17 11:00"}
2024-04-18 03:11:30 查询号码 【1574010】，GSD为【"上海-上海"】

2024-04-18 03:11:31 开始第 4098 次操作

2024-04-18 03:11:31 开始操作号码 【1574011】
2024-04-18 03:11:38 GSD getOne 第 1 次 等待 3 秒
2024-04-18 03:11:41 查询号码 【1574011】，返回信息 {"status":"ok","msg":"上海-上海","gid":"302467","time_insert":"2021-07-17 11:16"}
2024-04-18 03:11:41 查询号码 【1574011】，GSD为【"上海-上海"】

2024-04-18 03:11:42 开始第 4099 次操作

2024-04-18 03:11:42 开始操作号码 【1574012】
2024-04-18 03:11:48 GSD getOne 第 1 次 等待 3 秒
2024-04-18 03:11:51 查询号码 【1574012】，返回信息 {"status":"ok","msg":"上海-上海","gid":"302535","time_insert":"2021-07-17 11:36"}
2024-04-18 03:11:51 查询号码 【1574012】，GSD为【"上海-上海"】

2024-04-18 03:11:52 开始第 4100 次操作

2024-04-18 03:11:52 开始操作号码 【1574013】
2024-04-18 03:11:58 GSD getOne 第 1 次 等待 3 秒
2024-04-18 03:12:01 查询号码 【1574013】，返回信息 {"status":"ok","msg":"上海-上海","gid":"302712","time_insert":"2021-07-17 11:55"}
2024-04-18 03:12:01 查询号码 【1574013】，GSD为【"上海-上海"】

