2024-09-04 00:24:54 开始第 2709 次操作

2024-09-04 00:24:54 开始操作号码 【1352708】
2024-09-04 00:25:03 GSD getOne 第 1 次 等待 3 秒
2024-09-04 00:25:06 查询号码 【1352708】，返回信息 {"status":"ok","msg":"广东-肇庆","gid":"90187","time_insert":"2021-06-10 21:19"}
2024-09-04 00:25:06 查询号码 【1352708】，GSD为【"广东-肇庆"】

2024-09-04 00:25:07 开始第 2710 次操作

2024-09-04 00:25:07 开始操作号码 【1352709】
2024-09-04 00:25:15 GSD getOne 第 1 次 等待 3 秒
2024-09-04 00:25:18 查询号码 【1352709】，返回信息 {"status":"ok","msg":"广东-肇庆","gid":"90207","time_insert":"2021-06-10 21:42"}
2024-09-04 00:25:18 查询号码 【1352709】，GSD为【"广东-肇庆"】

2024-09-04 00:25:19 开始第 2711 次操作

2024-09-04 00:25:19 开始操作号码 【1352710】
2024-09-04 00:25:27 GSD getOne 第 1 次 等待 3 秒
2024-09-04 00:25:30 查询号码 【1352710】，返回信息 {"status":"ok","msg":"广东-中山","gid":"5414","time_insert":"2018-01-12 10:29","time_update":"2020-09-26 01:09"}
2024-09-04 00:25:30 查询号码 【1352710】，GSD为【"广东-中山"】

2024-09-04 00:25:31 开始第 2712 次操作

2024-09-04 00:25:31 开始操作号码 【1352711】
2024-09-04 00:25:39 GSD getOne 第 1 次 等待 3 秒
2024-09-04 00:25:42 查询号码 【1352711】，返回信息 {"status":"ok","msg":"广东-中山","gid":"90229","time_insert":"2021-06-10 22:08"}
2024-09-04 00:25:42 查询号码 【1352711】，GSD为【"广东-中山"】

2024-09-04 00:44:01 开始第 2713 次操作

2024-09-04 00:44:01 开始操作号码 【1352712】
2024-09-04 00:44:09 GSD getOne 第 1 次 等待 3 秒
2024-09-04 00:44:12 查询号码 【1352712】，返回信息 {"status":"ok","msg":"广东-中山","gid":"90247","time_insert":"2021-06-10 22:27"}
2024-09-04 00:44:12 查询号码 【1352712】，GSD为【"广东-中山"】

2024-09-04 00:44:13 开始第 2714 次操作

2024-09-04 00:44:13 开始操作号码 【1352713】
2024-09-04 00:44:21 GSD getOne 第 1 次 等待 3 秒
2024-09-04 00:44:24 查询号码 【1352713】，返回信息 {"status":"ok","msg":"广东-中山","gid":"90263","time_insert":"2021-06-10 22:45"}
2024-09-04 00:44:24 查询号码 【1352713】，GSD为【"广东-中山"】

2024-09-04 00:44:25 开始第 2715 次操作

2024-09-04 00:44:25 开始操作号码 【1352714】
2024-09-04 00:44:33 GSD getOne 第 1 次 等待 3 秒
2024-09-04 00:44:36 查询号码 【1352714】，返回信息 {"status":"ok","msg":"广东-中山","gid":"5415","time_insert":"2017-07-23 13:49","time_update":"2020-09-26 01:13"}
2024-09-04 00:44:36 查询号码 【1352714】，GSD为【"广东-中山"】

2024-09-04 00:44:37 开始第 2716 次操作

2024-09-04 00:44:37 开始操作号码 【1352715】
2024-09-04 00:44:46 GSD getOne 第 1 次 等待 3 秒
2024-09-04 00:44:49 查询号码 【1352715】，返回信息 {"status":"ok","msg":"广东-中山","gid":"90288","time_insert":"2021-06-10 23:08"}
2024-09-04 00:44:49 查询号码 【1352715】，GSD为【"广东-中山"】

2024-09-04 01:17:37 开始第 2717 次操作

2024-09-04 01:17:37 开始操作号码 【1352716】
2024-09-04 01:17:45 GSD getOne 第 1 次 等待 3 秒
2024-09-04 01:17:48 查询号码 【1352716】，返回信息 {"status":"ok","msg":"广东-中山","gid":"90303","time_insert":"2021-06-10 23:26"}
2024-09-04 01:17:48 查询号码 【1352716】，GSD为【"广东-中山"】

2024-09-04 01:17:49 开始第 2718 次操作

2024-09-04 01:17:49 开始操作号码 【1352717】
2024-09-04 01:17:56 GSD getOne 第 1 次 等待 3 秒
2024-09-04 01:17:59 查询号码 【1352717】，返回信息 {"status":"ok","msg":"广东-中山","gid":"90317","time_insert":"2021-06-10 23:42"}
2024-09-04 01:17:59 查询号码 【1352717】，GSD为【"广东-中山"】

2024-09-04 01:18:00 开始第 2719 次操作

2024-09-04 01:18:00 开始操作号码 【1352718】
2024-09-04 01:18:08 GSD getOne 第 1 次 等待 3 秒
2024-09-04 01:18:11 查询号码 【1352718】，返回信息 {"status":"ok","msg":"广东-中山","gid":"90345","time_insert":"2021-06-11 00:09"}
2024-09-04 01:18:11 查询号码 【1352718】，GSD为【"广东-中山"】

2024-09-04 01:18:12 开始第 2720 次操作

2024-09-04 01:18:12 开始操作号码 【1352719】
2024-09-04 01:18:21 GSD getOne 第 1 次 等待 3 秒
2024-09-04 01:18:24 查询号码 【1352719】，返回信息 {"status":"ok","msg":"广东-中山","gid":"90364","time_insert":"2021-06-11 00:29"}
2024-09-04 01:18:24 查询号码 【1352719】，GSD为【"广东-中山"】

