2024-07-06 00:23:06 开始第 4421 次操作

2024-07-06 00:23:06 开始操作号码 【1464323】
2024-07-06 00:23:15 GSD getOne 第 1 次 等待 3 秒
2024-07-06 00:23:18 查询号码 【1464323】，返回信息 {"status":"ok","msg":"江苏-南京","gid":"304373","time_insert":"2021-07-17 15:21"}
2024-07-06 00:23:18 查询号码 【1464323】，GSD为【"江苏-南京"】

2024-07-06 00:23:19 开始第 4422 次操作

2024-07-06 00:23:19 开始操作号码 【1464324】
2024-07-06 00:23:30 GSD getOne 第 1 次 等待 3 秒
2024-07-06 00:23:33 查询号码 【1464324】，返回信息 {"status":"ok","msg":"江苏-南京","gid":"304426","time_insert":"2021-07-17 15:36"}
2024-07-06 00:23:33 查询号码 【1464324】，GSD为【"江苏-南京"】

2024-07-06 00:23:34 开始第 4423 次操作

2024-07-06 00:23:34 开始操作号码 【1464325】
2024-07-06 00:23:42 GSD getOne 第 1 次 等待 3 秒
2024-07-06 00:23:45 查询号码 【1464325】，返回信息 {"status":"ok","msg":"江苏-南京","gid":"304617","time_insert":"2021-07-17 15:49"}
2024-07-06 00:23:45 查询号码 【1464325】，GSD为【"江苏-南京"】

2024-07-06 00:23:46 开始第 4424 次操作

2024-07-06 00:23:46 开始操作号码 【1464326】
2024-07-06 00:23:59 GSD getOne 第 1 次 等待 3 秒
2024-07-06 00:24:02 查询号码 【1464326】，返回信息 {"status":"ok","msg":"江苏-南京","gid":"304767","time_insert":"2021-07-17 16:00"}
2024-07-06 00:24:02 查询号码 【1464326】，GSD为【"江苏-南京"】

2024-07-06 00:40:53 开始第 4425 次操作

2024-07-06 00:40:53 开始操作号码 【1464327】
2024-07-06 00:41:03 GSD getOne 第 1 次 等待 3 秒
2024-07-06 00:41:06 查询号码 【1464327】，返回信息 {"status":"ok","msg":"江苏-南京","gid":"304831","time_insert":"2021-07-17 16:11"}
2024-07-06 00:41:06 查询号码 【1464327】，GSD为【"江苏-南京"】

2024-07-06 00:41:07 开始第 4426 次操作

2024-07-06 00:41:07 开始操作号码 【1464328】
2024-07-06 00:41:15 GSD getOne 第 1 次 等待 3 秒
2024-07-06 00:41:18 查询号码 【1464328】，返回信息 {"status":"ok","msg":"江苏-南京","gid":"304866","time_insert":"2021-07-17 16:23"}
2024-07-06 00:41:18 查询号码 【1464328】，GSD为【"江苏-南京"】

2024-07-06 00:41:19 开始第 4427 次操作

2024-07-06 00:41:19 开始操作号码 【1464329】
2024-07-06 00:41:27 GSD getOne 第 1 次 等待 3 秒
2024-07-06 00:41:30 查询号码 【1464329】，返回信息 {"status":"ok","msg":"江苏-南京","gid":"304887","time_insert":"2021-07-17 16:34"}
2024-07-06 00:41:30 查询号码 【1464329】，GSD为【"江苏-南京"】

2024-07-06 00:41:31 开始第 4428 次操作

2024-07-06 00:41:31 开始操作号码 【1464330】
2024-07-06 00:41:39 GSD getOne 第 1 次 等待 3 秒
2024-07-06 00:41:42 查询号码 【1464330】，返回信息 {"status":"ok","msg":"江苏-南京","gid":"304996","time_insert":"2021-07-17 16:47"}
2024-07-06 00:41:42 查询号码 【1464330】，GSD为【"江苏-南京"】

2024-07-06 01:17:50 开始第 4429 次操作

2024-07-06 01:17:50 开始操作号码 【1464331】
2024-07-06 01:17:58 GSD getOne 第 1 次 等待 3 秒
2024-07-06 01:18:01 查询号码 【1464331】，返回信息 {"status":"ok","msg":"江苏-南京","gid":"305172","time_insert":"2021-07-17 16:59"}
2024-07-06 01:18:01 查询号码 【1464331】，GSD为【"江苏-南京"】

2024-07-06 01:18:02 开始第 4430 次操作

2024-07-06 01:18:02 开始操作号码 【1464332】
2024-07-06 01:18:10 GSD getOne 第 1 次 等待 3 秒
2024-07-06 01:18:13 查询号码 【1464332】，返回信息 {"status":"ok","msg":"江苏-南京","gid":"305326","time_insert":"2021-07-17 17:14"}
2024-07-06 01:18:13 查询号码 【1464332】，GSD为【"江苏-南京"】

2024-07-06 01:18:14 开始第 4431 次操作

2024-07-06 01:18:14 开始操作号码 【1464333】
2024-07-06 01:18:23 GSD getOne 第 1 次 等待 3 秒
2024-07-06 01:18:26 查询号码 【1464333】，返回信息 {"status":"ok","msg":"江苏-南京","gid":"305356","time_insert":"2021-07-17 17:27"}
2024-07-06 01:18:26 查询号码 【1464333】，GSD为【"江苏-南京"】

2024-07-06 01:18:27 开始第 4432 次操作

2024-07-06 01:18:27 开始操作号码 【1464334】
2024-07-06 01:18:35 GSD getOne 第 1 次 等待 3 秒
2024-07-06 01:18:38 查询号码 【1464334】，返回信息 {"status":"ok","msg":"江苏-南京","gid":"305378","time_insert":"2021-07-17 17:38"}
2024-07-06 01:18:38 查询号码 【1464334】，GSD为【"江苏-南京"】

2024-07-06 01:37:54 开始第 4433 次操作

2024-07-06 01:37:54 开始操作号码 【1464335】
2024-07-06 01:38:03 GSD getOne 第 1 次 等待 3 秒
2024-07-06 01:38:06 查询号码 【1464335】，返回信息 {"status":"ok","msg":"江苏-南京","gid":"305494","time_insert":"2021-07-17 17:49"}
2024-07-06 01:38:06 查询号码 【1464335】，GSD为【"江苏-南京"】

2024-07-06 01:38:07 开始第 4434 次操作

2024-07-06 01:38:07 开始操作号码 【1464336】
2024-07-06 01:38:14 GSD getOne 第 1 次 等待 3 秒
2024-07-06 01:38:17 查询号码 【1464336】，返回信息 {"status":"ok","msg":"江苏-南京","gid":"305725","time_insert":"2021-07-17 18:04"}
2024-07-06 01:38:17 查询号码 【1464336】，GSD为【"江苏-南京"】

2024-07-06 01:38:18 开始第 4435 次操作

2024-07-06 01:38:18 开始操作号码 【1464337】
2024-07-06 01:38:26 GSD getOne 第 1 次 等待 3 秒
2024-07-06 01:38:29 查询号码 【1464337】，返回信息 {"status":"ok","msg":"江苏-南京","gid":"305817","time_insert":"2021-07-17 18:17","time_update":"2021-07-27 14:12"}
2024-07-06 01:38:29 查询号码 【1464337】，GSD为【"江苏-南京"】

2024-07-06 01:38:30 开始第 4436 次操作

2024-07-06 01:38:30 开始操作号码 【1464338】
2024-07-06 01:38:38 GSD getOne 第 1 次 等待 3 秒
2024-07-06 01:38:41 查询号码 【1464338】，返回信息 {"status":"ok","msg":"江苏-南京","gid":"305842","time_insert":"2021-07-17 18:31"}
2024-07-06 01:38:41 查询号码 【1464338】，GSD为【"江苏-南京"】

2024-07-06 02:24:55 开始第 4437 次操作

2024-07-06 02:24:55 开始操作号码 【1464339】
2024-07-06 02:25:03 GSD getOne 第 1 次 等待 3 秒
2024-07-06 02:25:06 查询号码 【1464339】，返回信息 {"status":"ok","msg":"江苏-南京","gid":"305947","time_insert":"2021-07-17 18:45"}
2024-07-06 02:25:06 查询号码 【1464339】，GSD为【"江苏-南京"】

2024-07-06 02:25:07 开始第 4438 次操作

2024-07-06 02:25:07 开始操作号码 【1464340】
2024-07-06 02:25:15 GSD getOne 第 1 次 等待 3 秒
2024-07-06 02:25:18 查询号码 【1464340】，返回信息 {"status":"ok","msg":"江苏-南京","gid":"306147","time_insert":"2021-07-17 18:58"}
2024-07-06 02:25:18 查询号码 【1464340】，GSD为【"江苏-南京"】

2024-07-06 02:25:19 开始第 4439 次操作

2024-07-06 02:25:19 开始操作号码 【1464341】
2024-07-06 02:25:27 GSD getOne 第 1 次 等待 3 秒
2024-07-06 02:25:30 查询号码 【1464341】，返回信息 {"status":"ok","msg":"江苏-南京","gid":"306255","time_insert":"2021-07-17 19:09"}
2024-07-06 02:25:30 查询号码 【1464341】，GSD为【"江苏-南京"】

2024-07-06 02:25:31 开始第 4440 次操作

2024-07-06 02:25:31 开始操作号码 【1464342】
2024-07-06 02:25:39 GSD getOne 第 1 次 等待 3 秒
2024-07-06 02:25:42 查询号码 【1464342】，返回信息 {"status":"ok","msg":"江苏-南京","gid":"306306","time_insert":"2021-07-17 19:21"}
2024-07-06 02:25:42 查询号码 【1464342】，GSD为【"江苏-南京"】

2024-07-06 02:40:40 开始第 4441 次操作

2024-07-06 02:40:40 开始操作号码 【1464343】
2024-07-06 02:40:48 GSD getOne 第 1 次 等待 3 秒
2024-07-06 02:40:51 查询号码 【1464343】，返回信息 {"status":"ok","msg":"江苏-南京","gid":"306362","time_insert":"2021-07-17 19:36"}
2024-07-06 02:40:51 查询号码 【1464343】，GSD为【"江苏-南京"】

2024-07-06 02:40:52 开始第 4442 次操作

2024-07-06 02:40:52 开始操作号码 【1464344】
2024-07-06 02:41:00 GSD getOne 第 1 次 等待 3 秒
2024-07-06 02:41:03 查询号码 【1464344】，返回信息 {"status":"ok","msg":"江苏-南京","gid":"306508","time_insert":"2021-07-17 19:47"}
2024-07-06 02:41:03 查询号码 【1464344】，GSD为【"江苏-南京"】

2024-07-06 02:41:04 开始第 4443 次操作

2024-07-06 02:41:04 开始操作号码 【1464345】
2024-07-06 02:41:12 GSD getOne 第 1 次 等待 3 秒
2024-07-06 02:41:15 查询号码 【1464345】，返回信息 {"status":"ok","msg":"江苏-南京","gid":"306673","time_insert":"2021-07-17 19:58"}
2024-07-06 02:41:15 查询号码 【1464345】，GSD为【"江苏-南京"】

2024-07-06 02:41:16 开始第 4444 次操作

2024-07-06 02:41:16 开始操作号码 【1464346】
2024-07-06 02:41:24 GSD getOne 第 1 次 等待 3 秒
2024-07-06 02:41:27 查询号码 【1464346】，返回信息 {"status":"ok","msg":"江苏-南京","gid":"306782","time_insert":"2021-07-17 20:12"}
2024-07-06 02:41:27 查询号码 【1464346】，GSD为【"江苏-南京"】

2024-07-06 03:14:30 开始第 4445 次操作

2024-07-06 03:14:30 开始操作号码 【1464347】
2024-07-06 03:14:39 GSD getOne 第 1 次 等待 3 秒
2024-07-06 03:14:42 查询号码 【1464347】，返回信息 {"status":"ok","msg":"江苏-南京","gid":"306810","time_insert":"2021-07-17 20:27"}
2024-07-06 03:14:42 查询号码 【1464347】，GSD为【"江苏-南京"】

2024-07-06 03:14:43 开始第 4446 次操作

2024-07-06 03:14:43 开始操作号码 【1464348】
2024-07-06 03:14:51 GSD getOne 第 1 次 等待 3 秒
2024-07-06 03:14:54 查询号码 【1464348】，返回信息 {"status":"ok","msg":"江苏-南京","gid":"306831","time_insert":"2021-07-17 20:38","time_update":"2021-07-27 14:10"}
2024-07-06 03:14:54 查询号码 【1464348】，GSD为【"江苏-南京"】

2024-07-06 03:14:55 开始第 4447 次操作

2024-07-06 03:14:55 开始操作号码 【1464349】
2024-07-06 03:15:03 GSD getOne 第 1 次 等待 3 秒
2024-07-06 03:15:06 查询号码 【1464349】，返回信息 {"status":"ok","msg":"江苏-南京","gid":"306863","time_insert":"2021-07-17 20:52"}
2024-07-06 03:15:06 查询号码 【1464349】，GSD为【"江苏-南京"】

2024-07-06 03:15:07 开始第 4448 次操作

2024-07-06 03:15:07 开始操作号码 【1464350】
2024-07-06 03:15:15 GSD getOne 第 1 次 等待 3 秒
2024-07-06 03:15:18 查询号码 【1464350】，返回信息 {"status":"ok","msg":"江苏-南京","gid":"306995","time_insert":"2021-07-17 21:05"}
2024-07-06 03:15:18 查询号码 【1464350】，GSD为【"江苏-南京"】

2024-07-06 03:37:49 开始第 4449 次操作

2024-07-06 03:37:49 开始操作号码 【1464351】
2024-07-06 03:37:57 GSD getOne 第 1 次 等待 3 秒
2024-07-06 03:38:00 查询号码 【1464351】，返回信息 {"status":"ok","msg":"江苏-南京","gid":"307169","time_insert":"2021-07-17 21:17"}
2024-07-06 03:38:00 查询号码 【1464351】，GSD为【"江苏-南京"】

2024-07-06 03:38:01 开始第 4450 次操作

2024-07-06 03:38:01 开始操作号码 【1464352】
2024-07-06 03:38:09 GSD getOne 第 1 次 等待 3 秒
2024-07-06 03:38:12 查询号码 【1464352】，返回信息 {"status":"ok","msg":"江苏-南京","gid":"307267","time_insert":"2021-07-17 21:28"}
2024-07-06 03:38:12 查询号码 【1464352】，GSD为【"江苏-南京"】

2024-07-06 03:38:13 开始第 4451 次操作

2024-07-06 03:38:13 开始操作号码 【1464353】
2024-07-06 03:38:21 GSD getOne 第 1 次 等待 3 秒
2024-07-06 03:38:24 查询号码 【1464353】，返回信息 {"status":"ok","msg":"江苏-南京","gid":"307415","time_insert":"2021-07-17 21:43"}
2024-07-06 03:38:24 查询号码 【1464353】，GSD为【"江苏-南京"】

2024-07-06 03:38:25 开始第 4452 次操作

2024-07-06 03:38:25 开始操作号码 【1464354】
2024-07-06 03:38:33 GSD getOne 第 1 次 等待 3 秒
2024-07-06 03:38:36 查询号码 【1464354】，返回信息 {"status":"ok","msg":"江苏-南京","gid":"307647","time_insert":"2021-07-17 21:57"}
2024-07-06 03:38:36 查询号码 【1464354】，GSD为【"江苏-南京"】

