2024-08-19 10:42:20 开始第 1 次操作

2024-08-19 10:42:20 开始操作号码 【1350000】
2024-08-19 10:43:07 GSD getOne 第 1 次 等待 3 秒
2024-08-19 10:43:10 查询号码 【1350000】，返回信息 {"status":"ok","msg":"广东-广州","gid":"48858","time_insert":"2021-04-09 15:42"}
2024-08-19 10:43:10 查询号码 【1350000】，GSD为【"广东-广州"】

2024-08-19 10:43:11 开始第 2 次操作

2024-08-19 10:43:11 开始操作号码 【1350001】
2024-08-19 10:43:24 GSD getOne 第 1 次 等待 3 秒
2024-08-19 10:43:27 查询号码 【1350001】，返回信息 {"status":"ok","msg":"广东-广州","gid":"48865","time_insert":"2021-04-09 16:01"}
2024-08-19 10:43:27 查询号码 【1350001】，GSD为【"广东-广州"】

2024-08-19 10:43:28 开始第 3 次操作

2024-08-19 10:43:28 开始操作号码 【1350002】
2024-08-19 10:43:36 GSD getOne 第 1 次 等待 3 秒
2024-08-19 10:43:39 查询号码 【1350002】，返回信息 {"status":"ok","msg":"广东-广州","gid":"48872","time_insert":"2021-04-09 16:20"}
2024-08-19 10:43:39 查询号码 【1350002】，GSD为【"广东-广州"】

2024-08-19 10:43:40 开始第 4 次操作

2024-08-19 10:43:40 开始操作号码 【1350003】
2024-08-19 10:43:48 GSD getOne 第 1 次 等待 3 秒
2024-08-19 10:43:51 查询号码 【1350003】，返回信息 {"status":"ok","msg":"广东-广州","gid":"48880","time_insert":"2021-04-09 16:39","time_update":"2021-05-12 03:36"}
2024-08-19 10:43:51 查询号码 【1350003】，GSD为【"广东-广州"】

2024-08-19 11:20:18 开始第 5 次操作

2024-08-19 11:20:18 开始操作号码 【1350004】
2024-08-19 11:20:26 GSD getOne 第 1 次 等待 3 秒
2024-08-19 11:20:29 查询号码 【1350004】，返回信息 {"status":"ok","msg":"广东-深圳","gid":"48887","time_insert":"2021-04-09 16:59","time_update":"2021-05-12 04:31"}
2024-08-19 11:20:29 查询号码 【1350004】，GSD为【"广东-深圳"】

2024-08-19 11:20:31 开始第 6 次操作

2024-08-19 11:20:31 开始操作号码 【1350005】
2024-08-19 11:20:41 GSD getOne 第 1 次 等待 3 秒
2024-08-19 11:20:44 查询号码 【1350005】，返回信息 {"status":"ok","msg":"广东-深圳","gid":"48893","time_insert":"2021-04-09 17:14","time_update":"2021-05-12 05:25"}
2024-08-19 11:20:44 查询号码 【1350005】，GSD为【"广东-深圳"】

2024-08-19 11:20:45 开始第 7 次操作

2024-08-19 11:20:45 开始操作号码 【1350006】
2024-08-19 11:20:53 GSD getOne 第 1 次 等待 3 秒
2024-08-19 11:20:56 查询号码 【1350006】，返回信息 {"status":"ok","msg":"广东-深圳","gid":"48898","time_insert":"2021-04-09 17:34","time_update":"2021-05-12 05:55"}
2024-08-19 11:20:56 查询号码 【1350006】，GSD为【"广东-深圳"】

2024-08-19 11:20:57 开始第 8 次操作

2024-08-19 11:20:57 开始操作号码 【1350007】
2024-08-19 11:21:06 GSD getOne 第 1 次 等待 3 秒
2024-08-19 11:21:09 查询号码 【1350007】，返回信息 {"status":"ok","msg":"广东-茂名","gid":"48904","time_insert":"2021-04-09 18:58","time_update":"2021-05-12 06:34"}
2024-08-19 11:21:09 查询号码 【1350007】，GSD为【"广东-茂名"】

2024-08-19 11:39:06 开始第 9 次操作

2024-08-19 11:39:06 开始操作号码 【1350008】
2024-08-19 11:39:14 GSD getOne 第 1 次 等待 3 秒
2024-08-19 11:39:17 查询号码 【1350008】，返回信息 {"status":"ok","msg":"广东-汕尾","gid":"48912","time_insert":"2021-04-09 20:33","time_update":"2021-05-12 07:24"}
2024-08-19 11:39:17 查询号码 【1350008】，GSD为【"广东-汕尾"】

2024-08-19 11:39:18 开始第 10 次操作

2024-08-19 11:39:18 开始操作号码 【1350009】
2024-08-19 11:39:26 GSD getOne 第 1 次 等待 3 秒
2024-08-19 11:39:29 查询号码 【1350009】，返回信息 {"status":"ok","msg":"广东-东莞","gid":"48919","time_insert":"2021-04-09 22:02","time_update":"2021-05-12 08:11"}
2024-08-19 11:39:29 查询号码 【1350009】，GSD为【"广东-东莞"】

2024-08-19 11:39:30 开始第 11 次操作

2024-08-19 11:39:30 开始操作号码 【1350010】
2024-08-19 11:39:37 GSD getOne 第 1 次 等待 3 秒
2024-08-19 11:39:40 查询号码 【1350010】，返回信息 {"status":"ok","msg":"广东-潮州","gid":"48924","time_insert":"2021-04-09 23:24","time_update":"2021-05-12 09:06"}
2024-08-19 11:39:40 查询号码 【1350010】，GSD为【"广东-潮州"】

2024-08-19 11:39:41 开始第 12 次操作

2024-08-19 11:39:41 开始操作号码 【1350011】
2024-08-19 11:39:49 GSD getOne 第 1 次 等待 3 秒
2024-08-19 11:39:52 查询号码 【1350011】，返回信息 {"status":"ok","msg":"广东-潮州","gid":"48931","time_insert":"2021-04-10 00:58","time_update":"2021-05-12 09:40"}
2024-08-19 11:39:52 查询号码 【1350011】，GSD为【"广东-潮州"】

2024-08-19 12:21:15 开始第 13 次操作

2024-08-19 12:21:15 开始操作号码 【1350012】
2024-08-19 12:21:23 GSD getOne 第 1 次 等待 3 秒
2024-08-19 12:21:26 查询号码 【1350012】，返回信息 {"status":"ok","msg":"广东-梅州","gid":"48937","time_insert":"2021-04-10 02:38","time_update":"2021-05-12 10:15"}
2024-08-19 12:21:26 查询号码 【1350012】，GSD为【"广东-梅州"】

2024-08-19 12:21:27 开始第 14 次操作

2024-08-19 12:21:27 开始操作号码 【1350013】
2024-08-19 12:21:35 GSD getOne 第 1 次 等待 3 秒
2024-08-19 12:21:38 查询号码 【1350013】，返回信息 {"status":"ok","msg":"广东-汕头","gid":"48942","time_insert":"2021-04-10 04:15","time_update":"2021-05-12 13:21"}
2024-08-19 12:21:38 查询号码 【1350013】，GSD为【"广东-汕头"】

2024-08-19 12:21:39 开始第 15 次操作

2024-08-19 12:21:39 开始操作号码 【1350014】
2024-08-19 12:21:47 GSD getOne 第 1 次 等待 3 秒
2024-08-19 12:21:50 查询号码 【1350014】，返回信息 {"status":"ok","msg":"广东-中山","gid":"48949","time_insert":"2021-04-10 05:32","time_update":"2021-05-12 15:04"}
2024-08-19 12:21:50 查询号码 【1350014】，GSD为【"广东-中山"】

2024-08-19 12:21:51 开始第 16 次操作

2024-08-19 12:21:51 开始操作号码 【1350015】
2024-08-19 12:21:59 GSD getOne 第 1 次 等待 3 秒
2024-08-19 12:22:02 查询号码 【1350015】，返回信息 {"status":"ok","msg":"广东-揭阳","gid":"48954","time_insert":"2021-04-10 06:59","time_update":"2021-05-12 15:31"}
2024-08-19 12:22:02 查询号码 【1350015】，GSD为【"广东-揭阳"】

2024-08-19 12:39:24 开始第 17 次操作

2024-08-19 12:39:24 开始操作号码 【1350016】
2024-08-19 12:39:33 GSD getOne 第 1 次 等待 3 秒
2024-08-19 12:39:36 查询号码 【1350016】，返回信息 {"status":"ok","msg":"广东-揭阳","gid":"48960","time_insert":"2021-04-10 08:26","time_update":"2021-05-12 16:05"}
2024-08-19 12:39:36 查询号码 【1350016】，GSD为【"广东-揭阳"】

2024-08-19 12:39:37 开始第 18 次操作

2024-08-19 12:39:37 开始操作号码 【1350017】
2024-08-19 12:39:46 GSD getOne 第 1 次 等待 3 秒
2024-08-19 12:39:49 查询号码 【1350017】，返回信息 {"status":"ok","msg":"广东-惠州","gid":"48964","time_insert":"2021-04-10 09:44","time_update":"2021-05-12 16:49"}
2024-08-19 12:39:49 查询号码 【1350017】，GSD为【"广东-惠州"】

2024-08-19 12:39:50 开始第 19 次操作

2024-08-19 12:39:50 开始操作号码 【1350018】
2024-08-19 12:39:58 GSD getOne 第 1 次 等待 3 秒
2024-08-19 12:40:01 查询号码 【1350018】，返回信息 {"status":"ok","msg":"广东-惠州","gid":"48970","time_insert":"2021-04-10 11:03","time_update":"2021-04-29 17:03"}
2024-08-19 12:40:01 查询号码 【1350018】，GSD为【"广东-惠州"】

2024-08-19 12:40:02 开始第 20 次操作

2024-08-19 12:40:02 开始操作号码 【1350019】
2024-08-19 12:40:10 GSD getOne 第 1 次 等待 3 秒
2024-08-19 12:40:13 查询号码 【1350019】，返回信息 {"status":"ok","msg":"广东-汕头","gid":"48976","time_insert":"2021-04-10 14:09","time_update":"2021-04-29 10:00"}
2024-08-19 12:40:13 查询号码 【1350019】，GSD为【"广东-汕头"】

2024-08-19 13:17:46 开始第 21 次操作

2024-08-19 13:17:46 开始操作号码 【1350020】
2024-08-19 13:17:55 GSD getOne 第 1 次 等待 3 秒
2024-08-19 13:17:58 查询号码 【1350020】，返回信息 {"status":"ok","msg":"广东-韶关","gid":"48983","time_insert":"2021-04-10 17:24","time_update":"2021-04-29 05:29"}
2024-08-19 13:17:58 查询号码 【1350020】，GSD为【"广东-韶关"】

2024-08-19 13:17:59 开始第 22 次操作

2024-08-19 13:17:59 开始操作号码 【1350021】
2024-08-19 13:18:06 GSD getOne 第 1 次 等待 3 秒
2024-08-19 13:18:09 查询号码 【1350021】，返回信息 {"status":"ok","msg":"广东-阳江","gid":"48990","time_insert":"2021-04-10 20:21","time_update":"2021-04-29 01:01"}
2024-08-19 13:18:09 查询号码 【1350021】，GSD为【"广东-阳江"】

2024-08-19 13:18:10 开始第 23 次操作

2024-08-19 13:18:10 开始操作号码 【1350022】
2024-08-19 13:18:18 GSD getOne 第 1 次 等待 3 秒
2024-08-19 13:18:21 查询号码 【1350022】，返回信息 {"status":"ok","msg":"广东-广州","gid":"48997","time_insert":"2021-04-10 23:22","time_update":"2021-04-28 20:58"}
2024-08-19 13:18:21 查询号码 【1350022】，GSD为【"广东-广州"】

2024-08-19 13:18:22 开始第 24 次操作

2024-08-19 13:18:22 开始操作号码 【1350023】
2024-08-19 13:18:30 GSD getOne 第 1 次 等待 3 秒
2024-08-19 13:18:33 查询号码 【1350023】，返回信息 {"status":"ok","msg":"广东-江门","gid":"4991","time_insert":"2017-08-14 18:32","time_update":"2020-09-25 22:34"}
2024-08-19 13:18:33 查询号码 【1350023】，GSD为【"广东-江门"】

