2024-02-18 00:20:04 开始第 4237 次操作

2024-02-18 00:20:04 开始操作号码 【1684149】
2024-02-18 00:20:10 GSD getOne 第 1 次 等待 3 秒
2024-02-18 00:20:13 查询号码 【1684149】，返回信息 {"status":"ok","msg":"-","gid":"603455","time_insert":"2023-03-20 20:21"}
2024-02-18 00:20:13 查询号码 【1684149】，GSD为【"-"】
2024-02-18 00:20:13 ok && -
2024-02-18 00:20:16 CHB 1684149?1708186813 第 1 次 等待 3 秒
2024-02-18 00:20:19 CHB 1684149?1708186813 第 1 次 获取到号码【1684149】GSD
2024-02-18 00:20:19 未获取到号码【1684149】GSD，可能号码格式错误
2024-02-18 00:20:19 获取到号码【1684149】的GSD为【-】
2024-02-18 00:20:24 GSD insert 第 1 次 等待 3 秒
2024-02-18 00:20:27 {"status":"bad","gid":"603455","msg":"添加失败！号码【1684149(-|-)】已存在！"}
2024-02-18 00:20:27 随机等待 141 秒，约 2 分钟
2024-02-18 00:20:27 下次操作: 2024-02-18 00:22:48

2024-02-18 00:22:48 开始第 4238 次操作

2024-02-18 00:22:48 开始操作号码 【1684150】
2024-02-18 00:22:54 GSD getOne 第 1 次 等待 3 秒
2024-02-18 00:22:57 查询号码 【1684150】，返回信息 {"status":"ok","msg":"-","gid":"603476","time_insert":"2023-03-20 20:33"}
2024-02-18 00:22:57 查询号码 【1684150】，GSD为【"-"】
2024-02-18 00:22:57 ok && -
2024-02-18 00:22:59 CHB 1684150?1708186977 第 1 次 等待 3 秒
2024-02-18 00:23:02 CHB 1684150?1708186977 第 1 次 获取到号码【1684150】GSD
2024-02-18 00:23:02 未获取到号码【1684150】GSD，可能号码格式错误
2024-02-18 00:23:02 获取到号码【1684150】的GSD为【-】
2024-02-18 00:23:07 GSD insert 第 1 次 等待 3 秒
2024-02-18 00:23:10 {"status":"bad","gid":"603476","msg":"添加失败！号码【1684150(-|-)】已存在！"}
2024-02-18 00:23:10 随机等待 162 秒，约 2 分钟
2024-02-18 00:23:10 下次操作: 2024-02-18 00:25:52

2024-02-18 00:25:52 开始第 4239 次操作

2024-02-18 00:25:52 开始操作号码 【1684151】
2024-02-18 00:25:56 GSD getOne 第 1 次 等待 3 秒
2024-02-18 00:25:59 查询号码 【1684151】，返回信息 {"status":"ok","msg":"-","gid":"603495","time_insert":"2023-03-20 20:52"}
2024-02-18 00:25:59 查询号码 【1684151】，GSD为【"-"】
2024-02-18 00:25:59 ok && -
2024-02-18 00:26:01 CHB 1684151?1708187159 第 1 次 等待 3 秒
2024-02-18 00:26:04 CHB 1684151?1708187159 第 1 次 获取到号码【1684151】GSD
2024-02-18 00:26:04 未获取到号码【1684151】GSD，可能号码格式错误
2024-02-18 00:26:04 获取到号码【1684151】的GSD为【-】
2024-02-18 00:26:08 GSD insert 第 1 次 等待 3 秒
2024-02-18 00:26:11 {"status":"bad","gid":"603495","msg":"添加失败！号码【1684151(-|-)】已存在！"}
2024-02-18 00:26:11 随机等待 133 秒，约 2 分钟
2024-02-18 00:26:11 下次操作: 2024-02-18 00:28:24

2024-02-18 00:28:24 开始第 4240 次操作

2024-02-18 00:28:24 开始操作号码 【1684152】
2024-02-18 00:28:31 GSD getOne 第 1 次 等待 3 秒
2024-02-18 00:28:34 查询号码 【1684152】，返回信息 {"status":"ok","msg":"-","gid":"603519","time_insert":"2023-03-20 21:14"}
2024-02-18 00:28:34 查询号码 【1684152】，GSD为【"-"】
2024-02-18 00:28:34 ok && -
2024-02-18 00:28:38 CHB 1684152?1708187314 第 1 次 等待 3 秒
2024-02-18 00:28:41 CHB 1684152?1708187314 第 1 次 获取到号码【1684152】GSD
2024-02-18 00:28:41 未获取到号码【1684152】GSD，可能号码格式错误
2024-02-18 00:28:41 获取到号码【1684152】的GSD为【-】
2024-02-18 00:28:45 GSD insert 第 1 次 等待 3 秒
2024-02-18 00:28:48 {"status":"bad","gid":"603519","msg":"添加失败！号码【1684152(-|-)】已存在！"}

2024-02-18 00:37:44 开始第 4241 次操作

2024-02-18 00:37:44 开始操作号码 【1684153】
2024-02-18 00:37:51 GSD getOne 第 1 次 等待 3 秒
2024-02-18 00:37:54 查询号码 【1684153】，返回信息 {"status":"ok","msg":"-","gid":"603549","time_insert":"2023-03-20 21:35"}
2024-02-18 00:37:54 查询号码 【1684153】，GSD为【"-"】
2024-02-18 00:37:54 ok && -
2024-02-18 00:37:58 CHB 1684153?1708187874 第 1 次 等待 3 秒
2024-02-18 00:38:01 CHB 1684153?1708187874 第 1 次 获取到号码【1684153】GSD
2024-02-18 00:38:01 未获取到号码【1684153】GSD，可能号码格式错误
2024-02-18 00:38:01 获取到号码【1684153】的GSD为【-】
2024-02-18 00:38:05 GSD insert 第 1 次 等待 3 秒
2024-02-18 00:38:08 {"status":"bad","gid":"603549","msg":"添加失败！号码【1684153(-|-)】已存在！"}
2024-02-18 00:38:08 随机等待 74 秒，约 1 分钟
2024-02-18 00:38:08 下次操作: 2024-02-18 00:39:22

2024-02-18 00:39:22 开始第 4242 次操作

2024-02-18 00:39:22 开始操作号码 【1684154】
2024-02-18 00:39:27 GSD getOne 第 1 次 等待 3 秒
2024-02-18 00:39:30 查询号码 【1684154】，返回信息 {"status":"ok","msg":"-","gid":"603568","time_insert":"2023-03-20 21:46"}
2024-02-18 00:39:30 查询号码 【1684154】，GSD为【"-"】
2024-02-18 00:39:30 ok && -
2024-02-18 00:39:33 CHB 1684154?1708187970 第 1 次 等待 3 秒
2024-02-18 00:39:36 CHB 1684154?1708187970 第 1 次 获取到号码【1684154】GSD
2024-02-18 00:39:36 未获取到号码【1684154】GSD，可能号码格式错误
2024-02-18 00:39:36 获取到号码【1684154】的GSD为【-】
2024-02-18 00:39:41 GSD insert 第 1 次 等待 3 秒
2024-02-18 00:39:44 {"status":"bad","gid":"603568","msg":"添加失败！号码【1684154(-|-)】已存在！"}
2024-02-18 00:39:44 随机等待 66 秒，约 1 分钟
2024-02-18 00:39:44 下次操作: 2024-02-18 00:40:50

2024-02-18 00:40:50 开始第 4243 次操作

2024-02-18 00:40:50 开始操作号码 【1684155】
2024-02-18 00:40:56 GSD getOne 第 1 次 等待 3 秒
2024-02-18 00:40:59 查询号码 【1684155】，返回信息 {"status":"ok","msg":"-","gid":"603596","time_insert":"2023-03-20 22:01"}
2024-02-18 00:40:59 查询号码 【1684155】，GSD为【"-"】
2024-02-18 00:40:59 ok && -
2024-02-18 00:41:02 CHB 1684155?1708188059 第 1 次 等待 3 秒
2024-02-18 00:41:05 CHB 1684155?1708188059 第 1 次 获取到号码【1684155】GSD
2024-02-18 00:41:05 未获取到号码【1684155】GSD，可能号码格式错误
2024-02-18 00:41:05 获取到号码【1684155】的GSD为【-】
2024-02-18 00:41:09 GSD insert 第 1 次 等待 3 秒
2024-02-18 00:41:12 {"status":"bad","gid":"603596","msg":"添加失败！号码【1684155(-|-)】已存在！"}
2024-02-18 00:41:12 随机等待 84 秒，约 1 分钟
2024-02-18 00:41:12 下次操作: 2024-02-18 00:42:36

2024-02-18 00:42:36 开始第 4244 次操作

2024-02-18 00:42:36 开始操作号码 【1684156】
2024-02-18 00:42:41 GSD getOne 第 1 次 等待 3 秒
2024-02-18 00:42:44 查询号码 【1684156】，返回信息 {"status":"ok","msg":"-","gid":"603626","time_insert":"2023-03-20 22:21"}
2024-02-18 00:42:44 查询号码 【1684156】，GSD为【"-"】
2024-02-18 00:42:44 ok && -
2024-02-18 00:42:47 CHB 1684156?1708188164 第 1 次 等待 3 秒
2024-02-18 00:42:50 CHB 1684156?1708188164 第 1 次 获取到号码【1684156】GSD
2024-02-18 00:42:50 未获取到号码【1684156】GSD，可能号码格式错误
2024-02-18 00:42:50 获取到号码【1684156】的GSD为【-】
2024-02-18 00:42:54 GSD insert 第 1 次 等待 3 秒
2024-02-18 00:42:57 {"status":"bad","gid":"603626","msg":"添加失败！号码【1684156(-|-)】已存在！"}

