2024-04-30 00:21:42 开始第 6197 次操作

2024-04-30 00:21:42 开始操作号码 【1576110】
2024-04-30 00:21:48 GSD getOne 第 1 次 等待 3 秒
2024-04-30 00:21:51 查询号码 【1576110】，返回信息 {"status":"ok","msg":"贵州-遵义","gid":"413162","time_insert":"2021-07-27 13:14"}
2024-04-30 00:21:51 查询号码 【1576110】，GSD为【"贵州-遵义"】

2024-04-30 00:21:52 开始第 6198 次操作

2024-04-30 00:21:52 开始操作号码 【1576111】
2024-04-30 00:21:57 GSD getOne 第 1 次 等待 3 秒
2024-04-30 00:22:00 查询号码 【1576111】，返回信息 {"status":"ok","msg":"贵州-遵义","gid":"413154","time_insert":"2021-07-27 13:13"}
2024-04-30 00:22:00 查询号码 【1576111】，GSD为【"贵州-遵义"】

2024-04-30 00:22:01 开始第 6199 次操作

2024-04-30 00:22:01 开始操作号码 【1576112】
2024-04-30 00:22:10 GSD getOne 第 1 次 等待 3 秒
2024-04-30 00:22:13 查询号码 【1576112】，返回信息 {"status":"ok","msg":"贵州-遵义","gid":"413148","time_insert":"2021-07-27 13:13"}
2024-04-30 00:22:13 查询号码 【1576112】，GSD为【"贵州-遵义"】

2024-04-30 00:22:14 开始第 6200 次操作

2024-04-30 00:22:14 开始操作号码 【1576113】
2024-04-30 00:22:27 GSD getOne 第 1 次 等待 3 秒
2024-04-30 00:22:30 查询号码 【1576113】，返回信息 {"status":"ok","msg":"贵州-遵义","gid":"413140","time_insert":"2021-07-27 13:12"}
2024-04-30 00:22:30 查询号码 【1576113】，GSD为【"贵州-遵义"】

2024-04-30 00:39:04 开始第 6201 次操作

2024-04-30 00:39:04 开始操作号码 【1576114】
2024-04-30 00:39:13 GSD getOne 第 1 次 等待 3 秒
2024-04-30 00:39:16 查询号码 【1576114】，返回信息 {"status":"ok","msg":"贵州-遵义","gid":"413128","time_insert":"2021-07-27 13:11"}
2024-04-30 00:39:16 查询号码 【1576114】，GSD为【"贵州-遵义"】

2024-04-30 00:39:17 开始第 6202 次操作

2024-04-30 00:39:17 开始操作号码 【1576115】
2024-04-30 00:39:24 GSD getOne 第 1 次 等待 3 秒
2024-04-30 00:39:27 查询号码 【1576115】，返回信息 {"status":"ok","msg":"贵州-遵义","gid":"413118","time_insert":"2021-07-27 13:10"}
2024-04-30 00:39:27 查询号码 【1576115】，GSD为【"贵州-遵义"】

2024-04-30 00:39:28 开始第 6203 次操作

2024-04-30 00:39:28 开始操作号码 【1576116】
2024-04-30 00:39:34 GSD getOne 第 1 次 等待 3 秒
2024-04-30 00:39:37 查询号码 【1576116】，返回信息 {"status":"ok","msg":"贵州-安顺","gid":"413105","time_insert":"2021-07-27 13:09"}
2024-04-30 00:39:37 查询号码 【1576116】，GSD为【"贵州-安顺"】

2024-04-30 00:39:38 开始第 6204 次操作

2024-04-30 00:39:38 开始操作号码 【1576117】
2024-04-30 00:39:45 GSD getOne 第 1 次 等待 3 秒
2024-04-30 00:39:48 查询号码 【1576117】，返回信息 {"status":"ok","msg":"贵州-安顺","gid":"413094","time_insert":"2021-07-27 13:08"}
2024-04-30 00:39:48 查询号码 【1576117】，GSD为【"贵州-安顺"】

