2024-03-29 00:20:47 开始第 693 次操作

2024-03-29 00:20:47 开始操作号码 【1570606】
2024-03-29 00:20:54 GSD getOne 第 1 次 等待 3 秒
2024-03-29 00:20:57 查询号码 【1570606】，返回信息 {"status":"ok","msg":"陕西-渭南","gid":"92944","time_insert":"2021-06-12 12:50"}
2024-03-29 00:20:57 查询号码 【1570606】，GSD为【"陕西-渭南"】

2024-03-29 00:20:58 开始第 694 次操作

2024-03-29 00:20:58 开始操作号码 【1570607】
2024-03-29 00:21:09 GSD getOne 第 1 次 等待 3 秒
2024-03-29 00:21:12 查询号码 【1570607】，返回信息 {"status":"ok","msg":"陕西-渭南","gid":"92966","time_insert":"2021-06-12 13:08"}
2024-03-29 00:21:12 查询号码 【1570607】，GSD为【"陕西-渭南"】

2024-03-29 00:21:13 开始第 695 次操作

2024-03-29 00:21:13 开始操作号码 【1570608】
2024-03-29 00:21:18 GSD getOne 第 1 次 等待 3 秒
2024-03-29 00:21:21 查询号码 【1570608】，返回信息 {"status":"ok","msg":"陕西-渭南","gid":"92987","time_insert":"2021-06-12 13:26"}
2024-03-29 00:21:21 查询号码 【1570608】，GSD为【"陕西-渭南"】

2024-03-29 00:21:22 开始第 696 次操作

2024-03-29 00:21:22 开始操作号码 【1570609】
2024-03-29 00:21:27 GSD getOne 第 1 次 等待 3 秒
2024-03-29 00:21:30 查询号码 【1570609】，返回信息 {"status":"ok","msg":"陕西-渭南","gid":"93006","time_insert":"2021-06-12 13:42"}
2024-03-29 00:21:30 查询号码 【1570609】，GSD为【"陕西-渭南"】

