2024-08-20 00:22:23 开始第 105 次操作

2024-08-20 00:22:23 开始操作号码 【1350104】
2024-08-20 00:22:31 GSD getOne 第 1 次 等待 3 秒
2024-08-20 00:22:34 查询号码 【1350104】，返回信息 {"status":"ok","msg":"北京-北京","gid":"49487","time_insert":"2021-04-19 13:31"}
2024-08-20 00:22:34 查询号码 【1350104】，GSD为【"北京-北京"】

2024-08-20 00:22:35 开始第 106 次操作

2024-08-20 00:22:35 开始操作号码 【1350105】
2024-08-20 00:22:43 GSD getOne 第 1 次 等待 3 秒
2024-08-20 00:22:46 查询号码 【1350105】，返回信息 {"status":"ok","msg":"北京-北京","gid":"49491","time_insert":"2021-04-19 14:38"}
2024-08-20 00:22:46 查询号码 【1350105】，GSD为【"北京-北京"】

2024-08-20 00:22:47 开始第 107 次操作

2024-08-20 00:22:47 开始操作号码 【1350106】
2024-08-20 00:22:58 GSD getOne 第 1 次 等待 3 秒
2024-08-20 00:23:01 查询号码 【1350106】，返回信息 {"status":"ok","msg":"北京-北京","gid":"49494","time_insert":"2021-04-19 15:29"}
2024-08-20 00:23:01 查询号码 【1350106】，GSD为【"北京-北京"】

2024-08-20 00:23:02 开始第 108 次操作

2024-08-20 00:23:02 开始操作号码 【1350107】
2024-08-20 00:23:10 GSD getOne 第 1 次 等待 3 秒
2024-08-20 00:23:13 查询号码 【1350107】，返回信息 {"status":"ok","msg":"北京-北京","gid":"49500","time_insert":"2021-04-19 17:22"}
2024-08-20 00:23:13 查询号码 【1350107】，GSD为【"北京-北京"】

