2024-09-20 00:24:42 开始第 5457 次操作

2024-09-20 00:24:42 开始操作号码 【1355456】
2024-09-20 00:24:47 GSD getOne 第 1 次 等待 3 秒
2024-09-20 00:24:50 查询号码 【1355456】，返回信息 {"status":"ok","msg":"湖北-荆州","gid":"206559","time_insert":"2021-07-06 14:44","time_update":"2021-07-07 10:59"}
2024-09-20 00:24:50 查询号码 【1355456】，GSD为【"湖北-荆州"】

2024-09-20 00:24:51 开始第 5458 次操作

2024-09-20 00:24:51 开始操作号码 【1355457】
2024-09-20 00:24:56 GSD getOne 第 1 次 等待 3 秒
2024-09-20 00:24:59 查询号码 【1355457】，返回信息 {"status":"ok","msg":"湖北-荆州","gid":"206616","time_insert":"2021-07-06 14:56"}
2024-09-20 00:24:59 查询号码 【1355457】，GSD为【"湖北-荆州"】

2024-09-20 00:25:00 开始第 5459 次操作

2024-09-20 00:25:00 开始操作号码 【1355458】
2024-09-20 00:25:02 GSD getOne 第 1 次 等待 3 秒
2024-09-20 00:25:05 查询号码 【1355458】，返回信息 {"status":"ok","msg":"湖北-荆州","gid":"206762","time_insert":"2021-07-06 15:08"}
2024-09-20 00:25:06 查询号码 【1355458】，GSD为【"湖北-荆州"】

2024-09-20 00:25:07 开始第 5460 次操作

2024-09-20 00:25:07 开始操作号码 【1355459】
2024-09-20 00:25:10 GSD getOne 第 1 次 等待 3 秒
2024-09-20 00:25:13 查询号码 【1355459】，返回信息 {"status":"ok","msg":"湖北-荆州","gid":"206829","time_insert":"2021-07-06 15:21"}
2024-09-20 00:25:13 查询号码 【1355459】，GSD为【"湖北-荆州"】

2024-09-20 00:44:48 开始第 5461 次操作

2024-09-20 00:44:48 开始操作号码 【1355460】
2024-09-20 00:44:50 GSD getOne 第 1 次 等待 3 秒
2024-09-20 00:44:53 查询号码 【1355460】，返回信息 {"status":"ok","msg":"湖北-荆州","gid":"206892","time_insert":"2021-07-06 15:36"}
2024-09-20 00:44:53 查询号码 【1355460】，GSD为【"湖北-荆州"】

2024-09-20 00:44:54 开始第 5462 次操作

2024-09-20 00:44:54 开始操作号码 【1355461】
2024-09-20 00:44:58 GSD getOne 第 1 次 等待 3 秒
2024-09-20 00:45:01 查询号码 【1355461】，返回信息 {"status":"ok","msg":"湖北-荆州","gid":"207098","time_insert":"2021-07-06 15:48","time_update":"2021-07-07 11:32"}
2024-09-20 00:45:01 查询号码 【1355461】，GSD为【"湖北-荆州"】

2024-09-20 00:45:02 开始第 5463 次操作

2024-09-20 00:45:02 开始操作号码 【1355462】
2024-09-20 00:45:04 GSD getOne 第 1 次 等待 3 秒
2024-09-20 00:45:07 查询号码 【1355462】，返回信息 {"status":"ok","msg":"湖北-武汉","gid":"6388","time_insert":"2018-01-10 16:04","time_update":"2020-09-15 10:41"}
2024-09-20 00:45:07 查询号码 【1355462】，GSD为【"湖北-武汉"】

2024-09-20 00:45:08 开始第 5464 次操作

2024-09-20 00:45:08 开始操作号码 【1355463】
2024-09-20 00:45:11 GSD getOne 第 1 次 等待 3 秒
2024-09-20 00:45:14 查询号码 【1355463】，返回信息 {"status":"ok","msg":"湖北-武汉","gid":"207168","time_insert":"2021-07-06 16:03"}
2024-09-20 00:45:14 查询号码 【1355463】，GSD为【"湖北-武汉"】

