2024-03-11 00:19:55 开始第 8113 次操作

2024-03-11 00:19:55 开始操作号码 【1688025】
2024-03-11 00:20:02 GSD getOne 第 1 次 等待 3 秒
2024-03-11 00:20:05 查询号码 【1688025】，返回信息 {"status":"ok","msg":"-","gid":"668397","time_insert":"2023-04-21 10:11"}
2024-03-11 00:20:05 查询号码 【1688025】，GSD为【"-"】
2024-03-11 00:20:05 ok && -
2024-03-11 00:20:07 CHB 1688025?1710087605 第 1 次 等待 3 秒
2024-03-11 00:20:10 CHB 1688025?1710087605 第 1 次 获取到号码【1688025】GSD
2024-03-11 00:20:10 未获取到号码【1688025】GSD，可能号码格式错误
2024-03-11 00:20:10 获取到号码【1688025】的GSD为【-】
2024-03-11 00:20:15 GSD insert 第 1 次 等待 3 秒
2024-03-11 00:20:18 {"status":"bad","gid":"668397","msg":"添加失败！号码【1688025(-|-)】已存在！"}
2024-03-11 00:20:18 随机等待 131 秒，约 2 分钟
2024-03-11 00:20:18 下次操作: 2024-03-11 00:22:29

2024-03-11 00:22:29 开始第 8114 次操作

2024-03-11 00:22:29 开始操作号码 【1688026】
2024-03-11 00:22:34 GSD getOne 第 1 次 等待 3 秒
2024-03-11 00:22:37 查询号码 【1688026】，返回信息 {"status":"ok","msg":"-","gid":"668394","time_insert":"2023-04-21 10:09"}
2024-03-11 00:22:37 查询号码 【1688026】，GSD为【"-"】
2024-03-11 00:22:37 ok && -
2024-03-11 00:22:39 CHB 1688026?1710087757 第 1 次 等待 3 秒
2024-03-11 00:22:42 CHB 1688026?1710087757 第 1 次 获取到号码【1688026】GSD
2024-03-11 00:22:42 未获取到号码【1688026】GSD，可能号码格式错误
2024-03-11 00:22:42 获取到号码【1688026】的GSD为【-】
2024-03-11 00:22:46 GSD insert 第 1 次 等待 3 秒
2024-03-11 00:22:49 {"status":"bad","gid":"668394","msg":"添加失败！号码【1688026(-|-)】已存在！"}
2024-03-11 00:22:49 随机等待 146 秒，约 2 分钟
2024-03-11 00:22:49 下次操作: 2024-03-11 00:25:15

2024-03-11 00:25:15 开始第 8115 次操作

2024-03-11 00:25:15 开始操作号码 【1688027】
2024-03-11 00:25:21 GSD getOne 第 1 次 等待 3 秒
2024-03-11 00:25:24 查询号码 【1688027】，返回信息 {"status":"ok","msg":"-","gid":"668391","time_insert":"2023-04-21 10:06"}
2024-03-11 00:25:24 查询号码 【1688027】，GSD为【"-"】
2024-03-11 00:25:24 ok && -
2024-03-11 00:25:26 CHB 1688027?1710087924 第 1 次 等待 3 秒
2024-03-11 00:25:29 CHB 1688027?1710087924 第 1 次 获取到号码【1688027】GSD
2024-03-11 00:25:29 未获取到号码【1688027】GSD，可能号码格式错误
2024-03-11 00:25:29 获取到号码【1688027】的GSD为【-】
2024-03-11 00:25:34 GSD insert 第 1 次 等待 3 秒
2024-03-11 00:25:37 {"status":"bad","gid":"668391","msg":"添加失败！号码【1688027(-|-)】已存在！"}
2024-03-11 00:25:37 随机等待 119 秒，约 1 分钟
2024-03-11 00:25:37 下次操作: 2024-03-11 00:27:36

2024-03-11 00:27:36 开始第 8116 次操作

2024-03-11 00:27:36 开始操作号码 【1688028】
2024-03-11 00:27:40 GSD getOne 第 1 次 等待 3 秒
2024-03-11 00:27:43 查询号码 【1688028】，返回信息 {"status":"ok","msg":"-","gid":"668327","time_insert":"2023-04-21 09:06"}
2024-03-11 00:27:43 查询号码 【1688028】，GSD为【"-"】
2024-03-11 00:27:43 ok && -
2024-03-11 00:27:45 CHB 1688028?1710088063 第 1 次 等待 3 秒
2024-03-11 00:27:48 CHB 1688028?1710088063 第 1 次 获取到号码【1688028】GSD
2024-03-11 00:27:48 未获取到号码【1688028】GSD，可能号码格式错误
2024-03-11 00:27:48 获取到号码【1688028】的GSD为【-】
2024-03-11 00:27:53 GSD insert 第 1 次 等待 3 秒
2024-03-11 00:27:56 {"status":"bad","gid":"668327","msg":"添加失败！号码【1688028(-|-)】已存在！"}

