2024-01-27 00:21:01 开始第 313 次操作

2024-01-27 00:21:01 开始操作号码 【1680225】
2024-01-27 00:21:27 GSD getOne 第 1 次 等待 3 秒
2024-01-27 00:21:30 查询号码 【1680225】，返回信息 {"status":"ok","msg":"-","gid":"523814","time_insert":"2023-02-10 00:55"}
2024-01-27 00:21:30 查询号码 【1680225】，GSD为【"-"】
2024-01-27 00:21:30 ok && -
2024-01-27 00:21:32 CHB 1680225?1706286090 第 1 次 等待 3 秒
2024-01-27 00:21:35 CHB 1680225?1706286090 第 1 次 获取到号码【1680225】GSD
2024-01-27 00:21:35 未获取到号码【1680225】GSD，可能号码格式错误
2024-01-27 00:21:35 获取到号码【1680225】的GSD为【-】
2024-01-27 00:21:59 GSD insert 第 1 次 等待 3 秒
2024-01-27 00:22:02 {"status":"bad","gid":"523814","msg":"添加失败！号码【1680225(-|-)】已存在！"}
2024-01-27 00:22:02 随机等待 91 秒，约 1 分钟
2024-01-27 00:22:02 下次操作: 2024-01-27 00:23:33

2024-01-27 00:23:33 开始第 314 次操作

2024-01-27 00:23:33 开始操作号码 【1680226】
2024-01-27 00:23:57 GSD getOne 第 1 次 等待 3 秒
2024-01-27 00:24:00 查询号码 【1680226】，返回信息 {"status":"ok","msg":"-","gid":"523825","time_insert":"2023-02-10 01:06"}
2024-01-27 00:24:00 查询号码 【1680226】，GSD为【"-"】
2024-01-27 00:24:00 ok && -
2024-01-27 00:24:02 CHB 1680226?1706286240 第 1 次 等待 3 秒
2024-01-27 00:24:05 CHB 1680226?1706286240 第 1 次 获取到号码【1680226】GSD
2024-01-27 00:24:05 未获取到号码【1680226】GSD，可能号码格式错误
2024-01-27 00:24:05 获取到号码【1680226】的GSD为【-】
2024-01-27 00:24:29 GSD insert 第 1 次 等待 3 秒
2024-01-27 00:24:32 {"status":"bad","gid":"523825","msg":"添加失败！号码【1680226(-|-)】已存在！"}
2024-01-27 00:24:32 随机等待 169 秒，约 2 分钟
2024-01-27 00:24:32 下次操作: 2024-01-27 00:27:21

2024-01-27 00:27:21 开始第 315 次操作

2024-01-27 00:27:21 开始操作号码 【1680227】
2024-01-27 00:27:44 GSD getOne 第 1 次 等待 3 秒
2024-01-27 00:27:47 查询号码 【1680227】，返回信息 {"status":"ok","msg":"-","gid":"523838","time_insert":"2023-02-10 01:17"}
2024-01-27 00:27:47 查询号码 【1680227】，GSD为【"-"】
2024-01-27 00:27:47 ok && -
2024-01-27 00:27:49 CHB 1680227?1706286467 第 1 次 等待 3 秒
2024-01-27 00:27:52 CHB 1680227?1706286467 第 1 次 获取到号码【1680227】GSD
2024-01-27 00:27:52 未获取到号码【1680227】GSD，可能号码格式错误
2024-01-27 00:27:52 获取到号码【1680227】的GSD为【-】
2024-01-27 00:28:15 GSD insert 第 1 次 等待 3 秒
2024-01-27 00:28:18 {"status":"bad","gid":"523838","msg":"添加失败！号码【1680227(-|-)】已存在！"}
2024-01-27 00:28:18 随机等待 141 秒，约 2 分钟
2024-01-27 00:28:18 下次操作: 2024-01-27 00:30:39

2024-01-27 00:30:39 开始第 316 次操作

2024-01-27 00:30:39 开始操作号码 【1680228】
2024-01-27 00:31:02 GSD getOne 第 1 次 等待 3 秒
2024-01-27 00:31:05 查询号码 【1680228】，返回信息 {"status":"ok","msg":"-","gid":"523845","time_insert":"2023-02-10 01:27"}
2024-01-27 00:31:05 查询号码 【1680228】，GSD为【"-"】
2024-01-27 00:31:05 ok && -
2024-01-27 00:31:07 CHB 1680228?1706286665 第 1 次 等待 3 秒
2024-01-27 00:31:10 CHB 1680228?1706286665 第 1 次 获取到号码【1680228】GSD
2024-01-27 00:31:10 未获取到号码【1680228】GSD，可能号码格式错误
2024-01-27 00:31:10 获取到号码【1680228】的GSD为【-】
2024-01-27 00:31:33 GSD insert 第 1 次 等待 3 秒
2024-01-27 00:31:36 {"status":"bad","gid":"523845","msg":"添加失败！号码【1680228(-|-)】已存在！"}

2024-01-27 00:38:28 开始第 317 次操作

2024-01-27 00:38:28 开始操作号码 【1680229】
2024-01-27 00:38:52 GSD getOne 第 1 次 等待 3 秒
2024-01-27 00:38:55 查询号码 【1680229】，返回信息 {"status":"ok","msg":"-","gid":"523858","time_insert":"2023-02-10 01:38"}
2024-01-27 00:38:55 查询号码 【1680229】，GSD为【"-"】
2024-01-27 00:38:55 ok && -
2024-01-27 00:38:58 CHB 1680229?1706287135 第 1 次 等待 3 秒
2024-01-27 00:39:01 CHB 1680229?1706287135 第 1 次 获取到号码【1680229】GSD
2024-01-27 00:39:01 未获取到号码【1680229】GSD，可能号码格式错误
2024-01-27 00:39:01 获取到号码【1680229】的GSD为【-】
2024-01-27 00:39:24 GSD insert 第 1 次 等待 3 秒
2024-01-27 00:39:27 {"status":"bad","gid":"523858","msg":"添加失败！号码【1680229(-|-)】已存在！"}
2024-01-27 00:39:27 随机等待 146 秒，约 2 分钟
2024-01-27 00:39:27 下次操作: 2024-01-27 00:41:53

2024-01-27 00:41:53 开始第 318 次操作

2024-01-27 00:41:53 开始操作号码 【1680230】
2024-01-27 00:42:17 GSD getOne 第 1 次 等待 3 秒
2024-01-27 00:42:20 查询号码 【1680230】，返回信息 {"status":"ok","msg":"-","gid":"523868","time_insert":"2023-02-10 01:49"}
2024-01-27 00:42:20 查询号码 【1680230】，GSD为【"-"】
2024-01-27 00:42:20 ok && -
2024-01-27 00:42:23 CHB 1680230?1706287340 第 1 次 等待 3 秒
2024-01-27 00:42:26 CHB 1680230?1706287340 第 1 次 获取到号码【1680230】GSD
2024-01-27 00:42:26 未获取到号码【1680230】GSD，可能号码格式错误
2024-01-27 00:42:26 获取到号码【1680230】的GSD为【-】
2024-01-27 00:42:50 GSD insert 第 1 次 等待 3 秒
2024-01-27 00:42:53 {"status":"bad","gid":"523868","msg":"添加失败！号码【1680230(-|-)】已存在！"}
2024-01-27 00:42:53 随机等待 167 秒，约 2 分钟
2024-01-27 00:42:53 下次操作: 2024-01-27 00:45:40

2024-01-27 00:45:40 开始第 319 次操作

2024-01-27 00:45:40 开始操作号码 【1680231】
2024-01-27 00:46:03 GSD getOne 第 1 次 等待 3 秒
2024-01-27 00:46:06 查询号码 【1680231】，返回信息 {"status":"ok","msg":"-","gid":"523880","time_insert":"2023-02-10 02:01"}
2024-01-27 00:46:07 查询号码 【1680231】，GSD为【"-"】
2024-01-27 00:46:07 ok && -
2024-01-27 00:46:08 CHB 1680231?1706287567 第 1 次 等待 3 秒
2024-01-27 00:46:11 CHB 1680231?1706287567 第 1 次 获取到号码【1680231】GSD
2024-01-27 00:46:11 未获取到号码【1680231】GSD，可能号码格式错误
2024-01-27 00:46:11 获取到号码【1680231】的GSD为【-】
2024-01-27 00:46:35 GSD insert 第 1 次 等待 3 秒
2024-01-27 00:46:38 {"status":"bad","gid":"523880","msg":"添加失败！号码【1680231(-|-)】已存在！"}
2024-01-27 00:46:38 随机等待 136 秒，约 2 分钟
2024-01-27 00:46:38 下次操作: 2024-01-27 00:48:54

2024-01-27 00:48:54 开始第 320 次操作

2024-01-27 00:48:54 开始操作号码 【1680232】
2024-01-27 00:49:18 GSD getOne 第 1 次 等待 3 秒
2024-01-27 00:49:21 查询号码 【1680232】，返回信息 {"status":"ok","msg":"-","gid":"523894","time_insert":"2023-02-10 02:13"}
2024-01-27 00:49:21 查询号码 【1680232】，GSD为【"-"】
2024-01-27 00:49:21 ok && -
2024-01-27 00:49:23 CHB 1680232?1706287761 第 1 次 等待 3 秒
2024-01-27 00:49:26 CHB 1680232?1706287761 第 1 次 获取到号码【1680232】GSD
2024-01-27 00:49:26 未获取到号码【1680232】GSD，可能号码格式错误
2024-01-27 00:49:26 获取到号码【1680232】的GSD为【-】
2024-01-27 00:49:50 GSD insert 第 1 次 等待 3 秒
2024-01-27 00:49:53 {"status":"bad","gid":"523894","msg":"添加失败！号码【1680232(-|-)】已存在！"}

