2023-10-03 00:21:16 开始第 1173 次操作

2023-10-03 00:21:16 开始操作号码 【1891172】
2023-10-03 00:21:20 GSD getOne 第 1 次 等待 3 秒
2023-10-03 00:21:23 查询号码 【1891172】，返回信息 {"status":"ok","msg":"北京-北京","gid":"459219","time_insert":"2021-07-31 19:01"}
2023-10-03 00:21:23 查询号码 【1891172】，GSD为【"北京-北京"】

2023-10-03 00:21:24 开始第 1174 次操作

2023-10-03 00:21:24 开始操作号码 【1891173】
2023-10-03 00:21:27 GSD getOne 第 1 次 等待 3 秒
2023-10-03 00:21:30 查询号码 【1891173】，返回信息 {"status":"ok","msg":"北京-北京","gid":"45003","time_insert":"2019-03-19 09:35","time_update":"2020-12-26 06:57"}
2023-10-03 00:21:30 查询号码 【1891173】，GSD为【"北京-北京"】

2023-10-03 00:21:31 开始第 1175 次操作

2023-10-03 00:21:31 开始操作号码 【1891174】
2023-10-03 00:21:34 GSD getOne 第 1 次 等待 3 秒
2023-10-03 00:21:37 查询号码 【1891174】，返回信息 {"status":"ok","msg":"北京-北京","gid":"459359","time_insert":"2021-07-31 19:13"}
2023-10-03 00:21:37 查询号码 【1891174】，GSD为【"北京-北京"】

2023-10-03 00:21:38 开始第 1176 次操作

2023-10-03 00:21:38 开始操作号码 【1891175】
2023-10-03 00:21:41 GSD getOne 第 1 次 等待 3 秒
2023-10-03 00:21:44 查询号码 【1891175】，返回信息 {"status":"ok","msg":"北京-北京","gid":"459384","time_insert":"2021-07-31 19:26"}
2023-10-03 00:21:44 查询号码 【1891175】，GSD为【"北京-北京"】

