2024-05-10 00:22:37 开始第 7965 次操作

2024-05-10 00:22:37 开始操作号码 【1577878】
2024-05-10 00:22:48 GSD getOne 第 1 次 等待 3 秒
2024-05-10 00:22:51 查询号码 【1577878】，返回信息 {"status":"ok","msg":"广西-贵港","gid":"393924","time_insert":"2021-07-25 21:41"}
2024-05-10 00:22:51 查询号码 【1577878】，GSD为【"广西-贵港"】

2024-05-10 00:22:52 开始第 7966 次操作

2024-05-10 00:22:52 开始操作号码 【1577879】
2024-05-10 00:23:07 GSD getOne 第 1 次 等待 3 秒
2024-05-10 00:23:10 查询号码 【1577879】，返回信息 {"status":"ok","msg":"广西-贵港","gid":"393911","time_insert":"2021-07-25 21:41"}
2024-05-10 00:23:10 查询号码 【1577879】，GSD为【"广西-贵港"】

2024-05-10 00:23:11 开始第 7967 次操作

2024-05-10 00:23:11 开始操作号码 【1577880】
2024-05-10 00:23:16 GSD getOne 第 1 次 等待 3 秒
2024-05-10 00:23:19 查询号码 【1577880】，返回信息 {"status":"ok","msg":"广西-河池","gid":"24135","time_insert":"2018-01-04 12:18","time_update":"2020-12-17 18:22"}
2024-05-10 00:23:19 查询号码 【1577880】，GSD为【"广西-河池"】

2024-05-10 00:23:20 开始第 7968 次操作

2024-05-10 00:23:20 开始操作号码 【1577881】
2024-05-10 00:23:27 GSD getOne 第 1 次 等待 3 秒
2024-05-10 00:23:30 查询号码 【1577881】，返回信息 {"status":"ok","msg":"广西-河池","gid":"393898","time_insert":"2021-07-25 21:40"}
2024-05-10 00:23:30 查询号码 【1577881】，GSD为【"广西-河池"】

