2023-12-18 00:20:54 开始第 3709 次操作

2023-12-18 00:20:54 开始操作号码 【1793623】
2023-12-18 00:20:59 GSD getOne 第 1 次 等待 3 秒
2023-12-18 00:21:02 查询号码 【1793623】，返回信息 {"status":"ok","msg":"-","gid":"630256","time_insert":"2023-04-02 17:10"}
2023-12-18 00:21:02 查询号码 【1793623】，GSD为【"-"】
2023-12-18 00:21:02 ok && -
2023-12-18 00:21:05 CHB 1793623?1702830062 第 1 次 等待 3 秒
2023-12-18 00:21:08 CHB 1793623?1702830062 第 1 次 获取到号码【1793623】GSD
2023-12-18 00:21:08 未获取到号码【1793623】GSD，可能号码格式错误
2023-12-18 00:21:08 获取到号码【1793623】的GSD为【-】
2023-12-18 00:21:14 GSD insert 第 1 次 等待 3 秒
2023-12-18 00:21:17 {"status":"bad","gid":"630256","msg":"添加失败！号码【1793623(-|-)】已存在！"}
2023-12-18 00:21:17 随机等待 161 秒，约 2 分钟
2023-12-18 00:21:17 下次操作: 2023-12-18 00:23:58

2023-12-18 00:23:58 开始第 3710 次操作

2023-12-18 00:23:58 开始操作号码 【1793624】
2023-12-18 00:24:02 GSD getOne 第 1 次 等待 3 秒
2023-12-18 00:24:05 查询号码 【1793624】，返回信息 {"status":"ok","msg":"-","gid":"630284","time_insert":"2023-04-02 17:26"}
2023-12-18 00:24:05 查询号码 【1793624】，GSD为【"-"】
2023-12-18 00:24:05 ok && -
2023-12-18 00:24:08 CHB 1793624?1702830245 第 1 次 等待 3 秒
2023-12-18 00:24:11 CHB 1793624?1702830245 第 1 次 获取到号码【1793624】GSD
2023-12-18 00:24:11 未获取到号码【1793624】GSD，可能号码格式错误
2023-12-18 00:24:11 获取到号码【1793624】的GSD为【-】
2023-12-18 00:24:15 GSD insert 第 1 次 等待 3 秒
2023-12-18 00:24:18 {"status":"bad","gid":"630284","msg":"添加失败！号码【1793624(-|-)】已存在！"}
2023-12-18 00:24:18 随机等待 67 秒，约 1 分钟
2023-12-18 00:24:18 下次操作: 2023-12-18 00:25:25

2023-12-18 00:25:25 开始第 3711 次操作

2023-12-18 00:25:25 开始操作号码 【1793625】
2023-12-18 00:25:28 GSD getOne 第 1 次 等待 3 秒
2023-12-18 00:25:31 查询号码 【1793625】，返回信息 {"status":"ok","msg":"-","gid":"630313","time_insert":"2023-04-02 17:46"}
2023-12-18 00:25:32 查询号码 【1793625】，GSD为【"-"】
2023-12-18 00:25:32 ok && -
2023-12-18 00:25:33 CHB 1793625?1702830332 第 1 次 等待 3 秒
2023-12-18 00:25:36 CHB 1793625?1702830332 第 1 次 获取到号码【1793625】GSD
2023-12-18 00:25:36 未获取到号码【1793625】GSD，可能号码格式错误
2023-12-18 00:25:36 获取到号码【1793625】的GSD为【-】
2023-12-18 00:25:50 GSD insert 第 1 次 等待 3 秒
2023-12-18 00:25:53 {"status":"bad","gid":"630313","msg":"添加失败！号码【1793625(-|-)】已存在！"}
2023-12-18 00:25:53 随机等待 206 秒，约 3 分钟
2023-12-18 00:25:53 下次操作: 2023-12-18 00:29:19

2023-12-18 00:29:19 开始第 3712 次操作

2023-12-18 00:29:19 开始操作号码 【1793626】
2023-12-18 00:29:29 GSD getOne 第 1 次 等待 3 秒
2023-12-18 00:29:32 查询号码 【1793626】，返回信息 {"status":"ok","msg":"-","gid":"630342","time_insert":"2023-04-02 18:05"}
2023-12-18 00:29:32 查询号码 【1793626】，GSD为【"-"】
2023-12-18 00:29:32 ok && -
2023-12-18 00:29:34 CHB 1793626?1702830572 第 1 次 等待 3 秒
2023-12-18 00:29:37 CHB 1793626?1702830572 第 1 次 获取到号码【1793626】GSD
2023-12-18 00:29:37 未获取到号码【1793626】GSD，可能号码格式错误
2023-12-18 00:29:37 获取到号码【1793626】的GSD为【-】
2023-12-18 00:29:41 GSD insert 第 1 次 等待 3 秒
2023-12-18 00:29:44 {"status":"bad","gid":"630342","msg":"添加失败！号码【1793626(-|-)】已存在！"}

2023-12-18 00:40:26 开始第 3713 次操作

2023-12-18 00:40:26 开始操作号码 【1793627】
2023-12-18 00:40:34 GSD getOne 第 1 次 等待 3 秒
2023-12-18 00:40:37 查询号码 【1793627】，返回信息 {"status":"ok","msg":"-","gid":"630365","time_insert":"2023-04-02 18:21"}
2023-12-18 00:40:37 查询号码 【1793627】，GSD为【"-"】
2023-12-18 00:40:37 ok && -
2023-12-18 00:40:40 CHB 1793627?1702831237 第 1 次 等待 3 秒
2023-12-18 00:40:43 CHB 1793627?1702831237 第 1 次 获取到号码【1793627】GSD
2023-12-18 00:40:43 未获取到号码【1793627】GSD，可能号码格式错误
2023-12-18 00:40:43 获取到号码【1793627】的GSD为【-】
2023-12-18 00:40:47 GSD insert 第 1 次 等待 3 秒
2023-12-18 00:40:50 {"status":"bad","gid":"630365","msg":"添加失败！号码【1793627(-|-)】已存在！"}
2023-12-18 00:40:50 随机等待 154 秒，约 2 分钟
2023-12-18 00:40:50 下次操作: 2023-12-18 00:43:24

2023-12-18 00:43:24 开始第 3714 次操作

2023-12-18 00:43:24 开始操作号码 【1793628】
2023-12-18 00:43:27 GSD getOne 第 1 次 等待 3 秒
2023-12-18 00:43:30 查询号码 【1793628】，返回信息 {"status":"ok","msg":"-","gid":"630385","time_insert":"2023-04-02 18:36"}
2023-12-18 00:43:30 查询号码 【1793628】，GSD为【"-"】
2023-12-18 00:43:30 ok && -
2023-12-18 00:43:33 CHB 1793628?1702831410 第 1 次 等待 3 秒
2023-12-18 00:43:36 CHB 1793628?1702831410 第 1 次 获取到号码【1793628】GSD
2023-12-18 00:43:36 未获取到号码【1793628】GSD，可能号码格式错误
2023-12-18 00:43:36 获取到号码【1793628】的GSD为【-】
2023-12-18 00:43:44 GSD insert 第 1 次 等待 3 秒
2023-12-18 00:43:47 {"status":"bad","gid":"630385","msg":"添加失败！号码【1793628(-|-)】已存在！"}
2023-12-18 00:43:47 随机等待 114 秒，约 1 分钟
2023-12-18 00:43:47 下次操作: 2023-12-18 00:45:41

2023-12-18 00:45:41 开始第 3715 次操作

2023-12-18 00:45:41 开始操作号码 【1793629】
2023-12-18 00:46:13 GSD getOne 第 1 次 等待 3 秒
2023-12-18 00:46:16 查询号码 【1793629】，返回信息 {"status":"ok","msg":"-","gid":"630409","time_insert":"2023-04-02 18:53"}
2023-12-18 00:46:16 查询号码 【1793629】，GSD为【"-"】
2023-12-18 00:46:16 ok && -
2023-12-18 00:46:18 CHB 1793629?1702831576 第 1 次 等待 3 秒
2023-12-18 00:46:21 CHB 1793629?1702831576 第 1 次 获取到号码【1793629】GSD
2023-12-18 00:46:21 未获取到号码【1793629】GSD，可能号码格式错误
2023-12-18 00:46:21 获取到号码【1793629】的GSD为【-】
2023-12-18 00:46:25 GSD insert 第 1 次 等待 3 秒
2023-12-18 00:46:28 {"status":"bad","gid":"630409","msg":"添加失败！号码【1793629(-|-)】已存在！"}
2023-12-18 00:46:28 随机等待 102 秒，约 1 分钟
2023-12-18 00:46:28 下次操作: 2023-12-18 00:48:10

2023-12-18 00:48:10 开始第 3716 次操作

2023-12-18 00:48:10 开始操作号码 【1793630】
2023-12-18 00:48:14 GSD getOne 第 1 次 等待 3 秒
2023-12-18 00:48:17 查询号码 【1793630】，返回信息 {"status":"ok","msg":"-","gid":"630436","time_insert":"2023-04-02 19:11"}
2023-12-18 00:48:17 查询号码 【1793630】，GSD为【"-"】
2023-12-18 00:48:17 ok && -
2023-12-18 00:48:19 CHB 1793630?1702831697 第 1 次 等待 3 秒
2023-12-18 00:48:22 CHB 1793630?1702831697 第 1 次 获取到号码【1793630】GSD
2023-12-18 00:48:22 未获取到号码【1793630】GSD，可能号码格式错误
2023-12-18 00:48:22 获取到号码【1793630】的GSD为【-】
2023-12-18 00:48:26 GSD insert 第 1 次 等待 3 秒
2023-12-18 00:48:29 {"status":"bad","gid":"630436","msg":"添加失败！号码【1793630(-|-)】已存在！"}

2023-12-18 01:14:38 开始第 3717 次操作

2023-12-18 01:14:38 开始操作号码 【1793631】
2023-12-18 01:14:42 GSD getOne 第 1 次 等待 3 秒
2023-12-18 01:14:45 查询号码 【1793631】，返回信息 {"status":"ok","msg":"-","gid":"630467","time_insert":"2023-04-02 19:29"}
2023-12-18 01:14:45 查询号码 【1793631】，GSD为【"-"】
2023-12-18 01:14:45 ok && -
2023-12-18 01:14:48 CHB 1793631?1702833285 第 1 次 等待 3 秒
2023-12-18 01:14:51 CHB 1793631?1702833285 第 1 次 获取到号码【1793631】GSD
2023-12-18 01:14:51 未获取到号码【1793631】GSD，可能号码格式错误
2023-12-18 01:14:51 获取到号码【1793631】的GSD为【-】
2023-12-18 01:14:54 GSD insert 第 1 次 等待 3 秒
2023-12-18 01:14:57 {"status":"bad","gid":"630467","msg":"添加失败！号码【1793631(-|-)】已存在！"}
2023-12-18 01:14:57 随机等待 149 秒，约 2 分钟
2023-12-18 01:14:57 下次操作: 2023-12-18 01:17:26

2023-12-18 01:17:26 开始第 3718 次操作

2023-12-18 01:17:26 开始操作号码 【1793632】
2023-12-18 01:17:30 GSD getOne 第 1 次 等待 3 秒
2023-12-18 01:17:33 查询号码 【1793632】，返回信息 {"status":"ok","msg":"-","gid":"630499","time_insert":"2023-04-02 19:48"}
2023-12-18 01:17:33 查询号码 【1793632】，GSD为【"-"】
2023-12-18 01:17:33 ok && -
2023-12-18 01:17:36 CHB 1793632?1702833453 第 1 次 等待 3 秒
2023-12-18 01:17:39 CHB 1793632?1702833453 第 1 次 获取到号码【1793632】GSD
2023-12-18 01:17:39 未获取到号码【1793632】GSD，可能号码格式错误
2023-12-18 01:17:39 获取到号码【1793632】的GSD为【-】
2023-12-18 01:17:43 GSD insert 第 1 次 等待 3 秒
2023-12-18 01:17:46 {"status":"bad","gid":"630499","msg":"添加失败！号码【1793632(-|-)】已存在！"}
2023-12-18 01:17:46 随机等待 173 秒，约 2 分钟
2023-12-18 01:17:46 下次操作: 2023-12-18 01:20:39

2023-12-18 01:20:39 开始第 3719 次操作

2023-12-18 01:20:39 开始操作号码 【1793633】
2023-12-18 01:20:43 GSD getOne 第 1 次 等待 3 秒
2023-12-18 01:20:46 查询号码 【1793633】，返回信息 {"status":"ok","msg":"-","gid":"630531","time_insert":"2023-04-02 20:06"}
2023-12-18 01:20:46 查询号码 【1793633】，GSD为【"-"】
2023-12-18 01:20:46 ok && -
2023-12-18 01:20:48 CHB 1793633?1702833646 第 1 次 等待 3 秒
2023-12-18 01:20:51 CHB 1793633?1702833646 第 1 次 获取到号码【1793633】GSD
2023-12-18 01:20:51 未获取到号码【1793633】GSD，可能号码格式错误
2023-12-18 01:20:51 获取到号码【1793633】的GSD为【-】
2023-12-18 01:20:55 GSD insert 第 1 次 等待 3 秒
2023-12-18 01:20:58 {"status":"bad","gid":"630531","msg":"添加失败！号码【1793633(-|-)】已存在！"}
2023-12-18 01:20:58 随机等待 135 秒，约 2 分钟
2023-12-18 01:20:58 下次操作: 2023-12-18 01:23:13

2023-12-18 01:23:13 开始第 3720 次操作

2023-12-18 01:23:13 开始操作号码 【1793634】
2023-12-18 01:23:17 GSD getOne 第 1 次 等待 3 秒
2023-12-18 01:23:20 查询号码 【1793634】，返回信息 {"status":"ok","msg":"-","gid":"630551","time_insert":"2023-04-02 20:24"}
2023-12-18 01:23:20 查询号码 【1793634】，GSD为【"-"】
2023-12-18 01:23:20 ok && -
2023-12-18 01:23:22 CHB 1793634?1702833800 第 1 次 等待 3 秒
2023-12-18 01:23:25 CHB 1793634?1702833800 第 1 次 获取到号码【1793634】GSD
2023-12-18 01:23:25 未获取到号码【1793634】GSD，可能号码格式错误
2023-12-18 01:23:25 获取到号码【1793634】的GSD为【-】
2023-12-18 01:23:29 GSD insert 第 1 次 等待 3 秒
2023-12-18 01:23:32 {"status":"bad","gid":"630551","msg":"添加失败！号码【1793634(-|-)】已存在！"}

2023-12-18 01:37:49 开始第 3721 次操作

2023-12-18 01:37:49 开始操作号码 【1793635】
2023-12-18 01:37:55 GSD getOne 第 1 次 等待 3 秒
2023-12-18 01:37:58 查询号码 【1793635】，返回信息 {"status":"ok","msg":"-","gid":"630571","time_insert":"2023-04-02 20:41"}
2023-12-18 01:37:58 查询号码 【1793635】，GSD为【"-"】
2023-12-18 01:37:58 ok && -
2023-12-18 01:38:00 CHB 1793635?1702834678 第 1 次 等待 3 秒
2023-12-18 01:38:03 CHB 1793635?1702834678 第 1 次 获取到号码【1793635】GSD
2023-12-18 01:38:03 未获取到号码【1793635】GSD，可能号码格式错误
2023-12-18 01:38:03 获取到号码【1793635】的GSD为【-】
2023-12-18 01:38:07 GSD insert 第 1 次 等待 3 秒
2023-12-18 01:38:10 {"status":"bad","gid":"630571","msg":"添加失败！号码【1793635(-|-)】已存在！"}
2023-12-18 01:38:10 随机等待 193 秒，约 3 分钟
2023-12-18 01:38:10 下次操作: 2023-12-18 01:41:23

2023-12-18 01:41:23 开始第 3722 次操作

2023-12-18 01:41:23 开始操作号码 【1793636】
2023-12-18 01:41:27 GSD getOne 第 1 次 等待 3 秒
2023-12-18 01:41:30 查询号码 【1793636】，返回信息 {"status":"ok","msg":"-","gid":"630595","time_insert":"2023-04-02 21:00"}
2023-12-18 01:41:30 查询号码 【1793636】，GSD为【"-"】
2023-12-18 01:41:30 ok && -
2023-12-18 01:41:33 CHB 1793636?1702834890 第 1 次 等待 3 秒
2023-12-18 01:41:36 CHB 1793636?1702834890 第 1 次 获取到号码【1793636】GSD
2023-12-18 01:41:36 未获取到号码【1793636】GSD，可能号码格式错误
2023-12-18 01:41:36 获取到号码【1793636】的GSD为【-】
2023-12-18 01:41:40 GSD insert 第 1 次 等待 3 秒
2023-12-18 01:41:43 {"status":"bad","gid":"630595","msg":"添加失败！号码【1793636(-|-)】已存在！"}
2023-12-18 01:41:43 随机等待 173 秒，约 2 分钟
2023-12-18 01:41:43 下次操作: 2023-12-18 01:44:36

2023-12-18 01:44:36 开始第 3723 次操作

2023-12-18 01:44:36 开始操作号码 【1793637】
2023-12-18 01:44:40 GSD getOne 第 1 次 等待 3 秒
2023-12-18 01:44:43 查询号码 【1793637】，返回信息 {"status":"ok","msg":"-","gid":"630622","time_insert":"2023-04-02 21:20"}
2023-12-18 01:44:43 查询号码 【1793637】，GSD为【"-"】
2023-12-18 01:44:43 ok && -
2023-12-18 01:44:45 CHB 1793637?1702835083 第 1 次 等待 3 秒
2023-12-18 01:44:48 CHB 1793637?1702835083 第 1 次 获取到号码【1793637】GSD
2023-12-18 01:44:48 未获取到号码【1793637】GSD，可能号码格式错误
2023-12-18 01:44:48 获取到号码【1793637】的GSD为【-】
2023-12-18 01:44:52 GSD insert 第 1 次 等待 3 秒
2023-12-18 01:44:55 {"status":"bad","gid":"630622","msg":"添加失败！号码【1793637(-|-)】已存在！"}
2023-12-18 01:44:55 随机等待 198 秒，约 3 分钟
2023-12-18 01:44:55 下次操作: 2023-12-18 01:48:13

2023-12-18 01:48:13 开始第 3724 次操作

2023-12-18 01:48:13 开始操作号码 【1793638】
2023-12-18 01:48:17 GSD getOne 第 1 次 等待 3 秒
2023-12-18 01:48:20 查询号码 【1793638】，返回信息 {"status":"ok","msg":"-","gid":"630649","time_insert":"2023-04-02 21:37"}
2023-12-18 01:48:20 查询号码 【1793638】，GSD为【"-"】
2023-12-18 01:48:20 ok && -
2023-12-18 01:48:23 CHB 1793638?1702835300 第 1 次 等待 3 秒
2023-12-18 01:48:26 CHB 1793638?1702835300 第 1 次 获取到号码【1793638】GSD
2023-12-18 01:48:26 未获取到号码【1793638】GSD，可能号码格式错误
2023-12-18 01:48:26 获取到号码【1793638】的GSD为【-】
2023-12-18 01:48:30 GSD insert 第 1 次 等待 3 秒
2023-12-18 01:48:33 {"status":"bad","gid":"630649","msg":"添加失败！号码【1793638(-|-)】已存在！"}

