2024-06-22 00:22:36 开始第 1965 次操作

2024-06-22 00:22:36 开始操作号码 【1461871】
2024-06-22 00:22:51 GSD getOne 第 1 次 等待 3 秒
2024-06-22 00:22:54 查询号码 【1461871】，返回信息 {"status":"ok","msg":"江苏-南京","gid":"111454","time_insert":"2021-06-21 21:45"}
2024-06-22 00:22:54 查询号码 【1461871】，GSD为【"江苏-南京"】

2024-06-22 00:22:55 开始第 1966 次操作

2024-06-22 00:22:55 开始操作号码 【1461872】
2024-06-22 00:23:11 GSD getOne 第 1 次 等待 3 秒
2024-06-22 00:23:14 查询号码 【1461872】，返回信息 {"status":"ok","msg":"江苏-南京","gid":"111489","time_insert":"2021-06-21 22:01"}
2024-06-22 00:23:14 查询号码 【1461872】，GSD为【"江苏-南京"】

2024-06-22 00:23:15 开始第 1967 次操作

2024-06-22 00:23:15 开始操作号码 【1461873】
2024-06-22 00:23:33 GSD getOne 第 1 次 等待 3 秒
2024-06-22 00:23:36 查询号码 【1461873】，返回信息 {"status":"ok","msg":"江苏-南京","gid":"111530","time_insert":"2021-06-21 22:19"}
2024-06-22 00:23:36 查询号码 【1461873】，GSD为【"江苏-南京"】

2024-06-22 00:23:37 开始第 1968 次操作

2024-06-22 00:23:37 开始操作号码 【1461874】
2024-06-22 00:23:53 GSD getOne 第 1 次 等待 3 秒
2024-06-22 00:23:56 查询号码 【1461874】，返回信息 {"status":"ok","msg":"江苏-南京","gid":"111567","time_insert":"2021-06-21 22:44"}
2024-06-22 00:23:56 查询号码 【1461874】，GSD为【"江苏-南京"】

2024-06-22 00:40:28 开始第 1969 次操作

2024-06-22 00:40:28 开始操作号码 【1461875】
2024-06-22 00:41:02 GSD getOne 第 1 次 等待 3 秒
2024-06-22 00:41:05 查询号码 【1461875】，返回信息 {"status":"ok","msg":"江苏-南京","gid":"111627","time_insert":"2021-06-21 23:08"}
2024-06-22 00:41:05 查询号码 【1461875】，GSD为【"江苏-南京"】

2024-06-22 00:41:06 开始第 1970 次操作

2024-06-22 00:41:06 开始操作号码 【1461876】
2024-06-22 00:41:32 GSD getOne 第 1 次 等待 3 秒
2024-06-22 00:41:35 查询号码 【1461876】，返回信息 {"status":"ok","msg":"江苏-南京","gid":"111660","time_insert":"2021-06-21 23:30"}
2024-06-22 00:41:35 查询号码 【1461876】，GSD为【"江苏-南京"】

2024-06-22 00:41:36 开始第 1971 次操作

2024-06-22 00:41:36 开始操作号码 【1461877】
2024-06-22 00:41:54 GSD getOne 第 1 次 等待 3 秒
2024-06-22 00:41:57 查询号码 【1461877】，返回信息 {"status":"ok","msg":"江苏-南京","gid":"111694","time_insert":"2021-06-21 23:51"}
2024-06-22 00:41:57 查询号码 【1461877】，GSD为【"江苏-南京"】

2024-06-22 00:41:58 开始第 1972 次操作

2024-06-22 00:41:58 开始操作号码 【1461878】
2024-06-22 00:42:19 GSD getOne 第 1 次 等待 3 秒
2024-06-22 00:42:22 查询号码 【1461878】，返回信息 {"status":"ok","msg":"江苏-南京","gid":"111719","time_insert":"2021-06-22 00:07"}
2024-06-22 00:42:22 查询号码 【1461878】，GSD为【"江苏-南京"】

