2024-04-04 00:20:22 开始第 1757 次操作

2024-04-04 00:20:22 开始操作号码 【1571670】
2024-04-04 00:20:29 GSD getOne 第 1 次 等待 3 秒
2024-04-04 00:20:32 查询号码 【1571670】，返回信息 {"status":"ok","msg":"河南-开封","gid":"54704","time_insert":"2020-08-09 18:23"}
2024-04-04 00:20:32 查询号码 【1571670】，GSD为【"河南-开封"】

2024-04-04 00:20:33 开始第 1758 次操作

2024-04-04 00:20:33 开始操作号码 【1571671】
2024-04-04 00:20:39 GSD getOne 第 1 次 等待 3 秒
2024-04-04 00:20:42 查询号码 【1571671】，返回信息 {"status":"ok","msg":"河南-开封","gid":"119532","time_insert":"2021-06-23 21:18"}
2024-04-04 00:20:42 查询号码 【1571671】，GSD为【"河南-开封"】

2024-04-04 00:20:43 开始第 1759 次操作

2024-04-04 00:20:43 开始操作号码 【1571672】
2024-04-04 00:20:47 GSD getOne 第 1 次 等待 3 秒
2024-04-04 00:20:50 查询号码 【1571672】，返回信息 {"status":"ok","msg":"河南-洛阳","gid":"119628","time_insert":"2021-06-23 21:36"}
2024-04-04 00:20:50 查询号码 【1571672】，GSD为【"河南-洛阳"】

2024-04-04 00:20:51 开始第 1760 次操作

2024-04-04 00:20:51 开始操作号码 【1571673】
2024-04-04 00:20:56 GSD getOne 第 1 次 等待 3 秒
2024-04-04 00:20:59 查询号码 【1571673】，返回信息 {"status":"ok","msg":"河南-洛阳","gid":"54705","time_insert":"2020-05-05 07:52"}
2024-04-04 00:20:59 查询号码 【1571673】，GSD为【"河南-洛阳"】

2024-04-04 00:40:37 开始第 1761 次操作

2024-04-04 00:40:37 开始操作号码 【1571674】
2024-04-04 00:40:43 GSD getOne 第 1 次 等待 3 秒
2024-04-04 00:40:46 查询号码 【1571674】，返回信息 {"status":"ok","msg":"河南-周口","gid":"54706","time_insert":"2021-03-06 17:39"}
2024-04-04 00:40:46 查询号码 【1571674】，GSD为【"河南-周口"】

2024-04-04 00:40:47 开始第 1762 次操作

2024-04-04 00:40:47 开始操作号码 【1571675】
2024-04-04 00:40:54 GSD getOne 第 1 次 等待 3 秒
2024-04-04 00:40:57 查询号码 【1571675】，返回信息 {"status":"ok","msg":"河南-周口","gid":"119758","time_insert":"2021-06-23 21:55"}
2024-04-04 00:40:57 查询号码 【1571675】，GSD为【"河南-周口"】

2024-04-04 00:40:58 开始第 1763 次操作

2024-04-04 00:40:58 开始操作号码 【1571676】
2024-04-04 00:41:02 GSD getOne 第 1 次 等待 3 秒
2024-04-04 00:41:05 查询号码 【1571676】，返回信息 {"status":"ok","msg":"河南-周口","gid":"119790","time_insert":"2021-06-23 22:11"}
2024-04-04 00:41:05 查询号码 【1571676】，GSD为【"河南-周口"】

2024-04-04 00:41:06 开始第 1764 次操作

2024-04-04 00:41:06 开始操作号码 【1571677】
2024-04-04 00:41:13 GSD getOne 第 1 次 等待 3 秒
2024-04-04 00:41:16 查询号码 【1571677】，返回信息 {"status":"ok","msg":"河南-新乡","gid":"54707","time_insert":"2020-07-21 11:26"}
2024-04-04 00:41:16 查询号码 【1571677】，GSD为【"河南-新乡"】

