2024-04-14 00:21:03 开始第 3525 次操作

2024-04-14 00:21:03 开始操作号码 【1573438】
2024-04-14 00:21:07 GSD getOne 第 1 次 等待 3 秒
2024-04-14 00:21:10 查询号码 【1573438】，返回信息 {"status":"ok","msg":"吉林-白城","gid":"252736","time_insert":"2021-07-12 02:04"}
2024-04-14 00:21:10 查询号码 【1573438】，GSD为【"吉林-白城"】

2024-04-14 00:21:11 开始第 3526 次操作

2024-04-14 00:21:11 开始操作号码 【1573439】
2024-04-14 00:21:18 GSD getOne 第 1 次 等待 3 秒
2024-04-14 00:21:21 查询号码 【1573439】，返回信息 {"status":"ok","msg":"吉林-白城","gid":"252766","time_insert":"2021-07-12 02:20"}
2024-04-14 00:21:21 查询号码 【1573439】，GSD为【"吉林-白城"】

2024-04-14 00:21:22 开始第 3527 次操作

2024-04-14 00:21:22 开始操作号码 【1573440】
2024-04-14 00:21:28 GSD getOne 第 1 次 等待 3 秒
2024-04-14 00:21:31 查询号码 【1573440】，返回信息 {"status":"ok","msg":"吉林-四平","gid":"252796","time_insert":"2021-07-12 02:37"}
2024-04-14 00:21:31 查询号码 【1573440】，GSD为【"吉林-四平"】

2024-04-14 00:21:32 开始第 3528 次操作

2024-04-14 00:21:32 开始操作号码 【1573441】
2024-04-14 00:21:38 GSD getOne 第 1 次 等待 3 秒
2024-04-14 00:21:41 查询号码 【1573441】，返回信息 {"status":"ok","msg":"吉林-四平","gid":"252953","time_insert":"2021-07-12 02:55"}
2024-04-14 00:21:41 查询号码 【1573441】，GSD为【"吉林-四平"】

2024-04-14 00:37:38 开始第 3529 次操作

2024-04-14 00:37:38 开始操作号码 【1573442】
2024-04-14 00:37:45 GSD getOne 第 1 次 等待 3 秒
2024-04-14 00:37:48 查询号码 【1573442】，返回信息 {"status":"ok","msg":"吉林-四平","gid":"253103","time_insert":"2021-07-12 03:15"}
2024-04-14 00:37:48 查询号码 【1573442】，GSD为【"吉林-四平"】

2024-04-14 00:37:49 开始第 3530 次操作

2024-04-14 00:37:49 开始操作号码 【1573443】
2024-04-14 00:38:00 GSD getOne 第 1 次 等待 3 秒
2024-04-14 00:38:03 查询号码 【1573443】，返回信息 {"status":"ok","msg":"吉林-四平","gid":"253137","time_insert":"2021-07-12 03:33"}
2024-04-14 00:38:03 查询号码 【1573443】，GSD为【"吉林-四平"】

2024-04-14 00:38:04 开始第 3531 次操作

2024-04-14 00:38:04 开始操作号码 【1573444】
2024-04-14 00:38:12 GSD getOne 第 1 次 等待 3 秒
2024-04-14 00:38:15 查询号码 【1573444】，返回信息 {"status":"ok","msg":"吉林-四平","gid":"253371","time_insert":"2021-07-12 03:49"}
2024-04-14 00:38:15 查询号码 【1573444】，GSD为【"吉林-四平"】

2024-04-14 00:38:16 开始第 3532 次操作

2024-04-14 00:38:16 开始操作号码 【1573445】
2024-04-14 00:38:26 GSD getOne 第 1 次 等待 3 秒
2024-04-14 00:38:29 查询号码 【1573445】，返回信息 {"status":"ok","msg":"吉林-四平","gid":"253433","time_insert":"2021-07-12 04:07"}
2024-04-14 00:38:29 查询号码 【1573445】，GSD为【"吉林-四平"】

