2023-11-08 00:22:31 开始第 7317 次操作

2023-11-08 00:22:31 开始操作号码 【1897231】
2023-11-08 00:22:42 GSD getOne 第 1 次 等待 3 秒
2023-11-08 00:22:45 查询号码 【1897231】，返回信息 {"status":"ok","msg":"湖北-荆州","gid":"45289","time_insert":"2018-09-17 13:45","time_update":"2020-09-19 14:00"}
2023-11-08 00:22:45 查询号码 【1897231】，GSD为【"湖北-荆州"】

2023-11-08 00:22:46 开始第 7318 次操作

2023-11-08 00:22:46 开始操作号码 【1897232】
2023-11-08 00:22:53 GSD getOne 第 1 次 等待 3 秒
2023-11-08 00:22:56 查询号码 【1897232】，返回信息 {"status":"ok","msg":"湖北-荆州","gid":"452934","time_insert":"2021-07-31 05:53"}
2023-11-08 00:22:56 查询号码 【1897232】，GSD为【"湖北-荆州"】

2023-11-08 00:22:57 开始第 7319 次操作

2023-11-08 00:22:57 开始操作号码 【1897233】
2023-11-08 00:23:01 GSD getOne 第 1 次 等待 3 秒
2023-11-08 00:23:04 查询号码 【1897233】，返回信息 {"status":"ok","msg":"湖北-荆州","gid":"452925","time_insert":"2021-07-31 05:53"}
2023-11-08 00:23:04 查询号码 【1897233】，GSD为【"湖北-荆州"】

2023-11-08 00:23:05 开始第 7320 次操作

2023-11-08 00:23:05 开始操作号码 【1897234】
2023-11-08 00:23:09 GSD getOne 第 1 次 等待 3 秒
2023-11-08 00:23:12 查询号码 【1897234】，返回信息 {"status":"ok","msg":"湖北-荆州","gid":"452913","time_insert":"2021-07-31 05:52"}
2023-11-08 00:23:12 查询号码 【1897234】，GSD为【"湖北-荆州"】

2023-11-08 00:41:09 开始第 7321 次操作

2023-11-08 00:41:09 开始操作号码 【1897235】
2023-11-08 00:41:15 GSD getOne 第 1 次 等待 3 秒
2023-11-08 00:41:18 查询号码 【1897235】，返回信息 {"status":"ok","msg":"湖北-荆州","gid":"452905","time_insert":"2021-07-31 05:51"}
2023-11-08 00:41:18 查询号码 【1897235】，GSD为【"湖北-荆州"】

2023-11-08 00:41:19 开始第 7322 次操作

2023-11-08 00:41:19 开始操作号码 【1897236】
2023-11-08 00:41:23 GSD getOne 第 1 次 等待 3 秒
2023-11-08 00:41:26 查询号码 【1897236】，返回信息 {"status":"ok","msg":"湖北-荆州","gid":"452895","time_insert":"2021-07-31 05:51"}
2023-11-08 00:41:26 查询号码 【1897236】，GSD为【"湖北-荆州"】

2023-11-08 00:41:28 开始第 7323 次操作

2023-11-08 00:41:28 开始操作号码 【1897237】
2023-11-08 00:41:31 GSD getOne 第 1 次 等待 3 秒
2023-11-08 00:41:34 查询号码 【1897237】，返回信息 {"status":"ok","msg":"湖北-荆州","gid":"452884","time_insert":"2021-07-31 05:50"}
2023-11-08 00:41:35 查询号码 【1897237】，GSD为【"湖北-荆州"】

2023-11-08 00:41:36 开始第 7324 次操作

2023-11-08 00:41:36 开始操作号码 【1897238】
2023-11-08 00:41:39 GSD getOne 第 1 次 等待 3 秒
2023-11-08 00:41:42 查询号码 【1897238】，返回信息 {"status":"ok","msg":"湖北-荆州","gid":"452874","time_insert":"2021-07-31 05:49"}
2023-11-08 00:41:42 查询号码 【1897238】，GSD为【"湖北-荆州"】

