2024-04-21 00:20:57 开始第 4605 次操作

2024-04-21 00:20:57 开始操作号码 【1574518】
2024-04-21 00:21:57 GSD getOne 第 1 次 等待 3 秒
2024-04-21 00:22:00 查询号码 【1574518】，返回信息 {"status":"ok","msg":"上海-上海","gid":"367473","time_insert":"2021-07-23 15:57"}
2024-04-21 00:22:00 查询号码 【1574518】，GSD为【"上海-上海"】

2024-04-21 00:22:01 开始第 4606 次操作

2024-04-21 00:22:01 开始操作号码 【1574519】
2024-04-21 00:22:14 GSD getOne 第 1 次 等待 3 秒
2024-04-21 00:22:17 查询号码 【1574519】，返回信息 {"status":"ok","msg":"上海-上海","gid":"367627","time_insert":"2021-07-23 16:15"}
2024-04-21 00:22:17 查询号码 【1574519】，GSD为【"上海-上海"】

2024-04-21 00:22:18 开始第 4607 次操作

2024-04-21 00:22:18 开始操作号码 【1574520】
2024-04-21 00:22:36 GSD getOne 第 1 次 等待 3 秒
2024-04-21 00:22:39 查询号码 【1574520】，返回信息 {"status":"ok","msg":"上海-上海","gid":"367669","time_insert":"2021-07-23 16:34"}
2024-04-21 00:22:39 查询号码 【1574520】，GSD为【"上海-上海"】

2024-04-21 00:22:40 开始第 4608 次操作

2024-04-21 00:22:40 开始操作号码 【1574521】
2024-04-21 00:24:47 GSD getOne 第 1 次 等待 3 秒
2024-04-21 00:24:50 查询号码 【1574521】，返回信息 {"status":"ok","msg":"上海-上海","gid":"367856","time_insert":"2021-07-23 16:53"}
2024-04-21 00:24:50 查询号码 【1574521】，GSD为【"上海-上海"】

2024-04-21 00:38:32 开始第 4609 次操作

2024-04-21 00:38:32 开始操作号码 【1574522】
2024-04-21 00:38:38 GSD getOne 第 1 次 等待 3 秒
2024-04-21 00:38:41 查询号码 【1574522】，返回信息 {"status":"ok","msg":"上海-上海","gid":"368051","time_insert":"2021-07-23 17:09"}
2024-04-21 00:38:41 查询号码 【1574522】，GSD为【"上海-上海"】

2024-04-21 00:38:42 开始第 4610 次操作

2024-04-21 00:38:42 开始操作号码 【1574523】
2024-04-21 00:38:50 GSD getOne 第 1 次 等待 3 秒
2024-04-21 00:38:53 查询号码 【1574523】，返回信息 {"status":"ok","msg":"上海-上海","gid":"368126","time_insert":"2021-07-23 17:24"}
2024-04-21 00:38:54 查询号码 【1574523】，GSD为【"上海-上海"】

2024-04-21 00:38:55 开始第 4611 次操作

2024-04-21 00:38:55 开始操作号码 【1574524】
2024-04-21 00:39:03 GSD getOne 第 1 次 等待 3 秒
2024-04-21 00:39:06 查询号码 【1574524】，返回信息 {"status":"ok","msg":"上海-上海","gid":"368165","time_insert":"2021-07-23 17:42"}
2024-04-21 00:39:06 查询号码 【1574524】，GSD为【"上海-上海"】

2024-04-21 00:39:07 开始第 4612 次操作

2024-04-21 00:39:07 开始操作号码 【1574525】
2024-04-21 00:39:15 GSD getOne 第 1 次 等待 3 秒
2024-04-21 00:39:18 查询号码 【1574525】，返回信息 {"status":"ok","msg":"上海-上海","gid":"368430","time_insert":"2021-07-23 18:01"}
2024-04-21 00:39:19 查询号码 【1574525】，GSD为【"上海-上海"】

