2024-01-16 00:22:39 开始第 8829 次操作

2024-01-16 00:22:39 开始操作号码 【1798741】
2024-01-16 00:22:44 GSD getOne 第 1 次 等待 3 秒
2024-01-16 00:22:47 查询号码 【1798741】，返回信息 {"status":"ok","msg":"-","gid":"635466","time_insert":"2023-04-05 04:58"}
2024-01-16 00:22:47 查询号码 【1798741】，GSD为【"-"】
2024-01-16 00:22:47 ok && -
2024-01-16 00:22:49 CHB 1798741?1705335767 第 1 次 等待 3 秒
2024-01-16 00:22:52 CHB 1798741?1705335767 第 1 次 获取到号码【1798741】GSD
2024-01-16 00:22:53 未获取到号码【1798741】GSD，可能号码格式错误
2024-01-16 00:22:53 获取到号码【1798741】的GSD为【-】
2024-01-16 00:22:56 GSD insert 第 1 次 等待 3 秒
2024-01-16 00:22:59 {"status":"bad","gid":"635466","msg":"添加失败！号码【1798741(-|-)】已存在！"}
2024-01-16 00:22:59 随机等待 187 秒，约 3 分钟
2024-01-16 00:22:59 下次操作: 2024-01-16 00:26:06

2024-01-16 00:26:06 开始第 8830 次操作

2024-01-16 00:26:06 开始操作号码 【1798742】
2024-01-16 00:26:11 GSD getOne 第 1 次 等待 3 秒
2024-01-16 00:26:14 查询号码 【1798742】，返回信息 {"status":"ok","msg":"-","gid":"635469","time_insert":"2023-04-05 05:00"}
2024-01-16 00:26:14 查询号码 【1798742】，GSD为【"-"】
2024-01-16 00:26:14 ok && -
2024-01-16 00:26:16 CHB 1798742?1705335974 第 1 次 等待 3 秒
2024-01-16 00:26:19 CHB 1798742?1705335974 第 1 次 获取到号码【1798742】GSD
2024-01-16 00:26:19 未获取到号码【1798742】GSD，可能号码格式错误
2024-01-16 00:26:19 获取到号码【1798742】的GSD为【-】
2024-01-16 00:26:23 GSD insert 第 1 次 等待 3 秒
2024-01-16 00:26:26 {"status":"bad","gid":"635469","msg":"添加失败！号码【1798742(-|-)】已存在！"}
2024-01-16 00:26:26 随机等待 92 秒，约 1 分钟
2024-01-16 00:26:26 下次操作: 2024-01-16 00:27:58

2024-01-16 00:27:58 开始第 8831 次操作

2024-01-16 00:27:58 开始操作号码 【1798743】
2024-01-16 00:28:02 GSD getOne 第 1 次 等待 3 秒
2024-01-16 00:28:05 查询号码 【1798743】，返回信息 {"status":"ok","msg":"-","gid":"635471","time_insert":"2023-04-05 05:03"}
2024-01-16 00:28:05 查询号码 【1798743】，GSD为【"-"】
2024-01-16 00:28:05 ok && -
2024-01-16 00:28:08 CHB 1798743?1705336085 第 1 次 等待 3 秒
2024-01-16 00:28:11 CHB 1798743?1705336085 第 1 次 获取到号码【1798743】GSD
2024-01-16 00:28:11 未获取到号码【1798743】GSD，可能号码格式错误
2024-01-16 00:28:11 获取到号码【1798743】的GSD为【-】
2024-01-16 00:28:15 GSD insert 第 1 次 等待 3 秒
2024-01-16 00:28:18 {"status":"bad","gid":"635471","msg":"添加失败！号码【1798743(-|-)】已存在！"}
2024-01-16 00:28:18 随机等待 219 秒，约 3 分钟
2024-01-16 00:28:18 下次操作: 2024-01-16 00:31:57

2024-01-16 00:31:57 开始第 8832 次操作

2024-01-16 00:31:57 开始操作号码 【1798744】
2024-01-16 00:32:01 GSD getOne 第 1 次 等待 3 秒
2024-01-16 00:32:04 查询号码 【1798744】，返回信息 {"status":"ok","msg":"-","gid":"635482","time_insert":"2023-04-05 05:10"}
2024-01-16 00:32:04 查询号码 【1798744】，GSD为【"-"】
2024-01-16 00:32:04 ok && -
2024-01-16 00:32:07 CHB 1798744?1705336324 第 1 次 等待 3 秒
2024-01-16 00:32:10 CHB 1798744?1705336324 第 1 次 获取到号码【1798744】GSD
2024-01-16 00:32:10 未获取到号码【1798744】GSD，可能号码格式错误
2024-01-16 00:32:10 获取到号码【1798744】的GSD为【-】
2024-01-16 00:32:14 GSD insert 第 1 次 等待 3 秒
2024-01-16 00:32:17 {"status":"bad","gid":"635482","msg":"添加失败！号码【1798744(-|-)】已存在！"}

2024-01-16 00:42:28 开始第 8833 次操作

2024-01-16 00:42:28 开始操作号码 【1798745】
2024-01-16 00:42:32 GSD getOne 第 1 次 等待 3 秒
2024-01-16 00:42:35 查询号码 【1798745】，返回信息 {"status":"ok","msg":"-","gid":"635484","time_insert":"2023-04-05 05:12"}
2024-01-16 00:42:35 查询号码 【1798745】，GSD为【"-"】
2024-01-16 00:42:35 ok && -
2024-01-16 00:42:38 CHB 1798745?1705336955 第 1 次 等待 3 秒
2024-01-16 00:42:41 CHB 1798745?1705336955 第 1 次 获取到号码【1798745】GSD
2024-01-16 00:42:41 未获取到号码【1798745】GSD，可能号码格式错误
2024-01-16 00:42:41 获取到号码【1798745】的GSD为【-】
2024-01-16 00:42:45 GSD insert 第 1 次 等待 3 秒
2024-01-16 00:42:48 {"status":"bad","gid":"635484","msg":"添加失败！号码【1798745(-|-)】已存在！"}
2024-01-16 00:42:48 随机等待 206 秒，约 3 分钟
2024-01-16 00:42:48 下次操作: 2024-01-16 00:46:14

2024-01-16 00:46:14 开始第 8834 次操作

2024-01-16 00:46:14 开始操作号码 【1798746】
2024-01-16 00:46:19 GSD getOne 第 1 次 等待 3 秒
2024-01-16 00:46:22 查询号码 【1798746】，返回信息 {"status":"ok","msg":"-","gid":"635487","time_insert":"2023-04-05 05:14"}
2024-01-16 00:46:22 查询号码 【1798746】，GSD为【"-"】
2024-01-16 00:46:22 ok && -
2024-01-16 00:46:24 CHB 1798746?1705337182 第 1 次 等待 3 秒
2024-01-16 00:46:27 CHB 1798746?1705337182 第 1 次 获取到号码【1798746】GSD
2024-01-16 00:46:27 未获取到号码【1798746】GSD，可能号码格式错误
2024-01-16 00:46:27 获取到号码【1798746】的GSD为【-】
2024-01-16 00:46:31 GSD insert 第 1 次 等待 3 秒
2024-01-16 00:46:34 {"status":"bad","gid":"635487","msg":"添加失败！号码【1798746(-|-)】已存在！"}
2024-01-16 00:46:34 随机等待 121 秒，约 2 分钟
2024-01-16 00:46:34 下次操作: 2024-01-16 00:48:35

2024-01-16 00:48:35 开始第 8835 次操作

2024-01-16 00:48:35 开始操作号码 【1798747】
2024-01-16 00:48:39 GSD getOne 第 1 次 等待 3 秒
2024-01-16 00:48:42 查询号码 【1798747】，返回信息 {"status":"ok","msg":"-","gid":"635490","time_insert":"2023-04-05 05:17"}
2024-01-16 00:48:42 查询号码 【1798747】，GSD为【"-"】
2024-01-16 00:48:42 ok && -
2024-01-16 00:48:45 CHB 1798747?1705337322 第 1 次 等待 3 秒
2024-01-16 00:48:48 CHB 1798747?1705337322 第 1 次 获取到号码【1798747】GSD
2024-01-16 00:48:48 未获取到号码【1798747】GSD，可能号码格式错误
2024-01-16 00:48:48 获取到号码【1798747】的GSD为【-】
2024-01-16 00:48:52 GSD insert 第 1 次 等待 3 秒
2024-01-16 00:48:55 {"status":"bad","gid":"635490","msg":"添加失败！号码【1798747(-|-)】已存在！"}
2024-01-16 00:48:55 随机等待 67 秒，约 1 分钟
2024-01-16 00:48:55 下次操作: 2024-01-16 00:50:02

2024-01-16 00:50:02 开始第 8836 次操作

2024-01-16 00:50:02 开始操作号码 【1798748】
2024-01-16 00:50:07 GSD getOne 第 1 次 等待 3 秒
2024-01-16 00:50:10 查询号码 【1798748】，返回信息 {"status":"ok","msg":"-","gid":"635502","time_insert":"2023-04-05 05:24"}
2024-01-16 00:50:10 查询号码 【1798748】，GSD为【"-"】
2024-01-16 00:50:10 ok && -
2024-01-16 00:50:12 CHB 1798748?1705337410 第 1 次 等待 3 秒
2024-01-16 00:50:15 CHB 1798748?1705337410 第 1 次 获取到号码【1798748】GSD
2024-01-16 00:50:15 未获取到号码【1798748】GSD，可能号码格式错误
2024-01-16 00:50:15 获取到号码【1798748】的GSD为【-】
2024-01-16 00:50:24 GSD insert 第 1 次 等待 3 秒
2024-01-16 00:50:27 {"status":"bad","gid":"635502","msg":"添加失败！号码【1798748(-|-)】已存在！"}

2024-01-16 01:16:14 开始第 8837 次操作

2024-01-16 01:16:14 开始操作号码 【1798749】
2024-01-16 01:16:18 GSD getOne 第 1 次 等待 3 秒
2024-01-16 01:16:21 查询号码 【1798749】，返回信息 {"status":"ok","msg":"-","gid":"635509","time_insert":"2023-04-05 05:27"}
2024-01-16 01:16:21 查询号码 【1798749】，GSD为【"-"】
2024-01-16 01:16:21 ok && -
2024-01-16 01:16:23 CHB 1798749?1705338981 第 1 次 等待 3 秒
2024-01-16 01:16:26 CHB 1798749?1705338981 第 1 次 获取到号码【1798749】GSD
2024-01-16 01:16:26 未获取到号码【1798749】GSD，可能号码格式错误
2024-01-16 01:16:26 获取到号码【1798749】的GSD为【-】
2024-01-16 01:16:29 GSD insert 第 1 次 等待 3 秒
2024-01-16 01:16:32 {"status":"bad","gid":"635509","msg":"添加失败！号码【1798749(-|-)】已存在！"}
2024-01-16 01:16:32 随机等待 67 秒，约 1 分钟
2024-01-16 01:16:32 下次操作: 2024-01-16 01:17:39

2024-01-16 01:17:39 开始第 8838 次操作

2024-01-16 01:17:39 开始操作号码 【1798750】
2024-01-16 01:17:43 GSD getOne 第 1 次 等待 3 秒
2024-01-16 01:17:46 查询号码 【1798750】，返回信息 {"status":"ok","msg":"-","gid":"635513","time_insert":"2023-04-05 05:29"}
2024-01-16 01:17:46 查询号码 【1798750】，GSD为【"-"】
2024-01-16 01:17:46 ok && -
2024-01-16 01:17:48 CHB 1798750?1705339066 第 1 次 等待 3 秒
2024-01-16 01:17:51 CHB 1798750?1705339066 第 1 次 获取到号码【1798750】GSD
2024-01-16 01:17:51 未获取到号码【1798750】GSD，可能号码格式错误
2024-01-16 01:17:51 获取到号码【1798750】的GSD为【-】
2024-01-16 01:17:55 GSD insert 第 1 次 等待 3 秒
2024-01-16 01:17:58 {"status":"bad","gid":"635513","msg":"添加失败！号码【1798750(-|-)】已存在！"}
2024-01-16 01:17:58 随机等待 76 秒，约 1 分钟
2024-01-16 01:17:58 下次操作: 2024-01-16 01:19:14

2024-01-16 01:19:14 开始第 8839 次操作

2024-01-16 01:19:14 开始操作号码 【1798751】
2024-01-16 01:19:18 GSD getOne 第 1 次 等待 3 秒
2024-01-16 01:19:21 查询号码 【1798751】，返回信息 {"status":"ok","msg":"-","gid":"635516","time_insert":"2023-04-05 05:31"}
2024-01-16 01:19:21 查询号码 【1798751】，GSD为【"-"】
2024-01-16 01:19:21 ok && -
2024-01-16 01:19:23 CHB 1798751?1705339161 第 1 次 等待 3 秒
2024-01-16 01:19:26 CHB 1798751?1705339161 第 1 次 获取到号码【1798751】GSD
2024-01-16 01:19:26 未获取到号码【1798751】GSD，可能号码格式错误
2024-01-16 01:19:26 获取到号码【1798751】的GSD为【-】
2024-01-16 01:19:29 GSD insert 第 1 次 等待 3 秒
2024-01-16 01:19:33 {"status":"bad","gid":"635516","msg":"添加失败！号码【1798751(-|-)】已存在！"}
2024-01-16 01:19:33 随机等待 94 秒，约 1 分钟
2024-01-16 01:19:33 下次操作: 2024-01-16 01:21:07

2024-01-16 01:21:07 开始第 8840 次操作

2024-01-16 01:21:07 开始操作号码 【1798752】
2024-01-16 01:21:10 GSD getOne 第 1 次 等待 3 秒
2024-01-16 01:21:13 查询号码 【1798752】，返回信息 {"status":"ok","msg":"-","gid":"635521","time_insert":"2023-04-05 05:34"}
2024-01-16 01:21:13 查询号码 【1798752】，GSD为【"-"】
2024-01-16 01:21:13 ok && -
2024-01-16 01:21:17 CHB 1798752?1705339273 第 1 次 等待 3 秒
2024-01-16 01:21:20 CHB 1798752?1705339273 第 1 次 获取到号码【1798752】GSD
2024-01-16 01:21:20 未获取到号码【1798752】GSD，可能号码格式错误
2024-01-16 01:21:20 获取到号码【1798752】的GSD为【-】
2024-01-16 01:21:23 GSD insert 第 1 次 等待 3 秒
2024-01-16 01:21:26 {"status":"bad","gid":"635521","msg":"添加失败！号码【1798752(-|-)】已存在！"}

