2024-01-23 00:22:43 开始第 53 次操作

2024-01-23 00:22:43 开始操作号码 【1799965】
2024-01-23 00:22:48 GSD getOne 第 1 次 等待 3 秒
2024-01-23 00:22:51 查询号码 【1799965】，返回信息 {"status":"ok","msg":"-","gid":"641626","time_insert":"2023-04-08 17:27"}
2024-01-23 00:22:51 查询号码 【1799965】，GSD为【"-"】
2024-01-23 00:22:51 ok && -
2024-01-23 00:22:53 CHB 1799965?1705940571 第 1 次 等待 3 秒
2024-01-23 00:22:56 CHB 1799965?1705940571 第 1 次 获取到号码【1799965】GSD
2024-01-23 00:22:57 未获取到号码【1799965】GSD，可能号码格式错误
2024-01-23 00:22:57 获取到号码【1799965】的GSD为【-】
2024-01-23 00:23:01 GSD insert 第 1 次 等待 3 秒
2024-01-23 00:23:04 {"status":"bad","gid":"641626","msg":"添加失败！号码【1799965(-|-)】已存在！"}
2024-01-23 00:23:04 随机等待 152 秒，约 2 分钟
2024-01-23 00:23:04 下次操作: 2024-01-23 00:25:36

2024-01-23 00:25:36 开始第 54 次操作

2024-01-23 00:25:36 开始操作号码 【1799966】
2024-01-23 00:25:39 GSD getOne 第 1 次 等待 3 秒
2024-01-23 00:25:42 查询号码 【1799966】，返回信息 {"status":"ok","msg":"-","gid":"641630","time_insert":"2023-04-08 17:29"}
2024-01-23 00:25:42 查询号码 【1799966】，GSD为【"-"】
2024-01-23 00:25:42 ok && -
2024-01-23 00:25:46 CHB 1799966?1705940742 第 1 次 等待 3 秒
2024-01-23 00:25:49 CHB 1799966?1705940742 第 1 次 获取到号码【1799966】GSD
2024-01-23 00:25:49 未获取到号码【1799966】GSD，可能号码格式错误
2024-01-23 00:25:49 获取到号码【1799966】的GSD为【-】
2024-01-23 00:25:52 GSD insert 第 1 次 等待 3 秒
2024-01-23 00:25:55 {"status":"bad","gid":"641630","msg":"添加失败！号码【1799966(-|-)】已存在！"}
2024-01-23 00:25:55 随机等待 198 秒，约 3 分钟
2024-01-23 00:25:55 下次操作: 2024-01-23 00:29:13

2024-01-23 00:29:13 开始第 55 次操作

2024-01-23 00:29:13 开始操作号码 【1799967】
2024-01-23 00:29:17 GSD getOne 第 1 次 等待 3 秒
2024-01-23 00:29:20 查询号码 【1799967】，返回信息 {"status":"ok","msg":"-","gid":"641636","time_insert":"2023-04-08 17:32"}
2024-01-23 00:29:20 查询号码 【1799967】，GSD为【"-"】
2024-01-23 00:29:20 ok && -
2024-01-23 00:29:23 CHB 1799967?1705940960 第 1 次 等待 3 秒
2024-01-23 00:29:26 CHB 1799967?1705940960 第 1 次 获取到号码【1799967】GSD
2024-01-23 00:29:27 未获取到号码【1799967】GSD，可能号码格式错误
2024-01-23 00:29:27 获取到号码【1799967】的GSD为【-】
2024-01-23 00:29:30 GSD insert 第 1 次 等待 3 秒
2024-01-23 00:29:33 {"status":"bad","gid":"641636","msg":"添加失败！号码【1799967(-|-)】已存在！"}
2024-01-23 00:29:33 随机等待 132 秒，约 2 分钟
2024-01-23 00:29:33 下次操作: 2024-01-23 00:31:45

2024-01-23 00:31:45 开始第 56 次操作

2024-01-23 00:31:45 开始操作号码 【1799968】
2024-01-23 00:31:49 GSD getOne 第 1 次 等待 3 秒
2024-01-23 00:31:52 查询号码 【1799968】，返回信息 {"status":"ok","msg":"-","gid":"641640","time_insert":"2023-04-08 17:35"}
2024-01-23 00:31:52 查询号码 【1799968】，GSD为【"-"】
2024-01-23 00:31:52 ok && -
2024-01-23 00:31:54 CHB 1799968?1705941112 第 1 次 等待 3 秒
2024-01-23 00:31:57 CHB 1799968?1705941112 第 1 次 获取到号码【1799968】GSD
2024-01-23 00:31:57 未获取到号码【1799968】GSD，可能号码格式错误
2024-01-23 00:31:57 获取到号码【1799968】的GSD为【-】
2024-01-23 00:32:01 GSD insert 第 1 次 等待 3 秒
2024-01-23 00:32:04 {"status":"bad","gid":"641640","msg":"添加失败！号码【1799968(-|-)】已存在！"}

