2024-09-16 00:23:20 开始第 4773 次操作

2024-09-16 00:23:20 开始操作号码 【1354772】
2024-09-16 00:23:27 GSD getOne 第 1 次 等待 3 秒
2024-09-16 00:23:30 查询号码 【1354772】，返回信息 {"status":"ok","msg":"四川-宜宾","gid":"6050","time_insert":"2018-09-10 23:33","time_update":"2020-10-11 21:53"}
2024-09-16 00:23:31 查询号码 【1354772】，GSD为【"四川-宜宾"】

2024-09-16 00:23:32 开始第 4774 次操作

2024-09-16 00:23:32 开始操作号码 【1354773】
2024-09-16 00:23:39 GSD getOne 第 1 次 等待 3 秒
2024-09-16 00:23:42 查询号码 【1354773】，返回信息 {"status":"ok","msg":"四川-阿坝","gid":"6051","time_insert":"2017-04-25 13:34","time_update":"2020-10-11 21:56"}
2024-09-16 00:23:42 查询号码 【1354773】，GSD为【"四川-阿坝"】

2024-09-16 00:23:43 开始第 4775 次操作

2024-09-16 00:23:43 开始操作号码 【1354774】
2024-09-16 00:23:52 GSD getOne 第 1 次 等待 3 秒
2024-09-16 00:23:55 查询号码 【1354774】，返回信息 {"status":"ok","msg":"四川-遂宁","gid":"6052","time_insert":"2018-09-09 10:09","time_update":"2020-10-11 22:01"}
2024-09-16 00:23:55 查询号码 【1354774】，GSD为【"四川-遂宁"】

2024-09-16 00:23:56 开始第 4776 次操作

2024-09-16 00:23:56 开始操作号码 【1354775】
2024-09-16 00:24:04 GSD getOne 第 1 次 等待 3 秒
2024-09-16 00:24:07 查询号码 【1354775】，返回信息 {"status":"ok","msg":"四川-遂宁","gid":"6053","time_insert":"2019-01-06 12:49","time_update":"2020-10-11 22:04"}
2024-09-16 00:24:07 查询号码 【1354775】，GSD为【"四川-遂宁"】

