2024-03-21 00:22:28 开始第 9877 次操作

2024-03-21 00:22:28 开始操作号码 【1689789】
2024-03-21 00:22:33 GSD getOne 第 1 次 等待 3 秒
2024-03-21 00:22:36 查询号码 【1689789】，返回信息 {"status":"ok","msg":"-","gid":"659057","time_insert":"2023-04-17 01:48"}
2024-03-21 00:22:36 查询号码 【1689789】，GSD为【"-"】
2024-03-21 00:22:36 ok && -
2024-03-21 00:22:39 CHB 1689789?1710951756 第 1 次 等待 3 秒
2024-03-21 00:22:42 CHB 1689789?1710951756 第 1 次 获取到号码【1689789】GSD
2024-03-21 00:22:42 未获取到号码【1689789】GSD，可能号码格式错误
2024-03-21 00:22:42 获取到号码【1689789】的GSD为【-】
2024-03-21 00:22:46 GSD insert 第 1 次 等待 3 秒
2024-03-21 00:22:49 {"status":"bad","gid":"659057","msg":"添加失败！号码【1689789(-|-)】已存在！"}
2024-03-21 00:22:49 随机等待 82 秒，约 1 分钟
2024-03-21 00:22:49 下次操作: 2024-03-21 00:24:11

2024-03-21 00:24:11 开始第 9878 次操作

2024-03-21 00:24:11 开始操作号码 【1689790】
2024-03-21 00:24:16 GSD getOne 第 1 次 等待 3 秒
2024-03-21 00:24:19 查询号码 【1689790】，返回信息 {"status":"ok","msg":"-","gid":"659054","time_insert":"2023-04-17 01:46"}
2024-03-21 00:24:19 查询号码 【1689790】，GSD为【"-"】
2024-03-21 00:24:19 ok && -
2024-03-21 00:24:22 CHB 1689790?1710951859 第 1 次 等待 3 秒
2024-03-21 00:24:25 CHB 1689790?1710951859 第 1 次 获取到号码【1689790】GSD
2024-03-21 00:24:25 未获取到号码【1689790】GSD，可能号码格式错误
2024-03-21 00:24:25 获取到号码【1689790】的GSD为【-】
2024-03-21 00:24:29 GSD insert 第 1 次 等待 3 秒
2024-03-21 00:24:32 {"status":"bad","gid":"659054","msg":"添加失败！号码【1689790(-|-)】已存在！"}
2024-03-21 00:24:32 随机等待 151 秒，约 2 分钟
2024-03-21 00:24:32 下次操作: 2024-03-21 00:27:03

2024-03-21 00:27:03 开始第 9879 次操作

2024-03-21 00:27:03 开始操作号码 【1689791】
2024-03-21 00:27:08 GSD getOne 第 1 次 等待 3 秒
2024-03-21 00:27:11 查询号码 【1689791】，返回信息 {"status":"ok","msg":"-","gid":"659050","time_insert":"2023-04-17 01:44"}
2024-03-21 00:27:11 查询号码 【1689791】，GSD为【"-"】
2024-03-21 00:27:11 ok && -
2024-03-21 00:27:13 CHB 1689791?1710952031 第 1 次 等待 3 秒
2024-03-21 00:27:16 CHB 1689791?1710952031 第 1 次 获取到号码【1689791】GSD
2024-03-21 00:27:16 未获取到号码【1689791】GSD，可能号码格式错误
2024-03-21 00:27:16 获取到号码【1689791】的GSD为【-】
2024-03-21 00:27:21 GSD insert 第 1 次 等待 3 秒
2024-03-21 00:27:24 {"status":"bad","gid":"659050","msg":"添加失败！号码【1689791(-|-)】已存在！"}
2024-03-21 00:27:24 随机等待 200 秒，约 3 分钟
2024-03-21 00:27:24 下次操作: 2024-03-21 00:30:44

2024-03-21 00:30:44 开始第 9880 次操作

2024-03-21 00:30:44 开始操作号码 【1689792】
2024-03-21 00:30:48 GSD getOne 第 1 次 等待 3 秒
2024-03-21 00:30:51 查询号码 【1689792】，返回信息 {"status":"ok","msg":"-","gid":"659047","time_insert":"2023-04-17 01:40"}
2024-03-21 00:30:51 查询号码 【1689792】，GSD为【"-"】
2024-03-21 00:30:51 ok && -
2024-03-21 00:30:53 CHB 1689792?1710952251 第 1 次 等待 3 秒
2024-03-21 00:30:56 CHB 1689792?1710952251 第 1 次 获取到号码【1689792】GSD
2024-03-21 00:30:56 未获取到号码【1689792】GSD，可能号码格式错误
2024-03-21 00:30:56 获取到号码【1689792】的GSD为【-】
2024-03-21 00:31:00 GSD insert 第 1 次 等待 3 秒
2024-03-21 00:31:03 {"status":"bad","gid":"659047","msg":"添加失败！号码【1689792(-|-)】已存在！"}

