2024-06-29 00:22:53 开始第 3197 次操作

2024-06-29 00:22:53 开始操作号码 【1463099】
2024-06-29 00:23:10 GSD getOne 第 1 次 等待 3 秒
2024-06-29 00:23:13 查询号码 【1463099】，返回信息 {"status":"ok","msg":"江苏-南京","gid":"209750","time_insert":"2021-07-06 23:08"}
2024-06-29 00:23:13 查询号码 【1463099】，GSD为【"江苏-南京"】

2024-06-29 00:23:14 开始第 3198 次操作

2024-06-29 00:23:14 开始操作号码 【1463100】
2024-06-29 00:23:29 GSD getOne 第 1 次 等待 3 秒
2024-06-29 00:23:32 查询号码 【1463100】，返回信息 {"status":"ok","msg":"江苏-南京","gid":"209800","time_insert":"2021-07-06 23:23"}
2024-06-29 00:23:32 查询号码 【1463100】，GSD为【"江苏-南京"】

2024-06-29 00:23:33 开始第 3199 次操作

2024-06-29 00:23:34 开始操作号码 【1463101】
2024-06-29 00:23:48 GSD getOne 第 1 次 等待 3 秒
2024-06-29 00:23:51 查询号码 【1463101】，返回信息 {"status":"ok","msg":"江苏-南京","gid":"209830","time_insert":"2021-07-06 23:36","time_update":"2021-07-27 18:00"}
2024-06-29 00:23:51 查询号码 【1463101】，GSD为【"江苏-南京"】

2024-06-29 00:23:52 开始第 3200 次操作

2024-06-29 00:23:52 开始操作号码 【1463102】
2024-06-29 00:24:11 GSD getOne 第 1 次 等待 3 秒
2024-06-29 00:24:14 查询号码 【1463102】，返回信息 {"status":"ok","msg":"江苏-南京","gid":"209876","time_insert":"2021-07-06 23:48"}
2024-06-29 00:24:14 查询号码 【1463102】，GSD为【"江苏-南京"】

2024-06-29 00:40:34 开始第 3201 次操作

2024-06-29 00:40:34 开始操作号码 【1463103】
2024-06-29 00:41:05 GSD getOne 第 1 次 等待 3 秒
2024-06-29 00:41:08 查询号码 【1463103】，返回信息 {"status":"ok","msg":"江苏-南京","gid":"210000","time_insert":"2021-07-07 00:00"}
2024-06-29 00:41:08 查询号码 【1463103】，GSD为【"江苏-南京"】

2024-06-29 00:41:09 开始第 3202 次操作

2024-06-29 00:41:09 开始操作号码 【1463104】
2024-06-29 00:41:36 GSD getOne 第 1 次 等待 3 秒
2024-06-29 00:41:39 查询号码 【1463104】，返回信息 {"status":"ok","msg":"江苏-南京","gid":"210132","time_insert":"2021-07-07 00:15"}
2024-06-29 00:41:39 查询号码 【1463104】，GSD为【"江苏-南京"】

2024-06-29 00:41:40 开始第 3203 次操作

2024-06-29 00:41:40 开始操作号码 【1463105】
2024-06-29 00:42:03 GSD getOne 第 1 次 等待 3 秒
2024-06-29 00:42:06 查询号码 【1463105】，返回信息 {"status":"ok","msg":"江苏-南京","gid":"210191","time_insert":"2021-07-07 00:30"}
2024-06-29 00:42:06 查询号码 【1463105】，GSD为【"江苏-南京"】

2024-06-29 00:42:07 开始第 3204 次操作

2024-06-29 00:42:07 开始操作号码 【1463106】
2024-06-29 00:42:22 GSD getOne 第 1 次 等待 3 秒
2024-06-29 00:42:25 查询号码 【1463106】，返回信息 {"status":"ok","msg":"江苏-南京","gid":"210218","time_insert":"2021-07-07 00:45"}
2024-06-29 00:42:25 查询号码 【1463106】，GSD为【"江苏-南京"】

2024-06-29 01:17:30 开始第 3205 次操作

2024-06-29 01:17:30 开始操作号码 【1463107】
2024-06-29 01:17:55 GSD getOne 第 1 次 等待 3 秒
2024-06-29 01:17:58 查询号码 【1463107】，返回信息 {"status":"ok","msg":"江苏-南京","gid":"210243","time_insert":"2021-07-07 00:58"}
2024-06-29 01:17:58 查询号码 【1463107】，GSD为【"江苏-南京"】

2024-06-29 01:17:59 开始第 3206 次操作

2024-06-29 01:17:59 开始操作号码 【1463108】
2024-06-29 01:18:19 GSD getOne 第 1 次 等待 3 秒
2024-06-29 01:18:22 查询号码 【1463108】，返回信息 {"status":"ok","msg":"江苏-南京","gid":"210324","time_insert":"2021-07-07 01:09"}
2024-06-29 01:18:22 查询号码 【1463108】，GSD为【"江苏-南京"】

2024-06-29 01:18:23 开始第 3207 次操作

2024-06-29 01:18:23 开始操作号码 【1463109】
2024-06-29 01:18:38 GSD getOne 第 1 次 等待 3 秒
2024-06-29 01:18:41 查询号码 【1463109】，返回信息 {"status":"ok","msg":"江苏-南京","gid":"210434","time_insert":"2021-07-07 01:23"}
2024-06-29 01:18:41 查询号码 【1463109】，GSD为【"江苏-南京"】

2024-06-29 01:18:42 开始第 3208 次操作

2024-06-29 01:18:42 开始操作号码 【1463110】
2024-06-29 01:18:56 GSD getOne 第 1 次 等待 3 秒
2024-06-29 01:18:59 查询号码 【1463110】，返回信息 {"status":"ok","msg":"江苏-南京","gid":"210464","time_insert":"2021-07-07 01:35"}
2024-06-29 01:18:59 查询号码 【1463110】，GSD为【"江苏-南京"】

