2024-02-16 00:20:55 开始第 3881 次操作

2024-02-16 00:20:55 开始操作号码 【1683793】
2024-02-16 00:21:01 GSD getOne 第 1 次 等待 3 秒
2024-02-16 00:21:04 查询号码 【1683793】，返回信息 {"status":"ok","msg":"-","gid":"595090","time_insert":"2023-03-16 19:52"}
2024-02-16 00:21:04 查询号码 【1683793】，GSD为【"-"】
2024-02-16 00:21:04 ok && -
2024-02-16 00:21:07 CHB 1683793?1708014064 第 1 次 等待 3 秒
2024-02-16 00:21:10 CHB 1683793?1708014064 第 1 次 获取到号码【1683793】GSD
2024-02-16 00:21:10 未获取到号码【1683793】GSD，可能号码格式错误
2024-02-16 00:21:10 获取到号码【1683793】的GSD为【-】
2024-02-16 00:21:15 GSD insert 第 1 次 等待 3 秒
2024-02-16 00:21:18 {"status":"bad","gid":"595090","msg":"添加失败！号码【1683793(-|-)】已存在！"}
2024-02-16 00:21:18 随机等待 76 秒，约 1 分钟
2024-02-16 00:21:18 下次操作: 2024-02-16 00:22:34

2024-02-16 00:22:34 开始第 3882 次操作

2024-02-16 00:22:34 开始操作号码 【1683794】
2024-02-16 00:22:38 GSD getOne 第 1 次 等待 3 秒
2024-02-16 00:22:41 查询号码 【1683794】，返回信息 {"status":"ok","msg":"-","gid":"595106","time_insert":"2023-03-16 20:02"}
2024-02-16 00:22:41 查询号码 【1683794】，GSD为【"-"】
2024-02-16 00:22:41 ok && -
2024-02-16 00:22:43 CHB 1683794?1708014161 第 1 次 等待 3 秒
2024-02-16 00:22:46 CHB 1683794?1708014161 第 1 次 获取到号码【1683794】GSD
2024-02-16 00:22:47 未获取到号码【1683794】GSD，可能号码格式错误
2024-02-16 00:22:47 获取到号码【1683794】的GSD为【-】
2024-02-16 00:22:53 GSD insert 第 1 次 等待 3 秒
2024-02-16 00:22:56 {"status":"bad","gid":"595106","msg":"添加失败！号码【1683794(-|-)】已存在！"}
2024-02-16 00:22:56 随机等待 125 秒，约 2 分钟
2024-02-16 00:22:56 下次操作: 2024-02-16 00:25:01

2024-02-16 00:25:01 开始第 3883 次操作

2024-02-16 00:25:01 开始操作号码 【1683795】
2024-02-16 00:25:06 GSD getOne 第 1 次 等待 3 秒
2024-02-16 00:25:09 查询号码 【1683795】，返回信息 {"status":"ok","msg":"-","gid":"595124","time_insert":"2023-03-16 20:19"}
2024-02-16 00:25:09 查询号码 【1683795】，GSD为【"-"】
2024-02-16 00:25:09 ok && -
2024-02-16 00:25:11 CHB 1683795?1708014309 第 1 次 等待 3 秒
2024-02-16 00:25:14 CHB 1683795?1708014309 第 1 次 获取到号码【1683795】GSD
2024-02-16 00:25:14 未获取到号码【1683795】GSD，可能号码格式错误
2024-02-16 00:25:14 获取到号码【1683795】的GSD为【-】
2024-02-16 00:25:18 GSD insert 第 1 次 等待 3 秒
2024-02-16 00:25:21 {"status":"bad","gid":"595124","msg":"添加失败！号码【1683795(-|-)】已存在！"}
2024-02-16 00:25:21 随机等待 114 秒，约 1 分钟
2024-02-16 00:25:21 下次操作: 2024-02-16 00:27:15

2024-02-16 00:27:15 开始第 3884 次操作

2024-02-16 00:27:15 开始操作号码 【1683796】
2024-02-16 00:27:20 GSD getOne 第 1 次 等待 3 秒
2024-02-16 00:27:23 查询号码 【1683796】，返回信息 {"status":"ok","msg":"-","gid":"595137","time_insert":"2023-03-16 20:28"}
2024-02-16 00:27:23 查询号码 【1683796】，GSD为【"-"】
2024-02-16 00:27:23 ok && -
2024-02-16 00:27:25 CHB 1683796?1708014443 第 1 次 等待 3 秒
2024-02-16 00:27:28 CHB 1683796?1708014443 第 1 次 获取到号码【1683796】GSD
2024-02-16 00:27:28 未获取到号码【1683796】GSD，可能号码格式错误
2024-02-16 00:27:28 获取到号码【1683796】的GSD为【-】
2024-02-16 00:27:32 GSD insert 第 1 次 等待 3 秒
2024-02-16 00:27:35 {"status":"bad","gid":"595137","msg":"添加失败！号码【1683796(-|-)】已存在！"}

2024-02-16 00:38:25 开始第 3885 次操作

2024-02-16 00:38:25 开始操作号码 【1683797】
2024-02-16 00:38:32 GSD getOne 第 1 次 等待 3 秒
2024-02-16 00:38:35 查询号码 【1683797】，返回信息 {"status":"ok","msg":"-","gid":"595152","time_insert":"2023-03-16 20:41"}
2024-02-16 00:38:35 查询号码 【1683797】，GSD为【"-"】
2024-02-16 00:38:35 ok && -
2024-02-16 00:38:39 CHB 1683797?1708015115 第 1 次 等待 3 秒
2024-02-16 00:38:42 CHB 1683797?1708015115 第 1 次 获取到号码【1683797】GSD
2024-02-16 00:38:42 未获取到号码【1683797】GSD，可能号码格式错误
2024-02-16 00:38:42 获取到号码【1683797】的GSD为【-】
2024-02-16 00:38:47 GSD insert 第 1 次 等待 3 秒
2024-02-16 00:38:50 {"status":"bad","gid":"595152","msg":"添加失败！号码【1683797(-|-)】已存在！"}
2024-02-16 00:38:50 随机等待 172 秒，约 2 分钟
2024-02-16 00:38:50 下次操作: 2024-02-16 00:41:42

2024-02-16 00:41:42 开始第 3886 次操作

2024-02-16 00:41:42 开始操作号码 【1683798】
2024-02-16 00:41:47 GSD getOne 第 1 次 等待 3 秒
2024-02-16 00:41:50 查询号码 【1683798】，返回信息 {"status":"ok","msg":"-","gid":"595185","time_insert":"2023-03-16 21:05"}
2024-02-16 00:41:50 查询号码 【1683798】，GSD为【"-"】
2024-02-16 00:41:50 ok && -
2024-02-16 00:41:52 CHB 1683798?1708015310 第 1 次 等待 3 秒
2024-02-16 00:41:55 CHB 1683798?1708015310 第 1 次 获取到号码【1683798】GSD
2024-02-16 00:41:55 未获取到号码【1683798】GSD，可能号码格式错误
2024-02-16 00:41:55 获取到号码【1683798】的GSD为【-】
2024-02-16 00:42:00 GSD insert 第 1 次 等待 3 秒
2024-02-16 00:42:03 {"status":"bad","gid":"595185","msg":"添加失败！号码【1683798(-|-)】已存在！"}
2024-02-16 00:42:03 随机等待 131 秒，约 2 分钟
2024-02-16 00:42:03 下次操作: 2024-02-16 00:44:14

2024-02-16 00:44:15 开始第 3887 次操作

2024-02-16 00:44:15 开始操作号码 【1683799】
2024-02-16 00:44:20 GSD getOne 第 1 次 等待 3 秒
2024-02-16 00:44:23 查询号码 【1683799】，返回信息 {"status":"ok","msg":"-","gid":"595202","time_insert":"2023-03-16 21:21"}
2024-02-16 00:44:23 查询号码 【1683799】，GSD为【"-"】
2024-02-16 00:44:23 ok && -
2024-02-16 00:44:29 CHB 1683799?1708015463 第 1 次 等待 3 秒
2024-02-16 00:44:32 CHB 1683799?1708015463 第 1 次 获取到号码【1683799】GSD
2024-02-16 00:44:32 未获取到号码【1683799】GSD，可能号码格式错误
2024-02-16 00:44:32 获取到号码【1683799】的GSD为【-】
2024-02-16 00:44:36 GSD insert 第 1 次 等待 3 秒
2024-02-16 00:44:39 {"status":"bad","gid":"595202","msg":"添加失败！号码【1683799(-|-)】已存在！"}
2024-02-16 00:44:39 随机等待 209 秒，约 3 分钟
2024-02-16 00:44:39 下次操作: 2024-02-16 00:48:08

2024-02-16 00:48:08 开始第 3888 次操作

2024-02-16 00:48:08 开始操作号码 【1683800】
2024-02-16 00:48:15 GSD getOne 第 1 次 等待 3 秒
2024-02-16 00:48:18 查询号码 【1683800】，返回信息 {"status":"ok","msg":"-","gid":"595220","time_insert":"2023-03-16 21:34"}
2024-02-16 00:48:18 查询号码 【1683800】，GSD为【"-"】
2024-02-16 00:48:18 ok && -
2024-02-16 00:48:23 CHB 1683800?1708015698 第 1 次 等待 3 秒
2024-02-16 00:48:26 CHB 1683800?1708015698 第 1 次 获取到号码【1683800】GSD
2024-02-16 00:48:27 未获取到号码【1683800】GSD，可能号码格式错误
2024-02-16 00:48:27 获取到号码【1683800】的GSD为【-】
2024-02-16 00:48:35 GSD insert 第 1 次 等待 3 秒
2024-02-16 00:48:38 {"status":"bad","gid":"595220","msg":"添加失败！号码【1683800(-|-)】已存在！"}

2024-02-16 01:15:47 开始第 3889 次操作

2024-02-16 01:15:47 开始操作号码 【1683801】
2024-02-16 01:15:52 GSD getOne 第 1 次 等待 3 秒
2024-02-16 01:15:55 查询号码 【1683801】，返回信息 {"status":"ok","msg":"-","gid":"595253","time_insert":"2023-03-16 21:54"}
2024-02-16 01:15:55 查询号码 【1683801】，GSD为【"-"】
2024-02-16 01:15:55 ok && -
2024-02-16 01:15:58 CHB 1683801?1708017355 第 1 次 等待 3 秒
2024-02-16 01:16:01 CHB 1683801?1708017355 第 1 次 获取到号码【1683801】GSD
2024-02-16 01:16:01 未获取到号码【1683801】GSD，可能号码格式错误
2024-02-16 01:16:01 获取到号码【1683801】的GSD为【-】
2024-02-16 01:16:05 GSD insert 第 1 次 等待 3 秒
2024-02-16 01:16:08 {"status":"bad","gid":"595253","msg":"添加失败！号码【1683801(-|-)】已存在！"}
2024-02-16 01:16:08 随机等待 70 秒，约 1 分钟
2024-02-16 01:16:08 下次操作: 2024-02-16 01:17:18

2024-02-16 01:17:18 开始第 3890 次操作

2024-02-16 01:17:18 开始操作号码 【1683802】
2024-02-16 01:17:23 GSD getOne 第 1 次 等待 3 秒
2024-02-16 01:17:26 查询号码 【1683802】，返回信息 {"status":"ok","msg":"-","gid":"595279","time_insert":"2023-03-16 22:14"}
2024-02-16 01:17:26 查询号码 【1683802】，GSD为【"-"】
2024-02-16 01:17:26 ok && -
2024-02-16 01:17:28 CHB 1683802?1708017446 第 1 次 等待 3 秒
2024-02-16 01:17:31 CHB 1683802?1708017446 第 1 次 获取到号码【1683802】GSD
2024-02-16 01:17:31 未获取到号码【1683802】GSD，可能号码格式错误
2024-02-16 01:17:31 获取到号码【1683802】的GSD为【-】
2024-02-16 01:17:36 GSD insert 第 1 次 等待 3 秒
2024-02-16 01:17:39 {"status":"bad","gid":"595279","msg":"添加失败！号码【1683802(-|-)】已存在！"}
2024-02-16 01:17:39 随机等待 69 秒，约 1 分钟
2024-02-16 01:17:39 下次操作: 2024-02-16 01:18:48

2024-02-16 01:18:48 开始第 3891 次操作

2024-02-16 01:18:48 开始操作号码 【1683803】
2024-02-16 01:18:52 GSD getOne 第 1 次 等待 3 秒
2024-02-16 01:18:55 查询号码 【1683803】，返回信息 {"status":"ok","msg":"-","gid":"595305","time_insert":"2023-03-16 22:35"}
2024-02-16 01:18:55 查询号码 【1683803】，GSD为【"-"】
2024-02-16 01:18:55 ok && -
2024-02-16 01:18:57 CHB 1683803?1708017535 第 1 次 等待 3 秒
2024-02-16 01:19:00 CHB 1683803?1708017535 第 1 次 获取到号码【1683803】GSD
2024-02-16 01:19:01 未获取到号码【1683803】GSD，可能号码格式错误
2024-02-16 01:19:01 获取到号码【1683803】的GSD为【-】
2024-02-16 01:19:05 GSD insert 第 1 次 等待 3 秒
2024-02-16 01:19:08 {"status":"bad","gid":"595305","msg":"添加失败！号码【1683803(-|-)】已存在！"}
2024-02-16 01:19:08 随机等待 148 秒，约 2 分钟
2024-02-16 01:19:08 下次操作: 2024-02-16 01:21:36

2024-02-16 01:21:36 开始第 3892 次操作

2024-02-16 01:21:36 开始操作号码 【1683804】
2024-02-16 01:21:41 GSD getOne 第 1 次 等待 3 秒
2024-02-16 01:21:44 查询号码 【1683804】，返回信息 {"status":"ok","msg":"-","gid":"595324","time_insert":"2023-03-16 22:48"}
2024-02-16 01:21:44 查询号码 【1683804】，GSD为【"-"】
2024-02-16 01:21:44 ok && -
2024-02-16 01:21:46 CHB 1683804?1708017704 第 1 次 等待 3 秒
2024-02-16 01:21:49 CHB 1683804?1708017704 第 1 次 获取到号码【1683804】GSD
2024-02-16 01:21:49 未获取到号码【1683804】GSD，可能号码格式错误
2024-02-16 01:21:49 获取到号码【1683804】的GSD为【-】
2024-02-16 01:21:54 GSD insert 第 1 次 等待 3 秒
2024-02-16 01:21:57 {"status":"bad","gid":"595324","msg":"添加失败！号码【1683804(-|-)】已存在！"}

2024-02-16 01:37:52 开始第 3893 次操作

2024-02-16 01:37:52 开始操作号码 【1683805】
2024-02-16 01:37:57 GSD getOne 第 1 次 等待 3 秒
2024-02-16 01:38:00 查询号码 【1683805】，返回信息 {"status":"ok","msg":"-","gid":"595347","time_insert":"2023-03-16 23:10"}
2024-02-16 01:38:00 查询号码 【1683805】，GSD为【"-"】
2024-02-16 01:38:00 ok && -
2024-02-16 01:38:02 CHB 1683805?1708018680 第 1 次 等待 3 秒
2024-02-16 01:38:05 CHB 1683805?1708018680 第 1 次 获取到号码【1683805】GSD
2024-02-16 01:38:05 未获取到号码【1683805】GSD，可能号码格式错误
2024-02-16 01:38:05 获取到号码【1683805】的GSD为【-】
2024-02-16 01:38:10 GSD insert 第 1 次 等待 3 秒
2024-02-16 01:38:13 {"status":"bad","gid":"595347","msg":"添加失败！号码【1683805(-|-)】已存在！"}
2024-02-16 01:38:13 随机等待 96 秒，约 1 分钟
2024-02-16 01:38:13 下次操作: 2024-02-16 01:39:49

2024-02-16 01:39:49 开始第 3894 次操作

2024-02-16 01:39:49 开始操作号码 【1683806】
2024-02-16 01:39:54 GSD getOne 第 1 次 等待 3 秒
2024-02-16 01:39:57 查询号码 【1683806】，返回信息 {"status":"ok","msg":"-","gid":"595370","time_insert":"2023-03-16 23:31"}
2024-02-16 01:39:57 查询号码 【1683806】，GSD为【"-"】
2024-02-16 01:39:57 ok && -
2024-02-16 01:39:59 CHB 1683806?1708018797 第 1 次 等待 3 秒
2024-02-16 01:40:02 CHB 1683806?1708018797 第 1 次 获取到号码【1683806】GSD
2024-02-16 01:40:02 未获取到号码【1683806】GSD，可能号码格式错误
2024-02-16 01:40:02 获取到号码【1683806】的GSD为【-】
2024-02-16 01:40:07 GSD insert 第 1 次 等待 3 秒
2024-02-16 01:40:10 {"status":"bad","gid":"595370","msg":"添加失败！号码【1683806(-|-)】已存在！"}
2024-02-16 01:40:10 随机等待 125 秒，约 2 分钟
2024-02-16 01:40:10 下次操作: 2024-02-16 01:42:15

2024-02-16 01:42:15 开始第 3895 次操作

2024-02-16 01:42:15 开始操作号码 【1683807】
2024-02-16 01:42:20 GSD getOne 第 1 次 等待 3 秒
2024-02-16 01:42:23 查询号码 【1683807】，返回信息 {"status":"ok","msg":"-","gid":"595395","time_insert":"2023-03-16 23:51"}
2024-02-16 01:42:23 查询号码 【1683807】，GSD为【"-"】
2024-02-16 01:42:23 ok && -
2024-02-16 01:42:25 CHB 1683807?1708018943 第 1 次 等待 3 秒
2024-02-16 01:42:28 CHB 1683807?1708018943 第 1 次 获取到号码【1683807】GSD
2024-02-16 01:42:28 未获取到号码【1683807】GSD，可能号码格式错误
2024-02-16 01:42:28 获取到号码【1683807】的GSD为【-】
2024-02-16 01:42:33 GSD insert 第 1 次 等待 3 秒
2024-02-16 01:42:36 {"status":"bad","gid":"595395","msg":"添加失败！号码【1683807(-|-)】已存在！"}
2024-02-16 01:42:36 随机等待 159 秒，约 2 分钟
2024-02-16 01:42:36 下次操作: 2024-02-16 01:45:15

2024-02-16 01:45:15 开始第 3896 次操作

2024-02-16 01:45:15 开始操作号码 【1683808】
2024-02-16 01:45:19 GSD getOne 第 1 次 等待 3 秒
2024-02-16 01:45:22 查询号码 【1683808】，返回信息 {"status":"ok","msg":"-","gid":"595419","time_insert":"2023-03-17 00:13"}
2024-02-16 01:45:22 查询号码 【1683808】，GSD为【"-"】
2024-02-16 01:45:22 ok && -
2024-02-16 01:45:26 CHB 1683808?1708019122 第 1 次 等待 3 秒
2024-02-16 01:45:29 CHB 1683808?1708019122 第 1 次 获取到号码【1683808】GSD
2024-02-16 01:45:29 未获取到号码【1683808】GSD，可能号码格式错误
2024-02-16 01:45:29 获取到号码【1683808】的GSD为【-】
2024-02-16 01:45:35 GSD insert 第 1 次 等待 3 秒
2024-02-16 01:45:38 {"status":"bad","gid":"595419","msg":"添加失败！号码【1683808(-|-)】已存在！"}

2024-02-16 02:21:41 开始第 3897 次操作

2024-02-16 02:21:41 开始操作号码 【1683809】
2024-02-16 02:21:45 GSD getOne 第 1 次 等待 3 秒
2024-02-16 02:21:48 查询号码 【1683809】，返回信息 {"status":"ok","msg":"-","gid":"595437","time_insert":"2023-03-17 00:26"}
2024-02-16 02:21:48 查询号码 【1683809】，GSD为【"-"】
2024-02-16 02:21:48 ok && -
2024-02-16 02:21:50 CHB 1683809?1708021308 第 1 次 等待 3 秒
2024-02-16 02:21:53 CHB 1683809?1708021308 第 1 次 获取到号码【1683809】GSD
2024-02-16 02:21:53 未获取到号码【1683809】GSD，可能号码格式错误
2024-02-16 02:21:53 获取到号码【1683809】的GSD为【-】
2024-02-16 02:21:57 GSD insert 第 1 次 等待 3 秒
2024-02-16 02:22:00 {"status":"bad","gid":"595437","msg":"添加失败！号码【1683809(-|-)】已存在！"}
2024-02-16 02:22:00 随机等待 199 秒，约 3 分钟
2024-02-16 02:22:00 下次操作: 2024-02-16 02:25:19

2024-02-16 02:25:19 开始第 3898 次操作

2024-02-16 02:25:19 开始操作号码 【1683810】
2024-02-16 02:25:23 GSD getOne 第 1 次 等待 3 秒
2024-02-16 02:25:26 查询号码 【1683810】，返回信息 {"status":"ok","msg":"-","gid":"595451","time_insert":"2023-03-17 00:39"}
2024-02-16 02:25:26 查询号码 【1683810】，GSD为【"-"】
2024-02-16 02:25:26 ok && -
2024-02-16 02:25:28 CHB 1683810?1708021526 第 1 次 等待 3 秒
2024-02-16 02:25:31 CHB 1683810?1708021526 第 1 次 获取到号码【1683810】GSD
2024-02-16 02:25:31 未获取到号码【1683810】GSD，可能号码格式错误
2024-02-16 02:25:31 获取到号码【1683810】的GSD为【-】
2024-02-16 02:25:35 GSD insert 第 1 次 等待 3 秒
2024-02-16 02:25:38 {"status":"bad","gid":"595451","msg":"添加失败！号码【1683810(-|-)】已存在！"}
2024-02-16 02:25:38 随机等待 91 秒，约 1 分钟
2024-02-16 02:25:38 下次操作: 2024-02-16 02:27:09

2024-02-16 02:27:09 开始第 3899 次操作

2024-02-16 02:27:09 开始操作号码 【1683811】
2024-02-16 02:27:13 GSD getOne 第 1 次 等待 3 秒
2024-02-16 02:27:16 查询号码 【1683811】，返回信息 {"status":"ok","msg":"-","gid":"595474","time_insert":"2023-03-17 00:58"}
2024-02-16 02:27:16 查询号码 【1683811】，GSD为【"-"】
2024-02-16 02:27:16 ok && -
2024-02-16 02:27:18 CHB 1683811?1708021636 第 1 次 等待 3 秒
2024-02-16 02:27:21 CHB 1683811?1708021636 第 1 次 获取到号码【1683811】GSD
2024-02-16 02:27:21 未获取到号码【1683811】GSD，可能号码格式错误
2024-02-16 02:27:21 获取到号码【1683811】的GSD为【-】
2024-02-16 02:27:26 GSD insert 第 1 次 等待 3 秒
2024-02-16 02:27:29 {"status":"bad","gid":"595474","msg":"添加失败！号码【1683811(-|-)】已存在！"}
2024-02-16 02:27:29 随机等待 230 秒，约 3 分钟
2024-02-16 02:27:29 下次操作: 2024-02-16 02:31:19

2024-02-16 02:31:19 开始第 3900 次操作

2024-02-16 02:31:19 开始操作号码 【1683812】
2024-02-16 02:31:23 GSD getOne 第 1 次 等待 3 秒
2024-02-16 02:31:26 查询号码 【1683812】，返回信息 {"status":"ok","msg":"-","gid":"595485","time_insert":"2023-03-17 01:07"}
2024-02-16 02:31:26 查询号码 【1683812】，GSD为【"-"】
2024-02-16 02:31:26 ok && -
2024-02-16 02:31:28 CHB 1683812?1708021886 第 1 次 等待 3 秒
2024-02-16 02:31:31 CHB 1683812?1708021886 第 1 次 获取到号码【1683812】GSD
2024-02-16 02:31:31 未获取到号码【1683812】GSD，可能号码格式错误
2024-02-16 02:31:31 获取到号码【1683812】的GSD为【-】
2024-02-16 02:31:36 GSD insert 第 1 次 等待 3 秒
2024-02-16 02:31:39 {"status":"bad","gid":"595485","msg":"添加失败！号码【1683812(-|-)】已存在！"}

2024-02-16 02:37:40 开始第 3901 次操作

2024-02-16 02:37:40 开始操作号码 【1683813】
2024-02-16 02:37:46 GSD getOne 第 1 次 等待 3 秒
2024-02-16 02:37:49 查询号码 【1683813】，返回信息 {"status":"ok","msg":"-","gid":"595513","time_insert":"2023-03-17 01:30"}
2024-02-16 02:37:49 查询号码 【1683813】，GSD为【"-"】
2024-02-16 02:37:49 ok && -
2024-02-16 02:37:51 CHB 1683813?1708022269 第 1 次 等待 3 秒
2024-02-16 02:37:54 CHB 1683813?1708022269 第 1 次 获取到号码【1683813】GSD
2024-02-16 02:37:54 未获取到号码【1683813】GSD，可能号码格式错误
2024-02-16 02:37:54 获取到号码【1683813】的GSD为【-】
2024-02-16 02:38:00 GSD insert 第 1 次 等待 3 秒
2024-02-16 02:38:03 {"status":"bad","gid":"595513","msg":"添加失败！号码【1683813(-|-)】已存在！"}
2024-02-16 02:38:03 随机等待 200 秒，约 3 分钟
2024-02-16 02:38:03 下次操作: 2024-02-16 02:41:23

2024-02-16 02:41:23 开始第 3902 次操作

2024-02-16 02:41:23 开始操作号码 【1683814】
2024-02-16 02:41:28 GSD getOne 第 1 次 等待 3 秒
2024-02-16 02:41:31 查询号码 【1683814】，返回信息 {"status":"ok","msg":"-","gid":"595538","time_insert":"2023-03-17 01:45"}
2024-02-16 02:41:31 查询号码 【1683814】，GSD为【"-"】
2024-02-16 02:41:31 ok && -
2024-02-16 02:41:32 CHB 1683814?1708022491 第 1 次 等待 3 秒
2024-02-16 02:41:35 CHB 1683814?1708022491 第 1 次 获取到号码【1683814】GSD
2024-02-16 02:41:35 未获取到号码【1683814】GSD，可能号码格式错误
2024-02-16 02:41:35 获取到号码【1683814】的GSD为【-】
2024-02-16 02:41:40 GSD insert 第 1 次 等待 3 秒
2024-02-16 02:41:43 {"status":"bad","gid":"595538","msg":"添加失败！号码【1683814(-|-)】已存在！"}
2024-02-16 02:41:43 随机等待 120 秒，约 2 分钟
2024-02-16 02:41:43 下次操作: 2024-02-16 02:43:43

2024-02-16 02:43:43 开始第 3903 次操作

2024-02-16 02:43:43 开始操作号码 【1683815】
2024-02-16 02:43:49 GSD getOne 第 1 次 等待 3 秒
2024-02-16 02:43:52 查询号码 【1683815】，返回信息 {"status":"ok","msg":"-","gid":"595552","time_insert":"2023-03-17 01:57"}
2024-02-16 02:43:52 查询号码 【1683815】，GSD为【"-"】
2024-02-16 02:43:52 ok && -
2024-02-16 02:43:54 CHB 1683815?1708022632 第 1 次 等待 3 秒
2024-02-16 02:43:57 CHB 1683815?1708022632 第 1 次 获取到号码【1683815】GSD
2024-02-16 02:43:57 未获取到号码【1683815】GSD，可能号码格式错误
2024-02-16 02:43:57 获取到号码【1683815】的GSD为【-】
2024-02-16 02:44:02 GSD insert 第 1 次 等待 3 秒
2024-02-16 02:44:05 {"status":"bad","gid":"595552","msg":"添加失败！号码【1683815(-|-)】已存在！"}
2024-02-16 02:44:05 随机等待 129 秒，约 2 分钟
2024-02-16 02:44:05 下次操作: 2024-02-16 02:46:14

2024-02-16 02:46:14 开始第 3904 次操作

2024-02-16 02:46:14 开始操作号码 【1683816】
2024-02-16 02:46:18 GSD getOne 第 1 次 等待 3 秒
2024-02-16 02:46:21 查询号码 【1683816】，返回信息 {"status":"ok","msg":"-","gid":"595579","time_insert":"2023-03-17 02:17"}
2024-02-16 02:46:21 查询号码 【1683816】，GSD为【"-"】
2024-02-16 02:46:21 ok && -
2024-02-16 02:46:23 CHB 1683816?1708022781 第 1 次 等待 3 秒
2024-02-16 02:46:26 CHB 1683816?1708022781 第 1 次 获取到号码【1683816】GSD
2024-02-16 02:46:26 未获取到号码【1683816】GSD，可能号码格式错误
2024-02-16 02:46:26 获取到号码【1683816】的GSD为【-】
2024-02-16 02:46:30 GSD insert 第 1 次 等待 3 秒
2024-02-16 02:46:33 {"status":"bad","gid":"595579","msg":"添加失败！号码【1683816(-|-)】已存在！"}

2024-02-16 03:13:51 开始第 3905 次操作

2024-02-16 03:13:51 开始操作号码 【1683817】
2024-02-16 03:13:56 GSD getOne 第 1 次 等待 3 秒
2024-02-16 03:13:59 查询号码 【1683817】，返回信息 {"status":"ok","msg":"-","gid":"595599","time_insert":"2023-03-17 02:37"}
2024-02-16 03:13:59 查询号码 【1683817】，GSD为【"-"】
2024-02-16 03:13:59 ok && -
2024-02-16 03:14:01 CHB 1683817?1708024439 第 1 次 等待 3 秒
2024-02-16 03:14:04 CHB 1683817?1708024439 第 1 次 获取到号码【1683817】GSD
2024-02-16 03:14:04 未获取到号码【1683817】GSD，可能号码格式错误
2024-02-16 03:14:04 获取到号码【1683817】的GSD为【-】
2024-02-16 03:14:10 GSD insert 第 1 次 等待 3 秒
2024-02-16 03:14:13 {"status":"bad","gid":"595599","msg":"添加失败！号码【1683817(-|-)】已存在！"}
2024-02-16 03:14:13 随机等待 183 秒，约 3 分钟
2024-02-16 03:14:13 下次操作: 2024-02-16 03:17:16

2024-02-16 03:17:16 开始第 3906 次操作

2024-02-16 03:17:16 开始操作号码 【1683818】
2024-02-16 03:17:21 GSD getOne 第 1 次 等待 3 秒
2024-02-16 03:17:24 查询号码 【1683818】，返回信息 {"status":"ok","msg":"-","gid":"595618","time_insert":"2023-03-17 02:50"}
2024-02-16 03:17:24 查询号码 【1683818】，GSD为【"-"】
2024-02-16 03:17:24 ok && -
2024-02-16 03:17:26 CHB 1683818?1708024644 第 1 次 等待 3 秒
2024-02-16 03:17:29 CHB 1683818?1708024644 第 1 次 获取到号码【1683818】GSD
2024-02-16 03:17:29 未获取到号码【1683818】GSD，可能号码格式错误
2024-02-16 03:17:29 获取到号码【1683818】的GSD为【-】
2024-02-16 03:17:33 GSD insert 第 1 次 等待 3 秒
2024-02-16 03:17:36 {"status":"bad","gid":"595618","msg":"添加失败！号码【1683818(-|-)】已存在！"}
2024-02-16 03:17:36 随机等待 199 秒，约 3 分钟
2024-02-16 03:17:36 下次操作: 2024-02-16 03:20:55

2024-02-16 03:20:56 开始第 3907 次操作

2024-02-16 03:20:56 开始操作号码 【1683819】
2024-02-16 03:21:00 GSD getOne 第 1 次 等待 3 秒
2024-02-16 03:21:03 查询号码 【1683819】，返回信息 {"status":"ok","msg":"-","gid":"595642","time_insert":"2023-03-17 03:09"}
2024-02-16 03:21:03 查询号码 【1683819】，GSD为【"-"】
2024-02-16 03:21:03 ok && -
2024-02-16 03:21:05 CHB 1683819?1708024863 第 1 次 等待 3 秒
2024-02-16 03:21:08 CHB 1683819?1708024863 第 1 次 获取到号码【1683819】GSD
2024-02-16 03:21:08 未获取到号码【1683819】GSD，可能号码格式错误
2024-02-16 03:21:08 获取到号码【1683819】的GSD为【-】
2024-02-16 03:21:12 GSD insert 第 1 次 等待 3 秒
2024-02-16 03:21:15 {"status":"bad","gid":"595642","msg":"添加失败！号码【1683819(-|-)】已存在！"}
2024-02-16 03:21:15 随机等待 130 秒，约 2 分钟
2024-02-16 03:21:15 下次操作: 2024-02-16 03:23:25

2024-02-16 03:23:25 开始第 3908 次操作

2024-02-16 03:23:25 开始操作号码 【1683820】
2024-02-16 03:23:30 GSD getOne 第 1 次 等待 3 秒
2024-02-16 03:23:33 查询号码 【1683820】，返回信息 {"status":"ok","msg":"-","gid":"595654","time_insert":"2023-03-17 03:19"}
2024-02-16 03:23:33 查询号码 【1683820】，GSD为【"-"】
2024-02-16 03:23:33 ok && -
2024-02-16 03:23:35 CHB 1683820?1708025013 第 1 次 等待 3 秒
2024-02-16 03:23:38 CHB 1683820?1708025013 第 1 次 获取到号码【1683820】GSD
2024-02-16 03:23:38 未获取到号码【1683820】GSD，可能号码格式错误
2024-02-16 03:23:38 获取到号码【1683820】的GSD为【-】
2024-02-16 03:23:42 GSD insert 第 1 次 等待 3 秒
2024-02-16 03:23:45 {"status":"bad","gid":"595654","msg":"添加失败！号码【1683820(-|-)】已存在！"}

