2024-04-29 00:20:04 开始第 6021 次操作

2024-04-29 00:20:05 开始操作号码 【1575934】
2024-04-29 00:20:11 GSD getOne 第 1 次 等待 3 秒
2024-04-29 00:20:14 查询号码 【1575934】，返回信息 {"status":"ok","msg":"福建-宁德","gid":"414462","time_insert":"2021-07-27 15:46"}
2024-04-29 00:20:14 查询号码 【1575934】，GSD为【"福建-宁德"】

2024-04-29 00:20:15 开始第 6022 次操作

2024-04-29 00:20:15 开始操作号码 【1575935】
2024-04-29 00:20:21 GSD getOne 第 1 次 等待 3 秒
2024-04-29 00:20:24 查询号码 【1575935】，返回信息 {"status":"ok","msg":"福建-莆田","gid":"414454","time_insert":"2021-07-27 15:46"}
2024-04-29 00:20:24 查询号码 【1575935】，GSD为【"福建-莆田"】

2024-04-29 00:20:25 开始第 6023 次操作

2024-04-29 00:20:25 开始操作号码 【1575936】
2024-04-29 00:20:31 GSD getOne 第 1 次 等待 3 秒
2024-04-29 00:20:34 查询号码 【1575936】，返回信息 {"status":"ok","msg":"福建-莆田","gid":"414444","time_insert":"2021-07-27 15:45"}
2024-04-29 00:20:34 查询号码 【1575936】，GSD为【"福建-莆田"】

2024-04-29 00:20:35 开始第 6024 次操作

2024-04-29 00:20:35 开始操作号码 【1575937】
2024-04-29 00:20:41 GSD getOne 第 1 次 等待 3 秒
2024-04-29 00:20:44 查询号码 【1575937】，返回信息 {"status":"ok","msg":"福建-莆田","gid":"414436","time_insert":"2021-07-27 15:45"}
2024-04-29 00:20:44 查询号码 【1575937】，GSD为【"福建-莆田"】

