2024-09-19 00:24:14 开始第 5285 次操作

2024-09-19 00:24:14 开始操作号码 【1355284】
2024-09-19 00:24:24 GSD getOne 第 1 次 等待 3 秒
2024-09-19 00:24:27 查询号码 【1355284】，返回信息 {"status":"ok","msg":"北京-北京","gid":"195948","time_insert":"2021-07-05 06:31"}
2024-09-19 00:24:27 查询号码 【1355284】，GSD为【"北京-北京"】

2024-09-19 00:24:28 开始第 5286 次操作

2024-09-19 00:24:28 开始操作号码 【1355285】
2024-09-19 00:24:42 GSD getOne 第 1 次 等待 3 秒
2024-09-19 00:24:45 查询号码 【1355285】，返回信息 {"status":"ok","msg":"北京-北京","gid":"196001","time_insert":"2021-07-05 06:43"}
2024-09-19 00:24:45 查询号码 【1355285】，GSD为【"北京-北京"】

2024-09-19 00:24:46 开始第 5287 次操作

2024-09-19 00:24:46 开始操作号码 【1355286】
2024-09-19 00:24:55 GSD getOne 第 1 次 等待 3 秒
2024-09-19 00:24:58 查询号码 【1355286】，返回信息 {"status":"ok","msg":"北京-北京","gid":"196165","time_insert":"2021-07-05 06:56","time_update":"2021-07-05 08:03"}
2024-09-19 00:24:58 查询号码 【1355286】，GSD为【"北京-北京"】

2024-09-19 00:24:59 开始第 5288 次操作

2024-09-19 00:24:59 开始操作号码 【1355287】
2024-09-19 00:25:07 GSD getOne 第 1 次 等待 3 秒
2024-09-19 00:25:10 查询号码 【1355287】，返回信息 {"status":"ok","msg":"北京-北京","gid":"196224","time_insert":"2021-07-05 07:08","time_update":"2021-07-05 08:38"}
2024-09-19 00:25:10 查询号码 【1355287】，GSD为【"北京-北京"】

