2023-12-02 00:22:30 开始第 893 次操作

2023-12-02 00:22:30 开始操作号码 【1790808】
2023-12-02 00:22:34 GSD getOne 第 1 次 等待 3 秒
2023-12-02 00:22:37 查询号码 【1790808】，返回信息 {"status":"ok","msg":"-","gid":"557067","time_insert":"2023-02-26 20:08"}
2023-12-02 00:22:37 查询号码 【1790808】，GSD为【"-"】
2023-12-02 00:22:37 ok && -
2023-12-02 00:22:40 CHB 1790808?1701447757 第 1 次 等待 3 秒
2023-12-02 00:22:43 CHB 1790808?1701447757 第 1 次 获取到号码【1790808】GSD
2023-12-02 00:22:43 未获取到号码【1790808】GSD，可能号码格式错误
2023-12-02 00:22:43 获取到号码【1790808】的GSD为【-】
2023-12-02 00:22:48 GSD insert 第 1 次 等待 3 秒
2023-12-02 00:22:51 {"status":"bad","gid":"557067","msg":"添加失败！号码【1790808(-|-)】已存在！"}
2023-12-02 00:22:51 随机等待 206 秒，约 3 分钟
2023-12-02 00:22:51 下次操作: 2023-12-02 00:26:17

2023-12-02 00:26:17 开始第 894 次操作

2023-12-02 00:26:17 开始操作号码 【1790809】
2023-12-02 00:26:22 GSD getOne 第 1 次 等待 3 秒
2023-12-02 00:26:25 查询号码 【1790809】，返回信息 {"status":"ok","msg":"-","gid":"557091","time_insert":"2023-02-26 20:25"}
2023-12-02 00:26:25 查询号码 【1790809】，GSD为【"-"】
2023-12-02 00:26:25 ok && -
2023-12-02 00:26:29 CHB 1790809?1701447985 第 1 次 等待 3 秒
2023-12-02 00:26:32 CHB 1790809?1701447985 第 1 次 获取到号码【1790809】GSD
2023-12-02 00:26:32 未获取到号码【1790809】GSD，可能号码格式错误
2023-12-02 00:26:32 获取到号码【1790809】的GSD为【-】
2023-12-02 00:26:35 GSD insert 第 1 次 等待 3 秒
2023-12-02 00:26:38 {"status":"bad","gid":"557091","msg":"添加失败！号码【1790809(-|-)】已存在！"}
2023-12-02 00:26:38 随机等待 139 秒，约 2 分钟
2023-12-02 00:26:38 下次操作: 2023-12-02 00:28:57

2023-12-02 00:28:57 开始第 895 次操作

2023-12-02 00:28:57 开始操作号码 【1790810】
2023-12-02 00:29:08 GSD getOne 第 1 次 等待 3 秒
2023-12-02 00:29:11 查询号码 【1790810】，返回信息 {"status":"ok","msg":"-","gid":"557113","time_insert":"2023-02-26 20:44"}
2023-12-02 00:29:11 查询号码 【1790810】，GSD为【"-"】
2023-12-02 00:29:11 ok && -
2023-12-02 00:29:14 CHB 1790810?1701448151 第 1 次 等待 3 秒
2023-12-02 00:29:17 CHB 1790810?1701448151 第 1 次 获取到号码【1790810】GSD
2023-12-02 00:29:17 未获取到号码【1790810】GSD，可能号码格式错误
2023-12-02 00:29:17 获取到号码【1790810】的GSD为【-】
2023-12-02 00:29:21 GSD insert 第 1 次 等待 3 秒
2023-12-02 00:29:24 {"status":"bad","gid":"557113","msg":"添加失败！号码【1790810(-|-)】已存在！"}
2023-12-02 00:29:24 随机等待 105 秒，约 1 分钟
2023-12-02 00:29:24 下次操作: 2023-12-02 00:31:09

2023-12-02 00:31:09 开始第 896 次操作

2023-12-02 00:31:09 开始操作号码 【1790811】
2023-12-02 00:31:13 GSD getOne 第 1 次 等待 3 秒
2023-12-02 00:31:16 查询号码 【1790811】，返回信息 {"status":"ok","msg":"-","gid":"557139","time_insert":"2023-02-26 21:01"}
2023-12-02 00:31:16 查询号码 【1790811】，GSD为【"-"】
2023-12-02 00:31:16 ok && -
2023-12-02 00:31:19 CHB 1790811?1701448276 第 1 次 等待 3 秒
2023-12-02 00:31:22 CHB 1790811?1701448276 第 1 次 获取到号码【1790811】GSD
2023-12-02 00:31:22 未获取到号码【1790811】GSD，可能号码格式错误
2023-12-02 00:31:22 获取到号码【1790811】的GSD为【-】
2023-12-02 00:31:26 GSD insert 第 1 次 等待 3 秒
2023-12-02 00:31:29 {"status":"bad","gid":"557139","msg":"添加失败！号码【1790811(-|-)】已存在！"}

2023-12-02 00:41:07 开始第 897 次操作

2023-12-02 00:41:07 开始操作号码 【1790812】
2023-12-02 00:41:11 GSD getOne 第 1 次 等待 3 秒
2023-12-02 00:41:14 查询号码 【1790812】，返回信息 {"status":"ok","msg":"-","gid":"557162","time_insert":"2023-02-26 21:21"}
2023-12-02 00:41:14 查询号码 【1790812】，GSD为【"-"】
2023-12-02 00:41:14 ok && -
2023-12-02 00:41:17 CHB 1790812?1701448874 第 1 次 等待 3 秒
2023-12-02 00:41:20 CHB 1790812?1701448874 第 1 次 获取到号码【1790812】GSD
2023-12-02 00:41:20 未获取到号码【1790812】GSD，可能号码格式错误
2023-12-02 00:41:20 获取到号码【1790812】的GSD为【-】
2023-12-02 00:41:23 GSD insert 第 1 次 等待 3 秒
2023-12-02 00:41:26 {"status":"bad","gid":"557162","msg":"添加失败！号码【1790812(-|-)】已存在！"}
2023-12-02 00:41:26 随机等待 84 秒，约 1 分钟
2023-12-02 00:41:26 下次操作: 2023-12-02 00:42:50

2023-12-02 00:42:50 开始第 898 次操作

2023-12-02 00:42:50 开始操作号码 【1790813】
2023-12-02 00:42:54 GSD getOne 第 1 次 等待 3 秒
2023-12-02 00:42:57 查询号码 【1790813】，返回信息 {"status":"ok","msg":"-","gid":"557189","time_insert":"2023-02-26 21:38"}
2023-12-02 00:42:57 查询号码 【1790813】，GSD为【"-"】
2023-12-02 00:42:57 ok && -
2023-12-02 00:42:58 CHB 1790813?1701448977 第 1 次 等待 3 秒
2023-12-02 00:43:01 CHB 1790813?1701448977 第 1 次 获取到号码【1790813】GSD
2023-12-02 00:43:02 未获取到号码【1790813】GSD，可能号码格式错误
2023-12-02 00:43:02 获取到号码【1790813】的GSD为【-】
2023-12-02 00:43:05 GSD insert 第 1 次 等待 3 秒
2023-12-02 00:43:08 {"status":"bad","gid":"557189","msg":"添加失败！号码【1790813(-|-)】已存在！"}
2023-12-02 00:43:08 随机等待 140 秒，约 2 分钟
2023-12-02 00:43:08 下次操作: 2023-12-02 00:45:28

2023-12-02 00:45:28 开始第 899 次操作

2023-12-02 00:45:28 开始操作号码 【1790814】
2023-12-02 00:45:31 GSD getOne 第 1 次 等待 3 秒
2023-12-02 00:45:34 查询号码 【1790814】，返回信息 {"status":"ok","msg":"-","gid":"557220","time_insert":"2023-02-26 21:54"}
2023-12-02 00:45:34 查询号码 【1790814】，GSD为【"-"】
2023-12-02 00:45:34 ok && -
2023-12-02 00:45:36 CHB 1790814?1701449134 第 1 次 等待 3 秒
2023-12-02 00:45:39 CHB 1790814?1701449134 第 1 次 获取到号码【1790814】GSD
2023-12-02 00:45:39 未获取到号码【1790814】GSD，可能号码格式错误
2023-12-02 00:45:39 获取到号码【1790814】的GSD为【-】
2023-12-02 00:45:43 GSD insert 第 1 次 等待 3 秒
2023-12-02 00:45:46 {"status":"bad","gid":"557220","msg":"添加失败！号码【1790814(-|-)】已存在！"}
2023-12-02 00:45:46 随机等待 84 秒，约 1 分钟
2023-12-02 00:45:46 下次操作: 2023-12-02 00:47:10

2023-12-02 00:47:11 开始第 900 次操作

2023-12-02 00:47:11 开始操作号码 【1790815】
2023-12-02 00:47:15 GSD getOne 第 1 次 等待 3 秒
2023-12-02 00:47:18 查询号码 【1790815】，返回信息 {"status":"ok","msg":"-","gid":"557246","time_insert":"2023-02-26 22:12"}
2023-12-02 00:47:18 查询号码 【1790815】，GSD为【"-"】
2023-12-02 00:47:18 ok && -
2023-12-02 00:47:19 CHB 1790815?1701449238 第 1 次 等待 3 秒
2023-12-02 00:47:22 CHB 1790815?1701449238 第 1 次 获取到号码【1790815】GSD
2023-12-02 00:47:22 未获取到号码【1790815】GSD，可能号码格式错误
2023-12-02 00:47:22 获取到号码【1790815】的GSD为【-】
2023-12-02 00:47:25 GSD insert 第 1 次 等待 3 秒
2023-12-02 00:47:28 {"status":"bad","gid":"557246","msg":"添加失败！号码【1790815(-|-)】已存在！"}

2023-12-02 01:15:50 开始第 901 次操作

2023-12-02 01:15:50 开始操作号码 【1790816】
2023-12-02 01:15:54 GSD getOne 第 1 次 等待 3 秒
2023-12-02 01:15:57 查询号码 【1790816】，返回信息 {"status":"ok","msg":"-","gid":"557275","time_insert":"2023-02-26 22:30"}
2023-12-02 01:15:57 查询号码 【1790816】，GSD为【"-"】
2023-12-02 01:15:57 ok && -
2023-12-02 01:16:00 CHB 1790816?1701450957 第 1 次 等待 3 秒
2023-12-02 01:16:03 CHB 1790816?1701450957 第 1 次 获取到号码【1790816】GSD
2023-12-02 01:16:03 未获取到号码【1790816】GSD，可能号码格式错误
2023-12-02 01:16:03 获取到号码【1790816】的GSD为【-】
2023-12-02 01:16:10 GSD insert 第 1 次 等待 3 秒
2023-12-02 01:16:13 {"status":"bad","gid":"557275","msg":"添加失败！号码【1790816(-|-)】已存在！"}
2023-12-02 01:16:13 随机等待 71 秒，约 1 分钟
2023-12-02 01:16:13 下次操作: 2023-12-02 01:17:24

2023-12-02 01:17:24 开始第 902 次操作

2023-12-02 01:17:24 开始操作号码 【1790817】
2023-12-02 01:17:27 GSD getOne 第 1 次 等待 3 秒
2023-12-02 01:17:30 查询号码 【1790817】，返回信息 {"status":"ok","msg":"-","gid":"557300","time_insert":"2023-02-26 22:45"}
2023-12-02 01:17:30 查询号码 【1790817】，GSD为【"-"】
2023-12-02 01:17:30 ok && -
2023-12-02 01:17:32 CHB 1790817?1701451050 第 1 次 等待 3 秒
2023-12-02 01:17:35 CHB 1790817?1701451050 第 1 次 获取到号码【1790817】GSD
2023-12-02 01:17:36 未获取到号码【1790817】GSD，可能号码格式错误
2023-12-02 01:17:36 获取到号码【1790817】的GSD为【-】
2023-12-02 01:17:39 GSD insert 第 1 次 等待 3 秒
2023-12-02 01:17:42 {"status":"bad","gid":"557300","msg":"添加失败！号码【1790817(-|-)】已存在！"}
2023-12-02 01:17:42 随机等待 165 秒，约 2 分钟
2023-12-02 01:17:42 下次操作: 2023-12-02 01:20:27

2023-12-02 01:20:27 开始第 903 次操作

2023-12-02 01:20:27 开始操作号码 【1790818】
2023-12-02 01:20:31 GSD getOne 第 1 次 等待 3 秒
2023-12-02 01:20:34 查询号码 【1790818】，返回信息 {"status":"ok","msg":"-","gid":"557328","time_insert":"2023-02-26 23:03"}
2023-12-02 01:20:34 查询号码 【1790818】，GSD为【"-"】
2023-12-02 01:20:34 ok && -
2023-12-02 01:20:37 CHB 1790818?1701451234 第 1 次 等待 3 秒
2023-12-02 01:20:40 CHB 1790818?1701451234 第 1 次 获取到号码【1790818】GSD
2023-12-02 01:20:40 未获取到号码【1790818】GSD，可能号码格式错误
2023-12-02 01:20:40 获取到号码【1790818】的GSD为【-】
2023-12-02 01:20:44 GSD insert 第 1 次 等待 3 秒
2023-12-02 01:20:47 {"status":"bad","gid":"557328","msg":"添加失败！号码【1790818(-|-)】已存在！"}
2023-12-02 01:20:47 随机等待 208 秒，约 3 分钟
2023-12-02 01:20:47 下次操作: 2023-12-02 01:24:15

2023-12-02 01:24:15 开始第 904 次操作

2023-12-02 01:24:15 开始操作号码 【1790819】
2023-12-02 01:24:18 GSD getOne 第 1 次 等待 3 秒
2023-12-02 01:24:21 查询号码 【1790819】，返回信息 {"status":"ok","msg":"-","gid":"557354","time_insert":"2023-02-26 23:19"}
2023-12-02 01:24:21 查询号码 【1790819】，GSD为【"-"】
2023-12-02 01:24:21 ok && -
2023-12-02 01:24:25 CHB 1790819?1701451461 第 1 次 等待 3 秒
2023-12-02 01:24:28 CHB 1790819?1701451461 第 1 次 获取到号码【1790819】GSD
2023-12-02 01:24:28 未获取到号码【1790819】GSD，可能号码格式错误
2023-12-02 01:24:28 获取到号码【1790819】的GSD为【-】
2023-12-02 01:24:32 GSD insert 第 1 次 等待 3 秒
2023-12-02 01:24:35 {"status":"bad","gid":"557354","msg":"添加失败！号码【1790819(-|-)】已存在！"}

2023-12-02 01:37:48 开始第 905 次操作

2023-12-02 01:37:48 开始操作号码 【1790820】
2023-12-02 01:37:52 GSD getOne 第 1 次 等待 3 秒
2023-12-02 01:37:55 查询号码 【1790820】，返回信息 {"status":"ok","msg":"-","gid":"557382","time_insert":"2023-02-26 23:37"}
2023-12-02 01:37:55 查询号码 【1790820】，GSD为【"-"】
2023-12-02 01:37:55 ok && -
2023-12-02 01:37:57 CHB 1790820?1701452275 第 1 次 等待 3 秒
2023-12-02 01:38:00 CHB 1790820?1701452275 第 1 次 获取到号码【1790820】GSD
2023-12-02 01:38:00 未获取到号码【1790820】GSD，可能号码格式错误
2023-12-02 01:38:00 获取到号码【1790820】的GSD为【-】
2023-12-02 01:38:06 GSD insert 第 1 次 等待 3 秒
2023-12-02 01:38:09 {"status":"bad","gid":"557382","msg":"添加失败！号码【1790820(-|-)】已存在！"}
2023-12-02 01:38:09 随机等待 181 秒，约 3 分钟
2023-12-02 01:38:09 下次操作: 2023-12-02 01:41:10

2023-12-02 01:41:10 开始第 906 次操作

2023-12-02 01:41:10 开始操作号码 【1790821】
2023-12-02 01:41:17 GSD getOne 第 1 次 等待 3 秒
2023-12-02 01:41:20 查询号码 【1790821】，返回信息 {"status":"ok","msg":"-","gid":"557413","time_insert":"2023-02-26 23:55"}
2023-12-02 01:41:20 查询号码 【1790821】，GSD为【"-"】
2023-12-02 01:41:20 ok && -
2023-12-02 01:41:22 CHB 1790821?1701452480 第 1 次 等待 3 秒
2023-12-02 01:41:25 CHB 1790821?1701452480 第 1 次 获取到号码【1790821】GSD
2023-12-02 01:41:25 未获取到号码【1790821】GSD，可能号码格式错误
2023-12-02 01:41:25 获取到号码【1790821】的GSD为【-】
2023-12-02 01:41:29 GSD insert 第 1 次 等待 3 秒
2023-12-02 01:41:32 {"status":"bad","gid":"557413","msg":"添加失败！号码【1790821(-|-)】已存在！"}
2023-12-02 01:41:32 随机等待 111 秒，约 1 分钟
2023-12-02 01:41:32 下次操作: 2023-12-02 01:43:23

2023-12-02 01:43:23 开始第 907 次操作

2023-12-02 01:43:23 开始操作号码 【1790822】
2023-12-02 01:43:27 GSD getOne 第 1 次 等待 3 秒
2023-12-02 01:43:30 查询号码 【1790822】，返回信息 {"status":"ok","msg":"-","gid":"557440","time_insert":"2023-02-27 00:11"}
2023-12-02 01:43:30 查询号码 【1790822】，GSD为【"-"】
2023-12-02 01:43:30 ok && -
2023-12-02 01:43:32 CHB 1790822?1701452610 第 1 次 等待 3 秒
2023-12-02 01:43:35 CHB 1790822?1701452610 第 1 次 获取到号码【1790822】GSD
2023-12-02 01:43:35 未获取到号码【1790822】GSD，可能号码格式错误
2023-12-02 01:43:35 获取到号码【1790822】的GSD为【-】
2023-12-02 01:43:38 GSD insert 第 1 次 等待 3 秒
2023-12-02 01:43:41 {"status":"bad","gid":"557440","msg":"添加失败！号码【1790822(-|-)】已存在！"}
2023-12-02 01:43:41 随机等待 196 秒，约 3 分钟
2023-12-02 01:43:41 下次操作: 2023-12-02 01:46:57

2023-12-02 01:46:57 开始第 908 次操作

2023-12-02 01:46:57 开始操作号码 【1790823】
2023-12-02 01:47:01 GSD getOne 第 1 次 等待 3 秒
2023-12-02 01:47:04 查询号码 【1790823】，返回信息 {"status":"ok","msg":"-","gid":"557467","time_insert":"2023-02-27 00:29"}
2023-12-02 01:47:04 查询号码 【1790823】，GSD为【"-"】
2023-12-02 01:47:04 ok && -
2023-12-02 01:47:06 CHB 1790823?1701452824 第 1 次 等待 3 秒
2023-12-02 01:47:09 CHB 1790823?1701452824 第 1 次 获取到号码【1790823】GSD
2023-12-02 01:47:09 未获取到号码【1790823】GSD，可能号码格式错误
2023-12-02 01:47:09 获取到号码【1790823】的GSD为【-】
2023-12-02 01:47:12 GSD insert 第 1 次 等待 3 秒
2023-12-02 01:47:15 {"status":"bad","gid":"557467","msg":"添加失败！号码【1790823(-|-)】已存在！"}

