2024-08-25 00:20:44 开始第 981 次操作

2024-08-25 00:20:44 开始操作号码 【1350980】
2024-08-25 00:20:53 GSD getOne 第 1 次 等待 3 秒
2024-08-25 00:20:56 查询号码 【1350980】，返回信息 {"status":"ok","msg":"广东-东莞","gid":"62239","time_insert":"2021-05-19 04:10"}
2024-08-25 00:20:56 查询号码 【1350980】，GSD为【"广东-东莞"】

2024-08-25 00:20:57 开始第 982 次操作

2024-08-25 00:20:57 开始操作号码 【1350981】
2024-08-25 00:21:05 GSD getOne 第 1 次 等待 3 秒
2024-08-25 00:21:08 查询号码 【1350981】，返回信息 {"status":"ok","msg":"广东-东莞","gid":"5150","time_insert":"2018-11-30 09:47","time_update":"2020-09-25 23:31"}
2024-08-25 00:21:08 查询号码 【1350981】，GSD为【"广东-东莞"】

2024-08-25 00:21:09 开始第 983 次操作

2024-08-25 00:21:09 开始操作号码 【1350982】
2024-08-25 00:21:17 GSD getOne 第 1 次 等待 3 秒
2024-08-25 00:21:20 查询号码 【1350982】，返回信息 {"status":"ok","msg":"广东-东莞","gid":"62248","time_insert":"2021-05-19 04:31"}
2024-08-25 00:21:20 查询号码 【1350982】，GSD为【"广东-东莞"】

2024-08-25 00:21:21 开始第 984 次操作

2024-08-25 00:21:21 开始操作号码 【1350983】
2024-08-25 00:21:29 GSD getOne 第 1 次 等待 3 秒
2024-08-25 00:21:32 查询号码 【1350983】，返回信息 {"status":"ok","msg":"广东-东莞","gid":"62257","time_insert":"2021-05-19 04:53"}
2024-08-25 00:21:32 查询号码 【1350983】，GSD为【"广东-东莞"】

