2024-05-09 00:22:33 开始第 7789 次操作

2024-05-09 00:22:33 开始操作号码 【1577702】
2024-05-09 00:22:41 GSD getOne 第 1 次 等待 3 秒
2024-05-09 00:22:44 查询号码 【1577702】，返回信息 {"status":"ok","msg":"广西-防城港","gid":"24121","time_insert":"2016-05-28 10:13","time_update":"2020-12-17 17:35"}
2024-05-09 00:22:44 查询号码 【1577702】，GSD为【"广西-防城港"】

2024-05-09 00:22:45 开始第 7790 次操作

2024-05-09 00:22:45 开始操作号码 【1577703】
2024-05-09 00:22:56 GSD getOne 第 1 次 等待 3 秒
2024-05-09 00:22:59 查询号码 【1577703】，返回信息 {"status":"ok","msg":"广西-防城港","gid":"395940","time_insert":"2021-07-26 01:45"}
2024-05-09 00:22:59 查询号码 【1577703】，GSD为【"广西-防城港"】

2024-05-09 00:23:00 开始第 7791 次操作

2024-05-09 00:23:00 开始操作号码 【1577704】
2024-05-09 00:23:06 GSD getOne 第 1 次 等待 3 秒
2024-05-09 00:23:09 查询号码 【1577704】，返回信息 {"status":"ok","msg":"广西-防城港","gid":"395925","time_insert":"2021-07-26 01:45"}
2024-05-09 00:23:09 查询号码 【1577704】，GSD为【"广西-防城港"】

2024-05-09 00:23:10 开始第 7792 次操作

2024-05-09 00:23:10 开始操作号码 【1577705】
2024-05-09 00:23:16 GSD getOne 第 1 次 等待 3 秒
2024-05-09 00:23:19 查询号码 【1577705】，返回信息 {"status":"ok","msg":"广西-防城港","gid":"395912","time_insert":"2021-07-26 01:44"}
2024-05-09 00:23:19 查询号码 【1577705】，GSD为【"广西-防城港"】

2024-05-09 00:42:09 开始第 7793 次操作

2024-05-09 00:42:09 开始操作号码 【1577706】
2024-05-09 00:42:25 GSD getOne 第 1 次 等待 3 秒
2024-05-09 00:42:28 查询号码 【1577706】，返回信息 {"status":"ok","msg":"广西-玉林","gid":"395896","time_insert":"2021-07-26 01:43"}
2024-05-09 00:42:28 查询号码 【1577706】，GSD为【"广西-玉林"】

2024-05-09 00:42:29 开始第 7794 次操作

2024-05-09 00:42:29 开始操作号码 【1577707】
2024-05-09 00:42:49 GSD getOne 第 1 次 等待 3 秒
2024-05-09 00:42:52 查询号码 【1577707】，返回信息 {"status":"ok","msg":"广西-防城港","gid":"395887","time_insert":"2021-07-26 01:42"}
2024-05-09 00:42:52 查询号码 【1577707】，GSD为【"广西-防城港"】

2024-05-09 00:42:53 开始第 7795 次操作

2024-05-09 00:42:53 开始操作号码 【1577708】
2024-05-09 00:43:01 GSD getOne 第 1 次 等待 3 秒
2024-05-09 00:43:04 查询号码 【1577708】，返回信息 {"status":"ok","msg":"广西-北海","gid":"395851","time_insert":"2021-07-26 01:38"}
2024-05-09 00:43:04 查询号码 【1577708】，GSD为【"广西-北海"】

2024-05-09 00:43:05 开始第 7796 次操作

2024-05-09 00:43:05 开始操作号码 【1577709】
2024-05-09 00:43:13 GSD getOne 第 1 次 等待 3 秒
2024-05-09 00:43:16 查询号码 【1577709】，返回信息 {"status":"ok","msg":"广西-北海","gid":"49852","time_insert":"2021-04-21 14:23"}
2024-05-09 00:43:16 查询号码 【1577709】，GSD为【"广西-北海"】

2024-05-09 01:15:11 开始第 7797 次操作

2024-05-09 01:15:11 开始操作号码 【1577710】
2024-05-09 01:15:17 GSD getOne 第 1 次 等待 3 秒
2024-05-09 01:15:20 查询号码 【1577710】，返回信息 {"status":"ok","msg":"广西-南宁","gid":"395848","time_insert":"2021-07-26 01:37"}
2024-05-09 01:15:20 查询号码 【1577710】，GSD为【"广西-南宁"】

2024-05-09 01:15:21 开始第 7798 次操作

2024-05-09 01:15:21 开始操作号码 【1577711】
2024-05-09 01:15:28 GSD getOne 第 1 次 等待 3 秒
2024-05-09 01:15:31 查询号码 【1577711】，返回信息 {"status":"ok","msg":"广西-南宁","gid":"395843","time_insert":"2021-07-26 01:36"}
2024-05-09 01:15:31 查询号码 【1577711】，GSD为【"广西-南宁"】

2024-05-09 01:15:32 开始第 7799 次操作

2024-05-09 01:15:32 开始操作号码 【1577712】
2024-05-09 01:15:38 GSD getOne 第 1 次 等待 3 秒
2024-05-09 01:15:41 查询号码 【1577712】，返回信息 {"status":"ok","msg":"广西-南宁","gid":"395839","time_insert":"2021-07-26 01:35"}
2024-05-09 01:15:41 查询号码 【1577712】，GSD为【"广西-南宁"】

2024-05-09 01:15:42 开始第 7800 次操作

2024-05-09 01:15:42 开始操作号码 【1577713】
2024-05-09 01:15:48 GSD getOne 第 1 次 等待 3 秒
2024-05-09 01:15:51 查询号码 【1577713】，返回信息 {"status":"ok","msg":"广西-南宁","gid":"395835","time_insert":"2021-07-26 01:34"}
2024-05-09 01:15:51 查询号码 【1577713】，GSD为【"广西-南宁"】

