2024-09-21 00:24:29 开始第 5629 次操作

2024-09-21 00:24:29 开始操作号码 【1355628】
2024-09-21 00:24:37 GSD getOne 第 1 次 等待 3 秒
2024-09-21 00:24:40 查询号码 【1355628】，返回信息 {"status":"ok","msg":"广东-惠州","gid":"217863","time_insert":"2021-07-07 23:18"}
2024-09-21 00:24:40 查询号码 【1355628】，GSD为【"广东-惠州"】

2024-09-21 00:24:41 开始第 5630 次操作

2024-09-21 00:24:42 开始操作号码 【1355629】
2024-09-21 00:24:44 GSD getOne 第 1 次 等待 3 秒
2024-09-21 00:24:47 查询号码 【1355629】，返回信息 {"status":"ok","msg":"广东-惠州","gid":"217889","time_insert":"2021-07-07 23:32"}
2024-09-21 00:24:47 查询号码 【1355629】，GSD为【"广东-惠州"】

2024-09-21 00:24:48 开始第 5631 次操作

2024-09-21 00:24:48 开始操作号码 【1355630】
2024-09-21 00:24:50 GSD getOne 第 1 次 等待 3 秒
2024-09-21 00:24:53 查询号码 【1355630】，返回信息 {"status":"ok","msg":"广东-汕头","gid":"217914","time_insert":"2021-07-07 23:47","time_update":"2021-07-08 14:56"}
2024-09-21 00:24:53 查询号码 【1355630】，GSD为【"广东-汕头"】

2024-09-21 00:24:54 开始第 5632 次操作

2024-09-21 00:24:54 开始操作号码 【1355631】
2024-09-21 00:24:56 GSD getOne 第 1 次 等待 3 秒
2024-09-21 00:24:59 查询号码 【1355631】，返回信息 {"status":"ok","msg":"广东-汕头","gid":"6407","time_insert":"2017-04-21 21:58","time_update":"2020-09-26 17:42"}
2024-09-21 00:24:59 查询号码 【1355631】，GSD为【"广东-汕头"】

2024-09-21 00:44:09 开始第 5633 次操作

2024-09-21 00:44:09 开始操作号码 【1355632】
2024-09-21 00:44:12 GSD getOne 第 1 次 等待 3 秒
2024-09-21 00:44:15 查询号码 【1355632】，返回信息 {"status":"ok","msg":"广东-汕头","gid":"218048","time_insert":"2021-07-08 00:05"}
2024-09-21 00:44:15 查询号码 【1355632】，GSD为【"广东-汕头"】

2024-09-21 00:44:16 开始第 5634 次操作

2024-09-21 00:44:16 开始操作号码 【1355633】
2024-09-21 00:44:18 GSD getOne 第 1 次 等待 3 秒
2024-09-21 00:44:21 查询号码 【1355633】，返回信息 {"status":"ok","msg":"广东-汕头","gid":"218201","time_insert":"2021-07-08 00:19"}
2024-09-21 00:44:21 查询号码 【1355633】，GSD为【"广东-汕头"】

2024-09-21 00:44:22 开始第 5635 次操作

2024-09-21 00:44:22 开始操作号码 【1355634】
2024-09-21 00:44:24 GSD getOne 第 1 次 等待 3 秒
2024-09-21 00:44:27 查询号码 【1355634】，返回信息 {"status":"ok","msg":"广东-汕头","gid":"218252","time_insert":"2021-07-08 00:32"}
2024-09-21 00:44:27 查询号码 【1355634】，GSD为【"广东-汕头"】

2024-09-21 00:44:28 开始第 5636 次操作

2024-09-21 00:44:28 开始操作号码 【1355635】
2024-09-21 00:44:30 GSD getOne 第 1 次 等待 3 秒
2024-09-21 00:44:33 查询号码 【1355635】，返回信息 {"status":"ok","msg":"广东-汕头","gid":"218281","time_insert":"2021-07-08 00:44"}
2024-09-21 00:44:33 查询号码 【1355635】，GSD为【"广东-汕头"】

