2024-08-05 00:21:46 开始第 9661 次操作

2024-08-05 00:21:46 开始操作号码 【1469563】
2024-08-05 00:21:58 GSD getOne 第 1 次 等待 3 秒
2024-08-05 00:22:01 查询号码 【1469563】，返回信息 {"status":"ok","msg":"江苏-南京","gid":"358063","time_insert":"2021-07-22 19:26","time_update":"2023-09-22 23:25"}
2024-08-05 00:22:01 查询号码 【1469563】，GSD为【"江苏-南京"】

2024-08-05 00:22:02 开始第 9662 次操作

2024-08-05 00:22:02 开始操作号码 【1469564】
2024-08-05 00:22:10 GSD getOne 第 1 次 等待 3 秒
2024-08-05 00:22:13 查询号码 【1469564】，返回信息 {"status":"ok","msg":"江苏-南京","gid":"358056","time_insert":"2021-07-22 19:25","time_update":"2023-09-22 23:38"}
2024-08-05 00:22:13 查询号码 【1469564】，GSD为【"江苏-南京"】

2024-08-05 00:22:14 开始第 9663 次操作

2024-08-05 00:22:14 开始操作号码 【1469565】
2024-08-05 00:22:22 GSD getOne 第 1 次 等待 3 秒
2024-08-05 00:22:25 查询号码 【1469565】，返回信息 {"status":"ok","msg":"江苏-南京","gid":"358052","time_insert":"2021-07-22 19:25","time_update":"2023-09-22 23:41"}
2024-08-05 00:22:25 查询号码 【1469565】，GSD为【"江苏-南京"】

2024-08-05 00:22:26 开始第 9664 次操作

2024-08-05 00:22:26 开始操作号码 【1469566】
2024-08-05 00:22:34 GSD getOne 第 1 次 等待 3 秒
2024-08-05 00:22:37 查询号码 【1469566】，返回信息 {"status":"ok","msg":"江苏-南京","gid":"358045","time_insert":"2021-07-22 19:24","time_update":"2023-09-22 23:44"}
2024-08-05 00:22:37 查询号码 【1469566】，GSD为【"江苏-南京"】

