2023-12-26 00:22:09 开始第 5133 次操作

2023-12-26 00:22:09 开始操作号码 【1795047】
2023-12-26 00:22:13 GSD getOne 第 1 次 等待 3 秒
2023-12-26 00:22:16 查询号码 【1795047】，返回信息 {"status":"ok","msg":"-","gid":"637942","time_insert":"2023-04-06 10:50"}
2023-12-26 00:22:16 查询号码 【1795047】，GSD为【"-"】
2023-12-26 00:22:16 ok && -
2023-12-26 00:22:18 CHB 1795047?1703521336 第 1 次 等待 3 秒
2023-12-26 00:22:21 CHB 1795047?1703521336 第 1 次 获取到号码【1795047】GSD
2023-12-26 00:22:21 未获取到号码【1795047】GSD，可能号码格式错误
2023-12-26 00:22:21 获取到号码【1795047】的GSD为【-】
2023-12-26 00:22:27 GSD insert 第 1 次 等待 3 秒
2023-12-26 00:22:30 {"status":"bad","gid":"637942","msg":"添加失败！号码【1795047(-|-)】已存在！"}
2023-12-26 00:22:30 随机等待 73 秒，约 1 分钟
2023-12-26 00:22:30 下次操作: 2023-12-26 00:23:43

2023-12-26 00:23:43 开始第 5134 次操作

2023-12-26 00:23:43 开始操作号码 【1795048】
2023-12-26 00:23:47 GSD getOne 第 1 次 等待 3 秒
2023-12-26 00:23:50 查询号码 【1795048】，返回信息 {"status":"ok","msg":"-","gid":"637974","time_insert":"2023-04-06 11:09"}
2023-12-26 00:23:50 查询号码 【1795048】，GSD为【"-"】
2023-12-26 00:23:50 ok && -
2023-12-26 00:23:52 CHB 1795048?1703521430 第 1 次 等待 3 秒
2023-12-26 00:23:55 CHB 1795048?1703521430 第 1 次 获取到号码【1795048】GSD
2023-12-26 00:23:55 未获取到号码【1795048】GSD，可能号码格式错误
2023-12-26 00:23:55 获取到号码【1795048】的GSD为【-】
2023-12-26 00:23:59 GSD insert 第 1 次 等待 3 秒
2023-12-26 00:24:02 {"status":"bad","gid":"637974","msg":"添加失败！号码【1795048(-|-)】已存在！"}
2023-12-26 00:24:02 随机等待 210 秒，约 3 分钟
2023-12-26 00:24:02 下次操作: 2023-12-26 00:27:32

2023-12-26 00:27:32 开始第 5135 次操作

2023-12-26 00:27:32 开始操作号码 【1795049】
2023-12-26 00:27:35 GSD getOne 第 1 次 等待 3 秒
2023-12-26 00:27:38 查询号码 【1795049】，返回信息 {"status":"ok","msg":"-","gid":"637997","time_insert":"2023-04-06 11:25"}
2023-12-26 00:27:38 查询号码 【1795049】，GSD为【"-"】
2023-12-26 00:27:38 ok && -
2023-12-26 00:27:40 CHB 1795049?1703521658 第 1 次 等待 3 秒
2023-12-26 00:27:43 CHB 1795049?1703521658 第 1 次 获取到号码【1795049】GSD
2023-12-26 00:27:43 未获取到号码【1795049】GSD，可能号码格式错误
2023-12-26 00:27:43 获取到号码【1795049】的GSD为【-】
2023-12-26 00:27:47 GSD insert 第 1 次 等待 3 秒
2023-12-26 00:27:50 {"status":"bad","gid":"637997","msg":"添加失败！号码【1795049(-|-)】已存在！"}
2023-12-26 00:27:50 随机等待 211 秒，约 3 分钟
2023-12-26 00:27:50 下次操作: 2023-12-26 00:31:21

2023-12-26 00:31:21 开始第 5136 次操作

2023-12-26 00:31:21 开始操作号码 【1795050】
2023-12-26 00:31:24 GSD getOne 第 1 次 等待 3 秒
2023-12-26 00:31:27 查询号码 【1795050】，返回信息 {"status":"ok","msg":"-","gid":"638032","time_insert":"2023-04-06 11:45"}
2023-12-26 00:31:27 查询号码 【1795050】，GSD为【"-"】
2023-12-26 00:31:27 ok && -
2023-12-26 00:31:29 CHB 1795050?1703521887 第 1 次 等待 3 秒
2023-12-26 00:31:32 CHB 1795050?1703521887 第 1 次 获取到号码【1795050】GSD
2023-12-26 00:31:32 未获取到号码【1795050】GSD，可能号码格式错误
2023-12-26 00:31:32 获取到号码【1795050】的GSD为【-】
2023-12-26 00:31:35 GSD insert 第 1 次 等待 3 秒
2023-12-26 00:31:38 {"status":"bad","gid":"638032","msg":"添加失败！号码【1795050(-|-)】已存在！"}

