2024-10-06 00:23:23 开始第 8189 次操作

2024-10-06 00:23:23 开始操作号码 【1358188】
2024-10-06 00:23:25 GSD getOne 第 1 次 等待 3 秒
2024-10-06 00:23:28 查询号码 【1358188】，返回信息 {"status":"ok","msg":"北京-北京","gid":"319179","time_insert":"2021-07-18 21:33"}
2024-10-06 00:23:28 查询号码 【1358188】，GSD为【"北京-北京"】

2024-10-06 00:23:29 开始第 8190 次操作

2024-10-06 00:23:29 开始操作号码 【1358189】
2024-10-06 00:23:32 GSD getOne 第 1 次 等待 3 秒
2024-10-06 00:23:35 查询号码 【1358189】，返回信息 {"status":"ok","msg":"北京-北京","gid":"319176","time_insert":"2021-07-18 21:33"}
2024-10-06 00:23:35 查询号码 【1358189】，GSD为【"北京-北京"】

2024-10-06 00:23:36 开始第 8191 次操作

2024-10-06 00:23:36 开始操作号码 【1358190】
2024-10-06 00:23:45 GSD getOne 第 1 次 等待 3 秒
2024-10-06 00:23:48 查询号码 【1358190】，返回信息 {"status":"ok","msg":"北京-北京","gid":"319147","time_insert":"2021-07-18 21:26"}
2024-10-06 00:23:48 查询号码 【1358190】，GSD为【"北京-北京"】

2024-10-06 00:23:49 开始第 8192 次操作

2024-10-06 00:23:49 开始操作号码 【1358191】
2024-10-06 00:23:52 GSD getOne 第 1 次 等待 3 秒
2024-10-06 00:23:55 查询号码 【1358191】，返回信息 {"status":"ok","msg":"北京-北京","gid":"319142","time_insert":"2021-07-18 21:25"}
2024-10-06 00:23:55 查询号码 【1358191】，GSD为【"北京-北京"】

