2024-03-30 00:21:35 开始第 869 次操作

2024-03-30 00:21:35 开始操作号码 【1570782】
2024-03-30 00:21:40 GSD getOne 第 1 次 等待 3 秒
2024-03-30 00:21:43 查询号码 【1570782】，返回信息 {"status":"ok","msg":"海南-海口","gid":"96199","time_insert":"2021-06-14 10:25"}
2024-03-30 00:21:43 查询号码 【1570782】，GSD为【"海南-海口"】

2024-03-30 00:21:44 开始第 870 次操作

2024-03-30 00:21:44 开始操作号码 【1570783】
2024-03-30 00:21:49 GSD getOne 第 1 次 等待 3 秒
2024-03-30 00:21:52 查询号码 【1570783】，返回信息 {"status":"ok","msg":"海南-海口","gid":"96216","time_insert":"2021-06-14 10:42"}
2024-03-30 00:21:52 查询号码 【1570783】，GSD为【"海南-海口"】

2024-03-30 00:21:53 开始第 871 次操作

2024-03-30 00:21:53 开始操作号码 【1570784】
2024-03-30 00:21:58 GSD getOne 第 1 次 等待 3 秒
2024-03-30 00:22:01 查询号码 【1570784】，返回信息 {"status":"ok","msg":"海南-海口","gid":"96234","time_insert":"2021-06-14 10:59"}
2024-03-30 00:22:01 查询号码 【1570784】，GSD为【"海南-海口"】

2024-03-30 00:22:02 开始第 872 次操作

2024-03-30 00:22:02 开始操作号码 【1570785】
2024-03-30 00:22:07 GSD getOne 第 1 次 等待 3 秒
2024-03-30 00:22:10 查询号码 【1570785】，返回信息 {"status":"ok","msg":"海南-海口","gid":"96259","time_insert":"2021-06-14 11:19"}
2024-03-30 00:22:10 查询号码 【1570785】，GSD为【"海南-海口"】

2024-03-30 00:38:59 开始第 873 次操作

2024-03-30 00:38:59 开始操作号码 【1570786】
2024-03-30 00:39:07 GSD getOne 第 1 次 等待 3 秒
2024-03-30 00:39:10 查询号码 【1570786】，返回信息 {"status":"ok","msg":"海南-海口","gid":"96274","time_insert":"2021-06-14 11:35"}
2024-03-30 00:39:10 查询号码 【1570786】，GSD为【"海南-海口"】

2024-03-30 00:39:11 开始第 874 次操作

2024-03-30 00:39:11 开始操作号码 【1570787】
2024-03-30 00:39:17 GSD getOne 第 1 次 等待 3 秒
2024-03-30 00:39:20 查询号码 【1570787】，返回信息 {"status":"ok","msg":"海南-海口","gid":"96293","time_insert":"2021-06-14 11:51"}
2024-03-30 00:39:20 查询号码 【1570787】，GSD为【"海南-海口"】

2024-03-30 00:39:21 开始第 875 次操作

2024-03-30 00:39:21 开始操作号码 【1570788】
2024-03-30 00:39:28 GSD getOne 第 1 次 等待 3 秒
2024-03-30 00:39:31 查询号码 【1570788】，返回信息 {"status":"ok","msg":"海南-海口","gid":"96313","time_insert":"2021-06-14 12:08"}
2024-03-30 00:39:31 查询号码 【1570788】，GSD为【"海南-海口"】

2024-03-30 00:39:32 开始第 876 次操作

2024-03-30 00:39:32 开始操作号码 【1570789】
2024-03-30 00:39:40 GSD getOne 第 1 次 等待 3 秒
2024-03-30 00:39:43 查询号码 【1570789】，返回信息 {"status":"ok","msg":"海南-海口","gid":"96332","time_insert":"2021-06-14 12:24"}
2024-03-30 00:39:43 查询号码 【1570789】，GSD为【"海南-海口"】

