2023-11-06 00:20:09 开始第 6965 次操作

2023-11-06 00:20:09 开始操作号码 【1896879】
2023-11-06 00:20:15 GSD getOne 第 1 次 等待 3 秒
2023-11-06 00:20:18 查询号码 【1896879】，返回信息 {"status":"ok","msg":"浙江-温州","gid":"457141","time_insert":"2021-07-31 15:08"}
2023-11-06 00:20:18 查询号码 【1896879】，GSD为【"浙江-温州"】

2023-11-06 00:20:19 开始第 6966 次操作

2023-11-06 00:20:19 开始操作号码 【1896880】
2023-11-06 00:20:22 GSD getOne 第 1 次 等待 3 秒
2023-11-06 00:20:25 查询号码 【1896880】，返回信息 {"status":"ok","msg":"浙江-温州","gid":"457133","time_insert":"2021-07-31 15:08"}
2023-11-06 00:20:25 查询号码 【1896880】，GSD为【"浙江-温州"】

2023-11-06 00:20:26 开始第 6967 次操作

2023-11-06 00:20:26 开始操作号码 【1896881】
2023-11-06 00:20:29 GSD getOne 第 1 次 等待 3 秒
2023-11-06 00:20:32 查询号码 【1896881】，返回信息 {"status":"ok","msg":"浙江-温州","gid":"45264","time_insert":"2019-11-25 18:30","time_update":"2021-06-22 11:18"}
2023-11-06 00:20:32 查询号码 【1896881】，GSD为【"浙江-温州"】

2023-11-06 00:20:33 开始第 6968 次操作

2023-11-06 00:20:33 开始操作号码 【1896882】
2023-11-06 00:20:36 GSD getOne 第 1 次 等待 3 秒
2023-11-06 00:20:39 查询号码 【1896882】，返回信息 {"status":"ok","msg":"浙江-温州","gid":"457121","time_insert":"2021-07-31 15:07"}
2023-11-06 00:20:39 查询号码 【1896882】，GSD为【"浙江-温州"】

