2024-05-01 00:22:31 开始第 6373 次操作

2024-05-01 00:22:31 开始操作号码 【1576286】
2024-05-01 00:22:37 GSD getOne 第 1 次 等待 3 秒
2024-05-01 00:22:40 查询号码 【1576286】，返回信息 {"status":"ok","msg":"山东-淄博","gid":"411141","time_insert":"2021-07-27 08:02"}
2024-05-01 00:22:40 查询号码 【1576286】，GSD为【"山东-淄博"】

2024-05-01 00:22:41 开始第 6374 次操作

2024-05-01 00:22:41 开始操作号码 【1576287】
2024-05-01 00:22:48 GSD getOne 第 1 次 等待 3 秒
2024-05-01 00:22:51 查询号码 【1576287】，返回信息 {"status":"ok","msg":"山东-淄博","gid":"411130","time_insert":"2021-07-27 08:01"}
2024-05-01 00:22:51 查询号码 【1576287】，GSD为【"山东-淄博"】

2024-05-01 00:22:52 开始第 6375 次操作

2024-05-01 00:22:52 开始操作号码 【1576288】
2024-05-01 00:22:59 GSD getOne 第 1 次 等待 3 秒
2024-05-01 00:23:02 查询号码 【1576288】，返回信息 {"status":"ok","msg":"山东-淄博","gid":"411118","time_insert":"2021-07-27 08:00"}
2024-05-01 00:23:02 查询号码 【1576288】，GSD为【"山东-淄博"】

2024-05-01 00:23:03 开始第 6376 次操作

2024-05-01 00:23:03 开始操作号码 【1576289】
2024-05-01 00:23:14 GSD getOne 第 1 次 等待 3 秒
2024-05-01 00:23:17 查询号码 【1576289】，返回信息 {"status":"ok","msg":"山东-淄博","gid":"411104","time_insert":"2021-07-27 07:59"}
2024-05-01 00:23:17 查询号码 【1576289】，GSD为【"山东-淄博"】

