2024-02-21 00:21:18 开始第 4769 次操作

2024-02-21 00:21:18 开始操作号码 【1684681】
2024-02-21 00:21:23 GSD getOne 第 1 次 等待 3 秒
2024-02-21 00:21:26 查询号码 【1684681】，返回信息 {"status":"ok","msg":"-","gid":"616682","time_insert":"2023-03-26 22:53"}
2024-02-21 00:21:26 查询号码 【1684681】，GSD为【"-"】
2024-02-21 00:21:26 ok && -
2024-02-21 00:21:29 CHB 1684681?1708446086 第 1 次 等待 3 秒
2024-02-21 00:21:32 CHB 1684681?1708446086 第 1 次 获取到号码【1684681】GSD
2024-02-21 00:21:32 未获取到号码【1684681】GSD，可能号码格式错误
2024-02-21 00:21:32 获取到号码【1684681】的GSD为【-】
2024-02-21 00:21:36 GSD insert 第 1 次 等待 3 秒
2024-02-21 00:21:39 {"status":"bad","gid":"616682","msg":"添加失败！号码【1684681(-|-)】已存在！"}
2024-02-21 00:21:39 随机等待 95 秒，约 1 分钟
2024-02-21 00:21:39 下次操作: 2024-02-21 00:23:14

2024-02-21 00:23:14 开始第 4770 次操作

2024-02-21 00:23:14 开始操作号码 【1684682】
2024-02-21 00:23:21 GSD getOne 第 1 次 等待 3 秒
2024-02-21 00:23:24 查询号码 【1684682】，返回信息 {"status":"ok","msg":"-","gid":"616716","time_insert":"2023-03-26 23:16"}
2024-02-21 00:23:24 查询号码 【1684682】，GSD为【"-"】
2024-02-21 00:23:24 ok && -
2024-02-21 00:23:26 CHB 1684682?1708446204 第 1 次 等待 3 秒
2024-02-21 00:23:29 CHB 1684682?1708446204 第 1 次 获取到号码【1684682】GSD
2024-02-21 00:23:29 未获取到号码【1684682】GSD，可能号码格式错误
2024-02-21 00:23:29 获取到号码【1684682】的GSD为【-】
2024-02-21 00:23:33 GSD insert 第 1 次 等待 3 秒
2024-02-21 00:23:36 {"status":"bad","gid":"616716","msg":"添加失败！号码【1684682(-|-)】已存在！"}
2024-02-21 00:23:36 随机等待 168 秒，约 2 分钟
2024-02-21 00:23:36 下次操作: 2024-02-21 00:26:24

2024-02-21 00:26:24 开始第 4771 次操作

2024-02-21 00:26:24 开始操作号码 【1684683】
2024-02-21 00:26:29 GSD getOne 第 1 次 等待 3 秒
2024-02-21 00:26:32 查询号码 【1684683】，返回信息 {"status":"ok","msg":"-","gid":"616730","time_insert":"2023-03-26 23:25"}
2024-02-21 00:26:32 查询号码 【1684683】，GSD为【"-"】
2024-02-21 00:26:32 ok && -
2024-02-21 00:26:34 CHB 1684683?1708446392 第 1 次 等待 3 秒
2024-02-21 00:26:37 CHB 1684683?1708446392 第 1 次 获取到号码【1684683】GSD
2024-02-21 00:26:37 未获取到号码【1684683】GSD，可能号码格式错误
2024-02-21 00:26:37 获取到号码【1684683】的GSD为【-】
2024-02-21 00:26:41 GSD insert 第 1 次 等待 3 秒
2024-02-21 00:26:44 {"status":"bad","gid":"616730","msg":"添加失败！号码【1684683(-|-)】已存在！"}
2024-02-21 00:26:44 随机等待 125 秒，约 2 分钟
2024-02-21 00:26:44 下次操作: 2024-02-21 00:28:49

2024-02-21 00:28:49 开始第 4772 次操作

2024-02-21 00:28:49 开始操作号码 【1684684】
2024-02-21 00:28:53 GSD getOne 第 1 次 等待 3 秒
2024-02-21 00:28:56 查询号码 【1684684】，返回信息 {"status":"ok","msg":"-","gid":"616767","time_insert":"2023-03-26 23:49"}
2024-02-21 00:28:56 查询号码 【1684684】，GSD为【"-"】
2024-02-21 00:28:56 ok && -
2024-02-21 00:28:58 CHB 1684684?1708446536 第 1 次 等待 3 秒
2024-02-21 00:29:01 CHB 1684684?1708446536 第 1 次 获取到号码【1684684】GSD
2024-02-21 00:29:01 未获取到号码【1684684】GSD，可能号码格式错误
2024-02-21 00:29:01 获取到号码【1684684】的GSD为【-】
2024-02-21 00:29:06 GSD insert 第 1 次 等待 3 秒
2024-02-21 00:29:09 {"status":"bad","gid":"616767","msg":"添加失败！号码【1684684(-|-)】已存在！"}

2024-02-21 00:38:48 开始第 4773 次操作

2024-02-21 00:38:48 开始操作号码 【1684685】
2024-02-21 00:38:58 GSD getOne 第 1 次 等待 3 秒
2024-02-21 00:39:01 查询号码 【1684685】，返回信息 {"status":"ok","msg":"-","gid":"616791","time_insert":"2023-03-27 00:02"}
2024-02-21 00:39:01 查询号码 【1684685】，GSD为【"-"】
2024-02-21 00:39:01 ok && -
2024-02-21 00:39:04 CHB 1684685?1708447141 第 1 次 等待 3 秒
2024-02-21 00:39:07 CHB 1684685?1708447141 第 1 次 获取到号码【1684685】GSD
2024-02-21 00:39:07 未获取到号码【1684685】GSD，可能号码格式错误
2024-02-21 00:39:07 获取到号码【1684685】的GSD为【-】
2024-02-21 00:39:12 GSD insert 第 1 次 等待 3 秒
2024-02-21 00:39:15 {"status":"bad","gid":"616791","msg":"添加失败！号码【1684685(-|-)】已存在！"}
2024-02-21 00:39:15 随机等待 186 秒，约 3 分钟
2024-02-21 00:39:15 下次操作: 2024-02-21 00:42:21

2024-02-21 00:42:21 开始第 4774 次操作

2024-02-21 00:42:21 开始操作号码 【1684686】
2024-02-21 00:42:25 GSD getOne 第 1 次 等待 3 秒
2024-02-21 00:42:28 查询号码 【1684686】，返回信息 {"status":"ok","msg":"-","gid":"616806","time_insert":"2023-03-27 00:13"}
2024-02-21 00:42:29 查询号码 【1684686】，GSD为【"-"】
2024-02-21 00:42:29 ok && -
2024-02-21 00:42:31 CHB 1684686?1708447349 第 1 次 等待 3 秒
2024-02-21 00:42:34 CHB 1684686?1708447349 第 1 次 获取到号码【1684686】GSD
2024-02-21 00:42:34 未获取到号码【1684686】GSD，可能号码格式错误
2024-02-21 00:42:34 获取到号码【1684686】的GSD为【-】
2024-02-21 00:42:38 GSD insert 第 1 次 等待 3 秒
2024-02-21 00:42:41 {"status":"bad","gid":"616806","msg":"添加失败！号码【1684686(-|-)】已存在！"}
2024-02-21 00:42:41 随机等待 226 秒，约 3 分钟
2024-02-21 00:42:41 下次操作: 2024-02-21 00:46:27

2024-02-21 00:46:27 开始第 4775 次操作

2024-02-21 00:46:27 开始操作号码 【1684687】
2024-02-21 00:46:32 GSD getOne 第 1 次 等待 3 秒
2024-02-21 00:46:35 查询号码 【1684687】，返回信息 {"status":"ok","msg":"-","gid":"616835","time_insert":"2023-03-27 00:35"}
2024-02-21 00:46:35 查询号码 【1684687】，GSD为【"-"】
2024-02-21 00:46:35 ok && -
2024-02-21 00:46:37 CHB 1684687?1708447595 第 1 次 等待 3 秒
2024-02-21 00:46:40 CHB 1684687?1708447595 第 1 次 获取到号码【1684687】GSD
2024-02-21 00:46:40 未获取到号码【1684687】GSD，可能号码格式错误
2024-02-21 00:46:40 获取到号码【1684687】的GSD为【-】
2024-02-21 00:46:44 GSD insert 第 1 次 等待 3 秒
2024-02-21 00:46:47 {"status":"bad","gid":"616835","msg":"添加失败！号码【1684687(-|-)】已存在！"}
2024-02-21 00:46:47 随机等待 208 秒，约 3 分钟
2024-02-21 00:46:47 下次操作: 2024-02-21 00:50:15

2024-02-21 00:50:15 开始第 4776 次操作

2024-02-21 00:50:15 开始操作号码 【1684688】
2024-02-21 00:50:20 GSD getOne 第 1 次 等待 3 秒
2024-02-21 00:50:23 查询号码 【1684688】，返回信息 {"status":"ok","msg":"-","gid":"616870","time_insert":"2023-03-27 00:59"}
2024-02-21 00:50:23 查询号码 【1684688】，GSD为【"-"】
2024-02-21 00:50:23 ok && -
2024-02-21 00:50:25 CHB 1684688?1708447823 第 1 次 等待 3 秒
2024-02-21 00:50:28 CHB 1684688?1708447823 第 1 次 获取到号码【1684688】GSD
2024-02-21 00:50:28 未获取到号码【1684688】GSD，可能号码格式错误
2024-02-21 00:50:28 获取到号码【1684688】的GSD为【-】
2024-02-21 00:50:33 GSD insert 第 1 次 等待 3 秒
2024-02-21 00:50:36 {"status":"bad","gid":"616870","msg":"添加失败！号码【1684688(-|-)】已存在！"}

