2024-02-12 00:20:04 开始第 3169 次操作

2024-02-12 00:20:04 开始操作号码 【1683081】
2024-02-12 00:20:09 GSD getOne 第 1 次 等待 3 秒
2024-02-12 00:20:12 查询号码 【1683081】，返回信息 {"status":"ok","msg":"-","gid":"578183","time_insert":"2023-03-08 19:48"}
2024-02-12 00:20:12 查询号码 【1683081】，GSD为【"-"】
2024-02-12 00:20:12 ok && -
2024-02-12 00:20:15 CHB 1683081?1707668412 第 1 次 等待 3 秒
2024-02-12 00:20:18 CHB 1683081?1707668412 第 1 次 获取到号码【1683081】GSD
2024-02-12 00:20:18 未获取到号码【1683081】GSD，可能号码格式错误
2024-02-12 00:20:18 获取到号码【1683081】的GSD为【-】
2024-02-12 00:20:22 GSD insert 第 1 次 等待 3 秒
2024-02-12 00:20:25 {"status":"bad","gid":"578183","msg":"添加失败！号码【1683081(-|-)】已存在！"}
2024-02-12 00:20:25 随机等待 199 秒，约 3 分钟
2024-02-12 00:20:25 下次操作: 2024-02-12 00:23:44

2024-02-12 00:23:44 开始第 3170 次操作

2024-02-12 00:23:44 开始操作号码 【1683082】
2024-02-12 00:23:49 GSD getOne 第 1 次 等待 3 秒
2024-02-12 00:23:52 查询号码 【1683082】，返回信息 {"status":"ok","msg":"-","gid":"578213","time_insert":"2023-03-08 20:07"}
2024-02-12 00:23:52 查询号码 【1683082】，GSD为【"-"】
2024-02-12 00:23:52 ok && -
2024-02-12 00:23:55 CHB 1683082?1707668632 第 1 次 等待 3 秒
2024-02-12 00:23:58 CHB 1683082?1707668632 第 1 次 获取到号码【1683082】GSD
2024-02-12 00:23:58 未获取到号码【1683082】GSD，可能号码格式错误
2024-02-12 00:23:58 获取到号码【1683082】的GSD为【-】
2024-02-12 00:24:02 GSD insert 第 1 次 等待 3 秒
2024-02-12 00:24:05 {"status":"bad","gid":"578213","msg":"添加失败！号码【1683082(-|-)】已存在！"}
2024-02-12 00:24:05 随机等待 164 秒，约 2 分钟
2024-02-12 00:24:05 下次操作: 2024-02-12 00:26:49

2024-02-12 00:26:49 开始第 3171 次操作

2024-02-12 00:26:49 开始操作号码 【1683083】
2024-02-12 00:26:53 GSD getOne 第 1 次 等待 3 秒
2024-02-12 00:26:56 查询号码 【1683083】，返回信息 {"status":"ok","msg":"-","gid":"578231","time_insert":"2023-03-08 20:22"}
2024-02-12 00:26:57 查询号码 【1683083】，GSD为【"-"】
2024-02-12 00:26:57 ok && -
2024-02-12 00:26:59 CHB 1683083?1707668817 第 1 次 等待 3 秒
2024-02-12 00:27:02 CHB 1683083?1707668817 第 1 次 获取到号码【1683083】GSD
2024-02-12 00:27:02 未获取到号码【1683083】GSD，可能号码格式错误
2024-02-12 00:27:02 获取到号码【1683083】的GSD为【-】
2024-02-12 00:27:07 GSD insert 第 1 次 等待 3 秒
2024-02-12 00:27:10 {"status":"bad","gid":"578231","msg":"添加失败！号码【1683083(-|-)】已存在！"}
2024-02-12 00:27:10 随机等待 115 秒，约 1 分钟
2024-02-12 00:27:10 下次操作: 2024-02-12 00:29:05

2024-02-12 00:29:05 开始第 3172 次操作

2024-02-12 00:29:05 开始操作号码 【1683084】
2024-02-12 00:29:10 GSD getOne 第 1 次 等待 3 秒
2024-02-12 00:29:13 查询号码 【1683084】，返回信息 {"status":"ok","msg":"-","gid":"578259","time_insert":"2023-03-08 20:44"}
2024-02-12 00:29:13 查询号码 【1683084】，GSD为【"-"】
2024-02-12 00:29:13 ok && -
2024-02-12 00:29:16 CHB 1683084?1707668953 第 1 次 等待 3 秒
2024-02-12 00:29:19 CHB 1683084?1707668953 第 1 次 获取到号码【1683084】GSD
2024-02-12 00:29:19 未获取到号码【1683084】GSD，可能号码格式错误
2024-02-12 00:29:19 获取到号码【1683084】的GSD为【-】
2024-02-12 00:29:24 GSD insert 第 1 次 等待 3 秒
2024-02-12 00:29:27 {"status":"bad","gid":"578259","msg":"添加失败！号码【1683084(-|-)】已存在！"}

2024-02-12 00:37:40 开始第 3173 次操作

2024-02-12 00:37:40 开始操作号码 【1683085】
2024-02-12 00:37:45 GSD getOne 第 1 次 等待 3 秒
2024-02-12 00:37:48 查询号码 【1683085】，返回信息 {"status":"ok","msg":"-","gid":"578276","time_insert":"2023-03-08 20:58"}
2024-02-12 00:37:48 查询号码 【1683085】，GSD为【"-"】
2024-02-12 00:37:48 ok && -
2024-02-12 00:37:50 CHB 1683085?1707669468 第 1 次 等待 3 秒
2024-02-12 00:37:53 CHB 1683085?1707669468 第 1 次 获取到号码【1683085】GSD
2024-02-12 00:37:53 未获取到号码【1683085】GSD，可能号码格式错误
2024-02-12 00:37:53 获取到号码【1683085】的GSD为【-】
2024-02-12 00:37:58 GSD insert 第 1 次 等待 3 秒
2024-02-12 00:38:01 {"status":"bad","gid":"578276","msg":"添加失败！号码【1683085(-|-)】已存在！"}
2024-02-12 00:38:01 随机等待 222 秒，约 3 分钟
2024-02-12 00:38:02 下次操作: 2024-02-12 00:41:43

2024-02-12 00:41:44 开始第 3174 次操作

2024-02-12 00:41:44 开始操作号码 【1683086】
2024-02-12 00:41:48 GSD getOne 第 1 次 等待 3 秒
2024-02-12 00:41:51 查询号码 【1683086】，返回信息 {"status":"ok","msg":"-","gid":"578298","time_insert":"2023-03-08 21:15"}
2024-02-12 00:41:51 查询号码 【1683086】，GSD为【"-"】
2024-02-12 00:41:51 ok && -
2024-02-12 00:41:54 CHB 1683086?1707669711 第 1 次 等待 3 秒
2024-02-12 00:41:57 CHB 1683086?1707669711 第 1 次 获取到号码【1683086】GSD
2024-02-12 00:41:57 未获取到号码【1683086】GSD，可能号码格式错误
2024-02-12 00:41:57 获取到号码【1683086】的GSD为【-】
2024-02-12 00:42:01 GSD insert 第 1 次 等待 3 秒
2024-02-12 00:42:04 {"status":"bad","gid":"578298","msg":"添加失败！号码【1683086(-|-)】已存在！"}
2024-02-12 00:42:04 随机等待 172 秒，约 2 分钟
2024-02-12 00:42:04 下次操作: 2024-02-12 00:44:56

2024-02-12 00:44:56 开始第 3175 次操作

2024-02-12 00:44:56 开始操作号码 【1683087】
2024-02-12 00:45:03 GSD getOne 第 1 次 等待 3 秒
2024-02-12 00:45:06 查询号码 【1683087】，返回信息 {"status":"ok","msg":"-","gid":"578316","time_insert":"2023-03-08 21:27"}
2024-02-12 00:45:06 查询号码 【1683087】，GSD为【"-"】
2024-02-12 00:45:06 ok && -
2024-02-12 00:45:08 CHB 1683087?1707669906 第 1 次 等待 3 秒
2024-02-12 00:45:11 CHB 1683087?1707669906 第 1 次 获取到号码【1683087】GSD
2024-02-12 00:45:11 未获取到号码【1683087】GSD，可能号码格式错误
2024-02-12 00:45:11 获取到号码【1683087】的GSD为【-】
2024-02-12 00:45:16 GSD insert 第 1 次 等待 3 秒
2024-02-12 00:45:19 {"status":"bad","gid":"578316","msg":"添加失败！号码【1683087(-|-)】已存在！"}
2024-02-12 00:45:19 随机等待 141 秒，约 2 分钟
2024-02-12 00:45:19 下次操作: 2024-02-12 00:47:40

2024-02-12 00:47:40 开始第 3176 次操作

2024-02-12 00:47:40 开始操作号码 【1683088】
2024-02-12 00:47:44 GSD getOne 第 1 次 等待 3 秒
2024-02-12 00:47:47 查询号码 【1683088】，返回信息 {"status":"ok","msg":"-","gid":"578343","time_insert":"2023-03-08 21:46"}
2024-02-12 00:47:47 查询号码 【1683088】，GSD为【"-"】
2024-02-12 00:47:47 ok && -
2024-02-12 00:47:49 CHB 1683088?1707670067 第 1 次 等待 3 秒
2024-02-12 00:47:52 CHB 1683088?1707670067 第 1 次 获取到号码【1683088】GSD
2024-02-12 00:47:53 未获取到号码【1683088】GSD，可能号码格式错误
2024-02-12 00:47:53 获取到号码【1683088】的GSD为【-】
2024-02-12 00:47:57 GSD insert 第 1 次 等待 3 秒
2024-02-12 00:48:00 {"status":"bad","gid":"578343","msg":"添加失败！号码【1683088(-|-)】已存在！"}

2024-02-12 01:14:45 开始第 3177 次操作

2024-02-12 01:14:45 开始操作号码 【1683089】
2024-02-12 01:14:49 GSD getOne 第 1 次 等待 3 秒
2024-02-12 01:14:52 查询号码 【1683089】，返回信息 {"status":"ok","msg":"-","gid":"578373","time_insert":"2023-03-08 22:08"}
2024-02-12 01:14:52 查询号码 【1683089】，GSD为【"-"】
2024-02-12 01:14:52 ok && -
2024-02-12 01:14:55 CHB 1683089?1707671692 第 1 次 等待 3 秒
2024-02-12 01:14:58 CHB 1683089?1707671692 第 1 次 获取到号码【1683089】GSD
2024-02-12 01:14:58 未获取到号码【1683089】GSD，可能号码格式错误
2024-02-12 01:14:58 获取到号码【1683089】的GSD为【-】
2024-02-12 01:15:02 GSD insert 第 1 次 等待 3 秒
2024-02-12 01:15:05 {"status":"bad","gid":"578373","msg":"添加失败！号码【1683089(-|-)】已存在！"}
2024-02-12 01:15:05 随机等待 190 秒，约 3 分钟
2024-02-12 01:15:05 下次操作: 2024-02-12 01:18:15

2024-02-12 01:18:15 开始第 3178 次操作

2024-02-12 01:18:15 开始操作号码 【1683090】
2024-02-12 01:18:20 GSD getOne 第 1 次 等待 3 秒
2024-02-12 01:18:23 查询号码 【1683090】，返回信息 {"status":"ok","msg":"-","gid":"578400","time_insert":"2023-03-08 22:27"}
2024-02-12 01:18:23 查询号码 【1683090】，GSD为【"-"】
2024-02-12 01:18:23 ok && -
2024-02-12 01:18:25 CHB 1683090?1707671903 第 1 次 等待 3 秒
2024-02-12 01:18:28 CHB 1683090?1707671903 第 1 次 获取到号码【1683090】GSD
2024-02-12 01:18:28 未获取到号码【1683090】GSD，可能号码格式错误
2024-02-12 01:18:28 获取到号码【1683090】的GSD为【-】
2024-02-12 01:18:35 GSD insert 第 1 次 等待 3 秒
2024-02-12 01:18:38 {"status":"bad","gid":"578400","msg":"添加失败！号码【1683090(-|-)】已存在！"}
2024-02-12 01:18:38 随机等待 190 秒，约 3 分钟
2024-02-12 01:18:38 下次操作: 2024-02-12 01:21:48

2024-02-12 01:21:48 开始第 3179 次操作

2024-02-12 01:21:48 开始操作号码 【1683091】
2024-02-12 01:21:52 GSD getOne 第 1 次 等待 3 秒
2024-02-12 01:21:55 查询号码 【1683091】，返回信息 {"status":"ok","msg":"-","gid":"578441","time_insert":"2023-03-08 22:48"}
2024-02-12 01:21:55 查询号码 【1683091】，GSD为【"-"】
2024-02-12 01:21:55 ok && -
2024-02-12 01:21:58 CHB 1683091?1707672115 第 1 次 等待 3 秒
2024-02-12 01:22:01 CHB 1683091?1707672115 第 1 次 获取到号码【1683091】GSD
2024-02-12 01:22:01 未获取到号码【1683091】GSD，可能号码格式错误
2024-02-12 01:22:01 获取到号码【1683091】的GSD为【-】
2024-02-12 01:22:05 GSD insert 第 1 次 等待 3 秒
2024-02-12 01:22:08 {"status":"bad","gid":"578441","msg":"添加失败！号码【1683091(-|-)】已存在！"}
2024-02-12 01:22:08 随机等待 137 秒，约 2 分钟
2024-02-12 01:22:08 下次操作: 2024-02-12 01:24:25

2024-02-12 01:24:25 开始第 3180 次操作

2024-02-12 01:24:25 开始操作号码 【1683092】
2024-02-12 01:24:30 GSD getOne 第 1 次 等待 3 秒
2024-02-12 01:24:33 查询号码 【1683092】，返回信息 {"status":"ok","msg":"-","gid":"578470","time_insert":"2023-03-08 23:08"}
2024-02-12 01:24:33 查询号码 【1683092】，GSD为【"-"】
2024-02-12 01:24:33 ok && -
2024-02-12 01:24:39 CHB 1683092?1707672273 第 1 次 等待 3 秒
2024-02-12 01:24:42 CHB 1683092?1707672273 第 1 次 获取到号码【1683092】GSD
2024-02-12 01:24:42 未获取到号码【1683092】GSD，可能号码格式错误
2024-02-12 01:24:42 获取到号码【1683092】的GSD为【-】
2024-02-12 01:24:48 GSD insert 第 1 次 等待 3 秒
2024-02-12 01:24:51 {"status":"bad","gid":"578470","msg":"添加失败！号码【1683092(-|-)】已存在！"}

2024-02-12 01:37:55 开始第 3181 次操作

2024-02-12 01:37:56 开始操作号码 【1683093】
2024-02-12 01:38:00 GSD getOne 第 1 次 等待 3 秒
2024-02-12 01:38:03 查询号码 【1683093】，返回信息 {"status":"ok","msg":"-","gid":"578483","time_insert":"2023-03-08 23:18"}
2024-02-12 01:38:03 查询号码 【1683093】，GSD为【"-"】
2024-02-12 01:38:03 ok && -
2024-02-12 01:38:06 CHB 1683093?1707673083 第 1 次 等待 3 秒
2024-02-12 01:38:09 CHB 1683093?1707673083 第 1 次 获取到号码【1683093】GSD
2024-02-12 01:38:09 未获取到号码【1683093】GSD，可能号码格式错误
2024-02-12 01:38:09 获取到号码【1683093】的GSD为【-】
2024-02-12 01:38:14 GSD insert 第 1 次 等待 3 秒
2024-02-12 01:38:17 {"status":"bad","gid":"578483","msg":"添加失败！号码【1683093(-|-)】已存在！"}
2024-02-12 01:38:17 随机等待 133 秒，约 2 分钟
2024-02-12 01:38:17 下次操作: 2024-02-12 01:40:30

2024-02-12 01:40:30 开始第 3182 次操作

2024-02-12 01:40:30 开始操作号码 【1683094】
2024-02-12 01:40:34 GSD getOne 第 1 次 等待 3 秒
2024-02-12 01:40:37 查询号码 【1683094】，返回信息 {"status":"ok","msg":"-","gid":"578509","time_insert":"2023-03-08 23:34"}
2024-02-12 01:40:37 查询号码 【1683094】，GSD为【"-"】
2024-02-12 01:40:37 ok && -
2024-02-12 01:40:40 CHB 1683094?1707673237 第 1 次 等待 3 秒
2024-02-12 01:40:43 CHB 1683094?1707673237 第 1 次 获取到号码【1683094】GSD
2024-02-12 01:40:43 未获取到号码【1683094】GSD，可能号码格式错误
2024-02-12 01:40:43 获取到号码【1683094】的GSD为【-】
2024-02-12 01:40:48 GSD insert 第 1 次 等待 3 秒
2024-02-12 01:40:51 {"status":"bad","gid":"578509","msg":"添加失败！号码【1683094(-|-)】已存在！"}
2024-02-12 01:40:51 随机等待 174 秒，约 2 分钟
2024-02-12 01:40:51 下次操作: 2024-02-12 01:43:45

2024-02-12 01:43:45 开始第 3183 次操作

2024-02-12 01:43:45 开始操作号码 【1683095】
2024-02-12 01:43:49 GSD getOne 第 1 次 等待 3 秒
2024-02-12 01:43:52 查询号码 【1683095】，返回信息 {"status":"ok","msg":"-","gid":"578545","time_insert":"2023-03-08 23:55"}
2024-02-12 01:43:52 查询号码 【1683095】，GSD为【"-"】
2024-02-12 01:43:52 ok && -
2024-02-12 01:43:55 CHB 1683095?1707673432 第 1 次 等待 3 秒
2024-02-12 01:43:58 CHB 1683095?1707673432 第 1 次 获取到号码【1683095】GSD
2024-02-12 01:43:58 未获取到号码【1683095】GSD，可能号码格式错误
2024-02-12 01:43:58 获取到号码【1683095】的GSD为【-】
2024-02-12 01:44:03 GSD insert 第 1 次 等待 3 秒
2024-02-12 01:44:06 {"status":"bad","gid":"578545","msg":"添加失败！号码【1683095(-|-)】已存在！"}
2024-02-12 01:44:06 随机等待 159 秒，约 2 分钟
2024-02-12 01:44:06 下次操作: 2024-02-12 01:46:45

2024-02-12 01:46:45 开始第 3184 次操作

2024-02-12 01:46:45 开始操作号码 【1683096】
2024-02-12 01:46:49 GSD getOne 第 1 次 等待 3 秒
2024-02-12 01:46:52 查询号码 【1683096】，返回信息 {"status":"ok","msg":"-","gid":"578565","time_insert":"2023-03-09 00:09"}
2024-02-12 01:46:52 查询号码 【1683096】，GSD为【"-"】
2024-02-12 01:46:52 ok && -
2024-02-12 01:46:55 CHB 1683096?1707673612 第 1 次 等待 3 秒
2024-02-12 01:46:58 CHB 1683096?1707673612 第 1 次 获取到号码【1683096】GSD
2024-02-12 01:46:58 未获取到号码【1683096】GSD，可能号码格式错误
2024-02-12 01:46:58 获取到号码【1683096】的GSD为【-】
2024-02-12 01:47:02 GSD insert 第 1 次 等待 3 秒
2024-02-12 01:47:05 {"status":"bad","gid":"578565","msg":"添加失败！号码【1683096(-|-)】已存在！"}

2024-02-12 02:20:08 开始第 3185 次操作

2024-02-12 02:20:08 开始操作号码 【1683097】
2024-02-12 02:20:13 GSD getOne 第 1 次 等待 3 秒
2024-02-12 02:20:16 查询号码 【1683097】，返回信息 {"status":"ok","msg":"-","gid":"578587","time_insert":"2023-03-09 00:23"}
2024-02-12 02:20:16 查询号码 【1683097】，GSD为【"-"】
2024-02-12 02:20:16 ok && -
2024-02-12 02:20:18 CHB 1683097?1707675616 第 1 次 等待 3 秒
2024-02-12 02:20:21 CHB 1683097?1707675616 第 1 次 获取到号码【1683097】GSD
2024-02-12 02:20:21 未获取到号码【1683097】GSD，可能号码格式错误
2024-02-12 02:20:21 获取到号码【1683097】的GSD为【-】
2024-02-12 02:20:26 GSD insert 第 1 次 等待 3 秒
2024-02-12 02:20:29 {"status":"bad","gid":"578587","msg":"添加失败！号码【1683097(-|-)】已存在！"}
2024-02-12 02:20:29 随机等待 121 秒，约 2 分钟
2024-02-12 02:20:29 下次操作: 2024-02-12 02:22:30

2024-02-12 02:22:30 开始第 3186 次操作

2024-02-12 02:22:30 开始操作号码 【1683098】
2024-02-12 02:22:34 GSD getOne 第 1 次 等待 3 秒
2024-02-12 02:22:37 查询号码 【1683098】，返回信息 {"status":"ok","msg":"-","gid":"578610","time_insert":"2023-03-09 00:44"}
2024-02-12 02:22:37 查询号码 【1683098】，GSD为【"-"】
2024-02-12 02:22:37 ok && -
2024-02-12 02:22:40 CHB 1683098?1707675757 第 1 次 等待 3 秒
2024-02-12 02:22:43 CHB 1683098?1707675757 第 1 次 获取到号码【1683098】GSD
2024-02-12 02:22:43 未获取到号码【1683098】GSD，可能号码格式错误
2024-02-12 02:22:43 获取到号码【1683098】的GSD为【-】
2024-02-12 02:22:47 GSD insert 第 1 次 等待 3 秒
2024-02-12 02:22:50 {"status":"bad","gid":"578610","msg":"添加失败！号码【1683098(-|-)】已存在！"}
2024-02-12 02:22:51 随机等待 162 秒，约 2 分钟
2024-02-12 02:22:51 下次操作: 2024-02-12 02:25:33

2024-02-12 02:25:33 开始第 3187 次操作

2024-02-12 02:25:33 开始操作号码 【1683099】
2024-02-12 02:25:37 GSD getOne 第 1 次 等待 3 秒
2024-02-12 02:25:40 查询号码 【1683099】，返回信息 {"status":"ok","msg":"-","gid":"578643","time_insert":"2023-03-09 01:08"}
2024-02-12 02:25:40 查询号码 【1683099】，GSD为【"-"】
2024-02-12 02:25:40 ok && -
2024-02-12 02:25:42 CHB 1683099?1707675940 第 1 次 等待 3 秒
2024-02-12 02:25:45 CHB 1683099?1707675940 第 1 次 获取到号码【1683099】GSD
2024-02-12 02:25:45 未获取到号码【1683099】GSD，可能号码格式错误
2024-02-12 02:25:45 获取到号码【1683099】的GSD为【-】
2024-02-12 02:25:50 GSD insert 第 1 次 等待 3 秒
2024-02-12 02:25:53 {"status":"bad","gid":"578643","msg":"添加失败！号码【1683099(-|-)】已存在！"}
2024-02-12 02:25:53 随机等待 68 秒，约 1 分钟
2024-02-12 02:25:53 下次操作: 2024-02-12 02:27:01

2024-02-12 02:27:01 开始第 3188 次操作

2024-02-12 02:27:01 开始操作号码 【1683100】
2024-02-12 02:27:06 GSD getOne 第 1 次 等待 3 秒
2024-02-12 02:27:09 查询号码 【1683100】，返回信息 {"status":"ok","msg":"-","gid":"578680","time_insert":"2023-03-09 01:31"}
2024-02-12 02:27:09 查询号码 【1683100】，GSD为【"-"】
2024-02-12 02:27:09 ok && -
2024-02-12 02:27:12 CHB 1683100?1707676029 第 1 次 等待 3 秒
2024-02-12 02:27:15 CHB 1683100?1707676029 第 1 次 获取到号码【1683100】GSD
2024-02-12 02:27:15 未获取到号码【1683100】GSD，可能号码格式错误
2024-02-12 02:27:15 获取到号码【1683100】的GSD为【-】
2024-02-12 02:27:20 GSD insert 第 1 次 等待 3 秒
2024-02-12 02:27:23 {"status":"bad","gid":"578680","msg":"添加失败！号码【1683100(-|-)】已存在！"}

2024-02-12 02:37:44 开始第 3189 次操作

2024-02-12 02:37:44 开始操作号码 【1683101】
2024-02-12 02:37:50 GSD getOne 第 1 次 等待 3 秒
2024-02-12 02:37:53 查询号码 【1683101】，返回信息 {"status":"ok","msg":"-","gid":"578704","time_insert":"2023-03-09 01:46"}
2024-02-12 02:37:53 查询号码 【1683101】，GSD为【"-"】
2024-02-12 02:37:53 ok && -
2024-02-12 02:37:55 CHB 1683101?1707676673 第 1 次 等待 3 秒
2024-02-12 02:37:58 CHB 1683101?1707676673 第 1 次 获取到号码【1683101】GSD
2024-02-12 02:37:58 未获取到号码【1683101】GSD，可能号码格式错误
2024-02-12 02:37:58 获取到号码【1683101】的GSD为【-】
2024-02-12 02:38:03 GSD insert 第 1 次 等待 3 秒
2024-02-12 02:38:06 {"status":"bad","gid":"578704","msg":"添加失败！号码【1683101(-|-)】已存在！"}
2024-02-12 02:38:06 随机等待 173 秒，约 2 分钟
2024-02-12 02:38:06 下次操作: 2024-02-12 02:40:59

2024-02-12 02:40:59 开始第 3190 次操作

2024-02-12 02:40:59 开始操作号码 【1683102】
2024-02-12 02:41:03 GSD getOne 第 1 次 等待 3 秒
2024-02-12 02:41:06 查询号码 【1683102】，返回信息 {"status":"ok","msg":"-","gid":"578718","time_insert":"2023-03-09 01:55"}
2024-02-12 02:41:06 查询号码 【1683102】，GSD为【"-"】
2024-02-12 02:41:06 ok && -
2024-02-12 02:41:08 CHB 1683102?1707676866 第 1 次 等待 3 秒
2024-02-12 02:41:11 CHB 1683102?1707676866 第 1 次 获取到号码【1683102】GSD
2024-02-12 02:41:11 未获取到号码【1683102】GSD，可能号码格式错误
2024-02-12 02:41:11 获取到号码【1683102】的GSD为【-】
2024-02-12 02:41:16 GSD insert 第 1 次 等待 3 秒
2024-02-12 02:41:19 {"status":"bad","gid":"578718","msg":"添加失败！号码【1683102(-|-)】已存在！"}
2024-02-12 02:41:19 随机等待 104 秒，约 1 分钟
2024-02-12 02:41:19 下次操作: 2024-02-12 02:43:03

2024-02-12 02:43:03 开始第 3191 次操作

2024-02-12 02:43:03 开始操作号码 【1683103】
2024-02-12 02:43:07 GSD getOne 第 1 次 等待 3 秒
2024-02-12 02:43:10 查询号码 【1683103】，返回信息 {"status":"ok","msg":"-","gid":"578740","time_insert":"2023-03-09 02:12"}
2024-02-12 02:43:10 查询号码 【1683103】，GSD为【"-"】
2024-02-12 02:43:10 ok && -
2024-02-12 02:43:13 CHB 1683103?1707676990 第 1 次 等待 3 秒
2024-02-12 02:43:16 CHB 1683103?1707676990 第 1 次 获取到号码【1683103】GSD
2024-02-12 02:43:16 未获取到号码【1683103】GSD，可能号码格式错误
2024-02-12 02:43:16 获取到号码【1683103】的GSD为【-】
2024-02-12 02:43:20 GSD insert 第 1 次 等待 3 秒
2024-02-12 02:43:23 {"status":"bad","gid":"578740","msg":"添加失败！号码【1683103(-|-)】已存在！"}
2024-02-12 02:43:23 随机等待 120 秒，约 2 分钟
2024-02-12 02:43:23 下次操作: 2024-02-12 02:45:23

2024-02-12 02:45:23 开始第 3192 次操作

2024-02-12 02:45:23 开始操作号码 【1683104】
2024-02-12 02:45:28 GSD getOne 第 1 次 等待 3 秒
2024-02-12 02:45:31 查询号码 【1683104】，返回信息 {"status":"ok","msg":"-","gid":"578766","time_insert":"2023-03-09 02:28"}
2024-02-12 02:45:31 查询号码 【1683104】，GSD为【"-"】
2024-02-12 02:45:31 ok && -
2024-02-12 02:45:33 CHB 1683104?1707677131 第 1 次 等待 3 秒
2024-02-12 02:45:36 CHB 1683104?1707677131 第 1 次 获取到号码【1683104】GSD
2024-02-12 02:45:36 未获取到号码【1683104】GSD，可能号码格式错误
2024-02-12 02:45:36 获取到号码【1683104】的GSD为【-】
2024-02-12 02:45:41 GSD insert 第 1 次 等待 3 秒
2024-02-12 02:45:44 {"status":"bad","gid":"578766","msg":"添加失败！号码【1683104(-|-)】已存在！"}

2024-02-12 03:13:15 开始第 3193 次操作

2024-02-12 03:13:15 开始操作号码 【1683105】
2024-02-12 03:13:19 GSD getOne 第 1 次 等待 3 秒
2024-02-12 03:13:22 查询号码 【1683105】，返回信息 {"status":"ok","msg":"-","gid":"578790","time_insert":"2023-03-09 02:45"}
2024-02-12 03:13:22 查询号码 【1683105】，GSD为【"-"】
2024-02-12 03:13:22 ok && -
2024-02-12 03:13:24 CHB 1683105?1707678802 第 1 次 等待 3 秒
2024-02-12 03:13:27 CHB 1683105?1707678802 第 1 次 获取到号码【1683105】GSD
2024-02-12 03:13:27 未获取到号码【1683105】GSD，可能号码格式错误
2024-02-12 03:13:27 获取到号码【1683105】的GSD为【-】
2024-02-12 03:13:32 GSD insert 第 1 次 等待 3 秒
2024-02-12 03:13:35 {"status":"bad","gid":"578790","msg":"添加失败！号码【1683105(-|-)】已存在！"}
2024-02-12 03:13:35 随机等待 149 秒，约 2 分钟
2024-02-12 03:13:35 下次操作: 2024-02-12 03:16:04

2024-02-12 03:16:04 开始第 3194 次操作

2024-02-12 03:16:04 开始操作号码 【1683106】
2024-02-12 03:16:08 GSD getOne 第 1 次 等待 3 秒
2024-02-12 03:16:11 查询号码 【1683106】，返回信息 {"status":"ok","msg":"-","gid":"578821","time_insert":"2023-03-09 03:07"}
2024-02-12 03:16:11 查询号码 【1683106】，GSD为【"-"】
2024-02-12 03:16:11 ok && -
2024-02-12 03:16:14 CHB 1683106?1707678971 第 1 次 等待 3 秒
2024-02-12 03:16:17 CHB 1683106?1707678971 第 1 次 获取到号码【1683106】GSD
2024-02-12 03:16:17 未获取到号码【1683106】GSD，可能号码格式错误
2024-02-12 03:16:17 获取到号码【1683106】的GSD为【-】
2024-02-12 03:16:22 GSD insert 第 1 次 等待 3 秒
2024-02-12 03:16:25 {"status":"bad","gid":"578821","msg":"添加失败！号码【1683106(-|-)】已存在！"}
2024-02-12 03:16:25 随机等待 209 秒，约 3 分钟
2024-02-12 03:16:25 下次操作: 2024-02-12 03:19:54

2024-02-12 03:19:54 开始第 3195 次操作

2024-02-12 03:19:54 开始操作号码 【1683107】
2024-02-12 03:19:58 GSD getOne 第 1 次 等待 3 秒
2024-02-12 03:20:01 查询号码 【1683107】，返回信息 {"status":"ok","msg":"-","gid":"578846","time_insert":"2023-03-09 03:22"}
2024-02-12 03:20:01 查询号码 【1683107】，GSD为【"-"】
2024-02-12 03:20:01 ok && -
2024-02-12 03:20:04 CHB 1683107?1707679201 第 1 次 等待 3 秒
2024-02-12 03:20:07 CHB 1683107?1707679201 第 1 次 获取到号码【1683107】GSD
2024-02-12 03:20:07 未获取到号码【1683107】GSD，可能号码格式错误
2024-02-12 03:20:07 获取到号码【1683107】的GSD为【-】
2024-02-12 03:20:11 GSD insert 第 1 次 等待 3 秒
2024-02-12 03:20:14 {"status":"bad","gid":"578846","msg":"添加失败！号码【1683107(-|-)】已存在！"}
2024-02-12 03:20:14 随机等待 102 秒，约 1 分钟
2024-02-12 03:20:14 下次操作: 2024-02-12 03:21:56

2024-02-12 03:21:56 开始第 3196 次操作

2024-02-12 03:21:56 开始操作号码 【1683108】
2024-02-12 03:22:01 GSD getOne 第 1 次 等待 3 秒
2024-02-12 03:22:04 查询号码 【1683108】，返回信息 {"status":"ok","msg":"-","gid":"578886","time_insert":"2023-03-09 03:45"}
2024-02-12 03:22:04 查询号码 【1683108】，GSD为【"-"】
2024-02-12 03:22:04 ok && -
2024-02-12 03:22:06 CHB 1683108?1707679324 第 1 次 等待 3 秒
2024-02-12 03:22:09 CHB 1683108?1707679324 第 1 次 获取到号码【1683108】GSD
2024-02-12 03:22:09 未获取到号码【1683108】GSD，可能号码格式错误
2024-02-12 03:22:09 获取到号码【1683108】的GSD为【-】
2024-02-12 03:22:13 GSD insert 第 1 次 等待 3 秒
2024-02-12 03:22:16 {"status":"bad","gid":"578886","msg":"添加失败！号码【1683108(-|-)】已存在！"}

2024-02-12 03:37:41 开始第 3197 次操作

2024-02-12 03:37:41 开始操作号码 【1683109】
2024-02-12 03:37:48 GSD getOne 第 1 次 等待 3 秒
2024-02-12 03:37:52 查询号码 【1683109】，返回信息 {"status":"ok","msg":"-","gid":"578921","time_insert":"2023-03-09 04:05"}
2024-02-12 03:37:52 查询号码 【1683109】，GSD为【"-"】
2024-02-12 03:37:52 ok && -
2024-02-12 03:37:54 CHB 1683109?1707680272 第 1 次 等待 3 秒
2024-02-12 03:37:57 CHB 1683109?1707680272 第 1 次 获取到号码【1683109】GSD
2024-02-12 03:37:57 未获取到号码【1683109】GSD，可能号码格式错误
2024-02-12 03:37:57 获取到号码【1683109】的GSD为【-】
2024-02-12 03:38:02 GSD insert 第 1 次 等待 3 秒
2024-02-12 03:38:05 {"status":"bad","gid":"578921","msg":"添加失败！号码【1683109(-|-)】已存在！"}
2024-02-12 03:38:05 随机等待 172 秒，约 2 分钟
2024-02-12 03:38:05 下次操作: 2024-02-12 03:40:57

2024-02-12 03:40:57 开始第 3198 次操作

2024-02-12 03:40:57 开始操作号码 【1683110】
2024-02-12 03:41:01 GSD getOne 第 1 次 等待 3 秒
2024-02-12 03:41:04 查询号码 【1683110】，返回信息 {"status":"ok","msg":"-","gid":"578935","time_insert":"2023-03-09 04:15"}
2024-02-12 03:41:04 查询号码 【1683110】，GSD为【"-"】
2024-02-12 03:41:04 ok && -
2024-02-12 03:41:07 CHB 1683110?1707680464 第 1 次 等待 3 秒
2024-02-12 03:41:10 CHB 1683110?1707680464 第 1 次 获取到号码【1683110】GSD
2024-02-12 03:41:10 未获取到号码【1683110】GSD，可能号码格式错误
2024-02-12 03:41:10 获取到号码【1683110】的GSD为【-】
2024-02-12 03:41:14 GSD insert 第 1 次 等待 3 秒
2024-02-12 03:41:17 {"status":"bad","gid":"578935","msg":"添加失败！号码【1683110(-|-)】已存在！"}
2024-02-12 03:41:17 随机等待 220 秒，约 3 分钟
2024-02-12 03:41:17 下次操作: 2024-02-12 03:44:57

2024-02-12 03:44:57 开始第 3199 次操作

2024-02-12 03:44:57 开始操作号码 【1683111】
2024-02-12 03:45:02 GSD getOne 第 1 次 等待 3 秒
2024-02-12 03:45:05 查询号码 【1683111】，返回信息 {"status":"ok","msg":"-","gid":"578945","time_insert":"2023-03-09 04:25"}
2024-02-12 03:45:05 查询号码 【1683111】，GSD为【"-"】
2024-02-12 03:45:05 ok && -
2024-02-12 03:45:07 CHB 1683111?1707680705 第 1 次 等待 3 秒
2024-02-12 03:45:10 CHB 1683111?1707680705 第 1 次 获取到号码【1683111】GSD
2024-02-12 03:45:10 未获取到号码【1683111】GSD，可能号码格式错误
2024-02-12 03:45:10 获取到号码【1683111】的GSD为【-】
2024-02-12 03:45:14 GSD insert 第 1 次 等待 3 秒
2024-02-12 03:45:17 {"status":"bad","gid":"578945","msg":"添加失败！号码【1683111(-|-)】已存在！"}
2024-02-12 03:45:17 随机等待 70 秒，约 1 分钟
2024-02-12 03:45:17 下次操作: 2024-02-12 03:46:27

2024-02-12 03:46:27 开始第 3200 次操作

2024-02-12 03:46:27 开始操作号码 【1683112】
2024-02-12 03:46:32 GSD getOne 第 1 次 等待 3 秒
2024-02-12 03:46:35 查询号码 【1683112】，返回信息 {"status":"ok","msg":"-","gid":"578986","time_insert":"2023-03-09 04:49"}
2024-02-12 03:46:35 查询号码 【1683112】，GSD为【"-"】
2024-02-12 03:46:35 ok && -
2024-02-12 03:46:37 CHB 1683112?1707680795 第 1 次 等待 3 秒
2024-02-12 03:46:40 CHB 1683112?1707680795 第 1 次 获取到号码【1683112】GSD
2024-02-12 03:46:40 未获取到号码【1683112】GSD，可能号码格式错误
2024-02-12 03:46:40 获取到号码【1683112】的GSD为【-】
2024-02-12 03:46:46 GSD insert 第 1 次 等待 3 秒
2024-02-12 03:46:49 {"status":"bad","gid":"578986","msg":"添加失败！号码【1683112(-|-)】已存在！"}

