2023-11-11 00:22:04 开始第 7845 次操作

2023-11-11 00:22:04 开始操作号码 【1897759】
2023-11-11 00:22:08 GSD getOne 第 1 次 等待 3 秒
2023-11-11 00:22:11 查询号码 【1897759】，返回信息 {"status":"ok","msg":"广西-玉林","gid":"446829","time_insert":"2021-07-30 17:55"}
2023-11-11 00:22:11 查询号码 【1897759】，GSD为【"广西-玉林"】

2023-11-11 00:22:12 开始第 7846 次操作

2023-11-11 00:22:12 开始操作号码 【1897760】
2023-11-11 00:22:17 GSD getOne 第 1 次 等待 3 秒
2023-11-11 00:22:20 查询号码 【1897760】，返回信息 {"status":"ok","msg":"广西-百色","gid":"446822","time_insert":"2021-07-30 17:54"}
2023-11-11 00:22:20 查询号码 【1897760】，GSD为【"广西-百色"】

2023-11-11 00:22:21 开始第 7847 次操作

2023-11-11 00:22:21 开始操作号码 【1897761】
2023-11-11 00:22:34 GSD getOne 第 1 次 等待 3 秒
2023-11-11 00:22:37 查询号码 【1897761】，返回信息 {"status":"ok","msg":"广西-百色","gid":"446810","time_insert":"2021-07-30 17:54"}
2023-11-11 00:22:37 查询号码 【1897761】，GSD为【"广西-百色"】

2023-11-11 00:22:38 开始第 7848 次操作

2023-11-11 00:22:38 开始操作号码 【1897762】
2023-11-11 00:22:42 GSD getOne 第 1 次 等待 3 秒
2023-11-11 00:22:45 查询号码 【1897762】，返回信息 {"status":"ok","msg":"广西-百色","gid":"446803","time_insert":"2021-07-30 17:53"}
2023-11-11 00:22:45 查询号码 【1897762】，GSD为【"广西-百色"】

