2024-01-06 00:20:47 开始第 7073 次操作

2024-01-06 00:20:47 开始操作号码 【1796986】
2024-01-06 00:20:51 GSD getOne 第 1 次 等待 3 秒
2024-01-06 00:20:54 查询号码 【1796986】，返回信息 {"status":"ok","msg":"-","gid":"636610","time_insert":"2023-04-05 18:36"}
2024-01-06 00:20:54 查询号码 【1796986】，GSD为【"-"】
2024-01-06 00:20:54 ok && -
2024-01-06 00:20:57 CHB 1796986?1704471654 第 1 次 等待 3 秒
2024-01-06 00:21:00 CHB 1796986?1704471654 第 1 次 获取到号码【1796986】GSD
2024-01-06 00:21:00 未获取到号码【1796986】GSD，可能号码格式错误
2024-01-06 00:21:00 获取到号码【1796986】的GSD为【-】
2024-01-06 00:21:03 GSD insert 第 1 次 等待 3 秒
2024-01-06 00:21:06 {"status":"bad","gid":"636610","msg":"添加失败！号码【1796986(-|-)】已存在！"}
2024-01-06 00:21:06 随机等待 96 秒，约 1 分钟
2024-01-06 00:21:06 下次操作: 2024-01-06 00:22:42

2024-01-06 00:22:42 开始第 7074 次操作

2024-01-06 00:22:42 开始操作号码 【1796987】
2024-01-06 00:22:45 GSD getOne 第 1 次 等待 3 秒
2024-01-06 00:22:48 查询号码 【1796987】，返回信息 {"status":"ok","msg":"-","gid":"636612","time_insert":"2023-04-05 18:38"}
2024-01-06 00:22:48 查询号码 【1796987】，GSD为【"-"】
2024-01-06 00:22:48 ok && -
2024-01-06 00:22:50 CHB 1796987?1704471768 第 1 次 等待 3 秒
2024-01-06 00:22:53 CHB 1796987?1704471768 第 1 次 获取到号码【1796987】GSD
2024-01-06 00:22:53 未获取到号码【1796987】GSD，可能号码格式错误
2024-01-06 00:22:53 获取到号码【1796987】的GSD为【-】
2024-01-06 00:22:56 GSD insert 第 1 次 等待 3 秒
2024-01-06 00:22:59 {"status":"bad","gid":"636612","msg":"添加失败！号码【1796987(-|-)】已存在！"}
2024-01-06 00:22:59 随机等待 123 秒，约 2 分钟
2024-01-06 00:22:59 下次操作: 2024-01-06 00:25:02

2024-01-06 00:25:02 开始第 7075 次操作

2024-01-06 00:25:02 开始操作号码 【1796988】
2024-01-06 00:25:05 GSD getOne 第 1 次 等待 3 秒
2024-01-06 00:25:08 查询号码 【1796988】，返回信息 {"status":"ok","msg":"-","gid":"636622","time_insert":"2023-04-05 18:43"}
2024-01-06 00:25:08 查询号码 【1796988】，GSD为【"-"】
2024-01-06 00:25:08 ok && -
2024-01-06 00:25:10 CHB 1796988?1704471908 第 1 次 等待 3 秒
2024-01-06 00:25:13 CHB 1796988?1704471908 第 1 次 获取到号码【1796988】GSD
2024-01-06 00:25:13 未获取到号码【1796988】GSD，可能号码格式错误
2024-01-06 00:25:13 获取到号码【1796988】的GSD为【-】
2024-01-06 00:25:16 GSD insert 第 1 次 等待 3 秒
2024-01-06 00:25:19 {"status":"bad","gid":"636622","msg":"添加失败！号码【1796988(-|-)】已存在！"}
2024-01-06 00:25:19 随机等待 105 秒，约 1 分钟
2024-01-06 00:25:19 下次操作: 2024-01-06 00:27:04

2024-01-06 00:27:04 开始第 7076 次操作

2024-01-06 00:27:04 开始操作号码 【1796989】
2024-01-06 00:27:07 GSD getOne 第 1 次 等待 3 秒
2024-01-06 00:27:10 查询号码 【1796989】，返回信息 {"status":"ok","msg":"-","gid":"636626","time_insert":"2023-04-05 18:45"}
2024-01-06 00:27:10 查询号码 【1796989】，GSD为【"-"】
2024-01-06 00:27:10 ok && -
2024-01-06 00:27:13 CHB 1796989?1704472030 第 1 次 等待 3 秒
2024-01-06 00:27:16 CHB 1796989?1704472030 第 1 次 获取到号码【1796989】GSD
2024-01-06 00:27:16 未获取到号码【1796989】GSD，可能号码格式错误
2024-01-06 00:27:16 获取到号码【1796989】的GSD为【-】
2024-01-06 00:27:19 GSD insert 第 1 次 等待 3 秒
2024-01-06 00:27:22 {"status":"bad","gid":"636626","msg":"添加失败！号码【1796989(-|-)】已存在！"}

