2024-07-15 00:34:55 开始第 5993 次操作

2024-07-15 00:34:55 开始操作号码 【1465895】
2024-07-15 00:35:04 GSD getOne 第 1 次 等待 3 秒
2024-07-15 00:35:07 查询号码 【1465895】，返回信息 {"status":"ok","msg":"-","gid":"405059","time_insert":"2021-07-26 19:57"}
2024-07-15 00:35:07 查询号码 【1465895】，GSD为【"-"】
2024-07-15 00:35:07 ok && -
2024-07-15 00:35:09 CHB 1465895?1720974907 第 1 次 等待 3 秒
2024-07-15 00:35:12 CHB 1465895?1720974907 第 1 次 获取到号码【1465895】GSD
2024-07-15 00:35:12 未获取到号码【1465895】GSD，可能号码格式错误
2024-07-15 00:35:12 获取到号码【1465895】的GSD为【-】
2024-07-15 00:35:19 GSD insert 第 1 次 等待 3 秒
2024-07-15 00:35:22 {"status":"bad","gid":"405059","msg":"添加失败！号码【1465895(-|-)】已存在！"}
2024-07-15 00:35:22 随机等待 83 秒，约 1 分钟
2024-07-15 00:35:22 下次操作: 2024-07-15 00:36:45

2024-07-15 00:36:45 开始第 5994 次操作

2024-07-15 00:36:45 开始操作号码 【1465896】
2024-07-15 00:36:53 GSD getOne 第 1 次 等待 3 秒
2024-07-15 00:36:56 查询号码 【1465896】，返回信息 {"status":"ok","msg":"-","gid":"405049","time_insert":"2021-07-26 19:56"}
2024-07-15 00:36:56 查询号码 【1465896】，GSD为【"-"】
2024-07-15 00:36:56 ok && -
2024-07-15 00:36:57 CHB 1465896?1720975016 第 1 次 等待 3 秒
2024-07-15 00:37:00 CHB 1465896?1720975016 第 1 次 获取到号码【1465896】GSD
2024-07-15 00:37:01 未获取到号码【1465896】GSD，可能号码格式错误
2024-07-15 00:37:01 获取到号码【1465896】的GSD为【-】
2024-07-15 00:37:08 GSD insert 第 1 次 等待 3 秒
2024-07-15 00:37:11 {"status":"bad","gid":"405049","msg":"添加失败！号码【1465896(-|-)】已存在！"}
2024-07-15 00:37:11 随机等待 76 秒，约 1 分钟
2024-07-15 00:37:11 下次操作: 2024-07-15 00:38:27

2024-07-15 00:38:27 开始第 5995 次操作

2024-07-15 00:38:27 开始操作号码 【1465897】
2024-07-15 00:38:35 GSD getOne 第 1 次 等待 3 秒
2024-07-15 00:38:38 查询号码 【1465897】，返回信息 {"status":"ok","msg":"-","gid":"405036","time_insert":"2021-07-26 19:56"}
2024-07-15 00:38:38 查询号码 【1465897】，GSD为【"-"】
2024-07-15 00:38:38 ok && -
2024-07-15 00:38:39 CHB 1465897?1720975118 第 1 次 等待 3 秒
2024-07-15 00:38:42 CHB 1465897?1720975118 第 1 次 获取到号码【1465897】GSD
2024-07-15 00:38:42 未获取到号码【1465897】GSD，可能号码格式错误
2024-07-15 00:38:42 获取到号码【1465897】的GSD为【-】
2024-07-15 00:38:50 GSD insert 第 1 次 等待 3 秒
2024-07-15 00:38:53 {"status":"bad","gid":"405036","msg":"添加失败！号码【1465897(-|-)】已存在！"}
2024-07-15 00:38:53 随机等待 100 秒，约 1 分钟
2024-07-15 00:38:53 下次操作: 2024-07-15 00:40:33

2024-07-15 00:40:33 开始第 5996 次操作

2024-07-15 00:40:33 开始操作号码 【1465898】
2024-07-15 00:40:40 GSD getOne 第 1 次 等待 3 秒
2024-07-15 00:40:43 查询号码 【1465898】，返回信息 {"status":"ok","msg":"-","gid":"405021","time_insert":"2021-07-26 19:55"}
2024-07-15 00:40:43 查询号码 【1465898】，GSD为【"-"】
2024-07-15 00:40:43 ok && -
2024-07-15 00:40:45 CHB 1465898?1720975243 第 1 次 等待 3 秒
2024-07-15 00:40:48 CHB 1465898?1720975243 第 1 次 获取到号码【1465898】GSD
2024-07-15 00:40:48 未获取到号码【1465898】GSD，可能号码格式错误
2024-07-15 00:40:48 获取到号码【1465898】的GSD为【-】
2024-07-15 00:40:55 GSD insert 第 1 次 等待 3 秒
2024-07-15 00:40:58 {"status":"bad","gid":"405021","msg":"添加失败！号码【1465898(-|-)】已存在！"}

2024-07-15 01:26:35 开始第 5997 次操作

2024-07-15 01:26:35 开始操作号码 【1465899】
2024-07-15 01:26:42 GSD getOne 第 1 次 等待 3 秒
2024-07-15 01:26:45 查询号码 【1465899】，返回信息 {"status":"ok","msg":"-","gid":"405006","time_insert":"2021-07-26 19:54"}
2024-07-15 01:26:46 查询号码 【1465899】，GSD为【"-"】
2024-07-15 01:26:46 ok && -
2024-07-15 01:31:46 CHB 1465899?1720978006 第 1 次 等待 3 秒
2024-07-15 01:31:49 CHB 1465899?1720978006 第 1 次 未获取到 等待 83 秒 下次操作: 2024-07-15 01:33:12
2024-07-15 01:33:14 CHB 1465899?1720978392 第 2 次 等待 3 秒
2024-07-15 01:33:17 CHB 1465899?1720978392 第 2 次 获取到号码【1465899】GSD
2024-07-15 01:33:17 未获取到号码【1465899】GSD，可能号码格式错误
2024-07-15 01:33:17 获取到号码【1465899】的GSD为【-】
2024-07-15 01:33:24 GSD insert 第 1 次 等待 3 秒
2024-07-15 01:33:27 {"status":"bad","gid":"405006","msg":"添加失败！号码【1465899(-|-)】已存在！"}
2024-07-15 01:33:27 随机等待 204 秒，约 3 分钟
2024-07-15 01:33:27 下次操作: 2024-07-15 01:36:51

2024-07-15 01:36:51 开始第 5998 次操作

2024-07-15 01:36:51 开始操作号码 【1465900】
2024-07-15 01:36:59 GSD getOne 第 1 次 等待 3 秒
2024-07-15 01:37:02 查询号码 【1465900】，返回信息 {"status":"ok","msg":"广东-广州","gid":"404994","time_insert":"2021-07-26 19:53"}
2024-07-15 01:37:02 查询号码 【1465900】，GSD为【"广东-广州"】

2024-07-15 01:37:03 开始第 5999 次操作

2024-07-15 01:37:03 开始操作号码 【1465901】
2024-07-15 01:37:11 GSD getOne 第 1 次 等待 3 秒
2024-07-15 01:37:14 查询号码 【1465901】，返回信息 {"status":"ok","msg":"广东-广州","gid":"404984","time_insert":"2021-07-26 19:52"}
2024-07-15 01:37:14 查询号码 【1465901】，GSD为【"广东-广州"】

2024-07-15 01:37:15 开始第 6000 次操作

2024-07-15 01:37:15 开始操作号码 【1465902】
2024-07-15 01:37:23 GSD getOne 第 1 次 等待 3 秒
2024-07-15 01:37:26 查询号码 【1465902】，返回信息 {"status":"ok","msg":"广东-广州","gid":"404972","time_insert":"2021-07-26 19:51"}
2024-07-15 01:37:26 查询号码 【1465902】，GSD为【"广东-广州"】

2024-07-15 01:49:05 开始第 6001 次操作

2024-07-15 01:49:05 开始操作号码 【1465903】
2024-07-15 01:49:13 GSD getOne 第 1 次 等待 3 秒
2024-07-15 01:49:16 查询号码 【1465903】，返回信息 {"status":"ok","msg":"广东-广州","gid":"404959","time_insert":"2021-07-26 19:50"}
2024-07-15 01:49:17 查询号码 【1465903】，GSD为【"广东-广州"】

2024-07-15 01:49:18 开始第 6002 次操作

2024-07-15 01:49:18 开始操作号码 【1465904】
2024-07-15 01:49:25 GSD getOne 第 1 次 等待 3 秒
2024-07-15 01:49:28 查询号码 【1465904】，返回信息 {"status":"ok","msg":"广东-广州","gid":"404948","time_insert":"2021-07-26 19:50"}
2024-07-15 01:49:28 查询号码 【1465904】，GSD为【"广东-广州"】

2024-07-15 01:49:29 开始第 6003 次操作

2024-07-15 01:49:29 开始操作号码 【1465905】
2024-07-15 01:49:37 GSD getOne 第 1 次 等待 3 秒
2024-07-15 01:49:40 查询号码 【1465905】，返回信息 {"status":"ok","msg":"广东-广州","gid":"404934","time_insert":"2021-07-26 19:48"}
2024-07-15 01:49:40 查询号码 【1465905】，GSD为【"广东-广州"】

2024-07-15 01:49:41 开始第 6004 次操作

2024-07-15 01:49:41 开始操作号码 【1465906】
2024-07-15 01:49:49 GSD getOne 第 1 次 等待 3 秒
2024-07-15 01:49:52 查询号码 【1465906】，返回信息 {"status":"ok","msg":"广东-广州","gid":"404922","time_insert":"2021-07-26 19:48"}
2024-07-15 01:49:52 查询号码 【1465906】，GSD为【"广东-广州"】

2024-07-15 02:34:36 开始第 6005 次操作

2024-07-15 02:34:36 开始操作号码 【1465907】
2024-07-15 02:34:45 GSD getOne 第 1 次 等待 3 秒
2024-07-15 02:34:48 查询号码 【1465907】，返回信息 {"status":"ok","msg":"广东-广州","gid":"404911","time_insert":"2021-07-26 19:47"}
2024-07-15 02:34:48 查询号码 【1465907】，GSD为【"广东-广州"】

2024-07-15 02:34:49 开始第 6006 次操作

2024-07-15 02:34:49 开始操作号码 【1465908】
2024-07-15 02:34:56 GSD getOne 第 1 次 等待 3 秒
2024-07-15 02:34:59 查询号码 【1465908】，返回信息 {"status":"ok","msg":"广东-广州","gid":"404898","time_insert":"2021-07-26 19:46"}
2024-07-15 02:34:59 查询号码 【1465908】，GSD为【"广东-广州"】

2024-07-15 02:35:00 开始第 6007 次操作

2024-07-15 02:35:00 开始操作号码 【1465909】
2024-07-15 02:35:08 GSD getOne 第 1 次 等待 3 秒
2024-07-15 02:35:11 查询号码 【1465909】，返回信息 {"status":"ok","msg":"广东-广州","gid":"404886","time_insert":"2021-07-26 19:45"}
2024-07-15 02:35:11 查询号码 【1465909】，GSD为【"广东-广州"】

2024-07-15 02:35:12 开始第 6008 次操作

2024-07-15 02:35:12 开始操作号码 【1465910】
2024-07-15 02:35:20 GSD getOne 第 1 次 等待 3 秒
2024-07-15 02:35:23 查询号码 【1465910】，返回信息 {"status":"ok","msg":"广东-广州","gid":"404874","time_insert":"2021-07-26 19:44","time_update":"2021-07-31 15:56"}
2024-07-15 02:35:23 查询号码 【1465910】，GSD为【"广东-广州"】

2024-07-15 03:16:42 开始第 6009 次操作

2024-07-15 03:16:42 开始操作号码 【1465911】
2024-07-15 03:16:50 GSD getOne 第 1 次 等待 3 秒
2024-07-15 03:16:53 查询号码 【1465911】，返回信息 {"status":"ok","msg":"广东-广州","gid":"404860","time_insert":"2021-07-26 19:43"}
2024-07-15 03:16:53 查询号码 【1465911】，GSD为【"广东-广州"】

2024-07-15 03:16:54 开始第 6010 次操作

2024-07-15 03:16:54 开始操作号码 【1465912】
2024-07-15 03:17:02 GSD getOne 第 1 次 等待 3 秒
2024-07-15 03:17:05 查询号码 【1465912】，返回信息 {"status":"ok","msg":"广东-广州","gid":"404850","time_insert":"2021-07-26 19:42"}
2024-07-15 03:17:05 查询号码 【1465912】，GSD为【"广东-广州"】

2024-07-15 03:17:06 开始第 6011 次操作

2024-07-15 03:17:06 开始操作号码 【1465913】
2024-07-15 03:17:14 GSD getOne 第 1 次 等待 3 秒
2024-07-15 03:17:17 查询号码 【1465913】，返回信息 {"status":"ok","msg":"广东-广州","gid":"404840","time_insert":"2021-07-26 19:42"}
2024-07-15 03:17:17 查询号码 【1465913】，GSD为【"广东-广州"】

2024-07-15 03:17:18 开始第 6012 次操作

2024-07-15 03:17:18 开始操作号码 【1465914】
2024-07-15 03:17:26 GSD getOne 第 1 次 等待 3 秒
2024-07-15 03:17:29 查询号码 【1465914】，返回信息 {"status":"ok","msg":"广东-广州","gid":"404827","time_insert":"2021-07-26 19:41"}
2024-07-15 03:17:29 查询号码 【1465914】，GSD为【"广东-广州"】

2024-07-15 03:37:56 开始第 6013 次操作

2024-07-15 03:37:56 开始操作号码 【1465915】
2024-07-15 03:38:04 GSD getOne 第 1 次 等待 3 秒
2024-07-15 03:38:07 查询号码 【1465915】，返回信息 {"status":"ok","msg":"广东-广州","gid":"404814","time_insert":"2021-07-26 19:40"}
2024-07-15 03:38:07 查询号码 【1465915】，GSD为【"广东-广州"】

2024-07-15 03:38:08 开始第 6014 次操作

2024-07-15 03:38:08 开始操作号码 【1465916】
2024-07-15 03:38:16 GSD getOne 第 1 次 等待 3 秒
2024-07-15 03:38:19 查询号码 【1465916】，返回信息 {"status":"ok","msg":"广东-广州","gid":"404802","time_insert":"2021-07-26 19:39"}
2024-07-15 03:38:19 查询号码 【1465916】，GSD为【"广东-广州"】

2024-07-15 03:38:20 开始第 6015 次操作

2024-07-15 03:38:20 开始操作号码 【1465917】
2024-07-15 03:38:28 GSD getOne 第 1 次 等待 3 秒
2024-07-15 03:38:31 查询号码 【1465917】，返回信息 {"status":"ok","msg":"广东-广州","gid":"404791","time_insert":"2021-07-26 19:39"}
2024-07-15 03:38:31 查询号码 【1465917】，GSD为【"广东-广州"】

2024-07-15 03:38:32 开始第 6016 次操作

2024-07-15 03:38:32 开始操作号码 【1465918】
2024-07-15 03:38:40 GSD getOne 第 1 次 等待 3 秒
2024-07-15 03:38:43 查询号码 【1465918】，返回信息 {"status":"ok","msg":"广东-广州","gid":"404775","time_insert":"2021-07-26 19:38"}
2024-07-15 03:38:43 查询号码 【1465918】，GSD为【"广东-广州"】

2024-07-15 04:18:29 开始第 6017 次操作

2024-07-15 04:18:29 开始操作号码 【1465919】
2024-07-15 04:18:38 GSD getOne 第 1 次 等待 3 秒
2024-07-15 04:18:41 查询号码 【1465919】，返回信息 {"status":"ok","msg":"广东-广州","gid":"404769","time_insert":"2021-07-26 19:37"}
2024-07-15 04:18:41 查询号码 【1465919】，GSD为【"广东-广州"】

2024-07-15 04:18:42 开始第 6018 次操作

2024-07-15 04:18:42 开始操作号码 【1465920】
2024-07-15 04:18:49 GSD getOne 第 1 次 等待 3 秒
2024-07-15 04:18:52 查询号码 【1465920】，返回信息 {"status":"ok","msg":"广东-广州","gid":"404739","time_insert":"2021-07-26 19:31"}
2024-07-15 04:18:52 查询号码 【1465920】，GSD为【"广东-广州"】

2024-07-15 04:18:53 开始第 6019 次操作

2024-07-15 04:18:53 开始操作号码 【1465921】
2024-07-15 04:19:01 GSD getOne 第 1 次 等待 3 秒
2024-07-15 04:19:04 查询号码 【1465921】，返回信息 {"status":"ok","msg":"广东-广州","gid":"404735","time_insert":"2021-07-26 19:30"}
2024-07-15 04:19:04 查询号码 【1465921】，GSD为【"广东-广州"】

2024-07-15 04:19:05 开始第 6020 次操作

2024-07-15 04:19:05 开始操作号码 【1465922】
2024-07-15 04:19:13 GSD getOne 第 1 次 等待 3 秒
2024-07-15 04:19:16 查询号码 【1465922】，返回信息 {"status":"ok","msg":"广东-广州","gid":"404730","time_insert":"2021-07-26 19:29"}
2024-07-15 04:19:16 查询号码 【1465922】，GSD为【"广东-广州"】

2024-07-15 04:37:41 开始第 6021 次操作

2024-07-15 04:37:41 开始操作号码 【1465923】
2024-07-15 04:37:49 GSD getOne 第 1 次 等待 3 秒
2024-07-15 04:37:52 查询号码 【1465923】，返回信息 {"status":"ok","msg":"广东-广州","gid":"404728","time_insert":"2021-07-26 19:28"}
2024-07-15 04:37:52 查询号码 【1465923】，GSD为【"广东-广州"】

2024-07-15 04:37:53 开始第 6022 次操作

2024-07-15 04:37:53 开始操作号码 【1465924】
2024-07-15 04:38:01 GSD getOne 第 1 次 等待 3 秒
2024-07-15 04:38:04 查询号码 【1465924】，返回信息 {"status":"ok","msg":"广东-广州","gid":"404725","time_insert":"2021-07-26 19:28"}
2024-07-15 04:38:04 查询号码 【1465924】，GSD为【"广东-广州"】

2024-07-15 04:38:05 开始第 6023 次操作

2024-07-15 04:38:05 开始操作号码 【1465925】
2024-07-15 04:38:13 GSD getOne 第 1 次 等待 3 秒
2024-07-15 04:38:16 查询号码 【1465925】，返回信息 {"status":"ok","msg":"广东-广州","gid":"404722","time_insert":"2021-07-26 19:27"}
2024-07-15 04:38:16 查询号码 【1465925】，GSD为【"广东-广州"】

2024-07-15 04:38:17 开始第 6024 次操作

2024-07-15 04:38:17 开始操作号码 【1465926】
2024-07-15 04:38:25 GSD getOne 第 1 次 等待 3 秒
2024-07-15 04:38:28 查询号码 【1465926】，返回信息 {"status":"ok","msg":"广东-广州","gid":"404718","time_insert":"2021-07-26 19:26"}
2024-07-15 04:38:28 查询号码 【1465926】，GSD为【"广东-广州"】

2024-07-15 05:16:54 开始第 6025 次操作

2024-07-15 05:16:54 开始操作号码 【1465927】
2024-07-15 05:17:01 GSD getOne 第 1 次 等待 3 秒
2024-07-15 05:17:04 查询号码 【1465927】，返回信息 {"status":"ok","msg":"广东-广州","gid":"404715","time_insert":"2021-07-26 19:25"}
2024-07-15 05:17:04 查询号码 【1465927】，GSD为【"广东-广州"】

2024-07-15 05:17:05 开始第 6026 次操作

2024-07-15 05:17:05 开始操作号码 【1465928】
2024-07-15 05:17:13 GSD getOne 第 1 次 等待 3 秒
2024-07-15 05:17:16 查询号码 【1465928】，返回信息 {"status":"ok","msg":"广东-广州","gid":"404710","time_insert":"2021-07-26 19:24"}
2024-07-15 05:17:16 查询号码 【1465928】，GSD为【"广东-广州"】

2024-07-15 05:17:17 开始第 6027 次操作

2024-07-15 05:17:17 开始操作号码 【1465929】
2024-07-15 05:17:24 GSD getOne 第 1 次 等待 3 秒
2024-07-15 05:17:27 查询号码 【1465929】，返回信息 {"status":"ok","msg":"广东-广州","gid":"404706","time_insert":"2021-07-26 19:23"}
2024-07-15 05:17:27 查询号码 【1465929】，GSD为【"广东-广州"】

2024-07-15 05:17:28 开始第 6028 次操作

2024-07-15 05:17:28 开始操作号码 【1465930】
2024-07-15 05:17:35 GSD getOne 第 1 次 等待 3 秒
2024-07-15 05:17:38 查询号码 【1465930】，返回信息 {"status":"ok","msg":"广东-广州","gid":"404701","time_insert":"2021-07-26 19:22"}
2024-07-15 05:17:38 查询号码 【1465930】，GSD为【"广东-广州"】

2024-07-15 05:38:19 开始第 6029 次操作

2024-07-15 05:38:19 开始操作号码 【1465931】
2024-07-15 05:38:26 GSD getOne 第 1 次 等待 3 秒
2024-07-15 05:38:29 查询号码 【1465931】，返回信息 {"status":"ok","msg":"广东-广州","gid":"404691","time_insert":"2021-07-26 19:22"}
2024-07-15 05:38:30 查询号码 【1465931】，GSD为【"广东-广州"】

2024-07-15 05:38:31 开始第 6030 次操作

2024-07-15 05:38:31 开始操作号码 【1465932】
2024-07-15 05:38:38 GSD getOne 第 1 次 等待 3 秒
2024-07-15 05:38:41 查询号码 【1465932】，返回信息 {"status":"ok","msg":"广东-广州","gid":"404679","time_insert":"2021-07-26 19:21"}
2024-07-15 05:38:41 查询号码 【1465932】，GSD为【"广东-广州"】

2024-07-15 05:38:42 开始第 6031 次操作

2024-07-15 05:38:42 开始操作号码 【1465933】
2024-07-15 05:38:50 GSD getOne 第 1 次 等待 3 秒
2024-07-15 05:38:53 查询号码 【1465933】，返回信息 {"status":"ok","msg":"广东-广州","gid":"404667","time_insert":"2021-07-26 19:20"}
2024-07-15 05:38:53 查询号码 【1465933】，GSD为【"广东-广州"】

2024-07-15 05:38:54 开始第 6032 次操作

2024-07-15 05:38:54 开始操作号码 【1465934】
2024-07-15 05:39:02 GSD getOne 第 1 次 等待 3 秒
2024-07-15 05:39:05 查询号码 【1465934】，返回信息 {"status":"ok","msg":"广东-广州","gid":"404654","time_insert":"2021-07-26 19:19"}
2024-07-15 05:39:05 查询号码 【1465934】，GSD为【"广东-广州"】

2024-07-15 06:17:56 开始第 6033 次操作

2024-07-15 06:17:56 开始操作号码 【1465935】
2024-07-15 06:18:03 GSD getOne 第 1 次 等待 3 秒
2024-07-15 06:18:06 查询号码 【1465935】，返回信息 {"status":"ok","msg":"广东-广州","gid":"404637","time_insert":"2021-07-26 19:18"}
2024-07-15 06:18:07 查询号码 【1465935】，GSD为【"广东-广州"】

2024-07-15 06:18:08 开始第 6034 次操作

2024-07-15 06:18:08 开始操作号码 【1465936】
2024-07-15 06:18:15 GSD getOne 第 1 次 等待 3 秒
2024-07-15 06:18:18 查询号码 【1465936】，返回信息 {"status":"ok","msg":"广东-广州","gid":"404626","time_insert":"2021-07-26 19:17"}
2024-07-15 06:18:19 查询号码 【1465936】，GSD为【"广东-广州"】

2024-07-15 06:18:20 开始第 6035 次操作

2024-07-15 06:18:20 开始操作号码 【1465937】
2024-07-15 06:18:27 GSD getOne 第 1 次 等待 3 秒
2024-07-15 06:18:30 查询号码 【1465937】，返回信息 {"status":"ok","msg":"广东-广州","gid":"404611","time_insert":"2021-07-26 19:17"}
2024-07-15 06:18:30 查询号码 【1465937】，GSD为【"广东-广州"】

2024-07-15 06:18:31 开始第 6036 次操作

2024-07-15 06:18:31 开始操作号码 【1465938】
2024-07-15 06:18:40 GSD getOne 第 1 次 等待 3 秒
2024-07-15 06:18:43 查询号码 【1465938】，返回信息 {"status":"ok","msg":"广东-广州","gid":"404594","time_insert":"2021-07-26 19:16"}
2024-07-15 06:18:43 查询号码 【1465938】，GSD为【"广东-广州"】

2024-07-15 06:38:30 开始第 6037 次操作

2024-07-15 06:38:30 开始操作号码 【1465939】
2024-07-15 06:38:38 GSD getOne 第 1 次 等待 3 秒
2024-07-15 06:38:41 查询号码 【1465939】，返回信息 {"status":"ok","msg":"广东-广州","gid":"404578","time_insert":"2021-07-26 19:15"}
2024-07-15 06:38:41 查询号码 【1465939】，GSD为【"广东-广州"】

2024-07-15 06:38:42 开始第 6038 次操作

2024-07-15 06:38:42 开始操作号码 【1465940】
2024-07-15 06:38:50 GSD getOne 第 1 次 等待 3 秒
2024-07-15 06:38:53 查询号码 【1465940】，返回信息 {"status":"ok","msg":"广东-广州","gid":"404563","time_insert":"2021-07-26 19:14"}
2024-07-15 06:38:53 查询号码 【1465940】，GSD为【"广东-广州"】

2024-07-15 06:38:54 开始第 6039 次操作

2024-07-15 06:38:54 开始操作号码 【1465941】
2024-07-15 06:39:02 GSD getOne 第 1 次 等待 3 秒
2024-07-15 06:39:05 查询号码 【1465941】，返回信息 {"status":"ok","msg":"广东-广州","gid":"404548","time_insert":"2021-07-26 19:13"}
2024-07-15 06:39:05 查询号码 【1465941】，GSD为【"广东-广州"】

2024-07-15 06:39:06 开始第 6040 次操作

2024-07-15 06:39:06 开始操作号码 【1465942】
2024-07-15 06:39:13 GSD getOne 第 1 次 等待 3 秒
2024-07-15 06:39:16 查询号码 【1465942】，返回信息 {"status":"ok","msg":"广东-广州","gid":"404531","time_insert":"2021-07-26 19:12"}
2024-07-15 06:39:17 查询号码 【1465942】，GSD为【"广东-广州"】

